<?xml version="1.0" encoding="utf-8"?>
<TestRun id="a5695386-bf24-46da-b505-98737ac94da0" name="sferrari@PC-SFERRARI 2021-06-23 10:12:19" runUser="PC-SFERRARI\sferrari" xmlns="http://microsoft.com/schemas/VisualStudio/TeamTest/2010">
  <Times creation="2021-06-23T10:12:19.6971123+02:00" queuing="2021-06-23T10:12:19.6971123+02:00" start="2021-06-23T10:12:18.3128118+02:00" finish="2021-06-23T10:12:20.2296883+02:00" />
  <TestSettings name="default" id="5ee51cce-b57e-453d-87ce-7a9d4ca12242">
    <Deployment runDeploymentRoot="sferrari_PC-SFERRARI_2021-06-23_10_12_19" />
  </TestSettings>
  <Results>
    <UnitTestResult executionId="d1e10a25-66b2-4a3e-bac3-05cec25022db" testId="3da4ed24-310c-45da-85b3-5a874cfb0b4b" testName="OperatorEqual_Passing_Valid_Distinct_Values_Returns_False (San Bartoleme De Tirajana,Las Palmas,España)" computerName="PC-SFERRARI" duration="00:00:00.0003493" startTime="2021-06-23T10:12:19.9072713+02:00" endTime="2021-06-23T10:12:19.9077235+02:00" testType="13cdc9d9-ddb5-4fa4-a97d-d965ccfc6d4b" outcome="Passed" testListId="8c84fa94-04c1-424b-9868-57a2d4851a1d" relativeResultsDirectory="d1e10a25-66b2-4a3e-bac3-05cec25022db" />
    <UnitTestResult executionId="7e811dd3-055d-4795-9cca-77d79896474a" testId="ddeed30a-9d92-41ed-9bd9-5fb09be93225" testName="Equals_Passing_Valid_Distinct_Values_Returns_False (San Bartoleme De Tirajana,Las Palmas,España)" computerName="PC-SFERRARI" duration="00:00:00.0016174" startTime="2021-06-23T10:12:19.9002718+02:00" endTime="2021-06-23T10:12:19.9019870+02:00" testType="13cdc9d9-ddb5-4fa4-a97d-d965ccfc6d4b" outcome="Passed" testListId="8c84fa94-04c1-424b-9868-57a2d4851a1d" relativeResultsDirectory="7e811dd3-055d-4795-9cca-77d79896474a" />
    <UnitTestResult executionId="84337c71-1cca-4b8c-aa7f-57000d5e7cfc" testId="f489ffbc-2fc0-4092-a5a0-4005bcb0ea1a" testName="Change_Passing_Valid_Values_Returns_Name" computerName="PC-SFERRARI" duration="00:00:00.0009922" startTime="2021-06-23T10:12:19.9783218+02:00" endTime="2021-06-23T10:12:19.9798968+02:00" testType="13cdc9d9-ddb5-4fa4-a97d-d965ccfc6d4b" outcome="Passed" testListId="8c84fa94-04c1-424b-9868-57a2d4851a1d" relativeResultsDirectory="84337c71-1cca-4b8c-aa7f-57000d5e7cfc" />
    <UnitTestResult executionId="50b13b17-b1d4-4cea-af51-8f06e6b21151" testId="66c55764-3811-4aa0-9496-022418451a5f" testName="OperatorNotEqual_Passing_Valid_Values_Returns_True (200,EUR,4)" computerName="PC-SFERRARI" duration="00:00:00.0005848" startTime="2021-06-23T10:12:19.9680538+02:00" endTime="2021-06-23T10:12:19.9687019+02:00" testType="13cdc9d9-ddb5-4fa4-a97d-d965ccfc6d4b" outcome="Passed" testListId="8c84fa94-04c1-424b-9868-57a2d4851a1d" relativeResultsDirectory="50b13b17-b1d4-4cea-af51-8f06e6b21151" />
    <UnitTestResult executionId="a4017071-046e-489a-8575-b6970c29ef94" testId="779e573b-756b-4da0-9828-265e0ba577b9" testName="Create_Passing_Valid_Values_Returns_Address (Tenerife,23,34567,San Bartoleme De Tirajana,Las Palmas,España)" computerName="PC-SFERRARI" duration="00:00:00.0002752" startTime="2021-06-23T10:12:19.7552734+02:00" endTime="2021-06-23T10:12:19.7556115+02:00" testType="13cdc9d9-ddb5-4fa4-a97d-d965ccfc6d4b" outcome="Passed" testListId="8c84fa94-04c1-424b-9868-57a2d4851a1d" relativeResultsDirectory="a4017071-046e-489a-8575-b6970c29ef94" />
    <UnitTestResult executionId="1e388704-0a5a-480b-b057-81a005ad1d84" testId="1529e3e9-3864-4473-9e64-8b317873e598" testName="Create_Passing_InvalidOrNull_Value_Returns_ApplicationException (,Barcelona,España)" computerName="PC-SFERRARI" duration="00:00:00.0015014" startTime="2021-06-23T10:12:19.8965151+02:00" endTime="2021-06-23T10:12:19.8981674+02:00" testType="13cdc9d9-ddb5-4fa4-a97d-d965ccfc6d4b" outcome="Passed" testListId="8c84fa94-04c1-424b-9868-57a2d4851a1d" relativeResultsDirectory="1e388704-0a5a-480b-b057-81a005ad1d84" />
    <UnitTestResult executionId="fd93cee8-7c3e-443b-b013-ebefc7fd30c0" testId="bed68130-27ca-4fe4-b554-4e1c0405068e" testName="OperatorNotEqual_Passing_Valid_Values_Returns_True (Españá)" computerName="PC-SFERRARI" duration="00:00:00.0000215" startTime="2021-06-23T10:12:20.0158978+02:00" endTime="2021-06-23T10:12:20.0160051+02:00" testType="13cdc9d9-ddb5-4fa4-a97d-d965ccfc6d4b" outcome="Passed" testListId="8c84fa94-04c1-424b-9868-57a2d4851a1d" relativeResultsDirectory="fd93cee8-7c3e-443b-b013-ebefc7fd30c0" />
    <UnitTestResult executionId="269d9108-b553-429e-8230-aed4d3f9570f" testId="0badaa70-150e-45c9-a0d2-3d621f89188a" testName="OperatorEqual_Passing_Valid_Distinct_Values_Returns_False (34fsds@sdd.fgg)" computerName="PC-SFERRARI" duration="00:00:00.0000463" startTime="2021-06-23T10:12:19.8616503+02:00" endTime="2021-06-23T10:12:19.8618205+02:00" testType="13cdc9d9-ddb5-4fa4-a97d-d965ccfc6d4b" outcome="Passed" testListId="8c84fa94-04c1-424b-9868-57a2d4851a1d" relativeResultsDirectory="269d9108-b553-429e-8230-aed4d3f9570f" />
    <UnitTestResult executionId="c478e438-69d7-4054-bb7a-1a1bdef4962d" testId="a602b2a5-a369-4db1-acf4-c8389f393fd7" testName="OperatorNotEqual_Passing_Valid_Values_Returns_True (Españà)" computerName="PC-SFERRARI" duration="00:00:00.0000262" startTime="2021-06-23T10:12:20.0160663+02:00" endTime="2021-06-23T10:12:20.0162137+02:00" testType="13cdc9d9-ddb5-4fa4-a97d-d965ccfc6d4b" outcome="Passed" testListId="8c84fa94-04c1-424b-9868-57a2d4851a1d" relativeResultsDirectory="c478e438-69d7-4054-bb7a-1a1bdef4962d" />
    <UnitTestResult executionId="5040a1da-1c02-4058-ae78-a7b31df652a8" testId="368d4ad0-7a6b-4394-9794-f5f41b72ec4d" testName="ToFullString_Passing_Valid_Values_Returns_Value_String_Format (Sabadell,Barcelona,España)" computerName="PC-SFERRARI" duration="00:00:00.0000317" startTime="2021-06-23T10:12:19.9178526+02:00" endTime="2021-06-23T10:12:19.9180075+02:00" testType="13cdc9d9-ddb5-4fa4-a97d-d965ccfc6d4b" outcome="Passed" testListId="8c84fa94-04c1-424b-9868-57a2d4851a1d" relativeResultsDirectory="5040a1da-1c02-4058-ae78-a7b31df652a8" />
    <UnitTestResult executionId="bd7f08c8-1a71-4a9d-a6c2-a8d7d1096198" testId="2a36c97b-2f43-44b1-996b-8de75e1277de" testName="Create_Passing_Valid_Values_Returns_Address (100,EUR,2)" computerName="PC-SFERRARI" duration="00:00:00.0006710" startTime="2021-06-23T10:12:19.9395638+02:00" endTime="2021-06-23T10:12:19.9403622+02:00" testType="13cdc9d9-ddb5-4fa4-a97d-d965ccfc6d4b" outcome="Passed" testListId="8c84fa94-04c1-424b-9868-57a2d4851a1d" relativeResultsDirectory="bd7f08c8-1a71-4a9d-a6c2-a8d7d1096198" />
    <UnitTestResult executionId="1fd4af87-62fd-4918-80f8-d22198c98e83" testId="0a9a0c81-3ca4-44c3-903a-956c42e5d741" testName="ToEnum_Passing_Invalid_String_Name_Enumeracion_Returns_Null" computerName="PC-SFERRARI" duration="00:00:00.0002538" startTime="2021-06-23T10:12:19.6989723+02:00" endTime="2021-06-23T10:12:19.6993206+02:00" testType="13cdc9d9-ddb5-4fa4-a97d-d965ccfc6d4b" outcome="Passed" testListId="8c84fa94-04c1-424b-9868-57a2d4851a1d" relativeResultsDirectory="1fd4af87-62fd-4918-80f8-d22198c98e83" />
    <UnitTestResult executionId="b33a0204-f75d-4aee-a153-5dd71e9a4c55" testId="ecfa7b5e-b3ca-4b3f-a64f-f8eeff7a88b9" testName="IsNull_Passing_Valid_Value_Returns_False (España)" computerName="PC-SFERRARI" duration="00:00:00.0003266" startTime="2021-06-23T10:12:19.9921699+02:00" endTime="2021-06-23T10:12:19.9926018+02:00" testType="13cdc9d9-ddb5-4fa4-a97d-d965ccfc6d4b" outcome="Passed" testListId="8c84fa94-04c1-424b-9868-57a2d4851a1d" relativeResultsDirectory="b33a0204-f75d-4aee-a153-5dd71e9a4c55" />
    <UnitTestResult executionId="c0347475-4c35-4bde-8e28-fb8b5c895205" testId="00fb32a4-cee0-4125-a334-67f603166d2a" testName="Create_Passing_Valid_Values_Returns_Name (Españá)" computerName="PC-SFERRARI" duration="00:00:00.0000098" startTime="2021-06-23T10:12:19.9807886+02:00" endTime="2021-06-23T10:12:19.9808494+02:00" testType="13cdc9d9-ddb5-4fa4-a97d-d965ccfc6d4b" outcome="Passed" testListId="8c84fa94-04c1-424b-9868-57a2d4851a1d" relativeResultsDirectory="c0347475-4c35-4bde-8e28-fb8b5c895205" />
    <UnitTestResult executionId="a9ce1e78-89d8-400e-a857-d87d94084331" testId="5e4ad81c-0639-414c-a6de-412d6506c021" testName="IsMasterCard_Passing_Nothing_Returns_True" computerName="PC-SFERRARI" duration="00:00:00.0004300" startTime="2021-06-23T10:12:19.6119683+02:00" endTime="2021-06-23T10:12:19.6125601+02:00" testType="13cdc9d9-ddb5-4fa4-a97d-d965ccfc6d4b" outcome="Passed" testListId="8c84fa94-04c1-424b-9868-57a2d4851a1d" relativeResultsDirectory="a9ce1e78-89d8-400e-a857-d87d94084331" />
    <UnitTestResult executionId="e7bc45ff-a2af-46fc-996d-89952f055542" testId="fb34958a-6511-46a0-9636-1cb575f0032b" testName="IsNull_Passing_Valid_Value_Returns_False (app.hackerone1.com)" computerName="PC-SFERRARI" duration="00:00:00.0003101" startTime="2021-06-23T10:12:20.0619234+02:00" endTime="2021-06-23T10:12:20.0633731+02:00" testType="13cdc9d9-ddb5-4fa4-a97d-d965ccfc6d4b" outcome="Passed" testListId="8c84fa94-04c1-424b-9868-57a2d4851a1d" relativeResultsDirectory="e7bc45ff-a2af-46fc-996d-89952f055542" />
    <UnitTestResult executionId="97f678b5-8c83-4510-8592-73774fd3bff7" testId="9eae8b2e-fd2f-4548-b9ad-126b6893fbcb" testName="OperatorNotEqual_Passing_Valid_Values_Returns_True (Tenerife,23,34567,San Bartoleme De Tirajana,Las Palmas,España)" computerName="PC-SFERRARI" duration="00:00:00.0003099" startTime="2021-06-23T10:12:19.7662359+02:00" endTime="2021-06-23T10:12:19.7666446+02:00" testType="13cdc9d9-ddb5-4fa4-a97d-d965ccfc6d4b" outcome="Passed" testListId="8c84fa94-04c1-424b-9868-57a2d4851a1d" relativeResultsDirectory="97f678b5-8c83-4510-8592-73774fd3bff7" />
    <UnitTestResult executionId="c1696f1d-838c-46ca-9c17-6d00da808946" testId="7da63871-b4e6-4c6f-8fdd-e8581518ee85" testName="GetAll_Passing_Nothing_Returns_Enumeracion_List" computerName="PC-SFERRARI" duration="00:00:00.0120976" startTime="2021-06-23T10:12:19.5128086+02:00" endTime="2021-06-23T10:12:19.5982512+02:00" testType="13cdc9d9-ddb5-4fa4-a97d-d965ccfc6d4b" outcome="Passed" testListId="8c84fa94-04c1-424b-9868-57a2d4851a1d" relativeResultsDirectory="c1696f1d-838c-46ca-9c17-6d00da808946" />
    <UnitTestResult executionId="cc384487-c840-4f49-9a69-eab71d49d31c" testId="60e6e378-34cd-4ea2-9beb-e788c5bb7367" testName="OperatorEqual_Passing_Valid_Distinct_Values_Returns_False (España)" computerName="PC-SFERRARI" duration="00:00:00.0002874" startTime="2021-06-23T10:12:19.9985970+02:00" endTime="2021-06-23T10:12:19.9989601+02:00" testType="13cdc9d9-ddb5-4fa4-a97d-d965ccfc6d4b" outcome="Passed" testListId="8c84fa94-04c1-424b-9868-57a2d4851a1d" relativeResultsDirectory="cc384487-c840-4f49-9a69-eab71d49d31c" />
    <UnitTestResult executionId="cac40f8c-f1ef-4e30-a971-c83b5e1920ef" testId="788fcaf1-c5b9-41ed-a04c-8a3615294b79" testName="OperatorNotEqual_Passing_Valid_Values_Returns_False (www.hackerone-com)" computerName="PC-SFERRARI" duration="00:00:00.0000286" startTime="2021-06-23T10:12:20.0693339+02:00" endTime="2021-06-23T10:12:20.0694494+02:00" testType="13cdc9d9-ddb5-4fa4-a97d-d965ccfc6d4b" outcome="Passed" testListId="8c84fa94-04c1-424b-9868-57a2d4851a1d" relativeResultsDirectory="cac40f8c-f1ef-4e30-a971-c83b5e1920ef" />
    <UnitTestResult executionId="16b34968-183a-432b-8007-b70a45dff9cd" testId="5dfc83ca-ac41-4a98-b8a3-5bc2dd08d148" testName="OperatorEqual_Passing_Valid_Values_Returns_True (D45,86554654)" computerName="PC-SFERRARI" duration="00:00:00.0000238" startTime="2021-06-23T10:12:20.0909766+02:00" endTime="2021-06-23T10:12:20.0911113+02:00" testType="13cdc9d9-ddb5-4fa4-a97d-d965ccfc6d4b" outcome="Passed" testListId="8c84fa94-04c1-424b-9868-57a2d4851a1d" relativeResultsDirectory="16b34968-183a-432b-8007-b70a45dff9cd" />
    <UnitTestResult executionId="b089d8de-63d2-4331-bcb0-04d236d8d191" testId="e8e526ce-7f3d-436b-8bdf-6e256f028470" testName="ToEnum_Passing_Invalid_Int_Name_Enumeracion_Returns_Null" computerName="PC-SFERRARI" duration="00:00:00.0017156" startTime="2021-06-23T10:12:19.7282019+02:00" endTime="2021-06-23T10:12:19.7300814+02:00" testType="13cdc9d9-ddb5-4fa4-a97d-d965ccfc6d4b" outcome="Passed" testListId="8c84fa94-04c1-424b-9868-57a2d4851a1d" relativeResultsDirectory="b089d8de-63d2-4331-bcb0-04d236d8d191" />
    <UnitTestResult executionId="96f35ab8-0c8c-4dc3-bddf-e1b554f047ae" testId="3d2f4419-fe8f-4aab-bf09-aa9466d805b4" testName="Create_Passing_Valid_Values_Returns_Subdomain (stage_hackerone.com)" computerName="PC-SFERRARI" duration="00:00:00.0000138" startTime="2021-06-23T10:12:20.0558319+02:00" endTime="2021-06-23T10:12:20.0559057+02:00" testType="13cdc9d9-ddb5-4fa4-a97d-d965ccfc6d4b" outcome="Passed" testListId="8c84fa94-04c1-424b-9868-57a2d4851a1d" relativeResultsDirectory="96f35ab8-0c8c-4dc3-bddf-e1b554f047ae" />
    <UnitTestResult executionId="36bb61ab-8a3d-4ece-a99c-ec9241e12e91" testId="5d0ac45c-337f-4185-905b-f071768fa09b" testName="OperatorEqual_Passing_Valid_Distinct_Values_Returns_False (Esp añâ)" computerName="PC-SFERRARI" duration="00:00:00.0000169" startTime="2021-06-23T10:12:20.0026791+02:00" endTime="2021-06-23T10:12:20.0027570+02:00" testType="13cdc9d9-ddb5-4fa4-a97d-d965ccfc6d4b" outcome="Passed" testListId="8c84fa94-04c1-424b-9868-57a2d4851a1d" relativeResultsDirectory="36bb61ab-8a3d-4ece-a99c-ec9241e12e91" />
    <UnitTestResult executionId="6ae4c21d-e0ef-459e-918f-ade7d25464e6" testId="fe7006e9-8e6d-43f2-a2a6-2dd18a84a35f" testName="Equals_Passing_Valid_Values_Returns_True (Sabadell)" computerName="PC-SFERRARI" duration="00:00:00.0000109" startTime="2021-06-23T10:12:20.0397772+02:00" endTime="2021-06-23T10:12:20.0398716+02:00" testType="13cdc9d9-ddb5-4fa4-a97d-d965ccfc6d4b" outcome="Passed" testListId="8c84fa94-04c1-424b-9868-57a2d4851a1d" relativeResultsDirectory="6ae4c21d-e0ef-459e-918f-ade7d25464e6" />
    <UnitTestResult executionId="c0a97b8e-704f-4c4a-9238-babeb304d270" testId="f5fe6378-d036-489f-a228-5dabfbb4aff6" testName="OperatorEqual_Passing_Valid_Values_Returns_True (Españä)" computerName="PC-SFERRARI" duration="00:00:00.0000191" startTime="2021-06-23T10:12:20.0035721+02:00" endTime="2021-06-23T10:12:20.0036555+02:00" testType="13cdc9d9-ddb5-4fa4-a97d-d965ccfc6d4b" outcome="Passed" testListId="8c84fa94-04c1-424b-9868-57a2d4851a1d" relativeResultsDirectory="c0a97b8e-704f-4c4a-9238-babeb304d270" />
    <UnitTestResult executionId="4c7c9e3f-9ba2-461a-a83f-0898621a346b" testId="221a8b3c-cb3a-454a-9e8c-48c516fb84d6" testName="OperatorNotEqual_Passing_Valid_Values_Returns_False (Tenerife,23,34567,San Bartoleme De Tirajana,Las Palmas,España)" computerName="PC-SFERRARI" duration="00:00:00.0004651" startTime="2021-06-23T10:12:19.7652805+02:00" endTime="2021-06-23T10:12:19.7658387+02:00" testType="13cdc9d9-ddb5-4fa4-a97d-d965ccfc6d4b" outcome="Passed" testListId="8c84fa94-04c1-424b-9868-57a2d4851a1d" relativeResultsDirectory="4c7c9e3f-9ba2-461a-a83f-0898621a346b" />
    <UnitTestResult executionId="bbd6c587-387e-4bbd-a13b-322df5135ff1" testId="1b242159-73ab-44a1-aa11-12df01c6db0e" testName="OperatorNotEqual_Passing_Valid_Values_Returns_False (Españä)" computerName="PC-SFERRARI" duration="00:00:00.0000185" startTime="2021-06-23T10:12:20.0106000+02:00" endTime="2021-06-23T10:12:20.0106848+02:00" testType="13cdc9d9-ddb5-4fa4-a97d-d965ccfc6d4b" outcome="Passed" testListId="8c84fa94-04c1-424b-9868-57a2d4851a1d" relativeResultsDirectory="bbd6c587-387e-4bbd-a13b-322df5135ff1" />
    <UnitTestResult executionId="87c02d61-9592-42b8-91f0-6bd71f4bd0c4" testId="9ef8ed19-f44d-43f4-967f-8f239d3e09eb" testName="ToEnum_Passing_Invalid_String_Name_Returns_Null" computerName="PC-SFERRARI" duration="00:00:00.0002675" startTime="2021-06-23T10:12:19.7204160+02:00" endTime="2021-06-23T10:12:19.7207879+02:00" testType="13cdc9d9-ddb5-4fa4-a97d-d965ccfc6d4b" outcome="Passed" testListId="8c84fa94-04c1-424b-9868-57a2d4851a1d" relativeResultsDirectory="87c02d61-9592-42b8-91f0-6bd71f4bd0c4" />
    <UnitTestResult executionId="e62faeb8-ae98-48a9-8701-5fa837959d52" testId="2736222d-3ee2-49aa-95ba-3580ceeb6d16" testName="Create_Passing_InvalidOrNull_Value_Returns_ApplicationException (4324324,0)" computerName="PC-SFERRARI" duration="00:00:00.0000641" startTime="2021-06-23T10:12:20.0766688+02:00" endTime="2021-06-23T10:12:20.0768013+02:00" testType="13cdc9d9-ddb5-4fa4-a97d-d965ccfc6d4b" outcome="Passed" testListId="8c84fa94-04c1-424b-9868-57a2d4851a1d" relativeResultsDirectory="e62faeb8-ae98-48a9-8701-5fa837959d52" />
    <UnitTestResult executionId="c246c46d-d9fa-479d-bd41-7e20440caecc" testId="8047feb4-7b5c-4031-96b3-cd1c53b45989" testName="OperatorEqual_Passing_Valid_Values_Returns_True (Sabadell,Barcelona,España)" computerName="PC-SFERRARI" duration="00:00:00.0000217" startTime="2021-06-23T10:12:19.9083951+02:00" endTime="2021-06-23T10:12:19.9084734+02:00" testType="13cdc9d9-ddb5-4fa4-a97d-d965ccfc6d4b" outcome="Passed" testListId="8c84fa94-04c1-424b-9868-57a2d4851a1d" relativeResultsDirectory="c246c46d-d9fa-479d-bd41-7e20440caecc" />
    <UnitTestResult executionId="0533f897-7588-432d-8408-efd92a96c63d" testId="3645a2f1-6db4-4c04-afc5-23dfb04afe6a" testName="OperatorNotEqual_Passing_Valid_Values_Returns_True (San Bartoleme De Tirajana)" computerName="PC-SFERRARI" duration="00:00:00.0001357" startTime="2021-06-23T10:12:20.0436846+02:00" endTime="2021-06-23T10:12:20.0438647+02:00" testType="13cdc9d9-ddb5-4fa4-a97d-d965ccfc6d4b" outcome="Passed" testListId="8c84fa94-04c1-424b-9868-57a2d4851a1d" relativeResultsDirectory="0533f897-7588-432d-8408-efd92a96c63d" />
    <UnitTestResult executionId="7c818829-c7cc-49f0-9b14-c5af0dcb2e71" testId="579b2006-4ae4-4206-98d8-3f5a0e98c26c" testName="Equals_Passing_Valid_Values_Returns_True (200,EUR,4)" computerName="PC-SFERRARI" duration="00:00:00.0002952" startTime="2021-06-23T10:12:19.9537226+02:00" endTime="2021-06-23T10:12:19.9540889+02:00" testType="13cdc9d9-ddb5-4fa4-a97d-d965ccfc6d4b" outcome="Passed" testListId="8c84fa94-04c1-424b-9868-57a2d4851a1d" relativeResultsDirectory="7c818829-c7cc-49f0-9b14-c5af0dcb2e71" />
    <UnitTestResult executionId="42839f80-c6ad-4577-9d09-a700cd1d9860" testId="0c0261b5-300a-4771-be68-fe3311030a43" testName="IsVisa_Passing_Nothing_Returns_True" computerName="PC-SFERRARI" duration="00:00:00.0002995" startTime="2021-06-23T10:12:19.6126370+02:00" endTime="2021-06-23T10:12:19.6130541+02:00" testType="13cdc9d9-ddb5-4fa4-a97d-d965ccfc6d4b" outcome="Passed" testListId="8c84fa94-04c1-424b-9868-57a2d4851a1d" relativeResultsDirectory="42839f80-c6ad-4577-9d09-a700cd1d9860" />
    <UnitTestResult executionId="9ee8ed9e-2cec-4bd0-aadd-35701716a1ea" testId="f1aa9c67-e8b7-4a7b-b681-a1332f912f9b" testName="IsNull_Passing_Valid_Value_Returns_False (www.hackerone-com)" computerName="PC-SFERRARI" duration="00:00:00.0000209" startTime="2021-06-23T10:12:20.0634929+02:00" endTime="2021-06-23T10:12:20.0636278+02:00" testType="13cdc9d9-ddb5-4fa4-a97d-d965ccfc6d4b" outcome="Passed" testListId="8c84fa94-04c1-424b-9868-57a2d4851a1d" relativeResultsDirectory="9ee8ed9e-2cec-4bd0-aadd-35701716a1ea" />
    <UnitTestResult executionId="1293eade-51b6-462e-8d8e-8949b826cdcd" testId="6f81f474-e581-4435-a833-54b4aaf8752d" testName="ToString_Passing_Valid_Values_Returns_Value_String_Format (San Bartoleme De Tirajana,Las Palmas)" computerName="PC-SFERRARI" duration="00:00:00.0005578" startTime="2021-06-23T10:12:19.9180914+02:00" endTime="2021-06-23T10:12:19.9187308+02:00" testType="13cdc9d9-ddb5-4fa4-a97d-d965ccfc6d4b" outcome="Passed" testListId="8c84fa94-04c1-424b-9868-57a2d4851a1d" relativeResultsDirectory="1293eade-51b6-462e-8d8e-8949b826cdcd" />
    <UnitTestResult executionId="3b378f5e-621d-4681-9460-604831a02b65" testId="969fd9ae-274d-4f6a-a85e-8c3d512c1cfa" testName="OperatorNotEqual_Passing_Valid_Values_Returns_True (Pader,789,DF7956,Sabadell,Barcelona,España)" computerName="PC-SFERRARI" duration="00:00:00.0000143" startTime="2021-06-23T10:12:19.7667233+02:00" endTime="2021-06-23T10:12:19.7667901+02:00" testType="13cdc9d9-ddb5-4fa4-a97d-d965ccfc6d4b" outcome="Passed" testListId="8c84fa94-04c1-424b-9868-57a2d4851a1d" relativeResultsDirectory="3b378f5e-621d-4681-9460-604831a02b65" />
    <UnitTestResult executionId="d0cf6631-4201-498f-b406-da6e66bb97b2" testId="e73809f3-e799-46f6-8a41-42ce2f728418" testName="OperatorEqual_Passing_Valid_Distinct_Values_Returns_False (Sabadell)" computerName="PC-SFERRARI" duration="00:00:00.0000070" startTime="2021-06-23T10:12:20.0411633+02:00" endTime="2021-06-23T10:12:20.0412191+02:00" testType="13cdc9d9-ddb5-4fa4-a97d-d965ccfc6d4b" outcome="Passed" testListId="8c84fa94-04c1-424b-9868-57a2d4851a1d" relativeResultsDirectory="d0cf6631-4201-498f-b406-da6e66bb97b2" />
    <UnitTestResult executionId="53cd700d-da7d-44dc-baaf-954082c4f15a" testId="8b98fa50-8769-41af-ae43-bf0c7e877257" testName="ToBool_Passing_Valid_String_Active_Value_Returns_True" computerName="PC-SFERRARI" duration="00:00:00.0009254" startTime="2021-06-23T10:12:19.7048928+02:00" endTime="2021-06-23T10:12:19.7059584+02:00" testType="13cdc9d9-ddb5-4fa4-a97d-d965ccfc6d4b" outcome="Passed" testListId="8c84fa94-04c1-424b-9868-57a2d4851a1d" relativeResultsDirectory="53cd700d-da7d-44dc-baaf-954082c4f15a" />
    <UnitTestResult executionId="359b0ed3-8338-443e-8504-8f33bd0a9cc9" testId="e13699ea-1b3b-4db3-834e-4457c1c0551a" testName="OperatorNotEqual_Passing_Valid_Values_Returns_False (D45,86554654)" computerName="PC-SFERRARI" duration="00:00:00.0000245" startTime="2021-06-23T10:12:20.0915894+02:00" endTime="2021-06-23T10:12:20.0916764+02:00" testType="13cdc9d9-ddb5-4fa4-a97d-d965ccfc6d4b" outcome="Passed" testListId="8c84fa94-04c1-424b-9868-57a2d4851a1d" relativeResultsDirectory="359b0ed3-8338-443e-8504-8f33bd0a9cc9" />
    <UnitTestResult executionId="e93a2545-6526-456c-b549-d47c7fe4e27f" testId="9c17bb80-2ceb-4b0f-8ab7-5669eb4c8c99" testName="IsNull_Passing_Null_Value_Returns_True" computerName="PC-SFERRARI" duration="00:00:00.0005238" startTime="2021-06-23T10:12:19.9913865+02:00" endTime="2021-06-23T10:12:19.9919991+02:00" testType="13cdc9d9-ddb5-4fa4-a97d-d965ccfc6d4b" outcome="Passed" testListId="8c84fa94-04c1-424b-9868-57a2d4851a1d" relativeResultsDirectory="e93a2545-6526-456c-b549-d47c7fe4e27f" />
    <UnitTestResult executionId="3902ed3a-8e70-4b72-a4fb-b15ec3c4e19b" testId="cf7922ed-8e87-4823-a4e9-0d416b7ba148" testName="OperatorEqual_Passing_Valid_Distinct_Values_Returns_False (456,43543543543)" computerName="PC-SFERRARI" duration="00:00:00.0001857" startTime="2021-06-23T10:12:20.0874844+02:00" endTime="2021-06-23T10:12:20.0877385+02:00" testType="13cdc9d9-ddb5-4fa4-a97d-d965ccfc6d4b" outcome="Passed" testListId="8c84fa94-04c1-424b-9868-57a2d4851a1d" relativeResultsDirectory="3902ed3a-8e70-4b72-a4fb-b15ec3c4e19b" />
    <UnitTestResult executionId="13eec185-8dbd-4199-ab49-72b7ced00334" testId="5e3a820b-472f-42bc-98aa-aef87297a307" testName="OperatorNotEqual_Passing_Valid_Values_Returns_True (Sabadell,Barcelona,España)" computerName="PC-SFERRARI" duration="00:00:00.0000469" startTime="2021-06-23T10:12:19.9164982+02:00" endTime="2021-06-23T10:12:19.9166422+02:00" testType="13cdc9d9-ddb5-4fa4-a97d-d965ccfc6d4b" outcome="Passed" testListId="8c84fa94-04c1-424b-9868-57a2d4851a1d" relativeResultsDirectory="13eec185-8dbd-4199-ab49-72b7ced00334" />
    <UnitTestResult executionId="7044425f-4506-44d4-ab1a-b3e3a2d3e1ec" testId="be0e9943-5627-493a-9685-724d4d451f66" testName="ToNormalize_Passing_Valid_Values_Returns_Name_String_Format (Españà,Espana)" computerName="PC-SFERRARI" duration="00:00:00.0000402" startTime="2021-06-23T10:12:20.0237372+02:00" endTime="2021-06-23T10:12:20.0238762+02:00" testType="13cdc9d9-ddb5-4fa4-a97d-d965ccfc6d4b" outcome="Passed" testListId="8c84fa94-04c1-424b-9868-57a2d4851a1d" relativeResultsDirectory="7044425f-4506-44d4-ab1a-b3e3a2d3e1ec" />
    <UnitTestResult executionId="cc86c882-9e35-4522-abd7-04b232e9d115" testId="e3223831-27a3-4c1b-8647-2c5422f22c5f" testName="OperatorNotEqual_Passing_Valid_Values_Returns_False (100,EUR,2)" computerName="PC-SFERRARI" duration="00:00:00.0004518" startTime="2021-06-23T10:12:19.9655768+02:00" endTime="2021-06-23T10:12:19.9661459+02:00" testType="13cdc9d9-ddb5-4fa4-a97d-d965ccfc6d4b" outcome="Passed" testListId="8c84fa94-04c1-424b-9868-57a2d4851a1d" relativeResultsDirectory="cc86c882-9e35-4522-abd7-04b232e9d115" />
    <UnitTestResult executionId="8f227e8b-f10b-4adc-aef5-32b5aba7bade" testId="664967fe-421b-41a9-988a-2e7d070402d1" testName="OperatorEqual_Passing_Valid_Values_Returns_True (San Bartoleme De Tirajana,Las Palmas,España)" computerName="PC-SFERRARI" duration="00:00:00.0001724" startTime="2021-06-23T10:12:19.9080857+02:00" endTime="2021-06-23T10:12:19.9083475+02:00" testType="13cdc9d9-ddb5-4fa4-a97d-d965ccfc6d4b" outcome="Passed" testListId="8c84fa94-04c1-424b-9868-57a2d4851a1d" relativeResultsDirectory="8f227e8b-f10b-4adc-aef5-32b5aba7bade" />
    <UnitTestResult executionId="6a6cc2a3-4dc1-48b0-8513-2127341fab0a" testId="ce0c20f8-613d-47bf-9e32-8862723d1d59" testName="OperatorNotEqual_Passing_Valid_Values_Returns_True (34fsds@sdd.fgg)" computerName="PC-SFERRARI" duration="00:00:00.0000303" startTime="2021-06-23T10:12:19.8642268+02:00" endTime="2021-06-23T10:12:19.8643321+02:00" testType="13cdc9d9-ddb5-4fa4-a97d-d965ccfc6d4b" outcome="Passed" testListId="8c84fa94-04c1-424b-9868-57a2d4851a1d" relativeResultsDirectory="6a6cc2a3-4dc1-48b0-8513-2127341fab0a" />
    <UnitTestResult executionId="72d4afaa-d2fc-4929-86a9-484aa0ac4a06" testId="96dc87f6-6713-4ce6-8bb5-ecff6708db50" testName="Create_Passing_Valid_Values_Returns_FullName (San Bartoleme De Tirajana,Las Palmas,España)" computerName="PC-SFERRARI" duration="00:00:00.0011648" startTime="2021-06-23T10:12:19.8986007+02:00" endTime="2021-06-23T10:12:19.8998631+02:00" testType="13cdc9d9-ddb5-4fa4-a97d-d965ccfc6d4b" outcome="Passed" testListId="8c84fa94-04c1-424b-9868-57a2d4851a1d" relativeResultsDirectory="72d4afaa-d2fc-4929-86a9-484aa0ac4a06" />
    <UnitTestResult executionId="b5016efc-a33a-4ee4-818e-a0dd5c535bcf" testId="84e316aa-a7ca-48d9-af46-091ca6de08f9" testName="Create_Passing_Valid_Value_Returns_Email (34fsds@sdd.fgg)" computerName="PC-SFERRARI" duration="00:00:00.0000147" startTime="2021-06-23T10:12:19.8536337+02:00" endTime="2021-06-23T10:12:19.8536991+02:00" testType="13cdc9d9-ddb5-4fa4-a97d-d965ccfc6d4b" outcome="Passed" testListId="8c84fa94-04c1-424b-9868-57a2d4851a1d" relativeResultsDirectory="b5016efc-a33a-4ee4-818e-a0dd5c535bcf" />
    <UnitTestResult executionId="ce0d6eb8-a4cb-4714-8e87-cdd5e3b4c13b" testId="afb97739-306d-4949-9c34-83a5a7830c8d" testName="ToEnum_Passing_Valid_IntName_Enumeracion_Returns_Enumeracion" computerName="PC-SFERRARI" duration="00:00:00.0001629" startTime="2021-06-23T10:12:19.6904587+02:00" endTime="2021-06-23T10:12:19.6906984+02:00" testType="13cdc9d9-ddb5-4fa4-a97d-d965ccfc6d4b" outcome="Passed" testListId="8c84fa94-04c1-424b-9868-57a2d4851a1d" relativeResultsDirectory="ce0d6eb8-a4cb-4714-8e87-cdd5e3b4c13b" />
    <UnitTestResult executionId="44e65074-206e-4621-894e-9d866bf440ad" testId="c378184a-9d51-4bbd-b607-6a268cf11d46" testName="ToNormalize_Passing_Valid_Values_Returns_Address_String_Format (ñandu@gmail.com)" computerName="PC-SFERRARI" duration="00:00:00.0207814" startTime="2021-06-23T10:12:19.8644236+02:00" endTime="2021-06-23T10:12:19.8852966+02:00" testType="13cdc9d9-ddb5-4fa4-a97d-d965ccfc6d4b" outcome="Passed" testListId="8c84fa94-04c1-424b-9868-57a2d4851a1d" relativeResultsDirectory="44e65074-206e-4621-894e-9d866bf440ad" />
    <UnitTestResult executionId="e6b6658f-7490-43d1-a071-f6a266376941" testId="1bb9f2e3-effe-4709-b0a8-bf265eb78c56" testName="Equals_Passing_Valid_Values_Returns_False (Tenerife,23,34567,San Bartoleme De Tirajana,Las Palmas,España)" computerName="PC-SFERRARI" duration="00:00:00.0017592" startTime="2021-06-23T10:12:19.7558152+02:00" endTime="2021-06-23T10:12:19.7576398+02:00" testType="13cdc9d9-ddb5-4fa4-a97d-d965ccfc6d4b" outcome="Passed" testListId="8c84fa94-04c1-424b-9868-57a2d4851a1d" relativeResultsDirectory="e6b6658f-7490-43d1-a071-f6a266376941" />
    <UnitTestResult executionId="051f5fbe-4ef2-4776-82f9-a297f5616d0c" testId="f5fe1956-e347-4142-9e3c-436c77ab48f0" testName="OperatorEqual_Passing_Valid_Values_Returns_True (456,43543543543)" computerName="PC-SFERRARI" duration="00:00:00.0002093" startTime="2021-06-23T10:12:20.0879754+02:00" endTime="2021-06-23T10:12:20.0882549+02:00" testType="13cdc9d9-ddb5-4fa4-a97d-d965ccfc6d4b" outcome="Passed" testListId="8c84fa94-04c1-424b-9868-57a2d4851a1d" relativeResultsDirectory="051f5fbe-4ef2-4776-82f9-a297f5616d0c" />
    <UnitTestResult executionId="4b847dcb-848e-4624-9718-1deccfbad5f9" testId="886091b7-9e08-4f4d-b80f-bd0422dbc6d6" testName="OperatorEqual_Passing_Valid_Distinct_Values_Returns_False (stage_hackerone.com)" computerName="PC-SFERRARI" duration="00:00:00.0000211" startTime="2021-06-23T10:12:20.0644218+02:00" endTime="2021-06-23T10:12:20.0645116+02:00" testType="13cdc9d9-ddb5-4fa4-a97d-d965ccfc6d4b" outcome="Passed" testListId="8c84fa94-04c1-424b-9868-57a2d4851a1d" relativeResultsDirectory="4b847dcb-848e-4624-9718-1deccfbad5f9" />
    <UnitTestResult executionId="d4b0ff01-530a-46cf-bf62-211e39aac090" testId="35f75fd0-26c4-4d77-8a74-86f4009a351a" testName="Create_Passing_InvalidOrNull_Value_Returns_ApplicationException (Tenerife,-10,DF7956,Sabadell,Barcelona,España)" computerName="PC-SFERRARI" duration="00:00:00.0000399" startTime="2021-06-23T10:12:19.7536417+02:00" endTime="2021-06-23T10:12:19.7537336+02:00" testType="13cdc9d9-ddb5-4fa4-a97d-d965ccfc6d4b" outcome="Passed" testListId="8c84fa94-04c1-424b-9868-57a2d4851a1d" relativeResultsDirectory="d4b0ff01-530a-46cf-bf62-211e39aac090" />
    <UnitTestResult executionId="8cfb23cf-14f1-4646-bd6a-f982e42bc1cc" testId="9e4a3c86-5baa-4bdb-b986-7cfe52b161fc" testName="IsSilver_Passing_Nothing_Returns_True" computerName="PC-SFERRARI" duration="00:00:00.0004170" startTime="2021-06-23T10:12:19.7274835+02:00" endTime="2021-06-23T10:12:19.7280917+02:00" testType="13cdc9d9-ddb5-4fa4-a97d-d965ccfc6d4b" outcome="Passed" testListId="8c84fa94-04c1-424b-9868-57a2d4851a1d" relativeResultsDirectory="8cfb23cf-14f1-4646-bd6a-f982e42bc1cc" />
    <UnitTestResult executionId="a6132645-1bb4-4645-b554-c80862863c15" testId="5d26ee22-37e0-4c2e-9984-4da36e6b6689" testName="Equals_Passing_Valid_Values_Returns_True (Españç)" computerName="PC-SFERRARI" duration="00:00:00.0000201" startTime="2021-06-23T10:12:19.9875416+02:00" endTime="2021-06-23T10:12:19.9876274+02:00" testType="13cdc9d9-ddb5-4fa4-a97d-d965ccfc6d4b" outcome="Passed" testListId="8c84fa94-04c1-424b-9868-57a2d4851a1d" relativeResultsDirectory="a6132645-1bb4-4645-b554-c80862863c15" />
    <UnitTestResult executionId="f6122539-7e66-4d4f-a1c7-e9ffdc1b1d9f" testId="116e01c1-5249-49ba-80a5-d0c757e0a37d" testName="Create_Passing_Valid_Values_Returns_Name (España)" computerName="PC-SFERRARI" duration="00:00:00.0001221" startTime="2021-06-23T10:12:19.9805636+02:00" endTime="2021-06-23T10:12:19.9807448+02:00" testType="13cdc9d9-ddb5-4fa4-a97d-d965ccfc6d4b" outcome="Passed" testListId="8c84fa94-04c1-424b-9868-57a2d4851a1d" relativeResultsDirectory="f6122539-7e66-4d4f-a1c7-e9ffdc1b1d9f" />
    <UnitTestResult executionId="b9782000-01d2-4125-8728-6cf0390bcca4" testId="24f139fc-1dc1-47c6-b704-58fe07449ec3" testName="OperatorEqual_Passing_Valid_Values_Returns_True (EUR)" computerName="PC-SFERRARI" duration="00:00:00.0007240" startTime="2021-06-23T10:12:19.8332999+02:00" endTime="2021-06-23T10:12:19.8341361+02:00" testType="13cdc9d9-ddb5-4fa4-a97d-d965ccfc6d4b" outcome="Passed" testListId="8c84fa94-04c1-424b-9868-57a2d4851a1d" relativeResultsDirectory="b9782000-01d2-4125-8728-6cf0390bcca4" />
    <UnitTestResult executionId="804982d3-2db3-43b2-8519-f6f1fa3c5da9" testId="42ee7f55-97a2-4b33-9e93-ca8e1b55cbd2" testName="OperatorEqual_Passing_Valid_Values_Returns_True (100,EUR,2)" computerName="PC-SFERRARI" duration="00:00:00.0006417" startTime="2021-06-23T10:12:19.9591889+02:00" endTime="2021-06-23T10:12:19.9599327+02:00" testType="13cdc9d9-ddb5-4fa4-a97d-d965ccfc6d4b" outcome="Passed" testListId="8c84fa94-04c1-424b-9868-57a2d4851a1d" relativeResultsDirectory="804982d3-2db3-43b2-8519-f6f1fa3c5da9" />
    <UnitTestResult executionId="83a14799-4973-44f2-8cdd-ea1b3eb4a542" testId="b9ef4d6e-1c04-4d61-aa5a-ae899f1d3a5f" testName="ToEnum_Passing_Invalid_Int_Name_Enumeracion_Returns_Null" computerName="PC-SFERRARI" duration="00:00:00.0002810" startTime="2021-06-23T10:12:19.6897131+02:00" endTime="2021-06-23T10:12:19.6900693+02:00" testType="13cdc9d9-ddb5-4fa4-a97d-d965ccfc6d4b" outcome="Passed" testListId="8c84fa94-04c1-424b-9868-57a2d4851a1d" relativeResultsDirectory="83a14799-4973-44f2-8cdd-ea1b3eb4a542" />
    <UnitTestResult executionId="1591b8fd-1bac-4268-a1af-cf7ee181e90a" testId="9e87d9fd-6653-4ea7-af3a-d85f39be8f6c" testName="Create_Passing_Valid_Value_Returns_Email (dasdasd@dsasd.ff)" computerName="PC-SFERRARI" duration="00:00:00.0001488" startTime="2021-06-23T10:12:19.8533977+02:00" endTime="2021-06-23T10:12:19.8535931+02:00" testType="13cdc9d9-ddb5-4fa4-a97d-d965ccfc6d4b" outcome="Passed" testListId="8c84fa94-04c1-424b-9868-57a2d4851a1d" relativeResultsDirectory="1591b8fd-1bac-4268-a1af-cf7ee181e90a" />
    <UnitTestResult executionId="88e9b135-e453-4a8c-ad6d-27b183a46ad3" testId="847f0d83-95b9-4c87-ac42-ec3f8c002e51" testName="Create_Passing_InvalidOrNull_Value_Returns_ApplicationException (..¬¬¬sdffdsfdssd.dd)" computerName="PC-SFERRARI" duration="00:00:00.0001039" startTime="2021-06-23T10:12:20.0535703+02:00" endTime="2021-06-23T10:12:20.0551764+02:00" testType="13cdc9d9-ddb5-4fa4-a97d-d965ccfc6d4b" outcome="Passed" testListId="8c84fa94-04c1-424b-9868-57a2d4851a1d" relativeResultsDirectory="88e9b135-e453-4a8c-ad6d-27b183a46ad3" />
    <UnitTestResult executionId="73687a97-ec98-4110-a2b5-7642cc570942" testId="754f9f31-7fdd-4dbc-8e9b-539dbb548dd6" testName="OperatorNotEqual_Passing_Valid_Values_Returns_False (Españá)" computerName="PC-SFERRARI" duration="00:00:00.0000198" startTime="2021-06-23T10:12:20.0102858+02:00" endTime="2021-06-23T10:12:20.0103884+02:00" testType="13cdc9d9-ddb5-4fa4-a97d-d965ccfc6d4b" outcome="Passed" testListId="8c84fa94-04c1-424b-9868-57a2d4851a1d" relativeResultsDirectory="73687a97-ec98-4110-a2b5-7642cc570942" />
    <UnitTestResult executionId="87dbaeff-5427-42b0-8e53-fdd5382d484a" testId="e87d3b00-69df-4225-92c8-94319ee2f2f2" testName="IsNull_Passing_Null_Value_Returns_True" computerName="PC-SFERRARI" duration="00:00:00.0007519" startTime="2021-06-23T10:12:20.0609412+02:00" endTime="2021-06-23T10:12:20.0617984+02:00" testType="13cdc9d9-ddb5-4fa4-a97d-d965ccfc6d4b" outcome="Passed" testListId="8c84fa94-04c1-424b-9868-57a2d4851a1d" relativeResultsDirectory="87dbaeff-5427-42b0-8e53-fdd5382d484a" />
    <UnitTestResult executionId="77cb651e-05b0-434d-987c-8adcded5a9a2" testId="10289a2e-b4a5-4206-b909-c7f6982c2365" testName="Equals_Passing_Valid_Distinct_Values_Returns_False (Sabadell)" computerName="PC-SFERRARI" duration="00:00:00.0000082" startTime="2021-06-23T10:12:20.0366152+02:00" endTime="2021-06-23T10:12:20.0366757+02:00" testType="13cdc9d9-ddb5-4fa4-a97d-d965ccfc6d4b" outcome="Passed" testListId="8c84fa94-04c1-424b-9868-57a2d4851a1d" relativeResultsDirectory="77cb651e-05b0-434d-987c-8adcded5a9a2" />
    <UnitTestResult executionId="4dea3168-508c-4ed5-928d-d02e583cf61f" testId="77bbc7c9-b971-48d6-baed-940b137f9388" testName="ToNormalize_Passing_Valid_Values_Returns_Name_String_Format (España,Espana)" computerName="PC-SFERRARI" duration="00:00:00.0007060" startTime="2021-06-23T10:12:20.0226031+02:00" endTime="2021-06-23T10:12:20.0233906+02:00" testType="13cdc9d9-ddb5-4fa4-a97d-d965ccfc6d4b" outcome="Passed" testListId="8c84fa94-04c1-424b-9868-57a2d4851a1d" relativeResultsDirectory="4dea3168-508c-4ed5-928d-d02e583cf61f" />
    <UnitTestResult executionId="f29eb72d-fdba-4d42-99cd-c3fbf63468dc" testId="bf3ccd49-b5e0-400b-a4cc-df098349a4d2" testName="IsNull_Passing_Valid_Values_Returns_False (456,43543543543)" computerName="PC-SFERRARI" duration="00:00:00.0001658" startTime="2021-06-23T10:12:20.0870200+02:00" endTime="2021-06-23T10:12:20.0872757+02:00" testType="13cdc9d9-ddb5-4fa4-a97d-d965ccfc6d4b" outcome="Passed" testListId="8c84fa94-04c1-424b-9868-57a2d4851a1d" relativeResultsDirectory="f29eb72d-fdba-4d42-99cd-c3fbf63468dc" />
    <UnitTestResult executionId="4d5f2186-5c20-4863-af82-4d9f8527c2ae" testId="d77247c4-8e58-44ec-8508-0c3cfde82e9b" testName="OperatorNotEqual_Passing_Valid_Values_Returns_True (Sabadell)" computerName="PC-SFERRARI" duration="00:00:00.0000129" startTime="2021-06-23T10:12:20.0439071+02:00" endTime="2021-06-23T10:12:20.0440061+02:00" testType="13cdc9d9-ddb5-4fa4-a97d-d965ccfc6d4b" outcome="Passed" testListId="8c84fa94-04c1-424b-9868-57a2d4851a1d" relativeResultsDirectory="4d5f2186-5c20-4863-af82-4d9f8527c2ae" />
    <UnitTestResult executionId="4da73c7e-3a63-4e26-bccf-3a1eb1759553" testId="efbb7ca2-b7c4-4e3e-ade8-75158f713164" testName="OperatorEqual_Passing_Valid_Values_Returns_True (Españá)" computerName="PC-SFERRARI" duration="00:00:00.0000320" startTime="2021-06-23T10:12:20.0032249+02:00" endTime="2021-06-23T10:12:20.0033647+02:00" testType="13cdc9d9-ddb5-4fa4-a97d-d965ccfc6d4b" outcome="Passed" testListId="8c84fa94-04c1-424b-9868-57a2d4851a1d" relativeResultsDirectory="4da73c7e-3a63-4e26-bccf-3a1eb1759553" />
    <UnitTestResult executionId="cb68aca8-7570-41ee-ba64-58682e60a026" testId="4921fc60-686c-4fcf-ba09-ed809ac0f534" testName="ToString_Passing_Valid_Values_Returns_Name (Españá)" computerName="PC-SFERRARI" duration="00:00:00.0000103" startTime="2021-06-23T10:12:20.0268098+02:00" endTime="2021-06-23T10:12:20.0268719+02:00" testType="13cdc9d9-ddb5-4fa4-a97d-d965ccfc6d4b" outcome="Passed" testListId="8c84fa94-04c1-424b-9868-57a2d4851a1d" relativeResultsDirectory="cb68aca8-7570-41ee-ba64-58682e60a026" />
    <UnitTestResult executionId="12fb894a-8a40-423f-ad2e-bc0ab904c109" testId="f4350b81-601a-47f5-a337-d6f642b254f4" testName="OperatorEqual_Passing_Valid_Distinct_Values_Returns_False (EUR)" computerName="PC-SFERRARI" duration="00:00:00.0008070" startTime="2021-06-23T10:12:19.8305680+02:00" endTime="2021-06-23T10:12:19.8314735+02:00" testType="13cdc9d9-ddb5-4fa4-a97d-d965ccfc6d4b" outcome="Passed" testListId="8c84fa94-04c1-424b-9868-57a2d4851a1d" relativeResultsDirectory="12fb894a-8a40-423f-ad2e-bc0ab904c109" />
    <UnitTestResult executionId="51677ef3-7ccd-41f2-9053-a890db5934c2" testId="723032f6-c9ad-499b-a54b-6c21ab5dacbc" testName="Equals_Passing_Valid_Distinct_Values_Returns_False (D45,86554654)" computerName="PC-SFERRARI" duration="00:00:00.0000296" startTime="2021-06-23T10:12:20.0852608+02:00" endTime="2021-06-23T10:12:20.0854661+02:00" testType="13cdc9d9-ddb5-4fa4-a97d-d965ccfc6d4b" outcome="Passed" testListId="8c84fa94-04c1-424b-9868-57a2d4851a1d" relativeResultsDirectory="51677ef3-7ccd-41f2-9053-a890db5934c2" />
    <UnitTestResult executionId="547814b5-306e-4783-ba2d-45b9c5c60f64" testId="bf05fda1-aaf2-41ed-b046-db40ff19ad2c" testName="ToString_Passing_Valid_Values_Returns_Currency_String_Symbol (USD)" computerName="PC-SFERRARI" duration="00:00:00.0018991" startTime="2021-06-23T10:12:19.8410482+02:00" endTime="2021-06-23T10:12:19.8430685+02:00" testType="13cdc9d9-ddb5-4fa4-a97d-d965ccfc6d4b" outcome="Passed" testListId="8c84fa94-04c1-424b-9868-57a2d4851a1d" relativeResultsDirectory="547814b5-306e-4783-ba2d-45b9c5c60f64" />
    <UnitTestResult executionId="19d225e9-f028-47bb-85d9-077f4a56af3c" testId="9d103db0-6dfb-4f20-9694-22afd0095a33" testName="ToString_Passing_Valid_Values_Returns_Address_String_Format (Tenerife,23,34567,San Bartoleme De Tirajana,Las Palmas,España)" computerName="PC-SFERRARI" duration="00:00:00.0004313" startTime="2021-06-23T10:12:19.7668496+02:00" endTime="2021-06-23T10:12:19.7673334+02:00" testType="13cdc9d9-ddb5-4fa4-a97d-d965ccfc6d4b" outcome="Passed" testListId="8c84fa94-04c1-424b-9868-57a2d4851a1d" relativeResultsDirectory="19d225e9-f028-47bb-85d9-077f4a56af3c" />
    <UnitTestResult executionId="4c4643cd-1b91-4e08-874b-b2245712c19a" testId="190282bc-a920-4f5c-96f3-21ff65c1371b" testName="Create_Passing_InvalidOrNull_Value_Returns_ApplicationException (dasdasd@dsasd.._ff)" computerName="PC-SFERRARI" duration="00:00:00.0004623" startTime="2021-06-23T10:12:19.8523800+02:00" endTime="2021-06-23T10:12:19.8529199+02:00" testType="13cdc9d9-ddb5-4fa4-a97d-d965ccfc6d4b" outcome="Passed" testListId="8c84fa94-04c1-424b-9868-57a2d4851a1d" relativeResultsDirectory="4c4643cd-1b91-4e08-874b-b2245712c19a" />
    <UnitTestResult executionId="65ca7ab7-d18a-48af-9ba7-92bebabdba18" testId="7ffc7b54-53e2-4cba-8127-140a7b097861" testName="Create_Passing_Valid_Values_Returns_Name (Españã)" computerName="PC-SFERRARI" duration="00:00:00.0000087" startTime="2021-06-23T10:12:19.9811620+02:00" endTime="2021-06-23T10:12:19.9812131+02:00" testType="13cdc9d9-ddb5-4fa4-a97d-d965ccfc6d4b" outcome="Passed" testListId="8c84fa94-04c1-424b-9868-57a2d4851a1d" relativeResultsDirectory="65ca7ab7-d18a-48af-9ba7-92bebabdba18" />
    <UnitTestResult executionId="5e70b90a-f0dc-4578-acdc-b2511ea76028" testId="9e5296e6-42ae-48a8-894d-4c04d71df2ac" testName="OperatorNotEqual_Passing_Valid_Values_Returns_True (400,EUR,8)" computerName="PC-SFERRARI" duration="00:00:00.0005709" startTime="2021-06-23T10:12:19.9687574+02:00" endTime="2021-06-23T10:12:19.9694019+02:00" testType="13cdc9d9-ddb5-4fa4-a97d-d965ccfc6d4b" outcome="Passed" testListId="8c84fa94-04c1-424b-9868-57a2d4851a1d" relativeResultsDirectory="5e70b90a-f0dc-4578-acdc-b2511ea76028" />
    <UnitTestResult executionId="de653689-1fee-4bce-b165-c6488cefa25f" testId="a58a7124-f2fd-4066-8bca-331b32efab7e" testName="ToEnum_Passing_Valid_String_Name_Enumeracion_Returns_Enumeracion" computerName="PC-SFERRARI" duration="00:00:00.0001767" startTime="2021-06-23T10:12:19.6996908+02:00" endTime="2021-06-23T10:12:19.6999435+02:00" testType="13cdc9d9-ddb5-4fa4-a97d-d965ccfc6d4b" outcome="Passed" testListId="8c84fa94-04c1-424b-9868-57a2d4851a1d" relativeResultsDirectory="de653689-1fee-4bce-b165-c6488cefa25f" />
    <UnitTestResult executionId="625b2768-a58f-463e-bb45-038cdaff40b4" testId="5dd6972c-8131-48bc-95d8-c71417a56e5f" testName="ToNormalize_Passing_Valid_Values_Returns_Address_String_Format (ádsads@ggg.cc)" computerName="PC-SFERRARI" duration="00:00:00.0001512" startTime="2021-06-23T10:12:19.8854499+02:00" endTime="2021-06-23T10:12:19.8858523+02:00" testType="13cdc9d9-ddb5-4fa4-a97d-d965ccfc6d4b" outcome="Passed" testListId="8c84fa94-04c1-424b-9868-57a2d4851a1d" relativeResultsDirectory="625b2768-a58f-463e-bb45-038cdaff40b4" />
    <UnitTestResult executionId="f9508415-6659-42cd-ac1e-a68bd6397341" testId="674534b7-8263-4862-899c-069aeddbe0d5" testName="OperatorEqual_Passing_Valid_Values_Returns_True (Españã)" computerName="PC-SFERRARI" duration="00:00:00.0000195" startTime="2021-06-23T10:12:20.0038423+02:00" endTime="2021-06-23T10:12:20.0039260+02:00" testType="13cdc9d9-ddb5-4fa4-a97d-d965ccfc6d4b" outcome="Passed" testListId="8c84fa94-04c1-424b-9868-57a2d4851a1d" relativeResultsDirectory="f9508415-6659-42cd-ac1e-a68bd6397341" />
    <UnitTestResult executionId="a70bba32-6d27-4efb-ae47-55142e6dcf23" testId="b216a330-f1d5-4929-bbb9-4eac69faca93" testName="Equals_Passing_Valid_Values_Returns_True (Españä)" computerName="PC-SFERRARI" duration="00:00:00.0000193" startTime="2021-06-23T10:12:19.9871254+02:00" endTime="2021-06-23T10:12:19.9871912+02:00" testType="13cdc9d9-ddb5-4fa4-a97d-d965ccfc6d4b" outcome="Passed" testListId="8c84fa94-04c1-424b-9868-57a2d4851a1d" relativeResultsDirectory="a70bba32-6d27-4efb-ae47-55142e6dcf23" />
    <UnitTestResult executionId="e8ec2d00-e006-445b-9778-c886a87c09f5" testId="94ca8e99-6ab1-4318-b2e3-986c55162a64" testName="OperatorNotEqual_Passing_Valid_Values_Returns_True (100,EUR,2)" computerName="PC-SFERRARI" duration="00:00:00.0008228" startTime="2021-06-23T10:12:19.9671105+02:00" endTime="2021-06-23T10:12:19.9679923+02:00" testType="13cdc9d9-ddb5-4fa4-a97d-d965ccfc6d4b" outcome="Passed" testListId="8c84fa94-04c1-424b-9868-57a2d4851a1d" relativeResultsDirectory="e8ec2d00-e006-445b-9778-c886a87c09f5" />
    <UnitTestResult executionId="b7808880-6b2b-4f3f-b06d-39e85fff98a7" testId="eea2653a-4e70-4b8d-8be0-2e6153050811" testName="OperatorEqual_Passing_Valid_Distinct_Values_Returns_False (100,EUR,2)" computerName="PC-SFERRARI" duration="00:00:00.0012799" startTime="2021-06-23T10:12:19.9551378+02:00" endTime="2021-06-23T10:12:19.9564852+02:00" testType="13cdc9d9-ddb5-4fa4-a97d-d965ccfc6d4b" outcome="Passed" testListId="8c84fa94-04c1-424b-9868-57a2d4851a1d" relativeResultsDirectory="b7808880-6b2b-4f3f-b06d-39e85fff98a7" />
    <UnitTestResult executionId="ed22f459-ffc4-425f-b6a0-0eaadbb7c7d9" testId="1bbedf7a-6315-4de0-9a17-1ece186b3870" testName="Equals_Passing_Valid_Values_Returns_True (app.hackerone1.com)" computerName="PC-SFERRARI" duration="00:00:00.0001776" startTime="2021-06-23T10:12:20.0575279+02:00" endTime="2021-06-23T10:12:20.0577688+02:00" testType="13cdc9d9-ddb5-4fa4-a97d-d965ccfc6d4b" outcome="Passed" testListId="8c84fa94-04c1-424b-9868-57a2d4851a1d" relativeResultsDirectory="ed22f459-ffc4-425f-b6a0-0eaadbb7c7d9" />
    <UnitTestResult executionId="d1d57652-a824-40d0-9a05-ce2c044a5625" testId="b9449425-3a5b-4cfa-9989-e7a7cde7da33" testName="OperatorNotEqual_Passing_Valid_Values_Returns_True (San Bartoleme De Tirajana,Las Palmas,España)" computerName="PC-SFERRARI" duration="00:00:00.0002752" startTime="2021-06-23T10:12:19.9160224+02:00" endTime="2021-06-23T10:12:19.9163905+02:00" testType="13cdc9d9-ddb5-4fa4-a97d-d965ccfc6d4b" outcome="Passed" testListId="8c84fa94-04c1-424b-9868-57a2d4851a1d" relativeResultsDirectory="d1d57652-a824-40d0-9a05-ce2c044a5625" />
    <UnitTestResult executionId="dc00f4a2-7d7d-4f54-b428-9abb156bcff6" testId="f3d9c7de-f81d-4622-b55e-5ad53b101ad1" testName="IsNull_Passing_Valid_Address_Returns_False (Tenerife,23,34567,San Bartoleme De Tirajana,Las Palmas,España)" computerName="PC-SFERRARI" duration="00:00:00.0001928" startTime="2021-06-23T10:12:19.7593932+02:00" endTime="2021-06-23T10:12:19.7596871+02:00" testType="13cdc9d9-ddb5-4fa4-a97d-d965ccfc6d4b" outcome="Passed" testListId="8c84fa94-04c1-424b-9868-57a2d4851a1d" relativeResultsDirectory="dc00f4a2-7d7d-4f54-b428-9abb156bcff6" />
    <UnitTestResult executionId="07948134-f6d9-44dc-8c74-42fe864f69d2" testId="0244a509-73f5-49fa-ac23-1fc18efc94f0" testName="Create_Passing_InvalidOrNull_Value_Returns_ApplicationException (456,USD,-3)" computerName="PC-SFERRARI" duration="00:00:00.0014957" startTime="2021-06-23T10:12:19.9378407+02:00" endTime="2021-06-23T10:12:19.9394315+02:00" testType="13cdc9d9-ddb5-4fa4-a97d-d965ccfc6d4b" outcome="Passed" testListId="8c84fa94-04c1-424b-9868-57a2d4851a1d" relativeResultsDirectory="07948134-f6d9-44dc-8c74-42fe864f69d2" />
    <UnitTestResult executionId="90dc53b2-b1c9-477b-9435-9d0607d3433c" testId="d2007f58-391a-4f2a-b129-add9306c99f9" testName="OperatorNotEqual_Passing_Valid_Values_Returns_True (dasdasd@dsasd.ff)" computerName="PC-SFERRARI" duration="00:00:00.0002697" startTime="2021-06-23T10:12:19.8638153+02:00" endTime="2021-06-23T10:12:19.8641598+02:00" testType="13cdc9d9-ddb5-4fa4-a97d-d965ccfc6d4b" outcome="Passed" testListId="8c84fa94-04c1-424b-9868-57a2d4851a1d" relativeResultsDirectory="90dc53b2-b1c9-477b-9435-9d0607d3433c" />
    <UnitTestResult executionId="34a980dc-1340-4eef-99b5-8fd3f2c6f014" testId="ed6b27f6-2b9c-4283-9407-1684927ca13a" testName="OperatorNotEqual_Passing_Valid_Values_Returns_False (EUR)" computerName="PC-SFERRARI" duration="00:00:00.0006875" startTime="2021-06-23T10:12:19.8359017+02:00" endTime="2021-06-23T10:12:19.8366721+02:00" testType="13cdc9d9-ddb5-4fa4-a97d-d965ccfc6d4b" outcome="Passed" testListId="8c84fa94-04c1-424b-9868-57a2d4851a1d" relativeResultsDirectory="34a980dc-1340-4eef-99b5-8fd3f2c6f014" />
    <UnitTestResult executionId="64a80014-e995-45f8-835c-652d901278f1" testId="8b3fede7-0390-46df-99c3-8270a9c5d55c" testName="Equals_Passing_Valid_Distinct_Values_Returns_False (dasdasd@dsasd.ff)" computerName="PC-SFERRARI" duration="00:00:00.0008400" startTime="2021-06-23T10:12:19.8558739+02:00" endTime="2021-06-23T10:12:19.8567644+02:00" testType="13cdc9d9-ddb5-4fa4-a97d-d965ccfc6d4b" outcome="Passed" testListId="8c84fa94-04c1-424b-9868-57a2d4851a1d" relativeResultsDirectory="64a80014-e995-45f8-835c-652d901278f1" />
    <UnitTestResult executionId="20d06eb9-bf84-438d-9b49-7632e6e83eea" testId="9175e478-1aa8-485c-b739-735fa5b6da72" testName="OperatorNotEqual_Passing_Valid_Values_Returns_False (Esp añâ)" computerName="PC-SFERRARI" duration="00:00:00.0000176" startTime="2021-06-23T10:12:20.0153429+02:00" endTime="2021-06-23T10:12:20.0154266+02:00" testType="13cdc9d9-ddb5-4fa4-a97d-d965ccfc6d4b" outcome="Passed" testListId="8c84fa94-04c1-424b-9868-57a2d4851a1d" relativeResultsDirectory="20d06eb9-bf84-438d-9b49-7632e6e83eea" />
    <UnitTestResult executionId="d7a2685d-502e-4a13-a3f4-c320663c5c5d" testId="5aabb345-5cea-4e31-8118-1dcee71f28bb" testName="Create_Passing_Valid_Values_Returns_Name (Españâ)" computerName="PC-SFERRARI" duration="00:00:00.0000085" startTime="2021-06-23T10:12:19.9810757+02:00" endTime="2021-06-23T10:12:19.9811268+02:00" testType="13cdc9d9-ddb5-4fa4-a97d-d965ccfc6d4b" outcome="Passed" testListId="8c84fa94-04c1-424b-9868-57a2d4851a1d" relativeResultsDirectory="d7a2685d-502e-4a13-a3f4-c320663c5c5d" />
    <UnitTestResult executionId="5ef85bf6-51ce-4a75-af2a-55758a0928f3" testId="acfb0b3d-3bb5-4bc0-8e67-6eb47a256d9b" testName="Create_Passing_Valid_Values_Returns_Telephone (D45,86554654)" computerName="PC-SFERRARI" duration="00:00:00.0000121" startTime="2021-06-23T10:12:20.0772386+02:00" endTime="2021-06-23T10:12:20.0773832+02:00" testType="13cdc9d9-ddb5-4fa4-a97d-d965ccfc6d4b" outcome="Passed" testListId="8c84fa94-04c1-424b-9868-57a2d4851a1d" relativeResultsDirectory="5ef85bf6-51ce-4a75-af2a-55758a0928f3" />
    <UnitTestResult executionId="6712a7cf-971d-42e3-be40-08effcb3231e" testId="e400daf5-7f9f-43aa-8e88-91ebb099f6ab" testName="IsNull_Passing_Null_Value_Returns_True" computerName="PC-SFERRARI" duration="00:00:00.0004671" startTime="2021-06-23T10:12:19.9058665+02:00" endTime="2021-06-23T10:12:19.9064138+02:00" testType="13cdc9d9-ddb5-4fa4-a97d-d965ccfc6d4b" outcome="Passed" testListId="8c84fa94-04c1-424b-9868-57a2d4851a1d" relativeResultsDirectory="6712a7cf-971d-42e3-be40-08effcb3231e" />
    <UnitTestResult executionId="e8af54ec-860e-4de6-aeab-d3e4f7eaaff3" testId="044c7762-ee8a-4431-bf00-4c3ae66e0f9e" testName="IsNull_Passing_Valid_Value_Returns_False (Esp añâ)" computerName="PC-SFERRARI" duration="00:00:00.0000157" startTime="2021-06-23T10:12:19.9984514+02:00" endTime="2021-06-23T10:12:19.9985401+02:00" testType="13cdc9d9-ddb5-4fa4-a97d-d965ccfc6d4b" outcome="Passed" testListId="8c84fa94-04c1-424b-9868-57a2d4851a1d" relativeResultsDirectory="e8af54ec-860e-4de6-aeab-d3e4f7eaaff3" />
    <UnitTestResult executionId="14a87254-cc3c-48ef-8634-3f51de19bd87" testId="03352f61-8478-4843-ac70-86713259dc09" testName="OperatorEqual_Passing_Valid_Distinct_Values_Returns_False (D45,86554654)" computerName="PC-SFERRARI" duration="00:00:00.0000172" startTime="2021-06-23T10:12:20.0878069+02:00" endTime="2021-06-23T10:12:20.0879011+02:00" testType="13cdc9d9-ddb5-4fa4-a97d-d965ccfc6d4b" outcome="Passed" testListId="8c84fa94-04c1-424b-9868-57a2d4851a1d" relativeResultsDirectory="14a87254-cc3c-48ef-8634-3f51de19bd87" />
    <UnitTestResult executionId="feba8156-ddf9-4737-8faa-28bbfff5c3c3" testId="ebca2c24-add6-4804-adfb-ebf90fe8517b" testName="Change_Passing_Valid_Values_Returns_Email (bbbs@bbb.bbb,ppp@ppp.ppp)" computerName="PC-SFERRARI" duration="00:00:00.0000311" startTime="2021-06-23T10:12:19.8505954+02:00" endTime="2021-06-23T10:12:19.8507221+02:00" testType="13cdc9d9-ddb5-4fa4-a97d-d965ccfc6d4b" outcome="Passed" testListId="8c84fa94-04c1-424b-9868-57a2d4851a1d" relativeResultsDirectory="feba8156-ddf9-4737-8faa-28bbfff5c3c3" />
    <UnitTestResult executionId="354dc68a-03ad-4238-b263-0df505bcdc7d" testId="6fcc144f-43d2-4ae4-99ea-4f74985c51f5" testName="OperatorNotEqual_Passing_Valid_Values_Returns_False (Españâ)" computerName="PC-SFERRARI" duration="00:00:00.0000227" startTime="2021-06-23T10:12:20.0107585+02:00" endTime="2021-06-23T10:12:20.0108693+02:00" testType="13cdc9d9-ddb5-4fa4-a97d-d965ccfc6d4b" outcome="Passed" testListId="8c84fa94-04c1-424b-9868-57a2d4851a1d" relativeResultsDirectory="354dc68a-03ad-4238-b263-0df505bcdc7d" />
    <UnitTestResult executionId="0b0b971f-3406-4d45-bd4f-a82bcec648ea" testId="371f1a15-7ce7-4b08-870b-d8e2b20c14dc" testName="ToNormalize_Passing_Valid_Values_Returns_Name_String_Format (Españħ,Espanh)" computerName="PC-SFERRARI" duration="00:00:00.0000334" startTime="2021-06-23T10:12:20.0261641+02:00" endTime="2021-06-23T10:12:20.0262487+02:00" testType="13cdc9d9-ddb5-4fa4-a97d-d965ccfc6d4b" outcome="Passed" testListId="8c84fa94-04c1-424b-9868-57a2d4851a1d" relativeResultsDirectory="0b0b971f-3406-4d45-bd4f-a82bcec648ea" />
    <UnitTestResult executionId="4eb6c113-c870-418a-9b93-654dab782991" testId="e3eaa59b-246f-4ddb-af9f-368275e0a6de" testName="OperatorNotEqual_Passing_Valid_Values_Returns_True (456,43543543543)" computerName="PC-SFERRARI" duration="00:00:00.0001711" startTime="2021-06-23T10:12:20.0917334+02:00" endTime="2021-06-23T10:12:20.0919652+02:00" testType="13cdc9d9-ddb5-4fa4-a97d-d965ccfc6d4b" outcome="Passed" testListId="8c84fa94-04c1-424b-9868-57a2d4851a1d" relativeResultsDirectory="4eb6c113-c870-418a-9b93-654dab782991" />
    <UnitTestResult executionId="d1b027d2-7f2d-4b27-b412-98e9b567807e" testId="850f975c-4323-4f7f-b7d0-5c5425acdde7" testName="Create_Passing_InvalidOrNull_Value_Returns_ApplicationException (,Sabadell,España)" computerName="PC-SFERRARI" duration="00:00:00.0000709" startTime="2021-06-23T10:12:19.8983071+02:00" endTime="2021-06-23T10:12:19.8984975+02:00" testType="13cdc9d9-ddb5-4fa4-a97d-d965ccfc6d4b" outcome="Passed" testListId="8c84fa94-04c1-424b-9868-57a2d4851a1d" relativeResultsDirectory="d1b027d2-7f2d-4b27-b412-98e9b567807e" />
    <UnitTestResult executionId="d9170849-3473-4efa-87e5-09f69c06bc42" testId="07948cb5-79bf-4f6f-adbe-1793333d2ac6" testName="OperatorEqual_Passing_Valid_Distinct_Values_Returns_False (app.hackerone1.com)" computerName="PC-SFERRARI" duration="00:00:00.0002589" startTime="2021-06-23T10:12:20.0638328+02:00" endTime="2021-06-23T10:12:20.0641629+02:00" testType="13cdc9d9-ddb5-4fa4-a97d-d965ccfc6d4b" outcome="Passed" testListId="8c84fa94-04c1-424b-9868-57a2d4851a1d" relativeResultsDirectory="d9170849-3473-4efa-87e5-09f69c06bc42" />
    <UnitTestResult executionId="f1cb336c-91ec-4903-b069-fb48353ea9c5" testId="60df7fbc-0e2f-4ae3-8e65-c5fd064e464e" testName="Create_Passing_InvalidOrNull_Value_Returns_ApplicationException ()" computerName="PC-SFERRARI" duration="00:00:00.0000334" startTime="2021-06-23T10:12:19.8531599+02:00" endTime="2021-06-23T10:12:19.8532387+02:00" testType="13cdc9d9-ddb5-4fa4-a97d-d965ccfc6d4b" outcome="Passed" testListId="8c84fa94-04c1-424b-9868-57a2d4851a1d" relativeResultsDirectory="f1cb336c-91ec-4903-b069-fb48353ea9c5" />
    <UnitTestResult executionId="750d5d98-ef34-4bc0-8a86-101cb679ad37" testId="83df7e6f-7d2f-42a1-83ac-81e69ed65037" testName="ToString_Passing_Valid_Values_Returns_Address_String_Format (400,USD,8)" computerName="PC-SFERRARI" duration="00:00:00.0009138" startTime="2021-06-23T10:12:19.9710444+02:00" endTime="2021-06-23T10:12:19.9720523+02:00" testType="13cdc9d9-ddb5-4fa4-a97d-d965ccfc6d4b" outcome="Passed" testListId="8c84fa94-04c1-424b-9868-57a2d4851a1d" relativeResultsDirectory="750d5d98-ef34-4bc0-8a86-101cb679ad37" />
    <UnitTestResult executionId="2f93ba5e-318b-4ed6-aa09-d938a9ef8520" testId="881d953a-8188-4bc0-92f8-bfd22b5e892c" testName="Equals_Passing_Valid_Distinct_Values_Returns_False (34fsds@sdd.fgg)" computerName="PC-SFERRARI" duration="00:00:00.0000247" startTime="2021-06-23T10:12:19.8568268+02:00" endTime="2021-06-23T10:12:19.8569118+02:00" testType="13cdc9d9-ddb5-4fa4-a97d-d965ccfc6d4b" outcome="Passed" testListId="8c84fa94-04c1-424b-9868-57a2d4851a1d" relativeResultsDirectory="2f93ba5e-318b-4ed6-aa09-d938a9ef8520" />
    <UnitTestResult executionId="4ac0782c-2446-4829-890f-b7f6be8ad0e8" testId="48bba157-28f6-4248-a612-b21a77871bae" testName="Change_Passing_Valid_Values_Returns_Telephone" computerName="PC-SFERRARI" duration="00:00:00.0028408" startTime="2021-06-23T10:12:20.0724179+02:00" endTime="2021-06-23T10:12:20.0755579+02:00" testType="13cdc9d9-ddb5-4fa4-a97d-d965ccfc6d4b" outcome="Passed" testListId="8c84fa94-04c1-424b-9868-57a2d4851a1d" relativeResultsDirectory="4ac0782c-2446-4829-890f-b7f6be8ad0e8" />
    <UnitTestResult executionId="cd5109e4-f2c5-40dc-abbf-651cfb1f8ee1" testId="02dd04bb-6b94-4d1c-9a62-b005985a40d8" testName="ToEnum_Passing_Valid_String_Name_Enumeracion_Returns_Enumeracion" computerName="PC-SFERRARI" duration="00:00:00.0001551" startTime="2021-06-23T10:12:19.6165411+02:00" endTime="2021-06-23T10:12:19.6167749+02:00" testType="13cdc9d9-ddb5-4fa4-a97d-d965ccfc6d4b" outcome="Passed" testListId="8c84fa94-04c1-424b-9868-57a2d4851a1d" relativeResultsDirectory="cd5109e4-f2c5-40dc-abbf-651cfb1f8ee1" />
    <UnitTestResult executionId="9a9adf77-d61f-4d1f-9164-ac42fea8f183" testId="f21c3a3c-172e-4cab-9c18-f3653df7ee25" testName="Create_Passing_Valid_Values_Returns_Currency (USD)" computerName="PC-SFERRARI" duration="00:00:00.0018291" startTime="2021-06-23T10:12:19.8223087+02:00" endTime="2021-06-23T10:12:19.8242349+02:00" testType="13cdc9d9-ddb5-4fa4-a97d-d965ccfc6d4b" outcome="Passed" testListId="8c84fa94-04c1-424b-9868-57a2d4851a1d" relativeResultsDirectory="9a9adf77-d61f-4d1f-9164-ac42fea8f183" />
    <UnitTestResult executionId="5cebb66a-221b-4eb5-81d9-3941f5c2bb20" testId="4f8006f3-42b9-4737-8df1-1ed84423187a" testName="GetAll_Passing_Nothing_Returns_Enumeracion_List" computerName="PC-SFERRARI" duration="00:00:00.0011474" startTime="2021-06-23T10:12:19.6871458+02:00" endTime="2021-06-23T10:12:19.6887704+02:00" testType="13cdc9d9-ddb5-4fa4-a97d-d965ccfc6d4b" outcome="Passed" testListId="8c84fa94-04c1-424b-9868-57a2d4851a1d" relativeResultsDirectory="5cebb66a-221b-4eb5-81d9-3941f5c2bb20" />
    <UnitTestResult executionId="cd62d575-f939-40e8-9d6a-11e2a8b33e49" testId="c50d3e31-7312-43c8-9402-24c18e5eee2d" testName="Change_Passing_Valid_Values_Returns_Address (400,EUR,8)" computerName="PC-SFERRARI" duration="00:00:00.0010350" startTime="2021-06-23T10:12:19.9366036+02:00" endTime="2021-06-23T10:12:19.9377461+02:00" testType="13cdc9d9-ddb5-4fa4-a97d-d965ccfc6d4b" outcome="Passed" testListId="8c84fa94-04c1-424b-9868-57a2d4851a1d" relativeResultsDirectory="cd62d575-f939-40e8-9d6a-11e2a8b33e49" />
    <UnitTestResult executionId="aeed4df7-20c9-45d4-9aa8-7a34e522b2c6" testId="e3048b70-7604-4ee6-ad02-3b496a65efb2" testName="OperatorNotEqual_Passing_Valid_Values_Returns_False (app.hackerone1.com)" computerName="PC-SFERRARI" duration="00:00:00.0003231" startTime="2021-06-23T10:12:20.0688385+02:00" endTime="2021-06-23T10:12:20.0692513+02:00" testType="13cdc9d9-ddb5-4fa4-a97d-d965ccfc6d4b" outcome="Passed" testListId="8c84fa94-04c1-424b-9868-57a2d4851a1d" relativeResultsDirectory="aeed4df7-20c9-45d4-9aa8-7a34e522b2c6" />
    <UnitTestResult executionId="9b1076ea-0e22-4a31-9990-f147805025a6" testId="5ae7c894-58cb-4f80-b3cd-8b221bcb350f" testName="Equals_Passing_Valid_Values_Returns_True (stage_hackerone.com)" computerName="PC-SFERRARI" duration="00:00:00.0000338" startTime="2021-06-23T10:12:20.0607080+02:00" endTime="2021-06-23T10:12:20.0608737+02:00" testType="13cdc9d9-ddb5-4fa4-a97d-d965ccfc6d4b" outcome="Passed" testListId="8c84fa94-04c1-424b-9868-57a2d4851a1d" relativeResultsDirectory="9b1076ea-0e22-4a31-9990-f147805025a6" />
    <UnitTestResult executionId="035a84f1-61b3-433e-ad1d-003d08112f7b" testId="be071803-377f-4f53-ab57-efbea1be1ef7" testName="ToEnum_Passing_Valid_IntName_Enumeracion_Returns_Enumeracion" computerName="PC-SFERRARI" duration="00:00:00.0001734" startTime="2021-06-23T10:12:19.6162087+02:00" endTime="2021-06-23T10:12:19.6164776+02:00" testType="13cdc9d9-ddb5-4fa4-a97d-d965ccfc6d4b" outcome="Passed" testListId="8c84fa94-04c1-424b-9868-57a2d4851a1d" relativeResultsDirectory="035a84f1-61b3-433e-ad1d-003d08112f7b" />
    <UnitTestResult executionId="a600bad8-5a65-461c-a8e1-a8a8925b8bac" testId="6b243f57-5d9c-4c77-ba7b-66d17380dffb" testName="Equals_Passing_Valid_Values_Returns_True (34fsds@sdd.fgg)" computerName="PC-SFERRARI" duration="00:00:00.0000325" startTime="2021-06-23T10:12:19.8571822+02:00" endTime="2021-06-23T10:12:19.8572844+02:00" testType="13cdc9d9-ddb5-4fa4-a97d-d965ccfc6d4b" outcome="Passed" testListId="8c84fa94-04c1-424b-9868-57a2d4851a1d" relativeResultsDirectory="a600bad8-5a65-461c-a8e1-a8a8925b8bac" />
    <UnitTestResult executionId="0b7622bd-5268-4019-8637-a925ab5c1919" testId="8d8d2f79-27b6-4bc4-ada7-5e9c58b9e55a" testName="Equals_Passing_Valid_Values_Returns_True (Españà)" computerName="PC-SFERRARI" duration="00:00:00.0000116" startTime="2021-06-23T10:12:19.9870333+02:00" endTime="2021-06-23T10:12:19.9870888+02:00" testType="13cdc9d9-ddb5-4fa4-a97d-d965ccfc6d4b" outcome="Passed" testListId="8c84fa94-04c1-424b-9868-57a2d4851a1d" relativeResultsDirectory="0b7622bd-5268-4019-8637-a925ab5c1919" />
    <UnitTestResult executionId="dd1a96c0-c880-45dd-abb9-10deb0ac7885" testId="58dce493-8432-4e5e-91df-1308c0458984" testName="OperatorEqual_Passing_Valid_Values_Returns_False (Tenerife,23,34567,San Bartoleme De Tirajana,Las Palmas,España)" computerName="PC-SFERRARI" duration="00:00:00.0006235" startTime="2021-06-23T10:12:19.7632238+02:00" endTime="2021-06-23T10:12:19.7640361+02:00" testType="13cdc9d9-ddb5-4fa4-a97d-d965ccfc6d4b" outcome="Passed" testListId="8c84fa94-04c1-424b-9868-57a2d4851a1d" relativeResultsDirectory="dd1a96c0-c880-45dd-abb9-10deb0ac7885" />
    <UnitTestResult executionId="94ad987c-fcff-482f-9643-669ff3aa4ee8" testId="cf510088-ff95-408c-9eae-f81a23fe31a2" testName="ToString_Passing_Valid_Values_Returns_Value_String_Format (456,43543543543)" computerName="PC-SFERRARI" duration="00:00:00.0003626" startTime="2021-06-23T10:12:20.0921782+02:00" endTime="2021-06-23T10:12:20.0926027+02:00" testType="13cdc9d9-ddb5-4fa4-a97d-d965ccfc6d4b" outcome="Passed" testListId="8c84fa94-04c1-424b-9868-57a2d4851a1d" relativeResultsDirectory="94ad987c-fcff-482f-9643-669ff3aa4ee8" />
    <UnitTestResult executionId="7d931d11-bd6d-42ca-9ac6-e43f162b13c3" testId="87109369-2583-40f0-be0d-8dd1bf5ae05e" testName="OperatorEqual_Passing_Valid_Distinct_Values_Returns_False (400,EUR,8)" computerName="PC-SFERRARI" duration="00:00:00.0009573" startTime="2021-06-23T10:12:19.9579183+02:00" endTime="2021-06-23T10:12:19.9590043+02:00" testType="13cdc9d9-ddb5-4fa4-a97d-d965ccfc6d4b" outcome="Passed" testListId="8c84fa94-04c1-424b-9868-57a2d4851a1d" relativeResultsDirectory="7d931d11-bd6d-42ca-9ac6-e43f162b13c3" />
    <UnitTestResult executionId="2748bd69-8829-4c81-97bf-59cc25f70c88" testId="1fce4088-b6b6-4e5d-a9b6-e077af609c44" testName="OperatorNotEqual_Passing_Valid_Values_Returns_True (España)" computerName="PC-SFERRARI" duration="00:00:00.0002740" startTime="2021-06-23T10:12:20.0154824+02:00" endTime="2021-06-23T10:12:20.0158262+02:00" testType="13cdc9d9-ddb5-4fa4-a97d-d965ccfc6d4b" outcome="Passed" testListId="8c84fa94-04c1-424b-9868-57a2d4851a1d" relativeResultsDirectory="2748bd69-8829-4c81-97bf-59cc25f70c88" />
    <UnitTestResult executionId="265d3604-9404-45be-8871-d1495c17e846" testId="5ff0c6d3-2039-44a8-936f-ad8e1c8bbc67" testName="OperatorEqual_Passing_Valid_Distinct_Values_Returns_False (Sabadell,Barcelona,España)" computerName="PC-SFERRARI" duration="00:00:00.0000620" startTime="2021-06-23T10:12:19.9078284+02:00" endTime="2021-06-23T10:12:19.9079916+02:00" testType="13cdc9d9-ddb5-4fa4-a97d-d965ccfc6d4b" outcome="Passed" testListId="8c84fa94-04c1-424b-9868-57a2d4851a1d" relativeResultsDirectory="265d3604-9404-45be-8871-d1495c17e846" />
    <UnitTestResult executionId="333f1bf7-6ef8-4ed3-b04c-d5ba7b5db1bb" testId="e8ad46da-8771-47c6-afb6-5f6afabb6812" testName="Equals_Passing_Valid_Values_Returns_True (Españâ)" computerName="PC-SFERRARI" duration="00:00:00.0000250" startTime="2021-06-23T10:12:19.9872575+02:00" endTime="2021-06-23T10:12:19.9873526+02:00" testType="13cdc9d9-ddb5-4fa4-a97d-d965ccfc6d4b" outcome="Passed" testListId="8c84fa94-04c1-424b-9868-57a2d4851a1d" relativeResultsDirectory="333f1bf7-6ef8-4ed3-b04c-d5ba7b5db1bb" />
    <UnitTestResult executionId="e224f48b-2515-4f59-8540-2fe406230b4c" testId="5173a18a-8bb7-4e2b-b987-58baa90a0d3b" testName="IsFree_Passing_Nothing_Returns_True" computerName="PC-SFERRARI" duration="00:00:00.0003451" startTime="2021-06-23T10:12:19.7239104+02:00" endTime="2021-06-23T10:12:19.7243887+02:00" testType="13cdc9d9-ddb5-4fa4-a97d-d965ccfc6d4b" outcome="Passed" testListId="8c84fa94-04c1-424b-9868-57a2d4851a1d" relativeResultsDirectory="e224f48b-2515-4f59-8540-2fe406230b4c" />
    <UnitTestResult executionId="a9a5fbed-8313-452d-a1e5-3c2d6ddfb6fc" testId="a1904477-6716-4a56-8dce-ba7dfb0abbb1" testName="IsInactive_Passing_Nothing_Returns_True" computerName="PC-SFERRARI" duration="00:00:00.0003336" startTime="2021-06-23T10:12:19.7018971+02:00" endTime="2021-06-23T10:12:19.7023181+02:00" testType="13cdc9d9-ddb5-4fa4-a97d-d965ccfc6d4b" outcome="Passed" testListId="8c84fa94-04c1-424b-9868-57a2d4851a1d" relativeResultsDirectory="a9a5fbed-8313-452d-a1e5-3c2d6ddfb6fc" />
    <UnitTestResult executionId="f6eadcf9-e41b-4825-855b-8dcbb316af8a" testId="a9ed8253-aa95-45de-bb52-776f2e205cc4" testName="Create_Passing_InvalidOrNull_Value_Returns_ApplicationException ()" computerName="PC-SFERRARI" duration="00:00:00.0003286" startTime="2021-06-23T10:12:20.0350321+02:00" endTime="2021-06-23T10:12:20.0354357+02:00" testType="13cdc9d9-ddb5-4fa4-a97d-d965ccfc6d4b" outcome="Passed" testListId="8c84fa94-04c1-424b-9868-57a2d4851a1d" relativeResultsDirectory="f6eadcf9-e41b-4825-855b-8dcbb316af8a" />
    <UnitTestResult executionId="3173854e-d9df-45ef-a413-a3172963aa48" testId="a875c477-d249-4a7b-abf3-1536e4af83fe" testName="ToNormalize_Passing_Valid_Values_Returns_Name_String_Format (Esp añâ,Esp ana)" computerName="PC-SFERRARI" duration="00:00:00.0000287" startTime="2021-06-23T10:12:20.0262991+02:00" endTime="2021-06-23T10:12:20.0263768+02:00" testType="13cdc9d9-ddb5-4fa4-a97d-d965ccfc6d4b" outcome="Passed" testListId="8c84fa94-04c1-424b-9868-57a2d4851a1d" relativeResultsDirectory="3173854e-d9df-45ef-a413-a3172963aa48" />
    <UnitTestResult executionId="bc87d75b-7bbd-46c8-bbf9-a48831109944" testId="ee41159a-845c-460e-abfa-44701cc62acd" testName="ToString_Passing_Valid_Values_Returns_StringId (Sabadell)" computerName="PC-SFERRARI" duration="00:00:00.0000118" startTime="2021-06-23T10:12:20.0469013+02:00" endTime="2021-06-23T10:12:20.0470288+02:00" testType="13cdc9d9-ddb5-4fa4-a97d-d965ccfc6d4b" outcome="Passed" testListId="8c84fa94-04c1-424b-9868-57a2d4851a1d" relativeResultsDirectory="bc87d75b-7bbd-46c8-bbf9-a48831109944" />
    <UnitTestResult executionId="fe12f687-4afa-48f3-807a-cb80fb2635c7" testId="d9381df4-bce7-43c6-8ca5-960bd1bab132" testName="ToNormalize_Passing_Valid_Values_Returns_Name_String_Format (Españç,Espanc)" computerName="PC-SFERRARI" duration="00:00:00.0000404" startTime="2021-06-23T10:12:20.0259841+02:00" endTime="2021-06-23T10:12:20.0260951+02:00" testType="13cdc9d9-ddb5-4fa4-a97d-d965ccfc6d4b" outcome="Passed" testListId="8c84fa94-04c1-424b-9868-57a2d4851a1d" relativeResultsDirectory="fe12f687-4afa-48f3-807a-cb80fb2635c7" />
    <UnitTestResult executionId="5337fba9-4825-49a0-a30a-7b8d1feb88bb" testId="47223ea8-c5bb-436d-934a-cdc9c50ee5b8" testName="OperatorEqual_Passing_Valid_Distinct_Values_Returns_False (dasdasd@dsasd.ff)" computerName="PC-SFERRARI" duration="00:00:00.0002135" startTime="2021-06-23T10:12:19.8584971+02:00" endTime="2021-06-23T10:12:19.8587791+02:00" testType="13cdc9d9-ddb5-4fa4-a97d-d965ccfc6d4b" outcome="Passed" testListId="8c84fa94-04c1-424b-9868-57a2d4851a1d" relativeResultsDirectory="5337fba9-4825-49a0-a30a-7b8d1feb88bb" />
    <UnitTestResult executionId="0b1fef3c-a0fe-4013-9662-7bfad5ee4472" testId="1467506f-6951-4eb6-a4b8-a200dcb75213" testName="Equals_Passing_Valid_Values_Returns_True (Esp añâ)" computerName="PC-SFERRARI" duration="00:00:00.0000250" startTime="2021-06-23T10:12:19.9911664+02:00" endTime="2021-06-23T10:12:19.9913374+02:00" testType="13cdc9d9-ddb5-4fa4-a97d-d965ccfc6d4b" outcome="Passed" testListId="8c84fa94-04c1-424b-9868-57a2d4851a1d" relativeResultsDirectory="0b1fef3c-a0fe-4013-9662-7bfad5ee4472" />
    <UnitTestResult executionId="dde53f84-4c9b-4710-8d5e-ec43e0019a55" testId="6609f2a5-3417-4167-b04e-470095ea67f6" testName="OperatorNotEqual_Passing_Valid_Values_Returns_False (Sabadell,Barcelona,España)" computerName="PC-SFERRARI" duration="00:00:00.0000517" startTime="2021-06-23T10:12:19.9157832+02:00" endTime="2021-06-23T10:12:19.9159420+02:00" testType="13cdc9d9-ddb5-4fa4-a97d-d965ccfc6d4b" outcome="Passed" testListId="8c84fa94-04c1-424b-9868-57a2d4851a1d" relativeResultsDirectory="dde53f84-4c9b-4710-8d5e-ec43e0019a55" />
    <UnitTestResult executionId="79f0c53a-9277-4fdb-9b31-1f7309cd65ef" testId="182d267b-a9f5-4bd5-98f1-71c441035bce" testName="ToNormalize_Passing_Valid_Values_Returns_Name_String_Format (Españá,Espana)" computerName="PC-SFERRARI" duration="00:00:00.0000550" startTime="2021-06-23T10:12:20.0234854+02:00" endTime="2021-06-23T10:12:20.0236432+02:00" testType="13cdc9d9-ddb5-4fa4-a97d-d965ccfc6d4b" outcome="Passed" testListId="8c84fa94-04c1-424b-9868-57a2d4851a1d" relativeResultsDirectory="79f0c53a-9277-4fdb-9b31-1f7309cd65ef" />
    <UnitTestResult executionId="35b759f1-18b1-4f38-baff-74d06897a13b" testId="edee4b95-4393-43c4-9120-c3bf2ce57cb6" testName="Create_Passing_Valid_Value_Returns_Email (ñandu@gmail.com)" computerName="PC-SFERRARI" duration="00:00:00.0001398" startTime="2021-06-23T10:12:19.8537376+02:00" endTime="2021-06-23T10:12:19.8539224+02:00" testType="13cdc9d9-ddb5-4fa4-a97d-d965ccfc6d4b" outcome="Passed" testListId="8c84fa94-04c1-424b-9868-57a2d4851a1d" relativeResultsDirectory="35b759f1-18b1-4f38-baff-74d06897a13b" />
    <UnitTestResult executionId="300e1cc6-a186-4698-9dfc-e38c0eb3f4d8" testId="c8131520-3bfe-4081-bebd-addedf231fbc" testName="Create_Passing_InvalidOrNull_Value_Returns_ApplicationException (34fsds@@sdd.f)" computerName="PC-SFERRARI" duration="00:00:00.0000458" startTime="2021-06-23T10:12:19.8529995+02:00" endTime="2021-06-23T10:12:19.8531303+02:00" testType="13cdc9d9-ddb5-4fa4-a97d-d965ccfc6d4b" outcome="Passed" testListId="8c84fa94-04c1-424b-9868-57a2d4851a1d" relativeResultsDirectory="300e1cc6-a186-4698-9dfc-e38c0eb3f4d8" />
    <UnitTestResult executionId="ff5b5a50-91fb-43ff-bcad-9db7571655bd" testId="da046bef-23d8-4488-9119-67526f6bb1a6" testName="OperatorNotEqual_Passing_Valid_Values_Returns_False (Pader,789,DF7956,Sabadell,Barcelona,España)" computerName="PC-SFERRARI" duration="00:00:00.0000301" startTime="2021-06-23T10:12:19.7659722+02:00" endTime="2021-06-23T10:12:19.7661254+02:00" testType="13cdc9d9-ddb5-4fa4-a97d-d965ccfc6d4b" outcome="Passed" testListId="8c84fa94-04c1-424b-9868-57a2d4851a1d" relativeResultsDirectory="ff5b5a50-91fb-43ff-bcad-9db7571655bd" />
    <UnitTestResult executionId="6a8d3e5d-4b54-4e63-a210-688d49236f9e" testId="abb724c5-a856-44de-8ecc-6482284cc003" testName="OperatorEqual_Passing_Valid_Values_Returns_True (Españà)" computerName="PC-SFERRARI" duration="00:00:00.0000167" startTime="2021-06-23T10:12:20.0034293+02:00" endTime="2021-06-23T10:12:20.0035085+02:00" testType="13cdc9d9-ddb5-4fa4-a97d-d965ccfc6d4b" outcome="Passed" testListId="8c84fa94-04c1-424b-9868-57a2d4851a1d" relativeResultsDirectory="6a8d3e5d-4b54-4e63-a210-688d49236f9e" />
    <UnitTestResult executionId="2341145c-39ee-4a47-a38c-0263f153ba38" testId="a0f61655-fd34-430e-88e9-b3f8a10ff385" testName="OperatorEqual_Passing_Valid_Values_Returns_True (San Bartoleme De Tirajana)" computerName="PC-SFERRARI" duration="00:00:00.0001160" startTime="2021-06-23T10:12:20.0412670+02:00" endTime="2021-06-23T10:12:20.0414279+02:00" testType="13cdc9d9-ddb5-4fa4-a97d-d965ccfc6d4b" outcome="Passed" testListId="8c84fa94-04c1-424b-9868-57a2d4851a1d" relativeResultsDirectory="2341145c-39ee-4a47-a38c-0263f153ba38" />
    <UnitTestResult executionId="7598eb68-9582-46db-b213-c30b13918d65" testId="06323262-789b-40a5-b30c-f58806b5101f" testName="ToEnum_Passing_Valid_String_ShortName_Enumeracion_Returns_Enumeracion" computerName="PC-SFERRARI" duration="00:00:00.0002429" startTime="2021-06-23T10:12:19.6168148+02:00" endTime="2021-06-23T10:12:19.6171320+02:00" testType="13cdc9d9-ddb5-4fa4-a97d-d965ccfc6d4b" outcome="Passed" testListId="8c84fa94-04c1-424b-9868-57a2d4851a1d" relativeResultsDirectory="7598eb68-9582-46db-b213-c30b13918d65" />
    <UnitTestResult executionId="3ba5fb0a-cfc4-4b6e-8b4f-da2cf75ce858" testId="753376ba-fb18-4e4e-b6e9-68e71368fb14" testName="Create_Passing_InvalidOrNull_Value_Returns_ApplicationException ()" computerName="PC-SFERRARI" duration="00:00:00.0145937" startTime="2021-06-23T10:12:19.8075016+02:00" endTime="2021-06-23T10:12:19.8221954+02:00" testType="13cdc9d9-ddb5-4fa4-a97d-d965ccfc6d4b" outcome="Passed" testListId="8c84fa94-04c1-424b-9868-57a2d4851a1d" relativeResultsDirectory="3ba5fb0a-cfc4-4b6e-8b4f-da2cf75ce858" />
    <UnitTestResult executionId="46d80178-0579-4cbc-8d15-b9f203a25f2d" testId="4441aa6a-5806-4c50-8f6f-28ce94c6529f" testName="Equals_Passing_Valid_Distinct_Values_Returns_False (EUR)" computerName="PC-SFERRARI" duration="00:00:00.0014142" startTime="2021-06-23T10:12:19.8247481+02:00" endTime="2021-06-23T10:12:19.8262433+02:00" testType="13cdc9d9-ddb5-4fa4-a97d-d965ccfc6d4b" outcome="Passed" testListId="8c84fa94-04c1-424b-9868-57a2d4851a1d" relativeResultsDirectory="46d80178-0579-4cbc-8d15-b9f203a25f2d" />
    <UnitTestResult executionId="3bf30ee6-00e0-4d03-aeb6-17708c2da534" testId="06e0ad2c-3d10-4f16-9d85-f7203a7e5f09" testName="IsNull_Passing_Valid_Values_Returns_False (Tenerife,San Bartoleme De Tirajana,Las Palmas)" computerName="PC-SFERRARI" duration="00:00:00.0003178" startTime="2021-06-23T10:12:19.9064890+02:00" endTime="2021-06-23T10:12:19.9068982+02:00" testType="13cdc9d9-ddb5-4fa4-a97d-d965ccfc6d4b" outcome="Passed" testListId="8c84fa94-04c1-424b-9868-57a2d4851a1d" relativeResultsDirectory="3bf30ee6-00e0-4d03-aeb6-17708c2da534" />
    <UnitTestResult executionId="58a4409c-99d9-428a-81ac-da6574d20d08" testId="7c116f67-c263-42ce-bfac-11161efc6afb" testName="ToEnum_Passing_Invalid_Int_Name_Enumeracion_Returns_Null" computerName="PC-SFERRARI" duration="00:00:00.0004326" startTime="2021-06-23T10:12:19.6982617+02:00" endTime="2021-06-23T10:12:19.6988837+02:00" testType="13cdc9d9-ddb5-4fa4-a97d-d965ccfc6d4b" outcome="Passed" testListId="8c84fa94-04c1-424b-9868-57a2d4851a1d" relativeResultsDirectory="58a4409c-99d9-428a-81ac-da6574d20d08" />
    <UnitTestResult executionId="123e9656-0e10-495d-93ca-1a93e128e26f" testId="c4e5047f-35a2-4eb4-a1c6-34b0b29eb6f6" testName="ToEnum_Passing_Invalid_Int_Name_Enumeracion_Returns_Null" computerName="PC-SFERRARI" duration="00:00:00.0016332" startTime="2021-06-23T10:12:19.6131131+02:00" endTime="2021-06-23T10:12:19.6148579+02:00" testType="13cdc9d9-ddb5-4fa4-a97d-d965ccfc6d4b" outcome="Passed" testListId="8c84fa94-04c1-424b-9868-57a2d4851a1d" relativeResultsDirectory="123e9656-0e10-495d-93ca-1a93e128e26f" />
    <UnitTestResult executionId="9e07d1a7-f3bb-4454-9e89-da90f8f1ca51" testId="fa36e288-5d37-4a2f-a7f7-626d22325246" testName="ToNormalize_Passing_Valid_Values_Returns_Name_String_Format (Españâ,Espana)" computerName="PC-SFERRARI" duration="00:00:00.0000279" startTime="2021-06-23T10:12:20.0241191+02:00" endTime="2021-06-23T10:12:20.0241944+02:00" testType="13cdc9d9-ddb5-4fa4-a97d-d965ccfc6d4b" outcome="Passed" testListId="8c84fa94-04c1-424b-9868-57a2d4851a1d" relativeResultsDirectory="9e07d1a7-f3bb-4454-9e89-da90f8f1ca51" />
    <UnitTestResult executionId="9b759832-1a5a-4af4-b393-434fd0bfa280" testId="62015711-f6b7-42e0-bb9e-447630357353" testName="Equals_Passing_Valid_Values_Returns_True (Sabadell,Barcelona,España)" computerName="PC-SFERRARI" duration="00:00:00.0000370" startTime="2021-06-23T10:12:19.9057005+02:00" endTime="2021-06-23T10:12:19.9058237+02:00" testType="13cdc9d9-ddb5-4fa4-a97d-d965ccfc6d4b" outcome="Passed" testListId="8c84fa94-04c1-424b-9868-57a2d4851a1d" relativeResultsDirectory="9b759832-1a5a-4af4-b393-434fd0bfa280" />
    <UnitTestResult executionId="5653fad3-c974-4c01-94ca-1152c882eb8b" testId="3da46d7b-39f5-49e4-a6d7-617512218e00" testName="Create_Passing_Valid_Values_Returns_Address (400,USD,8)" computerName="PC-SFERRARI" duration="00:00:00.0009360" startTime="2021-06-23T10:12:19.9409745+02:00" endTime="2021-06-23T10:12:19.9420022+02:00" testType="13cdc9d9-ddb5-4fa4-a97d-d965ccfc6d4b" outcome="Passed" testListId="8c84fa94-04c1-424b-9868-57a2d4851a1d" relativeResultsDirectory="5653fad3-c974-4c01-94ca-1152c882eb8b" />
    <UnitTestResult executionId="af023aaa-91d8-49a2-bcfd-04dd4ac7879f" testId="cc91d9e7-1c1d-4eec-a721-d7138f307fe3" testName="ToEnum_Passing_Valid_String_Name_Returns_Enumeracion" computerName="PC-SFERRARI" duration="00:00:00.0001723" startTime="2021-06-23T10:12:19.7219779+02:00" endTime="2021-06-23T10:12:19.7222385+02:00" testType="13cdc9d9-ddb5-4fa4-a97d-d965ccfc6d4b" outcome="Passed" testListId="8c84fa94-04c1-424b-9868-57a2d4851a1d" relativeResultsDirectory="af023aaa-91d8-49a2-bcfd-04dd4ac7879f" />
    <UnitTestResult executionId="8ecd6c18-a67c-46b2-af0e-1f3bf33325ef" testId="fde1721e-cbff-4dfc-8f31-ed21ae1e339a" testName="ToEnum_Passing_Valid_Bool_Value_Returns_Enumeracion" computerName="PC-SFERRARI" duration="00:00:00.0003155" startTime="2021-06-23T10:12:19.7211897+02:00" endTime="2021-06-23T10:12:19.7215992+02:00" testType="13cdc9d9-ddb5-4fa4-a97d-d965ccfc6d4b" outcome="Passed" testListId="8c84fa94-04c1-424b-9868-57a2d4851a1d" relativeResultsDirectory="8ecd6c18-a67c-46b2-af0e-1f3bf33325ef" />
    <UnitTestResult executionId="ed6a9e0c-ed75-4cdd-891a-bbd7c0b127f6" testId="d0bbc7de-f541-4f9f-8815-2a511b26a499" testName="ToString_Passing_Valid_Values_Returns_Address_String_Format (200,EUR,4)" computerName="PC-SFERRARI" duration="00:00:00.0003600" startTime="2021-06-23T10:12:19.9704858+02:00" endTime="2021-06-23T10:12:19.9709554+02:00" testType="13cdc9d9-ddb5-4fa4-a97d-d965ccfc6d4b" outcome="Passed" testListId="8c84fa94-04c1-424b-9868-57a2d4851a1d" relativeResultsDirectory="ed6a9e0c-ed75-4cdd-891a-bbd7c0b127f6" />
    <UnitTestResult executionId="24142a9d-9b80-4af1-b55c-7ffdad82dcdd" testId="3ce62bab-facd-44e6-b8b5-48f972a60add" testName="Create_Passing_Valid_Value_Returns_Email (bb_ads@ggg.cc)" computerName="PC-SFERRARI" duration="00:00:00.0000204" startTime="2021-06-23T10:12:19.8557292+02:00" endTime="2021-06-23T10:12:19.8558108+02:00" testType="13cdc9d9-ddb5-4fa4-a97d-d965ccfc6d4b" outcome="Passed" testListId="8c84fa94-04c1-424b-9868-57a2d4851a1d" relativeResultsDirectory="24142a9d-9b80-4af1-b55c-7ffdad82dcdd" />
    <UnitTestResult executionId="873d4f78-f135-4a5b-b58d-fcd0615b4406" testId="53b7ac02-68a6-461e-ae90-0bafb74951f7" testName="IsNull_Passing_Valid_Value_Returns_False (dasdasd@dsasd.ff)" computerName="PC-SFERRARI" duration="00:00:00.0001889" startTime="2021-06-23T10:12:19.8579679+02:00" endTime="2021-06-23T10:12:19.8582540+02:00" testType="13cdc9d9-ddb5-4fa4-a97d-d965ccfc6d4b" outcome="Passed" testListId="8c84fa94-04c1-424b-9868-57a2d4851a1d" relativeResultsDirectory="873d4f78-f135-4a5b-b58d-fcd0615b4406" />
    <UnitTestResult executionId="dadbbd6e-c789-4068-aca4-7763c005c2bc" testId="d0593c25-1b1c-4a68-b697-71f3f345bedd" testName="Create_Default_Passing_Valid_Values_Returns_StringId" computerName="PC-SFERRARI" duration="00:00:00.0008323" startTime="2021-06-23T10:12:20.0338979+02:00" endTime="2021-06-23T10:12:20.0349708+02:00" testType="13cdc9d9-ddb5-4fa4-a97d-d965ccfc6d4b" outcome="Passed" testListId="8c84fa94-04c1-424b-9868-57a2d4851a1d" relativeResultsDirectory="dadbbd6e-c789-4068-aca4-7763c005c2bc" />
    <UnitTestResult executionId="1190b471-c5f1-4d75-94f1-4d6035081013" testId="5a849776-e8d3-4b33-998f-8ee61076fbc9" testName="Create_Passing_Valid_Values_Returns_Address (Pader,789,DF7956,Sabadell,Barcelona,España)" computerName="PC-SFERRARI" duration="00:00:00.0000112" startTime="2021-06-23T10:12:19.7556834+02:00" endTime="2021-06-23T10:12:19.7557608+02:00" testType="13cdc9d9-ddb5-4fa4-a97d-d965ccfc6d4b" outcome="Passed" testListId="8c84fa94-04c1-424b-9868-57a2d4851a1d" relativeResultsDirectory="1190b471-c5f1-4d75-94f1-4d6035081013" />
    <UnitTestResult executionId="d538b13b-6d2b-4d03-8575-56f7f8003da7" testId="a26e5ab0-43fd-4159-be07-9b1acc04ec8b" testName="ToNormalize_Passing_Valid_Values_Returns_Name_String_Format (Españä,Espana)" computerName="PC-SFERRARI" duration="00:00:00.0000291" startTime="2021-06-23T10:12:20.0239629+02:00" endTime="2021-06-23T10:12:20.0240759+02:00" testType="13cdc9d9-ddb5-4fa4-a97d-d965ccfc6d4b" outcome="Passed" testListId="8c84fa94-04c1-424b-9868-57a2d4851a1d" relativeResultsDirectory="d538b13b-6d2b-4d03-8575-56f7f8003da7" />
    <UnitTestResult executionId="53fb0b53-45fa-4dbf-b1db-2c8eb380f750" testId="46ca1aa4-8232-437a-bb9d-12f2faac8b88" testName="Equals_Passing_Valid_Values_Returns_True (456,43543543543)" computerName="PC-SFERRARI" duration="00:00:00.0003501" startTime="2021-06-23T10:12:20.0856058+02:00" endTime="2021-06-23T10:12:20.0860674+02:00" testType="13cdc9d9-ddb5-4fa4-a97d-d965ccfc6d4b" outcome="Passed" testListId="8c84fa94-04c1-424b-9868-57a2d4851a1d" relativeResultsDirectory="53fb0b53-45fa-4dbf-b1db-2c8eb380f750" />
    <UnitTestResult executionId="d361e710-4d96-4273-8551-1cd230260666" testId="75409244-afcc-4238-aeaf-e24f7776d24e" testName="OperatorEqual_Passing_Valid_Values_Returns_True (dasdasd@dsasd.ff)" computerName="PC-SFERRARI" duration="00:00:00.0002642" startTime="2021-06-23T10:12:19.8619296+02:00" endTime="2021-06-23T10:12:19.8622608+02:00" testType="13cdc9d9-ddb5-4fa4-a97d-d965ccfc6d4b" outcome="Passed" testListId="8c84fa94-04c1-424b-9868-57a2d4851a1d" relativeResultsDirectory="d361e710-4d96-4273-8551-1cd230260666" />
    <UnitTestResult executionId="8f83ac66-cc71-437c-92fb-9282598f33db" testId="019b067f-f13b-4272-972f-b0f62aa57b38" testName="OperatorEqual_Passing_Valid_Values_Returns_True (stage_hackerone.com)" computerName="PC-SFERRARI" duration="00:00:00.0000232" startTime="2021-06-23T10:12:20.0686384+02:00" endTime="2021-06-23T10:12:20.0687357+02:00" testType="13cdc9d9-ddb5-4fa4-a97d-d965ccfc6d4b" outcome="Passed" testListId="8c84fa94-04c1-424b-9868-57a2d4851a1d" relativeResultsDirectory="8f83ac66-cc71-437c-92fb-9282598f33db" />
    <UnitTestResult executionId="4455b4ed-0608-4998-a838-02a0f48ab5fc" testId="7bc3bbe8-fb05-49ac-85d0-34a6796f266d" testName="ToString_Passing_Valid_Values_Returns_Name (Españä)" computerName="PC-SFERRARI" duration="00:00:00.0000131" startTime="2021-06-23T10:12:20.0270643+02:00" endTime="2021-06-23T10:12:20.0271587+02:00" testType="13cdc9d9-ddb5-4fa4-a97d-d965ccfc6d4b" outcome="Passed" testListId="8c84fa94-04c1-424b-9868-57a2d4851a1d" relativeResultsDirectory="4455b4ed-0608-4998-a838-02a0f48ab5fc" />
    <UnitTestResult executionId="cf7b2db0-94c2-4da1-91f3-8bc193ca066d" testId="83ed2020-1592-4554-9c7d-30ea425bd242" testName="OperatorNotEqual_Passing_Valid_Values_Returns_True (EUR)" computerName="PC-SFERRARI" duration="00:00:00.0012439" startTime="2021-06-23T10:12:19.8383678+02:00" endTime="2021-06-23T10:12:19.8397151+02:00" testType="13cdc9d9-ddb5-4fa4-a97d-d965ccfc6d4b" outcome="Passed" testListId="8c84fa94-04c1-424b-9868-57a2d4851a1d" relativeResultsDirectory="cf7b2db0-94c2-4da1-91f3-8bc193ca066d" />
    <UnitTestResult executionId="9c8a8ea9-d0bf-48a5-b48a-bdcf1663372c" testId="10c7f650-85d1-4bb2-864c-af698da7b650" testName="OperatorNotEqual_Passing_Valid_Values_Returns_False (San Bartoleme De Tirajana,Las Palmas,España)" computerName="PC-SFERRARI" duration="00:00:00.0003496" startTime="2021-06-23T10:12:19.9150947+02:00" endTime="2021-06-23T10:12:19.9156302+02:00" testType="13cdc9d9-ddb5-4fa4-a97d-d965ccfc6d4b" outcome="Passed" testListId="8c84fa94-04c1-424b-9868-57a2d4851a1d" relativeResultsDirectory="9c8a8ea9-d0bf-48a5-b48a-bdcf1663372c" />
    <UnitTestResult executionId="7aafd965-a067-4292-9c96-23b117f355a6" testId="fa14a178-b306-4624-b94c-e8872a0ceac3" testName="Equals_Passing_Valid_Distinct_Values_Returns_False (Sabadell,Barcelona,España)" computerName="PC-SFERRARI" duration="00:00:00.0000750" startTime="2021-06-23T10:12:19.9021542+02:00" endTime="2021-06-23T10:12:19.9023849+02:00" testType="13cdc9d9-ddb5-4fa4-a97d-d965ccfc6d4b" outcome="Passed" testListId="8c84fa94-04c1-424b-9868-57a2d4851a1d" relativeResultsDirectory="7aafd965-a067-4292-9c96-23b117f355a6" />
    <UnitTestResult executionId="89043bb8-9e52-4b15-a130-457a600a520d" testId="6719bfb2-2e2f-4587-812d-dace98555be6" testName="ToString_Passing_Valid_Values_Returns_Name (Españà)" computerName="PC-SFERRARI" duration="00:00:00.0000142" startTime="2021-06-23T10:12:20.0269262+02:00" endTime="2021-06-23T10:12:20.0270107+02:00" testType="13cdc9d9-ddb5-4fa4-a97d-d965ccfc6d4b" outcome="Passed" testListId="8c84fa94-04c1-424b-9868-57a2d4851a1d" relativeResultsDirectory="89043bb8-9e52-4b15-a130-457a600a520d" />
    <UnitTestResult executionId="cc164b3f-a485-4cde-a69d-328a712f9e7d" testId="1ac3eff8-549d-4564-af5b-415f665015c0" testName="Equals_Passing_Valid_Values_Returns_True (Españá)" computerName="PC-SFERRARI" duration="00:00:00.0000130" startTime="2021-06-23T10:12:19.9869369+02:00" endTime="2021-06-23T10:12:19.9869972+02:00" testType="13cdc9d9-ddb5-4fa4-a97d-d965ccfc6d4b" outcome="Passed" testListId="8c84fa94-04c1-424b-9868-57a2d4851a1d" relativeResultsDirectory="cc164b3f-a485-4cde-a69d-328a712f9e7d" />
    <UnitTestResult executionId="afac56c8-466d-444c-bc45-b4208597dbd5" testId="80a4a812-e63f-4879-9c72-3ba5ac4531db" testName="Equals_Passing_Valid_Distinct_Values_Returns_False (Españħ)" computerName="PC-SFERRARI" duration="00:00:00.0000166" startTime="2021-06-23T10:12:19.9864183+02:00" endTime="2021-06-23T10:12:19.9865038+02:00" testType="13cdc9d9-ddb5-4fa4-a97d-d965ccfc6d4b" outcome="Passed" testListId="8c84fa94-04c1-424b-9868-57a2d4851a1d" relativeResultsDirectory="afac56c8-466d-444c-bc45-b4208597dbd5" />
    <UnitTestResult executionId="812ed088-e538-4e1a-a588-ce94903ea40d" testId="2c5c99f0-42b4-44e2-baa0-c7296a6ce38e" testName="ToString_Passing_Valid_Values_Returns_Name (Españã)" computerName="PC-SFERRARI" duration="00:00:00.0000150" startTime="2021-06-23T10:12:20.0273548+02:00" endTime="2021-06-23T10:12:20.0274404+02:00" testType="13cdc9d9-ddb5-4fa4-a97d-d965ccfc6d4b" outcome="Passed" testListId="8c84fa94-04c1-424b-9868-57a2d4851a1d" relativeResultsDirectory="812ed088-e538-4e1a-a588-ce94903ea40d" />
    <UnitTestResult executionId="3a8bbf5a-a546-4dd4-bab9-c8db2d17739d" testId="b20e26ba-af65-420a-880b-b34a439453ac" testName="OperatorEqual_Passing_Valid_Values_Returns_True (Españâ)" computerName="PC-SFERRARI" duration="00:00:00.0000161" startTime="2021-06-23T10:12:20.0037101+02:00" endTime="2021-06-23T10:12:20.0037926+02:00" testType="13cdc9d9-ddb5-4fa4-a97d-d965ccfc6d4b" outcome="Passed" testListId="8c84fa94-04c1-424b-9868-57a2d4851a1d" relativeResultsDirectory="3a8bbf5a-a546-4dd4-bab9-c8db2d17739d" />
    <UnitTestResult executionId="dc57cf6a-fb62-4a43-b831-9bdc1b632c60" testId="82666afd-5a26-4516-a7b4-ecb53c6ed6c8" testName="OperatorNotEqual_Passing_Valid_Values_Returns_False (USD)" computerName="PC-SFERRARI" duration="00:00:00.0014664" startTime="2021-06-23T10:12:19.8367509+02:00" endTime="2021-06-23T10:12:19.8382947+02:00" testType="13cdc9d9-ddb5-4fa4-a97d-d965ccfc6d4b" outcome="Passed" testListId="8c84fa94-04c1-424b-9868-57a2d4851a1d" relativeResultsDirectory="dc57cf6a-fb62-4a43-b831-9bdc1b632c60" />
    <UnitTestResult executionId="ce826afe-437e-472b-8ae8-0ce056569684" testId="c96fce7c-c4db-439d-9b05-662dbb8aad71" testName="GetAll_Passing_Nothing_Returns_Enumeracion_List" computerName="PC-SFERRARI" duration="00:00:00.0012457" startTime="2021-06-23T10:12:19.7223023+02:00" endTime="2021-06-23T10:12:19.7238348+02:00" testType="13cdc9d9-ddb5-4fa4-a97d-d965ccfc6d4b" outcome="Passed" testListId="8c84fa94-04c1-424b-9868-57a2d4851a1d" relativeResultsDirectory="ce826afe-437e-472b-8ae8-0ce056569684" />
    <UnitTestResult executionId="184d9bf3-dae4-43de-b49a-0fb98dcb7014" testId="50f9bd7c-8a11-43fd-b77c-b27fdf68dcad" testName="IsNull_Passing_Valid_Value_Returns_False (Españâ)" computerName="PC-SFERRARI" duration="00:00:00.0000134" startTime="2021-06-23T10:12:19.9931521+02:00" endTime="2021-06-23T10:12:19.9932287+02:00" testType="13cdc9d9-ddb5-4fa4-a97d-d965ccfc6d4b" outcome="Passed" testListId="8c84fa94-04c1-424b-9868-57a2d4851a1d" relativeResultsDirectory="184d9bf3-dae4-43de-b49a-0fb98dcb7014" />
    <UnitTestResult executionId="9e00582d-ebbc-47ca-bdb4-6f15137e6dc2" testId="353f66de-7f62-4076-996c-9bfb42a62091" testName="OperatorNotEqual_Passing_Valid_Values_Returns_True (Españã)" computerName="PC-SFERRARI" duration="00:00:00.0000196" startTime="2021-06-23T10:12:20.0174000+02:00" endTime="2021-06-23T10:12:20.0174872+02:00" testType="13cdc9d9-ddb5-4fa4-a97d-d965ccfc6d4b" outcome="Passed" testListId="8c84fa94-04c1-424b-9868-57a2d4851a1d" relativeResultsDirectory="9e00582d-ebbc-47ca-bdb4-6f15137e6dc2" />
    <UnitTestResult executionId="e6728947-c44f-433a-8816-1cf401859303" testId="d3afc803-fa89-44b3-96a1-96f2a133da73" testName="Equals_Passing_Valid_Distinct_Values_Returns_False (San Bartoleme De Tirajana)" computerName="PC-SFERRARI" duration="00:00:00.0007296" startTime="2021-06-23T10:12:20.0357884+02:00" endTime="2021-06-23T10:12:20.0365639+02:00" testType="13cdc9d9-ddb5-4fa4-a97d-d965ccfc6d4b" outcome="Passed" testListId="8c84fa94-04c1-424b-9868-57a2d4851a1d" relativeResultsDirectory="e6728947-c44f-433a-8816-1cf401859303" />
    <UnitTestResult executionId="2ac3f15f-f86e-4c35-9d3d-ed21eff4be6c" testId="a211f2b4-51e4-4e3f-9f4e-1424a7f2cb3d" testName="IsActive_Passing_Nothing_Returns_True" computerName="PC-SFERRARI" duration="00:00:00.0003061" startTime="2021-06-23T10:12:19.7014107+02:00" endTime="2021-06-23T10:12:19.7018437+02:00" testType="13cdc9d9-ddb5-4fa4-a97d-d965ccfc6d4b" outcome="Passed" testListId="8c84fa94-04c1-424b-9868-57a2d4851a1d" relativeResultsDirectory="2ac3f15f-f86e-4c35-9d3d-ed21eff4be6c" />
    <UnitTestResult executionId="2ec41484-d1a8-41c1-8107-842bf5d12fe3" testId="56011318-2943-4d04-952a-60227c5acace" testName="ToFullString_Passing_Valid_Values_Returns_Value_String_Format (San Bartoleme De Tirajana,Las Palmas,España)" computerName="PC-SFERRARI" duration="00:00:00.0007942" startTime="2021-06-23T10:12:19.9167997+02:00" endTime="2021-06-23T10:12:19.9177129+02:00" testType="13cdc9d9-ddb5-4fa4-a97d-d965ccfc6d4b" outcome="Passed" testListId="8c84fa94-04c1-424b-9868-57a2d4851a1d" relativeResultsDirectory="2ec41484-d1a8-41c1-8107-842bf5d12fe3" />
    <UnitTestResult executionId="d8bc1cfa-5b74-4750-bcc1-54fcc2f53aa2" testId="3e36e1b9-f8ce-4b06-a163-1eb395f49c2f" testName="OperatorNotEqual_Passing_Valid_Values_Returns_False (200,EUR,4)" computerName="PC-SFERRARI" duration="00:00:00.0001915" startTime="2021-06-23T10:12:19.9662367+02:00" endTime="2021-06-23T10:12:19.9664931+02:00" testType="13cdc9d9-ddb5-4fa4-a97d-d965ccfc6d4b" outcome="Passed" testListId="8c84fa94-04c1-424b-9868-57a2d4851a1d" relativeResultsDirectory="d8bc1cfa-5b74-4750-bcc1-54fcc2f53aa2" />
    <UnitTestResult executionId="67b1ddad-8490-4c46-96d6-ea86c3054a9e" testId="bf5329fe-5e6a-4e47-9ef4-466afa7e7d64" testName="Create_Passing_Valid_Values_Returns_StringId (Tenerife)" computerName="PC-SFERRARI" duration="00:00:00.0001111" startTime="2021-06-23T10:12:20.0354922+02:00" endTime="2021-06-23T10:12:20.0356565+02:00" testType="13cdc9d9-ddb5-4fa4-a97d-d965ccfc6d4b" outcome="Passed" testListId="8c84fa94-04c1-424b-9868-57a2d4851a1d" relativeResultsDirectory="67b1ddad-8490-4c46-96d6-ea86c3054a9e" />
    <UnitTestResult executionId="69db5662-65fa-4c88-97b9-5b78399363c6" testId="31f8ee79-42c5-4df3-a970-01eca8d21c43" testName="ToString_Passing_Valid_Values_Returns_Address_String_Format (100,EUR,2)" computerName="PC-SFERRARI" duration="00:00:00.0008251" startTime="2021-06-23T10:12:19.9694650+02:00" endTime="2021-06-23T10:12:19.9703557+02:00" testType="13cdc9d9-ddb5-4fa4-a97d-d965ccfc6d4b" outcome="Passed" testListId="8c84fa94-04c1-424b-9868-57a2d4851a1d" relativeResultsDirectory="69db5662-65fa-4c88-97b9-5b78399363c6" />
    <UnitTestResult executionId="e4cd41ef-eae2-4738-b17b-673b16b3062c" testId="2b16fa62-08b0-4f19-84fa-5d92d3f5af88" testName="Change_Passing_Valid_Values_Returns_Subdomain" computerName="PC-SFERRARI" duration="00:00:00.0023514" startTime="2021-06-23T10:12:20.0470756+02:00" endTime="2021-06-23T10:12:20.0497586+02:00" testType="13cdc9d9-ddb5-4fa4-a97d-d965ccfc6d4b" outcome="Passed" testListId="8c84fa94-04c1-424b-9868-57a2d4851a1d" relativeResultsDirectory="e4cd41ef-eae2-4738-b17b-673b16b3062c" />
    <UnitTestResult executionId="6da4f14e-bd17-4d8f-b5f9-baf98f7940d2" testId="38217d5e-2429-4a94-9706-d1b3bbc4319c" testName="OperatorNotEqual_Passing_Valid_Values_Returns_False (Españç)" computerName="PC-SFERRARI" duration="00:00:00.0000399" startTime="2021-06-23T10:12:20.0148393+02:00" endTime="2021-06-23T10:12:20.0150490+02:00" testType="13cdc9d9-ddb5-4fa4-a97d-d965ccfc6d4b" outcome="Passed" testListId="8c84fa94-04c1-424b-9868-57a2d4851a1d" relativeResultsDirectory="6da4f14e-bd17-4d8f-b5f9-baf98f7940d2" />
    <UnitTestResult executionId="1e3b79fd-97fb-4e3a-b7cc-1bc07f5097c5" testId="e06469d7-d10d-465d-9270-0e40195fff06" testName="IsAmex_Passing_Nothing_Returns_True" computerName="PC-SFERRARI" duration="00:00:00.0010196" startTime="2021-06-23T10:12:19.6105348+02:00" endTime="2021-06-23T10:12:19.6117466+02:00" testType="13cdc9d9-ddb5-4fa4-a97d-d965ccfc6d4b" outcome="Passed" testListId="8c84fa94-04c1-424b-9868-57a2d4851a1d" relativeResultsDirectory="1e3b79fd-97fb-4e3a-b7cc-1bc07f5097c5" />
    <UnitTestResult executionId="3a0efe34-337c-4be5-8979-6058041cb164" testId="fe0004f9-f967-40c5-97a7-2713b395a32c" testName="ToEnum_Passing_Valid_String_Name_Returns_Enumeracion" computerName="PC-SFERRARI" duration="00:00:00.0001725" startTime="2021-06-23T10:12:19.7309514+02:00" endTime="2021-06-23T10:12:19.7312004+02:00" testType="13cdc9d9-ddb5-4fa4-a97d-d965ccfc6d4b" outcome="Passed" testListId="8c84fa94-04c1-424b-9868-57a2d4851a1d" relativeResultsDirectory="3a0efe34-337c-4be5-8979-6058041cb164" />
    <UnitTestResult executionId="57c69a58-4e6b-4ea5-97ed-c4ef3244277d" testId="4e192da8-bdc0-456f-860a-6c7c9fe1c445" testName="OperatorEqual_Passing_Valid_Values_Returns_True (Esp añâ)" computerName="PC-SFERRARI" duration="00:00:00.0000178" startTime="2021-06-23T10:12:20.0097118+02:00" endTime="2021-06-23T10:12:20.0097932+02:00" testType="13cdc9d9-ddb5-4fa4-a97d-d965ccfc6d4b" outcome="Passed" testListId="8c84fa94-04c1-424b-9868-57a2d4851a1d" relativeResultsDirectory="57c69a58-4e6b-4ea5-97ed-c4ef3244277d" />
    <UnitTestResult executionId="f16f9945-7a6e-4190-aee3-709b34bd98c1" testId="4d22be9f-3b1c-40a0-8158-128eaf26a0a8" testName="OperatorNotEqual_Passing_Valid_Values_Returns_True (app.hackerone1.com)" computerName="PC-SFERRARI" duration="00:00:00.0001392" startTime="2021-06-23T10:12:20.0696831+02:00" endTime="2021-06-23T10:12:20.0698702+02:00" testType="13cdc9d9-ddb5-4fa4-a97d-d965ccfc6d4b" outcome="Passed" testListId="8c84fa94-04c1-424b-9868-57a2d4851a1d" relativeResultsDirectory="f16f9945-7a6e-4190-aee3-709b34bd98c1" />
    <UnitTestResult executionId="fb21f793-f99c-4688-bb79-267373a27a50" testId="0122755a-dc94-4f1f-8d8b-365cfe1c94af" testName="Create_Passing_InvalidOrNull_Value_Returns_ApplicationException (___dasfs$·%%$%$$·%$)" computerName="PC-SFERRARI" duration="00:00:00.0000721" startTime="2021-06-23T10:12:20.0506037+02:00" endTime="2021-06-23T10:12:20.0507673+02:00" testType="13cdc9d9-ddb5-4fa4-a97d-d965ccfc6d4b" outcome="Passed" testListId="8c84fa94-04c1-424b-9868-57a2d4851a1d" relativeResultsDirectory="fb21f793-f99c-4688-bb79-267373a27a50" />
    <UnitTestResult executionId="61274511-4655-4431-b0b3-9e297ca3194a" testId="5c562bcf-438e-42d5-8e63-2dbaaedd19e5" testName="OperatorEqual_Passing_Valid_Values_Returns_True (Tenerife,23,34567,San Bartoleme De Tirajana,Las Palmas,España)" computerName="PC-SFERRARI" duration="00:00:00.0003465" startTime="2021-06-23T10:12:19.7644415+02:00" endTime="2021-06-23T10:12:19.7648680+02:00" testType="13cdc9d9-ddb5-4fa4-a97d-d965ccfc6d4b" outcome="Passed" testListId="8c84fa94-04c1-424b-9868-57a2d4851a1d" relativeResultsDirectory="61274511-4655-4431-b0b3-9e297ca3194a" />
    <UnitTestResult executionId="a7c17e11-9135-477f-ae49-8c73bfd6690b" testId="79b84798-ce43-4de7-ab97-cc55441a645a" testName="Equals_Passing_Valid_Distinct_Values_Returns_False (app.hackerone1.com)" computerName="PC-SFERRARI" duration="00:00:00.0011456" startTime="2021-06-23T10:12:20.0559571+02:00" endTime="2021-06-23T10:12:20.0571686+02:00" testType="13cdc9d9-ddb5-4fa4-a97d-d965ccfc6d4b" outcome="Passed" testListId="8c84fa94-04c1-424b-9868-57a2d4851a1d" relativeResultsDirectory="a7c17e11-9135-477f-ae49-8c73bfd6690b" />
    <UnitTestResult executionId="210219db-f775-4e4e-a87a-2fe309dc840a" testId="dbe3671d-57f9-491f-94d0-d120700b62d4" testName="Equals_Passing_Valid_Distinct_Values_Returns_False (Españá)" computerName="PC-SFERRARI" duration="00:00:00.0000188" startTime="2021-06-23T10:12:19.9841696+02:00" endTime="2021-06-23T10:12:19.9842548+02:00" testType="13cdc9d9-ddb5-4fa4-a97d-d965ccfc6d4b" outcome="Passed" testListId="8c84fa94-04c1-424b-9868-57a2d4851a1d" relativeResultsDirectory="210219db-f775-4e4e-a87a-2fe309dc840a" />
    <UnitTestResult executionId="e38812df-efd1-4923-a18d-185c27450c4a" testId="b3313af5-d9ca-4513-8c24-0f4f3aa55122" testName="Create_Passing_InvalidOrNull_Value_Returns_ApplicationException ()" computerName="PC-SFERRARI" duration="00:00:00.0004890" startTime="2021-06-23T10:12:20.0498911+02:00" endTime="2021-06-23T10:12:20.0505040+02:00" testType="13cdc9d9-ddb5-4fa4-a97d-d965ccfc6d4b" outcome="Passed" testListId="8c84fa94-04c1-424b-9868-57a2d4851a1d" relativeResultsDirectory="e38812df-efd1-4923-a18d-185c27450c4a" />
    <UnitTestResult executionId="19abd0ea-c8ab-41e7-953c-ef639914e9e2" testId="4ff34092-fe57-4957-8124-4277a6631999" testName="Create_Passing_Valid_Values_Returns_Name (Españä)" computerName="PC-SFERRARI" duration="00:00:00.0000089" startTime="2021-06-23T10:12:19.9809876+02:00" endTime="2021-06-23T10:12:19.9810398+02:00" testType="13cdc9d9-ddb5-4fa4-a97d-d965ccfc6d4b" outcome="Passed" testListId="8c84fa94-04c1-424b-9868-57a2d4851a1d" relativeResultsDirectory="19abd0ea-c8ab-41e7-953c-ef639914e9e2" />
    <UnitTestResult executionId="968e6058-ee0a-4efe-a801-128bdebcb814" testId="7b37e179-7b5f-44ca-a701-5c5b196980ea" testName="IsNull_Passing_Null_Value_Returns_True" computerName="PC-SFERRARI" duration="00:00:00.0005428" startTime="2021-06-23T10:12:20.0863228+02:00" endTime="2021-06-23T10:12:20.0869445+02:00" testType="13cdc9d9-ddb5-4fa4-a97d-d965ccfc6d4b" outcome="Passed" testListId="8c84fa94-04c1-424b-9868-57a2d4851a1d" relativeResultsDirectory="968e6058-ee0a-4efe-a801-128bdebcb814" />
    <UnitTestResult executionId="a44dfbce-7213-43af-849c-b4b5904b8bd5" testId="03c7b23c-da90-4998-be3f-6cf4c1c397fa" testName="Equals_Passing_Valid_Values_Returns_True (D45,86554654)" computerName="PC-SFERRARI" duration="00:00:00.0000188" startTime="2021-06-23T10:12:20.0861726+02:00" endTime="2021-06-23T10:12:20.0862835+02:00" testType="13cdc9d9-ddb5-4fa4-a97d-d965ccfc6d4b" outcome="Passed" testListId="8c84fa94-04c1-424b-9868-57a2d4851a1d" relativeResultsDirectory="a44dfbce-7213-43af-849c-b4b5904b8bd5" />
    <UnitTestResult executionId="ddd6bc74-3e8b-438e-8ca3-0b0044601005" testId="ccca05f8-ca19-4d57-a0cf-20a0d600504f" testName="Change_Passing_Valid_Values_Returns_Email (aaa@aaa.aaa,hhh@hhh.hhh)" computerName="PC-SFERRARI" duration="00:00:00.0069481" startTime="2021-06-23T10:12:19.8431973+02:00" endTime="2021-06-23T10:12:19.8504825+02:00" testType="13cdc9d9-ddb5-4fa4-a97d-d965ccfc6d4b" outcome="Passed" testListId="8c84fa94-04c1-424b-9868-57a2d4851a1d" relativeResultsDirectory="ddd6bc74-3e8b-438e-8ca3-0b0044601005" />
    <UnitTestResult executionId="09e4e15c-5bbc-4753-b880-05cef3441161" testId="50d73055-62e7-4554-b90b-d840df8ceaaa" testName="OperatorNotEqual_Passing_Valid_Values_Returns_False (Españà)" computerName="PC-SFERRARI" duration="00:00:00.0000189" startTime="2021-06-23T10:12:20.0104467+02:00" endTime="2021-06-23T10:12:20.0105328+02:00" testType="13cdc9d9-ddb5-4fa4-a97d-d965ccfc6d4b" outcome="Passed" testListId="8c84fa94-04c1-424b-9868-57a2d4851a1d" relativeResultsDirectory="09e4e15c-5bbc-4753-b880-05cef3441161" />
    <UnitTestResult executionId="fcdead81-0f39-4333-97d5-2fe0812a7b2b" testId="dbf089c6-b69a-440d-8403-5283bd5619f0" testName="ToString_Passing_Valid_Values_Returns_Name (España)" computerName="PC-SFERRARI" duration="00:00:00.0002960" startTime="2021-06-23T10:12:20.0264147+02:00" endTime="2021-06-23T10:12:20.0267624+02:00" testType="13cdc9d9-ddb5-4fa4-a97d-d965ccfc6d4b" outcome="Passed" testListId="8c84fa94-04c1-424b-9868-57a2d4851a1d" relativeResultsDirectory="fcdead81-0f39-4333-97d5-2fe0812a7b2b" />
    <UnitTestResult executionId="e585f8ab-d694-49e7-9ce7-c3e4419b0452" testId="c47c98be-6d2e-40ed-b8ad-ce4bf7e78ef7" testName="OperatorNotEqual_Passing_Valid_Values_Returns_False (San Bartoleme De Tirajana)" computerName="PC-SFERRARI" duration="00:00:00.0002155" startTime="2021-06-23T10:12:20.0431499+02:00" endTime="2021-06-23T10:12:20.0434807+02:00" testType="13cdc9d9-ddb5-4fa4-a97d-d965ccfc6d4b" outcome="Passed" testListId="8c84fa94-04c1-424b-9868-57a2d4851a1d" relativeResultsDirectory="e585f8ab-d694-49e7-9ce7-c3e4419b0452" />
    <UnitTestResult executionId="14a9a2b1-c5e4-4900-ab27-2e3bec7108ce" testId="51a25d2f-a724-4a75-8ef7-3265b64e873d" testName="IsNull_Passing_Valid_Value_Returns_False (Españã)" computerName="PC-SFERRARI" duration="00:00:00.0000137" startTime="2021-06-23T10:12:19.9932792+02:00" endTime="2021-06-23T10:12:19.9933601+02:00" testType="13cdc9d9-ddb5-4fa4-a97d-d965ccfc6d4b" outcome="Passed" testListId="8c84fa94-04c1-424b-9868-57a2d4851a1d" relativeResultsDirectory="14a9a2b1-c5e4-4900-ab27-2e3bec7108ce" />
    <UnitTestResult executionId="52443ffe-7b2c-4ac5-a149-7a10ef006f9d" testId="19016b01-fa1a-479b-b6f4-9c1d741b34d3" testName="OperatorEqual_Passing_Valid_Values_Returns_True (Pader,789,DF7956,Sabadell,Barcelona,España)" computerName="PC-SFERRARI" duration="00:00:00.0000212" startTime="2021-06-23T10:12:19.7649771+02:00" endTime="2021-06-23T10:12:19.7650860+02:00" testType="13cdc9d9-ddb5-4fa4-a97d-d965ccfc6d4b" outcome="Passed" testListId="8c84fa94-04c1-424b-9868-57a2d4851a1d" relativeResultsDirectory="52443ffe-7b2c-4ac5-a149-7a10ef006f9d" />
    <UnitTestResult executionId="a4c81011-3323-4072-ba90-66c54624db66" testId="e8b75528-b0df-47f5-b80a-835a24d3afa4" testName="OperatorNotEqual_Passing_Valid_Values_Returns_False (dasdasd@dsasd.ff)" computerName="PC-SFERRARI" duration="00:00:00.0008856" startTime="2021-06-23T10:12:19.8624826+02:00" endTime="2021-06-23T10:12:19.8634376+02:00" testType="13cdc9d9-ddb5-4fa4-a97d-d965ccfc6d4b" outcome="Passed" testListId="8c84fa94-04c1-424b-9868-57a2d4851a1d" relativeResultsDirectory="a4c81011-3323-4072-ba90-66c54624db66" />
    <UnitTestResult executionId="331fcf3a-f8a1-4cb2-becf-5638a3253962" testId="7c53683d-67b9-4846-aed5-b170b43a514e" testName="Equals_Passing_Valid_Distinct_Values_Returns_False (Españç)" computerName="PC-SFERRARI" duration="00:00:00.0000112" startTime="2021-06-23T10:12:19.9846814+02:00" endTime="2021-06-23T10:12:19.9847355+02:00" testType="13cdc9d9-ddb5-4fa4-a97d-d965ccfc6d4b" outcome="Passed" testListId="8c84fa94-04c1-424b-9868-57a2d4851a1d" relativeResultsDirectory="331fcf3a-f8a1-4cb2-becf-5638a3253962" />
    <UnitTestResult executionId="6a9fbe8d-6188-4d72-8772-62fdfbd12381" testId="062e7fa9-57f7-490c-a728-ff78aad87efc" testName="OperatorEqual_Passing_Valid_Values_Returns_True (400,USD,8)" computerName="PC-SFERRARI" duration="00:00:00.0025270" startTime="2021-06-23T10:12:19.9603826+02:00" endTime="2021-06-23T10:12:19.9630100+02:00" testType="13cdc9d9-ddb5-4fa4-a97d-d965ccfc6d4b" outcome="Passed" testListId="8c84fa94-04c1-424b-9868-57a2d4851a1d" relativeResultsDirectory="6a9fbe8d-6188-4d72-8772-62fdfbd12381" />
    <UnitTestResult executionId="1e6f8f5f-8e44-476c-bc3b-043c7a29c247" testId="d61692d8-c114-42ed-90a5-2c6ed746dcd5" testName="IsNull_Passing_Valid_Address_Returns_False (Pader,789,DF7956,Sabadell,Barcelona,España)" computerName="PC-SFERRARI" duration="00:00:00.0000161" startTime="2021-06-23T10:12:19.7597797+02:00" endTime="2021-06-23T10:12:19.7598743+02:00" testType="13cdc9d9-ddb5-4fa4-a97d-d965ccfc6d4b" outcome="Passed" testListId="8c84fa94-04c1-424b-9868-57a2d4851a1d" relativeResultsDirectory="1e6f8f5f-8e44-476c-bc3b-043c7a29c247" />
    <UnitTestResult executionId="edf6d5ef-40e0-4ed2-a1b7-eb2e39a19665" testId="7425fada-7b89-4751-8461-66d3d9e68f74" testName="Equals_Passing_Valid_Distinct_Values_Returns_False (456,43543543543)" computerName="PC-SFERRARI" duration="00:00:00.0034183" startTime="2021-06-23T10:12:20.0774465+02:00" endTime="2021-06-23T10:12:20.0809507+02:00" testType="13cdc9d9-ddb5-4fa4-a97d-d965ccfc6d4b" outcome="Passed" testListId="8c84fa94-04c1-424b-9868-57a2d4851a1d" relativeResultsDirectory="edf6d5ef-40e0-4ed2-a1b7-eb2e39a19665" />
    <UnitTestResult executionId="a5c00f5f-a946-4a17-99bc-5f729fbe5f61" testId="44374d9d-6172-4b12-bd88-0809fe378975" testName="Equals_Passing_Valid_Distinct_Values_Returns_False (Españã)" computerName="PC-SFERRARI" duration="00:00:00.0000113" startTime="2021-06-23T10:12:19.9845920+02:00" endTime="2021-06-23T10:12:19.9846464+02:00" testType="13cdc9d9-ddb5-4fa4-a97d-d965ccfc6d4b" outcome="Passed" testListId="8c84fa94-04c1-424b-9868-57a2d4851a1d" relativeResultsDirectory="a5c00f5f-a946-4a17-99bc-5f729fbe5f61" />
    <UnitTestResult executionId="de7b1cc8-c751-4cd6-a69e-d03633e032ce" testId="d1bd1465-1aae-43f2-8148-fe8ae13b9d60" testName="Create_Passing_Valid_Values_Returns_StringId (Espania)" computerName="PC-SFERRARI" duration="00:00:00.0000054" startTime="2021-06-23T10:12:20.0357007+02:00" endTime="2021-06-23T10:12:20.0357517+02:00" testType="13cdc9d9-ddb5-4fa4-a97d-d965ccfc6d4b" outcome="Passed" testListId="8c84fa94-04c1-424b-9868-57a2d4851a1d" relativeResultsDirectory="de7b1cc8-c751-4cd6-a69e-d03633e032ce" />
    <UnitTestResult executionId="a8ab761e-71de-46b9-a2c6-d096e5b006e4" testId="5455eeb4-e5f7-484e-9ce3-137f4cf7c8f3" testName="OperatorNotEqual_Passing_Valid_Values_Returns_False (stage_hackerone.com)" computerName="PC-SFERRARI" duration="00:00:00.0000296" startTime="2021-06-23T10:12:20.0695174+02:00" endTime="2021-06-23T10:12:20.0696375+02:00" testType="13cdc9d9-ddb5-4fa4-a97d-d965ccfc6d4b" outcome="Passed" testListId="8c84fa94-04c1-424b-9868-57a2d4851a1d" relativeResultsDirectory="a8ab761e-71de-46b9-a2c6-d096e5b006e4" />
    <UnitTestResult executionId="3644cf6d-faeb-4283-a028-cfd3e2b5f474" testId="fcca4c2a-78af-4f81-9dfb-723f52082f56" testName="OperatorNotEqual_Passing_Valid_Values_Returns_True (Esp añâ)" computerName="PC-SFERRARI" duration="00:00:00.0000202" startTime="2021-06-23T10:12:20.0224443+02:00" endTime="2021-06-23T10:12:20.0225382+02:00" testType="13cdc9d9-ddb5-4fa4-a97d-d965ccfc6d4b" outcome="Passed" testListId="8c84fa94-04c1-424b-9868-57a2d4851a1d" relativeResultsDirectory="3644cf6d-faeb-4283-a028-cfd3e2b5f474" />
    <UnitTestResult executionId="be71ee2c-9cc9-432d-94bc-a5e811970be8" testId="05ed5c53-7ca8-4155-9cf7-293cda4bd2cf" testName="GetAll_Passing_Nothing_Returns_Enumeracion_List" computerName="PC-SFERRARI" duration="00:00:00.0010873" startTime="2021-06-23T10:12:19.6999873+02:00" endTime="2021-06-23T10:12:19.7013450+02:00" testType="13cdc9d9-ddb5-4fa4-a97d-d965ccfc6d4b" outcome="Passed" testListId="8c84fa94-04c1-424b-9868-57a2d4851a1d" relativeResultsDirectory="be71ee2c-9cc9-432d-94bc-a5e811970be8" />
    <UnitTestResult executionId="5cbba872-3301-4169-a0d9-d275e584de64" testId="16367c80-c9a0-4b04-84df-ab9ea8941fe9" testName="OperatorNotEqual_Passing_Valid_Values_Returns_True (www.hackerone-com)" computerName="PC-SFERRARI" duration="00:00:00.0000127" startTime="2021-06-23T10:12:20.0699196+02:00" endTime="2021-06-23T10:12:20.0699754+02:00" testType="13cdc9d9-ddb5-4fa4-a97d-d965ccfc6d4b" outcome="Passed" testListId="8c84fa94-04c1-424b-9868-57a2d4851a1d" relativeResultsDirectory="5cbba872-3301-4169-a0d9-d275e584de64" />
    <UnitTestResult executionId="55661749-84b4-4dc7-aaf9-feba6177c87a" testId="94bb315e-dc7a-4783-a8f5-bf5712cf33eb" testName="Equals_Passing_Valid_Values_Returns_True (Españã)" computerName="PC-SFERRARI" duration="00:00:00.0000183" startTime="2021-06-23T10:12:19.9874054+02:00" endTime="2021-06-23T10:12:19.9874900+02:00" testType="13cdc9d9-ddb5-4fa4-a97d-d965ccfc6d4b" outcome="Passed" testListId="8c84fa94-04c1-424b-9868-57a2d4851a1d" relativeResultsDirectory="55661749-84b4-4dc7-aaf9-feba6177c87a" />
    <UnitTestResult executionId="b7403460-532c-40b5-ab86-7c5be752d10d" testId="67af538b-8d82-4782-a577-3abc0791af40" testName="OperatorEqual_Passing_Valid_Values_Returns_True (USD)" computerName="PC-SFERRARI" duration="00:00:00.0014880" startTime="2021-06-23T10:12:19.8342531+02:00" endTime="2021-06-23T10:12:19.8358320+02:00" testType="13cdc9d9-ddb5-4fa4-a97d-d965ccfc6d4b" outcome="Passed" testListId="8c84fa94-04c1-424b-9868-57a2d4851a1d" relativeResultsDirectory="b7403460-532c-40b5-ab86-7c5be752d10d" />
    <UnitTestResult executionId="37314e89-87a9-497b-9a83-f11973e59a3f" testId="fd0e1bf8-ad14-4a50-9de0-f386e30f63d9" testName="IsNull_Passing_Valid_Value_Returns_False (stage_hackerone.com)" computerName="PC-SFERRARI" duration="00:00:00.0000176" startTime="2021-06-23T10:12:20.0636911+02:00" endTime="2021-06-23T10:12:20.0637791+02:00" testType="13cdc9d9-ddb5-4fa4-a97d-d965ccfc6d4b" outcome="Passed" testListId="8c84fa94-04c1-424b-9868-57a2d4851a1d" relativeResultsDirectory="37314e89-87a9-497b-9a83-f11973e59a3f" />
    <UnitTestResult executionId="f6f06f49-bbd8-4282-9a75-831ab3b4295f" testId="ccca367d-59b6-4aa9-8236-214fdb3e1bb9" testName="ToEnum_Passing_Null_Bool_Value_Returns_Inactive_Status" computerName="PC-SFERRARI" duration="00:00:00.0002084" startTime="2021-06-23T10:12:19.7208407+02:00" endTime="2021-06-23T10:12:19.7211334+02:00" testType="13cdc9d9-ddb5-4fa4-a97d-d965ccfc6d4b" outcome="Passed" testListId="8c84fa94-04c1-424b-9868-57a2d4851a1d" relativeResultsDirectory="f6f06f49-bbd8-4282-9a75-831ab3b4295f" />
    <UnitTestResult executionId="387c4cec-5408-4067-a259-243974ad358a" testId="6e39a8ea-8b68-4873-b3e2-993c2a61b07e" testName="ToString_Passing_Valid_Values_Returns_Value_String_Format (D45,86554654)" computerName="PC-SFERRARI" duration="00:00:00.0000130" startTime="2021-06-23T10:12:20.0926747+02:00" endTime="2021-06-23T10:12:20.0927531+02:00" testType="13cdc9d9-ddb5-4fa4-a97d-d965ccfc6d4b" outcome="Passed" testListId="8c84fa94-04c1-424b-9868-57a2d4851a1d" relativeResultsDirectory="387c4cec-5408-4067-a259-243974ad358a" />
    <UnitTestResult executionId="c77c6873-f494-44cc-9a7e-f0d0a36bb641" testId="35d03450-7d5a-47a8-baa3-3e7f49d17504" testName="OperatorEqual_Passing_Valid_Distinct_Values_Returns_False (Españã)" computerName="PC-SFERRARI" duration="00:00:00.0000175" startTime="2021-06-23T10:12:19.9996235+02:00" endTime="2021-06-23T10:12:19.9997005+02:00" testType="13cdc9d9-ddb5-4fa4-a97d-d965ccfc6d4b" outcome="Passed" testListId="8c84fa94-04c1-424b-9868-57a2d4851a1d" relativeResultsDirectory="c77c6873-f494-44cc-9a7e-f0d0a36bb641" />
    <UnitTestResult executionId="41004a1e-6328-4bd8-8e58-b5aefa605f44" testId="db897375-9289-46ad-9602-b48acaba0a7e" testName="ToNormalize_Passing_Valid_Values_Returns_Address_String_Format (bb_ads@ggg.cc)" computerName="PC-SFERRARI" duration="00:00:00.0000923" startTime="2021-06-23T10:12:19.8894584+02:00" endTime="2021-06-23T10:12:19.8896244+02:00" testType="13cdc9d9-ddb5-4fa4-a97d-d965ccfc6d4b" outcome="Passed" testListId="8c84fa94-04c1-424b-9868-57a2d4851a1d" relativeResultsDirectory="41004a1e-6328-4bd8-8e58-b5aefa605f44" />
    <UnitTestResult executionId="82aa9dcf-7032-42e7-8365-773d027a0e04" testId="6a34e643-a5d7-47e6-8a30-c93dccfe9961" testName="OperatorEqual_Passing_Valid_Distinct_Values_Returns_False (Españá)" computerName="PC-SFERRARI" duration="00:00:00.0000224" startTime="2021-06-23T10:12:19.9990301+02:00" endTime="2021-06-23T10:12:19.9991360+02:00" testType="13cdc9d9-ddb5-4fa4-a97d-d965ccfc6d4b" outcome="Passed" testListId="8c84fa94-04c1-424b-9868-57a2d4851a1d" relativeResultsDirectory="82aa9dcf-7032-42e7-8365-773d027a0e04" />
    <UnitTestResult executionId="959af462-6644-432c-81f6-7e0df7e80827" testId="ee568b84-6c36-4f81-b2c8-f7c07781d6ed" testName="Equals_Passing_Valid_Values_Returns_True (400,USD,8)" computerName="PC-SFERRARI" duration="00:00:00.0008919" startTime="2021-06-23T10:12:19.9541392+02:00" endTime="2021-06-23T10:12:19.9550846+02:00" testType="13cdc9d9-ddb5-4fa4-a97d-d965ccfc6d4b" outcome="Passed" testListId="8c84fa94-04c1-424b-9868-57a2d4851a1d" relativeResultsDirectory="959af462-6644-432c-81f6-7e0df7e80827" />
    <UnitTestResult executionId="adb89b01-7cf5-420e-8cd7-000ed369dcff" testId="bdccf849-551a-4325-96e5-7ac24eeeab34" testName="Create_Passing_Valid_Values_Returns_FullName (Sabadell,Barcelona,España)" computerName="PC-SFERRARI" duration="00:00:00.0000457" startTime="2021-06-23T10:12:19.9000047+02:00" endTime="2021-06-23T10:12:19.9001703+02:00" testType="13cdc9d9-ddb5-4fa4-a97d-d965ccfc6d4b" outcome="Passed" testListId="8c84fa94-04c1-424b-9868-57a2d4851a1d" relativeResultsDirectory="adb89b01-7cf5-420e-8cd7-000ed369dcff" />
    <UnitTestResult executionId="56a652cc-b239-4d0d-9522-6679acd110d3" testId="8543a278-ef7e-42ae-8845-4722a241261a" testName="IsNull_Passing_Valid_Values_Returns_False (Sabadell,Barcelona,España)" computerName="PC-SFERRARI" duration="00:00:00.0000380" startTime="2021-06-23T10:12:19.9070191+02:00" endTime="2021-06-23T10:12:19.9071716+02:00" testType="13cdc9d9-ddb5-4fa4-a97d-d965ccfc6d4b" outcome="Passed" testListId="8c84fa94-04c1-424b-9868-57a2d4851a1d" relativeResultsDirectory="56a652cc-b239-4d0d-9522-6679acd110d3" />
    <UnitTestResult executionId="51d62f6d-cfdf-4a0e-8df7-7e6118f548f1" testId="f81bec9d-ab67-46bf-9632-e1fdae1f962c" testName="Equals_Passing_Valid_Values_Returns_True (EUR)" computerName="PC-SFERRARI" duration="00:00:00.0004371" startTime="2021-06-23T10:12:19.8263016+02:00" endTime="2021-06-23T10:12:19.8268000+02:00" testType="13cdc9d9-ddb5-4fa4-a97d-d965ccfc6d4b" outcome="Passed" testListId="8c84fa94-04c1-424b-9868-57a2d4851a1d" relativeResultsDirectory="51d62f6d-cfdf-4a0e-8df7-7e6118f548f1" />
    <UnitTestResult executionId="3deb51c2-2492-4428-a6be-60f1c38f37c6" testId="27777a7b-87a7-4814-a8aa-d853ec6ae881" testName="IsFemale_Passing_Nothing_Returns_True" computerName="PC-SFERRARI" duration="00:00:00.0002958" startTime="2021-06-23T10:12:19.6888520+02:00" endTime="2021-06-23T10:12:19.6892697+02:00" testType="13cdc9d9-ddb5-4fa4-a97d-d965ccfc6d4b" outcome="Passed" testListId="8c84fa94-04c1-424b-9868-57a2d4851a1d" relativeResultsDirectory="3deb51c2-2492-4428-a6be-60f1c38f37c6" />
    <UnitTestResult executionId="d1a50f1b-0829-4d39-a25e-3191d52fe77d" testId="2f19bde4-71ab-4d83-b83e-0970a36720d2" testName="ToEnum_Passing_Valid_String_ShortName_Enumeracion_Returns_Enumeracion" computerName="PC-SFERRARI" duration="00:00:00.0002879" startTime="2021-06-23T10:12:19.6910346+02:00" endTime="2021-06-23T10:12:19.6913990+02:00" testType="13cdc9d9-ddb5-4fa4-a97d-d965ccfc6d4b" outcome="Passed" testListId="8c84fa94-04c1-424b-9868-57a2d4851a1d" relativeResultsDirectory="d1a50f1b-0829-4d39-a25e-3191d52fe77d" />
    <UnitTestResult executionId="fc54e6f2-e9ca-4486-8148-e6c631fe1780" testId="78e9cb60-d458-48ee-80b6-05a14a967ebb" testName="Equals_Passing_Valid_Values_Returns_True (Pader,789,DF7956,Sabadell,Barcelona,España)" computerName="PC-SFERRARI" duration="00:00:00.0000326" startTime="2021-06-23T10:12:19.7584600+02:00" endTime="2021-06-23T10:12:19.7585991+02:00" testType="13cdc9d9-ddb5-4fa4-a97d-d965ccfc6d4b" outcome="Passed" testListId="8c84fa94-04c1-424b-9868-57a2d4851a1d" relativeResultsDirectory="fc54e6f2-e9ca-4486-8148-e6c631fe1780" />
    <UnitTestResult executionId="ec903d91-f858-40ad-a87e-33b22f483874" testId="79b9b15d-775b-420a-bf72-1268b69eee1d" testName="ToString_Passing_Valid_Values_Returns_Currency_String_Symbol (EUR)" computerName="PC-SFERRARI" duration="00:00:00.0010018" startTime="2021-06-23T10:12:19.8398255+02:00" endTime="2021-06-23T10:12:19.8409452+02:00" testType="13cdc9d9-ddb5-4fa4-a97d-d965ccfc6d4b" outcome="Passed" testListId="8c84fa94-04c1-424b-9868-57a2d4851a1d" relativeResultsDirectory="ec903d91-f858-40ad-a87e-33b22f483874" />
    <UnitTestResult executionId="5bbe8f53-2a16-41bb-b87f-2e516a38870d" testId="790a1678-ac34-4624-ac0c-78dc98fb043c" testName="IsNull_Passing_Valid_Value_Returns_False (Españà)" computerName="PC-SFERRARI" duration="00:00:00.0000138" startTime="2021-06-23T10:12:19.9928775+02:00" endTime="2021-06-23T10:12:19.9929579+02:00" testType="13cdc9d9-ddb5-4fa4-a97d-d965ccfc6d4b" outcome="Passed" testListId="8c84fa94-04c1-424b-9868-57a2d4851a1d" relativeResultsDirectory="5bbe8f53-2a16-41bb-b87f-2e516a38870d" />
    <UnitTestResult executionId="fca72531-3390-4a2f-86b8-9728796a6448" testId="bb75074c-1d0c-40e8-aff5-d2d59998fc21" testName="Equals_Passing_Valid_Distinct_Values_Returns_False (200,EUR,4)" computerName="PC-SFERRARI" duration="00:00:00.0009590" startTime="2021-06-23T10:12:19.9467111+02:00" endTime="2021-06-23T10:12:19.9477938+02:00" testType="13cdc9d9-ddb5-4fa4-a97d-d965ccfc6d4b" outcome="Passed" testListId="8c84fa94-04c1-424b-9868-57a2d4851a1d" relativeResultsDirectory="fca72531-3390-4a2f-86b8-9728796a6448" />
    <UnitTestResult executionId="f57b1350-d6d1-4447-80e1-3cf5fd75683f" testId="49053b83-daa3-44db-8c34-b4b349cd5cd6" testName="OperatorEqual_Passing_Valid_Distinct_Values_Returns_False (Españħ)" computerName="PC-SFERRARI" duration="00:00:00.0000183" startTime="2021-06-23T10:12:20.0025416+02:00" endTime="2021-06-23T10:12:20.0026274+02:00" testType="13cdc9d9-ddb5-4fa4-a97d-d965ccfc6d4b" outcome="Passed" testListId="8c84fa94-04c1-424b-9868-57a2d4851a1d" relativeResultsDirectory="f57b1350-d6d1-4447-80e1-3cf5fd75683f" />
    <UnitTestResult executionId="a3e54f24-3fc5-4698-af9b-b174fbf3e531" testId="5cf67e9c-14e0-4097-9080-ef9c98253084" testName="IsNull_Passing_Valid_Value_Returns_False (Españá)" computerName="PC-SFERRARI" duration="00:00:00.0000183" startTime="2021-06-23T10:12:19.9927009+02:00" endTime="2021-06-23T10:12:19.9928156+02:00" testType="13cdc9d9-ddb5-4fa4-a97d-d965ccfc6d4b" outcome="Passed" testListId="8c84fa94-04c1-424b-9868-57a2d4851a1d" relativeResultsDirectory="a3e54f24-3fc5-4698-af9b-b174fbf3e531" />
    <UnitTestResult executionId="bfec55a4-bead-4ab6-bfbd-c890987fbb2b" testId="e1bcfbb4-1ddf-47ef-a8f4-51114f66ceb2" testName="OperatorEqual_Passing_Valid_Distinct_Values_Returns_False (Españç)" computerName="PC-SFERRARI" duration="00:00:00.0000293" startTime="2021-06-23T10:12:20.0023028+02:00" endTime="2021-06-23T10:12:20.0024489+02:00" testType="13cdc9d9-ddb5-4fa4-a97d-d965ccfc6d4b" outcome="Passed" testListId="8c84fa94-04c1-424b-9868-57a2d4851a1d" relativeResultsDirectory="bfec55a4-bead-4ab6-bfbd-c890987fbb2b" />
    <UnitTestResult executionId="53f8824c-4284-46ce-b23f-5f6016340e47" testId="2bcaf904-2eeb-4359-8270-d3249d39619d" testName="Create_Passing_Valid_Values_Returns_Name (Españç)" computerName="PC-SFERRARI" duration="00:00:00.0000085" startTime="2021-06-23T10:12:19.9812481+02:00" endTime="2021-06-23T10:12:19.9812981+02:00" testType="13cdc9d9-ddb5-4fa4-a97d-d965ccfc6d4b" outcome="Passed" testListId="8c84fa94-04c1-424b-9868-57a2d4851a1d" relativeResultsDirectory="53f8824c-4284-46ce-b23f-5f6016340e47" />
    <UnitTestResult executionId="177bbade-f48f-49e1-a7e0-c08abc0f0c7c" testId="ab25d962-8ed6-4196-9a76-d99a7aef782d" testName="OperatorEqual_Passing_Valid_Values_Returns_False (Pader,789,DF7956,Sabadell,Barcelona,España)" computerName="PC-SFERRARI" duration="00:00:00.0000294" startTime="2021-06-23T10:12:19.7641879+02:00" endTime="2021-06-23T10:12:19.7643551+02:00" testType="13cdc9d9-ddb5-4fa4-a97d-d965ccfc6d4b" outcome="Passed" testListId="8c84fa94-04c1-424b-9868-57a2d4851a1d" relativeResultsDirectory="177bbade-f48f-49e1-a7e0-c08abc0f0c7c" />
    <UnitTestResult executionId="1fd5cbf2-d6cf-4bb2-9338-92a32558b549" testId="2b26bbcd-7828-443c-9f2a-63c9a64324a4" testName="ToString_Passing_Valid_Values_Returns_Name (Españç)" computerName="PC-SFERRARI" duration="00:00:00.0000354" startTime="2021-06-23T10:12:20.0332250+02:00" endTime="2021-06-23T10:12:20.0334334+02:00" testType="13cdc9d9-ddb5-4fa4-a97d-d965ccfc6d4b" outcome="Passed" testListId="8c84fa94-04c1-424b-9868-57a2d4851a1d" relativeResultsDirectory="1fd5cbf2-d6cf-4bb2-9338-92a32558b549" />
    <UnitTestResult executionId="b1764621-8bc5-4aa1-819d-af35dd62baea" testId="83f06cd4-c9b6-408a-bfd5-66130ec1e807" testName="Create_Passing_InvalidOrNull_Value_Returns_ApplicationException (,43543543543)" computerName="PC-SFERRARI" duration="00:00:00.0005149" startTime="2021-06-23T10:12:20.0757174+02:00" endTime="2021-06-23T10:12:20.0763631+02:00" testType="13cdc9d9-ddb5-4fa4-a97d-d965ccfc6d4b" outcome="Passed" testListId="8c84fa94-04c1-424b-9868-57a2d4851a1d" relativeResultsDirectory="b1764621-8bc5-4aa1-819d-af35dd62baea" />
    <UnitTestResult executionId="dd70be96-b890-4de6-8ffd-e1f3c59a934c" testId="89c1e5b3-894c-441e-80d0-38acdb414c99" testName="Equals_Passing_Valid_Distinct_Values_Returns_False (www.hackerone-com)" computerName="PC-SFERRARI" duration="00:00:00.0000227" startTime="2021-06-23T10:12:20.0572351+02:00" endTime="2021-06-23T10:12:20.0573294+02:00" testType="13cdc9d9-ddb5-4fa4-a97d-d965ccfc6d4b" outcome="Passed" testListId="8c84fa94-04c1-424b-9868-57a2d4851a1d" relativeResultsDirectory="dd70be96-b890-4de6-8ffd-e1f3c59a934c" />
    <UnitTestResult executionId="9d447637-0b52-4268-9498-173f234b4ad2" testId="facb57e9-9699-48c5-bc5c-1c02e5328e7e" testName="ToEnum_Passing_Invalid_String_Name_Enumeracion_Returns_Null" computerName="PC-SFERRARI" duration="00:00:00.0002942" startTime="2021-06-23T10:12:19.7301707+02:00" endTime="2021-06-23T10:12:19.7305824+02:00" testType="13cdc9d9-ddb5-4fa4-a97d-d965ccfc6d4b" outcome="Passed" testListId="8c84fa94-04c1-424b-9868-57a2d4851a1d" relativeResultsDirectory="9d447637-0b52-4268-9498-173f234b4ad2" />
    <UnitTestResult executionId="aa536889-3391-4b2a-9280-b2b167b15c7d" testId="1858e4f2-8929-4994-9714-674fde759440" testName="IsNull_Passing_Valid_Value_Returns_False (Españä)" computerName="PC-SFERRARI" duration="00:00:00.0000135" startTime="2021-06-23T10:12:19.9930094+02:00" endTime="2021-06-23T10:12:19.9930998+02:00" testType="13cdc9d9-ddb5-4fa4-a97d-d965ccfc6d4b" outcome="Passed" testListId="8c84fa94-04c1-424b-9868-57a2d4851a1d" relativeResultsDirectory="aa536889-3391-4b2a-9280-b2b167b15c7d" />
    <UnitTestResult executionId="d95c1882-bb40-4c5b-b398-ca9a134610b4" testId="683922c7-651f-4082-ad49-83789e7c794e" testName="ToString_Passing_Valid_Values_Returns_Subdomain (stage_hackerone.com)" computerName="PC-SFERRARI" duration="00:00:00.0000165" startTime="2021-06-23T10:12:20.0722923+02:00" endTime="2021-06-23T10:12:20.0723791+02:00" testType="13cdc9d9-ddb5-4fa4-a97d-d965ccfc6d4b" outcome="Passed" testListId="8c84fa94-04c1-424b-9868-57a2d4851a1d" relativeResultsDirectory="d95c1882-bb40-4c5b-b398-ca9a134610b4" />
    <UnitTestResult executionId="ea9babff-f852-49d5-8eb7-7ca0071fc490" testId="33605faf-059f-4ac2-a3c7-be6840744b80" testName="Equals_Passing_Valid_Values_Returns_True (www.hackerone-com)" computerName="PC-SFERRARI" duration="00:00:00.0000202" startTime="2021-06-23T10:12:20.0578253+02:00" endTime="2021-06-23T10:12:20.0579088+02:00" testType="13cdc9d9-ddb5-4fa4-a97d-d965ccfc6d4b" outcome="Passed" testListId="8c84fa94-04c1-424b-9868-57a2d4851a1d" relativeResultsDirectory="ea9babff-f852-49d5-8eb7-7ca0071fc490" />
    <UnitTestResult executionId="41036c01-7ea9-49c1-957a-00fc84c2ec99" testId="01b74f4c-d3ba-404a-9669-f12a58b5ab96" testName="OperatorEqual_Passing_Valid_Distinct_Values_Returns_False (Españà)" computerName="PC-SFERRARI" duration="00:00:00.0000192" startTime="2021-06-23T10:12:19.9991949+02:00" endTime="2021-06-23T10:12:19.9992931+02:00" testType="13cdc9d9-ddb5-4fa4-a97d-d965ccfc6d4b" outcome="Passed" testListId="8c84fa94-04c1-424b-9868-57a2d4851a1d" relativeResultsDirectory="41036c01-7ea9-49c1-957a-00fc84c2ec99" />
    <UnitTestResult executionId="8bd6f815-bce7-42a2-a0d9-894f4baad5ff" testId="5b044f69-d99b-4f37-bce4-8c31ae04f556" testName="IsMale_Passing_Nothing_Returns_True" computerName="PC-SFERRARI" duration="00:00:00.0002689" startTime="2021-06-23T10:12:19.6893196+02:00" endTime="2021-06-23T10:12:19.6896697+02:00" testType="13cdc9d9-ddb5-4fa4-a97d-d965ccfc6d4b" outcome="Passed" testListId="8c84fa94-04c1-424b-9868-57a2d4851a1d" relativeResultsDirectory="8bd6f815-bce7-42a2-a0d9-894f4baad5ff" />
    <UnitTestResult executionId="e0bc9f78-4019-44c2-bdb1-74a3bd298bf8" testId="72271632-6a82-465d-95dd-51b5220b0b98" testName="OperatorEqual_Passing_Valid_Values_Returns_True (Sabadell)" computerName="PC-SFERRARI" duration="00:00:00.0000065" startTime="2021-06-23T10:12:20.0414685+02:00" endTime="2021-06-23T10:12:20.0415181+02:00" testType="13cdc9d9-ddb5-4fa4-a97d-d965ccfc6d4b" outcome="Passed" testListId="8c84fa94-04c1-424b-9868-57a2d4851a1d" relativeResultsDirectory="e0bc9f78-4019-44c2-bdb1-74a3bd298bf8" />
    <UnitTestResult executionId="72ad5849-177a-4d01-9ca8-a12d846cb52d" testId="64639626-d292-4a7f-bb9b-e9826f72fd31" testName="Equals_Passing_Valid_Values_Returns_True (dasdasd@dsasd.ff)" computerName="PC-SFERRARI" duration="00:00:00.0001391" startTime="2021-06-23T10:12:19.8569528+02:00" endTime="2021-06-23T10:12:19.8571395+02:00" testType="13cdc9d9-ddb5-4fa4-a97d-d965ccfc6d4b" outcome="Passed" testListId="8c84fa94-04c1-424b-9868-57a2d4851a1d" relativeResultsDirectory="72ad5849-177a-4d01-9ca8-a12d846cb52d" />
    <UnitTestResult executionId="5bd6e371-1131-46db-bc55-3233c9de672c" testId="71c80cd0-a817-44d0-8d91-d9d59ff55ae9" testName="Change_Passing_Valid_Values_Returns_FullName" computerName="PC-SFERRARI" duration="00:00:00.0063835" startTime="2021-06-23T10:12:19.8896653+02:00" endTime="2021-06-23T10:12:19.8963742+02:00" testType="13cdc9d9-ddb5-4fa4-a97d-d965ccfc6d4b" outcome="Passed" testListId="8c84fa94-04c1-424b-9868-57a2d4851a1d" relativeResultsDirectory="5bd6e371-1131-46db-bc55-3233c9de672c" />
    <UnitTestResult executionId="2b95a17d-d6ae-4e96-95d6-3abd4d7db41a" testId="46fc8ea0-7b45-426d-b6f6-d40b8ff3731f" testName="ToString_Passing_Valid_Values_Returns_Subdomain (app.hackerone1.com)" computerName="PC-SFERRARI" duration="00:00:00.0002293" startTime="2021-06-23T10:12:20.0700987+02:00" endTime="2021-06-23T10:12:20.0703749+02:00" testType="13cdc9d9-ddb5-4fa4-a97d-d965ccfc6d4b" outcome="Passed" testListId="8c84fa94-04c1-424b-9868-57a2d4851a1d" relativeResultsDirectory="2b95a17d-d6ae-4e96-95d6-3abd4d7db41a" />
    <UnitTestResult executionId="d6f298aa-13ab-46de-b1fc-ebb24e4986ac" testId="0c162b7c-cd17-42be-b52c-4d1a185356e9" testName="IsNull_Passing_Valid_Value_Returns_False (Espania)" computerName="PC-SFERRARI" duration="00:00:00.0000060" startTime="2021-06-23T10:12:20.0408513+02:00" endTime="2021-06-23T10:12:20.0409080+02:00" testType="13cdc9d9-ddb5-4fa4-a97d-d965ccfc6d4b" outcome="Passed" testListId="8c84fa94-04c1-424b-9868-57a2d4851a1d" relativeResultsDirectory="d6f298aa-13ab-46de-b1fc-ebb24e4986ac" />
    <UnitTestResult executionId="05138538-a7fe-4e27-99a7-30f689504751" testId="c38346d0-04f0-406d-ab11-11422bb3afe3" testName="Equals_Passing_Valid_Distinct_Values_Returns_False (Españä)" computerName="PC-SFERRARI" duration="00:00:00.0000130" startTime="2021-06-23T10:12:19.9843975+02:00" endTime="2021-06-23T10:12:19.9844574+02:00" testType="13cdc9d9-ddb5-4fa4-a97d-d965ccfc6d4b" outcome="Passed" testListId="8c84fa94-04c1-424b-9868-57a2d4851a1d" relativeResultsDirectory="05138538-a7fe-4e27-99a7-30f689504751" />
    <UnitTestResult executionId="0330d182-428c-49aa-bf8a-deb37843585e" testId="5af25cd3-80c1-4638-80ca-f6953cde4d84" testName="OperatorEqual_Passing_Valid_Values_Returns_True (app.hackerone1.com)" computerName="PC-SFERRARI" duration="00:00:00.0002255" startTime="2021-06-23T10:12:20.0645681+02:00" endTime="2021-06-23T10:12:20.0648620+02:00" testType="13cdc9d9-ddb5-4fa4-a97d-d965ccfc6d4b" outcome="Passed" testListId="8c84fa94-04c1-424b-9868-57a2d4851a1d" relativeResultsDirectory="0330d182-428c-49aa-bf8a-deb37843585e" />
    <UnitTestResult executionId="e6007a71-50f9-44e0-aa03-ddb942d18669" testId="bbff1a8c-0aa3-4386-b82d-d66051754c07" testName="Equals_Passing_Valid_Values_Returns_True (San Bartoleme De Tirajana)" computerName="PC-SFERRARI" duration="00:00:00.0002924" startTime="2021-06-23T10:12:20.0392388+02:00" endTime="2021-06-23T10:12:20.0396676+02:00" testType="13cdc9d9-ddb5-4fa4-a97d-d965ccfc6d4b" outcome="Passed" testListId="8c84fa94-04c1-424b-9868-57a2d4851a1d" relativeResultsDirectory="e6007a71-50f9-44e0-aa03-ddb942d18669" />
    <UnitTestResult executionId="2f8f72c4-3933-4205-9c4f-90ab2d1cb00b" testId="78a2ec77-cea5-41a6-b0ac-a315ab5d8395" testName="OperatorEqual_Passing_Valid_Values_Returns_True (200,EUR,4)" computerName="PC-SFERRARI" duration="00:00:00.0001990" startTime="2021-06-23T10:12:19.9600455+02:00" endTime="2021-06-23T10:12:19.9603252+02:00" testType="13cdc9d9-ddb5-4fa4-a97d-d965ccfc6d4b" outcome="Passed" testListId="8c84fa94-04c1-424b-9868-57a2d4851a1d" relativeResultsDirectory="2f8f72c4-3933-4205-9c4f-90ab2d1cb00b" />
    <UnitTestResult executionId="4322ff18-7730-446b-89c0-51860c40fb67" testId="cb8c229a-4fd8-46be-8c08-02444bcb7b34" testName="IsNull_Passing_Valid_Value_Returns_False (Españç)" computerName="PC-SFERRARI" duration="00:00:00.0000305" startTime="2021-06-23T10:12:19.9979872+02:00" endTime="2021-06-23T10:12:19.9981647+02:00" testType="13cdc9d9-ddb5-4fa4-a97d-d965ccfc6d4b" outcome="Passed" testListId="8c84fa94-04c1-424b-9868-57a2d4851a1d" relativeResultsDirectory="4322ff18-7730-446b-89c0-51860c40fb67" />
    <UnitTestResult executionId="4964b09d-f555-4f95-aabc-1788c1e215c5" testId="3f6cd6ec-8b22-40ce-8b4e-770050909931" testName="ToString_Passing_Valid_Values_Returns_Name (Esp añâ)" computerName="PC-SFERRARI" duration="00:00:00.0000166" startTime="2021-06-23T10:12:20.0337437+02:00" endTime="2021-06-23T10:12:20.0338473+02:00" testType="13cdc9d9-ddb5-4fa4-a97d-d965ccfc6d4b" outcome="Passed" testListId="8c84fa94-04c1-424b-9868-57a2d4851a1d" relativeResultsDirectory="4964b09d-f555-4f95-aabc-1788c1e215c5" />
    <UnitTestResult executionId="2001b523-4cb1-487a-a07a-e8204b1f5877" testId="ffcc0e4e-3721-429e-8f5b-1cd0c0633d1e" testName="ToString_Passing_Valid_Values_Returns_Name (Españħ)" computerName="PC-SFERRARI" duration="00:00:00.0000185" startTime="2021-06-23T10:12:20.0335635+02:00" endTime="2021-06-23T10:12:20.0336749+02:00" testType="13cdc9d9-ddb5-4fa4-a97d-d965ccfc6d4b" outcome="Passed" testListId="8c84fa94-04c1-424b-9868-57a2d4851a1d" relativeResultsDirectory="2001b523-4cb1-487a-a07a-e8204b1f5877" />
    <UnitTestResult executionId="fa8bd157-ffe9-4605-877c-768a08ba07d0" testId="c14d3b13-1fe9-409a-b57a-5be78489de3c" testName="Change_Passing_Valid_Values_Returns_Address (200,EUR,4)" computerName="PC-SFERRARI" duration="00:00:00.0012982" startTime="2021-06-23T10:12:19.9349717+02:00" endTime="2021-06-23T10:12:19.9364821+02:00" testType="13cdc9d9-ddb5-4fa4-a97d-d965ccfc6d4b" outcome="Passed" testListId="8c84fa94-04c1-424b-9868-57a2d4851a1d" relativeResultsDirectory="fa8bd157-ffe9-4605-877c-768a08ba07d0" />
    <UnitTestResult executionId="bd7daeb1-3655-45be-92d9-172d6c3cc7a6" testId="ac45b9e8-181d-4db8-b841-f963a017ce72" testName="Create_Passing_Valid_Values_Returns_Name (Españħ)" computerName="PC-SFERRARI" duration="00:00:00.0000117" startTime="2021-06-23T10:12:19.9829487+02:00" endTime="2021-06-23T10:12:19.9830324+02:00" testType="13cdc9d9-ddb5-4fa4-a97d-d965ccfc6d4b" outcome="Passed" testListId="8c84fa94-04c1-424b-9868-57a2d4851a1d" relativeResultsDirectory="bd7daeb1-3655-45be-92d9-172d6c3cc7a6" />
    <UnitTestResult executionId="2b3bd7ba-b72d-4828-aebe-bc8904e296e2" testId="51997bff-5acd-4a3e-be56-7d3452d1550c" testName="OperatorEqual_Passing_Valid_Distinct_Values_Returns_False (www.hackerone-com)" computerName="PC-SFERRARI" duration="00:00:00.0000223" startTime="2021-06-23T10:12:20.0642401+02:00" endTime="2021-06-23T10:12:20.0643583+02:00" testType="13cdc9d9-ddb5-4fa4-a97d-d965ccfc6d4b" outcome="Passed" testListId="8c84fa94-04c1-424b-9868-57a2d4851a1d" relativeResultsDirectory="2b3bd7ba-b72d-4828-aebe-bc8904e296e2" />
    <UnitTestResult executionId="66da953b-8ca5-4d41-99e4-f6a61d39fe1d" testId="d6859692-b02b-4496-a1f0-a52cb9013e5c" testName="Equals_Passing_Valid_Distinct_Values_Returns_False (Españà)" computerName="PC-SFERRARI" duration="00:00:00.0000185" startTime="2021-06-23T10:12:19.9842947+02:00" endTime="2021-06-23T10:12:19.9843595+02:00" testType="13cdc9d9-ddb5-4fa4-a97d-d965ccfc6d4b" outcome="Passed" testListId="8c84fa94-04c1-424b-9868-57a2d4851a1d" relativeResultsDirectory="66da953b-8ca5-4d41-99e4-f6a61d39fe1d" />
    <UnitTestResult executionId="85e83424-21bb-4834-b75a-e8442675fe27" testId="d3c611db-d5fc-45f1-8e6e-6915118a25ef" testName="IsNull_Passing_Null_Value_Returns_True" computerName="PC-SFERRARI" duration="00:00:00.0004786" startTime="2021-06-23T10:12:19.8573227+02:00" endTime="2021-06-23T10:12:19.8578866+02:00" testType="13cdc9d9-ddb5-4fa4-a97d-d965ccfc6d4b" outcome="Passed" testListId="8c84fa94-04c1-424b-9868-57a2d4851a1d" relativeResultsDirectory="85e83424-21bb-4834-b75a-e8442675fe27" />
    <UnitTestResult executionId="65ee97b7-d2fa-4434-b251-fe7abc36f9da" testId="7042470b-829c-4e71-8c90-6e9ac55ddbf1" testName="ToString_Passing_Valid_Values_Returns_Value_String_Format (Sabadell,Barcelona)" computerName="PC-SFERRARI" duration="00:00:00.0000420" startTime="2021-06-23T10:12:19.9189707+02:00" endTime="2021-06-23T10:12:19.9191546+02:00" testType="13cdc9d9-ddb5-4fa4-a97d-d965ccfc6d4b" outcome="Passed" testListId="8c84fa94-04c1-424b-9868-57a2d4851a1d" relativeResultsDirectory="65ee97b7-d2fa-4434-b251-fe7abc36f9da" />
    <UnitTestResult executionId="188bbeb4-42da-43eb-acb9-a12fe983dc67" testId="dca63922-81e6-4078-8f4f-88333128ede7" testName="Equals_Passing_Valid_Distinct_Values_Returns_False (stage_hackerone.com)" computerName="PC-SFERRARI" duration="00:00:00.0000204" startTime="2021-06-23T10:12:20.0573933+02:00" endTime="2021-06-23T10:12:20.0574754+02:00" testType="13cdc9d9-ddb5-4fa4-a97d-d965ccfc6d4b" outcome="Passed" testListId="8c84fa94-04c1-424b-9868-57a2d4851a1d" relativeResultsDirectory="188bbeb4-42da-43eb-acb9-a12fe983dc67" />
    <UnitTestResult executionId="13ab1dbc-b86c-490c-a0b3-a0229498e936" testId="9bd3165e-22bf-4a76-af63-150647f0c9b4" testName="Equals_Passing_Valid_Values_Returns_True (España)" computerName="PC-SFERRARI" duration="00:00:00.0001887" startTime="2021-06-23T10:12:19.9866571+02:00" endTime="2021-06-23T10:12:19.9868932+02:00" testType="13cdc9d9-ddb5-4fa4-a97d-d965ccfc6d4b" outcome="Passed" testListId="8c84fa94-04c1-424b-9868-57a2d4851a1d" relativeResultsDirectory="13ab1dbc-b86c-490c-a0b3-a0229498e936" />
    <UnitTestResult executionId="75280a32-b309-4057-ac5b-6f9c05cc8886" testId="d12eb679-34e1-4382-aaec-e894b587f656" testName="Create_Passing_InvalidOrNull_Value_Returns_ApplicationException (Tenerife,23,34567,San Bartoleme De Tirajana,Las Palmas,)" computerName="PC-SFERRARI" duration="00:00:00.0013752" startTime="2021-06-23T10:12:19.7449378+02:00" endTime="2021-06-23T10:12:19.7533305+02:00" testType="13cdc9d9-ddb5-4fa4-a97d-d965ccfc6d4b" outcome="Passed" testListId="8c84fa94-04c1-424b-9868-57a2d4851a1d" relativeResultsDirectory="75280a32-b309-4057-ac5b-6f9c05cc8886" />
    <UnitTestResult executionId="f300bb9c-79e5-429a-a07e-6f5b2664fcb4" testId="4213f734-11f9-40f9-9370-1c88715a88ce" testName="OperatorEqual_Passing_Valid_Values_Returns_True (Españç)" computerName="PC-SFERRARI" duration="00:00:00.0000370" startTime="2021-06-23T10:12:20.0091706+02:00" endTime="2021-06-23T10:12:20.0094431+02:00" testType="13cdc9d9-ddb5-4fa4-a97d-d965ccfc6d4b" outcome="Passed" testListId="8c84fa94-04c1-424b-9868-57a2d4851a1d" relativeResultsDirectory="f300bb9c-79e5-429a-a07e-6f5b2664fcb4" />
    <UnitTestResult executionId="2b5447fb-60a2-4aa3-b12d-b1d7ee3de0e1" testId="df948473-f672-46b1-8d65-2baf1332c115" testName="ToEnum_Passing_Valid_IntName_Enumeracion_Returns_Enumeracion" computerName="PC-SFERRARI" duration="00:00:00.0001798" startTime="2021-06-23T10:12:19.7306433+02:00" endTime="2021-06-23T10:12:19.7309061+02:00" testType="13cdc9d9-ddb5-4fa4-a97d-d965ccfc6d4b" outcome="Passed" testListId="8c84fa94-04c1-424b-9868-57a2d4851a1d" relativeResultsDirectory="2b5447fb-60a2-4aa3-b12d-b1d7ee3de0e1" />
    <UnitTestResult executionId="ca2e78d0-1338-4efe-81a3-b18bb60e92e8" testId="f8a06b48-59b1-4a2d-a0e5-e54d494aa7bc" testName="Equals_Passing_Valid_Distinct_Values_Returns_False (100,EUR,2)" computerName="PC-SFERRARI" duration="00:00:00.0033831" startTime="2021-06-23T10:12:19.9421265+02:00" endTime="2021-06-23T10:12:19.9465770+02:00" testType="13cdc9d9-ddb5-4fa4-a97d-d965ccfc6d4b" outcome="Passed" testListId="8c84fa94-04c1-424b-9868-57a2d4851a1d" relativeResultsDirectory="ca2e78d0-1338-4efe-81a3-b18bb60e92e8" />
    <UnitTestResult executionId="54b44885-f326-448a-baae-d80210240b7e" testId="f32ce4f0-1162-4a98-b236-b6069e7c7528" testName="OperatorNotEqual_Passing_Valid_Values_Returns_False (34fsds@sdd.fgg)" computerName="PC-SFERRARI" duration="00:00:00.0000395" startTime="2021-06-23T10:12:19.8635326+02:00" endTime="2021-06-23T10:12:19.8637520+02:00" testType="13cdc9d9-ddb5-4fa4-a97d-d965ccfc6d4b" outcome="Passed" testListId="8c84fa94-04c1-424b-9868-57a2d4851a1d" relativeResultsDirectory="54b44885-f326-448a-baae-d80210240b7e" />
    <UnitTestResult executionId="799979ea-97a6-4d68-a755-9c7794cda77a" testId="c724d9d9-aadd-4d9b-bf9d-014f06f35a69" testName="ToEnum_Passing_Valid_IntName_Enumeracion_Returns_Enumeracion" computerName="PC-SFERRARI" duration="00:00:00.0001771" startTime="2021-06-23T10:12:19.6993796+02:00" endTime="2021-06-23T10:12:19.6996392+02:00" testType="13cdc9d9-ddb5-4fa4-a97d-d965ccfc6d4b" outcome="Passed" testListId="8c84fa94-04c1-424b-9868-57a2d4851a1d" relativeResultsDirectory="799979ea-97a6-4d68-a755-9c7794cda77a" />
    <UnitTestResult executionId="794b32d7-a1cb-477b-90de-0a343caa6f3d" testId="04f92d46-c79f-4628-b78f-0310f5e41933" testName="ToEnum_Passing_Valid_Int_value_Returns_Enumeracion" computerName="PC-SFERRARI" duration="00:00:00.0001830" startTime="2021-06-23T10:12:19.7216551+02:00" endTime="2021-06-23T10:12:19.7219296+02:00" testType="13cdc9d9-ddb5-4fa4-a97d-d965ccfc6d4b" outcome="Passed" testListId="8c84fa94-04c1-424b-9868-57a2d4851a1d" relativeResultsDirectory="794b32d7-a1cb-477b-90de-0a343caa6f3d" />
    <UnitTestResult executionId="dbae1c2a-bb1e-4408-a0f9-a60d3f18d1d3" testId="6f86adb5-4279-49c7-96ad-f4a3c3566376" testName="Create_Passing_Valid_Values_Returns_Currency (EUR)" computerName="PC-SFERRARI" duration="00:00:00.0003007" startTime="2021-06-23T10:12:19.8243103+02:00" endTime="2021-06-23T10:12:19.8246878+02:00" testType="13cdc9d9-ddb5-4fa4-a97d-d965ccfc6d4b" outcome="Passed" testListId="8c84fa94-04c1-424b-9868-57a2d4851a1d" relativeResultsDirectory="dbae1c2a-bb1e-4408-a0f9-a60d3f18d1d3" />
    <UnitTestResult executionId="5cb16b0c-3340-4d72-aa78-366fec49efdf" testId="98ca8878-7e5e-4b9d-a1ca-e71ba7e6a8c3" testName="OperatorNotEqual_Passing_Valid_Values_Returns_True (D45,86554654)" computerName="PC-SFERRARI" duration="00:00:00.0000147" startTime="2021-06-23T10:12:20.0920259+02:00" endTime="2021-06-23T10:12:20.0921218+02:00" testType="13cdc9d9-ddb5-4fa4-a97d-d965ccfc6d4b" outcome="Passed" testListId="8c84fa94-04c1-424b-9868-57a2d4851a1d" relativeResultsDirectory="5cb16b0c-3340-4d72-aa78-366fec49efdf" />
    <UnitTestResult executionId="48cb3ed2-6224-4c16-932c-b85609627e16" testId="886de8c1-ca40-439d-97d4-241073b82032" testName="OperatorNotEqual_Passing_Valid_Values_Returns_False (España)" computerName="PC-SFERRARI" duration="00:00:00.0002734" startTime="2021-06-23T10:12:20.0098456+02:00" endTime="2021-06-23T10:12:20.0102004+02:00" testType="13cdc9d9-ddb5-4fa4-a97d-d965ccfc6d4b" outcome="Passed" testListId="8c84fa94-04c1-424b-9868-57a2d4851a1d" relativeResultsDirectory="48cb3ed2-6224-4c16-932c-b85609627e16" />
    <UnitTestResult executionId="fcd70f33-22b4-4629-a592-395f60bd4c01" testId="aadb7627-7a17-407d-ba75-41c4d12679a1" testName="IsNull_Passing_Null_Address_Returns_True" computerName="PC-SFERRARI" duration="00:00:00.0005497" startTime="2021-06-23T10:12:19.7586486+02:00" endTime="2021-06-23T10:12:19.7592909+02:00" testType="13cdc9d9-ddb5-4fa4-a97d-d965ccfc6d4b" outcome="Passed" testListId="8c84fa94-04c1-424b-9868-57a2d4851a1d" relativeResultsDirectory="fcd70f33-22b4-4629-a592-395f60bd4c01" />
    <UnitTestResult executionId="9e865abf-38e7-463a-8b65-ff83a8ba7d0b" testId="0a79c47b-407c-44b8-aea8-afe945d296e2" testName="OperatorEqual_Passing_Valid_Distinct_Values_Returns_False (San Bartoleme De Tirajana)" computerName="PC-SFERRARI" duration="00:00:00.0001288" startTime="2021-06-23T10:12:20.0409465+02:00" endTime="2021-06-23T10:12:20.0411199+02:00" testType="13cdc9d9-ddb5-4fa4-a97d-d965ccfc6d4b" outcome="Passed" testListId="8c84fa94-04c1-424b-9868-57a2d4851a1d" relativeResultsDirectory="9e865abf-38e7-463a-8b65-ff83a8ba7d0b" />
    <UnitTestResult executionId="2a13f1b6-9ef8-4678-96f0-fcf40000948f" testId="3fba9240-f1ac-4497-a8e9-bcec066cc30e" testName="Create_Passing_Valid_Value_Returns_Email (aaads@ggg.cc)" computerName="PC-SFERRARI" duration="00:00:00.0000138" startTime="2021-06-23T10:12:19.8540701+02:00" endTime="2021-06-23T10:12:19.8541263+02:00" testType="13cdc9d9-ddb5-4fa4-a97d-d965ccfc6d4b" outcome="Passed" testListId="8c84fa94-04c1-424b-9868-57a2d4851a1d" relativeResultsDirectory="2a13f1b6-9ef8-4678-96f0-fcf40000948f" />
    <UnitTestResult executionId="c973c24c-cdc9-4937-82d7-b36687f757cf" testId="13825124-55fd-4b80-98fe-c37811ad378c" testName="IsNull_Passing_Valid_Value_Returns_False (Tenerife)" computerName="PC-SFERRARI" duration="00:00:00.0001627" startTime="2021-06-23T10:12:20.0405569+02:00" endTime="2021-06-23T10:12:20.0407977+02:00" testType="13cdc9d9-ddb5-4fa4-a97d-d965ccfc6d4b" outcome="Passed" testListId="8c84fa94-04c1-424b-9868-57a2d4851a1d" relativeResultsDirectory="c973c24c-cdc9-4937-82d7-b36687f757cf" />
    <UnitTestResult executionId="5212cef1-504d-4ba0-8eda-6b72bc16af82" testId="eff60167-2fc0-4e0e-9fbc-3598aa600f74" testName="Equals_Passing_Valid_Distinct_Values_Returns_False (Españâ)" computerName="PC-SFERRARI" duration="00:00:00.0000113" startTime="2021-06-23T10:12:19.9845021+02:00" endTime="2021-06-23T10:12:19.9845568+02:00" testType="13cdc9d9-ddb5-4fa4-a97d-d965ccfc6d4b" outcome="Passed" testListId="8c84fa94-04c1-424b-9868-57a2d4851a1d" relativeResultsDirectory="5212cef1-504d-4ba0-8eda-6b72bc16af82" />
    <UnitTestResult executionId="cfb91281-f8e9-4b08-a3d6-e39ce32a5898" testId="3aad1510-4307-4468-9a5a-ccde95a973c0" testName="ToNormalize_Passing_Valid_Values_Returns_Name_String_Format (Españã,Espana)" computerName="PC-SFERRARI" duration="00:00:00.0000354" startTime="2021-06-23T10:12:20.0242353+02:00" endTime="2021-06-23T10:12:20.0243255+02:00" testType="13cdc9d9-ddb5-4fa4-a97d-d965ccfc6d4b" outcome="Passed" testListId="8c84fa94-04c1-424b-9868-57a2d4851a1d" relativeResultsDirectory="cfb91281-f8e9-4b08-a3d6-e39ce32a5898" />
    <UnitTestResult executionId="33117af0-ef32-4dc1-a837-58ee02639daf" testId="5385dfcb-2b78-4d95-a227-036814c4d95a" testName="Equals_Passing_Valid_Values_Returns_True (USD)" computerName="PC-SFERRARI" duration="00:00:00.0035300" startTime="2021-06-23T10:12:19.8268544+02:00" endTime="2021-06-23T10:12:19.8304579+02:00" testType="13cdc9d9-ddb5-4fa4-a97d-d965ccfc6d4b" outcome="Passed" testListId="8c84fa94-04c1-424b-9868-57a2d4851a1d" relativeResultsDirectory="33117af0-ef32-4dc1-a837-58ee02639daf" />
    <UnitTestResult executionId="e7cde2f8-c401-4add-8f5f-247b25720c59" testId="25b0036f-41a1-4323-9dd8-27373ae0dbc5" testName="OperatorNotEqual_Passing_Valid_Values_Returns_False (Españã)" computerName="PC-SFERRARI" duration="00:00:00.0000204" startTime="2021-06-23T10:12:20.0109220+02:00" endTime="2021-06-23T10:12:20.0110080+02:00" testType="13cdc9d9-ddb5-4fa4-a97d-d965ccfc6d4b" outcome="Passed" testListId="8c84fa94-04c1-424b-9868-57a2d4851a1d" relativeResultsDirectory="e7cde2f8-c401-4add-8f5f-247b25720c59" />
    <UnitTestResult executionId="4f899317-1e12-4cc3-965b-1da7dc5b869e" testId="6d476c6c-ee35-4a69-abf9-463d865f92bb" testName="Create_Passing_InvalidOrNull_Value_Returns_ApplicationException (,789,DF7956,Sabadell,Barcelona,España)" computerName="PC-SFERRARI" duration="00:00:00.0000426" startTime="2021-06-23T10:12:19.7534473+02:00" endTime="2021-06-23T10:12:19.7535768+02:00" testType="13cdc9d9-ddb5-4fa4-a97d-d965ccfc6d4b" outcome="Passed" testListId="8c84fa94-04c1-424b-9868-57a2d4851a1d" relativeResultsDirectory="4f899317-1e12-4cc3-965b-1da7dc5b869e" />
    <UnitTestResult executionId="ec610396-bf2d-4bb5-aa27-b85a656f689c" testId="48209f16-1b83-4e4b-8104-a3943cd68e55" testName="ToEnum_Passing_Invalid_Int_Value_Returns_Null" computerName="PC-SFERRARI" duration="00:00:00.0004732" startTime="2021-06-23T10:12:19.7195828+02:00" endTime="2021-06-23T10:12:19.7203405+02:00" testType="13cdc9d9-ddb5-4fa4-a97d-d965ccfc6d4b" outcome="Passed" testListId="8c84fa94-04c1-424b-9868-57a2d4851a1d" relativeResultsDirectory="ec610396-bf2d-4bb5-aa27-b85a656f689c" />
    <UnitTestResult executionId="b26b7bdd-4146-4ed9-a4c1-3d567c082d8d" testId="e62abbfc-a3ff-4421-86c5-d55116591e49" testName="IsNull_Passing_Valid_Value_Returns_False (Españħ)" computerName="PC-SFERRARI" duration="00:00:00.0000164" startTime="2021-06-23T10:12:19.9982747+02:00" endTime="2021-06-23T10:12:19.9983916+02:00" testType="13cdc9d9-ddb5-4fa4-a97d-d965ccfc6d4b" outcome="Passed" testListId="8c84fa94-04c1-424b-9868-57a2d4851a1d" relativeResultsDirectory="b26b7bdd-4146-4ed9-a4c1-3d567c082d8d" />
    <UnitTestResult executionId="02dfab90-2085-478c-b954-38a870b268c0" testId="6cbd8f8c-449f-4347-a564-5e5871966376" testName="Create_Passing_Valid_Values_Returns_Telephone (456,43543543543)" computerName="PC-SFERRARI" duration="00:00:00.0002438" startTime="2021-06-23T10:12:20.0768641+02:00" endTime="2021-06-23T10:12:20.0771749+02:00" testType="13cdc9d9-ddb5-4fa4-a97d-d965ccfc6d4b" outcome="Passed" testListId="8c84fa94-04c1-424b-9868-57a2d4851a1d" relativeResultsDirectory="02dfab90-2085-478c-b954-38a870b268c0" />
    <UnitTestResult executionId="5d0e2619-63e5-4b6d-a4fa-d3ae32d12bcd" testId="07a0311b-76a8-4df3-afc8-d2dcfc0e447b" testName="Create_Passing_Valid_Values_Returns_Address (200,EUR,4)" computerName="PC-SFERRARI" duration="00:00:00.0003060" startTime="2021-06-23T10:12:19.9404867+02:00" endTime="2021-06-23T10:12:19.9408944+02:00" testType="13cdc9d9-ddb5-4fa4-a97d-d965ccfc6d4b" outcome="Passed" testListId="8c84fa94-04c1-424b-9868-57a2d4851a1d" relativeResultsDirectory="5d0e2619-63e5-4b6d-a4fa-d3ae32d12bcd" />
    <UnitTestResult executionId="ecb1ac00-9c05-4249-b46f-039009d45e97" testId="5fa7410f-b437-46dd-b2a2-d221324bc2a0" testName="ToString_Passing_Valid_Values_Returns_Name (Españâ)" computerName="PC-SFERRARI" duration="00:00:00.0000135" startTime="2021-06-23T10:12:20.0272138+02:00" endTime="2021-06-23T10:12:20.0272992+02:00" testType="13cdc9d9-ddb5-4fa4-a97d-d965ccfc6d4b" outcome="Passed" testListId="8c84fa94-04c1-424b-9868-57a2d4851a1d" relativeResultsDirectory="ecb1ac00-9c05-4249-b46f-039009d45e97" />
    <UnitTestResult executionId="08d3ffe8-b546-4bb5-a775-7085e173a53e" testId="dc9a2e00-2a40-488c-94aa-0811c1d7d88e" testName="ToEnum_Passing_Valid_String_Name_Enumeracion_Returns_Enumeracion" computerName="PC-SFERRARI" duration="00:00:00.0001627" startTime="2021-06-23T10:12:19.6907412+02:00" endTime="2021-06-23T10:12:19.6909905+02:00" testType="13cdc9d9-ddb5-4fa4-a97d-d965ccfc6d4b" outcome="Passed" testListId="8c84fa94-04c1-424b-9868-57a2d4851a1d" relativeResultsDirectory="08d3ffe8-b546-4bb5-a775-7085e173a53e" />
    <UnitTestResult executionId="58ab7a15-fc96-4b4d-9828-dde9fe9cc906" testId="b73e833d-7ddb-4d1b-beb6-0f023a3527f9" testName="Create_Passing_Valid_Values_Returns_Subdomain (google)" computerName="PC-SFERRARI" duration="00:00:00.0002566" startTime="2021-06-23T10:12:20.0552840+02:00" endTime="2021-06-23T10:12:20.0556366+02:00" testType="13cdc9d9-ddb5-4fa4-a97d-d965ccfc6d4b" outcome="Passed" testListId="8c84fa94-04c1-424b-9868-57a2d4851a1d" relativeResultsDirectory="58ab7a15-fc96-4b4d-9828-dde9fe9cc906" />
    <UnitTestResult executionId="73d2476b-6652-4fcb-8fca-9f4569ab8763" testId="76ee8a2c-cc69-4d16-ad80-24d4f2f0329c" testName="ToString_Passing_Valid_Values_Returns_Address_String_Format (Pader,789,DF7956,Sabadell,Barcelona,España)" computerName="PC-SFERRARI" duration="00:00:00.0000226" startTime="2021-06-23T10:12:19.7701403+02:00" endTime="2021-06-23T10:12:19.7702716+02:00" testType="13cdc9d9-ddb5-4fa4-a97d-d965ccfc6d4b" outcome="Passed" testListId="8c84fa94-04c1-424b-9868-57a2d4851a1d" relativeResultsDirectory="73d2476b-6652-4fcb-8fca-9f4569ab8763" />
    <UnitTestResult executionId="d30c0da2-8215-4d2f-8596-65060b645e38" testId="886735d6-ae9c-4456-968d-87fb7043c200" testName="OperatorEqual_Passing_Valid_Distinct_Values_Returns_False (Españâ)" computerName="PC-SFERRARI" duration="00:00:00.0000167" startTime="2021-06-23T10:12:19.9994989+02:00" endTime="2021-06-23T10:12:19.9995749+02:00" testType="13cdc9d9-ddb5-4fa4-a97d-d965ccfc6d4b" outcome="Passed" testListId="8c84fa94-04c1-424b-9868-57a2d4851a1d" relativeResultsDirectory="d30c0da2-8215-4d2f-8596-65060b645e38" />
    <UnitTestResult executionId="6aebd71a-1a25-488c-b9de-ebfb6d2e3ef0" testId="d79c6871-fe7b-4fde-83ee-19f11fe516d8" testName="Create_Passing_Valid_Value_Returns_Email (ádsads@ggg.cc)" computerName="PC-SFERRARI" duration="00:00:00.0000259" startTime="2021-06-23T10:12:19.8539629+02:00" endTime="2021-06-23T10:12:19.8540343+02:00" testType="13cdc9d9-ddb5-4fa4-a97d-d965ccfc6d4b" outcome="Passed" testListId="8c84fa94-04c1-424b-9868-57a2d4851a1d" relativeResultsDirectory="6aebd71a-1a25-488c-b9de-ebfb6d2e3ef0" />
    <UnitTestResult executionId="9ce151d6-d353-4714-a92d-c7706d118209" testId="1d35fa55-e3a7-4b6e-8a31-699d1f53bf8c" testName="Equals_Passing_Valid_Distinct_Values_Returns_False (400,EUR,8)" computerName="PC-SFERRARI" duration="00:00:00.0013089" startTime="2021-06-23T10:12:19.9478763+02:00" endTime="2021-06-23T10:12:19.9492834+02:00" testType="13cdc9d9-ddb5-4fa4-a97d-d965ccfc6d4b" outcome="Passed" testListId="8c84fa94-04c1-424b-9868-57a2d4851a1d" relativeResultsDirectory="9ce151d6-d353-4714-a92d-c7706d118209" />
    <UnitTestResult executionId="35c87b88-614c-44aa-9a6b-165bc864375f" testId="a39c6f6c-c1d9-4c55-a49a-abc0140266aa" testName="Create_Passing_Valid_Values_Returns_Subdomain (www.hackerone1-com)" computerName="PC-SFERRARI" duration="00:00:00.0000146" startTime="2021-06-23T10:12:20.0556977+02:00" endTime="2021-06-23T10:12:20.0557780+02:00" testType="13cdc9d9-ddb5-4fa4-a97d-d965ccfc6d4b" outcome="Passed" testListId="8c84fa94-04c1-424b-9868-57a2d4851a1d" relativeResultsDirectory="35c87b88-614c-44aa-9a6b-165bc864375f" />
    <UnitTestResult executionId="727e31f6-8c51-44b1-ac49-1ec9c41d4ddc" testId="c7eae9ff-fd2c-45d7-9d91-a8af92b79e0c" testName="OperatorEqual_Passing_Valid_Values_Returns_True (34fsds@sdd.fgg)" computerName="PC-SFERRARI" duration="00:00:00.0000308" startTime="2021-06-23T10:12:19.8623373+02:00" endTime="2021-06-23T10:12:19.8624294+02:00" testType="13cdc9d9-ddb5-4fa4-a97d-d965ccfc6d4b" outcome="Passed" testListId="8c84fa94-04c1-424b-9868-57a2d4851a1d" relativeResultsDirectory="727e31f6-8c51-44b1-ac49-1ec9c41d4ddc" />
    <UnitTestResult executionId="916b5b4a-d5a6-43aa-90a2-a324a52a1442" testId="c5d912f4-ed5d-4b8a-9f05-43cc686a57ef" testName="Change_Passing_Valid_Values_Returns_Address (100,EUR,2)" computerName="PC-SFERRARI" duration="00:00:00.0133935" startTime="2021-06-23T10:12:19.9192677+02:00" endTime="2021-06-23T10:12:19.9330096+02:00" testType="13cdc9d9-ddb5-4fa4-a97d-d965ccfc6d4b" outcome="Passed" testListId="8c84fa94-04c1-424b-9868-57a2d4851a1d" relativeResultsDirectory="916b5b4a-d5a6-43aa-90a2-a324a52a1442" />
    <UnitTestResult executionId="5fa168fd-54c5-41f9-af70-1bcc00dfd36e" testId="69997ed2-8188-4c41-8998-a905b39bca11" testName="Create_Passing_InvalidOrNull_Value_Returns_ApplicationException ()" computerName="PC-SFERRARI" duration="00:00:00.0003717" startTime="2021-06-23T10:12:19.9800308+02:00" endTime="2021-06-23T10:12:19.9805020+02:00" testType="13cdc9d9-ddb5-4fa4-a97d-d965ccfc6d4b" outcome="Passed" testListId="8c84fa94-04c1-424b-9868-57a2d4851a1d" relativeResultsDirectory="5fa168fd-54c5-41f9-af70-1bcc00dfd36e" />
    <UnitTestResult executionId="2781a59a-a63c-44b9-882b-7ab5d00d9716" testId="dea1a880-de54-428b-adc9-2ba581118e45" testName="Create_Passing_Valid_Values_Returns_Name (Esp añâ)" computerName="PC-SFERRARI" duration="00:00:00.0000091" startTime="2021-06-23T10:12:19.9830827+02:00" endTime="2021-06-23T10:12:19.9831358+02:00" testType="13cdc9d9-ddb5-4fa4-a97d-d965ccfc6d4b" outcome="Passed" testListId="8c84fa94-04c1-424b-9868-57a2d4851a1d" relativeResultsDirectory="2781a59a-a63c-44b9-882b-7ab5d00d9716" />
    <UnitTestResult executionId="c231d079-cca7-48ad-a508-c9a056ce810c" testId="04c8c5db-47c1-45f6-a3f1-26c310ba29fc" testName="ToString_Passing_Valid_Values_Returns_StringId (San Bartoleme De Tirajana)" computerName="PC-SFERRARI" duration="00:00:00.0013355" startTime="2021-06-23T10:12:20.0452862+02:00" endTime="2021-06-23T10:12:20.0467778+02:00" testType="13cdc9d9-ddb5-4fa4-a97d-d965ccfc6d4b" outcome="Passed" testListId="8c84fa94-04c1-424b-9868-57a2d4851a1d" relativeResultsDirectory="c231d079-cca7-48ad-a508-c9a056ce810c" />
    <UnitTestResult executionId="9b1e51a8-26b3-481b-828a-bc0eb9e102d1" testId="34674c11-c063-4b6e-bb17-cebe78c6a715" testName="GetAll_Passing_Nothing_Returns_Enumeracion_List" computerName="PC-SFERRARI" duration="00:00:00.0011953" startTime="2021-06-23T10:12:19.6914560+02:00" endTime="2021-06-23T10:12:19.6928941+02:00" testType="13cdc9d9-ddb5-4fa4-a97d-d965ccfc6d4b" outcome="Passed" testListId="8c84fa94-04c1-424b-9868-57a2d4851a1d" relativeResultsDirectory="9b1e51a8-26b3-481b-828a-bc0eb9e102d1" />
    <UnitTestResult executionId="7d299442-fd74-4fdd-be01-d8524ff3619f" testId="e696f0b8-c80b-42fc-b9a5-33d4eecdc926" testName="IsNull_Passing_Null_Value_Returns_True" computerName="PC-SFERRARI" duration="00:00:00.0004787" startTime="2021-06-23T10:12:20.0399143+02:00" endTime="2021-06-23T10:12:20.0404790+02:00" testType="13cdc9d9-ddb5-4fa4-a97d-d965ccfc6d4b" outcome="Passed" testListId="8c84fa94-04c1-424b-9868-57a2d4851a1d" relativeResultsDirectory="7d299442-fd74-4fdd-be01-d8524ff3619f" />
    <UnitTestResult executionId="db9043c3-9023-4316-8ee3-b10261757828" testId="32920ed7-e299-4b7f-a29b-cab76efc5c34" testName="Create_Passing_Valid_Values_Returns_Name (Españà)" computerName="PC-SFERRARI" duration="00:00:00.0000090" startTime="2021-06-23T10:12:19.9808960+02:00" endTime="2021-06-23T10:12:19.9809502+02:00" testType="13cdc9d9-ddb5-4fa4-a97d-d965ccfc6d4b" outcome="Passed" testListId="8c84fa94-04c1-424b-9868-57a2d4851a1d" relativeResultsDirectory="db9043c3-9023-4316-8ee3-b10261757828" />
    <UnitTestResult executionId="9d18e600-4ba4-4bc2-9e87-a1e57f4fe927" testId="f506146d-80be-4d15-aab7-932e08f9af9c" testName="Equals_Passing_Valid_Values_Returns_True (San Bartoleme De Tirajana,Las Palmas,España)" computerName="PC-SFERRARI" duration="00:00:00.0003121" startTime="2021-06-23T10:12:19.9051526+02:00" endTime="2021-06-23T10:12:19.9055856+02:00" testType="13cdc9d9-ddb5-4fa4-a97d-d965ccfc6d4b" outcome="Passed" testListId="8c84fa94-04c1-424b-9868-57a2d4851a1d" relativeResultsDirectory="9d18e600-4ba4-4bc2-9e87-a1e57f4fe927" />
    <UnitTestResult executionId="26f6bb40-381b-4c87-9211-4e4e12bb3dd5" testId="3030a71a-fda0-4771-bb9d-f50fe283aa6a" testName="Change_Passing_Valid_Values_Returns_Address" computerName="PC-SFERRARI" duration="00:00:00.0081799" startTime="2021-06-23T10:12:19.7312432+02:00" endTime="2021-06-23T10:12:19.7397196+02:00" testType="13cdc9d9-ddb5-4fa4-a97d-d965ccfc6d4b" outcome="Passed" testListId="8c84fa94-04c1-424b-9868-57a2d4851a1d" relativeResultsDirectory="26f6bb40-381b-4c87-9211-4e4e12bb3dd5" />
    <UnitTestResult executionId="3a419b10-07f2-4884-9ab4-ce412308f8fa" testId="d85aa5fe-b243-4279-b6a2-f407c16fb316" testName="OperatorEqual_Passing_Valid_Distinct_Values_Returns_False (200,EUR,4)" computerName="PC-SFERRARI" duration="00:00:00.0011385" startTime="2021-06-23T10:12:19.9565910+02:00" endTime="2021-06-23T10:12:19.9578398+02:00" testType="13cdc9d9-ddb5-4fa4-a97d-d965ccfc6d4b" outcome="Passed" testListId="8c84fa94-04c1-424b-9868-57a2d4851a1d" relativeResultsDirectory="3a419b10-07f2-4884-9ab4-ce412308f8fa" />
    <UnitTestResult executionId="476c071f-426d-4a5a-917d-f735c82199b0" testId="43aed03f-e6de-456d-a998-18c770d3dd77" testName="IsNull_Passing_Valid_Values_Returns_False (D45,86554654)" computerName="PC-SFERRARI" duration="00:00:00.0000133" startTime="2021-06-23T10:12:20.0873435+02:00" endTime="2021-06-23T10:12:20.0874231+02:00" testType="13cdc9d9-ddb5-4fa4-a97d-d965ccfc6d4b" outcome="Passed" testListId="8c84fa94-04c1-424b-9868-57a2d4851a1d" relativeResultsDirectory="476c071f-426d-4a5a-917d-f735c82199b0" />
    <UnitTestResult executionId="0677faed-796f-420a-aa6f-98661fcc9fc0" testId="1e43ba6e-156d-4d75-8e01-6856d21020f8" testName="Create_Passing_InvalidOrNull_Value_Returns_ApplicationException (34?fsds@sdd.yy)" computerName="PC-SFERRARI" duration="00:00:00.0000381" startTime="2021-06-23T10:12:19.8532774+02:00" endTime="2021-06-23T10:12:19.8533604+02:00" testType="13cdc9d9-ddb5-4fa4-a97d-d965ccfc6d4b" outcome="Passed" testListId="8c84fa94-04c1-424b-9868-57a2d4851a1d" relativeResultsDirectory="0677faed-796f-420a-aa6f-98661fcc9fc0" />
    <UnitTestResult executionId="5ddaf68d-603e-4770-af4f-ba4d1eea6bf2" testId="0efe3570-a2bf-4427-a4e1-6c2c09c4ff8d" testName="OperatorNotEqual_Passing_Valid_Values_Returns_False (Sabadell)" computerName="PC-SFERRARI" duration="00:00:00.0000072" startTime="2021-06-23T10:12:20.0435807+02:00" endTime="2021-06-23T10:12:20.0436441+02:00" testType="13cdc9d9-ddb5-4fa4-a97d-d965ccfc6d4b" outcome="Passed" testListId="8c84fa94-04c1-424b-9868-57a2d4851a1d" relativeResultsDirectory="5ddaf68d-603e-4770-af4f-ba4d1eea6bf2" />
    <UnitTestResult executionId="7afde3eb-17c4-4b7a-a532-53e4f83c1496" testId="22e85632-49b3-455d-86cf-0335b2b929c2" testName="Equals_Passing_Valid_Values_Returns_False (Pader,789,DF7956,Sabadell,Barcelona,España)" computerName="PC-SFERRARI" duration="00:00:00.0000219" startTime="2021-06-23T10:12:19.7577480+02:00" endTime="2021-06-23T10:12:19.7578535+02:00" testType="13cdc9d9-ddb5-4fa4-a97d-d965ccfc6d4b" outcome="Passed" testListId="8c84fa94-04c1-424b-9868-57a2d4851a1d" relativeResultsDirectory="7afde3eb-17c4-4b7a-a532-53e4f83c1496" />
    <UnitTestResult executionId="a9105f83-ba01-4920-bdae-e09befecdb48" testId="cabf811b-1f3a-4025-bea9-3df2d6e60503" testName="OperatorEqual_Passing_Valid_Distinct_Values_Returns_False (Españä)" computerName="PC-SFERRARI" duration="00:00:00.0000173" startTime="2021-06-23T10:12:19.9993662+02:00" endTime="2021-06-23T10:12:19.9994481+02:00" testType="13cdc9d9-ddb5-4fa4-a97d-d965ccfc6d4b" outcome="Passed" testListId="8c84fa94-04c1-424b-9868-57a2d4851a1d" relativeResultsDirectory="a9105f83-ba01-4920-bdae-e09befecdb48" />
    <UnitTestResult executionId="c9a2e40b-afb6-48d6-8434-43c4fc35dc68" testId="0c36392d-02f0-4220-96f0-c3c57f8add09" testName="OperatorNotEqual_Passing_Valid_Values_Returns_False (456,43543543543)" computerName="PC-SFERRARI" duration="00:00:00.0002348" startTime="2021-06-23T10:12:20.0912124+02:00" endTime="2021-06-23T10:12:20.0915243+02:00" testType="13cdc9d9-ddb5-4fa4-a97d-d965ccfc6d4b" outcome="Passed" testListId="8c84fa94-04c1-424b-9868-57a2d4851a1d" relativeResultsDirectory="c9a2e40b-afb6-48d6-8434-43c4fc35dc68" />
    <UnitTestResult executionId="13c01d08-efa1-41f5-9534-709a4fda98e4" testId="1b88f1f6-bef6-4804-956c-c76d5721399d" testName="OperatorEqual_Passing_Valid_Values_Returns_True (Españħ)" computerName="PC-SFERRARI" duration="00:00:00.0000186" startTime="2021-06-23T10:12:20.0095525+02:00" endTime="2021-06-23T10:12:20.0096536+02:00" testType="13cdc9d9-ddb5-4fa4-a97d-d965ccfc6d4b" outcome="Passed" testListId="8c84fa94-04c1-424b-9868-57a2d4851a1d" relativeResultsDirectory="13c01d08-efa1-41f5-9534-709a4fda98e4" />
    <UnitTestResult executionId="14346d8b-2f4e-4026-9da2-3f34d2601a2a" testId="9c68ceca-5c46-4c8e-81e1-9420bf96efeb" testName="OperatorNotEqual_Passing_Valid_Values_Returns_True (Españä)" computerName="PC-SFERRARI" duration="00:00:00.0000294" startTime="2021-06-23T10:12:20.0170020+02:00" endTime="2021-06-23T10:12:20.0171634+02:00" testType="13cdc9d9-ddb5-4fa4-a97d-d965ccfc6d4b" outcome="Passed" testListId="8c84fa94-04c1-424b-9868-57a2d4851a1d" relativeResultsDirectory="14346d8b-2f4e-4026-9da2-3f34d2601a2a" />
    <UnitTestResult executionId="371e4343-c046-412e-a250-ee7162ef7af3" testId="5d62e468-8fe7-4b84-9e45-b5838bb45f70" testName="ToBool_Passing_Valid_Status_Inactive_Returns_False" computerName="PC-SFERRARI" duration="00:00:00.0023109" startTime="2021-06-23T10:12:19.7023705+02:00" endTime="2021-06-23T10:12:19.7048036+02:00" testType="13cdc9d9-ddb5-4fa4-a97d-d965ccfc6d4b" outcome="Passed" testListId="8c84fa94-04c1-424b-9868-57a2d4851a1d" relativeResultsDirectory="371e4343-c046-412e-a250-ee7162ef7af3" />
    <UnitTestResult executionId="800496fc-864e-4563-b99b-60f4b6936d4a" testId="189875e6-82b7-4553-8ece-5cf9d6fb2abc" testName="IsNull_Passing_Valid_Value_Returns_False (34fsds@sdd.fgg)" computerName="PC-SFERRARI" duration="00:00:00.0000240" startTime="2021-06-23T10:12:19.8583235+02:00" endTime="2021-06-23T10:12:19.8584344+02:00" testType="13cdc9d9-ddb5-4fa4-a97d-d965ccfc6d4b" outcome="Passed" testListId="8c84fa94-04c1-424b-9868-57a2d4851a1d" relativeResultsDirectory="800496fc-864e-4563-b99b-60f4b6936d4a" />
    <UnitTestResult executionId="fa807992-c75c-4feb-82bb-8d23469651d2" testId="fe40979d-4081-463c-85f8-6acd173d0478" testName="OperatorNotEqual_Passing_Valid_Values_Returns_True (Españâ)" computerName="PC-SFERRARI" duration="00:00:00.0000198" startTime="2021-06-23T10:12:20.0172447+02:00" endTime="2021-06-23T10:12:20.0173465+02:00" testType="13cdc9d9-ddb5-4fa4-a97d-d965ccfc6d4b" outcome="Passed" testListId="8c84fa94-04c1-424b-9868-57a2d4851a1d" relativeResultsDirectory="fa807992-c75c-4feb-82bb-8d23469651d2" />
    <UnitTestResult executionId="b0e73e01-c42b-4fc4-8c6a-26a76a5e0a63" testId="c900be70-c108-4d02-87be-817f0bb5f70f" testName="Equals_Passing_Valid_Distinct_Values_Returns_False (España)" computerName="PC-SFERRARI" duration="00:00:00.0008712" startTime="2021-06-23T10:12:19.9831736+02:00" endTime="2021-06-23T10:12:19.9840976+02:00" testType="13cdc9d9-ddb5-4fa4-a97d-d965ccfc6d4b" outcome="Passed" testListId="8c84fa94-04c1-424b-9868-57a2d4851a1d" relativeResultsDirectory="b0e73e01-c42b-4fc4-8c6a-26a76a5e0a63" />
    <UnitTestResult executionId="9c53f0e4-210a-4ee5-9d35-14f44dd177c9" testId="110230e0-53ef-4b0f-9782-142610c6534f" testName="Change_Passing_Valid_Values_Returns_Currency (EUR)" computerName="PC-SFERRARI" duration="00:00:00.0368885" startTime="2021-06-23T10:12:19.7703553+02:00" endTime="2021-06-23T10:12:19.8074397+02:00" testType="13cdc9d9-ddb5-4fa4-a97d-d965ccfc6d4b" outcome="Passed" testListId="8c84fa94-04c1-424b-9868-57a2d4851a1d" relativeResultsDirectory="9c53f0e4-210a-4ee5-9d35-14f44dd177c9" />
    <UnitTestResult executionId="45b85d3e-3a7f-4cbf-a1ff-1ffd0eff2ddc" testId="fce3a2bf-94c6-4042-8d54-ed81ab087383" testName="OperatorNotEqual_Passing_Valid_Values_Returns_False (400,USD,8)" computerName="PC-SFERRARI" duration="00:00:00.0004657" startTime="2021-06-23T10:12:19.9665447+02:00" endTime="2021-06-23T10:12:19.9670619+02:00" testType="13cdc9d9-ddb5-4fa4-a97d-d965ccfc6d4b" outcome="Passed" testListId="8c84fa94-04c1-424b-9868-57a2d4851a1d" relativeResultsDirectory="45b85d3e-3a7f-4cbf-a1ff-1ffd0eff2ddc" />
    <UnitTestResult executionId="52454fc7-1ca6-424e-9087-b42c2eafb0ea" testId="a536a6d4-0e80-42ae-8918-dc5e4f04a78b" testName="Equals_Passing_Valid_Values_Returns_True (Tenerife,23,34567,San Bartoleme De Tirajana,Las Palmas,España)" computerName="PC-SFERRARI" duration="00:00:00.0003370" startTime="2021-06-23T10:12:19.7579171+02:00" endTime="2021-06-23T10:12:19.7583344+02:00" testType="13cdc9d9-ddb5-4fa4-a97d-d965ccfc6d4b" outcome="Passed" testListId="8c84fa94-04c1-424b-9868-57a2d4851a1d" relativeResultsDirectory="52454fc7-1ca6-424e-9087-b42c2eafb0ea" />
    <UnitTestResult executionId="f6ad1458-9b08-4fea-8f40-1e651b9426fb" testId="da099af1-6616-46ae-8029-af2174864ad0" testName="OperatorNotEqual_Passing_Valid_Values_Returns_True (Españç)" computerName="PC-SFERRARI" duration="00:00:00.0000333" startTime="2021-06-23T10:12:20.0218565+02:00" endTime="2021-06-23T10:12:20.0220421+02:00" testType="13cdc9d9-ddb5-4fa4-a97d-d965ccfc6d4b" outcome="Passed" testListId="8c84fa94-04c1-424b-9868-57a2d4851a1d" relativeResultsDirectory="f6ad1458-9b08-4fea-8f40-1e651b9426fb" />
    <UnitTestResult executionId="c9283ac3-cd87-4e1d-85fd-45751ecf7c8d" testId="7173e509-4d44-43a7-844b-8425c257fca0" testName="OperatorEqual_Passing_Valid_Values_Returns_True (España)" computerName="PC-SFERRARI" duration="00:00:00.0002845" startTime="2021-06-23T10:12:20.0028071+02:00" endTime="2021-06-23T10:12:20.0031574+02:00" testType="13cdc9d9-ddb5-4fa4-a97d-d965ccfc6d4b" outcome="Passed" testListId="8c84fa94-04c1-424b-9868-57a2d4851a1d" relativeResultsDirectory="c9283ac3-cd87-4e1d-85fd-45751ecf7c8d" />
    <UnitTestResult executionId="711b5048-b032-4c97-a1b3-f6b4ea5cafa8" testId="ea5f6c61-a915-4f9d-a60b-cbff7bcde1ef" testName="Equals_Passing_Valid_Values_Returns_True (Españħ)" computerName="PC-SFERRARI" duration="00:00:00.0000381" startTime="2021-06-23T10:12:19.9907763+02:00" endTime="2021-06-23T10:12:19.9910244+02:00" testType="13cdc9d9-ddb5-4fa4-a97d-d965ccfc6d4b" outcome="Passed" testListId="8c84fa94-04c1-424b-9868-57a2d4851a1d" relativeResultsDirectory="711b5048-b032-4c97-a1b3-f6b4ea5cafa8" />
    <UnitTestResult executionId="9e08c8df-68f4-4e92-b098-d2722662f764" testId="8b4533aa-8ef6-4fc8-8119-4cabaedbec59" testName="Equals_Passing_Valid_Distinct_Values_Returns_False (Esp añâ)" computerName="PC-SFERRARI" duration="00:00:00.0000120" startTime="2021-06-23T10:12:19.9865620+02:00" endTime="2021-06-23T10:12:19.9866195+02:00" testType="13cdc9d9-ddb5-4fa4-a97d-d965ccfc6d4b" outcome="Passed" testListId="8c84fa94-04c1-424b-9868-57a2d4851a1d" relativeResultsDirectory="9e08c8df-68f4-4e92-b098-d2722662f764" />
    <UnitTestResult executionId="9e3d81ff-4e20-451c-93a6-62a6cba57f6a" testId="2e3dc914-618e-4210-9d2e-96c793991631" testName="IsGold_Passing_Nothing_Returns_True" computerName="PC-SFERRARI" duration="00:00:00.0002857" startTime="2021-06-23T10:12:19.7244489+02:00" endTime="2021-06-23T10:12:19.7248297+02:00" testType="13cdc9d9-ddb5-4fa4-a97d-d965ccfc6d4b" outcome="Passed" testListId="8c84fa94-04c1-424b-9868-57a2d4851a1d" relativeResultsDirectory="9e3d81ff-4e20-451c-93a6-62a6cba57f6a" />
    <UnitTestResult executionId="e833b305-1fb9-4e35-94d9-66bdbbee47d9" testId="0a4e42f6-a2fe-431e-bad5-618568259f31" testName="ToEnum_Passing_Invalid_String_Name_Enumeracion_Returns_Null" computerName="PC-SFERRARI" duration="00:00:00.0002182" startTime="2021-06-23T10:12:19.6901150+02:00" endTime="2021-06-23T10:12:19.6904140+02:00" testType="13cdc9d9-ddb5-4fa4-a97d-d965ccfc6d4b" outcome="Passed" testListId="8c84fa94-04c1-424b-9868-57a2d4851a1d" relativeResultsDirectory="e833b305-1fb9-4e35-94d9-66bdbbee47d9" />
    <UnitTestResult executionId="81c58a98-37f2-444b-84bd-86362a56e678" testId="41642d8d-8a61-4a29-84f8-78e29b51579f" testName="OperatorNotEqual_Passing_Valid_Values_Returns_True (Españħ)" computerName="PC-SFERRARI" duration="00:00:00.0001232" startTime="2021-06-23T10:12:20.0221705+02:00" endTime="2021-06-23T10:12:20.0223726+02:00" testType="13cdc9d9-ddb5-4fa4-a97d-d965ccfc6d4b" outcome="Passed" testListId="8c84fa94-04c1-424b-9868-57a2d4851a1d" relativeResultsDirectory="81c58a98-37f2-444b-84bd-86362a56e678" />
    <UnitTestResult executionId="f1606383-05fb-411b-a632-a546386cbae9" testId="509e93e2-1846-4a37-a472-e8df9ad937ca" testName="Create_Passing_InvalidOrNull_Value_Returns_ApplicationException (,8768768768)" computerName="PC-SFERRARI" duration="00:00:00.0000646" startTime="2021-06-23T10:12:20.0764485+02:00" endTime="2021-06-23T10:12:20.0766024+02:00" testType="13cdc9d9-ddb5-4fa4-a97d-d965ccfc6d4b" outcome="Passed" testListId="8c84fa94-04c1-424b-9868-57a2d4851a1d" relativeResultsDirectory="f1606383-05fb-411b-a632-a546386cbae9" />
    <UnitTestResult executionId="d36c6bd3-6034-42fa-b0bd-7de04026bf83" testId="10c9e576-a6b5-4e61-9a6e-e21b66da2cb2" testName="OperatorEqual_Passing_Valid_Values_Returns_True (www.hackerone-com)" computerName="PC-SFERRARI" duration="00:00:00.0000355" startTime="2021-06-23T10:12:20.0682772+02:00" endTime="2021-06-23T10:12:20.0685295+02:00" testType="13cdc9d9-ddb5-4fa4-a97d-d965ccfc6d4b" outcome="Passed" testListId="8c84fa94-04c1-424b-9868-57a2d4851a1d" relativeResultsDirectory="d36c6bd3-6034-42fa-b0bd-7de04026bf83" />
    <UnitTestResult executionId="9e55b0a1-6120-446a-b675-d66e98de7bf5" testId="85c9f349-84f0-4876-bb1d-e314a548bf3b" testName="OperatorNotEqual_Passing_Valid_Values_Returns_False (Españħ)" computerName="PC-SFERRARI" duration="00:00:00.0000347" startTime="2021-06-23T10:12:20.0151660+02:00" endTime="2021-06-23T10:12:20.0152821+02:00" testType="13cdc9d9-ddb5-4fa4-a97d-d965ccfc6d4b" outcome="Passed" testListId="8c84fa94-04c1-424b-9868-57a2d4851a1d" relativeResultsDirectory="9e55b0a1-6120-446a-b675-d66e98de7bf5" />
    <UnitTestResult executionId="7b3308f5-f179-496f-a136-4ffb4985a2df" testId="30533bba-4d64-47f0-be9d-783d76e183c2" testName="ToString_Passing_Valid_Values_Returns_Subdomain (www.hackerone-com)" computerName="PC-SFERRARI" duration="00:00:00.0000238" startTime="2021-06-23T10:12:20.0720427+02:00" endTime="2021-06-23T10:12:20.0721977+02:00" testType="13cdc9d9-ddb5-4fa4-a97d-d965ccfc6d4b" outcome="Passed" testListId="8c84fa94-04c1-424b-9868-57a2d4851a1d" relativeResultsDirectory="7b3308f5-f179-496f-a136-4ffb4985a2df" />
    <UnitTestResult executionId="626724d9-225d-4caa-9a49-995bad5dbd17" testId="997c15c8-2882-4137-bda4-06866dc7bbce" testName="ToEnum_Passing_Invalid_String_Name_Enumeracion_Returns_Null" computerName="PC-SFERRARI" duration="00:00:00.0011057" startTime="2021-06-23T10:12:19.6149303+02:00" endTime="2021-06-23T10:12:19.6161450+02:00" testType="13cdc9d9-ddb5-4fa4-a97d-d965ccfc6d4b" outcome="Passed" testListId="8c84fa94-04c1-424b-9868-57a2d4851a1d" relativeResultsDirectory="626724d9-225d-4caa-9a49-995bad5dbd17" />
    <UnitTestResult executionId="39d895b4-05ca-44f6-810e-d94313e820b3" testId="af2c470f-5ae3-4860-9593-385d96b81842" testName="OperatorNotEqual_Passing_Valid_Values_Returns_True (stage_hackerone.com)" computerName="PC-SFERRARI" duration="00:00:00.0000119" startTime="2021-06-23T10:12:20.0700113+02:00" endTime="2021-06-23T10:12:20.0700639+02:00" testType="13cdc9d9-ddb5-4fa4-a97d-d965ccfc6d4b" outcome="Passed" testListId="8c84fa94-04c1-424b-9868-57a2d4851a1d" relativeResultsDirectory="39d895b4-05ca-44f6-810e-d94313e820b3" />
    <UnitTestResult executionId="39344d54-de97-4e89-93bc-64f4968ffe0a" testId="132b915c-17a3-4baf-b606-22eefb1e1dea" testName="Equals_Passing_Valid_Values_Returns_True (100,EUR,2)" computerName="PC-SFERRARI" duration="00:00:00.0006651" startTime="2021-06-23T10:12:19.9528188+02:00" endTime="2021-06-23T10:12:19.9536261+02:00" testType="13cdc9d9-ddb5-4fa4-a97d-d965ccfc6d4b" outcome="Passed" testListId="8c84fa94-04c1-424b-9868-57a2d4851a1d" relativeResultsDirectory="39344d54-de97-4e89-93bc-64f4968ffe0a" />
    <UnitTestResult executionId="2ecd1e68-17b5-4533-ab75-4b1c1d6341a2" testId="03f74ece-b3d3-42b6-98f3-1b0626fb79b5" testName="ToNormalize_Passing_Valid_Values_Returns_Address_String_Format (aaads@ggg.cc)" computerName="PC-SFERRARI" duration="00:00:00.0001188" startTime="2021-06-23T10:12:19.8890981+02:00" endTime="2021-06-23T10:12:19.8893544+02:00" testType="13cdc9d9-ddb5-4fa4-a97d-d965ccfc6d4b" outcome="Passed" testListId="8c84fa94-04c1-424b-9868-57a2d4851a1d" relativeResultsDirectory="2ecd1e68-17b5-4533-ab75-4b1c1d6341a2" />
  </Results>
  <TestDefinitions>
    <UnitTest name="ToEnum_Passing_Null_Bool_Value_Returns_Inactive_Status" storage="d:\sferrari\01 - trabajo\repos\netcore\libs\template-netcore-entities\kitpymes.core.entities.tests\bin\debug\net5.0\kitpymes.core.entities.tests.dll" id="ccca367d-59b6-4aa9-8236-214fdb3e1bb9">
      <Execution id="f6f06f49-bbd8-4282-9a75-831ab3b4295f" />
      <TestMethod codeBase="D:\SFERRARI\01 - TRABAJO\repos\netcore\libs\template-netcore-entities\Kitpymes.Core.Entities.Tests\bin\Debug\net5.0\Kitpymes.Core.Entities.Tests.dll" adapterTypeName="executor://mstestadapter/v2" className="Kitpymes.Core.Entities.Enumerations.Tests.StatusEnumTests" name="ToEnum_Passing_Null_Bool_Value_Returns_Inactive_Status" />
    </UnitTest>
    <UnitTest name="OperatorNotEqual_Passing_Valid_Values_Returns_False (USD)" storage="d:\sferrari\01 - trabajo\repos\netcore\libs\template-netcore-entities\kitpymes.core.entities.tests\bin\debug\net5.0\kitpymes.core.entities.tests.dll" id="82666afd-5a26-4516-a7b4-ecb53c6ed6c8">
      <Execution id="dc57cf6a-fb62-4a43-b831-9bdc1b632c60" />
      <TestMethod codeBase="D:\SFERRARI\01 - TRABAJO\repos\netcore\libs\template-netcore-entities\Kitpymes.Core.Entities.Tests\bin\Debug\net5.0\Kitpymes.Core.Entities.Tests.dll" adapterTypeName="executor://mstestadapter/v2" className="Kitpymes.Core.Entities.ValueObjects.Tests.CurrencyTests" name="OperatorNotEqual_Passing_Valid_Values_Returns_False" />
    </UnitTest>
    <UnitTest name="Create_Passing_Valid_Values_Returns_Address (100,EUR,2)" storage="d:\sferrari\01 - trabajo\repos\netcore\libs\template-netcore-entities\kitpymes.core.entities.tests\bin\debug\net5.0\kitpymes.core.entities.tests.dll" id="2a36c97b-2f43-44b1-996b-8de75e1277de">
      <Execution id="bd7f08c8-1a71-4a9d-a6c2-a8d7d1096198" />
      <TestMethod codeBase="D:\SFERRARI\01 - TRABAJO\repos\netcore\libs\template-netcore-entities\Kitpymes.Core.Entities.Tests\bin\Debug\net5.0\Kitpymes.Core.Entities.Tests.dll" adapterTypeName="executor://mstestadapter/v2" className="Kitpymes.Core.Entities.ValueObjects.Tests.MoneyTests" name="Create_Passing_Valid_Values_Returns_Address" />
    </UnitTest>
    <UnitTest name="IsFemale_Passing_Nothing_Returns_True" storage="d:\sferrari\01 - trabajo\repos\netcore\libs\template-netcore-entities\kitpymes.core.entities.tests\bin\debug\net5.0\kitpymes.core.entities.tests.dll" id="27777a7b-87a7-4814-a8aa-d853ec6ae881">
      <Execution id="3deb51c2-2492-4428-a6be-60f1c38f37c6" />
      <TestMethod codeBase="D:\SFERRARI\01 - TRABAJO\repos\netcore\libs\template-netcore-entities\Kitpymes.Core.Entities.Tests\bin\Debug\net5.0\Kitpymes.Core.Entities.Tests.dll" adapterTypeName="executor://mstestadapter/v2" className="Kitpymes.Core.Entities.Enumerations.Tests.GenderTypeEnumTests" name="IsFemale_Passing_Nothing_Returns_True" />
    </UnitTest>
    <UnitTest name="ToString_Passing_Valid_Values_Returns_Name (Españã)" storage="d:\sferrari\01 - trabajo\repos\netcore\libs\template-netcore-entities\kitpymes.core.entities.tests\bin\debug\net5.0\kitpymes.core.entities.tests.dll" id="2c5c99f0-42b4-44e2-baa0-c7296a6ce38e">
      <Execution id="812ed088-e538-4e1a-a588-ce94903ea40d" />
      <TestMethod codeBase="D:\SFERRARI\01 - TRABAJO\repos\netcore\libs\template-netcore-entities\Kitpymes.Core.Entities.Tests\bin\Debug\net5.0\Kitpymes.Core.Entities.Tests.dll" adapterTypeName="executor://mstestadapter/v2" className="Kitpymes.Core.Entities.ValueObjects.Tests.NameTests" name="ToString_Passing_Valid_Values_Returns_Name" />
    </UnitTest>
    <UnitTest name="OperatorEqual_Passing_Valid_Distinct_Values_Returns_False (400,EUR,8)" storage="d:\sferrari\01 - trabajo\repos\netcore\libs\template-netcore-entities\kitpymes.core.entities.tests\bin\debug\net5.0\kitpymes.core.entities.tests.dll" id="87109369-2583-40f0-be0d-8dd1bf5ae05e">
      <Execution id="7d931d11-bd6d-42ca-9ac6-e43f162b13c3" />
      <TestMethod codeBase="D:\SFERRARI\01 - TRABAJO\repos\netcore\libs\template-netcore-entities\Kitpymes.Core.Entities.Tests\bin\Debug\net5.0\Kitpymes.Core.Entities.Tests.dll" adapterTypeName="executor://mstestadapter/v2" className="Kitpymes.Core.Entities.ValueObjects.Tests.MoneyTests" name="OperatorEqual_Passing_Valid_Distinct_Values_Returns_False" />
    </UnitTest>
    <UnitTest name="ToString_Passing_Valid_Values_Returns_Address_String_Format (400,USD,8)" storage="d:\sferrari\01 - trabajo\repos\netcore\libs\template-netcore-entities\kitpymes.core.entities.tests\bin\debug\net5.0\kitpymes.core.entities.tests.dll" id="83df7e6f-7d2f-42a1-83ac-81e69ed65037">
      <Execution id="750d5d98-ef34-4bc0-8a86-101cb679ad37" />
      <TestMethod codeBase="D:\SFERRARI\01 - TRABAJO\repos\netcore\libs\template-netcore-entities\Kitpymes.Core.Entities.Tests\bin\Debug\net5.0\Kitpymes.Core.Entities.Tests.dll" adapterTypeName="executor://mstestadapter/v2" className="Kitpymes.Core.Entities.ValueObjects.Tests.MoneyTests" name="ToString_Passing_Valid_Values_Returns_Address_String_Format" />
    </UnitTest>
    <UnitTest name="Equals_Passing_Valid_Values_Returns_True (Sabadell)" storage="d:\sferrari\01 - trabajo\repos\netcore\libs\template-netcore-entities\kitpymes.core.entities.tests\bin\debug\net5.0\kitpymes.core.entities.tests.dll" id="fe7006e9-8e6d-43f2-a2a6-2dd18a84a35f">
      <Execution id="6ae4c21d-e0ef-459e-918f-ade7d25464e6" />
      <TestMethod codeBase="D:\SFERRARI\01 - TRABAJO\repos\netcore\libs\template-netcore-entities\Kitpymes.Core.Entities.Tests\bin\Debug\net5.0\Kitpymes.Core.Entities.Tests.dll" adapterTypeName="executor://mstestadapter/v2" className="Kitpymes.Core.Entities.ValueObjects.Tests.StringIdTests" name="Equals_Passing_Valid_Values_Returns_True" />
    </UnitTest>
    <UnitTest name="ToEnum_Passing_Valid_String_ShortName_Enumeracion_Returns_Enumeracion" storage="d:\sferrari\01 - trabajo\repos\netcore\libs\template-netcore-entities\kitpymes.core.entities.tests\bin\debug\net5.0\kitpymes.core.entities.tests.dll" id="2f19bde4-71ab-4d83-b83e-0970a36720d2">
      <Execution id="d1a50f1b-0829-4d39-a25e-3191d52fe77d" />
      <TestMethod codeBase="D:\SFERRARI\01 - TRABAJO\repos\netcore\libs\template-netcore-entities\Kitpymes.Core.Entities.Tests\bin\Debug\net5.0\Kitpymes.Core.Entities.Tests.dll" adapterTypeName="executor://mstestadapter/v2" className="Kitpymes.Core.Entities.Enumerations.Tests.GenderTypeEnumTests" name="ToEnum_Passing_Valid_String_ShortName_Enumeracion_Returns_Enumeracion" />
    </UnitTest>
    <UnitTest name="ToEnum_Passing_Invalid_Int_Name_Enumeracion_Returns_Null" storage="d:\sferrari\01 - trabajo\repos\netcore\libs\template-netcore-entities\kitpymes.core.entities.tests\bin\debug\net5.0\kitpymes.core.entities.tests.dll" id="c4e5047f-35a2-4eb4-a1c6-34b0b29eb6f6">
      <Execution id="123e9656-0e10-495d-93ca-1a93e128e26f" />
      <TestMethod codeBase="D:\SFERRARI\01 - TRABAJO\repos\netcore\libs\template-netcore-entities\Kitpymes.Core.Entities.Tests\bin\Debug\net5.0\Kitpymes.Core.Entities.Tests.dll" adapterTypeName="executor://mstestadapter/v2" className="Kitpymes.Core.Entities.Enumerations.Tests.CardTypeEnumTests" name="ToEnum_Passing_Invalid_Int_Name_Enumeracion_Returns_Null" />
    </UnitTest>
    <UnitTest name="OperatorEqual_Passing_Valid_Distinct_Values_Returns_False (España)" storage="d:\sferrari\01 - trabajo\repos\netcore\libs\template-netcore-entities\kitpymes.core.entities.tests\bin\debug\net5.0\kitpymes.core.entities.tests.dll" id="60e6e378-34cd-4ea2-9beb-e788c5bb7367">
      <Execution id="cc384487-c840-4f49-9a69-eab71d49d31c" />
      <TestMethod codeBase="D:\SFERRARI\01 - TRABAJO\repos\netcore\libs\template-netcore-entities\Kitpymes.Core.Entities.Tests\bin\Debug\net5.0\Kitpymes.Core.Entities.Tests.dll" adapterTypeName="executor://mstestadapter/v2" className="Kitpymes.Core.Entities.ValueObjects.Tests.NameTests" name="OperatorEqual_Passing_Valid_Distinct_Values_Returns_False" />
    </UnitTest>
    <UnitTest name="GetAll_Passing_Nothing_Returns_Enumeracion_List" storage="d:\sferrari\01 - trabajo\repos\netcore\libs\template-netcore-entities\kitpymes.core.entities.tests\bin\debug\net5.0\kitpymes.core.entities.tests.dll" id="7da63871-b4e6-4c6f-8fdd-e8581518ee85">
      <Execution id="c1696f1d-838c-46ca-9c17-6d00da808946" />
      <TestMethod codeBase="D:\SFERRARI\01 - TRABAJO\repos\netcore\libs\template-netcore-entities\Kitpymes.Core.Entities.Tests\bin\Debug\net5.0\Kitpymes.Core.Entities.Tests.dll" adapterTypeName="executor://mstestadapter/v2" className="Kitpymes.Core.Entities.Enumerations.Tests.CardTypeEnumTests" name="GetAll_Passing_Nothing_Returns_Enumeracion_List" />
    </UnitTest>
    <UnitTest name="Create_Passing_Valid_Values_Returns_StringId (Espania)" storage="d:\sferrari\01 - trabajo\repos\netcore\libs\template-netcore-entities\kitpymes.core.entities.tests\bin\debug\net5.0\kitpymes.core.entities.tests.dll" id="d1bd1465-1aae-43f2-8148-fe8ae13b9d60">
      <Execution id="de7b1cc8-c751-4cd6-a69e-d03633e032ce" />
      <TestMethod codeBase="D:\SFERRARI\01 - TRABAJO\repos\netcore\libs\template-netcore-entities\Kitpymes.Core.Entities.Tests\bin\Debug\net5.0\Kitpymes.Core.Entities.Tests.dll" adapterTypeName="executor://mstestadapter/v2" className="Kitpymes.Core.Entities.ValueObjects.Tests.StringIdTests" name="Create_Passing_Valid_Values_Returns_StringId" />
    </UnitTest>
    <UnitTest name="Create_Passing_Valid_Values_Returns_Address (200,EUR,4)" storage="d:\sferrari\01 - trabajo\repos\netcore\libs\template-netcore-entities\kitpymes.core.entities.tests\bin\debug\net5.0\kitpymes.core.entities.tests.dll" id="07a0311b-76a8-4df3-afc8-d2dcfc0e447b">
      <Execution id="5d0e2619-63e5-4b6d-a4fa-d3ae32d12bcd" />
      <TestMethod codeBase="D:\SFERRARI\01 - TRABAJO\repos\netcore\libs\template-netcore-entities\Kitpymes.Core.Entities.Tests\bin\Debug\net5.0\Kitpymes.Core.Entities.Tests.dll" adapterTypeName="executor://mstestadapter/v2" className="Kitpymes.Core.Entities.ValueObjects.Tests.MoneyTests" name="Create_Passing_Valid_Values_Returns_Address" />
    </UnitTest>
    <UnitTest name="ToEnum_Passing_Valid_String_Name_Returns_Enumeracion" storage="d:\sferrari\01 - trabajo\repos\netcore\libs\template-netcore-entities\kitpymes.core.entities.tests\bin\debug\net5.0\kitpymes.core.entities.tests.dll" id="cc91d9e7-1c1d-4eec-a721-d7138f307fe3">
      <Execution id="af023aaa-91d8-49a2-bcfd-04dd4ac7879f" />
      <TestMethod codeBase="D:\SFERRARI\01 - TRABAJO\repos\netcore\libs\template-netcore-entities\Kitpymes.Core.Entities.Tests\bin\Debug\net5.0\Kitpymes.Core.Entities.Tests.dll" adapterTypeName="executor://mstestadapter/v2" className="Kitpymes.Core.Entities.Enumerations.Tests.StatusEnumTests" name="ToEnum_Passing_Valid_String_Name_Returns_Enumeracion" />
    </UnitTest>
    <UnitTest name="Create_Passing_InvalidOrNull_Value_Returns_ApplicationException (..¬¬¬sdffdsfdssd.dd)" storage="d:\sferrari\01 - trabajo\repos\netcore\libs\template-netcore-entities\kitpymes.core.entities.tests\bin\debug\net5.0\kitpymes.core.entities.tests.dll" id="847f0d83-95b9-4c87-ac42-ec3f8c002e51">
      <Execution id="88e9b135-e453-4a8c-ad6d-27b183a46ad3" />
      <TestMethod codeBase="D:\SFERRARI\01 - TRABAJO\repos\netcore\libs\template-netcore-entities\Kitpymes.Core.Entities.Tests\bin\Debug\net5.0\Kitpymes.Core.Entities.Tests.dll" adapterTypeName="executor://mstestadapter/v2" className="Kitpymes.Core.Entities.ValueObjects.Tests.SubdomainTests" name="Create_Passing_InvalidOrNull_Value_Returns_ApplicationException" />
    </UnitTest>
    <UnitTest name="OperatorEqual_Passing_Valid_Distinct_Values_Returns_False (Españä)" storage="d:\sferrari\01 - trabajo\repos\netcore\libs\template-netcore-entities\kitpymes.core.entities.tests\bin\debug\net5.0\kitpymes.core.entities.tests.dll" id="cabf811b-1f3a-4025-bea9-3df2d6e60503">
      <Execution id="a9105f83-ba01-4920-bdae-e09befecdb48" />
      <TestMethod codeBase="D:\SFERRARI\01 - TRABAJO\repos\netcore\libs\template-netcore-entities\Kitpymes.Core.Entities.Tests\bin\Debug\net5.0\Kitpymes.Core.Entities.Tests.dll" adapterTypeName="executor://mstestadapter/v2" className="Kitpymes.Core.Entities.ValueObjects.Tests.NameTests" name="OperatorEqual_Passing_Valid_Distinct_Values_Returns_False" />
    </UnitTest>
    <UnitTest name="IsNull_Passing_Null_Value_Returns_True" storage="d:\sferrari\01 - trabajo\repos\netcore\libs\template-netcore-entities\kitpymes.core.entities.tests\bin\debug\net5.0\kitpymes.core.entities.tests.dll" id="d3c611db-d5fc-45f1-8e6e-6915118a25ef">
      <Execution id="85e83424-21bb-4834-b75a-e8442675fe27" />
      <TestMethod codeBase="D:\SFERRARI\01 - TRABAJO\repos\netcore\libs\template-netcore-entities\Kitpymes.Core.Entities.Tests\bin\Debug\net5.0\Kitpymes.Core.Entities.Tests.dll" adapterTypeName="executor://mstestadapter/v2" className="Kitpymes.Core.Entities.ValueObjects.Tests.EmailTests" name="IsNull_Passing_Null_Value_Returns_True" />
    </UnitTest>
    <UnitTest name="OperatorNotEqual_Passing_Valid_Values_Returns_False (stage_hackerone.com)" storage="d:\sferrari\01 - trabajo\repos\netcore\libs\template-netcore-entities\kitpymes.core.entities.tests\bin\debug\net5.0\kitpymes.core.entities.tests.dll" id="5455eeb4-e5f7-484e-9ce3-137f4cf7c8f3">
      <Execution id="a8ab761e-71de-46b9-a2c6-d096e5b006e4" />
      <TestMethod codeBase="D:\SFERRARI\01 - TRABAJO\repos\netcore\libs\template-netcore-entities\Kitpymes.Core.Entities.Tests\bin\Debug\net5.0\Kitpymes.Core.Entities.Tests.dll" adapterTypeName="executor://mstestadapter/v2" className="Kitpymes.Core.Entities.ValueObjects.Tests.SubdomainTests" name="OperatorNotEqual_Passing_Valid_Values_Returns_False" />
    </UnitTest>
    <UnitTest name="OperatorEqual_Passing_Valid_Values_Returns_True (400,USD,8)" storage="d:\sferrari\01 - trabajo\repos\netcore\libs\template-netcore-entities\kitpymes.core.entities.tests\bin\debug\net5.0\kitpymes.core.entities.tests.dll" id="062e7fa9-57f7-490c-a728-ff78aad87efc">
      <Execution id="6a9fbe8d-6188-4d72-8772-62fdfbd12381" />
      <TestMethod codeBase="D:\SFERRARI\01 - TRABAJO\repos\netcore\libs\template-netcore-entities\Kitpymes.Core.Entities.Tests\bin\Debug\net5.0\Kitpymes.Core.Entities.Tests.dll" adapterTypeName="executor://mstestadapter/v2" className="Kitpymes.Core.Entities.ValueObjects.Tests.MoneyTests" name="OperatorEqual_Passing_Valid_Values_Returns_True" />
    </UnitTest>
    <UnitTest name="IsNull_Passing_Valid_Value_Returns_False (Españà)" storage="d:\sferrari\01 - trabajo\repos\netcore\libs\template-netcore-entities\kitpymes.core.entities.tests\bin\debug\net5.0\kitpymes.core.entities.tests.dll" id="790a1678-ac34-4624-ac0c-78dc98fb043c">
      <Execution id="5bbe8f53-2a16-41bb-b87f-2e516a38870d" />
      <TestMethod codeBase="D:\SFERRARI\01 - TRABAJO\repos\netcore\libs\template-netcore-entities\Kitpymes.Core.Entities.Tests\bin\Debug\net5.0\Kitpymes.Core.Entities.Tests.dll" adapterTypeName="executor://mstestadapter/v2" className="Kitpymes.Core.Entities.ValueObjects.Tests.NameTests" name="IsNull_Passing_Valid_Value_Returns_False" />
    </UnitTest>
    <UnitTest name="Equals_Passing_Valid_Values_Returns_True (200,EUR,4)" storage="d:\sferrari\01 - trabajo\repos\netcore\libs\template-netcore-entities\kitpymes.core.entities.tests\bin\debug\net5.0\kitpymes.core.entities.tests.dll" id="579b2006-4ae4-4206-98d8-3f5a0e98c26c">
      <Execution id="7c818829-c7cc-49f0-9b14-c5af0dcb2e71" />
      <TestMethod codeBase="D:\SFERRARI\01 - TRABAJO\repos\netcore\libs\template-netcore-entities\Kitpymes.Core.Entities.Tests\bin\Debug\net5.0\Kitpymes.Core.Entities.Tests.dll" adapterTypeName="executor://mstestadapter/v2" className="Kitpymes.Core.Entities.ValueObjects.Tests.MoneyTests" name="Equals_Passing_Valid_Values_Returns_True" />
    </UnitTest>
    <UnitTest name="OperatorEqual_Passing_Valid_Values_Returns_False (Tenerife,23,34567,San Bartoleme De Tirajana,Las Palmas,España)" storage="d:\sferrari\01 - trabajo\repos\netcore\libs\template-netcore-entities\kitpymes.core.entities.tests\bin\debug\net5.0\kitpymes.core.entities.tests.dll" id="58dce493-8432-4e5e-91df-1308c0458984">
      <Execution id="dd1a96c0-c880-45dd-abb9-10deb0ac7885" />
      <TestMethod codeBase="D:\SFERRARI\01 - TRABAJO\repos\netcore\libs\template-netcore-entities\Kitpymes.Core.Entities.Tests\bin\Debug\net5.0\Kitpymes.Core.Entities.Tests.dll" adapterTypeName="executor://mstestadapter/v2" className="Kitpymes.Core.Entities.ValueObjects.Tests.AddressTests" name="OperatorEqual_Passing_Valid_Values_Returns_False" />
    </UnitTest>
    <UnitTest name="Create_Default_Passing_Valid_Values_Returns_StringId" storage="d:\sferrari\01 - trabajo\repos\netcore\libs\template-netcore-entities\kitpymes.core.entities.tests\bin\debug\net5.0\kitpymes.core.entities.tests.dll" id="d0593c25-1b1c-4a68-b697-71f3f345bedd">
      <Execution id="dadbbd6e-c789-4068-aca4-7763c005c2bc" />
      <TestMethod codeBase="D:\SFERRARI\01 - TRABAJO\repos\netcore\libs\template-netcore-entities\Kitpymes.Core.Entities.Tests\bin\Debug\net5.0\Kitpymes.Core.Entities.Tests.dll" adapterTypeName="executor://mstestadapter/v2" className="Kitpymes.Core.Entities.ValueObjects.Tests.StringIdTests" name="Create_Default_Passing_Valid_Values_Returns_StringId" />
    </UnitTest>
    <UnitTest name="Equals_Passing_Valid_Values_Returns_False (Pader,789,DF7956,Sabadell,Barcelona,España)" storage="d:\sferrari\01 - trabajo\repos\netcore\libs\template-netcore-entities\kitpymes.core.entities.tests\bin\debug\net5.0\kitpymes.core.entities.tests.dll" id="22e85632-49b3-455d-86cf-0335b2b929c2">
      <Execution id="7afde3eb-17c4-4b7a-a532-53e4f83c1496" />
      <TestMethod codeBase="D:\SFERRARI\01 - TRABAJO\repos\netcore\libs\template-netcore-entities\Kitpymes.Core.Entities.Tests\bin\Debug\net5.0\Kitpymes.Core.Entities.Tests.dll" adapterTypeName="executor://mstestadapter/v2" className="Kitpymes.Core.Entities.ValueObjects.Tests.AddressTests" name="Equals_Passing_Valid_Values_Returns_False" />
    </UnitTest>
    <UnitTest name="ToString_Passing_Valid_Values_Returns_Name (Españâ)" storage="d:\sferrari\01 - trabajo\repos\netcore\libs\template-netcore-entities\kitpymes.core.entities.tests\bin\debug\net5.0\kitpymes.core.entities.tests.dll" id="5fa7410f-b437-46dd-b2a2-d221324bc2a0">
      <Execution id="ecb1ac00-9c05-4249-b46f-039009d45e97" />
      <TestMethod codeBase="D:\SFERRARI\01 - TRABAJO\repos\netcore\libs\template-netcore-entities\Kitpymes.Core.Entities.Tests\bin\Debug\net5.0\Kitpymes.Core.Entities.Tests.dll" adapterTypeName="executor://mstestadapter/v2" className="Kitpymes.Core.Entities.ValueObjects.Tests.NameTests" name="ToString_Passing_Valid_Values_Returns_Name" />
    </UnitTest>
    <UnitTest name="OperatorNotEqual_Passing_Valid_Values_Returns_True (456,43543543543)" storage="d:\sferrari\01 - trabajo\repos\netcore\libs\template-netcore-entities\kitpymes.core.entities.tests\bin\debug\net5.0\kitpymes.core.entities.tests.dll" id="e3eaa59b-246f-4ddb-af9f-368275e0a6de">
      <Execution id="4eb6c113-c870-418a-9b93-654dab782991" />
      <TestMethod codeBase="D:\SFERRARI\01 - TRABAJO\repos\netcore\libs\template-netcore-entities\Kitpymes.Core.Entities.Tests\bin\Debug\net5.0\Kitpymes.Core.Entities.Tests.dll" adapterTypeName="executor://mstestadapter/v2" className="Kitpymes.Core.Entities.ValueObjects.Tests.TelephoneTests" name="OperatorNotEqual_Passing_Valid_Values_Returns_True" />
    </UnitTest>
    <UnitTest name="ToString_Passing_Valid_Values_Returns_Address_String_Format (Pader,789,DF7956,Sabadell,Barcelona,España)" storage="d:\sferrari\01 - trabajo\repos\netcore\libs\template-netcore-entities\kitpymes.core.entities.tests\bin\debug\net5.0\kitpymes.core.entities.tests.dll" id="76ee8a2c-cc69-4d16-ad80-24d4f2f0329c">
      <Execution id="73d2476b-6652-4fcb-8fca-9f4569ab8763" />
      <TestMethod codeBase="D:\SFERRARI\01 - TRABAJO\repos\netcore\libs\template-netcore-entities\Kitpymes.Core.Entities.Tests\bin\Debug\net5.0\Kitpymes.Core.Entities.Tests.dll" adapterTypeName="executor://mstestadapter/v2" className="Kitpymes.Core.Entities.ValueObjects.Tests.AddressTests" name="ToString_Passing_Valid_Values_Returns_Address_String_Format" />
    </UnitTest>
    <UnitTest name="OperatorNotEqual_Passing_Valid_Values_Returns_False (app.hackerone1.com)" storage="d:\sferrari\01 - trabajo\repos\netcore\libs\template-netcore-entities\kitpymes.core.entities.tests\bin\debug\net5.0\kitpymes.core.entities.tests.dll" id="e3048b70-7604-4ee6-ad02-3b496a65efb2">
      <Execution id="aeed4df7-20c9-45d4-9aa8-7a34e522b2c6" />
      <TestMethod codeBase="D:\SFERRARI\01 - TRABAJO\repos\netcore\libs\template-netcore-entities\Kitpymes.Core.Entities.Tests\bin\Debug\net5.0\Kitpymes.Core.Entities.Tests.dll" adapterTypeName="executor://mstestadapter/v2" className="Kitpymes.Core.Entities.ValueObjects.Tests.SubdomainTests" name="OperatorNotEqual_Passing_Valid_Values_Returns_False" />
    </UnitTest>
    <UnitTest name="OperatorEqual_Passing_Valid_Values_Returns_True (200,EUR,4)" storage="d:\sferrari\01 - trabajo\repos\netcore\libs\template-netcore-entities\kitpymes.core.entities.tests\bin\debug\net5.0\kitpymes.core.entities.tests.dll" id="78a2ec77-cea5-41a6-b0ac-a315ab5d8395">
      <Execution id="2f8f72c4-3933-4205-9c4f-90ab2d1cb00b" />
      <TestMethod codeBase="D:\SFERRARI\01 - TRABAJO\repos\netcore\libs\template-netcore-entities\Kitpymes.Core.Entities.Tests\bin\Debug\net5.0\Kitpymes.Core.Entities.Tests.dll" adapterTypeName="executor://mstestadapter/v2" className="Kitpymes.Core.Entities.ValueObjects.Tests.MoneyTests" name="OperatorEqual_Passing_Valid_Values_Returns_True" />
    </UnitTest>
    <UnitTest name="IsNull_Passing_Null_Value_Returns_True" storage="d:\sferrari\01 - trabajo\repos\netcore\libs\template-netcore-entities\kitpymes.core.entities.tests\bin\debug\net5.0\kitpymes.core.entities.tests.dll" id="e696f0b8-c80b-42fc-b9a5-33d4eecdc926">
      <Execution id="7d299442-fd74-4fdd-be01-d8524ff3619f" />
      <TestMethod codeBase="D:\SFERRARI\01 - TRABAJO\repos\netcore\libs\template-netcore-entities\Kitpymes.Core.Entities.Tests\bin\Debug\net5.0\Kitpymes.Core.Entities.Tests.dll" adapterTypeName="executor://mstestadapter/v2" className="Kitpymes.Core.Entities.ValueObjects.Tests.StringIdTests" name="IsNull_Passing_Null_Value_Returns_True" />
    </UnitTest>
    <UnitTest name="Equals_Passing_Valid_Values_Returns_True (100,EUR,2)" storage="d:\sferrari\01 - trabajo\repos\netcore\libs\template-netcore-entities\kitpymes.core.entities.tests\bin\debug\net5.0\kitpymes.core.entities.tests.dll" id="132b915c-17a3-4baf-b606-22eefb1e1dea">
      <Execution id="39344d54-de97-4e89-93bc-64f4968ffe0a" />
      <TestMethod codeBase="D:\SFERRARI\01 - TRABAJO\repos\netcore\libs\template-netcore-entities\Kitpymes.Core.Entities.Tests\bin\Debug\net5.0\Kitpymes.Core.Entities.Tests.dll" adapterTypeName="executor://mstestadapter/v2" className="Kitpymes.Core.Entities.ValueObjects.Tests.MoneyTests" name="Equals_Passing_Valid_Values_Returns_True" />
    </UnitTest>
    <UnitTest name="ToEnum_Passing_Valid_String_Name_Enumeracion_Returns_Enumeracion" storage="d:\sferrari\01 - trabajo\repos\netcore\libs\template-netcore-entities\kitpymes.core.entities.tests\bin\debug\net5.0\kitpymes.core.entities.tests.dll" id="a58a7124-f2fd-4066-8bca-331b32efab7e">
      <Execution id="de653689-1fee-4bce-b165-c6488cefa25f" />
      <TestMethod codeBase="D:\SFERRARI\01 - TRABAJO\repos\netcore\libs\template-netcore-entities\Kitpymes.Core.Entities.Tests\bin\Debug\net5.0\Kitpymes.Core.Entities.Tests.dll" adapterTypeName="executor://mstestadapter/v2" className="Kitpymes.Core.Entities.Enumerations.Tests.LogTypeEnumTests" name="ToEnum_Passing_Valid_String_Name_Enumeracion_Returns_Enumeracion" />
    </UnitTest>
    <UnitTest name="Create_Passing_Valid_Values_Returns_Name (Españá)" storage="d:\sferrari\01 - trabajo\repos\netcore\libs\template-netcore-entities\kitpymes.core.entities.tests\bin\debug\net5.0\kitpymes.core.entities.tests.dll" id="00fb32a4-cee0-4125-a334-67f603166d2a">
      <Execution id="c0347475-4c35-4bde-8e28-fb8b5c895205" />
      <TestMethod codeBase="D:\SFERRARI\01 - TRABAJO\repos\netcore\libs\template-netcore-entities\Kitpymes.Core.Entities.Tests\bin\Debug\net5.0\Kitpymes.Core.Entities.Tests.dll" adapterTypeName="executor://mstestadapter/v2" className="Kitpymes.Core.Entities.ValueObjects.Tests.NameTests" name="Create_Passing_Valid_Values_Returns_Name" />
    </UnitTest>
    <UnitTest name="IsNull_Passing_Valid_Value_Returns_False (España)" storage="d:\sferrari\01 - trabajo\repos\netcore\libs\template-netcore-entities\kitpymes.core.entities.tests\bin\debug\net5.0\kitpymes.core.entities.tests.dll" id="ecfa7b5e-b3ca-4b3f-a64f-f8eeff7a88b9">
      <Execution id="b33a0204-f75d-4aee-a153-5dd71e9a4c55" />
      <TestMethod codeBase="D:\SFERRARI\01 - TRABAJO\repos\netcore\libs\template-netcore-entities\Kitpymes.Core.Entities.Tests\bin\Debug\net5.0\Kitpymes.Core.Entities.Tests.dll" adapterTypeName="executor://mstestadapter/v2" className="Kitpymes.Core.Entities.ValueObjects.Tests.NameTests" name="IsNull_Passing_Valid_Value_Returns_False" />
    </UnitTest>
    <UnitTest name="OperatorNotEqual_Passing_Valid_Values_Returns_False (www.hackerone-com)" storage="d:\sferrari\01 - trabajo\repos\netcore\libs\template-netcore-entities\kitpymes.core.entities.tests\bin\debug\net5.0\kitpymes.core.entities.tests.dll" id="788fcaf1-c5b9-41ed-a04c-8a3615294b79">
      <Execution id="cac40f8c-f1ef-4e30-a971-c83b5e1920ef" />
      <TestMethod codeBase="D:\SFERRARI\01 - TRABAJO\repos\netcore\libs\template-netcore-entities\Kitpymes.Core.Entities.Tests\bin\Debug\net5.0\Kitpymes.Core.Entities.Tests.dll" adapterTypeName="executor://mstestadapter/v2" className="Kitpymes.Core.Entities.ValueObjects.Tests.SubdomainTests" name="OperatorNotEqual_Passing_Valid_Values_Returns_False" />
    </UnitTest>
    <UnitTest name="Create_Passing_InvalidOrNull_Value_Returns_ApplicationException (4324324,0)" storage="d:\sferrari\01 - trabajo\repos\netcore\libs\template-netcore-entities\kitpymes.core.entities.tests\bin\debug\net5.0\kitpymes.core.entities.tests.dll" id="2736222d-3ee2-49aa-95ba-3580ceeb6d16">
      <Execution id="e62faeb8-ae98-48a9-8701-5fa837959d52" />
      <TestMethod codeBase="D:\SFERRARI\01 - TRABAJO\repos\netcore\libs\template-netcore-entities\Kitpymes.Core.Entities.Tests\bin\Debug\net5.0\Kitpymes.Core.Entities.Tests.dll" adapterTypeName="executor://mstestadapter/v2" className="Kitpymes.Core.Entities.ValueObjects.Tests.TelephoneTests" name="Create_Passing_InvalidOrNull_Value_Returns_ApplicationException" />
    </UnitTest>
    <UnitTest name="ToBool_Passing_Valid_Status_Inactive_Returns_False" storage="d:\sferrari\01 - trabajo\repos\netcore\libs\template-netcore-entities\kitpymes.core.entities.tests\bin\debug\net5.0\kitpymes.core.entities.tests.dll" id="5d62e468-8fe7-4b84-9e45-b5838bb45f70">
      <Execution id="371e4343-c046-412e-a250-ee7162ef7af3" />
      <TestMethod codeBase="D:\SFERRARI\01 - TRABAJO\repos\netcore\libs\template-netcore-entities\Kitpymes.Core.Entities.Tests\bin\Debug\net5.0\Kitpymes.Core.Entities.Tests.dll" adapterTypeName="executor://mstestadapter/v2" className="Kitpymes.Core.Entities.Enumerations.Tests.StatusEnumTests" name="ToBool_Passing_Valid_Status_Inactive_Returns_False" />
    </UnitTest>
    <UnitTest name="Equals_Passing_Valid_Distinct_Values_Returns_False (34fsds@sdd.fgg)" storage="d:\sferrari\01 - trabajo\repos\netcore\libs\template-netcore-entities\kitpymes.core.entities.tests\bin\debug\net5.0\kitpymes.core.entities.tests.dll" id="881d953a-8188-4bc0-92f8-bfd22b5e892c">
      <Execution id="2f93ba5e-318b-4ed6-aa09-d938a9ef8520" />
      <TestMethod codeBase="D:\SFERRARI\01 - TRABAJO\repos\netcore\libs\template-netcore-entities\Kitpymes.Core.Entities.Tests\bin\Debug\net5.0\Kitpymes.Core.Entities.Tests.dll" adapterTypeName="executor://mstestadapter/v2" className="Kitpymes.Core.Entities.ValueObjects.Tests.EmailTests" name="Equals_Passing_Valid_Distinct_Values_Returns_False" />
    </UnitTest>
    <UnitTest name="Equals_Passing_Valid_Distinct_Values_Returns_False (Españä)" storage="d:\sferrari\01 - trabajo\repos\netcore\libs\template-netcore-entities\kitpymes.core.entities.tests\bin\debug\net5.0\kitpymes.core.entities.tests.dll" id="c38346d0-04f0-406d-ab11-11422bb3afe3">
      <Execution id="05138538-a7fe-4e27-99a7-30f689504751" />
      <TestMethod codeBase="D:\SFERRARI\01 - TRABAJO\repos\netcore\libs\template-netcore-entities\Kitpymes.Core.Entities.Tests\bin\Debug\net5.0\Kitpymes.Core.Entities.Tests.dll" adapterTypeName="executor://mstestadapter/v2" className="Kitpymes.Core.Entities.ValueObjects.Tests.NameTests" name="Equals_Passing_Valid_Distinct_Values_Returns_False" />
    </UnitTest>
    <UnitTest name="Equals_Passing_Valid_Distinct_Values_Returns_False (D45,86554654)" storage="d:\sferrari\01 - trabajo\repos\netcore\libs\template-netcore-entities\kitpymes.core.entities.tests\bin\debug\net5.0\kitpymes.core.entities.tests.dll" id="723032f6-c9ad-499b-a54b-6c21ab5dacbc">
      <Execution id="51677ef3-7ccd-41f2-9053-a890db5934c2" />
      <TestMethod codeBase="D:\SFERRARI\01 - TRABAJO\repos\netcore\libs\template-netcore-entities\Kitpymes.Core.Entities.Tests\bin\Debug\net5.0\Kitpymes.Core.Entities.Tests.dll" adapterTypeName="executor://mstestadapter/v2" className="Kitpymes.Core.Entities.ValueObjects.Tests.TelephoneTests" name="Equals_Passing_Valid_Distinct_Values_Returns_False" />
    </UnitTest>
    <UnitTest name="ToString_Passing_Valid_Values_Returns_Value_String_Format (Sabadell,Barcelona)" storage="d:\sferrari\01 - trabajo\repos\netcore\libs\template-netcore-entities\kitpymes.core.entities.tests\bin\debug\net5.0\kitpymes.core.entities.tests.dll" id="7042470b-829c-4e71-8c90-6e9ac55ddbf1">
      <Execution id="65ee97b7-d2fa-4434-b251-fe7abc36f9da" />
      <TestMethod codeBase="D:\SFERRARI\01 - TRABAJO\repos\netcore\libs\template-netcore-entities\Kitpymes.Core.Entities.Tests\bin\Debug\net5.0\Kitpymes.Core.Entities.Tests.dll" adapterTypeName="executor://mstestadapter/v2" className="Kitpymes.Core.Entities.ValueObjects.Tests.FullNameTests" name="ToString_Passing_Valid_Values_Returns_Value_String_Format" />
    </UnitTest>
    <UnitTest name="OperatorEqual_Passing_Valid_Distinct_Values_Returns_False (100,EUR,2)" storage="d:\sferrari\01 - trabajo\repos\netcore\libs\template-netcore-entities\kitpymes.core.entities.tests\bin\debug\net5.0\kitpymes.core.entities.tests.dll" id="eea2653a-4e70-4b8d-8be0-2e6153050811">
      <Execution id="b7808880-6b2b-4f3f-b06d-39e85fff98a7" />
      <TestMethod codeBase="D:\SFERRARI\01 - TRABAJO\repos\netcore\libs\template-netcore-entities\Kitpymes.Core.Entities.Tests\bin\Debug\net5.0\Kitpymes.Core.Entities.Tests.dll" adapterTypeName="executor://mstestadapter/v2" className="Kitpymes.Core.Entities.ValueObjects.Tests.MoneyTests" name="OperatorEqual_Passing_Valid_Distinct_Values_Returns_False" />
    </UnitTest>
    <UnitTest name="Equals_Passing_Valid_Values_Returns_True (D45,86554654)" storage="d:\sferrari\01 - trabajo\repos\netcore\libs\template-netcore-entities\kitpymes.core.entities.tests\bin\debug\net5.0\kitpymes.core.entities.tests.dll" id="03c7b23c-da90-4998-be3f-6cf4c1c397fa">
      <Execution id="a44dfbce-7213-43af-849c-b4b5904b8bd5" />
      <TestMethod codeBase="D:\SFERRARI\01 - TRABAJO\repos\netcore\libs\template-netcore-entities\Kitpymes.Core.Entities.Tests\bin\Debug\net5.0\Kitpymes.Core.Entities.Tests.dll" adapterTypeName="executor://mstestadapter/v2" className="Kitpymes.Core.Entities.ValueObjects.Tests.TelephoneTests" name="Equals_Passing_Valid_Values_Returns_True" />
    </UnitTest>
    <UnitTest name="OperatorEqual_Passing_Valid_Distinct_Values_Returns_False (Españã)" storage="d:\sferrari\01 - trabajo\repos\netcore\libs\template-netcore-entities\kitpymes.core.entities.tests\bin\debug\net5.0\kitpymes.core.entities.tests.dll" id="35d03450-7d5a-47a8-baa3-3e7f49d17504">
      <Execution id="c77c6873-f494-44cc-9a7e-f0d0a36bb641" />
      <TestMethod codeBase="D:\SFERRARI\01 - TRABAJO\repos\netcore\libs\template-netcore-entities\Kitpymes.Core.Entities.Tests\bin\Debug\net5.0\Kitpymes.Core.Entities.Tests.dll" adapterTypeName="executor://mstestadapter/v2" className="Kitpymes.Core.Entities.ValueObjects.Tests.NameTests" name="OperatorEqual_Passing_Valid_Distinct_Values_Returns_False" />
    </UnitTest>
    <UnitTest name="ToNormalize_Passing_Valid_Values_Returns_Name_String_Format (Españħ,Espanh)" storage="d:\sferrari\01 - trabajo\repos\netcore\libs\template-netcore-entities\kitpymes.core.entities.tests\bin\debug\net5.0\kitpymes.core.entities.tests.dll" id="371f1a15-7ce7-4b08-870b-d8e2b20c14dc">
      <Execution id="0b0b971f-3406-4d45-bd4f-a82bcec648ea" />
      <TestMethod codeBase="D:\SFERRARI\01 - TRABAJO\repos\netcore\libs\template-netcore-entities\Kitpymes.Core.Entities.Tests\bin\Debug\net5.0\Kitpymes.Core.Entities.Tests.dll" adapterTypeName="executor://mstestadapter/v2" className="Kitpymes.Core.Entities.ValueObjects.Tests.NameTests" name="ToNormalize_Passing_Valid_Values_Returns_Name_String_Format" />
    </UnitTest>
    <UnitTest name="Create_Passing_InvalidOrNull_Value_Returns_ApplicationException (dasdasd@dsasd.._ff)" storage="d:\sferrari\01 - trabajo\repos\netcore\libs\template-netcore-entities\kitpymes.core.entities.tests\bin\debug\net5.0\kitpymes.core.entities.tests.dll" id="190282bc-a920-4f5c-96f3-21ff65c1371b">
      <Execution id="4c4643cd-1b91-4e08-874b-b2245712c19a" />
      <TestMethod codeBase="D:\SFERRARI\01 - TRABAJO\repos\netcore\libs\template-netcore-entities\Kitpymes.Core.Entities.Tests\bin\Debug\net5.0\Kitpymes.Core.Entities.Tests.dll" adapterTypeName="executor://mstestadapter/v2" className="Kitpymes.Core.Entities.ValueObjects.Tests.EmailTests" name="Create_Passing_InvalidOrNull_Value_Returns_ApplicationException" />
    </UnitTest>
    <UnitTest name="OperatorEqual_Passing_Valid_Values_Returns_True (456,43543543543)" storage="d:\sferrari\01 - trabajo\repos\netcore\libs\template-netcore-entities\kitpymes.core.entities.tests\bin\debug\net5.0\kitpymes.core.entities.tests.dll" id="f5fe1956-e347-4142-9e3c-436c77ab48f0">
      <Execution id="051f5fbe-4ef2-4776-82f9-a297f5616d0c" />
      <TestMethod codeBase="D:\SFERRARI\01 - TRABAJO\repos\netcore\libs\template-netcore-entities\Kitpymes.Core.Entities.Tests\bin\Debug\net5.0\Kitpymes.Core.Entities.Tests.dll" adapterTypeName="executor://mstestadapter/v2" className="Kitpymes.Core.Entities.ValueObjects.Tests.TelephoneTests" name="OperatorEqual_Passing_Valid_Values_Returns_True" />
    </UnitTest>
    <UnitTest name="OperatorNotEqual_Passing_Valid_Values_Returns_True (Sabadell,Barcelona,España)" storage="d:\sferrari\01 - trabajo\repos\netcore\libs\template-netcore-entities\kitpymes.core.entities.tests\bin\debug\net5.0\kitpymes.core.entities.tests.dll" id="5e3a820b-472f-42bc-98aa-aef87297a307">
      <Execution id="13eec185-8dbd-4199-ab49-72b7ced00334" />
      <TestMethod codeBase="D:\SFERRARI\01 - TRABAJO\repos\netcore\libs\template-netcore-entities\Kitpymes.Core.Entities.Tests\bin\Debug\net5.0\Kitpymes.Core.Entities.Tests.dll" adapterTypeName="executor://mstestadapter/v2" className="Kitpymes.Core.Entities.ValueObjects.Tests.FullNameTests" name="OperatorNotEqual_Passing_Valid_Values_Returns_True" />
    </UnitTest>
    <UnitTest name="Change_Passing_Valid_Values_Returns_Email (aaa@aaa.aaa,hhh@hhh.hhh)" storage="d:\sferrari\01 - trabajo\repos\netcore\libs\template-netcore-entities\kitpymes.core.entities.tests\bin\debug\net5.0\kitpymes.core.entities.tests.dll" id="ccca05f8-ca19-4d57-a0cf-20a0d600504f">
      <Execution id="ddd6bc74-3e8b-438e-8ca3-0b0044601005" />
      <TestMethod codeBase="D:\SFERRARI\01 - TRABAJO\repos\netcore\libs\template-netcore-entities\Kitpymes.Core.Entities.Tests\bin\Debug\net5.0\Kitpymes.Core.Entities.Tests.dll" adapterTypeName="executor://mstestadapter/v2" className="Kitpymes.Core.Entities.ValueObjects.Tests.EmailTests" name="Change_Passing_Valid_Values_Returns_Email" />
    </UnitTest>
    <UnitTest name="ToEnum_Passing_Valid_IntName_Enumeracion_Returns_Enumeracion" storage="d:\sferrari\01 - trabajo\repos\netcore\libs\template-netcore-entities\kitpymes.core.entities.tests\bin\debug\net5.0\kitpymes.core.entities.tests.dll" id="c724d9d9-aadd-4d9b-bf9d-014f06f35a69">
      <Execution id="799979ea-97a6-4d68-a755-9c7794cda77a" />
      <TestMethod codeBase="D:\SFERRARI\01 - TRABAJO\repos\netcore\libs\template-netcore-entities\Kitpymes.Core.Entities.Tests\bin\Debug\net5.0\Kitpymes.Core.Entities.Tests.dll" adapterTypeName="executor://mstestadapter/v2" className="Kitpymes.Core.Entities.Enumerations.Tests.LogTypeEnumTests" name="ToEnum_Passing_Valid_IntName_Enumeracion_Returns_Enumeracion" />
    </UnitTest>
    <UnitTest name="Equals_Passing_Valid_Values_Returns_True (app.hackerone1.com)" storage="d:\sferrari\01 - trabajo\repos\netcore\libs\template-netcore-entities\kitpymes.core.entities.tests\bin\debug\net5.0\kitpymes.core.entities.tests.dll" id="1bbedf7a-6315-4de0-9a17-1ece186b3870">
      <Execution id="ed22f459-ffc4-425f-b6a0-0eaadbb7c7d9" />
      <TestMethod codeBase="D:\SFERRARI\01 - TRABAJO\repos\netcore\libs\template-netcore-entities\Kitpymes.Core.Entities.Tests\bin\Debug\net5.0\Kitpymes.Core.Entities.Tests.dll" adapterTypeName="executor://mstestadapter/v2" className="Kitpymes.Core.Entities.ValueObjects.Tests.SubdomainTests" name="Equals_Passing_Valid_Values_Returns_True" />
    </UnitTest>
    <UnitTest name="ToBool_Passing_Valid_String_Active_Value_Returns_True" storage="d:\sferrari\01 - trabajo\repos\netcore\libs\template-netcore-entities\kitpymes.core.entities.tests\bin\debug\net5.0\kitpymes.core.entities.tests.dll" id="8b98fa50-8769-41af-ae43-bf0c7e877257">
      <Execution id="53cd700d-da7d-44dc-baaf-954082c4f15a" />
      <TestMethod codeBase="D:\SFERRARI\01 - TRABAJO\repos\netcore\libs\template-netcore-entities\Kitpymes.Core.Entities.Tests\bin\Debug\net5.0\Kitpymes.Core.Entities.Tests.dll" adapterTypeName="executor://mstestadapter/v2" className="Kitpymes.Core.Entities.Enumerations.Tests.StatusEnumTests" name="ToBool_Passing_Valid_String_Active_Value_Returns_True" />
    </UnitTest>
    <UnitTest name="ToString_Passing_Valid_Values_Returns_Value_String_Format (D45,86554654)" storage="d:\sferrari\01 - trabajo\repos\netcore\libs\template-netcore-entities\kitpymes.core.entities.tests\bin\debug\net5.0\kitpymes.core.entities.tests.dll" id="6e39a8ea-8b68-4873-b3e2-993c2a61b07e">
      <Execution id="387c4cec-5408-4067-a259-243974ad358a" />
      <TestMethod codeBase="D:\SFERRARI\01 - TRABAJO\repos\netcore\libs\template-netcore-entities\Kitpymes.Core.Entities.Tests\bin\Debug\net5.0\Kitpymes.Core.Entities.Tests.dll" adapterTypeName="executor://mstestadapter/v2" className="Kitpymes.Core.Entities.ValueObjects.Tests.TelephoneTests" name="ToString_Passing_Valid_Values_Returns_Value_String_Format" />
    </UnitTest>
    <UnitTest name="Change_Passing_Valid_Values_Returns_Subdomain" storage="d:\sferrari\01 - trabajo\repos\netcore\libs\template-netcore-entities\kitpymes.core.entities.tests\bin\debug\net5.0\kitpymes.core.entities.tests.dll" id="2b16fa62-08b0-4f19-84fa-5d92d3f5af88">
      <Execution id="e4cd41ef-eae2-4738-b17b-673b16b3062c" />
      <TestMethod codeBase="D:\SFERRARI\01 - TRABAJO\repos\netcore\libs\template-netcore-entities\Kitpymes.Core.Entities.Tests\bin\Debug\net5.0\Kitpymes.Core.Entities.Tests.dll" adapterTypeName="executor://mstestadapter/v2" className="Kitpymes.Core.Entities.ValueObjects.Tests.SubdomainTests" name="Change_Passing_Valid_Values_Returns_Subdomain" />
    </UnitTest>
    <UnitTest name="ToFullString_Passing_Valid_Values_Returns_Value_String_Format (Sabadell,Barcelona,España)" storage="d:\sferrari\01 - trabajo\repos\netcore\libs\template-netcore-entities\kitpymes.core.entities.tests\bin\debug\net5.0\kitpymes.core.entities.tests.dll" id="368d4ad0-7a6b-4394-9794-f5f41b72ec4d">
      <Execution id="5040a1da-1c02-4058-ae78-a7b31df652a8" />
      <TestMethod codeBase="D:\SFERRARI\01 - TRABAJO\repos\netcore\libs\template-netcore-entities\Kitpymes.Core.Entities.Tests\bin\Debug\net5.0\Kitpymes.Core.Entities.Tests.dll" adapterTypeName="executor://mstestadapter/v2" className="Kitpymes.Core.Entities.ValueObjects.Tests.FullNameTests" name="ToFullString_Passing_Valid_Values_Returns_Value_String_Format" />
    </UnitTest>
    <UnitTest name="Equals_Passing_Valid_Distinct_Values_Returns_False (España)" storage="d:\sferrari\01 - trabajo\repos\netcore\libs\template-netcore-entities\kitpymes.core.entities.tests\bin\debug\net5.0\kitpymes.core.entities.tests.dll" id="c900be70-c108-4d02-87be-817f0bb5f70f">
      <Execution id="b0e73e01-c42b-4fc4-8c6a-26a76a5e0a63" />
      <TestMethod codeBase="D:\SFERRARI\01 - TRABAJO\repos\netcore\libs\template-netcore-entities\Kitpymes.Core.Entities.Tests\bin\Debug\net5.0\Kitpymes.Core.Entities.Tests.dll" adapterTypeName="executor://mstestadapter/v2" className="Kitpymes.Core.Entities.ValueObjects.Tests.NameTests" name="Equals_Passing_Valid_Distinct_Values_Returns_False" />
    </UnitTest>
    <UnitTest name="OperatorNotEqual_Passing_Valid_Values_Returns_False (Tenerife,23,34567,San Bartoleme De Tirajana,Las Palmas,España)" storage="d:\sferrari\01 - trabajo\repos\netcore\libs\template-netcore-entities\kitpymes.core.entities.tests\bin\debug\net5.0\kitpymes.core.entities.tests.dll" id="221a8b3c-cb3a-454a-9e8c-48c516fb84d6">
      <Execution id="4c7c9e3f-9ba2-461a-a83f-0898621a346b" />
      <TestMethod codeBase="D:\SFERRARI\01 - TRABAJO\repos\netcore\libs\template-netcore-entities\Kitpymes.Core.Entities.Tests\bin\Debug\net5.0\Kitpymes.Core.Entities.Tests.dll" adapterTypeName="executor://mstestadapter/v2" className="Kitpymes.Core.Entities.ValueObjects.Tests.AddressTests" name="OperatorNotEqual_Passing_Valid_Values_Returns_False" />
    </UnitTest>
    <UnitTest name="OperatorEqual_Passing_Valid_Values_Returns_True (Pader,789,DF7956,Sabadell,Barcelona,España)" storage="d:\sferrari\01 - trabajo\repos\netcore\libs\template-netcore-entities\kitpymes.core.entities.tests\bin\debug\net5.0\kitpymes.core.entities.tests.dll" id="19016b01-fa1a-479b-b6f4-9c1d741b34d3">
      <Execution id="52443ffe-7b2c-4ac5-a149-7a10ef006f9d" />
      <TestMethod codeBase="D:\SFERRARI\01 - TRABAJO\repos\netcore\libs\template-netcore-entities\Kitpymes.Core.Entities.Tests\bin\Debug\net5.0\Kitpymes.Core.Entities.Tests.dll" adapterTypeName="executor://mstestadapter/v2" className="Kitpymes.Core.Entities.ValueObjects.Tests.AddressTests" name="OperatorEqual_Passing_Valid_Values_Returns_True" />
    </UnitTest>
    <UnitTest name="OperatorNotEqual_Passing_Valid_Values_Returns_False (España)" storage="d:\sferrari\01 - trabajo\repos\netcore\libs\template-netcore-entities\kitpymes.core.entities.tests\bin\debug\net5.0\kitpymes.core.entities.tests.dll" id="886de8c1-ca40-439d-97d4-241073b82032">
      <Execution id="48cb3ed2-6224-4c16-932c-b85609627e16" />
      <TestMethod codeBase="D:\SFERRARI\01 - TRABAJO\repos\netcore\libs\template-netcore-entities\Kitpymes.Core.Entities.Tests\bin\Debug\net5.0\Kitpymes.Core.Entities.Tests.dll" adapterTypeName="executor://mstestadapter/v2" className="Kitpymes.Core.Entities.ValueObjects.Tests.NameTests" name="OperatorNotEqual_Passing_Valid_Values_Returns_False" />
    </UnitTest>
    <UnitTest name="OperatorNotEqual_Passing_Valid_Values_Returns_False (EUR)" storage="d:\sferrari\01 - trabajo\repos\netcore\libs\template-netcore-entities\kitpymes.core.entities.tests\bin\debug\net5.0\kitpymes.core.entities.tests.dll" id="ed6b27f6-2b9c-4283-9407-1684927ca13a">
      <Execution id="34a980dc-1340-4eef-99b5-8fd3f2c6f014" />
      <TestMethod codeBase="D:\SFERRARI\01 - TRABAJO\repos\netcore\libs\template-netcore-entities\Kitpymes.Core.Entities.Tests\bin\Debug\net5.0\Kitpymes.Core.Entities.Tests.dll" adapterTypeName="executor://mstestadapter/v2" className="Kitpymes.Core.Entities.ValueObjects.Tests.CurrencyTests" name="OperatorNotEqual_Passing_Valid_Values_Returns_False" />
    </UnitTest>
    <UnitTest name="OperatorNotEqual_Passing_Valid_Values_Returns_True (San Bartoleme De Tirajana)" storage="d:\sferrari\01 - trabajo\repos\netcore\libs\template-netcore-entities\kitpymes.core.entities.tests\bin\debug\net5.0\kitpymes.core.entities.tests.dll" id="3645a2f1-6db4-4c04-afc5-23dfb04afe6a">
      <Execution id="0533f897-7588-432d-8408-efd92a96c63d" />
      <TestMethod codeBase="D:\SFERRARI\01 - TRABAJO\repos\netcore\libs\template-netcore-entities\Kitpymes.Core.Entities.Tests\bin\Debug\net5.0\Kitpymes.Core.Entities.Tests.dll" adapterTypeName="executor://mstestadapter/v2" className="Kitpymes.Core.Entities.ValueObjects.Tests.StringIdTests" name="OperatorNotEqual_Passing_Valid_Values_Returns_True" />
    </UnitTest>
    <UnitTest name="OperatorNotEqual_Passing_Valid_Values_Returns_False (400,USD,8)" storage="d:\sferrari\01 - trabajo\repos\netcore\libs\template-netcore-entities\kitpymes.core.entities.tests\bin\debug\net5.0\kitpymes.core.entities.tests.dll" id="fce3a2bf-94c6-4042-8d54-ed81ab087383">
      <Execution id="45b85d3e-3a7f-4cbf-a1ff-1ffd0eff2ddc" />
      <TestMethod codeBase="D:\SFERRARI\01 - TRABAJO\repos\netcore\libs\template-netcore-entities\Kitpymes.Core.Entities.Tests\bin\Debug\net5.0\Kitpymes.Core.Entities.Tests.dll" adapterTypeName="executor://mstestadapter/v2" className="Kitpymes.Core.Entities.ValueObjects.Tests.MoneyTests" name="OperatorNotEqual_Passing_Valid_Values_Returns_False" />
    </UnitTest>
    <UnitTest name="Equals_Passing_Valid_Distinct_Values_Returns_False (app.hackerone1.com)" storage="d:\sferrari\01 - trabajo\repos\netcore\libs\template-netcore-entities\kitpymes.core.entities.tests\bin\debug\net5.0\kitpymes.core.entities.tests.dll" id="79b84798-ce43-4de7-ab97-cc55441a645a">
      <Execution id="a7c17e11-9135-477f-ae49-8c73bfd6690b" />
      <TestMethod codeBase="D:\SFERRARI\01 - TRABAJO\repos\netcore\libs\template-netcore-entities\Kitpymes.Core.Entities.Tests\bin\Debug\net5.0\Kitpymes.Core.Entities.Tests.dll" adapterTypeName="executor://mstestadapter/v2" className="Kitpymes.Core.Entities.ValueObjects.Tests.SubdomainTests" name="Equals_Passing_Valid_Distinct_Values_Returns_False" />
    </UnitTest>
    <UnitTest name="ToEnum_Passing_Invalid_String_Name_Returns_Null" storage="d:\sferrari\01 - trabajo\repos\netcore\libs\template-netcore-entities\kitpymes.core.entities.tests\bin\debug\net5.0\kitpymes.core.entities.tests.dll" id="9ef8ed19-f44d-43f4-967f-8f239d3e09eb">
      <Execution id="87c02d61-9592-42b8-91f0-6bd71f4bd0c4" />
      <TestMethod codeBase="D:\SFERRARI\01 - TRABAJO\repos\netcore\libs\template-netcore-entities\Kitpymes.Core.Entities.Tests\bin\Debug\net5.0\Kitpymes.Core.Entities.Tests.dll" adapterTypeName="executor://mstestadapter/v2" className="Kitpymes.Core.Entities.Enumerations.Tests.StatusEnumTests" name="ToEnum_Passing_Invalid_String_Name_Returns_Null" />
    </UnitTest>
    <UnitTest name="Create_Passing_InvalidOrNull_Value_Returns_ApplicationException (34fsds@@sdd.f)" storage="d:\sferrari\01 - trabajo\repos\netcore\libs\template-netcore-entities\kitpymes.core.entities.tests\bin\debug\net5.0\kitpymes.core.entities.tests.dll" id="c8131520-3bfe-4081-bebd-addedf231fbc">
      <Execution id="300e1cc6-a186-4698-9dfc-e38c0eb3f4d8" />
      <TestMethod codeBase="D:\SFERRARI\01 - TRABAJO\repos\netcore\libs\template-netcore-entities\Kitpymes.Core.Entities.Tests\bin\Debug\net5.0\Kitpymes.Core.Entities.Tests.dll" adapterTypeName="executor://mstestadapter/v2" className="Kitpymes.Core.Entities.ValueObjects.Tests.EmailTests" name="Create_Passing_InvalidOrNull_Value_Returns_ApplicationException" />
    </UnitTest>
    <UnitTest name="OperatorNotEqual_Passing_Valid_Values_Returns_True (34fsds@sdd.fgg)" storage="d:\sferrari\01 - trabajo\repos\netcore\libs\template-netcore-entities\kitpymes.core.entities.tests\bin\debug\net5.0\kitpymes.core.entities.tests.dll" id="ce0c20f8-613d-47bf-9e32-8862723d1d59">
      <Execution id="6a6cc2a3-4dc1-48b0-8513-2127341fab0a" />
      <TestMethod codeBase="D:\SFERRARI\01 - TRABAJO\repos\netcore\libs\template-netcore-entities\Kitpymes.Core.Entities.Tests\bin\Debug\net5.0\Kitpymes.Core.Entities.Tests.dll" adapterTypeName="executor://mstestadapter/v2" className="Kitpymes.Core.Entities.ValueObjects.Tests.EmailTests" name="OperatorNotEqual_Passing_Valid_Values_Returns_True" />
    </UnitTest>
    <UnitTest name="ToEnum_Passing_Valid_String_Name_Returns_Enumeracion" storage="d:\sferrari\01 - trabajo\repos\netcore\libs\template-netcore-entities\kitpymes.core.entities.tests\bin\debug\net5.0\kitpymes.core.entities.tests.dll" id="fe0004f9-f967-40c5-97a7-2713b395a32c">
      <Execution id="3a0efe34-337c-4be5-8979-6058041cb164" />
      <TestMethod codeBase="D:\SFERRARI\01 - TRABAJO\repos\netcore\libs\template-netcore-entities\Kitpymes.Core.Entities.Tests\bin\Debug\net5.0\Kitpymes.Core.Entities.Tests.dll" adapterTypeName="executor://mstestadapter/v2" className="Kitpymes.Core.Entities.Enumerations.Tests.SubscriptionEnumTests" name="ToEnum_Passing_Valid_String_Name_Returns_Enumeracion" />
    </UnitTest>
    <UnitTest name="Equals_Passing_Valid_Distinct_Values_Returns_False (400,EUR,8)" storage="d:\sferrari\01 - trabajo\repos\netcore\libs\template-netcore-entities\kitpymes.core.entities.tests\bin\debug\net5.0\kitpymes.core.entities.tests.dll" id="1d35fa55-e3a7-4b6e-8a31-699d1f53bf8c">
      <Execution id="9ce151d6-d353-4714-a92d-c7706d118209" />
      <TestMethod codeBase="D:\SFERRARI\01 - TRABAJO\repos\netcore\libs\template-netcore-entities\Kitpymes.Core.Entities.Tests\bin\Debug\net5.0\Kitpymes.Core.Entities.Tests.dll" adapterTypeName="executor://mstestadapter/v2" className="Kitpymes.Core.Entities.ValueObjects.Tests.MoneyTests" name="Equals_Passing_Valid_Distinct_Values_Returns_False" />
    </UnitTest>
    <UnitTest name="Create_Passing_InvalidOrNull_Value_Returns_ApplicationException (Tenerife,-10,DF7956,Sabadell,Barcelona,España)" storage="d:\sferrari\01 - trabajo\repos\netcore\libs\template-netcore-entities\kitpymes.core.entities.tests\bin\debug\net5.0\kitpymes.core.entities.tests.dll" id="35f75fd0-26c4-4d77-8a74-86f4009a351a">
      <Execution id="d4b0ff01-530a-46cf-bf62-211e39aac090" />
      <TestMethod codeBase="D:\SFERRARI\01 - TRABAJO\repos\netcore\libs\template-netcore-entities\Kitpymes.Core.Entities.Tests\bin\Debug\net5.0\Kitpymes.Core.Entities.Tests.dll" adapterTypeName="executor://mstestadapter/v2" className="Kitpymes.Core.Entities.ValueObjects.Tests.AddressTests" name="Create_Passing_InvalidOrNull_Value_Returns_ApplicationException" />
    </UnitTest>
    <UnitTest name="OperatorNotEqual_Passing_Valid_Values_Returns_True (Españã)" storage="d:\sferrari\01 - trabajo\repos\netcore\libs\template-netcore-entities\kitpymes.core.entities.tests\bin\debug\net5.0\kitpymes.core.entities.tests.dll" id="353f66de-7f62-4076-996c-9bfb42a62091">
      <Execution id="9e00582d-ebbc-47ca-bdb4-6f15137e6dc2" />
      <TestMethod codeBase="D:\SFERRARI\01 - TRABAJO\repos\netcore\libs\template-netcore-entities\Kitpymes.Core.Entities.Tests\bin\Debug\net5.0\Kitpymes.Core.Entities.Tests.dll" adapterTypeName="executor://mstestadapter/v2" className="Kitpymes.Core.Entities.ValueObjects.Tests.NameTests" name="OperatorNotEqual_Passing_Valid_Values_Returns_True" />
    </UnitTest>
    <UnitTest name="IsMale_Passing_Nothing_Returns_True" storage="d:\sferrari\01 - trabajo\repos\netcore\libs\template-netcore-entities\kitpymes.core.entities.tests\bin\debug\net5.0\kitpymes.core.entities.tests.dll" id="5b044f69-d99b-4f37-bce4-8c31ae04f556">
      <Execution id="8bd6f815-bce7-42a2-a0d9-894f4baad5ff" />
      <TestMethod codeBase="D:\SFERRARI\01 - TRABAJO\repos\netcore\libs\template-netcore-entities\Kitpymes.Core.Entities.Tests\bin\Debug\net5.0\Kitpymes.Core.Entities.Tests.dll" adapterTypeName="executor://mstestadapter/v2" className="Kitpymes.Core.Entities.Enumerations.Tests.GenderTypeEnumTests" name="IsMale_Passing_Nothing_Returns_True" />
    </UnitTest>
    <UnitTest name="IsGold_Passing_Nothing_Returns_True" storage="d:\sferrari\01 - trabajo\repos\netcore\libs\template-netcore-entities\kitpymes.core.entities.tests\bin\debug\net5.0\kitpymes.core.entities.tests.dll" id="2e3dc914-618e-4210-9d2e-96c793991631">
      <Execution id="9e3d81ff-4e20-451c-93a6-62a6cba57f6a" />
      <TestMethod codeBase="D:\SFERRARI\01 - TRABAJO\repos\netcore\libs\template-netcore-entities\Kitpymes.Core.Entities.Tests\bin\Debug\net5.0\Kitpymes.Core.Entities.Tests.dll" adapterTypeName="executor://mstestadapter/v2" className="Kitpymes.Core.Entities.Enumerations.Tests.SubscriptionEnumTests" name="IsGold_Passing_Nothing_Returns_True" />
    </UnitTest>
    <UnitTest name="OperatorEqual_Passing_Valid_Values_Returns_True (Esp añâ)" storage="d:\sferrari\01 - trabajo\repos\netcore\libs\template-netcore-entities\kitpymes.core.entities.tests\bin\debug\net5.0\kitpymes.core.entities.tests.dll" id="4e192da8-bdc0-456f-860a-6c7c9fe1c445">
      <Execution id="57c69a58-4e6b-4ea5-97ed-c4ef3244277d" />
      <TestMethod codeBase="D:\SFERRARI\01 - TRABAJO\repos\netcore\libs\template-netcore-entities\Kitpymes.Core.Entities.Tests\bin\Debug\net5.0\Kitpymes.Core.Entities.Tests.dll" adapterTypeName="executor://mstestadapter/v2" className="Kitpymes.Core.Entities.ValueObjects.Tests.NameTests" name="OperatorEqual_Passing_Valid_Values_Returns_True" />
    </UnitTest>
    <UnitTest name="ToString_Passing_Valid_Values_Returns_Name (España)" storage="d:\sferrari\01 - trabajo\repos\netcore\libs\template-netcore-entities\kitpymes.core.entities.tests\bin\debug\net5.0\kitpymes.core.entities.tests.dll" id="dbf089c6-b69a-440d-8403-5283bd5619f0">
      <Execution id="fcdead81-0f39-4333-97d5-2fe0812a7b2b" />
      <TestMethod codeBase="D:\SFERRARI\01 - TRABAJO\repos\netcore\libs\template-netcore-entities\Kitpymes.Core.Entities.Tests\bin\Debug\net5.0\Kitpymes.Core.Entities.Tests.dll" adapterTypeName="executor://mstestadapter/v2" className="Kitpymes.Core.Entities.ValueObjects.Tests.NameTests" name="ToString_Passing_Valid_Values_Returns_Name" />
    </UnitTest>
    <UnitTest name="IsNull_Passing_Valid_Address_Returns_False (Tenerife,23,34567,San Bartoleme De Tirajana,Las Palmas,España)" storage="d:\sferrari\01 - trabajo\repos\netcore\libs\template-netcore-entities\kitpymes.core.entities.tests\bin\debug\net5.0\kitpymes.core.entities.tests.dll" id="f3d9c7de-f81d-4622-b55e-5ad53b101ad1">
      <Execution id="dc00f4a2-7d7d-4f54-b428-9abb156bcff6" />
      <TestMethod codeBase="D:\SFERRARI\01 - TRABAJO\repos\netcore\libs\template-netcore-entities\Kitpymes.Core.Entities.Tests\bin\Debug\net5.0\Kitpymes.Core.Entities.Tests.dll" adapterTypeName="executor://mstestadapter/v2" className="Kitpymes.Core.Entities.ValueObjects.Tests.AddressTests" name="IsNull_Passing_Valid_Address_Returns_False" />
    </UnitTest>
    <UnitTest name="Equals_Passing_Valid_Values_Returns_True (34fsds@sdd.fgg)" storage="d:\sferrari\01 - trabajo\repos\netcore\libs\template-netcore-entities\kitpymes.core.entities.tests\bin\debug\net5.0\kitpymes.core.entities.tests.dll" id="6b243f57-5d9c-4c77-ba7b-66d17380dffb">
      <Execution id="a600bad8-5a65-461c-a8e1-a8a8925b8bac" />
      <TestMethod codeBase="D:\SFERRARI\01 - TRABAJO\repos\netcore\libs\template-netcore-entities\Kitpymes.Core.Entities.Tests\bin\Debug\net5.0\Kitpymes.Core.Entities.Tests.dll" adapterTypeName="executor://mstestadapter/v2" className="Kitpymes.Core.Entities.ValueObjects.Tests.EmailTests" name="Equals_Passing_Valid_Values_Returns_True" />
    </UnitTest>
    <UnitTest name="OperatorEqual_Passing_Valid_Values_Returns_True (Españħ)" storage="d:\sferrari\01 - trabajo\repos\netcore\libs\template-netcore-entities\kitpymes.core.entities.tests\bin\debug\net5.0\kitpymes.core.entities.tests.dll" id="1b88f1f6-bef6-4804-956c-c76d5721399d">
      <Execution id="13c01d08-efa1-41f5-9534-709a4fda98e4" />
      <TestMethod codeBase="D:\SFERRARI\01 - TRABAJO\repos\netcore\libs\template-netcore-entities\Kitpymes.Core.Entities.Tests\bin\Debug\net5.0\Kitpymes.Core.Entities.Tests.dll" adapterTypeName="executor://mstestadapter/v2" className="Kitpymes.Core.Entities.ValueObjects.Tests.NameTests" name="OperatorEqual_Passing_Valid_Values_Returns_True" />
    </UnitTest>
    <UnitTest name="GetAll_Passing_Nothing_Returns_Enumeracion_List" storage="d:\sferrari\01 - trabajo\repos\netcore\libs\template-netcore-entities\kitpymes.core.entities.tests\bin\debug\net5.0\kitpymes.core.entities.tests.dll" id="4f8006f3-42b9-4737-8df1-1ed84423187a">
      <Execution id="5cebb66a-221b-4eb5-81d9-3941f5c2bb20" />
      <TestMethod codeBase="D:\SFERRARI\01 - TRABAJO\repos\netcore\libs\template-netcore-entities\Kitpymes.Core.Entities.Tests\bin\Debug\net5.0\Kitpymes.Core.Entities.Tests.dll" adapterTypeName="executor://mstestadapter/v2" className="Kitpymes.Core.Entities.Enumerations.Tests.GenderTypeEnumTests" name="GetAll_Passing_Nothing_Returns_Enumeracion_List" />
    </UnitTest>
    <UnitTest name="OperatorEqual_Passing_Valid_Distinct_Values_Returns_False (D45,86554654)" storage="d:\sferrari\01 - trabajo\repos\netcore\libs\template-netcore-entities\kitpymes.core.entities.tests\bin\debug\net5.0\kitpymes.core.entities.tests.dll" id="03352f61-8478-4843-ac70-86713259dc09">
      <Execution id="14a87254-cc3c-48ef-8634-3f51de19bd87" />
      <TestMethod codeBase="D:\SFERRARI\01 - TRABAJO\repos\netcore\libs\template-netcore-entities\Kitpymes.Core.Entities.Tests\bin\Debug\net5.0\Kitpymes.Core.Entities.Tests.dll" adapterTypeName="executor://mstestadapter/v2" className="Kitpymes.Core.Entities.ValueObjects.Tests.TelephoneTests" name="OperatorEqual_Passing_Valid_Distinct_Values_Returns_False" />
    </UnitTest>
    <UnitTest name="IsNull_Passing_Valid_Value_Returns_False (stage_hackerone.com)" storage="d:\sferrari\01 - trabajo\repos\netcore\libs\template-netcore-entities\kitpymes.core.entities.tests\bin\debug\net5.0\kitpymes.core.entities.tests.dll" id="fd0e1bf8-ad14-4a50-9de0-f386e30f63d9">
      <Execution id="37314e89-87a9-497b-9a83-f11973e59a3f" />
      <TestMethod codeBase="D:\SFERRARI\01 - TRABAJO\repos\netcore\libs\template-netcore-entities\Kitpymes.Core.Entities.Tests\bin\Debug\net5.0\Kitpymes.Core.Entities.Tests.dll" adapterTypeName="executor://mstestadapter/v2" className="Kitpymes.Core.Entities.ValueObjects.Tests.SubdomainTests" name="IsNull_Passing_Valid_Value_Returns_False" />
    </UnitTest>
    <UnitTest name="Create_Passing_InvalidOrNull_Value_Returns_ApplicationException (,8768768768)" storage="d:\sferrari\01 - trabajo\repos\netcore\libs\template-netcore-entities\kitpymes.core.entities.tests\bin\debug\net5.0\kitpymes.core.entities.tests.dll" id="509e93e2-1846-4a37-a472-e8df9ad937ca">
      <Execution id="f1606383-05fb-411b-a632-a546386cbae9" />
      <TestMethod codeBase="D:\SFERRARI\01 - TRABAJO\repos\netcore\libs\template-netcore-entities\Kitpymes.Core.Entities.Tests\bin\Debug\net5.0\Kitpymes.Core.Entities.Tests.dll" adapterTypeName="executor://mstestadapter/v2" className="Kitpymes.Core.Entities.ValueObjects.Tests.TelephoneTests" name="Create_Passing_InvalidOrNull_Value_Returns_ApplicationException" />
    </UnitTest>
    <UnitTest name="OperatorEqual_Passing_Valid_Values_Returns_True (Sabadell)" storage="d:\sferrari\01 - trabajo\repos\netcore\libs\template-netcore-entities\kitpymes.core.entities.tests\bin\debug\net5.0\kitpymes.core.entities.tests.dll" id="72271632-6a82-465d-95dd-51b5220b0b98">
      <Execution id="e0bc9f78-4019-44c2-bdb1-74a3bd298bf8" />
      <TestMethod codeBase="D:\SFERRARI\01 - TRABAJO\repos\netcore\libs\template-netcore-entities\Kitpymes.Core.Entities.Tests\bin\Debug\net5.0\Kitpymes.Core.Entities.Tests.dll" adapterTypeName="executor://mstestadapter/v2" className="Kitpymes.Core.Entities.ValueObjects.Tests.StringIdTests" name="OperatorEqual_Passing_Valid_Values_Returns_True" />
    </UnitTest>
    <UnitTest name="Equals_Passing_Valid_Values_Returns_True (Españä)" storage="d:\sferrari\01 - trabajo\repos\netcore\libs\template-netcore-entities\kitpymes.core.entities.tests\bin\debug\net5.0\kitpymes.core.entities.tests.dll" id="b216a330-f1d5-4929-bbb9-4eac69faca93">
      <Execution id="a70bba32-6d27-4efb-ae47-55142e6dcf23" />
      <TestMethod codeBase="D:\SFERRARI\01 - TRABAJO\repos\netcore\libs\template-netcore-entities\Kitpymes.Core.Entities.Tests\bin\Debug\net5.0\Kitpymes.Core.Entities.Tests.dll" adapterTypeName="executor://mstestadapter/v2" className="Kitpymes.Core.Entities.ValueObjects.Tests.NameTests" name="Equals_Passing_Valid_Values_Returns_True" />
    </UnitTest>
    <UnitTest name="Equals_Passing_Valid_Distinct_Values_Returns_False (Españħ)" storage="d:\sferrari\01 - trabajo\repos\netcore\libs\template-netcore-entities\kitpymes.core.entities.tests\bin\debug\net5.0\kitpymes.core.entities.tests.dll" id="80a4a812-e63f-4879-9c72-3ba5ac4531db">
      <Execution id="afac56c8-466d-444c-bc45-b4208597dbd5" />
      <TestMethod codeBase="D:\SFERRARI\01 - TRABAJO\repos\netcore\libs\template-netcore-entities\Kitpymes.Core.Entities.Tests\bin\Debug\net5.0\Kitpymes.Core.Entities.Tests.dll" adapterTypeName="executor://mstestadapter/v2" className="Kitpymes.Core.Entities.ValueObjects.Tests.NameTests" name="Equals_Passing_Valid_Distinct_Values_Returns_False" />
    </UnitTest>
    <UnitTest name="ToEnum_Passing_Invalid_String_Name_Enumeracion_Returns_Null" storage="d:\sferrari\01 - trabajo\repos\netcore\libs\template-netcore-entities\kitpymes.core.entities.tests\bin\debug\net5.0\kitpymes.core.entities.tests.dll" id="0a9a0c81-3ca4-44c3-903a-956c42e5d741">
      <Execution id="1fd4af87-62fd-4918-80f8-d22198c98e83" />
      <TestMethod codeBase="D:\SFERRARI\01 - TRABAJO\repos\netcore\libs\template-netcore-entities\Kitpymes.Core.Entities.Tests\bin\Debug\net5.0\Kitpymes.Core.Entities.Tests.dll" adapterTypeName="executor://mstestadapter/v2" className="Kitpymes.Core.Entities.Enumerations.Tests.LogTypeEnumTests" name="ToEnum_Passing_Invalid_String_Name_Enumeracion_Returns_Null" />
    </UnitTest>
    <UnitTest name="OperatorNotEqual_Passing_Valid_Values_Returns_True (EUR)" storage="d:\sferrari\01 - trabajo\repos\netcore\libs\template-netcore-entities\kitpymes.core.entities.tests\bin\debug\net5.0\kitpymes.core.entities.tests.dll" id="83ed2020-1592-4554-9c7d-30ea425bd242">
      <Execution id="cf7b2db0-94c2-4da1-91f3-8bc193ca066d" />
      <TestMethod codeBase="D:\SFERRARI\01 - TRABAJO\repos\netcore\libs\template-netcore-entities\Kitpymes.Core.Entities.Tests\bin\Debug\net5.0\Kitpymes.Core.Entities.Tests.dll" adapterTypeName="executor://mstestadapter/v2" className="Kitpymes.Core.Entities.ValueObjects.Tests.CurrencyTests" name="OperatorNotEqual_Passing_Valid_Values_Returns_True" />
    </UnitTest>
    <UnitTest name="OperatorNotEqual_Passing_Valid_Values_Returns_True (Españç)" storage="d:\sferrari\01 - trabajo\repos\netcore\libs\template-netcore-entities\kitpymes.core.entities.tests\bin\debug\net5.0\kitpymes.core.entities.tests.dll" id="da099af1-6616-46ae-8029-af2174864ad0">
      <Execution id="f6ad1458-9b08-4fea-8f40-1e651b9426fb" />
      <TestMethod codeBase="D:\SFERRARI\01 - TRABAJO\repos\netcore\libs\template-netcore-entities\Kitpymes.Core.Entities.Tests\bin\Debug\net5.0\Kitpymes.Core.Entities.Tests.dll" adapterTypeName="executor://mstestadapter/v2" className="Kitpymes.Core.Entities.ValueObjects.Tests.NameTests" name="OperatorNotEqual_Passing_Valid_Values_Returns_True" />
    </UnitTest>
    <UnitTest name="OperatorNotEqual_Passing_Valid_Values_Returns_False (Españħ)" storage="d:\sferrari\01 - trabajo\repos\netcore\libs\template-netcore-entities\kitpymes.core.entities.tests\bin\debug\net5.0\kitpymes.core.entities.tests.dll" id="85c9f349-84f0-4876-bb1d-e314a548bf3b">
      <Execution id="9e55b0a1-6120-446a-b675-d66e98de7bf5" />
      <TestMethod codeBase="D:\SFERRARI\01 - TRABAJO\repos\netcore\libs\template-netcore-entities\Kitpymes.Core.Entities.Tests\bin\Debug\net5.0\Kitpymes.Core.Entities.Tests.dll" adapterTypeName="executor://mstestadapter/v2" className="Kitpymes.Core.Entities.ValueObjects.Tests.NameTests" name="OperatorNotEqual_Passing_Valid_Values_Returns_False" />
    </UnitTest>
    <UnitTest name="Equals_Passing_Valid_Distinct_Values_Returns_False (Sabadell)" storage="d:\sferrari\01 - trabajo\repos\netcore\libs\template-netcore-entities\kitpymes.core.entities.tests\bin\debug\net5.0\kitpymes.core.entities.tests.dll" id="10289a2e-b4a5-4206-b909-c7f6982c2365">
      <Execution id="77cb651e-05b0-434d-987c-8adcded5a9a2" />
      <TestMethod codeBase="D:\SFERRARI\01 - TRABAJO\repos\netcore\libs\template-netcore-entities\Kitpymes.Core.Entities.Tests\bin\Debug\net5.0\Kitpymes.Core.Entities.Tests.dll" adapterTypeName="executor://mstestadapter/v2" className="Kitpymes.Core.Entities.ValueObjects.Tests.StringIdTests" name="Equals_Passing_Valid_Distinct_Values_Returns_False" />
    </UnitTest>
    <UnitTest name="OperatorEqual_Passing_Valid_Values_Returns_True (www.hackerone-com)" storage="d:\sferrari\01 - trabajo\repos\netcore\libs\template-netcore-entities\kitpymes.core.entities.tests\bin\debug\net5.0\kitpymes.core.entities.tests.dll" id="10c9e576-a6b5-4e61-9a6e-e21b66da2cb2">
      <Execution id="d36c6bd3-6034-42fa-b0bd-7de04026bf83" />
      <TestMethod codeBase="D:\SFERRARI\01 - TRABAJO\repos\netcore\libs\template-netcore-entities\Kitpymes.Core.Entities.Tests\bin\Debug\net5.0\Kitpymes.Core.Entities.Tests.dll" adapterTypeName="executor://mstestadapter/v2" className="Kitpymes.Core.Entities.ValueObjects.Tests.SubdomainTests" name="OperatorEqual_Passing_Valid_Values_Returns_True" />
    </UnitTest>
    <UnitTest name="OperatorNotEqual_Passing_Valid_Values_Returns_False (San Bartoleme De Tirajana)" storage="d:\sferrari\01 - trabajo\repos\netcore\libs\template-netcore-entities\kitpymes.core.entities.tests\bin\debug\net5.0\kitpymes.core.entities.tests.dll" id="c47c98be-6d2e-40ed-b8ad-ce4bf7e78ef7">
      <Execution id="e585f8ab-d694-49e7-9ce7-c3e4419b0452" />
      <TestMethod codeBase="D:\SFERRARI\01 - TRABAJO\repos\netcore\libs\template-netcore-entities\Kitpymes.Core.Entities.Tests\bin\Debug\net5.0\Kitpymes.Core.Entities.Tests.dll" adapterTypeName="executor://mstestadapter/v2" className="Kitpymes.Core.Entities.ValueObjects.Tests.StringIdTests" name="OperatorNotEqual_Passing_Valid_Values_Returns_False" />
    </UnitTest>
    <UnitTest name="GetAll_Passing_Nothing_Returns_Enumeracion_List" storage="d:\sferrari\01 - trabajo\repos\netcore\libs\template-netcore-entities\kitpymes.core.entities.tests\bin\debug\net5.0\kitpymes.core.entities.tests.dll" id="05ed5c53-7ca8-4155-9cf7-293cda4bd2cf">
      <Execution id="be71ee2c-9cc9-432d-94bc-a5e811970be8" />
      <TestMethod codeBase="D:\SFERRARI\01 - TRABAJO\repos\netcore\libs\template-netcore-entities\Kitpymes.Core.Entities.Tests\bin\Debug\net5.0\Kitpymes.Core.Entities.Tests.dll" adapterTypeName="executor://mstestadapter/v2" className="Kitpymes.Core.Entities.Enumerations.Tests.StatusEnumTests" name="GetAll_Passing_Nothing_Returns_Enumeracion_List" />
    </UnitTest>
    <UnitTest name="Equals_Passing_Valid_Values_Returns_True (Sabadell,Barcelona,España)" storage="d:\sferrari\01 - trabajo\repos\netcore\libs\template-netcore-entities\kitpymes.core.entities.tests\bin\debug\net5.0\kitpymes.core.entities.tests.dll" id="62015711-f6b7-42e0-bb9e-447630357353">
      <Execution id="9b759832-1a5a-4af4-b393-434fd0bfa280" />
      <TestMethod codeBase="D:\SFERRARI\01 - TRABAJO\repos\netcore\libs\template-netcore-entities\Kitpymes.Core.Entities.Tests\bin\Debug\net5.0\Kitpymes.Core.Entities.Tests.dll" adapterTypeName="executor://mstestadapter/v2" className="Kitpymes.Core.Entities.ValueObjects.Tests.FullNameTests" name="Equals_Passing_Valid_Values_Returns_True" />
    </UnitTest>
    <UnitTest name="Change_Passing_Valid_Values_Returns_Address (100,EUR,2)" storage="d:\sferrari\01 - trabajo\repos\netcore\libs\template-netcore-entities\kitpymes.core.entities.tests\bin\debug\net5.0\kitpymes.core.entities.tests.dll" id="c5d912f4-ed5d-4b8a-9f05-43cc686a57ef">
      <Execution id="916b5b4a-d5a6-43aa-90a2-a324a52a1442" />
      <TestMethod codeBase="D:\SFERRARI\01 - TRABAJO\repos\netcore\libs\template-netcore-entities\Kitpymes.Core.Entities.Tests\bin\Debug\net5.0\Kitpymes.Core.Entities.Tests.dll" adapterTypeName="executor://mstestadapter/v2" className="Kitpymes.Core.Entities.ValueObjects.Tests.MoneyTests" name="Change_Passing_Valid_Values_Returns_Address" />
    </UnitTest>
    <UnitTest name="Create_Passing_InvalidOrNull_Value_Returns_ApplicationException (,43543543543)" storage="d:\sferrari\01 - trabajo\repos\netcore\libs\template-netcore-entities\kitpymes.core.entities.tests\bin\debug\net5.0\kitpymes.core.entities.tests.dll" id="83f06cd4-c9b6-408a-bfd5-66130ec1e807">
      <Execution id="b1764621-8bc5-4aa1-819d-af35dd62baea" />
      <TestMethod codeBase="D:\SFERRARI\01 - TRABAJO\repos\netcore\libs\template-netcore-entities\Kitpymes.Core.Entities.Tests\bin\Debug\net5.0\Kitpymes.Core.Entities.Tests.dll" adapterTypeName="executor://mstestadapter/v2" className="Kitpymes.Core.Entities.ValueObjects.Tests.TelephoneTests" name="Create_Passing_InvalidOrNull_Value_Returns_ApplicationException" />
    </UnitTest>
    <UnitTest name="OperatorEqual_Passing_Valid_Values_Returns_True (Españç)" storage="d:\sferrari\01 - trabajo\repos\netcore\libs\template-netcore-entities\kitpymes.core.entities.tests\bin\debug\net5.0\kitpymes.core.entities.tests.dll" id="4213f734-11f9-40f9-9370-1c88715a88ce">
      <Execution id="f300bb9c-79e5-429a-a07e-6f5b2664fcb4" />
      <TestMethod codeBase="D:\SFERRARI\01 - TRABAJO\repos\netcore\libs\template-netcore-entities\Kitpymes.Core.Entities.Tests\bin\Debug\net5.0\Kitpymes.Core.Entities.Tests.dll" adapterTypeName="executor://mstestadapter/v2" className="Kitpymes.Core.Entities.ValueObjects.Tests.NameTests" name="OperatorEqual_Passing_Valid_Values_Returns_True" />
    </UnitTest>
    <UnitTest name="IsFree_Passing_Nothing_Returns_True" storage="d:\sferrari\01 - trabajo\repos\netcore\libs\template-netcore-entities\kitpymes.core.entities.tests\bin\debug\net5.0\kitpymes.core.entities.tests.dll" id="5173a18a-8bb7-4e2b-b987-58baa90a0d3b">
      <Execution id="e224f48b-2515-4f59-8540-2fe406230b4c" />
      <TestMethod codeBase="D:\SFERRARI\01 - TRABAJO\repos\netcore\libs\template-netcore-entities\Kitpymes.Core.Entities.Tests\bin\Debug\net5.0\Kitpymes.Core.Entities.Tests.dll" adapterTypeName="executor://mstestadapter/v2" className="Kitpymes.Core.Entities.Enumerations.Tests.SubscriptionEnumTests" name="IsFree_Passing_Nothing_Returns_True" />
    </UnitTest>
    <UnitTest name="Create_Passing_Valid_Values_Returns_Address (Pader,789,DF7956,Sabadell,Barcelona,España)" storage="d:\sferrari\01 - trabajo\repos\netcore\libs\template-netcore-entities\kitpymes.core.entities.tests\bin\debug\net5.0\kitpymes.core.entities.tests.dll" id="5a849776-e8d3-4b33-998f-8ee61076fbc9">
      <Execution id="1190b471-c5f1-4d75-94f1-4d6035081013" />
      <TestMethod codeBase="D:\SFERRARI\01 - TRABAJO\repos\netcore\libs\template-netcore-entities\Kitpymes.Core.Entities.Tests\bin\Debug\net5.0\Kitpymes.Core.Entities.Tests.dll" adapterTypeName="executor://mstestadapter/v2" className="Kitpymes.Core.Entities.ValueObjects.Tests.AddressTests" name="Create_Passing_Valid_Values_Returns_Address" />
    </UnitTest>
    <UnitTest name="IsActive_Passing_Nothing_Returns_True" storage="d:\sferrari\01 - trabajo\repos\netcore\libs\template-netcore-entities\kitpymes.core.entities.tests\bin\debug\net5.0\kitpymes.core.entities.tests.dll" id="a211f2b4-51e4-4e3f-9f4e-1424a7f2cb3d">
      <Execution id="2ac3f15f-f86e-4c35-9d3d-ed21eff4be6c" />
      <TestMethod codeBase="D:\SFERRARI\01 - TRABAJO\repos\netcore\libs\template-netcore-entities\Kitpymes.Core.Entities.Tests\bin\Debug\net5.0\Kitpymes.Core.Entities.Tests.dll" adapterTypeName="executor://mstestadapter/v2" className="Kitpymes.Core.Entities.Enumerations.Tests.StatusEnumTests" name="IsActive_Passing_Nothing_Returns_True" />
    </UnitTest>
    <UnitTest name="OperatorEqual_Passing_Valid_Values_Returns_True (D45,86554654)" storage="d:\sferrari\01 - trabajo\repos\netcore\libs\template-netcore-entities\kitpymes.core.entities.tests\bin\debug\net5.0\kitpymes.core.entities.tests.dll" id="5dfc83ca-ac41-4a98-b8a3-5bc2dd08d148">
      <Execution id="16b34968-183a-432b-8007-b70a45dff9cd" />
      <TestMethod codeBase="D:\SFERRARI\01 - TRABAJO\repos\netcore\libs\template-netcore-entities\Kitpymes.Core.Entities.Tests\bin\Debug\net5.0\Kitpymes.Core.Entities.Tests.dll" adapterTypeName="executor://mstestadapter/v2" className="Kitpymes.Core.Entities.ValueObjects.Tests.TelephoneTests" name="OperatorEqual_Passing_Valid_Values_Returns_True" />
    </UnitTest>
    <UnitTest name="ToString_Passing_Valid_Values_Returns_Name (Esp añâ)" storage="d:\sferrari\01 - trabajo\repos\netcore\libs\template-netcore-entities\kitpymes.core.entities.tests\bin\debug\net5.0\kitpymes.core.entities.tests.dll" id="3f6cd6ec-8b22-40ce-8b4e-770050909931">
      <Execution id="4964b09d-f555-4f95-aabc-1788c1e215c5" />
      <TestMethod codeBase="D:\SFERRARI\01 - TRABAJO\repos\netcore\libs\template-netcore-entities\Kitpymes.Core.Entities.Tests\bin\Debug\net5.0\Kitpymes.Core.Entities.Tests.dll" adapterTypeName="executor://mstestadapter/v2" className="Kitpymes.Core.Entities.ValueObjects.Tests.NameTests" name="ToString_Passing_Valid_Values_Returns_Name" />
    </UnitTest>
    <UnitTest name="OperatorNotEqual_Passing_Valid_Values_Returns_False (Pader,789,DF7956,Sabadell,Barcelona,España)" storage="d:\sferrari\01 - trabajo\repos\netcore\libs\template-netcore-entities\kitpymes.core.entities.tests\bin\debug\net5.0\kitpymes.core.entities.tests.dll" id="da046bef-23d8-4488-9119-67526f6bb1a6">
      <Execution id="ff5b5a50-91fb-43ff-bcad-9db7571655bd" />
      <TestMethod codeBase="D:\SFERRARI\01 - TRABAJO\repos\netcore\libs\template-netcore-entities\Kitpymes.Core.Entities.Tests\bin\Debug\net5.0\Kitpymes.Core.Entities.Tests.dll" adapterTypeName="executor://mstestadapter/v2" className="Kitpymes.Core.Entities.ValueObjects.Tests.AddressTests" name="OperatorNotEqual_Passing_Valid_Values_Returns_False" />
    </UnitTest>
    <UnitTest name="ToNormalize_Passing_Valid_Values_Returns_Address_String_Format (aaads@ggg.cc)" storage="d:\sferrari\01 - trabajo\repos\netcore\libs\template-netcore-entities\kitpymes.core.entities.tests\bin\debug\net5.0\kitpymes.core.entities.tests.dll" id="03f74ece-b3d3-42b6-98f3-1b0626fb79b5">
      <Execution id="2ecd1e68-17b5-4533-ab75-4b1c1d6341a2" />
      <TestMethod codeBase="D:\SFERRARI\01 - TRABAJO\repos\netcore\libs\template-netcore-entities\Kitpymes.Core.Entities.Tests\bin\Debug\net5.0\Kitpymes.Core.Entities.Tests.dll" adapterTypeName="executor://mstestadapter/v2" className="Kitpymes.Core.Entities.ValueObjects.Tests.EmailTests" name="ToNormalize_Passing_Valid_Values_Returns_Address_String_Format" />
    </UnitTest>
    <UnitTest name="Create_Passing_Valid_Values_Returns_Currency (USD)" storage="d:\sferrari\01 - trabajo\repos\netcore\libs\template-netcore-entities\kitpymes.core.entities.tests\bin\debug\net5.0\kitpymes.core.entities.tests.dll" id="f21c3a3c-172e-4cab-9c18-f3653df7ee25">
      <Execution id="9a9adf77-d61f-4d1f-9164-ac42fea8f183" />
      <TestMethod codeBase="D:\SFERRARI\01 - TRABAJO\repos\netcore\libs\template-netcore-entities\Kitpymes.Core.Entities.Tests\bin\Debug\net5.0\Kitpymes.Core.Entities.Tests.dll" adapterTypeName="executor://mstestadapter/v2" className="Kitpymes.Core.Entities.ValueObjects.Tests.CurrencyTests" name="Create_Passing_Valid_Values_Returns_Currency" />
    </UnitTest>
    <UnitTest name="Create_Passing_InvalidOrNull_Value_Returns_ApplicationException (,Sabadell,España)" storage="d:\sferrari\01 - trabajo\repos\netcore\libs\template-netcore-entities\kitpymes.core.entities.tests\bin\debug\net5.0\kitpymes.core.entities.tests.dll" id="850f975c-4323-4f7f-b7d0-5c5425acdde7">
      <Execution id="d1b027d2-7f2d-4b27-b412-98e9b567807e" />
      <TestMethod codeBase="D:\SFERRARI\01 - TRABAJO\repos\netcore\libs\template-netcore-entities\Kitpymes.Core.Entities.Tests\bin\Debug\net5.0\Kitpymes.Core.Entities.Tests.dll" adapterTypeName="executor://mstestadapter/v2" className="Kitpymes.Core.Entities.ValueObjects.Tests.FullNameTests" name="Create_Passing_InvalidOrNull_Value_Returns_ApplicationException" />
    </UnitTest>
    <UnitTest name="ToEnum_Passing_Valid_IntName_Enumeracion_Returns_Enumeracion" storage="d:\sferrari\01 - trabajo\repos\netcore\libs\template-netcore-entities\kitpymes.core.entities.tests\bin\debug\net5.0\kitpymes.core.entities.tests.dll" id="be071803-377f-4f53-ab57-efbea1be1ef7">
      <Execution id="035a84f1-61b3-433e-ad1d-003d08112f7b" />
      <TestMethod codeBase="D:\SFERRARI\01 - TRABAJO\repos\netcore\libs\template-netcore-entities\Kitpymes.Core.Entities.Tests\bin\Debug\net5.0\Kitpymes.Core.Entities.Tests.dll" adapterTypeName="executor://mstestadapter/v2" className="Kitpymes.Core.Entities.Enumerations.Tests.CardTypeEnumTests" name="ToEnum_Passing_Valid_IntName_Enumeracion_Returns_Enumeracion" />
    </UnitTest>
    <UnitTest name="ToNormalize_Passing_Valid_Values_Returns_Name_String_Format (Españà,Espana)" storage="d:\sferrari\01 - trabajo\repos\netcore\libs\template-netcore-entities\kitpymes.core.entities.tests\bin\debug\net5.0\kitpymes.core.entities.tests.dll" id="be0e9943-5627-493a-9685-724d4d451f66">
      <Execution id="7044425f-4506-44d4-ab1a-b3e3a2d3e1ec" />
      <TestMethod codeBase="D:\SFERRARI\01 - TRABAJO\repos\netcore\libs\template-netcore-entities\Kitpymes.Core.Entities.Tests\bin\Debug\net5.0\Kitpymes.Core.Entities.Tests.dll" adapterTypeName="executor://mstestadapter/v2" className="Kitpymes.Core.Entities.ValueObjects.Tests.NameTests" name="ToNormalize_Passing_Valid_Values_Returns_Name_String_Format" />
    </UnitTest>
    <UnitTest name="Create_Passing_Valid_Values_Returns_FullName (San Bartoleme De Tirajana,Las Palmas,España)" storage="d:\sferrari\01 - trabajo\repos\netcore\libs\template-netcore-entities\kitpymes.core.entities.tests\bin\debug\net5.0\kitpymes.core.entities.tests.dll" id="96dc87f6-6713-4ce6-8bb5-ecff6708db50">
      <Execution id="72d4afaa-d2fc-4929-86a9-484aa0ac4a06" />
      <TestMethod codeBase="D:\SFERRARI\01 - TRABAJO\repos\netcore\libs\template-netcore-entities\Kitpymes.Core.Entities.Tests\bin\Debug\net5.0\Kitpymes.Core.Entities.Tests.dll" adapterTypeName="executor://mstestadapter/v2" className="Kitpymes.Core.Entities.ValueObjects.Tests.FullNameTests" name="Create_Passing_Valid_Values_Returns_FullName" />
    </UnitTest>
    <UnitTest name="ToString_Passing_Valid_Values_Returns_StringId (San Bartoleme De Tirajana)" storage="d:\sferrari\01 - trabajo\repos\netcore\libs\template-netcore-entities\kitpymes.core.entities.tests\bin\debug\net5.0\kitpymes.core.entities.tests.dll" id="04c8c5db-47c1-45f6-a3f1-26c310ba29fc">
      <Execution id="c231d079-cca7-48ad-a508-c9a056ce810c" />
      <TestMethod codeBase="D:\SFERRARI\01 - TRABAJO\repos\netcore\libs\template-netcore-entities\Kitpymes.Core.Entities.Tests\bin\Debug\net5.0\Kitpymes.Core.Entities.Tests.dll" adapterTypeName="executor://mstestadapter/v2" className="Kitpymes.Core.Entities.ValueObjects.Tests.StringIdTests" name="ToString_Passing_Valid_Values_Returns_StringId" />
    </UnitTest>
    <UnitTest name="Equals_Passing_Valid_Values_Returns_True (www.hackerone-com)" storage="d:\sferrari\01 - trabajo\repos\netcore\libs\template-netcore-entities\kitpymes.core.entities.tests\bin\debug\net5.0\kitpymes.core.entities.tests.dll" id="33605faf-059f-4ac2-a3c7-be6840744b80">
      <Execution id="ea9babff-f852-49d5-8eb7-7ca0071fc490" />
      <TestMethod codeBase="D:\SFERRARI\01 - TRABAJO\repos\netcore\libs\template-netcore-entities\Kitpymes.Core.Entities.Tests\bin\Debug\net5.0\Kitpymes.Core.Entities.Tests.dll" adapterTypeName="executor://mstestadapter/v2" className="Kitpymes.Core.Entities.ValueObjects.Tests.SubdomainTests" name="Equals_Passing_Valid_Values_Returns_True" />
    </UnitTest>
    <UnitTest name="OperatorNotEqual_Passing_Valid_Values_Returns_True (Españħ)" storage="d:\sferrari\01 - trabajo\repos\netcore\libs\template-netcore-entities\kitpymes.core.entities.tests\bin\debug\net5.0\kitpymes.core.entities.tests.dll" id="41642d8d-8a61-4a29-84f8-78e29b51579f">
      <Execution id="81c58a98-37f2-444b-84bd-86362a56e678" />
      <TestMethod codeBase="D:\SFERRARI\01 - TRABAJO\repos\netcore\libs\template-netcore-entities\Kitpymes.Core.Entities.Tests\bin\Debug\net5.0\Kitpymes.Core.Entities.Tests.dll" adapterTypeName="executor://mstestadapter/v2" className="Kitpymes.Core.Entities.ValueObjects.Tests.NameTests" name="OperatorNotEqual_Passing_Valid_Values_Returns_True" />
    </UnitTest>
    <UnitTest name="Create_Passing_Valid_Value_Returns_Email (aaads@ggg.cc)" storage="d:\sferrari\01 - trabajo\repos\netcore\libs\template-netcore-entities\kitpymes.core.entities.tests\bin\debug\net5.0\kitpymes.core.entities.tests.dll" id="3fba9240-f1ac-4497-a8e9-bcec066cc30e">
      <Execution id="2a13f1b6-9ef8-4678-96f0-fcf40000948f" />
      <TestMethod codeBase="D:\SFERRARI\01 - TRABAJO\repos\netcore\libs\template-netcore-entities\Kitpymes.Core.Entities.Tests\bin\Debug\net5.0\Kitpymes.Core.Entities.Tests.dll" adapterTypeName="executor://mstestadapter/v2" className="Kitpymes.Core.Entities.ValueObjects.Tests.EmailTests" name="Create_Passing_Valid_Value_Returns_Email" />
    </UnitTest>
    <UnitTest name="OperatorNotEqual_Passing_Valid_Values_Returns_True (Españâ)" storage="d:\sferrari\01 - trabajo\repos\netcore\libs\template-netcore-entities\kitpymes.core.entities.tests\bin\debug\net5.0\kitpymes.core.entities.tests.dll" id="fe40979d-4081-463c-85f8-6acd173d0478">
      <Execution id="fa807992-c75c-4feb-82bb-8d23469651d2" />
      <TestMethod codeBase="D:\SFERRARI\01 - TRABAJO\repos\netcore\libs\template-netcore-entities\Kitpymes.Core.Entities.Tests\bin\Debug\net5.0\Kitpymes.Core.Entities.Tests.dll" adapterTypeName="executor://mstestadapter/v2" className="Kitpymes.Core.Entities.ValueObjects.Tests.NameTests" name="OperatorNotEqual_Passing_Valid_Values_Returns_True" />
    </UnitTest>
    <UnitTest name="ToString_Passing_Valid_Values_Returns_Currency_String_Symbol (USD)" storage="d:\sferrari\01 - trabajo\repos\netcore\libs\template-netcore-entities\kitpymes.core.entities.tests\bin\debug\net5.0\kitpymes.core.entities.tests.dll" id="bf05fda1-aaf2-41ed-b046-db40ff19ad2c">
      <Execution id="547814b5-306e-4783-ba2d-45b9c5c60f64" />
      <TestMethod codeBase="D:\SFERRARI\01 - TRABAJO\repos\netcore\libs\template-netcore-entities\Kitpymes.Core.Entities.Tests\bin\Debug\net5.0\Kitpymes.Core.Entities.Tests.dll" adapterTypeName="executor://mstestadapter/v2" className="Kitpymes.Core.Entities.ValueObjects.Tests.CurrencyTests" name="ToString_Passing_Valid_Values_Returns_Currency_String_Symbol" />
    </UnitTest>
    <UnitTest name="OperatorNotEqual_Passing_Valid_Values_Returns_False (Españá)" storage="d:\sferrari\01 - trabajo\repos\netcore\libs\template-netcore-entities\kitpymes.core.entities.tests\bin\debug\net5.0\kitpymes.core.entities.tests.dll" id="754f9f31-7fdd-4dbc-8e9b-539dbb548dd6">
      <Execution id="73687a97-ec98-4110-a2b5-7642cc570942" />
      <TestMethod codeBase="D:\SFERRARI\01 - TRABAJO\repos\netcore\libs\template-netcore-entities\Kitpymes.Core.Entities.Tests\bin\Debug\net5.0\Kitpymes.Core.Entities.Tests.dll" adapterTypeName="executor://mstestadapter/v2" className="Kitpymes.Core.Entities.ValueObjects.Tests.NameTests" name="OperatorNotEqual_Passing_Valid_Values_Returns_False" />
    </UnitTest>
    <UnitTest name="OperatorEqual_Passing_Valid_Distinct_Values_Returns_False (Españħ)" storage="d:\sferrari\01 - trabajo\repos\netcore\libs\template-netcore-entities\kitpymes.core.entities.tests\bin\debug\net5.0\kitpymes.core.entities.tests.dll" id="49053b83-daa3-44db-8c34-b4b349cd5cd6">
      <Execution id="f57b1350-d6d1-4447-80e1-3cf5fd75683f" />
      <TestMethod codeBase="D:\SFERRARI\01 - TRABAJO\repos\netcore\libs\template-netcore-entities\Kitpymes.Core.Entities.Tests\bin\Debug\net5.0\Kitpymes.Core.Entities.Tests.dll" adapterTypeName="executor://mstestadapter/v2" className="Kitpymes.Core.Entities.ValueObjects.Tests.NameTests" name="OperatorEqual_Passing_Valid_Distinct_Values_Returns_False" />
    </UnitTest>
    <UnitTest name="Equals_Passing_Valid_Values_Returns_True (Pader,789,DF7956,Sabadell,Barcelona,España)" storage="d:\sferrari\01 - trabajo\repos\netcore\libs\template-netcore-entities\kitpymes.core.entities.tests\bin\debug\net5.0\kitpymes.core.entities.tests.dll" id="78e9cb60-d458-48ee-80b6-05a14a967ebb">
      <Execution id="fc54e6f2-e9ca-4486-8148-e6c631fe1780" />
      <TestMethod codeBase="D:\SFERRARI\01 - TRABAJO\repos\netcore\libs\template-netcore-entities\Kitpymes.Core.Entities.Tests\bin\Debug\net5.0\Kitpymes.Core.Entities.Tests.dll" adapterTypeName="executor://mstestadapter/v2" className="Kitpymes.Core.Entities.ValueObjects.Tests.AddressTests" name="Equals_Passing_Valid_Values_Returns_True" />
    </UnitTest>
    <UnitTest name="IsNull_Passing_Null_Value_Returns_True" storage="d:\sferrari\01 - trabajo\repos\netcore\libs\template-netcore-entities\kitpymes.core.entities.tests\bin\debug\net5.0\kitpymes.core.entities.tests.dll" id="e87d3b00-69df-4225-92c8-94319ee2f2f2">
      <Execution id="87dbaeff-5427-42b0-8e53-fdd5382d484a" />
      <TestMethod codeBase="D:\SFERRARI\01 - TRABAJO\repos\netcore\libs\template-netcore-entities\Kitpymes.Core.Entities.Tests\bin\Debug\net5.0\Kitpymes.Core.Entities.Tests.dll" adapterTypeName="executor://mstestadapter/v2" className="Kitpymes.Core.Entities.ValueObjects.Tests.SubdomainTests" name="IsNull_Passing_Null_Value_Returns_True" />
    </UnitTest>
    <UnitTest name="Create_Passing_InvalidOrNull_Value_Returns_ApplicationException ()" storage="d:\sferrari\01 - trabajo\repos\netcore\libs\template-netcore-entities\kitpymes.core.entities.tests\bin\debug\net5.0\kitpymes.core.entities.tests.dll" id="a9ed8253-aa95-45de-bb52-776f2e205cc4">
      <Execution id="f6eadcf9-e41b-4825-855b-8dcbb316af8a" />
      <TestMethod codeBase="D:\SFERRARI\01 - TRABAJO\repos\netcore\libs\template-netcore-entities\Kitpymes.Core.Entities.Tests\bin\Debug\net5.0\Kitpymes.Core.Entities.Tests.dll" adapterTypeName="executor://mstestadapter/v2" className="Kitpymes.Core.Entities.ValueObjects.Tests.StringIdTests" name="Create_Passing_InvalidOrNull_Value_Returns_ApplicationException" />
    </UnitTest>
    <UnitTest name="Equals_Passing_Valid_Distinct_Values_Returns_False (456,43543543543)" storage="d:\sferrari\01 - trabajo\repos\netcore\libs\template-netcore-entities\kitpymes.core.entities.tests\bin\debug\net5.0\kitpymes.core.entities.tests.dll" id="7425fada-7b89-4751-8461-66d3d9e68f74">
      <Execution id="edf6d5ef-40e0-4ed2-a1b7-eb2e39a19665" />
      <TestMethod codeBase="D:\SFERRARI\01 - TRABAJO\repos\netcore\libs\template-netcore-entities\Kitpymes.Core.Entities.Tests\bin\Debug\net5.0\Kitpymes.Core.Entities.Tests.dll" adapterTypeName="executor://mstestadapter/v2" className="Kitpymes.Core.Entities.ValueObjects.Tests.TelephoneTests" name="Equals_Passing_Valid_Distinct_Values_Returns_False" />
    </UnitTest>
    <UnitTest name="Create_Passing_Valid_Values_Returns_Subdomain (www.hackerone1-com)" storage="d:\sferrari\01 - trabajo\repos\netcore\libs\template-netcore-entities\kitpymes.core.entities.tests\bin\debug\net5.0\kitpymes.core.entities.tests.dll" id="a39c6f6c-c1d9-4c55-a49a-abc0140266aa">
      <Execution id="35c87b88-614c-44aa-9a6b-165bc864375f" />
      <TestMethod codeBase="D:\SFERRARI\01 - TRABAJO\repos\netcore\libs\template-netcore-entities\Kitpymes.Core.Entities.Tests\bin\Debug\net5.0\Kitpymes.Core.Entities.Tests.dll" adapterTypeName="executor://mstestadapter/v2" className="Kitpymes.Core.Entities.ValueObjects.Tests.SubdomainTests" name="Create_Passing_Valid_Values_Returns_Subdomain" />
    </UnitTest>
    <UnitTest name="OperatorEqual_Passing_Valid_Distinct_Values_Returns_False (34fsds@sdd.fgg)" storage="d:\sferrari\01 - trabajo\repos\netcore\libs\template-netcore-entities\kitpymes.core.entities.tests\bin\debug\net5.0\kitpymes.core.entities.tests.dll" id="0badaa70-150e-45c9-a0d2-3d621f89188a">
      <Execution id="269d9108-b553-429e-8230-aed4d3f9570f" />
      <TestMethod codeBase="D:\SFERRARI\01 - TRABAJO\repos\netcore\libs\template-netcore-entities\Kitpymes.Core.Entities.Tests\bin\Debug\net5.0\Kitpymes.Core.Entities.Tests.dll" adapterTypeName="executor://mstestadapter/v2" className="Kitpymes.Core.Entities.ValueObjects.Tests.EmailTests" name="OperatorEqual_Passing_Valid_Distinct_Values_Returns_False" />
    </UnitTest>
    <UnitTest name="ToString_Passing_Valid_Values_Returns_Currency_String_Symbol (EUR)" storage="d:\sferrari\01 - trabajo\repos\netcore\libs\template-netcore-entities\kitpymes.core.entities.tests\bin\debug\net5.0\kitpymes.core.entities.tests.dll" id="79b9b15d-775b-420a-bf72-1268b69eee1d">
      <Execution id="ec903d91-f858-40ad-a87e-33b22f483874" />
      <TestMethod codeBase="D:\SFERRARI\01 - TRABAJO\repos\netcore\libs\template-netcore-entities\Kitpymes.Core.Entities.Tests\bin\Debug\net5.0\Kitpymes.Core.Entities.Tests.dll" adapterTypeName="executor://mstestadapter/v2" className="Kitpymes.Core.Entities.ValueObjects.Tests.CurrencyTests" name="ToString_Passing_Valid_Values_Returns_Currency_String_Symbol" />
    </UnitTest>
    <UnitTest name="OperatorEqual_Passing_Valid_Values_Returns_True (34fsds@sdd.fgg)" storage="d:\sferrari\01 - trabajo\repos\netcore\libs\template-netcore-entities\kitpymes.core.entities.tests\bin\debug\net5.0\kitpymes.core.entities.tests.dll" id="c7eae9ff-fd2c-45d7-9d91-a8af92b79e0c">
      <Execution id="727e31f6-8c51-44b1-ac49-1ec9c41d4ddc" />
      <TestMethod codeBase="D:\SFERRARI\01 - TRABAJO\repos\netcore\libs\template-netcore-entities\Kitpymes.Core.Entities.Tests\bin\Debug\net5.0\Kitpymes.Core.Entities.Tests.dll" adapterTypeName="executor://mstestadapter/v2" className="Kitpymes.Core.Entities.ValueObjects.Tests.EmailTests" name="OperatorEqual_Passing_Valid_Values_Returns_True" />
    </UnitTest>
    <UnitTest name="ToNormalize_Passing_Valid_Values_Returns_Address_String_Format (ádsads@ggg.cc)" storage="d:\sferrari\01 - trabajo\repos\netcore\libs\template-netcore-entities\kitpymes.core.entities.tests\bin\debug\net5.0\kitpymes.core.entities.tests.dll" id="5dd6972c-8131-48bc-95d8-c71417a56e5f">
      <Execution id="625b2768-a58f-463e-bb45-038cdaff40b4" />
      <TestMethod codeBase="D:\SFERRARI\01 - TRABAJO\repos\netcore\libs\template-netcore-entities\Kitpymes.Core.Entities.Tests\bin\Debug\net5.0\Kitpymes.Core.Entities.Tests.dll" adapterTypeName="executor://mstestadapter/v2" className="Kitpymes.Core.Entities.ValueObjects.Tests.EmailTests" name="ToNormalize_Passing_Valid_Values_Returns_Address_String_Format" />
    </UnitTest>
    <UnitTest name="Equals_Passing_Valid_Distinct_Values_Returns_False (Españâ)" storage="d:\sferrari\01 - trabajo\repos\netcore\libs\template-netcore-entities\kitpymes.core.entities.tests\bin\debug\net5.0\kitpymes.core.entities.tests.dll" id="eff60167-2fc0-4e0e-9fbc-3598aa600f74">
      <Execution id="5212cef1-504d-4ba0-8eda-6b72bc16af82" />
      <TestMethod codeBase="D:\SFERRARI\01 - TRABAJO\repos\netcore\libs\template-netcore-entities\Kitpymes.Core.Entities.Tests\bin\Debug\net5.0\Kitpymes.Core.Entities.Tests.dll" adapterTypeName="executor://mstestadapter/v2" className="Kitpymes.Core.Entities.ValueObjects.Tests.NameTests" name="Equals_Passing_Valid_Distinct_Values_Returns_False" />
    </UnitTest>
    <UnitTest name="Equals_Passing_Valid_Distinct_Values_Returns_False (www.hackerone-com)" storage="d:\sferrari\01 - trabajo\repos\netcore\libs\template-netcore-entities\kitpymes.core.entities.tests\bin\debug\net5.0\kitpymes.core.entities.tests.dll" id="89c1e5b3-894c-441e-80d0-38acdb414c99">
      <Execution id="dd70be96-b890-4de6-8ffd-e1f3c59a934c" />
      <TestMethod codeBase="D:\SFERRARI\01 - TRABAJO\repos\netcore\libs\template-netcore-entities\Kitpymes.Core.Entities.Tests\bin\Debug\net5.0\Kitpymes.Core.Entities.Tests.dll" adapterTypeName="executor://mstestadapter/v2" className="Kitpymes.Core.Entities.ValueObjects.Tests.SubdomainTests" name="Equals_Passing_Valid_Distinct_Values_Returns_False" />
    </UnitTest>
    <UnitTest name="IsAmex_Passing_Nothing_Returns_True" storage="d:\sferrari\01 - trabajo\repos\netcore\libs\template-netcore-entities\kitpymes.core.entities.tests\bin\debug\net5.0\kitpymes.core.entities.tests.dll" id="e06469d7-d10d-465d-9270-0e40195fff06">
      <Execution id="1e3b79fd-97fb-4e3a-b7cc-1bc07f5097c5" />
      <TestMethod codeBase="D:\SFERRARI\01 - TRABAJO\repos\netcore\libs\template-netcore-entities\Kitpymes.Core.Entities.Tests\bin\Debug\net5.0\Kitpymes.Core.Entities.Tests.dll" adapterTypeName="executor://mstestadapter/v2" className="Kitpymes.Core.Entities.Enumerations.Tests.CardTypeEnumTests" name="IsAmex_Passing_Nothing_Returns_True" />
    </UnitTest>
    <UnitTest name="ToString_Passing_Valid_Values_Returns_Name (Españħ)" storage="d:\sferrari\01 - trabajo\repos\netcore\libs\template-netcore-entities\kitpymes.core.entities.tests\bin\debug\net5.0\kitpymes.core.entities.tests.dll" id="ffcc0e4e-3721-429e-8f5b-1cd0c0633d1e">
      <Execution id="2001b523-4cb1-487a-a07a-e8204b1f5877" />
      <TestMethod codeBase="D:\SFERRARI\01 - TRABAJO\repos\netcore\libs\template-netcore-entities\Kitpymes.Core.Entities.Tests\bin\Debug\net5.0\Kitpymes.Core.Entities.Tests.dll" adapterTypeName="executor://mstestadapter/v2" className="Kitpymes.Core.Entities.ValueObjects.Tests.NameTests" name="ToString_Passing_Valid_Values_Returns_Name" />
    </UnitTest>
    <UnitTest name="OperatorEqual_Passing_Valid_Distinct_Values_Returns_False (Españà)" storage="d:\sferrari\01 - trabajo\repos\netcore\libs\template-netcore-entities\kitpymes.core.entities.tests\bin\debug\net5.0\kitpymes.core.entities.tests.dll" id="01b74f4c-d3ba-404a-9669-f12a58b5ab96">
      <Execution id="41036c01-7ea9-49c1-957a-00fc84c2ec99" />
      <TestMethod codeBase="D:\SFERRARI\01 - TRABAJO\repos\netcore\libs\template-netcore-entities\Kitpymes.Core.Entities.Tests\bin\Debug\net5.0\Kitpymes.Core.Entities.Tests.dll" adapterTypeName="executor://mstestadapter/v2" className="Kitpymes.Core.Entities.ValueObjects.Tests.NameTests" name="OperatorEqual_Passing_Valid_Distinct_Values_Returns_False" />
    </UnitTest>
    <UnitTest name="Create_Passing_Valid_Values_Returns_Name (Españç)" storage="d:\sferrari\01 - trabajo\repos\netcore\libs\template-netcore-entities\kitpymes.core.entities.tests\bin\debug\net5.0\kitpymes.core.entities.tests.dll" id="2bcaf904-2eeb-4359-8270-d3249d39619d">
      <Execution id="53f8824c-4284-46ce-b23f-5f6016340e47" />
      <TestMethod codeBase="D:\SFERRARI\01 - TRABAJO\repos\netcore\libs\template-netcore-entities\Kitpymes.Core.Entities.Tests\bin\Debug\net5.0\Kitpymes.Core.Entities.Tests.dll" adapterTypeName="executor://mstestadapter/v2" className="Kitpymes.Core.Entities.ValueObjects.Tests.NameTests" name="Create_Passing_Valid_Values_Returns_Name" />
    </UnitTest>
    <UnitTest name="OperatorEqual_Passing_Valid_Values_Returns_True (app.hackerone1.com)" storage="d:\sferrari\01 - trabajo\repos\netcore\libs\template-netcore-entities\kitpymes.core.entities.tests\bin\debug\net5.0\kitpymes.core.entities.tests.dll" id="5af25cd3-80c1-4638-80ca-f6953cde4d84">
      <Execution id="0330d182-428c-49aa-bf8a-deb37843585e" />
      <TestMethod codeBase="D:\SFERRARI\01 - TRABAJO\repos\netcore\libs\template-netcore-entities\Kitpymes.Core.Entities.Tests\bin\Debug\net5.0\Kitpymes.Core.Entities.Tests.dll" adapterTypeName="executor://mstestadapter/v2" className="Kitpymes.Core.Entities.ValueObjects.Tests.SubdomainTests" name="OperatorEqual_Passing_Valid_Values_Returns_True" />
    </UnitTest>
    <UnitTest name="ToNormalize_Passing_Valid_Values_Returns_Address_String_Format (bb_ads@ggg.cc)" storage="d:\sferrari\01 - trabajo\repos\netcore\libs\template-netcore-entities\kitpymes.core.entities.tests\bin\debug\net5.0\kitpymes.core.entities.tests.dll" id="db897375-9289-46ad-9602-b48acaba0a7e">
      <Execution id="41004a1e-6328-4bd8-8e58-b5aefa605f44" />
      <TestMethod codeBase="D:\SFERRARI\01 - TRABAJO\repos\netcore\libs\template-netcore-entities\Kitpymes.Core.Entities.Tests\bin\Debug\net5.0\Kitpymes.Core.Entities.Tests.dll" adapterTypeName="executor://mstestadapter/v2" className="Kitpymes.Core.Entities.ValueObjects.Tests.EmailTests" name="ToNormalize_Passing_Valid_Values_Returns_Address_String_Format" />
    </UnitTest>
    <UnitTest name="IsNull_Passing_Valid_Value_Returns_False (www.hackerone-com)" storage="d:\sferrari\01 - trabajo\repos\netcore\libs\template-netcore-entities\kitpymes.core.entities.tests\bin\debug\net5.0\kitpymes.core.entities.tests.dll" id="f1aa9c67-e8b7-4a7b-b681-a1332f912f9b">
      <Execution id="9ee8ed9e-2cec-4bd0-aadd-35701716a1ea" />
      <TestMethod codeBase="D:\SFERRARI\01 - TRABAJO\repos\netcore\libs\template-netcore-entities\Kitpymes.Core.Entities.Tests\bin\Debug\net5.0\Kitpymes.Core.Entities.Tests.dll" adapterTypeName="executor://mstestadapter/v2" className="Kitpymes.Core.Entities.ValueObjects.Tests.SubdomainTests" name="IsNull_Passing_Valid_Value_Returns_False" />
    </UnitTest>
    <UnitTest name="GetAll_Passing_Nothing_Returns_Enumeracion_List" storage="d:\sferrari\01 - trabajo\repos\netcore\libs\template-netcore-entities\kitpymes.core.entities.tests\bin\debug\net5.0\kitpymes.core.entities.tests.dll" id="c96fce7c-c4db-439d-9b05-662dbb8aad71">
      <Execution id="ce826afe-437e-472b-8ae8-0ce056569684" />
      <TestMethod codeBase="D:\SFERRARI\01 - TRABAJO\repos\netcore\libs\template-netcore-entities\Kitpymes.Core.Entities.Tests\bin\Debug\net5.0\Kitpymes.Core.Entities.Tests.dll" adapterTypeName="executor://mstestadapter/v2" className="Kitpymes.Core.Entities.Enumerations.Tests.SubscriptionEnumTests" name="GetAll_Passing_Nothing_Returns_Enumeracion_List" />
    </UnitTest>
    <UnitTest name="OperatorEqual_Passing_Valid_Values_Returns_False (Pader,789,DF7956,Sabadell,Barcelona,España)" storage="d:\sferrari\01 - trabajo\repos\netcore\libs\template-netcore-entities\kitpymes.core.entities.tests\bin\debug\net5.0\kitpymes.core.entities.tests.dll" id="ab25d962-8ed6-4196-9a76-d99a7aef782d">
      <Execution id="177bbade-f48f-49e1-a7e0-c08abc0f0c7c" />
      <TestMethod codeBase="D:\SFERRARI\01 - TRABAJO\repos\netcore\libs\template-netcore-entities\Kitpymes.Core.Entities.Tests\bin\Debug\net5.0\Kitpymes.Core.Entities.Tests.dll" adapterTypeName="executor://mstestadapter/v2" className="Kitpymes.Core.Entities.ValueObjects.Tests.AddressTests" name="OperatorEqual_Passing_Valid_Values_Returns_False" />
    </UnitTest>
    <UnitTest name="ToString_Passing_Valid_Values_Returns_Value_String_Format (456,43543543543)" storage="d:\sferrari\01 - trabajo\repos\netcore\libs\template-netcore-entities\kitpymes.core.entities.tests\bin\debug\net5.0\kitpymes.core.entities.tests.dll" id="cf510088-ff95-408c-9eae-f81a23fe31a2">
      <Execution id="94ad987c-fcff-482f-9643-669ff3aa4ee8" />
      <TestMethod codeBase="D:\SFERRARI\01 - TRABAJO\repos\netcore\libs\template-netcore-entities\Kitpymes.Core.Entities.Tests\bin\Debug\net5.0\Kitpymes.Core.Entities.Tests.dll" adapterTypeName="executor://mstestadapter/v2" className="Kitpymes.Core.Entities.ValueObjects.Tests.TelephoneTests" name="ToString_Passing_Valid_Values_Returns_Value_String_Format" />
    </UnitTest>
    <UnitTest name="ToString_Passing_Valid_Values_Returns_Name (Españá)" storage="d:\sferrari\01 - trabajo\repos\netcore\libs\template-netcore-entities\kitpymes.core.entities.tests\bin\debug\net5.0\kitpymes.core.entities.tests.dll" id="4921fc60-686c-4fcf-ba09-ed809ac0f534">
      <Execution id="cb68aca8-7570-41ee-ba64-58682e60a026" />
      <TestMethod codeBase="D:\SFERRARI\01 - TRABAJO\repos\netcore\libs\template-netcore-entities\Kitpymes.Core.Entities.Tests\bin\Debug\net5.0\Kitpymes.Core.Entities.Tests.dll" adapterTypeName="executor://mstestadapter/v2" className="Kitpymes.Core.Entities.ValueObjects.Tests.NameTests" name="ToString_Passing_Valid_Values_Returns_Name" />
    </UnitTest>
    <UnitTest name="OperatorNotEqual_Passing_Valid_Values_Returns_True (San Bartoleme De Tirajana,Las Palmas,España)" storage="d:\sferrari\01 - trabajo\repos\netcore\libs\template-netcore-entities\kitpymes.core.entities.tests\bin\debug\net5.0\kitpymes.core.entities.tests.dll" id="b9449425-3a5b-4cfa-9989-e7a7cde7da33">
      <Execution id="d1d57652-a824-40d0-9a05-ce2c044a5625" />
      <TestMethod codeBase="D:\SFERRARI\01 - TRABAJO\repos\netcore\libs\template-netcore-entities\Kitpymes.Core.Entities.Tests\bin\Debug\net5.0\Kitpymes.Core.Entities.Tests.dll" adapterTypeName="executor://mstestadapter/v2" className="Kitpymes.Core.Entities.ValueObjects.Tests.FullNameTests" name="OperatorNotEqual_Passing_Valid_Values_Returns_True" />
    </UnitTest>
    <UnitTest name="Create_Passing_Valid_Values_Returns_Name (Esp añâ)" storage="d:\sferrari\01 - trabajo\repos\netcore\libs\template-netcore-entities\kitpymes.core.entities.tests\bin\debug\net5.0\kitpymes.core.entities.tests.dll" id="dea1a880-de54-428b-adc9-2ba581118e45">
      <Execution id="2781a59a-a63c-44b9-882b-7ab5d00d9716" />
      <TestMethod codeBase="D:\SFERRARI\01 - TRABAJO\repos\netcore\libs\template-netcore-entities\Kitpymes.Core.Entities.Tests\bin\Debug\net5.0\Kitpymes.Core.Entities.Tests.dll" adapterTypeName="executor://mstestadapter/v2" className="Kitpymes.Core.Entities.ValueObjects.Tests.NameTests" name="Create_Passing_Valid_Values_Returns_Name" />
    </UnitTest>
    <UnitTest name="OperatorNotEqual_Passing_Valid_Values_Returns_False (Españà)" storage="d:\sferrari\01 - trabajo\repos\netcore\libs\template-netcore-entities\kitpymes.core.entities.tests\bin\debug\net5.0\kitpymes.core.entities.tests.dll" id="50d73055-62e7-4554-b90b-d840df8ceaaa">
      <Execution id="09e4e15c-5bbc-4753-b880-05cef3441161" />
      <TestMethod codeBase="D:\SFERRARI\01 - TRABAJO\repos\netcore\libs\template-netcore-entities\Kitpymes.Core.Entities.Tests\bin\Debug\net5.0\Kitpymes.Core.Entities.Tests.dll" adapterTypeName="executor://mstestadapter/v2" className="Kitpymes.Core.Entities.ValueObjects.Tests.NameTests" name="OperatorNotEqual_Passing_Valid_Values_Returns_False" />
    </UnitTest>
    <UnitTest name="ToString_Passing_Valid_Values_Returns_Subdomain (stage_hackerone.com)" storage="d:\sferrari\01 - trabajo\repos\netcore\libs\template-netcore-entities\kitpymes.core.entities.tests\bin\debug\net5.0\kitpymes.core.entities.tests.dll" id="683922c7-651f-4082-ad49-83789e7c794e">
      <Execution id="d95c1882-bb40-4c5b-b398-ca9a134610b4" />
      <TestMethod codeBase="D:\SFERRARI\01 - TRABAJO\repos\netcore\libs\template-netcore-entities\Kitpymes.Core.Entities.Tests\bin\Debug\net5.0\Kitpymes.Core.Entities.Tests.dll" adapterTypeName="executor://mstestadapter/v2" className="Kitpymes.Core.Entities.ValueObjects.Tests.SubdomainTests" name="ToString_Passing_Valid_Values_Returns_Subdomain" />
    </UnitTest>
    <UnitTest name="ToNormalize_Passing_Valid_Values_Returns_Name_String_Format (Españä,Espana)" storage="d:\sferrari\01 - trabajo\repos\netcore\libs\template-netcore-entities\kitpymes.core.entities.tests\bin\debug\net5.0\kitpymes.core.entities.tests.dll" id="a26e5ab0-43fd-4159-be07-9b1acc04ec8b">
      <Execution id="d538b13b-6d2b-4d03-8575-56f7f8003da7" />
      <TestMethod codeBase="D:\SFERRARI\01 - TRABAJO\repos\netcore\libs\template-netcore-entities\Kitpymes.Core.Entities.Tests\bin\Debug\net5.0\Kitpymes.Core.Entities.Tests.dll" adapterTypeName="executor://mstestadapter/v2" className="Kitpymes.Core.Entities.ValueObjects.Tests.NameTests" name="ToNormalize_Passing_Valid_Values_Returns_Name_String_Format" />
    </UnitTest>
    <UnitTest name="OperatorNotEqual_Passing_Valid_Values_Returns_True (Españá)" storage="d:\sferrari\01 - trabajo\repos\netcore\libs\template-netcore-entities\kitpymes.core.entities.tests\bin\debug\net5.0\kitpymes.core.entities.tests.dll" id="bed68130-27ca-4fe4-b554-4e1c0405068e">
      <Execution id="fd93cee8-7c3e-443b-b013-ebefc7fd30c0" />
      <TestMethod codeBase="D:\SFERRARI\01 - TRABAJO\repos\netcore\libs\template-netcore-entities\Kitpymes.Core.Entities.Tests\bin\Debug\net5.0\Kitpymes.Core.Entities.Tests.dll" adapterTypeName="executor://mstestadapter/v2" className="Kitpymes.Core.Entities.ValueObjects.Tests.NameTests" name="OperatorNotEqual_Passing_Valid_Values_Returns_True" />
    </UnitTest>
    <UnitTest name="Equals_Passing_Valid_Distinct_Values_Returns_False (stage_hackerone.com)" storage="d:\sferrari\01 - trabajo\repos\netcore\libs\template-netcore-entities\kitpymes.core.entities.tests\bin\debug\net5.0\kitpymes.core.entities.tests.dll" id="dca63922-81e6-4078-8f4f-88333128ede7">
      <Execution id="188bbeb4-42da-43eb-acb9-a12fe983dc67" />
      <TestMethod codeBase="D:\SFERRARI\01 - TRABAJO\repos\netcore\libs\template-netcore-entities\Kitpymes.Core.Entities.Tests\bin\Debug\net5.0\Kitpymes.Core.Entities.Tests.dll" adapterTypeName="executor://mstestadapter/v2" className="Kitpymes.Core.Entities.ValueObjects.Tests.SubdomainTests" name="Equals_Passing_Valid_Distinct_Values_Returns_False" />
    </UnitTest>
    <UnitTest name="OperatorNotEqual_Passing_Valid_Values_Returns_True (Tenerife,23,34567,San Bartoleme De Tirajana,Las Palmas,España)" storage="d:\sferrari\01 - trabajo\repos\netcore\libs\template-netcore-entities\kitpymes.core.entities.tests\bin\debug\net5.0\kitpymes.core.entities.tests.dll" id="9eae8b2e-fd2f-4548-b9ad-126b6893fbcb">
      <Execution id="97f678b5-8c83-4510-8592-73774fd3bff7" />
      <TestMethod codeBase="D:\SFERRARI\01 - TRABAJO\repos\netcore\libs\template-netcore-entities\Kitpymes.Core.Entities.Tests\bin\Debug\net5.0\Kitpymes.Core.Entities.Tests.dll" adapterTypeName="executor://mstestadapter/v2" className="Kitpymes.Core.Entities.ValueObjects.Tests.AddressTests" name="OperatorNotEqual_Passing_Valid_Values_Returns_True" />
    </UnitTest>
    <UnitTest name="Change_Passing_Valid_Values_Returns_FullName" storage="d:\sferrari\01 - trabajo\repos\netcore\libs\template-netcore-entities\kitpymes.core.entities.tests\bin\debug\net5.0\kitpymes.core.entities.tests.dll" id="71c80cd0-a817-44d0-8d91-d9d59ff55ae9">
      <Execution id="5bd6e371-1131-46db-bc55-3233c9de672c" />
      <TestMethod codeBase="D:\SFERRARI\01 - TRABAJO\repos\netcore\libs\template-netcore-entities\Kitpymes.Core.Entities.Tests\bin\Debug\net5.0\Kitpymes.Core.Entities.Tests.dll" adapterTypeName="executor://mstestadapter/v2" className="Kitpymes.Core.Entities.ValueObjects.Tests.FullNameTests" name="Change_Passing_Valid_Values_Returns_FullName" />
    </UnitTest>
    <UnitTest name="IsNull_Passing_Valid_Value_Returns_False (Espania)" storage="d:\sferrari\01 - trabajo\repos\netcore\libs\template-netcore-entities\kitpymes.core.entities.tests\bin\debug\net5.0\kitpymes.core.entities.tests.dll" id="0c162b7c-cd17-42be-b52c-4d1a185356e9">
      <Execution id="d6f298aa-13ab-46de-b1fc-ebb24e4986ac" />
      <TestMethod codeBase="D:\SFERRARI\01 - TRABAJO\repos\netcore\libs\template-netcore-entities\Kitpymes.Core.Entities.Tests\bin\Debug\net5.0\Kitpymes.Core.Entities.Tests.dll" adapterTypeName="executor://mstestadapter/v2" className="Kitpymes.Core.Entities.ValueObjects.Tests.StringIdTests" name="IsNull_Passing_Valid_Value_Returns_False" />
    </UnitTest>
    <UnitTest name="Equals_Passing_Valid_Values_Returns_True (456,43543543543)" storage="d:\sferrari\01 - trabajo\repos\netcore\libs\template-netcore-entities\kitpymes.core.entities.tests\bin\debug\net5.0\kitpymes.core.entities.tests.dll" id="46ca1aa4-8232-437a-bb9d-12f2faac8b88">
      <Execution id="53fb0b53-45fa-4dbf-b1db-2c8eb380f750" />
      <TestMethod codeBase="D:\SFERRARI\01 - TRABAJO\repos\netcore\libs\template-netcore-entities\Kitpymes.Core.Entities.Tests\bin\Debug\net5.0\Kitpymes.Core.Entities.Tests.dll" adapterTypeName="executor://mstestadapter/v2" className="Kitpymes.Core.Entities.ValueObjects.Tests.TelephoneTests" name="Equals_Passing_Valid_Values_Returns_True" />
    </UnitTest>
    <UnitTest name="Create_Passing_Valid_Value_Returns_Email (dasdasd@dsasd.ff)" storage="d:\sferrari\01 - trabajo\repos\netcore\libs\template-netcore-entities\kitpymes.core.entities.tests\bin\debug\net5.0\kitpymes.core.entities.tests.dll" id="9e87d9fd-6653-4ea7-af3a-d85f39be8f6c">
      <Execution id="1591b8fd-1bac-4268-a1af-cf7ee181e90a" />
      <TestMethod codeBase="D:\SFERRARI\01 - TRABAJO\repos\netcore\libs\template-netcore-entities\Kitpymes.Core.Entities.Tests\bin\Debug\net5.0\Kitpymes.Core.Entities.Tests.dll" adapterTypeName="executor://mstestadapter/v2" className="Kitpymes.Core.Entities.ValueObjects.Tests.EmailTests" name="Create_Passing_Valid_Value_Returns_Email" />
    </UnitTest>
    <UnitTest name="OperatorNotEqual_Passing_Valid_Values_Returns_True (100,EUR,2)" storage="d:\sferrari\01 - trabajo\repos\netcore\libs\template-netcore-entities\kitpymes.core.entities.tests\bin\debug\net5.0\kitpymes.core.entities.tests.dll" id="94ca8e99-6ab1-4318-b2e3-986c55162a64">
      <Execution id="e8ec2d00-e006-445b-9778-c886a87c09f5" />
      <TestMethod codeBase="D:\SFERRARI\01 - TRABAJO\repos\netcore\libs\template-netcore-entities\Kitpymes.Core.Entities.Tests\bin\Debug\net5.0\Kitpymes.Core.Entities.Tests.dll" adapterTypeName="executor://mstestadapter/v2" className="Kitpymes.Core.Entities.ValueObjects.Tests.MoneyTests" name="OperatorNotEqual_Passing_Valid_Values_Returns_True" />
    </UnitTest>
    <UnitTest name="Equals_Passing_Valid_Distinct_Values_Returns_False (San Bartoleme De Tirajana,Las Palmas,España)" storage="d:\sferrari\01 - trabajo\repos\netcore\libs\template-netcore-entities\kitpymes.core.entities.tests\bin\debug\net5.0\kitpymes.core.entities.tests.dll" id="ddeed30a-9d92-41ed-9bd9-5fb09be93225">
      <Execution id="7e811dd3-055d-4795-9cca-77d79896474a" />
      <TestMethod codeBase="D:\SFERRARI\01 - TRABAJO\repos\netcore\libs\template-netcore-entities\Kitpymes.Core.Entities.Tests\bin\Debug\net5.0\Kitpymes.Core.Entities.Tests.dll" adapterTypeName="executor://mstestadapter/v2" className="Kitpymes.Core.Entities.ValueObjects.Tests.FullNameTests" name="Equals_Passing_Valid_Distinct_Values_Returns_False" />
    </UnitTest>
    <UnitTest name="Create_Passing_Valid_Values_Returns_Name (Españà)" storage="d:\sferrari\01 - trabajo\repos\netcore\libs\template-netcore-entities\kitpymes.core.entities.tests\bin\debug\net5.0\kitpymes.core.entities.tests.dll" id="32920ed7-e299-4b7f-a29b-cab76efc5c34">
      <Execution id="db9043c3-9023-4316-8ee3-b10261757828" />
      <TestMethod codeBase="D:\SFERRARI\01 - TRABAJO\repos\netcore\libs\template-netcore-entities\Kitpymes.Core.Entities.Tests\bin\Debug\net5.0\Kitpymes.Core.Entities.Tests.dll" adapterTypeName="executor://mstestadapter/v2" className="Kitpymes.Core.Entities.ValueObjects.Tests.NameTests" name="Create_Passing_Valid_Values_Returns_Name" />
    </UnitTest>
    <UnitTest name="IsNull_Passing_Valid_Value_Returns_False (Españä)" storage="d:\sferrari\01 - trabajo\repos\netcore\libs\template-netcore-entities\kitpymes.core.entities.tests\bin\debug\net5.0\kitpymes.core.entities.tests.dll" id="1858e4f2-8929-4994-9714-674fde759440">
      <Execution id="aa536889-3391-4b2a-9280-b2b167b15c7d" />
      <TestMethod codeBase="D:\SFERRARI\01 - TRABAJO\repos\netcore\libs\template-netcore-entities\Kitpymes.Core.Entities.Tests\bin\Debug\net5.0\Kitpymes.Core.Entities.Tests.dll" adapterTypeName="executor://mstestadapter/v2" className="Kitpymes.Core.Entities.ValueObjects.Tests.NameTests" name="IsNull_Passing_Valid_Value_Returns_False" />
    </UnitTest>
    <UnitTest name="Equals_Passing_Valid_Values_Returns_True (Tenerife,23,34567,San Bartoleme De Tirajana,Las Palmas,España)" storage="d:\sferrari\01 - trabajo\repos\netcore\libs\template-netcore-entities\kitpymes.core.entities.tests\bin\debug\net5.0\kitpymes.core.entities.tests.dll" id="a536a6d4-0e80-42ae-8918-dc5e4f04a78b">
      <Execution id="52454fc7-1ca6-424e-9087-b42c2eafb0ea" />
      <TestMethod codeBase="D:\SFERRARI\01 - TRABAJO\repos\netcore\libs\template-netcore-entities\Kitpymes.Core.Entities.Tests\bin\Debug\net5.0\Kitpymes.Core.Entities.Tests.dll" adapterTypeName="executor://mstestadapter/v2" className="Kitpymes.Core.Entities.ValueObjects.Tests.AddressTests" name="Equals_Passing_Valid_Values_Returns_True" />
    </UnitTest>
    <UnitTest name="ToString_Passing_Valid_Values_Returns_StringId (Sabadell)" storage="d:\sferrari\01 - trabajo\repos\netcore\libs\template-netcore-entities\kitpymes.core.entities.tests\bin\debug\net5.0\kitpymes.core.entities.tests.dll" id="ee41159a-845c-460e-abfa-44701cc62acd">
      <Execution id="bc87d75b-7bbd-46c8-bbf9-a48831109944" />
      <TestMethod codeBase="D:\SFERRARI\01 - TRABAJO\repos\netcore\libs\template-netcore-entities\Kitpymes.Core.Entities.Tests\bin\Debug\net5.0\Kitpymes.Core.Entities.Tests.dll" adapterTypeName="executor://mstestadapter/v2" className="Kitpymes.Core.Entities.ValueObjects.Tests.StringIdTests" name="ToString_Passing_Valid_Values_Returns_StringId" />
    </UnitTest>
    <UnitTest name="Equals_Passing_Valid_Values_Returns_True (Españã)" storage="d:\sferrari\01 - trabajo\repos\netcore\libs\template-netcore-entities\kitpymes.core.entities.tests\bin\debug\net5.0\kitpymes.core.entities.tests.dll" id="94bb315e-dc7a-4783-a8f5-bf5712cf33eb">
      <Execution id="55661749-84b4-4dc7-aaf9-feba6177c87a" />
      <TestMethod codeBase="D:\SFERRARI\01 - TRABAJO\repos\netcore\libs\template-netcore-entities\Kitpymes.Core.Entities.Tests\bin\Debug\net5.0\Kitpymes.Core.Entities.Tests.dll" adapterTypeName="executor://mstestadapter/v2" className="Kitpymes.Core.Entities.ValueObjects.Tests.NameTests" name="Equals_Passing_Valid_Values_Returns_True" />
    </UnitTest>
    <UnitTest name="IsNull_Passing_Valid_Value_Returns_False (Españâ)" storage="d:\sferrari\01 - trabajo\repos\netcore\libs\template-netcore-entities\kitpymes.core.entities.tests\bin\debug\net5.0\kitpymes.core.entities.tests.dll" id="50f9bd7c-8a11-43fd-b77c-b27fdf68dcad">
      <Execution id="184d9bf3-dae4-43de-b49a-0fb98dcb7014" />
      <TestMethod codeBase="D:\SFERRARI\01 - TRABAJO\repos\netcore\libs\template-netcore-entities\Kitpymes.Core.Entities.Tests\bin\Debug\net5.0\Kitpymes.Core.Entities.Tests.dll" adapterTypeName="executor://mstestadapter/v2" className="Kitpymes.Core.Entities.ValueObjects.Tests.NameTests" name="IsNull_Passing_Valid_Value_Returns_False" />
    </UnitTest>
    <UnitTest name="IsNull_Passing_Valid_Values_Returns_False (Sabadell,Barcelona,España)" storage="d:\sferrari\01 - trabajo\repos\netcore\libs\template-netcore-entities\kitpymes.core.entities.tests\bin\debug\net5.0\kitpymes.core.entities.tests.dll" id="8543a278-ef7e-42ae-8845-4722a241261a">
      <Execution id="56a652cc-b239-4d0d-9522-6679acd110d3" />
      <TestMethod codeBase="D:\SFERRARI\01 - TRABAJO\repos\netcore\libs\template-netcore-entities\Kitpymes.Core.Entities.Tests\bin\Debug\net5.0\Kitpymes.Core.Entities.Tests.dll" adapterTypeName="executor://mstestadapter/v2" className="Kitpymes.Core.Entities.ValueObjects.Tests.FullNameTests" name="IsNull_Passing_Valid_Values_Returns_False" />
    </UnitTest>
    <UnitTest name="Create_Passing_Valid_Values_Returns_Name (Españħ)" storage="d:\sferrari\01 - trabajo\repos\netcore\libs\template-netcore-entities\kitpymes.core.entities.tests\bin\debug\net5.0\kitpymes.core.entities.tests.dll" id="ac45b9e8-181d-4db8-b841-f963a017ce72">
      <Execution id="bd7daeb1-3655-45be-92d9-172d6c3cc7a6" />
      <TestMethod codeBase="D:\SFERRARI\01 - TRABAJO\repos\netcore\libs\template-netcore-entities\Kitpymes.Core.Entities.Tests\bin\Debug\net5.0\Kitpymes.Core.Entities.Tests.dll" adapterTypeName="executor://mstestadapter/v2" className="Kitpymes.Core.Entities.ValueObjects.Tests.NameTests" name="Create_Passing_Valid_Values_Returns_Name" />
    </UnitTest>
    <UnitTest name="IsSilver_Passing_Nothing_Returns_True" storage="d:\sferrari\01 - trabajo\repos\netcore\libs\template-netcore-entities\kitpymes.core.entities.tests\bin\debug\net5.0\kitpymes.core.entities.tests.dll" id="9e4a3c86-5baa-4bdb-b986-7cfe52b161fc">
      <Execution id="8cfb23cf-14f1-4646-bd6a-f982e42bc1cc" />
      <TestMethod codeBase="D:\SFERRARI\01 - TRABAJO\repos\netcore\libs\template-netcore-entities\Kitpymes.Core.Entities.Tests\bin\Debug\net5.0\Kitpymes.Core.Entities.Tests.dll" adapterTypeName="executor://mstestadapter/v2" className="Kitpymes.Core.Entities.Enumerations.Tests.SubscriptionEnumTests" name="IsSilver_Passing_Nothing_Returns_True" />
    </UnitTest>
    <UnitTest name="OperatorNotEqual_Passing_Valid_Values_Returns_False (D45,86554654)" storage="d:\sferrari\01 - trabajo\repos\netcore\libs\template-netcore-entities\kitpymes.core.entities.tests\bin\debug\net5.0\kitpymes.core.entities.tests.dll" id="e13699ea-1b3b-4db3-834e-4457c1c0551a">
      <Execution id="359b0ed3-8338-443e-8504-8f33bd0a9cc9" />
      <TestMethod codeBase="D:\SFERRARI\01 - TRABAJO\repos\netcore\libs\template-netcore-entities\Kitpymes.Core.Entities.Tests\bin\Debug\net5.0\Kitpymes.Core.Entities.Tests.dll" adapterTypeName="executor://mstestadapter/v2" className="Kitpymes.Core.Entities.ValueObjects.Tests.TelephoneTests" name="OperatorNotEqual_Passing_Valid_Values_Returns_False" />
    </UnitTest>
    <UnitTest name="ToEnum_Passing_Invalid_String_Name_Enumeracion_Returns_Null" storage="d:\sferrari\01 - trabajo\repos\netcore\libs\template-netcore-entities\kitpymes.core.entities.tests\bin\debug\net5.0\kitpymes.core.entities.tests.dll" id="0a4e42f6-a2fe-431e-bad5-618568259f31">
      <Execution id="e833b305-1fb9-4e35-94d9-66bdbbee47d9" />
      <TestMethod codeBase="D:\SFERRARI\01 - TRABAJO\repos\netcore\libs\template-netcore-entities\Kitpymes.Core.Entities.Tests\bin\Debug\net5.0\Kitpymes.Core.Entities.Tests.dll" adapterTypeName="executor://mstestadapter/v2" className="Kitpymes.Core.Entities.Enumerations.Tests.GenderTypeEnumTests" name="ToEnum_Passing_Invalid_String_Name_Enumeracion_Returns_Null" />
    </UnitTest>
    <UnitTest name="Equals_Passing_Valid_Values_Returns_True (Españá)" storage="d:\sferrari\01 - trabajo\repos\netcore\libs\template-netcore-entities\kitpymes.core.entities.tests\bin\debug\net5.0\kitpymes.core.entities.tests.dll" id="1ac3eff8-549d-4564-af5b-415f665015c0">
      <Execution id="cc164b3f-a485-4cde-a69d-328a712f9e7d" />
      <TestMethod codeBase="D:\SFERRARI\01 - TRABAJO\repos\netcore\libs\template-netcore-entities\Kitpymes.Core.Entities.Tests\bin\Debug\net5.0\Kitpymes.Core.Entities.Tests.dll" adapterTypeName="executor://mstestadapter/v2" className="Kitpymes.Core.Entities.ValueObjects.Tests.NameTests" name="Equals_Passing_Valid_Values_Returns_True" />
    </UnitTest>
    <UnitTest name="Create_Passing_Valid_Values_Returns_Name (Españä)" storage="d:\sferrari\01 - trabajo\repos\netcore\libs\template-netcore-entities\kitpymes.core.entities.tests\bin\debug\net5.0\kitpymes.core.entities.tests.dll" id="4ff34092-fe57-4957-8124-4277a6631999">
      <Execution id="19abd0ea-c8ab-41e7-953c-ef639914e9e2" />
      <TestMethod codeBase="D:\SFERRARI\01 - TRABAJO\repos\netcore\libs\template-netcore-entities\Kitpymes.Core.Entities.Tests\bin\Debug\net5.0\Kitpymes.Core.Entities.Tests.dll" adapterTypeName="executor://mstestadapter/v2" className="Kitpymes.Core.Entities.ValueObjects.Tests.NameTests" name="Create_Passing_Valid_Values_Returns_Name" />
    </UnitTest>
    <UnitTest name="Create_Passing_Valid_Values_Returns_Address (Tenerife,23,34567,San Bartoleme De Tirajana,Las Palmas,España)" storage="d:\sferrari\01 - trabajo\repos\netcore\libs\template-netcore-entities\kitpymes.core.entities.tests\bin\debug\net5.0\kitpymes.core.entities.tests.dll" id="779e573b-756b-4da0-9828-265e0ba577b9">
      <Execution id="a4017071-046e-489a-8575-b6970c29ef94" />
      <TestMethod codeBase="D:\SFERRARI\01 - TRABAJO\repos\netcore\libs\template-netcore-entities\Kitpymes.Core.Entities.Tests\bin\Debug\net5.0\Kitpymes.Core.Entities.Tests.dll" adapterTypeName="executor://mstestadapter/v2" className="Kitpymes.Core.Entities.ValueObjects.Tests.AddressTests" name="Create_Passing_Valid_Values_Returns_Address" />
    </UnitTest>
    <UnitTest name="OperatorEqual_Passing_Valid_Values_Returns_True (dasdasd@dsasd.ff)" storage="d:\sferrari\01 - trabajo\repos\netcore\libs\template-netcore-entities\kitpymes.core.entities.tests\bin\debug\net5.0\kitpymes.core.entities.tests.dll" id="75409244-afcc-4238-aeaf-e24f7776d24e">
      <Execution id="d361e710-4d96-4273-8551-1cd230260666" />
      <TestMethod codeBase="D:\SFERRARI\01 - TRABAJO\repos\netcore\libs\template-netcore-entities\Kitpymes.Core.Entities.Tests\bin\Debug\net5.0\Kitpymes.Core.Entities.Tests.dll" adapterTypeName="executor://mstestadapter/v2" className="Kitpymes.Core.Entities.ValueObjects.Tests.EmailTests" name="OperatorEqual_Passing_Valid_Values_Returns_True" />
    </UnitTest>
    <UnitTest name="ToString_Passing_Valid_Values_Returns_Subdomain (app.hackerone1.com)" storage="d:\sferrari\01 - trabajo\repos\netcore\libs\template-netcore-entities\kitpymes.core.entities.tests\bin\debug\net5.0\kitpymes.core.entities.tests.dll" id="46fc8ea0-7b45-426d-b6f6-d40b8ff3731f">
      <Execution id="2b95a17d-d6ae-4e96-95d6-3abd4d7db41a" />
      <TestMethod codeBase="D:\SFERRARI\01 - TRABAJO\repos\netcore\libs\template-netcore-entities\Kitpymes.Core.Entities.Tests\bin\Debug\net5.0\Kitpymes.Core.Entities.Tests.dll" adapterTypeName="executor://mstestadapter/v2" className="Kitpymes.Core.Entities.ValueObjects.Tests.SubdomainTests" name="ToString_Passing_Valid_Values_Returns_Subdomain" />
    </UnitTest>
    <UnitTest name="OperatorNotEqual_Passing_Valid_Values_Returns_False (Españç)" storage="d:\sferrari\01 - trabajo\repos\netcore\libs\template-netcore-entities\kitpymes.core.entities.tests\bin\debug\net5.0\kitpymes.core.entities.tests.dll" id="38217d5e-2429-4a94-9706-d1b3bbc4319c">
      <Execution id="6da4f14e-bd17-4d8f-b5f9-baf98f7940d2" />
      <TestMethod codeBase="D:\SFERRARI\01 - TRABAJO\repos\netcore\libs\template-netcore-entities\Kitpymes.Core.Entities.Tests\bin\Debug\net5.0\Kitpymes.Core.Entities.Tests.dll" adapterTypeName="executor://mstestadapter/v2" className="Kitpymes.Core.Entities.ValueObjects.Tests.NameTests" name="OperatorNotEqual_Passing_Valid_Values_Returns_False" />
    </UnitTest>
    <UnitTest name="Equals_Passing_Valid_Distinct_Values_Returns_False (Sabadell,Barcelona,España)" storage="d:\sferrari\01 - trabajo\repos\netcore\libs\template-netcore-entities\kitpymes.core.entities.tests\bin\debug\net5.0\kitpymes.core.entities.tests.dll" id="fa14a178-b306-4624-b94c-e8872a0ceac3">
      <Execution id="7aafd965-a067-4292-9c96-23b117f355a6" />
      <TestMethod codeBase="D:\SFERRARI\01 - TRABAJO\repos\netcore\libs\template-netcore-entities\Kitpymes.Core.Entities.Tests\bin\Debug\net5.0\Kitpymes.Core.Entities.Tests.dll" adapterTypeName="executor://mstestadapter/v2" className="Kitpymes.Core.Entities.ValueObjects.Tests.FullNameTests" name="Equals_Passing_Valid_Distinct_Values_Returns_False" />
    </UnitTest>
    <UnitTest name="Equals_Passing_Valid_Values_Returns_True (stage_hackerone.com)" storage="d:\sferrari\01 - trabajo\repos\netcore\libs\template-netcore-entities\kitpymes.core.entities.tests\bin\debug\net5.0\kitpymes.core.entities.tests.dll" id="5ae7c894-58cb-4f80-b3cd-8b221bcb350f">
      <Execution id="9b1076ea-0e22-4a31-9990-f147805025a6" />
      <TestMethod codeBase="D:\SFERRARI\01 - TRABAJO\repos\netcore\libs\template-netcore-entities\Kitpymes.Core.Entities.Tests\bin\Debug\net5.0\Kitpymes.Core.Entities.Tests.dll" adapterTypeName="executor://mstestadapter/v2" className="Kitpymes.Core.Entities.ValueObjects.Tests.SubdomainTests" name="Equals_Passing_Valid_Values_Returns_True" />
    </UnitTest>
    <UnitTest name="ToNormalize_Passing_Valid_Values_Returns_Name_String_Format (Españç,Espanc)" storage="d:\sferrari\01 - trabajo\repos\netcore\libs\template-netcore-entities\kitpymes.core.entities.tests\bin\debug\net5.0\kitpymes.core.entities.tests.dll" id="d9381df4-bce7-43c6-8ca5-960bd1bab132">
      <Execution id="fe12f687-4afa-48f3-807a-cb80fb2635c7" />
      <TestMethod codeBase="D:\SFERRARI\01 - TRABAJO\repos\netcore\libs\template-netcore-entities\Kitpymes.Core.Entities.Tests\bin\Debug\net5.0\Kitpymes.Core.Entities.Tests.dll" adapterTypeName="executor://mstestadapter/v2" className="Kitpymes.Core.Entities.ValueObjects.Tests.NameTests" name="ToNormalize_Passing_Valid_Values_Returns_Name_String_Format" />
    </UnitTest>
    <UnitTest name="OperatorNotEqual_Passing_Valid_Values_Returns_True (400,EUR,8)" storage="d:\sferrari\01 - trabajo\repos\netcore\libs\template-netcore-entities\kitpymes.core.entities.tests\bin\debug\net5.0\kitpymes.core.entities.tests.dll" id="9e5296e6-42ae-48a8-894d-4c04d71df2ac">
      <Execution id="5e70b90a-f0dc-4578-acdc-b2511ea76028" />
      <TestMethod codeBase="D:\SFERRARI\01 - TRABAJO\repos\netcore\libs\template-netcore-entities\Kitpymes.Core.Entities.Tests\bin\Debug\net5.0\Kitpymes.Core.Entities.Tests.dll" adapterTypeName="executor://mstestadapter/v2" className="Kitpymes.Core.Entities.ValueObjects.Tests.MoneyTests" name="OperatorNotEqual_Passing_Valid_Values_Returns_True" />
    </UnitTest>
    <UnitTest name="OperatorEqual_Passing_Valid_Distinct_Values_Returns_False (San Bartoleme De Tirajana)" storage="d:\sferrari\01 - trabajo\repos\netcore\libs\template-netcore-entities\kitpymes.core.entities.tests\bin\debug\net5.0\kitpymes.core.entities.tests.dll" id="0a79c47b-407c-44b8-aea8-afe945d296e2">
      <Execution id="9e865abf-38e7-463a-8b65-ff83a8ba7d0b" />
      <TestMethod codeBase="D:\SFERRARI\01 - TRABAJO\repos\netcore\libs\template-netcore-entities\Kitpymes.Core.Entities.Tests\bin\Debug\net5.0\Kitpymes.Core.Entities.Tests.dll" adapterTypeName="executor://mstestadapter/v2" className="Kitpymes.Core.Entities.ValueObjects.Tests.StringIdTests" name="OperatorEqual_Passing_Valid_Distinct_Values_Returns_False" />
    </UnitTest>
    <UnitTest name="IsNull_Passing_Null_Value_Returns_True" storage="d:\sferrari\01 - trabajo\repos\netcore\libs\template-netcore-entities\kitpymes.core.entities.tests\bin\debug\net5.0\kitpymes.core.entities.tests.dll" id="7b37e179-7b5f-44ca-a701-5c5b196980ea">
      <Execution id="968e6058-ee0a-4efe-a801-128bdebcb814" />
      <TestMethod codeBase="D:\SFERRARI\01 - TRABAJO\repos\netcore\libs\template-netcore-entities\Kitpymes.Core.Entities.Tests\bin\Debug\net5.0\Kitpymes.Core.Entities.Tests.dll" adapterTypeName="executor://mstestadapter/v2" className="Kitpymes.Core.Entities.ValueObjects.Tests.TelephoneTests" name="IsNull_Passing_Null_Value_Returns_True" />
    </UnitTest>
    <UnitTest name="Create_Passing_Valid_Values_Returns_Subdomain (google)" storage="d:\sferrari\01 - trabajo\repos\netcore\libs\template-netcore-entities\kitpymes.core.entities.tests\bin\debug\net5.0\kitpymes.core.entities.tests.dll" id="b73e833d-7ddb-4d1b-beb6-0f023a3527f9">
      <Execution id="58ab7a15-fc96-4b4d-9828-dde9fe9cc906" />
      <TestMethod codeBase="D:\SFERRARI\01 - TRABAJO\repos\netcore\libs\template-netcore-entities\Kitpymes.Core.Entities.Tests\bin\Debug\net5.0\Kitpymes.Core.Entities.Tests.dll" adapterTypeName="executor://mstestadapter/v2" className="Kitpymes.Core.Entities.ValueObjects.Tests.SubdomainTests" name="Create_Passing_Valid_Values_Returns_Subdomain" />
    </UnitTest>
    <UnitTest name="OperatorNotEqual_Passing_Valid_Values_Returns_True (Españä)" storage="d:\sferrari\01 - trabajo\repos\netcore\libs\template-netcore-entities\kitpymes.core.entities.tests\bin\debug\net5.0\kitpymes.core.entities.tests.dll" id="9c68ceca-5c46-4c8e-81e1-9420bf96efeb">
      <Execution id="14346d8b-2f4e-4026-9da2-3f34d2601a2a" />
      <TestMethod codeBase="D:\SFERRARI\01 - TRABAJO\repos\netcore\libs\template-netcore-entities\Kitpymes.Core.Entities.Tests\bin\Debug\net5.0\Kitpymes.Core.Entities.Tests.dll" adapterTypeName="executor://mstestadapter/v2" className="Kitpymes.Core.Entities.ValueObjects.Tests.NameTests" name="OperatorNotEqual_Passing_Valid_Values_Returns_True" />
    </UnitTest>
    <UnitTest name="OperatorEqual_Passing_Valid_Distinct_Values_Returns_False (456,43543543543)" storage="d:\sferrari\01 - trabajo\repos\netcore\libs\template-netcore-entities\kitpymes.core.entities.tests\bin\debug\net5.0\kitpymes.core.entities.tests.dll" id="cf7922ed-8e87-4823-a4e9-0d416b7ba148">
      <Execution id="3902ed3a-8e70-4b72-a4fb-b15ec3c4e19b" />
      <TestMethod codeBase="D:\SFERRARI\01 - TRABAJO\repos\netcore\libs\template-netcore-entities\Kitpymes.Core.Entities.Tests\bin\Debug\net5.0\Kitpymes.Core.Entities.Tests.dll" adapterTypeName="executor://mstestadapter/v2" className="Kitpymes.Core.Entities.ValueObjects.Tests.TelephoneTests" name="OperatorEqual_Passing_Valid_Distinct_Values_Returns_False" />
    </UnitTest>
    <UnitTest name="OperatorEqual_Passing_Valid_Distinct_Values_Returns_False (200,EUR,4)" storage="d:\sferrari\01 - trabajo\repos\netcore\libs\template-netcore-entities\kitpymes.core.entities.tests\bin\debug\net5.0\kitpymes.core.entities.tests.dll" id="d85aa5fe-b243-4279-b6a2-f407c16fb316">
      <Execution id="3a419b10-07f2-4884-9ab4-ce412308f8fa" />
      <TestMethod codeBase="D:\SFERRARI\01 - TRABAJO\repos\netcore\libs\template-netcore-entities\Kitpymes.Core.Entities.Tests\bin\Debug\net5.0\Kitpymes.Core.Entities.Tests.dll" adapterTypeName="executor://mstestadapter/v2" className="Kitpymes.Core.Entities.ValueObjects.Tests.MoneyTests" name="OperatorEqual_Passing_Valid_Distinct_Values_Returns_False" />
    </UnitTest>
    <UnitTest name="Create_Passing_Valid_Value_Returns_Email (34fsds@sdd.fgg)" storage="d:\sferrari\01 - trabajo\repos\netcore\libs\template-netcore-entities\kitpymes.core.entities.tests\bin\debug\net5.0\kitpymes.core.entities.tests.dll" id="84e316aa-a7ca-48d9-af46-091ca6de08f9">
      <Execution id="b5016efc-a33a-4ee4-818e-a0dd5c535bcf" />
      <TestMethod codeBase="D:\SFERRARI\01 - TRABAJO\repos\netcore\libs\template-netcore-entities\Kitpymes.Core.Entities.Tests\bin\Debug\net5.0\Kitpymes.Core.Entities.Tests.dll" adapterTypeName="executor://mstestadapter/v2" className="Kitpymes.Core.Entities.ValueObjects.Tests.EmailTests" name="Create_Passing_Valid_Value_Returns_Email" />
    </UnitTest>
    <UnitTest name="Create_Passing_InvalidOrNull_Value_Returns_ApplicationException ()" storage="d:\sferrari\01 - trabajo\repos\netcore\libs\template-netcore-entities\kitpymes.core.entities.tests\bin\debug\net5.0\kitpymes.core.entities.tests.dll" id="60df7fbc-0e2f-4ae3-8e65-c5fd064e464e">
      <Execution id="f1cb336c-91ec-4903-b069-fb48353ea9c5" />
      <TestMethod codeBase="D:\SFERRARI\01 - TRABAJO\repos\netcore\libs\template-netcore-entities\Kitpymes.Core.Entities.Tests\bin\Debug\net5.0\Kitpymes.Core.Entities.Tests.dll" adapterTypeName="executor://mstestadapter/v2" className="Kitpymes.Core.Entities.ValueObjects.Tests.EmailTests" name="Create_Passing_InvalidOrNull_Value_Returns_ApplicationException" />
    </UnitTest>
    <UnitTest name="OperatorNotEqual_Passing_Valid_Values_Returns_True (www.hackerone-com)" storage="d:\sferrari\01 - trabajo\repos\netcore\libs\template-netcore-entities\kitpymes.core.entities.tests\bin\debug\net5.0\kitpymes.core.entities.tests.dll" id="16367c80-c9a0-4b04-84df-ab9ea8941fe9">
      <Execution id="5cbba872-3301-4169-a0d9-d275e584de64" />
      <TestMethod codeBase="D:\SFERRARI\01 - TRABAJO\repos\netcore\libs\template-netcore-entities\Kitpymes.Core.Entities.Tests\bin\Debug\net5.0\Kitpymes.Core.Entities.Tests.dll" adapterTypeName="executor://mstestadapter/v2" className="Kitpymes.Core.Entities.ValueObjects.Tests.SubdomainTests" name="OperatorNotEqual_Passing_Valid_Values_Returns_True" />
    </UnitTest>
    <UnitTest name="IsInactive_Passing_Nothing_Returns_True" storage="d:\sferrari\01 - trabajo\repos\netcore\libs\template-netcore-entities\kitpymes.core.entities.tests\bin\debug\net5.0\kitpymes.core.entities.tests.dll" id="a1904477-6716-4a56-8dce-ba7dfb0abbb1">
      <Execution id="a9a5fbed-8313-452d-a1e5-3c2d6ddfb6fc" />
      <TestMethod codeBase="D:\SFERRARI\01 - TRABAJO\repos\netcore\libs\template-netcore-entities\Kitpymes.Core.Entities.Tests\bin\Debug\net5.0\Kitpymes.Core.Entities.Tests.dll" adapterTypeName="executor://mstestadapter/v2" className="Kitpymes.Core.Entities.Enumerations.Tests.StatusEnumTests" name="IsInactive_Passing_Nothing_Returns_True" />
    </UnitTest>
    <UnitTest name="ToNormalize_Passing_Valid_Values_Returns_Name_String_Format (España,Espana)" storage="d:\sferrari\01 - trabajo\repos\netcore\libs\template-netcore-entities\kitpymes.core.entities.tests\bin\debug\net5.0\kitpymes.core.entities.tests.dll" id="77bbc7c9-b971-48d6-baed-940b137f9388">
      <Execution id="4dea3168-508c-4ed5-928d-d02e583cf61f" />
      <TestMethod codeBase="D:\SFERRARI\01 - TRABAJO\repos\netcore\libs\template-netcore-entities\Kitpymes.Core.Entities.Tests\bin\Debug\net5.0\Kitpymes.Core.Entities.Tests.dll" adapterTypeName="executor://mstestadapter/v2" className="Kitpymes.Core.Entities.ValueObjects.Tests.NameTests" name="ToNormalize_Passing_Valid_Values_Returns_Name_String_Format" />
    </UnitTest>
    <UnitTest name="IsNull_Passing_Valid_Values_Returns_False (Tenerife,San Bartoleme De Tirajana,Las Palmas)" storage="d:\sferrari\01 - trabajo\repos\netcore\libs\template-netcore-entities\kitpymes.core.entities.tests\bin\debug\net5.0\kitpymes.core.entities.tests.dll" id="06e0ad2c-3d10-4f16-9d85-f7203a7e5f09">
      <Execution id="3bf30ee6-00e0-4d03-aeb6-17708c2da534" />
      <TestMethod codeBase="D:\SFERRARI\01 - TRABAJO\repos\netcore\libs\template-netcore-entities\Kitpymes.Core.Entities.Tests\bin\Debug\net5.0\Kitpymes.Core.Entities.Tests.dll" adapterTypeName="executor://mstestadapter/v2" className="Kitpymes.Core.Entities.ValueObjects.Tests.FullNameTests" name="IsNull_Passing_Valid_Values_Returns_False" />
    </UnitTest>
    <UnitTest name="Equals_Passing_Valid_Distinct_Values_Returns_False (Esp añâ)" storage="d:\sferrari\01 - trabajo\repos\netcore\libs\template-netcore-entities\kitpymes.core.entities.tests\bin\debug\net5.0\kitpymes.core.entities.tests.dll" id="8b4533aa-8ef6-4fc8-8119-4cabaedbec59">
      <Execution id="9e08c8df-68f4-4e92-b098-d2722662f764" />
      <TestMethod codeBase="D:\SFERRARI\01 - TRABAJO\repos\netcore\libs\template-netcore-entities\Kitpymes.Core.Entities.Tests\bin\Debug\net5.0\Kitpymes.Core.Entities.Tests.dll" adapterTypeName="executor://mstestadapter/v2" className="Kitpymes.Core.Entities.ValueObjects.Tests.NameTests" name="Equals_Passing_Valid_Distinct_Values_Returns_False" />
    </UnitTest>
    <UnitTest name="ToString_Passing_Valid_Values_Returns_Address_String_Format (200,EUR,4)" storage="d:\sferrari\01 - trabajo\repos\netcore\libs\template-netcore-entities\kitpymes.core.entities.tests\bin\debug\net5.0\kitpymes.core.entities.tests.dll" id="d0bbc7de-f541-4f9f-8815-2a511b26a499">
      <Execution id="ed6a9e0c-ed75-4cdd-891a-bbd7c0b127f6" />
      <TestMethod codeBase="D:\SFERRARI\01 - TRABAJO\repos\netcore\libs\template-netcore-entities\Kitpymes.Core.Entities.Tests\bin\Debug\net5.0\Kitpymes.Core.Entities.Tests.dll" adapterTypeName="executor://mstestadapter/v2" className="Kitpymes.Core.Entities.ValueObjects.Tests.MoneyTests" name="ToString_Passing_Valid_Values_Returns_Address_String_Format" />
    </UnitTest>
    <UnitTest name="OperatorEqual_Passing_Valid_Values_Returns_True (EUR)" storage="d:\sferrari\01 - trabajo\repos\netcore\libs\template-netcore-entities\kitpymes.core.entities.tests\bin\debug\net5.0\kitpymes.core.entities.tests.dll" id="24f139fc-1dc1-47c6-b704-58fe07449ec3">
      <Execution id="b9782000-01d2-4125-8728-6cf0390bcca4" />
      <TestMethod codeBase="D:\SFERRARI\01 - TRABAJO\repos\netcore\libs\template-netcore-entities\Kitpymes.Core.Entities.Tests\bin\Debug\net5.0\Kitpymes.Core.Entities.Tests.dll" adapterTypeName="executor://mstestadapter/v2" className="Kitpymes.Core.Entities.ValueObjects.Tests.CurrencyTests" name="OperatorEqual_Passing_Valid_Values_Returns_True" />
    </UnitTest>
    <UnitTest name="OperatorNotEqual_Passing_Valid_Values_Returns_False (Esp añâ)" storage="d:\sferrari\01 - trabajo\repos\netcore\libs\template-netcore-entities\kitpymes.core.entities.tests\bin\debug\net5.0\kitpymes.core.entities.tests.dll" id="9175e478-1aa8-485c-b739-735fa5b6da72">
      <Execution id="20d06eb9-bf84-438d-9b49-7632e6e83eea" />
      <TestMethod codeBase="D:\SFERRARI\01 - TRABAJO\repos\netcore\libs\template-netcore-entities\Kitpymes.Core.Entities.Tests\bin\Debug\net5.0\Kitpymes.Core.Entities.Tests.dll" adapterTypeName="executor://mstestadapter/v2" className="Kitpymes.Core.Entities.ValueObjects.Tests.NameTests" name="OperatorNotEqual_Passing_Valid_Values_Returns_False" />
    </UnitTest>
    <UnitTest name="Create_Passing_Valid_Values_Returns_Address (400,USD,8)" storage="d:\sferrari\01 - trabajo\repos\netcore\libs\template-netcore-entities\kitpymes.core.entities.tests\bin\debug\net5.0\kitpymes.core.entities.tests.dll" id="3da46d7b-39f5-49e4-a6d7-617512218e00">
      <Execution id="5653fad3-c974-4c01-94ca-1152c882eb8b" />
      <TestMethod codeBase="D:\SFERRARI\01 - TRABAJO\repos\netcore\libs\template-netcore-entities\Kitpymes.Core.Entities.Tests\bin\Debug\net5.0\Kitpymes.Core.Entities.Tests.dll" adapterTypeName="executor://mstestadapter/v2" className="Kitpymes.Core.Entities.ValueObjects.Tests.MoneyTests" name="Create_Passing_Valid_Values_Returns_Address" />
    </UnitTest>
    <UnitTest name="ToEnum_Passing_Valid_String_ShortName_Enumeracion_Returns_Enumeracion" storage="d:\sferrari\01 - trabajo\repos\netcore\libs\template-netcore-entities\kitpymes.core.entities.tests\bin\debug\net5.0\kitpymes.core.entities.tests.dll" id="06323262-789b-40a5-b30c-f58806b5101f">
      <Execution id="7598eb68-9582-46db-b213-c30b13918d65" />
      <TestMethod codeBase="D:\SFERRARI\01 - TRABAJO\repos\netcore\libs\template-netcore-entities\Kitpymes.Core.Entities.Tests\bin\Debug\net5.0\Kitpymes.Core.Entities.Tests.dll" adapterTypeName="executor://mstestadapter/v2" className="Kitpymes.Core.Entities.Enumerations.Tests.CardTypeEnumTests" name="ToEnum_Passing_Valid_String_ShortName_Enumeracion_Returns_Enumeracion" />
    </UnitTest>
    <UnitTest name="Create_Passing_Valid_Values_Returns_Name (España)" storage="d:\sferrari\01 - trabajo\repos\netcore\libs\template-netcore-entities\kitpymes.core.entities.tests\bin\debug\net5.0\kitpymes.core.entities.tests.dll" id="116e01c1-5249-49ba-80a5-d0c757e0a37d">
      <Execution id="f6122539-7e66-4d4f-a1c7-e9ffdc1b1d9f" />
      <TestMethod codeBase="D:\SFERRARI\01 - TRABAJO\repos\netcore\libs\template-netcore-entities\Kitpymes.Core.Entities.Tests\bin\Debug\net5.0\Kitpymes.Core.Entities.Tests.dll" adapterTypeName="executor://mstestadapter/v2" className="Kitpymes.Core.Entities.ValueObjects.Tests.NameTests" name="Create_Passing_Valid_Values_Returns_Name" />
    </UnitTest>
    <UnitTest name="Create_Passing_InvalidOrNull_Value_Returns_ApplicationException ()" storage="d:\sferrari\01 - trabajo\repos\netcore\libs\template-netcore-entities\kitpymes.core.entities.tests\bin\debug\net5.0\kitpymes.core.entities.tests.dll" id="753376ba-fb18-4e4e-b6e9-68e71368fb14">
      <Execution id="3ba5fb0a-cfc4-4b6e-8b4f-da2cf75ce858" />
      <TestMethod codeBase="D:\SFERRARI\01 - TRABAJO\repos\netcore\libs\template-netcore-entities\Kitpymes.Core.Entities.Tests\bin\Debug\net5.0\Kitpymes.Core.Entities.Tests.dll" adapterTypeName="executor://mstestadapter/v2" className="Kitpymes.Core.Entities.ValueObjects.Tests.CurrencyTests" name="Create_Passing_InvalidOrNull_Value_Returns_ApplicationException" />
    </UnitTest>
    <UnitTest name="ToEnum_Passing_Valid_Bool_Value_Returns_Enumeracion" storage="d:\sferrari\01 - trabajo\repos\netcore\libs\template-netcore-entities\kitpymes.core.entities.tests\bin\debug\net5.0\kitpymes.core.entities.tests.dll" id="fde1721e-cbff-4dfc-8f31-ed21ae1e339a">
      <Execution id="8ecd6c18-a67c-46b2-af0e-1f3bf33325ef" />
      <TestMethod codeBase="D:\SFERRARI\01 - TRABAJO\repos\netcore\libs\template-netcore-entities\Kitpymes.Core.Entities.Tests\bin\Debug\net5.0\Kitpymes.Core.Entities.Tests.dll" adapterTypeName="executor://mstestadapter/v2" className="Kitpymes.Core.Entities.Enumerations.Tests.StatusEnumTests" name="ToEnum_Passing_Valid_Bool_Value_Returns_Enumeracion" />
    </UnitTest>
    <UnitTest name="ToString_Passing_Valid_Values_Returns_Name (Españç)" storage="d:\sferrari\01 - trabajo\repos\netcore\libs\template-netcore-entities\kitpymes.core.entities.tests\bin\debug\net5.0\kitpymes.core.entities.tests.dll" id="2b26bbcd-7828-443c-9f2a-63c9a64324a4">
      <Execution id="1fd5cbf2-d6cf-4bb2-9338-92a32558b549" />
      <TestMethod codeBase="D:\SFERRARI\01 - TRABAJO\repos\netcore\libs\template-netcore-entities\Kitpymes.Core.Entities.Tests\bin\Debug\net5.0\Kitpymes.Core.Entities.Tests.dll" adapterTypeName="executor://mstestadapter/v2" className="Kitpymes.Core.Entities.ValueObjects.Tests.NameTests" name="ToString_Passing_Valid_Values_Returns_Name" />
    </UnitTest>
    <UnitTest name="OperatorNotEqual_Passing_Valid_Values_Returns_False (456,43543543543)" storage="d:\sferrari\01 - trabajo\repos\netcore\libs\template-netcore-entities\kitpymes.core.entities.tests\bin\debug\net5.0\kitpymes.core.entities.tests.dll" id="0c36392d-02f0-4220-96f0-c3c57f8add09">
      <Execution id="c9a2e40b-afb6-48d6-8434-43c4fc35dc68" />
      <TestMethod codeBase="D:\SFERRARI\01 - TRABAJO\repos\netcore\libs\template-netcore-entities\Kitpymes.Core.Entities.Tests\bin\Debug\net5.0\Kitpymes.Core.Entities.Tests.dll" adapterTypeName="executor://mstestadapter/v2" className="Kitpymes.Core.Entities.ValueObjects.Tests.TelephoneTests" name="OperatorNotEqual_Passing_Valid_Values_Returns_False" />
    </UnitTest>
    <UnitTest name="Create_Passing_Valid_Values_Returns_Currency (EUR)" storage="d:\sferrari\01 - trabajo\repos\netcore\libs\template-netcore-entities\kitpymes.core.entities.tests\bin\debug\net5.0\kitpymes.core.entities.tests.dll" id="6f86adb5-4279-49c7-96ad-f4a3c3566376">
      <Execution id="dbae1c2a-bb1e-4408-a0f9-a60d3f18d1d3" />
      <TestMethod codeBase="D:\SFERRARI\01 - TRABAJO\repos\netcore\libs\template-netcore-entities\Kitpymes.Core.Entities.Tests\bin\Debug\net5.0\Kitpymes.Core.Entities.Tests.dll" adapterTypeName="executor://mstestadapter/v2" className="Kitpymes.Core.Entities.ValueObjects.Tests.CurrencyTests" name="Create_Passing_Valid_Values_Returns_Currency" />
    </UnitTest>
    <UnitTest name="Equals_Passing_Valid_Values_Returns_True (400,USD,8)" storage="d:\sferrari\01 - trabajo\repos\netcore\libs\template-netcore-entities\kitpymes.core.entities.tests\bin\debug\net5.0\kitpymes.core.entities.tests.dll" id="ee568b84-6c36-4f81-b2c8-f7c07781d6ed">
      <Execution id="959af462-6644-432c-81f6-7e0df7e80827" />
      <TestMethod codeBase="D:\SFERRARI\01 - TRABAJO\repos\netcore\libs\template-netcore-entities\Kitpymes.Core.Entities.Tests\bin\Debug\net5.0\Kitpymes.Core.Entities.Tests.dll" adapterTypeName="executor://mstestadapter/v2" className="Kitpymes.Core.Entities.ValueObjects.Tests.MoneyTests" name="Equals_Passing_Valid_Values_Returns_True" />
    </UnitTest>
    <UnitTest name="IsNull_Passing_Valid_Value_Returns_False (Esp añâ)" storage="d:\sferrari\01 - trabajo\repos\netcore\libs\template-netcore-entities\kitpymes.core.entities.tests\bin\debug\net5.0\kitpymes.core.entities.tests.dll" id="044c7762-ee8a-4431-bf00-4c3ae66e0f9e">
      <Execution id="e8af54ec-860e-4de6-aeab-d3e4f7eaaff3" />
      <TestMethod codeBase="D:\SFERRARI\01 - TRABAJO\repos\netcore\libs\template-netcore-entities\Kitpymes.Core.Entities.Tests\bin\Debug\net5.0\Kitpymes.Core.Entities.Tests.dll" adapterTypeName="executor://mstestadapter/v2" className="Kitpymes.Core.Entities.ValueObjects.Tests.NameTests" name="IsNull_Passing_Valid_Value_Returns_False" />
    </UnitTest>
    <UnitTest name="Equals_Passing_Valid_Distinct_Values_Returns_False (Españà)" storage="d:\sferrari\01 - trabajo\repos\netcore\libs\template-netcore-entities\kitpymes.core.entities.tests\bin\debug\net5.0\kitpymes.core.entities.tests.dll" id="d6859692-b02b-4496-a1f0-a52cb9013e5c">
      <Execution id="66da953b-8ca5-4d41-99e4-f6a61d39fe1d" />
      <TestMethod codeBase="D:\SFERRARI\01 - TRABAJO\repos\netcore\libs\template-netcore-entities\Kitpymes.Core.Entities.Tests\bin\Debug\net5.0\Kitpymes.Core.Entities.Tests.dll" adapterTypeName="executor://mstestadapter/v2" className="Kitpymes.Core.Entities.ValueObjects.Tests.NameTests" name="Equals_Passing_Valid_Distinct_Values_Returns_False" />
    </UnitTest>
    <UnitTest name="Create_Passing_InvalidOrNull_Value_Returns_ApplicationException ()" storage="d:\sferrari\01 - trabajo\repos\netcore\libs\template-netcore-entities\kitpymes.core.entities.tests\bin\debug\net5.0\kitpymes.core.entities.tests.dll" id="b3313af5-d9ca-4513-8c24-0f4f3aa55122">
      <Execution id="e38812df-efd1-4923-a18d-185c27450c4a" />
      <TestMethod codeBase="D:\SFERRARI\01 - TRABAJO\repos\netcore\libs\template-netcore-entities\Kitpymes.Core.Entities.Tests\bin\Debug\net5.0\Kitpymes.Core.Entities.Tests.dll" adapterTypeName="executor://mstestadapter/v2" className="Kitpymes.Core.Entities.ValueObjects.Tests.SubdomainTests" name="Create_Passing_InvalidOrNull_Value_Returns_ApplicationException" />
    </UnitTest>
    <UnitTest name="ToFullString_Passing_Valid_Values_Returns_Value_String_Format (San Bartoleme De Tirajana,Las Palmas,España)" storage="d:\sferrari\01 - trabajo\repos\netcore\libs\template-netcore-entities\kitpymes.core.entities.tests\bin\debug\net5.0\kitpymes.core.entities.tests.dll" id="56011318-2943-4d04-952a-60227c5acace">
      <Execution id="2ec41484-d1a8-41c1-8107-842bf5d12fe3" />
      <TestMethod codeBase="D:\SFERRARI\01 - TRABAJO\repos\netcore\libs\template-netcore-entities\Kitpymes.Core.Entities.Tests\bin\Debug\net5.0\Kitpymes.Core.Entities.Tests.dll" adapterTypeName="executor://mstestadapter/v2" className="Kitpymes.Core.Entities.ValueObjects.Tests.FullNameTests" name="ToFullString_Passing_Valid_Values_Returns_Value_String_Format" />
    </UnitTest>
    <UnitTest name="IsMasterCard_Passing_Nothing_Returns_True" storage="d:\sferrari\01 - trabajo\repos\netcore\libs\template-netcore-entities\kitpymes.core.entities.tests\bin\debug\net5.0\kitpymes.core.entities.tests.dll" id="5e4ad81c-0639-414c-a6de-412d6506c021">
      <Execution id="a9ce1e78-89d8-400e-a857-d87d94084331" />
      <TestMethod codeBase="D:\SFERRARI\01 - TRABAJO\repos\netcore\libs\template-netcore-entities\Kitpymes.Core.Entities.Tests\bin\Debug\net5.0\Kitpymes.Core.Entities.Tests.dll" adapterTypeName="executor://mstestadapter/v2" className="Kitpymes.Core.Entities.Enumerations.Tests.CardTypeEnumTests" name="IsMasterCard_Passing_Nothing_Returns_True" />
    </UnitTest>
    <UnitTest name="IsNull_Passing_Valid_Values_Returns_False (D45,86554654)" storage="d:\sferrari\01 - trabajo\repos\netcore\libs\template-netcore-entities\kitpymes.core.entities.tests\bin\debug\net5.0\kitpymes.core.entities.tests.dll" id="43aed03f-e6de-456d-a998-18c770d3dd77">
      <Execution id="476c071f-426d-4a5a-917d-f735c82199b0" />
      <TestMethod codeBase="D:\SFERRARI\01 - TRABAJO\repos\netcore\libs\template-netcore-entities\Kitpymes.Core.Entities.Tests\bin\Debug\net5.0\Kitpymes.Core.Entities.Tests.dll" adapterTypeName="executor://mstestadapter/v2" className="Kitpymes.Core.Entities.ValueObjects.Tests.TelephoneTests" name="IsNull_Passing_Valid_Values_Returns_False" />
    </UnitTest>
    <UnitTest name="OperatorNotEqual_Passing_Valid_Values_Returns_True (Sabadell)" storage="d:\sferrari\01 - trabajo\repos\netcore\libs\template-netcore-entities\kitpymes.core.entities.tests\bin\debug\net5.0\kitpymes.core.entities.tests.dll" id="d77247c4-8e58-44ec-8508-0c3cfde82e9b">
      <Execution id="4d5f2186-5c20-4863-af82-4d9f8527c2ae" />
      <TestMethod codeBase="D:\SFERRARI\01 - TRABAJO\repos\netcore\libs\template-netcore-entities\Kitpymes.Core.Entities.Tests\bin\Debug\net5.0\Kitpymes.Core.Entities.Tests.dll" adapterTypeName="executor://mstestadapter/v2" className="Kitpymes.Core.Entities.ValueObjects.Tests.StringIdTests" name="OperatorNotEqual_Passing_Valid_Values_Returns_True" />
    </UnitTest>
    <UnitTest name="Equals_Passing_Valid_Distinct_Values_Returns_False (100,EUR,2)" storage="d:\sferrari\01 - trabajo\repos\netcore\libs\template-netcore-entities\kitpymes.core.entities.tests\bin\debug\net5.0\kitpymes.core.entities.tests.dll" id="f8a06b48-59b1-4a2d-a0e5-e54d494aa7bc">
      <Execution id="ca2e78d0-1338-4efe-81a3-b18bb60e92e8" />
      <TestMethod codeBase="D:\SFERRARI\01 - TRABAJO\repos\netcore\libs\template-netcore-entities\Kitpymes.Core.Entities.Tests\bin\Debug\net5.0\Kitpymes.Core.Entities.Tests.dll" adapterTypeName="executor://mstestadapter/v2" className="Kitpymes.Core.Entities.ValueObjects.Tests.MoneyTests" name="Equals_Passing_Valid_Distinct_Values_Returns_False" />
    </UnitTest>
    <UnitTest name="Create_Passing_Valid_Values_Returns_FullName (Sabadell,Barcelona,España)" storage="d:\sferrari\01 - trabajo\repos\netcore\libs\template-netcore-entities\kitpymes.core.entities.tests\bin\debug\net5.0\kitpymes.core.entities.tests.dll" id="bdccf849-551a-4325-96e5-7ac24eeeab34">
      <Execution id="adb89b01-7cf5-420e-8cd7-000ed369dcff" />
      <TestMethod codeBase="D:\SFERRARI\01 - TRABAJO\repos\netcore\libs\template-netcore-entities\Kitpymes.Core.Entities.Tests\bin\Debug\net5.0\Kitpymes.Core.Entities.Tests.dll" adapterTypeName="executor://mstestadapter/v2" className="Kitpymes.Core.Entities.ValueObjects.Tests.FullNameTests" name="Create_Passing_Valid_Values_Returns_FullName" />
    </UnitTest>
    <UnitTest name="OperatorNotEqual_Passing_Valid_Values_Returns_True (Esp añâ)" storage="d:\sferrari\01 - trabajo\repos\netcore\libs\template-netcore-entities\kitpymes.core.entities.tests\bin\debug\net5.0\kitpymes.core.entities.tests.dll" id="fcca4c2a-78af-4f81-9dfb-723f52082f56">
      <Execution id="3644cf6d-faeb-4283-a028-cfd3e2b5f474" />
      <TestMethod codeBase="D:\SFERRARI\01 - TRABAJO\repos\netcore\libs\template-netcore-entities\Kitpymes.Core.Entities.Tests\bin\Debug\net5.0\Kitpymes.Core.Entities.Tests.dll" adapterTypeName="executor://mstestadapter/v2" className="Kitpymes.Core.Entities.ValueObjects.Tests.NameTests" name="OperatorNotEqual_Passing_Valid_Values_Returns_True" />
    </UnitTest>
    <UnitTest name="Equals_Passing_Valid_Values_Returns_True (Españâ)" storage="d:\sferrari\01 - trabajo\repos\netcore\libs\template-netcore-entities\kitpymes.core.entities.tests\bin\debug\net5.0\kitpymes.core.entities.tests.dll" id="e8ad46da-8771-47c6-afb6-5f6afabb6812">
      <Execution id="333f1bf7-6ef8-4ed3-b04c-d5ba7b5db1bb" />
      <TestMethod codeBase="D:\SFERRARI\01 - TRABAJO\repos\netcore\libs\template-netcore-entities\Kitpymes.Core.Entities.Tests\bin\Debug\net5.0\Kitpymes.Core.Entities.Tests.dll" adapterTypeName="executor://mstestadapter/v2" className="Kitpymes.Core.Entities.ValueObjects.Tests.NameTests" name="Equals_Passing_Valid_Values_Returns_True" />
    </UnitTest>
    <UnitTest name="OperatorNotEqual_Passing_Valid_Values_Returns_False (Sabadell)" storage="d:\sferrari\01 - trabajo\repos\netcore\libs\template-netcore-entities\kitpymes.core.entities.tests\bin\debug\net5.0\kitpymes.core.entities.tests.dll" id="0efe3570-a2bf-4427-a4e1-6c2c09c4ff8d">
      <Execution id="5ddaf68d-603e-4770-af4f-ba4d1eea6bf2" />
      <TestMethod codeBase="D:\SFERRARI\01 - TRABAJO\repos\netcore\libs\template-netcore-entities\Kitpymes.Core.Entities.Tests\bin\Debug\net5.0\Kitpymes.Core.Entities.Tests.dll" adapterTypeName="executor://mstestadapter/v2" className="Kitpymes.Core.Entities.ValueObjects.Tests.StringIdTests" name="OperatorNotEqual_Passing_Valid_Values_Returns_False" />
    </UnitTest>
    <UnitTest name="ToString_Passing_Valid_Values_Returns_Name (Españà)" storage="d:\sferrari\01 - trabajo\repos\netcore\libs\template-netcore-entities\kitpymes.core.entities.tests\bin\debug\net5.0\kitpymes.core.entities.tests.dll" id="6719bfb2-2e2f-4587-812d-dace98555be6">
      <Execution id="89043bb8-9e52-4b15-a130-457a600a520d" />
      <TestMethod codeBase="D:\SFERRARI\01 - TRABAJO\repos\netcore\libs\template-netcore-entities\Kitpymes.Core.Entities.Tests\bin\Debug\net5.0\Kitpymes.Core.Entities.Tests.dll" adapterTypeName="executor://mstestadapter/v2" className="Kitpymes.Core.Entities.ValueObjects.Tests.NameTests" name="ToString_Passing_Valid_Values_Returns_Name" />
    </UnitTest>
    <UnitTest name="ToEnum_Passing_Invalid_Int_Name_Enumeracion_Returns_Null" storage="d:\sferrari\01 - trabajo\repos\netcore\libs\template-netcore-entities\kitpymes.core.entities.tests\bin\debug\net5.0\kitpymes.core.entities.tests.dll" id="b9ef4d6e-1c04-4d61-aa5a-ae899f1d3a5f">
      <Execution id="83a14799-4973-44f2-8cdd-ea1b3eb4a542" />
      <TestMethod codeBase="D:\SFERRARI\01 - TRABAJO\repos\netcore\libs\template-netcore-entities\Kitpymes.Core.Entities.Tests\bin\Debug\net5.0\Kitpymes.Core.Entities.Tests.dll" adapterTypeName="executor://mstestadapter/v2" className="Kitpymes.Core.Entities.Enumerations.Tests.GenderTypeEnumTests" name="ToEnum_Passing_Invalid_Int_Name_Enumeracion_Returns_Null" />
    </UnitTest>
    <UnitTest name="Create_Passing_Valid_Values_Returns_Telephone (456,43543543543)" storage="d:\sferrari\01 - trabajo\repos\netcore\libs\template-netcore-entities\kitpymes.core.entities.tests\bin\debug\net5.0\kitpymes.core.entities.tests.dll" id="6cbd8f8c-449f-4347-a564-5e5871966376">
      <Execution id="02dfab90-2085-478c-b954-38a870b268c0" />
      <TestMethod codeBase="D:\SFERRARI\01 - TRABAJO\repos\netcore\libs\template-netcore-entities\Kitpymes.Core.Entities.Tests\bin\Debug\net5.0\Kitpymes.Core.Entities.Tests.dll" adapterTypeName="executor://mstestadapter/v2" className="Kitpymes.Core.Entities.ValueObjects.Tests.TelephoneTests" name="Create_Passing_Valid_Values_Returns_Telephone" />
    </UnitTest>
    <UnitTest name="Change_Passing_Valid_Values_Returns_Address (400,EUR,8)" storage="d:\sferrari\01 - trabajo\repos\netcore\libs\template-netcore-entities\kitpymes.core.entities.tests\bin\debug\net5.0\kitpymes.core.entities.tests.dll" id="c50d3e31-7312-43c8-9402-24c18e5eee2d">
      <Execution id="cd62d575-f939-40e8-9d6a-11e2a8b33e49" />
      <TestMethod codeBase="D:\SFERRARI\01 - TRABAJO\repos\netcore\libs\template-netcore-entities\Kitpymes.Core.Entities.Tests\bin\Debug\net5.0\Kitpymes.Core.Entities.Tests.dll" adapterTypeName="executor://mstestadapter/v2" className="Kitpymes.Core.Entities.ValueObjects.Tests.MoneyTests" name="Change_Passing_Valid_Values_Returns_Address" />
    </UnitTest>
    <UnitTest name="Create_Passing_Valid_Values_Returns_Name (Españã)" storage="d:\sferrari\01 - trabajo\repos\netcore\libs\template-netcore-entities\kitpymes.core.entities.tests\bin\debug\net5.0\kitpymes.core.entities.tests.dll" id="7ffc7b54-53e2-4cba-8127-140a7b097861">
      <Execution id="65ca7ab7-d18a-48af-9ba7-92bebabdba18" />
      <TestMethod codeBase="D:\SFERRARI\01 - TRABAJO\repos\netcore\libs\template-netcore-entities\Kitpymes.Core.Entities.Tests\bin\Debug\net5.0\Kitpymes.Core.Entities.Tests.dll" adapterTypeName="executor://mstestadapter/v2" className="Kitpymes.Core.Entities.ValueObjects.Tests.NameTests" name="Create_Passing_Valid_Values_Returns_Name" />
    </UnitTest>
    <UnitTest name="OperatorEqual_Passing_Valid_Values_Returns_True (Españà)" storage="d:\sferrari\01 - trabajo\repos\netcore\libs\template-netcore-entities\kitpymes.core.entities.tests\bin\debug\net5.0\kitpymes.core.entities.tests.dll" id="abb724c5-a856-44de-8ecc-6482284cc003">
      <Execution id="6a8d3e5d-4b54-4e63-a210-688d49236f9e" />
      <TestMethod codeBase="D:\SFERRARI\01 - TRABAJO\repos\netcore\libs\template-netcore-entities\Kitpymes.Core.Entities.Tests\bin\Debug\net5.0\Kitpymes.Core.Entities.Tests.dll" adapterTypeName="executor://mstestadapter/v2" className="Kitpymes.Core.Entities.ValueObjects.Tests.NameTests" name="OperatorEqual_Passing_Valid_Values_Returns_True" />
    </UnitTest>
    <UnitTest name="OperatorNotEqual_Passing_Valid_Values_Returns_True (Pader,789,DF7956,Sabadell,Barcelona,España)" storage="d:\sferrari\01 - trabajo\repos\netcore\libs\template-netcore-entities\kitpymes.core.entities.tests\bin\debug\net5.0\kitpymes.core.entities.tests.dll" id="969fd9ae-274d-4f6a-a85e-8c3d512c1cfa">
      <Execution id="3b378f5e-621d-4681-9460-604831a02b65" />
      <TestMethod codeBase="D:\SFERRARI\01 - TRABAJO\repos\netcore\libs\template-netcore-entities\Kitpymes.Core.Entities.Tests\bin\Debug\net5.0\Kitpymes.Core.Entities.Tests.dll" adapterTypeName="executor://mstestadapter/v2" className="Kitpymes.Core.Entities.ValueObjects.Tests.AddressTests" name="OperatorNotEqual_Passing_Valid_Values_Returns_True" />
    </UnitTest>
    <UnitTest name="IsNull_Passing_Valid_Address_Returns_False (Pader,789,DF7956,Sabadell,Barcelona,España)" storage="d:\sferrari\01 - trabajo\repos\netcore\libs\template-netcore-entities\kitpymes.core.entities.tests\bin\debug\net5.0\kitpymes.core.entities.tests.dll" id="d61692d8-c114-42ed-90a5-2c6ed746dcd5">
      <Execution id="1e6f8f5f-8e44-476c-bc3b-043c7a29c247" />
      <TestMethod codeBase="D:\SFERRARI\01 - TRABAJO\repos\netcore\libs\template-netcore-entities\Kitpymes.Core.Entities.Tests\bin\Debug\net5.0\Kitpymes.Core.Entities.Tests.dll" adapterTypeName="executor://mstestadapter/v2" className="Kitpymes.Core.Entities.ValueObjects.Tests.AddressTests" name="IsNull_Passing_Valid_Address_Returns_False" />
    </UnitTest>
    <UnitTest name="OperatorEqual_Passing_Valid_Values_Returns_True (100,EUR,2)" storage="d:\sferrari\01 - trabajo\repos\netcore\libs\template-netcore-entities\kitpymes.core.entities.tests\bin\debug\net5.0\kitpymes.core.entities.tests.dll" id="42ee7f55-97a2-4b33-9e93-ca8e1b55cbd2">
      <Execution id="804982d3-2db3-43b2-8519-f6f1fa3c5da9" />
      <TestMethod codeBase="D:\SFERRARI\01 - TRABAJO\repos\netcore\libs\template-netcore-entities\Kitpymes.Core.Entities.Tests\bin\Debug\net5.0\Kitpymes.Core.Entities.Tests.dll" adapterTypeName="executor://mstestadapter/v2" className="Kitpymes.Core.Entities.ValueObjects.Tests.MoneyTests" name="OperatorEqual_Passing_Valid_Values_Returns_True" />
    </UnitTest>
    <UnitTest name="IsNull_Passing_Valid_Value_Returns_False (Españç)" storage="d:\sferrari\01 - trabajo\repos\netcore\libs\template-netcore-entities\kitpymes.core.entities.tests\bin\debug\net5.0\kitpymes.core.entities.tests.dll" id="cb8c229a-4fd8-46be-8c08-02444bcb7b34">
      <Execution id="4322ff18-7730-446b-89c0-51860c40fb67" />
      <TestMethod codeBase="D:\SFERRARI\01 - TRABAJO\repos\netcore\libs\template-netcore-entities\Kitpymes.Core.Entities.Tests\bin\Debug\net5.0\Kitpymes.Core.Entities.Tests.dll" adapterTypeName="executor://mstestadapter/v2" className="Kitpymes.Core.Entities.ValueObjects.Tests.NameTests" name="IsNull_Passing_Valid_Value_Returns_False" />
    </UnitTest>
    <UnitTest name="ToString_Passing_Valid_Values_Returns_Name (Españä)" storage="d:\sferrari\01 - trabajo\repos\netcore\libs\template-netcore-entities\kitpymes.core.entities.tests\bin\debug\net5.0\kitpymes.core.entities.tests.dll" id="7bc3bbe8-fb05-49ac-85d0-34a6796f266d">
      <Execution id="4455b4ed-0608-4998-a838-02a0f48ab5fc" />
      <TestMethod codeBase="D:\SFERRARI\01 - TRABAJO\repos\netcore\libs\template-netcore-entities\Kitpymes.Core.Entities.Tests\bin\Debug\net5.0\Kitpymes.Core.Entities.Tests.dll" adapterTypeName="executor://mstestadapter/v2" className="Kitpymes.Core.Entities.ValueObjects.Tests.NameTests" name="ToString_Passing_Valid_Values_Returns_Name" />
    </UnitTest>
    <UnitTest name="Equals_Passing_Valid_Distinct_Values_Returns_False (dasdasd@dsasd.ff)" storage="d:\sferrari\01 - trabajo\repos\netcore\libs\template-netcore-entities\kitpymes.core.entities.tests\bin\debug\net5.0\kitpymes.core.entities.tests.dll" id="8b3fede7-0390-46df-99c3-8270a9c5d55c">
      <Execution id="64a80014-e995-45f8-835c-652d901278f1" />
      <TestMethod codeBase="D:\SFERRARI\01 - TRABAJO\repos\netcore\libs\template-netcore-entities\Kitpymes.Core.Entities.Tests\bin\Debug\net5.0\Kitpymes.Core.Entities.Tests.dll" adapterTypeName="executor://mstestadapter/v2" className="Kitpymes.Core.Entities.ValueObjects.Tests.EmailTests" name="Equals_Passing_Valid_Distinct_Values_Returns_False" />
    </UnitTest>
    <UnitTest name="ToEnum_Passing_Valid_IntName_Enumeracion_Returns_Enumeracion" storage="d:\sferrari\01 - trabajo\repos\netcore\libs\template-netcore-entities\kitpymes.core.entities.tests\bin\debug\net5.0\kitpymes.core.entities.tests.dll" id="afb97739-306d-4949-9c34-83a5a7830c8d">
      <Execution id="ce0d6eb8-a4cb-4714-8e87-cdd5e3b4c13b" />
      <TestMethod codeBase="D:\SFERRARI\01 - TRABAJO\repos\netcore\libs\template-netcore-entities\Kitpymes.Core.Entities.Tests\bin\Debug\net5.0\Kitpymes.Core.Entities.Tests.dll" adapterTypeName="executor://mstestadapter/v2" className="Kitpymes.Core.Entities.Enumerations.Tests.GenderTypeEnumTests" name="ToEnum_Passing_Valid_IntName_Enumeracion_Returns_Enumeracion" />
    </UnitTest>
    <UnitTest name="OperatorEqual_Passing_Valid_Distinct_Values_Returns_False (Sabadell,Barcelona,España)" storage="d:\sferrari\01 - trabajo\repos\netcore\libs\template-netcore-entities\kitpymes.core.entities.tests\bin\debug\net5.0\kitpymes.core.entities.tests.dll" id="5ff0c6d3-2039-44a8-936f-ad8e1c8bbc67">
      <Execution id="265d3604-9404-45be-8871-d1495c17e846" />
      <TestMethod codeBase="D:\SFERRARI\01 - TRABAJO\repos\netcore\libs\template-netcore-entities\Kitpymes.Core.Entities.Tests\bin\Debug\net5.0\Kitpymes.Core.Entities.Tests.dll" adapterTypeName="executor://mstestadapter/v2" className="Kitpymes.Core.Entities.ValueObjects.Tests.FullNameTests" name="OperatorEqual_Passing_Valid_Distinct_Values_Returns_False" />
    </UnitTest>
    <UnitTest name="OperatorEqual_Passing_Valid_Values_Returns_True (Españâ)" storage="d:\sferrari\01 - trabajo\repos\netcore\libs\template-netcore-entities\kitpymes.core.entities.tests\bin\debug\net5.0\kitpymes.core.entities.tests.dll" id="b20e26ba-af65-420a-880b-b34a439453ac">
      <Execution id="3a8bbf5a-a546-4dd4-bab9-c8db2d17739d" />
      <TestMethod codeBase="D:\SFERRARI\01 - TRABAJO\repos\netcore\libs\template-netcore-entities\Kitpymes.Core.Entities.Tests\bin\Debug\net5.0\Kitpymes.Core.Entities.Tests.dll" adapterTypeName="executor://mstestadapter/v2" className="Kitpymes.Core.Entities.ValueObjects.Tests.NameTests" name="OperatorEqual_Passing_Valid_Values_Returns_True" />
    </UnitTest>
    <UnitTest name="Equals_Passing_Valid_Values_Returns_True (EUR)" storage="d:\sferrari\01 - trabajo\repos\netcore\libs\template-netcore-entities\kitpymes.core.entities.tests\bin\debug\net5.0\kitpymes.core.entities.tests.dll" id="f81bec9d-ab67-46bf-9632-e1fdae1f962c">
      <Execution id="51d62f6d-cfdf-4a0e-8df7-7e6118f548f1" />
      <TestMethod codeBase="D:\SFERRARI\01 - TRABAJO\repos\netcore\libs\template-netcore-entities\Kitpymes.Core.Entities.Tests\bin\Debug\net5.0\Kitpymes.Core.Entities.Tests.dll" adapterTypeName="executor://mstestadapter/v2" className="Kitpymes.Core.Entities.ValueObjects.Tests.CurrencyTests" name="Equals_Passing_Valid_Values_Returns_True" />
    </UnitTest>
    <UnitTest name="Equals_Passing_Valid_Values_Returns_True (USD)" storage="d:\sferrari\01 - trabajo\repos\netcore\libs\template-netcore-entities\kitpymes.core.entities.tests\bin\debug\net5.0\kitpymes.core.entities.tests.dll" id="5385dfcb-2b78-4d95-a227-036814c4d95a">
      <Execution id="33117af0-ef32-4dc1-a837-58ee02639daf" />
      <TestMethod codeBase="D:\SFERRARI\01 - TRABAJO\repos\netcore\libs\template-netcore-entities\Kitpymes.Core.Entities.Tests\bin\Debug\net5.0\Kitpymes.Core.Entities.Tests.dll" adapterTypeName="executor://mstestadapter/v2" className="Kitpymes.Core.Entities.ValueObjects.Tests.CurrencyTests" name="Equals_Passing_Valid_Values_Returns_True" />
    </UnitTest>
    <UnitTest name="IsNull_Passing_Null_Address_Returns_True" storage="d:\sferrari\01 - trabajo\repos\netcore\libs\template-netcore-entities\kitpymes.core.entities.tests\bin\debug\net5.0\kitpymes.core.entities.tests.dll" id="aadb7627-7a17-407d-ba75-41c4d12679a1">
      <Execution id="fcd70f33-22b4-4629-a592-395f60bd4c01" />
      <TestMethod codeBase="D:\SFERRARI\01 - TRABAJO\repos\netcore\libs\template-netcore-entities\Kitpymes.Core.Entities.Tests\bin\Debug\net5.0\Kitpymes.Core.Entities.Tests.dll" adapterTypeName="executor://mstestadapter/v2" className="Kitpymes.Core.Entities.ValueObjects.Tests.AddressTests" name="IsNull_Passing_Null_Address_Returns_True" />
    </UnitTest>
    <UnitTest name="OperatorEqual_Passing_Valid_Values_Returns_True (Sabadell,Barcelona,España)" storage="d:\sferrari\01 - trabajo\repos\netcore\libs\template-netcore-entities\kitpymes.core.entities.tests\bin\debug\net5.0\kitpymes.core.entities.tests.dll" id="8047feb4-7b5c-4031-96b3-cd1c53b45989">
      <Execution id="c246c46d-d9fa-479d-bd41-7e20440caecc" />
      <TestMethod codeBase="D:\SFERRARI\01 - TRABAJO\repos\netcore\libs\template-netcore-entities\Kitpymes.Core.Entities.Tests\bin\Debug\net5.0\Kitpymes.Core.Entities.Tests.dll" adapterTypeName="executor://mstestadapter/v2" className="Kitpymes.Core.Entities.ValueObjects.Tests.FullNameTests" name="OperatorEqual_Passing_Valid_Values_Returns_True" />
    </UnitTest>
    <UnitTest name="Create_Passing_Valid_Values_Returns_Telephone (D45,86554654)" storage="d:\sferrari\01 - trabajo\repos\netcore\libs\template-netcore-entities\kitpymes.core.entities.tests\bin\debug\net5.0\kitpymes.core.entities.tests.dll" id="acfb0b3d-3bb5-4bc0-8e67-6eb47a256d9b">
      <Execution id="5ef85bf6-51ce-4a75-af2a-55758a0928f3" />
      <TestMethod codeBase="D:\SFERRARI\01 - TRABAJO\repos\netcore\libs\template-netcore-entities\Kitpymes.Core.Entities.Tests\bin\Debug\net5.0\Kitpymes.Core.Entities.Tests.dll" adapterTypeName="executor://mstestadapter/v2" className="Kitpymes.Core.Entities.ValueObjects.Tests.TelephoneTests" name="Create_Passing_Valid_Values_Returns_Telephone" />
    </UnitTest>
    <UnitTest name="Create_Passing_InvalidOrNull_Value_Returns_ApplicationException (34?fsds@sdd.yy)" storage="d:\sferrari\01 - trabajo\repos\netcore\libs\template-netcore-entities\kitpymes.core.entities.tests\bin\debug\net5.0\kitpymes.core.entities.tests.dll" id="1e43ba6e-156d-4d75-8e01-6856d21020f8">
      <Execution id="0677faed-796f-420a-aa6f-98661fcc9fc0" />
      <TestMethod codeBase="D:\SFERRARI\01 - TRABAJO\repos\netcore\libs\template-netcore-entities\Kitpymes.Core.Entities.Tests\bin\Debug\net5.0\Kitpymes.Core.Entities.Tests.dll" adapterTypeName="executor://mstestadapter/v2" className="Kitpymes.Core.Entities.ValueObjects.Tests.EmailTests" name="Create_Passing_InvalidOrNull_Value_Returns_ApplicationException" />
    </UnitTest>
    <UnitTest name="IsNull_Passing_Valid_Value_Returns_False (Tenerife)" storage="d:\sferrari\01 - trabajo\repos\netcore\libs\template-netcore-entities\kitpymes.core.entities.tests\bin\debug\net5.0\kitpymes.core.entities.tests.dll" id="13825124-55fd-4b80-98fe-c37811ad378c">
      <Execution id="c973c24c-cdc9-4937-82d7-b36687f757cf" />
      <TestMethod codeBase="D:\SFERRARI\01 - TRABAJO\repos\netcore\libs\template-netcore-entities\Kitpymes.Core.Entities.Tests\bin\Debug\net5.0\Kitpymes.Core.Entities.Tests.dll" adapterTypeName="executor://mstestadapter/v2" className="Kitpymes.Core.Entities.ValueObjects.Tests.StringIdTests" name="IsNull_Passing_Valid_Value_Returns_False" />
    </UnitTest>
    <UnitTest name="ToEnum_Passing_Invalid_Int_Name_Enumeracion_Returns_Null" storage="d:\sferrari\01 - trabajo\repos\netcore\libs\template-netcore-entities\kitpymes.core.entities.tests\bin\debug\net5.0\kitpymes.core.entities.tests.dll" id="7c116f67-c263-42ce-bfac-11161efc6afb">
      <Execution id="58a4409c-99d9-428a-81ac-da6574d20d08" />
      <TestMethod codeBase="D:\SFERRARI\01 - TRABAJO\repos\netcore\libs\template-netcore-entities\Kitpymes.Core.Entities.Tests\bin\Debug\net5.0\Kitpymes.Core.Entities.Tests.dll" adapterTypeName="executor://mstestadapter/v2" className="Kitpymes.Core.Entities.Enumerations.Tests.LogTypeEnumTests" name="ToEnum_Passing_Invalid_Int_Name_Enumeracion_Returns_Null" />
    </UnitTest>
    <UnitTest name="OperatorEqual_Passing_Valid_Distinct_Values_Returns_False (www.hackerone-com)" storage="d:\sferrari\01 - trabajo\repos\netcore\libs\template-netcore-entities\kitpymes.core.entities.tests\bin\debug\net5.0\kitpymes.core.entities.tests.dll" id="51997bff-5acd-4a3e-be56-7d3452d1550c">
      <Execution id="2b3bd7ba-b72d-4828-aebe-bc8904e296e2" />
      <TestMethod codeBase="D:\SFERRARI\01 - TRABAJO\repos\netcore\libs\template-netcore-entities\Kitpymes.Core.Entities.Tests\bin\Debug\net5.0\Kitpymes.Core.Entities.Tests.dll" adapterTypeName="executor://mstestadapter/v2" className="Kitpymes.Core.Entities.ValueObjects.Tests.SubdomainTests" name="OperatorEqual_Passing_Valid_Distinct_Values_Returns_False" />
    </UnitTest>
    <UnitTest name="ToNormalize_Passing_Valid_Values_Returns_Name_String_Format (Españâ,Espana)" storage="d:\sferrari\01 - trabajo\repos\netcore\libs\template-netcore-entities\kitpymes.core.entities.tests\bin\debug\net5.0\kitpymes.core.entities.tests.dll" id="fa36e288-5d37-4a2f-a7f7-626d22325246">
      <Execution id="9e07d1a7-f3bb-4454-9e89-da90f8f1ca51" />
      <TestMethod codeBase="D:\SFERRARI\01 - TRABAJO\repos\netcore\libs\template-netcore-entities\Kitpymes.Core.Entities.Tests\bin\Debug\net5.0\Kitpymes.Core.Entities.Tests.dll" adapterTypeName="executor://mstestadapter/v2" className="Kitpymes.Core.Entities.ValueObjects.Tests.NameTests" name="ToNormalize_Passing_Valid_Values_Returns_Name_String_Format" />
    </UnitTest>
    <UnitTest name="OperatorEqual_Passing_Valid_Distinct_Values_Returns_False (dasdasd@dsasd.ff)" storage="d:\sferrari\01 - trabajo\repos\netcore\libs\template-netcore-entities\kitpymes.core.entities.tests\bin\debug\net5.0\kitpymes.core.entities.tests.dll" id="47223ea8-c5bb-436d-934a-cdc9c50ee5b8">
      <Execution id="5337fba9-4825-49a0-a30a-7b8d1feb88bb" />
      <TestMethod codeBase="D:\SFERRARI\01 - TRABAJO\repos\netcore\libs\template-netcore-entities\Kitpymes.Core.Entities.Tests\bin\Debug\net5.0\Kitpymes.Core.Entities.Tests.dll" adapterTypeName="executor://mstestadapter/v2" className="Kitpymes.Core.Entities.ValueObjects.Tests.EmailTests" name="OperatorEqual_Passing_Valid_Distinct_Values_Returns_False" />
    </UnitTest>
    <UnitTest name="Create_Passing_InvalidOrNull_Value_Returns_ApplicationException (456,USD,-3)" storage="d:\sferrari\01 - trabajo\repos\netcore\libs\template-netcore-entities\kitpymes.core.entities.tests\bin\debug\net5.0\kitpymes.core.entities.tests.dll" id="0244a509-73f5-49fa-ac23-1fc18efc94f0">
      <Execution id="07948134-f6d9-44dc-8c74-42fe864f69d2" />
      <TestMethod codeBase="D:\SFERRARI\01 - TRABAJO\repos\netcore\libs\template-netcore-entities\Kitpymes.Core.Entities.Tests\bin\Debug\net5.0\Kitpymes.Core.Entities.Tests.dll" adapterTypeName="executor://mstestadapter/v2" className="Kitpymes.Core.Entities.ValueObjects.Tests.MoneyTests" name="Create_Passing_InvalidOrNull_Value_Returns_ApplicationException" />
    </UnitTest>
    <UnitTest name="IsNull_Passing_Valid_Values_Returns_False (456,43543543543)" storage="d:\sferrari\01 - trabajo\repos\netcore\libs\template-netcore-entities\kitpymes.core.entities.tests\bin\debug\net5.0\kitpymes.core.entities.tests.dll" id="bf3ccd49-b5e0-400b-a4cc-df098349a4d2">
      <Execution id="f29eb72d-fdba-4d42-99cd-c3fbf63468dc" />
      <TestMethod codeBase="D:\SFERRARI\01 - TRABAJO\repos\netcore\libs\template-netcore-entities\Kitpymes.Core.Entities.Tests\bin\Debug\net5.0\Kitpymes.Core.Entities.Tests.dll" adapterTypeName="executor://mstestadapter/v2" className="Kitpymes.Core.Entities.ValueObjects.Tests.TelephoneTests" name="IsNull_Passing_Valid_Values_Returns_False" />
    </UnitTest>
    <UnitTest name="ToNormalize_Passing_Valid_Values_Returns_Name_String_Format (Esp añâ,Esp ana)" storage="d:\sferrari\01 - trabajo\repos\netcore\libs\template-netcore-entities\kitpymes.core.entities.tests\bin\debug\net5.0\kitpymes.core.entities.tests.dll" id="a875c477-d249-4a7b-abf3-1536e4af83fe">
      <Execution id="3173854e-d9df-45ef-a413-a3172963aa48" />
      <TestMethod codeBase="D:\SFERRARI\01 - TRABAJO\repos\netcore\libs\template-netcore-entities\Kitpymes.Core.Entities.Tests\bin\Debug\net5.0\Kitpymes.Core.Entities.Tests.dll" adapterTypeName="executor://mstestadapter/v2" className="Kitpymes.Core.Entities.ValueObjects.Tests.NameTests" name="ToNormalize_Passing_Valid_Values_Returns_Name_String_Format" />
    </UnitTest>
    <UnitTest name="OperatorEqual_Passing_Valid_Values_Returns_True (San Bartoleme De Tirajana)" storage="d:\sferrari\01 - trabajo\repos\netcore\libs\template-netcore-entities\kitpymes.core.entities.tests\bin\debug\net5.0\kitpymes.core.entities.tests.dll" id="a0f61655-fd34-430e-88e9-b3f8a10ff385">
      <Execution id="2341145c-39ee-4a47-a38c-0263f153ba38" />
      <TestMethod codeBase="D:\SFERRARI\01 - TRABAJO\repos\netcore\libs\template-netcore-entities\Kitpymes.Core.Entities.Tests\bin\Debug\net5.0\Kitpymes.Core.Entities.Tests.dll" adapterTypeName="executor://mstestadapter/v2" className="Kitpymes.Core.Entities.ValueObjects.Tests.StringIdTests" name="OperatorEqual_Passing_Valid_Values_Returns_True" />
    </UnitTest>
    <UnitTest name="ToEnum_Passing_Invalid_String_Name_Enumeracion_Returns_Null" storage="d:\sferrari\01 - trabajo\repos\netcore\libs\template-netcore-entities\kitpymes.core.entities.tests\bin\debug\net5.0\kitpymes.core.entities.tests.dll" id="997c15c8-2882-4137-bda4-06866dc7bbce">
      <Execution id="626724d9-225d-4caa-9a49-995bad5dbd17" />
      <TestMethod codeBase="D:\SFERRARI\01 - TRABAJO\repos\netcore\libs\template-netcore-entities\Kitpymes.Core.Entities.Tests\bin\Debug\net5.0\Kitpymes.Core.Entities.Tests.dll" adapterTypeName="executor://mstestadapter/v2" className="Kitpymes.Core.Entities.Enumerations.Tests.CardTypeEnumTests" name="ToEnum_Passing_Invalid_String_Name_Enumeracion_Returns_Null" />
    </UnitTest>
    <UnitTest name="Create_Passing_Valid_Values_Returns_StringId (Tenerife)" storage="d:\sferrari\01 - trabajo\repos\netcore\libs\template-netcore-entities\kitpymes.core.entities.tests\bin\debug\net5.0\kitpymes.core.entities.tests.dll" id="bf5329fe-5e6a-4e47-9ef4-466afa7e7d64">
      <Execution id="67b1ddad-8490-4c46-96d6-ea86c3054a9e" />
      <TestMethod codeBase="D:\SFERRARI\01 - TRABAJO\repos\netcore\libs\template-netcore-entities\Kitpymes.Core.Entities.Tests\bin\Debug\net5.0\Kitpymes.Core.Entities.Tests.dll" adapterTypeName="executor://mstestadapter/v2" className="Kitpymes.Core.Entities.ValueObjects.Tests.StringIdTests" name="Create_Passing_Valid_Values_Returns_StringId" />
    </UnitTest>
    <UnitTest name="Equals_Passing_Valid_Values_Returns_True (San Bartoleme De Tirajana)" storage="d:\sferrari\01 - trabajo\repos\netcore\libs\template-netcore-entities\kitpymes.core.entities.tests\bin\debug\net5.0\kitpymes.core.entities.tests.dll" id="bbff1a8c-0aa3-4386-b82d-d66051754c07">
      <Execution id="e6007a71-50f9-44e0-aa03-ddb942d18669" />
      <TestMethod codeBase="D:\SFERRARI\01 - TRABAJO\repos\netcore\libs\template-netcore-entities\Kitpymes.Core.Entities.Tests\bin\Debug\net5.0\Kitpymes.Core.Entities.Tests.dll" adapterTypeName="executor://mstestadapter/v2" className="Kitpymes.Core.Entities.ValueObjects.Tests.StringIdTests" name="Equals_Passing_Valid_Values_Returns_True" />
    </UnitTest>
    <UnitTest name="Equals_Passing_Valid_Distinct_Values_Returns_False (200,EUR,4)" storage="d:\sferrari\01 - trabajo\repos\netcore\libs\template-netcore-entities\kitpymes.core.entities.tests\bin\debug\net5.0\kitpymes.core.entities.tests.dll" id="bb75074c-1d0c-40e8-aff5-d2d59998fc21">
      <Execution id="fca72531-3390-4a2f-86b8-9728796a6448" />
      <TestMethod codeBase="D:\SFERRARI\01 - TRABAJO\repos\netcore\libs\template-netcore-entities\Kitpymes.Core.Entities.Tests\bin\Debug\net5.0\Kitpymes.Core.Entities.Tests.dll" adapterTypeName="executor://mstestadapter/v2" className="Kitpymes.Core.Entities.ValueObjects.Tests.MoneyTests" name="Equals_Passing_Valid_Distinct_Values_Returns_False" />
    </UnitTest>
    <UnitTest name="Create_Passing_InvalidOrNull_Value_Returns_ApplicationException (,Barcelona,España)" storage="d:\sferrari\01 - trabajo\repos\netcore\libs\template-netcore-entities\kitpymes.core.entities.tests\bin\debug\net5.0\kitpymes.core.entities.tests.dll" id="1529e3e9-3864-4473-9e64-8b317873e598">
      <Execution id="1e388704-0a5a-480b-b057-81a005ad1d84" />
      <TestMethod codeBase="D:\SFERRARI\01 - TRABAJO\repos\netcore\libs\template-netcore-entities\Kitpymes.Core.Entities.Tests\bin\Debug\net5.0\Kitpymes.Core.Entities.Tests.dll" adapterTypeName="executor://mstestadapter/v2" className="Kitpymes.Core.Entities.ValueObjects.Tests.FullNameTests" name="Create_Passing_InvalidOrNull_Value_Returns_ApplicationException" />
    </UnitTest>
    <UnitTest name="Equals_Passing_Valid_Distinct_Values_Returns_False (EUR)" storage="d:\sferrari\01 - trabajo\repos\netcore\libs\template-netcore-entities\kitpymes.core.entities.tests\bin\debug\net5.0\kitpymes.core.entities.tests.dll" id="4441aa6a-5806-4c50-8f6f-28ce94c6529f">
      <Execution id="46d80178-0579-4cbc-8d15-b9f203a25f2d" />
      <TestMethod codeBase="D:\SFERRARI\01 - TRABAJO\repos\netcore\libs\template-netcore-entities\Kitpymes.Core.Entities.Tests\bin\Debug\net5.0\Kitpymes.Core.Entities.Tests.dll" adapterTypeName="executor://mstestadapter/v2" className="Kitpymes.Core.Entities.ValueObjects.Tests.CurrencyTests" name="Equals_Passing_Valid_Distinct_Values_Returns_False" />
    </UnitTest>
    <UnitTest name="OperatorNotEqual_Passing_Valid_Values_Returns_False (100,EUR,2)" storage="d:\sferrari\01 - trabajo\repos\netcore\libs\template-netcore-entities\kitpymes.core.entities.tests\bin\debug\net5.0\kitpymes.core.entities.tests.dll" id="e3223831-27a3-4c1b-8647-2c5422f22c5f">
      <Execution id="cc86c882-9e35-4522-abd7-04b232e9d115" />
      <TestMethod codeBase="D:\SFERRARI\01 - TRABAJO\repos\netcore\libs\template-netcore-entities\Kitpymes.Core.Entities.Tests\bin\Debug\net5.0\Kitpymes.Core.Entities.Tests.dll" adapterTypeName="executor://mstestadapter/v2" className="Kitpymes.Core.Entities.ValueObjects.Tests.MoneyTests" name="OperatorNotEqual_Passing_Valid_Values_Returns_False" />
    </UnitTest>
    <UnitTest name="OperatorEqual_Passing_Valid_Distinct_Values_Returns_False (EUR)" storage="d:\sferrari\01 - trabajo\repos\netcore\libs\template-netcore-entities\kitpymes.core.entities.tests\bin\debug\net5.0\kitpymes.core.entities.tests.dll" id="f4350b81-601a-47f5-a337-d6f642b254f4">
      <Execution id="12fb894a-8a40-423f-ad2e-bc0ab904c109" />
      <TestMethod codeBase="D:\SFERRARI\01 - TRABAJO\repos\netcore\libs\template-netcore-entities\Kitpymes.Core.Entities.Tests\bin\Debug\net5.0\Kitpymes.Core.Entities.Tests.dll" adapterTypeName="executor://mstestadapter/v2" className="Kitpymes.Core.Entities.ValueObjects.Tests.CurrencyTests" name="OperatorEqual_Passing_Valid_Distinct_Values_Returns_False" />
    </UnitTest>
    <UnitTest name="Create_Passing_InvalidOrNull_Value_Returns_ApplicationException (,789,DF7956,Sabadell,Barcelona,España)" storage="d:\sferrari\01 - trabajo\repos\netcore\libs\template-netcore-entities\kitpymes.core.entities.tests\bin\debug\net5.0\kitpymes.core.entities.tests.dll" id="6d476c6c-ee35-4a69-abf9-463d865f92bb">
      <Execution id="4f899317-1e12-4cc3-965b-1da7dc5b869e" />
      <TestMethod codeBase="D:\SFERRARI\01 - TRABAJO\repos\netcore\libs\template-netcore-entities\Kitpymes.Core.Entities.Tests\bin\Debug\net5.0\Kitpymes.Core.Entities.Tests.dll" adapterTypeName="executor://mstestadapter/v2" className="Kitpymes.Core.Entities.ValueObjects.Tests.AddressTests" name="Create_Passing_InvalidOrNull_Value_Returns_ApplicationException" />
    </UnitTest>
    <UnitTest name="ToEnum_Passing_Valid_String_Name_Enumeracion_Returns_Enumeracion" storage="d:\sferrari\01 - trabajo\repos\netcore\libs\template-netcore-entities\kitpymes.core.entities.tests\bin\debug\net5.0\kitpymes.core.entities.tests.dll" id="dc9a2e00-2a40-488c-94aa-0811c1d7d88e">
      <Execution id="08d3ffe8-b546-4bb5-a775-7085e173a53e" />
      <TestMethod codeBase="D:\SFERRARI\01 - TRABAJO\repos\netcore\libs\template-netcore-entities\Kitpymes.Core.Entities.Tests\bin\Debug\net5.0\Kitpymes.Core.Entities.Tests.dll" adapterTypeName="executor://mstestadapter/v2" className="Kitpymes.Core.Entities.Enumerations.Tests.GenderTypeEnumTests" name="ToEnum_Passing_Valid_String_Name_Enumeracion_Returns_Enumeracion" />
    </UnitTest>
    <UnitTest name="OperatorNotEqual_Passing_Valid_Values_Returns_False (Españã)" storage="d:\sferrari\01 - trabajo\repos\netcore\libs\template-netcore-entities\kitpymes.core.entities.tests\bin\debug\net5.0\kitpymes.core.entities.tests.dll" id="25b0036f-41a1-4323-9dd8-27373ae0dbc5">
      <Execution id="e7cde2f8-c401-4add-8f5f-247b25720c59" />
      <TestMethod codeBase="D:\SFERRARI\01 - TRABAJO\repos\netcore\libs\template-netcore-entities\Kitpymes.Core.Entities.Tests\bin\Debug\net5.0\Kitpymes.Core.Entities.Tests.dll" adapterTypeName="executor://mstestadapter/v2" className="Kitpymes.Core.Entities.ValueObjects.Tests.NameTests" name="OperatorNotEqual_Passing_Valid_Values_Returns_False" />
    </UnitTest>
    <UnitTest name="Equals_Passing_Valid_Values_Returns_True (Esp añâ)" storage="d:\sferrari\01 - trabajo\repos\netcore\libs\template-netcore-entities\kitpymes.core.entities.tests\bin\debug\net5.0\kitpymes.core.entities.tests.dll" id="1467506f-6951-4eb6-a4b8-a200dcb75213">
      <Execution id="0b1fef3c-a0fe-4013-9662-7bfad5ee4472" />
      <TestMethod codeBase="D:\SFERRARI\01 - TRABAJO\repos\netcore\libs\template-netcore-entities\Kitpymes.Core.Entities.Tests\bin\Debug\net5.0\Kitpymes.Core.Entities.Tests.dll" adapterTypeName="executor://mstestadapter/v2" className="Kitpymes.Core.Entities.ValueObjects.Tests.NameTests" name="Equals_Passing_Valid_Values_Returns_True" />
    </UnitTest>
    <UnitTest name="OperatorEqual_Passing_Valid_Distinct_Values_Returns_False (Esp añâ)" storage="d:\sferrari\01 - trabajo\repos\netcore\libs\template-netcore-entities\kitpymes.core.entities.tests\bin\debug\net5.0\kitpymes.core.entities.tests.dll" id="5d0ac45c-337f-4185-905b-f071768fa09b">
      <Execution id="36bb61ab-8a3d-4ece-a99c-ec9241e12e91" />
      <TestMethod codeBase="D:\SFERRARI\01 - TRABAJO\repos\netcore\libs\template-netcore-entities\Kitpymes.Core.Entities.Tests\bin\Debug\net5.0\Kitpymes.Core.Entities.Tests.dll" adapterTypeName="executor://mstestadapter/v2" className="Kitpymes.Core.Entities.ValueObjects.Tests.NameTests" name="OperatorEqual_Passing_Valid_Distinct_Values_Returns_False" />
    </UnitTest>
    <UnitTest name="OperatorEqual_Passing_Valid_Values_Returns_True (España)" storage="d:\sferrari\01 - trabajo\repos\netcore\libs\template-netcore-entities\kitpymes.core.entities.tests\bin\debug\net5.0\kitpymes.core.entities.tests.dll" id="7173e509-4d44-43a7-844b-8425c257fca0">
      <Execution id="c9283ac3-cd87-4e1d-85fd-45751ecf7c8d" />
      <TestMethod codeBase="D:\SFERRARI\01 - TRABAJO\repos\netcore\libs\template-netcore-entities\Kitpymes.Core.Entities.Tests\bin\Debug\net5.0\Kitpymes.Core.Entities.Tests.dll" adapterTypeName="executor://mstestadapter/v2" className="Kitpymes.Core.Entities.ValueObjects.Tests.NameTests" name="OperatorEqual_Passing_Valid_Values_Returns_True" />
    </UnitTest>
    <UnitTest name="OperatorEqual_Passing_Valid_Distinct_Values_Returns_False (Españç)" storage="d:\sferrari\01 - trabajo\repos\netcore\libs\template-netcore-entities\kitpymes.core.entities.tests\bin\debug\net5.0\kitpymes.core.entities.tests.dll" id="e1bcfbb4-1ddf-47ef-a8f4-51114f66ceb2">
      <Execution id="bfec55a4-bead-4ab6-bfbd-c890987fbb2b" />
      <TestMethod codeBase="D:\SFERRARI\01 - TRABAJO\repos\netcore\libs\template-netcore-entities\Kitpymes.Core.Entities.Tests\bin\Debug\net5.0\Kitpymes.Core.Entities.Tests.dll" adapterTypeName="executor://mstestadapter/v2" className="Kitpymes.Core.Entities.ValueObjects.Tests.NameTests" name="OperatorEqual_Passing_Valid_Distinct_Values_Returns_False" />
    </UnitTest>
    <UnitTest name="OperatorEqual_Passing_Valid_Values_Returns_True (Tenerife,23,34567,San Bartoleme De Tirajana,Las Palmas,España)" storage="d:\sferrari\01 - trabajo\repos\netcore\libs\template-netcore-entities\kitpymes.core.entities.tests\bin\debug\net5.0\kitpymes.core.entities.tests.dll" id="5c562bcf-438e-42d5-8e63-2dbaaedd19e5">
      <Execution id="61274511-4655-4431-b0b3-9e297ca3194a" />
      <TestMethod codeBase="D:\SFERRARI\01 - TRABAJO\repos\netcore\libs\template-netcore-entities\Kitpymes.Core.Entities.Tests\bin\Debug\net5.0\Kitpymes.Core.Entities.Tests.dll" adapterTypeName="executor://mstestadapter/v2" className="Kitpymes.Core.Entities.ValueObjects.Tests.AddressTests" name="OperatorEqual_Passing_Valid_Values_Returns_True" />
    </UnitTest>
    <UnitTest name="Create_Passing_InvalidOrNull_Value_Returns_ApplicationException ()" storage="d:\sferrari\01 - trabajo\repos\netcore\libs\template-netcore-entities\kitpymes.core.entities.tests\bin\debug\net5.0\kitpymes.core.entities.tests.dll" id="69997ed2-8188-4c41-8998-a905b39bca11">
      <Execution id="5fa168fd-54c5-41f9-af70-1bcc00dfd36e" />
      <TestMethod codeBase="D:\SFERRARI\01 - TRABAJO\repos\netcore\libs\template-netcore-entities\Kitpymes.Core.Entities.Tests\bin\Debug\net5.0\Kitpymes.Core.Entities.Tests.dll" adapterTypeName="executor://mstestadapter/v2" className="Kitpymes.Core.Entities.ValueObjects.Tests.NameTests" name="Create_Passing_InvalidOrNull_Value_Returns_ApplicationException" />
    </UnitTest>
    <UnitTest name="OperatorEqual_Passing_Valid_Values_Returns_True (San Bartoleme De Tirajana,Las Palmas,España)" storage="d:\sferrari\01 - trabajo\repos\netcore\libs\template-netcore-entities\kitpymes.core.entities.tests\bin\debug\net5.0\kitpymes.core.entities.tests.dll" id="664967fe-421b-41a9-988a-2e7d070402d1">
      <Execution id="8f227e8b-f10b-4adc-aef5-32b5aba7bade" />
      <TestMethod codeBase="D:\SFERRARI\01 - TRABAJO\repos\netcore\libs\template-netcore-entities\Kitpymes.Core.Entities.Tests\bin\Debug\net5.0\Kitpymes.Core.Entities.Tests.dll" adapterTypeName="executor://mstestadapter/v2" className="Kitpymes.Core.Entities.ValueObjects.Tests.FullNameTests" name="OperatorEqual_Passing_Valid_Values_Returns_True" />
    </UnitTest>
    <UnitTest name="IsNull_Passing_Valid_Value_Returns_False (Españá)" storage="d:\sferrari\01 - trabajo\repos\netcore\libs\template-netcore-entities\kitpymes.core.entities.tests\bin\debug\net5.0\kitpymes.core.entities.tests.dll" id="5cf67e9c-14e0-4097-9080-ef9c98253084">
      <Execution id="a3e54f24-3fc5-4698-af9b-b174fbf3e531" />
      <TestMethod codeBase="D:\SFERRARI\01 - TRABAJO\repos\netcore\libs\template-netcore-entities\Kitpymes.Core.Entities.Tests\bin\Debug\net5.0\Kitpymes.Core.Entities.Tests.dll" adapterTypeName="executor://mstestadapter/v2" className="Kitpymes.Core.Entities.ValueObjects.Tests.NameTests" name="IsNull_Passing_Valid_Value_Returns_False" />
    </UnitTest>
    <UnitTest name="OperatorNotEqual_Passing_Valid_Values_Returns_False (Españâ)" storage="d:\sferrari\01 - trabajo\repos\netcore\libs\template-netcore-entities\kitpymes.core.entities.tests\bin\debug\net5.0\kitpymes.core.entities.tests.dll" id="6fcc144f-43d2-4ae4-99ea-4f74985c51f5">
      <Execution id="354dc68a-03ad-4238-b263-0df505bcdc7d" />
      <TestMethod codeBase="D:\SFERRARI\01 - TRABAJO\repos\netcore\libs\template-netcore-entities\Kitpymes.Core.Entities.Tests\bin\Debug\net5.0\Kitpymes.Core.Entities.Tests.dll" adapterTypeName="executor://mstestadapter/v2" className="Kitpymes.Core.Entities.ValueObjects.Tests.NameTests" name="OperatorNotEqual_Passing_Valid_Values_Returns_False" />
    </UnitTest>
    <UnitTest name="Change_Passing_Valid_Values_Returns_Telephone" storage="d:\sferrari\01 - trabajo\repos\netcore\libs\template-netcore-entities\kitpymes.core.entities.tests\bin\debug\net5.0\kitpymes.core.entities.tests.dll" id="48bba157-28f6-4248-a612-b21a77871bae">
      <Execution id="4ac0782c-2446-4829-890f-b7f6be8ad0e8" />
      <TestMethod codeBase="D:\SFERRARI\01 - TRABAJO\repos\netcore\libs\template-netcore-entities\Kitpymes.Core.Entities.Tests\bin\Debug\net5.0\Kitpymes.Core.Entities.Tests.dll" adapterTypeName="executor://mstestadapter/v2" className="Kitpymes.Core.Entities.ValueObjects.Tests.TelephoneTests" name="Change_Passing_Valid_Values_Returns_Telephone" />
    </UnitTest>
    <UnitTest name="Equals_Passing_Valid_Distinct_Values_Returns_False (San Bartoleme De Tirajana)" storage="d:\sferrari\01 - trabajo\repos\netcore\libs\template-netcore-entities\kitpymes.core.entities.tests\bin\debug\net5.0\kitpymes.core.entities.tests.dll" id="d3afc803-fa89-44b3-96a1-96f2a133da73">
      <Execution id="e6728947-c44f-433a-8816-1cf401859303" />
      <TestMethod codeBase="D:\SFERRARI\01 - TRABAJO\repos\netcore\libs\template-netcore-entities\Kitpymes.Core.Entities.Tests\bin\Debug\net5.0\Kitpymes.Core.Entities.Tests.dll" adapterTypeName="executor://mstestadapter/v2" className="Kitpymes.Core.Entities.ValueObjects.Tests.StringIdTests" name="Equals_Passing_Valid_Distinct_Values_Returns_False" />
    </UnitTest>
    <UnitTest name="Equals_Passing_Valid_Values_Returns_True (dasdasd@dsasd.ff)" storage="d:\sferrari\01 - trabajo\repos\netcore\libs\template-netcore-entities\kitpymes.core.entities.tests\bin\debug\net5.0\kitpymes.core.entities.tests.dll" id="64639626-d292-4a7f-bb9b-e9826f72fd31">
      <Execution id="72ad5849-177a-4d01-9ca8-a12d846cb52d" />
      <TestMethod codeBase="D:\SFERRARI\01 - TRABAJO\repos\netcore\libs\template-netcore-entities\Kitpymes.Core.Entities.Tests\bin\Debug\net5.0\Kitpymes.Core.Entities.Tests.dll" adapterTypeName="executor://mstestadapter/v2" className="Kitpymes.Core.Entities.ValueObjects.Tests.EmailTests" name="Equals_Passing_Valid_Values_Returns_True" />
    </UnitTest>
    <UnitTest name="IsNull_Passing_Valid_Value_Returns_False (Españã)" storage="d:\sferrari\01 - trabajo\repos\netcore\libs\template-netcore-entities\kitpymes.core.entities.tests\bin\debug\net5.0\kitpymes.core.entities.tests.dll" id="51a25d2f-a724-4a75-8ef7-3265b64e873d">
      <Execution id="14a9a2b1-c5e4-4900-ab27-2e3bec7108ce" />
      <TestMethod codeBase="D:\SFERRARI\01 - TRABAJO\repos\netcore\libs\template-netcore-entities\Kitpymes.Core.Entities.Tests\bin\Debug\net5.0\Kitpymes.Core.Entities.Tests.dll" adapterTypeName="executor://mstestadapter/v2" className="Kitpymes.Core.Entities.ValueObjects.Tests.NameTests" name="IsNull_Passing_Valid_Value_Returns_False" />
    </UnitTest>
    <UnitTest name="IsNull_Passing_Valid_Value_Returns_False (34fsds@sdd.fgg)" storage="d:\sferrari\01 - trabajo\repos\netcore\libs\template-netcore-entities\kitpymes.core.entities.tests\bin\debug\net5.0\kitpymes.core.entities.tests.dll" id="189875e6-82b7-4553-8ece-5cf9d6fb2abc">
      <Execution id="800496fc-864e-4563-b99b-60f4b6936d4a" />
      <TestMethod codeBase="D:\SFERRARI\01 - TRABAJO\repos\netcore\libs\template-netcore-entities\Kitpymes.Core.Entities.Tests\bin\Debug\net5.0\Kitpymes.Core.Entities.Tests.dll" adapterTypeName="executor://mstestadapter/v2" className="Kitpymes.Core.Entities.ValueObjects.Tests.EmailTests" name="IsNull_Passing_Valid_Value_Returns_False" />
    </UnitTest>
    <UnitTest name="ToEnum_Passing_Invalid_String_Name_Enumeracion_Returns_Null" storage="d:\sferrari\01 - trabajo\repos\netcore\libs\template-netcore-entities\kitpymes.core.entities.tests\bin\debug\net5.0\kitpymes.core.entities.tests.dll" id="facb57e9-9699-48c5-bc5c-1c02e5328e7e">
      <Execution id="9d447637-0b52-4268-9498-173f234b4ad2" />
      <TestMethod codeBase="D:\SFERRARI\01 - TRABAJO\repos\netcore\libs\template-netcore-entities\Kitpymes.Core.Entities.Tests\bin\Debug\net5.0\Kitpymes.Core.Entities.Tests.dll" adapterTypeName="executor://mstestadapter/v2" className="Kitpymes.Core.Entities.Enumerations.Tests.SubscriptionEnumTests" name="ToEnum_Passing_Invalid_String_Name_Enumeracion_Returns_Null" />
    </UnitTest>
    <UnitTest name="Change_Passing_Valid_Values_Returns_Email (bbbs@bbb.bbb,ppp@ppp.ppp)" storage="d:\sferrari\01 - trabajo\repos\netcore\libs\template-netcore-entities\kitpymes.core.entities.tests\bin\debug\net5.0\kitpymes.core.entities.tests.dll" id="ebca2c24-add6-4804-adfb-ebf90fe8517b">
      <Execution id="feba8156-ddf9-4737-8faa-28bbfff5c3c3" />
      <TestMethod codeBase="D:\SFERRARI\01 - TRABAJO\repos\netcore\libs\template-netcore-entities\Kitpymes.Core.Entities.Tests\bin\Debug\net5.0\Kitpymes.Core.Entities.Tests.dll" adapterTypeName="executor://mstestadapter/v2" className="Kitpymes.Core.Entities.ValueObjects.Tests.EmailTests" name="Change_Passing_Valid_Values_Returns_Email" />
    </UnitTest>
    <UnitTest name="OperatorNotEqual_Passing_Valid_Values_Returns_True (España)" storage="d:\sferrari\01 - trabajo\repos\netcore\libs\template-netcore-entities\kitpymes.core.entities.tests\bin\debug\net5.0\kitpymes.core.entities.tests.dll" id="1fce4088-b6b6-4e5d-a9b6-e077af609c44">
      <Execution id="2748bd69-8829-4c81-97bf-59cc25f70c88" />
      <TestMethod codeBase="D:\SFERRARI\01 - TRABAJO\repos\netcore\libs\template-netcore-entities\Kitpymes.Core.Entities.Tests\bin\Debug\net5.0\Kitpymes.Core.Entities.Tests.dll" adapterTypeName="executor://mstestadapter/v2" className="Kitpymes.Core.Entities.ValueObjects.Tests.NameTests" name="OperatorNotEqual_Passing_Valid_Values_Returns_True" />
    </UnitTest>
    <UnitTest name="OperatorNotEqual_Passing_Valid_Values_Returns_False (San Bartoleme De Tirajana,Las Palmas,España)" storage="d:\sferrari\01 - trabajo\repos\netcore\libs\template-netcore-entities\kitpymes.core.entities.tests\bin\debug\net5.0\kitpymes.core.entities.tests.dll" id="10c7f650-85d1-4bb2-864c-af698da7b650">
      <Execution id="9c8a8ea9-d0bf-48a5-b48a-bdcf1663372c" />
      <TestMethod codeBase="D:\SFERRARI\01 - TRABAJO\repos\netcore\libs\template-netcore-entities\Kitpymes.Core.Entities.Tests\bin\Debug\net5.0\Kitpymes.Core.Entities.Tests.dll" adapterTypeName="executor://mstestadapter/v2" className="Kitpymes.Core.Entities.ValueObjects.Tests.FullNameTests" name="OperatorNotEqual_Passing_Valid_Values_Returns_False" />
    </UnitTest>
    <UnitTest name="Change_Passing_Valid_Values_Returns_Address" storage="d:\sferrari\01 - trabajo\repos\netcore\libs\template-netcore-entities\kitpymes.core.entities.tests\bin\debug\net5.0\kitpymes.core.entities.tests.dll" id="3030a71a-fda0-4771-bb9d-f50fe283aa6a">
      <Execution id="26f6bb40-381b-4c87-9211-4e4e12bb3dd5" />
      <TestMethod codeBase="D:\SFERRARI\01 - TRABAJO\repos\netcore\libs\template-netcore-entities\Kitpymes.Core.Entities.Tests\bin\Debug\net5.0\Kitpymes.Core.Entities.Tests.dll" adapterTypeName="executor://mstestadapter/v2" className="Kitpymes.Core.Entities.ValueObjects.Tests.AddressTests" name="Change_Passing_Valid_Values_Returns_Address" />
    </UnitTest>
    <UnitTest name="OperatorNotEqual_Passing_Valid_Values_Returns_True (dasdasd@dsasd.ff)" storage="d:\sferrari\01 - trabajo\repos\netcore\libs\template-netcore-entities\kitpymes.core.entities.tests\bin\debug\net5.0\kitpymes.core.entities.tests.dll" id="d2007f58-391a-4f2a-b129-add9306c99f9">
      <Execution id="90dc53b2-b1c9-477b-9435-9d0607d3433c" />
      <TestMethod codeBase="D:\SFERRARI\01 - TRABAJO\repos\netcore\libs\template-netcore-entities\Kitpymes.Core.Entities.Tests\bin\Debug\net5.0\Kitpymes.Core.Entities.Tests.dll" adapterTypeName="executor://mstestadapter/v2" className="Kitpymes.Core.Entities.ValueObjects.Tests.EmailTests" name="OperatorNotEqual_Passing_Valid_Values_Returns_True" />
    </UnitTest>
    <UnitTest name="IsNull_Passing_Valid_Value_Returns_False (Españħ)" storage="d:\sferrari\01 - trabajo\repos\netcore\libs\template-netcore-entities\kitpymes.core.entities.tests\bin\debug\net5.0\kitpymes.core.entities.tests.dll" id="e62abbfc-a3ff-4421-86c5-d55116591e49">
      <Execution id="b26b7bdd-4146-4ed9-a4c1-3d567c082d8d" />
      <TestMethod codeBase="D:\SFERRARI\01 - TRABAJO\repos\netcore\libs\template-netcore-entities\Kitpymes.Core.Entities.Tests\bin\Debug\net5.0\Kitpymes.Core.Entities.Tests.dll" adapterTypeName="executor://mstestadapter/v2" className="Kitpymes.Core.Entities.ValueObjects.Tests.NameTests" name="IsNull_Passing_Valid_Value_Returns_False" />
    </UnitTest>
    <UnitTest name="Create_Passing_Valid_Values_Returns_Name (Españâ)" storage="d:\sferrari\01 - trabajo\repos\netcore\libs\template-netcore-entities\kitpymes.core.entities.tests\bin\debug\net5.0\kitpymes.core.entities.tests.dll" id="5aabb345-5cea-4e31-8118-1dcee71f28bb">
      <Execution id="d7a2685d-502e-4a13-a3f4-c320663c5c5d" />
      <TestMethod codeBase="D:\SFERRARI\01 - TRABAJO\repos\netcore\libs\template-netcore-entities\Kitpymes.Core.Entities.Tests\bin\Debug\net5.0\Kitpymes.Core.Entities.Tests.dll" adapterTypeName="executor://mstestadapter/v2" className="Kitpymes.Core.Entities.ValueObjects.Tests.NameTests" name="Create_Passing_Valid_Values_Returns_Name" />
    </UnitTest>
    <UnitTest name="Create_Passing_Valid_Value_Returns_Email (ádsads@ggg.cc)" storage="d:\sferrari\01 - trabajo\repos\netcore\libs\template-netcore-entities\kitpymes.core.entities.tests\bin\debug\net5.0\kitpymes.core.entities.tests.dll" id="d79c6871-fe7b-4fde-83ee-19f11fe516d8">
      <Execution id="6aebd71a-1a25-488c-b9de-ebfb6d2e3ef0" />
      <TestMethod codeBase="D:\SFERRARI\01 - TRABAJO\repos\netcore\libs\template-netcore-entities\Kitpymes.Core.Entities.Tests\bin\Debug\net5.0\Kitpymes.Core.Entities.Tests.dll" adapterTypeName="executor://mstestadapter/v2" className="Kitpymes.Core.Entities.ValueObjects.Tests.EmailTests" name="Create_Passing_Valid_Value_Returns_Email" />
    </UnitTest>
    <UnitTest name="Equals_Passing_Valid_Values_Returns_True (San Bartoleme De Tirajana,Las Palmas,España)" storage="d:\sferrari\01 - trabajo\repos\netcore\libs\template-netcore-entities\kitpymes.core.entities.tests\bin\debug\net5.0\kitpymes.core.entities.tests.dll" id="f506146d-80be-4d15-aab7-932e08f9af9c">
      <Execution id="9d18e600-4ba4-4bc2-9e87-a1e57f4fe927" />
      <TestMethod codeBase="D:\SFERRARI\01 - TRABAJO\repos\netcore\libs\template-netcore-entities\Kitpymes.Core.Entities.Tests\bin\Debug\net5.0\Kitpymes.Core.Entities.Tests.dll" adapterTypeName="executor://mstestadapter/v2" className="Kitpymes.Core.Entities.ValueObjects.Tests.FullNameTests" name="Equals_Passing_Valid_Values_Returns_True" />
    </UnitTest>
    <UnitTest name="OperatorEqual_Passing_Valid_Distinct_Values_Returns_False (Españá)" storage="d:\sferrari\01 - trabajo\repos\netcore\libs\template-netcore-entities\kitpymes.core.entities.tests\bin\debug\net5.0\kitpymes.core.entities.tests.dll" id="6a34e643-a5d7-47e6-8a30-c93dccfe9961">
      <Execution id="82aa9dcf-7032-42e7-8365-773d027a0e04" />
      <TestMethod codeBase="D:\SFERRARI\01 - TRABAJO\repos\netcore\libs\template-netcore-entities\Kitpymes.Core.Entities.Tests\bin\Debug\net5.0\Kitpymes.Core.Entities.Tests.dll" adapterTypeName="executor://mstestadapter/v2" className="Kitpymes.Core.Entities.ValueObjects.Tests.NameTests" name="OperatorEqual_Passing_Valid_Distinct_Values_Returns_False" />
    </UnitTest>
    <UnitTest name="Create_Passing_InvalidOrNull_Value_Returns_ApplicationException (___dasfs$·%%$%$$·%$)" storage="d:\sferrari\01 - trabajo\repos\netcore\libs\template-netcore-entities\kitpymes.core.entities.tests\bin\debug\net5.0\kitpymes.core.entities.tests.dll" id="0122755a-dc94-4f1f-8d8b-365cfe1c94af">
      <Execution id="fb21f793-f99c-4688-bb79-267373a27a50" />
      <TestMethod codeBase="D:\SFERRARI\01 - TRABAJO\repos\netcore\libs\template-netcore-entities\Kitpymes.Core.Entities.Tests\bin\Debug\net5.0\Kitpymes.Core.Entities.Tests.dll" adapterTypeName="executor://mstestadapter/v2" className="Kitpymes.Core.Entities.ValueObjects.Tests.SubdomainTests" name="Create_Passing_InvalidOrNull_Value_Returns_ApplicationException" />
    </UnitTest>
    <UnitTest name="Equals_Passing_Valid_Distinct_Values_Returns_False (Españç)" storage="d:\sferrari\01 - trabajo\repos\netcore\libs\template-netcore-entities\kitpymes.core.entities.tests\bin\debug\net5.0\kitpymes.core.entities.tests.dll" id="7c53683d-67b9-4846-aed5-b170b43a514e">
      <Execution id="331fcf3a-f8a1-4cb2-becf-5638a3253962" />
      <TestMethod codeBase="D:\SFERRARI\01 - TRABAJO\repos\netcore\libs\template-netcore-entities\Kitpymes.Core.Entities.Tests\bin\Debug\net5.0\Kitpymes.Core.Entities.Tests.dll" adapterTypeName="executor://mstestadapter/v2" className="Kitpymes.Core.Entities.ValueObjects.Tests.NameTests" name="Equals_Passing_Valid_Distinct_Values_Returns_False" />
    </UnitTest>
    <UnitTest name="OperatorEqual_Passing_Valid_Values_Returns_True (Españä)" storage="d:\sferrari\01 - trabajo\repos\netcore\libs\template-netcore-entities\kitpymes.core.entities.tests\bin\debug\net5.0\kitpymes.core.entities.tests.dll" id="f5fe6378-d036-489f-a228-5dabfbb4aff6">
      <Execution id="c0a97b8e-704f-4c4a-9238-babeb304d270" />
      <TestMethod codeBase="D:\SFERRARI\01 - TRABAJO\repos\netcore\libs\template-netcore-entities\Kitpymes.Core.Entities.Tests\bin\Debug\net5.0\Kitpymes.Core.Entities.Tests.dll" adapterTypeName="executor://mstestadapter/v2" className="Kitpymes.Core.Entities.ValueObjects.Tests.NameTests" name="OperatorEqual_Passing_Valid_Values_Returns_True" />
    </UnitTest>
    <UnitTest name="Equals_Passing_Valid_Values_Returns_True (Españħ)" storage="d:\sferrari\01 - trabajo\repos\netcore\libs\template-netcore-entities\kitpymes.core.entities.tests\bin\debug\net5.0\kitpymes.core.entities.tests.dll" id="ea5f6c61-a915-4f9d-a60b-cbff7bcde1ef">
      <Execution id="711b5048-b032-4c97-a1b3-f6b4ea5cafa8" />
      <TestMethod codeBase="D:\SFERRARI\01 - TRABAJO\repos\netcore\libs\template-netcore-entities\Kitpymes.Core.Entities.Tests\bin\Debug\net5.0\Kitpymes.Core.Entities.Tests.dll" adapterTypeName="executor://mstestadapter/v2" className="Kitpymes.Core.Entities.ValueObjects.Tests.NameTests" name="Equals_Passing_Valid_Values_Returns_True" />
    </UnitTest>
    <UnitTest name="Change_Passing_Valid_Values_Returns_Name" storage="d:\sferrari\01 - trabajo\repos\netcore\libs\template-netcore-entities\kitpymes.core.entities.tests\bin\debug\net5.0\kitpymes.core.entities.tests.dll" id="f489ffbc-2fc0-4092-a5a0-4005bcb0ea1a">
      <Execution id="84337c71-1cca-4b8c-aa7f-57000d5e7cfc" />
      <TestMethod codeBase="D:\SFERRARI\01 - TRABAJO\repos\netcore\libs\template-netcore-entities\Kitpymes.Core.Entities.Tests\bin\Debug\net5.0\Kitpymes.Core.Entities.Tests.dll" adapterTypeName="executor://mstestadapter/v2" className="Kitpymes.Core.Entities.ValueObjects.Tests.NameTests" name="Change_Passing_Valid_Values_Returns_Name" />
    </UnitTest>
    <UnitTest name="OperatorNotEqual_Passing_Valid_Values_Returns_False (200,EUR,4)" storage="d:\sferrari\01 - trabajo\repos\netcore\libs\template-netcore-entities\kitpymes.core.entities.tests\bin\debug\net5.0\kitpymes.core.entities.tests.dll" id="3e36e1b9-f8ce-4b06-a163-1eb395f49c2f">
      <Execution id="d8bc1cfa-5b74-4750-bcc1-54fcc2f53aa2" />
      <TestMethod codeBase="D:\SFERRARI\01 - TRABAJO\repos\netcore\libs\template-netcore-entities\Kitpymes.Core.Entities.Tests\bin\Debug\net5.0\Kitpymes.Core.Entities.Tests.dll" adapterTypeName="executor://mstestadapter/v2" className="Kitpymes.Core.Entities.ValueObjects.Tests.MoneyTests" name="OperatorNotEqual_Passing_Valid_Values_Returns_False" />
    </UnitTest>
    <UnitTest name="ToString_Passing_Valid_Values_Returns_Address_String_Format (100,EUR,2)" storage="d:\sferrari\01 - trabajo\repos\netcore\libs\template-netcore-entities\kitpymes.core.entities.tests\bin\debug\net5.0\kitpymes.core.entities.tests.dll" id="31f8ee79-42c5-4df3-a970-01eca8d21c43">
      <Execution id="69db5662-65fa-4c88-97b9-5b78399363c6" />
      <TestMethod codeBase="D:\SFERRARI\01 - TRABAJO\repos\netcore\libs\template-netcore-entities\Kitpymes.Core.Entities.Tests\bin\Debug\net5.0\Kitpymes.Core.Entities.Tests.dll" adapterTypeName="executor://mstestadapter/v2" className="Kitpymes.Core.Entities.ValueObjects.Tests.MoneyTests" name="ToString_Passing_Valid_Values_Returns_Address_String_Format" />
    </UnitTest>
    <UnitTest name="OperatorNotEqual_Passing_Valid_Values_Returns_False (Españä)" storage="d:\sferrari\01 - trabajo\repos\netcore\libs\template-netcore-entities\kitpymes.core.entities.tests\bin\debug\net5.0\kitpymes.core.entities.tests.dll" id="1b242159-73ab-44a1-aa11-12df01c6db0e">
      <Execution id="bbd6c587-387e-4bbd-a13b-322df5135ff1" />
      <TestMethod codeBase="D:\SFERRARI\01 - TRABAJO\repos\netcore\libs\template-netcore-entities\Kitpymes.Core.Entities.Tests\bin\Debug\net5.0\Kitpymes.Core.Entities.Tests.dll" adapterTypeName="executor://mstestadapter/v2" className="Kitpymes.Core.Entities.ValueObjects.Tests.NameTests" name="OperatorNotEqual_Passing_Valid_Values_Returns_False" />
    </UnitTest>
    <UnitTest name="Create_Passing_InvalidOrNull_Value_Returns_ApplicationException (Tenerife,23,34567,San Bartoleme De Tirajana,Las Palmas,)" storage="d:\sferrari\01 - trabajo\repos\netcore\libs\template-netcore-entities\kitpymes.core.entities.tests\bin\debug\net5.0\kitpymes.core.entities.tests.dll" id="d12eb679-34e1-4382-aaec-e894b587f656">
      <Execution id="75280a32-b309-4057-ac5b-6f9c05cc8886" />
      <TestMethod codeBase="D:\SFERRARI\01 - TRABAJO\repos\netcore\libs\template-netcore-entities\Kitpymes.Core.Entities.Tests\bin\Debug\net5.0\Kitpymes.Core.Entities.Tests.dll" adapterTypeName="executor://mstestadapter/v2" className="Kitpymes.Core.Entities.ValueObjects.Tests.AddressTests" name="Create_Passing_InvalidOrNull_Value_Returns_ApplicationException" />
    </UnitTest>
    <UnitTest name="Equals_Passing_Valid_Values_Returns_True (España)" storage="d:\sferrari\01 - trabajo\repos\netcore\libs\template-netcore-entities\kitpymes.core.entities.tests\bin\debug\net5.0\kitpymes.core.entities.tests.dll" id="9bd3165e-22bf-4a76-af63-150647f0c9b4">
      <Execution id="13ab1dbc-b86c-490c-a0b3-a0229498e936" />
      <TestMethod codeBase="D:\SFERRARI\01 - TRABAJO\repos\netcore\libs\template-netcore-entities\Kitpymes.Core.Entities.Tests\bin\Debug\net5.0\Kitpymes.Core.Entities.Tests.dll" adapterTypeName="executor://mstestadapter/v2" className="Kitpymes.Core.Entities.ValueObjects.Tests.NameTests" name="Equals_Passing_Valid_Values_Returns_True" />
    </UnitTest>
    <UnitTest name="Equals_Passing_Valid_Values_Returns_True (Españç)" storage="d:\sferrari\01 - trabajo\repos\netcore\libs\template-netcore-entities\kitpymes.core.entities.tests\bin\debug\net5.0\kitpymes.core.entities.tests.dll" id="5d26ee22-37e0-4c2e-9984-4da36e6b6689">
      <Execution id="a6132645-1bb4-4645-b554-c80862863c15" />
      <TestMethod codeBase="D:\SFERRARI\01 - TRABAJO\repos\netcore\libs\template-netcore-entities\Kitpymes.Core.Entities.Tests\bin\Debug\net5.0\Kitpymes.Core.Entities.Tests.dll" adapterTypeName="executor://mstestadapter/v2" className="Kitpymes.Core.Entities.ValueObjects.Tests.NameTests" name="Equals_Passing_Valid_Values_Returns_True" />
    </UnitTest>
    <UnitTest name="Equals_Passing_Valid_Values_Returns_True (Españà)" storage="d:\sferrari\01 - trabajo\repos\netcore\libs\template-netcore-entities\kitpymes.core.entities.tests\bin\debug\net5.0\kitpymes.core.entities.tests.dll" id="8d8d2f79-27b6-4bc4-ada7-5e9c58b9e55a">
      <Execution id="0b7622bd-5268-4019-8637-a925ab5c1919" />
      <TestMethod codeBase="D:\SFERRARI\01 - TRABAJO\repos\netcore\libs\template-netcore-entities\Kitpymes.Core.Entities.Tests\bin\Debug\net5.0\Kitpymes.Core.Entities.Tests.dll" adapterTypeName="executor://mstestadapter/v2" className="Kitpymes.Core.Entities.ValueObjects.Tests.NameTests" name="Equals_Passing_Valid_Values_Returns_True" />
    </UnitTest>
    <UnitTest name="ToEnum_Passing_Valid_IntName_Enumeracion_Returns_Enumeracion" storage="d:\sferrari\01 - trabajo\repos\netcore\libs\template-netcore-entities\kitpymes.core.entities.tests\bin\debug\net5.0\kitpymes.core.entities.tests.dll" id="df948473-f672-46b1-8d65-2baf1332c115">
      <Execution id="2b5447fb-60a2-4aa3-b12d-b1d7ee3de0e1" />
      <TestMethod codeBase="D:\SFERRARI\01 - TRABAJO\repos\netcore\libs\template-netcore-entities\Kitpymes.Core.Entities.Tests\bin\Debug\net5.0\Kitpymes.Core.Entities.Tests.dll" adapterTypeName="executor://mstestadapter/v2" className="Kitpymes.Core.Entities.Enumerations.Tests.SubscriptionEnumTests" name="ToEnum_Passing_Valid_IntName_Enumeracion_Returns_Enumeracion" />
    </UnitTest>
    <UnitTest name="Equals_Passing_Valid_Distinct_Values_Returns_False (Españá)" storage="d:\sferrari\01 - trabajo\repos\netcore\libs\template-netcore-entities\kitpymes.core.entities.tests\bin\debug\net5.0\kitpymes.core.entities.tests.dll" id="dbe3671d-57f9-491f-94d0-d120700b62d4">
      <Execution id="210219db-f775-4e4e-a87a-2fe309dc840a" />
      <TestMethod codeBase="D:\SFERRARI\01 - TRABAJO\repos\netcore\libs\template-netcore-entities\Kitpymes.Core.Entities.Tests\bin\Debug\net5.0\Kitpymes.Core.Entities.Tests.dll" adapterTypeName="executor://mstestadapter/v2" className="Kitpymes.Core.Entities.ValueObjects.Tests.NameTests" name="Equals_Passing_Valid_Distinct_Values_Returns_False" />
    </UnitTest>
    <UnitTest name="Create_Passing_Valid_Value_Returns_Email (ñandu@gmail.com)" storage="d:\sferrari\01 - trabajo\repos\netcore\libs\template-netcore-entities\kitpymes.core.entities.tests\bin\debug\net5.0\kitpymes.core.entities.tests.dll" id="edee4b95-4393-43c4-9120-c3bf2ce57cb6">
      <Execution id="35b759f1-18b1-4f38-baff-74d06897a13b" />
      <TestMethod codeBase="D:\SFERRARI\01 - TRABAJO\repos\netcore\libs\template-netcore-entities\Kitpymes.Core.Entities.Tests\bin\Debug\net5.0\Kitpymes.Core.Entities.Tests.dll" adapterTypeName="executor://mstestadapter/v2" className="Kitpymes.Core.Entities.ValueObjects.Tests.EmailTests" name="Create_Passing_Valid_Value_Returns_Email" />
    </UnitTest>
    <UnitTest name="IsVisa_Passing_Nothing_Returns_True" storage="d:\sferrari\01 - trabajo\repos\netcore\libs\template-netcore-entities\kitpymes.core.entities.tests\bin\debug\net5.0\kitpymes.core.entities.tests.dll" id="0c0261b5-300a-4771-be68-fe3311030a43">
      <Execution id="42839f80-c6ad-4577-9d09-a700cd1d9860" />
      <TestMethod codeBase="D:\SFERRARI\01 - TRABAJO\repos\netcore\libs\template-netcore-entities\Kitpymes.Core.Entities.Tests\bin\Debug\net5.0\Kitpymes.Core.Entities.Tests.dll" adapterTypeName="executor://mstestadapter/v2" className="Kitpymes.Core.Entities.Enumerations.Tests.CardTypeEnumTests" name="IsVisa_Passing_Nothing_Returns_True" />
    </UnitTest>
    <UnitTest name="OperatorNotEqual_Passing_Valid_Values_Returns_True (app.hackerone1.com)" storage="d:\sferrari\01 - trabajo\repos\netcore\libs\template-netcore-entities\kitpymes.core.entities.tests\bin\debug\net5.0\kitpymes.core.entities.tests.dll" id="4d22be9f-3b1c-40a0-8158-128eaf26a0a8">
      <Execution id="f16f9945-7a6e-4190-aee3-709b34bd98c1" />
      <TestMethod codeBase="D:\SFERRARI\01 - TRABAJO\repos\netcore\libs\template-netcore-entities\Kitpymes.Core.Entities.Tests\bin\Debug\net5.0\Kitpymes.Core.Entities.Tests.dll" adapterTypeName="executor://mstestadapter/v2" className="Kitpymes.Core.Entities.ValueObjects.Tests.SubdomainTests" name="OperatorNotEqual_Passing_Valid_Values_Returns_True" />
    </UnitTest>
    <UnitTest name="OperatorEqual_Passing_Valid_Distinct_Values_Returns_False (Españâ)" storage="d:\sferrari\01 - trabajo\repos\netcore\libs\template-netcore-entities\kitpymes.core.entities.tests\bin\debug\net5.0\kitpymes.core.entities.tests.dll" id="886735d6-ae9c-4456-968d-87fb7043c200">
      <Execution id="d30c0da2-8215-4d2f-8596-65060b645e38" />
      <TestMethod codeBase="D:\SFERRARI\01 - TRABAJO\repos\netcore\libs\template-netcore-entities\Kitpymes.Core.Entities.Tests\bin\Debug\net5.0\Kitpymes.Core.Entities.Tests.dll" adapterTypeName="executor://mstestadapter/v2" className="Kitpymes.Core.Entities.ValueObjects.Tests.NameTests" name="OperatorEqual_Passing_Valid_Distinct_Values_Returns_False" />
    </UnitTest>
    <UnitTest name="OperatorNotEqual_Passing_Valid_Values_Returns_False (Sabadell,Barcelona,España)" storage="d:\sferrari\01 - trabajo\repos\netcore\libs\template-netcore-entities\kitpymes.core.entities.tests\bin\debug\net5.0\kitpymes.core.entities.tests.dll" id="6609f2a5-3417-4167-b04e-470095ea67f6">
      <Execution id="dde53f84-4c9b-4710-8d5e-ec43e0019a55" />
      <TestMethod codeBase="D:\SFERRARI\01 - TRABAJO\repos\netcore\libs\template-netcore-entities\Kitpymes.Core.Entities.Tests\bin\Debug\net5.0\Kitpymes.Core.Entities.Tests.dll" adapterTypeName="executor://mstestadapter/v2" className="Kitpymes.Core.Entities.ValueObjects.Tests.FullNameTests" name="OperatorNotEqual_Passing_Valid_Values_Returns_False" />
    </UnitTest>
    <UnitTest name="Create_Passing_Valid_Value_Returns_Email (bb_ads@ggg.cc)" storage="d:\sferrari\01 - trabajo\repos\netcore\libs\template-netcore-entities\kitpymes.core.entities.tests\bin\debug\net5.0\kitpymes.core.entities.tests.dll" id="3ce62bab-facd-44e6-b8b5-48f972a60add">
      <Execution id="24142a9d-9b80-4af1-b55c-7ffdad82dcdd" />
      <TestMethod codeBase="D:\SFERRARI\01 - TRABAJO\repos\netcore\libs\template-netcore-entities\Kitpymes.Core.Entities.Tests\bin\Debug\net5.0\Kitpymes.Core.Entities.Tests.dll" adapterTypeName="executor://mstestadapter/v2" className="Kitpymes.Core.Entities.ValueObjects.Tests.EmailTests" name="Create_Passing_Valid_Value_Returns_Email" />
    </UnitTest>
    <UnitTest name="IsNull_Passing_Null_Value_Returns_True" storage="d:\sferrari\01 - trabajo\repos\netcore\libs\template-netcore-entities\kitpymes.core.entities.tests\bin\debug\net5.0\kitpymes.core.entities.tests.dll" id="9c17bb80-2ceb-4b0f-8ab7-5669eb4c8c99">
      <Execution id="e93a2545-6526-456c-b549-d47c7fe4e27f" />
      <TestMethod codeBase="D:\SFERRARI\01 - TRABAJO\repos\netcore\libs\template-netcore-entities\Kitpymes.Core.Entities.Tests\bin\Debug\net5.0\Kitpymes.Core.Entities.Tests.dll" adapterTypeName="executor://mstestadapter/v2" className="Kitpymes.Core.Entities.ValueObjects.Tests.NameTests" name="IsNull_Passing_Null_Value_Returns_True" />
    </UnitTest>
    <UnitTest name="OperatorEqual_Passing_Valid_Distinct_Values_Returns_False (Sabadell)" storage="d:\sferrari\01 - trabajo\repos\netcore\libs\template-netcore-entities\kitpymes.core.entities.tests\bin\debug\net5.0\kitpymes.core.entities.tests.dll" id="e73809f3-e799-46f6-8a41-42ce2f728418">
      <Execution id="d0cf6631-4201-498f-b406-da6e66bb97b2" />
      <TestMethod codeBase="D:\SFERRARI\01 - TRABAJO\repos\netcore\libs\template-netcore-entities\Kitpymes.Core.Entities.Tests\bin\Debug\net5.0\Kitpymes.Core.Entities.Tests.dll" adapterTypeName="executor://mstestadapter/v2" className="Kitpymes.Core.Entities.ValueObjects.Tests.StringIdTests" name="OperatorEqual_Passing_Valid_Distinct_Values_Returns_False" />
    </UnitTest>
    <UnitTest name="OperatorNotEqual_Passing_Valid_Values_Returns_True (Españà)" storage="d:\sferrari\01 - trabajo\repos\netcore\libs\template-netcore-entities\kitpymes.core.entities.tests\bin\debug\net5.0\kitpymes.core.entities.tests.dll" id="a602b2a5-a369-4db1-acf4-c8389f393fd7">
      <Execution id="c478e438-69d7-4054-bb7a-1a1bdef4962d" />
      <TestMethod codeBase="D:\SFERRARI\01 - TRABAJO\repos\netcore\libs\template-netcore-entities\Kitpymes.Core.Entities.Tests\bin\Debug\net5.0\Kitpymes.Core.Entities.Tests.dll" adapterTypeName="executor://mstestadapter/v2" className="Kitpymes.Core.Entities.ValueObjects.Tests.NameTests" name="OperatorNotEqual_Passing_Valid_Values_Returns_True" />
    </UnitTest>
    <UnitTest name="Change_Passing_Valid_Values_Returns_Address (200,EUR,4)" storage="d:\sferrari\01 - trabajo\repos\netcore\libs\template-netcore-entities\kitpymes.core.entities.tests\bin\debug\net5.0\kitpymes.core.entities.tests.dll" id="c14d3b13-1fe9-409a-b57a-5be78489de3c">
      <Execution id="fa8bd157-ffe9-4605-877c-768a08ba07d0" />
      <TestMethod codeBase="D:\SFERRARI\01 - TRABAJO\repos\netcore\libs\template-netcore-entities\Kitpymes.Core.Entities.Tests\bin\Debug\net5.0\Kitpymes.Core.Entities.Tests.dll" adapterTypeName="executor://mstestadapter/v2" className="Kitpymes.Core.Entities.ValueObjects.Tests.MoneyTests" name="Change_Passing_Valid_Values_Returns_Address" />
    </UnitTest>
    <UnitTest name="ToString_Passing_Valid_Values_Returns_Subdomain (www.hackerone-com)" storage="d:\sferrari\01 - trabajo\repos\netcore\libs\template-netcore-entities\kitpymes.core.entities.tests\bin\debug\net5.0\kitpymes.core.entities.tests.dll" id="30533bba-4d64-47f0-be9d-783d76e183c2">
      <Execution id="7b3308f5-f179-496f-a136-4ffb4985a2df" />
      <TestMethod codeBase="D:\SFERRARI\01 - TRABAJO\repos\netcore\libs\template-netcore-entities\Kitpymes.Core.Entities.Tests\bin\Debug\net5.0\Kitpymes.Core.Entities.Tests.dll" adapterTypeName="executor://mstestadapter/v2" className="Kitpymes.Core.Entities.ValueObjects.Tests.SubdomainTests" name="ToString_Passing_Valid_Values_Returns_Subdomain" />
    </UnitTest>
    <UnitTest name="OperatorNotEqual_Passing_Valid_Values_Returns_True (200,EUR,4)" storage="d:\sferrari\01 - trabajo\repos\netcore\libs\template-netcore-entities\kitpymes.core.entities.tests\bin\debug\net5.0\kitpymes.core.entities.tests.dll" id="66c55764-3811-4aa0-9496-022418451a5f">
      <Execution id="50b13b17-b1d4-4cea-af51-8f06e6b21151" />
      <TestMethod codeBase="D:\SFERRARI\01 - TRABAJO\repos\netcore\libs\template-netcore-entities\Kitpymes.Core.Entities.Tests\bin\Debug\net5.0\Kitpymes.Core.Entities.Tests.dll" adapterTypeName="executor://mstestadapter/v2" className="Kitpymes.Core.Entities.ValueObjects.Tests.MoneyTests" name="OperatorNotEqual_Passing_Valid_Values_Returns_True" />
    </UnitTest>
    <UnitTest name="Change_Passing_Valid_Values_Returns_Currency (EUR)" storage="d:\sferrari\01 - trabajo\repos\netcore\libs\template-netcore-entities\kitpymes.core.entities.tests\bin\debug\net5.0\kitpymes.core.entities.tests.dll" id="110230e0-53ef-4b0f-9782-142610c6534f">
      <Execution id="9c53f0e4-210a-4ee5-9d35-14f44dd177c9" />
      <TestMethod codeBase="D:\SFERRARI\01 - TRABAJO\repos\netcore\libs\template-netcore-entities\Kitpymes.Core.Entities.Tests\bin\Debug\net5.0\Kitpymes.Core.Entities.Tests.dll" adapterTypeName="executor://mstestadapter/v2" className="Kitpymes.Core.Entities.ValueObjects.Tests.CurrencyTests" name="Change_Passing_Valid_Values_Returns_Currency" />
    </UnitTest>
    <UnitTest name="OperatorNotEqual_Passing_Valid_Values_Returns_True (stage_hackerone.com)" storage="d:\sferrari\01 - trabajo\repos\netcore\libs\template-netcore-entities\kitpymes.core.entities.tests\bin\debug\net5.0\kitpymes.core.entities.tests.dll" id="af2c470f-5ae3-4860-9593-385d96b81842">
      <Execution id="39d895b4-05ca-44f6-810e-d94313e820b3" />
      <TestMethod codeBase="D:\SFERRARI\01 - TRABAJO\repos\netcore\libs\template-netcore-entities\Kitpymes.Core.Entities.Tests\bin\Debug\net5.0\Kitpymes.Core.Entities.Tests.dll" adapterTypeName="executor://mstestadapter/v2" className="Kitpymes.Core.Entities.ValueObjects.Tests.SubdomainTests" name="OperatorNotEqual_Passing_Valid_Values_Returns_True" />
    </UnitTest>
    <UnitTest name="ToEnum_Passing_Invalid_Int_Value_Returns_Null" storage="d:\sferrari\01 - trabajo\repos\netcore\libs\template-netcore-entities\kitpymes.core.entities.tests\bin\debug\net5.0\kitpymes.core.entities.tests.dll" id="48209f16-1b83-4e4b-8104-a3943cd68e55">
      <Execution id="ec610396-bf2d-4bb5-aa27-b85a656f689c" />
      <TestMethod codeBase="D:\SFERRARI\01 - TRABAJO\repos\netcore\libs\template-netcore-entities\Kitpymes.Core.Entities.Tests\bin\Debug\net5.0\Kitpymes.Core.Entities.Tests.dll" adapterTypeName="executor://mstestadapter/v2" className="Kitpymes.Core.Entities.Enumerations.Tests.StatusEnumTests" name="ToEnum_Passing_Invalid_Int_Value_Returns_Null" />
    </UnitTest>
    <UnitTest name="OperatorEqual_Passing_Valid_Distinct_Values_Returns_False (San Bartoleme De Tirajana,Las Palmas,España)" storage="d:\sferrari\01 - trabajo\repos\netcore\libs\template-netcore-entities\kitpymes.core.entities.tests\bin\debug\net5.0\kitpymes.core.entities.tests.dll" id="3da4ed24-310c-45da-85b3-5a874cfb0b4b">
      <Execution id="d1e10a25-66b2-4a3e-bac3-05cec25022db" />
      <TestMethod codeBase="D:\SFERRARI\01 - TRABAJO\repos\netcore\libs\template-netcore-entities\Kitpymes.Core.Entities.Tests\bin\Debug\net5.0\Kitpymes.Core.Entities.Tests.dll" adapterTypeName="executor://mstestadapter/v2" className="Kitpymes.Core.Entities.ValueObjects.Tests.FullNameTests" name="OperatorEqual_Passing_Valid_Distinct_Values_Returns_False" />
    </UnitTest>
    <UnitTest name="IsNull_Passing_Valid_Value_Returns_False (dasdasd@dsasd.ff)" storage="d:\sferrari\01 - trabajo\repos\netcore\libs\template-netcore-entities\kitpymes.core.entities.tests\bin\debug\net5.0\kitpymes.core.entities.tests.dll" id="53b7ac02-68a6-461e-ae90-0bafb74951f7">
      <Execution id="873d4f78-f135-4a5b-b58d-fcd0615b4406" />
      <TestMethod codeBase="D:\SFERRARI\01 - TRABAJO\repos\netcore\libs\template-netcore-entities\Kitpymes.Core.Entities.Tests\bin\Debug\net5.0\Kitpymes.Core.Entities.Tests.dll" adapterTypeName="executor://mstestadapter/v2" className="Kitpymes.Core.Entities.ValueObjects.Tests.EmailTests" name="IsNull_Passing_Valid_Value_Returns_False" />
    </UnitTest>
    <UnitTest name="OperatorEqual_Passing_Valid_Distinct_Values_Returns_False (app.hackerone1.com)" storage="d:\sferrari\01 - trabajo\repos\netcore\libs\template-netcore-entities\kitpymes.core.entities.tests\bin\debug\net5.0\kitpymes.core.entities.tests.dll" id="07948cb5-79bf-4f6f-adbe-1793333d2ac6">
      <Execution id="d9170849-3473-4efa-87e5-09f69c06bc42" />
      <TestMethod codeBase="D:\SFERRARI\01 - TRABAJO\repos\netcore\libs\template-netcore-entities\Kitpymes.Core.Entities.Tests\bin\Debug\net5.0\Kitpymes.Core.Entities.Tests.dll" adapterTypeName="executor://mstestadapter/v2" className="Kitpymes.Core.Entities.ValueObjects.Tests.SubdomainTests" name="OperatorEqual_Passing_Valid_Distinct_Values_Returns_False" />
    </UnitTest>
    <UnitTest name="IsNull_Passing_Null_Value_Returns_True" storage="d:\sferrari\01 - trabajo\repos\netcore\libs\template-netcore-entities\kitpymes.core.entities.tests\bin\debug\net5.0\kitpymes.core.entities.tests.dll" id="e400daf5-7f9f-43aa-8e88-91ebb099f6ab">
      <Execution id="6712a7cf-971d-42e3-be40-08effcb3231e" />
      <TestMethod codeBase="D:\SFERRARI\01 - TRABAJO\repos\netcore\libs\template-netcore-entities\Kitpymes.Core.Entities.Tests\bin\Debug\net5.0\Kitpymes.Core.Entities.Tests.dll" adapterTypeName="executor://mstestadapter/v2" className="Kitpymes.Core.Entities.ValueObjects.Tests.FullNameTests" name="IsNull_Passing_Null_Value_Returns_True" />
    </UnitTest>
    <UnitTest name="Equals_Passing_Valid_Distinct_Values_Returns_False (Españã)" storage="d:\sferrari\01 - trabajo\repos\netcore\libs\template-netcore-entities\kitpymes.core.entities.tests\bin\debug\net5.0\kitpymes.core.entities.tests.dll" id="44374d9d-6172-4b12-bd88-0809fe378975">
      <Execution id="a5c00f5f-a946-4a17-99bc-5f729fbe5f61" />
      <TestMethod codeBase="D:\SFERRARI\01 - TRABAJO\repos\netcore\libs\template-netcore-entities\Kitpymes.Core.Entities.Tests\bin\Debug\net5.0\Kitpymes.Core.Entities.Tests.dll" adapterTypeName="executor://mstestadapter/v2" className="Kitpymes.Core.Entities.ValueObjects.Tests.NameTests" name="Equals_Passing_Valid_Distinct_Values_Returns_False" />
    </UnitTest>
    <UnitTest name="ToEnum_Passing_Invalid_Int_Name_Enumeracion_Returns_Null" storage="d:\sferrari\01 - trabajo\repos\netcore\libs\template-netcore-entities\kitpymes.core.entities.tests\bin\debug\net5.0\kitpymes.core.entities.tests.dll" id="e8e526ce-7f3d-436b-8bdf-6e256f028470">
      <Execution id="b089d8de-63d2-4331-bcb0-04d236d8d191" />
      <TestMethod codeBase="D:\SFERRARI\01 - TRABAJO\repos\netcore\libs\template-netcore-entities\Kitpymes.Core.Entities.Tests\bin\Debug\net5.0\Kitpymes.Core.Entities.Tests.dll" adapterTypeName="executor://mstestadapter/v2" className="Kitpymes.Core.Entities.Enumerations.Tests.SubscriptionEnumTests" name="ToEnum_Passing_Invalid_Int_Name_Enumeracion_Returns_Null" />
    </UnitTest>
    <UnitTest name="ToNormalize_Passing_Valid_Values_Returns_Address_String_Format (ñandu@gmail.com)" storage="d:\sferrari\01 - trabajo\repos\netcore\libs\template-netcore-entities\kitpymes.core.entities.tests\bin\debug\net5.0\kitpymes.core.entities.tests.dll" id="c378184a-9d51-4bbd-b607-6a268cf11d46">
      <Execution id="44e65074-206e-4621-894e-9d866bf440ad" />
      <TestMethod codeBase="D:\SFERRARI\01 - TRABAJO\repos\netcore\libs\template-netcore-entities\Kitpymes.Core.Entities.Tests\bin\Debug\net5.0\Kitpymes.Core.Entities.Tests.dll" adapterTypeName="executor://mstestadapter/v2" className="Kitpymes.Core.Entities.ValueObjects.Tests.EmailTests" name="ToNormalize_Passing_Valid_Values_Returns_Address_String_Format" />
    </UnitTest>
    <UnitTest name="OperatorEqual_Passing_Valid_Values_Returns_True (Españã)" storage="d:\sferrari\01 - trabajo\repos\netcore\libs\template-netcore-entities\kitpymes.core.entities.tests\bin\debug\net5.0\kitpymes.core.entities.tests.dll" id="674534b7-8263-4862-899c-069aeddbe0d5">
      <Execution id="f9508415-6659-42cd-ac1e-a68bd6397341" />
      <TestMethod codeBase="D:\SFERRARI\01 - TRABAJO\repos\netcore\libs\template-netcore-entities\Kitpymes.Core.Entities.Tests\bin\Debug\net5.0\Kitpymes.Core.Entities.Tests.dll" adapterTypeName="executor://mstestadapter/v2" className="Kitpymes.Core.Entities.ValueObjects.Tests.NameTests" name="OperatorEqual_Passing_Valid_Values_Returns_True" />
    </UnitTest>
    <UnitTest name="GetAll_Passing_Nothing_Returns_Enumeracion_List" storage="d:\sferrari\01 - trabajo\repos\netcore\libs\template-netcore-entities\kitpymes.core.entities.tests\bin\debug\net5.0\kitpymes.core.entities.tests.dll" id="34674c11-c063-4b6e-bb17-cebe78c6a715">
      <Execution id="9b1e51a8-26b3-481b-828a-bc0eb9e102d1" />
      <TestMethod codeBase="D:\SFERRARI\01 - TRABAJO\repos\netcore\libs\template-netcore-entities\Kitpymes.Core.Entities.Tests\bin\Debug\net5.0\Kitpymes.Core.Entities.Tests.dll" adapterTypeName="executor://mstestadapter/v2" className="Kitpymes.Core.Entities.Enumerations.Tests.LogTypeEnumTests" name="GetAll_Passing_Nothing_Returns_Enumeracion_List" />
    </UnitTest>
    <UnitTest name="OperatorEqual_Passing_Valid_Values_Returns_True (stage_hackerone.com)" storage="d:\sferrari\01 - trabajo\repos\netcore\libs\template-netcore-entities\kitpymes.core.entities.tests\bin\debug\net5.0\kitpymes.core.entities.tests.dll" id="019b067f-f13b-4272-972f-b0f62aa57b38">
      <Execution id="8f83ac66-cc71-437c-92fb-9282598f33db" />
      <TestMethod codeBase="D:\SFERRARI\01 - TRABAJO\repos\netcore\libs\template-netcore-entities\Kitpymes.Core.Entities.Tests\bin\Debug\net5.0\Kitpymes.Core.Entities.Tests.dll" adapterTypeName="executor://mstestadapter/v2" className="Kitpymes.Core.Entities.ValueObjects.Tests.SubdomainTests" name="OperatorEqual_Passing_Valid_Values_Returns_True" />
    </UnitTest>
    <UnitTest name="OperatorEqual_Passing_Valid_Values_Returns_True (Españá)" storage="d:\sferrari\01 - trabajo\repos\netcore\libs\template-netcore-entities\kitpymes.core.entities.tests\bin\debug\net5.0\kitpymes.core.entities.tests.dll" id="efbb7ca2-b7c4-4e3e-ade8-75158f713164">
      <Execution id="4da73c7e-3a63-4e26-bccf-3a1eb1759553" />
      <TestMethod codeBase="D:\SFERRARI\01 - TRABAJO\repos\netcore\libs\template-netcore-entities\Kitpymes.Core.Entities.Tests\bin\Debug\net5.0\Kitpymes.Core.Entities.Tests.dll" adapterTypeName="executor://mstestadapter/v2" className="Kitpymes.Core.Entities.ValueObjects.Tests.NameTests" name="OperatorEqual_Passing_Valid_Values_Returns_True" />
    </UnitTest>
    <UnitTest name="ToString_Passing_Valid_Values_Returns_Address_String_Format (Tenerife,23,34567,San Bartoleme De Tirajana,Las Palmas,España)" storage="d:\sferrari\01 - trabajo\repos\netcore\libs\template-netcore-entities\kitpymes.core.entities.tests\bin\debug\net5.0\kitpymes.core.entities.tests.dll" id="9d103db0-6dfb-4f20-9694-22afd0095a33">
      <Execution id="19d225e9-f028-47bb-85d9-077f4a56af3c" />
      <TestMethod codeBase="D:\SFERRARI\01 - TRABAJO\repos\netcore\libs\template-netcore-entities\Kitpymes.Core.Entities.Tests\bin\Debug\net5.0\Kitpymes.Core.Entities.Tests.dll" adapterTypeName="executor://mstestadapter/v2" className="Kitpymes.Core.Entities.ValueObjects.Tests.AddressTests" name="ToString_Passing_Valid_Values_Returns_Address_String_Format" />
    </UnitTest>
    <UnitTest name="OperatorNotEqual_Passing_Valid_Values_Returns_False (dasdasd@dsasd.ff)" storage="d:\sferrari\01 - trabajo\repos\netcore\libs\template-netcore-entities\kitpymes.core.entities.tests\bin\debug\net5.0\kitpymes.core.entities.tests.dll" id="e8b75528-b0df-47f5-b80a-835a24d3afa4">
      <Execution id="a4c81011-3323-4072-ba90-66c54624db66" />
      <TestMethod codeBase="D:\SFERRARI\01 - TRABAJO\repos\netcore\libs\template-netcore-entities\Kitpymes.Core.Entities.Tests\bin\Debug\net5.0\Kitpymes.Core.Entities.Tests.dll" adapterTypeName="executor://mstestadapter/v2" className="Kitpymes.Core.Entities.ValueObjects.Tests.EmailTests" name="OperatorNotEqual_Passing_Valid_Values_Returns_False" />
    </UnitTest>
    <UnitTest name="OperatorEqual_Passing_Valid_Distinct_Values_Returns_False (stage_hackerone.com)" storage="d:\sferrari\01 - trabajo\repos\netcore\libs\template-netcore-entities\kitpymes.core.entities.tests\bin\debug\net5.0\kitpymes.core.entities.tests.dll" id="886091b7-9e08-4f4d-b80f-bd0422dbc6d6">
      <Execution id="4b847dcb-848e-4624-9718-1deccfbad5f9" />
      <TestMethod codeBase="D:\SFERRARI\01 - TRABAJO\repos\netcore\libs\template-netcore-entities\Kitpymes.Core.Entities.Tests\bin\Debug\net5.0\Kitpymes.Core.Entities.Tests.dll" adapterTypeName="executor://mstestadapter/v2" className="Kitpymes.Core.Entities.ValueObjects.Tests.SubdomainTests" name="OperatorEqual_Passing_Valid_Distinct_Values_Returns_False" />
    </UnitTest>
    <UnitTest name="ToEnum_Passing_Valid_String_Name_Enumeracion_Returns_Enumeracion" storage="d:\sferrari\01 - trabajo\repos\netcore\libs\template-netcore-entities\kitpymes.core.entities.tests\bin\debug\net5.0\kitpymes.core.entities.tests.dll" id="02dd04bb-6b94-4d1c-9a62-b005985a40d8">
      <Execution id="cd5109e4-f2c5-40dc-abbf-651cfb1f8ee1" />
      <TestMethod codeBase="D:\SFERRARI\01 - TRABAJO\repos\netcore\libs\template-netcore-entities\Kitpymes.Core.Entities.Tests\bin\Debug\net5.0\Kitpymes.Core.Entities.Tests.dll" adapterTypeName="executor://mstestadapter/v2" className="Kitpymes.Core.Entities.Enumerations.Tests.CardTypeEnumTests" name="ToEnum_Passing_Valid_String_Name_Enumeracion_Returns_Enumeracion" />
    </UnitTest>
    <UnitTest name="IsNull_Passing_Valid_Value_Returns_False (app.hackerone1.com)" storage="d:\sferrari\01 - trabajo\repos\netcore\libs\template-netcore-entities\kitpymes.core.entities.tests\bin\debug\net5.0\kitpymes.core.entities.tests.dll" id="fb34958a-6511-46a0-9636-1cb575f0032b">
      <Execution id="e7bc45ff-a2af-46fc-996d-89952f055542" />
      <TestMethod codeBase="D:\SFERRARI\01 - TRABAJO\repos\netcore\libs\template-netcore-entities\Kitpymes.Core.Entities.Tests\bin\Debug\net5.0\Kitpymes.Core.Entities.Tests.dll" adapterTypeName="executor://mstestadapter/v2" className="Kitpymes.Core.Entities.ValueObjects.Tests.SubdomainTests" name="IsNull_Passing_Valid_Value_Returns_False" />
    </UnitTest>
    <UnitTest name="OperatorEqual_Passing_Valid_Values_Returns_True (USD)" storage="d:\sferrari\01 - trabajo\repos\netcore\libs\template-netcore-entities\kitpymes.core.entities.tests\bin\debug\net5.0\kitpymes.core.entities.tests.dll" id="67af538b-8d82-4782-a577-3abc0791af40">
      <Execution id="b7403460-532c-40b5-ab86-7c5be752d10d" />
      <TestMethod codeBase="D:\SFERRARI\01 - TRABAJO\repos\netcore\libs\template-netcore-entities\Kitpymes.Core.Entities.Tests\bin\Debug\net5.0\Kitpymes.Core.Entities.Tests.dll" adapterTypeName="executor://mstestadapter/v2" className="Kitpymes.Core.Entities.ValueObjects.Tests.CurrencyTests" name="OperatorEqual_Passing_Valid_Values_Returns_True" />
    </UnitTest>
    <UnitTest name="OperatorNotEqual_Passing_Valid_Values_Returns_False (34fsds@sdd.fgg)" storage="d:\sferrari\01 - trabajo\repos\netcore\libs\template-netcore-entities\kitpymes.core.entities.tests\bin\debug\net5.0\kitpymes.core.entities.tests.dll" id="f32ce4f0-1162-4a98-b236-b6069e7c7528">
      <Execution id="54b44885-f326-448a-baae-d80210240b7e" />
      <TestMethod codeBase="D:\SFERRARI\01 - TRABAJO\repos\netcore\libs\template-netcore-entities\Kitpymes.Core.Entities.Tests\bin\Debug\net5.0\Kitpymes.Core.Entities.Tests.dll" adapterTypeName="executor://mstestadapter/v2" className="Kitpymes.Core.Entities.ValueObjects.Tests.EmailTests" name="OperatorNotEqual_Passing_Valid_Values_Returns_False" />
    </UnitTest>
    <UnitTest name="OperatorNotEqual_Passing_Valid_Values_Returns_True (D45,86554654)" storage="d:\sferrari\01 - trabajo\repos\netcore\libs\template-netcore-entities\kitpymes.core.entities.tests\bin\debug\net5.0\kitpymes.core.entities.tests.dll" id="98ca8878-7e5e-4b9d-a1ca-e71ba7e6a8c3">
      <Execution id="5cb16b0c-3340-4d72-aa78-366fec49efdf" />
      <TestMethod codeBase="D:\SFERRARI\01 - TRABAJO\repos\netcore\libs\template-netcore-entities\Kitpymes.Core.Entities.Tests\bin\Debug\net5.0\Kitpymes.Core.Entities.Tests.dll" adapterTypeName="executor://mstestadapter/v2" className="Kitpymes.Core.Entities.ValueObjects.Tests.TelephoneTests" name="OperatorNotEqual_Passing_Valid_Values_Returns_True" />
    </UnitTest>
    <UnitTest name="Create_Passing_Valid_Values_Returns_Subdomain (stage_hackerone.com)" storage="d:\sferrari\01 - trabajo\repos\netcore\libs\template-netcore-entities\kitpymes.core.entities.tests\bin\debug\net5.0\kitpymes.core.entities.tests.dll" id="3d2f4419-fe8f-4aab-bf09-aa9466d805b4">
      <Execution id="96f35ab8-0c8c-4dc3-bddf-e1b554f047ae" />
      <TestMethod codeBase="D:\SFERRARI\01 - TRABAJO\repos\netcore\libs\template-netcore-entities\Kitpymes.Core.Entities.Tests\bin\Debug\net5.0\Kitpymes.Core.Entities.Tests.dll" adapterTypeName="executor://mstestadapter/v2" className="Kitpymes.Core.Entities.ValueObjects.Tests.SubdomainTests" name="Create_Passing_Valid_Values_Returns_Subdomain" />
    </UnitTest>
    <UnitTest name="ToEnum_Passing_Valid_Int_value_Returns_Enumeracion" storage="d:\sferrari\01 - trabajo\repos\netcore\libs\template-netcore-entities\kitpymes.core.entities.tests\bin\debug\net5.0\kitpymes.core.entities.tests.dll" id="04f92d46-c79f-4628-b78f-0310f5e41933">
      <Execution id="794b32d7-a1cb-477b-90de-0a343caa6f3d" />
      <TestMethod codeBase="D:\SFERRARI\01 - TRABAJO\repos\netcore\libs\template-netcore-entities\Kitpymes.Core.Entities.Tests\bin\Debug\net5.0\Kitpymes.Core.Entities.Tests.dll" adapterTypeName="executor://mstestadapter/v2" className="Kitpymes.Core.Entities.Enumerations.Tests.StatusEnumTests" name="ToEnum_Passing_Valid_Int_value_Returns_Enumeracion" />
    </UnitTest>
    <UnitTest name="ToNormalize_Passing_Valid_Values_Returns_Name_String_Format (Españã,Espana)" storage="d:\sferrari\01 - trabajo\repos\netcore\libs\template-netcore-entities\kitpymes.core.entities.tests\bin\debug\net5.0\kitpymes.core.entities.tests.dll" id="3aad1510-4307-4468-9a5a-ccde95a973c0">
      <Execution id="cfb91281-f8e9-4b08-a3d6-e39ce32a5898" />
      <TestMethod codeBase="D:\SFERRARI\01 - TRABAJO\repos\netcore\libs\template-netcore-entities\Kitpymes.Core.Entities.Tests\bin\Debug\net5.0\Kitpymes.Core.Entities.Tests.dll" adapterTypeName="executor://mstestadapter/v2" className="Kitpymes.Core.Entities.ValueObjects.Tests.NameTests" name="ToNormalize_Passing_Valid_Values_Returns_Name_String_Format" />
    </UnitTest>
    <UnitTest name="ToNormalize_Passing_Valid_Values_Returns_Name_String_Format (Españá,Espana)" storage="d:\sferrari\01 - trabajo\repos\netcore\libs\template-netcore-entities\kitpymes.core.entities.tests\bin\debug\net5.0\kitpymes.core.entities.tests.dll" id="182d267b-a9f5-4bd5-98f1-71c441035bce">
      <Execution id="79f0c53a-9277-4fdb-9b31-1f7309cd65ef" />
      <TestMethod codeBase="D:\SFERRARI\01 - TRABAJO\repos\netcore\libs\template-netcore-entities\Kitpymes.Core.Entities.Tests\bin\Debug\net5.0\Kitpymes.Core.Entities.Tests.dll" adapterTypeName="executor://mstestadapter/v2" className="Kitpymes.Core.Entities.ValueObjects.Tests.NameTests" name="ToNormalize_Passing_Valid_Values_Returns_Name_String_Format" />
    </UnitTest>
    <UnitTest name="Equals_Passing_Valid_Values_Returns_False (Tenerife,23,34567,San Bartoleme De Tirajana,Las Palmas,España)" storage="d:\sferrari\01 - trabajo\repos\netcore\libs\template-netcore-entities\kitpymes.core.entities.tests\bin\debug\net5.0\kitpymes.core.entities.tests.dll" id="1bb9f2e3-effe-4709-b0a8-bf265eb78c56">
      <Execution id="e6b6658f-7490-43d1-a071-f6a266376941" />
      <TestMethod codeBase="D:\SFERRARI\01 - TRABAJO\repos\netcore\libs\template-netcore-entities\Kitpymes.Core.Entities.Tests\bin\Debug\net5.0\Kitpymes.Core.Entities.Tests.dll" adapterTypeName="executor://mstestadapter/v2" className="Kitpymes.Core.Entities.ValueObjects.Tests.AddressTests" name="Equals_Passing_Valid_Values_Returns_False" />
    </UnitTest>
    <UnitTest name="ToString_Passing_Valid_Values_Returns_Value_String_Format (San Bartoleme De Tirajana,Las Palmas)" storage="d:\sferrari\01 - trabajo\repos\netcore\libs\template-netcore-entities\kitpymes.core.entities.tests\bin\debug\net5.0\kitpymes.core.entities.tests.dll" id="6f81f474-e581-4435-a833-54b4aaf8752d">
      <Execution id="1293eade-51b6-462e-8d8e-8949b826cdcd" />
      <TestMethod codeBase="D:\SFERRARI\01 - TRABAJO\repos\netcore\libs\template-netcore-entities\Kitpymes.Core.Entities.Tests\bin\Debug\net5.0\Kitpymes.Core.Entities.Tests.dll" adapterTypeName="executor://mstestadapter/v2" className="Kitpymes.Core.Entities.ValueObjects.Tests.FullNameTests" name="ToString_Passing_Valid_Values_Returns_Value_String_Format" />
    </UnitTest>
  </TestDefinitions>
  <TestEntries>
    <TestEntry testId="3da4ed24-310c-45da-85b3-5a874cfb0b4b" executionId="d1e10a25-66b2-4a3e-bac3-05cec25022db" testListId="8c84fa94-04c1-424b-9868-57a2d4851a1d" />
    <TestEntry testId="ddeed30a-9d92-41ed-9bd9-5fb09be93225" executionId="7e811dd3-055d-4795-9cca-77d79896474a" testListId="8c84fa94-04c1-424b-9868-57a2d4851a1d" />
    <TestEntry testId="f489ffbc-2fc0-4092-a5a0-4005bcb0ea1a" executionId="84337c71-1cca-4b8c-aa7f-57000d5e7cfc" testListId="8c84fa94-04c1-424b-9868-57a2d4851a1d" />
    <TestEntry testId="66c55764-3811-4aa0-9496-022418451a5f" executionId="50b13b17-b1d4-4cea-af51-8f06e6b21151" testListId="8c84fa94-04c1-424b-9868-57a2d4851a1d" />
    <TestEntry testId="779e573b-756b-4da0-9828-265e0ba577b9" executionId="a4017071-046e-489a-8575-b6970c29ef94" testListId="8c84fa94-04c1-424b-9868-57a2d4851a1d" />
    <TestEntry testId="1529e3e9-3864-4473-9e64-8b317873e598" executionId="1e388704-0a5a-480b-b057-81a005ad1d84" testListId="8c84fa94-04c1-424b-9868-57a2d4851a1d" />
    <TestEntry testId="bed68130-27ca-4fe4-b554-4e1c0405068e" executionId="fd93cee8-7c3e-443b-b013-ebefc7fd30c0" testListId="8c84fa94-04c1-424b-9868-57a2d4851a1d" />
    <TestEntry testId="0badaa70-150e-45c9-a0d2-3d621f89188a" executionId="269d9108-b553-429e-8230-aed4d3f9570f" testListId="8c84fa94-04c1-424b-9868-57a2d4851a1d" />
    <TestEntry testId="a602b2a5-a369-4db1-acf4-c8389f393fd7" executionId="c478e438-69d7-4054-bb7a-1a1bdef4962d" testListId="8c84fa94-04c1-424b-9868-57a2d4851a1d" />
    <TestEntry testId="368d4ad0-7a6b-4394-9794-f5f41b72ec4d" executionId="5040a1da-1c02-4058-ae78-a7b31df652a8" testListId="8c84fa94-04c1-424b-9868-57a2d4851a1d" />
    <TestEntry testId="2a36c97b-2f43-44b1-996b-8de75e1277de" executionId="bd7f08c8-1a71-4a9d-a6c2-a8d7d1096198" testListId="8c84fa94-04c1-424b-9868-57a2d4851a1d" />
    <TestEntry testId="0a9a0c81-3ca4-44c3-903a-956c42e5d741" executionId="1fd4af87-62fd-4918-80f8-d22198c98e83" testListId="8c84fa94-04c1-424b-9868-57a2d4851a1d" />
    <TestEntry testId="ecfa7b5e-b3ca-4b3f-a64f-f8eeff7a88b9" executionId="b33a0204-f75d-4aee-a153-5dd71e9a4c55" testListId="8c84fa94-04c1-424b-9868-57a2d4851a1d" />
    <TestEntry testId="00fb32a4-cee0-4125-a334-67f603166d2a" executionId="c0347475-4c35-4bde-8e28-fb8b5c895205" testListId="8c84fa94-04c1-424b-9868-57a2d4851a1d" />
    <TestEntry testId="5e4ad81c-0639-414c-a6de-412d6506c021" executionId="a9ce1e78-89d8-400e-a857-d87d94084331" testListId="8c84fa94-04c1-424b-9868-57a2d4851a1d" />
    <TestEntry testId="fb34958a-6511-46a0-9636-1cb575f0032b" executionId="e7bc45ff-a2af-46fc-996d-89952f055542" testListId="8c84fa94-04c1-424b-9868-57a2d4851a1d" />
    <TestEntry testId="9eae8b2e-fd2f-4548-b9ad-126b6893fbcb" executionId="97f678b5-8c83-4510-8592-73774fd3bff7" testListId="8c84fa94-04c1-424b-9868-57a2d4851a1d" />
    <TestEntry testId="7da63871-b4e6-4c6f-8fdd-e8581518ee85" executionId="c1696f1d-838c-46ca-9c17-6d00da808946" testListId="8c84fa94-04c1-424b-9868-57a2d4851a1d" />
    <TestEntry testId="60e6e378-34cd-4ea2-9beb-e788c5bb7367" executionId="cc384487-c840-4f49-9a69-eab71d49d31c" testListId="8c84fa94-04c1-424b-9868-57a2d4851a1d" />
    <TestEntry testId="788fcaf1-c5b9-41ed-a04c-8a3615294b79" executionId="cac40f8c-f1ef-4e30-a971-c83b5e1920ef" testListId="8c84fa94-04c1-424b-9868-57a2d4851a1d" />
    <TestEntry testId="5dfc83ca-ac41-4a98-b8a3-5bc2dd08d148" executionId="16b34968-183a-432b-8007-b70a45dff9cd" testListId="8c84fa94-04c1-424b-9868-57a2d4851a1d" />
    <TestEntry testId="e8e526ce-7f3d-436b-8bdf-6e256f028470" executionId="b089d8de-63d2-4331-bcb0-04d236d8d191" testListId="8c84fa94-04c1-424b-9868-57a2d4851a1d" />
    <TestEntry testId="3d2f4419-fe8f-4aab-bf09-aa9466d805b4" executionId="96f35ab8-0c8c-4dc3-bddf-e1b554f047ae" testListId="8c84fa94-04c1-424b-9868-57a2d4851a1d" />
    <TestEntry testId="5d0ac45c-337f-4185-905b-f071768fa09b" executionId="36bb61ab-8a3d-4ece-a99c-ec9241e12e91" testListId="8c84fa94-04c1-424b-9868-57a2d4851a1d" />
    <TestEntry testId="fe7006e9-8e6d-43f2-a2a6-2dd18a84a35f" executionId="6ae4c21d-e0ef-459e-918f-ade7d25464e6" testListId="8c84fa94-04c1-424b-9868-57a2d4851a1d" />
    <TestEntry testId="f5fe6378-d036-489f-a228-5dabfbb4aff6" executionId="c0a97b8e-704f-4c4a-9238-babeb304d270" testListId="8c84fa94-04c1-424b-9868-57a2d4851a1d" />
    <TestEntry testId="221a8b3c-cb3a-454a-9e8c-48c516fb84d6" executionId="4c7c9e3f-9ba2-461a-a83f-0898621a346b" testListId="8c84fa94-04c1-424b-9868-57a2d4851a1d" />
    <TestEntry testId="1b242159-73ab-44a1-aa11-12df01c6db0e" executionId="bbd6c587-387e-4bbd-a13b-322df5135ff1" testListId="8c84fa94-04c1-424b-9868-57a2d4851a1d" />
    <TestEntry testId="9ef8ed19-f44d-43f4-967f-8f239d3e09eb" executionId="87c02d61-9592-42b8-91f0-6bd71f4bd0c4" testListId="8c84fa94-04c1-424b-9868-57a2d4851a1d" />
    <TestEntry testId="2736222d-3ee2-49aa-95ba-3580ceeb6d16" executionId="e62faeb8-ae98-48a9-8701-5fa837959d52" testListId="8c84fa94-04c1-424b-9868-57a2d4851a1d" />
    <TestEntry testId="8047feb4-7b5c-4031-96b3-cd1c53b45989" executionId="c246c46d-d9fa-479d-bd41-7e20440caecc" testListId="8c84fa94-04c1-424b-9868-57a2d4851a1d" />
    <TestEntry testId="3645a2f1-6db4-4c04-afc5-23dfb04afe6a" executionId="0533f897-7588-432d-8408-efd92a96c63d" testListId="8c84fa94-04c1-424b-9868-57a2d4851a1d" />
    <TestEntry testId="579b2006-4ae4-4206-98d8-3f5a0e98c26c" executionId="7c818829-c7cc-49f0-9b14-c5af0dcb2e71" testListId="8c84fa94-04c1-424b-9868-57a2d4851a1d" />
    <TestEntry testId="0c0261b5-300a-4771-be68-fe3311030a43" executionId="42839f80-c6ad-4577-9d09-a700cd1d9860" testListId="8c84fa94-04c1-424b-9868-57a2d4851a1d" />
    <TestEntry testId="f1aa9c67-e8b7-4a7b-b681-a1332f912f9b" executionId="9ee8ed9e-2cec-4bd0-aadd-35701716a1ea" testListId="8c84fa94-04c1-424b-9868-57a2d4851a1d" />
    <TestEntry testId="6f81f474-e581-4435-a833-54b4aaf8752d" executionId="1293eade-51b6-462e-8d8e-8949b826cdcd" testListId="8c84fa94-04c1-424b-9868-57a2d4851a1d" />
    <TestEntry testId="969fd9ae-274d-4f6a-a85e-8c3d512c1cfa" executionId="3b378f5e-621d-4681-9460-604831a02b65" testListId="8c84fa94-04c1-424b-9868-57a2d4851a1d" />
    <TestEntry testId="e73809f3-e799-46f6-8a41-42ce2f728418" executionId="d0cf6631-4201-498f-b406-da6e66bb97b2" testListId="8c84fa94-04c1-424b-9868-57a2d4851a1d" />
    <TestEntry testId="8b98fa50-8769-41af-ae43-bf0c7e877257" executionId="53cd700d-da7d-44dc-baaf-954082c4f15a" testListId="8c84fa94-04c1-424b-9868-57a2d4851a1d" />
    <TestEntry testId="e13699ea-1b3b-4db3-834e-4457c1c0551a" executionId="359b0ed3-8338-443e-8504-8f33bd0a9cc9" testListId="8c84fa94-04c1-424b-9868-57a2d4851a1d" />
    <TestEntry testId="9c17bb80-2ceb-4b0f-8ab7-5669eb4c8c99" executionId="e93a2545-6526-456c-b549-d47c7fe4e27f" testListId="8c84fa94-04c1-424b-9868-57a2d4851a1d" />
    <TestEntry testId="cf7922ed-8e87-4823-a4e9-0d416b7ba148" executionId="3902ed3a-8e70-4b72-a4fb-b15ec3c4e19b" testListId="8c84fa94-04c1-424b-9868-57a2d4851a1d" />
    <TestEntry testId="5e3a820b-472f-42bc-98aa-aef87297a307" executionId="13eec185-8dbd-4199-ab49-72b7ced00334" testListId="8c84fa94-04c1-424b-9868-57a2d4851a1d" />
    <TestEntry testId="be0e9943-5627-493a-9685-724d4d451f66" executionId="7044425f-4506-44d4-ab1a-b3e3a2d3e1ec" testListId="8c84fa94-04c1-424b-9868-57a2d4851a1d" />
    <TestEntry testId="e3223831-27a3-4c1b-8647-2c5422f22c5f" executionId="cc86c882-9e35-4522-abd7-04b232e9d115" testListId="8c84fa94-04c1-424b-9868-57a2d4851a1d" />
    <TestEntry testId="664967fe-421b-41a9-988a-2e7d070402d1" executionId="8f227e8b-f10b-4adc-aef5-32b5aba7bade" testListId="8c84fa94-04c1-424b-9868-57a2d4851a1d" />
    <TestEntry testId="ce0c20f8-613d-47bf-9e32-8862723d1d59" executionId="6a6cc2a3-4dc1-48b0-8513-2127341fab0a" testListId="8c84fa94-04c1-424b-9868-57a2d4851a1d" />
    <TestEntry testId="96dc87f6-6713-4ce6-8bb5-ecff6708db50" executionId="72d4afaa-d2fc-4929-86a9-484aa0ac4a06" testListId="8c84fa94-04c1-424b-9868-57a2d4851a1d" />
    <TestEntry testId="84e316aa-a7ca-48d9-af46-091ca6de08f9" executionId="b5016efc-a33a-4ee4-818e-a0dd5c535bcf" testListId="8c84fa94-04c1-424b-9868-57a2d4851a1d" />
    <TestEntry testId="afb97739-306d-4949-9c34-83a5a7830c8d" executionId="ce0d6eb8-a4cb-4714-8e87-cdd5e3b4c13b" testListId="8c84fa94-04c1-424b-9868-57a2d4851a1d" />
    <TestEntry testId="c378184a-9d51-4bbd-b607-6a268cf11d46" executionId="44e65074-206e-4621-894e-9d866bf440ad" testListId="8c84fa94-04c1-424b-9868-57a2d4851a1d" />
    <TestEntry testId="1bb9f2e3-effe-4709-b0a8-bf265eb78c56" executionId="e6b6658f-7490-43d1-a071-f6a266376941" testListId="8c84fa94-04c1-424b-9868-57a2d4851a1d" />
    <TestEntry testId="f5fe1956-e347-4142-9e3c-436c77ab48f0" executionId="051f5fbe-4ef2-4776-82f9-a297f5616d0c" testListId="8c84fa94-04c1-424b-9868-57a2d4851a1d" />
    <TestEntry testId="886091b7-9e08-4f4d-b80f-bd0422dbc6d6" executionId="4b847dcb-848e-4624-9718-1deccfbad5f9" testListId="8c84fa94-04c1-424b-9868-57a2d4851a1d" />
    <TestEntry testId="35f75fd0-26c4-4d77-8a74-86f4009a351a" executionId="d4b0ff01-530a-46cf-bf62-211e39aac090" testListId="8c84fa94-04c1-424b-9868-57a2d4851a1d" />
    <TestEntry testId="9e4a3c86-5baa-4bdb-b986-7cfe52b161fc" executionId="8cfb23cf-14f1-4646-bd6a-f982e42bc1cc" testListId="8c84fa94-04c1-424b-9868-57a2d4851a1d" />
    <TestEntry testId="5d26ee22-37e0-4c2e-9984-4da36e6b6689" executionId="a6132645-1bb4-4645-b554-c80862863c15" testListId="8c84fa94-04c1-424b-9868-57a2d4851a1d" />
    <TestEntry testId="116e01c1-5249-49ba-80a5-d0c757e0a37d" executionId="f6122539-7e66-4d4f-a1c7-e9ffdc1b1d9f" testListId="8c84fa94-04c1-424b-9868-57a2d4851a1d" />
    <TestEntry testId="24f139fc-1dc1-47c6-b704-58fe07449ec3" executionId="b9782000-01d2-4125-8728-6cf0390bcca4" testListId="8c84fa94-04c1-424b-9868-57a2d4851a1d" />
    <TestEntry testId="42ee7f55-97a2-4b33-9e93-ca8e1b55cbd2" executionId="804982d3-2db3-43b2-8519-f6f1fa3c5da9" testListId="8c84fa94-04c1-424b-9868-57a2d4851a1d" />
    <TestEntry testId="b9ef4d6e-1c04-4d61-aa5a-ae899f1d3a5f" executionId="83a14799-4973-44f2-8cdd-ea1b3eb4a542" testListId="8c84fa94-04c1-424b-9868-57a2d4851a1d" />
    <TestEntry testId="9e87d9fd-6653-4ea7-af3a-d85f39be8f6c" executionId="1591b8fd-1bac-4268-a1af-cf7ee181e90a" testListId="8c84fa94-04c1-424b-9868-57a2d4851a1d" />
    <TestEntry testId="847f0d83-95b9-4c87-ac42-ec3f8c002e51" executionId="88e9b135-e453-4a8c-ad6d-27b183a46ad3" testListId="8c84fa94-04c1-424b-9868-57a2d4851a1d" />
    <TestEntry testId="754f9f31-7fdd-4dbc-8e9b-539dbb548dd6" executionId="73687a97-ec98-4110-a2b5-7642cc570942" testListId="8c84fa94-04c1-424b-9868-57a2d4851a1d" />
    <TestEntry testId="e87d3b00-69df-4225-92c8-94319ee2f2f2" executionId="87dbaeff-5427-42b0-8e53-fdd5382d484a" testListId="8c84fa94-04c1-424b-9868-57a2d4851a1d" />
    <TestEntry testId="10289a2e-b4a5-4206-b909-c7f6982c2365" executionId="77cb651e-05b0-434d-987c-8adcded5a9a2" testListId="8c84fa94-04c1-424b-9868-57a2d4851a1d" />
    <TestEntry testId="77bbc7c9-b971-48d6-baed-940b137f9388" executionId="4dea3168-508c-4ed5-928d-d02e583cf61f" testListId="8c84fa94-04c1-424b-9868-57a2d4851a1d" />
    <TestEntry testId="bf3ccd49-b5e0-400b-a4cc-df098349a4d2" executionId="f29eb72d-fdba-4d42-99cd-c3fbf63468dc" testListId="8c84fa94-04c1-424b-9868-57a2d4851a1d" />
    <TestEntry testId="d77247c4-8e58-44ec-8508-0c3cfde82e9b" executionId="4d5f2186-5c20-4863-af82-4d9f8527c2ae" testListId="8c84fa94-04c1-424b-9868-57a2d4851a1d" />
    <TestEntry testId="efbb7ca2-b7c4-4e3e-ade8-75158f713164" executionId="4da73c7e-3a63-4e26-bccf-3a1eb1759553" testListId="8c84fa94-04c1-424b-9868-57a2d4851a1d" />
    <TestEntry testId="4921fc60-686c-4fcf-ba09-ed809ac0f534" executionId="cb68aca8-7570-41ee-ba64-58682e60a026" testListId="8c84fa94-04c1-424b-9868-57a2d4851a1d" />
    <TestEntry testId="f4350b81-601a-47f5-a337-d6f642b254f4" executionId="12fb894a-8a40-423f-ad2e-bc0ab904c109" testListId="8c84fa94-04c1-424b-9868-57a2d4851a1d" />
    <TestEntry testId="723032f6-c9ad-499b-a54b-6c21ab5dacbc" executionId="51677ef3-7ccd-41f2-9053-a890db5934c2" testListId="8c84fa94-04c1-424b-9868-57a2d4851a1d" />
    <TestEntry testId="bf05fda1-aaf2-41ed-b046-db40ff19ad2c" executionId="547814b5-306e-4783-ba2d-45b9c5c60f64" testListId="8c84fa94-04c1-424b-9868-57a2d4851a1d" />
    <TestEntry testId="9d103db0-6dfb-4f20-9694-22afd0095a33" executionId="19d225e9-f028-47bb-85d9-077f4a56af3c" testListId="8c84fa94-04c1-424b-9868-57a2d4851a1d" />
    <TestEntry testId="190282bc-a920-4f5c-96f3-21ff65c1371b" executionId="4c4643cd-1b91-4e08-874b-b2245712c19a" testListId="8c84fa94-04c1-424b-9868-57a2d4851a1d" />
    <TestEntry testId="7ffc7b54-53e2-4cba-8127-140a7b097861" executionId="65ca7ab7-d18a-48af-9ba7-92bebabdba18" testListId="8c84fa94-04c1-424b-9868-57a2d4851a1d" />
    <TestEntry testId="9e5296e6-42ae-48a8-894d-4c04d71df2ac" executionId="5e70b90a-f0dc-4578-acdc-b2511ea76028" testListId="8c84fa94-04c1-424b-9868-57a2d4851a1d" />
    <TestEntry testId="a58a7124-f2fd-4066-8bca-331b32efab7e" executionId="de653689-1fee-4bce-b165-c6488cefa25f" testListId="8c84fa94-04c1-424b-9868-57a2d4851a1d" />
    <TestEntry testId="5dd6972c-8131-48bc-95d8-c71417a56e5f" executionId="625b2768-a58f-463e-bb45-038cdaff40b4" testListId="8c84fa94-04c1-424b-9868-57a2d4851a1d" />
    <TestEntry testId="674534b7-8263-4862-899c-069aeddbe0d5" executionId="f9508415-6659-42cd-ac1e-a68bd6397341" testListId="8c84fa94-04c1-424b-9868-57a2d4851a1d" />
    <TestEntry testId="b216a330-f1d5-4929-bbb9-4eac69faca93" executionId="a70bba32-6d27-4efb-ae47-55142e6dcf23" testListId="8c84fa94-04c1-424b-9868-57a2d4851a1d" />
    <TestEntry testId="94ca8e99-6ab1-4318-b2e3-986c55162a64" executionId="e8ec2d00-e006-445b-9778-c886a87c09f5" testListId="8c84fa94-04c1-424b-9868-57a2d4851a1d" />
    <TestEntry testId="eea2653a-4e70-4b8d-8be0-2e6153050811" executionId="b7808880-6b2b-4f3f-b06d-39e85fff98a7" testListId="8c84fa94-04c1-424b-9868-57a2d4851a1d" />
    <TestEntry testId="1bbedf7a-6315-4de0-9a17-1ece186b3870" executionId="ed22f459-ffc4-425f-b6a0-0eaadbb7c7d9" testListId="8c84fa94-04c1-424b-9868-57a2d4851a1d" />
    <TestEntry testId="b9449425-3a5b-4cfa-9989-e7a7cde7da33" executionId="d1d57652-a824-40d0-9a05-ce2c044a5625" testListId="8c84fa94-04c1-424b-9868-57a2d4851a1d" />
    <TestEntry testId="f3d9c7de-f81d-4622-b55e-5ad53b101ad1" executionId="dc00f4a2-7d7d-4f54-b428-9abb156bcff6" testListId="8c84fa94-04c1-424b-9868-57a2d4851a1d" />
    <TestEntry testId="0244a509-73f5-49fa-ac23-1fc18efc94f0" executionId="07948134-f6d9-44dc-8c74-42fe864f69d2" testListId="8c84fa94-04c1-424b-9868-57a2d4851a1d" />
    <TestEntry testId="d2007f58-391a-4f2a-b129-add9306c99f9" executionId="90dc53b2-b1c9-477b-9435-9d0607d3433c" testListId="8c84fa94-04c1-424b-9868-57a2d4851a1d" />
    <TestEntry testId="ed6b27f6-2b9c-4283-9407-1684927ca13a" executionId="34a980dc-1340-4eef-99b5-8fd3f2c6f014" testListId="8c84fa94-04c1-424b-9868-57a2d4851a1d" />
    <TestEntry testId="8b3fede7-0390-46df-99c3-8270a9c5d55c" executionId="64a80014-e995-45f8-835c-652d901278f1" testListId="8c84fa94-04c1-424b-9868-57a2d4851a1d" />
    <TestEntry testId="9175e478-1aa8-485c-b739-735fa5b6da72" executionId="20d06eb9-bf84-438d-9b49-7632e6e83eea" testListId="8c84fa94-04c1-424b-9868-57a2d4851a1d" />
    <TestEntry testId="5aabb345-5cea-4e31-8118-1dcee71f28bb" executionId="d7a2685d-502e-4a13-a3f4-c320663c5c5d" testListId="8c84fa94-04c1-424b-9868-57a2d4851a1d" />
    <TestEntry testId="acfb0b3d-3bb5-4bc0-8e67-6eb47a256d9b" executionId="5ef85bf6-51ce-4a75-af2a-55758a0928f3" testListId="8c84fa94-04c1-424b-9868-57a2d4851a1d" />
    <TestEntry testId="e400daf5-7f9f-43aa-8e88-91ebb099f6ab" executionId="6712a7cf-971d-42e3-be40-08effcb3231e" testListId="8c84fa94-04c1-424b-9868-57a2d4851a1d" />
    <TestEntry testId="044c7762-ee8a-4431-bf00-4c3ae66e0f9e" executionId="e8af54ec-860e-4de6-aeab-d3e4f7eaaff3" testListId="8c84fa94-04c1-424b-9868-57a2d4851a1d" />
    <TestEntry testId="03352f61-8478-4843-ac70-86713259dc09" executionId="14a87254-cc3c-48ef-8634-3f51de19bd87" testListId="8c84fa94-04c1-424b-9868-57a2d4851a1d" />
    <TestEntry testId="ebca2c24-add6-4804-adfb-ebf90fe8517b" executionId="feba8156-ddf9-4737-8faa-28bbfff5c3c3" testListId="8c84fa94-04c1-424b-9868-57a2d4851a1d" />
    <TestEntry testId="6fcc144f-43d2-4ae4-99ea-4f74985c51f5" executionId="354dc68a-03ad-4238-b263-0df505bcdc7d" testListId="8c84fa94-04c1-424b-9868-57a2d4851a1d" />
    <TestEntry testId="371f1a15-7ce7-4b08-870b-d8e2b20c14dc" executionId="0b0b971f-3406-4d45-bd4f-a82bcec648ea" testListId="8c84fa94-04c1-424b-9868-57a2d4851a1d" />
    <TestEntry testId="e3eaa59b-246f-4ddb-af9f-368275e0a6de" executionId="4eb6c113-c870-418a-9b93-654dab782991" testListId="8c84fa94-04c1-424b-9868-57a2d4851a1d" />
    <TestEntry testId="850f975c-4323-4f7f-b7d0-5c5425acdde7" executionId="d1b027d2-7f2d-4b27-b412-98e9b567807e" testListId="8c84fa94-04c1-424b-9868-57a2d4851a1d" />
    <TestEntry testId="07948cb5-79bf-4f6f-adbe-1793333d2ac6" executionId="d9170849-3473-4efa-87e5-09f69c06bc42" testListId="8c84fa94-04c1-424b-9868-57a2d4851a1d" />
    <TestEntry testId="60df7fbc-0e2f-4ae3-8e65-c5fd064e464e" executionId="f1cb336c-91ec-4903-b069-fb48353ea9c5" testListId="8c84fa94-04c1-424b-9868-57a2d4851a1d" />
    <TestEntry testId="83df7e6f-7d2f-42a1-83ac-81e69ed65037" executionId="750d5d98-ef34-4bc0-8a86-101cb679ad37" testListId="8c84fa94-04c1-424b-9868-57a2d4851a1d" />
    <TestEntry testId="881d953a-8188-4bc0-92f8-bfd22b5e892c" executionId="2f93ba5e-318b-4ed6-aa09-d938a9ef8520" testListId="8c84fa94-04c1-424b-9868-57a2d4851a1d" />
    <TestEntry testId="48bba157-28f6-4248-a612-b21a77871bae" executionId="4ac0782c-2446-4829-890f-b7f6be8ad0e8" testListId="8c84fa94-04c1-424b-9868-57a2d4851a1d" />
    <TestEntry testId="02dd04bb-6b94-4d1c-9a62-b005985a40d8" executionId="cd5109e4-f2c5-40dc-abbf-651cfb1f8ee1" testListId="8c84fa94-04c1-424b-9868-57a2d4851a1d" />
    <TestEntry testId="f21c3a3c-172e-4cab-9c18-f3653df7ee25" executionId="9a9adf77-d61f-4d1f-9164-ac42fea8f183" testListId="8c84fa94-04c1-424b-9868-57a2d4851a1d" />
    <TestEntry testId="4f8006f3-42b9-4737-8df1-1ed84423187a" executionId="5cebb66a-221b-4eb5-81d9-3941f5c2bb20" testListId="8c84fa94-04c1-424b-9868-57a2d4851a1d" />
    <TestEntry testId="c50d3e31-7312-43c8-9402-24c18e5eee2d" executionId="cd62d575-f939-40e8-9d6a-11e2a8b33e49" testListId="8c84fa94-04c1-424b-9868-57a2d4851a1d" />
    <TestEntry testId="e3048b70-7604-4ee6-ad02-3b496a65efb2" executionId="aeed4df7-20c9-45d4-9aa8-7a34e522b2c6" testListId="8c84fa94-04c1-424b-9868-57a2d4851a1d" />
    <TestEntry testId="5ae7c894-58cb-4f80-b3cd-8b221bcb350f" executionId="9b1076ea-0e22-4a31-9990-f147805025a6" testListId="8c84fa94-04c1-424b-9868-57a2d4851a1d" />
    <TestEntry testId="be071803-377f-4f53-ab57-efbea1be1ef7" executionId="035a84f1-61b3-433e-ad1d-003d08112f7b" testListId="8c84fa94-04c1-424b-9868-57a2d4851a1d" />
    <TestEntry testId="6b243f57-5d9c-4c77-ba7b-66d17380dffb" executionId="a600bad8-5a65-461c-a8e1-a8a8925b8bac" testListId="8c84fa94-04c1-424b-9868-57a2d4851a1d" />
    <TestEntry testId="8d8d2f79-27b6-4bc4-ada7-5e9c58b9e55a" executionId="0b7622bd-5268-4019-8637-a925ab5c1919" testListId="8c84fa94-04c1-424b-9868-57a2d4851a1d" />
    <TestEntry testId="58dce493-8432-4e5e-91df-1308c0458984" executionId="dd1a96c0-c880-45dd-abb9-10deb0ac7885" testListId="8c84fa94-04c1-424b-9868-57a2d4851a1d" />
    <TestEntry testId="cf510088-ff95-408c-9eae-f81a23fe31a2" executionId="94ad987c-fcff-482f-9643-669ff3aa4ee8" testListId="8c84fa94-04c1-424b-9868-57a2d4851a1d" />
    <TestEntry testId="87109369-2583-40f0-be0d-8dd1bf5ae05e" executionId="7d931d11-bd6d-42ca-9ac6-e43f162b13c3" testListId="8c84fa94-04c1-424b-9868-57a2d4851a1d" />
    <TestEntry testId="1fce4088-b6b6-4e5d-a9b6-e077af609c44" executionId="2748bd69-8829-4c81-97bf-59cc25f70c88" testListId="8c84fa94-04c1-424b-9868-57a2d4851a1d" />
    <TestEntry testId="5ff0c6d3-2039-44a8-936f-ad8e1c8bbc67" executionId="265d3604-9404-45be-8871-d1495c17e846" testListId="8c84fa94-04c1-424b-9868-57a2d4851a1d" />
    <TestEntry testId="e8ad46da-8771-47c6-afb6-5f6afabb6812" executionId="333f1bf7-6ef8-4ed3-b04c-d5ba7b5db1bb" testListId="8c84fa94-04c1-424b-9868-57a2d4851a1d" />
    <TestEntry testId="5173a18a-8bb7-4e2b-b987-58baa90a0d3b" executionId="e224f48b-2515-4f59-8540-2fe406230b4c" testListId="8c84fa94-04c1-424b-9868-57a2d4851a1d" />
    <TestEntry testId="a1904477-6716-4a56-8dce-ba7dfb0abbb1" executionId="a9a5fbed-8313-452d-a1e5-3c2d6ddfb6fc" testListId="8c84fa94-04c1-424b-9868-57a2d4851a1d" />
    <TestEntry testId="a9ed8253-aa95-45de-bb52-776f2e205cc4" executionId="f6eadcf9-e41b-4825-855b-8dcbb316af8a" testListId="8c84fa94-04c1-424b-9868-57a2d4851a1d" />
    <TestEntry testId="a875c477-d249-4a7b-abf3-1536e4af83fe" executionId="3173854e-d9df-45ef-a413-a3172963aa48" testListId="8c84fa94-04c1-424b-9868-57a2d4851a1d" />
    <TestEntry testId="ee41159a-845c-460e-abfa-44701cc62acd" executionId="bc87d75b-7bbd-46c8-bbf9-a48831109944" testListId="8c84fa94-04c1-424b-9868-57a2d4851a1d" />
    <TestEntry testId="d9381df4-bce7-43c6-8ca5-960bd1bab132" executionId="fe12f687-4afa-48f3-807a-cb80fb2635c7" testListId="8c84fa94-04c1-424b-9868-57a2d4851a1d" />
    <TestEntry testId="47223ea8-c5bb-436d-934a-cdc9c50ee5b8" executionId="5337fba9-4825-49a0-a30a-7b8d1feb88bb" testListId="8c84fa94-04c1-424b-9868-57a2d4851a1d" />
    <TestEntry testId="1467506f-6951-4eb6-a4b8-a200dcb75213" executionId="0b1fef3c-a0fe-4013-9662-7bfad5ee4472" testListId="8c84fa94-04c1-424b-9868-57a2d4851a1d" />
    <TestEntry testId="6609f2a5-3417-4167-b04e-470095ea67f6" executionId="dde53f84-4c9b-4710-8d5e-ec43e0019a55" testListId="8c84fa94-04c1-424b-9868-57a2d4851a1d" />
    <TestEntry testId="182d267b-a9f5-4bd5-98f1-71c441035bce" executionId="79f0c53a-9277-4fdb-9b31-1f7309cd65ef" testListId="8c84fa94-04c1-424b-9868-57a2d4851a1d" />
    <TestEntry testId="edee4b95-4393-43c4-9120-c3bf2ce57cb6" executionId="35b759f1-18b1-4f38-baff-74d06897a13b" testListId="8c84fa94-04c1-424b-9868-57a2d4851a1d" />
    <TestEntry testId="c8131520-3bfe-4081-bebd-addedf231fbc" executionId="300e1cc6-a186-4698-9dfc-e38c0eb3f4d8" testListId="8c84fa94-04c1-424b-9868-57a2d4851a1d" />
    <TestEntry testId="da046bef-23d8-4488-9119-67526f6bb1a6" executionId="ff5b5a50-91fb-43ff-bcad-9db7571655bd" testListId="8c84fa94-04c1-424b-9868-57a2d4851a1d" />
    <TestEntry testId="abb724c5-a856-44de-8ecc-6482284cc003" executionId="6a8d3e5d-4b54-4e63-a210-688d49236f9e" testListId="8c84fa94-04c1-424b-9868-57a2d4851a1d" />
    <TestEntry testId="a0f61655-fd34-430e-88e9-b3f8a10ff385" executionId="2341145c-39ee-4a47-a38c-0263f153ba38" testListId="8c84fa94-04c1-424b-9868-57a2d4851a1d" />
    <TestEntry testId="06323262-789b-40a5-b30c-f58806b5101f" executionId="7598eb68-9582-46db-b213-c30b13918d65" testListId="8c84fa94-04c1-424b-9868-57a2d4851a1d" />
    <TestEntry testId="753376ba-fb18-4e4e-b6e9-68e71368fb14" executionId="3ba5fb0a-cfc4-4b6e-8b4f-da2cf75ce858" testListId="8c84fa94-04c1-424b-9868-57a2d4851a1d" />
    <TestEntry testId="4441aa6a-5806-4c50-8f6f-28ce94c6529f" executionId="46d80178-0579-4cbc-8d15-b9f203a25f2d" testListId="8c84fa94-04c1-424b-9868-57a2d4851a1d" />
    <TestEntry testId="06e0ad2c-3d10-4f16-9d85-f7203a7e5f09" executionId="3bf30ee6-00e0-4d03-aeb6-17708c2da534" testListId="8c84fa94-04c1-424b-9868-57a2d4851a1d" />
    <TestEntry testId="7c116f67-c263-42ce-bfac-11161efc6afb" executionId="58a4409c-99d9-428a-81ac-da6574d20d08" testListId="8c84fa94-04c1-424b-9868-57a2d4851a1d" />
    <TestEntry testId="c4e5047f-35a2-4eb4-a1c6-34b0b29eb6f6" executionId="123e9656-0e10-495d-93ca-1a93e128e26f" testListId="8c84fa94-04c1-424b-9868-57a2d4851a1d" />
    <TestEntry testId="fa36e288-5d37-4a2f-a7f7-626d22325246" executionId="9e07d1a7-f3bb-4454-9e89-da90f8f1ca51" testListId="8c84fa94-04c1-424b-9868-57a2d4851a1d" />
    <TestEntry testId="62015711-f6b7-42e0-bb9e-447630357353" executionId="9b759832-1a5a-4af4-b393-434fd0bfa280" testListId="8c84fa94-04c1-424b-9868-57a2d4851a1d" />
    <TestEntry testId="3da46d7b-39f5-49e4-a6d7-617512218e00" executionId="5653fad3-c974-4c01-94ca-1152c882eb8b" testListId="8c84fa94-04c1-424b-9868-57a2d4851a1d" />
    <TestEntry testId="cc91d9e7-1c1d-4eec-a721-d7138f307fe3" executionId="af023aaa-91d8-49a2-bcfd-04dd4ac7879f" testListId="8c84fa94-04c1-424b-9868-57a2d4851a1d" />
    <TestEntry testId="fde1721e-cbff-4dfc-8f31-ed21ae1e339a" executionId="8ecd6c18-a67c-46b2-af0e-1f3bf33325ef" testListId="8c84fa94-04c1-424b-9868-57a2d4851a1d" />
    <TestEntry testId="d0bbc7de-f541-4f9f-8815-2a511b26a499" executionId="ed6a9e0c-ed75-4cdd-891a-bbd7c0b127f6" testListId="8c84fa94-04c1-424b-9868-57a2d4851a1d" />
    <TestEntry testId="3ce62bab-facd-44e6-b8b5-48f972a60add" executionId="24142a9d-9b80-4af1-b55c-7ffdad82dcdd" testListId="8c84fa94-04c1-424b-9868-57a2d4851a1d" />
    <TestEntry testId="53b7ac02-68a6-461e-ae90-0bafb74951f7" executionId="873d4f78-f135-4a5b-b58d-fcd0615b4406" testListId="8c84fa94-04c1-424b-9868-57a2d4851a1d" />
    <TestEntry testId="d0593c25-1b1c-4a68-b697-71f3f345bedd" executionId="dadbbd6e-c789-4068-aca4-7763c005c2bc" testListId="8c84fa94-04c1-424b-9868-57a2d4851a1d" />
    <TestEntry testId="5a849776-e8d3-4b33-998f-8ee61076fbc9" executionId="1190b471-c5f1-4d75-94f1-4d6035081013" testListId="8c84fa94-04c1-424b-9868-57a2d4851a1d" />
    <TestEntry testId="a26e5ab0-43fd-4159-be07-9b1acc04ec8b" executionId="d538b13b-6d2b-4d03-8575-56f7f8003da7" testListId="8c84fa94-04c1-424b-9868-57a2d4851a1d" />
    <TestEntry testId="46ca1aa4-8232-437a-bb9d-12f2faac8b88" executionId="53fb0b53-45fa-4dbf-b1db-2c8eb380f750" testListId="8c84fa94-04c1-424b-9868-57a2d4851a1d" />
    <TestEntry testId="75409244-afcc-4238-aeaf-e24f7776d24e" executionId="d361e710-4d96-4273-8551-1cd230260666" testListId="8c84fa94-04c1-424b-9868-57a2d4851a1d" />
    <TestEntry testId="019b067f-f13b-4272-972f-b0f62aa57b38" executionId="8f83ac66-cc71-437c-92fb-9282598f33db" testListId="8c84fa94-04c1-424b-9868-57a2d4851a1d" />
    <TestEntry testId="7bc3bbe8-fb05-49ac-85d0-34a6796f266d" executionId="4455b4ed-0608-4998-a838-02a0f48ab5fc" testListId="8c84fa94-04c1-424b-9868-57a2d4851a1d" />
    <TestEntry testId="83ed2020-1592-4554-9c7d-30ea425bd242" executionId="cf7b2db0-94c2-4da1-91f3-8bc193ca066d" testListId="8c84fa94-04c1-424b-9868-57a2d4851a1d" />
    <TestEntry testId="10c7f650-85d1-4bb2-864c-af698da7b650" executionId="9c8a8ea9-d0bf-48a5-b48a-bdcf1663372c" testListId="8c84fa94-04c1-424b-9868-57a2d4851a1d" />
    <TestEntry testId="fa14a178-b306-4624-b94c-e8872a0ceac3" executionId="7aafd965-a067-4292-9c96-23b117f355a6" testListId="8c84fa94-04c1-424b-9868-57a2d4851a1d" />
    <TestEntry testId="6719bfb2-2e2f-4587-812d-dace98555be6" executionId="89043bb8-9e52-4b15-a130-457a600a520d" testListId="8c84fa94-04c1-424b-9868-57a2d4851a1d" />
    <TestEntry testId="1ac3eff8-549d-4564-af5b-415f665015c0" executionId="cc164b3f-a485-4cde-a69d-328a712f9e7d" testListId="8c84fa94-04c1-424b-9868-57a2d4851a1d" />
    <TestEntry testId="80a4a812-e63f-4879-9c72-3ba5ac4531db" executionId="afac56c8-466d-444c-bc45-b4208597dbd5" testListId="8c84fa94-04c1-424b-9868-57a2d4851a1d" />
    <TestEntry testId="2c5c99f0-42b4-44e2-baa0-c7296a6ce38e" executionId="812ed088-e538-4e1a-a588-ce94903ea40d" testListId="8c84fa94-04c1-424b-9868-57a2d4851a1d" />
    <TestEntry testId="b20e26ba-af65-420a-880b-b34a439453ac" executionId="3a8bbf5a-a546-4dd4-bab9-c8db2d17739d" testListId="8c84fa94-04c1-424b-9868-57a2d4851a1d" />
    <TestEntry testId="82666afd-5a26-4516-a7b4-ecb53c6ed6c8" executionId="dc57cf6a-fb62-4a43-b831-9bdc1b632c60" testListId="8c84fa94-04c1-424b-9868-57a2d4851a1d" />
    <TestEntry testId="c96fce7c-c4db-439d-9b05-662dbb8aad71" executionId="ce826afe-437e-472b-8ae8-0ce056569684" testListId="8c84fa94-04c1-424b-9868-57a2d4851a1d" />
    <TestEntry testId="50f9bd7c-8a11-43fd-b77c-b27fdf68dcad" executionId="184d9bf3-dae4-43de-b49a-0fb98dcb7014" testListId="8c84fa94-04c1-424b-9868-57a2d4851a1d" />
    <TestEntry testId="353f66de-7f62-4076-996c-9bfb42a62091" executionId="9e00582d-ebbc-47ca-bdb4-6f15137e6dc2" testListId="8c84fa94-04c1-424b-9868-57a2d4851a1d" />
    <TestEntry testId="d3afc803-fa89-44b3-96a1-96f2a133da73" executionId="e6728947-c44f-433a-8816-1cf401859303" testListId="8c84fa94-04c1-424b-9868-57a2d4851a1d" />
    <TestEntry testId="a211f2b4-51e4-4e3f-9f4e-1424a7f2cb3d" executionId="2ac3f15f-f86e-4c35-9d3d-ed21eff4be6c" testListId="8c84fa94-04c1-424b-9868-57a2d4851a1d" />
    <TestEntry testId="56011318-2943-4d04-952a-60227c5acace" executionId="2ec41484-d1a8-41c1-8107-842bf5d12fe3" testListId="8c84fa94-04c1-424b-9868-57a2d4851a1d" />
    <TestEntry testId="3e36e1b9-f8ce-4b06-a163-1eb395f49c2f" executionId="d8bc1cfa-5b74-4750-bcc1-54fcc2f53aa2" testListId="8c84fa94-04c1-424b-9868-57a2d4851a1d" />
    <TestEntry testId="bf5329fe-5e6a-4e47-9ef4-466afa7e7d64" executionId="67b1ddad-8490-4c46-96d6-ea86c3054a9e" testListId="8c84fa94-04c1-424b-9868-57a2d4851a1d" />
    <TestEntry testId="31f8ee79-42c5-4df3-a970-01eca8d21c43" executionId="69db5662-65fa-4c88-97b9-5b78399363c6" testListId="8c84fa94-04c1-424b-9868-57a2d4851a1d" />
    <TestEntry testId="2b16fa62-08b0-4f19-84fa-5d92d3f5af88" executionId="e4cd41ef-eae2-4738-b17b-673b16b3062c" testListId="8c84fa94-04c1-424b-9868-57a2d4851a1d" />
    <TestEntry testId="38217d5e-2429-4a94-9706-d1b3bbc4319c" executionId="6da4f14e-bd17-4d8f-b5f9-baf98f7940d2" testListId="8c84fa94-04c1-424b-9868-57a2d4851a1d" />
    <TestEntry testId="e06469d7-d10d-465d-9270-0e40195fff06" executionId="1e3b79fd-97fb-4e3a-b7cc-1bc07f5097c5" testListId="8c84fa94-04c1-424b-9868-57a2d4851a1d" />
    <TestEntry testId="fe0004f9-f967-40c5-97a7-2713b395a32c" executionId="3a0efe34-337c-4be5-8979-6058041cb164" testListId="8c84fa94-04c1-424b-9868-57a2d4851a1d" />
    <TestEntry testId="4e192da8-bdc0-456f-860a-6c7c9fe1c445" executionId="57c69a58-4e6b-4ea5-97ed-c4ef3244277d" testListId="8c84fa94-04c1-424b-9868-57a2d4851a1d" />
    <TestEntry testId="4d22be9f-3b1c-40a0-8158-128eaf26a0a8" executionId="f16f9945-7a6e-4190-aee3-709b34bd98c1" testListId="8c84fa94-04c1-424b-9868-57a2d4851a1d" />
    <TestEntry testId="0122755a-dc94-4f1f-8d8b-365cfe1c94af" executionId="fb21f793-f99c-4688-bb79-267373a27a50" testListId="8c84fa94-04c1-424b-9868-57a2d4851a1d" />
    <TestEntry testId="5c562bcf-438e-42d5-8e63-2dbaaedd19e5" executionId="61274511-4655-4431-b0b3-9e297ca3194a" testListId="8c84fa94-04c1-424b-9868-57a2d4851a1d" />
    <TestEntry testId="79b84798-ce43-4de7-ab97-cc55441a645a" executionId="a7c17e11-9135-477f-ae49-8c73bfd6690b" testListId="8c84fa94-04c1-424b-9868-57a2d4851a1d" />
    <TestEntry testId="dbe3671d-57f9-491f-94d0-d120700b62d4" executionId="210219db-f775-4e4e-a87a-2fe309dc840a" testListId="8c84fa94-04c1-424b-9868-57a2d4851a1d" />
    <TestEntry testId="b3313af5-d9ca-4513-8c24-0f4f3aa55122" executionId="e38812df-efd1-4923-a18d-185c27450c4a" testListId="8c84fa94-04c1-424b-9868-57a2d4851a1d" />
    <TestEntry testId="4ff34092-fe57-4957-8124-4277a6631999" executionId="19abd0ea-c8ab-41e7-953c-ef639914e9e2" testListId="8c84fa94-04c1-424b-9868-57a2d4851a1d" />
    <TestEntry testId="7b37e179-7b5f-44ca-a701-5c5b196980ea" executionId="968e6058-ee0a-4efe-a801-128bdebcb814" testListId="8c84fa94-04c1-424b-9868-57a2d4851a1d" />
    <TestEntry testId="03c7b23c-da90-4998-be3f-6cf4c1c397fa" executionId="a44dfbce-7213-43af-849c-b4b5904b8bd5" testListId="8c84fa94-04c1-424b-9868-57a2d4851a1d" />
    <TestEntry testId="ccca05f8-ca19-4d57-a0cf-20a0d600504f" executionId="ddd6bc74-3e8b-438e-8ca3-0b0044601005" testListId="8c84fa94-04c1-424b-9868-57a2d4851a1d" />
    <TestEntry testId="50d73055-62e7-4554-b90b-d840df8ceaaa" executionId="09e4e15c-5bbc-4753-b880-05cef3441161" testListId="8c84fa94-04c1-424b-9868-57a2d4851a1d" />
    <TestEntry testId="dbf089c6-b69a-440d-8403-5283bd5619f0" executionId="fcdead81-0f39-4333-97d5-2fe0812a7b2b" testListId="8c84fa94-04c1-424b-9868-57a2d4851a1d" />
    <TestEntry testId="c47c98be-6d2e-40ed-b8ad-ce4bf7e78ef7" executionId="e585f8ab-d694-49e7-9ce7-c3e4419b0452" testListId="8c84fa94-04c1-424b-9868-57a2d4851a1d" />
    <TestEntry testId="51a25d2f-a724-4a75-8ef7-3265b64e873d" executionId="14a9a2b1-c5e4-4900-ab27-2e3bec7108ce" testListId="8c84fa94-04c1-424b-9868-57a2d4851a1d" />
    <TestEntry testId="19016b01-fa1a-479b-b6f4-9c1d741b34d3" executionId="52443ffe-7b2c-4ac5-a149-7a10ef006f9d" testListId="8c84fa94-04c1-424b-9868-57a2d4851a1d" />
    <TestEntry testId="e8b75528-b0df-47f5-b80a-835a24d3afa4" executionId="a4c81011-3323-4072-ba90-66c54624db66" testListId="8c84fa94-04c1-424b-9868-57a2d4851a1d" />
    <TestEntry testId="7c53683d-67b9-4846-aed5-b170b43a514e" executionId="331fcf3a-f8a1-4cb2-becf-5638a3253962" testListId="8c84fa94-04c1-424b-9868-57a2d4851a1d" />
    <TestEntry testId="062e7fa9-57f7-490c-a728-ff78aad87efc" executionId="6a9fbe8d-6188-4d72-8772-62fdfbd12381" testListId="8c84fa94-04c1-424b-9868-57a2d4851a1d" />
    <TestEntry testId="d61692d8-c114-42ed-90a5-2c6ed746dcd5" executionId="1e6f8f5f-8e44-476c-bc3b-043c7a29c247" testListId="8c84fa94-04c1-424b-9868-57a2d4851a1d" />
    <TestEntry testId="7425fada-7b89-4751-8461-66d3d9e68f74" executionId="edf6d5ef-40e0-4ed2-a1b7-eb2e39a19665" testListId="8c84fa94-04c1-424b-9868-57a2d4851a1d" />
    <TestEntry testId="44374d9d-6172-4b12-bd88-0809fe378975" executionId="a5c00f5f-a946-4a17-99bc-5f729fbe5f61" testListId="8c84fa94-04c1-424b-9868-57a2d4851a1d" />
    <TestEntry testId="d1bd1465-1aae-43f2-8148-fe8ae13b9d60" executionId="de7b1cc8-c751-4cd6-a69e-d03633e032ce" testListId="8c84fa94-04c1-424b-9868-57a2d4851a1d" />
    <TestEntry testId="5455eeb4-e5f7-484e-9ce3-137f4cf7c8f3" executionId="a8ab761e-71de-46b9-a2c6-d096e5b006e4" testListId="8c84fa94-04c1-424b-9868-57a2d4851a1d" />
    <TestEntry testId="fcca4c2a-78af-4f81-9dfb-723f52082f56" executionId="3644cf6d-faeb-4283-a028-cfd3e2b5f474" testListId="8c84fa94-04c1-424b-9868-57a2d4851a1d" />
    <TestEntry testId="05ed5c53-7ca8-4155-9cf7-293cda4bd2cf" executionId="be71ee2c-9cc9-432d-94bc-a5e811970be8" testListId="8c84fa94-04c1-424b-9868-57a2d4851a1d" />
    <TestEntry testId="16367c80-c9a0-4b04-84df-ab9ea8941fe9" executionId="5cbba872-3301-4169-a0d9-d275e584de64" testListId="8c84fa94-04c1-424b-9868-57a2d4851a1d" />
    <TestEntry testId="94bb315e-dc7a-4783-a8f5-bf5712cf33eb" executionId="55661749-84b4-4dc7-aaf9-feba6177c87a" testListId="8c84fa94-04c1-424b-9868-57a2d4851a1d" />
    <TestEntry testId="67af538b-8d82-4782-a577-3abc0791af40" executionId="b7403460-532c-40b5-ab86-7c5be752d10d" testListId="8c84fa94-04c1-424b-9868-57a2d4851a1d" />
    <TestEntry testId="fd0e1bf8-ad14-4a50-9de0-f386e30f63d9" executionId="37314e89-87a9-497b-9a83-f11973e59a3f" testListId="8c84fa94-04c1-424b-9868-57a2d4851a1d" />
    <TestEntry testId="ccca367d-59b6-4aa9-8236-214fdb3e1bb9" executionId="f6f06f49-bbd8-4282-9a75-831ab3b4295f" testListId="8c84fa94-04c1-424b-9868-57a2d4851a1d" />
    <TestEntry testId="6e39a8ea-8b68-4873-b3e2-993c2a61b07e" executionId="387c4cec-5408-4067-a259-243974ad358a" testListId="8c84fa94-04c1-424b-9868-57a2d4851a1d" />
    <TestEntry testId="35d03450-7d5a-47a8-baa3-3e7f49d17504" executionId="c77c6873-f494-44cc-9a7e-f0d0a36bb641" testListId="8c84fa94-04c1-424b-9868-57a2d4851a1d" />
    <TestEntry testId="db897375-9289-46ad-9602-b48acaba0a7e" executionId="41004a1e-6328-4bd8-8e58-b5aefa605f44" testListId="8c84fa94-04c1-424b-9868-57a2d4851a1d" />
    <TestEntry testId="6a34e643-a5d7-47e6-8a30-c93dccfe9961" executionId="82aa9dcf-7032-42e7-8365-773d027a0e04" testListId="8c84fa94-04c1-424b-9868-57a2d4851a1d" />
    <TestEntry testId="ee568b84-6c36-4f81-b2c8-f7c07781d6ed" executionId="959af462-6644-432c-81f6-7e0df7e80827" testListId="8c84fa94-04c1-424b-9868-57a2d4851a1d" />
    <TestEntry testId="bdccf849-551a-4325-96e5-7ac24eeeab34" executionId="adb89b01-7cf5-420e-8cd7-000ed369dcff" testListId="8c84fa94-04c1-424b-9868-57a2d4851a1d" />
    <TestEntry testId="8543a278-ef7e-42ae-8845-4722a241261a" executionId="56a652cc-b239-4d0d-9522-6679acd110d3" testListId="8c84fa94-04c1-424b-9868-57a2d4851a1d" />
    <TestEntry testId="f81bec9d-ab67-46bf-9632-e1fdae1f962c" executionId="51d62f6d-cfdf-4a0e-8df7-7e6118f548f1" testListId="8c84fa94-04c1-424b-9868-57a2d4851a1d" />
    <TestEntry testId="27777a7b-87a7-4814-a8aa-d853ec6ae881" executionId="3deb51c2-2492-4428-a6be-60f1c38f37c6" testListId="8c84fa94-04c1-424b-9868-57a2d4851a1d" />
    <TestEntry testId="2f19bde4-71ab-4d83-b83e-0970a36720d2" executionId="d1a50f1b-0829-4d39-a25e-3191d52fe77d" testListId="8c84fa94-04c1-424b-9868-57a2d4851a1d" />
    <TestEntry testId="78e9cb60-d458-48ee-80b6-05a14a967ebb" executionId="fc54e6f2-e9ca-4486-8148-e6c631fe1780" testListId="8c84fa94-04c1-424b-9868-57a2d4851a1d" />
    <TestEntry testId="79b9b15d-775b-420a-bf72-1268b69eee1d" executionId="ec903d91-f858-40ad-a87e-33b22f483874" testListId="8c84fa94-04c1-424b-9868-57a2d4851a1d" />
    <TestEntry testId="790a1678-ac34-4624-ac0c-78dc98fb043c" executionId="5bbe8f53-2a16-41bb-b87f-2e516a38870d" testListId="8c84fa94-04c1-424b-9868-57a2d4851a1d" />
    <TestEntry testId="bb75074c-1d0c-40e8-aff5-d2d59998fc21" executionId="fca72531-3390-4a2f-86b8-9728796a6448" testListId="8c84fa94-04c1-424b-9868-57a2d4851a1d" />
    <TestEntry testId="49053b83-daa3-44db-8c34-b4b349cd5cd6" executionId="f57b1350-d6d1-4447-80e1-3cf5fd75683f" testListId="8c84fa94-04c1-424b-9868-57a2d4851a1d" />
    <TestEntry testId="5cf67e9c-14e0-4097-9080-ef9c98253084" executionId="a3e54f24-3fc5-4698-af9b-b174fbf3e531" testListId="8c84fa94-04c1-424b-9868-57a2d4851a1d" />
    <TestEntry testId="e1bcfbb4-1ddf-47ef-a8f4-51114f66ceb2" executionId="bfec55a4-bead-4ab6-bfbd-c890987fbb2b" testListId="8c84fa94-04c1-424b-9868-57a2d4851a1d" />
    <TestEntry testId="2bcaf904-2eeb-4359-8270-d3249d39619d" executionId="53f8824c-4284-46ce-b23f-5f6016340e47" testListId="8c84fa94-04c1-424b-9868-57a2d4851a1d" />
    <TestEntry testId="ab25d962-8ed6-4196-9a76-d99a7aef782d" executionId="177bbade-f48f-49e1-a7e0-c08abc0f0c7c" testListId="8c84fa94-04c1-424b-9868-57a2d4851a1d" />
    <TestEntry testId="2b26bbcd-7828-443c-9f2a-63c9a64324a4" executionId="1fd5cbf2-d6cf-4bb2-9338-92a32558b549" testListId="8c84fa94-04c1-424b-9868-57a2d4851a1d" />
    <TestEntry testId="83f06cd4-c9b6-408a-bfd5-66130ec1e807" executionId="b1764621-8bc5-4aa1-819d-af35dd62baea" testListId="8c84fa94-04c1-424b-9868-57a2d4851a1d" />
    <TestEntry testId="89c1e5b3-894c-441e-80d0-38acdb414c99" executionId="dd70be96-b890-4de6-8ffd-e1f3c59a934c" testListId="8c84fa94-04c1-424b-9868-57a2d4851a1d" />
    <TestEntry testId="facb57e9-9699-48c5-bc5c-1c02e5328e7e" executionId="9d447637-0b52-4268-9498-173f234b4ad2" testListId="8c84fa94-04c1-424b-9868-57a2d4851a1d" />
    <TestEntry testId="1858e4f2-8929-4994-9714-674fde759440" executionId="aa536889-3391-4b2a-9280-b2b167b15c7d" testListId="8c84fa94-04c1-424b-9868-57a2d4851a1d" />
    <TestEntry testId="683922c7-651f-4082-ad49-83789e7c794e" executionId="d95c1882-bb40-4c5b-b398-ca9a134610b4" testListId="8c84fa94-04c1-424b-9868-57a2d4851a1d" />
    <TestEntry testId="33605faf-059f-4ac2-a3c7-be6840744b80" executionId="ea9babff-f852-49d5-8eb7-7ca0071fc490" testListId="8c84fa94-04c1-424b-9868-57a2d4851a1d" />
    <TestEntry testId="01b74f4c-d3ba-404a-9669-f12a58b5ab96" executionId="41036c01-7ea9-49c1-957a-00fc84c2ec99" testListId="8c84fa94-04c1-424b-9868-57a2d4851a1d" />
    <TestEntry testId="5b044f69-d99b-4f37-bce4-8c31ae04f556" executionId="8bd6f815-bce7-42a2-a0d9-894f4baad5ff" testListId="8c84fa94-04c1-424b-9868-57a2d4851a1d" />
    <TestEntry testId="72271632-6a82-465d-95dd-51b5220b0b98" executionId="e0bc9f78-4019-44c2-bdb1-74a3bd298bf8" testListId="8c84fa94-04c1-424b-9868-57a2d4851a1d" />
    <TestEntry testId="64639626-d292-4a7f-bb9b-e9826f72fd31" executionId="72ad5849-177a-4d01-9ca8-a12d846cb52d" testListId="8c84fa94-04c1-424b-9868-57a2d4851a1d" />
    <TestEntry testId="71c80cd0-a817-44d0-8d91-d9d59ff55ae9" executionId="5bd6e371-1131-46db-bc55-3233c9de672c" testListId="8c84fa94-04c1-424b-9868-57a2d4851a1d" />
    <TestEntry testId="46fc8ea0-7b45-426d-b6f6-d40b8ff3731f" executionId="2b95a17d-d6ae-4e96-95d6-3abd4d7db41a" testListId="8c84fa94-04c1-424b-9868-57a2d4851a1d" />
    <TestEntry testId="0c162b7c-cd17-42be-b52c-4d1a185356e9" executionId="d6f298aa-13ab-46de-b1fc-ebb24e4986ac" testListId="8c84fa94-04c1-424b-9868-57a2d4851a1d" />
    <TestEntry testId="c38346d0-04f0-406d-ab11-11422bb3afe3" executionId="05138538-a7fe-4e27-99a7-30f689504751" testListId="8c84fa94-04c1-424b-9868-57a2d4851a1d" />
    <TestEntry testId="5af25cd3-80c1-4638-80ca-f6953cde4d84" executionId="0330d182-428c-49aa-bf8a-deb37843585e" testListId="8c84fa94-04c1-424b-9868-57a2d4851a1d" />
    <TestEntry testId="bbff1a8c-0aa3-4386-b82d-d66051754c07" executionId="e6007a71-50f9-44e0-aa03-ddb942d18669" testListId="8c84fa94-04c1-424b-9868-57a2d4851a1d" />
    <TestEntry testId="78a2ec77-cea5-41a6-b0ac-a315ab5d8395" executionId="2f8f72c4-3933-4205-9c4f-90ab2d1cb00b" testListId="8c84fa94-04c1-424b-9868-57a2d4851a1d" />
    <TestEntry testId="cb8c229a-4fd8-46be-8c08-02444bcb7b34" executionId="4322ff18-7730-446b-89c0-51860c40fb67" testListId="8c84fa94-04c1-424b-9868-57a2d4851a1d" />
    <TestEntry testId="3f6cd6ec-8b22-40ce-8b4e-770050909931" executionId="4964b09d-f555-4f95-aabc-1788c1e215c5" testListId="8c84fa94-04c1-424b-9868-57a2d4851a1d" />
    <TestEntry testId="ffcc0e4e-3721-429e-8f5b-1cd0c0633d1e" executionId="2001b523-4cb1-487a-a07a-e8204b1f5877" testListId="8c84fa94-04c1-424b-9868-57a2d4851a1d" />
    <TestEntry testId="c14d3b13-1fe9-409a-b57a-5be78489de3c" executionId="fa8bd157-ffe9-4605-877c-768a08ba07d0" testListId="8c84fa94-04c1-424b-9868-57a2d4851a1d" />
    <TestEntry testId="ac45b9e8-181d-4db8-b841-f963a017ce72" executionId="bd7daeb1-3655-45be-92d9-172d6c3cc7a6" testListId="8c84fa94-04c1-424b-9868-57a2d4851a1d" />
    <TestEntry testId="51997bff-5acd-4a3e-be56-7d3452d1550c" executionId="2b3bd7ba-b72d-4828-aebe-bc8904e296e2" testListId="8c84fa94-04c1-424b-9868-57a2d4851a1d" />
    <TestEntry testId="d6859692-b02b-4496-a1f0-a52cb9013e5c" executionId="66da953b-8ca5-4d41-99e4-f6a61d39fe1d" testListId="8c84fa94-04c1-424b-9868-57a2d4851a1d" />
    <TestEntry testId="d3c611db-d5fc-45f1-8e6e-6915118a25ef" executionId="85e83424-21bb-4834-b75a-e8442675fe27" testListId="8c84fa94-04c1-424b-9868-57a2d4851a1d" />
    <TestEntry testId="7042470b-829c-4e71-8c90-6e9ac55ddbf1" executionId="65ee97b7-d2fa-4434-b251-fe7abc36f9da" testListId="8c84fa94-04c1-424b-9868-57a2d4851a1d" />
    <TestEntry testId="dca63922-81e6-4078-8f4f-88333128ede7" executionId="188bbeb4-42da-43eb-acb9-a12fe983dc67" testListId="8c84fa94-04c1-424b-9868-57a2d4851a1d" />
    <TestEntry testId="9bd3165e-22bf-4a76-af63-150647f0c9b4" executionId="13ab1dbc-b86c-490c-a0b3-a0229498e936" testListId="8c84fa94-04c1-424b-9868-57a2d4851a1d" />
    <TestEntry testId="d12eb679-34e1-4382-aaec-e894b587f656" executionId="75280a32-b309-4057-ac5b-6f9c05cc8886" testListId="8c84fa94-04c1-424b-9868-57a2d4851a1d" />
    <TestEntry testId="4213f734-11f9-40f9-9370-1c88715a88ce" executionId="f300bb9c-79e5-429a-a07e-6f5b2664fcb4" testListId="8c84fa94-04c1-424b-9868-57a2d4851a1d" />
    <TestEntry testId="df948473-f672-46b1-8d65-2baf1332c115" executionId="2b5447fb-60a2-4aa3-b12d-b1d7ee3de0e1" testListId="8c84fa94-04c1-424b-9868-57a2d4851a1d" />
    <TestEntry testId="f8a06b48-59b1-4a2d-a0e5-e54d494aa7bc" executionId="ca2e78d0-1338-4efe-81a3-b18bb60e92e8" testListId="8c84fa94-04c1-424b-9868-57a2d4851a1d" />
    <TestEntry testId="f32ce4f0-1162-4a98-b236-b6069e7c7528" executionId="54b44885-f326-448a-baae-d80210240b7e" testListId="8c84fa94-04c1-424b-9868-57a2d4851a1d" />
    <TestEntry testId="c724d9d9-aadd-4d9b-bf9d-014f06f35a69" executionId="799979ea-97a6-4d68-a755-9c7794cda77a" testListId="8c84fa94-04c1-424b-9868-57a2d4851a1d" />
    <TestEntry testId="04f92d46-c79f-4628-b78f-0310f5e41933" executionId="794b32d7-a1cb-477b-90de-0a343caa6f3d" testListId="8c84fa94-04c1-424b-9868-57a2d4851a1d" />
    <TestEntry testId="6f86adb5-4279-49c7-96ad-f4a3c3566376" executionId="dbae1c2a-bb1e-4408-a0f9-a60d3f18d1d3" testListId="8c84fa94-04c1-424b-9868-57a2d4851a1d" />
    <TestEntry testId="98ca8878-7e5e-4b9d-a1ca-e71ba7e6a8c3" executionId="5cb16b0c-3340-4d72-aa78-366fec49efdf" testListId="8c84fa94-04c1-424b-9868-57a2d4851a1d" />
    <TestEntry testId="886de8c1-ca40-439d-97d4-241073b82032" executionId="48cb3ed2-6224-4c16-932c-b85609627e16" testListId="8c84fa94-04c1-424b-9868-57a2d4851a1d" />
    <TestEntry testId="aadb7627-7a17-407d-ba75-41c4d12679a1" executionId="fcd70f33-22b4-4629-a592-395f60bd4c01" testListId="8c84fa94-04c1-424b-9868-57a2d4851a1d" />
    <TestEntry testId="0a79c47b-407c-44b8-aea8-afe945d296e2" executionId="9e865abf-38e7-463a-8b65-ff83a8ba7d0b" testListId="8c84fa94-04c1-424b-9868-57a2d4851a1d" />
    <TestEntry testId="3fba9240-f1ac-4497-a8e9-bcec066cc30e" executionId="2a13f1b6-9ef8-4678-96f0-fcf40000948f" testListId="8c84fa94-04c1-424b-9868-57a2d4851a1d" />
    <TestEntry testId="13825124-55fd-4b80-98fe-c37811ad378c" executionId="c973c24c-cdc9-4937-82d7-b36687f757cf" testListId="8c84fa94-04c1-424b-9868-57a2d4851a1d" />
    <TestEntry testId="eff60167-2fc0-4e0e-9fbc-3598aa600f74" executionId="5212cef1-504d-4ba0-8eda-6b72bc16af82" testListId="8c84fa94-04c1-424b-9868-57a2d4851a1d" />
    <TestEntry testId="3aad1510-4307-4468-9a5a-ccde95a973c0" executionId="cfb91281-f8e9-4b08-a3d6-e39ce32a5898" testListId="8c84fa94-04c1-424b-9868-57a2d4851a1d" />
    <TestEntry testId="5385dfcb-2b78-4d95-a227-036814c4d95a" executionId="33117af0-ef32-4dc1-a837-58ee02639daf" testListId="8c84fa94-04c1-424b-9868-57a2d4851a1d" />
    <TestEntry testId="25b0036f-41a1-4323-9dd8-27373ae0dbc5" executionId="e7cde2f8-c401-4add-8f5f-247b25720c59" testListId="8c84fa94-04c1-424b-9868-57a2d4851a1d" />
    <TestEntry testId="6d476c6c-ee35-4a69-abf9-463d865f92bb" executionId="4f899317-1e12-4cc3-965b-1da7dc5b869e" testListId="8c84fa94-04c1-424b-9868-57a2d4851a1d" />
    <TestEntry testId="48209f16-1b83-4e4b-8104-a3943cd68e55" executionId="ec610396-bf2d-4bb5-aa27-b85a656f689c" testListId="8c84fa94-04c1-424b-9868-57a2d4851a1d" />
    <TestEntry testId="e62abbfc-a3ff-4421-86c5-d55116591e49" executionId="b26b7bdd-4146-4ed9-a4c1-3d567c082d8d" testListId="8c84fa94-04c1-424b-9868-57a2d4851a1d" />
    <TestEntry testId="6cbd8f8c-449f-4347-a564-5e5871966376" executionId="02dfab90-2085-478c-b954-38a870b268c0" testListId="8c84fa94-04c1-424b-9868-57a2d4851a1d" />
    <TestEntry testId="07a0311b-76a8-4df3-afc8-d2dcfc0e447b" executionId="5d0e2619-63e5-4b6d-a4fa-d3ae32d12bcd" testListId="8c84fa94-04c1-424b-9868-57a2d4851a1d" />
    <TestEntry testId="5fa7410f-b437-46dd-b2a2-d221324bc2a0" executionId="ecb1ac00-9c05-4249-b46f-039009d45e97" testListId="8c84fa94-04c1-424b-9868-57a2d4851a1d" />
    <TestEntry testId="dc9a2e00-2a40-488c-94aa-0811c1d7d88e" executionId="08d3ffe8-b546-4bb5-a775-7085e173a53e" testListId="8c84fa94-04c1-424b-9868-57a2d4851a1d" />
    <TestEntry testId="b73e833d-7ddb-4d1b-beb6-0f023a3527f9" executionId="58ab7a15-fc96-4b4d-9828-dde9fe9cc906" testListId="8c84fa94-04c1-424b-9868-57a2d4851a1d" />
    <TestEntry testId="76ee8a2c-cc69-4d16-ad80-24d4f2f0329c" executionId="73d2476b-6652-4fcb-8fca-9f4569ab8763" testListId="8c84fa94-04c1-424b-9868-57a2d4851a1d" />
    <TestEntry testId="886735d6-ae9c-4456-968d-87fb7043c200" executionId="d30c0da2-8215-4d2f-8596-65060b645e38" testListId="8c84fa94-04c1-424b-9868-57a2d4851a1d" />
    <TestEntry testId="d79c6871-fe7b-4fde-83ee-19f11fe516d8" executionId="6aebd71a-1a25-488c-b9de-ebfb6d2e3ef0" testListId="8c84fa94-04c1-424b-9868-57a2d4851a1d" />
    <TestEntry testId="1d35fa55-e3a7-4b6e-8a31-699d1f53bf8c" executionId="9ce151d6-d353-4714-a92d-c7706d118209" testListId="8c84fa94-04c1-424b-9868-57a2d4851a1d" />
    <TestEntry testId="a39c6f6c-c1d9-4c55-a49a-abc0140266aa" executionId="35c87b88-614c-44aa-9a6b-165bc864375f" testListId="8c84fa94-04c1-424b-9868-57a2d4851a1d" />
    <TestEntry testId="c7eae9ff-fd2c-45d7-9d91-a8af92b79e0c" executionId="727e31f6-8c51-44b1-ac49-1ec9c41d4ddc" testListId="8c84fa94-04c1-424b-9868-57a2d4851a1d" />
    <TestEntry testId="c5d912f4-ed5d-4b8a-9f05-43cc686a57ef" executionId="916b5b4a-d5a6-43aa-90a2-a324a52a1442" testListId="8c84fa94-04c1-424b-9868-57a2d4851a1d" />
    <TestEntry testId="69997ed2-8188-4c41-8998-a905b39bca11" executionId="5fa168fd-54c5-41f9-af70-1bcc00dfd36e" testListId="8c84fa94-04c1-424b-9868-57a2d4851a1d" />
    <TestEntry testId="dea1a880-de54-428b-adc9-2ba581118e45" executionId="2781a59a-a63c-44b9-882b-7ab5d00d9716" testListId="8c84fa94-04c1-424b-9868-57a2d4851a1d" />
    <TestEntry testId="04c8c5db-47c1-45f6-a3f1-26c310ba29fc" executionId="c231d079-cca7-48ad-a508-c9a056ce810c" testListId="8c84fa94-04c1-424b-9868-57a2d4851a1d" />
    <TestEntry testId="34674c11-c063-4b6e-bb17-cebe78c6a715" executionId="9b1e51a8-26b3-481b-828a-bc0eb9e102d1" testListId="8c84fa94-04c1-424b-9868-57a2d4851a1d" />
    <TestEntry testId="e696f0b8-c80b-42fc-b9a5-33d4eecdc926" executionId="7d299442-fd74-4fdd-be01-d8524ff3619f" testListId="8c84fa94-04c1-424b-9868-57a2d4851a1d" />
    <TestEntry testId="32920ed7-e299-4b7f-a29b-cab76efc5c34" executionId="db9043c3-9023-4316-8ee3-b10261757828" testListId="8c84fa94-04c1-424b-9868-57a2d4851a1d" />
    <TestEntry testId="f506146d-80be-4d15-aab7-932e08f9af9c" executionId="9d18e600-4ba4-4bc2-9e87-a1e57f4fe927" testListId="8c84fa94-04c1-424b-9868-57a2d4851a1d" />
    <TestEntry testId="3030a71a-fda0-4771-bb9d-f50fe283aa6a" executionId="26f6bb40-381b-4c87-9211-4e4e12bb3dd5" testListId="8c84fa94-04c1-424b-9868-57a2d4851a1d" />
    <TestEntry testId="d85aa5fe-b243-4279-b6a2-f407c16fb316" executionId="3a419b10-07f2-4884-9ab4-ce412308f8fa" testListId="8c84fa94-04c1-424b-9868-57a2d4851a1d" />
    <TestEntry testId="43aed03f-e6de-456d-a998-18c770d3dd77" executionId="476c071f-426d-4a5a-917d-f735c82199b0" testListId="8c84fa94-04c1-424b-9868-57a2d4851a1d" />
    <TestEntry testId="1e43ba6e-156d-4d75-8e01-6856d21020f8" executionId="0677faed-796f-420a-aa6f-98661fcc9fc0" testListId="8c84fa94-04c1-424b-9868-57a2d4851a1d" />
    <TestEntry testId="0efe3570-a2bf-4427-a4e1-6c2c09c4ff8d" executionId="5ddaf68d-603e-4770-af4f-ba4d1eea6bf2" testListId="8c84fa94-04c1-424b-9868-57a2d4851a1d" />
    <TestEntry testId="22e85632-49b3-455d-86cf-0335b2b929c2" executionId="7afde3eb-17c4-4b7a-a532-53e4f83c1496" testListId="8c84fa94-04c1-424b-9868-57a2d4851a1d" />
    <TestEntry testId="cabf811b-1f3a-4025-bea9-3df2d6e60503" executionId="a9105f83-ba01-4920-bdae-e09befecdb48" testListId="8c84fa94-04c1-424b-9868-57a2d4851a1d" />
    <TestEntry testId="0c36392d-02f0-4220-96f0-c3c57f8add09" executionId="c9a2e40b-afb6-48d6-8434-43c4fc35dc68" testListId="8c84fa94-04c1-424b-9868-57a2d4851a1d" />
    <TestEntry testId="1b88f1f6-bef6-4804-956c-c76d5721399d" executionId="13c01d08-efa1-41f5-9534-709a4fda98e4" testListId="8c84fa94-04c1-424b-9868-57a2d4851a1d" />
    <TestEntry testId="9c68ceca-5c46-4c8e-81e1-9420bf96efeb" executionId="14346d8b-2f4e-4026-9da2-3f34d2601a2a" testListId="8c84fa94-04c1-424b-9868-57a2d4851a1d" />
    <TestEntry testId="5d62e468-8fe7-4b84-9e45-b5838bb45f70" executionId="371e4343-c046-412e-a250-ee7162ef7af3" testListId="8c84fa94-04c1-424b-9868-57a2d4851a1d" />
    <TestEntry testId="189875e6-82b7-4553-8ece-5cf9d6fb2abc" executionId="800496fc-864e-4563-b99b-60f4b6936d4a" testListId="8c84fa94-04c1-424b-9868-57a2d4851a1d" />
    <TestEntry testId="fe40979d-4081-463c-85f8-6acd173d0478" executionId="fa807992-c75c-4feb-82bb-8d23469651d2" testListId="8c84fa94-04c1-424b-9868-57a2d4851a1d" />
    <TestEntry testId="c900be70-c108-4d02-87be-817f0bb5f70f" executionId="b0e73e01-c42b-4fc4-8c6a-26a76a5e0a63" testListId="8c84fa94-04c1-424b-9868-57a2d4851a1d" />
    <TestEntry testId="110230e0-53ef-4b0f-9782-142610c6534f" executionId="9c53f0e4-210a-4ee5-9d35-14f44dd177c9" testListId="8c84fa94-04c1-424b-9868-57a2d4851a1d" />
    <TestEntry testId="fce3a2bf-94c6-4042-8d54-ed81ab087383" executionId="45b85d3e-3a7f-4cbf-a1ff-1ffd0eff2ddc" testListId="8c84fa94-04c1-424b-9868-57a2d4851a1d" />
    <TestEntry testId="a536a6d4-0e80-42ae-8918-dc5e4f04a78b" executionId="52454fc7-1ca6-424e-9087-b42c2eafb0ea" testListId="8c84fa94-04c1-424b-9868-57a2d4851a1d" />
    <TestEntry testId="da099af1-6616-46ae-8029-af2174864ad0" executionId="f6ad1458-9b08-4fea-8f40-1e651b9426fb" testListId="8c84fa94-04c1-424b-9868-57a2d4851a1d" />
    <TestEntry testId="7173e509-4d44-43a7-844b-8425c257fca0" executionId="c9283ac3-cd87-4e1d-85fd-45751ecf7c8d" testListId="8c84fa94-04c1-424b-9868-57a2d4851a1d" />
    <TestEntry testId="ea5f6c61-a915-4f9d-a60b-cbff7bcde1ef" executionId="711b5048-b032-4c97-a1b3-f6b4ea5cafa8" testListId="8c84fa94-04c1-424b-9868-57a2d4851a1d" />
    <TestEntry testId="8b4533aa-8ef6-4fc8-8119-4cabaedbec59" executionId="9e08c8df-68f4-4e92-b098-d2722662f764" testListId="8c84fa94-04c1-424b-9868-57a2d4851a1d" />
    <TestEntry testId="2e3dc914-618e-4210-9d2e-96c793991631" executionId="9e3d81ff-4e20-451c-93a6-62a6cba57f6a" testListId="8c84fa94-04c1-424b-9868-57a2d4851a1d" />
    <TestEntry testId="0a4e42f6-a2fe-431e-bad5-618568259f31" executionId="e833b305-1fb9-4e35-94d9-66bdbbee47d9" testListId="8c84fa94-04c1-424b-9868-57a2d4851a1d" />
    <TestEntry testId="41642d8d-8a61-4a29-84f8-78e29b51579f" executionId="81c58a98-37f2-444b-84bd-86362a56e678" testListId="8c84fa94-04c1-424b-9868-57a2d4851a1d" />
    <TestEntry testId="509e93e2-1846-4a37-a472-e8df9ad937ca" executionId="f1606383-05fb-411b-a632-a546386cbae9" testListId="8c84fa94-04c1-424b-9868-57a2d4851a1d" />
    <TestEntry testId="10c9e576-a6b5-4e61-9a6e-e21b66da2cb2" executionId="d36c6bd3-6034-42fa-b0bd-7de04026bf83" testListId="8c84fa94-04c1-424b-9868-57a2d4851a1d" />
    <TestEntry testId="85c9f349-84f0-4876-bb1d-e314a548bf3b" executionId="9e55b0a1-6120-446a-b675-d66e98de7bf5" testListId="8c84fa94-04c1-424b-9868-57a2d4851a1d" />
    <TestEntry testId="30533bba-4d64-47f0-be9d-783d76e183c2" executionId="7b3308f5-f179-496f-a136-4ffb4985a2df" testListId="8c84fa94-04c1-424b-9868-57a2d4851a1d" />
    <TestEntry testId="997c15c8-2882-4137-bda4-06866dc7bbce" executionId="626724d9-225d-4caa-9a49-995bad5dbd17" testListId="8c84fa94-04c1-424b-9868-57a2d4851a1d" />
    <TestEntry testId="af2c470f-5ae3-4860-9593-385d96b81842" executionId="39d895b4-05ca-44f6-810e-d94313e820b3" testListId="8c84fa94-04c1-424b-9868-57a2d4851a1d" />
    <TestEntry testId="132b915c-17a3-4baf-b606-22eefb1e1dea" executionId="39344d54-de97-4e89-93bc-64f4968ffe0a" testListId="8c84fa94-04c1-424b-9868-57a2d4851a1d" />
    <TestEntry testId="03f74ece-b3d3-42b6-98f3-1b0626fb79b5" executionId="2ecd1e68-17b5-4533-ab75-4b1c1d6341a2" testListId="8c84fa94-04c1-424b-9868-57a2d4851a1d" />
  </TestEntries>
  <TestLists>
    <TestList name="Resultados sin formato de lista" id="8c84fa94-04c1-424b-9868-57a2d4851a1d" />
    <TestList name="Todos los resultados cargados" id="19431567-8539-422a-85d7-44ee4e166bda" />
  </TestLists>
  <ResultSummary outcome="Completed">
    <Counters total="331" executed="331" passed="331" failed="0" error="0" timeout="0" aborted="0" inconclusive="0" passedButRunAborted="0" notRunnable="0" notExecuted="0" disconnected="0" warning="0" completed="0" inProgress="0" pending="0" />
  </ResultSummary>
</TestRun>