<?xml version="1.0" encoding="utf-8"?>
<TestRun id="10a34384-3f68-467c-8267-2f87a20bbd89" name="sferrari@PC-SFERRARI 2020-09-01 16:43:02" runUser="PC-SFERRARI\sferrari" xmlns="http://microsoft.com/schemas/VisualStudio/TeamTest/2010">
  <Times creation="2020-09-01T16:43:02.3647466+01:00" queuing="2020-09-01T16:43:02.3647466+01:00" start="2020-09-01T16:43:00.5825114+01:00" finish="2020-09-01T16:43:04.5020331+01:00" />
  <TestSettings name="default" id="970349fb-b6aa-4ad9-bf32-f51dcec199e0">
    <Deployment runDeploymentRoot="sferrari_PC-SFERRARI_2020-09-01_16_43_02" />
  </TestSettings>
  <Results>
    <UnitTestResult executionId="85fc800b-c774-475b-9532-7c2b22fa3e29" testId="bc7bdbdf-4891-bf37-8380-e1e4362476c4" testName="OperatorEqual_Passing_Valid_Distinct_Values_Returns_False" computerName="PC-SFERRARI" duration="00:00:00.0021448" startTime="2020-09-01T16:43:03.0177287+01:00" endTime="2020-09-01T16:43:03.0199923+01:00" testType="13cdc9d9-ddb5-4fa4-a97d-d965ccfc6d4b" outcome="Passed" testListId="8c84fa94-04c1-424b-9868-57a2d4851a1d" relativeResultsDirectory="85fc800b-c774-475b-9532-7c2b22fa3e29" resultType="DataDrivenTest">
      <InnerResults>
        <UnitTestResult executionId="23713906-6ac8-4ad5-8c3e-58183adfa1ce" parentExecutionId="85fc800b-c774-475b-9532-7c2b22fa3e29" testId="bc7bdbdf-4891-bf37-8380-e1e4362476c4" testName="OperatorEqual_Passing_Valid_Distinct_Values_Returns_False (100,EUR,2)" computerName="PC-SFERRARI" duration="00:00:00.0007008" startTime="2020-09-01T16:43:03.0177287+01:00" endTime="2020-09-01T16:43:03.0199923+01:00" testType="13cdc9d9-ddb5-4fa4-a97d-d965ccfc6d4b" outcome="Passed" testListId="8c84fa94-04c1-424b-9868-57a2d4851a1d" relativeResultsDirectory="23713906-6ac8-4ad5-8c3e-58183adfa1ce" dataRowInfo="1" resultType="DataDrivenDataRow" />
        <UnitTestResult executionId="95aacd6a-0bf6-48d8-8d7f-c3a0a675e7b1" parentExecutionId="85fc800b-c774-475b-9532-7c2b22fa3e29" testId="bc7bdbdf-4891-bf37-8380-e1e4362476c4" testName="OperatorEqual_Passing_Valid_Distinct_Values_Returns_False (200,EUR,4)" computerName="PC-SFERRARI" duration="00:00:00.0004601" startTime="2020-09-01T16:43:03.0177287+01:00" endTime="2020-09-01T16:43:03.0199923+01:00" testType="13cdc9d9-ddb5-4fa4-a97d-d965ccfc6d4b" outcome="Passed" testListId="8c84fa94-04c1-424b-9868-57a2d4851a1d" relativeResultsDirectory="95aacd6a-0bf6-48d8-8d7f-c3a0a675e7b1" dataRowInfo="2" resultType="DataDrivenDataRow" />
        <UnitTestResult executionId="5f86ff76-7ed8-41a8-acb9-497cac5fee32" parentExecutionId="85fc800b-c774-475b-9532-7c2b22fa3e29" testId="bc7bdbdf-4891-bf37-8380-e1e4362476c4" testName="OperatorEqual_Passing_Valid_Distinct_Values_Returns_False (400,EUR,8)" computerName="PC-SFERRARI" duration="00:00:00.0008864" startTime="2020-09-01T16:43:03.0177287+01:00" endTime="2020-09-01T16:43:03.0199923+01:00" testType="13cdc9d9-ddb5-4fa4-a97d-d965ccfc6d4b" outcome="Passed" testListId="8c84fa94-04c1-424b-9868-57a2d4851a1d" relativeResultsDirectory="5f86ff76-7ed8-41a8-acb9-497cac5fee32" dataRowInfo="3" resultType="DataDrivenDataRow" />
      </InnerResults>
    </UnitTestResult>
    <UnitTestResult executionId="835bda3f-f9f9-4463-bf85-bb880fcc141e" testId="9aa3b6bb-9be5-40ee-3b6d-db8c00e38b15" testName="OperatorNotEqual_Passing_Valid_Values_Returns_False" computerName="PC-SFERRARI" duration="00:00:00.0002260" startTime="2020-09-01T16:43:03.4836031+01:00" endTime="2020-09-01T16:43:03.4838997+01:00" testType="13cdc9d9-ddb5-4fa4-a97d-d965ccfc6d4b" outcome="Passed" testListId="8c84fa94-04c1-424b-9868-57a2d4851a1d" relativeResultsDirectory="835bda3f-f9f9-4463-bf85-bb880fcc141e" resultType="DataDrivenTest">
      <InnerResults>
        <UnitTestResult executionId="7c5ea77c-f07d-4db9-a620-0e805b7ba915" parentExecutionId="835bda3f-f9f9-4463-bf85-bb880fcc141e" testId="9aa3b6bb-9be5-40ee-3b6d-db8c00e38b15" testName="OperatorNotEqual_Passing_Valid_Values_Returns_False (app.hackerone1.com)" computerName="PC-SFERRARI" duration="00:00:00.0001410" startTime="2020-09-01T16:43:03.4836031+01:00" endTime="2020-09-01T16:43:03.4838997+01:00" testType="13cdc9d9-ddb5-4fa4-a97d-d965ccfc6d4b" outcome="Passed" testListId="8c84fa94-04c1-424b-9868-57a2d4851a1d" relativeResultsDirectory="7c5ea77c-f07d-4db9-a620-0e805b7ba915" dataRowInfo="1" resultType="DataDrivenDataRow" />
        <UnitTestResult executionId="ab749480-d8ee-411e-96c1-9c440d60dd06" parentExecutionId="835bda3f-f9f9-4463-bf85-bb880fcc141e" testId="9aa3b6bb-9be5-40ee-3b6d-db8c00e38b15" testName="OperatorNotEqual_Passing_Valid_Values_Returns_False (www.hackerone-com)" computerName="PC-SFERRARI" duration="00:00:00.0000162" startTime="2020-09-01T16:43:03.4836031+01:00" endTime="2020-09-01T16:43:03.4838997+01:00" testType="13cdc9d9-ddb5-4fa4-a97d-d965ccfc6d4b" outcome="Passed" testListId="8c84fa94-04c1-424b-9868-57a2d4851a1d" relativeResultsDirectory="ab749480-d8ee-411e-96c1-9c440d60dd06" dataRowInfo="2" resultType="DataDrivenDataRow" />
        <UnitTestResult executionId="b89f8186-c008-4583-9774-d9e5dc709778" parentExecutionId="835bda3f-f9f9-4463-bf85-bb880fcc141e" testId="9aa3b6bb-9be5-40ee-3b6d-db8c00e38b15" testName="OperatorNotEqual_Passing_Valid_Values_Returns_False (stage_hackerone.com)" computerName="PC-SFERRARI" duration="00:00:00.0000150" startTime="2020-09-01T16:43:03.4836031+01:00" endTime="2020-09-01T16:43:03.4838997+01:00" testType="13cdc9d9-ddb5-4fa4-a97d-d965ccfc6d4b" outcome="Passed" testListId="8c84fa94-04c1-424b-9868-57a2d4851a1d" relativeResultsDirectory="b89f8186-c008-4583-9774-d9e5dc709778" dataRowInfo="3" resultType="DataDrivenDataRow" />
      </InnerResults>
    </UnitTestResult>
    <UnitTestResult executionId="adfcb753-2eab-4cb0-af50-81c0b206ed93" testId="a31fe255-a9f2-dfdc-2937-103680a980ea" testName="Equals_Passing_Valid_Distinct_Values_Returns_False" computerName="PC-SFERRARI" duration="00:00:00.0012302" startTime="2020-09-01T16:43:02.9010104+01:00" endTime="2020-09-01T16:43:02.9024039+01:00" testType="13cdc9d9-ddb5-4fa4-a97d-d965ccfc6d4b" outcome="Passed" testListId="8c84fa94-04c1-424b-9868-57a2d4851a1d" relativeResultsDirectory="adfcb753-2eab-4cb0-af50-81c0b206ed93" resultType="DataDrivenTest">
      <InnerResults>
        <UnitTestResult executionId="981607e1-066b-4ffc-98a3-5036f563e277" parentExecutionId="adfcb753-2eab-4cb0-af50-81c0b206ed93" testId="a31fe255-a9f2-dfdc-2937-103680a980ea" testName="Equals_Passing_Valid_Distinct_Values_Returns_False (San Bartoleme De Tirajana,Las Palmas,España)" computerName="PC-SFERRARI" duration="00:00:00.0010997" startTime="2020-09-01T16:43:02.9010104+01:00" endTime="2020-09-01T16:43:02.9024039+01:00" testType="13cdc9d9-ddb5-4fa4-a97d-d965ccfc6d4b" outcome="Passed" testListId="8c84fa94-04c1-424b-9868-57a2d4851a1d" relativeResultsDirectory="981607e1-066b-4ffc-98a3-5036f563e277" dataRowInfo="1" resultType="DataDrivenDataRow" />
        <UnitTestResult executionId="35c77533-cef4-4619-b534-a95557f9634e" parentExecutionId="adfcb753-2eab-4cb0-af50-81c0b206ed93" testId="a31fe255-a9f2-dfdc-2937-103680a980ea" testName="Equals_Passing_Valid_Distinct_Values_Returns_False (Sabadell,Barcelona,España)" computerName="PC-SFERRARI" duration="00:00:00.0000480" startTime="2020-09-01T16:43:02.9010104+01:00" endTime="2020-09-01T16:43:02.9024039+01:00" testType="13cdc9d9-ddb5-4fa4-a97d-d965ccfc6d4b" outcome="Passed" testListId="8c84fa94-04c1-424b-9868-57a2d4851a1d" relativeResultsDirectory="35c77533-cef4-4619-b534-a95557f9634e" dataRowInfo="2" resultType="DataDrivenDataRow" />
      </InnerResults>
    </UnitTestResult>
    <UnitTestResult executionId="1ed59677-1f4a-4659-9d0d-99c373c3f921" testId="b7d442c5-0acd-3404-07a7-6a3e90ab8bdd" testName="Create_Passing_InvalidOrNull_Value_Returns_ApplicationException" computerName="PC-SFERRARI" duration="00:00:00.0006405" startTime="2020-09-01T16:43:02.8805749+01:00" endTime="2020-09-01T16:43:02.8813231+01:00" testType="13cdc9d9-ddb5-4fa4-a97d-d965ccfc6d4b" outcome="Passed" testListId="8c84fa94-04c1-424b-9868-57a2d4851a1d" relativeResultsDirectory="1ed59677-1f4a-4659-9d0d-99c373c3f921" resultType="DataDrivenTest">
      <InnerResults>
        <UnitTestResult executionId="2ebc9593-6463-4ea0-9121-ef05a3640b5a" parentExecutionId="1ed59677-1f4a-4659-9d0d-99c373c3f921" testId="b7d442c5-0acd-3404-07a7-6a3e90ab8bdd" testName="Create_Passing_InvalidOrNull_Value_Returns_ApplicationException (San Bartoleme De Tirajana,,Tenerife)" computerName="PC-SFERRARI" duration="00:00:00.0004196" startTime="2020-09-01T16:43:02.8805749+01:00" endTime="2020-09-01T16:43:02.8813231+01:00" testType="13cdc9d9-ddb5-4fa4-a97d-d965ccfc6d4b" outcome="Passed" testListId="8c84fa94-04c1-424b-9868-57a2d4851a1d" relativeResultsDirectory="2ebc9593-6463-4ea0-9121-ef05a3640b5a" dataRowInfo="1" resultType="DataDrivenDataRow" />
        <UnitTestResult executionId="e13dd0d3-067f-4503-9063-c16d62e076af" parentExecutionId="1ed59677-1f4a-4659-9d0d-99c373c3f921" testId="b7d442c5-0acd-3404-07a7-6a3e90ab8bdd" testName="Create_Passing_InvalidOrNull_Value_Returns_ApplicationException (,Barcelona,España)" computerName="PC-SFERRARI" duration="00:00:00.0000439" startTime="2020-09-01T16:43:02.8805749+01:00" endTime="2020-09-01T16:43:02.8813231+01:00" testType="13cdc9d9-ddb5-4fa4-a97d-d965ccfc6d4b" outcome="Passed" testListId="8c84fa94-04c1-424b-9868-57a2d4851a1d" relativeResultsDirectory="e13dd0d3-067f-4503-9063-c16d62e076af" dataRowInfo="2" resultType="DataDrivenDataRow" />
        <UnitTestResult executionId="5bbacf13-cb28-43ef-b37e-d95682c84c96" parentExecutionId="1ed59677-1f4a-4659-9d0d-99c373c3f921" testId="b7d442c5-0acd-3404-07a7-6a3e90ab8bdd" testName="Create_Passing_InvalidOrNull_Value_Returns_ApplicationException (Sabadell,,España)" computerName="PC-SFERRARI" duration="00:00:00.0000452" startTime="2020-09-01T16:43:02.8805749+01:00" endTime="2020-09-01T16:43:02.8813231+01:00" testType="13cdc9d9-ddb5-4fa4-a97d-d965ccfc6d4b" outcome="Passed" testListId="8c84fa94-04c1-424b-9868-57a2d4851a1d" relativeResultsDirectory="5bbacf13-cb28-43ef-b37e-d95682c84c96" dataRowInfo="3" resultType="DataDrivenDataRow" />
        <UnitTestResult executionId="5c41fcea-596a-4819-8928-27b78fb77b5b" parentExecutionId="1ed59677-1f4a-4659-9d0d-99c373c3f921" testId="b7d442c5-0acd-3404-07a7-6a3e90ab8bdd" testName="Create_Passing_InvalidOrNull_Value_Returns_ApplicationException (,Sabadell,España)" computerName="PC-SFERRARI" duration="00:00:00.0000346" startTime="2020-09-01T16:43:02.8805749+01:00" endTime="2020-09-01T16:43:02.8813231+01:00" testType="13cdc9d9-ddb5-4fa4-a97d-d965ccfc6d4b" outcome="Passed" testListId="8c84fa94-04c1-424b-9868-57a2d4851a1d" relativeResultsDirectory="5c41fcea-596a-4819-8928-27b78fb77b5b" dataRowInfo="4" resultType="DataDrivenDataRow" />
      </InnerResults>
    </UnitTestResult>
    <UnitTestResult executionId="546c77bf-6f1a-47a9-8fc4-c5a7a7af7a78" testId="7c9f6c94-8d7d-5c31-2b93-fff4124ed3c5" testName="OperatorNotEqual_Passing_Valid_Values_Returns_True" computerName="PC-SFERRARI" duration="00:00:00.0004303" startTime="2020-09-01T16:43:02.9595365+01:00" endTime="2020-09-01T16:43:02.9601433+01:00" testType="13cdc9d9-ddb5-4fa4-a97d-d965ccfc6d4b" outcome="Passed" testListId="8c84fa94-04c1-424b-9868-57a2d4851a1d" relativeResultsDirectory="546c77bf-6f1a-47a9-8fc4-c5a7a7af7a78" resultType="DataDrivenTest">
      <InnerResults>
        <UnitTestResult executionId="0385cef0-6740-427d-954c-3ed5af78531e" parentExecutionId="546c77bf-6f1a-47a9-8fc4-c5a7a7af7a78" testId="7c9f6c94-8d7d-5c31-2b93-fff4124ed3c5" testName="OperatorNotEqual_Passing_Valid_Values_Returns_True (San Bartoleme De Tirajana,Las Palmas,España)" computerName="PC-SFERRARI" duration="00:00:00.0002956" startTime="2020-09-01T16:43:02.9595365+01:00" endTime="2020-09-01T16:43:02.9601433+01:00" testType="13cdc9d9-ddb5-4fa4-a97d-d965ccfc6d4b" outcome="Passed" testListId="8c84fa94-04c1-424b-9868-57a2d4851a1d" relativeResultsDirectory="0385cef0-6740-427d-954c-3ed5af78531e" dataRowInfo="1" resultType="DataDrivenDataRow" />
        <UnitTestResult executionId="f453dcae-93bf-4e52-affb-80286efbf6c3" parentExecutionId="546c77bf-6f1a-47a9-8fc4-c5a7a7af7a78" testId="7c9f6c94-8d7d-5c31-2b93-fff4124ed3c5" testName="OperatorNotEqual_Passing_Valid_Values_Returns_True (Sabadell,Barcelona,España)" computerName="PC-SFERRARI" duration="00:00:00.0000416" startTime="2020-09-01T16:43:02.9595365+01:00" endTime="2020-09-01T16:43:02.9601433+01:00" testType="13cdc9d9-ddb5-4fa4-a97d-d965ccfc6d4b" outcome="Passed" testListId="8c84fa94-04c1-424b-9868-57a2d4851a1d" relativeResultsDirectory="f453dcae-93bf-4e52-affb-80286efbf6c3" dataRowInfo="2" resultType="DataDrivenDataRow" />
      </InnerResults>
    </UnitTestResult>
    <UnitTestResult executionId="e6177392-844f-4413-a064-efa9bd01984f" testId="cefd6720-8ae8-64f7-ef2a-994381832e74" testName="ToEnum_Passing_Valid_String_ShortName_Enumeracion_Returns_Enumeracion" computerName="PC-SFERRARI" duration="00:00:00.0001284" startTime="2020-09-01T16:43:02.3717401+01:00" endTime="2020-09-01T16:43:02.3719379+01:00" testType="13cdc9d9-ddb5-4fa4-a97d-d965ccfc6d4b" outcome="Passed" testListId="8c84fa94-04c1-424b-9868-57a2d4851a1d" relativeResultsDirectory="e6177392-844f-4413-a064-efa9bd01984f" />
    <UnitTestResult executionId="15258d82-9ff7-4eae-b270-f561f7dd01bc" testId="d8455b90-6045-1e3d-c9de-76db4e3d49ed" testName="OperatorNotEqual_Passing_Valid_Values_Returns_False" computerName="PC-SFERRARI" duration="00:00:00.0003009" startTime="2020-09-01T16:43:02.9225207+01:00" endTime="2020-09-01T16:43:02.9229072+01:00" testType="13cdc9d9-ddb5-4fa4-a97d-d965ccfc6d4b" outcome="Passed" testListId="8c84fa94-04c1-424b-9868-57a2d4851a1d" relativeResultsDirectory="15258d82-9ff7-4eae-b270-f561f7dd01bc" resultType="DataDrivenTest">
      <InnerResults>
        <UnitTestResult executionId="17ca7fd9-0bb3-4053-a9b1-d1d55f6841c6" parentExecutionId="15258d82-9ff7-4eae-b270-f561f7dd01bc" testId="d8455b90-6045-1e3d-c9de-76db4e3d49ed" testName="OperatorNotEqual_Passing_Valid_Values_Returns_False (San Bartoleme De Tirajana,Las Palmas,España)" computerName="PC-SFERRARI" duration="00:00:00.0002071" startTime="2020-09-01T16:43:02.9225207+01:00" endTime="2020-09-01T16:43:02.9229072+01:00" testType="13cdc9d9-ddb5-4fa4-a97d-d965ccfc6d4b" outcome="Passed" testListId="8c84fa94-04c1-424b-9868-57a2d4851a1d" relativeResultsDirectory="17ca7fd9-0bb3-4053-a9b1-d1d55f6841c6" dataRowInfo="1" resultType="DataDrivenDataRow" />
        <UnitTestResult executionId="a2d8dec5-f733-4d95-b742-fcd34be59773" parentExecutionId="15258d82-9ff7-4eae-b270-f561f7dd01bc" testId="d8455b90-6045-1e3d-c9de-76db4e3d49ed" testName="OperatorNotEqual_Passing_Valid_Values_Returns_False (Sabadell,Barcelona,España)" computerName="PC-SFERRARI" duration="00:00:00.0000407" startTime="2020-09-01T16:43:02.9225207+01:00" endTime="2020-09-01T16:43:02.9229072+01:00" testType="13cdc9d9-ddb5-4fa4-a97d-d965ccfc6d4b" outcome="Passed" testListId="8c84fa94-04c1-424b-9868-57a2d4851a1d" relativeResultsDirectory="a2d8dec5-f733-4d95-b742-fcd34be59773" dataRowInfo="2" resultType="DataDrivenDataRow" />
      </InnerResults>
    </UnitTestResult>
    <UnitTestResult executionId="6ead3356-c526-43cc-aa35-5bd688f54543" testId="2cf24b7c-c50c-e047-853f-65e4172e9fe4" testName="OperatorNotEqual_Passing_Valid_Values_Returns_False" computerName="PC-SFERRARI" duration="00:00:00.0001719" startTime="2020-09-01T16:43:03.4017014+01:00" endTime="2020-09-01T16:43:03.4019418+01:00" testType="13cdc9d9-ddb5-4fa4-a97d-d965ccfc6d4b" outcome="Passed" testListId="8c84fa94-04c1-424b-9868-57a2d4851a1d" relativeResultsDirectory="6ead3356-c526-43cc-aa35-5bd688f54543" resultType="DataDrivenTest">
      <InnerResults>
        <UnitTestResult executionId="18664710-67e2-47e7-93aa-5e81738888dd" parentExecutionId="6ead3356-c526-43cc-aa35-5bd688f54543" testId="2cf24b7c-c50c-e047-853f-65e4172e9fe4" testName="OperatorNotEqual_Passing_Valid_Values_Returns_False (San Bartoleme De Tirajana)" computerName="PC-SFERRARI" duration="00:00:00.0001230" startTime="2020-09-01T16:43:03.4017014+01:00" endTime="2020-09-01T16:43:03.4019418+01:00" testType="13cdc9d9-ddb5-4fa4-a97d-d965ccfc6d4b" outcome="Passed" testListId="8c84fa94-04c1-424b-9868-57a2d4851a1d" relativeResultsDirectory="18664710-67e2-47e7-93aa-5e81738888dd" dataRowInfo="1" resultType="DataDrivenDataRow" />
        <UnitTestResult executionId="f437b907-8341-4823-af7f-5a382bb222ce" parentExecutionId="6ead3356-c526-43cc-aa35-5bd688f54543" testId="2cf24b7c-c50c-e047-853f-65e4172e9fe4" testName="OperatorNotEqual_Passing_Valid_Values_Returns_False (Sabadell)" computerName="PC-SFERRARI" duration="00:00:00.0000058" startTime="2020-09-01T16:43:03.4017014+01:00" endTime="2020-09-01T16:43:03.4019418+01:00" testType="13cdc9d9-ddb5-4fa4-a97d-d965ccfc6d4b" outcome="Passed" testListId="8c84fa94-04c1-424b-9868-57a2d4851a1d" relativeResultsDirectory="f437b907-8341-4823-af7f-5a382bb222ce" dataRowInfo="2" resultType="DataDrivenDataRow" />
      </InnerResults>
    </UnitTestResult>
    <UnitTestResult executionId="a01c8394-6cce-44a6-82dd-9f8663e17ce9" testId="6c6b647e-dbec-34b2-9a32-6c876af9b8dc" testName="OperatorEqual_Passing_Valid_Distinct_Values_Returns_False" computerName="PC-SFERRARI" duration="00:00:00.0002494" startTime="2020-09-01T16:43:02.8329196+01:00" endTime="2020-09-01T16:43:02.8332614+01:00" testType="13cdc9d9-ddb5-4fa4-a97d-d965ccfc6d4b" outcome="Passed" testListId="8c84fa94-04c1-424b-9868-57a2d4851a1d" relativeResultsDirectory="a01c8394-6cce-44a6-82dd-9f8663e17ce9" resultType="DataDrivenTest">
      <InnerResults>
        <UnitTestResult executionId="912e60e4-ec40-4cae-8fa4-8e78f19231d0" parentExecutionId="a01c8394-6cce-44a6-82dd-9f8663e17ce9" testId="6c6b647e-dbec-34b2-9a32-6c876af9b8dc" testName="OperatorEqual_Passing_Valid_Distinct_Values_Returns_False (dasdasd@dsasd.ff)" computerName="PC-SFERRARI" duration="00:00:00.0001740" startTime="2020-09-01T16:43:02.8329196+01:00" endTime="2020-09-01T16:43:02.8332614+01:00" testType="13cdc9d9-ddb5-4fa4-a97d-d965ccfc6d4b" outcome="Passed" testListId="8c84fa94-04c1-424b-9868-57a2d4851a1d" relativeResultsDirectory="912e60e4-ec40-4cae-8fa4-8e78f19231d0" dataRowInfo="1" resultType="DataDrivenDataRow" />
        <UnitTestResult executionId="b53c5d3d-3d90-4f0d-9db2-77effff5057c" parentExecutionId="a01c8394-6cce-44a6-82dd-9f8663e17ce9" testId="6c6b647e-dbec-34b2-9a32-6c876af9b8dc" testName="OperatorEqual_Passing_Valid_Distinct_Values_Returns_False (34fsds@sdd.fgg)" computerName="PC-SFERRARI" duration="00:00:00.0000283" startTime="2020-09-01T16:43:02.8329196+01:00" endTime="2020-09-01T16:43:02.8332614+01:00" testType="13cdc9d9-ddb5-4fa4-a97d-d965ccfc6d4b" outcome="Passed" testListId="8c84fa94-04c1-424b-9868-57a2d4851a1d" relativeResultsDirectory="b53c5d3d-3d90-4f0d-9db2-77effff5057c" dataRowInfo="2" resultType="DataDrivenDataRow" />
      </InnerResults>
    </UnitTestResult>
    <UnitTestResult executionId="a0e57e9b-6f51-49bc-ba6d-10e2938c56c0" testId="7506a243-a238-2665-b1af-67e45659c805" testName="ToEnum_Passing_Valid_String_Name_Enumeracion_Returns_Enumeracion" computerName="PC-SFERRARI" duration="00:00:00.0001316" startTime="2020-09-01T16:43:02.3715115+01:00" endTime="2020-09-01T16:43:02.3717148+01:00" testType="13cdc9d9-ddb5-4fa4-a97d-d965ccfc6d4b" outcome="Passed" testListId="8c84fa94-04c1-424b-9868-57a2d4851a1d" relativeResultsDirectory="a0e57e9b-6f51-49bc-ba6d-10e2938c56c0" />
    <UnitTestResult executionId="0ce5d75e-0bc8-4c54-a455-8b33426a2966" testId="0188a360-d0e8-2f3a-f2c3-d07e54094df7" testName="IsNull_Passing_Null_Value_Returns_True" computerName="PC-SFERRARI" duration="00:00:00.0003571" startTime="2020-09-01T16:43:02.9028508+01:00" endTime="2020-09-01T16:43:02.9033018+01:00" testType="13cdc9d9-ddb5-4fa4-a97d-d965ccfc6d4b" outcome="Passed" testListId="8c84fa94-04c1-424b-9868-57a2d4851a1d" relativeResultsDirectory="0ce5d75e-0bc8-4c54-a455-8b33426a2966" />
    <UnitTestResult executionId="e230a499-3365-4783-b696-8cc268461c54" testId="f8590f4c-8af0-6c5c-7ae1-fa12731b6342" testName="Create_Passing_InvalidOrNull_Value_Returns_ApplicationException" computerName="PC-SFERRARI" duration="00:00:00.0008217" startTime="2020-09-01T16:43:02.7728581+01:00" endTime="2020-09-01T16:43:02.7738547+01:00" testType="13cdc9d9-ddb5-4fa4-a97d-d965ccfc6d4b" outcome="Passed" testListId="8c84fa94-04c1-424b-9868-57a2d4851a1d" relativeResultsDirectory="e230a499-3365-4783-b696-8cc268461c54" resultType="DataDrivenTest">
      <InnerResults>
        <UnitTestResult executionId="19d3c4bf-c3d1-4901-9c49-cfe5dfe41cb6" parentExecutionId="e230a499-3365-4783-b696-8cc268461c54" testId="f8590f4c-8af0-6c5c-7ae1-fa12731b6342" testName="Create_Passing_InvalidOrNull_Value_Returns_ApplicationException (dasdasd@dsasd.._ff)" computerName="PC-SFERRARI" duration="00:00:00.0005329" startTime="2020-09-01T16:43:02.7728581+01:00" endTime="2020-09-01T16:43:02.7738547+01:00" testType="13cdc9d9-ddb5-4fa4-a97d-d965ccfc6d4b" outcome="Passed" testListId="8c84fa94-04c1-424b-9868-57a2d4851a1d" relativeResultsDirectory="19d3c4bf-c3d1-4901-9c49-cfe5dfe41cb6" dataRowInfo="1" resultType="DataDrivenDataRow" />
        <UnitTestResult executionId="3f42207c-c734-4018-88ed-7871073f43b5" parentExecutionId="e230a499-3365-4783-b696-8cc268461c54" testId="f8590f4c-8af0-6c5c-7ae1-fa12731b6342" testName="Create_Passing_InvalidOrNull_Value_Returns_ApplicationException (34fsds@@sdd.f)" computerName="PC-SFERRARI" duration="00:00:00.0000653" startTime="2020-09-01T16:43:02.7728581+01:00" endTime="2020-09-01T16:43:02.7738547+01:00" testType="13cdc9d9-ddb5-4fa4-a97d-d965ccfc6d4b" outcome="Passed" testListId="8c84fa94-04c1-424b-9868-57a2d4851a1d" relativeResultsDirectory="3f42207c-c734-4018-88ed-7871073f43b5" dataRowInfo="2" resultType="DataDrivenDataRow" />
        <UnitTestResult executionId="4faca5bc-9b94-4e3c-b4c4-2a920f3dbe48" parentExecutionId="e230a499-3365-4783-b696-8cc268461c54" testId="f8590f4c-8af0-6c5c-7ae1-fa12731b6342" testName="Create_Passing_InvalidOrNull_Value_Returns_ApplicationException ()" computerName="PC-SFERRARI" duration="00:00:00.0000368" startTime="2020-09-01T16:43:02.7728581+01:00" endTime="2020-09-01T16:43:02.7738547+01:00" testType="13cdc9d9-ddb5-4fa4-a97d-d965ccfc6d4b" outcome="Passed" testListId="8c84fa94-04c1-424b-9868-57a2d4851a1d" relativeResultsDirectory="4faca5bc-9b94-4e3c-b4c4-2a920f3dbe48" dataRowInfo="3" resultType="DataDrivenDataRow" />
        <UnitTestResult executionId="ce35742b-e73e-4987-8a15-8261d7e1b35e" parentExecutionId="e230a499-3365-4783-b696-8cc268461c54" testId="f8590f4c-8af0-6c5c-7ae1-fa12731b6342" testName="Create_Passing_InvalidOrNull_Value_Returns_ApplicationException ()" computerName="PC-SFERRARI" duration="00:00:00.0000315" startTime="2020-09-01T16:43:02.7728581+01:00" endTime="2020-09-01T16:43:02.7738547+01:00" testType="13cdc9d9-ddb5-4fa4-a97d-d965ccfc6d4b" outcome="Passed" testListId="8c84fa94-04c1-424b-9868-57a2d4851a1d" relativeResultsDirectory="ce35742b-e73e-4987-8a15-8261d7e1b35e" dataRowInfo="4" resultType="DataDrivenDataRow" />
        <UnitTestResult executionId="5d075f96-fe32-455e-a3c0-b52b2bcf3b06" parentExecutionId="e230a499-3365-4783-b696-8cc268461c54" testId="f8590f4c-8af0-6c5c-7ae1-fa12731b6342" testName="Create_Passing_InvalidOrNull_Value_Returns_ApplicationException (34?fsds@sdd.yy)" computerName="PC-SFERRARI" duration="00:00:00.0000410" startTime="2020-09-01T16:43:02.7728581+01:00" endTime="2020-09-01T16:43:02.7738547+01:00" testType="13cdc9d9-ddb5-4fa4-a97d-d965ccfc6d4b" outcome="Passed" testListId="8c84fa94-04c1-424b-9868-57a2d4851a1d" relativeResultsDirectory="5d075f96-fe32-455e-a3c0-b52b2bcf3b06" dataRowInfo="5" resultType="DataDrivenDataRow" />
      </InnerResults>
    </UnitTestResult>
    <UnitTestResult executionId="3d29d077-9d52-468c-9ddd-e01033a1f695" testId="1c4770cc-11c0-d015-3996-858274852a92" testName="Create_Passing_Valid_Values_Returns_Subdomain" computerName="PC-SFERRARI" duration="00:00:00.0003209" startTime="2020-09-01T16:43:03.4415168+01:00" endTime="2020-09-01T16:43:03.4419866+01:00" testType="13cdc9d9-ddb5-4fa4-a97d-d965ccfc6d4b" outcome="Passed" testListId="8c84fa94-04c1-424b-9868-57a2d4851a1d" relativeResultsDirectory="3d29d077-9d52-468c-9ddd-e01033a1f695" resultType="DataDrivenTest">
      <InnerResults>
        <UnitTestResult executionId="cb81c3b8-ae6d-4306-8853-853fcca1f2bd" parentExecutionId="3d29d077-9d52-468c-9ddd-e01033a1f695" testId="1c4770cc-11c0-d015-3996-858274852a92" testName="Create_Passing_Valid_Values_Returns_Subdomain (google)" computerName="PC-SFERRARI" duration="00:00:00.0002310" startTime="2020-09-01T16:43:03.4415168+01:00" endTime="2020-09-01T16:43:03.4419866+01:00" testType="13cdc9d9-ddb5-4fa4-a97d-d965ccfc6d4b" outcome="Passed" testListId="8c84fa94-04c1-424b-9868-57a2d4851a1d" relativeResultsDirectory="cb81c3b8-ae6d-4306-8853-853fcca1f2bd" dataRowInfo="1" resultType="DataDrivenDataRow" />
        <UnitTestResult executionId="bee0e450-35cb-458c-99df-cc8028e37a64" parentExecutionId="3d29d077-9d52-468c-9ddd-e01033a1f695" testId="1c4770cc-11c0-d015-3996-858274852a92" testName="Create_Passing_Valid_Values_Returns_Subdomain (www.hackerone1-com)" computerName="PC-SFERRARI" duration="00:00:00.0000115" startTime="2020-09-01T16:43:03.4415168+01:00" endTime="2020-09-01T16:43:03.4419866+01:00" testType="13cdc9d9-ddb5-4fa4-a97d-d965ccfc6d4b" outcome="Passed" testListId="8c84fa94-04c1-424b-9868-57a2d4851a1d" relativeResultsDirectory="bee0e450-35cb-458c-99df-cc8028e37a64" dataRowInfo="2" resultType="DataDrivenDataRow" />
        <UnitTestResult executionId="41a03d69-b318-4a97-a220-a810fff6a04b" parentExecutionId="3d29d077-9d52-468c-9ddd-e01033a1f695" testId="1c4770cc-11c0-d015-3996-858274852a92" testName="Create_Passing_Valid_Values_Returns_Subdomain (stage_hackerone.com)" computerName="PC-SFERRARI" duration="00:00:00.0000089" startTime="2020-09-01T16:43:03.4415168+01:00" endTime="2020-09-01T16:43:03.4419866+01:00" testType="13cdc9d9-ddb5-4fa4-a97d-d965ccfc6d4b" outcome="Passed" testListId="8c84fa94-04c1-424b-9868-57a2d4851a1d" relativeResultsDirectory="41a03d69-b318-4a97-a220-a810fff6a04b" dataRowInfo="3" resultType="DataDrivenDataRow" />
      </InnerResults>
    </UnitTestResult>
    <UnitTestResult executionId="d80d0a3e-2c01-4447-bd36-4fb15fa0baf2" testId="b939a012-7d2e-b3be-e613-740fc697b8d4" testName="OperatorNotEqual_Passing_Valid_Values_Returns_False" computerName="PC-SFERRARI" duration="00:00:00.0004947" startTime="2020-09-01T16:43:03.2581649+01:00" endTime="2020-09-01T16:43:03.2588364+01:00" testType="13cdc9d9-ddb5-4fa4-a97d-d965ccfc6d4b" outcome="Passed" testListId="8c84fa94-04c1-424b-9868-57a2d4851a1d" relativeResultsDirectory="d80d0a3e-2c01-4447-bd36-4fb15fa0baf2" resultType="DataDrivenTest">
      <InnerResults>
        <UnitTestResult executionId="ea18cfe5-da2c-4668-963e-ebb69f1cf0b4" parentExecutionId="d80d0a3e-2c01-4447-bd36-4fb15fa0baf2" testId="b939a012-7d2e-b3be-e613-740fc697b8d4" testName="OperatorNotEqual_Passing_Valid_Values_Returns_False (España)" computerName="PC-SFERRARI" duration="00:00:00.0002439" startTime="2020-09-01T16:43:03.2581649+01:00" endTime="2020-09-01T16:43:03.2588364+01:00" testType="13cdc9d9-ddb5-4fa4-a97d-d965ccfc6d4b" outcome="Passed" testListId="8c84fa94-04c1-424b-9868-57a2d4851a1d" relativeResultsDirectory="ea18cfe5-da2c-4668-963e-ebb69f1cf0b4" dataRowInfo="1" resultType="DataDrivenDataRow" />
        <UnitTestResult executionId="63e27ff9-d52f-4275-87ce-66729552d5ed" parentExecutionId="d80d0a3e-2c01-4447-bd36-4fb15fa0baf2" testId="b939a012-7d2e-b3be-e613-740fc697b8d4" testName="OperatorNotEqual_Passing_Valid_Values_Returns_False (Españá)" computerName="PC-SFERRARI" duration="00:00:00.0000159" startTime="2020-09-01T16:43:03.2581649+01:00" endTime="2020-09-01T16:43:03.2588364+01:00" testType="13cdc9d9-ddb5-4fa4-a97d-d965ccfc6d4b" outcome="Passed" testListId="8c84fa94-04c1-424b-9868-57a2d4851a1d" relativeResultsDirectory="63e27ff9-d52f-4275-87ce-66729552d5ed" dataRowInfo="2" resultType="DataDrivenDataRow" />
        <UnitTestResult executionId="8b35fc81-d7f3-4d8b-8024-a7ee412e4831" parentExecutionId="d80d0a3e-2c01-4447-bd36-4fb15fa0baf2" testId="b939a012-7d2e-b3be-e613-740fc697b8d4" testName="OperatorNotEqual_Passing_Valid_Values_Returns_False (Españà)" computerName="PC-SFERRARI" duration="00:00:00.0000139" startTime="2020-09-01T16:43:03.2581649+01:00" endTime="2020-09-01T16:43:03.2588364+01:00" testType="13cdc9d9-ddb5-4fa4-a97d-d965ccfc6d4b" outcome="Passed" testListId="8c84fa94-04c1-424b-9868-57a2d4851a1d" relativeResultsDirectory="8b35fc81-d7f3-4d8b-8024-a7ee412e4831" dataRowInfo="3" resultType="DataDrivenDataRow" />
        <UnitTestResult executionId="9c8f944c-018f-49d4-ae7f-54a6d41dfc16" parentExecutionId="d80d0a3e-2c01-4447-bd36-4fb15fa0baf2" testId="b939a012-7d2e-b3be-e613-740fc697b8d4" testName="OperatorNotEqual_Passing_Valid_Values_Returns_False (Españä)" computerName="PC-SFERRARI" duration="00:00:00.0000126" startTime="2020-09-01T16:43:03.2581649+01:00" endTime="2020-09-01T16:43:03.2588364+01:00" testType="13cdc9d9-ddb5-4fa4-a97d-d965ccfc6d4b" outcome="Passed" testListId="8c84fa94-04c1-424b-9868-57a2d4851a1d" relativeResultsDirectory="9c8f944c-018f-49d4-ae7f-54a6d41dfc16" dataRowInfo="4" resultType="DataDrivenDataRow" />
        <UnitTestResult executionId="362daf25-6a8b-4ece-8e2e-55f9a3ccba3c" parentExecutionId="d80d0a3e-2c01-4447-bd36-4fb15fa0baf2" testId="b939a012-7d2e-b3be-e613-740fc697b8d4" testName="OperatorNotEqual_Passing_Valid_Values_Returns_False (Españâ)" computerName="PC-SFERRARI" duration="00:00:00.0000133" startTime="2020-09-01T16:43:03.2581649+01:00" endTime="2020-09-01T16:43:03.2588364+01:00" testType="13cdc9d9-ddb5-4fa4-a97d-d965ccfc6d4b" outcome="Passed" testListId="8c84fa94-04c1-424b-9868-57a2d4851a1d" relativeResultsDirectory="362daf25-6a8b-4ece-8e2e-55f9a3ccba3c" dataRowInfo="5" resultType="DataDrivenDataRow" />
        <UnitTestResult executionId="b5e5985a-7eb1-45d8-8fcb-11e99d073a17" parentExecutionId="d80d0a3e-2c01-4447-bd36-4fb15fa0baf2" testId="b939a012-7d2e-b3be-e613-740fc697b8d4" testName="OperatorNotEqual_Passing_Valid_Values_Returns_False (Españã)" computerName="PC-SFERRARI" duration="00:00:00.0000131" startTime="2020-09-01T16:43:03.2581649+01:00" endTime="2020-09-01T16:43:03.2588364+01:00" testType="13cdc9d9-ddb5-4fa4-a97d-d965ccfc6d4b" outcome="Passed" testListId="8c84fa94-04c1-424b-9868-57a2d4851a1d" relativeResultsDirectory="b5e5985a-7eb1-45d8-8fcb-11e99d073a17" dataRowInfo="6" resultType="DataDrivenDataRow" />
        <UnitTestResult executionId="1c19a688-724e-4cbe-b341-e1dfcc2e0b01" parentExecutionId="d80d0a3e-2c01-4447-bd36-4fb15fa0baf2" testId="b939a012-7d2e-b3be-e613-740fc697b8d4" testName="OperatorNotEqual_Passing_Valid_Values_Returns_False (Españç)" computerName="PC-SFERRARI" duration="00:00:00.0000126" startTime="2020-09-01T16:43:03.2581649+01:00" endTime="2020-09-01T16:43:03.2588364+01:00" testType="13cdc9d9-ddb5-4fa4-a97d-d965ccfc6d4b" outcome="Passed" testListId="8c84fa94-04c1-424b-9868-57a2d4851a1d" relativeResultsDirectory="1c19a688-724e-4cbe-b341-e1dfcc2e0b01" dataRowInfo="7" resultType="DataDrivenDataRow" />
        <UnitTestResult executionId="95dd5099-72b7-4ad2-a1dd-ded884096abf" parentExecutionId="d80d0a3e-2c01-4447-bd36-4fb15fa0baf2" testId="b939a012-7d2e-b3be-e613-740fc697b8d4" testName="OperatorNotEqual_Passing_Valid_Values_Returns_False (Españħ)" computerName="PC-SFERRARI" duration="00:00:00.0000132" startTime="2020-09-01T16:43:03.2581649+01:00" endTime="2020-09-01T16:43:03.2588364+01:00" testType="13cdc9d9-ddb5-4fa4-a97d-d965ccfc6d4b" outcome="Passed" testListId="8c84fa94-04c1-424b-9868-57a2d4851a1d" relativeResultsDirectory="95dd5099-72b7-4ad2-a1dd-ded884096abf" dataRowInfo="8" resultType="DataDrivenDataRow" />
        <UnitTestResult executionId="09f81a51-395f-495d-a766-769f2b793a7b" parentExecutionId="d80d0a3e-2c01-4447-bd36-4fb15fa0baf2" testId="b939a012-7d2e-b3be-e613-740fc697b8d4" testName="OperatorNotEqual_Passing_Valid_Values_Returns_False (Esp añâ)" computerName="PC-SFERRARI" duration="00:00:00.0000132" startTime="2020-09-01T16:43:03.2581649+01:00" endTime="2020-09-01T16:43:03.2588364+01:00" testType="13cdc9d9-ddb5-4fa4-a97d-d965ccfc6d4b" outcome="Passed" testListId="8c84fa94-04c1-424b-9868-57a2d4851a1d" relativeResultsDirectory="09f81a51-395f-495d-a766-769f2b793a7b" dataRowInfo="9" resultType="DataDrivenDataRow" />
      </InnerResults>
    </UnitTestResult>
    <UnitTestResult executionId="4e633459-ecaf-4e56-84a2-377d928ee5c9" testId="fe3ab238-f960-1d99-07e6-892c4c0d0c46" testName="Equals_Passing_Valid_Distinct_Values_Returns_False" computerName="PC-SFERRARI" duration="00:00:00.0027839" startTime="2020-09-01T16:43:03.0122882+01:00" endTime="2020-09-01T16:43:03.0152669+01:00" testType="13cdc9d9-ddb5-4fa4-a97d-d965ccfc6d4b" outcome="Passed" testListId="8c84fa94-04c1-424b-9868-57a2d4851a1d" relativeResultsDirectory="4e633459-ecaf-4e56-84a2-377d928ee5c9" resultType="DataDrivenTest">
      <InnerResults>
        <UnitTestResult executionId="8f7c8080-f58e-4383-b6b8-e3644ed57c75" parentExecutionId="4e633459-ecaf-4e56-84a2-377d928ee5c9" testId="fe3ab238-f960-1d99-07e6-892c4c0d0c46" testName="Equals_Passing_Valid_Distinct_Values_Returns_False (100,EUR,2)" computerName="PC-SFERRARI" duration="00:00:00.0017113" startTime="2020-09-01T16:43:03.0122882+01:00" endTime="2020-09-01T16:43:03.0152669+01:00" testType="13cdc9d9-ddb5-4fa4-a97d-d965ccfc6d4b" outcome="Passed" testListId="8c84fa94-04c1-424b-9868-57a2d4851a1d" relativeResultsDirectory="8f7c8080-f58e-4383-b6b8-e3644ed57c75" dataRowInfo="1" resultType="DataDrivenDataRow" />
        <UnitTestResult executionId="f8412cf0-470e-45c4-bf74-1eb09eb222cb" parentExecutionId="4e633459-ecaf-4e56-84a2-377d928ee5c9" testId="fe3ab238-f960-1d99-07e6-892c4c0d0c46" testName="Equals_Passing_Valid_Distinct_Values_Returns_False (200,EUR,4)" computerName="PC-SFERRARI" duration="00:00:00.0004910" startTime="2020-09-01T16:43:03.0122882+01:00" endTime="2020-09-01T16:43:03.0152669+01:00" testType="13cdc9d9-ddb5-4fa4-a97d-d965ccfc6d4b" outcome="Passed" testListId="8c84fa94-04c1-424b-9868-57a2d4851a1d" relativeResultsDirectory="f8412cf0-470e-45c4-bf74-1eb09eb222cb" dataRowInfo="2" resultType="DataDrivenDataRow" />
        <UnitTestResult executionId="694f33c0-ed7e-40b3-a9c1-c505a8f52647" parentExecutionId="4e633459-ecaf-4e56-84a2-377d928ee5c9" testId="fe3ab238-f960-1d99-07e6-892c4c0d0c46" testName="Equals_Passing_Valid_Distinct_Values_Returns_False (400,EUR,8)" computerName="PC-SFERRARI" duration="00:00:00.0004642" startTime="2020-09-01T16:43:03.0122882+01:00" endTime="2020-09-01T16:43:03.0152669+01:00" testType="13cdc9d9-ddb5-4fa4-a97d-d965ccfc6d4b" outcome="Passed" testListId="8c84fa94-04c1-424b-9868-57a2d4851a1d" relativeResultsDirectory="694f33c0-ed7e-40b3-a9c1-c505a8f52647" dataRowInfo="3" resultType="DataDrivenDataRow" />
      </InnerResults>
    </UnitTestResult>
    <UnitTestResult executionId="f320ebde-f9f1-4cda-a317-612459b3e273" testId="727d300c-09c1-7387-388d-5af13a437f21" testName="OperatorEqual_Passing_Valid_Values_Returns_True" computerName="PC-SFERRARI" duration="00:00:00.0002300" startTime="2020-09-01T16:43:03.4832667+01:00" endTime="2020-09-01T16:43:03.4835744+01:00" testType="13cdc9d9-ddb5-4fa4-a97d-d965ccfc6d4b" outcome="Passed" testListId="8c84fa94-04c1-424b-9868-57a2d4851a1d" relativeResultsDirectory="f320ebde-f9f1-4cda-a317-612459b3e273" resultType="DataDrivenTest">
      <InnerResults>
        <UnitTestResult executionId="d85a1256-991d-4926-9440-f860a47a4abe" parentExecutionId="f320ebde-f9f1-4cda-a317-612459b3e273" testId="727d300c-09c1-7387-388d-5af13a437f21" testName="OperatorEqual_Passing_Valid_Values_Returns_True (app.hackerone1.com)" computerName="PC-SFERRARI" duration="00:00:00.0001452" startTime="2020-09-01T16:43:03.4832667+01:00" endTime="2020-09-01T16:43:03.4835744+01:00" testType="13cdc9d9-ddb5-4fa4-a97d-d965ccfc6d4b" outcome="Passed" testListId="8c84fa94-04c1-424b-9868-57a2d4851a1d" relativeResultsDirectory="d85a1256-991d-4926-9440-f860a47a4abe" dataRowInfo="1" resultType="DataDrivenDataRow" />
        <UnitTestResult executionId="a215517f-d3e4-441c-b22c-3d610777ad1f" parentExecutionId="f320ebde-f9f1-4cda-a317-612459b3e273" testId="727d300c-09c1-7387-388d-5af13a437f21" testName="OperatorEqual_Passing_Valid_Values_Returns_True (www.hackerone-com)" computerName="PC-SFERRARI" duration="00:00:00.0000169" startTime="2020-09-01T16:43:03.4832667+01:00" endTime="2020-09-01T16:43:03.4835744+01:00" testType="13cdc9d9-ddb5-4fa4-a97d-d965ccfc6d4b" outcome="Passed" testListId="8c84fa94-04c1-424b-9868-57a2d4851a1d" relativeResultsDirectory="a215517f-d3e4-441c-b22c-3d610777ad1f" dataRowInfo="2" resultType="DataDrivenDataRow" />
        <UnitTestResult executionId="d2256f7b-cd41-4bf8-8ce3-eed2cf2daf9a" parentExecutionId="f320ebde-f9f1-4cda-a317-612459b3e273" testId="727d300c-09c1-7387-388d-5af13a437f21" testName="OperatorEqual_Passing_Valid_Values_Returns_True (stage_hackerone.com)" computerName="PC-SFERRARI" duration="00:00:00.0000147" startTime="2020-09-01T16:43:03.4832667+01:00" endTime="2020-09-01T16:43:03.4835744+01:00" testType="13cdc9d9-ddb5-4fa4-a97d-d965ccfc6d4b" outcome="Passed" testListId="8c84fa94-04c1-424b-9868-57a2d4851a1d" relativeResultsDirectory="d2256f7b-cd41-4bf8-8ce3-eed2cf2daf9a" dataRowInfo="3" resultType="DataDrivenDataRow" />
      </InnerResults>
    </UnitTestResult>
    <UnitTestResult executionId="d933c265-a2e5-4436-8c15-c7dd4fc5c0fb" testId="c00989f1-bbf2-1016-4a5a-81f963501501" testName="Create_Passing_Valid_Values_Returns_Address" computerName="PC-SFERRARI" duration="00:00:00.0004382" startTime="2020-09-01T16:43:02.5645539+01:00" endTime="2020-09-01T16:43:02.5651443+01:00" testType="13cdc9d9-ddb5-4fa4-a97d-d965ccfc6d4b" outcome="Passed" testListId="8c84fa94-04c1-424b-9868-57a2d4851a1d" relativeResultsDirectory="d933c265-a2e5-4436-8c15-c7dd4fc5c0fb" resultType="DataDrivenTest">
      <InnerResults>
        <UnitTestResult executionId="1f047a61-b38d-4ba4-aa0d-bd8f71580f3a" parentExecutionId="d933c265-a2e5-4436-8c15-c7dd4fc5c0fb" testId="c00989f1-bbf2-1016-4a5a-81f963501501" testName="Create_Passing_Valid_Values_Returns_Address (Tenerife,23,34567,San Bartoleme De Tirajana,Las Palmas,España)" computerName="PC-SFERRARI" duration="00:00:00.0003543" startTime="2020-09-01T16:43:02.5645539+01:00" endTime="2020-09-01T16:43:02.5651443+01:00" testType="13cdc9d9-ddb5-4fa4-a97d-d965ccfc6d4b" outcome="Passed" testListId="8c84fa94-04c1-424b-9868-57a2d4851a1d" relativeResultsDirectory="1f047a61-b38d-4ba4-aa0d-bd8f71580f3a" dataRowInfo="1" resultType="DataDrivenDataRow" />
        <UnitTestResult executionId="93dbf0e3-94dc-4e96-8ff0-94d3a5d3f2d3" parentExecutionId="d933c265-a2e5-4436-8c15-c7dd4fc5c0fb" testId="c00989f1-bbf2-1016-4a5a-81f963501501" testName="Create_Passing_Valid_Values_Returns_Address (Pader,789,DF7956,Sabadell,Barcelona,España)" computerName="PC-SFERRARI" duration="00:00:00.0000099" startTime="2020-09-01T16:43:02.5645539+01:00" endTime="2020-09-01T16:43:02.5651443+01:00" testType="13cdc9d9-ddb5-4fa4-a97d-d965ccfc6d4b" outcome="Passed" testListId="8c84fa94-04c1-424b-9868-57a2d4851a1d" relativeResultsDirectory="93dbf0e3-94dc-4e96-8ff0-94d3a5d3f2d3" dataRowInfo="2" resultType="DataDrivenDataRow" />
      </InnerResults>
    </UnitTestResult>
    <UnitTestResult executionId="0149c48b-27a2-4979-b625-5535c6da2c66" testId="0af19e62-2ce3-c36e-7566-bede5dbc71a7" testName="ToString_Passing_Valid_Values_Returns_Address_String_Format" computerName="PC-SFERRARI" duration="00:00:00.0005231" startTime="2020-09-01T16:43:02.6136113+01:00" endTime="2020-09-01T16:43:02.6142082+01:00" testType="13cdc9d9-ddb5-4fa4-a97d-d965ccfc6d4b" outcome="Passed" testListId="8c84fa94-04c1-424b-9868-57a2d4851a1d" relativeResultsDirectory="0149c48b-27a2-4979-b625-5535c6da2c66" resultType="DataDrivenTest">
      <InnerResults>
        <UnitTestResult executionId="2acbf9e0-a82e-4e11-a7d9-5c1bc33ce1d7" parentExecutionId="0149c48b-27a2-4979-b625-5535c6da2c66" testId="0af19e62-2ce3-c36e-7566-bede5dbc71a7" testName="ToString_Passing_Valid_Values_Returns_Address_String_Format (Tenerife,23,34567,San Bartoleme De Tirajana,Las Palmas,España)" computerName="PC-SFERRARI" duration="00:00:00.0004493" startTime="2020-09-01T16:43:02.6136113+01:00" endTime="2020-09-01T16:43:02.6142082+01:00" testType="13cdc9d9-ddb5-4fa4-a97d-d965ccfc6d4b" outcome="Passed" testListId="8c84fa94-04c1-424b-9868-57a2d4851a1d" relativeResultsDirectory="2acbf9e0-a82e-4e11-a7d9-5c1bc33ce1d7" dataRowInfo="1" resultType="DataDrivenDataRow" />
        <UnitTestResult executionId="a3871fb4-9e60-4ef2-9ada-30c90340a6ca" parentExecutionId="0149c48b-27a2-4979-b625-5535c6da2c66" testId="0af19e62-2ce3-c36e-7566-bede5dbc71a7" testName="ToString_Passing_Valid_Values_Returns_Address_String_Format (Pader,789,DF7956,Sabadell,Barcelona,España)" computerName="PC-SFERRARI" duration="00:00:00.0000139" startTime="2020-09-01T16:43:02.6136113+01:00" endTime="2020-09-01T16:43:02.6142082+01:00" testType="13cdc9d9-ddb5-4fa4-a97d-d965ccfc6d4b" outcome="Passed" testListId="8c84fa94-04c1-424b-9868-57a2d4851a1d" relativeResultsDirectory="a3871fb4-9e60-4ef2-9ada-30c90340a6ca" dataRowInfo="2" resultType="DataDrivenDataRow" />
      </InnerResults>
    </UnitTestResult>
    <UnitTestResult executionId="b468777e-7d74-4740-816c-a963e47faadc" testId="35cd21bd-ac3d-8082-2cc2-47d7b4ce3a25" testName="IsNull_Passing_Null_Value_Returns_True" computerName="PC-SFERRARI" duration="00:00:00.0004535" startTime="2020-09-01T16:43:03.1777657+01:00" endTime="2020-09-01T16:43:03.1783873+01:00" testType="13cdc9d9-ddb5-4fa4-a97d-d965ccfc6d4b" outcome="Passed" testListId="8c84fa94-04c1-424b-9868-57a2d4851a1d" relativeResultsDirectory="b468777e-7d74-4740-816c-a963e47faadc" />
    <UnitTestResult executionId="54a5407b-36eb-4b11-be87-afb269d45d59" testId="3f4c3f71-cc6a-91e9-8105-a3b714346d19" testName="Create_Passing_InvalidOrNull_Value_Returns_ApplicationException" computerName="PC-SFERRARI" duration="00:00:00.0005897" startTime="2020-09-01T16:43:03.4221836+01:00" endTime="2020-09-01T16:43:03.4228687+01:00" testType="13cdc9d9-ddb5-4fa4-a97d-d965ccfc6d4b" outcome="Passed" testListId="8c84fa94-04c1-424b-9868-57a2d4851a1d" relativeResultsDirectory="54a5407b-36eb-4b11-be87-afb269d45d59" resultType="DataDrivenTest">
      <InnerResults>
        <UnitTestResult executionId="83318709-ae95-4b02-9591-4def6ea5581e" parentExecutionId="54a5407b-36eb-4b11-be87-afb269d45d59" testId="3f4c3f71-cc6a-91e9-8105-a3b714346d19" testName="Create_Passing_InvalidOrNull_Value_Returns_ApplicationException ()" computerName="PC-SFERRARI" duration="00:00:00.0003752" startTime="2020-09-01T16:43:03.4221836+01:00" endTime="2020-09-01T16:43:03.4228687+01:00" testType="13cdc9d9-ddb5-4fa4-a97d-d965ccfc6d4b" outcome="Passed" testListId="8c84fa94-04c1-424b-9868-57a2d4851a1d" relativeResultsDirectory="83318709-ae95-4b02-9591-4def6ea5581e" dataRowInfo="1" resultType="DataDrivenDataRow" />
        <UnitTestResult executionId="6301be4c-db1f-4c34-8104-6a9d66d60be6" parentExecutionId="54a5407b-36eb-4b11-be87-afb269d45d59" testId="3f4c3f71-cc6a-91e9-8105-a3b714346d19" testName="Create_Passing_InvalidOrNull_Value_Returns_ApplicationException ()" computerName="PC-SFERRARI" duration="00:00:00.0000462" startTime="2020-09-01T16:43:03.4221836+01:00" endTime="2020-09-01T16:43:03.4228687+01:00" testType="13cdc9d9-ddb5-4fa4-a97d-d965ccfc6d4b" outcome="Passed" testListId="8c84fa94-04c1-424b-9868-57a2d4851a1d" relativeResultsDirectory="6301be4c-db1f-4c34-8104-6a9d66d60be6" dataRowInfo="2" resultType="DataDrivenDataRow" />
        <UnitTestResult executionId="fa7a61b7-11a9-4a3e-81de-af5b8206f703" parentExecutionId="54a5407b-36eb-4b11-be87-afb269d45d59" testId="3f4c3f71-cc6a-91e9-8105-a3b714346d19" testName="Create_Passing_InvalidOrNull_Value_Returns_ApplicationException (___dasfs$·%%$%$$·%$)" computerName="PC-SFERRARI" duration="00:00:00.0000452" startTime="2020-09-01T16:43:03.4221836+01:00" endTime="2020-09-01T16:43:03.4228687+01:00" testType="13cdc9d9-ddb5-4fa4-a97d-d965ccfc6d4b" outcome="Passed" testListId="8c84fa94-04c1-424b-9868-57a2d4851a1d" relativeResultsDirectory="fa7a61b7-11a9-4a3e-81de-af5b8206f703" dataRowInfo="3" resultType="DataDrivenDataRow" />
        <UnitTestResult executionId="ae0e5110-c209-483e-b503-35d9d6fc9404" parentExecutionId="54a5407b-36eb-4b11-be87-afb269d45d59" testId="3f4c3f71-cc6a-91e9-8105-a3b714346d19" testName="Create_Passing_InvalidOrNull_Value_Returns_ApplicationException (..¬¬¬sdffdsfdssd.dd)" computerName="PC-SFERRARI" duration="00:00:00.0000396" startTime="2020-09-01T16:43:03.4221836+01:00" endTime="2020-09-01T16:43:03.4228687+01:00" testType="13cdc9d9-ddb5-4fa4-a97d-d965ccfc6d4b" outcome="Passed" testListId="8c84fa94-04c1-424b-9868-57a2d4851a1d" relativeResultsDirectory="ae0e5110-c209-483e-b503-35d9d6fc9404" dataRowInfo="4" resultType="DataDrivenDataRow" />
      </InnerResults>
    </UnitTestResult>
    <UnitTestResult executionId="1a6f4858-6ced-4ab8-baaf-8c9ce5f44bda" testId="145667c7-887e-fb55-f15f-87c10ffaa544" testName="ToEnum_Passing_Valid_Int_value_Returns_Enumeracion" computerName="PC-SFERRARI" duration="00:00:00.0001324" startTime="2020-09-01T16:43:02.4213870+01:00" endTime="2020-09-01T16:43:02.4215920+01:00" testType="13cdc9d9-ddb5-4fa4-a97d-d965ccfc6d4b" outcome="Passed" testListId="8c84fa94-04c1-424b-9868-57a2d4851a1d" relativeResultsDirectory="1a6f4858-6ced-4ab8-baaf-8c9ce5f44bda" />
    <UnitTestResult executionId="ec5606cb-6fac-40ae-903e-4119654f9177" testId="4c90cf97-db04-0e36-a36a-65b359ec9e59" testName="Equals_Passing_Valid_Distinct_Values_Returns_False" computerName="PC-SFERRARI" duration="00:00:00.0011691" startTime="2020-09-01T16:43:02.7984265+01:00" endTime="2020-09-01T16:43:02.7997650+01:00" testType="13cdc9d9-ddb5-4fa4-a97d-d965ccfc6d4b" outcome="Passed" testListId="8c84fa94-04c1-424b-9868-57a2d4851a1d" relativeResultsDirectory="ec5606cb-6fac-40ae-903e-4119654f9177" resultType="DataDrivenTest">
      <InnerResults>
        <UnitTestResult executionId="71ab305f-c36c-49c9-9812-2655336ee94a" parentExecutionId="ec5606cb-6fac-40ae-903e-4119654f9177" testId="4c90cf97-db04-0e36-a36a-65b359ec9e59" testName="Equals_Passing_Valid_Distinct_Values_Returns_False (dasdasd@dsasd.ff)" computerName="PC-SFERRARI" duration="00:00:00.0010621" startTime="2020-09-01T16:43:02.7984265+01:00" endTime="2020-09-01T16:43:02.7997650+01:00" testType="13cdc9d9-ddb5-4fa4-a97d-d965ccfc6d4b" outcome="Passed" testListId="8c84fa94-04c1-424b-9868-57a2d4851a1d" relativeResultsDirectory="71ab305f-c36c-49c9-9812-2655336ee94a" dataRowInfo="1" resultType="DataDrivenDataRow" />
        <UnitTestResult executionId="e21c2116-daed-4461-96a9-91c76c9e261b" parentExecutionId="ec5606cb-6fac-40ae-903e-4119654f9177" testId="4c90cf97-db04-0e36-a36a-65b359ec9e59" testName="Equals_Passing_Valid_Distinct_Values_Returns_False (34fsds@sdd.fgg)" computerName="PC-SFERRARI" duration="00:00:00.0000385" startTime="2020-09-01T16:43:02.7984265+01:00" endTime="2020-09-01T16:43:02.7997650+01:00" testType="13cdc9d9-ddb5-4fa4-a97d-d965ccfc6d4b" outcome="Passed" testListId="8c84fa94-04c1-424b-9868-57a2d4851a1d" relativeResultsDirectory="e21c2116-daed-4461-96a9-91c76c9e261b" dataRowInfo="2" resultType="DataDrivenDataRow" />
      </InnerResults>
    </UnitTestResult>
    <UnitTestResult executionId="f8f3c33c-9a3b-453c-8cc1-848933e91020" testId="153dd652-4eeb-f718-2869-b5ccdad8d784" testName="OperatorEqual_Passing_Valid_Values_Returns_True" computerName="PC-SFERRARI" duration="00:00:00.0026571" startTime="2020-09-01T16:43:03.0638228+01:00" endTime="2020-09-01T16:43:03.0666687+01:00" testType="13cdc9d9-ddb5-4fa4-a97d-d965ccfc6d4b" outcome="Passed" testListId="8c84fa94-04c1-424b-9868-57a2d4851a1d" relativeResultsDirectory="f8f3c33c-9a3b-453c-8cc1-848933e91020" resultType="DataDrivenTest">
      <InnerResults>
        <UnitTestResult executionId="533ff49c-f946-456b-861c-1755ce8cbbf1" parentExecutionId="f8f3c33c-9a3b-453c-8cc1-848933e91020" testId="153dd652-4eeb-f718-2869-b5ccdad8d784" testName="OperatorEqual_Passing_Valid_Values_Returns_True (100,EUR,2)" computerName="PC-SFERRARI" duration="00:00:00.0006079" startTime="2020-09-01T16:43:03.0638228+01:00" endTime="2020-09-01T16:43:03.0666687+01:00" testType="13cdc9d9-ddb5-4fa4-a97d-d965ccfc6d4b" outcome="Passed" testListId="8c84fa94-04c1-424b-9868-57a2d4851a1d" relativeResultsDirectory="533ff49c-f946-456b-861c-1755ce8cbbf1" dataRowInfo="1" resultType="DataDrivenDataRow" />
        <UnitTestResult executionId="8832fb6b-c9af-45de-b66e-2b407d41b81f" parentExecutionId="f8f3c33c-9a3b-453c-8cc1-848933e91020" testId="153dd652-4eeb-f718-2869-b5ccdad8d784" testName="OperatorEqual_Passing_Valid_Values_Returns_True (200,EUR,4)" computerName="PC-SFERRARI" duration="00:00:00.0002930" startTime="2020-09-01T16:43:03.0638228+01:00" endTime="2020-09-01T16:43:03.0666687+01:00" testType="13cdc9d9-ddb5-4fa4-a97d-d965ccfc6d4b" outcome="Passed" testListId="8c84fa94-04c1-424b-9868-57a2d4851a1d" relativeResultsDirectory="8832fb6b-c9af-45de-b66e-2b407d41b81f" dataRowInfo="2" resultType="DataDrivenDataRow" />
        <UnitTestResult executionId="192dee50-1d15-4fa4-9cce-134414fdd6ae" parentExecutionId="f8f3c33c-9a3b-453c-8cc1-848933e91020" testId="153dd652-4eeb-f718-2869-b5ccdad8d784" testName="OperatorEqual_Passing_Valid_Values_Returns_True (400,USD,8)" computerName="PC-SFERRARI" duration="00:00:00.0016209" startTime="2020-09-01T16:43:03.0638228+01:00" endTime="2020-09-01T16:43:03.0666687+01:00" testType="13cdc9d9-ddb5-4fa4-a97d-d965ccfc6d4b" outcome="Passed" testListId="8c84fa94-04c1-424b-9868-57a2d4851a1d" relativeResultsDirectory="192dee50-1d15-4fa4-9cce-134414fdd6ae" dataRowInfo="3" resultType="DataDrivenDataRow" />
      </InnerResults>
    </UnitTestResult>
    <UnitTestResult executionId="3c48356b-369d-4985-9f96-a2aa47f9ec0e" testId="96c7d001-66b9-71f2-30b3-dc555077fc27" testName="ToEnum_Passing_Invalid_String_Name_Returns_Null" computerName="PC-SFERRARI" duration="00:00:00.0001835" startTime="2020-09-01T16:43:02.4205373+01:00" endTime="2020-09-01T16:43:02.4208096+01:00" testType="13cdc9d9-ddb5-4fa4-a97d-d965ccfc6d4b" outcome="Passed" testListId="8c84fa94-04c1-424b-9868-57a2d4851a1d" relativeResultsDirectory="3c48356b-369d-4985-9f96-a2aa47f9ec0e" />
    <UnitTestResult executionId="c3efded3-200d-4165-95d6-dc7e1034ca7d" testId="28983f02-4f34-fd2a-e2c0-c023f9e83615" testName="OperatorNotEqual_Passing_Valid_Values_Returns_False" computerName="PC-SFERRARI" duration="00:00:00.0004786" startTime="2020-09-01T16:43:02.6125525+01:00" endTime="2020-09-01T16:43:02.6131843+01:00" testType="13cdc9d9-ddb5-4fa4-a97d-d965ccfc6d4b" outcome="Passed" testListId="8c84fa94-04c1-424b-9868-57a2d4851a1d" relativeResultsDirectory="c3efded3-200d-4165-95d6-dc7e1034ca7d" resultType="DataDrivenTest">
      <InnerResults>
        <UnitTestResult executionId="2dcea7a5-51fc-4f1f-904f-6e4db622a9f5" parentExecutionId="c3efded3-200d-4165-95d6-dc7e1034ca7d" testId="28983f02-4f34-fd2a-e2c0-c023f9e83615" testName="OperatorNotEqual_Passing_Valid_Values_Returns_False (Tenerife,23,34567,San Bartoleme De Tirajana,Las Palmas,España)" computerName="PC-SFERRARI" duration="00:00:00.0003812" startTime="2020-09-01T16:43:02.6125525+01:00" endTime="2020-09-01T16:43:02.6131843+01:00" testType="13cdc9d9-ddb5-4fa4-a97d-d965ccfc6d4b" outcome="Passed" testListId="8c84fa94-04c1-424b-9868-57a2d4851a1d" relativeResultsDirectory="2dcea7a5-51fc-4f1f-904f-6e4db622a9f5" dataRowInfo="1" resultType="DataDrivenDataRow" />
        <UnitTestResult executionId="682c70d8-f759-428c-a616-c07d8a57070f" parentExecutionId="c3efded3-200d-4165-95d6-dc7e1034ca7d" testId="28983f02-4f34-fd2a-e2c0-c023f9e83615" testName="OperatorNotEqual_Passing_Valid_Values_Returns_False (Pader,789,DF7956,Sabadell,Barcelona,España)" computerName="PC-SFERRARI" duration="00:00:00.0000231" startTime="2020-09-01T16:43:02.6125525+01:00" endTime="2020-09-01T16:43:02.6131843+01:00" testType="13cdc9d9-ddb5-4fa4-a97d-d965ccfc6d4b" outcome="Passed" testListId="8c84fa94-04c1-424b-9868-57a2d4851a1d" relativeResultsDirectory="682c70d8-f759-428c-a616-c07d8a57070f" dataRowInfo="2" resultType="DataDrivenDataRow" />
      </InnerResults>
    </UnitTestResult>
    <UnitTestResult executionId="e2601b4e-136f-43c7-85ff-026f9f917c6d" testId="906ffa0c-cef6-6ab9-9266-275ee0bdf90a" testName="OperatorNotEqual_Passing_Valid_Values_Returns_True" computerName="PC-SFERRARI" duration="00:00:00.0002883" startTime="2020-09-01T16:43:02.6132162+01:00" endTime="2020-09-01T16:43:02.6135846+01:00" testType="13cdc9d9-ddb5-4fa4-a97d-d965ccfc6d4b" outcome="Passed" testListId="8c84fa94-04c1-424b-9868-57a2d4851a1d" relativeResultsDirectory="e2601b4e-136f-43c7-85ff-026f9f917c6d" resultType="DataDrivenTest">
      <InnerResults>
        <UnitTestResult executionId="f0f02131-15c2-4a34-b587-ef3c0d010909" parentExecutionId="e2601b4e-136f-43c7-85ff-026f9f917c6d" testId="906ffa0c-cef6-6ab9-9266-275ee0bdf90a" testName="OperatorNotEqual_Passing_Valid_Values_Returns_True (Tenerife,23,34567,San Bartoleme De Tirajana,Las Palmas,España)" computerName="PC-SFERRARI" duration="00:00:00.0002194" startTime="2020-09-01T16:43:02.6132162+01:00" endTime="2020-09-01T16:43:02.6135846+01:00" testType="13cdc9d9-ddb5-4fa4-a97d-d965ccfc6d4b" outcome="Passed" testListId="8c84fa94-04c1-424b-9868-57a2d4851a1d" relativeResultsDirectory="f0f02131-15c2-4a34-b587-ef3c0d010909" dataRowInfo="1" resultType="DataDrivenDataRow" />
        <UnitTestResult executionId="7908a91b-aa5a-49a2-a9fd-40d7b4205d46" parentExecutionId="e2601b4e-136f-43c7-85ff-026f9f917c6d" testId="906ffa0c-cef6-6ab9-9266-275ee0bdf90a" testName="OperatorNotEqual_Passing_Valid_Values_Returns_True (Pader,789,DF7956,Sabadell,Barcelona,España)" computerName="PC-SFERRARI" duration="00:00:00.0000136" startTime="2020-09-01T16:43:02.6132162+01:00" endTime="2020-09-01T16:43:02.6135846+01:00" testType="13cdc9d9-ddb5-4fa4-a97d-d965ccfc6d4b" outcome="Passed" testListId="8c84fa94-04c1-424b-9868-57a2d4851a1d" relativeResultsDirectory="7908a91b-aa5a-49a2-a9fd-40d7b4205d46" dataRowInfo="2" resultType="DataDrivenDataRow" />
      </InnerResults>
    </UnitTestResult>
    <UnitTestResult executionId="c4a1b283-1d1f-4313-8e05-d4e27ecaf120" testId="c5c29f75-9d50-53de-8312-18164417d08c" testName="OperatorEqual_Passing_Valid_Distinct_Values_Returns_False" computerName="PC-SFERRARI" duration="00:00:00.0002183" startTime="2020-09-01T16:43:03.5739988+01:00" endTime="2020-09-01T16:43:03.5742899+01:00" testType="13cdc9d9-ddb5-4fa4-a97d-d965ccfc6d4b" outcome="Passed" testListId="8c84fa94-04c1-424b-9868-57a2d4851a1d" relativeResultsDirectory="c4a1b283-1d1f-4313-8e05-d4e27ecaf120" resultType="DataDrivenTest">
      <InnerResults>
        <UnitTestResult executionId="c0ec1a53-8fc8-4bed-88c0-a1d51c16f15e" parentExecutionId="c4a1b283-1d1f-4313-8e05-d4e27ecaf120" testId="c5c29f75-9d50-53de-8312-18164417d08c" testName="OperatorEqual_Passing_Valid_Distinct_Values_Returns_False (456,43543543543)" computerName="PC-SFERRARI" duration="00:00:00.0001603" startTime="2020-09-01T16:43:03.5739988+01:00" endTime="2020-09-01T16:43:03.5742899+01:00" testType="13cdc9d9-ddb5-4fa4-a97d-d965ccfc6d4b" outcome="Passed" testListId="8c84fa94-04c1-424b-9868-57a2d4851a1d" relativeResultsDirectory="c0ec1a53-8fc8-4bed-88c0-a1d51c16f15e" dataRowInfo="1" resultType="DataDrivenDataRow" />
        <UnitTestResult executionId="fb5c19aa-a411-4c46-860a-02bb0a73d3bf" parentExecutionId="c4a1b283-1d1f-4313-8e05-d4e27ecaf120" testId="c5c29f75-9d50-53de-8312-18164417d08c" testName="OperatorEqual_Passing_Valid_Distinct_Values_Returns_False (D45,86554654)" computerName="PC-SFERRARI" duration="00:00:00.0000099" startTime="2020-09-01T16:43:03.5739988+01:00" endTime="2020-09-01T16:43:03.5742899+01:00" testType="13cdc9d9-ddb5-4fa4-a97d-d965ccfc6d4b" outcome="Passed" testListId="8c84fa94-04c1-424b-9868-57a2d4851a1d" relativeResultsDirectory="fb5c19aa-a411-4c46-860a-02bb0a73d3bf" dataRowInfo="2" resultType="DataDrivenDataRow" />
      </InnerResults>
    </UnitTestResult>
    <UnitTestResult executionId="a00b7194-4553-4001-a2fb-a2f656e96033" testId="e85f4f46-0516-dc12-c91d-ac710b48a15b" testName="Equals_Passing_Valid_Values_Returns_True" computerName="PC-SFERRARI" duration="00:00:00.0004736" startTime="2020-09-01T16:43:03.1577611+01:00" endTime="2020-09-01T16:43:03.1584243+01:00" testType="13cdc9d9-ddb5-4fa4-a97d-d965ccfc6d4b" outcome="Passed" testListId="8c84fa94-04c1-424b-9868-57a2d4851a1d" relativeResultsDirectory="a00b7194-4553-4001-a2fb-a2f656e96033" resultType="DataDrivenTest">
      <InnerResults>
        <UnitTestResult executionId="65b5042f-f3bc-4783-acfe-339c5af1d0c8" parentExecutionId="a00b7194-4553-4001-a2fb-a2f656e96033" testId="e85f4f46-0516-dc12-c91d-ac710b48a15b" testName="Equals_Passing_Valid_Values_Returns_True (España)" computerName="PC-SFERRARI" duration="00:00:00.0002371" startTime="2020-09-01T16:43:03.1577611+01:00" endTime="2020-09-01T16:43:03.1584243+01:00" testType="13cdc9d9-ddb5-4fa4-a97d-d965ccfc6d4b" outcome="Passed" testListId="8c84fa94-04c1-424b-9868-57a2d4851a1d" relativeResultsDirectory="65b5042f-f3bc-4783-acfe-339c5af1d0c8" dataRowInfo="1" resultType="DataDrivenDataRow" />
        <UnitTestResult executionId="4f275b20-0db3-4670-ae54-043634aff7bf" parentExecutionId="a00b7194-4553-4001-a2fb-a2f656e96033" testId="e85f4f46-0516-dc12-c91d-ac710b48a15b" testName="Equals_Passing_Valid_Values_Returns_True (Españá)" computerName="PC-SFERRARI" duration="00:00:00.0000167" startTime="2020-09-01T16:43:03.1577611+01:00" endTime="2020-09-01T16:43:03.1584243+01:00" testType="13cdc9d9-ddb5-4fa4-a97d-d965ccfc6d4b" outcome="Passed" testListId="8c84fa94-04c1-424b-9868-57a2d4851a1d" relativeResultsDirectory="4f275b20-0db3-4670-ae54-043634aff7bf" dataRowInfo="2" resultType="DataDrivenDataRow" />
        <UnitTestResult executionId="cebc468d-0b04-42ce-8078-d475501e7461" parentExecutionId="a00b7194-4553-4001-a2fb-a2f656e96033" testId="e85f4f46-0516-dc12-c91d-ac710b48a15b" testName="Equals_Passing_Valid_Values_Returns_True (Españà)" computerName="PC-SFERRARI" duration="00:00:00.0000129" startTime="2020-09-01T16:43:03.1577611+01:00" endTime="2020-09-01T16:43:03.1584243+01:00" testType="13cdc9d9-ddb5-4fa4-a97d-d965ccfc6d4b" outcome="Passed" testListId="8c84fa94-04c1-424b-9868-57a2d4851a1d" relativeResultsDirectory="cebc468d-0b04-42ce-8078-d475501e7461" dataRowInfo="3" resultType="DataDrivenDataRow" />
        <UnitTestResult executionId="5aa4afc3-72d2-474c-947b-81c96d3e5bae" parentExecutionId="a00b7194-4553-4001-a2fb-a2f656e96033" testId="e85f4f46-0516-dc12-c91d-ac710b48a15b" testName="Equals_Passing_Valid_Values_Returns_True (Españä)" computerName="PC-SFERRARI" duration="00:00:00.0000134" startTime="2020-09-01T16:43:03.1577611+01:00" endTime="2020-09-01T16:43:03.1584243+01:00" testType="13cdc9d9-ddb5-4fa4-a97d-d965ccfc6d4b" outcome="Passed" testListId="8c84fa94-04c1-424b-9868-57a2d4851a1d" relativeResultsDirectory="5aa4afc3-72d2-474c-947b-81c96d3e5bae" dataRowInfo="4" resultType="DataDrivenDataRow" />
        <UnitTestResult executionId="2f1e50ed-4431-46f5-b286-2cc7b2afef07" parentExecutionId="a00b7194-4553-4001-a2fb-a2f656e96033" testId="e85f4f46-0516-dc12-c91d-ac710b48a15b" testName="Equals_Passing_Valid_Values_Returns_True (Españâ)" computerName="PC-SFERRARI" duration="00:00:00.0000125" startTime="2020-09-01T16:43:03.1577611+01:00" endTime="2020-09-01T16:43:03.1584243+01:00" testType="13cdc9d9-ddb5-4fa4-a97d-d965ccfc6d4b" outcome="Passed" testListId="8c84fa94-04c1-424b-9868-57a2d4851a1d" relativeResultsDirectory="2f1e50ed-4431-46f5-b286-2cc7b2afef07" dataRowInfo="5" resultType="DataDrivenDataRow" />
        <UnitTestResult executionId="cad56de5-5126-40f8-84aa-b3b3b3afe62b" parentExecutionId="a00b7194-4553-4001-a2fb-a2f656e96033" testId="e85f4f46-0516-dc12-c91d-ac710b48a15b" testName="Equals_Passing_Valid_Values_Returns_True (Españã)" computerName="PC-SFERRARI" duration="00:00:00.0000126" startTime="2020-09-01T16:43:03.1577611+01:00" endTime="2020-09-01T16:43:03.1584243+01:00" testType="13cdc9d9-ddb5-4fa4-a97d-d965ccfc6d4b" outcome="Passed" testListId="8c84fa94-04c1-424b-9868-57a2d4851a1d" relativeResultsDirectory="cad56de5-5126-40f8-84aa-b3b3b3afe62b" dataRowInfo="6" resultType="DataDrivenDataRow" />
        <UnitTestResult executionId="fe84789c-2089-48a5-a6bb-fe31f859eb73" parentExecutionId="a00b7194-4553-4001-a2fb-a2f656e96033" testId="e85f4f46-0516-dc12-c91d-ac710b48a15b" testName="Equals_Passing_Valid_Values_Returns_True (Españç)" computerName="PC-SFERRARI" duration="00:00:00.0000134" startTime="2020-09-01T16:43:03.1577611+01:00" endTime="2020-09-01T16:43:03.1584243+01:00" testType="13cdc9d9-ddb5-4fa4-a97d-d965ccfc6d4b" outcome="Passed" testListId="8c84fa94-04c1-424b-9868-57a2d4851a1d" relativeResultsDirectory="fe84789c-2089-48a5-a6bb-fe31f859eb73" dataRowInfo="7" resultType="DataDrivenDataRow" />
        <UnitTestResult executionId="75f27dc9-2dd2-466b-bc2c-b4d0156d24a7" parentExecutionId="a00b7194-4553-4001-a2fb-a2f656e96033" testId="e85f4f46-0516-dc12-c91d-ac710b48a15b" testName="Equals_Passing_Valid_Values_Returns_True (Españħ)" computerName="PC-SFERRARI" duration="00:00:00.0000125" startTime="2020-09-01T16:43:03.1577611+01:00" endTime="2020-09-01T16:43:03.1584243+01:00" testType="13cdc9d9-ddb5-4fa4-a97d-d965ccfc6d4b" outcome="Passed" testListId="8c84fa94-04c1-424b-9868-57a2d4851a1d" relativeResultsDirectory="75f27dc9-2dd2-466b-bc2c-b4d0156d24a7" dataRowInfo="8" resultType="DataDrivenDataRow" />
        <UnitTestResult executionId="c571ff94-dd5d-41cc-b004-4d8723250956" parentExecutionId="a00b7194-4553-4001-a2fb-a2f656e96033" testId="e85f4f46-0516-dc12-c91d-ac710b48a15b" testName="Equals_Passing_Valid_Values_Returns_True (Esp añâ)" computerName="PC-SFERRARI" duration="00:00:00.0000127" startTime="2020-09-01T16:43:03.1577611+01:00" endTime="2020-09-01T16:43:03.1584243+01:00" testType="13cdc9d9-ddb5-4fa4-a97d-d965ccfc6d4b" outcome="Passed" testListId="8c84fa94-04c1-424b-9868-57a2d4851a1d" relativeResultsDirectory="c571ff94-dd5d-41cc-b004-4d8723250956" dataRowInfo="9" resultType="DataDrivenDataRow" />
      </InnerResults>
    </UnitTestResult>
    <UnitTestResult executionId="0775c956-7f5c-46b9-b64b-cc3b02330eb6" testId="2a42fb62-90e3-d0b8-2433-6770585d59ac" testName="ToNormalize_Passing_Valid_Values_Returns_Address_String_Format" computerName="PC-SFERRARI" duration="00:00:00.0042344" startTime="2020-09-01T16:43:02.8544582+01:00" endTime="2020-09-01T16:43:02.8587714+01:00" testType="13cdc9d9-ddb5-4fa4-a97d-d965ccfc6d4b" outcome="Passed" testListId="8c84fa94-04c1-424b-9868-57a2d4851a1d" relativeResultsDirectory="0775c956-7f5c-46b9-b64b-cc3b02330eb6" resultType="DataDrivenTest">
      <InnerResults>
        <UnitTestResult executionId="a21a1bea-dd4d-4dea-b033-9277db251ea0" parentExecutionId="0775c956-7f5c-46b9-b64b-cc3b02330eb6" testId="2a42fb62-90e3-d0b8-2433-6770585d59ac" testName="ToNormalize_Passing_Valid_Values_Returns_Address_String_Format (ñandu@gmail.com)" computerName="PC-SFERRARI" duration="00:00:00.0039662" startTime="2020-09-01T16:43:02.8544582+01:00" endTime="2020-09-01T16:43:02.8587714+01:00" testType="13cdc9d9-ddb5-4fa4-a97d-d965ccfc6d4b" outcome="Passed" testListId="8c84fa94-04c1-424b-9868-57a2d4851a1d" relativeResultsDirectory="a21a1bea-dd4d-4dea-b033-9277db251ea0" dataRowInfo="1" resultType="DataDrivenDataRow" />
        <UnitTestResult executionId="7c1ccfc0-75f6-4d6d-a3e8-91f166dde63e" parentExecutionId="0775c956-7f5c-46b9-b64b-cc3b02330eb6" testId="2a42fb62-90e3-d0b8-2433-6770585d59ac" testName="ToNormalize_Passing_Valid_Values_Returns_Address_String_Format (ádsads@ggg.cc)" computerName="PC-SFERRARI" duration="00:00:00.0000667" startTime="2020-09-01T16:43:02.8544582+01:00" endTime="2020-09-01T16:43:02.8587714+01:00" testType="13cdc9d9-ddb5-4fa4-a97d-d965ccfc6d4b" outcome="Passed" testListId="8c84fa94-04c1-424b-9868-57a2d4851a1d" relativeResultsDirectory="7c1ccfc0-75f6-4d6d-a3e8-91f166dde63e" dataRowInfo="2" resultType="DataDrivenDataRow" />
        <UnitTestResult executionId="ea2b6739-cedc-4a85-9b82-bd6a6fea49d9" parentExecutionId="0775c956-7f5c-46b9-b64b-cc3b02330eb6" testId="2a42fb62-90e3-d0b8-2433-6770585d59ac" testName="ToNormalize_Passing_Valid_Values_Returns_Address_String_Format (aaads@ggg.cc)" computerName="PC-SFERRARI" duration="00:00:00.0000568" startTime="2020-09-01T16:43:02.8544582+01:00" endTime="2020-09-01T16:43:02.8587714+01:00" testType="13cdc9d9-ddb5-4fa4-a97d-d965ccfc6d4b" outcome="Passed" testListId="8c84fa94-04c1-424b-9868-57a2d4851a1d" relativeResultsDirectory="ea2b6739-cedc-4a85-9b82-bd6a6fea49d9" dataRowInfo="3" resultType="DataDrivenDataRow" />
        <UnitTestResult executionId="00ec4d3e-70dd-49c1-a2e4-675d0718444d" parentExecutionId="0775c956-7f5c-46b9-b64b-cc3b02330eb6" testId="2a42fb62-90e3-d0b8-2433-6770585d59ac" testName="ToNormalize_Passing_Valid_Values_Returns_Address_String_Format (bb_ads@ggg.cc)" computerName="PC-SFERRARI" duration="00:00:00.0000497" startTime="2020-09-01T16:43:02.8544582+01:00" endTime="2020-09-01T16:43:02.8587714+01:00" testType="13cdc9d9-ddb5-4fa4-a97d-d965ccfc6d4b" outcome="Passed" testListId="8c84fa94-04c1-424b-9868-57a2d4851a1d" relativeResultsDirectory="00ec4d3e-70dd-49c1-a2e4-675d0718444d" dataRowInfo="4" resultType="DataDrivenDataRow" />
      </InnerResults>
    </UnitTestResult>
    <UnitTestResult executionId="bb911d4c-ea8f-4315-905d-21cd8fc8ef78" testId="9e19d4e4-f7b7-b402-48f1-b671fdae656e" testName="IsNull_Passing_Null_Value_Returns_True" computerName="PC-SFERRARI" duration="00:00:00.0003791" startTime="2020-09-01T16:43:03.4639995+01:00" endTime="2020-09-01T16:43:03.4644720+01:00" testType="13cdc9d9-ddb5-4fa4-a97d-d965ccfc6d4b" outcome="Passed" testListId="8c84fa94-04c1-424b-9868-57a2d4851a1d" relativeResultsDirectory="bb911d4c-ea8f-4315-905d-21cd8fc8ef78" />
    <UnitTestResult executionId="2619d376-99a8-4555-8271-f8dea1356383" testId="096255cc-daec-f5a9-6a72-452bc7414607" testName="OperatorEqual_Passing_Valid_Values_Returns_True" computerName="PC-SFERRARI" duration="00:00:00.0003326" startTime="2020-09-01T16:43:02.9212371+01:00" endTime="2020-09-01T16:43:02.9224808+01:00" testType="13cdc9d9-ddb5-4fa4-a97d-d965ccfc6d4b" outcome="Passed" testListId="8c84fa94-04c1-424b-9868-57a2d4851a1d" relativeResultsDirectory="2619d376-99a8-4555-8271-f8dea1356383" resultType="DataDrivenTest">
      <InnerResults>
        <UnitTestResult executionId="92019580-09b1-44cb-b483-98084775dad3" parentExecutionId="2619d376-99a8-4555-8271-f8dea1356383" testId="096255cc-daec-f5a9-6a72-452bc7414607" testName="OperatorEqual_Passing_Valid_Values_Returns_True (San Bartoleme De Tirajana,Las Palmas,España)" computerName="PC-SFERRARI" duration="00:00:00.0002345" startTime="2020-09-01T16:43:02.9212371+01:00" endTime="2020-09-01T16:43:02.9224808+01:00" testType="13cdc9d9-ddb5-4fa4-a97d-d965ccfc6d4b" outcome="Passed" testListId="8c84fa94-04c1-424b-9868-57a2d4851a1d" relativeResultsDirectory="92019580-09b1-44cb-b483-98084775dad3" dataRowInfo="1" resultType="DataDrivenDataRow" />
        <UnitTestResult executionId="4dd592d0-77e9-473d-b0b4-639dca6a2dcc" parentExecutionId="2619d376-99a8-4555-8271-f8dea1356383" testId="096255cc-daec-f5a9-6a72-452bc7414607" testName="OperatorEqual_Passing_Valid_Values_Returns_True (Sabadell,Barcelona,España)" computerName="PC-SFERRARI" duration="00:00:00.0000413" startTime="2020-09-01T16:43:02.9212371+01:00" endTime="2020-09-01T16:43:02.9224808+01:00" testType="13cdc9d9-ddb5-4fa4-a97d-d965ccfc6d4b" outcome="Passed" testListId="8c84fa94-04c1-424b-9868-57a2d4851a1d" relativeResultsDirectory="4dd592d0-77e9-473d-b0b4-639dca6a2dcc" dataRowInfo="2" resultType="DataDrivenDataRow" />
      </InnerResults>
    </UnitTestResult>
    <UnitTestResult executionId="b5b9d1ba-b766-4d29-9e29-1ee0214069a3" testId="4e5c29c7-ea4b-cd65-4b72-7ebf50d57942" testName="ToEnum_Passing_Invalid_Int_Value_Returns_Null" computerName="PC-SFERRARI" duration="00:00:00.0003824" startTime="2020-09-01T16:43:02.4199559+01:00" endTime="2020-09-01T16:43:02.4205020+01:00" testType="13cdc9d9-ddb5-4fa4-a97d-d965ccfc6d4b" outcome="Passed" testListId="8c84fa94-04c1-424b-9868-57a2d4851a1d" relativeResultsDirectory="b5b9d1ba-b766-4d29-9e29-1ee0214069a3" />
    <UnitTestResult executionId="04698173-fd26-4acd-8fda-0399e7b88d78" testId="669b24c5-9674-2256-f1f0-ef2ca145c4b1" testName="IsGold_Passing_Nothing_Returns_True" computerName="PC-SFERRARI" duration="00:00:00.0002156" startTime="2020-09-01T16:43:02.4232026+01:00" endTime="2020-09-01T16:43:02.4234940+01:00" testType="13cdc9d9-ddb5-4fa4-a97d-d965ccfc6d4b" outcome="Passed" testListId="8c84fa94-04c1-424b-9868-57a2d4851a1d" relativeResultsDirectory="04698173-fd26-4acd-8fda-0399e7b88d78" />
    <UnitTestResult executionId="dbc91be2-7cf0-48e3-ae3e-931555f5b658" testId="f8a148c1-33ab-3f33-4563-51ccfbeb9871" testName="OperatorNotEqual_Passing_Valid_Values_Returns_True" computerName="PC-SFERRARI" duration="00:00:00.0003574" startTime="2020-09-01T16:43:03.5201163+01:00" endTime="2020-09-01T16:43:03.5206498+01:00" testType="13cdc9d9-ddb5-4fa4-a97d-d965ccfc6d4b" outcome="Passed" testListId="8c84fa94-04c1-424b-9868-57a2d4851a1d" relativeResultsDirectory="dbc91be2-7cf0-48e3-ae3e-931555f5b658" resultType="DataDrivenTest">
      <InnerResults>
        <UnitTestResult executionId="1cede83d-eab8-4b45-87bf-a43198d97257" parentExecutionId="dbc91be2-7cf0-48e3-ae3e-931555f5b658" testId="f8a148c1-33ab-3f33-4563-51ccfbeb9871" testName="OperatorNotEqual_Passing_Valid_Values_Returns_True (app.hackerone1.com)" computerName="PC-SFERRARI" duration="00:00:00.0002456" startTime="2020-09-01T16:43:03.5201163+01:00" endTime="2020-09-01T16:43:03.5206498+01:00" testType="13cdc9d9-ddb5-4fa4-a97d-d965ccfc6d4b" outcome="Passed" testListId="8c84fa94-04c1-424b-9868-57a2d4851a1d" relativeResultsDirectory="1cede83d-eab8-4b45-87bf-a43198d97257" dataRowInfo="1" resultType="DataDrivenDataRow" />
        <UnitTestResult executionId="2b035e6f-bd2f-47f8-b802-858dc1d0b411" parentExecutionId="dbc91be2-7cf0-48e3-ae3e-931555f5b658" testId="f8a148c1-33ab-3f33-4563-51ccfbeb9871" testName="OperatorNotEqual_Passing_Valid_Values_Returns_True (www.hackerone-com)" computerName="PC-SFERRARI" duration="00:00:00.0000166" startTime="2020-09-01T16:43:03.5201163+01:00" endTime="2020-09-01T16:43:03.5206498+01:00" testType="13cdc9d9-ddb5-4fa4-a97d-d965ccfc6d4b" outcome="Passed" testListId="8c84fa94-04c1-424b-9868-57a2d4851a1d" relativeResultsDirectory="2b035e6f-bd2f-47f8-b802-858dc1d0b411" dataRowInfo="2" resultType="DataDrivenDataRow" />
        <UnitTestResult executionId="4793253f-8c62-4bfb-bbd4-1b201f2a5088" parentExecutionId="dbc91be2-7cf0-48e3-ae3e-931555f5b658" testId="f8a148c1-33ab-3f33-4563-51ccfbeb9871" testName="OperatorNotEqual_Passing_Valid_Values_Returns_True (stage_hackerone.com)" computerName="PC-SFERRARI" duration="00:00:00.0000232" startTime="2020-09-01T16:43:03.5201163+01:00" endTime="2020-09-01T16:43:03.5206498+01:00" testType="13cdc9d9-ddb5-4fa4-a97d-d965ccfc6d4b" outcome="Passed" testListId="8c84fa94-04c1-424b-9868-57a2d4851a1d" relativeResultsDirectory="4793253f-8c62-4bfb-bbd4-1b201f2a5088" dataRowInfo="3" resultType="DataDrivenDataRow" />
      </InnerResults>
    </UnitTestResult>
    <UnitTestResult executionId="39ecb5b3-ab02-4d68-bdfa-52b78ddddd29" testId="6dd73256-d9d7-d295-626e-bd95bb1349ab" testName="OperatorEqual_Passing_Valid_Values_Returns_True" computerName="PC-SFERRARI" duration="00:00:00.0003263" startTime="2020-09-01T16:43:03.5945223+01:00" endTime="2020-09-01T16:43:03.5949993+01:00" testType="13cdc9d9-ddb5-4fa4-a97d-d965ccfc6d4b" outcome="Passed" testListId="8c84fa94-04c1-424b-9868-57a2d4851a1d" relativeResultsDirectory="39ecb5b3-ab02-4d68-bdfa-52b78ddddd29" resultType="DataDrivenTest">
      <InnerResults>
        <UnitTestResult executionId="7f77ecf1-fc27-4574-b2cd-4e96d9a7e028" parentExecutionId="39ecb5b3-ab02-4d68-bdfa-52b78ddddd29" testId="6dd73256-d9d7-d295-626e-bd95bb1349ab" testName="OperatorEqual_Passing_Valid_Values_Returns_True (456,43543543543)" computerName="PC-SFERRARI" duration="00:00:00.0002407" startTime="2020-09-01T16:43:03.5945223+01:00" endTime="2020-09-01T16:43:03.5949993+01:00" testType="13cdc9d9-ddb5-4fa4-a97d-d965ccfc6d4b" outcome="Passed" testListId="8c84fa94-04c1-424b-9868-57a2d4851a1d" relativeResultsDirectory="7f77ecf1-fc27-4574-b2cd-4e96d9a7e028" dataRowInfo="1" resultType="DataDrivenDataRow" />
        <UnitTestResult executionId="d357b24d-af0c-41da-8344-a008f5f43f84" parentExecutionId="39ecb5b3-ab02-4d68-bdfa-52b78ddddd29" testId="6dd73256-d9d7-d295-626e-bd95bb1349ab" testName="OperatorEqual_Passing_Valid_Values_Returns_True (D45,86554654)" computerName="PC-SFERRARI" duration="00:00:00.0000119" startTime="2020-09-01T16:43:03.5945223+01:00" endTime="2020-09-01T16:43:03.5949993+01:00" testType="13cdc9d9-ddb5-4fa4-a97d-d965ccfc6d4b" outcome="Passed" testListId="8c84fa94-04c1-424b-9868-57a2d4851a1d" relativeResultsDirectory="d357b24d-af0c-41da-8344-a008f5f43f84" dataRowInfo="2" resultType="DataDrivenDataRow" />
      </InnerResults>
    </UnitTestResult>
    <UnitTestResult executionId="f0c69307-f6f7-4c2c-8b69-0c21a59f3dad" testId="5a24c00d-3f9c-ad2d-3249-b671bca7abbb" testName="Equals_Passing_Valid_Distinct_Values_Returns_False" computerName="PC-SFERRARI" duration="00:00:00.0010277" startTime="2020-09-01T16:43:03.4420196+01:00" endTime="2020-09-01T16:43:03.4431251+01:00" testType="13cdc9d9-ddb5-4fa4-a97d-d965ccfc6d4b" outcome="Passed" testListId="8c84fa94-04c1-424b-9868-57a2d4851a1d" relativeResultsDirectory="f0c69307-f6f7-4c2c-8b69-0c21a59f3dad" resultType="DataDrivenTest">
      <InnerResults>
        <UnitTestResult executionId="04ecd376-3119-46ab-8b46-5c290acb3f96" parentExecutionId="f0c69307-f6f7-4c2c-8b69-0c21a59f3dad" testId="5a24c00d-3f9c-ad2d-3249-b671bca7abbb" testName="Equals_Passing_Valid_Distinct_Values_Returns_False (app.hackerone1.com)" computerName="PC-SFERRARI" duration="00:00:00.0009314" startTime="2020-09-01T16:43:03.4420196+01:00" endTime="2020-09-01T16:43:03.4431251+01:00" testType="13cdc9d9-ddb5-4fa4-a97d-d965ccfc6d4b" outcome="Passed" testListId="8c84fa94-04c1-424b-9868-57a2d4851a1d" relativeResultsDirectory="04ecd376-3119-46ab-8b46-5c290acb3f96" dataRowInfo="1" resultType="DataDrivenDataRow" />
        <UnitTestResult executionId="90df47ea-c48a-49b7-a574-dd3ecff92605" parentExecutionId="f0c69307-f6f7-4c2c-8b69-0c21a59f3dad" testId="5a24c00d-3f9c-ad2d-3249-b671bca7abbb" testName="Equals_Passing_Valid_Distinct_Values_Returns_False (www.hackerone-com)" computerName="PC-SFERRARI" duration="00:00:00.0000225" startTime="2020-09-01T16:43:03.4420196+01:00" endTime="2020-09-01T16:43:03.4431251+01:00" testType="13cdc9d9-ddb5-4fa4-a97d-d965ccfc6d4b" outcome="Passed" testListId="8c84fa94-04c1-424b-9868-57a2d4851a1d" relativeResultsDirectory="90df47ea-c48a-49b7-a574-dd3ecff92605" dataRowInfo="2" resultType="DataDrivenDataRow" />
        <UnitTestResult executionId="80db47bc-1d01-44b7-a63e-f152a417b498" parentExecutionId="f0c69307-f6f7-4c2c-8b69-0c21a59f3dad" testId="5a24c00d-3f9c-ad2d-3249-b671bca7abbb" testName="Equals_Passing_Valid_Distinct_Values_Returns_False (stage_hackerone.com)" computerName="PC-SFERRARI" duration="00:00:00.0000151" startTime="2020-09-01T16:43:03.4420196+01:00" endTime="2020-09-01T16:43:03.4431251+01:00" testType="13cdc9d9-ddb5-4fa4-a97d-d965ccfc6d4b" outcome="Passed" testListId="8c84fa94-04c1-424b-9868-57a2d4851a1d" relativeResultsDirectory="80db47bc-1d01-44b7-a63e-f152a417b498" dataRowInfo="3" resultType="DataDrivenDataRow" />
      </InnerResults>
    </UnitTestResult>
    <UnitTestResult executionId="8366c125-7b6a-4416-889f-2c9285387b9d" testId="f01f0ea6-f37a-0be9-85c7-e4c1c96ff482" testName="IsNull_Passing_Valid_Value_Returns_False" computerName="PC-SFERRARI" duration="00:00:00.0002099" startTime="2020-09-01T16:43:03.4644944+01:00" endTime="2020-09-01T16:43:03.4647807+01:00" testType="13cdc9d9-ddb5-4fa4-a97d-d965ccfc6d4b" outcome="Passed" testListId="8c84fa94-04c1-424b-9868-57a2d4851a1d" relativeResultsDirectory="8366c125-7b6a-4416-889f-2c9285387b9d" resultType="DataDrivenTest">
      <InnerResults>
        <UnitTestResult executionId="a8254cc7-dcf5-4753-9a71-abeaee21d9a9" parentExecutionId="8366c125-7b6a-4416-889f-2c9285387b9d" testId="f01f0ea6-f37a-0be9-85c7-e4c1c96ff482" testName="IsNull_Passing_Valid_Value_Returns_False (app.hackerone1.com)" computerName="PC-SFERRARI" duration="00:00:00.0001336" startTime="2020-09-01T16:43:03.4644944+01:00" endTime="2020-09-01T16:43:03.4647807+01:00" testType="13cdc9d9-ddb5-4fa4-a97d-d965ccfc6d4b" outcome="Passed" testListId="8c84fa94-04c1-424b-9868-57a2d4851a1d" relativeResultsDirectory="a8254cc7-dcf5-4753-9a71-abeaee21d9a9" dataRowInfo="1" resultType="DataDrivenDataRow" />
        <UnitTestResult executionId="0e5659cd-460d-40c3-bdb8-7b162f065bf4" parentExecutionId="8366c125-7b6a-4416-889f-2c9285387b9d" testId="f01f0ea6-f37a-0be9-85c7-e4c1c96ff482" testName="IsNull_Passing_Valid_Value_Returns_False (www.hackerone-com)" computerName="PC-SFERRARI" duration="00:00:00.0000107" startTime="2020-09-01T16:43:03.4644944+01:00" endTime="2020-09-01T16:43:03.4647807+01:00" testType="13cdc9d9-ddb5-4fa4-a97d-d965ccfc6d4b" outcome="Passed" testListId="8c84fa94-04c1-424b-9868-57a2d4851a1d" relativeResultsDirectory="0e5659cd-460d-40c3-bdb8-7b162f065bf4" dataRowInfo="2" resultType="DataDrivenDataRow" />
        <UnitTestResult executionId="28374d44-ab96-4c8d-9c6f-d738b45595b4" parentExecutionId="8366c125-7b6a-4416-889f-2c9285387b9d" testId="f01f0ea6-f37a-0be9-85c7-e4c1c96ff482" testName="IsNull_Passing_Valid_Value_Returns_False (stage_hackerone.com)" computerName="PC-SFERRARI" duration="00:00:00.0000092" startTime="2020-09-01T16:43:03.4644944+01:00" endTime="2020-09-01T16:43:03.4647807+01:00" testType="13cdc9d9-ddb5-4fa4-a97d-d965ccfc6d4b" outcome="Passed" testListId="8c84fa94-04c1-424b-9868-57a2d4851a1d" relativeResultsDirectory="28374d44-ab96-4c8d-9c6f-d738b45595b4" dataRowInfo="3" resultType="DataDrivenDataRow" />
      </InnerResults>
    </UnitTestResult>
    <UnitTestResult executionId="a3b78b7d-80fd-454e-b1a8-36d92a13561d" testId="58248327-dbb4-f8f8-c890-f039c6d19d4a" testName="OperatorEqual_Passing_Valid_Values_Returns_False" computerName="PC-SFERRARI" duration="00:00:00.0004309" startTime="2020-09-01T16:43:02.5914165+01:00" endTime="2020-09-01T16:43:02.5919202+01:00" testType="13cdc9d9-ddb5-4fa4-a97d-d965ccfc6d4b" outcome="Passed" testListId="8c84fa94-04c1-424b-9868-57a2d4851a1d" relativeResultsDirectory="a3b78b7d-80fd-454e-b1a8-36d92a13561d" resultType="DataDrivenTest">
      <InnerResults>
        <UnitTestResult executionId="8e366829-527c-4730-97a3-2b46364851cb" parentExecutionId="a3b78b7d-80fd-454e-b1a8-36d92a13561d" testId="58248327-dbb4-f8f8-c890-f039c6d19d4a" testName="OperatorEqual_Passing_Valid_Values_Returns_False (Tenerife,23,34567,San Bartoleme De Tirajana,Las Palmas,España)" computerName="PC-SFERRARI" duration="00:00:00.0003512" startTime="2020-09-01T16:43:02.5914165+01:00" endTime="2020-09-01T16:43:02.5919202+01:00" testType="13cdc9d9-ddb5-4fa4-a97d-d965ccfc6d4b" outcome="Passed" testListId="8c84fa94-04c1-424b-9868-57a2d4851a1d" relativeResultsDirectory="8e366829-527c-4730-97a3-2b46364851cb" dataRowInfo="1" resultType="DataDrivenDataRow" />
        <UnitTestResult executionId="093c6ecb-1dd3-4a37-9021-dd3ed95ba1e6" parentExecutionId="a3b78b7d-80fd-454e-b1a8-36d92a13561d" testId="58248327-dbb4-f8f8-c890-f039c6d19d4a" testName="OperatorEqual_Passing_Valid_Values_Returns_False (Pader,789,DF7956,Sabadell,Barcelona,España)" computerName="PC-SFERRARI" duration="00:00:00.0000196" startTime="2020-09-01T16:43:02.5914165+01:00" endTime="2020-09-01T16:43:02.5919202+01:00" testType="13cdc9d9-ddb5-4fa4-a97d-d965ccfc6d4b" outcome="Passed" testListId="8c84fa94-04c1-424b-9868-57a2d4851a1d" relativeResultsDirectory="093c6ecb-1dd3-4a37-9021-dd3ed95ba1e6" dataRowInfo="2" resultType="DataDrivenDataRow" />
      </InnerResults>
    </UnitTestResult>
    <UnitTestResult executionId="a7755d24-e09b-4a6f-9c2c-fd83cbb54175" testId="b4fa98e0-ad74-6dc8-23c1-bd54dd325a57" testName="Equals_Passing_Valid_Values_Returns_True" computerName="PC-SFERRARI" duration="00:00:00.0002887" startTime="2020-09-01T16:43:02.9024386+01:00" endTime="2020-09-01T16:43:02.9028233+01:00" testType="13cdc9d9-ddb5-4fa4-a97d-d965ccfc6d4b" outcome="Passed" testListId="8c84fa94-04c1-424b-9868-57a2d4851a1d" relativeResultsDirectory="a7755d24-e09b-4a6f-9c2c-fd83cbb54175" resultType="DataDrivenTest">
      <InnerResults>
        <UnitTestResult executionId="b70d476f-667d-4ff0-84ba-efe05914c60e" parentExecutionId="a7755d24-e09b-4a6f-9c2c-fd83cbb54175" testId="b4fa98e0-ad74-6dc8-23c1-bd54dd325a57" testName="Equals_Passing_Valid_Values_Returns_True (San Bartoleme De Tirajana,Las Palmas,España)" computerName="PC-SFERRARI" duration="00:00:00.0001905" startTime="2020-09-01T16:43:02.9024386+01:00" endTime="2020-09-01T16:43:02.9028233+01:00" testType="13cdc9d9-ddb5-4fa4-a97d-d965ccfc6d4b" outcome="Passed" testListId="8c84fa94-04c1-424b-9868-57a2d4851a1d" relativeResultsDirectory="b70d476f-667d-4ff0-84ba-efe05914c60e" dataRowInfo="1" resultType="DataDrivenDataRow" />
        <UnitTestResult executionId="f5244ca6-01e4-44aa-ab7b-45ee9cbb0eab" parentExecutionId="a7755d24-e09b-4a6f-9c2c-fd83cbb54175" testId="b4fa98e0-ad74-6dc8-23c1-bd54dd325a57" testName="Equals_Passing_Valid_Values_Returns_True (Sabadell,Barcelona,España)" computerName="PC-SFERRARI" duration="00:00:00.0000404" startTime="2020-09-01T16:43:02.9024386+01:00" endTime="2020-09-01T16:43:02.9028233+01:00" testType="13cdc9d9-ddb5-4fa4-a97d-d965ccfc6d4b" outcome="Passed" testListId="8c84fa94-04c1-424b-9868-57a2d4851a1d" relativeResultsDirectory="f5244ca6-01e4-44aa-ab7b-45ee9cbb0eab" dataRowInfo="2" resultType="DataDrivenDataRow" />
      </InnerResults>
    </UnitTestResult>
    <UnitTestResult executionId="17c3a314-43e6-4a63-afe2-497c6c34bbd4" testId="63f587ad-86e0-a19d-ea1b-305a8e55bb70" testName="IsFemale_Passing_Nothing_Returns_True" computerName="PC-SFERRARI" duration="00:00:00.0002361" startTime="2020-09-01T16:43:02.3699972+01:00" endTime="2020-09-01T16:43:02.3703176+01:00" testType="13cdc9d9-ddb5-4fa4-a97d-d965ccfc6d4b" outcome="Passed" testListId="8c84fa94-04c1-424b-9868-57a2d4851a1d" relativeResultsDirectory="17c3a314-43e6-4a63-afe2-497c6c34bbd4" />
    <UnitTestResult executionId="a1e5b31b-1616-4970-b627-adc7e88f75c7" testId="dde84323-1f87-22b2-d0f7-2a4a85bad3fd" testName="OperatorNotEqual_Passing_Valid_Values_Returns_True" computerName="PC-SFERRARI" duration="00:00:00.0002029" startTime="2020-09-01T16:43:03.5953306+01:00" endTime="2020-09-01T16:43:03.5956048+01:00" testType="13cdc9d9-ddb5-4fa4-a97d-d965ccfc6d4b" outcome="Passed" testListId="8c84fa94-04c1-424b-9868-57a2d4851a1d" relativeResultsDirectory="a1e5b31b-1616-4970-b627-adc7e88f75c7" resultType="DataDrivenTest">
      <InnerResults>
        <UnitTestResult executionId="e41b4f38-a74a-4fcd-b3e0-e8ea254c4850" parentExecutionId="a1e5b31b-1616-4970-b627-adc7e88f75c7" testId="dde84323-1f87-22b2-d0f7-2a4a85bad3fd" testName="OperatorNotEqual_Passing_Valid_Values_Returns_True (456,43543543543)" computerName="PC-SFERRARI" duration="00:00:00.0001456" startTime="2020-09-01T16:43:03.5953306+01:00" endTime="2020-09-01T16:43:03.5956048+01:00" testType="13cdc9d9-ddb5-4fa4-a97d-d965ccfc6d4b" outcome="Passed" testListId="8c84fa94-04c1-424b-9868-57a2d4851a1d" relativeResultsDirectory="e41b4f38-a74a-4fcd-b3e0-e8ea254c4850" dataRowInfo="1" resultType="DataDrivenDataRow" />
        <UnitTestResult executionId="afe66414-e12f-4c3c-8fce-280f401ad3a6" parentExecutionId="a1e5b31b-1616-4970-b627-adc7e88f75c7" testId="dde84323-1f87-22b2-d0f7-2a4a85bad3fd" testName="OperatorNotEqual_Passing_Valid_Values_Returns_True (D45,86554654)" computerName="PC-SFERRARI" duration="00:00:00.0000099" startTime="2020-09-01T16:43:03.5953306+01:00" endTime="2020-09-01T16:43:03.5956048+01:00" testType="13cdc9d9-ddb5-4fa4-a97d-d965ccfc6d4b" outcome="Passed" testListId="8c84fa94-04c1-424b-9868-57a2d4851a1d" relativeResultsDirectory="afe66414-e12f-4c3c-8fce-280f401ad3a6" dataRowInfo="2" resultType="DataDrivenDataRow" />
      </InnerResults>
    </UnitTestResult>
    <UnitTestResult executionId="9e4b37f9-5549-4d24-8ba9-7741fe8f7381" testId="62f7691c-736e-bac3-74c9-a2d9d7ac94ae" testName="ToEnum_Passing_Invalid_String_Name_Enumeracion_Returns_Null" computerName="PC-SFERRARI" duration="00:00:00.0001811" startTime="2020-09-01T16:43:02.3953802+01:00" endTime="2020-09-01T16:43:02.3956397+01:00" testType="13cdc9d9-ddb5-4fa4-a97d-d965ccfc6d4b" outcome="Passed" testListId="8c84fa94-04c1-424b-9868-57a2d4851a1d" relativeResultsDirectory="9e4b37f9-5549-4d24-8ba9-7741fe8f7381" />
    <UnitTestResult executionId="bfb8bbed-a180-4f3c-9552-65501ba71d2a" testId="df9ea71b-e3bc-2255-4837-0259a685da18" testName="Change_Passing_Valid_Values_Returns_Address" computerName="PC-SFERRARI" duration="00:00:00.0928786" startTime="2020-09-01T16:43:02.4464606+01:00" endTime="2020-09-01T16:43:02.5395966+01:00" testType="13cdc9d9-ddb5-4fa4-a97d-d965ccfc6d4b" outcome="Passed" testListId="8c84fa94-04c1-424b-9868-57a2d4851a1d" relativeResultsDirectory="bfb8bbed-a180-4f3c-9552-65501ba71d2a" />
    <UnitTestResult executionId="8bdbdf06-7e5a-42f4-8648-9c06573550a0" testId="bc0c68a9-1876-bb25-d382-c4c45b27b3d9" testName="ToEnum_Passing_Valid_String_Name_Returns_Enumeracion" computerName="PC-SFERRARI" duration="00:00:00.0001335" startTime="2020-09-01T16:43:02.4216168+01:00" endTime="2020-09-01T16:43:02.4218202+01:00" testType="13cdc9d9-ddb5-4fa4-a97d-d965ccfc6d4b" outcome="Passed" testListId="8c84fa94-04c1-424b-9868-57a2d4851a1d" relativeResultsDirectory="8bdbdf06-7e5a-42f4-8648-9c06573550a0" />
    <UnitTestResult executionId="61b51d55-4baf-4fec-917e-eafdb12e5c51" testId="383215a1-c7ec-2234-60ab-45389defa320" testName="IsActive_Passing_Nothing_Returns_True" computerName="PC-SFERRARI" duration="00:00:00.0002837" startTime="2020-09-01T16:43:02.3975592+01:00" endTime="2020-09-01T16:43:02.3979456+01:00" testType="13cdc9d9-ddb5-4fa4-a97d-d965ccfc6d4b" outcome="Passed" testListId="8c84fa94-04c1-424b-9868-57a2d4851a1d" relativeResultsDirectory="61b51d55-4baf-4fec-917e-eafdb12e5c51" />
    <UnitTestResult executionId="388d332c-776a-4f8e-b772-dfb614639050" testId="66126db5-a312-c629-a169-f37254601183" testName="OperatorNotEqual_Passing_Valid_Values_Returns_False" computerName="PC-SFERRARI" duration="00:00:00.0001987" startTime="2020-09-01T16:43:03.5950290+01:00" endTime="2020-09-01T16:43:03.5953039+01:00" testType="13cdc9d9-ddb5-4fa4-a97d-d965ccfc6d4b" outcome="Passed" testListId="8c84fa94-04c1-424b-9868-57a2d4851a1d" relativeResultsDirectory="388d332c-776a-4f8e-b772-dfb614639050" resultType="DataDrivenTest">
      <InnerResults>
        <UnitTestResult executionId="ebb675ef-eaeb-46e2-a974-54ac8fae8549" parentExecutionId="388d332c-776a-4f8e-b772-dfb614639050" testId="66126db5-a312-c629-a169-f37254601183" testName="OperatorNotEqual_Passing_Valid_Values_Returns_False (456,43543543543)" computerName="PC-SFERRARI" duration="00:00:00.0001398" startTime="2020-09-01T16:43:03.5950290+01:00" endTime="2020-09-01T16:43:03.5953039+01:00" testType="13cdc9d9-ddb5-4fa4-a97d-d965ccfc6d4b" outcome="Passed" testListId="8c84fa94-04c1-424b-9868-57a2d4851a1d" relativeResultsDirectory="ebb675ef-eaeb-46e2-a974-54ac8fae8549" dataRowInfo="1" resultType="DataDrivenDataRow" />
        <UnitTestResult executionId="7b87665f-9c6b-441f-810f-6554906361a5" parentExecutionId="388d332c-776a-4f8e-b772-dfb614639050" testId="66126db5-a312-c629-a169-f37254601183" testName="OperatorNotEqual_Passing_Valid_Values_Returns_False (D45,86554654)" computerName="PC-SFERRARI" duration="00:00:00.0000106" startTime="2020-09-01T16:43:03.5950290+01:00" endTime="2020-09-01T16:43:03.5953039+01:00" testType="13cdc9d9-ddb5-4fa4-a97d-d965ccfc6d4b" outcome="Passed" testListId="8c84fa94-04c1-424b-9868-57a2d4851a1d" relativeResultsDirectory="7b87665f-9c6b-441f-810f-6554906361a5" dataRowInfo="2" resultType="DataDrivenDataRow" />
      </InnerResults>
    </UnitTestResult>
    <UnitTestResult executionId="ab4d39ac-55bc-47f8-b48d-7d84e56632d2" testId="e9f12af5-5c0d-5f0d-b569-bb58f1d198e2" testName="OperatorEqual_Passing_Valid_Values_Returns_True" computerName="PC-SFERRARI" duration="00:00:00.0011154" startTime="2020-09-01T16:43:03.2379049+01:00" endTime="2020-09-01T16:43:03.2392337+01:00" testType="13cdc9d9-ddb5-4fa4-a97d-d965ccfc6d4b" outcome="Passed" testListId="8c84fa94-04c1-424b-9868-57a2d4851a1d" relativeResultsDirectory="ab4d39ac-55bc-47f8-b48d-7d84e56632d2" resultType="DataDrivenTest">
      <InnerResults>
        <UnitTestResult executionId="9298d524-9650-4487-aa7c-2eb14afd8f69" parentExecutionId="ab4d39ac-55bc-47f8-b48d-7d84e56632d2" testId="e9f12af5-5c0d-5f0d-b569-bb58f1d198e2" testName="OperatorEqual_Passing_Valid_Values_Returns_True (España)" computerName="PC-SFERRARI" duration="00:00:00.0007601" startTime="2020-09-01T16:43:03.2379049+01:00" endTime="2020-09-01T16:43:03.2392337+01:00" testType="13cdc9d9-ddb5-4fa4-a97d-d965ccfc6d4b" outcome="Passed" testListId="8c84fa94-04c1-424b-9868-57a2d4851a1d" relativeResultsDirectory="9298d524-9650-4487-aa7c-2eb14afd8f69" dataRowInfo="1" resultType="DataDrivenDataRow" />
        <UnitTestResult executionId="6a627343-1f8b-4c6a-9e20-bdc67c9f1404" parentExecutionId="ab4d39ac-55bc-47f8-b48d-7d84e56632d2" testId="e9f12af5-5c0d-5f0d-b569-bb58f1d198e2" testName="OperatorEqual_Passing_Valid_Values_Returns_True (Españá)" computerName="PC-SFERRARI" duration="00:00:00.0000200" startTime="2020-09-01T16:43:03.2379049+01:00" endTime="2020-09-01T16:43:03.2392337+01:00" testType="13cdc9d9-ddb5-4fa4-a97d-d965ccfc6d4b" outcome="Passed" testListId="8c84fa94-04c1-424b-9868-57a2d4851a1d" relativeResultsDirectory="6a627343-1f8b-4c6a-9e20-bdc67c9f1404" dataRowInfo="2" resultType="DataDrivenDataRow" />
        <UnitTestResult executionId="f07f5272-25b4-41d3-acb3-860890ddd747" parentExecutionId="ab4d39ac-55bc-47f8-b48d-7d84e56632d2" testId="e9f12af5-5c0d-5f0d-b569-bb58f1d198e2" testName="OperatorEqual_Passing_Valid_Values_Returns_True (Españà)" computerName="PC-SFERRARI" duration="00:00:00.0000133" startTime="2020-09-01T16:43:03.2379049+01:00" endTime="2020-09-01T16:43:03.2392337+01:00" testType="13cdc9d9-ddb5-4fa4-a97d-d965ccfc6d4b" outcome="Passed" testListId="8c84fa94-04c1-424b-9868-57a2d4851a1d" relativeResultsDirectory="f07f5272-25b4-41d3-acb3-860890ddd747" dataRowInfo="3" resultType="DataDrivenDataRow" />
        <UnitTestResult executionId="05b7118f-d7a1-4d05-aa96-361e2ced61df" parentExecutionId="ab4d39ac-55bc-47f8-b48d-7d84e56632d2" testId="e9f12af5-5c0d-5f0d-b569-bb58f1d198e2" testName="OperatorEqual_Passing_Valid_Values_Returns_True (Españä)" computerName="PC-SFERRARI" duration="00:00:00.0000131" startTime="2020-09-01T16:43:03.2379049+01:00" endTime="2020-09-01T16:43:03.2392337+01:00" testType="13cdc9d9-ddb5-4fa4-a97d-d965ccfc6d4b" outcome="Passed" testListId="8c84fa94-04c1-424b-9868-57a2d4851a1d" relativeResultsDirectory="05b7118f-d7a1-4d05-aa96-361e2ced61df" dataRowInfo="4" resultType="DataDrivenDataRow" />
        <UnitTestResult executionId="9095e528-0d14-4413-9644-e232a885b90d" parentExecutionId="ab4d39ac-55bc-47f8-b48d-7d84e56632d2" testId="e9f12af5-5c0d-5f0d-b569-bb58f1d198e2" testName="OperatorEqual_Passing_Valid_Values_Returns_True (Españâ)" computerName="PC-SFERRARI" duration="00:00:00.0000170" startTime="2020-09-01T16:43:03.2379049+01:00" endTime="2020-09-01T16:43:03.2392337+01:00" testType="13cdc9d9-ddb5-4fa4-a97d-d965ccfc6d4b" outcome="Passed" testListId="8c84fa94-04c1-424b-9868-57a2d4851a1d" relativeResultsDirectory="9095e528-0d14-4413-9644-e232a885b90d" dataRowInfo="5" resultType="DataDrivenDataRow" />
        <UnitTestResult executionId="808b0812-6635-4c9a-aeef-72897a2fda09" parentExecutionId="ab4d39ac-55bc-47f8-b48d-7d84e56632d2" testId="e9f12af5-5c0d-5f0d-b569-bb58f1d198e2" testName="OperatorEqual_Passing_Valid_Values_Returns_True (Españã)" computerName="PC-SFERRARI" duration="00:00:00.0000128" startTime="2020-09-01T16:43:03.2379049+01:00" endTime="2020-09-01T16:43:03.2392337+01:00" testType="13cdc9d9-ddb5-4fa4-a97d-d965ccfc6d4b" outcome="Passed" testListId="8c84fa94-04c1-424b-9868-57a2d4851a1d" relativeResultsDirectory="808b0812-6635-4c9a-aeef-72897a2fda09" dataRowInfo="6" resultType="DataDrivenDataRow" />
        <UnitTestResult executionId="8b32d9d5-3e7d-471c-b5ed-7d53513fde22" parentExecutionId="ab4d39ac-55bc-47f8-b48d-7d84e56632d2" testId="e9f12af5-5c0d-5f0d-b569-bb58f1d198e2" testName="OperatorEqual_Passing_Valid_Values_Returns_True (Españç)" computerName="PC-SFERRARI" duration="00:00:00.0000130" startTime="2020-09-01T16:43:03.2379049+01:00" endTime="2020-09-01T16:43:03.2392337+01:00" testType="13cdc9d9-ddb5-4fa4-a97d-d965ccfc6d4b" outcome="Passed" testListId="8c84fa94-04c1-424b-9868-57a2d4851a1d" relativeResultsDirectory="8b32d9d5-3e7d-471c-b5ed-7d53513fde22" dataRowInfo="7" resultType="DataDrivenDataRow" />
        <UnitTestResult executionId="3788ea7d-29ab-4860-a777-dc68dadf1850" parentExecutionId="ab4d39ac-55bc-47f8-b48d-7d84e56632d2" testId="e9f12af5-5c0d-5f0d-b569-bb58f1d198e2" testName="OperatorEqual_Passing_Valid_Values_Returns_True (Españħ)" computerName="PC-SFERRARI" duration="00:00:00.0000123" startTime="2020-09-01T16:43:03.2379049+01:00" endTime="2020-09-01T16:43:03.2392337+01:00" testType="13cdc9d9-ddb5-4fa4-a97d-d965ccfc6d4b" outcome="Passed" testListId="8c84fa94-04c1-424b-9868-57a2d4851a1d" relativeResultsDirectory="3788ea7d-29ab-4860-a777-dc68dadf1850" dataRowInfo="8" resultType="DataDrivenDataRow" />
        <UnitTestResult executionId="ea59046c-7961-4b67-b25f-ce4f213ddaa7" parentExecutionId="ab4d39ac-55bc-47f8-b48d-7d84e56632d2" testId="e9f12af5-5c0d-5f0d-b569-bb58f1d198e2" testName="OperatorEqual_Passing_Valid_Values_Returns_True (Esp añâ)" computerName="PC-SFERRARI" duration="00:00:00.0000130" startTime="2020-09-01T16:43:03.2379049+01:00" endTime="2020-09-01T16:43:03.2392337+01:00" testType="13cdc9d9-ddb5-4fa4-a97d-d965ccfc6d4b" outcome="Passed" testListId="8c84fa94-04c1-424b-9868-57a2d4851a1d" relativeResultsDirectory="ea59046c-7961-4b67-b25f-ce4f213ddaa7" dataRowInfo="9" resultType="DataDrivenDataRow" />
      </InnerResults>
    </UnitTestResult>
    <UnitTestResult executionId="a175d5a0-f41e-46a7-b327-06e9c4a5a214" testId="42204c2d-cae8-e99c-229d-8e372d79bb40" testName="IsMasterCard_Passing_Nothing_Returns_True" computerName="PC-SFERRARI" duration="00:00:00.0002421" startTime="2020-09-01T16:43:02.2643888+01:00" endTime="2020-09-01T16:43:02.2647315+01:00" testType="13cdc9d9-ddb5-4fa4-a97d-d965ccfc6d4b" outcome="Passed" testListId="8c84fa94-04c1-424b-9868-57a2d4851a1d" relativeResultsDirectory="a175d5a0-f41e-46a7-b327-06e9c4a5a214" />
    <UnitTestResult executionId="7230e8d9-3908-4a3c-9b1a-7a87b964ef59" testId="b80b0b1c-a03f-7462-5741-ff0449349de1" testName="GetAll_Passing_Nothing_Returns_Enumeracion_List" computerName="PC-SFERRARI" duration="00:00:00.0011441" startTime="2020-09-01T16:43:02.3961352+01:00" endTime="2020-09-01T16:43:02.3975285+01:00" testType="13cdc9d9-ddb5-4fa4-a97d-d965ccfc6d4b" outcome="Passed" testListId="8c84fa94-04c1-424b-9868-57a2d4851a1d" relativeResultsDirectory="7230e8d9-3908-4a3c-9b1a-7a87b964ef59" />
    <UnitTestResult executionId="c0ce5764-43ea-497e-9c9b-c851bbb372cd" testId="3d5865ea-852b-85ea-4b1e-3b3f757388ec" testName="ToString_Passing_Valid_Values_Returns_Value_String_Format" computerName="PC-SFERRARI" duration="00:00:00.0003617" startTime="2020-09-01T16:43:02.9608356+01:00" endTime="2020-09-01T16:43:02.9612993+01:00" testType="13cdc9d9-ddb5-4fa4-a97d-d965ccfc6d4b" outcome="Passed" testListId="8c84fa94-04c1-424b-9868-57a2d4851a1d" relativeResultsDirectory="c0ce5764-43ea-497e-9c9b-c851bbb372cd" resultType="DataDrivenTest">
      <InnerResults>
        <UnitTestResult executionId="a59f3643-ec3b-4e45-819f-ef1ec4d44fee" parentExecutionId="c0ce5764-43ea-497e-9c9b-c851bbb372cd" testId="3d5865ea-852b-85ea-4b1e-3b3f757388ec" testName="ToString_Passing_Valid_Values_Returns_Value_String_Format (San Bartoleme De Tirajana,Las Palmas)" computerName="PC-SFERRARI" duration="00:00:00.0002925" startTime="2020-09-01T16:43:02.9608356+01:00" endTime="2020-09-01T16:43:02.9612993+01:00" testType="13cdc9d9-ddb5-4fa4-a97d-d965ccfc6d4b" outcome="Passed" testListId="8c84fa94-04c1-424b-9868-57a2d4851a1d" relativeResultsDirectory="a59f3643-ec3b-4e45-819f-ef1ec4d44fee" dataRowInfo="1" resultType="DataDrivenDataRow" />
        <UnitTestResult executionId="e319e093-950f-4f30-ab81-777df9ca818d" parentExecutionId="c0ce5764-43ea-497e-9c9b-c851bbb372cd" testId="3d5865ea-852b-85ea-4b1e-3b3f757388ec" testName="ToString_Passing_Valid_Values_Returns_Value_String_Format (Sabadell,Barcelona)" computerName="PC-SFERRARI" duration="00:00:00.0000174" startTime="2020-09-01T16:43:02.9608356+01:00" endTime="2020-09-01T16:43:02.9612993+01:00" testType="13cdc9d9-ddb5-4fa4-a97d-d965ccfc6d4b" outcome="Passed" testListId="8c84fa94-04c1-424b-9868-57a2d4851a1d" relativeResultsDirectory="e319e093-950f-4f30-ab81-777df9ca818d" dataRowInfo="2" resultType="DataDrivenDataRow" />
      </InnerResults>
    </UnitTestResult>
    <UnitTestResult executionId="21b5bd3f-7fe9-428e-9204-dc59e53408ab" testId="9b344652-cdde-ed73-1807-0f497ee20572" testName="Equals_Passing_Valid_Values_Returns_True" computerName="PC-SFERRARI" duration="00:00:00.0002365" startTime="2020-09-01T16:43:02.7997982+01:00" endTime="2020-09-01T16:43:02.8001178+01:00" testType="13cdc9d9-ddb5-4fa4-a97d-d965ccfc6d4b" outcome="Passed" testListId="8c84fa94-04c1-424b-9868-57a2d4851a1d" relativeResultsDirectory="21b5bd3f-7fe9-428e-9204-dc59e53408ab" resultType="DataDrivenTest">
      <InnerResults>
        <UnitTestResult executionId="381dd8f4-7972-4156-9468-d33eb6fca3c8" parentExecutionId="21b5bd3f-7fe9-428e-9204-dc59e53408ab" testId="9b344652-cdde-ed73-1807-0f497ee20572" testName="Equals_Passing_Valid_Values_Returns_True (dasdasd@dsasd.ff)" computerName="PC-SFERRARI" duration="00:00:00.0001630" startTime="2020-09-01T16:43:02.7997982+01:00" endTime="2020-09-01T16:43:02.8001178+01:00" testType="13cdc9d9-ddb5-4fa4-a97d-d965ccfc6d4b" outcome="Passed" testListId="8c84fa94-04c1-424b-9868-57a2d4851a1d" relativeResultsDirectory="381dd8f4-7972-4156-9468-d33eb6fca3c8" dataRowInfo="1" resultType="DataDrivenDataRow" />
        <UnitTestResult executionId="14dae0a9-5746-4bcc-b79d-8a6c52777b88" parentExecutionId="21b5bd3f-7fe9-428e-9204-dc59e53408ab" testId="9b344652-cdde-ed73-1807-0f497ee20572" testName="Equals_Passing_Valid_Values_Returns_True (34fsds@sdd.fgg)" computerName="PC-SFERRARI" duration="00:00:00.0000276" startTime="2020-09-01T16:43:02.7997982+01:00" endTime="2020-09-01T16:43:02.8001178+01:00" testType="13cdc9d9-ddb5-4fa4-a97d-d965ccfc6d4b" outcome="Passed" testListId="8c84fa94-04c1-424b-9868-57a2d4851a1d" relativeResultsDirectory="14dae0a9-5746-4bcc-b79d-8a6c52777b88" dataRowInfo="2" resultType="DataDrivenDataRow" />
      </InnerResults>
    </UnitTestResult>
    <UnitTestResult executionId="bc34d609-c983-467c-82fa-34fb9b3a806b" testId="5d5bf084-272e-970d-5ff6-6e8097ceab4a" testName="Change_Passing_Valid_Values_Returns_Address" computerName="PC-SFERRARI" duration="00:00:00.0063412" startTime="2020-09-01T16:43:02.9800834+01:00" endTime="2020-09-01T16:43:02.9868005+01:00" testType="13cdc9d9-ddb5-4fa4-a97d-d965ccfc6d4b" outcome="Passed" testListId="8c84fa94-04c1-424b-9868-57a2d4851a1d" relativeResultsDirectory="bc34d609-c983-467c-82fa-34fb9b3a806b" resultType="DataDrivenTest">
      <InnerResults>
        <UnitTestResult executionId="ec11d162-8a35-45ae-8aad-2c46adcdbb52" parentExecutionId="bc34d609-c983-467c-82fa-34fb9b3a806b" testId="5d5bf084-272e-970d-5ff6-6e8097ceab4a" testName="Change_Passing_Valid_Values_Returns_Address (100,EUR,2)" computerName="PC-SFERRARI" duration="00:00:00.0041517" startTime="2020-09-01T16:43:02.9800834+01:00" endTime="2020-09-01T16:43:02.9868005+01:00" testType="13cdc9d9-ddb5-4fa4-a97d-d965ccfc6d4b" outcome="Passed" testListId="8c84fa94-04c1-424b-9868-57a2d4851a1d" relativeResultsDirectory="ec11d162-8a35-45ae-8aad-2c46adcdbb52" dataRowInfo="1" resultType="DataDrivenDataRow" />
        <UnitTestResult executionId="c1081e51-9d6f-4c73-8335-6152641276ba" parentExecutionId="bc34d609-c983-467c-82fa-34fb9b3a806b" testId="5d5bf084-272e-970d-5ff6-6e8097ceab4a" testName="Change_Passing_Valid_Values_Returns_Address (200,EUR,4)" computerName="PC-SFERRARI" duration="00:00:00.0013853" startTime="2020-09-01T16:43:02.9800834+01:00" endTime="2020-09-01T16:43:02.9868005+01:00" testType="13cdc9d9-ddb5-4fa4-a97d-d965ccfc6d4b" outcome="Passed" testListId="8c84fa94-04c1-424b-9868-57a2d4851a1d" relativeResultsDirectory="c1081e51-9d6f-4c73-8335-6152641276ba" dataRowInfo="2" resultType="DataDrivenDataRow" />
        <UnitTestResult executionId="ab9a92e0-4281-4e06-93c0-bfce972c6c4f" parentExecutionId="bc34d609-c983-467c-82fa-34fb9b3a806b" testId="5d5bf084-272e-970d-5ff6-6e8097ceab4a" testName="Change_Passing_Valid_Values_Returns_Address (400,EUR,8)" computerName="PC-SFERRARI" duration="00:00:00.0006590" startTime="2020-09-01T16:43:02.9800834+01:00" endTime="2020-09-01T16:43:02.9868005+01:00" testType="13cdc9d9-ddb5-4fa4-a97d-d965ccfc6d4b" outcome="Passed" testListId="8c84fa94-04c1-424b-9868-57a2d4851a1d" relativeResultsDirectory="ab9a92e0-4281-4e06-93c0-bfce972c6c4f" dataRowInfo="3" resultType="DataDrivenDataRow" />
      </InnerResults>
    </UnitTestResult>
    <UnitTestResult executionId="95062f84-d977-4cd3-bb8a-26d9aad76cab" testId="cff35c85-26ba-6235-75c6-1c2564d348c6" testName="IsNull_Passing_Valid_Values_Returns_False" computerName="PC-SFERRARI" duration="00:00:00.0002053" startTime="2020-09-01T16:43:03.5736899+01:00" endTime="2020-09-01T16:43:03.5739730+01:00" testType="13cdc9d9-ddb5-4fa4-a97d-d965ccfc6d4b" outcome="Passed" testListId="8c84fa94-04c1-424b-9868-57a2d4851a1d" relativeResultsDirectory="95062f84-d977-4cd3-bb8a-26d9aad76cab" resultType="DataDrivenTest">
      <InnerResults>
        <UnitTestResult executionId="4b0f3330-b401-44e5-b771-1a3594d7c3a5" parentExecutionId="95062f84-d977-4cd3-bb8a-26d9aad76cab" testId="cff35c85-26ba-6235-75c6-1c2564d348c6" testName="IsNull_Passing_Valid_Values_Returns_False (456,43543543543)" computerName="PC-SFERRARI" duration="00:00:00.0001384" startTime="2020-09-01T16:43:03.5736899+01:00" endTime="2020-09-01T16:43:03.5739730+01:00" testType="13cdc9d9-ddb5-4fa4-a97d-d965ccfc6d4b" outcome="Passed" testListId="8c84fa94-04c1-424b-9868-57a2d4851a1d" relativeResultsDirectory="4b0f3330-b401-44e5-b771-1a3594d7c3a5" dataRowInfo="1" resultType="DataDrivenDataRow" />
        <UnitTestResult executionId="c31cb4c8-0924-40e1-9687-4dfd5bb8cc92" parentExecutionId="95062f84-d977-4cd3-bb8a-26d9aad76cab" testId="cff35c85-26ba-6235-75c6-1c2564d348c6" testName="IsNull_Passing_Valid_Values_Returns_False (D45,86554654)" computerName="PC-SFERRARI" duration="00:00:00.0000152" startTime="2020-09-01T16:43:03.5736899+01:00" endTime="2020-09-01T16:43:03.5739730+01:00" testType="13cdc9d9-ddb5-4fa4-a97d-d965ccfc6d4b" outcome="Passed" testListId="8c84fa94-04c1-424b-9868-57a2d4851a1d" relativeResultsDirectory="c31cb4c8-0924-40e1-9687-4dfd5bb8cc92" dataRowInfo="2" resultType="DataDrivenDataRow" />
      </InnerResults>
    </UnitTestResult>
    <UnitTestResult executionId="68e23527-1750-4620-a083-cf6fe3125c88" testId="9d4133ce-d100-cb57-5378-7ee78c039307" testName="Create_Passing_InvalidOrNull_Value_Returns_ApplicationException" computerName="PC-SFERRARI" duration="00:00:00.0047437" startTime="2020-09-01T16:43:02.5396439+01:00" endTime="2020-09-01T16:43:02.5453600+01:00" testType="13cdc9d9-ddb5-4fa4-a97d-d965ccfc6d4b" outcome="Passed" testListId="8c84fa94-04c1-424b-9868-57a2d4851a1d" relativeResultsDirectory="68e23527-1750-4620-a083-cf6fe3125c88" resultType="DataDrivenTest">
      <InnerResults>
        <UnitTestResult executionId="76b7657f-d071-4075-b412-248a2b13a407" parentExecutionId="68e23527-1750-4620-a083-cf6fe3125c88" testId="9d4133ce-d100-cb57-5378-7ee78c039307" testName="Create_Passing_InvalidOrNull_Value_Returns_ApplicationException (Tenerife,23,34567,San Bartoleme De Tirajana,Las Palmas,)" computerName="PC-SFERRARI" duration="00:00:00.0014873" startTime="2020-09-01T16:43:02.5396439+01:00" endTime="2020-09-01T16:43:02.5453600+01:00" testType="13cdc9d9-ddb5-4fa4-a97d-d965ccfc6d4b" outcome="Passed" testListId="8c84fa94-04c1-424b-9868-57a2d4851a1d" relativeResultsDirectory="76b7657f-d071-4075-b412-248a2b13a407" dataRowInfo="1" resultType="DataDrivenDataRow" />
        <UnitTestResult executionId="495fa6d5-b372-4272-b569-0f309aaa820a" parentExecutionId="68e23527-1750-4620-a083-cf6fe3125c88" testId="9d4133ce-d100-cb57-5378-7ee78c039307" testName="Create_Passing_InvalidOrNull_Value_Returns_ApplicationException (,789,DF7956,Sabadell,Barcelona,España)" computerName="PC-SFERRARI" duration="00:00:00.0000622" startTime="2020-09-01T16:43:02.5396439+01:00" endTime="2020-09-01T16:43:02.5453600+01:00" testType="13cdc9d9-ddb5-4fa4-a97d-d965ccfc6d4b" outcome="Passed" testListId="8c84fa94-04c1-424b-9868-57a2d4851a1d" relativeResultsDirectory="495fa6d5-b372-4272-b569-0f309aaa820a" dataRowInfo="2" resultType="DataDrivenDataRow" />
        <UnitTestResult executionId="eaad5f5d-8f56-42cc-a3a3-79ebf24c3ceb" parentExecutionId="68e23527-1750-4620-a083-cf6fe3125c88" testId="9d4133ce-d100-cb57-5378-7ee78c039307" testName="Create_Passing_InvalidOrNull_Value_Returns_ApplicationException (Tenerife,-10,DF7956,Sabadell,Barcelona,España)" computerName="PC-SFERRARI" duration="00:00:00.0000561" startTime="2020-09-01T16:43:02.5396439+01:00" endTime="2020-09-01T16:43:02.5453600+01:00" testType="13cdc9d9-ddb5-4fa4-a97d-d965ccfc6d4b" outcome="Passed" testListId="8c84fa94-04c1-424b-9868-57a2d4851a1d" relativeResultsDirectory="eaad5f5d-8f56-42cc-a3a3-79ebf24c3ceb" dataRowInfo="3" resultType="DataDrivenDataRow" />
      </InnerResults>
    </UnitTestResult>
    <UnitTestResult executionId="0a8268dc-e1cb-43e1-9206-bc8f8a4af319" testId="3ee8c477-acc7-2166-b517-722bdd4efb4b" testName="OperatorNotEqual_Passing_Valid_Values_Returns_False" computerName="PC-SFERRARI" duration="00:00:00.0016221" startTime="2020-09-01T16:43:03.0667384+01:00" endTime="2020-09-01T16:43:03.0685158+01:00" testType="13cdc9d9-ddb5-4fa4-a97d-d965ccfc6d4b" outcome="Passed" testListId="8c84fa94-04c1-424b-9868-57a2d4851a1d" relativeResultsDirectory="0a8268dc-e1cb-43e1-9206-bc8f8a4af319" resultType="DataDrivenTest">
      <InnerResults>
        <UnitTestResult executionId="017bea89-1fa8-45eb-a82d-f3e4871a70eb" parentExecutionId="0a8268dc-e1cb-43e1-9206-bc8f8a4af319" testId="3ee8c477-acc7-2166-b517-722bdd4efb4b" testName="OperatorNotEqual_Passing_Valid_Values_Returns_False (100,EUR,2)" computerName="PC-SFERRARI" duration="00:00:00.0009930" startTime="2020-09-01T16:43:03.0667384+01:00" endTime="2020-09-01T16:43:03.0685158+01:00" testType="13cdc9d9-ddb5-4fa4-a97d-d965ccfc6d4b" outcome="Passed" testListId="8c84fa94-04c1-424b-9868-57a2d4851a1d" relativeResultsDirectory="017bea89-1fa8-45eb-a82d-f3e4871a70eb" dataRowInfo="1" resultType="DataDrivenDataRow" />
        <UnitTestResult executionId="bdf4f6f5-fc3a-457c-be71-146bbbfc34b6" parentExecutionId="0a8268dc-e1cb-43e1-9206-bc8f8a4af319" testId="3ee8c477-acc7-2166-b517-722bdd4efb4b" testName="OperatorNotEqual_Passing_Valid_Values_Returns_False (200,EUR,4)" computerName="PC-SFERRARI" duration="00:00:00.0002787" startTime="2020-09-01T16:43:03.0667384+01:00" endTime="2020-09-01T16:43:03.0685158+01:00" testType="13cdc9d9-ddb5-4fa4-a97d-d965ccfc6d4b" outcome="Passed" testListId="8c84fa94-04c1-424b-9868-57a2d4851a1d" relativeResultsDirectory="bdf4f6f5-fc3a-457c-be71-146bbbfc34b6" dataRowInfo="2" resultType="DataDrivenDataRow" />
        <UnitTestResult executionId="be413a32-c296-46ed-bdcf-1afdf6454204" parentExecutionId="0a8268dc-e1cb-43e1-9206-bc8f8a4af319" testId="3ee8c477-acc7-2166-b517-722bdd4efb4b" testName="OperatorNotEqual_Passing_Valid_Values_Returns_False (400,USD,8)" computerName="PC-SFERRARI" duration="00:00:00.0002427" startTime="2020-09-01T16:43:03.0667384+01:00" endTime="2020-09-01T16:43:03.0685158+01:00" testType="13cdc9d9-ddb5-4fa4-a97d-d965ccfc6d4b" outcome="Passed" testListId="8c84fa94-04c1-424b-9868-57a2d4851a1d" relativeResultsDirectory="be413a32-c296-46ed-bdcf-1afdf6454204" dataRowInfo="3" resultType="DataDrivenDataRow" />
      </InnerResults>
    </UnitTestResult>
    <UnitTestResult executionId="aad8a29b-8fc0-4224-9389-111a695bf77a" testId="7fd04506-4241-b8b1-2349-8e867be6fbef" testName="ToEnum_Passing_Invalid_Int_Name_Enumeracion_Returns_Null" computerName="PC-SFERRARI" duration="00:00:00.0042723" startTime="2020-09-01T16:43:02.2650844+01:00" endTime="2020-09-01T16:43:02.2694660+01:00" testType="13cdc9d9-ddb5-4fa4-a97d-d965ccfc6d4b" outcome="Passed" testListId="8c84fa94-04c1-424b-9868-57a2d4851a1d" relativeResultsDirectory="aad8a29b-8fc0-4224-9389-111a695bf77a" />
    <UnitTestResult executionId="471ae004-ed5b-4442-acc7-c411918cc740" testId="b0548663-47b3-8c52-226c-9dcd0a8ec50c" testName="ToEnum_Passing_Valid_IntName_Enumeracion_Returns_Enumeracion" computerName="PC-SFERRARI" duration="00:00:00.0001433" startTime="2020-09-01T16:43:02.4459973+01:00" endTime="2020-09-01T16:43:02.4462128+01:00" testType="13cdc9d9-ddb5-4fa4-a97d-d965ccfc6d4b" outcome="Passed" testListId="8c84fa94-04c1-424b-9868-57a2d4851a1d" relativeResultsDirectory="471ae004-ed5b-4442-acc7-c411918cc740" />
    <UnitTestResult executionId="184b0747-7014-4680-a326-37bb6967e88f" testId="b64d7059-5563-47f2-0770-51679ab67ac3" testName="IsNull_Passing_Null_Value_Returns_True" computerName="PC-SFERRARI" duration="00:00:00.0003503" startTime="2020-09-01T16:43:03.3779766+01:00" endTime="2020-09-01T16:43:03.3784120+01:00" testType="13cdc9d9-ddb5-4fa4-a97d-d965ccfc6d4b" outcome="Passed" testListId="8c84fa94-04c1-424b-9868-57a2d4851a1d" relativeResultsDirectory="184b0747-7014-4680-a326-37bb6967e88f" />
    <UnitTestResult executionId="5e928aeb-e748-41d1-a4f7-bd34566ff1bd" testId="0d76b1f8-41be-79d6-55e9-d959e165e570" testName="ToEnum_Passing_Valid_IntName_Enumeracion_Returns_Enumeracion" computerName="PC-SFERRARI" duration="00:00:00.0001411" startTime="2020-09-01T16:43:02.3956661+01:00" endTime="2020-09-01T16:43:02.3958819+01:00" testType="13cdc9d9-ddb5-4fa4-a97d-d965ccfc6d4b" outcome="Passed" testListId="8c84fa94-04c1-424b-9868-57a2d4851a1d" relativeResultsDirectory="5e928aeb-e748-41d1-a4f7-bd34566ff1bd" />
    <UnitTestResult executionId="37666eda-4db5-4434-8e2f-76b01af0b116" testId="f7330460-b528-23e0-f552-44f6715cd948" testName="OperatorNotEqual_Passing_Valid_Values_Returns_True" computerName="PC-SFERRARI" duration="00:00:00.0004801" startTime="2020-09-01T16:43:03.2801700+01:00" endTime="2020-09-01T16:43:03.2808174+01:00" testType="13cdc9d9-ddb5-4fa4-a97d-d965ccfc6d4b" outcome="Passed" testListId="8c84fa94-04c1-424b-9868-57a2d4851a1d" relativeResultsDirectory="37666eda-4db5-4434-8e2f-76b01af0b116" resultType="DataDrivenTest">
      <InnerResults>
        <UnitTestResult executionId="a4e9c8c5-b001-45bd-92dc-e14ae574fb9e" parentExecutionId="37666eda-4db5-4434-8e2f-76b01af0b116" testId="f7330460-b528-23e0-f552-44f6715cd948" testName="OperatorNotEqual_Passing_Valid_Values_Returns_True (España)" computerName="PC-SFERRARI" duration="00:00:00.0002500" startTime="2020-09-01T16:43:03.2801700+01:00" endTime="2020-09-01T16:43:03.2808174+01:00" testType="13cdc9d9-ddb5-4fa4-a97d-d965ccfc6d4b" outcome="Passed" testListId="8c84fa94-04c1-424b-9868-57a2d4851a1d" relativeResultsDirectory="a4e9c8c5-b001-45bd-92dc-e14ae574fb9e" dataRowInfo="1" resultType="DataDrivenDataRow" />
        <UnitTestResult executionId="29a12790-0534-460a-ae32-665b59da0697" parentExecutionId="37666eda-4db5-4434-8e2f-76b01af0b116" testId="f7330460-b528-23e0-f552-44f6715cd948" testName="OperatorNotEqual_Passing_Valid_Values_Returns_True (Españá)" computerName="PC-SFERRARI" duration="00:00:00.0000161" startTime="2020-09-01T16:43:03.2801700+01:00" endTime="2020-09-01T16:43:03.2808174+01:00" testType="13cdc9d9-ddb5-4fa4-a97d-d965ccfc6d4b" outcome="Passed" testListId="8c84fa94-04c1-424b-9868-57a2d4851a1d" relativeResultsDirectory="29a12790-0534-460a-ae32-665b59da0697" dataRowInfo="2" resultType="DataDrivenDataRow" />
        <UnitTestResult executionId="c05049c6-777d-4679-997d-41748660ba78" parentExecutionId="37666eda-4db5-4434-8e2f-76b01af0b116" testId="f7330460-b528-23e0-f552-44f6715cd948" testName="OperatorNotEqual_Passing_Valid_Values_Returns_True (Españà)" computerName="PC-SFERRARI" duration="00:00:00.0000127" startTime="2020-09-01T16:43:03.2801700+01:00" endTime="2020-09-01T16:43:03.2808174+01:00" testType="13cdc9d9-ddb5-4fa4-a97d-d965ccfc6d4b" outcome="Passed" testListId="8c84fa94-04c1-424b-9868-57a2d4851a1d" relativeResultsDirectory="c05049c6-777d-4679-997d-41748660ba78" dataRowInfo="3" resultType="DataDrivenDataRow" />
        <UnitTestResult executionId="bc3576da-1309-4e87-b3a2-5bc4f064724a" parentExecutionId="37666eda-4db5-4434-8e2f-76b01af0b116" testId="f7330460-b528-23e0-f552-44f6715cd948" testName="OperatorNotEqual_Passing_Valid_Values_Returns_True (Españä)" computerName="PC-SFERRARI" duration="00:00:00.0000131" startTime="2020-09-01T16:43:03.2801700+01:00" endTime="2020-09-01T16:43:03.2808174+01:00" testType="13cdc9d9-ddb5-4fa4-a97d-d965ccfc6d4b" outcome="Passed" testListId="8c84fa94-04c1-424b-9868-57a2d4851a1d" relativeResultsDirectory="bc3576da-1309-4e87-b3a2-5bc4f064724a" dataRowInfo="4" resultType="DataDrivenDataRow" />
        <UnitTestResult executionId="85c498e9-f511-474e-8452-bd8706924e1b" parentExecutionId="37666eda-4db5-4434-8e2f-76b01af0b116" testId="f7330460-b528-23e0-f552-44f6715cd948" testName="OperatorNotEqual_Passing_Valid_Values_Returns_True (Españâ)" computerName="PC-SFERRARI" duration="00:00:00.0000123" startTime="2020-09-01T16:43:03.2801700+01:00" endTime="2020-09-01T16:43:03.2808174+01:00" testType="13cdc9d9-ddb5-4fa4-a97d-d965ccfc6d4b" outcome="Passed" testListId="8c84fa94-04c1-424b-9868-57a2d4851a1d" relativeResultsDirectory="85c498e9-f511-474e-8452-bd8706924e1b" dataRowInfo="5" resultType="DataDrivenDataRow" />
        <UnitTestResult executionId="3f8c8dbb-4a5c-4922-868d-8cbac8a3150e" parentExecutionId="37666eda-4db5-4434-8e2f-76b01af0b116" testId="f7330460-b528-23e0-f552-44f6715cd948" testName="OperatorNotEqual_Passing_Valid_Values_Returns_True (Españã)" computerName="PC-SFERRARI" duration="00:00:00.0000126" startTime="2020-09-01T16:43:03.2801700+01:00" endTime="2020-09-01T16:43:03.2808174+01:00" testType="13cdc9d9-ddb5-4fa4-a97d-d965ccfc6d4b" outcome="Passed" testListId="8c84fa94-04c1-424b-9868-57a2d4851a1d" relativeResultsDirectory="3f8c8dbb-4a5c-4922-868d-8cbac8a3150e" dataRowInfo="6" resultType="DataDrivenDataRow" />
        <UnitTestResult executionId="04e6463f-5f34-4bd1-9dc1-0408d5235681" parentExecutionId="37666eda-4db5-4434-8e2f-76b01af0b116" testId="f7330460-b528-23e0-f552-44f6715cd948" testName="OperatorNotEqual_Passing_Valid_Values_Returns_True (Españç)" computerName="PC-SFERRARI" duration="00:00:00.0000134" startTime="2020-09-01T16:43:03.2801700+01:00" endTime="2020-09-01T16:43:03.2808174+01:00" testType="13cdc9d9-ddb5-4fa4-a97d-d965ccfc6d4b" outcome="Passed" testListId="8c84fa94-04c1-424b-9868-57a2d4851a1d" relativeResultsDirectory="04e6463f-5f34-4bd1-9dc1-0408d5235681" dataRowInfo="7" resultType="DataDrivenDataRow" />
        <UnitTestResult executionId="40d502db-7fa9-4c0f-bf6a-95b2f07a367c" parentExecutionId="37666eda-4db5-4434-8e2f-76b01af0b116" testId="f7330460-b528-23e0-f552-44f6715cd948" testName="OperatorNotEqual_Passing_Valid_Values_Returns_True (Españħ)" computerName="PC-SFERRARI" duration="00:00:00.0000126" startTime="2020-09-01T16:43:03.2801700+01:00" endTime="2020-09-01T16:43:03.2808174+01:00" testType="13cdc9d9-ddb5-4fa4-a97d-d965ccfc6d4b" outcome="Passed" testListId="8c84fa94-04c1-424b-9868-57a2d4851a1d" relativeResultsDirectory="40d502db-7fa9-4c0f-bf6a-95b2f07a367c" dataRowInfo="8" resultType="DataDrivenDataRow" />
        <UnitTestResult executionId="1c79b60b-46f6-4d2e-9420-f2be079b2cc9" parentExecutionId="37666eda-4db5-4434-8e2f-76b01af0b116" testId="f7330460-b528-23e0-f552-44f6715cd948" testName="OperatorNotEqual_Passing_Valid_Values_Returns_True (Esp añâ)" computerName="PC-SFERRARI" duration="00:00:00.0000129" startTime="2020-09-01T16:43:03.2801700+01:00" endTime="2020-09-01T16:43:03.2808174+01:00" testType="13cdc9d9-ddb5-4fa4-a97d-d965ccfc6d4b" outcome="Passed" testListId="8c84fa94-04c1-424b-9868-57a2d4851a1d" relativeResultsDirectory="1c79b60b-46f6-4d2e-9420-f2be079b2cc9" dataRowInfo="9" resultType="DataDrivenDataRow" />
      </InnerResults>
    </UnitTestResult>
    <UnitTestResult executionId="415dd49e-29c5-4ece-bb99-9d0e9e0e13b1" testId="8db31538-892c-3a78-d200-7b8d337bd902" testName="ToString_Passing_Valid_Values_Returns_Currency_String_Symbol" computerName="PC-SFERRARI" duration="00:00:00.0013547" startTime="2020-09-01T16:43:02.7415585+01:00" endTime="2020-09-01T16:43:02.7430125+01:00" testType="13cdc9d9-ddb5-4fa4-a97d-d965ccfc6d4b" outcome="Passed" testListId="8c84fa94-04c1-424b-9868-57a2d4851a1d" relativeResultsDirectory="415dd49e-29c5-4ece-bb99-9d0e9e0e13b1" resultType="DataDrivenTest">
      <InnerResults>
        <UnitTestResult executionId="34f0a16e-ab6b-4f54-ad9c-37d7b6044375" parentExecutionId="415dd49e-29c5-4ece-bb99-9d0e9e0e13b1" testId="8db31538-892c-3a78-d200-7b8d337bd902" testName="ToString_Passing_Valid_Values_Returns_Currency_String_Symbol (EUR)" computerName="PC-SFERRARI" duration="00:00:00.0007894" startTime="2020-09-01T16:43:02.7415585+01:00" endTime="2020-09-01T16:43:02.7430125+01:00" testType="13cdc9d9-ddb5-4fa4-a97d-d965ccfc6d4b" outcome="Passed" testListId="8c84fa94-04c1-424b-9868-57a2d4851a1d" relativeResultsDirectory="34f0a16e-ab6b-4f54-ad9c-37d7b6044375" dataRowInfo="1" resultType="DataDrivenDataRow" />
        <UnitTestResult executionId="039baaa7-c279-408d-aa54-8023012cadb7" parentExecutionId="415dd49e-29c5-4ece-bb99-9d0e9e0e13b1" testId="8db31538-892c-3a78-d200-7b8d337bd902" testName="ToString_Passing_Valid_Values_Returns_Currency_String_Symbol (USD)" computerName="PC-SFERRARI" duration="00:00:00.0004964" startTime="2020-09-01T16:43:02.7415585+01:00" endTime="2020-09-01T16:43:02.7430125+01:00" testType="13cdc9d9-ddb5-4fa4-a97d-d965ccfc6d4b" outcome="Passed" testListId="8c84fa94-04c1-424b-9868-57a2d4851a1d" relativeResultsDirectory="039baaa7-c279-408d-aa54-8023012cadb7" dataRowInfo="2" resultType="DataDrivenDataRow" />
      </InnerResults>
    </UnitTestResult>
    <UnitTestResult executionId="402111f4-5d04-4b28-82df-8a2177184a81" testId="145bd153-18cc-3e25-baa5-f3e74b60f467" testName="ToEnum_Passing_Invalid_String_Name_Enumeracion_Returns_Null" computerName="PC-SFERRARI" duration="00:00:00.0001768" startTime="2020-09-01T16:43:02.4457236+01:00" endTime="2020-09-01T16:43:02.4459755+01:00" testType="13cdc9d9-ddb5-4fa4-a97d-d965ccfc6d4b" outcome="Passed" testListId="8c84fa94-04c1-424b-9868-57a2d4851a1d" relativeResultsDirectory="402111f4-5d04-4b28-82df-8a2177184a81" />
    <UnitTestResult executionId="9a6ab289-4277-420e-9974-1f13678350c2" testId="76c79f9f-0b75-deaf-c0c8-6849a01fabe5" testName="Change_Passing_Valid_Values_Returns_Name" computerName="PC-SFERRARI" duration="00:00:00.0011773" startTime="2020-09-01T16:43:03.0918882+01:00" endTime="2020-09-01T16:43:03.0938566+01:00" testType="13cdc9d9-ddb5-4fa4-a97d-d965ccfc6d4b" outcome="Passed" testListId="8c84fa94-04c1-424b-9868-57a2d4851a1d" relativeResultsDirectory="9a6ab289-4277-420e-9974-1f13678350c2" />
    <UnitTestResult executionId="a106fbe3-3dfd-4f89-baf5-4c29906c6344" testId="a135e145-a8f1-0965-22d8-18ac186f6fcf" testName="Create_Passing_InvalidOrNull_Value_Returns_ApplicationException" computerName="PC-SFERRARI" duration="00:00:00.0009487" startTime="2020-09-01T16:43:02.9868549+01:00" endTime="2020-09-01T16:43:02.9879294+01:00" testType="13cdc9d9-ddb5-4fa4-a97d-d965ccfc6d4b" outcome="Passed" testListId="8c84fa94-04c1-424b-9868-57a2d4851a1d" relativeResultsDirectory="a106fbe3-3dfd-4f89-baf5-4c29906c6344" resultType="DataDrivenTest">
      <InnerResults>
        <UnitTestResult executionId="0941cfab-d20f-4a44-aef4-94a92c21d519" parentExecutionId="a106fbe3-3dfd-4f89-baf5-4c29906c6344" testId="a135e145-a8f1-0965-22d8-18ac186f6fcf" testName="Create_Passing_InvalidOrNull_Value_Returns_ApplicationException (456,USD,-3)" computerName="PC-SFERRARI" duration="00:00:00.0008949" startTime="2020-09-01T16:43:02.9868549+01:00" endTime="2020-09-01T16:43:02.9879294+01:00" testType="13cdc9d9-ddb5-4fa4-a97d-d965ccfc6d4b" outcome="Passed" testListId="8c84fa94-04c1-424b-9868-57a2d4851a1d" relativeResultsDirectory="0941cfab-d20f-4a44-aef4-94a92c21d519" dataRowInfo="1" resultType="DataDrivenDataRow" />
      </InnerResults>
    </UnitTestResult>
    <UnitTestResult executionId="a9b3d380-c682-4c40-a91e-c70940d97c2d" testId="1e6a5935-eb94-a549-f349-b1500900cd98" testName="ToEnum_Passing_Valid_String_Name_Enumeracion_Returns_Enumeracion" computerName="PC-SFERRARI" duration="00:00:00.0001398" startTime="2020-09-01T16:43:02.2707787+01:00" endTime="2020-09-01T16:43:02.2710133+01:00" testType="13cdc9d9-ddb5-4fa4-a97d-d965ccfc6d4b" outcome="Passed" testListId="8c84fa94-04c1-424b-9868-57a2d4851a1d" relativeResultsDirectory="a9b3d380-c682-4c40-a91e-c70940d97c2d" />
    <UnitTestResult executionId="4d635095-a847-4263-9f66-2077f4e54481" testId="0331e231-5e2b-199a-2247-9bc7f2606067" testName="ToEnum_Passing_Valid_String_ShortName_Enumeracion_Returns_Enumeracion" computerName="PC-SFERRARI" duration="00:00:00.0001310" startTime="2020-09-01T16:43:02.2710341+01:00" endTime="2020-09-01T16:43:02.2712450+01:00" testType="13cdc9d9-ddb5-4fa4-a97d-d965ccfc6d4b" outcome="Passed" testListId="8c84fa94-04c1-424b-9868-57a2d4851a1d" relativeResultsDirectory="4d635095-a847-4263-9f66-2077f4e54481" />
    <UnitTestResult executionId="afb75ecd-4f7b-479d-8411-659350d04086" testId="398af0c0-2099-6a75-20f6-c6ae3a70956a" testName="OperatorNotEqual_Passing_Valid_Values_Returns_True" computerName="PC-SFERRARI" duration="00:00:00.0008474" startTime="2020-09-01T16:43:02.7405216+01:00" endTime="2020-09-01T16:43:02.7415267+01:00" testType="13cdc9d9-ddb5-4fa4-a97d-d965ccfc6d4b" outcome="Passed" testListId="8c84fa94-04c1-424b-9868-57a2d4851a1d" relativeResultsDirectory="afb75ecd-4f7b-479d-8411-659350d04086" resultType="DataDrivenTest">
      <InnerResults>
        <UnitTestResult executionId="fa201823-df7a-4af6-bcde-ed1b7ef4e124" parentExecutionId="afb75ecd-4f7b-479d-8411-659350d04086" testId="398af0c0-2099-6a75-20f6-c6ae3a70956a" testName="OperatorNotEqual_Passing_Valid_Values_Returns_True (EUR)" computerName="PC-SFERRARI" duration="00:00:00.0007929" startTime="2020-09-01T16:43:02.7405216+01:00" endTime="2020-09-01T16:43:02.7415267+01:00" testType="13cdc9d9-ddb5-4fa4-a97d-d965ccfc6d4b" outcome="Passed" testListId="8c84fa94-04c1-424b-9868-57a2d4851a1d" relativeResultsDirectory="fa201823-df7a-4af6-bcde-ed1b7ef4e124" dataRowInfo="1" resultType="DataDrivenDataRow" />
      </InnerResults>
    </UnitTestResult>
    <UnitTestResult executionId="de9e35b4-30f5-478b-96d3-efeb20cf4501" testId="cd159d9c-491e-cea0-3dbb-5894d4cafd31" testName="ToEnum_Passing_Invalid_Int_Name_Enumeracion_Returns_Null" computerName="PC-SFERRARI" duration="00:00:00.0003690" startTime="2020-09-01T16:43:02.3947951+01:00" endTime="2020-09-01T16:43:02.3953299+01:00" testType="13cdc9d9-ddb5-4fa4-a97d-d965ccfc6d4b" outcome="Passed" testListId="8c84fa94-04c1-424b-9868-57a2d4851a1d" relativeResultsDirectory="de9e35b4-30f5-478b-96d3-efeb20cf4501" />
    <UnitTestResult executionId="a2514ce3-d36e-462b-b349-95d3312eb186" testId="d1ef6d46-1fa5-198f-a0cf-6cba38319a2e" testName="IsNull_Passing_Null_Value_Returns_True" computerName="PC-SFERRARI" duration="00:00:00.0004484" startTime="2020-09-01T16:43:02.8177868+01:00" endTime="2020-09-01T16:43:02.8184160+01:00" testType="13cdc9d9-ddb5-4fa4-a97d-d965ccfc6d4b" outcome="Passed" testListId="8c84fa94-04c1-424b-9868-57a2d4851a1d" relativeResultsDirectory="a2514ce3-d36e-462b-b349-95d3312eb186" />
    <UnitTestResult executionId="f13fd648-62bf-449a-8ad6-4d3f3ba8bd5c" testId="d71963d6-dcff-e7f3-d8f4-94038e2fe289" testName="ToString_Passing_Valid_Values_Returns_Subdomain" computerName="PC-SFERRARI" duration="00:00:00.0003604" startTime="2020-09-01T16:43:03.5206938+01:00" endTime="2020-09-01T16:43:03.5211355+01:00" testType="13cdc9d9-ddb5-4fa4-a97d-d965ccfc6d4b" outcome="Passed" testListId="8c84fa94-04c1-424b-9868-57a2d4851a1d" relativeResultsDirectory="f13fd648-62bf-449a-8ad6-4d3f3ba8bd5c" resultType="DataDrivenTest">
      <InnerResults>
        <UnitTestResult executionId="fa4e8b23-4ac7-42b4-8eaa-09382448f4a6" parentExecutionId="f13fd648-62bf-449a-8ad6-4d3f3ba8bd5c" testId="d71963d6-dcff-e7f3-d8f4-94038e2fe289" testName="ToString_Passing_Valid_Values_Returns_Subdomain (app.hackerone1.com)" computerName="PC-SFERRARI" duration="00:00:00.0002770" startTime="2020-09-01T16:43:03.5206938+01:00" endTime="2020-09-01T16:43:03.5211355+01:00" testType="13cdc9d9-ddb5-4fa4-a97d-d965ccfc6d4b" outcome="Passed" testListId="8c84fa94-04c1-424b-9868-57a2d4851a1d" relativeResultsDirectory="fa4e8b23-4ac7-42b4-8eaa-09382448f4a6" dataRowInfo="1" resultType="DataDrivenDataRow" />
        <UnitTestResult executionId="fb0ef381-5482-448e-90e9-ec758287465f" parentExecutionId="f13fd648-62bf-449a-8ad6-4d3f3ba8bd5c" testId="d71963d6-dcff-e7f3-d8f4-94038e2fe289" testName="ToString_Passing_Valid_Values_Returns_Subdomain (www.hackerone-com)" computerName="PC-SFERRARI" duration="00:00:00.0000125" startTime="2020-09-01T16:43:03.5206938+01:00" endTime="2020-09-01T16:43:03.5211355+01:00" testType="13cdc9d9-ddb5-4fa4-a97d-d965ccfc6d4b" outcome="Passed" testListId="8c84fa94-04c1-424b-9868-57a2d4851a1d" relativeResultsDirectory="fb0ef381-5482-448e-90e9-ec758287465f" dataRowInfo="2" resultType="DataDrivenDataRow" />
        <UnitTestResult executionId="f5fae2ee-bed1-4353-95cb-7a61ba66d77b" parentExecutionId="f13fd648-62bf-449a-8ad6-4d3f3ba8bd5c" testId="d71963d6-dcff-e7f3-d8f4-94038e2fe289" testName="ToString_Passing_Valid_Values_Returns_Subdomain (stage_hackerone.com)" computerName="PC-SFERRARI" duration="00:00:00.0000156" startTime="2020-09-01T16:43:03.5206938+01:00" endTime="2020-09-01T16:43:03.5211355+01:00" testType="13cdc9d9-ddb5-4fa4-a97d-d965ccfc6d4b" outcome="Passed" testListId="8c84fa94-04c1-424b-9868-57a2d4851a1d" relativeResultsDirectory="f5fae2ee-bed1-4353-95cb-7a61ba66d77b" dataRowInfo="3" resultType="DataDrivenDataRow" />
      </InnerResults>
    </UnitTestResult>
    <UnitTestResult executionId="c3d49edd-bdd1-44b2-8769-26e2ba85bc58" testId="df298487-0356-51ee-e237-7e10cf339a23" testName="Create_Passing_Valid_Values_Returns_Telephone" computerName="PC-SFERRARI" duration="00:00:00.0002609" startTime="2020-09-01T16:43:03.5506996+01:00" endTime="2020-09-01T16:43:03.5510407+01:00" testType="13cdc9d9-ddb5-4fa4-a97d-d965ccfc6d4b" outcome="Passed" testListId="8c84fa94-04c1-424b-9868-57a2d4851a1d" relativeResultsDirectory="c3d49edd-bdd1-44b2-8769-26e2ba85bc58" resultType="DataDrivenTest">
      <InnerResults>
        <UnitTestResult executionId="bcefa829-154a-4592-a0cc-24a27859d68d" parentExecutionId="c3d49edd-bdd1-44b2-8769-26e2ba85bc58" testId="df298487-0356-51ee-e237-7e10cf339a23" testName="Create_Passing_Valid_Values_Returns_Telephone (456,43543543543)" computerName="PC-SFERRARI" duration="00:00:00.0001925" startTime="2020-09-01T16:43:03.5506996+01:00" endTime="2020-09-01T16:43:03.5510407+01:00" testType="13cdc9d9-ddb5-4fa4-a97d-d965ccfc6d4b" outcome="Passed" testListId="8c84fa94-04c1-424b-9868-57a2d4851a1d" relativeResultsDirectory="bcefa829-154a-4592-a0cc-24a27859d68d" dataRowInfo="1" resultType="DataDrivenDataRow" />
        <UnitTestResult executionId="73844ab7-ae1c-4e27-9ef9-741b4812631e" parentExecutionId="c3d49edd-bdd1-44b2-8769-26e2ba85bc58" testId="df298487-0356-51ee-e237-7e10cf339a23" testName="Create_Passing_Valid_Values_Returns_Telephone (D45,86554654)" computerName="PC-SFERRARI" duration="00:00:00.0000084" startTime="2020-09-01T16:43:03.5506996+01:00" endTime="2020-09-01T16:43:03.5510407+01:00" testType="13cdc9d9-ddb5-4fa4-a97d-d965ccfc6d4b" outcome="Passed" testListId="8c84fa94-04c1-424b-9868-57a2d4851a1d" relativeResultsDirectory="73844ab7-ae1c-4e27-9ef9-741b4812631e" dataRowInfo="2" resultType="DataDrivenDataRow" />
      </InnerResults>
    </UnitTestResult>
    <UnitTestResult executionId="f091389d-ec79-4520-9fef-32eba3027723" testId="fc04751a-29b6-34b0-30bc-db8740bebbfc" testName="Equals_Passing_Valid_Values_Returns_False" computerName="PC-SFERRARI" duration="00:00:00.0019050" startTime="2020-09-01T16:43:02.5651780+01:00" endTime="2020-09-01T16:43:02.5671720+01:00" testType="13cdc9d9-ddb5-4fa4-a97d-d965ccfc6d4b" outcome="Passed" testListId="8c84fa94-04c1-424b-9868-57a2d4851a1d" relativeResultsDirectory="f091389d-ec79-4520-9fef-32eba3027723" resultType="DataDrivenTest">
      <InnerResults>
        <UnitTestResult executionId="593df140-e1e5-45b2-acfe-23783fbf8489" parentExecutionId="f091389d-ec79-4520-9fef-32eba3027723" testId="fc04751a-29b6-34b0-30bc-db8740bebbfc" testName="Equals_Passing_Valid_Values_Returns_False (Tenerife,23,34567,San Bartoleme De Tirajana,Las Palmas,España)" computerName="PC-SFERRARI" duration="00:00:00.0018138" startTime="2020-09-01T16:43:02.5651780+01:00" endTime="2020-09-01T16:43:02.5671720+01:00" testType="13cdc9d9-ddb5-4fa4-a97d-d965ccfc6d4b" outcome="Passed" testListId="8c84fa94-04c1-424b-9868-57a2d4851a1d" relativeResultsDirectory="593df140-e1e5-45b2-acfe-23783fbf8489" dataRowInfo="1" resultType="DataDrivenDataRow" />
        <UnitTestResult executionId="f07af70f-6552-4b37-a8ac-fb37c0c2a628" parentExecutionId="f091389d-ec79-4520-9fef-32eba3027723" testId="fc04751a-29b6-34b0-30bc-db8740bebbfc" testName="Equals_Passing_Valid_Values_Returns_False (Pader,789,DF7956,Sabadell,Barcelona,España)" computerName="PC-SFERRARI" duration="00:00:00.0000208" startTime="2020-09-01T16:43:02.5651780+01:00" endTime="2020-09-01T16:43:02.5671720+01:00" testType="13cdc9d9-ddb5-4fa4-a97d-d965ccfc6d4b" outcome="Passed" testListId="8c84fa94-04c1-424b-9868-57a2d4851a1d" relativeResultsDirectory="f07af70f-6552-4b37-a8ac-fb37c0c2a628" dataRowInfo="2" resultType="DataDrivenDataRow" />
      </InnerResults>
    </UnitTestResult>
    <UnitTestResult executionId="32c6aa33-1b89-4ac4-90ba-8b1c992e1674" testId="3c73a262-4233-759f-902c-9ce564f1c4ad" testName="ToEnum_Passing_Invalid_String_Name_Enumeracion_Returns_Null" computerName="PC-SFERRARI" duration="00:00:00.0008488" startTime="2020-09-01T16:43:02.2695106+01:00" endTime="2020-09-01T16:43:02.2705027+01:00" testType="13cdc9d9-ddb5-4fa4-a97d-d965ccfc6d4b" outcome="Passed" testListId="8c84fa94-04c1-424b-9868-57a2d4851a1d" relativeResultsDirectory="32c6aa33-1b89-4ac4-90ba-8b1c992e1674" />
    <UnitTestResult executionId="a4a71936-bd74-4f4d-9fe8-0af66613d21e" testId="c1c7a090-62ae-a90f-5c47-62eab692b098" testName="Equals_Passing_Valid_Values_Returns_True" computerName="PC-SFERRARI" duration="00:00:00.0003145" startTime="2020-09-01T16:43:03.5726476+01:00" endTime="2020-09-01T16:43:03.5731107+01:00" testType="13cdc9d9-ddb5-4fa4-a97d-d965ccfc6d4b" outcome="Passed" testListId="8c84fa94-04c1-424b-9868-57a2d4851a1d" relativeResultsDirectory="a4a71936-bd74-4f4d-9fe8-0af66613d21e" resultType="DataDrivenTest">
      <InnerResults>
        <UnitTestResult executionId="4be5755e-4db6-4f03-8c06-e742bdc774ea" parentExecutionId="a4a71936-bd74-4f4d-9fe8-0af66613d21e" testId="c1c7a090-62ae-a90f-5c47-62eab692b098" testName="Equals_Passing_Valid_Values_Returns_True (456,43543543543)" computerName="PC-SFERRARI" duration="00:00:00.0002338" startTime="2020-09-01T16:43:03.5726476+01:00" endTime="2020-09-01T16:43:03.5731107+01:00" testType="13cdc9d9-ddb5-4fa4-a97d-d965ccfc6d4b" outcome="Passed" testListId="8c84fa94-04c1-424b-9868-57a2d4851a1d" relativeResultsDirectory="4be5755e-4db6-4f03-8c06-e742bdc774ea" dataRowInfo="1" resultType="DataDrivenDataRow" />
        <UnitTestResult executionId="45329c94-cbdb-4ca7-ad2c-6dabe14baf9e" parentExecutionId="a4a71936-bd74-4f4d-9fe8-0af66613d21e" testId="c1c7a090-62ae-a90f-5c47-62eab692b098" testName="Equals_Passing_Valid_Values_Returns_True (D45,86554654)" computerName="PC-SFERRARI" duration="00:00:00.0000145" startTime="2020-09-01T16:43:03.5726476+01:00" endTime="2020-09-01T16:43:03.5731107+01:00" testType="13cdc9d9-ddb5-4fa4-a97d-d965ccfc6d4b" outcome="Passed" testListId="8c84fa94-04c1-424b-9868-57a2d4851a1d" relativeResultsDirectory="45329c94-cbdb-4ca7-ad2c-6dabe14baf9e" dataRowInfo="2" resultType="DataDrivenDataRow" />
      </InnerResults>
    </UnitTestResult>
    <UnitTestResult executionId="a35fc4a9-9f1a-4859-bcd5-aaa095763e19" testId="e508c554-ee47-5599-228d-b33f23cc16d0" testName="Equals_Passing_Valid_Distinct_Values_Returns_False" computerName="PC-SFERRARI" duration="00:00:00.0012148" startTime="2020-09-01T16:43:03.1340627+01:00" endTime="2020-09-01T16:43:03.1354581+01:00" testType="13cdc9d9-ddb5-4fa4-a97d-d965ccfc6d4b" outcome="Passed" testListId="8c84fa94-04c1-424b-9868-57a2d4851a1d" relativeResultsDirectory="a35fc4a9-9f1a-4859-bcd5-aaa095763e19" resultType="DataDrivenTest">
      <InnerResults>
        <UnitTestResult executionId="88919767-432e-4b74-aa27-25985087d2a9" parentExecutionId="a35fc4a9-9f1a-4859-bcd5-aaa095763e19" testId="e508c554-ee47-5599-228d-b33f23cc16d0" testName="Equals_Passing_Valid_Distinct_Values_Returns_False (España)" computerName="PC-SFERRARI" duration="00:00:00.0009682" startTime="2020-09-01T16:43:03.1340627+01:00" endTime="2020-09-01T16:43:03.1354581+01:00" testType="13cdc9d9-ddb5-4fa4-a97d-d965ccfc6d4b" outcome="Passed" testListId="8c84fa94-04c1-424b-9868-57a2d4851a1d" relativeResultsDirectory="88919767-432e-4b74-aa27-25985087d2a9" dataRowInfo="1" resultType="DataDrivenDataRow" />
        <UnitTestResult executionId="531b7319-e136-4dbb-a777-938b4c7a9e52" parentExecutionId="a35fc4a9-9f1a-4859-bcd5-aaa095763e19" testId="e508c554-ee47-5599-228d-b33f23cc16d0" testName="Equals_Passing_Valid_Distinct_Values_Returns_False (Españá)" computerName="PC-SFERRARI" duration="00:00:00.0000240" startTime="2020-09-01T16:43:03.1340627+01:00" endTime="2020-09-01T16:43:03.1354581+01:00" testType="13cdc9d9-ddb5-4fa4-a97d-d965ccfc6d4b" outcome="Passed" testListId="8c84fa94-04c1-424b-9868-57a2d4851a1d" relativeResultsDirectory="531b7319-e136-4dbb-a777-938b4c7a9e52" dataRowInfo="2" resultType="DataDrivenDataRow" />
        <UnitTestResult executionId="04847332-b1e7-4b14-92c2-56334e28df4d" parentExecutionId="a35fc4a9-9f1a-4859-bcd5-aaa095763e19" testId="e508c554-ee47-5599-228d-b33f23cc16d0" testName="Equals_Passing_Valid_Distinct_Values_Returns_False (Españà)" computerName="PC-SFERRARI" duration="00:00:00.0000134" startTime="2020-09-01T16:43:03.1340627+01:00" endTime="2020-09-01T16:43:03.1354581+01:00" testType="13cdc9d9-ddb5-4fa4-a97d-d965ccfc6d4b" outcome="Passed" testListId="8c84fa94-04c1-424b-9868-57a2d4851a1d" relativeResultsDirectory="04847332-b1e7-4b14-92c2-56334e28df4d" dataRowInfo="3" resultType="DataDrivenDataRow" />
        <UnitTestResult executionId="6b473918-2747-4829-bd78-baacd0c6ed89" parentExecutionId="a35fc4a9-9f1a-4859-bcd5-aaa095763e19" testId="e508c554-ee47-5599-228d-b33f23cc16d0" testName="Equals_Passing_Valid_Distinct_Values_Returns_False (Españä)" computerName="PC-SFERRARI" duration="00:00:00.0000133" startTime="2020-09-01T16:43:03.1340627+01:00" endTime="2020-09-01T16:43:03.1354581+01:00" testType="13cdc9d9-ddb5-4fa4-a97d-d965ccfc6d4b" outcome="Passed" testListId="8c84fa94-04c1-424b-9868-57a2d4851a1d" relativeResultsDirectory="6b473918-2747-4829-bd78-baacd0c6ed89" dataRowInfo="4" resultType="DataDrivenDataRow" />
        <UnitTestResult executionId="a405d25f-6ff6-4709-8f6c-a1c42348773b" parentExecutionId="a35fc4a9-9f1a-4859-bcd5-aaa095763e19" testId="e508c554-ee47-5599-228d-b33f23cc16d0" testName="Equals_Passing_Valid_Distinct_Values_Returns_False (Españâ)" computerName="PC-SFERRARI" duration="00:00:00.0000130" startTime="2020-09-01T16:43:03.1340627+01:00" endTime="2020-09-01T16:43:03.1354581+01:00" testType="13cdc9d9-ddb5-4fa4-a97d-d965ccfc6d4b" outcome="Passed" testListId="8c84fa94-04c1-424b-9868-57a2d4851a1d" relativeResultsDirectory="a405d25f-6ff6-4709-8f6c-a1c42348773b" dataRowInfo="5" resultType="DataDrivenDataRow" />
        <UnitTestResult executionId="febfb3b6-aad2-400c-9872-e8471458896b" parentExecutionId="a35fc4a9-9f1a-4859-bcd5-aaa095763e19" testId="e508c554-ee47-5599-228d-b33f23cc16d0" testName="Equals_Passing_Valid_Distinct_Values_Returns_False (Españã)" computerName="PC-SFERRARI" duration="00:00:00.0000124" startTime="2020-09-01T16:43:03.1340627+01:00" endTime="2020-09-01T16:43:03.1354581+01:00" testType="13cdc9d9-ddb5-4fa4-a97d-d965ccfc6d4b" outcome="Passed" testListId="8c84fa94-04c1-424b-9868-57a2d4851a1d" relativeResultsDirectory="febfb3b6-aad2-400c-9872-e8471458896b" dataRowInfo="6" resultType="DataDrivenDataRow" />
        <UnitTestResult executionId="0ec91bec-3575-4ec9-9049-53b6cf5632a9" parentExecutionId="a35fc4a9-9f1a-4859-bcd5-aaa095763e19" testId="e508c554-ee47-5599-228d-b33f23cc16d0" testName="Equals_Passing_Valid_Distinct_Values_Returns_False (Españç)" computerName="PC-SFERRARI" duration="00:00:00.0000133" startTime="2020-09-01T16:43:03.1340627+01:00" endTime="2020-09-01T16:43:03.1354581+01:00" testType="13cdc9d9-ddb5-4fa4-a97d-d965ccfc6d4b" outcome="Passed" testListId="8c84fa94-04c1-424b-9868-57a2d4851a1d" relativeResultsDirectory="0ec91bec-3575-4ec9-9049-53b6cf5632a9" dataRowInfo="7" resultType="DataDrivenDataRow" />
        <UnitTestResult executionId="5e581fae-18a3-4031-affd-70c49d93dd8e" parentExecutionId="a35fc4a9-9f1a-4859-bcd5-aaa095763e19" testId="e508c554-ee47-5599-228d-b33f23cc16d0" testName="Equals_Passing_Valid_Distinct_Values_Returns_False (Españħ)" computerName="PC-SFERRARI" duration="00:00:00.0000124" startTime="2020-09-01T16:43:03.1340627+01:00" endTime="2020-09-01T16:43:03.1354581+01:00" testType="13cdc9d9-ddb5-4fa4-a97d-d965ccfc6d4b" outcome="Passed" testListId="8c84fa94-04c1-424b-9868-57a2d4851a1d" relativeResultsDirectory="5e581fae-18a3-4031-affd-70c49d93dd8e" dataRowInfo="8" resultType="DataDrivenDataRow" />
        <UnitTestResult executionId="a80a1005-8e6b-49ff-81e4-d5c740dfebfd" parentExecutionId="a35fc4a9-9f1a-4859-bcd5-aaa095763e19" testId="e508c554-ee47-5599-228d-b33f23cc16d0" testName="Equals_Passing_Valid_Distinct_Values_Returns_False (Esp añâ)" computerName="PC-SFERRARI" duration="00:00:00.0000124" startTime="2020-09-01T16:43:03.1340627+01:00" endTime="2020-09-01T16:43:03.1354581+01:00" testType="13cdc9d9-ddb5-4fa4-a97d-d965ccfc6d4b" outcome="Passed" testListId="8c84fa94-04c1-424b-9868-57a2d4851a1d" relativeResultsDirectory="a80a1005-8e6b-49ff-81e4-d5c740dfebfd" dataRowInfo="9" resultType="DataDrivenDataRow" />
      </InnerResults>
    </UnitTestResult>
    <UnitTestResult executionId="b4d8d2f6-ca66-434c-aac6-65e656f5696a" testId="07188371-eb7e-e491-e017-bf959c68f6d1" testName="Equals_Passing_Valid_Distinct_Values_Returns_False" computerName="PC-SFERRARI" duration="00:00:00.0010466" startTime="2020-09-01T16:43:03.3764243+01:00" endTime="2020-09-01T16:43:03.3776351+01:00" testType="13cdc9d9-ddb5-4fa4-a97d-d965ccfc6d4b" outcome="Passed" testListId="8c84fa94-04c1-424b-9868-57a2d4851a1d" relativeResultsDirectory="b4d8d2f6-ca66-434c-aac6-65e656f5696a" resultType="DataDrivenTest">
      <InnerResults>
        <UnitTestResult executionId="11c17f68-02a0-480c-b996-d89ee6aedae2" parentExecutionId="b4d8d2f6-ca66-434c-aac6-65e656f5696a" testId="07188371-eb7e-e491-e017-bf959c68f6d1" testName="Equals_Passing_Valid_Distinct_Values_Returns_False (San Bartoleme De Tirajana)" computerName="PC-SFERRARI" duration="00:00:00.0009719" startTime="2020-09-01T16:43:03.3764243+01:00" endTime="2020-09-01T16:43:03.3776351+01:00" testType="13cdc9d9-ddb5-4fa4-a97d-d965ccfc6d4b" outcome="Passed" testListId="8c84fa94-04c1-424b-9868-57a2d4851a1d" relativeResultsDirectory="11c17f68-02a0-480c-b996-d89ee6aedae2" dataRowInfo="1" resultType="DataDrivenDataRow" />
        <UnitTestResult executionId="3d16fbe2-316f-460e-bbeb-36956ce723fe" parentExecutionId="b4d8d2f6-ca66-434c-aac6-65e656f5696a" testId="07188371-eb7e-e491-e017-bf959c68f6d1" testName="Equals_Passing_Valid_Distinct_Values_Returns_False (Sabadell)" computerName="PC-SFERRARI" duration="00:00:00.0000094" startTime="2020-09-01T16:43:03.3764243+01:00" endTime="2020-09-01T16:43:03.3776351+01:00" testType="13cdc9d9-ddb5-4fa4-a97d-d965ccfc6d4b" outcome="Passed" testListId="8c84fa94-04c1-424b-9868-57a2d4851a1d" relativeResultsDirectory="3d16fbe2-316f-460e-bbeb-36956ce723fe" dataRowInfo="2" resultType="DataDrivenDataRow" />
      </InnerResults>
    </UnitTestResult>
    <UnitTestResult executionId="bc1b5acc-7276-4267-bc51-23567d6c67ba" testId="7f63e5ba-c44d-59a2-d525-2cb0363ac96c" testName="Create_Passing_InvalidOrNull_Value_Returns_ApplicationException" computerName="PC-SFERRARI" duration="00:00:00.0006270" startTime="2020-09-01T16:43:03.5499090+01:00" endTime="2020-09-01T16:43:03.5506673+01:00" testType="13cdc9d9-ddb5-4fa4-a97d-d965ccfc6d4b" outcome="Passed" testListId="8c84fa94-04c1-424b-9868-57a2d4851a1d" relativeResultsDirectory="bc1b5acc-7276-4267-bc51-23567d6c67ba" resultType="DataDrivenTest">
      <InnerResults>
        <UnitTestResult executionId="f6f0819c-3b6a-471d-a6ba-69279cd916af" parentExecutionId="bc1b5acc-7276-4267-bc51-23567d6c67ba" testId="7f63e5ba-c44d-59a2-d525-2cb0363ac96c" testName="Create_Passing_InvalidOrNull_Value_Returns_ApplicationException (,43543543543)" computerName="PC-SFERRARI" duration="00:00:00.0004126" startTime="2020-09-01T16:43:03.5499090+01:00" endTime="2020-09-01T16:43:03.5506673+01:00" testType="13cdc9d9-ddb5-4fa4-a97d-d965ccfc6d4b" outcome="Passed" testListId="8c84fa94-04c1-424b-9868-57a2d4851a1d" relativeResultsDirectory="f6f0819c-3b6a-471d-a6ba-69279cd916af" dataRowInfo="1" resultType="DataDrivenDataRow" />
        <UnitTestResult executionId="ea65ce9e-6079-46e5-b370-31e03d673515" parentExecutionId="bc1b5acc-7276-4267-bc51-23567d6c67ba" testId="7f63e5ba-c44d-59a2-d525-2cb0363ac96c" testName="Create_Passing_InvalidOrNull_Value_Returns_ApplicationException (,8768768768)" computerName="PC-SFERRARI" duration="00:00:00.0000528" startTime="2020-09-01T16:43:03.5499090+01:00" endTime="2020-09-01T16:43:03.5506673+01:00" testType="13cdc9d9-ddb5-4fa4-a97d-d965ccfc6d4b" outcome="Passed" testListId="8c84fa94-04c1-424b-9868-57a2d4851a1d" relativeResultsDirectory="ea65ce9e-6079-46e5-b370-31e03d673515" dataRowInfo="2" resultType="DataDrivenDataRow" />
        <UnitTestResult executionId="cf8d3832-df77-40c1-977f-6159bdfdc142" parentExecutionId="bc1b5acc-7276-4267-bc51-23567d6c67ba" testId="7f63e5ba-c44d-59a2-d525-2cb0363ac96c" testName="Create_Passing_InvalidOrNull_Value_Returns_ApplicationException (4324324,0)" computerName="PC-SFERRARI" duration="00:00:00.0000428" startTime="2020-09-01T16:43:03.5499090+01:00" endTime="2020-09-01T16:43:03.5506673+01:00" testType="13cdc9d9-ddb5-4fa4-a97d-d965ccfc6d4b" outcome="Passed" testListId="8c84fa94-04c1-424b-9868-57a2d4851a1d" relativeResultsDirectory="cf8d3832-df77-40c1-977f-6159bdfdc142" dataRowInfo="3" resultType="DataDrivenDataRow" />
      </InnerResults>
    </UnitTestResult>
    <UnitTestResult executionId="d7f4edd1-4908-4ac0-8612-222e5d86df14" testId="3e808d2f-8050-987c-6881-19992ba1e6c6" testName="OperatorEqual_Passing_Valid_Values_Returns_True" computerName="PC-SFERRARI" duration="00:00:00.0011164" startTime="2020-09-01T16:43:02.7096366+01:00" endTime="2020-09-01T16:43:02.7108407+01:00" testType="13cdc9d9-ddb5-4fa4-a97d-d965ccfc6d4b" outcome="Passed" testListId="8c84fa94-04c1-424b-9868-57a2d4851a1d" relativeResultsDirectory="d7f4edd1-4908-4ac0-8612-222e5d86df14" resultType="DataDrivenTest">
      <InnerResults>
        <UnitTestResult executionId="de29a719-e7a4-4a16-b5e1-778019ba08ee" parentExecutionId="d7f4edd1-4908-4ac0-8612-222e5d86df14" testId="3e808d2f-8050-987c-6881-19992ba1e6c6" testName="OperatorEqual_Passing_Valid_Values_Returns_True (EUR)" computerName="PC-SFERRARI" duration="00:00:00.0005958" startTime="2020-09-01T16:43:02.7096366+01:00" endTime="2020-09-01T16:43:02.7108407+01:00" testType="13cdc9d9-ddb5-4fa4-a97d-d965ccfc6d4b" outcome="Passed" testListId="8c84fa94-04c1-424b-9868-57a2d4851a1d" relativeResultsDirectory="de29a719-e7a4-4a16-b5e1-778019ba08ee" dataRowInfo="1" resultType="DataDrivenDataRow" />
        <UnitTestResult executionId="00835fa5-2a32-460f-9f2a-f26544335998" parentExecutionId="d7f4edd1-4908-4ac0-8612-222e5d86df14" testId="3e808d2f-8050-987c-6881-19992ba1e6c6" testName="OperatorEqual_Passing_Valid_Values_Returns_True (USD)" computerName="PC-SFERRARI" duration="00:00:00.0004594" startTime="2020-09-01T16:43:02.7096366+01:00" endTime="2020-09-01T16:43:02.7108407+01:00" testType="13cdc9d9-ddb5-4fa4-a97d-d965ccfc6d4b" outcome="Passed" testListId="8c84fa94-04c1-424b-9868-57a2d4851a1d" relativeResultsDirectory="00835fa5-2a32-460f-9f2a-f26544335998" dataRowInfo="2" resultType="DataDrivenDataRow" />
      </InnerResults>
    </UnitTestResult>
    <UnitTestResult executionId="ed5f435c-0402-4f7e-8ff2-40f73392be12" testId="fc18fde3-4319-cd9b-8e17-5d2514db3cb2" testName="OperatorEqual_Passing_Valid_Distinct_Values_Returns_False" computerName="PC-SFERRARI" duration="00:00:00.0006491" startTime="2020-09-01T16:43:02.7088637+01:00" endTime="2020-09-01T16:43:02.7096039+01:00" testType="13cdc9d9-ddb5-4fa4-a97d-d965ccfc6d4b" outcome="Passed" testListId="8c84fa94-04c1-424b-9868-57a2d4851a1d" relativeResultsDirectory="ed5f435c-0402-4f7e-8ff2-40f73392be12" resultType="DataDrivenTest">
      <InnerResults>
        <UnitTestResult executionId="e7a124ef-f3ec-46ac-b792-840cc3fd7818" parentExecutionId="ed5f435c-0402-4f7e-8ff2-40f73392be12" testId="fc18fde3-4319-cd9b-8e17-5d2514db3cb2" testName="OperatorEqual_Passing_Valid_Distinct_Values_Returns_False (EUR)" computerName="PC-SFERRARI" duration="00:00:00.0006095" startTime="2020-09-01T16:43:02.7088637+01:00" endTime="2020-09-01T16:43:02.7096039+01:00" testType="13cdc9d9-ddb5-4fa4-a97d-d965ccfc6d4b" outcome="Passed" testListId="8c84fa94-04c1-424b-9868-57a2d4851a1d" relativeResultsDirectory="e7a124ef-f3ec-46ac-b792-840cc3fd7818" dataRowInfo="1" resultType="DataDrivenDataRow" />
      </InnerResults>
    </UnitTestResult>
    <UnitTestResult executionId="01188ba5-e4e4-43c5-92b3-e7d30f4af70e" testId="9277a601-5bb0-2bc1-982a-ed71c2b000fa" testName="Create_Passing_InvalidOrNull_Value_Returns_ApplicationException" computerName="PC-SFERRARI" duration="00:00:00.0006532" startTime="2020-09-01T16:43:03.3430547+01:00" endTime="2020-09-01T16:43:03.3580951+01:00" testType="13cdc9d9-ddb5-4fa4-a97d-d965ccfc6d4b" outcome="Passed" testListId="8c84fa94-04c1-424b-9868-57a2d4851a1d" relativeResultsDirectory="01188ba5-e4e4-43c5-92b3-e7d30f4af70e" resultType="DataDrivenTest">
      <InnerResults>
        <UnitTestResult executionId="afd7f40f-ac97-4851-ae04-94e03dc089c9" parentExecutionId="01188ba5-e4e4-43c5-92b3-e7d30f4af70e" testId="9277a601-5bb0-2bc1-982a-ed71c2b000fa" testName="Create_Passing_InvalidOrNull_Value_Returns_ApplicationException ()" computerName="PC-SFERRARI" duration="00:00:00.0004910" startTime="2020-09-01T16:43:03.3430547+01:00" endTime="2020-09-01T16:43:03.3580951+01:00" testType="13cdc9d9-ddb5-4fa4-a97d-d965ccfc6d4b" outcome="Passed" testListId="8c84fa94-04c1-424b-9868-57a2d4851a1d" relativeResultsDirectory="afd7f40f-ac97-4851-ae04-94e03dc089c9" dataRowInfo="1" resultType="DataDrivenDataRow" />
        <UnitTestResult executionId="61a11957-14c0-43f7-b4da-c70b5581e0f5" parentExecutionId="01188ba5-e4e4-43c5-92b3-e7d30f4af70e" testId="9277a601-5bb0-2bc1-982a-ed71c2b000fa" testName="Create_Passing_InvalidOrNull_Value_Returns_ApplicationException ()" computerName="PC-SFERRARI" duration="00:00:00.0000451" startTime="2020-09-01T16:43:03.3430547+01:00" endTime="2020-09-01T16:43:03.3580951+01:00" testType="13cdc9d9-ddb5-4fa4-a97d-d965ccfc6d4b" outcome="Passed" testListId="8c84fa94-04c1-424b-9868-57a2d4851a1d" relativeResultsDirectory="61a11957-14c0-43f7-b4da-c70b5581e0f5" dataRowInfo="2" resultType="DataDrivenDataRow" />
      </InnerResults>
    </UnitTestResult>
    <UnitTestResult executionId="a5cf9a30-4906-4912-9068-ccc1f0bc0757" testId="582ef803-3445-a1eb-d630-9b4dabc719d5" testName="ToEnum_Passing_Invalid_Int_Name_Enumeracion_Returns_Null" computerName="PC-SFERRARI" duration="00:00:00.0002427" startTime="2020-09-01T16:43:02.3706630+01:00" endTime="2020-09-01T16:43:02.3709800+01:00" testType="13cdc9d9-ddb5-4fa4-a97d-d965ccfc6d4b" outcome="Passed" testListId="8c84fa94-04c1-424b-9868-57a2d4851a1d" relativeResultsDirectory="a5cf9a30-4906-4912-9068-ccc1f0bc0757" />
    <UnitTestResult executionId="3a44b0bf-7854-4e1e-9345-6885c6949b39" testId="60ea3337-b81d-e310-278f-6cd040199409" testName="ToEnum_Passing_Invalid_String_Name_Enumeracion_Returns_Null" computerName="PC-SFERRARI" duration="00:00:00.0001763" startTime="2020-09-01T16:43:02.3710021+01:00" endTime="2020-09-01T16:43:02.3712525+01:00" testType="13cdc9d9-ddb5-4fa4-a97d-d965ccfc6d4b" outcome="Passed" testListId="8c84fa94-04c1-424b-9868-57a2d4851a1d" relativeResultsDirectory="3a44b0bf-7854-4e1e-9345-6885c6949b39" />
    <UnitTestResult executionId="63f9bf59-6c48-4cd4-9f70-a5fef93367e0" testId="13791109-f26f-328b-af66-40d4b88b25f7" testName="Create_Default_Passing_Valid_Values_Returns_StringId" computerName="PC-SFERRARI" duration="00:00:00.0009353" startTime="2020-09-01T16:43:03.3417593+01:00" endTime="2020-09-01T16:43:03.3430258+01:00" testType="13cdc9d9-ddb5-4fa4-a97d-d965ccfc6d4b" outcome="Passed" testListId="8c84fa94-04c1-424b-9868-57a2d4851a1d" relativeResultsDirectory="63f9bf59-6c48-4cd4-9f70-a5fef93367e0" />
    <UnitTestResult executionId="5ed4bfc2-9330-4e63-8d07-837ba3adee13" testId="3825a6bf-15ba-3ddd-7270-3610d4ba1398" testName="ToEnum_Passing_Invalid_Int_Name_Enumeracion_Returns_Null" computerName="PC-SFERRARI" duration="00:00:00.0002756" startTime="2020-09-01T16:43:02.4453312+01:00" endTime="2020-09-01T16:43:02.4456995+01:00" testType="13cdc9d9-ddb5-4fa4-a97d-d965ccfc6d4b" outcome="Passed" testListId="8c84fa94-04c1-424b-9868-57a2d4851a1d" relativeResultsDirectory="5ed4bfc2-9330-4e63-8d07-837ba3adee13" />
    <UnitTestResult executionId="74898741-199d-4f15-bd0d-a25558078f72" testId="bb27667d-2509-633e-e3c4-28c478f5b41c" testName="Equals_Passing_Valid_Values_Returns_True" computerName="PC-SFERRARI" duration="00:00:00.0019036" startTime="2020-09-01T16:43:03.0156480+01:00" endTime="2020-09-01T16:43:03.0176906+01:00" testType="13cdc9d9-ddb5-4fa4-a97d-d965ccfc6d4b" outcome="Passed" testListId="8c84fa94-04c1-424b-9868-57a2d4851a1d" relativeResultsDirectory="74898741-199d-4f15-bd0d-a25558078f72" resultType="DataDrivenTest">
      <InnerResults>
        <UnitTestResult executionId="3c9a64c2-9adf-4105-a394-2172daceef44" parentExecutionId="74898741-199d-4f15-bd0d-a25558078f72" testId="bb27667d-2509-633e-e3c4-28c478f5b41c" testName="Equals_Passing_Valid_Values_Returns_True (100,EUR,2)" computerName="PC-SFERRARI" duration="00:00:00.0007211" startTime="2020-09-01T16:43:03.0156480+01:00" endTime="2020-09-01T16:43:03.0176906+01:00" testType="13cdc9d9-ddb5-4fa4-a97d-d965ccfc6d4b" outcome="Passed" testListId="8c84fa94-04c1-424b-9868-57a2d4851a1d" relativeResultsDirectory="3c9a64c2-9adf-4105-a394-2172daceef44" dataRowInfo="1" resultType="DataDrivenDataRow" />
        <UnitTestResult executionId="ba579f02-884e-4f9d-a71a-eb7375ff3e96" parentExecutionId="74898741-199d-4f15-bd0d-a25558078f72" testId="bb27667d-2509-633e-e3c4-28c478f5b41c" testName="Equals_Passing_Valid_Values_Returns_True (200,EUR,4)" computerName="PC-SFERRARI" duration="00:00:00.0005759" startTime="2020-09-01T16:43:03.0156480+01:00" endTime="2020-09-01T16:43:03.0176906+01:00" testType="13cdc9d9-ddb5-4fa4-a97d-d965ccfc6d4b" outcome="Passed" testListId="8c84fa94-04c1-424b-9868-57a2d4851a1d" relativeResultsDirectory="ba579f02-884e-4f9d-a71a-eb7375ff3e96" dataRowInfo="2" resultType="DataDrivenDataRow" />
        <UnitTestResult executionId="97007c26-82d2-424b-a304-5b9ccbc06702" parentExecutionId="74898741-199d-4f15-bd0d-a25558078f72" testId="bb27667d-2509-633e-e3c4-28c478f5b41c" testName="Equals_Passing_Valid_Values_Returns_True (400,USD,8)" computerName="PC-SFERRARI" duration="00:00:00.0004982" startTime="2020-09-01T16:43:03.0156480+01:00" endTime="2020-09-01T16:43:03.0176906+01:00" testType="13cdc9d9-ddb5-4fa4-a97d-d965ccfc6d4b" outcome="Passed" testListId="8c84fa94-04c1-424b-9868-57a2d4851a1d" relativeResultsDirectory="97007c26-82d2-424b-a304-5b9ccbc06702" dataRowInfo="3" resultType="DataDrivenDataRow" />
      </InnerResults>
    </UnitTestResult>
    <UnitTestResult executionId="6bade0ee-be1a-4661-baa2-3da04ab5be75" testId="7d55952c-7491-2bc1-f80b-6bd31d5146d2" testName="Change_Passing_Valid_Values_Returns_Email" computerName="PC-SFERRARI" duration="00:00:00.0076355" startTime="2020-09-01T16:43:02.7430439+01:00" endTime="2020-09-01T16:43:02.7509225+01:00" testType="13cdc9d9-ddb5-4fa4-a97d-d965ccfc6d4b" outcome="Passed" testListId="8c84fa94-04c1-424b-9868-57a2d4851a1d" relativeResultsDirectory="6bade0ee-be1a-4661-baa2-3da04ab5be75" resultType="DataDrivenTest">
      <InnerResults>
        <UnitTestResult executionId="fbc2a91e-aba5-4bd2-a2b2-7dd43ae799f2" parentExecutionId="6bade0ee-be1a-4661-baa2-3da04ab5be75" testId="7d55952c-7491-2bc1-f80b-6bd31d5146d2" testName="Change_Passing_Valid_Values_Returns_Email (aaa@aaa.aaa,hhh@hhh.hhh)" computerName="PC-SFERRARI" duration="00:00:00.0075162" startTime="2020-09-01T16:43:02.7430439+01:00" endTime="2020-09-01T16:43:02.7509225+01:00" testType="13cdc9d9-ddb5-4fa4-a97d-d965ccfc6d4b" outcome="Passed" testListId="8c84fa94-04c1-424b-9868-57a2d4851a1d" relativeResultsDirectory="fbc2a91e-aba5-4bd2-a2b2-7dd43ae799f2" dataRowInfo="1" resultType="DataDrivenDataRow" />
        <UnitTestResult executionId="6cd46a81-f06a-46a1-a737-d0e1b3691747" parentExecutionId="6bade0ee-be1a-4661-baa2-3da04ab5be75" testId="7d55952c-7491-2bc1-f80b-6bd31d5146d2" testName="Change_Passing_Valid_Values_Returns_Email (bbbs@bbb.bbb,ppp@ppp.ppp)" computerName="PC-SFERRARI" duration="00:00:00.0000372" startTime="2020-09-01T16:43:02.7430439+01:00" endTime="2020-09-01T16:43:02.7509225+01:00" testType="13cdc9d9-ddb5-4fa4-a97d-d965ccfc6d4b" outcome="Passed" testListId="8c84fa94-04c1-424b-9868-57a2d4851a1d" relativeResultsDirectory="6cd46a81-f06a-46a1-a737-d0e1b3691747" dataRowInfo="2" resultType="DataDrivenDataRow" />
      </InnerResults>
    </UnitTestResult>
    <UnitTestResult executionId="cc586909-79f4-455f-bb18-ed696f25f214" testId="5b029505-cc20-a753-3d33-0e0e266c8841" testName="ToEnum_Passing_Valid_Bool_Value_Returns_Enumeracion" computerName="PC-SFERRARI" duration="00:00:00.0002247" startTime="2020-09-01T16:43:02.4210670+01:00" endTime="2020-09-01T16:43:02.4213649+01:00" testType="13cdc9d9-ddb5-4fa4-a97d-d965ccfc6d4b" outcome="Passed" testListId="8c84fa94-04c1-424b-9868-57a2d4851a1d" relativeResultsDirectory="cc586909-79f4-455f-bb18-ed696f25f214" />
    <UnitTestResult executionId="831a01bc-30cb-4172-a564-ba0c634e0863" testId="b2d1a9e8-2c10-e79d-2a5b-3b612a1cc6ec" testName="ToFullString_Passing_Valid_Values_Returns_Value_String_Format" computerName="PC-SFERRARI" duration="00:00:00.0005301" startTime="2020-09-01T16:43:02.9601866+01:00" endTime="2020-09-01T16:43:02.9608069+01:00" testType="13cdc9d9-ddb5-4fa4-a97d-d965ccfc6d4b" outcome="Passed" testListId="8c84fa94-04c1-424b-9868-57a2d4851a1d" relativeResultsDirectory="831a01bc-30cb-4172-a564-ba0c634e0863" resultType="DataDrivenTest">
      <InnerResults>
        <UnitTestResult executionId="d84ff112-380d-4283-875e-9cb2736c9958" parentExecutionId="831a01bc-30cb-4172-a564-ba0c634e0863" testId="b2d1a9e8-2c10-e79d-2a5b-3b612a1cc6ec" testName="ToFullString_Passing_Valid_Values_Returns_Value_String_Format (San Bartoleme De Tirajana,Las Palmas,España)" computerName="PC-SFERRARI" duration="00:00:00.0004409" startTime="2020-09-01T16:43:02.9601866+01:00" endTime="2020-09-01T16:43:02.9608069+01:00" testType="13cdc9d9-ddb5-4fa4-a97d-d965ccfc6d4b" outcome="Passed" testListId="8c84fa94-04c1-424b-9868-57a2d4851a1d" relativeResultsDirectory="d84ff112-380d-4283-875e-9cb2736c9958" dataRowInfo="1" resultType="DataDrivenDataRow" />
        <UnitTestResult executionId="1a5916da-a5d6-4b12-a8e6-74086f43310c" parentExecutionId="831a01bc-30cb-4172-a564-ba0c634e0863" testId="b2d1a9e8-2c10-e79d-2a5b-3b612a1cc6ec" testName="ToFullString_Passing_Valid_Values_Returns_Value_String_Format (Sabadell,Barcelona,España)" computerName="PC-SFERRARI" duration="00:00:00.0000344" startTime="2020-09-01T16:43:02.9601866+01:00" endTime="2020-09-01T16:43:02.9608069+01:00" testType="13cdc9d9-ddb5-4fa4-a97d-d965ccfc6d4b" outcome="Passed" testListId="8c84fa94-04c1-424b-9868-57a2d4851a1d" relativeResultsDirectory="1a5916da-a5d6-4b12-a8e6-74086f43310c" dataRowInfo="2" resultType="DataDrivenDataRow" />
      </InnerResults>
    </UnitTestResult>
    <UnitTestResult executionId="2c619a45-2050-407d-90da-f338a133a813" testId="4ffb1e76-cb8e-8152-5127-75a5ccf2e82d" testName="GetAll_Passing_Nothing_Returns_Enumeracion_List" computerName="PC-SFERRARI" duration="00:00:00.0140431" startTime="2020-09-01T16:43:02.1694194+01:00" endTime="2020-09-01T16:43:02.2471788+01:00" testType="13cdc9d9-ddb5-4fa4-a97d-d965ccfc6d4b" outcome="Passed" testListId="8c84fa94-04c1-424b-9868-57a2d4851a1d" relativeResultsDirectory="2c619a45-2050-407d-90da-f338a133a813" />
    <UnitTestResult executionId="2da5e435-7c46-483b-94cc-db8a7fc2aea9" testId="74b3f1dc-94ca-8be2-33b4-759efaa9b8e8" testName="IsNull_Passing_Valid_Value_Returns_False" computerName="PC-SFERRARI" duration="00:00:00.0001946" startTime="2020-09-01T16:43:03.3784336+01:00" endTime="2020-09-01T16:43:03.3786995+01:00" testType="13cdc9d9-ddb5-4fa4-a97d-d965ccfc6d4b" outcome="Passed" testListId="8c84fa94-04c1-424b-9868-57a2d4851a1d" relativeResultsDirectory="2da5e435-7c46-483b-94cc-db8a7fc2aea9" resultType="DataDrivenTest">
      <InnerResults>
        <UnitTestResult executionId="eb3c54d1-065c-4d19-8928-ce80a2f91cb4" parentExecutionId="2da5e435-7c46-483b-94cc-db8a7fc2aea9" testId="74b3f1dc-94ca-8be2-33b4-759efaa9b8e8" testName="IsNull_Passing_Valid_Value_Returns_False (Tenerife)" computerName="PC-SFERRARI" duration="00:00:00.0001436" startTime="2020-09-01T16:43:03.3784336+01:00" endTime="2020-09-01T16:43:03.3786995+01:00" testType="13cdc9d9-ddb5-4fa4-a97d-d965ccfc6d4b" outcome="Passed" testListId="8c84fa94-04c1-424b-9868-57a2d4851a1d" relativeResultsDirectory="eb3c54d1-065c-4d19-8928-ce80a2f91cb4" dataRowInfo="1" resultType="DataDrivenDataRow" />
        <UnitTestResult executionId="cd606b21-61f3-48da-b6d2-ff6bb78aed81" parentExecutionId="2da5e435-7c46-483b-94cc-db8a7fc2aea9" testId="74b3f1dc-94ca-8be2-33b4-759efaa9b8e8" testName="IsNull_Passing_Valid_Value_Returns_False (Espania)" computerName="PC-SFERRARI" duration="00:00:00.0000052" startTime="2020-09-01T16:43:03.3784336+01:00" endTime="2020-09-01T16:43:03.3786995+01:00" testType="13cdc9d9-ddb5-4fa4-a97d-d965ccfc6d4b" outcome="Passed" testListId="8c84fa94-04c1-424b-9868-57a2d4851a1d" relativeResultsDirectory="cd606b21-61f3-48da-b6d2-ff6bb78aed81" dataRowInfo="2" resultType="DataDrivenDataRow" />
      </InnerResults>
    </UnitTestResult>
    <UnitTestResult executionId="7ff249c2-1180-4b3d-b8bc-452645d44f01" testId="d4dac023-52df-82e8-5be4-d4d0b7642e67" testName="Equals_Passing_Valid_Values_Returns_True" computerName="PC-SFERRARI" duration="00:00:00.0004100" startTime="2020-09-01T16:43:02.5672125+01:00" endTime="2020-09-01T16:43:02.5677090+01:00" testType="13cdc9d9-ddb5-4fa4-a97d-d965ccfc6d4b" outcome="Passed" testListId="8c84fa94-04c1-424b-9868-57a2d4851a1d" relativeResultsDirectory="7ff249c2-1180-4b3d-b8bc-452645d44f01" resultType="DataDrivenTest">
      <InnerResults>
        <UnitTestResult executionId="25bd2a44-259b-4c01-8742-185f180ea282" parentExecutionId="7ff249c2-1180-4b3d-b8bc-452645d44f01" testId="d4dac023-52df-82e8-5be4-d4d0b7642e67" testName="Equals_Passing_Valid_Values_Returns_True (Tenerife,23,34567,San Bartoleme De Tirajana,Las Palmas,España)" computerName="PC-SFERRARI" duration="00:00:00.0003329" startTime="2020-09-01T16:43:02.5672125+01:00" endTime="2020-09-01T16:43:02.5677090+01:00" testType="13cdc9d9-ddb5-4fa4-a97d-d965ccfc6d4b" outcome="Passed" testListId="8c84fa94-04c1-424b-9868-57a2d4851a1d" relativeResultsDirectory="25bd2a44-259b-4c01-8742-185f180ea282" dataRowInfo="1" resultType="DataDrivenDataRow" />
        <UnitTestResult executionId="9800290d-b21f-4f7b-bade-cf8db7b3abc4" parentExecutionId="7ff249c2-1180-4b3d-b8bc-452645d44f01" testId="d4dac023-52df-82e8-5be4-d4d0b7642e67" testName="Equals_Passing_Valid_Values_Returns_True (Pader,789,DF7956,Sabadell,Barcelona,España)" computerName="PC-SFERRARI" duration="00:00:00.0000176" startTime="2020-09-01T16:43:02.5672125+01:00" endTime="2020-09-01T16:43:02.5677090+01:00" testType="13cdc9d9-ddb5-4fa4-a97d-d965ccfc6d4b" outcome="Passed" testListId="8c84fa94-04c1-424b-9868-57a2d4851a1d" relativeResultsDirectory="9800290d-b21f-4f7b-bade-cf8db7b3abc4" dataRowInfo="2" resultType="DataDrivenDataRow" />
      </InnerResults>
    </UnitTestResult>
    <UnitTestResult executionId="51d79614-ca46-4a16-8d40-3f33454dac10" testId="4845f67a-9f1a-743f-fdc8-caf62d8a1f4e" testName="Equals_Passing_Valid_Values_Returns_True" computerName="PC-SFERRARI" duration="00:00:00.0007606" startTime="2020-09-01T16:43:03.4630283+01:00" endTime="2020-09-01T16:43:03.4639526+01:00" testType="13cdc9d9-ddb5-4fa4-a97d-d965ccfc6d4b" outcome="Passed" testListId="8c84fa94-04c1-424b-9868-57a2d4851a1d" relativeResultsDirectory="51d79614-ca46-4a16-8d40-3f33454dac10" resultType="DataDrivenTest">
      <InnerResults>
        <UnitTestResult executionId="3b9e139f-84fe-4f16-a9aa-e047c422cf06" parentExecutionId="51d79614-ca46-4a16-8d40-3f33454dac10" testId="4845f67a-9f1a-743f-fdc8-caf62d8a1f4e" testName="Equals_Passing_Valid_Values_Returns_True (app.hackerone1.com)" computerName="PC-SFERRARI" duration="00:00:00.0006505" startTime="2020-09-01T16:43:03.4630283+01:00" endTime="2020-09-01T16:43:03.4639526+01:00" testType="13cdc9d9-ddb5-4fa4-a97d-d965ccfc6d4b" outcome="Passed" testListId="8c84fa94-04c1-424b-9868-57a2d4851a1d" relativeResultsDirectory="3b9e139f-84fe-4f16-a9aa-e047c422cf06" dataRowInfo="1" resultType="DataDrivenDataRow" />
        <UnitTestResult executionId="23657c81-4ea2-40e4-aecb-c0921af7c00d" parentExecutionId="51d79614-ca46-4a16-8d40-3f33454dac10" testId="4845f67a-9f1a-743f-fdc8-caf62d8a1f4e" testName="Equals_Passing_Valid_Values_Returns_True (www.hackerone-com)" computerName="PC-SFERRARI" duration="00:00:00.0000182" startTime="2020-09-01T16:43:03.4630283+01:00" endTime="2020-09-01T16:43:03.4639526+01:00" testType="13cdc9d9-ddb5-4fa4-a97d-d965ccfc6d4b" outcome="Passed" testListId="8c84fa94-04c1-424b-9868-57a2d4851a1d" relativeResultsDirectory="23657c81-4ea2-40e4-aecb-c0921af7c00d" dataRowInfo="2" resultType="DataDrivenDataRow" />
        <UnitTestResult executionId="6d510074-a58c-486f-95e7-89aed8cd1dc3" parentExecutionId="51d79614-ca46-4a16-8d40-3f33454dac10" testId="4845f67a-9f1a-743f-fdc8-caf62d8a1f4e" testName="Equals_Passing_Valid_Values_Returns_True (stage_hackerone.com)" computerName="PC-SFERRARI" duration="00:00:00.0000150" startTime="2020-09-01T16:43:03.4630283+01:00" endTime="2020-09-01T16:43:03.4639526+01:00" testType="13cdc9d9-ddb5-4fa4-a97d-d965ccfc6d4b" outcome="Passed" testListId="8c84fa94-04c1-424b-9868-57a2d4851a1d" relativeResultsDirectory="6d510074-a58c-486f-95e7-89aed8cd1dc3" dataRowInfo="3" resultType="DataDrivenDataRow" />
      </InnerResults>
    </UnitTestResult>
    <UnitTestResult executionId="35ae80b2-03e6-4c9b-9b43-d3cabcf96c69" testId="b90b8524-89a6-7598-57e6-f81fc0f2da6d" testName="Create_Passing_Valid_Values_Returns_StringId" computerName="PC-SFERRARI" duration="00:00:00.0001894" startTime="2020-09-01T16:43:03.3581427+01:00" endTime="2020-09-01T16:43:03.3584365+01:00" testType="13cdc9d9-ddb5-4fa4-a97d-d965ccfc6d4b" outcome="Passed" testListId="8c84fa94-04c1-424b-9868-57a2d4851a1d" relativeResultsDirectory="35ae80b2-03e6-4c9b-9b43-d3cabcf96c69" resultType="DataDrivenTest">
      <InnerResults>
        <UnitTestResult executionId="475363c2-920c-4745-bc2b-6dfda7e78fbc" parentExecutionId="35ae80b2-03e6-4c9b-9b43-d3cabcf96c69" testId="b90b8524-89a6-7598-57e6-f81fc0f2da6d" testName="Create_Passing_Valid_Values_Returns_StringId (Tenerife)" computerName="PC-SFERRARI" duration="00:00:00.0001363" startTime="2020-09-01T16:43:03.3581427+01:00" endTime="2020-09-01T16:43:03.3584365+01:00" testType="13cdc9d9-ddb5-4fa4-a97d-d965ccfc6d4b" outcome="Passed" testListId="8c84fa94-04c1-424b-9868-57a2d4851a1d" relativeResultsDirectory="475363c2-920c-4745-bc2b-6dfda7e78fbc" dataRowInfo="1" resultType="DataDrivenDataRow" />
        <UnitTestResult executionId="c1d66e61-13dd-4c70-a2f2-7cce98f230f6" parentExecutionId="35ae80b2-03e6-4c9b-9b43-d3cabcf96c69" testId="b90b8524-89a6-7598-57e6-f81fc0f2da6d" testName="Create_Passing_Valid_Values_Returns_StringId (Espania)" computerName="PC-SFERRARI" duration="00:00:00.0000058" startTime="2020-09-01T16:43:03.3581427+01:00" endTime="2020-09-01T16:43:03.3584365+01:00" testType="13cdc9d9-ddb5-4fa4-a97d-d965ccfc6d4b" outcome="Passed" testListId="8c84fa94-04c1-424b-9868-57a2d4851a1d" relativeResultsDirectory="c1d66e61-13dd-4c70-a2f2-7cce98f230f6" dataRowInfo="2" resultType="DataDrivenDataRow" />
      </InnerResults>
    </UnitTestResult>
    <UnitTestResult executionId="81aae6f4-254c-4a23-b2e7-0149f2711441" testId="81019d0f-1a28-bd30-e939-1d942eb12cd9" testName="IsNull_Passing_Null_Value_Returns_True" computerName="PC-SFERRARI" duration="00:00:00.0004395" startTime="2020-09-01T16:43:03.5731424+01:00" endTime="2020-09-01T16:43:03.5736664+01:00" testType="13cdc9d9-ddb5-4fa4-a97d-d965ccfc6d4b" outcome="Passed" testListId="8c84fa94-04c1-424b-9868-57a2d4851a1d" relativeResultsDirectory="81aae6f4-254c-4a23-b2e7-0149f2711441" />
    <UnitTestResult executionId="11fdeb97-4bbe-4833-9450-f29ae2d01a1d" testId="37226e78-15f9-d454-011f-5b93613f63ef" testName="IsSilver_Passing_Nothing_Returns_True" computerName="PC-SFERRARI" duration="00:00:00.0003474" startTime="2020-09-01T16:43:02.4447678+01:00" endTime="2020-09-01T16:43:02.4452951+01:00" testType="13cdc9d9-ddb5-4fa4-a97d-d965ccfc6d4b" outcome="Passed" testListId="8c84fa94-04c1-424b-9868-57a2d4851a1d" relativeResultsDirectory="11fdeb97-4bbe-4833-9450-f29ae2d01a1d" />
    <UnitTestResult executionId="639cae45-8fbe-4ef9-8c70-86b05aec61c1" testId="77e3ceec-23c8-f048-63a2-95c394ee2a67" testName="OperatorNotEqual_Passing_Valid_Values_Returns_False" computerName="PC-SFERRARI" duration="00:00:00.0003575" startTime="2020-09-01T16:43:02.8535513+01:00" endTime="2020-09-01T16:43:02.8540725+01:00" testType="13cdc9d9-ddb5-4fa4-a97d-d965ccfc6d4b" outcome="Passed" testListId="8c84fa94-04c1-424b-9868-57a2d4851a1d" relativeResultsDirectory="639cae45-8fbe-4ef9-8c70-86b05aec61c1" resultType="DataDrivenTest">
      <InnerResults>
        <UnitTestResult executionId="e6305619-e284-4863-ae3a-3b4d232a9e63" parentExecutionId="639cae45-8fbe-4ef9-8c70-86b05aec61c1" testId="77e3ceec-23c8-f048-63a2-95c394ee2a67" testName="OperatorNotEqual_Passing_Valid_Values_Returns_False (dasdasd@dsasd.ff)" computerName="PC-SFERRARI" duration="00:00:00.0002652" startTime="2020-09-01T16:43:02.8535513+01:00" endTime="2020-09-01T16:43:02.8540725+01:00" testType="13cdc9d9-ddb5-4fa4-a97d-d965ccfc6d4b" outcome="Passed" testListId="8c84fa94-04c1-424b-9868-57a2d4851a1d" relativeResultsDirectory="e6305619-e284-4863-ae3a-3b4d232a9e63" dataRowInfo="1" resultType="DataDrivenDataRow" />
        <UnitTestResult executionId="ce0ea030-fc96-4ef6-a017-40c7f9761a94" parentExecutionId="639cae45-8fbe-4ef9-8c70-86b05aec61c1" testId="77e3ceec-23c8-f048-63a2-95c394ee2a67" testName="OperatorNotEqual_Passing_Valid_Values_Returns_False (34fsds@sdd.fgg)" computerName="PC-SFERRARI" duration="00:00:00.0000284" startTime="2020-09-01T16:43:02.8535513+01:00" endTime="2020-09-01T16:43:02.8540725+01:00" testType="13cdc9d9-ddb5-4fa4-a97d-d965ccfc6d4b" outcome="Passed" testListId="8c84fa94-04c1-424b-9868-57a2d4851a1d" relativeResultsDirectory="ce0ea030-fc96-4ef6-a017-40c7f9761a94" dataRowInfo="2" resultType="DataDrivenDataRow" />
      </InnerResults>
    </UnitTestResult>
    <UnitTestResult executionId="effc8522-f60c-4115-ab2d-d4452fe078d7" testId="4bd13a4c-7389-3430-0358-3a2daf94401d" testName="OperatorNotEqual_Passing_Valid_Values_Returns_False" computerName="PC-SFERRARI" duration="00:00:00.0011210" startTime="2020-09-01T16:43:02.7108694+01:00" endTime="2020-09-01T16:43:02.7120784+01:00" testType="13cdc9d9-ddb5-4fa4-a97d-d965ccfc6d4b" outcome="Passed" testListId="8c84fa94-04c1-424b-9868-57a2d4851a1d" relativeResultsDirectory="effc8522-f60c-4115-ab2d-d4452fe078d7" resultType="DataDrivenTest">
      <InnerResults>
        <UnitTestResult executionId="5bfbd272-5ad8-4cae-bd6c-e07678e03ed0" parentExecutionId="effc8522-f60c-4115-ab2d-d4452fe078d7" testId="4bd13a4c-7389-3430-0358-3a2daf94401d" testName="OperatorNotEqual_Passing_Valid_Values_Returns_False (EUR)" computerName="PC-SFERRARI" duration="00:00:00.0006034" startTime="2020-09-01T16:43:02.7108694+01:00" endTime="2020-09-01T16:43:02.7120784+01:00" testType="13cdc9d9-ddb5-4fa4-a97d-d965ccfc6d4b" outcome="Passed" testListId="8c84fa94-04c1-424b-9868-57a2d4851a1d" relativeResultsDirectory="5bfbd272-5ad8-4cae-bd6c-e07678e03ed0" dataRowInfo="1" resultType="DataDrivenDataRow" />
        <UnitTestResult executionId="fa0a7b77-82c5-4c01-94ac-f43571e287e8" parentExecutionId="effc8522-f60c-4115-ab2d-d4452fe078d7" testId="4bd13a4c-7389-3430-0358-3a2daf94401d" testName="OperatorNotEqual_Passing_Valid_Values_Returns_False (USD)" computerName="PC-SFERRARI" duration="00:00:00.0004552" startTime="2020-09-01T16:43:02.7108694+01:00" endTime="2020-09-01T16:43:02.7120784+01:00" testType="13cdc9d9-ddb5-4fa4-a97d-d965ccfc6d4b" outcome="Passed" testListId="8c84fa94-04c1-424b-9868-57a2d4851a1d" relativeResultsDirectory="fa0a7b77-82c5-4c01-94ac-f43571e287e8" dataRowInfo="2" resultType="DataDrivenDataRow" />
      </InnerResults>
    </UnitTestResult>
    <UnitTestResult executionId="0430b038-8eb1-4704-aa8f-c336ac14618b" testId="193201d0-a425-c313-33b9-f8d20ace7f79" testName="ToEnum_Passing_Null_Bool_Value_Returns_Inactive_Status" computerName="PC-SFERRARI" duration="00:00:00.0001409" startTime="2020-09-01T16:43:02.4208322+01:00" endTime="2020-09-01T16:43:02.4210465+01:00" testType="13cdc9d9-ddb5-4fa4-a97d-d965ccfc6d4b" outcome="Passed" testListId="8c84fa94-04c1-424b-9868-57a2d4851a1d" relativeResultsDirectory="0430b038-8eb1-4704-aa8f-c336ac14618b" />
    <UnitTestResult executionId="5205360e-3980-426d-be2f-3ab5ae014085" testId="5b9ad273-899e-043f-1d95-78fcc6790837" testName="ToBool_Passing_Valid_Status_Inactive_Returns_False" computerName="PC-SFERRARI" duration="00:00:00.0003718" startTime="2020-09-01T16:43:02.3982845+01:00" endTime="2020-09-01T16:43:02.3987317+01:00" testType="13cdc9d9-ddb5-4fa4-a97d-d965ccfc6d4b" outcome="Passed" testListId="8c84fa94-04c1-424b-9868-57a2d4851a1d" relativeResultsDirectory="5205360e-3980-426d-be2f-3ab5ae014085" />
    <UnitTestResult executionId="25b9e273-0a27-4dd6-92e8-9a9006f248c8" testId="ed57a0e1-ab6e-1fee-9896-d0ba117a6da1" testName="Change_Passing_Valid_Values_Returns_Telephone" computerName="PC-SFERRARI" duration="00:00:00.0032333" startTime="2020-09-01T16:43:03.5462602+01:00" endTime="2020-09-01T16:43:03.5498630+01:00" testType="13cdc9d9-ddb5-4fa4-a97d-d965ccfc6d4b" outcome="Passed" testListId="8c84fa94-04c1-424b-9868-57a2d4851a1d" relativeResultsDirectory="25b9e273-0a27-4dd6-92e8-9a9006f248c8" />
    <UnitTestResult executionId="1c8295d9-87d3-4420-bd3d-e6164d33c529" testId="ce8720c2-9005-cb90-e9f6-6a9dc1f8339c" testName="Equals_Passing_Valid_Distinct_Values_Returns_False" computerName="PC-SFERRARI" duration="00:00:00.0014309" startTime="2020-09-01T16:43:02.6897924+01:00" endTime="2020-09-01T16:43:02.6913220+01:00" testType="13cdc9d9-ddb5-4fa4-a97d-d965ccfc6d4b" outcome="Passed" testListId="8c84fa94-04c1-424b-9868-57a2d4851a1d" relativeResultsDirectory="1c8295d9-87d3-4420-bd3d-e6164d33c529" resultType="DataDrivenTest">
      <InnerResults>
        <UnitTestResult executionId="bcb27d8a-99e1-4647-ba76-84ae25480126" parentExecutionId="1c8295d9-87d3-4420-bd3d-e6164d33c529" testId="ce8720c2-9005-cb90-e9f6-6a9dc1f8339c" testName="Equals_Passing_Valid_Distinct_Values_Returns_False (EUR)" computerName="PC-SFERRARI" duration="00:00:00.0013851" startTime="2020-09-01T16:43:02.6897924+01:00" endTime="2020-09-01T16:43:02.6913220+01:00" testType="13cdc9d9-ddb5-4fa4-a97d-d965ccfc6d4b" outcome="Passed" testListId="8c84fa94-04c1-424b-9868-57a2d4851a1d" relativeResultsDirectory="bcb27d8a-99e1-4647-ba76-84ae25480126" dataRowInfo="1" resultType="DataDrivenDataRow" />
      </InnerResults>
    </UnitTestResult>
    <UnitTestResult executionId="1635a27a-b4f6-42af-a604-85f6782e65fd" testId="8313da3f-0367-8e6c-c0a1-ae4f5c0df829" testName="GetAll_Passing_Nothing_Returns_Enumeracion_List" computerName="PC-SFERRARI" duration="00:00:00.0007874" startTime="2020-09-01T16:43:02.3719587+01:00" endTime="2020-09-01T16:43:02.3729340+01:00" testType="13cdc9d9-ddb5-4fa4-a97d-d965ccfc6d4b" outcome="Passed" testListId="8c84fa94-04c1-424b-9868-57a2d4851a1d" relativeResultsDirectory="1635a27a-b4f6-42af-a604-85f6782e65fd" />
    <UnitTestResult executionId="7fe78af1-6ad1-41c8-876c-e25485e95cf9" testId="9c04e34f-7224-62e2-c837-288675a1ae2d" testName="OperatorEqual_Passing_Valid_Values_Returns_True" computerName="PC-SFERRARI" duration="00:00:00.0001909" startTime="2020-09-01T16:43:03.4014115+01:00" endTime="2020-09-01T16:43:03.4016756+01:00" testType="13cdc9d9-ddb5-4fa4-a97d-d965ccfc6d4b" outcome="Passed" testListId="8c84fa94-04c1-424b-9868-57a2d4851a1d" relativeResultsDirectory="7fe78af1-6ad1-41c8-876c-e25485e95cf9" resultType="DataDrivenTest">
      <InnerResults>
        <UnitTestResult executionId="0d9bfd9b-9509-47f3-9d51-2cf9c95a20f1" parentExecutionId="7fe78af1-6ad1-41c8-876c-e25485e95cf9" testId="9c04e34f-7224-62e2-c837-288675a1ae2d" testName="OperatorEqual_Passing_Valid_Values_Returns_True (San Bartoleme De Tirajana)" computerName="PC-SFERRARI" duration="00:00:00.0001383" startTime="2020-09-01T16:43:03.4014115+01:00" endTime="2020-09-01T16:43:03.4016756+01:00" testType="13cdc9d9-ddb5-4fa4-a97d-d965ccfc6d4b" outcome="Passed" testListId="8c84fa94-04c1-424b-9868-57a2d4851a1d" relativeResultsDirectory="0d9bfd9b-9509-47f3-9d51-2cf9c95a20f1" dataRowInfo="1" resultType="DataDrivenDataRow" />
        <UnitTestResult executionId="7682eed1-a20a-4753-8fb6-9c308101f96d" parentExecutionId="7fe78af1-6ad1-41c8-876c-e25485e95cf9" testId="9c04e34f-7224-62e2-c837-288675a1ae2d" testName="OperatorEqual_Passing_Valid_Values_Returns_True (Sabadell)" computerName="PC-SFERRARI" duration="00:00:00.0000067" startTime="2020-09-01T16:43:03.4014115+01:00" endTime="2020-09-01T16:43:03.4016756+01:00" testType="13cdc9d9-ddb5-4fa4-a97d-d965ccfc6d4b" outcome="Passed" testListId="8c84fa94-04c1-424b-9868-57a2d4851a1d" relativeResultsDirectory="7682eed1-a20a-4753-8fb6-9c308101f96d" dataRowInfo="2" resultType="DataDrivenDataRow" />
      </InnerResults>
    </UnitTestResult>
    <UnitTestResult executionId="b26f1f40-b588-43a9-838b-e9fec9c3a14f" testId="417ec551-d8d9-9d91-2ce7-f7087778456b" testName="IsNull_Passing_Valid_Value_Returns_False" computerName="PC-SFERRARI" duration="00:00:00.0178256" startTime="2020-09-01T16:43:03.1784137+01:00" endTime="2020-09-01T16:43:03.1963489+01:00" testType="13cdc9d9-ddb5-4fa4-a97d-d965ccfc6d4b" outcome="Passed" testListId="8c84fa94-04c1-424b-9868-57a2d4851a1d" relativeResultsDirectory="b26f1f40-b588-43a9-838b-e9fec9c3a14f" resultType="DataDrivenTest">
      <InnerResults>
        <UnitTestResult executionId="1aca1a66-b9ad-4afa-a654-4dd28a8de7e7" parentExecutionId="b26f1f40-b588-43a9-838b-e9fec9c3a14f" testId="417ec551-d8d9-9d91-2ce7-f7087778456b" testName="IsNull_Passing_Valid_Value_Returns_False (España)" computerName="PC-SFERRARI" duration="00:00:00.0176045" startTime="2020-09-01T16:43:03.1784137+01:00" endTime="2020-09-01T16:43:03.1963489+01:00" testType="13cdc9d9-ddb5-4fa4-a97d-d965ccfc6d4b" outcome="Passed" testListId="8c84fa94-04c1-424b-9868-57a2d4851a1d" relativeResultsDirectory="1aca1a66-b9ad-4afa-a654-4dd28a8de7e7" dataRowInfo="1" resultType="DataDrivenDataRow" />
        <UnitTestResult executionId="383a860b-49a6-467c-845f-99585e9ab2ef" parentExecutionId="b26f1f40-b588-43a9-838b-e9fec9c3a14f" testId="417ec551-d8d9-9d91-2ce7-f7087778456b" testName="IsNull_Passing_Valid_Value_Returns_False (Españá)" computerName="PC-SFERRARI" duration="00:00:00.0000148" startTime="2020-09-01T16:43:03.1784137+01:00" endTime="2020-09-01T16:43:03.1963489+01:00" testType="13cdc9d9-ddb5-4fa4-a97d-d965ccfc6d4b" outcome="Passed" testListId="8c84fa94-04c1-424b-9868-57a2d4851a1d" relativeResultsDirectory="383a860b-49a6-467c-845f-99585e9ab2ef" dataRowInfo="2" resultType="DataDrivenDataRow" />
        <UnitTestResult executionId="3c015343-2e7b-4ad0-9ff0-b392dfe41cb0" parentExecutionId="b26f1f40-b588-43a9-838b-e9fec9c3a14f" testId="417ec551-d8d9-9d91-2ce7-f7087778456b" testName="IsNull_Passing_Valid_Value_Returns_False (Españà)" computerName="PC-SFERRARI" duration="00:00:00.0000083" startTime="2020-09-01T16:43:03.1784137+01:00" endTime="2020-09-01T16:43:03.1963489+01:00" testType="13cdc9d9-ddb5-4fa4-a97d-d965ccfc6d4b" outcome="Passed" testListId="8c84fa94-04c1-424b-9868-57a2d4851a1d" relativeResultsDirectory="3c015343-2e7b-4ad0-9ff0-b392dfe41cb0" dataRowInfo="3" resultType="DataDrivenDataRow" />
        <UnitTestResult executionId="bf04f867-d4b8-46eb-a5b7-5271f6d0902c" parentExecutionId="b26f1f40-b588-43a9-838b-e9fec9c3a14f" testId="417ec551-d8d9-9d91-2ce7-f7087778456b" testName="IsNull_Passing_Valid_Value_Returns_False (Españä)" computerName="PC-SFERRARI" duration="00:00:00.0000079" startTime="2020-09-01T16:43:03.1784137+01:00" endTime="2020-09-01T16:43:03.1963489+01:00" testType="13cdc9d9-ddb5-4fa4-a97d-d965ccfc6d4b" outcome="Passed" testListId="8c84fa94-04c1-424b-9868-57a2d4851a1d" relativeResultsDirectory="bf04f867-d4b8-46eb-a5b7-5271f6d0902c" dataRowInfo="4" resultType="DataDrivenDataRow" />
        <UnitTestResult executionId="87417070-3b20-4010-a31e-d92e165e8d5c" parentExecutionId="b26f1f40-b588-43a9-838b-e9fec9c3a14f" testId="417ec551-d8d9-9d91-2ce7-f7087778456b" testName="IsNull_Passing_Valid_Value_Returns_False (Españâ)" computerName="PC-SFERRARI" duration="00:00:00.0000077" startTime="2020-09-01T16:43:03.1784137+01:00" endTime="2020-09-01T16:43:03.1963489+01:00" testType="13cdc9d9-ddb5-4fa4-a97d-d965ccfc6d4b" outcome="Passed" testListId="8c84fa94-04c1-424b-9868-57a2d4851a1d" relativeResultsDirectory="87417070-3b20-4010-a31e-d92e165e8d5c" dataRowInfo="5" resultType="DataDrivenDataRow" />
        <UnitTestResult executionId="a8eb189b-6b40-42d1-bc9d-178ce11ec5ce" parentExecutionId="b26f1f40-b588-43a9-838b-e9fec9c3a14f" testId="417ec551-d8d9-9d91-2ce7-f7087778456b" testName="IsNull_Passing_Valid_Value_Returns_False (Españã)" computerName="PC-SFERRARI" duration="00:00:00.0000078" startTime="2020-09-01T16:43:03.1784137+01:00" endTime="2020-09-01T16:43:03.1963489+01:00" testType="13cdc9d9-ddb5-4fa4-a97d-d965ccfc6d4b" outcome="Passed" testListId="8c84fa94-04c1-424b-9868-57a2d4851a1d" relativeResultsDirectory="a8eb189b-6b40-42d1-bc9d-178ce11ec5ce" dataRowInfo="6" resultType="DataDrivenDataRow" />
        <UnitTestResult executionId="b9666d01-3c8f-4b50-847f-28c925bfcb2e" parentExecutionId="b26f1f40-b588-43a9-838b-e9fec9c3a14f" testId="417ec551-d8d9-9d91-2ce7-f7087778456b" testName="IsNull_Passing_Valid_Value_Returns_False (Españç)" computerName="PC-SFERRARI" duration="00:00:00.0000079" startTime="2020-09-01T16:43:03.1784137+01:00" endTime="2020-09-01T16:43:03.1963489+01:00" testType="13cdc9d9-ddb5-4fa4-a97d-d965ccfc6d4b" outcome="Passed" testListId="8c84fa94-04c1-424b-9868-57a2d4851a1d" relativeResultsDirectory="b9666d01-3c8f-4b50-847f-28c925bfcb2e" dataRowInfo="7" resultType="DataDrivenDataRow" />
        <UnitTestResult executionId="2128b62c-815d-433b-a51e-03ff086d1a74" parentExecutionId="b26f1f40-b588-43a9-838b-e9fec9c3a14f" testId="417ec551-d8d9-9d91-2ce7-f7087778456b" testName="IsNull_Passing_Valid_Value_Returns_False (Españħ)" computerName="PC-SFERRARI" duration="00:00:00.0000077" startTime="2020-09-01T16:43:03.1784137+01:00" endTime="2020-09-01T16:43:03.1963489+01:00" testType="13cdc9d9-ddb5-4fa4-a97d-d965ccfc6d4b" outcome="Passed" testListId="8c84fa94-04c1-424b-9868-57a2d4851a1d" relativeResultsDirectory="2128b62c-815d-433b-a51e-03ff086d1a74" dataRowInfo="8" resultType="DataDrivenDataRow" />
        <UnitTestResult executionId="72963647-12bc-499f-984c-73e9d882c0b6" parentExecutionId="b26f1f40-b588-43a9-838b-e9fec9c3a14f" testId="417ec551-d8d9-9d91-2ce7-f7087778456b" testName="IsNull_Passing_Valid_Value_Returns_False (Esp añâ)" computerName="PC-SFERRARI" duration="00:00:00.0000080" startTime="2020-09-01T16:43:03.1784137+01:00" endTime="2020-09-01T16:43:03.1963489+01:00" testType="13cdc9d9-ddb5-4fa4-a97d-d965ccfc6d4b" outcome="Passed" testListId="8c84fa94-04c1-424b-9868-57a2d4851a1d" relativeResultsDirectory="72963647-12bc-499f-984c-73e9d882c0b6" dataRowInfo="9" resultType="DataDrivenDataRow" />
      </InnerResults>
    </UnitTestResult>
    <UnitTestResult executionId="b8882016-6d3b-4789-9db0-19d7d9dfae16" testId="336a4b3f-0900-f7cb-0d00-611a2347544d" testName="ToString_Passing_Valid_Values_Returns_Address_String_Format" computerName="PC-SFERRARI" duration="00:00:00.0016408" startTime="2020-09-01T16:43:03.0900946+01:00" endTime="2020-09-01T16:43:03.0918488+01:00" testType="13cdc9d9-ddb5-4fa4-a97d-d965ccfc6d4b" outcome="Passed" testListId="8c84fa94-04c1-424b-9868-57a2d4851a1d" relativeResultsDirectory="b8882016-6d3b-4789-9db0-19d7d9dfae16" resultType="DataDrivenTest">
      <InnerResults>
        <UnitTestResult executionId="47b837a6-35f0-4257-b59d-7218a7ed93a2" parentExecutionId="b8882016-6d3b-4789-9db0-19d7d9dfae16" testId="336a4b3f-0900-f7cb-0d00-611a2347544d" testName="ToString_Passing_Valid_Values_Returns_Address_String_Format (100,EUR,2)" computerName="PC-SFERRARI" duration="00:00:00.0010155" startTime="2020-09-01T16:43:03.0900946+01:00" endTime="2020-09-01T16:43:03.0918488+01:00" testType="13cdc9d9-ddb5-4fa4-a97d-d965ccfc6d4b" outcome="Passed" testListId="8c84fa94-04c1-424b-9868-57a2d4851a1d" relativeResultsDirectory="47b837a6-35f0-4257-b59d-7218a7ed93a2" dataRowInfo="1" resultType="DataDrivenDataRow" />
        <UnitTestResult executionId="fc3b1858-998b-455d-ba7c-6a4b6439ba95" parentExecutionId="b8882016-6d3b-4789-9db0-19d7d9dfae16" testId="336a4b3f-0900-f7cb-0d00-611a2347544d" testName="ToString_Passing_Valid_Values_Returns_Address_String_Format (200,EUR,4)" computerName="PC-SFERRARI" duration="00:00:00.0002752" startTime="2020-09-01T16:43:03.0900946+01:00" endTime="2020-09-01T16:43:03.0918488+01:00" testType="13cdc9d9-ddb5-4fa4-a97d-d965ccfc6d4b" outcome="Passed" testListId="8c84fa94-04c1-424b-9868-57a2d4851a1d" relativeResultsDirectory="fc3b1858-998b-455d-ba7c-6a4b6439ba95" dataRowInfo="2" resultType="DataDrivenDataRow" />
        <UnitTestResult executionId="f7a9f7f5-8775-49e7-8c6b-84ca925fd0f3" parentExecutionId="b8882016-6d3b-4789-9db0-19d7d9dfae16" testId="336a4b3f-0900-f7cb-0d00-611a2347544d" testName="ToString_Passing_Valid_Values_Returns_Address_String_Format (400,USD,8)" computerName="PC-SFERRARI" duration="00:00:00.0002481" startTime="2020-09-01T16:43:03.0900946+01:00" endTime="2020-09-01T16:43:03.0918488+01:00" testType="13cdc9d9-ddb5-4fa4-a97d-d965ccfc6d4b" outcome="Passed" testListId="8c84fa94-04c1-424b-9868-57a2d4851a1d" relativeResultsDirectory="f7a9f7f5-8775-49e7-8c6b-84ca925fd0f3" dataRowInfo="3" resultType="DataDrivenDataRow" />
      </InnerResults>
    </UnitTestResult>
    <UnitTestResult executionId="607f219a-14c7-4542-8a0a-d8cfdf50fb5a" testId="02c00e07-1da7-4a26-741f-c10b40cf8def" testName="ToBool_Passing_Valid_String_Active_Value_Returns_True" computerName="PC-SFERRARI" duration="00:00:00.0033669" startTime="2020-09-01T16:43:02.3987539+01:00" endTime="2020-09-01T16:43:02.4022134+01:00" testType="13cdc9d9-ddb5-4fa4-a97d-d965ccfc6d4b" outcome="Passed" testListId="8c84fa94-04c1-424b-9868-57a2d4851a1d" relativeResultsDirectory="607f219a-14c7-4542-8a0a-d8cfdf50fb5a" />
    <UnitTestResult executionId="9fca4f67-ca1d-47e6-a8e1-9f52993202a9" testId="860a3ab5-e4fc-cad4-fe40-328241e258f0" testName="ToString_Passing_Valid_Values_Returns_Value_String_Format" computerName="PC-SFERRARI" duration="00:00:00.0004910" startTime="2020-09-01T16:43:03.6161174+01:00" endTime="2020-09-01T16:43:03.6167618+01:00" testType="13cdc9d9-ddb5-4fa4-a97d-d965ccfc6d4b" outcome="Passed" testListId="8c84fa94-04c1-424b-9868-57a2d4851a1d" relativeResultsDirectory="9fca4f67-ca1d-47e6-a8e1-9f52993202a9" resultType="DataDrivenTest">
      <InnerResults>
        <UnitTestResult executionId="6b193d5d-9cba-42f6-aef1-45fb7990bf45" parentExecutionId="9fca4f67-ca1d-47e6-a8e1-9f52993202a9" testId="860a3ab5-e4fc-cad4-fe40-328241e258f0" testName="ToString_Passing_Valid_Values_Returns_Value_String_Format (456,43543543543)" computerName="PC-SFERRARI" duration="00:00:00.0004135" startTime="2020-09-01T16:43:03.6161174+01:00" endTime="2020-09-01T16:43:03.6167618+01:00" testType="13cdc9d9-ddb5-4fa4-a97d-d965ccfc6d4b" outcome="Passed" testListId="8c84fa94-04c1-424b-9868-57a2d4851a1d" relativeResultsDirectory="6b193d5d-9cba-42f6-aef1-45fb7990bf45" dataRowInfo="1" resultType="DataDrivenDataRow" />
        <UnitTestResult executionId="fe01a1b1-8175-466c-84c8-37531725b5e3" parentExecutionId="9fca4f67-ca1d-47e6-a8e1-9f52993202a9" testId="860a3ab5-e4fc-cad4-fe40-328241e258f0" testName="ToString_Passing_Valid_Values_Returns_Value_String_Format (D45,86554654)" computerName="PC-SFERRARI" duration="00:00:00.0000108" startTime="2020-09-01T16:43:03.6161174+01:00" endTime="2020-09-01T16:43:03.6167618+01:00" testType="13cdc9d9-ddb5-4fa4-a97d-d965ccfc6d4b" outcome="Passed" testListId="8c84fa94-04c1-424b-9868-57a2d4851a1d" relativeResultsDirectory="fe01a1b1-8175-466c-84c8-37531725b5e3" dataRowInfo="2" resultType="DataDrivenDataRow" />
      </InnerResults>
    </UnitTestResult>
    <UnitTestResult executionId="df9fe118-c138-41ab-87cc-578e1ec4a604" testId="571ad406-4c46-6d0b-a0ab-0bbddda456a0" testName="Change_Passing_Valid_Values_Returns_FullName" computerName="PC-SFERRARI" duration="00:00:00.0038442" startTime="2020-09-01T16:43:02.8763597+01:00" endTime="2020-09-01T16:43:02.8805407+01:00" testType="13cdc9d9-ddb5-4fa4-a97d-d965ccfc6d4b" outcome="Passed" testListId="8c84fa94-04c1-424b-9868-57a2d4851a1d" relativeResultsDirectory="df9fe118-c138-41ab-87cc-578e1ec4a604" />
    <UnitTestResult executionId="8e72cfe8-d748-4fc3-a532-a828fed9e836" testId="13846877-4c93-45de-5e9a-d22d164df494" testName="OperatorEqual_Passing_Valid_Distinct_Values_Returns_False" computerName="PC-SFERRARI" duration="00:00:00.0003482" startTime="2020-09-01T16:43:03.4827077+01:00" endTime="2020-09-01T16:43:03.4832255+01:00" testType="13cdc9d9-ddb5-4fa4-a97d-d965ccfc6d4b" outcome="Passed" testListId="8c84fa94-04c1-424b-9868-57a2d4851a1d" relativeResultsDirectory="8e72cfe8-d748-4fc3-a532-a828fed9e836" resultType="DataDrivenTest">
      <InnerResults>
        <UnitTestResult executionId="42ff1c51-3567-4f0a-922b-4b481597482f" parentExecutionId="8e72cfe8-d748-4fc3-a532-a828fed9e836" testId="13846877-4c93-45de-5e9a-d22d164df494" testName="OperatorEqual_Passing_Valid_Distinct_Values_Returns_False (app.hackerone1.com)" computerName="PC-SFERRARI" duration="00:00:00.0002470" startTime="2020-09-01T16:43:03.4827077+01:00" endTime="2020-09-01T16:43:03.4832255+01:00" testType="13cdc9d9-ddb5-4fa4-a97d-d965ccfc6d4b" outcome="Passed" testListId="8c84fa94-04c1-424b-9868-57a2d4851a1d" relativeResultsDirectory="42ff1c51-3567-4f0a-922b-4b481597482f" dataRowInfo="1" resultType="DataDrivenDataRow" />
        <UnitTestResult executionId="e3272ce0-aa79-446f-be8b-1c0a5d69305d" parentExecutionId="8e72cfe8-d748-4fc3-a532-a828fed9e836" testId="13846877-4c93-45de-5e9a-d22d164df494" testName="OperatorEqual_Passing_Valid_Distinct_Values_Returns_False (www.hackerone-com)" computerName="PC-SFERRARI" duration="00:00:00.0000173" startTime="2020-09-01T16:43:03.4827077+01:00" endTime="2020-09-01T16:43:03.4832255+01:00" testType="13cdc9d9-ddb5-4fa4-a97d-d965ccfc6d4b" outcome="Passed" testListId="8c84fa94-04c1-424b-9868-57a2d4851a1d" relativeResultsDirectory="e3272ce0-aa79-446f-be8b-1c0a5d69305d" dataRowInfo="2" resultType="DataDrivenDataRow" />
        <UnitTestResult executionId="430f77ed-28e5-4432-b2ea-80d9898f3893" parentExecutionId="8e72cfe8-d748-4fc3-a532-a828fed9e836" testId="13846877-4c93-45de-5e9a-d22d164df494" testName="OperatorEqual_Passing_Valid_Distinct_Values_Returns_False (stage_hackerone.com)" computerName="PC-SFERRARI" duration="00:00:00.0000143" startTime="2020-09-01T16:43:03.4827077+01:00" endTime="2020-09-01T16:43:03.4832255+01:00" testType="13cdc9d9-ddb5-4fa4-a97d-d965ccfc6d4b" outcome="Passed" testListId="8c84fa94-04c1-424b-9868-57a2d4851a1d" relativeResultsDirectory="430f77ed-28e5-4432-b2ea-80d9898f3893" dataRowInfo="3" resultType="DataDrivenDataRow" />
      </InnerResults>
    </UnitTestResult>
    <UnitTestResult executionId="e512a1c0-7104-460b-99e4-4d2225882e2c" testId="360a473d-7e1c-2d14-72c9-22f9349ca174" testName="Equals_Passing_Valid_Values_Returns_True" computerName="PC-SFERRARI" duration="00:00:00.0013178" startTime="2020-09-01T16:43:02.7073101+01:00" endTime="2020-09-01T16:43:02.7088180+01:00" testType="13cdc9d9-ddb5-4fa4-a97d-d965ccfc6d4b" outcome="Passed" testListId="8c84fa94-04c1-424b-9868-57a2d4851a1d" relativeResultsDirectory="e512a1c0-7104-460b-99e4-4d2225882e2c" resultType="DataDrivenTest">
      <InnerResults>
        <UnitTestResult executionId="2e20b038-9342-46c9-b2e8-73af614ae4a3" parentExecutionId="e512a1c0-7104-460b-99e4-4d2225882e2c" testId="360a473d-7e1c-2d14-72c9-22f9349ca174" testName="Equals_Passing_Valid_Values_Returns_True (EUR)" computerName="PC-SFERRARI" duration="00:00:00.0007747" startTime="2020-09-01T16:43:02.7073101+01:00" endTime="2020-09-01T16:43:02.7088180+01:00" testType="13cdc9d9-ddb5-4fa4-a97d-d965ccfc6d4b" outcome="Passed" testListId="8c84fa94-04c1-424b-9868-57a2d4851a1d" relativeResultsDirectory="2e20b038-9342-46c9-b2e8-73af614ae4a3" dataRowInfo="1" resultType="DataDrivenDataRow" />
        <UnitTestResult executionId="4b4f4626-525a-42e6-a1c7-4cb0fcbea2e6" parentExecutionId="e512a1c0-7104-460b-99e4-4d2225882e2c" testId="360a473d-7e1c-2d14-72c9-22f9349ca174" testName="Equals_Passing_Valid_Values_Returns_True (USD)" computerName="PC-SFERRARI" duration="00:00:00.0004630" startTime="2020-09-01T16:43:02.7073101+01:00" endTime="2020-09-01T16:43:02.7088180+01:00" testType="13cdc9d9-ddb5-4fa4-a97d-d965ccfc6d4b" outcome="Passed" testListId="8c84fa94-04c1-424b-9868-57a2d4851a1d" relativeResultsDirectory="4b4f4626-525a-42e6-a1c7-4cb0fcbea2e6" dataRowInfo="2" resultType="DataDrivenDataRow" />
      </InnerResults>
    </UnitTestResult>
    <UnitTestResult executionId="aad0bc13-0f81-4894-a59a-809f70ef58e1" testId="0c9201c8-8275-74ca-9c91-2d0c4645730b" testName="ToString_Passing_Valid_Values_Returns_StringId" computerName="PC-SFERRARI" duration="00:00:00.0002000" startTime="2020-09-01T16:43:03.4201329+01:00" endTime="2020-09-01T16:43:03.4204072+01:00" testType="13cdc9d9-ddb5-4fa4-a97d-d965ccfc6d4b" outcome="Passed" testListId="8c84fa94-04c1-424b-9868-57a2d4851a1d" relativeResultsDirectory="aad0bc13-0f81-4894-a59a-809f70ef58e1" resultType="DataDrivenTest">
      <InnerResults>
        <UnitTestResult executionId="af9bad9c-576e-4b23-916b-c264e956bbc1" parentExecutionId="aad0bc13-0f81-4894-a59a-809f70ef58e1" testId="0c9201c8-8275-74ca-9c91-2d0c4645730b" testName="ToString_Passing_Valid_Values_Returns_StringId (San Bartoleme De Tirajana)" computerName="PC-SFERRARI" duration="00:00:00.0001499" startTime="2020-09-01T16:43:03.4201329+01:00" endTime="2020-09-01T16:43:03.4204072+01:00" testType="13cdc9d9-ddb5-4fa4-a97d-d965ccfc6d4b" outcome="Passed" testListId="8c84fa94-04c1-424b-9868-57a2d4851a1d" relativeResultsDirectory="af9bad9c-576e-4b23-916b-c264e956bbc1" dataRowInfo="1" resultType="DataDrivenDataRow" />
        <UnitTestResult executionId="239a1bbc-1800-48a3-9e62-6c944c961ccf" parentExecutionId="aad0bc13-0f81-4894-a59a-809f70ef58e1" testId="0c9201c8-8275-74ca-9c91-2d0c4645730b" testName="ToString_Passing_Valid_Values_Returns_StringId (Sabadell)" computerName="PC-SFERRARI" duration="00:00:00.0000057" startTime="2020-09-01T16:43:03.4201329+01:00" endTime="2020-09-01T16:43:03.4204072+01:00" testType="13cdc9d9-ddb5-4fa4-a97d-d965ccfc6d4b" outcome="Passed" testListId="8c84fa94-04c1-424b-9868-57a2d4851a1d" relativeResultsDirectory="239a1bbc-1800-48a3-9e62-6c944c961ccf" dataRowInfo="2" resultType="DataDrivenDataRow" />
      </InnerResults>
    </UnitTestResult>
    <UnitTestResult executionId="d3bbd16c-34b8-4505-92f2-1d3ea45bd975" testId="eb28919c-10bf-694a-78bc-ac7d54701422" testName="IsNull_Passing_Null_Address_Returns_True" computerName="PC-SFERRARI" duration="00:00:00.0005400" startTime="2020-09-01T16:43:02.5903108+01:00" endTime="2020-09-01T16:43:02.5910240+01:00" testType="13cdc9d9-ddb5-4fa4-a97d-d965ccfc6d4b" outcome="Passed" testListId="8c84fa94-04c1-424b-9868-57a2d4851a1d" relativeResultsDirectory="d3bbd16c-34b8-4505-92f2-1d3ea45bd975" />
    <UnitTestResult executionId="e256d627-8e75-401c-a91f-4820a5f2ee34" testId="0394e59d-8e17-d872-c29f-c28ac3eea7b0" testName="OperatorEqual_Passing_Valid_Values_Returns_True" computerName="PC-SFERRARI" duration="00:00:00.0002464" startTime="2020-09-01T16:43:02.5919498+01:00" endTime="2020-09-01T16:43:02.5922721+01:00" testType="13cdc9d9-ddb5-4fa4-a97d-d965ccfc6d4b" outcome="Passed" testListId="8c84fa94-04c1-424b-9868-57a2d4851a1d" relativeResultsDirectory="e256d627-8e75-401c-a91f-4820a5f2ee34" resultType="DataDrivenTest">
      <InnerResults>
        <UnitTestResult executionId="21e2a84c-85c3-4477-b451-3ded11c28caa" parentExecutionId="e256d627-8e75-401c-a91f-4820a5f2ee34" testId="0394e59d-8e17-d872-c29f-c28ac3eea7b0" testName="OperatorEqual_Passing_Valid_Values_Returns_True (Tenerife,23,34567,San Bartoleme De Tirajana,Las Palmas,España)" computerName="PC-SFERRARI" duration="00:00:00.0001771" startTime="2020-09-01T16:43:02.5919498+01:00" endTime="2020-09-01T16:43:02.5922721+01:00" testType="13cdc9d9-ddb5-4fa4-a97d-d965ccfc6d4b" outcome="Passed" testListId="8c84fa94-04c1-424b-9868-57a2d4851a1d" relativeResultsDirectory="21e2a84c-85c3-4477-b451-3ded11c28caa" dataRowInfo="1" resultType="DataDrivenDataRow" />
        <UnitTestResult executionId="e40cd285-5a86-41d5-8b82-70b0a43f07a5" parentExecutionId="e256d627-8e75-401c-a91f-4820a5f2ee34" testId="0394e59d-8e17-d872-c29f-c28ac3eea7b0" testName="OperatorEqual_Passing_Valid_Values_Returns_True (Pader,789,DF7956,Sabadell,Barcelona,España)" computerName="PC-SFERRARI" duration="00:00:00.0000147" startTime="2020-09-01T16:43:02.5919498+01:00" endTime="2020-09-01T16:43:02.5922721+01:00" testType="13cdc9d9-ddb5-4fa4-a97d-d965ccfc6d4b" outcome="Passed" testListId="8c84fa94-04c1-424b-9868-57a2d4851a1d" relativeResultsDirectory="e40cd285-5a86-41d5-8b82-70b0a43f07a5" dataRowInfo="2" resultType="DataDrivenDataRow" />
      </InnerResults>
    </UnitTestResult>
    <UnitTestResult executionId="2b9820fb-3113-406d-9fb6-693629b07c3c" testId="ca869e78-7943-a46b-7927-1a8ff4fe58af" testName="Create_Passing_Valid_Values_Returns_Name" computerName="PC-SFERRARI" duration="00:00:00.0003202" startTime="2020-09-01T16:43:03.1122849+01:00" endTime="2020-09-01T16:43:03.1127033+01:00" testType="13cdc9d9-ddb5-4fa4-a97d-d965ccfc6d4b" outcome="Passed" testListId="8c84fa94-04c1-424b-9868-57a2d4851a1d" relativeResultsDirectory="2b9820fb-3113-406d-9fb6-693629b07c3c" resultType="DataDrivenTest">
      <InnerResults>
        <UnitTestResult executionId="cda04bf5-d951-43e6-be19-cc411a29d4d6" parentExecutionId="2b9820fb-3113-406d-9fb6-693629b07c3c" testId="ca869e78-7943-a46b-7927-1a8ff4fe58af" testName="Create_Passing_Valid_Values_Returns_Name (España)" computerName="PC-SFERRARI" duration="00:00:00.0001467" startTime="2020-09-01T16:43:03.1122849+01:00" endTime="2020-09-01T16:43:03.1127033+01:00" testType="13cdc9d9-ddb5-4fa4-a97d-d965ccfc6d4b" outcome="Passed" testListId="8c84fa94-04c1-424b-9868-57a2d4851a1d" relativeResultsDirectory="cda04bf5-d951-43e6-be19-cc411a29d4d6" dataRowInfo="1" resultType="DataDrivenDataRow" />
        <UnitTestResult executionId="ed5b7192-627b-412d-bcfa-143c1caafdec" parentExecutionId="2b9820fb-3113-406d-9fb6-693629b07c3c" testId="ca869e78-7943-a46b-7927-1a8ff4fe58af" testName="Create_Passing_Valid_Values_Returns_Name (Españá)" computerName="PC-SFERRARI" duration="00:00:00.0000102" startTime="2020-09-01T16:43:03.1122849+01:00" endTime="2020-09-01T16:43:03.1127033+01:00" testType="13cdc9d9-ddb5-4fa4-a97d-d965ccfc6d4b" outcome="Passed" testListId="8c84fa94-04c1-424b-9868-57a2d4851a1d" relativeResultsDirectory="ed5b7192-627b-412d-bcfa-143c1caafdec" dataRowInfo="2" resultType="DataDrivenDataRow" />
        <UnitTestResult executionId="bd1c02d6-c500-4c4a-8e57-7ebb631a83be" parentExecutionId="2b9820fb-3113-406d-9fb6-693629b07c3c" testId="ca869e78-7943-a46b-7927-1a8ff4fe58af" testName="Create_Passing_Valid_Values_Returns_Name (Españà)" computerName="PC-SFERRARI" duration="00:00:00.0000080" startTime="2020-09-01T16:43:03.1122849+01:00" endTime="2020-09-01T16:43:03.1127033+01:00" testType="13cdc9d9-ddb5-4fa4-a97d-d965ccfc6d4b" outcome="Passed" testListId="8c84fa94-04c1-424b-9868-57a2d4851a1d" relativeResultsDirectory="bd1c02d6-c500-4c4a-8e57-7ebb631a83be" dataRowInfo="3" resultType="DataDrivenDataRow" />
        <UnitTestResult executionId="2608cb8b-d250-4dd4-ba86-ac2eeec7576e" parentExecutionId="2b9820fb-3113-406d-9fb6-693629b07c3c" testId="ca869e78-7943-a46b-7927-1a8ff4fe58af" testName="Create_Passing_Valid_Values_Returns_Name (Españä)" computerName="PC-SFERRARI" duration="00:00:00.0000077" startTime="2020-09-01T16:43:03.1122849+01:00" endTime="2020-09-01T16:43:03.1127033+01:00" testType="13cdc9d9-ddb5-4fa4-a97d-d965ccfc6d4b" outcome="Passed" testListId="8c84fa94-04c1-424b-9868-57a2d4851a1d" relativeResultsDirectory="2608cb8b-d250-4dd4-ba86-ac2eeec7576e" dataRowInfo="4" resultType="DataDrivenDataRow" />
        <UnitTestResult executionId="b6dd8ba8-79bd-4744-8782-3d88525c4a71" parentExecutionId="2b9820fb-3113-406d-9fb6-693629b07c3c" testId="ca869e78-7943-a46b-7927-1a8ff4fe58af" testName="Create_Passing_Valid_Values_Returns_Name (Españâ)" computerName="PC-SFERRARI" duration="00:00:00.0000081" startTime="2020-09-01T16:43:03.1122849+01:00" endTime="2020-09-01T16:43:03.1127033+01:00" testType="13cdc9d9-ddb5-4fa4-a97d-d965ccfc6d4b" outcome="Passed" testListId="8c84fa94-04c1-424b-9868-57a2d4851a1d" relativeResultsDirectory="b6dd8ba8-79bd-4744-8782-3d88525c4a71" dataRowInfo="5" resultType="DataDrivenDataRow" />
        <UnitTestResult executionId="a5d76438-90e8-441d-ba03-f0fe632d0080" parentExecutionId="2b9820fb-3113-406d-9fb6-693629b07c3c" testId="ca869e78-7943-a46b-7927-1a8ff4fe58af" testName="Create_Passing_Valid_Values_Returns_Name (Españã)" computerName="PC-SFERRARI" duration="00:00:00.0000073" startTime="2020-09-01T16:43:03.1122849+01:00" endTime="2020-09-01T16:43:03.1127033+01:00" testType="13cdc9d9-ddb5-4fa4-a97d-d965ccfc6d4b" outcome="Passed" testListId="8c84fa94-04c1-424b-9868-57a2d4851a1d" relativeResultsDirectory="a5d76438-90e8-441d-ba03-f0fe632d0080" dataRowInfo="6" resultType="DataDrivenDataRow" />
        <UnitTestResult executionId="2dc84c1b-e679-44d2-90f3-f4a3d8d1a645" parentExecutionId="2b9820fb-3113-406d-9fb6-693629b07c3c" testId="ca869e78-7943-a46b-7927-1a8ff4fe58af" testName="Create_Passing_Valid_Values_Returns_Name (Españç)" computerName="PC-SFERRARI" duration="00:00:00.0000080" startTime="2020-09-01T16:43:03.1122849+01:00" endTime="2020-09-01T16:43:03.1127033+01:00" testType="13cdc9d9-ddb5-4fa4-a97d-d965ccfc6d4b" outcome="Passed" testListId="8c84fa94-04c1-424b-9868-57a2d4851a1d" relativeResultsDirectory="2dc84c1b-e679-44d2-90f3-f4a3d8d1a645" dataRowInfo="7" resultType="DataDrivenDataRow" />
        <UnitTestResult executionId="8d37125e-7982-4452-8e7d-63e6f979283e" parentExecutionId="2b9820fb-3113-406d-9fb6-693629b07c3c" testId="ca869e78-7943-a46b-7927-1a8ff4fe58af" testName="Create_Passing_Valid_Values_Returns_Name (Españħ)" computerName="PC-SFERRARI" duration="00:00:00.0000074" startTime="2020-09-01T16:43:03.1122849+01:00" endTime="2020-09-01T16:43:03.1127033+01:00" testType="13cdc9d9-ddb5-4fa4-a97d-d965ccfc6d4b" outcome="Passed" testListId="8c84fa94-04c1-424b-9868-57a2d4851a1d" relativeResultsDirectory="8d37125e-7982-4452-8e7d-63e6f979283e" dataRowInfo="8" resultType="DataDrivenDataRow" />
        <UnitTestResult executionId="ca9d1312-f97d-471c-a940-dea37a4bcc5e" parentExecutionId="2b9820fb-3113-406d-9fb6-693629b07c3c" testId="ca869e78-7943-a46b-7927-1a8ff4fe58af" testName="Create_Passing_Valid_Values_Returns_Name (Esp añâ)" computerName="PC-SFERRARI" duration="00:00:00.0000082" startTime="2020-09-01T16:43:03.1122849+01:00" endTime="2020-09-01T16:43:03.1127033+01:00" testType="13cdc9d9-ddb5-4fa4-a97d-d965ccfc6d4b" outcome="Passed" testListId="8c84fa94-04c1-424b-9868-57a2d4851a1d" relativeResultsDirectory="ca9d1312-f97d-471c-a940-dea37a4bcc5e" dataRowInfo="9" resultType="DataDrivenDataRow" />
      </InnerResults>
    </UnitTestResult>
    <UnitTestResult executionId="ef8db02a-f69f-42ca-bb54-61b4d9af7168" testId="7d5b42e8-50c6-931f-3951-5d53097abf4e" testName="OperatorNotEqual_Passing_Valid_Values_Returns_True" computerName="PC-SFERRARI" duration="00:00:00.0003094" startTime="2020-09-01T16:43:03.4196411+01:00" endTime="2020-09-01T16:43:03.4201007+01:00" testType="13cdc9d9-ddb5-4fa4-a97d-d965ccfc6d4b" outcome="Passed" testListId="8c84fa94-04c1-424b-9868-57a2d4851a1d" relativeResultsDirectory="ef8db02a-f69f-42ca-bb54-61b4d9af7168" resultType="DataDrivenTest">
      <InnerResults>
        <UnitTestResult executionId="109b993c-ec48-4870-af28-c0e2a313fd34" parentExecutionId="ef8db02a-f69f-42ca-bb54-61b4d9af7168" testId="7d5b42e8-50c6-931f-3951-5d53097abf4e" testName="OperatorNotEqual_Passing_Valid_Values_Returns_True (San Bartoleme De Tirajana)" computerName="PC-SFERRARI" duration="00:00:00.0002420" startTime="2020-09-01T16:43:03.4196411+01:00" endTime="2020-09-01T16:43:03.4201007+01:00" testType="13cdc9d9-ddb5-4fa4-a97d-d965ccfc6d4b" outcome="Passed" testListId="8c84fa94-04c1-424b-9868-57a2d4851a1d" relativeResultsDirectory="109b993c-ec48-4870-af28-c0e2a313fd34" dataRowInfo="1" resultType="DataDrivenDataRow" />
        <UnitTestResult executionId="b338ad0d-b2f7-47e2-b123-da766e8f29fd" parentExecutionId="ef8db02a-f69f-42ca-bb54-61b4d9af7168" testId="7d5b42e8-50c6-931f-3951-5d53097abf4e" testName="OperatorNotEqual_Passing_Valid_Values_Returns_True (Sabadell)" computerName="PC-SFERRARI" duration="00:00:00.0000066" startTime="2020-09-01T16:43:03.4196411+01:00" endTime="2020-09-01T16:43:03.4201007+01:00" testType="13cdc9d9-ddb5-4fa4-a97d-d965ccfc6d4b" outcome="Passed" testListId="8c84fa94-04c1-424b-9868-57a2d4851a1d" relativeResultsDirectory="b338ad0d-b2f7-47e2-b123-da766e8f29fd" dataRowInfo="2" resultType="DataDrivenDataRow" />
      </InnerResults>
    </UnitTestResult>
    <UnitTestResult executionId="58924eee-a77b-4e2c-9710-adc24de3a8ae" testId="4abfc1ff-06cf-dc19-b35f-7c84f2bee2da" testName="IsInactive_Passing_Nothing_Returns_True" computerName="PC-SFERRARI" duration="00:00:00.0002189" startTime="2020-09-01T16:43:02.3979674+01:00" endTime="2020-09-01T16:43:02.3982623+01:00" testType="13cdc9d9-ddb5-4fa4-a97d-d965ccfc6d4b" outcome="Passed" testListId="8c84fa94-04c1-424b-9868-57a2d4851a1d" relativeResultsDirectory="58924eee-a77b-4e2c-9710-adc24de3a8ae" />
    <UnitTestResult executionId="0ef82560-dc1a-48b9-9209-d2a2242b0b94" testId="b10bbd05-c792-3d8c-96c7-1a5f4647c7dd" testName="OperatorEqual_Passing_Valid_Distinct_Values_Returns_False" computerName="PC-SFERRARI" duration="00:00:00.0010304" startTime="2020-09-01T16:43:03.2147566+01:00" endTime="2020-09-01T16:43:03.2160867+01:00" testType="13cdc9d9-ddb5-4fa4-a97d-d965ccfc6d4b" outcome="Passed" testListId="8c84fa94-04c1-424b-9868-57a2d4851a1d" relativeResultsDirectory="0ef82560-dc1a-48b9-9209-d2a2242b0b94" resultType="DataDrivenTest">
      <InnerResults>
        <UnitTestResult executionId="6e65ea73-9f1b-4c03-94b4-cede05567878" parentExecutionId="0ef82560-dc1a-48b9-9209-d2a2242b0b94" testId="b10bbd05-c792-3d8c-96c7-1a5f4647c7dd" testName="OperatorEqual_Passing_Valid_Distinct_Values_Returns_False (España)" computerName="PC-SFERRARI" duration="00:00:00.0006374" startTime="2020-09-01T16:43:03.2147566+01:00" endTime="2020-09-01T16:43:03.2160867+01:00" testType="13cdc9d9-ddb5-4fa4-a97d-d965ccfc6d4b" outcome="Passed" testListId="8c84fa94-04c1-424b-9868-57a2d4851a1d" relativeResultsDirectory="6e65ea73-9f1b-4c03-94b4-cede05567878" dataRowInfo="1" resultType="DataDrivenDataRow" />
        <UnitTestResult executionId="9d25b2c8-fcc0-475f-8b2b-f561767a204f" parentExecutionId="0ef82560-dc1a-48b9-9209-d2a2242b0b94" testId="b10bbd05-c792-3d8c-96c7-1a5f4647c7dd" testName="OperatorEqual_Passing_Valid_Distinct_Values_Returns_False (Españá)" computerName="PC-SFERRARI" duration="00:00:00.0000173" startTime="2020-09-01T16:43:03.2147566+01:00" endTime="2020-09-01T16:43:03.2160867+01:00" testType="13cdc9d9-ddb5-4fa4-a97d-d965ccfc6d4b" outcome="Passed" testListId="8c84fa94-04c1-424b-9868-57a2d4851a1d" relativeResultsDirectory="9d25b2c8-fcc0-475f-8b2b-f561767a204f" dataRowInfo="2" resultType="DataDrivenDataRow" />
        <UnitTestResult executionId="6a58778d-e40d-4099-b9ef-963a1f8e3958" parentExecutionId="0ef82560-dc1a-48b9-9209-d2a2242b0b94" testId="b10bbd05-c792-3d8c-96c7-1a5f4647c7dd" testName="OperatorEqual_Passing_Valid_Distinct_Values_Returns_False (Españà)" computerName="PC-SFERRARI" duration="00:00:00.0000132" startTime="2020-09-01T16:43:03.2147566+01:00" endTime="2020-09-01T16:43:03.2160867+01:00" testType="13cdc9d9-ddb5-4fa4-a97d-d965ccfc6d4b" outcome="Passed" testListId="8c84fa94-04c1-424b-9868-57a2d4851a1d" relativeResultsDirectory="6a58778d-e40d-4099-b9ef-963a1f8e3958" dataRowInfo="3" resultType="DataDrivenDataRow" />
        <UnitTestResult executionId="b0200f3a-6d86-4bca-99c2-62ce9f494d1e" parentExecutionId="0ef82560-dc1a-48b9-9209-d2a2242b0b94" testId="b10bbd05-c792-3d8c-96c7-1a5f4647c7dd" testName="OperatorEqual_Passing_Valid_Distinct_Values_Returns_False (Españä)" computerName="PC-SFERRARI" duration="00:00:00.0000564" startTime="2020-09-01T16:43:03.2147566+01:00" endTime="2020-09-01T16:43:03.2160867+01:00" testType="13cdc9d9-ddb5-4fa4-a97d-d965ccfc6d4b" outcome="Passed" testListId="8c84fa94-04c1-424b-9868-57a2d4851a1d" relativeResultsDirectory="b0200f3a-6d86-4bca-99c2-62ce9f494d1e" dataRowInfo="4" resultType="DataDrivenDataRow" />
        <UnitTestResult executionId="cb824bc8-2336-4866-af15-ed62f29bacd5" parentExecutionId="0ef82560-dc1a-48b9-9209-d2a2242b0b94" testId="b10bbd05-c792-3d8c-96c7-1a5f4647c7dd" testName="OperatorEqual_Passing_Valid_Distinct_Values_Returns_False (Españâ)" computerName="PC-SFERRARI" duration="00:00:00.0000152" startTime="2020-09-01T16:43:03.2147566+01:00" endTime="2020-09-01T16:43:03.2160867+01:00" testType="13cdc9d9-ddb5-4fa4-a97d-d965ccfc6d4b" outcome="Passed" testListId="8c84fa94-04c1-424b-9868-57a2d4851a1d" relativeResultsDirectory="cb824bc8-2336-4866-af15-ed62f29bacd5" dataRowInfo="5" resultType="DataDrivenDataRow" />
        <UnitTestResult executionId="d5afb21a-b5e7-4f1c-b332-a15c9cc77863" parentExecutionId="0ef82560-dc1a-48b9-9209-d2a2242b0b94" testId="b10bbd05-c792-3d8c-96c7-1a5f4647c7dd" testName="OperatorEqual_Passing_Valid_Distinct_Values_Returns_False (Españã)" computerName="PC-SFERRARI" duration="00:00:00.0000126" startTime="2020-09-01T16:43:03.2147566+01:00" endTime="2020-09-01T16:43:03.2160867+01:00" testType="13cdc9d9-ddb5-4fa4-a97d-d965ccfc6d4b" outcome="Passed" testListId="8c84fa94-04c1-424b-9868-57a2d4851a1d" relativeResultsDirectory="d5afb21a-b5e7-4f1c-b332-a15c9cc77863" dataRowInfo="6" resultType="DataDrivenDataRow" />
        <UnitTestResult executionId="f844587c-a8f3-4771-8e61-56c2700ac992" parentExecutionId="0ef82560-dc1a-48b9-9209-d2a2242b0b94" testId="b10bbd05-c792-3d8c-96c7-1a5f4647c7dd" testName="OperatorEqual_Passing_Valid_Distinct_Values_Returns_False (Españç)" computerName="PC-SFERRARI" duration="00:00:00.0000124" startTime="2020-09-01T16:43:03.2147566+01:00" endTime="2020-09-01T16:43:03.2160867+01:00" testType="13cdc9d9-ddb5-4fa4-a97d-d965ccfc6d4b" outcome="Passed" testListId="8c84fa94-04c1-424b-9868-57a2d4851a1d" relativeResultsDirectory="f844587c-a8f3-4771-8e61-56c2700ac992" dataRowInfo="7" resultType="DataDrivenDataRow" />
        <UnitTestResult executionId="8705148f-62c0-4ebc-b5fe-94dbdf77e7ff" parentExecutionId="0ef82560-dc1a-48b9-9209-d2a2242b0b94" testId="b10bbd05-c792-3d8c-96c7-1a5f4647c7dd" testName="OperatorEqual_Passing_Valid_Distinct_Values_Returns_False (Españħ)" computerName="PC-SFERRARI" duration="00:00:00.0000183" startTime="2020-09-01T16:43:03.2147566+01:00" endTime="2020-09-01T16:43:03.2160867+01:00" testType="13cdc9d9-ddb5-4fa4-a97d-d965ccfc6d4b" outcome="Passed" testListId="8c84fa94-04c1-424b-9868-57a2d4851a1d" relativeResultsDirectory="8705148f-62c0-4ebc-b5fe-94dbdf77e7ff" dataRowInfo="8" resultType="DataDrivenDataRow" />
        <UnitTestResult executionId="e178fabb-f1fc-4ea5-9436-8f8b8f2b7362" parentExecutionId="0ef82560-dc1a-48b9-9209-d2a2242b0b94" testId="b10bbd05-c792-3d8c-96c7-1a5f4647c7dd" testName="OperatorEqual_Passing_Valid_Distinct_Values_Returns_False (Esp añâ)" computerName="PC-SFERRARI" duration="00:00:00.0000132" startTime="2020-09-01T16:43:03.2147566+01:00" endTime="2020-09-01T16:43:03.2160867+01:00" testType="13cdc9d9-ddb5-4fa4-a97d-d965ccfc6d4b" outcome="Passed" testListId="8c84fa94-04c1-424b-9868-57a2d4851a1d" relativeResultsDirectory="e178fabb-f1fc-4ea5-9436-8f8b8f2b7362" dataRowInfo="9" resultType="DataDrivenDataRow" />
      </InnerResults>
    </UnitTestResult>
    <UnitTestResult executionId="e81b7c85-ff96-4231-8791-f7107e424504" testId="6afaec20-42f3-051a-70dd-dd8272a94d57" testName="ToEnum_Passing_Valid_String_Name_Enumeracion_Returns_Enumeracion" computerName="PC-SFERRARI" duration="00:00:00.0001385" startTime="2020-09-01T16:43:02.3959029+01:00" endTime="2020-09-01T16:43:02.3961135+01:00" testType="13cdc9d9-ddb5-4fa4-a97d-d965ccfc6d4b" outcome="Passed" testListId="8c84fa94-04c1-424b-9868-57a2d4851a1d" relativeResultsDirectory="e81b7c85-ff96-4231-8791-f7107e424504" />
    <UnitTestResult executionId="36447a6f-30fb-4553-9418-70e32d31e58f" testId="99c0f1dd-a954-07f0-474b-96a0626b66a1" testName="ToEnum_Passing_Valid_String_Name_Returns_Enumeracion" computerName="PC-SFERRARI" duration="00:00:00.0001350" startTime="2020-09-01T16:43:02.4462341+01:00" endTime="2020-09-01T16:43:02.4464401+01:00" testType="13cdc9d9-ddb5-4fa4-a97d-d965ccfc6d4b" outcome="Passed" testListId="8c84fa94-04c1-424b-9868-57a2d4851a1d" relativeResultsDirectory="36447a6f-30fb-4553-9418-70e32d31e58f" />
    <UnitTestResult executionId="9adc46e4-36cc-4bab-a485-f881858f1d81" testId="2ea46394-44f6-bdfd-606e-536cc1a2eef1" testName="Create_Passing_Valid_Values_Returns_FullName" computerName="PC-SFERRARI" duration="00:00:00.0002614" startTime="2020-09-01T16:43:02.8813581+01:00" endTime="2020-09-01T16:43:02.8817010+01:00" testType="13cdc9d9-ddb5-4fa4-a97d-d965ccfc6d4b" outcome="Passed" testListId="8c84fa94-04c1-424b-9868-57a2d4851a1d" relativeResultsDirectory="9adc46e4-36cc-4bab-a485-f881858f1d81" resultType="DataDrivenTest">
      <InnerResults>
        <UnitTestResult executionId="e7ea6add-1053-4798-a9d0-c433129fec49" parentExecutionId="9adc46e4-36cc-4bab-a485-f881858f1d81" testId="2ea46394-44f6-bdfd-606e-536cc1a2eef1" testName="Create_Passing_Valid_Values_Returns_FullName (San Bartoleme De Tirajana,Las Palmas,España)" computerName="PC-SFERRARI" duration="00:00:00.0001903" startTime="2020-09-01T16:43:02.8813581+01:00" endTime="2020-09-01T16:43:02.8817010+01:00" testType="13cdc9d9-ddb5-4fa4-a97d-d965ccfc6d4b" outcome="Passed" testListId="8c84fa94-04c1-424b-9868-57a2d4851a1d" relativeResultsDirectory="e7ea6add-1053-4798-a9d0-c433129fec49" dataRowInfo="1" resultType="DataDrivenDataRow" />
        <UnitTestResult executionId="f9bcf70d-ef77-4188-ba04-bdadcc93c235" parentExecutionId="9adc46e4-36cc-4bab-a485-f881858f1d81" testId="2ea46394-44f6-bdfd-606e-536cc1a2eef1" testName="Create_Passing_Valid_Values_Returns_FullName (Sabadell,Barcelona,España)" computerName="PC-SFERRARI" duration="00:00:00.0000193" startTime="2020-09-01T16:43:02.8813581+01:00" endTime="2020-09-01T16:43:02.8817010+01:00" testType="13cdc9d9-ddb5-4fa4-a97d-d965ccfc6d4b" outcome="Passed" testListId="8c84fa94-04c1-424b-9868-57a2d4851a1d" relativeResultsDirectory="f9bcf70d-ef77-4188-ba04-bdadcc93c235" dataRowInfo="2" resultType="DataDrivenDataRow" />
      </InnerResults>
    </UnitTestResult>
    <UnitTestResult executionId="ca465534-3ee1-4e46-b174-f81d09c6f349" testId="cfc0b506-e5fe-b0db-3d07-04d53340cc58" testName="IsAmex_Passing_Nothing_Returns_True" computerName="PC-SFERRARI" duration="00:00:00.0008303" startTime="2020-09-01T16:43:02.2632876+01:00" endTime="2020-09-01T16:43:02.2643512+01:00" testType="13cdc9d9-ddb5-4fa4-a97d-d965ccfc6d4b" outcome="Passed" testListId="8c84fa94-04c1-424b-9868-57a2d4851a1d" relativeResultsDirectory="ca465534-3ee1-4e46-b174-f81d09c6f349" />
    <UnitTestResult executionId="0bbf5582-d78f-463a-b705-a17b0a324dbd" testId="96faba19-0bfe-83ba-6e84-9c0321f406c2" testName="IsMale_Passing_Nothing_Returns_True" computerName="PC-SFERRARI" duration="00:00:00.0002239" startTime="2020-09-01T16:43:02.3703416+01:00" endTime="2020-09-01T16:43:02.3706419+01:00" testType="13cdc9d9-ddb5-4fa4-a97d-d965ccfc6d4b" outcome="Passed" testListId="8c84fa94-04c1-424b-9868-57a2d4851a1d" relativeResultsDirectory="0bbf5582-d78f-463a-b705-a17b0a324dbd" />
    <UnitTestResult executionId="ce1414df-37cb-4451-9977-c5c415ff507c" testId="a50cb7dc-992a-23d1-57a7-839a1118dfa3" testName="GetAll_Passing_Nothing_Returns_Enumeracion_List" computerName="PC-SFERRARI" duration="00:00:00.0009066" startTime="2020-09-01T16:43:02.3687014+01:00" endTime="2020-09-01T16:43:02.3699605+01:00" testType="13cdc9d9-ddb5-4fa4-a97d-d965ccfc6d4b" outcome="Passed" testListId="8c84fa94-04c1-424b-9868-57a2d4851a1d" relativeResultsDirectory="ce1414df-37cb-4451-9977-c5c415ff507c" />
    <UnitTestResult executionId="d6c16cbc-3539-4757-a367-7de9be6159a7" testId="f32c4def-2f6e-3a0b-be76-e606178c7f60" testName="IsNull_Passing_Valid_Address_Returns_False" computerName="PC-SFERRARI" duration="00:00:00.0002347" startTime="2020-09-01T16:43:02.5910594+01:00" endTime="2020-09-01T16:43:02.5913896+01:00" testType="13cdc9d9-ddb5-4fa4-a97d-d965ccfc6d4b" outcome="Passed" testListId="8c84fa94-04c1-424b-9868-57a2d4851a1d" relativeResultsDirectory="d6c16cbc-3539-4757-a367-7de9be6159a7" resultType="DataDrivenTest">
      <InnerResults>
        <UnitTestResult executionId="ebe0d082-a37a-4926-9205-a831d739843b" parentExecutionId="d6c16cbc-3539-4757-a367-7de9be6159a7" testId="f32c4def-2f6e-3a0b-be76-e606178c7f60" testName="IsNull_Passing_Valid_Address_Returns_False (Tenerife,23,34567,San Bartoleme De Tirajana,Las Palmas,España)" computerName="PC-SFERRARI" duration="00:00:00.0001614" startTime="2020-09-01T16:43:02.5910594+01:00" endTime="2020-09-01T16:43:02.5913896+01:00" testType="13cdc9d9-ddb5-4fa4-a97d-d965ccfc6d4b" outcome="Passed" testListId="8c84fa94-04c1-424b-9868-57a2d4851a1d" relativeResultsDirectory="ebe0d082-a37a-4926-9205-a831d739843b" dataRowInfo="1" resultType="DataDrivenDataRow" />
        <UnitTestResult executionId="5ef93c6f-c305-4fe3-8aa1-9072ea13b2df" parentExecutionId="d6c16cbc-3539-4757-a367-7de9be6159a7" testId="f32c4def-2f6e-3a0b-be76-e606178c7f60" testName="IsNull_Passing_Valid_Address_Returns_False (Pader,789,DF7956,Sabadell,Barcelona,España)" computerName="PC-SFERRARI" duration="00:00:00.0000098" startTime="2020-09-01T16:43:02.5910594+01:00" endTime="2020-09-01T16:43:02.5913896+01:00" testType="13cdc9d9-ddb5-4fa4-a97d-d965ccfc6d4b" outcome="Passed" testListId="8c84fa94-04c1-424b-9868-57a2d4851a1d" relativeResultsDirectory="5ef93c6f-c305-4fe3-8aa1-9072ea13b2df" dataRowInfo="2" resultType="DataDrivenDataRow" />
      </InnerResults>
    </UnitTestResult>
    <UnitTestResult executionId="0c455e75-a412-49eb-92e3-92d7e49b36a5" testId="b5816c40-b187-058a-299e-906a7a313317" testName="OperatorNotEqual_Passing_Valid_Values_Returns_True" computerName="PC-SFERRARI" duration="00:00:00.0018876" startTime="2020-09-01T16:43:03.0879838+01:00" endTime="2020-09-01T16:43:03.0900531+01:00" testType="13cdc9d9-ddb5-4fa4-a97d-d965ccfc6d4b" outcome="Passed" testListId="8c84fa94-04c1-424b-9868-57a2d4851a1d" relativeResultsDirectory="0c455e75-a412-49eb-92e3-92d7e49b36a5" resultType="DataDrivenTest">
      <InnerResults>
        <UnitTestResult executionId="5d3236a5-d569-4671-8fbc-2255974fcccd" parentExecutionId="0c455e75-a412-49eb-92e3-92d7e49b36a5" testId="b5816c40-b187-058a-299e-906a7a313317" testName="OperatorNotEqual_Passing_Valid_Values_Returns_True (100,EUR,2)" computerName="PC-SFERRARI" duration="00:00:00.0008573" startTime="2020-09-01T16:43:03.0879838+01:00" endTime="2020-09-01T16:43:03.0900531+01:00" testType="13cdc9d9-ddb5-4fa4-a97d-d965ccfc6d4b" outcome="Passed" testListId="8c84fa94-04c1-424b-9868-57a2d4851a1d" relativeResultsDirectory="5d3236a5-d569-4671-8fbc-2255974fcccd" dataRowInfo="1" resultType="DataDrivenDataRow" />
        <UnitTestResult executionId="0991c01f-9011-4ee7-9e2d-84096e1fa1d2" parentExecutionId="0c455e75-a412-49eb-92e3-92d7e49b36a5" testId="b5816c40-b187-058a-299e-906a7a313317" testName="OperatorNotEqual_Passing_Valid_Values_Returns_True (200,EUR,4)" computerName="PC-SFERRARI" duration="00:00:00.0004630" startTime="2020-09-01T16:43:03.0879838+01:00" endTime="2020-09-01T16:43:03.0900531+01:00" testType="13cdc9d9-ddb5-4fa4-a97d-d965ccfc6d4b" outcome="Passed" testListId="8c84fa94-04c1-424b-9868-57a2d4851a1d" relativeResultsDirectory="0991c01f-9011-4ee7-9e2d-84096e1fa1d2" dataRowInfo="2" resultType="DataDrivenDataRow" />
        <UnitTestResult executionId="fef69ef6-a98a-48ff-bab1-2bc3ab0e0b4d" parentExecutionId="0c455e75-a412-49eb-92e3-92d7e49b36a5" testId="b5816c40-b187-058a-299e-906a7a313317" testName="OperatorNotEqual_Passing_Valid_Values_Returns_True (400,EUR,8)" computerName="PC-SFERRARI" duration="00:00:00.0004576" startTime="2020-09-01T16:43:03.0879838+01:00" endTime="2020-09-01T16:43:03.0900531+01:00" testType="13cdc9d9-ddb5-4fa4-a97d-d965ccfc6d4b" outcome="Passed" testListId="8c84fa94-04c1-424b-9868-57a2d4851a1d" relativeResultsDirectory="fef69ef6-a98a-48ff-bab1-2bc3ab0e0b4d" dataRowInfo="3" resultType="DataDrivenDataRow" />
      </InnerResults>
    </UnitTestResult>
    <UnitTestResult executionId="cbd287d5-dd59-4c21-b5f7-cb64deb1b8b1" testId="d72572bb-7928-9c07-ef1f-d247b9026627" testName="Create_Passing_InvalidOrNull_Value_Returns_ApplicationException" computerName="PC-SFERRARI" duration="00:00:00.0011245" startTime="2020-09-01T16:43:02.6865030+01:00" endTime="2020-09-01T16:43:02.6877400+01:00" testType="13cdc9d9-ddb5-4fa4-a97d-d965ccfc6d4b" outcome="Passed" testListId="8c84fa94-04c1-424b-9868-57a2d4851a1d" relativeResultsDirectory="cbd287d5-dd59-4c21-b5f7-cb64deb1b8b1" resultType="DataDrivenTest">
      <InnerResults>
        <UnitTestResult executionId="52341c21-61ac-429a-a5bd-7c77d6e71395" parentExecutionId="cbd287d5-dd59-4c21-b5f7-cb64deb1b8b1" testId="d72572bb-7928-9c07-ef1f-d247b9026627" testName="Create_Passing_InvalidOrNull_Value_Returns_ApplicationException ()" computerName="PC-SFERRARI" duration="00:00:00.0010689" startTime="2020-09-01T16:43:02.6865030+01:00" endTime="2020-09-01T16:43:02.6877400+01:00" testType="13cdc9d9-ddb5-4fa4-a97d-d965ccfc6d4b" outcome="Passed" testListId="8c84fa94-04c1-424b-9868-57a2d4851a1d" relativeResultsDirectory="52341c21-61ac-429a-a5bd-7c77d6e71395" dataRowInfo="1" resultType="DataDrivenDataRow" />
      </InnerResults>
    </UnitTestResult>
    <UnitTestResult executionId="9624b7b1-245a-4d30-9d0c-fecd810809a9" testId="389a94fb-03f1-a2c7-c8a2-43670b7ac19d" testName="Create_Passing_InvalidOrNull_Value_Returns_ApplicationException" computerName="PC-SFERRARI" duration="00:00:00.0006205" startTime="2020-09-01T16:43:03.1114516+01:00" endTime="2020-09-01T16:43:03.1122453+01:00" testType="13cdc9d9-ddb5-4fa4-a97d-d965ccfc6d4b" outcome="Passed" testListId="8c84fa94-04c1-424b-9868-57a2d4851a1d" relativeResultsDirectory="9624b7b1-245a-4d30-9d0c-fecd810809a9" resultType="DataDrivenTest">
      <InnerResults>
        <UnitTestResult executionId="0306dde3-4b08-403b-9d59-5d86d848b7b9" parentExecutionId="9624b7b1-245a-4d30-9d0c-fecd810809a9" testId="389a94fb-03f1-a2c7-c8a2-43670b7ac19d" testName="Create_Passing_InvalidOrNull_Value_Returns_ApplicationException ()" computerName="PC-SFERRARI" duration="00:00:00.0004974" startTime="2020-09-01T16:43:03.1114516+01:00" endTime="2020-09-01T16:43:03.1122453+01:00" testType="13cdc9d9-ddb5-4fa4-a97d-d965ccfc6d4b" outcome="Passed" testListId="8c84fa94-04c1-424b-9868-57a2d4851a1d" relativeResultsDirectory="0306dde3-4b08-403b-9d59-5d86d848b7b9" dataRowInfo="1" resultType="DataDrivenDataRow" />
        <UnitTestResult executionId="9a054ba1-8a9f-4281-a4a8-cc2e61b50114" parentExecutionId="9624b7b1-245a-4d30-9d0c-fecd810809a9" testId="389a94fb-03f1-a2c7-c8a2-43670b7ac19d" testName="Create_Passing_InvalidOrNull_Value_Returns_ApplicationException ()" computerName="PC-SFERRARI" duration="00:00:00.0000503" startTime="2020-09-01T16:43:03.1114516+01:00" endTime="2020-09-01T16:43:03.1122453+01:00" testType="13cdc9d9-ddb5-4fa4-a97d-d965ccfc6d4b" outcome="Passed" testListId="8c84fa94-04c1-424b-9868-57a2d4851a1d" relativeResultsDirectory="9a054ba1-8a9f-4281-a4a8-cc2e61b50114" dataRowInfo="2" resultType="DataDrivenDataRow" />
      </InnerResults>
    </UnitTestResult>
    <UnitTestResult executionId="e95bb00a-de83-465b-bcea-570df9cb016e" testId="27a0e577-20d6-fabc-02be-7af6a06cb12f" testName="ToEnum_Passing_Valid_IntName_Enumeracion_Returns_Enumeracion" computerName="PC-SFERRARI" duration="00:00:00.0001346" startTime="2020-09-01T16:43:02.3712740+01:00" endTime="2020-09-01T16:43:02.3714905+01:00" testType="13cdc9d9-ddb5-4fa4-a97d-d965ccfc6d4b" outcome="Passed" testListId="8c84fa94-04c1-424b-9868-57a2d4851a1d" relativeResultsDirectory="e95bb00a-de83-465b-bcea-570df9cb016e" />
    <UnitTestResult executionId="b67bda36-b00e-4bf5-a30c-250b9751b715" testId="a7b68708-c69e-0ff4-e40e-725b6fe202e8" testName="GetAll_Passing_Nothing_Returns_Enumeracion_List" computerName="PC-SFERRARI" duration="00:00:00.0007559" startTime="2020-09-01T16:43:02.4218410+01:00" endTime="2020-09-01T16:43:02.4228351+01:00" testType="13cdc9d9-ddb5-4fa4-a97d-d965ccfc6d4b" outcome="Passed" testListId="8c84fa94-04c1-424b-9868-57a2d4851a1d" relativeResultsDirectory="b67bda36-b00e-4bf5-a30c-250b9751b715" />
    <UnitTestResult executionId="3de32502-5690-48ad-90b1-e6499798146a" testId="505c974a-abdc-ad26-ef8c-4f699fb49682" testName="IsNull_Passing_Valid_Values_Returns_False" computerName="PC-SFERRARI" duration="00:00:00.0002378" startTime="2020-09-01T16:43:02.9033336+01:00" endTime="2020-09-01T16:43:02.9036612+01:00" testType="13cdc9d9-ddb5-4fa4-a97d-d965ccfc6d4b" outcome="Passed" testListId="8c84fa94-04c1-424b-9868-57a2d4851a1d" relativeResultsDirectory="3de32502-5690-48ad-90b1-e6499798146a" resultType="DataDrivenTest">
      <InnerResults>
        <UnitTestResult executionId="d1dd7aee-c532-437d-a951-c5c62563c0c9" parentExecutionId="3de32502-5690-48ad-90b1-e6499798146a" testId="505c974a-abdc-ad26-ef8c-4f699fb49682" testName="IsNull_Passing_Valid_Values_Returns_False (Tenerife,San Bartoleme De Tirajana,Las Palmas)" computerName="PC-SFERRARI" duration="00:00:00.0001581" startTime="2020-09-01T16:43:02.9033336+01:00" endTime="2020-09-01T16:43:02.9036612+01:00" testType="13cdc9d9-ddb5-4fa4-a97d-d965ccfc6d4b" outcome="Passed" testListId="8c84fa94-04c1-424b-9868-57a2d4851a1d" relativeResultsDirectory="d1dd7aee-c532-437d-a951-c5c62563c0c9" dataRowInfo="1" resultType="DataDrivenDataRow" />
        <UnitTestResult executionId="dbae22c9-c93b-488d-acb2-6a152c63262a" parentExecutionId="3de32502-5690-48ad-90b1-e6499798146a" testId="505c974a-abdc-ad26-ef8c-4f699fb49682" testName="IsNull_Passing_Valid_Values_Returns_False (Sabadell,Barcelona,España)" computerName="PC-SFERRARI" duration="00:00:00.0000259" startTime="2020-09-01T16:43:02.9033336+01:00" endTime="2020-09-01T16:43:02.9036612+01:00" testType="13cdc9d9-ddb5-4fa4-a97d-d965ccfc6d4b" outcome="Passed" testListId="8c84fa94-04c1-424b-9868-57a2d4851a1d" relativeResultsDirectory="dbae22c9-c93b-488d-acb2-6a152c63262a" dataRowInfo="2" resultType="DataDrivenDataRow" />
      </InnerResults>
    </UnitTestResult>
    <UnitTestResult executionId="4f8af468-48f8-4852-9bd2-5dfad6d8008f" testId="3265fbd4-437d-4974-fc11-e9c28c6df816" testName="ToNormalize_Passing_Valid_Values_Returns_Name_String_Format" computerName="PC-SFERRARI" duration="00:00:00.0017199" startTime="2020-09-01T16:43:03.3009701+01:00" endTime="2020-09-01T16:43:03.3028611+01:00" testType="13cdc9d9-ddb5-4fa4-a97d-d965ccfc6d4b" outcome="Passed" testListId="8c84fa94-04c1-424b-9868-57a2d4851a1d" relativeResultsDirectory="4f8af468-48f8-4852-9bd2-5dfad6d8008f" resultType="DataDrivenTest">
      <InnerResults>
        <UnitTestResult executionId="08e0ccf7-7320-4677-a85a-4cec0eb8a83a" parentExecutionId="4f8af468-48f8-4852-9bd2-5dfad6d8008f" testId="3265fbd4-437d-4974-fc11-e9c28c6df816" testName="ToNormalize_Passing_Valid_Values_Returns_Name_String_Format (España,Espana)" computerName="PC-SFERRARI" duration="00:00:00.0013239" startTime="2020-09-01T16:43:03.3009701+01:00" endTime="2020-09-01T16:43:03.3028611+01:00" testType="13cdc9d9-ddb5-4fa4-a97d-d965ccfc6d4b" outcome="Passed" testListId="8c84fa94-04c1-424b-9868-57a2d4851a1d" relativeResultsDirectory="08e0ccf7-7320-4677-a85a-4cec0eb8a83a" dataRowInfo="1" resultType="DataDrivenDataRow" />
        <UnitTestResult executionId="a9bf51a4-9c9e-4998-b6fd-a4365404915f" parentExecutionId="4f8af468-48f8-4852-9bd2-5dfad6d8008f" testId="3265fbd4-437d-4974-fc11-e9c28c6df816" testName="ToNormalize_Passing_Valid_Values_Returns_Name_String_Format (Españá,Espana)" computerName="PC-SFERRARI" duration="00:00:00.0000379" startTime="2020-09-01T16:43:03.3009701+01:00" endTime="2020-09-01T16:43:03.3028611+01:00" testType="13cdc9d9-ddb5-4fa4-a97d-d965ccfc6d4b" outcome="Passed" testListId="8c84fa94-04c1-424b-9868-57a2d4851a1d" relativeResultsDirectory="a9bf51a4-9c9e-4998-b6fd-a4365404915f" dataRowInfo="2" resultType="DataDrivenDataRow" />
        <UnitTestResult executionId="2991a0f4-4bdd-4722-b667-5f9f3bc5abfc" parentExecutionId="4f8af468-48f8-4852-9bd2-5dfad6d8008f" testId="3265fbd4-437d-4974-fc11-e9c28c6df816" testName="ToNormalize_Passing_Valid_Values_Returns_Name_String_Format (Españà,Espana)" computerName="PC-SFERRARI" duration="00:00:00.0000257" startTime="2020-09-01T16:43:03.3009701+01:00" endTime="2020-09-01T16:43:03.3028611+01:00" testType="13cdc9d9-ddb5-4fa4-a97d-d965ccfc6d4b" outcome="Passed" testListId="8c84fa94-04c1-424b-9868-57a2d4851a1d" relativeResultsDirectory="2991a0f4-4bdd-4722-b667-5f9f3bc5abfc" dataRowInfo="3" resultType="DataDrivenDataRow" />
        <UnitTestResult executionId="a72de3b9-1927-40d6-bd92-b3876cf0baea" parentExecutionId="4f8af468-48f8-4852-9bd2-5dfad6d8008f" testId="3265fbd4-437d-4974-fc11-e9c28c6df816" testName="ToNormalize_Passing_Valid_Values_Returns_Name_String_Format (Españä,Espana)" computerName="PC-SFERRARI" duration="00:00:00.0000238" startTime="2020-09-01T16:43:03.3009701+01:00" endTime="2020-09-01T16:43:03.3028611+01:00" testType="13cdc9d9-ddb5-4fa4-a97d-d965ccfc6d4b" outcome="Passed" testListId="8c84fa94-04c1-424b-9868-57a2d4851a1d" relativeResultsDirectory="a72de3b9-1927-40d6-bd92-b3876cf0baea" dataRowInfo="4" resultType="DataDrivenDataRow" />
        <UnitTestResult executionId="0f9e7a65-44a1-435a-9d71-4bb298a20f2c" parentExecutionId="4f8af468-48f8-4852-9bd2-5dfad6d8008f" testId="3265fbd4-437d-4974-fc11-e9c28c6df816" testName="ToNormalize_Passing_Valid_Values_Returns_Name_String_Format (Españâ,Espana)" computerName="PC-SFERRARI" duration="00:00:00.0000236" startTime="2020-09-01T16:43:03.3009701+01:00" endTime="2020-09-01T16:43:03.3028611+01:00" testType="13cdc9d9-ddb5-4fa4-a97d-d965ccfc6d4b" outcome="Passed" testListId="8c84fa94-04c1-424b-9868-57a2d4851a1d" relativeResultsDirectory="0f9e7a65-44a1-435a-9d71-4bb298a20f2c" dataRowInfo="5" resultType="DataDrivenDataRow" />
        <UnitTestResult executionId="87a99d7e-a13d-4746-b3a1-70939a293c7d" parentExecutionId="4f8af468-48f8-4852-9bd2-5dfad6d8008f" testId="3265fbd4-437d-4974-fc11-e9c28c6df816" testName="ToNormalize_Passing_Valid_Values_Returns_Name_String_Format (Españã,Espana)" computerName="PC-SFERRARI" duration="00:00:00.0000232" startTime="2020-09-01T16:43:03.3009701+01:00" endTime="2020-09-01T16:43:03.3028611+01:00" testType="13cdc9d9-ddb5-4fa4-a97d-d965ccfc6d4b" outcome="Passed" testListId="8c84fa94-04c1-424b-9868-57a2d4851a1d" relativeResultsDirectory="87a99d7e-a13d-4746-b3a1-70939a293c7d" dataRowInfo="6" resultType="DataDrivenDataRow" />
        <UnitTestResult executionId="1f436429-213a-4bf7-a66e-c204f37b245b" parentExecutionId="4f8af468-48f8-4852-9bd2-5dfad6d8008f" testId="3265fbd4-437d-4974-fc11-e9c28c6df816" testName="ToNormalize_Passing_Valid_Values_Returns_Name_String_Format (Españç,Espanc)" computerName="PC-SFERRARI" duration="00:00:00.0000235" startTime="2020-09-01T16:43:03.3009701+01:00" endTime="2020-09-01T16:43:03.3028611+01:00" testType="13cdc9d9-ddb5-4fa4-a97d-d965ccfc6d4b" outcome="Passed" testListId="8c84fa94-04c1-424b-9868-57a2d4851a1d" relativeResultsDirectory="1f436429-213a-4bf7-a66e-c204f37b245b" dataRowInfo="7" resultType="DataDrivenDataRow" />
        <UnitTestResult executionId="55729719-e4be-4e02-bca1-599c6b778b6f" parentExecutionId="4f8af468-48f8-4852-9bd2-5dfad6d8008f" testId="3265fbd4-437d-4974-fc11-e9c28c6df816" testName="ToNormalize_Passing_Valid_Values_Returns_Name_String_Format (Españħ,Espanh)" computerName="PC-SFERRARI" duration="00:00:00.0000236" startTime="2020-09-01T16:43:03.3009701+01:00" endTime="2020-09-01T16:43:03.3028611+01:00" testType="13cdc9d9-ddb5-4fa4-a97d-d965ccfc6d4b" outcome="Passed" testListId="8c84fa94-04c1-424b-9868-57a2d4851a1d" relativeResultsDirectory="55729719-e4be-4e02-bca1-599c6b778b6f" dataRowInfo="8" resultType="DataDrivenDataRow" />
        <UnitTestResult executionId="0b29c0cf-b266-47fb-9dc7-65808576952f" parentExecutionId="4f8af468-48f8-4852-9bd2-5dfad6d8008f" testId="3265fbd4-437d-4974-fc11-e9c28c6df816" testName="ToNormalize_Passing_Valid_Values_Returns_Name_String_Format (Esp añâ,Esp ana)" computerName="PC-SFERRARI" duration="00:00:00.0000236" startTime="2020-09-01T16:43:03.3009701+01:00" endTime="2020-09-01T16:43:03.3028611+01:00" testType="13cdc9d9-ddb5-4fa4-a97d-d965ccfc6d4b" outcome="Passed" testListId="8c84fa94-04c1-424b-9868-57a2d4851a1d" relativeResultsDirectory="0b29c0cf-b266-47fb-9dc7-65808576952f" dataRowInfo="9" resultType="DataDrivenDataRow" />
      </InnerResults>
    </UnitTestResult>
    <UnitTestResult executionId="6740279b-f66a-4dd6-b55d-503de784d609" testId="bf7415ae-45f0-be29-e76d-b41b408fe020" testName="IsNull_Passing_Valid_Value_Returns_False" computerName="PC-SFERRARI" duration="00:00:00.0004019" startTime="2020-09-01T16:43:02.8184510+01:00" endTime="2020-09-01T16:43:02.8328742+01:00" testType="13cdc9d9-ddb5-4fa4-a97d-d965ccfc6d4b" outcome="Passed" testListId="8c84fa94-04c1-424b-9868-57a2d4851a1d" relativeResultsDirectory="6740279b-f66a-4dd6-b55d-503de784d609" resultType="DataDrivenTest">
      <InnerResults>
        <UnitTestResult executionId="d1a97eab-1c61-4bf9-bb91-a92a22cecb4b" parentExecutionId="6740279b-f66a-4dd6-b55d-503de784d609" testId="bf7415ae-45f0-be29-e76d-b41b408fe020" testName="IsNull_Passing_Valid_Value_Returns_False (dasdasd@dsasd.ff)" computerName="PC-SFERRARI" duration="00:00:00.0002503" startTime="2020-09-01T16:43:02.8184510+01:00" endTime="2020-09-01T16:43:02.8328742+01:00" testType="13cdc9d9-ddb5-4fa4-a97d-d965ccfc6d4b" outcome="Passed" testListId="8c84fa94-04c1-424b-9868-57a2d4851a1d" relativeResultsDirectory="d1a97eab-1c61-4bf9-bb91-a92a22cecb4b" dataRowInfo="1" resultType="DataDrivenDataRow" />
        <UnitTestResult executionId="e2d2f5fa-315f-4f30-840a-28776c494b50" parentExecutionId="6740279b-f66a-4dd6-b55d-503de784d609" testId="bf7415ae-45f0-be29-e76d-b41b408fe020" testName="IsNull_Passing_Valid_Value_Returns_False (34fsds@sdd.fgg)" computerName="PC-SFERRARI" duration="00:00:00.0000184" startTime="2020-09-01T16:43:02.8184510+01:00" endTime="2020-09-01T16:43:02.8328742+01:00" testType="13cdc9d9-ddb5-4fa4-a97d-d965ccfc6d4b" outcome="Passed" testListId="8c84fa94-04c1-424b-9868-57a2d4851a1d" relativeResultsDirectory="e2d2f5fa-315f-4f30-840a-28776c494b50" dataRowInfo="2" resultType="DataDrivenDataRow" />
      </InnerResults>
    </UnitTestResult>
    <UnitTestResult executionId="17cc730b-0c76-488f-86f7-aee5a1b771c4" testId="486d5231-aeb6-594f-38d5-98ce591994a3" testName="Equals_Passing_Valid_Distinct_Values_Returns_False" computerName="PC-SFERRARI" duration="00:00:00.0014587" startTime="2020-09-01T16:43:03.5510680+01:00" endTime="2020-09-01T16:43:03.5526023+01:00" testType="13cdc9d9-ddb5-4fa4-a97d-d965ccfc6d4b" outcome="Passed" testListId="8c84fa94-04c1-424b-9868-57a2d4851a1d" relativeResultsDirectory="17cc730b-0c76-488f-86f7-aee5a1b771c4" resultType="DataDrivenTest">
      <InnerResults>
        <UnitTestResult executionId="f288ad4a-ceea-4cfb-9ee7-52215834015a" parentExecutionId="17cc730b-0c76-488f-86f7-aee5a1b771c4" testId="486d5231-aeb6-594f-38d5-98ce591994a3" testName="Equals_Passing_Valid_Distinct_Values_Returns_False (456,43543543543)" computerName="PC-SFERRARI" duration="00:00:00.0013653" startTime="2020-09-01T16:43:03.5510680+01:00" endTime="2020-09-01T16:43:03.5526023+01:00" testType="13cdc9d9-ddb5-4fa4-a97d-d965ccfc6d4b" outcome="Passed" testListId="8c84fa94-04c1-424b-9868-57a2d4851a1d" relativeResultsDirectory="f288ad4a-ceea-4cfb-9ee7-52215834015a" dataRowInfo="1" resultType="DataDrivenDataRow" />
        <UnitTestResult executionId="2ee6648d-a9b8-470b-befe-48ec3ac56a80" parentExecutionId="17cc730b-0c76-488f-86f7-aee5a1b771c4" testId="486d5231-aeb6-594f-38d5-98ce591994a3" testName="Equals_Passing_Valid_Distinct_Values_Returns_False (D45,86554654)" computerName="PC-SFERRARI" duration="00:00:00.0000302" startTime="2020-09-01T16:43:03.5510680+01:00" endTime="2020-09-01T16:43:03.5526023+01:00" testType="13cdc9d9-ddb5-4fa4-a97d-d965ccfc6d4b" outcome="Passed" testListId="8c84fa94-04c1-424b-9868-57a2d4851a1d" relativeResultsDirectory="2ee6648d-a9b8-470b-befe-48ec3ac56a80" dataRowInfo="2" resultType="DataDrivenDataRow" />
      </InnerResults>
    </UnitTestResult>
    <UnitTestResult executionId="e9eec7ae-4f8e-4081-85c4-5519e02fbb09" testId="e5e892cf-2006-a955-6ca0-1ec5d852214c" testName="ToEnum_Passing_Valid_IntName_Enumeracion_Returns_Enumeracion" computerName="PC-SFERRARI" duration="00:00:00.0001430" startTime="2020-09-01T16:43:02.2705270+01:00" endTime="2020-09-01T16:43:02.2707571+01:00" testType="13cdc9d9-ddb5-4fa4-a97d-d965ccfc6d4b" outcome="Passed" testListId="8c84fa94-04c1-424b-9868-57a2d4851a1d" relativeResultsDirectory="e9eec7ae-4f8e-4081-85c4-5519e02fbb09" />
    <UnitTestResult executionId="5e5e0847-f13f-4eb6-9ca0-2c81451b12ed" testId="2bd0308d-019c-fb25-a258-ca5e7ad09231" testName="OperatorEqual_Passing_Valid_Distinct_Values_Returns_False" computerName="PC-SFERRARI" duration="00:00:00.0004088" startTime="2020-09-01T16:43:02.9206235+01:00" endTime="2020-09-01T16:43:02.9211985+01:00" testType="13cdc9d9-ddb5-4fa4-a97d-d965ccfc6d4b" outcome="Passed" testListId="8c84fa94-04c1-424b-9868-57a2d4851a1d" relativeResultsDirectory="5e5e0847-f13f-4eb6-9ca0-2c81451b12ed" resultType="DataDrivenTest">
      <InnerResults>
        <UnitTestResult executionId="f21dc1c8-4829-4112-b0c8-8eb8036b6b53" parentExecutionId="5e5e0847-f13f-4eb6-9ca0-2c81451b12ed" testId="2bd0308d-019c-fb25-a258-ca5e7ad09231" testName="OperatorEqual_Passing_Valid_Distinct_Values_Returns_False (San Bartoleme De Tirajana,Las Palmas,España)" computerName="PC-SFERRARI" duration="00:00:00.0002918" startTime="2020-09-01T16:43:02.9206235+01:00" endTime="2020-09-01T16:43:02.9211985+01:00" testType="13cdc9d9-ddb5-4fa4-a97d-d965ccfc6d4b" outcome="Passed" testListId="8c84fa94-04c1-424b-9868-57a2d4851a1d" relativeResultsDirectory="f21dc1c8-4829-4112-b0c8-8eb8036b6b53" dataRowInfo="1" resultType="DataDrivenDataRow" />
        <UnitTestResult executionId="2a7e749e-0860-49c4-acac-f3ec5df9d17a" parentExecutionId="5e5e0847-f13f-4eb6-9ca0-2c81451b12ed" testId="2bd0308d-019c-fb25-a258-ca5e7ad09231" testName="OperatorEqual_Passing_Valid_Distinct_Values_Returns_False (Sabadell,Barcelona,España)" computerName="PC-SFERRARI" duration="00:00:00.0000464" startTime="2020-09-01T16:43:02.9206235+01:00" endTime="2020-09-01T16:43:02.9211985+01:00" testType="13cdc9d9-ddb5-4fa4-a97d-d965ccfc6d4b" outcome="Passed" testListId="8c84fa94-04c1-424b-9868-57a2d4851a1d" relativeResultsDirectory="2a7e749e-0860-49c4-acac-f3ec5df9d17a" dataRowInfo="2" resultType="DataDrivenDataRow" />
      </InnerResults>
    </UnitTestResult>
    <UnitTestResult executionId="0d76583b-1aee-47b9-8c53-c5de4df4ed5d" testId="8010ce30-a236-ec4e-43aa-ea9ebe0ce095" testName="OperatorEqual_Passing_Valid_Values_Returns_True" computerName="PC-SFERRARI" duration="00:00:00.0002420" startTime="2020-09-01T16:43:02.8332880+01:00" endTime="2020-09-01T16:43:02.8336010+01:00" testType="13cdc9d9-ddb5-4fa4-a97d-d965ccfc6d4b" outcome="Passed" testListId="8c84fa94-04c1-424b-9868-57a2d4851a1d" relativeResultsDirectory="0d76583b-1aee-47b9-8c53-c5de4df4ed5d" resultType="DataDrivenTest">
      <InnerResults>
        <UnitTestResult executionId="222bcc97-31c6-44a9-a645-c48f1338f614" parentExecutionId="0d76583b-1aee-47b9-8c53-c5de4df4ed5d" testId="8010ce30-a236-ec4e-43aa-ea9ebe0ce095" testName="OperatorEqual_Passing_Valid_Values_Returns_True (dasdasd@dsasd.ff)" computerName="PC-SFERRARI" duration="00:00:00.0001699" startTime="2020-09-01T16:43:02.8332880+01:00" endTime="2020-09-01T16:43:02.8336010+01:00" testType="13cdc9d9-ddb5-4fa4-a97d-d965ccfc6d4b" outcome="Passed" testListId="8c84fa94-04c1-424b-9868-57a2d4851a1d" relativeResultsDirectory="222bcc97-31c6-44a9-a645-c48f1338f614" dataRowInfo="1" resultType="DataDrivenDataRow" />
        <UnitTestResult executionId="2f6c6387-9e9d-4d65-9a99-25d363ce5b00" parentExecutionId="0d76583b-1aee-47b9-8c53-c5de4df4ed5d" testId="8010ce30-a236-ec4e-43aa-ea9ebe0ce095" testName="OperatorEqual_Passing_Valid_Values_Returns_True (34fsds@sdd.fgg)" computerName="PC-SFERRARI" duration="00:00:00.0000275" startTime="2020-09-01T16:43:02.8332880+01:00" endTime="2020-09-01T16:43:02.8336010+01:00" testType="13cdc9d9-ddb5-4fa4-a97d-d965ccfc6d4b" outcome="Passed" testListId="8c84fa94-04c1-424b-9868-57a2d4851a1d" relativeResultsDirectory="2f6c6387-9e9d-4d65-9a99-25d363ce5b00" dataRowInfo="2" resultType="DataDrivenDataRow" />
      </InnerResults>
    </UnitTestResult>
    <UnitTestResult executionId="ad757ce2-e676-42b0-992d-35eae9af782a" testId="84e5d156-9c5d-e299-dfaf-587322c60012" testName="Equals_Passing_Valid_Values_Returns_True" computerName="PC-SFERRARI" duration="00:00:00.0001890" startTime="2020-09-01T16:43:03.3776794+01:00" endTime="2020-09-01T16:43:03.3779496+01:00" testType="13cdc9d9-ddb5-4fa4-a97d-d965ccfc6d4b" outcome="Passed" testListId="8c84fa94-04c1-424b-9868-57a2d4851a1d" relativeResultsDirectory="ad757ce2-e676-42b0-992d-35eae9af782a" resultType="DataDrivenTest">
      <InnerResults>
        <UnitTestResult executionId="666ec3a5-1968-4cfe-b136-6bc2b62bdcc4" parentExecutionId="ad757ce2-e676-42b0-992d-35eae9af782a" testId="84e5d156-9c5d-e299-dfaf-587322c60012" testName="Equals_Passing_Valid_Values_Returns_True (San Bartoleme De Tirajana)" computerName="PC-SFERRARI" duration="00:00:00.0001380" startTime="2020-09-01T16:43:03.3776794+01:00" endTime="2020-09-01T16:43:03.3779496+01:00" testType="13cdc9d9-ddb5-4fa4-a97d-d965ccfc6d4b" outcome="Passed" testListId="8c84fa94-04c1-424b-9868-57a2d4851a1d" relativeResultsDirectory="666ec3a5-1968-4cfe-b136-6bc2b62bdcc4" dataRowInfo="1" resultType="DataDrivenDataRow" />
        <UnitTestResult executionId="964a5423-ee87-4364-9baf-c72a6d6d9466" parentExecutionId="ad757ce2-e676-42b0-992d-35eae9af782a" testId="84e5d156-9c5d-e299-dfaf-587322c60012" testName="Equals_Passing_Valid_Values_Returns_True (Sabadell)" computerName="PC-SFERRARI" duration="00:00:00.0000062" startTime="2020-09-01T16:43:03.3776794+01:00" endTime="2020-09-01T16:43:03.3779496+01:00" testType="13cdc9d9-ddb5-4fa4-a97d-d965ccfc6d4b" outcome="Passed" testListId="8c84fa94-04c1-424b-9868-57a2d4851a1d" relativeResultsDirectory="964a5423-ee87-4364-9baf-c72a6d6d9466" dataRowInfo="2" resultType="DataDrivenDataRow" />
      </InnerResults>
    </UnitTestResult>
    <UnitTestResult executionId="016451cc-01b2-46aa-9e09-491bf1ce7cc3" testId="cb3aa70a-148e-24f8-4a0e-08e7b60b3af3" testName="Create_Passing_Valid_Values_Returns_Address" computerName="PC-SFERRARI" duration="00:00:00.0016267" startTime="2020-09-01T16:43:02.9879587+01:00" endTime="2020-09-01T16:43:02.9897094+01:00" testType="13cdc9d9-ddb5-4fa4-a97d-d965ccfc6d4b" outcome="Passed" testListId="8c84fa94-04c1-424b-9868-57a2d4851a1d" relativeResultsDirectory="016451cc-01b2-46aa-9e09-491bf1ce7cc3" resultType="DataDrivenTest">
      <InnerResults>
        <UnitTestResult executionId="bf161ea7-b84a-463b-82b9-d6e99f4b8041" parentExecutionId="016451cc-01b2-46aa-9e09-491bf1ce7cc3" testId="cb3aa70a-148e-24f8-4a0e-08e7b60b3af3" testName="Create_Passing_Valid_Values_Returns_Address (100,EUR,2)" computerName="PC-SFERRARI" duration="00:00:00.0006160" startTime="2020-09-01T16:43:02.9879587+01:00" endTime="2020-09-01T16:43:02.9897094+01:00" testType="13cdc9d9-ddb5-4fa4-a97d-d965ccfc6d4b" outcome="Passed" testListId="8c84fa94-04c1-424b-9868-57a2d4851a1d" relativeResultsDirectory="bf161ea7-b84a-463b-82b9-d6e99f4b8041" dataRowInfo="1" resultType="DataDrivenDataRow" />
        <UnitTestResult executionId="2457e4c2-d4ab-46bc-a0d5-c1642b472a5d" parentExecutionId="016451cc-01b2-46aa-9e09-491bf1ce7cc3" testId="cb3aa70a-148e-24f8-4a0e-08e7b60b3af3" testName="Create_Passing_Valid_Values_Returns_Address (200,EUR,4)" computerName="PC-SFERRARI" duration="00:00:00.0003297" startTime="2020-09-01T16:43:02.9879587+01:00" endTime="2020-09-01T16:43:02.9897094+01:00" testType="13cdc9d9-ddb5-4fa4-a97d-d965ccfc6d4b" outcome="Passed" testListId="8c84fa94-04c1-424b-9868-57a2d4851a1d" relativeResultsDirectory="2457e4c2-d4ab-46bc-a0d5-c1642b472a5d" dataRowInfo="2" resultType="DataDrivenDataRow" />
        <UnitTestResult executionId="536f0490-250e-4ec8-843b-0f258e8dc66a" parentExecutionId="016451cc-01b2-46aa-9e09-491bf1ce7cc3" testId="cb3aa70a-148e-24f8-4a0e-08e7b60b3af3" testName="Create_Passing_Valid_Values_Returns_Address (400,USD,8)" computerName="PC-SFERRARI" duration="00:00:00.0005727" startTime="2020-09-01T16:43:02.9879587+01:00" endTime="2020-09-01T16:43:02.9897094+01:00" testType="13cdc9d9-ddb5-4fa4-a97d-d965ccfc6d4b" outcome="Passed" testListId="8c84fa94-04c1-424b-9868-57a2d4851a1d" relativeResultsDirectory="536f0490-250e-4ec8-843b-0f258e8dc66a" dataRowInfo="3" resultType="DataDrivenDataRow" />
      </InnerResults>
    </UnitTestResult>
    <UnitTestResult executionId="a56354a2-53fa-48d1-8ab0-9b11633ea9cc" testId="a73a2e63-3dc6-6b14-a467-c57ee0ec7ec7" testName="IsVisa_Passing_Nothing_Returns_True" computerName="PC-SFERRARI" duration="00:00:00.0002264" startTime="2020-09-01T16:43:02.2647535+01:00" endTime="2020-09-01T16:43:02.2650631+01:00" testType="13cdc9d9-ddb5-4fa4-a97d-d965ccfc6d4b" outcome="Passed" testListId="8c84fa94-04c1-424b-9868-57a2d4851a1d" relativeResultsDirectory="a56354a2-53fa-48d1-8ab0-9b11633ea9cc" />
    <UnitTestResult executionId="7a58a540-fecb-4112-8c9c-28684e3e9715" testId="f2e092d4-d663-ae2f-6d89-847a0ae86968" testName="ToString_Passing_Valid_Values_Returns_Name" computerName="PC-SFERRARI" duration="00:00:00.0005746" startTime="2020-09-01T16:43:03.3208436+01:00" endTime="2020-09-01T16:43:03.3215919+01:00" testType="13cdc9d9-ddb5-4fa4-a97d-d965ccfc6d4b" outcome="Passed" testListId="8c84fa94-04c1-424b-9868-57a2d4851a1d" relativeResultsDirectory="7a58a540-fecb-4112-8c9c-28684e3e9715" resultType="DataDrivenTest">
      <InnerResults>
        <UnitTestResult executionId="770926d3-12ed-4f0c-8369-0fadb795d93c" parentExecutionId="7a58a540-fecb-4112-8c9c-28684e3e9715" testId="f2e092d4-d663-ae2f-6d89-847a0ae86968" testName="ToString_Passing_Valid_Values_Returns_Name (España)" computerName="PC-SFERRARI" duration="00:00:00.0003440" startTime="2020-09-01T16:43:03.3208436+01:00" endTime="2020-09-01T16:43:03.3215919+01:00" testType="13cdc9d9-ddb5-4fa4-a97d-d965ccfc6d4b" outcome="Passed" testListId="8c84fa94-04c1-424b-9868-57a2d4851a1d" relativeResultsDirectory="770926d3-12ed-4f0c-8369-0fadb795d93c" dataRowInfo="1" resultType="DataDrivenDataRow" />
        <UnitTestResult executionId="cac897cc-46d3-4d2f-a0bf-61d609a3e46e" parentExecutionId="7a58a540-fecb-4112-8c9c-28684e3e9715" testId="f2e092d4-d663-ae2f-6d89-847a0ae86968" testName="ToString_Passing_Valid_Values_Returns_Name (Españá)" computerName="PC-SFERRARI" duration="00:00:00.0000127" startTime="2020-09-01T16:43:03.3208436+01:00" endTime="2020-09-01T16:43:03.3215919+01:00" testType="13cdc9d9-ddb5-4fa4-a97d-d965ccfc6d4b" outcome="Passed" testListId="8c84fa94-04c1-424b-9868-57a2d4851a1d" relativeResultsDirectory="cac897cc-46d3-4d2f-a0bf-61d609a3e46e" dataRowInfo="2" resultType="DataDrivenDataRow" />
        <UnitTestResult executionId="5b36e969-e23e-45b3-a607-c51cf3a1dec6" parentExecutionId="7a58a540-fecb-4112-8c9c-28684e3e9715" testId="f2e092d4-d663-ae2f-6d89-847a0ae86968" testName="ToString_Passing_Valid_Values_Returns_Name (Españà)" computerName="PC-SFERRARI" duration="00:00:00.0000081" startTime="2020-09-01T16:43:03.3208436+01:00" endTime="2020-09-01T16:43:03.3215919+01:00" testType="13cdc9d9-ddb5-4fa4-a97d-d965ccfc6d4b" outcome="Passed" testListId="8c84fa94-04c1-424b-9868-57a2d4851a1d" relativeResultsDirectory="5b36e969-e23e-45b3-a607-c51cf3a1dec6" dataRowInfo="3" resultType="DataDrivenDataRow" />
        <UnitTestResult executionId="9c2ea0f6-23d5-4488-a275-3bff6e906e38" parentExecutionId="7a58a540-fecb-4112-8c9c-28684e3e9715" testId="f2e092d4-d663-ae2f-6d89-847a0ae86968" testName="ToString_Passing_Valid_Values_Returns_Name (Españä)" computerName="PC-SFERRARI" duration="00:00:00.0000077" startTime="2020-09-01T16:43:03.3208436+01:00" endTime="2020-09-01T16:43:03.3215919+01:00" testType="13cdc9d9-ddb5-4fa4-a97d-d965ccfc6d4b" outcome="Passed" testListId="8c84fa94-04c1-424b-9868-57a2d4851a1d" relativeResultsDirectory="9c2ea0f6-23d5-4488-a275-3bff6e906e38" dataRowInfo="4" resultType="DataDrivenDataRow" />
        <UnitTestResult executionId="e08c8a7c-dae5-4b4b-8e63-585cedfeeea3" parentExecutionId="7a58a540-fecb-4112-8c9c-28684e3e9715" testId="f2e092d4-d663-ae2f-6d89-847a0ae86968" testName="ToString_Passing_Valid_Values_Returns_Name (Españâ)" computerName="PC-SFERRARI" duration="00:00:00.0000228" startTime="2020-09-01T16:43:03.3208436+01:00" endTime="2020-09-01T16:43:03.3215919+01:00" testType="13cdc9d9-ddb5-4fa4-a97d-d965ccfc6d4b" outcome="Passed" testListId="8c84fa94-04c1-424b-9868-57a2d4851a1d" relativeResultsDirectory="e08c8a7c-dae5-4b4b-8e63-585cedfeeea3" dataRowInfo="5" resultType="DataDrivenDataRow" />
        <UnitTestResult executionId="03146a05-971d-455e-b5a0-4bf4c33875dd" parentExecutionId="7a58a540-fecb-4112-8c9c-28684e3e9715" testId="f2e092d4-d663-ae2f-6d89-847a0ae86968" testName="ToString_Passing_Valid_Values_Returns_Name (Españã)" computerName="PC-SFERRARI" duration="00:00:00.0000077" startTime="2020-09-01T16:43:03.3208436+01:00" endTime="2020-09-01T16:43:03.3215919+01:00" testType="13cdc9d9-ddb5-4fa4-a97d-d965ccfc6d4b" outcome="Passed" testListId="8c84fa94-04c1-424b-9868-57a2d4851a1d" relativeResultsDirectory="03146a05-971d-455e-b5a0-4bf4c33875dd" dataRowInfo="6" resultType="DataDrivenDataRow" />
        <UnitTestResult executionId="47fc3b15-38af-4339-8b24-3ab86e4bde2b" parentExecutionId="7a58a540-fecb-4112-8c9c-28684e3e9715" testId="f2e092d4-d663-ae2f-6d89-847a0ae86968" testName="ToString_Passing_Valid_Values_Returns_Name (Españç)" computerName="PC-SFERRARI" duration="00:00:00.0000136" startTime="2020-09-01T16:43:03.3208436+01:00" endTime="2020-09-01T16:43:03.3215919+01:00" testType="13cdc9d9-ddb5-4fa4-a97d-d965ccfc6d4b" outcome="Passed" testListId="8c84fa94-04c1-424b-9868-57a2d4851a1d" relativeResultsDirectory="47fc3b15-38af-4339-8b24-3ab86e4bde2b" dataRowInfo="7" resultType="DataDrivenDataRow" />
        <UnitTestResult executionId="efd55679-8ce1-4d44-9171-e926464564b4" parentExecutionId="7a58a540-fecb-4112-8c9c-28684e3e9715" testId="f2e092d4-d663-ae2f-6d89-847a0ae86968" testName="ToString_Passing_Valid_Values_Returns_Name (Españħ)" computerName="PC-SFERRARI" duration="00:00:00.0000075" startTime="2020-09-01T16:43:03.3208436+01:00" endTime="2020-09-01T16:43:03.3215919+01:00" testType="13cdc9d9-ddb5-4fa4-a97d-d965ccfc6d4b" outcome="Passed" testListId="8c84fa94-04c1-424b-9868-57a2d4851a1d" relativeResultsDirectory="efd55679-8ce1-4d44-9171-e926464564b4" dataRowInfo="8" resultType="DataDrivenDataRow" />
        <UnitTestResult executionId="959a0720-8135-4b17-8dbe-d025b5202224" parentExecutionId="7a58a540-fecb-4112-8c9c-28684e3e9715" testId="f2e092d4-d663-ae2f-6d89-847a0ae86968" testName="ToString_Passing_Valid_Values_Returns_Name (Esp añâ)" computerName="PC-SFERRARI" duration="00:00:00.0000075" startTime="2020-09-01T16:43:03.3208436+01:00" endTime="2020-09-01T16:43:03.3215919+01:00" testType="13cdc9d9-ddb5-4fa4-a97d-d965ccfc6d4b" outcome="Passed" testListId="8c84fa94-04c1-424b-9868-57a2d4851a1d" relativeResultsDirectory="959a0720-8135-4b17-8dbe-d025b5202224" dataRowInfo="9" resultType="DataDrivenDataRow" />
      </InnerResults>
    </UnitTestResult>
    <UnitTestResult executionId="fce11136-ea78-47ff-89cb-f7bcc977b230" testId="3ac8ffbb-30b0-a85d-3e7e-8f2f12c4ed12" testName="IsFree_Passing_Nothing_Returns_True" computerName="PC-SFERRARI" duration="00:00:00.0002288" startTime="2020-09-01T16:43:02.4228713+01:00" endTime="2020-09-01T16:43:02.4231806+01:00" testType="13cdc9d9-ddb5-4fa4-a97d-d965ccfc6d4b" outcome="Passed" testListId="8c84fa94-04c1-424b-9868-57a2d4851a1d" relativeResultsDirectory="fce11136-ea78-47ff-89cb-f7bcc977b230" />
    <UnitTestResult executionId="c38ffd4e-5407-4148-8063-f2eaa0cc537a" testId="c76c5fb3-80cf-3138-b811-ceac3a87cf8e" testName="Create_Passing_Valid_Value_Returns_Email" computerName="PC-SFERRARI" duration="00:00:00.0012787" startTime="2020-09-01T16:43:02.7739024+01:00" endTime="2020-09-01T16:43:02.7819720+01:00" testType="13cdc9d9-ddb5-4fa4-a97d-d965ccfc6d4b" outcome="Passed" testListId="8c84fa94-04c1-424b-9868-57a2d4851a1d" relativeResultsDirectory="c38ffd4e-5407-4148-8063-f2eaa0cc537a" resultType="DataDrivenTest">
      <InnerResults>
        <UnitTestResult executionId="5327b1af-6f80-4994-b152-32bacf8a4742" parentExecutionId="c38ffd4e-5407-4148-8063-f2eaa0cc537a" testId="c76c5fb3-80cf-3138-b811-ceac3a87cf8e" testName="Create_Passing_Valid_Value_Returns_Email (dasdasd@dsasd.ff)" computerName="PC-SFERRARI" duration="00:00:00.0001616" startTime="2020-09-01T16:43:02.7739024+01:00" endTime="2020-09-01T16:43:02.7819720+01:00" testType="13cdc9d9-ddb5-4fa4-a97d-d965ccfc6d4b" outcome="Passed" testListId="8c84fa94-04c1-424b-9868-57a2d4851a1d" relativeResultsDirectory="5327b1af-6f80-4994-b152-32bacf8a4742" dataRowInfo="1" resultType="DataDrivenDataRow" />
        <UnitTestResult executionId="05162191-497e-4db8-8b89-0d4d0df0fa31" parentExecutionId="c38ffd4e-5407-4148-8063-f2eaa0cc537a" testId="c76c5fb3-80cf-3138-b811-ceac3a87cf8e" testName="Create_Passing_Valid_Value_Returns_Email (34fsds@sdd.fgg)" computerName="PC-SFERRARI" duration="00:00:00.0000173" startTime="2020-09-01T16:43:02.7739024+01:00" endTime="2020-09-01T16:43:02.7819720+01:00" testType="13cdc9d9-ddb5-4fa4-a97d-d965ccfc6d4b" outcome="Passed" testListId="8c84fa94-04c1-424b-9868-57a2d4851a1d" relativeResultsDirectory="05162191-497e-4db8-8b89-0d4d0df0fa31" dataRowInfo="2" resultType="DataDrivenDataRow" />
        <UnitTestResult executionId="32f8ef9d-42e8-4421-9877-4729cec80530" parentExecutionId="c38ffd4e-5407-4148-8063-f2eaa0cc537a" testId="c76c5fb3-80cf-3138-b811-ceac3a87cf8e" testName="Create_Passing_Valid_Value_Returns_Email (ñandu@gmail.com)" computerName="PC-SFERRARI" duration="00:00:00.0009160" startTime="2020-09-01T16:43:02.7739024+01:00" endTime="2020-09-01T16:43:02.7819720+01:00" testType="13cdc9d9-ddb5-4fa4-a97d-d965ccfc6d4b" outcome="Passed" testListId="8c84fa94-04c1-424b-9868-57a2d4851a1d" relativeResultsDirectory="32f8ef9d-42e8-4421-9877-4729cec80530" dataRowInfo="3" resultType="DataDrivenDataRow" />
        <UnitTestResult executionId="8692d674-b30f-4267-aa14-c95e6a9444d6" parentExecutionId="c38ffd4e-5407-4148-8063-f2eaa0cc537a" testId="c76c5fb3-80cf-3138-b811-ceac3a87cf8e" testName="Create_Passing_Valid_Value_Returns_Email (ádsads@ggg.cc)" computerName="PC-SFERRARI" duration="00:00:00.0000229" startTime="2020-09-01T16:43:02.7739024+01:00" endTime="2020-09-01T16:43:02.7819720+01:00" testType="13cdc9d9-ddb5-4fa4-a97d-d965ccfc6d4b" outcome="Passed" testListId="8c84fa94-04c1-424b-9868-57a2d4851a1d" relativeResultsDirectory="8692d674-b30f-4267-aa14-c95e6a9444d6" dataRowInfo="4" resultType="DataDrivenDataRow" />
        <UnitTestResult executionId="a8639f8d-d35b-423f-add4-3a4574315c75" parentExecutionId="c38ffd4e-5407-4148-8063-f2eaa0cc537a" testId="c76c5fb3-80cf-3138-b811-ceac3a87cf8e" testName="Create_Passing_Valid_Value_Returns_Email (aaads@ggg.cc)" computerName="PC-SFERRARI" duration="00:00:00.0000164" startTime="2020-09-01T16:43:02.7739024+01:00" endTime="2020-09-01T16:43:02.7819720+01:00" testType="13cdc9d9-ddb5-4fa4-a97d-d965ccfc6d4b" outcome="Passed" testListId="8c84fa94-04c1-424b-9868-57a2d4851a1d" relativeResultsDirectory="a8639f8d-d35b-423f-add4-3a4574315c75" dataRowInfo="5" resultType="DataDrivenDataRow" />
        <UnitTestResult executionId="afbe4bda-212b-42c7-801d-10ac1f011213" parentExecutionId="c38ffd4e-5407-4148-8063-f2eaa0cc537a" testId="c76c5fb3-80cf-3138-b811-ceac3a87cf8e" testName="Create_Passing_Valid_Value_Returns_Email (bb_ads@ggg.cc)" computerName="PC-SFERRARI" duration="00:00:00.0000169" startTime="2020-09-01T16:43:02.7739024+01:00" endTime="2020-09-01T16:43:02.7819720+01:00" testType="13cdc9d9-ddb5-4fa4-a97d-d965ccfc6d4b" outcome="Passed" testListId="8c84fa94-04c1-424b-9868-57a2d4851a1d" relativeResultsDirectory="afbe4bda-212b-42c7-801d-10ac1f011213" dataRowInfo="6" resultType="DataDrivenDataRow" />
      </InnerResults>
    </UnitTestResult>
    <UnitTestResult executionId="0b4c3a20-e5ca-411d-949f-7f9cf4b75165" testId="39ea45cc-1ad3-df2f-5644-569d0fae9835" testName="Create_Passing_Valid_Values_Returns_Currency" computerName="PC-SFERRARI" duration="00:00:00.0018885" startTime="2020-09-01T16:43:02.6877696+01:00" endTime="2020-09-01T16:43:02.6897577+01:00" testType="13cdc9d9-ddb5-4fa4-a97d-d965ccfc6d4b" outcome="Passed" testListId="8c84fa94-04c1-424b-9868-57a2d4851a1d" relativeResultsDirectory="0b4c3a20-e5ca-411d-949f-7f9cf4b75165" resultType="DataDrivenTest">
      <InnerResults>
        <UnitTestResult executionId="d18c37b4-6695-48a2-b5ba-6090724bc984" parentExecutionId="0b4c3a20-e5ca-411d-949f-7f9cf4b75165" testId="39ea45cc-1ad3-df2f-5644-569d0fae9835" testName="Create_Passing_Valid_Values_Returns_Currency (USD)" computerName="PC-SFERRARI" duration="00:00:00.0013433" startTime="2020-09-01T16:43:02.6877696+01:00" endTime="2020-09-01T16:43:02.6897577+01:00" testType="13cdc9d9-ddb5-4fa4-a97d-d965ccfc6d4b" outcome="Passed" testListId="8c84fa94-04c1-424b-9868-57a2d4851a1d" relativeResultsDirectory="d18c37b4-6695-48a2-b5ba-6090724bc984" dataRowInfo="1" resultType="DataDrivenDataRow" />
        <UnitTestResult executionId="8ed2c5ee-1daa-4915-bfdb-4823821f5003" parentExecutionId="0b4c3a20-e5ca-411d-949f-7f9cf4b75165" testId="39ea45cc-1ad3-df2f-5644-569d0fae9835" testName="Create_Passing_Valid_Values_Returns_Currency (EUR)" computerName="PC-SFERRARI" duration="00:00:00.0004706" startTime="2020-09-01T16:43:02.6877696+01:00" endTime="2020-09-01T16:43:02.6897577+01:00" testType="13cdc9d9-ddb5-4fa4-a97d-d965ccfc6d4b" outcome="Passed" testListId="8c84fa94-04c1-424b-9868-57a2d4851a1d" relativeResultsDirectory="8ed2c5ee-1daa-4915-bfdb-4823821f5003" dataRowInfo="2" resultType="DataDrivenDataRow" />
      </InnerResults>
    </UnitTestResult>
    <UnitTestResult executionId="46878505-0110-4db6-a1f6-66061d14d3b5" testId="3c5dd30a-14ce-719a-a187-bfc979656176" testName="OperatorEqual_Passing_Valid_Distinct_Values_Returns_False" computerName="PC-SFERRARI" duration="00:00:00.0002821" startTime="2020-09-01T16:43:03.4009513+01:00" endTime="2020-09-01T16:43:03.4013825+01:00" testType="13cdc9d9-ddb5-4fa4-a97d-d965ccfc6d4b" outcome="Passed" testListId="8c84fa94-04c1-424b-9868-57a2d4851a1d" relativeResultsDirectory="46878505-0110-4db6-a1f6-66061d14d3b5" resultType="DataDrivenTest">
      <InnerResults>
        <UnitTestResult executionId="93884dc6-59b9-481c-9457-9b1089d29f9d" parentExecutionId="46878505-0110-4db6-a1f6-66061d14d3b5" testId="3c5dd30a-14ce-719a-a187-bfc979656176" testName="OperatorEqual_Passing_Valid_Distinct_Values_Returns_False (San Bartoleme De Tirajana)" computerName="PC-SFERRARI" duration="00:00:00.0002170" startTime="2020-09-01T16:43:03.4009513+01:00" endTime="2020-09-01T16:43:03.4013825+01:00" testType="13cdc9d9-ddb5-4fa4-a97d-d965ccfc6d4b" outcome="Passed" testListId="8c84fa94-04c1-424b-9868-57a2d4851a1d" relativeResultsDirectory="93884dc6-59b9-481c-9457-9b1089d29f9d" dataRowInfo="1" resultType="DataDrivenDataRow" />
        <UnitTestResult executionId="27e9c89d-a7e3-43b2-a9fa-f1dd48884003" parentExecutionId="46878505-0110-4db6-a1f6-66061d14d3b5" testId="3c5dd30a-14ce-719a-a187-bfc979656176" testName="OperatorEqual_Passing_Valid_Distinct_Values_Returns_False (Sabadell)" computerName="PC-SFERRARI" duration="00:00:00.0000066" startTime="2020-09-01T16:43:03.4009513+01:00" endTime="2020-09-01T16:43:03.4013825+01:00" testType="13cdc9d9-ddb5-4fa4-a97d-d965ccfc6d4b" outcome="Passed" testListId="8c84fa94-04c1-424b-9868-57a2d4851a1d" relativeResultsDirectory="27e9c89d-a7e3-43b2-a9fa-f1dd48884003" dataRowInfo="2" resultType="DataDrivenDataRow" />
      </InnerResults>
    </UnitTestResult>
    <UnitTestResult executionId="e7d72185-ede6-4e4f-bb47-229212454e08" testId="afb94819-d000-5c73-f44b-f1e36fef6d66" testName="Change_Passing_Valid_Values_Returns_Currency" computerName="PC-SFERRARI" duration="00:00:00.0542630" startTime="2020-09-01T16:43:02.6318550+01:00" endTime="2020-09-01T16:43:02.6864541+01:00" testType="13cdc9d9-ddb5-4fa4-a97d-d965ccfc6d4b" outcome="Passed" testListId="8c84fa94-04c1-424b-9868-57a2d4851a1d" relativeResultsDirectory="e7d72185-ede6-4e4f-bb47-229212454e08" resultType="DataDrivenTest">
      <InnerResults>
        <UnitTestResult executionId="119dbcd7-76cf-4c9d-a961-b0cc6bbe6b06" parentExecutionId="e7d72185-ede6-4e4f-bb47-229212454e08" testId="afb94819-d000-5c73-f44b-f1e36fef6d66" testName="Change_Passing_Valid_Values_Returns_Currency (EUR)" computerName="PC-SFERRARI" duration="00:00:00.0541977" startTime="2020-09-01T16:43:02.6318550+01:00" endTime="2020-09-01T16:43:02.6864541+01:00" testType="13cdc9d9-ddb5-4fa4-a97d-d965ccfc6d4b" outcome="Passed" testListId="8c84fa94-04c1-424b-9868-57a2d4851a1d" relativeResultsDirectory="119dbcd7-76cf-4c9d-a961-b0cc6bbe6b06" dataRowInfo="1" resultType="DataDrivenDataRow" />
      </InnerResults>
    </UnitTestResult>
    <UnitTestResult executionId="b6d7e3bd-c501-4e20-8c74-4cb20ba19b22" testId="8d7600c8-85e7-f035-9f9f-51a80e994a9a" testName="Change_Passing_Valid_Values_Returns_Subdomain" computerName="PC-SFERRARI" duration="00:00:00.0014966" startTime="2020-09-01T16:43:03.4204335+01:00" endTime="2020-09-01T16:43:03.4221589+01:00" testType="13cdc9d9-ddb5-4fa4-a97d-d965ccfc6d4b" outcome="Passed" testListId="8c84fa94-04c1-424b-9868-57a2d4851a1d" relativeResultsDirectory="b6d7e3bd-c501-4e20-8c74-4cb20ba19b22" />
    <UnitTestResult executionId="6ca9d0b4-03e9-4b9a-a76b-aaaba6b72be2" testId="0643cd5e-9fb6-9fc5-1c47-3b2be0eeb804" testName="OperatorNotEqual_Passing_Valid_Values_Returns_True" computerName="PC-SFERRARI" duration="00:00:00.0002463" startTime="2020-09-01T16:43:02.8541053+01:00" endTime="2020-09-01T16:43:02.8544273+01:00" testType="13cdc9d9-ddb5-4fa4-a97d-d965ccfc6d4b" outcome="Passed" testListId="8c84fa94-04c1-424b-9868-57a2d4851a1d" relativeResultsDirectory="6ca9d0b4-03e9-4b9a-a76b-aaaba6b72be2" resultType="DataDrivenTest">
      <InnerResults>
        <UnitTestResult executionId="d7071523-61ef-4173-91bd-8fad97850f8c" parentExecutionId="6ca9d0b4-03e9-4b9a-a76b-aaaba6b72be2" testId="0643cd5e-9fb6-9fc5-1c47-3b2be0eeb804" testName="OperatorNotEqual_Passing_Valid_Values_Returns_True (dasdasd@dsasd.ff)" computerName="PC-SFERRARI" duration="00:00:00.0001725" startTime="2020-09-01T16:43:02.8541053+01:00" endTime="2020-09-01T16:43:02.8544273+01:00" testType="13cdc9d9-ddb5-4fa4-a97d-d965ccfc6d4b" outcome="Passed" testListId="8c84fa94-04c1-424b-9868-57a2d4851a1d" relativeResultsDirectory="d7071523-61ef-4173-91bd-8fad97850f8c" dataRowInfo="1" resultType="DataDrivenDataRow" />
        <UnitTestResult executionId="7bffebbc-1c3f-4f1d-ae1c-3b7ab1b1391c" parentExecutionId="6ca9d0b4-03e9-4b9a-a76b-aaaba6b72be2" testId="0643cd5e-9fb6-9fc5-1c47-3b2be0eeb804" testName="OperatorNotEqual_Passing_Valid_Values_Returns_True (34fsds@sdd.fgg)" computerName="PC-SFERRARI" duration="00:00:00.0000275" startTime="2020-09-01T16:43:02.8541053+01:00" endTime="2020-09-01T16:43:02.8544273+01:00" testType="13cdc9d9-ddb5-4fa4-a97d-d965ccfc6d4b" outcome="Passed" testListId="8c84fa94-04c1-424b-9868-57a2d4851a1d" relativeResultsDirectory="7bffebbc-1c3f-4f1d-ae1c-3b7ab1b1391c" dataRowInfo="2" resultType="DataDrivenDataRow" />
      </InnerResults>
    </UnitTestResult>
  </Results>
  <TestDefinitions>
    <UnitTest name="IsNull_Passing_Valid_Value_Returns_False" storage="d:\sferrari\01 - trabajo\repos\netcore\template-netcore-entities\kitpymes.core.entities.tests\bin\debug\netcoreapp3.0\kitpymes.core.entities.tests.dll" id="bf7415ae-45f0-be29-e76d-b41b408fe020">
      <Execution id="6740279b-f66a-4dd6-b55d-503de784d609" />
      <TestMethod codeBase="D:\SFERRARI\01 - TRABAJO\REPOS\netcore\template-netcore-entities\Kitpymes.Core.Entities.Tests\bin\Debug\netcoreapp3.0\Kitpymes.Core.Entities.Tests.dll" adapterTypeName="executor://mstestadapter/v2" className="Kitpymes.Core.Entities.ValueObjects.Tests.EmailTests" name="IsNull_Passing_Valid_Value_Returns_False" />
    </UnitTest>
    <UnitTest name="ToEnum_Passing_Valid_String_Name_Returns_Enumeracion" storage="d:\sferrari\01 - trabajo\repos\netcore\template-netcore-entities\kitpymes.core.entities.tests\bin\debug\netcoreapp3.0\kitpymes.core.entities.tests.dll" id="99c0f1dd-a954-07f0-474b-96a0626b66a1">
      <Execution id="36447a6f-30fb-4553-9418-70e32d31e58f" />
      <TestMethod codeBase="D:\SFERRARI\01 - TRABAJO\REPOS\netcore\template-netcore-entities\Kitpymes.Core.Entities.Tests\bin\Debug\netcoreapp3.0\Kitpymes.Core.Entities.Tests.dll" adapterTypeName="executor://mstestadapter/v2" className="Kitpymes.Core.Entities.Enumerations.Tests.SubscriptionEnumTests" name="ToEnum_Passing_Valid_String_Name_Returns_Enumeracion" />
    </UnitTest>
    <UnitTest name="OperatorEqual_Passing_Valid_Distinct_Values_Returns_False" storage="d:\sferrari\01 - trabajo\repos\netcore\template-netcore-entities\kitpymes.core.entities.tests\bin\debug\netcoreapp3.0\kitpymes.core.entities.tests.dll" id="bc7bdbdf-4891-bf37-8380-e1e4362476c4">
      <Execution id="85fc800b-c774-475b-9532-7c2b22fa3e29" />
      <TestMethod codeBase="D:\SFERRARI\01 - TRABAJO\REPOS\netcore\template-netcore-entities\Kitpymes.Core.Entities.Tests\bin\Debug\netcoreapp3.0\Kitpymes.Core.Entities.Tests.dll" adapterTypeName="executor://mstestadapter/v2" className="Kitpymes.Core.Entities.ValueObjects.Tests.MoneyTests" name="OperatorEqual_Passing_Valid_Distinct_Values_Returns_False" />
    </UnitTest>
    <UnitTest name="OperatorNotEqual_Passing_Valid_Values_Returns_False" storage="d:\sferrari\01 - trabajo\repos\netcore\template-netcore-entities\kitpymes.core.entities.tests\bin\debug\netcoreapp3.0\kitpymes.core.entities.tests.dll" id="2cf24b7c-c50c-e047-853f-65e4172e9fe4">
      <Execution id="6ead3356-c526-43cc-aa35-5bd688f54543" />
      <TestMethod codeBase="D:\SFERRARI\01 - TRABAJO\REPOS\netcore\template-netcore-entities\Kitpymes.Core.Entities.Tests\bin\Debug\netcoreapp3.0\Kitpymes.Core.Entities.Tests.dll" adapterTypeName="executor://mstestadapter/v2" className="Kitpymes.Core.Entities.ValueObjects.Tests.StringIdTests" name="OperatorNotEqual_Passing_Valid_Values_Returns_False" />
    </UnitTest>
    <UnitTest name="ToEnum_Passing_Valid_String_Name_Enumeracion_Returns_Enumeracion" storage="d:\sferrari\01 - trabajo\repos\netcore\template-netcore-entities\kitpymes.core.entities.tests\bin\debug\netcoreapp3.0\kitpymes.core.entities.tests.dll" id="7506a243-a238-2665-b1af-67e45659c805">
      <Execution id="a0e57e9b-6f51-49bc-ba6d-10e2938c56c0" />
      <TestMethod codeBase="D:\SFERRARI\01 - TRABAJO\REPOS\netcore\template-netcore-entities\Kitpymes.Core.Entities.Tests\bin\Debug\netcoreapp3.0\Kitpymes.Core.Entities.Tests.dll" adapterTypeName="executor://mstestadapter/v2" className="Kitpymes.Core.Entities.Enumerations.Tests.GenderTypeEnumTests" name="ToEnum_Passing_Valid_String_Name_Enumeracion_Returns_Enumeracion" />
    </UnitTest>
    <UnitTest name="OperatorNotEqual_Passing_Valid_Values_Returns_False" storage="d:\sferrari\01 - trabajo\repos\netcore\template-netcore-entities\kitpymes.core.entities.tests\bin\debug\netcoreapp3.0\kitpymes.core.entities.tests.dll" id="9aa3b6bb-9be5-40ee-3b6d-db8c00e38b15">
      <Execution id="835bda3f-f9f9-4463-bf85-bb880fcc141e" />
      <TestMethod codeBase="D:\SFERRARI\01 - TRABAJO\REPOS\netcore\template-netcore-entities\Kitpymes.Core.Entities.Tests\bin\Debug\netcoreapp3.0\Kitpymes.Core.Entities.Tests.dll" adapterTypeName="executor://mstestadapter/v2" className="Kitpymes.Core.Entities.ValueObjects.Tests.SubdomainTests" name="OperatorNotEqual_Passing_Valid_Values_Returns_False" />
    </UnitTest>
    <UnitTest name="Equals_Passing_Valid_Distinct_Values_Returns_False" storage="d:\sferrari\01 - trabajo\repos\netcore\template-netcore-entities\kitpymes.core.entities.tests\bin\debug\netcoreapp3.0\kitpymes.core.entities.tests.dll" id="486d5231-aeb6-594f-38d5-98ce591994a3">
      <Execution id="17cc730b-0c76-488f-86f7-aee5a1b771c4" />
      <TestMethod codeBase="D:\SFERRARI\01 - TRABAJO\REPOS\netcore\template-netcore-entities\Kitpymes.Core.Entities.Tests\bin\Debug\netcoreapp3.0\Kitpymes.Core.Entities.Tests.dll" adapterTypeName="executor://mstestadapter/v2" className="Kitpymes.Core.Entities.ValueObjects.Tests.TelephoneTests" name="Equals_Passing_Valid_Distinct_Values_Returns_False" />
    </UnitTest>
    <UnitTest name="Equals_Passing_Valid_Values_Returns_True" storage="d:\sferrari\01 - trabajo\repos\netcore\template-netcore-entities\kitpymes.core.entities.tests\bin\debug\netcoreapp3.0\kitpymes.core.entities.tests.dll" id="d4dac023-52df-82e8-5be4-d4d0b7642e67">
      <Execution id="7ff249c2-1180-4b3d-b8bc-452645d44f01" />
      <TestMethod codeBase="D:\SFERRARI\01 - TRABAJO\REPOS\netcore\template-netcore-entities\Kitpymes.Core.Entities.Tests\bin\Debug\netcoreapp3.0\Kitpymes.Core.Entities.Tests.dll" adapterTypeName="executor://mstestadapter/v2" className="Kitpymes.Core.Entities.ValueObjects.Tests.AddressTests" name="Equals_Passing_Valid_Values_Returns_True" />
    </UnitTest>
    <UnitTest name="OperatorEqual_Passing_Valid_Values_Returns_True" storage="d:\sferrari\01 - trabajo\repos\netcore\template-netcore-entities\kitpymes.core.entities.tests\bin\debug\netcoreapp3.0\kitpymes.core.entities.tests.dll" id="0394e59d-8e17-d872-c29f-c28ac3eea7b0">
      <Execution id="e256d627-8e75-401c-a91f-4820a5f2ee34" />
      <TestMethod codeBase="D:\SFERRARI\01 - TRABAJO\REPOS\netcore\template-netcore-entities\Kitpymes.Core.Entities.Tests\bin\Debug\netcoreapp3.0\Kitpymes.Core.Entities.Tests.dll" adapterTypeName="executor://mstestadapter/v2" className="Kitpymes.Core.Entities.ValueObjects.Tests.AddressTests" name="OperatorEqual_Passing_Valid_Values_Returns_True" />
    </UnitTest>
    <UnitTest name="IsNull_Passing_Valid_Value_Returns_False" storage="d:\sferrari\01 - trabajo\repos\netcore\template-netcore-entities\kitpymes.core.entities.tests\bin\debug\netcoreapp3.0\kitpymes.core.entities.tests.dll" id="74b3f1dc-94ca-8be2-33b4-759efaa9b8e8">
      <Execution id="2da5e435-7c46-483b-94cc-db8a7fc2aea9" />
      <TestMethod codeBase="D:\SFERRARI\01 - TRABAJO\REPOS\netcore\template-netcore-entities\Kitpymes.Core.Entities.Tests\bin\Debug\netcoreapp3.0\Kitpymes.Core.Entities.Tests.dll" adapterTypeName="executor://mstestadapter/v2" className="Kitpymes.Core.Entities.ValueObjects.Tests.StringIdTests" name="IsNull_Passing_Valid_Value_Returns_False" />
    </UnitTest>
    <UnitTest name="IsNull_Passing_Null_Value_Returns_True" storage="d:\sferrari\01 - trabajo\repos\netcore\template-netcore-entities\kitpymes.core.entities.tests\bin\debug\netcoreapp3.0\kitpymes.core.entities.tests.dll" id="9e19d4e4-f7b7-b402-48f1-b671fdae656e">
      <Execution id="bb911d4c-ea8f-4315-905d-21cd8fc8ef78" />
      <TestMethod codeBase="D:\SFERRARI\01 - TRABAJO\REPOS\netcore\template-netcore-entities\Kitpymes.Core.Entities.Tests\bin\Debug\netcoreapp3.0\Kitpymes.Core.Entities.Tests.dll" adapterTypeName="executor://mstestadapter/v2" className="Kitpymes.Core.Entities.ValueObjects.Tests.SubdomainTests" name="IsNull_Passing_Null_Value_Returns_True" />
    </UnitTest>
    <UnitTest name="IsNull_Passing_Null_Value_Returns_True" storage="d:\sferrari\01 - trabajo\repos\netcore\template-netcore-entities\kitpymes.core.entities.tests\bin\debug\netcoreapp3.0\kitpymes.core.entities.tests.dll" id="81019d0f-1a28-bd30-e939-1d942eb12cd9">
      <Execution id="81aae6f4-254c-4a23-b2e7-0149f2711441" />
      <TestMethod codeBase="D:\SFERRARI\01 - TRABAJO\REPOS\netcore\template-netcore-entities\Kitpymes.Core.Entities.Tests\bin\Debug\netcoreapp3.0\Kitpymes.Core.Entities.Tests.dll" adapterTypeName="executor://mstestadapter/v2" className="Kitpymes.Core.Entities.ValueObjects.Tests.TelephoneTests" name="IsNull_Passing_Null_Value_Returns_True" />
    </UnitTest>
    <UnitTest name="ToEnum_Passing_Invalid_String_Name_Returns_Null" storage="d:\sferrari\01 - trabajo\repos\netcore\template-netcore-entities\kitpymes.core.entities.tests\bin\debug\netcoreapp3.0\kitpymes.core.entities.tests.dll" id="96c7d001-66b9-71f2-30b3-dc555077fc27">
      <Execution id="3c48356b-369d-4985-9f96-a2aa47f9ec0e" />
      <TestMethod codeBase="D:\SFERRARI\01 - TRABAJO\REPOS\netcore\template-netcore-entities\Kitpymes.Core.Entities.Tests\bin\Debug\netcoreapp3.0\Kitpymes.Core.Entities.Tests.dll" adapterTypeName="executor://mstestadapter/v2" className="Kitpymes.Core.Entities.Enumerations.Tests.StatusEnumTests" name="ToEnum_Passing_Invalid_String_Name_Returns_Null" />
    </UnitTest>
    <UnitTest name="OperatorNotEqual_Passing_Valid_Values_Returns_True" storage="d:\sferrari\01 - trabajo\repos\netcore\template-netcore-entities\kitpymes.core.entities.tests\bin\debug\netcoreapp3.0\kitpymes.core.entities.tests.dll" id="f8a148c1-33ab-3f33-4563-51ccfbeb9871">
      <Execution id="dbc91be2-7cf0-48e3-ae3e-931555f5b658" />
      <TestMethod codeBase="D:\SFERRARI\01 - TRABAJO\REPOS\netcore\template-netcore-entities\Kitpymes.Core.Entities.Tests\bin\Debug\netcoreapp3.0\Kitpymes.Core.Entities.Tests.dll" adapterTypeName="executor://mstestadapter/v2" className="Kitpymes.Core.Entities.ValueObjects.Tests.SubdomainTests" name="OperatorNotEqual_Passing_Valid_Values_Returns_True" />
    </UnitTest>
    <UnitTest name="ToEnum_Passing_Invalid_String_Name_Enumeracion_Returns_Null" storage="d:\sferrari\01 - trabajo\repos\netcore\template-netcore-entities\kitpymes.core.entities.tests\bin\debug\netcoreapp3.0\kitpymes.core.entities.tests.dll" id="60ea3337-b81d-e310-278f-6cd040199409">
      <Execution id="3a44b0bf-7854-4e1e-9345-6885c6949b39" />
      <TestMethod codeBase="D:\SFERRARI\01 - TRABAJO\REPOS\netcore\template-netcore-entities\Kitpymes.Core.Entities.Tests\bin\Debug\netcoreapp3.0\Kitpymes.Core.Entities.Tests.dll" adapterTypeName="executor://mstestadapter/v2" className="Kitpymes.Core.Entities.Enumerations.Tests.GenderTypeEnumTests" name="ToEnum_Passing_Invalid_String_Name_Enumeracion_Returns_Null" />
    </UnitTest>
    <UnitTest name="GetAll_Passing_Nothing_Returns_Enumeracion_List" storage="d:\sferrari\01 - trabajo\repos\netcore\template-netcore-entities\kitpymes.core.entities.tests\bin\debug\netcoreapp3.0\kitpymes.core.entities.tests.dll" id="b80b0b1c-a03f-7462-5741-ff0449349de1">
      <Execution id="7230e8d9-3908-4a3c-9b1a-7a87b964ef59" />
      <TestMethod codeBase="D:\SFERRARI\01 - TRABAJO\REPOS\netcore\template-netcore-entities\Kitpymes.Core.Entities.Tests\bin\Debug\netcoreapp3.0\Kitpymes.Core.Entities.Tests.dll" adapterTypeName="executor://mstestadapter/v2" className="Kitpymes.Core.Entities.Enumerations.Tests.StatusEnumTests" name="GetAll_Passing_Nothing_Returns_Enumeracion_List" />
    </UnitTest>
    <UnitTest name="Create_Passing_InvalidOrNull_Value_Returns_ApplicationException" storage="d:\sferrari\01 - trabajo\repos\netcore\template-netcore-entities\kitpymes.core.entities.tests\bin\debug\netcoreapp3.0\kitpymes.core.entities.tests.dll" id="3f4c3f71-cc6a-91e9-8105-a3b714346d19">
      <Execution id="54a5407b-36eb-4b11-be87-afb269d45d59" />
      <TestMethod codeBase="D:\SFERRARI\01 - TRABAJO\REPOS\netcore\template-netcore-entities\Kitpymes.Core.Entities.Tests\bin\Debug\netcoreapp3.0\Kitpymes.Core.Entities.Tests.dll" adapterTypeName="executor://mstestadapter/v2" className="Kitpymes.Core.Entities.ValueObjects.Tests.SubdomainTests" name="Create_Passing_InvalidOrNull_Value_Returns_ApplicationException" />
    </UnitTest>
    <UnitTest name="IsNull_Passing_Null_Value_Returns_True" storage="d:\sferrari\01 - trabajo\repos\netcore\template-netcore-entities\kitpymes.core.entities.tests\bin\debug\netcoreapp3.0\kitpymes.core.entities.tests.dll" id="d1ef6d46-1fa5-198f-a0cf-6cba38319a2e">
      <Execution id="a2514ce3-d36e-462b-b349-95d3312eb186" />
      <TestMethod codeBase="D:\SFERRARI\01 - TRABAJO\REPOS\netcore\template-netcore-entities\Kitpymes.Core.Entities.Tests\bin\Debug\netcoreapp3.0\Kitpymes.Core.Entities.Tests.dll" adapterTypeName="executor://mstestadapter/v2" className="Kitpymes.Core.Entities.ValueObjects.Tests.EmailTests" name="IsNull_Passing_Null_Value_Returns_True" />
    </UnitTest>
    <UnitTest name="Change_Passing_Valid_Values_Returns_Name" storage="d:\sferrari\01 - trabajo\repos\netcore\template-netcore-entities\kitpymes.core.entities.tests\bin\debug\netcoreapp3.0\kitpymes.core.entities.tests.dll" id="76c79f9f-0b75-deaf-c0c8-6849a01fabe5">
      <Execution id="9a6ab289-4277-420e-9974-1f13678350c2" />
      <TestMethod codeBase="D:\SFERRARI\01 - TRABAJO\REPOS\netcore\template-netcore-entities\Kitpymes.Core.Entities.Tests\bin\Debug\netcoreapp3.0\Kitpymes.Core.Entities.Tests.dll" adapterTypeName="executor://mstestadapter/v2" className="Kitpymes.Core.Entities.ValueObjects.Tests.NameTests" name="Change_Passing_Valid_Values_Returns_Name" />
    </UnitTest>
    <UnitTest name="Change_Passing_Valid_Values_Returns_FullName" storage="d:\sferrari\01 - trabajo\repos\netcore\template-netcore-entities\kitpymes.core.entities.tests\bin\debug\netcoreapp3.0\kitpymes.core.entities.tests.dll" id="571ad406-4c46-6d0b-a0ab-0bbddda456a0">
      <Execution id="df9fe118-c138-41ab-87cc-578e1ec4a604" />
      <TestMethod codeBase="D:\SFERRARI\01 - TRABAJO\REPOS\netcore\template-netcore-entities\Kitpymes.Core.Entities.Tests\bin\Debug\netcoreapp3.0\Kitpymes.Core.Entities.Tests.dll" adapterTypeName="executor://mstestadapter/v2" className="Kitpymes.Core.Entities.ValueObjects.Tests.FullNameTests" name="Change_Passing_Valid_Values_Returns_FullName" />
    </UnitTest>
    <UnitTest name="Equals_Passing_Valid_Values_Returns_True" storage="d:\sferrari\01 - trabajo\repos\netcore\template-netcore-entities\kitpymes.core.entities.tests\bin\debug\netcoreapp3.0\kitpymes.core.entities.tests.dll" id="84e5d156-9c5d-e299-dfaf-587322c60012">
      <Execution id="ad757ce2-e676-42b0-992d-35eae9af782a" />
      <TestMethod codeBase="D:\SFERRARI\01 - TRABAJO\REPOS\netcore\template-netcore-entities\Kitpymes.Core.Entities.Tests\bin\Debug\netcoreapp3.0\Kitpymes.Core.Entities.Tests.dll" adapterTypeName="executor://mstestadapter/v2" className="Kitpymes.Core.Entities.ValueObjects.Tests.StringIdTests" name="Equals_Passing_Valid_Values_Returns_True" />
    </UnitTest>
    <UnitTest name="ToEnum_Passing_Invalid_Int_Value_Returns_Null" storage="d:\sferrari\01 - trabajo\repos\netcore\template-netcore-entities\kitpymes.core.entities.tests\bin\debug\netcoreapp3.0\kitpymes.core.entities.tests.dll" id="4e5c29c7-ea4b-cd65-4b72-7ebf50d57942">
      <Execution id="b5b9d1ba-b766-4d29-9e29-1ee0214069a3" />
      <TestMethod codeBase="D:\SFERRARI\01 - TRABAJO\REPOS\netcore\template-netcore-entities\Kitpymes.Core.Entities.Tests\bin\Debug\netcoreapp3.0\Kitpymes.Core.Entities.Tests.dll" adapterTypeName="executor://mstestadapter/v2" className="Kitpymes.Core.Entities.Enumerations.Tests.StatusEnumTests" name="ToEnum_Passing_Invalid_Int_Value_Returns_Null" />
    </UnitTest>
    <UnitTest name="OperatorNotEqual_Passing_Valid_Values_Returns_True" storage="d:\sferrari\01 - trabajo\repos\netcore\template-netcore-entities\kitpymes.core.entities.tests\bin\debug\netcoreapp3.0\kitpymes.core.entities.tests.dll" id="f7330460-b528-23e0-f552-44f6715cd948">
      <Execution id="37666eda-4db5-4434-8e2f-76b01af0b116" />
      <TestMethod codeBase="D:\SFERRARI\01 - TRABAJO\REPOS\netcore\template-netcore-entities\Kitpymes.Core.Entities.Tests\bin\Debug\netcoreapp3.0\Kitpymes.Core.Entities.Tests.dll" adapterTypeName="executor://mstestadapter/v2" className="Kitpymes.Core.Entities.ValueObjects.Tests.NameTests" name="OperatorNotEqual_Passing_Valid_Values_Returns_True" />
    </UnitTest>
    <UnitTest name="Create_Passing_Valid_Values_Returns_Name" storage="d:\sferrari\01 - trabajo\repos\netcore\template-netcore-entities\kitpymes.core.entities.tests\bin\debug\netcoreapp3.0\kitpymes.core.entities.tests.dll" id="ca869e78-7943-a46b-7927-1a8ff4fe58af">
      <Execution id="2b9820fb-3113-406d-9fb6-693629b07c3c" />
      <TestMethod codeBase="D:\SFERRARI\01 - TRABAJO\REPOS\netcore\template-netcore-entities\Kitpymes.Core.Entities.Tests\bin\Debug\netcoreapp3.0\Kitpymes.Core.Entities.Tests.dll" adapterTypeName="executor://mstestadapter/v2" className="Kitpymes.Core.Entities.ValueObjects.Tests.NameTests" name="Create_Passing_Valid_Values_Returns_Name" />
    </UnitTest>
    <UnitTest name="Create_Passing_Valid_Values_Returns_Currency" storage="d:\sferrari\01 - trabajo\repos\netcore\template-netcore-entities\kitpymes.core.entities.tests\bin\debug\netcoreapp3.0\kitpymes.core.entities.tests.dll" id="39ea45cc-1ad3-df2f-5644-569d0fae9835">
      <Execution id="0b4c3a20-e5ca-411d-949f-7f9cf4b75165" />
      <TestMethod codeBase="D:\SFERRARI\01 - TRABAJO\REPOS\netcore\template-netcore-entities\Kitpymes.Core.Entities.Tests\bin\Debug\netcoreapp3.0\Kitpymes.Core.Entities.Tests.dll" adapterTypeName="executor://mstestadapter/v2" className="Kitpymes.Core.Entities.ValueObjects.Tests.CurrencyTests" name="Create_Passing_Valid_Values_Returns_Currency" />
    </UnitTest>
    <UnitTest name="IsFree_Passing_Nothing_Returns_True" storage="d:\sferrari\01 - trabajo\repos\netcore\template-netcore-entities\kitpymes.core.entities.tests\bin\debug\netcoreapp3.0\kitpymes.core.entities.tests.dll" id="3ac8ffbb-30b0-a85d-3e7e-8f2f12c4ed12">
      <Execution id="fce11136-ea78-47ff-89cb-f7bcc977b230" />
      <TestMethod codeBase="D:\SFERRARI\01 - TRABAJO\REPOS\netcore\template-netcore-entities\Kitpymes.Core.Entities.Tests\bin\Debug\netcoreapp3.0\Kitpymes.Core.Entities.Tests.dll" adapterTypeName="executor://mstestadapter/v2" className="Kitpymes.Core.Entities.Enumerations.Tests.SubscriptionEnumTests" name="IsFree_Passing_Nothing_Returns_True" />
    </UnitTest>
    <UnitTest name="IsNull_Passing_Valid_Value_Returns_False" storage="d:\sferrari\01 - trabajo\repos\netcore\template-netcore-entities\kitpymes.core.entities.tests\bin\debug\netcoreapp3.0\kitpymes.core.entities.tests.dll" id="417ec551-d8d9-9d91-2ce7-f7087778456b">
      <Execution id="b26f1f40-b588-43a9-838b-e9fec9c3a14f" />
      <TestMethod codeBase="D:\SFERRARI\01 - TRABAJO\REPOS\netcore\template-netcore-entities\Kitpymes.Core.Entities.Tests\bin\Debug\netcoreapp3.0\Kitpymes.Core.Entities.Tests.dll" adapterTypeName="executor://mstestadapter/v2" className="Kitpymes.Core.Entities.ValueObjects.Tests.NameTests" name="IsNull_Passing_Valid_Value_Returns_False" />
    </UnitTest>
    <UnitTest name="IsMasterCard_Passing_Nothing_Returns_True" storage="d:\sferrari\01 - trabajo\repos\netcore\template-netcore-entities\kitpymes.core.entities.tests\bin\debug\netcoreapp3.0\kitpymes.core.entities.tests.dll" id="42204c2d-cae8-e99c-229d-8e372d79bb40">
      <Execution id="a175d5a0-f41e-46a7-b327-06e9c4a5a214" />
      <TestMethod codeBase="D:\SFERRARI\01 - TRABAJO\REPOS\netcore\template-netcore-entities\Kitpymes.Core.Entities.Tests\bin\Debug\netcoreapp3.0\Kitpymes.Core.Entities.Tests.dll" adapterTypeName="executor://mstestadapter/v2" className="Kitpymes.Core.Entities.Enumerations.Tests.CardTypeEnumTests" name="IsMasterCard_Passing_Nothing_Returns_True" />
    </UnitTest>
    <UnitTest name="ToEnum_Passing_Valid_IntName_Enumeracion_Returns_Enumeracion" storage="d:\sferrari\01 - trabajo\repos\netcore\template-netcore-entities\kitpymes.core.entities.tests\bin\debug\netcoreapp3.0\kitpymes.core.entities.tests.dll" id="27a0e577-20d6-fabc-02be-7af6a06cb12f">
      <Execution id="e95bb00a-de83-465b-bcea-570df9cb016e" />
      <TestMethod codeBase="D:\SFERRARI\01 - TRABAJO\REPOS\netcore\template-netcore-entities\Kitpymes.Core.Entities.Tests\bin\Debug\netcoreapp3.0\Kitpymes.Core.Entities.Tests.dll" adapterTypeName="executor://mstestadapter/v2" className="Kitpymes.Core.Entities.Enumerations.Tests.GenderTypeEnumTests" name="ToEnum_Passing_Valid_IntName_Enumeracion_Returns_Enumeracion" />
    </UnitTest>
    <UnitTest name="OperatorEqual_Passing_Valid_Values_Returns_True" storage="d:\sferrari\01 - trabajo\repos\netcore\template-netcore-entities\kitpymes.core.entities.tests\bin\debug\netcoreapp3.0\kitpymes.core.entities.tests.dll" id="3e808d2f-8050-987c-6881-19992ba1e6c6">
      <Execution id="d7f4edd1-4908-4ac0-8612-222e5d86df14" />
      <TestMethod codeBase="D:\SFERRARI\01 - TRABAJO\REPOS\netcore\template-netcore-entities\Kitpymes.Core.Entities.Tests\bin\Debug\netcoreapp3.0\Kitpymes.Core.Entities.Tests.dll" adapterTypeName="executor://mstestadapter/v2" className="Kitpymes.Core.Entities.ValueObjects.Tests.CurrencyTests" name="OperatorEqual_Passing_Valid_Values_Returns_True" />
    </UnitTest>
    <UnitTest name="ToNormalize_Passing_Valid_Values_Returns_Address_String_Format" storage="d:\sferrari\01 - trabajo\repos\netcore\template-netcore-entities\kitpymes.core.entities.tests\bin\debug\netcoreapp3.0\kitpymes.core.entities.tests.dll" id="2a42fb62-90e3-d0b8-2433-6770585d59ac">
      <Execution id="0775c956-7f5c-46b9-b64b-cc3b02330eb6" />
      <TestMethod codeBase="D:\SFERRARI\01 - TRABAJO\REPOS\netcore\template-netcore-entities\Kitpymes.Core.Entities.Tests\bin\Debug\netcoreapp3.0\Kitpymes.Core.Entities.Tests.dll" adapterTypeName="executor://mstestadapter/v2" className="Kitpymes.Core.Entities.ValueObjects.Tests.EmailTests" name="ToNormalize_Passing_Valid_Values_Returns_Address_String_Format" />
    </UnitTest>
    <UnitTest name="OperatorNotEqual_Passing_Valid_Values_Returns_False" storage="d:\sferrari\01 - trabajo\repos\netcore\template-netcore-entities\kitpymes.core.entities.tests\bin\debug\netcoreapp3.0\kitpymes.core.entities.tests.dll" id="3ee8c477-acc7-2166-b517-722bdd4efb4b">
      <Execution id="0a8268dc-e1cb-43e1-9206-bc8f8a4af319" />
      <TestMethod codeBase="D:\SFERRARI\01 - TRABAJO\REPOS\netcore\template-netcore-entities\Kitpymes.Core.Entities.Tests\bin\Debug\netcoreapp3.0\Kitpymes.Core.Entities.Tests.dll" adapterTypeName="executor://mstestadapter/v2" className="Kitpymes.Core.Entities.ValueObjects.Tests.MoneyTests" name="OperatorNotEqual_Passing_Valid_Values_Returns_False" />
    </UnitTest>
    <UnitTest name="OperatorNotEqual_Passing_Valid_Values_Returns_False" storage="d:\sferrari\01 - trabajo\repos\netcore\template-netcore-entities\kitpymes.core.entities.tests\bin\debug\netcoreapp3.0\kitpymes.core.entities.tests.dll" id="d8455b90-6045-1e3d-c9de-76db4e3d49ed">
      <Execution id="15258d82-9ff7-4eae-b270-f561f7dd01bc" />
      <TestMethod codeBase="D:\SFERRARI\01 - TRABAJO\REPOS\netcore\template-netcore-entities\Kitpymes.Core.Entities.Tests\bin\Debug\netcoreapp3.0\Kitpymes.Core.Entities.Tests.dll" adapterTypeName="executor://mstestadapter/v2" className="Kitpymes.Core.Entities.ValueObjects.Tests.FullNameTests" name="OperatorNotEqual_Passing_Valid_Values_Returns_False" />
    </UnitTest>
    <UnitTest name="GetAll_Passing_Nothing_Returns_Enumeracion_List" storage="d:\sferrari\01 - trabajo\repos\netcore\template-netcore-entities\kitpymes.core.entities.tests\bin\debug\netcoreapp3.0\kitpymes.core.entities.tests.dll" id="a7b68708-c69e-0ff4-e40e-725b6fe202e8">
      <Execution id="b67bda36-b00e-4bf5-a30c-250b9751b715" />
      <TestMethod codeBase="D:\SFERRARI\01 - TRABAJO\REPOS\netcore\template-netcore-entities\Kitpymes.Core.Entities.Tests\bin\Debug\netcoreapp3.0\Kitpymes.Core.Entities.Tests.dll" adapterTypeName="executor://mstestadapter/v2" className="Kitpymes.Core.Entities.Enumerations.Tests.SubscriptionEnumTests" name="GetAll_Passing_Nothing_Returns_Enumeracion_List" />
    </UnitTest>
    <UnitTest name="OperatorNotEqual_Passing_Valid_Values_Returns_True" storage="d:\sferrari\01 - trabajo\repos\netcore\template-netcore-entities\kitpymes.core.entities.tests\bin\debug\netcoreapp3.0\kitpymes.core.entities.tests.dll" id="398af0c0-2099-6a75-20f6-c6ae3a70956a">
      <Execution id="afb75ecd-4f7b-479d-8411-659350d04086" />
      <TestMethod codeBase="D:\SFERRARI\01 - TRABAJO\REPOS\netcore\template-netcore-entities\Kitpymes.Core.Entities.Tests\bin\Debug\netcoreapp3.0\Kitpymes.Core.Entities.Tests.dll" adapterTypeName="executor://mstestadapter/v2" className="Kitpymes.Core.Entities.ValueObjects.Tests.CurrencyTests" name="OperatorNotEqual_Passing_Valid_Values_Returns_True" />
    </UnitTest>
    <UnitTest name="OperatorEqual_Passing_Valid_Distinct_Values_Returns_False" storage="d:\sferrari\01 - trabajo\repos\netcore\template-netcore-entities\kitpymes.core.entities.tests\bin\debug\netcoreapp3.0\kitpymes.core.entities.tests.dll" id="fc18fde3-4319-cd9b-8e17-5d2514db3cb2">
      <Execution id="ed5f435c-0402-4f7e-8ff2-40f73392be12" />
      <TestMethod codeBase="D:\SFERRARI\01 - TRABAJO\REPOS\netcore\template-netcore-entities\Kitpymes.Core.Entities.Tests\bin\Debug\netcoreapp3.0\Kitpymes.Core.Entities.Tests.dll" adapterTypeName="executor://mstestadapter/v2" className="Kitpymes.Core.Entities.ValueObjects.Tests.CurrencyTests" name="OperatorEqual_Passing_Valid_Distinct_Values_Returns_False" />
    </UnitTest>
    <UnitTest name="OperatorNotEqual_Passing_Valid_Values_Returns_True" storage="d:\sferrari\01 - trabajo\repos\netcore\template-netcore-entities\kitpymes.core.entities.tests\bin\debug\netcoreapp3.0\kitpymes.core.entities.tests.dll" id="7d5b42e8-50c6-931f-3951-5d53097abf4e">
      <Execution id="ef8db02a-f69f-42ca-bb54-61b4d9af7168" />
      <TestMethod codeBase="D:\SFERRARI\01 - TRABAJO\REPOS\netcore\template-netcore-entities\Kitpymes.Core.Entities.Tests\bin\Debug\netcoreapp3.0\Kitpymes.Core.Entities.Tests.dll" adapterTypeName="executor://mstestadapter/v2" className="Kitpymes.Core.Entities.ValueObjects.Tests.StringIdTests" name="OperatorNotEqual_Passing_Valid_Values_Returns_True" />
    </UnitTest>
    <UnitTest name="IsNull_Passing_Valid_Values_Returns_False" storage="d:\sferrari\01 - trabajo\repos\netcore\template-netcore-entities\kitpymes.core.entities.tests\bin\debug\netcoreapp3.0\kitpymes.core.entities.tests.dll" id="cff35c85-26ba-6235-75c6-1c2564d348c6">
      <Execution id="95062f84-d977-4cd3-bb8a-26d9aad76cab" />
      <TestMethod codeBase="D:\SFERRARI\01 - TRABAJO\REPOS\netcore\template-netcore-entities\Kitpymes.Core.Entities.Tests\bin\Debug\netcoreapp3.0\Kitpymes.Core.Entities.Tests.dll" adapterTypeName="executor://mstestadapter/v2" className="Kitpymes.Core.Entities.ValueObjects.Tests.TelephoneTests" name="IsNull_Passing_Valid_Values_Returns_False" />
    </UnitTest>
    <UnitTest name="IsNull_Passing_Null_Value_Returns_True" storage="d:\sferrari\01 - trabajo\repos\netcore\template-netcore-entities\kitpymes.core.entities.tests\bin\debug\netcoreapp3.0\kitpymes.core.entities.tests.dll" id="35cd21bd-ac3d-8082-2cc2-47d7b4ce3a25">
      <Execution id="b468777e-7d74-4740-816c-a963e47faadc" />
      <TestMethod codeBase="D:\SFERRARI\01 - TRABAJO\REPOS\netcore\template-netcore-entities\Kitpymes.Core.Entities.Tests\bin\Debug\netcoreapp3.0\Kitpymes.Core.Entities.Tests.dll" adapterTypeName="executor://mstestadapter/v2" className="Kitpymes.Core.Entities.ValueObjects.Tests.NameTests" name="IsNull_Passing_Null_Value_Returns_True" />
    </UnitTest>
    <UnitTest name="Create_Passing_InvalidOrNull_Value_Returns_ApplicationException" storage="d:\sferrari\01 - trabajo\repos\netcore\template-netcore-entities\kitpymes.core.entities.tests\bin\debug\netcoreapp3.0\kitpymes.core.entities.tests.dll" id="b7d442c5-0acd-3404-07a7-6a3e90ab8bdd">
      <Execution id="1ed59677-1f4a-4659-9d0d-99c373c3f921" />
      <TestMethod codeBase="D:\SFERRARI\01 - TRABAJO\REPOS\netcore\template-netcore-entities\Kitpymes.Core.Entities.Tests\bin\Debug\netcoreapp3.0\Kitpymes.Core.Entities.Tests.dll" adapterTypeName="executor://mstestadapter/v2" className="Kitpymes.Core.Entities.ValueObjects.Tests.FullNameTests" name="Create_Passing_InvalidOrNull_Value_Returns_ApplicationException" />
    </UnitTest>
    <UnitTest name="ToEnum_Passing_Invalid_Int_Name_Enumeracion_Returns_Null" storage="d:\sferrari\01 - trabajo\repos\netcore\template-netcore-entities\kitpymes.core.entities.tests\bin\debug\netcoreapp3.0\kitpymes.core.entities.tests.dll" id="582ef803-3445-a1eb-d630-9b4dabc719d5">
      <Execution id="a5cf9a30-4906-4912-9068-ccc1f0bc0757" />
      <TestMethod codeBase="D:\SFERRARI\01 - TRABAJO\REPOS\netcore\template-netcore-entities\Kitpymes.Core.Entities.Tests\bin\Debug\netcoreapp3.0\Kitpymes.Core.Entities.Tests.dll" adapterTypeName="executor://mstestadapter/v2" className="Kitpymes.Core.Entities.Enumerations.Tests.GenderTypeEnumTests" name="ToEnum_Passing_Invalid_Int_Name_Enumeracion_Returns_Null" />
    </UnitTest>
    <UnitTest name="Equals_Passing_Valid_Distinct_Values_Returns_False" storage="d:\sferrari\01 - trabajo\repos\netcore\template-netcore-entities\kitpymes.core.entities.tests\bin\debug\netcoreapp3.0\kitpymes.core.entities.tests.dll" id="5a24c00d-3f9c-ad2d-3249-b671bca7abbb">
      <Execution id="f0c69307-f6f7-4c2c-8b69-0c21a59f3dad" />
      <TestMethod codeBase="D:\SFERRARI\01 - TRABAJO\REPOS\netcore\template-netcore-entities\Kitpymes.Core.Entities.Tests\bin\Debug\netcoreapp3.0\Kitpymes.Core.Entities.Tests.dll" adapterTypeName="executor://mstestadapter/v2" className="Kitpymes.Core.Entities.ValueObjects.Tests.SubdomainTests" name="Equals_Passing_Valid_Distinct_Values_Returns_False" />
    </UnitTest>
    <UnitTest name="Create_Passing_Valid_Value_Returns_Email" storage="d:\sferrari\01 - trabajo\repos\netcore\template-netcore-entities\kitpymes.core.entities.tests\bin\debug\netcoreapp3.0\kitpymes.core.entities.tests.dll" id="c76c5fb3-80cf-3138-b811-ceac3a87cf8e">
      <Execution id="c38ffd4e-5407-4148-8063-f2eaa0cc537a" />
      <TestMethod codeBase="D:\SFERRARI\01 - TRABAJO\REPOS\netcore\template-netcore-entities\Kitpymes.Core.Entities.Tests\bin\Debug\netcoreapp3.0\Kitpymes.Core.Entities.Tests.dll" adapterTypeName="executor://mstestadapter/v2" className="Kitpymes.Core.Entities.ValueObjects.Tests.EmailTests" name="Create_Passing_Valid_Value_Returns_Email" />
    </UnitTest>
    <UnitTest name="OperatorEqual_Passing_Valid_Values_Returns_True" storage="d:\sferrari\01 - trabajo\repos\netcore\template-netcore-entities\kitpymes.core.entities.tests\bin\debug\netcoreapp3.0\kitpymes.core.entities.tests.dll" id="153dd652-4eeb-f718-2869-b5ccdad8d784">
      <Execution id="f8f3c33c-9a3b-453c-8cc1-848933e91020" />
      <TestMethod codeBase="D:\SFERRARI\01 - TRABAJO\REPOS\netcore\template-netcore-entities\Kitpymes.Core.Entities.Tests\bin\Debug\netcoreapp3.0\Kitpymes.Core.Entities.Tests.dll" adapterTypeName="executor://mstestadapter/v2" className="Kitpymes.Core.Entities.ValueObjects.Tests.MoneyTests" name="OperatorEqual_Passing_Valid_Values_Returns_True" />
    </UnitTest>
    <UnitTest name="GetAll_Passing_Nothing_Returns_Enumeracion_List" storage="d:\sferrari\01 - trabajo\repos\netcore\template-netcore-entities\kitpymes.core.entities.tests\bin\debug\netcoreapp3.0\kitpymes.core.entities.tests.dll" id="4ffb1e76-cb8e-8152-5127-75a5ccf2e82d">
      <Execution id="2c619a45-2050-407d-90da-f338a133a813" />
      <TestMethod codeBase="D:\SFERRARI\01 - TRABAJO\REPOS\netcore\template-netcore-entities\Kitpymes.Core.Entities.Tests\bin\Debug\netcoreapp3.0\Kitpymes.Core.Entities.Tests.dll" adapterTypeName="executor://mstestadapter/v2" className="Kitpymes.Core.Entities.Enumerations.Tests.CardTypeEnumTests" name="GetAll_Passing_Nothing_Returns_Enumeracion_List" />
    </UnitTest>
    <UnitTest name="OperatorEqual_Passing_Valid_Values_Returns_True" storage="d:\sferrari\01 - trabajo\repos\netcore\template-netcore-entities\kitpymes.core.entities.tests\bin\debug\netcoreapp3.0\kitpymes.core.entities.tests.dll" id="9c04e34f-7224-62e2-c837-288675a1ae2d">
      <Execution id="7fe78af1-6ad1-41c8-876c-e25485e95cf9" />
      <TestMethod codeBase="D:\SFERRARI\01 - TRABAJO\REPOS\netcore\template-netcore-entities\Kitpymes.Core.Entities.Tests\bin\Debug\netcoreapp3.0\Kitpymes.Core.Entities.Tests.dll" adapterTypeName="executor://mstestadapter/v2" className="Kitpymes.Core.Entities.ValueObjects.Tests.StringIdTests" name="OperatorEqual_Passing_Valid_Values_Returns_True" />
    </UnitTest>
    <UnitTest name="OperatorNotEqual_Passing_Valid_Values_Returns_False" storage="d:\sferrari\01 - trabajo\repos\netcore\template-netcore-entities\kitpymes.core.entities.tests\bin\debug\netcoreapp3.0\kitpymes.core.entities.tests.dll" id="77e3ceec-23c8-f048-63a2-95c394ee2a67">
      <Execution id="639cae45-8fbe-4ef9-8c70-86b05aec61c1" />
      <TestMethod codeBase="D:\SFERRARI\01 - TRABAJO\REPOS\netcore\template-netcore-entities\Kitpymes.Core.Entities.Tests\bin\Debug\netcoreapp3.0\Kitpymes.Core.Entities.Tests.dll" adapterTypeName="executor://mstestadapter/v2" className="Kitpymes.Core.Entities.ValueObjects.Tests.EmailTests" name="OperatorNotEqual_Passing_Valid_Values_Returns_False" />
    </UnitTest>
    <UnitTest name="ToEnum_Passing_Valid_IntName_Enumeracion_Returns_Enumeracion" storage="d:\sferrari\01 - trabajo\repos\netcore\template-netcore-entities\kitpymes.core.entities.tests\bin\debug\netcoreapp3.0\kitpymes.core.entities.tests.dll" id="b0548663-47b3-8c52-226c-9dcd0a8ec50c">
      <Execution id="471ae004-ed5b-4442-acc7-c411918cc740" />
      <TestMethod codeBase="D:\SFERRARI\01 - TRABAJO\REPOS\netcore\template-netcore-entities\Kitpymes.Core.Entities.Tests\bin\Debug\netcoreapp3.0\Kitpymes.Core.Entities.Tests.dll" adapterTypeName="executor://mstestadapter/v2" className="Kitpymes.Core.Entities.Enumerations.Tests.SubscriptionEnumTests" name="ToEnum_Passing_Valid_IntName_Enumeracion_Returns_Enumeracion" />
    </UnitTest>
    <UnitTest name="ToString_Passing_Valid_Values_Returns_Value_String_Format" storage="d:\sferrari\01 - trabajo\repos\netcore\template-netcore-entities\kitpymes.core.entities.tests\bin\debug\netcoreapp3.0\kitpymes.core.entities.tests.dll" id="860a3ab5-e4fc-cad4-fe40-328241e258f0">
      <Execution id="9fca4f67-ca1d-47e6-a8e1-9f52993202a9" />
      <TestMethod codeBase="D:\SFERRARI\01 - TRABAJO\REPOS\netcore\template-netcore-entities\Kitpymes.Core.Entities.Tests\bin\Debug\netcoreapp3.0\Kitpymes.Core.Entities.Tests.dll" adapterTypeName="executor://mstestadapter/v2" className="Kitpymes.Core.Entities.ValueObjects.Tests.TelephoneTests" name="ToString_Passing_Valid_Values_Returns_Value_String_Format" />
    </UnitTest>
    <UnitTest name="Equals_Passing_Valid_Values_Returns_True" storage="d:\sferrari\01 - trabajo\repos\netcore\template-netcore-entities\kitpymes.core.entities.tests\bin\debug\netcoreapp3.0\kitpymes.core.entities.tests.dll" id="9b344652-cdde-ed73-1807-0f497ee20572">
      <Execution id="21b5bd3f-7fe9-428e-9204-dc59e53408ab" />
      <TestMethod codeBase="D:\SFERRARI\01 - TRABAJO\REPOS\netcore\template-netcore-entities\Kitpymes.Core.Entities.Tests\bin\Debug\netcoreapp3.0\Kitpymes.Core.Entities.Tests.dll" adapterTypeName="executor://mstestadapter/v2" className="Kitpymes.Core.Entities.ValueObjects.Tests.EmailTests" name="Equals_Passing_Valid_Values_Returns_True" />
    </UnitTest>
    <UnitTest name="ToEnum_Passing_Invalid_String_Name_Enumeracion_Returns_Null" storage="d:\sferrari\01 - trabajo\repos\netcore\template-netcore-entities\kitpymes.core.entities.tests\bin\debug\netcoreapp3.0\kitpymes.core.entities.tests.dll" id="145bd153-18cc-3e25-baa5-f3e74b60f467">
      <Execution id="402111f4-5d04-4b28-82df-8a2177184a81" />
      <TestMethod codeBase="D:\SFERRARI\01 - TRABAJO\REPOS\netcore\template-netcore-entities\Kitpymes.Core.Entities.Tests\bin\Debug\netcoreapp3.0\Kitpymes.Core.Entities.Tests.dll" adapterTypeName="executor://mstestadapter/v2" className="Kitpymes.Core.Entities.Enumerations.Tests.SubscriptionEnumTests" name="ToEnum_Passing_Invalid_String_Name_Enumeracion_Returns_Null" />
    </UnitTest>
    <UnitTest name="Equals_Passing_Valid_Values_Returns_True" storage="d:\sferrari\01 - trabajo\repos\netcore\template-netcore-entities\kitpymes.core.entities.tests\bin\debug\netcoreapp3.0\kitpymes.core.entities.tests.dll" id="c1c7a090-62ae-a90f-5c47-62eab692b098">
      <Execution id="a4a71936-bd74-4f4d-9fe8-0af66613d21e" />
      <TestMethod codeBase="D:\SFERRARI\01 - TRABAJO\REPOS\netcore\template-netcore-entities\Kitpymes.Core.Entities.Tests\bin\Debug\netcoreapp3.0\Kitpymes.Core.Entities.Tests.dll" adapterTypeName="executor://mstestadapter/v2" className="Kitpymes.Core.Entities.ValueObjects.Tests.TelephoneTests" name="Equals_Passing_Valid_Values_Returns_True" />
    </UnitTest>
    <UnitTest name="ToString_Passing_Valid_Values_Returns_Subdomain" storage="d:\sferrari\01 - trabajo\repos\netcore\template-netcore-entities\kitpymes.core.entities.tests\bin\debug\netcoreapp3.0\kitpymes.core.entities.tests.dll" id="d71963d6-dcff-e7f3-d8f4-94038e2fe289">
      <Execution id="f13fd648-62bf-449a-8ad6-4d3f3ba8bd5c" />
      <TestMethod codeBase="D:\SFERRARI\01 - TRABAJO\REPOS\netcore\template-netcore-entities\Kitpymes.Core.Entities.Tests\bin\Debug\netcoreapp3.0\Kitpymes.Core.Entities.Tests.dll" adapterTypeName="executor://mstestadapter/v2" className="Kitpymes.Core.Entities.ValueObjects.Tests.SubdomainTests" name="ToString_Passing_Valid_Values_Returns_Subdomain" />
    </UnitTest>
    <UnitTest name="OperatorEqual_Passing_Valid_Values_Returns_True" storage="d:\sferrari\01 - trabajo\repos\netcore\template-netcore-entities\kitpymes.core.entities.tests\bin\debug\netcoreapp3.0\kitpymes.core.entities.tests.dll" id="e9f12af5-5c0d-5f0d-b569-bb58f1d198e2">
      <Execution id="ab4d39ac-55bc-47f8-b48d-7d84e56632d2" />
      <TestMethod codeBase="D:\SFERRARI\01 - TRABAJO\REPOS\netcore\template-netcore-entities\Kitpymes.Core.Entities.Tests\bin\Debug\netcoreapp3.0\Kitpymes.Core.Entities.Tests.dll" adapterTypeName="executor://mstestadapter/v2" className="Kitpymes.Core.Entities.ValueObjects.Tests.NameTests" name="OperatorEqual_Passing_Valid_Values_Returns_True" />
    </UnitTest>
    <UnitTest name="Equals_Passing_Valid_Values_Returns_True" storage="d:\sferrari\01 - trabajo\repos\netcore\template-netcore-entities\kitpymes.core.entities.tests\bin\debug\netcoreapp3.0\kitpymes.core.entities.tests.dll" id="b4fa98e0-ad74-6dc8-23c1-bd54dd325a57">
      <Execution id="a7755d24-e09b-4a6f-9c2c-fd83cbb54175" />
      <TestMethod codeBase="D:\SFERRARI\01 - TRABAJO\REPOS\netcore\template-netcore-entities\Kitpymes.Core.Entities.Tests\bin\Debug\netcoreapp3.0\Kitpymes.Core.Entities.Tests.dll" adapterTypeName="executor://mstestadapter/v2" className="Kitpymes.Core.Entities.ValueObjects.Tests.FullNameTests" name="Equals_Passing_Valid_Values_Returns_True" />
    </UnitTest>
    <UnitTest name="Change_Passing_Valid_Values_Returns_Telephone" storage="d:\sferrari\01 - trabajo\repos\netcore\template-netcore-entities\kitpymes.core.entities.tests\bin\debug\netcoreapp3.0\kitpymes.core.entities.tests.dll" id="ed57a0e1-ab6e-1fee-9896-d0ba117a6da1">
      <Execution id="25b9e273-0a27-4dd6-92e8-9a9006f248c8" />
      <TestMethod codeBase="D:\SFERRARI\01 - TRABAJO\REPOS\netcore\template-netcore-entities\Kitpymes.Core.Entities.Tests\bin\Debug\netcoreapp3.0\Kitpymes.Core.Entities.Tests.dll" adapterTypeName="executor://mstestadapter/v2" className="Kitpymes.Core.Entities.ValueObjects.Tests.TelephoneTests" name="Change_Passing_Valid_Values_Returns_Telephone" />
    </UnitTest>
    <UnitTest name="Equals_Passing_Valid_Distinct_Values_Returns_False" storage="d:\sferrari\01 - trabajo\repos\netcore\template-netcore-entities\kitpymes.core.entities.tests\bin\debug\netcoreapp3.0\kitpymes.core.entities.tests.dll" id="ce8720c2-9005-cb90-e9f6-6a9dc1f8339c">
      <Execution id="1c8295d9-87d3-4420-bd3d-e6164d33c529" />
      <TestMethod codeBase="D:\SFERRARI\01 - TRABAJO\REPOS\netcore\template-netcore-entities\Kitpymes.Core.Entities.Tests\bin\Debug\netcoreapp3.0\Kitpymes.Core.Entities.Tests.dll" adapterTypeName="executor://mstestadapter/v2" className="Kitpymes.Core.Entities.ValueObjects.Tests.CurrencyTests" name="Equals_Passing_Valid_Distinct_Values_Returns_False" />
    </UnitTest>
    <UnitTest name="ToEnum_Passing_Valid_String_Name_Enumeracion_Returns_Enumeracion" storage="d:\sferrari\01 - trabajo\repos\netcore\template-netcore-entities\kitpymes.core.entities.tests\bin\debug\netcoreapp3.0\kitpymes.core.entities.tests.dll" id="6afaec20-42f3-051a-70dd-dd8272a94d57">
      <Execution id="e81b7c85-ff96-4231-8791-f7107e424504" />
      <TestMethod codeBase="D:\SFERRARI\01 - TRABAJO\REPOS\netcore\template-netcore-entities\Kitpymes.Core.Entities.Tests\bin\Debug\netcoreapp3.0\Kitpymes.Core.Entities.Tests.dll" adapterTypeName="executor://mstestadapter/v2" className="Kitpymes.Core.Entities.Enumerations.Tests.LogTypeEnumTests" name="ToEnum_Passing_Valid_String_Name_Enumeracion_Returns_Enumeracion" />
    </UnitTest>
    <UnitTest name="Create_Passing_InvalidOrNull_Value_Returns_ApplicationException" storage="d:\sferrari\01 - trabajo\repos\netcore\template-netcore-entities\kitpymes.core.entities.tests\bin\debug\netcoreapp3.0\kitpymes.core.entities.tests.dll" id="f8590f4c-8af0-6c5c-7ae1-fa12731b6342">
      <Execution id="e230a499-3365-4783-b696-8cc268461c54" />
      <TestMethod codeBase="D:\SFERRARI\01 - TRABAJO\REPOS\netcore\template-netcore-entities\Kitpymes.Core.Entities.Tests\bin\Debug\netcoreapp3.0\Kitpymes.Core.Entities.Tests.dll" adapterTypeName="executor://mstestadapter/v2" className="Kitpymes.Core.Entities.ValueObjects.Tests.EmailTests" name="Create_Passing_InvalidOrNull_Value_Returns_ApplicationException" />
    </UnitTest>
    <UnitTest name="OperatorEqual_Passing_Valid_Distinct_Values_Returns_False" storage="d:\sferrari\01 - trabajo\repos\netcore\template-netcore-entities\kitpymes.core.entities.tests\bin\debug\netcoreapp3.0\kitpymes.core.entities.tests.dll" id="c5c29f75-9d50-53de-8312-18164417d08c">
      <Execution id="c4a1b283-1d1f-4313-8e05-d4e27ecaf120" />
      <TestMethod codeBase="D:\SFERRARI\01 - TRABAJO\REPOS\netcore\template-netcore-entities\Kitpymes.Core.Entities.Tests\bin\Debug\netcoreapp3.0\Kitpymes.Core.Entities.Tests.dll" adapterTypeName="executor://mstestadapter/v2" className="Kitpymes.Core.Entities.ValueObjects.Tests.TelephoneTests" name="OperatorEqual_Passing_Valid_Distinct_Values_Returns_False" />
    </UnitTest>
    <UnitTest name="ToBool_Passing_Valid_Status_Inactive_Returns_False" storage="d:\sferrari\01 - trabajo\repos\netcore\template-netcore-entities\kitpymes.core.entities.tests\bin\debug\netcoreapp3.0\kitpymes.core.entities.tests.dll" id="5b9ad273-899e-043f-1d95-78fcc6790837">
      <Execution id="5205360e-3980-426d-be2f-3ab5ae014085" />
      <TestMethod codeBase="D:\SFERRARI\01 - TRABAJO\REPOS\netcore\template-netcore-entities\Kitpymes.Core.Entities.Tests\bin\Debug\netcoreapp3.0\Kitpymes.Core.Entities.Tests.dll" adapterTypeName="executor://mstestadapter/v2" className="Kitpymes.Core.Entities.Enumerations.Tests.StatusEnumTests" name="ToBool_Passing_Valid_Status_Inactive_Returns_False" />
    </UnitTest>
    <UnitTest name="OperatorEqual_Passing_Valid_Distinct_Values_Returns_False" storage="d:\sferrari\01 - trabajo\repos\netcore\template-netcore-entities\kitpymes.core.entities.tests\bin\debug\netcoreapp3.0\kitpymes.core.entities.tests.dll" id="b10bbd05-c792-3d8c-96c7-1a5f4647c7dd">
      <Execution id="0ef82560-dc1a-48b9-9209-d2a2242b0b94" />
      <TestMethod codeBase="D:\SFERRARI\01 - TRABAJO\REPOS\netcore\template-netcore-entities\Kitpymes.Core.Entities.Tests\bin\Debug\netcoreapp3.0\Kitpymes.Core.Entities.Tests.dll" adapterTypeName="executor://mstestadapter/v2" className="Kitpymes.Core.Entities.ValueObjects.Tests.NameTests" name="OperatorEqual_Passing_Valid_Distinct_Values_Returns_False" />
    </UnitTest>
    <UnitTest name="Equals_Passing_Valid_Values_Returns_True" storage="d:\sferrari\01 - trabajo\repos\netcore\template-netcore-entities\kitpymes.core.entities.tests\bin\debug\netcoreapp3.0\kitpymes.core.entities.tests.dll" id="360a473d-7e1c-2d14-72c9-22f9349ca174">
      <Execution id="e512a1c0-7104-460b-99e4-4d2225882e2c" />
      <TestMethod codeBase="D:\SFERRARI\01 - TRABAJO\REPOS\netcore\template-netcore-entities\Kitpymes.Core.Entities.Tests\bin\Debug\netcoreapp3.0\Kitpymes.Core.Entities.Tests.dll" adapterTypeName="executor://mstestadapter/v2" className="Kitpymes.Core.Entities.ValueObjects.Tests.CurrencyTests" name="Equals_Passing_Valid_Values_Returns_True" />
    </UnitTest>
    <UnitTest name="IsNull_Passing_Valid_Address_Returns_False" storage="d:\sferrari\01 - trabajo\repos\netcore\template-netcore-entities\kitpymes.core.entities.tests\bin\debug\netcoreapp3.0\kitpymes.core.entities.tests.dll" id="f32c4def-2f6e-3a0b-be76-e606178c7f60">
      <Execution id="d6c16cbc-3539-4757-a367-7de9be6159a7" />
      <TestMethod codeBase="D:\SFERRARI\01 - TRABAJO\REPOS\netcore\template-netcore-entities\Kitpymes.Core.Entities.Tests\bin\Debug\netcoreapp3.0\Kitpymes.Core.Entities.Tests.dll" adapterTypeName="executor://mstestadapter/v2" className="Kitpymes.Core.Entities.ValueObjects.Tests.AddressTests" name="IsNull_Passing_Valid_Address_Returns_False" />
    </UnitTest>
    <UnitTest name="ToEnum_Passing_Invalid_Int_Name_Enumeracion_Returns_Null" storage="d:\sferrari\01 - trabajo\repos\netcore\template-netcore-entities\kitpymes.core.entities.tests\bin\debug\netcoreapp3.0\kitpymes.core.entities.tests.dll" id="cd159d9c-491e-cea0-3dbb-5894d4cafd31">
      <Execution id="de9e35b4-30f5-478b-96d3-efeb20cf4501" />
      <TestMethod codeBase="D:\SFERRARI\01 - TRABAJO\REPOS\netcore\template-netcore-entities\Kitpymes.Core.Entities.Tests\bin\Debug\netcoreapp3.0\Kitpymes.Core.Entities.Tests.dll" adapterTypeName="executor://mstestadapter/v2" className="Kitpymes.Core.Entities.Enumerations.Tests.LogTypeEnumTests" name="ToEnum_Passing_Invalid_Int_Name_Enumeracion_Returns_Null" />
    </UnitTest>
    <UnitTest name="Change_Passing_Valid_Values_Returns_Email" storage="d:\sferrari\01 - trabajo\repos\netcore\template-netcore-entities\kitpymes.core.entities.tests\bin\debug\netcoreapp3.0\kitpymes.core.entities.tests.dll" id="7d55952c-7491-2bc1-f80b-6bd31d5146d2">
      <Execution id="6bade0ee-be1a-4661-baa2-3da04ab5be75" />
      <TestMethod codeBase="D:\SFERRARI\01 - TRABAJO\REPOS\netcore\template-netcore-entities\Kitpymes.Core.Entities.Tests\bin\Debug\netcoreapp3.0\Kitpymes.Core.Entities.Tests.dll" adapterTypeName="executor://mstestadapter/v2" className="Kitpymes.Core.Entities.ValueObjects.Tests.EmailTests" name="Change_Passing_Valid_Values_Returns_Email" />
    </UnitTest>
    <UnitTest name="IsNull_Passing_Null_Value_Returns_True" storage="d:\sferrari\01 - trabajo\repos\netcore\template-netcore-entities\kitpymes.core.entities.tests\bin\debug\netcoreapp3.0\kitpymes.core.entities.tests.dll" id="0188a360-d0e8-2f3a-f2c3-d07e54094df7">
      <Execution id="0ce5d75e-0bc8-4c54-a455-8b33426a2966" />
      <TestMethod codeBase="D:\SFERRARI\01 - TRABAJO\REPOS\netcore\template-netcore-entities\Kitpymes.Core.Entities.Tests\bin\Debug\netcoreapp3.0\Kitpymes.Core.Entities.Tests.dll" adapterTypeName="executor://mstestadapter/v2" className="Kitpymes.Core.Entities.ValueObjects.Tests.FullNameTests" name="IsNull_Passing_Null_Value_Returns_True" />
    </UnitTest>
    <UnitTest name="ToEnum_Passing_Invalid_String_Name_Enumeracion_Returns_Null" storage="d:\sferrari\01 - trabajo\repos\netcore\template-netcore-entities\kitpymes.core.entities.tests\bin\debug\netcoreapp3.0\kitpymes.core.entities.tests.dll" id="3c73a262-4233-759f-902c-9ce564f1c4ad">
      <Execution id="32c6aa33-1b89-4ac4-90ba-8b1c992e1674" />
      <TestMethod codeBase="D:\SFERRARI\01 - TRABAJO\REPOS\netcore\template-netcore-entities\Kitpymes.Core.Entities.Tests\bin\Debug\netcoreapp3.0\Kitpymes.Core.Entities.Tests.dll" adapterTypeName="executor://mstestadapter/v2" className="Kitpymes.Core.Entities.Enumerations.Tests.CardTypeEnumTests" name="ToEnum_Passing_Invalid_String_Name_Enumeracion_Returns_Null" />
    </UnitTest>
    <UnitTest name="Create_Passing_InvalidOrNull_Value_Returns_ApplicationException" storage="d:\sferrari\01 - trabajo\repos\netcore\template-netcore-entities\kitpymes.core.entities.tests\bin\debug\netcoreapp3.0\kitpymes.core.entities.tests.dll" id="7f63e5ba-c44d-59a2-d525-2cb0363ac96c">
      <Execution id="bc1b5acc-7276-4267-bc51-23567d6c67ba" />
      <TestMethod codeBase="D:\SFERRARI\01 - TRABAJO\REPOS\netcore\template-netcore-entities\Kitpymes.Core.Entities.Tests\bin\Debug\netcoreapp3.0\Kitpymes.Core.Entities.Tests.dll" adapterTypeName="executor://mstestadapter/v2" className="Kitpymes.Core.Entities.ValueObjects.Tests.TelephoneTests" name="Create_Passing_InvalidOrNull_Value_Returns_ApplicationException" />
    </UnitTest>
    <UnitTest name="OperatorNotEqual_Passing_Valid_Values_Returns_True" storage="d:\sferrari\01 - trabajo\repos\netcore\template-netcore-entities\kitpymes.core.entities.tests\bin\debug\netcoreapp3.0\kitpymes.core.entities.tests.dll" id="7c9f6c94-8d7d-5c31-2b93-fff4124ed3c5">
      <Execution id="546c77bf-6f1a-47a9-8fc4-c5a7a7af7a78" />
      <TestMethod codeBase="D:\SFERRARI\01 - TRABAJO\REPOS\netcore\template-netcore-entities\Kitpymes.Core.Entities.Tests\bin\Debug\netcoreapp3.0\Kitpymes.Core.Entities.Tests.dll" adapterTypeName="executor://mstestadapter/v2" className="Kitpymes.Core.Entities.ValueObjects.Tests.FullNameTests" name="OperatorNotEqual_Passing_Valid_Values_Returns_True" />
    </UnitTest>
    <UnitTest name="IsVisa_Passing_Nothing_Returns_True" storage="d:\sferrari\01 - trabajo\repos\netcore\template-netcore-entities\kitpymes.core.entities.tests\bin\debug\netcoreapp3.0\kitpymes.core.entities.tests.dll" id="a73a2e63-3dc6-6b14-a467-c57ee0ec7ec7">
      <Execution id="a56354a2-53fa-48d1-8ab0-9b11633ea9cc" />
      <TestMethod codeBase="D:\SFERRARI\01 - TRABAJO\REPOS\netcore\template-netcore-entities\Kitpymes.Core.Entities.Tests\bin\Debug\netcoreapp3.0\Kitpymes.Core.Entities.Tests.dll" adapterTypeName="executor://mstestadapter/v2" className="Kitpymes.Core.Entities.Enumerations.Tests.CardTypeEnumTests" name="IsVisa_Passing_Nothing_Returns_True" />
    </UnitTest>
    <UnitTest name="OperatorNotEqual_Passing_Valid_Values_Returns_False" storage="d:\sferrari\01 - trabajo\repos\netcore\template-netcore-entities\kitpymes.core.entities.tests\bin\debug\netcoreapp3.0\kitpymes.core.entities.tests.dll" id="28983f02-4f34-fd2a-e2c0-c023f9e83615">
      <Execution id="c3efded3-200d-4165-95d6-dc7e1034ca7d" />
      <TestMethod codeBase="D:\SFERRARI\01 - TRABAJO\REPOS\netcore\template-netcore-entities\Kitpymes.Core.Entities.Tests\bin\Debug\netcoreapp3.0\Kitpymes.Core.Entities.Tests.dll" adapterTypeName="executor://mstestadapter/v2" className="Kitpymes.Core.Entities.ValueObjects.Tests.AddressTests" name="OperatorNotEqual_Passing_Valid_Values_Returns_False" />
    </UnitTest>
    <UnitTest name="Change_Passing_Valid_Values_Returns_Subdomain" storage="d:\sferrari\01 - trabajo\repos\netcore\template-netcore-entities\kitpymes.core.entities.tests\bin\debug\netcoreapp3.0\kitpymes.core.entities.tests.dll" id="8d7600c8-85e7-f035-9f9f-51a80e994a9a">
      <Execution id="b6d7e3bd-c501-4e20-8c74-4cb20ba19b22" />
      <TestMethod codeBase="D:\SFERRARI\01 - TRABAJO\REPOS\netcore\template-netcore-entities\Kitpymes.Core.Entities.Tests\bin\Debug\netcoreapp3.0\Kitpymes.Core.Entities.Tests.dll" adapterTypeName="executor://mstestadapter/v2" className="Kitpymes.Core.Entities.ValueObjects.Tests.SubdomainTests" name="Change_Passing_Valid_Values_Returns_Subdomain" />
    </UnitTest>
    <UnitTest name="ToEnum_Passing_Valid_IntName_Enumeracion_Returns_Enumeracion" storage="d:\sferrari\01 - trabajo\repos\netcore\template-netcore-entities\kitpymes.core.entities.tests\bin\debug\netcoreapp3.0\kitpymes.core.entities.tests.dll" id="0d76b1f8-41be-79d6-55e9-d959e165e570">
      <Execution id="5e928aeb-e748-41d1-a4f7-bd34566ff1bd" />
      <TestMethod codeBase="D:\SFERRARI\01 - TRABAJO\REPOS\netcore\template-netcore-entities\Kitpymes.Core.Entities.Tests\bin\Debug\netcoreapp3.0\Kitpymes.Core.Entities.Tests.dll" adapterTypeName="executor://mstestadapter/v2" className="Kitpymes.Core.Entities.Enumerations.Tests.LogTypeEnumTests" name="ToEnum_Passing_Valid_IntName_Enumeracion_Returns_Enumeracion" />
    </UnitTest>
    <UnitTest name="OperatorEqual_Passing_Valid_Values_Returns_True" storage="d:\sferrari\01 - trabajo\repos\netcore\template-netcore-entities\kitpymes.core.entities.tests\bin\debug\netcoreapp3.0\kitpymes.core.entities.tests.dll" id="6dd73256-d9d7-d295-626e-bd95bb1349ab">
      <Execution id="39ecb5b3-ab02-4d68-bdfa-52b78ddddd29" />
      <TestMethod codeBase="D:\SFERRARI\01 - TRABAJO\REPOS\netcore\template-netcore-entities\Kitpymes.Core.Entities.Tests\bin\Debug\netcoreapp3.0\Kitpymes.Core.Entities.Tests.dll" adapterTypeName="executor://mstestadapter/v2" className="Kitpymes.Core.Entities.ValueObjects.Tests.TelephoneTests" name="OperatorEqual_Passing_Valid_Values_Returns_True" />
    </UnitTest>
    <UnitTest name="Create_Passing_InvalidOrNull_Value_Returns_ApplicationException" storage="d:\sferrari\01 - trabajo\repos\netcore\template-netcore-entities\kitpymes.core.entities.tests\bin\debug\netcoreapp3.0\kitpymes.core.entities.tests.dll" id="d72572bb-7928-9c07-ef1f-d247b9026627">
      <Execution id="cbd287d5-dd59-4c21-b5f7-cb64deb1b8b1" />
      <TestMethod codeBase="D:\SFERRARI\01 - TRABAJO\REPOS\netcore\template-netcore-entities\Kitpymes.Core.Entities.Tests\bin\Debug\netcoreapp3.0\Kitpymes.Core.Entities.Tests.dll" adapterTypeName="executor://mstestadapter/v2" className="Kitpymes.Core.Entities.ValueObjects.Tests.CurrencyTests" name="Create_Passing_InvalidOrNull_Value_Returns_ApplicationException" />
    </UnitTest>
    <UnitTest name="Create_Default_Passing_Valid_Values_Returns_StringId" storage="d:\sferrari\01 - trabajo\repos\netcore\template-netcore-entities\kitpymes.core.entities.tests\bin\debug\netcoreapp3.0\kitpymes.core.entities.tests.dll" id="13791109-f26f-328b-af66-40d4b88b25f7">
      <Execution id="63f9bf59-6c48-4cd4-9f70-a5fef93367e0" />
      <TestMethod codeBase="D:\SFERRARI\01 - TRABAJO\REPOS\netcore\template-netcore-entities\Kitpymes.Core.Entities.Tests\bin\Debug\netcoreapp3.0\Kitpymes.Core.Entities.Tests.dll" adapterTypeName="executor://mstestadapter/v2" className="Kitpymes.Core.Entities.ValueObjects.Tests.StringIdTests" name="Create_Default_Passing_Valid_Values_Returns_StringId" />
    </UnitTest>
    <UnitTest name="Change_Passing_Valid_Values_Returns_Address" storage="d:\sferrari\01 - trabajo\repos\netcore\template-netcore-entities\kitpymes.core.entities.tests\bin\debug\netcoreapp3.0\kitpymes.core.entities.tests.dll" id="df9ea71b-e3bc-2255-4837-0259a685da18">
      <Execution id="bfb8bbed-a180-4f3c-9552-65501ba71d2a" />
      <TestMethod codeBase="D:\SFERRARI\01 - TRABAJO\REPOS\netcore\template-netcore-entities\Kitpymes.Core.Entities.Tests\bin\Debug\netcoreapp3.0\Kitpymes.Core.Entities.Tests.dll" adapterTypeName="executor://mstestadapter/v2" className="Kitpymes.Core.Entities.ValueObjects.Tests.AddressTests" name="Change_Passing_Valid_Values_Returns_Address" />
    </UnitTest>
    <UnitTest name="OperatorEqual_Passing_Valid_Distinct_Values_Returns_False" storage="d:\sferrari\01 - trabajo\repos\netcore\template-netcore-entities\kitpymes.core.entities.tests\bin\debug\netcoreapp3.0\kitpymes.core.entities.tests.dll" id="6c6b647e-dbec-34b2-9a32-6c876af9b8dc">
      <Execution id="a01c8394-6cce-44a6-82dd-9f8663e17ce9" />
      <TestMethod codeBase="D:\SFERRARI\01 - TRABAJO\REPOS\netcore\template-netcore-entities\Kitpymes.Core.Entities.Tests\bin\Debug\netcoreapp3.0\Kitpymes.Core.Entities.Tests.dll" adapterTypeName="executor://mstestadapter/v2" className="Kitpymes.Core.Entities.ValueObjects.Tests.EmailTests" name="OperatorEqual_Passing_Valid_Distinct_Values_Returns_False" />
    </UnitTest>
    <UnitTest name="Equals_Passing_Valid_Distinct_Values_Returns_False" storage="d:\sferrari\01 - trabajo\repos\netcore\template-netcore-entities\kitpymes.core.entities.tests\bin\debug\netcoreapp3.0\kitpymes.core.entities.tests.dll" id="4c90cf97-db04-0e36-a36a-65b359ec9e59">
      <Execution id="ec5606cb-6fac-40ae-903e-4119654f9177" />
      <TestMethod codeBase="D:\SFERRARI\01 - TRABAJO\REPOS\netcore\template-netcore-entities\Kitpymes.Core.Entities.Tests\bin\Debug\netcoreapp3.0\Kitpymes.Core.Entities.Tests.dll" adapterTypeName="executor://mstestadapter/v2" className="Kitpymes.Core.Entities.ValueObjects.Tests.EmailTests" name="Equals_Passing_Valid_Distinct_Values_Returns_False" />
    </UnitTest>
    <UnitTest name="Change_Passing_Valid_Values_Returns_Address" storage="d:\sferrari\01 - trabajo\repos\netcore\template-netcore-entities\kitpymes.core.entities.tests\bin\debug\netcoreapp3.0\kitpymes.core.entities.tests.dll" id="5d5bf084-272e-970d-5ff6-6e8097ceab4a">
      <Execution id="bc34d609-c983-467c-82fa-34fb9b3a806b" />
      <TestMethod codeBase="D:\SFERRARI\01 - TRABAJO\REPOS\netcore\template-netcore-entities\Kitpymes.Core.Entities.Tests\bin\Debug\netcoreapp3.0\Kitpymes.Core.Entities.Tests.dll" adapterTypeName="executor://mstestadapter/v2" className="Kitpymes.Core.Entities.ValueObjects.Tests.MoneyTests" name="Change_Passing_Valid_Values_Returns_Address" />
    </UnitTest>
    <UnitTest name="ToEnum_Passing_Valid_String_ShortName_Enumeracion_Returns_Enumeracion" storage="d:\sferrari\01 - trabajo\repos\netcore\template-netcore-entities\kitpymes.core.entities.tests\bin\debug\netcoreapp3.0\kitpymes.core.entities.tests.dll" id="cefd6720-8ae8-64f7-ef2a-994381832e74">
      <Execution id="e6177392-844f-4413-a064-efa9bd01984f" />
      <TestMethod codeBase="D:\SFERRARI\01 - TRABAJO\REPOS\netcore\template-netcore-entities\Kitpymes.Core.Entities.Tests\bin\Debug\netcoreapp3.0\Kitpymes.Core.Entities.Tests.dll" adapterTypeName="executor://mstestadapter/v2" className="Kitpymes.Core.Entities.Enumerations.Tests.GenderTypeEnumTests" name="ToEnum_Passing_Valid_String_ShortName_Enumeracion_Returns_Enumeracion" />
    </UnitTest>
    <UnitTest name="OperatorNotEqual_Passing_Valid_Values_Returns_False" storage="d:\sferrari\01 - trabajo\repos\netcore\template-netcore-entities\kitpymes.core.entities.tests\bin\debug\netcoreapp3.0\kitpymes.core.entities.tests.dll" id="4bd13a4c-7389-3430-0358-3a2daf94401d">
      <Execution id="effc8522-f60c-4115-ab2d-d4452fe078d7" />
      <TestMethod codeBase="D:\SFERRARI\01 - TRABAJO\REPOS\netcore\template-netcore-entities\Kitpymes.Core.Entities.Tests\bin\Debug\netcoreapp3.0\Kitpymes.Core.Entities.Tests.dll" adapterTypeName="executor://mstestadapter/v2" className="Kitpymes.Core.Entities.ValueObjects.Tests.CurrencyTests" name="OperatorNotEqual_Passing_Valid_Values_Returns_False" />
    </UnitTest>
    <UnitTest name="IsInactive_Passing_Nothing_Returns_True" storage="d:\sferrari\01 - trabajo\repos\netcore\template-netcore-entities\kitpymes.core.entities.tests\bin\debug\netcoreapp3.0\kitpymes.core.entities.tests.dll" id="4abfc1ff-06cf-dc19-b35f-7c84f2bee2da">
      <Execution id="58924eee-a77b-4e2c-9710-adc24de3a8ae" />
      <TestMethod codeBase="D:\SFERRARI\01 - TRABAJO\REPOS\netcore\template-netcore-entities\Kitpymes.Core.Entities.Tests\bin\Debug\netcoreapp3.0\Kitpymes.Core.Entities.Tests.dll" adapterTypeName="executor://mstestadapter/v2" className="Kitpymes.Core.Entities.Enumerations.Tests.StatusEnumTests" name="IsInactive_Passing_Nothing_Returns_True" />
    </UnitTest>
    <UnitTest name="IsNull_Passing_Valid_Value_Returns_False" storage="d:\sferrari\01 - trabajo\repos\netcore\template-netcore-entities\kitpymes.core.entities.tests\bin\debug\netcoreapp3.0\kitpymes.core.entities.tests.dll" id="f01f0ea6-f37a-0be9-85c7-e4c1c96ff482">
      <Execution id="8366c125-7b6a-4416-889f-2c9285387b9d" />
      <TestMethod codeBase="D:\SFERRARI\01 - TRABAJO\REPOS\netcore\template-netcore-entities\Kitpymes.Core.Entities.Tests\bin\Debug\netcoreapp3.0\Kitpymes.Core.Entities.Tests.dll" adapterTypeName="executor://mstestadapter/v2" className="Kitpymes.Core.Entities.ValueObjects.Tests.SubdomainTests" name="IsNull_Passing_Valid_Value_Returns_False" />
    </UnitTest>
    <UnitTest name="OperatorEqual_Passing_Valid_Values_Returns_True" storage="d:\sferrari\01 - trabajo\repos\netcore\template-netcore-entities\kitpymes.core.entities.tests\bin\debug\netcoreapp3.0\kitpymes.core.entities.tests.dll" id="727d300c-09c1-7387-388d-5af13a437f21">
      <Execution id="f320ebde-f9f1-4cda-a317-612459b3e273" />
      <TestMethod codeBase="D:\SFERRARI\01 - TRABAJO\REPOS\netcore\template-netcore-entities\Kitpymes.Core.Entities.Tests\bin\Debug\netcoreapp3.0\Kitpymes.Core.Entities.Tests.dll" adapterTypeName="executor://mstestadapter/v2" className="Kitpymes.Core.Entities.ValueObjects.Tests.SubdomainTests" name="OperatorEqual_Passing_Valid_Values_Returns_True" />
    </UnitTest>
    <UnitTest name="OperatorEqual_Passing_Valid_Distinct_Values_Returns_False" storage="d:\sferrari\01 - trabajo\repos\netcore\template-netcore-entities\kitpymes.core.entities.tests\bin\debug\netcoreapp3.0\kitpymes.core.entities.tests.dll" id="2bd0308d-019c-fb25-a258-ca5e7ad09231">
      <Execution id="5e5e0847-f13f-4eb6-9ca0-2c81451b12ed" />
      <TestMethod codeBase="D:\SFERRARI\01 - TRABAJO\REPOS\netcore\template-netcore-entities\Kitpymes.Core.Entities.Tests\bin\Debug\netcoreapp3.0\Kitpymes.Core.Entities.Tests.dll" adapterTypeName="executor://mstestadapter/v2" className="Kitpymes.Core.Entities.ValueObjects.Tests.FullNameTests" name="OperatorEqual_Passing_Valid_Distinct_Values_Returns_False" />
    </UnitTest>
    <UnitTest name="Create_Passing_Valid_Values_Returns_FullName" storage="d:\sferrari\01 - trabajo\repos\netcore\template-netcore-entities\kitpymes.core.entities.tests\bin\debug\netcoreapp3.0\kitpymes.core.entities.tests.dll" id="2ea46394-44f6-bdfd-606e-536cc1a2eef1">
      <Execution id="9adc46e4-36cc-4bab-a485-f881858f1d81" />
      <TestMethod codeBase="D:\SFERRARI\01 - TRABAJO\REPOS\netcore\template-netcore-entities\Kitpymes.Core.Entities.Tests\bin\Debug\netcoreapp3.0\Kitpymes.Core.Entities.Tests.dll" adapterTypeName="executor://mstestadapter/v2" className="Kitpymes.Core.Entities.ValueObjects.Tests.FullNameTests" name="Create_Passing_Valid_Values_Returns_FullName" />
    </UnitTest>
    <UnitTest name="OperatorEqual_Passing_Valid_Values_Returns_True" storage="d:\sferrari\01 - trabajo\repos\netcore\template-netcore-entities\kitpymes.core.entities.tests\bin\debug\netcoreapp3.0\kitpymes.core.entities.tests.dll" id="8010ce30-a236-ec4e-43aa-ea9ebe0ce095">
      <Execution id="0d76583b-1aee-47b9-8c53-c5de4df4ed5d" />
      <TestMethod codeBase="D:\SFERRARI\01 - TRABAJO\REPOS\netcore\template-netcore-entities\Kitpymes.Core.Entities.Tests\bin\Debug\netcoreapp3.0\Kitpymes.Core.Entities.Tests.dll" adapterTypeName="executor://mstestadapter/v2" className="Kitpymes.Core.Entities.ValueObjects.Tests.EmailTests" name="OperatorEqual_Passing_Valid_Values_Returns_True" />
    </UnitTest>
    <UnitTest name="Create_Passing_Valid_Values_Returns_Telephone" storage="d:\sferrari\01 - trabajo\repos\netcore\template-netcore-entities\kitpymes.core.entities.tests\bin\debug\netcoreapp3.0\kitpymes.core.entities.tests.dll" id="df298487-0356-51ee-e237-7e10cf339a23">
      <Execution id="c3d49edd-bdd1-44b2-8769-26e2ba85bc58" />
      <TestMethod codeBase="D:\SFERRARI\01 - TRABAJO\REPOS\netcore\template-netcore-entities\Kitpymes.Core.Entities.Tests\bin\Debug\netcoreapp3.0\Kitpymes.Core.Entities.Tests.dll" adapterTypeName="executor://mstestadapter/v2" className="Kitpymes.Core.Entities.ValueObjects.Tests.TelephoneTests" name="Create_Passing_Valid_Values_Returns_Telephone" />
    </UnitTest>
    <UnitTest name="Create_Passing_InvalidOrNull_Value_Returns_ApplicationException" storage="d:\sferrari\01 - trabajo\repos\netcore\template-netcore-entities\kitpymes.core.entities.tests\bin\debug\netcoreapp3.0\kitpymes.core.entities.tests.dll" id="9d4133ce-d100-cb57-5378-7ee78c039307">
      <Execution id="68e23527-1750-4620-a083-cf6fe3125c88" />
      <TestMethod codeBase="D:\SFERRARI\01 - TRABAJO\REPOS\netcore\template-netcore-entities\Kitpymes.Core.Entities.Tests\bin\Debug\netcoreapp3.0\Kitpymes.Core.Entities.Tests.dll" adapterTypeName="executor://mstestadapter/v2" className="Kitpymes.Core.Entities.ValueObjects.Tests.AddressTests" name="Create_Passing_InvalidOrNull_Value_Returns_ApplicationException" />
    </UnitTest>
    <UnitTest name="ToEnum_Passing_Valid_Bool_Value_Returns_Enumeracion" storage="d:\sferrari\01 - trabajo\repos\netcore\template-netcore-entities\kitpymes.core.entities.tests\bin\debug\netcoreapp3.0\kitpymes.core.entities.tests.dll" id="5b029505-cc20-a753-3d33-0e0e266c8841">
      <Execution id="cc586909-79f4-455f-bb18-ed696f25f214" />
      <TestMethod codeBase="D:\SFERRARI\01 - TRABAJO\REPOS\netcore\template-netcore-entities\Kitpymes.Core.Entities.Tests\bin\Debug\netcoreapp3.0\Kitpymes.Core.Entities.Tests.dll" adapterTypeName="executor://mstestadapter/v2" className="Kitpymes.Core.Entities.Enumerations.Tests.StatusEnumTests" name="ToEnum_Passing_Valid_Bool_Value_Returns_Enumeracion" />
    </UnitTest>
    <UnitTest name="ToEnum_Passing_Invalid_Int_Name_Enumeracion_Returns_Null" storage="d:\sferrari\01 - trabajo\repos\netcore\template-netcore-entities\kitpymes.core.entities.tests\bin\debug\netcoreapp3.0\kitpymes.core.entities.tests.dll" id="3825a6bf-15ba-3ddd-7270-3610d4ba1398">
      <Execution id="5ed4bfc2-9330-4e63-8d07-837ba3adee13" />
      <TestMethod codeBase="D:\SFERRARI\01 - TRABAJO\REPOS\netcore\template-netcore-entities\Kitpymes.Core.Entities.Tests\bin\Debug\netcoreapp3.0\Kitpymes.Core.Entities.Tests.dll" adapterTypeName="executor://mstestadapter/v2" className="Kitpymes.Core.Entities.Enumerations.Tests.SubscriptionEnumTests" name="ToEnum_Passing_Invalid_Int_Name_Enumeracion_Returns_Null" />
    </UnitTest>
    <UnitTest name="Create_Passing_Valid_Values_Returns_Subdomain" storage="d:\sferrari\01 - trabajo\repos\netcore\template-netcore-entities\kitpymes.core.entities.tests\bin\debug\netcoreapp3.0\kitpymes.core.entities.tests.dll" id="1c4770cc-11c0-d015-3996-858274852a92">
      <Execution id="3d29d077-9d52-468c-9ddd-e01033a1f695" />
      <TestMethod codeBase="D:\SFERRARI\01 - TRABAJO\REPOS\netcore\template-netcore-entities\Kitpymes.Core.Entities.Tests\bin\Debug\netcoreapp3.0\Kitpymes.Core.Entities.Tests.dll" adapterTypeName="executor://mstestadapter/v2" className="Kitpymes.Core.Entities.ValueObjects.Tests.SubdomainTests" name="Create_Passing_Valid_Values_Returns_Subdomain" />
    </UnitTest>
    <UnitTest name="GetAll_Passing_Nothing_Returns_Enumeracion_List" storage="d:\sferrari\01 - trabajo\repos\netcore\template-netcore-entities\kitpymes.core.entities.tests\bin\debug\netcoreapp3.0\kitpymes.core.entities.tests.dll" id="a50cb7dc-992a-23d1-57a7-839a1118dfa3">
      <Execution id="ce1414df-37cb-4451-9977-c5c415ff507c" />
      <TestMethod codeBase="D:\SFERRARI\01 - TRABAJO\REPOS\netcore\template-netcore-entities\Kitpymes.Core.Entities.Tests\bin\Debug\netcoreapp3.0\Kitpymes.Core.Entities.Tests.dll" adapterTypeName="executor://mstestadapter/v2" className="Kitpymes.Core.Entities.Enumerations.Tests.GenderTypeEnumTests" name="GetAll_Passing_Nothing_Returns_Enumeracion_List" />
    </UnitTest>
    <UnitTest name="OperatorEqual_Passing_Valid_Distinct_Values_Returns_False" storage="d:\sferrari\01 - trabajo\repos\netcore\template-netcore-entities\kitpymes.core.entities.tests\bin\debug\netcoreapp3.0\kitpymes.core.entities.tests.dll" id="3c5dd30a-14ce-719a-a187-bfc979656176">
      <Execution id="46878505-0110-4db6-a1f6-66061d14d3b5" />
      <TestMethod codeBase="D:\SFERRARI\01 - TRABAJO\REPOS\netcore\template-netcore-entities\Kitpymes.Core.Entities.Tests\bin\Debug\netcoreapp3.0\Kitpymes.Core.Entities.Tests.dll" adapterTypeName="executor://mstestadapter/v2" className="Kitpymes.Core.Entities.ValueObjects.Tests.StringIdTests" name="OperatorEqual_Passing_Valid_Distinct_Values_Returns_False" />
    </UnitTest>
    <UnitTest name="ToEnum_Passing_Valid_String_Name_Enumeracion_Returns_Enumeracion" storage="d:\sferrari\01 - trabajo\repos\netcore\template-netcore-entities\kitpymes.core.entities.tests\bin\debug\netcoreapp3.0\kitpymes.core.entities.tests.dll" id="1e6a5935-eb94-a549-f349-b1500900cd98">
      <Execution id="a9b3d380-c682-4c40-a91e-c70940d97c2d" />
      <TestMethod codeBase="D:\SFERRARI\01 - TRABAJO\REPOS\netcore\template-netcore-entities\Kitpymes.Core.Entities.Tests\bin\Debug\netcoreapp3.0\Kitpymes.Core.Entities.Tests.dll" adapterTypeName="executor://mstestadapter/v2" className="Kitpymes.Core.Entities.Enumerations.Tests.CardTypeEnumTests" name="ToEnum_Passing_Valid_String_Name_Enumeracion_Returns_Enumeracion" />
    </UnitTest>
    <UnitTest name="OperatorEqual_Passing_Valid_Values_Returns_False" storage="d:\sferrari\01 - trabajo\repos\netcore\template-netcore-entities\kitpymes.core.entities.tests\bin\debug\netcoreapp3.0\kitpymes.core.entities.tests.dll" id="58248327-dbb4-f8f8-c890-f039c6d19d4a">
      <Execution id="a3b78b7d-80fd-454e-b1a8-36d92a13561d" />
      <TestMethod codeBase="D:\SFERRARI\01 - TRABAJO\REPOS\netcore\template-netcore-entities\Kitpymes.Core.Entities.Tests\bin\Debug\netcoreapp3.0\Kitpymes.Core.Entities.Tests.dll" adapterTypeName="executor://mstestadapter/v2" className="Kitpymes.Core.Entities.ValueObjects.Tests.AddressTests" name="OperatorEqual_Passing_Valid_Values_Returns_False" />
    </UnitTest>
    <UnitTest name="ToString_Passing_Valid_Values_Returns_Value_String_Format" storage="d:\sferrari\01 - trabajo\repos\netcore\template-netcore-entities\kitpymes.core.entities.tests\bin\debug\netcoreapp3.0\kitpymes.core.entities.tests.dll" id="3d5865ea-852b-85ea-4b1e-3b3f757388ec">
      <Execution id="c0ce5764-43ea-497e-9c9b-c851bbb372cd" />
      <TestMethod codeBase="D:\SFERRARI\01 - TRABAJO\REPOS\netcore\template-netcore-entities\Kitpymes.Core.Entities.Tests\bin\Debug\netcoreapp3.0\Kitpymes.Core.Entities.Tests.dll" adapterTypeName="executor://mstestadapter/v2" className="Kitpymes.Core.Entities.ValueObjects.Tests.FullNameTests" name="ToString_Passing_Valid_Values_Returns_Value_String_Format" />
    </UnitTest>
    <UnitTest name="ToString_Passing_Valid_Values_Returns_Name" storage="d:\sferrari\01 - trabajo\repos\netcore\template-netcore-entities\kitpymes.core.entities.tests\bin\debug\netcoreapp3.0\kitpymes.core.entities.tests.dll" id="f2e092d4-d663-ae2f-6d89-847a0ae86968">
      <Execution id="7a58a540-fecb-4112-8c9c-28684e3e9715" />
      <TestMethod codeBase="D:\SFERRARI\01 - TRABAJO\REPOS\netcore\template-netcore-entities\Kitpymes.Core.Entities.Tests\bin\Debug\netcoreapp3.0\Kitpymes.Core.Entities.Tests.dll" adapterTypeName="executor://mstestadapter/v2" className="Kitpymes.Core.Entities.ValueObjects.Tests.NameTests" name="ToString_Passing_Valid_Values_Returns_Name" />
    </UnitTest>
    <UnitTest name="OperatorNotEqual_Passing_Valid_Values_Returns_True" storage="d:\sferrari\01 - trabajo\repos\netcore\template-netcore-entities\kitpymes.core.entities.tests\bin\debug\netcoreapp3.0\kitpymes.core.entities.tests.dll" id="0643cd5e-9fb6-9fc5-1c47-3b2be0eeb804">
      <Execution id="6ca9d0b4-03e9-4b9a-a76b-aaaba6b72be2" />
      <TestMethod codeBase="D:\SFERRARI\01 - TRABAJO\REPOS\netcore\template-netcore-entities\Kitpymes.Core.Entities.Tests\bin\Debug\netcoreapp3.0\Kitpymes.Core.Entities.Tests.dll" adapterTypeName="executor://mstestadapter/v2" className="Kitpymes.Core.Entities.ValueObjects.Tests.EmailTests" name="OperatorNotEqual_Passing_Valid_Values_Returns_True" />
    </UnitTest>
    <UnitTest name="ToEnum_Passing_Null_Bool_Value_Returns_Inactive_Status" storage="d:\sferrari\01 - trabajo\repos\netcore\template-netcore-entities\kitpymes.core.entities.tests\bin\debug\netcoreapp3.0\kitpymes.core.entities.tests.dll" id="193201d0-a425-c313-33b9-f8d20ace7f79">
      <Execution id="0430b038-8eb1-4704-aa8f-c336ac14618b" />
      <TestMethod codeBase="D:\SFERRARI\01 - TRABAJO\REPOS\netcore\template-netcore-entities\Kitpymes.Core.Entities.Tests\bin\Debug\netcoreapp3.0\Kitpymes.Core.Entities.Tests.dll" adapterTypeName="executor://mstestadapter/v2" className="Kitpymes.Core.Entities.Enumerations.Tests.StatusEnumTests" name="ToEnum_Passing_Null_Bool_Value_Returns_Inactive_Status" />
    </UnitTest>
    <UnitTest name="OperatorNotEqual_Passing_Valid_Values_Returns_True" storage="d:\sferrari\01 - trabajo\repos\netcore\template-netcore-entities\kitpymes.core.entities.tests\bin\debug\netcoreapp3.0\kitpymes.core.entities.tests.dll" id="dde84323-1f87-22b2-d0f7-2a4a85bad3fd">
      <Execution id="a1e5b31b-1616-4970-b627-adc7e88f75c7" />
      <TestMethod codeBase="D:\SFERRARI\01 - TRABAJO\REPOS\netcore\template-netcore-entities\Kitpymes.Core.Entities.Tests\bin\Debug\netcoreapp3.0\Kitpymes.Core.Entities.Tests.dll" adapterTypeName="executor://mstestadapter/v2" className="Kitpymes.Core.Entities.ValueObjects.Tests.TelephoneTests" name="OperatorNotEqual_Passing_Valid_Values_Returns_True" />
    </UnitTest>
    <UnitTest name="Equals_Passing_Valid_Distinct_Values_Returns_False" storage="d:\sferrari\01 - trabajo\repos\netcore\template-netcore-entities\kitpymes.core.entities.tests\bin\debug\netcoreapp3.0\kitpymes.core.entities.tests.dll" id="e508c554-ee47-5599-228d-b33f23cc16d0">
      <Execution id="a35fc4a9-9f1a-4859-bcd5-aaa095763e19" />
      <TestMethod codeBase="D:\SFERRARI\01 - TRABAJO\REPOS\netcore\template-netcore-entities\Kitpymes.Core.Entities.Tests\bin\Debug\netcoreapp3.0\Kitpymes.Core.Entities.Tests.dll" adapterTypeName="executor://mstestadapter/v2" className="Kitpymes.Core.Entities.ValueObjects.Tests.NameTests" name="Equals_Passing_Valid_Distinct_Values_Returns_False" />
    </UnitTest>
    <UnitTest name="Equals_Passing_Valid_Values_Returns_False" storage="d:\sferrari\01 - trabajo\repos\netcore\template-netcore-entities\kitpymes.core.entities.tests\bin\debug\netcoreapp3.0\kitpymes.core.entities.tests.dll" id="fc04751a-29b6-34b0-30bc-db8740bebbfc">
      <Execution id="f091389d-ec79-4520-9fef-32eba3027723" />
      <TestMethod codeBase="D:\SFERRARI\01 - TRABAJO\REPOS\netcore\template-netcore-entities\Kitpymes.Core.Entities.Tests\bin\Debug\netcoreapp3.0\Kitpymes.Core.Entities.Tests.dll" adapterTypeName="executor://mstestadapter/v2" className="Kitpymes.Core.Entities.ValueObjects.Tests.AddressTests" name="Equals_Passing_Valid_Values_Returns_False" />
    </UnitTest>
    <UnitTest name="IsNull_Passing_Valid_Values_Returns_False" storage="d:\sferrari\01 - trabajo\repos\netcore\template-netcore-entities\kitpymes.core.entities.tests\bin\debug\netcoreapp3.0\kitpymes.core.entities.tests.dll" id="505c974a-abdc-ad26-ef8c-4f699fb49682">
      <Execution id="3de32502-5690-48ad-90b1-e6499798146a" />
      <TestMethod codeBase="D:\SFERRARI\01 - TRABAJO\REPOS\netcore\template-netcore-entities\Kitpymes.Core.Entities.Tests\bin\Debug\netcoreapp3.0\Kitpymes.Core.Entities.Tests.dll" adapterTypeName="executor://mstestadapter/v2" className="Kitpymes.Core.Entities.ValueObjects.Tests.FullNameTests" name="IsNull_Passing_Valid_Values_Returns_False" />
    </UnitTest>
    <UnitTest name="OperatorNotEqual_Passing_Valid_Values_Returns_True" storage="d:\sferrari\01 - trabajo\repos\netcore\template-netcore-entities\kitpymes.core.entities.tests\bin\debug\netcoreapp3.0\kitpymes.core.entities.tests.dll" id="b5816c40-b187-058a-299e-906a7a313317">
      <Execution id="0c455e75-a412-49eb-92e3-92d7e49b36a5" />
      <TestMethod codeBase="D:\SFERRARI\01 - TRABAJO\REPOS\netcore\template-netcore-entities\Kitpymes.Core.Entities.Tests\bin\Debug\netcoreapp3.0\Kitpymes.Core.Entities.Tests.dll" adapterTypeName="executor://mstestadapter/v2" className="Kitpymes.Core.Entities.ValueObjects.Tests.MoneyTests" name="OperatorNotEqual_Passing_Valid_Values_Returns_True" />
    </UnitTest>
    <UnitTest name="IsGold_Passing_Nothing_Returns_True" storage="d:\sferrari\01 - trabajo\repos\netcore\template-netcore-entities\kitpymes.core.entities.tests\bin\debug\netcoreapp3.0\kitpymes.core.entities.tests.dll" id="669b24c5-9674-2256-f1f0-ef2ca145c4b1">
      <Execution id="04698173-fd26-4acd-8fda-0399e7b88d78" />
      <TestMethod codeBase="D:\SFERRARI\01 - TRABAJO\REPOS\netcore\template-netcore-entities\Kitpymes.Core.Entities.Tests\bin\Debug\netcoreapp3.0\Kitpymes.Core.Entities.Tests.dll" adapterTypeName="executor://mstestadapter/v2" className="Kitpymes.Core.Entities.Enumerations.Tests.SubscriptionEnumTests" name="IsGold_Passing_Nothing_Returns_True" />
    </UnitTest>
    <UnitTest name="Create_Passing_InvalidOrNull_Value_Returns_ApplicationException" storage="d:\sferrari\01 - trabajo\repos\netcore\template-netcore-entities\kitpymes.core.entities.tests\bin\debug\netcoreapp3.0\kitpymes.core.entities.tests.dll" id="9277a601-5bb0-2bc1-982a-ed71c2b000fa">
      <Execution id="01188ba5-e4e4-43c5-92b3-e7d30f4af70e" />
      <TestMethod codeBase="D:\SFERRARI\01 - TRABAJO\REPOS\netcore\template-netcore-entities\Kitpymes.Core.Entities.Tests\bin\Debug\netcoreapp3.0\Kitpymes.Core.Entities.Tests.dll" adapterTypeName="executor://mstestadapter/v2" className="Kitpymes.Core.Entities.ValueObjects.Tests.StringIdTests" name="Create_Passing_InvalidOrNull_Value_Returns_ApplicationException" />
    </UnitTest>
    <UnitTest name="ToString_Passing_Valid_Values_Returns_Address_String_Format" storage="d:\sferrari\01 - trabajo\repos\netcore\template-netcore-entities\kitpymes.core.entities.tests\bin\debug\netcoreapp3.0\kitpymes.core.entities.tests.dll" id="336a4b3f-0900-f7cb-0d00-611a2347544d">
      <Execution id="b8882016-6d3b-4789-9db0-19d7d9dfae16" />
      <TestMethod codeBase="D:\SFERRARI\01 - TRABAJO\REPOS\netcore\template-netcore-entities\Kitpymes.Core.Entities.Tests\bin\Debug\netcoreapp3.0\Kitpymes.Core.Entities.Tests.dll" adapterTypeName="executor://mstestadapter/v2" className="Kitpymes.Core.Entities.ValueObjects.Tests.MoneyTests" name="ToString_Passing_Valid_Values_Returns_Address_String_Format" />
    </UnitTest>
    <UnitTest name="OperatorNotEqual_Passing_Valid_Values_Returns_False" storage="d:\sferrari\01 - trabajo\repos\netcore\template-netcore-entities\kitpymes.core.entities.tests\bin\debug\netcoreapp3.0\kitpymes.core.entities.tests.dll" id="66126db5-a312-c629-a169-f37254601183">
      <Execution id="388d332c-776a-4f8e-b772-dfb614639050" />
      <TestMethod codeBase="D:\SFERRARI\01 - TRABAJO\REPOS\netcore\template-netcore-entities\Kitpymes.Core.Entities.Tests\bin\Debug\netcoreapp3.0\Kitpymes.Core.Entities.Tests.dll" adapterTypeName="executor://mstestadapter/v2" className="Kitpymes.Core.Entities.ValueObjects.Tests.TelephoneTests" name="OperatorNotEqual_Passing_Valid_Values_Returns_False" />
    </UnitTest>
    <UnitTest name="ToString_Passing_Valid_Values_Returns_StringId" storage="d:\sferrari\01 - trabajo\repos\netcore\template-netcore-entities\kitpymes.core.entities.tests\bin\debug\netcoreapp3.0\kitpymes.core.entities.tests.dll" id="0c9201c8-8275-74ca-9c91-2d0c4645730b">
      <Execution id="aad0bc13-0f81-4894-a59a-809f70ef58e1" />
      <TestMethod codeBase="D:\SFERRARI\01 - TRABAJO\REPOS\netcore\template-netcore-entities\Kitpymes.Core.Entities.Tests\bin\Debug\netcoreapp3.0\Kitpymes.Core.Entities.Tests.dll" adapterTypeName="executor://mstestadapter/v2" className="Kitpymes.Core.Entities.ValueObjects.Tests.StringIdTests" name="ToString_Passing_Valid_Values_Returns_StringId" />
    </UnitTest>
    <UnitTest name="OperatorEqual_Passing_Valid_Values_Returns_True" storage="d:\sferrari\01 - trabajo\repos\netcore\template-netcore-entities\kitpymes.core.entities.tests\bin\debug\netcoreapp3.0\kitpymes.core.entities.tests.dll" id="096255cc-daec-f5a9-6a72-452bc7414607">
      <Execution id="2619d376-99a8-4555-8271-f8dea1356383" />
      <TestMethod codeBase="D:\SFERRARI\01 - TRABAJO\REPOS\netcore\template-netcore-entities\Kitpymes.Core.Entities.Tests\bin\Debug\netcoreapp3.0\Kitpymes.Core.Entities.Tests.dll" adapterTypeName="executor://mstestadapter/v2" className="Kitpymes.Core.Entities.ValueObjects.Tests.FullNameTests" name="OperatorEqual_Passing_Valid_Values_Returns_True" />
    </UnitTest>
    <UnitTest name="ToEnum_Passing_Valid_String_ShortName_Enumeracion_Returns_Enumeracion" storage="d:\sferrari\01 - trabajo\repos\netcore\template-netcore-entities\kitpymes.core.entities.tests\bin\debug\netcoreapp3.0\kitpymes.core.entities.tests.dll" id="0331e231-5e2b-199a-2247-9bc7f2606067">
      <Execution id="4d635095-a847-4263-9f66-2077f4e54481" />
      <TestMethod codeBase="D:\SFERRARI\01 - TRABAJO\REPOS\netcore\template-netcore-entities\Kitpymes.Core.Entities.Tests\bin\Debug\netcoreapp3.0\Kitpymes.Core.Entities.Tests.dll" adapterTypeName="executor://mstestadapter/v2" className="Kitpymes.Core.Entities.Enumerations.Tests.CardTypeEnumTests" name="ToEnum_Passing_Valid_String_ShortName_Enumeracion_Returns_Enumeracion" />
    </UnitTest>
    <UnitTest name="IsNull_Passing_Null_Value_Returns_True" storage="d:\sferrari\01 - trabajo\repos\netcore\template-netcore-entities\kitpymes.core.entities.tests\bin\debug\netcoreapp3.0\kitpymes.core.entities.tests.dll" id="b64d7059-5563-47f2-0770-51679ab67ac3">
      <Execution id="184b0747-7014-4680-a326-37bb6967e88f" />
      <TestMethod codeBase="D:\SFERRARI\01 - TRABAJO\REPOS\netcore\template-netcore-entities\Kitpymes.Core.Entities.Tests\bin\Debug\netcoreapp3.0\Kitpymes.Core.Entities.Tests.dll" adapterTypeName="executor://mstestadapter/v2" className="Kitpymes.Core.Entities.ValueObjects.Tests.StringIdTests" name="IsNull_Passing_Null_Value_Returns_True" />
    </UnitTest>
    <UnitTest name="ToEnum_Passing_Valid_IntName_Enumeracion_Returns_Enumeracion" storage="d:\sferrari\01 - trabajo\repos\netcore\template-netcore-entities\kitpymes.core.entities.tests\bin\debug\netcoreapp3.0\kitpymes.core.entities.tests.dll" id="e5e892cf-2006-a955-6ca0-1ec5d852214c">
      <Execution id="e9eec7ae-4f8e-4081-85c4-5519e02fbb09" />
      <TestMethod codeBase="D:\SFERRARI\01 - TRABAJO\REPOS\netcore\template-netcore-entities\Kitpymes.Core.Entities.Tests\bin\Debug\netcoreapp3.0\Kitpymes.Core.Entities.Tests.dll" adapterTypeName="executor://mstestadapter/v2" className="Kitpymes.Core.Entities.Enumerations.Tests.CardTypeEnumTests" name="ToEnum_Passing_Valid_IntName_Enumeracion_Returns_Enumeracion" />
    </UnitTest>
    <UnitTest name="Equals_Passing_Valid_Distinct_Values_Returns_False" storage="d:\sferrari\01 - trabajo\repos\netcore\template-netcore-entities\kitpymes.core.entities.tests\bin\debug\netcoreapp3.0\kitpymes.core.entities.tests.dll" id="fe3ab238-f960-1d99-07e6-892c4c0d0c46">
      <Execution id="4e633459-ecaf-4e56-84a2-377d928ee5c9" />
      <TestMethod codeBase="D:\SFERRARI\01 - TRABAJO\REPOS\netcore\template-netcore-entities\Kitpymes.Core.Entities.Tests\bin\Debug\netcoreapp3.0\Kitpymes.Core.Entities.Tests.dll" adapterTypeName="executor://mstestadapter/v2" className="Kitpymes.Core.Entities.ValueObjects.Tests.MoneyTests" name="Equals_Passing_Valid_Distinct_Values_Returns_False" />
    </UnitTest>
    <UnitTest name="Equals_Passing_Valid_Distinct_Values_Returns_False" storage="d:\sferrari\01 - trabajo\repos\netcore\template-netcore-entities\kitpymes.core.entities.tests\bin\debug\netcoreapp3.0\kitpymes.core.entities.tests.dll" id="a31fe255-a9f2-dfdc-2937-103680a980ea">
      <Execution id="adfcb753-2eab-4cb0-af50-81c0b206ed93" />
      <TestMethod codeBase="D:\SFERRARI\01 - TRABAJO\REPOS\netcore\template-netcore-entities\Kitpymes.Core.Entities.Tests\bin\Debug\netcoreapp3.0\Kitpymes.Core.Entities.Tests.dll" adapterTypeName="executor://mstestadapter/v2" className="Kitpymes.Core.Entities.ValueObjects.Tests.FullNameTests" name="Equals_Passing_Valid_Distinct_Values_Returns_False" />
    </UnitTest>
    <UnitTest name="IsNull_Passing_Null_Address_Returns_True" storage="d:\sferrari\01 - trabajo\repos\netcore\template-netcore-entities\kitpymes.core.entities.tests\bin\debug\netcoreapp3.0\kitpymes.core.entities.tests.dll" id="eb28919c-10bf-694a-78bc-ac7d54701422">
      <Execution id="d3bbd16c-34b8-4505-92f2-1d3ea45bd975" />
      <TestMethod codeBase="D:\SFERRARI\01 - TRABAJO\REPOS\netcore\template-netcore-entities\Kitpymes.Core.Entities.Tests\bin\Debug\netcoreapp3.0\Kitpymes.Core.Entities.Tests.dll" adapterTypeName="executor://mstestadapter/v2" className="Kitpymes.Core.Entities.ValueObjects.Tests.AddressTests" name="IsNull_Passing_Null_Address_Returns_True" />
    </UnitTest>
    <UnitTest name="OperatorEqual_Passing_Valid_Distinct_Values_Returns_False" storage="d:\sferrari\01 - trabajo\repos\netcore\template-netcore-entities\kitpymes.core.entities.tests\bin\debug\netcoreapp3.0\kitpymes.core.entities.tests.dll" id="13846877-4c93-45de-5e9a-d22d164df494">
      <Execution id="8e72cfe8-d748-4fc3-a532-a828fed9e836" />
      <TestMethod codeBase="D:\SFERRARI\01 - TRABAJO\REPOS\netcore\template-netcore-entities\Kitpymes.Core.Entities.Tests\bin\Debug\netcoreapp3.0\Kitpymes.Core.Entities.Tests.dll" adapterTypeName="executor://mstestadapter/v2" className="Kitpymes.Core.Entities.ValueObjects.Tests.SubdomainTests" name="OperatorEqual_Passing_Valid_Distinct_Values_Returns_False" />
    </UnitTest>
    <UnitTest name="Create_Passing_Valid_Values_Returns_StringId" storage="d:\sferrari\01 - trabajo\repos\netcore\template-netcore-entities\kitpymes.core.entities.tests\bin\debug\netcoreapp3.0\kitpymes.core.entities.tests.dll" id="b90b8524-89a6-7598-57e6-f81fc0f2da6d">
      <Execution id="35ae80b2-03e6-4c9b-9b43-d3cabcf96c69" />
      <TestMethod codeBase="D:\SFERRARI\01 - TRABAJO\REPOS\netcore\template-netcore-entities\Kitpymes.Core.Entities.Tests\bin\Debug\netcoreapp3.0\Kitpymes.Core.Entities.Tests.dll" adapterTypeName="executor://mstestadapter/v2" className="Kitpymes.Core.Entities.ValueObjects.Tests.StringIdTests" name="Create_Passing_Valid_Values_Returns_StringId" />
    </UnitTest>
    <UnitTest name="IsActive_Passing_Nothing_Returns_True" storage="d:\sferrari\01 - trabajo\repos\netcore\template-netcore-entities\kitpymes.core.entities.tests\bin\debug\netcoreapp3.0\kitpymes.core.entities.tests.dll" id="383215a1-c7ec-2234-60ab-45389defa320">
      <Execution id="61b51d55-4baf-4fec-917e-eafdb12e5c51" />
      <TestMethod codeBase="D:\SFERRARI\01 - TRABAJO\REPOS\netcore\template-netcore-entities\Kitpymes.Core.Entities.Tests\bin\Debug\netcoreapp3.0\Kitpymes.Core.Entities.Tests.dll" adapterTypeName="executor://mstestadapter/v2" className="Kitpymes.Core.Entities.Enumerations.Tests.StatusEnumTests" name="IsActive_Passing_Nothing_Returns_True" />
    </UnitTest>
    <UnitTest name="ToString_Passing_Valid_Values_Returns_Currency_String_Symbol" storage="d:\sferrari\01 - trabajo\repos\netcore\template-netcore-entities\kitpymes.core.entities.tests\bin\debug\netcoreapp3.0\kitpymes.core.entities.tests.dll" id="8db31538-892c-3a78-d200-7b8d337bd902">
      <Execution id="415dd49e-29c5-4ece-bb99-9d0e9e0e13b1" />
      <TestMethod codeBase="D:\SFERRARI\01 - TRABAJO\REPOS\netcore\template-netcore-entities\Kitpymes.Core.Entities.Tests\bin\Debug\netcoreapp3.0\Kitpymes.Core.Entities.Tests.dll" adapterTypeName="executor://mstestadapter/v2" className="Kitpymes.Core.Entities.ValueObjects.Tests.CurrencyTests" name="ToString_Passing_Valid_Values_Returns_Currency_String_Symbol" />
    </UnitTest>
    <UnitTest name="Equals_Passing_Valid_Distinct_Values_Returns_False" storage="d:\sferrari\01 - trabajo\repos\netcore\template-netcore-entities\kitpymes.core.entities.tests\bin\debug\netcoreapp3.0\kitpymes.core.entities.tests.dll" id="07188371-eb7e-e491-e017-bf959c68f6d1">
      <Execution id="b4d8d2f6-ca66-434c-aac6-65e656f5696a" />
      <TestMethod codeBase="D:\SFERRARI\01 - TRABAJO\REPOS\netcore\template-netcore-entities\Kitpymes.Core.Entities.Tests\bin\Debug\netcoreapp3.0\Kitpymes.Core.Entities.Tests.dll" adapterTypeName="executor://mstestadapter/v2" className="Kitpymes.Core.Entities.ValueObjects.Tests.StringIdTests" name="Equals_Passing_Valid_Distinct_Values_Returns_False" />
    </UnitTest>
    <UnitTest name="Equals_Passing_Valid_Values_Returns_True" storage="d:\sferrari\01 - trabajo\repos\netcore\template-netcore-entities\kitpymes.core.entities.tests\bin\debug\netcoreapp3.0\kitpymes.core.entities.tests.dll" id="bb27667d-2509-633e-e3c4-28c478f5b41c">
      <Execution id="74898741-199d-4f15-bd0d-a25558078f72" />
      <TestMethod codeBase="D:\SFERRARI\01 - TRABAJO\REPOS\netcore\template-netcore-entities\Kitpymes.Core.Entities.Tests\bin\Debug\netcoreapp3.0\Kitpymes.Core.Entities.Tests.dll" adapterTypeName="executor://mstestadapter/v2" className="Kitpymes.Core.Entities.ValueObjects.Tests.MoneyTests" name="Equals_Passing_Valid_Values_Returns_True" />
    </UnitTest>
    <UnitTest name="OperatorNotEqual_Passing_Valid_Values_Returns_False" storage="d:\sferrari\01 - trabajo\repos\netcore\template-netcore-entities\kitpymes.core.entities.tests\bin\debug\netcoreapp3.0\kitpymes.core.entities.tests.dll" id="b939a012-7d2e-b3be-e613-740fc697b8d4">
      <Execution id="d80d0a3e-2c01-4447-bd36-4fb15fa0baf2" />
      <TestMethod codeBase="D:\SFERRARI\01 - TRABAJO\REPOS\netcore\template-netcore-entities\Kitpymes.Core.Entities.Tests\bin\Debug\netcoreapp3.0\Kitpymes.Core.Entities.Tests.dll" adapterTypeName="executor://mstestadapter/v2" className="Kitpymes.Core.Entities.ValueObjects.Tests.NameTests" name="OperatorNotEqual_Passing_Valid_Values_Returns_False" />
    </UnitTest>
    <UnitTest name="GetAll_Passing_Nothing_Returns_Enumeracion_List" storage="d:\sferrari\01 - trabajo\repos\netcore\template-netcore-entities\kitpymes.core.entities.tests\bin\debug\netcoreapp3.0\kitpymes.core.entities.tests.dll" id="8313da3f-0367-8e6c-c0a1-ae4f5c0df829">
      <Execution id="1635a27a-b4f6-42af-a604-85f6782e65fd" />
      <TestMethod codeBase="D:\SFERRARI\01 - TRABAJO\REPOS\netcore\template-netcore-entities\Kitpymes.Core.Entities.Tests\bin\Debug\netcoreapp3.0\Kitpymes.Core.Entities.Tests.dll" adapterTypeName="executor://mstestadapter/v2" className="Kitpymes.Core.Entities.Enumerations.Tests.LogTypeEnumTests" name="GetAll_Passing_Nothing_Returns_Enumeracion_List" />
    </UnitTest>
    <UnitTest name="ToString_Passing_Valid_Values_Returns_Address_String_Format" storage="d:\sferrari\01 - trabajo\repos\netcore\template-netcore-entities\kitpymes.core.entities.tests\bin\debug\netcoreapp3.0\kitpymes.core.entities.tests.dll" id="0af19e62-2ce3-c36e-7566-bede5dbc71a7">
      <Execution id="0149c48b-27a2-4979-b625-5535c6da2c66" />
      <TestMethod codeBase="D:\SFERRARI\01 - TRABAJO\REPOS\netcore\template-netcore-entities\Kitpymes.Core.Entities.Tests\bin\Debug\netcoreapp3.0\Kitpymes.Core.Entities.Tests.dll" adapterTypeName="executor://mstestadapter/v2" className="Kitpymes.Core.Entities.ValueObjects.Tests.AddressTests" name="ToString_Passing_Valid_Values_Returns_Address_String_Format" />
    </UnitTest>
    <UnitTest name="IsSilver_Passing_Nothing_Returns_True" storage="d:\sferrari\01 - trabajo\repos\netcore\template-netcore-entities\kitpymes.core.entities.tests\bin\debug\netcoreapp3.0\kitpymes.core.entities.tests.dll" id="37226e78-15f9-d454-011f-5b93613f63ef">
      <Execution id="11fdeb97-4bbe-4833-9450-f29ae2d01a1d" />
      <TestMethod codeBase="D:\SFERRARI\01 - TRABAJO\REPOS\netcore\template-netcore-entities\Kitpymes.Core.Entities.Tests\bin\Debug\netcoreapp3.0\Kitpymes.Core.Entities.Tests.dll" adapterTypeName="executor://mstestadapter/v2" className="Kitpymes.Core.Entities.Enumerations.Tests.SubscriptionEnumTests" name="IsSilver_Passing_Nothing_Returns_True" />
    </UnitTest>
    <UnitTest name="ToBool_Passing_Valid_String_Active_Value_Returns_True" storage="d:\sferrari\01 - trabajo\repos\netcore\template-netcore-entities\kitpymes.core.entities.tests\bin\debug\netcoreapp3.0\kitpymes.core.entities.tests.dll" id="02c00e07-1da7-4a26-741f-c10b40cf8def">
      <Execution id="607f219a-14c7-4542-8a0a-d8cfdf50fb5a" />
      <TestMethod codeBase="D:\SFERRARI\01 - TRABAJO\REPOS\netcore\template-netcore-entities\Kitpymes.Core.Entities.Tests\bin\Debug\netcoreapp3.0\Kitpymes.Core.Entities.Tests.dll" adapterTypeName="executor://mstestadapter/v2" className="Kitpymes.Core.Entities.Enumerations.Tests.StatusEnumTests" name="ToBool_Passing_Valid_String_Active_Value_Returns_True" />
    </UnitTest>
    <UnitTest name="Create_Passing_InvalidOrNull_Value_Returns_ApplicationException" storage="d:\sferrari\01 - trabajo\repos\netcore\template-netcore-entities\kitpymes.core.entities.tests\bin\debug\netcoreapp3.0\kitpymes.core.entities.tests.dll" id="389a94fb-03f1-a2c7-c8a2-43670b7ac19d">
      <Execution id="9624b7b1-245a-4d30-9d0c-fecd810809a9" />
      <TestMethod codeBase="D:\SFERRARI\01 - TRABAJO\REPOS\netcore\template-netcore-entities\Kitpymes.Core.Entities.Tests\bin\Debug\netcoreapp3.0\Kitpymes.Core.Entities.Tests.dll" adapterTypeName="executor://mstestadapter/v2" className="Kitpymes.Core.Entities.ValueObjects.Tests.NameTests" name="Create_Passing_InvalidOrNull_Value_Returns_ApplicationException" />
    </UnitTest>
    <UnitTest name="Equals_Passing_Valid_Values_Returns_True" storage="d:\sferrari\01 - trabajo\repos\netcore\template-netcore-entities\kitpymes.core.entities.tests\bin\debug\netcoreapp3.0\kitpymes.core.entities.tests.dll" id="4845f67a-9f1a-743f-fdc8-caf62d8a1f4e">
      <Execution id="51d79614-ca46-4a16-8d40-3f33454dac10" />
      <TestMethod codeBase="D:\SFERRARI\01 - TRABAJO\REPOS\netcore\template-netcore-entities\Kitpymes.Core.Entities.Tests\bin\Debug\netcoreapp3.0\Kitpymes.Core.Entities.Tests.dll" adapterTypeName="executor://mstestadapter/v2" className="Kitpymes.Core.Entities.ValueObjects.Tests.SubdomainTests" name="Equals_Passing_Valid_Values_Returns_True" />
    </UnitTest>
    <UnitTest name="ToFullString_Passing_Valid_Values_Returns_Value_String_Format" storage="d:\sferrari\01 - trabajo\repos\netcore\template-netcore-entities\kitpymes.core.entities.tests\bin\debug\netcoreapp3.0\kitpymes.core.entities.tests.dll" id="b2d1a9e8-2c10-e79d-2a5b-3b612a1cc6ec">
      <Execution id="831a01bc-30cb-4172-a564-ba0c634e0863" />
      <TestMethod codeBase="D:\SFERRARI\01 - TRABAJO\REPOS\netcore\template-netcore-entities\Kitpymes.Core.Entities.Tests\bin\Debug\netcoreapp3.0\Kitpymes.Core.Entities.Tests.dll" adapterTypeName="executor://mstestadapter/v2" className="Kitpymes.Core.Entities.ValueObjects.Tests.FullNameTests" name="ToFullString_Passing_Valid_Values_Returns_Value_String_Format" />
    </UnitTest>
    <UnitTest name="IsAmex_Passing_Nothing_Returns_True" storage="d:\sferrari\01 - trabajo\repos\netcore\template-netcore-entities\kitpymes.core.entities.tests\bin\debug\netcoreapp3.0\kitpymes.core.entities.tests.dll" id="cfc0b506-e5fe-b0db-3d07-04d53340cc58">
      <Execution id="ca465534-3ee1-4e46-b174-f81d09c6f349" />
      <TestMethod codeBase="D:\SFERRARI\01 - TRABAJO\REPOS\netcore\template-netcore-entities\Kitpymes.Core.Entities.Tests\bin\Debug\netcoreapp3.0\Kitpymes.Core.Entities.Tests.dll" adapterTypeName="executor://mstestadapter/v2" className="Kitpymes.Core.Entities.Enumerations.Tests.CardTypeEnumTests" name="IsAmex_Passing_Nothing_Returns_True" />
    </UnitTest>
    <UnitTest name="ToEnum_Passing_Invalid_Int_Name_Enumeracion_Returns_Null" storage="d:\sferrari\01 - trabajo\repos\netcore\template-netcore-entities\kitpymes.core.entities.tests\bin\debug\netcoreapp3.0\kitpymes.core.entities.tests.dll" id="7fd04506-4241-b8b1-2349-8e867be6fbef">
      <Execution id="aad8a29b-8fc0-4224-9389-111a695bf77a" />
      <TestMethod codeBase="D:\SFERRARI\01 - TRABAJO\REPOS\netcore\template-netcore-entities\Kitpymes.Core.Entities.Tests\bin\Debug\netcoreapp3.0\Kitpymes.Core.Entities.Tests.dll" adapterTypeName="executor://mstestadapter/v2" className="Kitpymes.Core.Entities.Enumerations.Tests.CardTypeEnumTests" name="ToEnum_Passing_Invalid_Int_Name_Enumeracion_Returns_Null" />
    </UnitTest>
    <UnitTest name="ToEnum_Passing_Invalid_String_Name_Enumeracion_Returns_Null" storage="d:\sferrari\01 - trabajo\repos\netcore\template-netcore-entities\kitpymes.core.entities.tests\bin\debug\netcoreapp3.0\kitpymes.core.entities.tests.dll" id="62f7691c-736e-bac3-74c9-a2d9d7ac94ae">
      <Execution id="9e4b37f9-5549-4d24-8ba9-7741fe8f7381" />
      <TestMethod codeBase="D:\SFERRARI\01 - TRABAJO\REPOS\netcore\template-netcore-entities\Kitpymes.Core.Entities.Tests\bin\Debug\netcoreapp3.0\Kitpymes.Core.Entities.Tests.dll" adapterTypeName="executor://mstestadapter/v2" className="Kitpymes.Core.Entities.Enumerations.Tests.LogTypeEnumTests" name="ToEnum_Passing_Invalid_String_Name_Enumeracion_Returns_Null" />
    </UnitTest>
    <UnitTest name="ToEnum_Passing_Valid_Int_value_Returns_Enumeracion" storage="d:\sferrari\01 - trabajo\repos\netcore\template-netcore-entities\kitpymes.core.entities.tests\bin\debug\netcoreapp3.0\kitpymes.core.entities.tests.dll" id="145667c7-887e-fb55-f15f-87c10ffaa544">
      <Execution id="1a6f4858-6ced-4ab8-baaf-8c9ce5f44bda" />
      <TestMethod codeBase="D:\SFERRARI\01 - TRABAJO\REPOS\netcore\template-netcore-entities\Kitpymes.Core.Entities.Tests\bin\Debug\netcoreapp3.0\Kitpymes.Core.Entities.Tests.dll" adapterTypeName="executor://mstestadapter/v2" className="Kitpymes.Core.Entities.Enumerations.Tests.StatusEnumTests" name="ToEnum_Passing_Valid_Int_value_Returns_Enumeracion" />
    </UnitTest>
    <UnitTest name="OperatorNotEqual_Passing_Valid_Values_Returns_True" storage="d:\sferrari\01 - trabajo\repos\netcore\template-netcore-entities\kitpymes.core.entities.tests\bin\debug\netcoreapp3.0\kitpymes.core.entities.tests.dll" id="906ffa0c-cef6-6ab9-9266-275ee0bdf90a">
      <Execution id="e2601b4e-136f-43c7-85ff-026f9f917c6d" />
      <TestMethod codeBase="D:\SFERRARI\01 - TRABAJO\REPOS\netcore\template-netcore-entities\Kitpymes.Core.Entities.Tests\bin\Debug\netcoreapp3.0\Kitpymes.Core.Entities.Tests.dll" adapterTypeName="executor://mstestadapter/v2" className="Kitpymes.Core.Entities.ValueObjects.Tests.AddressTests" name="OperatorNotEqual_Passing_Valid_Values_Returns_True" />
    </UnitTest>
    <UnitTest name="Create_Passing_Valid_Values_Returns_Address" storage="d:\sferrari\01 - trabajo\repos\netcore\template-netcore-entities\kitpymes.core.entities.tests\bin\debug\netcoreapp3.0\kitpymes.core.entities.tests.dll" id="cb3aa70a-148e-24f8-4a0e-08e7b60b3af3">
      <Execution id="016451cc-01b2-46aa-9e09-491bf1ce7cc3" />
      <TestMethod codeBase="D:\SFERRARI\01 - TRABAJO\REPOS\netcore\template-netcore-entities\Kitpymes.Core.Entities.Tests\bin\Debug\netcoreapp3.0\Kitpymes.Core.Entities.Tests.dll" adapterTypeName="executor://mstestadapter/v2" className="Kitpymes.Core.Entities.ValueObjects.Tests.MoneyTests" name="Create_Passing_Valid_Values_Returns_Address" />
    </UnitTest>
    <UnitTest name="ToEnum_Passing_Valid_String_Name_Returns_Enumeracion" storage="d:\sferrari\01 - trabajo\repos\netcore\template-netcore-entities\kitpymes.core.entities.tests\bin\debug\netcoreapp3.0\kitpymes.core.entities.tests.dll" id="bc0c68a9-1876-bb25-d382-c4c45b27b3d9">
      <Execution id="8bdbdf06-7e5a-42f4-8648-9c06573550a0" />
      <TestMethod codeBase="D:\SFERRARI\01 - TRABAJO\REPOS\netcore\template-netcore-entities\Kitpymes.Core.Entities.Tests\bin\Debug\netcoreapp3.0\Kitpymes.Core.Entities.Tests.dll" adapterTypeName="executor://mstestadapter/v2" className="Kitpymes.Core.Entities.Enumerations.Tests.StatusEnumTests" name="ToEnum_Passing_Valid_String_Name_Returns_Enumeracion" />
    </UnitTest>
    <UnitTest name="Create_Passing_InvalidOrNull_Value_Returns_ApplicationException" storage="d:\sferrari\01 - trabajo\repos\netcore\template-netcore-entities\kitpymes.core.entities.tests\bin\debug\netcoreapp3.0\kitpymes.core.entities.tests.dll" id="a135e145-a8f1-0965-22d8-18ac186f6fcf">
      <Execution id="a106fbe3-3dfd-4f89-baf5-4c29906c6344" />
      <TestMethod codeBase="D:\SFERRARI\01 - TRABAJO\REPOS\netcore\template-netcore-entities\Kitpymes.Core.Entities.Tests\bin\Debug\netcoreapp3.0\Kitpymes.Core.Entities.Tests.dll" adapterTypeName="executor://mstestadapter/v2" className="Kitpymes.Core.Entities.ValueObjects.Tests.MoneyTests" name="Create_Passing_InvalidOrNull_Value_Returns_ApplicationException" />
    </UnitTest>
    <UnitTest name="IsFemale_Passing_Nothing_Returns_True" storage="d:\sferrari\01 - trabajo\repos\netcore\template-netcore-entities\kitpymes.core.entities.tests\bin\debug\netcoreapp3.0\kitpymes.core.entities.tests.dll" id="63f587ad-86e0-a19d-ea1b-305a8e55bb70">
      <Execution id="17c3a314-43e6-4a63-afe2-497c6c34bbd4" />
      <TestMethod codeBase="D:\SFERRARI\01 - TRABAJO\REPOS\netcore\template-netcore-entities\Kitpymes.Core.Entities.Tests\bin\Debug\netcoreapp3.0\Kitpymes.Core.Entities.Tests.dll" adapterTypeName="executor://mstestadapter/v2" className="Kitpymes.Core.Entities.Enumerations.Tests.GenderTypeEnumTests" name="IsFemale_Passing_Nothing_Returns_True" />
    </UnitTest>
    <UnitTest name="IsMale_Passing_Nothing_Returns_True" storage="d:\sferrari\01 - trabajo\repos\netcore\template-netcore-entities\kitpymes.core.entities.tests\bin\debug\netcoreapp3.0\kitpymes.core.entities.tests.dll" id="96faba19-0bfe-83ba-6e84-9c0321f406c2">
      <Execution id="0bbf5582-d78f-463a-b705-a17b0a324dbd" />
      <TestMethod codeBase="D:\SFERRARI\01 - TRABAJO\REPOS\netcore\template-netcore-entities\Kitpymes.Core.Entities.Tests\bin\Debug\netcoreapp3.0\Kitpymes.Core.Entities.Tests.dll" adapterTypeName="executor://mstestadapter/v2" className="Kitpymes.Core.Entities.Enumerations.Tests.GenderTypeEnumTests" name="IsMale_Passing_Nothing_Returns_True" />
    </UnitTest>
    <UnitTest name="Equals_Passing_Valid_Values_Returns_True" storage="d:\sferrari\01 - trabajo\repos\netcore\template-netcore-entities\kitpymes.core.entities.tests\bin\debug\netcoreapp3.0\kitpymes.core.entities.tests.dll" id="e85f4f46-0516-dc12-c91d-ac710b48a15b">
      <Execution id="a00b7194-4553-4001-a2fb-a2f656e96033" />
      <TestMethod codeBase="D:\SFERRARI\01 - TRABAJO\REPOS\netcore\template-netcore-entities\Kitpymes.Core.Entities.Tests\bin\Debug\netcoreapp3.0\Kitpymes.Core.Entities.Tests.dll" adapterTypeName="executor://mstestadapter/v2" className="Kitpymes.Core.Entities.ValueObjects.Tests.NameTests" name="Equals_Passing_Valid_Values_Returns_True" />
    </UnitTest>
    <UnitTest name="ToNormalize_Passing_Valid_Values_Returns_Name_String_Format" storage="d:\sferrari\01 - trabajo\repos\netcore\template-netcore-entities\kitpymes.core.entities.tests\bin\debug\netcoreapp3.0\kitpymes.core.entities.tests.dll" id="3265fbd4-437d-4974-fc11-e9c28c6df816">
      <Execution id="4f8af468-48f8-4852-9bd2-5dfad6d8008f" />
      <TestMethod codeBase="D:\SFERRARI\01 - TRABAJO\REPOS\netcore\template-netcore-entities\Kitpymes.Core.Entities.Tests\bin\Debug\netcoreapp3.0\Kitpymes.Core.Entities.Tests.dll" adapterTypeName="executor://mstestadapter/v2" className="Kitpymes.Core.Entities.ValueObjects.Tests.NameTests" name="ToNormalize_Passing_Valid_Values_Returns_Name_String_Format" />
    </UnitTest>
    <UnitTest name="Create_Passing_Valid_Values_Returns_Address" storage="d:\sferrari\01 - trabajo\repos\netcore\template-netcore-entities\kitpymes.core.entities.tests\bin\debug\netcoreapp3.0\kitpymes.core.entities.tests.dll" id="c00989f1-bbf2-1016-4a5a-81f963501501">
      <Execution id="d933c265-a2e5-4436-8c15-c7dd4fc5c0fb" />
      <TestMethod codeBase="D:\SFERRARI\01 - TRABAJO\REPOS\netcore\template-netcore-entities\Kitpymes.Core.Entities.Tests\bin\Debug\netcoreapp3.0\Kitpymes.Core.Entities.Tests.dll" adapterTypeName="executor://mstestadapter/v2" className="Kitpymes.Core.Entities.ValueObjects.Tests.AddressTests" name="Create_Passing_Valid_Values_Returns_Address" />
    </UnitTest>
    <UnitTest name="Change_Passing_Valid_Values_Returns_Currency" storage="d:\sferrari\01 - trabajo\repos\netcore\template-netcore-entities\kitpymes.core.entities.tests\bin\debug\netcoreapp3.0\kitpymes.core.entities.tests.dll" id="afb94819-d000-5c73-f44b-f1e36fef6d66">
      <Execution id="e7d72185-ede6-4e4f-bb47-229212454e08" />
      <TestMethod codeBase="D:\SFERRARI\01 - TRABAJO\REPOS\netcore\template-netcore-entities\Kitpymes.Core.Entities.Tests\bin\Debug\netcoreapp3.0\Kitpymes.Core.Entities.Tests.dll" adapterTypeName="executor://mstestadapter/v2" className="Kitpymes.Core.Entities.ValueObjects.Tests.CurrencyTests" name="Change_Passing_Valid_Values_Returns_Currency" />
    </UnitTest>
  </TestDefinitions>
  <TestEntries>
    <TestEntry testId="bc7bdbdf-4891-bf37-8380-e1e4362476c4" executionId="85fc800b-c774-475b-9532-7c2b22fa3e29" testListId="8c84fa94-04c1-424b-9868-57a2d4851a1d" />
    <TestEntry testId="9aa3b6bb-9be5-40ee-3b6d-db8c00e38b15" executionId="835bda3f-f9f9-4463-bf85-bb880fcc141e" testListId="8c84fa94-04c1-424b-9868-57a2d4851a1d" />
    <TestEntry testId="a31fe255-a9f2-dfdc-2937-103680a980ea" executionId="adfcb753-2eab-4cb0-af50-81c0b206ed93" testListId="8c84fa94-04c1-424b-9868-57a2d4851a1d" />
    <TestEntry testId="b7d442c5-0acd-3404-07a7-6a3e90ab8bdd" executionId="1ed59677-1f4a-4659-9d0d-99c373c3f921" testListId="8c84fa94-04c1-424b-9868-57a2d4851a1d" />
    <TestEntry testId="7c9f6c94-8d7d-5c31-2b93-fff4124ed3c5" executionId="546c77bf-6f1a-47a9-8fc4-c5a7a7af7a78" testListId="8c84fa94-04c1-424b-9868-57a2d4851a1d" />
    <TestEntry testId="cefd6720-8ae8-64f7-ef2a-994381832e74" executionId="e6177392-844f-4413-a064-efa9bd01984f" testListId="8c84fa94-04c1-424b-9868-57a2d4851a1d" />
    <TestEntry testId="d8455b90-6045-1e3d-c9de-76db4e3d49ed" executionId="15258d82-9ff7-4eae-b270-f561f7dd01bc" testListId="8c84fa94-04c1-424b-9868-57a2d4851a1d" />
    <TestEntry testId="2cf24b7c-c50c-e047-853f-65e4172e9fe4" executionId="6ead3356-c526-43cc-aa35-5bd688f54543" testListId="8c84fa94-04c1-424b-9868-57a2d4851a1d" />
    <TestEntry testId="6c6b647e-dbec-34b2-9a32-6c876af9b8dc" executionId="a01c8394-6cce-44a6-82dd-9f8663e17ce9" testListId="8c84fa94-04c1-424b-9868-57a2d4851a1d" />
    <TestEntry testId="7506a243-a238-2665-b1af-67e45659c805" executionId="a0e57e9b-6f51-49bc-ba6d-10e2938c56c0" testListId="8c84fa94-04c1-424b-9868-57a2d4851a1d" />
    <TestEntry testId="0188a360-d0e8-2f3a-f2c3-d07e54094df7" executionId="0ce5d75e-0bc8-4c54-a455-8b33426a2966" testListId="8c84fa94-04c1-424b-9868-57a2d4851a1d" />
    <TestEntry testId="f8590f4c-8af0-6c5c-7ae1-fa12731b6342" executionId="e230a499-3365-4783-b696-8cc268461c54" testListId="8c84fa94-04c1-424b-9868-57a2d4851a1d" />
    <TestEntry testId="1c4770cc-11c0-d015-3996-858274852a92" executionId="3d29d077-9d52-468c-9ddd-e01033a1f695" testListId="8c84fa94-04c1-424b-9868-57a2d4851a1d" />
    <TestEntry testId="b939a012-7d2e-b3be-e613-740fc697b8d4" executionId="d80d0a3e-2c01-4447-bd36-4fb15fa0baf2" testListId="8c84fa94-04c1-424b-9868-57a2d4851a1d" />
    <TestEntry testId="fe3ab238-f960-1d99-07e6-892c4c0d0c46" executionId="4e633459-ecaf-4e56-84a2-377d928ee5c9" testListId="8c84fa94-04c1-424b-9868-57a2d4851a1d" />
    <TestEntry testId="727d300c-09c1-7387-388d-5af13a437f21" executionId="f320ebde-f9f1-4cda-a317-612459b3e273" testListId="8c84fa94-04c1-424b-9868-57a2d4851a1d" />
    <TestEntry testId="c00989f1-bbf2-1016-4a5a-81f963501501" executionId="d933c265-a2e5-4436-8c15-c7dd4fc5c0fb" testListId="8c84fa94-04c1-424b-9868-57a2d4851a1d" />
    <TestEntry testId="0af19e62-2ce3-c36e-7566-bede5dbc71a7" executionId="0149c48b-27a2-4979-b625-5535c6da2c66" testListId="8c84fa94-04c1-424b-9868-57a2d4851a1d" />
    <TestEntry testId="35cd21bd-ac3d-8082-2cc2-47d7b4ce3a25" executionId="b468777e-7d74-4740-816c-a963e47faadc" testListId="8c84fa94-04c1-424b-9868-57a2d4851a1d" />
    <TestEntry testId="3f4c3f71-cc6a-91e9-8105-a3b714346d19" executionId="54a5407b-36eb-4b11-be87-afb269d45d59" testListId="8c84fa94-04c1-424b-9868-57a2d4851a1d" />
    <TestEntry testId="145667c7-887e-fb55-f15f-87c10ffaa544" executionId="1a6f4858-6ced-4ab8-baaf-8c9ce5f44bda" testListId="8c84fa94-04c1-424b-9868-57a2d4851a1d" />
    <TestEntry testId="4c90cf97-db04-0e36-a36a-65b359ec9e59" executionId="ec5606cb-6fac-40ae-903e-4119654f9177" testListId="8c84fa94-04c1-424b-9868-57a2d4851a1d" />
    <TestEntry testId="153dd652-4eeb-f718-2869-b5ccdad8d784" executionId="f8f3c33c-9a3b-453c-8cc1-848933e91020" testListId="8c84fa94-04c1-424b-9868-57a2d4851a1d" />
    <TestEntry testId="96c7d001-66b9-71f2-30b3-dc555077fc27" executionId="3c48356b-369d-4985-9f96-a2aa47f9ec0e" testListId="8c84fa94-04c1-424b-9868-57a2d4851a1d" />
    <TestEntry testId="28983f02-4f34-fd2a-e2c0-c023f9e83615" executionId="c3efded3-200d-4165-95d6-dc7e1034ca7d" testListId="8c84fa94-04c1-424b-9868-57a2d4851a1d" />
    <TestEntry testId="906ffa0c-cef6-6ab9-9266-275ee0bdf90a" executionId="e2601b4e-136f-43c7-85ff-026f9f917c6d" testListId="8c84fa94-04c1-424b-9868-57a2d4851a1d" />
    <TestEntry testId="c5c29f75-9d50-53de-8312-18164417d08c" executionId="c4a1b283-1d1f-4313-8e05-d4e27ecaf120" testListId="8c84fa94-04c1-424b-9868-57a2d4851a1d" />
    <TestEntry testId="e85f4f46-0516-dc12-c91d-ac710b48a15b" executionId="a00b7194-4553-4001-a2fb-a2f656e96033" testListId="8c84fa94-04c1-424b-9868-57a2d4851a1d" />
    <TestEntry testId="2a42fb62-90e3-d0b8-2433-6770585d59ac" executionId="0775c956-7f5c-46b9-b64b-cc3b02330eb6" testListId="8c84fa94-04c1-424b-9868-57a2d4851a1d" />
    <TestEntry testId="9e19d4e4-f7b7-b402-48f1-b671fdae656e" executionId="bb911d4c-ea8f-4315-905d-21cd8fc8ef78" testListId="8c84fa94-04c1-424b-9868-57a2d4851a1d" />
    <TestEntry testId="096255cc-daec-f5a9-6a72-452bc7414607" executionId="2619d376-99a8-4555-8271-f8dea1356383" testListId="8c84fa94-04c1-424b-9868-57a2d4851a1d" />
    <TestEntry testId="4e5c29c7-ea4b-cd65-4b72-7ebf50d57942" executionId="b5b9d1ba-b766-4d29-9e29-1ee0214069a3" testListId="8c84fa94-04c1-424b-9868-57a2d4851a1d" />
    <TestEntry testId="669b24c5-9674-2256-f1f0-ef2ca145c4b1" executionId="04698173-fd26-4acd-8fda-0399e7b88d78" testListId="8c84fa94-04c1-424b-9868-57a2d4851a1d" />
    <TestEntry testId="f8a148c1-33ab-3f33-4563-51ccfbeb9871" executionId="dbc91be2-7cf0-48e3-ae3e-931555f5b658" testListId="8c84fa94-04c1-424b-9868-57a2d4851a1d" />
    <TestEntry testId="6dd73256-d9d7-d295-626e-bd95bb1349ab" executionId="39ecb5b3-ab02-4d68-bdfa-52b78ddddd29" testListId="8c84fa94-04c1-424b-9868-57a2d4851a1d" />
    <TestEntry testId="5a24c00d-3f9c-ad2d-3249-b671bca7abbb" executionId="f0c69307-f6f7-4c2c-8b69-0c21a59f3dad" testListId="8c84fa94-04c1-424b-9868-57a2d4851a1d" />
    <TestEntry testId="f01f0ea6-f37a-0be9-85c7-e4c1c96ff482" executionId="8366c125-7b6a-4416-889f-2c9285387b9d" testListId="8c84fa94-04c1-424b-9868-57a2d4851a1d" />
    <TestEntry testId="58248327-dbb4-f8f8-c890-f039c6d19d4a" executionId="a3b78b7d-80fd-454e-b1a8-36d92a13561d" testListId="8c84fa94-04c1-424b-9868-57a2d4851a1d" />
    <TestEntry testId="b4fa98e0-ad74-6dc8-23c1-bd54dd325a57" executionId="a7755d24-e09b-4a6f-9c2c-fd83cbb54175" testListId="8c84fa94-04c1-424b-9868-57a2d4851a1d" />
    <TestEntry testId="63f587ad-86e0-a19d-ea1b-305a8e55bb70" executionId="17c3a314-43e6-4a63-afe2-497c6c34bbd4" testListId="8c84fa94-04c1-424b-9868-57a2d4851a1d" />
    <TestEntry testId="dde84323-1f87-22b2-d0f7-2a4a85bad3fd" executionId="a1e5b31b-1616-4970-b627-adc7e88f75c7" testListId="8c84fa94-04c1-424b-9868-57a2d4851a1d" />
    <TestEntry testId="62f7691c-736e-bac3-74c9-a2d9d7ac94ae" executionId="9e4b37f9-5549-4d24-8ba9-7741fe8f7381" testListId="8c84fa94-04c1-424b-9868-57a2d4851a1d" />
    <TestEntry testId="df9ea71b-e3bc-2255-4837-0259a685da18" executionId="bfb8bbed-a180-4f3c-9552-65501ba71d2a" testListId="8c84fa94-04c1-424b-9868-57a2d4851a1d" />
    <TestEntry testId="bc0c68a9-1876-bb25-d382-c4c45b27b3d9" executionId="8bdbdf06-7e5a-42f4-8648-9c06573550a0" testListId="8c84fa94-04c1-424b-9868-57a2d4851a1d" />
    <TestEntry testId="383215a1-c7ec-2234-60ab-45389defa320" executionId="61b51d55-4baf-4fec-917e-eafdb12e5c51" testListId="8c84fa94-04c1-424b-9868-57a2d4851a1d" />
    <TestEntry testId="66126db5-a312-c629-a169-f37254601183" executionId="388d332c-776a-4f8e-b772-dfb614639050" testListId="8c84fa94-04c1-424b-9868-57a2d4851a1d" />
    <TestEntry testId="e9f12af5-5c0d-5f0d-b569-bb58f1d198e2" executionId="ab4d39ac-55bc-47f8-b48d-7d84e56632d2" testListId="8c84fa94-04c1-424b-9868-57a2d4851a1d" />
    <TestEntry testId="42204c2d-cae8-e99c-229d-8e372d79bb40" executionId="a175d5a0-f41e-46a7-b327-06e9c4a5a214" testListId="8c84fa94-04c1-424b-9868-57a2d4851a1d" />
    <TestEntry testId="b80b0b1c-a03f-7462-5741-ff0449349de1" executionId="7230e8d9-3908-4a3c-9b1a-7a87b964ef59" testListId="8c84fa94-04c1-424b-9868-57a2d4851a1d" />
    <TestEntry testId="3d5865ea-852b-85ea-4b1e-3b3f757388ec" executionId="c0ce5764-43ea-497e-9c9b-c851bbb372cd" testListId="8c84fa94-04c1-424b-9868-57a2d4851a1d" />
    <TestEntry testId="9b344652-cdde-ed73-1807-0f497ee20572" executionId="21b5bd3f-7fe9-428e-9204-dc59e53408ab" testListId="8c84fa94-04c1-424b-9868-57a2d4851a1d" />
    <TestEntry testId="5d5bf084-272e-970d-5ff6-6e8097ceab4a" executionId="bc34d609-c983-467c-82fa-34fb9b3a806b" testListId="8c84fa94-04c1-424b-9868-57a2d4851a1d" />
    <TestEntry testId="cff35c85-26ba-6235-75c6-1c2564d348c6" executionId="95062f84-d977-4cd3-bb8a-26d9aad76cab" testListId="8c84fa94-04c1-424b-9868-57a2d4851a1d" />
    <TestEntry testId="9d4133ce-d100-cb57-5378-7ee78c039307" executionId="68e23527-1750-4620-a083-cf6fe3125c88" testListId="8c84fa94-04c1-424b-9868-57a2d4851a1d" />
    <TestEntry testId="3ee8c477-acc7-2166-b517-722bdd4efb4b" executionId="0a8268dc-e1cb-43e1-9206-bc8f8a4af319" testListId="8c84fa94-04c1-424b-9868-57a2d4851a1d" />
    <TestEntry testId="7fd04506-4241-b8b1-2349-8e867be6fbef" executionId="aad8a29b-8fc0-4224-9389-111a695bf77a" testListId="8c84fa94-04c1-424b-9868-57a2d4851a1d" />
    <TestEntry testId="b0548663-47b3-8c52-226c-9dcd0a8ec50c" executionId="471ae004-ed5b-4442-acc7-c411918cc740" testListId="8c84fa94-04c1-424b-9868-57a2d4851a1d" />
    <TestEntry testId="b64d7059-5563-47f2-0770-51679ab67ac3" executionId="184b0747-7014-4680-a326-37bb6967e88f" testListId="8c84fa94-04c1-424b-9868-57a2d4851a1d" />
    <TestEntry testId="0d76b1f8-41be-79d6-55e9-d959e165e570" executionId="5e928aeb-e748-41d1-a4f7-bd34566ff1bd" testListId="8c84fa94-04c1-424b-9868-57a2d4851a1d" />
    <TestEntry testId="f7330460-b528-23e0-f552-44f6715cd948" executionId="37666eda-4db5-4434-8e2f-76b01af0b116" testListId="8c84fa94-04c1-424b-9868-57a2d4851a1d" />
    <TestEntry testId="8db31538-892c-3a78-d200-7b8d337bd902" executionId="415dd49e-29c5-4ece-bb99-9d0e9e0e13b1" testListId="8c84fa94-04c1-424b-9868-57a2d4851a1d" />
    <TestEntry testId="145bd153-18cc-3e25-baa5-f3e74b60f467" executionId="402111f4-5d04-4b28-82df-8a2177184a81" testListId="8c84fa94-04c1-424b-9868-57a2d4851a1d" />
    <TestEntry testId="76c79f9f-0b75-deaf-c0c8-6849a01fabe5" executionId="9a6ab289-4277-420e-9974-1f13678350c2" testListId="8c84fa94-04c1-424b-9868-57a2d4851a1d" />
    <TestEntry testId="a135e145-a8f1-0965-22d8-18ac186f6fcf" executionId="a106fbe3-3dfd-4f89-baf5-4c29906c6344" testListId="8c84fa94-04c1-424b-9868-57a2d4851a1d" />
    <TestEntry testId="1e6a5935-eb94-a549-f349-b1500900cd98" executionId="a9b3d380-c682-4c40-a91e-c70940d97c2d" testListId="8c84fa94-04c1-424b-9868-57a2d4851a1d" />
    <TestEntry testId="0331e231-5e2b-199a-2247-9bc7f2606067" executionId="4d635095-a847-4263-9f66-2077f4e54481" testListId="8c84fa94-04c1-424b-9868-57a2d4851a1d" />
    <TestEntry testId="398af0c0-2099-6a75-20f6-c6ae3a70956a" executionId="afb75ecd-4f7b-479d-8411-659350d04086" testListId="8c84fa94-04c1-424b-9868-57a2d4851a1d" />
    <TestEntry testId="cd159d9c-491e-cea0-3dbb-5894d4cafd31" executionId="de9e35b4-30f5-478b-96d3-efeb20cf4501" testListId="8c84fa94-04c1-424b-9868-57a2d4851a1d" />
    <TestEntry testId="d1ef6d46-1fa5-198f-a0cf-6cba38319a2e" executionId="a2514ce3-d36e-462b-b349-95d3312eb186" testListId="8c84fa94-04c1-424b-9868-57a2d4851a1d" />
    <TestEntry testId="d71963d6-dcff-e7f3-d8f4-94038e2fe289" executionId="f13fd648-62bf-449a-8ad6-4d3f3ba8bd5c" testListId="8c84fa94-04c1-424b-9868-57a2d4851a1d" />
    <TestEntry testId="df298487-0356-51ee-e237-7e10cf339a23" executionId="c3d49edd-bdd1-44b2-8769-26e2ba85bc58" testListId="8c84fa94-04c1-424b-9868-57a2d4851a1d" />
    <TestEntry testId="fc04751a-29b6-34b0-30bc-db8740bebbfc" executionId="f091389d-ec79-4520-9fef-32eba3027723" testListId="8c84fa94-04c1-424b-9868-57a2d4851a1d" />
    <TestEntry testId="3c73a262-4233-759f-902c-9ce564f1c4ad" executionId="32c6aa33-1b89-4ac4-90ba-8b1c992e1674" testListId="8c84fa94-04c1-424b-9868-57a2d4851a1d" />
    <TestEntry testId="c1c7a090-62ae-a90f-5c47-62eab692b098" executionId="a4a71936-bd74-4f4d-9fe8-0af66613d21e" testListId="8c84fa94-04c1-424b-9868-57a2d4851a1d" />
    <TestEntry testId="e508c554-ee47-5599-228d-b33f23cc16d0" executionId="a35fc4a9-9f1a-4859-bcd5-aaa095763e19" testListId="8c84fa94-04c1-424b-9868-57a2d4851a1d" />
    <TestEntry testId="07188371-eb7e-e491-e017-bf959c68f6d1" executionId="b4d8d2f6-ca66-434c-aac6-65e656f5696a" testListId="8c84fa94-04c1-424b-9868-57a2d4851a1d" />
    <TestEntry testId="7f63e5ba-c44d-59a2-d525-2cb0363ac96c" executionId="bc1b5acc-7276-4267-bc51-23567d6c67ba" testListId="8c84fa94-04c1-424b-9868-57a2d4851a1d" />
    <TestEntry testId="3e808d2f-8050-987c-6881-19992ba1e6c6" executionId="d7f4edd1-4908-4ac0-8612-222e5d86df14" testListId="8c84fa94-04c1-424b-9868-57a2d4851a1d" />
    <TestEntry testId="fc18fde3-4319-cd9b-8e17-5d2514db3cb2" executionId="ed5f435c-0402-4f7e-8ff2-40f73392be12" testListId="8c84fa94-04c1-424b-9868-57a2d4851a1d" />
    <TestEntry testId="9277a601-5bb0-2bc1-982a-ed71c2b000fa" executionId="01188ba5-e4e4-43c5-92b3-e7d30f4af70e" testListId="8c84fa94-04c1-424b-9868-57a2d4851a1d" />
    <TestEntry testId="582ef803-3445-a1eb-d630-9b4dabc719d5" executionId="a5cf9a30-4906-4912-9068-ccc1f0bc0757" testListId="8c84fa94-04c1-424b-9868-57a2d4851a1d" />
    <TestEntry testId="60ea3337-b81d-e310-278f-6cd040199409" executionId="3a44b0bf-7854-4e1e-9345-6885c6949b39" testListId="8c84fa94-04c1-424b-9868-57a2d4851a1d" />
    <TestEntry testId="13791109-f26f-328b-af66-40d4b88b25f7" executionId="63f9bf59-6c48-4cd4-9f70-a5fef93367e0" testListId="8c84fa94-04c1-424b-9868-57a2d4851a1d" />
    <TestEntry testId="3825a6bf-15ba-3ddd-7270-3610d4ba1398" executionId="5ed4bfc2-9330-4e63-8d07-837ba3adee13" testListId="8c84fa94-04c1-424b-9868-57a2d4851a1d" />
    <TestEntry testId="bb27667d-2509-633e-e3c4-28c478f5b41c" executionId="74898741-199d-4f15-bd0d-a25558078f72" testListId="8c84fa94-04c1-424b-9868-57a2d4851a1d" />
    <TestEntry testId="7d55952c-7491-2bc1-f80b-6bd31d5146d2" executionId="6bade0ee-be1a-4661-baa2-3da04ab5be75" testListId="8c84fa94-04c1-424b-9868-57a2d4851a1d" />
    <TestEntry testId="5b029505-cc20-a753-3d33-0e0e266c8841" executionId="cc586909-79f4-455f-bb18-ed696f25f214" testListId="8c84fa94-04c1-424b-9868-57a2d4851a1d" />
    <TestEntry testId="b2d1a9e8-2c10-e79d-2a5b-3b612a1cc6ec" executionId="831a01bc-30cb-4172-a564-ba0c634e0863" testListId="8c84fa94-04c1-424b-9868-57a2d4851a1d" />
    <TestEntry testId="4ffb1e76-cb8e-8152-5127-75a5ccf2e82d" executionId="2c619a45-2050-407d-90da-f338a133a813" testListId="8c84fa94-04c1-424b-9868-57a2d4851a1d" />
    <TestEntry testId="74b3f1dc-94ca-8be2-33b4-759efaa9b8e8" executionId="2da5e435-7c46-483b-94cc-db8a7fc2aea9" testListId="8c84fa94-04c1-424b-9868-57a2d4851a1d" />
    <TestEntry testId="d4dac023-52df-82e8-5be4-d4d0b7642e67" executionId="7ff249c2-1180-4b3d-b8bc-452645d44f01" testListId="8c84fa94-04c1-424b-9868-57a2d4851a1d" />
    <TestEntry testId="4845f67a-9f1a-743f-fdc8-caf62d8a1f4e" executionId="51d79614-ca46-4a16-8d40-3f33454dac10" testListId="8c84fa94-04c1-424b-9868-57a2d4851a1d" />
    <TestEntry testId="b90b8524-89a6-7598-57e6-f81fc0f2da6d" executionId="35ae80b2-03e6-4c9b-9b43-d3cabcf96c69" testListId="8c84fa94-04c1-424b-9868-57a2d4851a1d" />
    <TestEntry testId="81019d0f-1a28-bd30-e939-1d942eb12cd9" executionId="81aae6f4-254c-4a23-b2e7-0149f2711441" testListId="8c84fa94-04c1-424b-9868-57a2d4851a1d" />
    <TestEntry testId="37226e78-15f9-d454-011f-5b93613f63ef" executionId="11fdeb97-4bbe-4833-9450-f29ae2d01a1d" testListId="8c84fa94-04c1-424b-9868-57a2d4851a1d" />
    <TestEntry testId="77e3ceec-23c8-f048-63a2-95c394ee2a67" executionId="639cae45-8fbe-4ef9-8c70-86b05aec61c1" testListId="8c84fa94-04c1-424b-9868-57a2d4851a1d" />
    <TestEntry testId="4bd13a4c-7389-3430-0358-3a2daf94401d" executionId="effc8522-f60c-4115-ab2d-d4452fe078d7" testListId="8c84fa94-04c1-424b-9868-57a2d4851a1d" />
    <TestEntry testId="193201d0-a425-c313-33b9-f8d20ace7f79" executionId="0430b038-8eb1-4704-aa8f-c336ac14618b" testListId="8c84fa94-04c1-424b-9868-57a2d4851a1d" />
    <TestEntry testId="5b9ad273-899e-043f-1d95-78fcc6790837" executionId="5205360e-3980-426d-be2f-3ab5ae014085" testListId="8c84fa94-04c1-424b-9868-57a2d4851a1d" />
    <TestEntry testId="ed57a0e1-ab6e-1fee-9896-d0ba117a6da1" executionId="25b9e273-0a27-4dd6-92e8-9a9006f248c8" testListId="8c84fa94-04c1-424b-9868-57a2d4851a1d" />
    <TestEntry testId="ce8720c2-9005-cb90-e9f6-6a9dc1f8339c" executionId="1c8295d9-87d3-4420-bd3d-e6164d33c529" testListId="8c84fa94-04c1-424b-9868-57a2d4851a1d" />
    <TestEntry testId="8313da3f-0367-8e6c-c0a1-ae4f5c0df829" executionId="1635a27a-b4f6-42af-a604-85f6782e65fd" testListId="8c84fa94-04c1-424b-9868-57a2d4851a1d" />
    <TestEntry testId="9c04e34f-7224-62e2-c837-288675a1ae2d" executionId="7fe78af1-6ad1-41c8-876c-e25485e95cf9" testListId="8c84fa94-04c1-424b-9868-57a2d4851a1d" />
    <TestEntry testId="417ec551-d8d9-9d91-2ce7-f7087778456b" executionId="b26f1f40-b588-43a9-838b-e9fec9c3a14f" testListId="8c84fa94-04c1-424b-9868-57a2d4851a1d" />
    <TestEntry testId="336a4b3f-0900-f7cb-0d00-611a2347544d" executionId="b8882016-6d3b-4789-9db0-19d7d9dfae16" testListId="8c84fa94-04c1-424b-9868-57a2d4851a1d" />
    <TestEntry testId="02c00e07-1da7-4a26-741f-c10b40cf8def" executionId="607f219a-14c7-4542-8a0a-d8cfdf50fb5a" testListId="8c84fa94-04c1-424b-9868-57a2d4851a1d" />
    <TestEntry testId="860a3ab5-e4fc-cad4-fe40-328241e258f0" executionId="9fca4f67-ca1d-47e6-a8e1-9f52993202a9" testListId="8c84fa94-04c1-424b-9868-57a2d4851a1d" />
    <TestEntry testId="571ad406-4c46-6d0b-a0ab-0bbddda456a0" executionId="df9fe118-c138-41ab-87cc-578e1ec4a604" testListId="8c84fa94-04c1-424b-9868-57a2d4851a1d" />
    <TestEntry testId="13846877-4c93-45de-5e9a-d22d164df494" executionId="8e72cfe8-d748-4fc3-a532-a828fed9e836" testListId="8c84fa94-04c1-424b-9868-57a2d4851a1d" />
    <TestEntry testId="360a473d-7e1c-2d14-72c9-22f9349ca174" executionId="e512a1c0-7104-460b-99e4-4d2225882e2c" testListId="8c84fa94-04c1-424b-9868-57a2d4851a1d" />
    <TestEntry testId="0c9201c8-8275-74ca-9c91-2d0c4645730b" executionId="aad0bc13-0f81-4894-a59a-809f70ef58e1" testListId="8c84fa94-04c1-424b-9868-57a2d4851a1d" />
    <TestEntry testId="eb28919c-10bf-694a-78bc-ac7d54701422" executionId="d3bbd16c-34b8-4505-92f2-1d3ea45bd975" testListId="8c84fa94-04c1-424b-9868-57a2d4851a1d" />
    <TestEntry testId="0394e59d-8e17-d872-c29f-c28ac3eea7b0" executionId="e256d627-8e75-401c-a91f-4820a5f2ee34" testListId="8c84fa94-04c1-424b-9868-57a2d4851a1d" />
    <TestEntry testId="ca869e78-7943-a46b-7927-1a8ff4fe58af" executionId="2b9820fb-3113-406d-9fb6-693629b07c3c" testListId="8c84fa94-04c1-424b-9868-57a2d4851a1d" />
    <TestEntry testId="7d5b42e8-50c6-931f-3951-5d53097abf4e" executionId="ef8db02a-f69f-42ca-bb54-61b4d9af7168" testListId="8c84fa94-04c1-424b-9868-57a2d4851a1d" />
    <TestEntry testId="4abfc1ff-06cf-dc19-b35f-7c84f2bee2da" executionId="58924eee-a77b-4e2c-9710-adc24de3a8ae" testListId="8c84fa94-04c1-424b-9868-57a2d4851a1d" />
    <TestEntry testId="b10bbd05-c792-3d8c-96c7-1a5f4647c7dd" executionId="0ef82560-dc1a-48b9-9209-d2a2242b0b94" testListId="8c84fa94-04c1-424b-9868-57a2d4851a1d" />
    <TestEntry testId="6afaec20-42f3-051a-70dd-dd8272a94d57" executionId="e81b7c85-ff96-4231-8791-f7107e424504" testListId="8c84fa94-04c1-424b-9868-57a2d4851a1d" />
    <TestEntry testId="99c0f1dd-a954-07f0-474b-96a0626b66a1" executionId="36447a6f-30fb-4553-9418-70e32d31e58f" testListId="8c84fa94-04c1-424b-9868-57a2d4851a1d" />
    <TestEntry testId="2ea46394-44f6-bdfd-606e-536cc1a2eef1" executionId="9adc46e4-36cc-4bab-a485-f881858f1d81" testListId="8c84fa94-04c1-424b-9868-57a2d4851a1d" />
    <TestEntry testId="cfc0b506-e5fe-b0db-3d07-04d53340cc58" executionId="ca465534-3ee1-4e46-b174-f81d09c6f349" testListId="8c84fa94-04c1-424b-9868-57a2d4851a1d" />
    <TestEntry testId="96faba19-0bfe-83ba-6e84-9c0321f406c2" executionId="0bbf5582-d78f-463a-b705-a17b0a324dbd" testListId="8c84fa94-04c1-424b-9868-57a2d4851a1d" />
    <TestEntry testId="a50cb7dc-992a-23d1-57a7-839a1118dfa3" executionId="ce1414df-37cb-4451-9977-c5c415ff507c" testListId="8c84fa94-04c1-424b-9868-57a2d4851a1d" />
    <TestEntry testId="f32c4def-2f6e-3a0b-be76-e606178c7f60" executionId="d6c16cbc-3539-4757-a367-7de9be6159a7" testListId="8c84fa94-04c1-424b-9868-57a2d4851a1d" />
    <TestEntry testId="b5816c40-b187-058a-299e-906a7a313317" executionId="0c455e75-a412-49eb-92e3-92d7e49b36a5" testListId="8c84fa94-04c1-424b-9868-57a2d4851a1d" />
    <TestEntry testId="d72572bb-7928-9c07-ef1f-d247b9026627" executionId="cbd287d5-dd59-4c21-b5f7-cb64deb1b8b1" testListId="8c84fa94-04c1-424b-9868-57a2d4851a1d" />
    <TestEntry testId="389a94fb-03f1-a2c7-c8a2-43670b7ac19d" executionId="9624b7b1-245a-4d30-9d0c-fecd810809a9" testListId="8c84fa94-04c1-424b-9868-57a2d4851a1d" />
    <TestEntry testId="27a0e577-20d6-fabc-02be-7af6a06cb12f" executionId="e95bb00a-de83-465b-bcea-570df9cb016e" testListId="8c84fa94-04c1-424b-9868-57a2d4851a1d" />
    <TestEntry testId="a7b68708-c69e-0ff4-e40e-725b6fe202e8" executionId="b67bda36-b00e-4bf5-a30c-250b9751b715" testListId="8c84fa94-04c1-424b-9868-57a2d4851a1d" />
    <TestEntry testId="505c974a-abdc-ad26-ef8c-4f699fb49682" executionId="3de32502-5690-48ad-90b1-e6499798146a" testListId="8c84fa94-04c1-424b-9868-57a2d4851a1d" />
    <TestEntry testId="3265fbd4-437d-4974-fc11-e9c28c6df816" executionId="4f8af468-48f8-4852-9bd2-5dfad6d8008f" testListId="8c84fa94-04c1-424b-9868-57a2d4851a1d" />
    <TestEntry testId="bf7415ae-45f0-be29-e76d-b41b408fe020" executionId="6740279b-f66a-4dd6-b55d-503de784d609" testListId="8c84fa94-04c1-424b-9868-57a2d4851a1d" />
    <TestEntry testId="486d5231-aeb6-594f-38d5-98ce591994a3" executionId="17cc730b-0c76-488f-86f7-aee5a1b771c4" testListId="8c84fa94-04c1-424b-9868-57a2d4851a1d" />
    <TestEntry testId="e5e892cf-2006-a955-6ca0-1ec5d852214c" executionId="e9eec7ae-4f8e-4081-85c4-5519e02fbb09" testListId="8c84fa94-04c1-424b-9868-57a2d4851a1d" />
    <TestEntry testId="2bd0308d-019c-fb25-a258-ca5e7ad09231" executionId="5e5e0847-f13f-4eb6-9ca0-2c81451b12ed" testListId="8c84fa94-04c1-424b-9868-57a2d4851a1d" />
    <TestEntry testId="8010ce30-a236-ec4e-43aa-ea9ebe0ce095" executionId="0d76583b-1aee-47b9-8c53-c5de4df4ed5d" testListId="8c84fa94-04c1-424b-9868-57a2d4851a1d" />
    <TestEntry testId="84e5d156-9c5d-e299-dfaf-587322c60012" executionId="ad757ce2-e676-42b0-992d-35eae9af782a" testListId="8c84fa94-04c1-424b-9868-57a2d4851a1d" />
    <TestEntry testId="cb3aa70a-148e-24f8-4a0e-08e7b60b3af3" executionId="016451cc-01b2-46aa-9e09-491bf1ce7cc3" testListId="8c84fa94-04c1-424b-9868-57a2d4851a1d" />
    <TestEntry testId="a73a2e63-3dc6-6b14-a467-c57ee0ec7ec7" executionId="a56354a2-53fa-48d1-8ab0-9b11633ea9cc" testListId="8c84fa94-04c1-424b-9868-57a2d4851a1d" />
    <TestEntry testId="f2e092d4-d663-ae2f-6d89-847a0ae86968" executionId="7a58a540-fecb-4112-8c9c-28684e3e9715" testListId="8c84fa94-04c1-424b-9868-57a2d4851a1d" />
    <TestEntry testId="3ac8ffbb-30b0-a85d-3e7e-8f2f12c4ed12" executionId="fce11136-ea78-47ff-89cb-f7bcc977b230" testListId="8c84fa94-04c1-424b-9868-57a2d4851a1d" />
    <TestEntry testId="c76c5fb3-80cf-3138-b811-ceac3a87cf8e" executionId="c38ffd4e-5407-4148-8063-f2eaa0cc537a" testListId="8c84fa94-04c1-424b-9868-57a2d4851a1d" />
    <TestEntry testId="39ea45cc-1ad3-df2f-5644-569d0fae9835" executionId="0b4c3a20-e5ca-411d-949f-7f9cf4b75165" testListId="8c84fa94-04c1-424b-9868-57a2d4851a1d" />
    <TestEntry testId="3c5dd30a-14ce-719a-a187-bfc979656176" executionId="46878505-0110-4db6-a1f6-66061d14d3b5" testListId="8c84fa94-04c1-424b-9868-57a2d4851a1d" />
    <TestEntry testId="afb94819-d000-5c73-f44b-f1e36fef6d66" executionId="e7d72185-ede6-4e4f-bb47-229212454e08" testListId="8c84fa94-04c1-424b-9868-57a2d4851a1d" />
    <TestEntry testId="8d7600c8-85e7-f035-9f9f-51a80e994a9a" executionId="b6d7e3bd-c501-4e20-8c74-4cb20ba19b22" testListId="8c84fa94-04c1-424b-9868-57a2d4851a1d" />
    <TestEntry testId="0643cd5e-9fb6-9fc5-1c47-3b2be0eeb804" executionId="6ca9d0b4-03e9-4b9a-a76b-aaaba6b72be2" testListId="8c84fa94-04c1-424b-9868-57a2d4851a1d" />
  </TestEntries>
  <TestLists>
    <TestList name="Resultados sin formato de lista" id="8c84fa94-04c1-424b-9868-57a2d4851a1d" />
    <TestList name="Todos los resultados cargados" id="19431567-8539-422a-85d7-44ee4e166bda" />
  </TestLists>
  <ResultSummary outcome="Completed">
    <Counters total="430" executed="430" passed="430" failed="0" error="0" timeout="0" aborted="0" inconclusive="0" passedButRunAborted="0" notRunnable="0" notExecuted="0" disconnected="0" warning="0" completed="0" inProgress="0" pending="0" />
  </ResultSummary>
</TestRun>