<?xml version="1.0" encoding="utf-8"?>
<TestRun id="c6253c62-e886-466e-9b21-8744e4a1738b" name="sferrari@PC-SFERRARI 2021-10-24 18:49:33" runUser="PC-SFERRARI\sferrari" xmlns="http://microsoft.com/schemas/VisualStudio/TeamTest/2010">
  <Times creation="2021-10-24T18:49:33.6000519+02:00" queuing="2021-10-24T18:49:33.6000519+02:00" start="2021-10-24T18:49:32.0909034+02:00" finish="2021-10-24T18:49:34.7476927+02:00" />
  <TestSettings name="default" id="3191e095-66b0-4ce5-8ac1-ce1e313af747">
    <Deployment runDeploymentRoot="sferrari_PC-SFERRARI_2021-10-24_18_49_33" />
  </TestSettings>
  <Results>
    <UnitTestResult executionId="0ac2bd4f-f5a1-4ddf-90cb-445085786cc1" testId="2b8383d2-5f11-41e0-9a6b-a1a24a09ce6d" testName="OperatorNotEqual_Passing_Valid_Values_Returns_False (San Bartoleme De Tirajana)" computerName="PC-SFERRARI" duration="00:00:00.0002709" startTime="2021-10-24T18:49:34.3326272+02:00" endTime="2021-10-24T18:49:34.3504092+02:00" testType="13cdc9d9-ddb5-4fa4-a97d-d965ccfc6d4b" outcome="Passed" testListId="8c84fa94-04c1-424b-9868-57a2d4851a1d" relativeResultsDirectory="0ac2bd4f-f5a1-4ddf-90cb-445085786cc1" />
    <UnitTestResult executionId="076b21c4-85d8-4793-853d-da4cbe6588b3" testId="211831aa-ecf0-4040-9493-d4974d3f4397" testName="ToNormalize_Passing_Valid_Values_Returns_Name_String_Format (Españâ,Espana)" computerName="PC-SFERRARI" duration="00:00:00.0000432" startTime="2021-10-24T18:49:34.3069823+02:00" endTime="2021-10-24T18:49:34.3071584+02:00" testType="13cdc9d9-ddb5-4fa4-a97d-d965ccfc6d4b" outcome="Passed" testListId="8c84fa94-04c1-424b-9868-57a2d4851a1d" relativeResultsDirectory="076b21c4-85d8-4793-853d-da4cbe6588b3" />
    <UnitTestResult executionId="9ecf4b4e-f9e8-44d3-a090-a1e11461f73b" testId="b3b941cf-7844-47f1-90be-4faa17e00999" testName="OperatorEqual_Passing_Valid_Values_Returns_True (Sabadell,Barcelona,España)" computerName="PC-SFERRARI" duration="00:00:00.0000585" startTime="2021-10-24T18:49:34.1570211+02:00" endTime="2021-10-24T18:49:34.1572857+02:00" testType="13cdc9d9-ddb5-4fa4-a97d-d965ccfc6d4b" outcome="Passed" testListId="8c84fa94-04c1-424b-9868-57a2d4851a1d" relativeResultsDirectory="9ecf4b4e-f9e8-44d3-a090-a1e11461f73b" />
    <UnitTestResult executionId="6a1a39e6-9733-406d-a971-5509f1731a45" testId="57b045c2-be1a-49b1-b7b8-e1e84c0ce86f" testName="Equals_Passing_Valid_Values_Returns_True (Sabadell)" computerName="PC-SFERRARI" duration="00:00:00.0000111" startTime="2021-10-24T18:49:34.3257734+02:00" endTime="2021-10-24T18:49:34.3259126+02:00" testType="13cdc9d9-ddb5-4fa4-a97d-d965ccfc6d4b" outcome="Passed" testListId="8c84fa94-04c1-424b-9868-57a2d4851a1d" relativeResultsDirectory="6a1a39e6-9733-406d-a971-5509f1731a45" />
    <UnitTestResult executionId="73d2c24d-3974-4e28-b0fb-38aa975f85e5" testId="2d3eb306-c065-40ba-965c-f40fd723d560" testName="ToNormalize_Passing_Valid_Values_Returns_Name_String_Format (España,Espana)" computerName="PC-SFERRARI" duration="00:00:00.0004666" startTime="2021-10-24T18:49:34.3055523+02:00" endTime="2021-10-24T18:49:34.3061715+02:00" testType="13cdc9d9-ddb5-4fa4-a97d-d965ccfc6d4b" outcome="Passed" testListId="8c84fa94-04c1-424b-9868-57a2d4851a1d" relativeResultsDirectory="73d2c24d-3974-4e28-b0fb-38aa975f85e5" />
    <UnitTestResult executionId="34280da1-a5a4-4ea7-80c7-3868482f39d9" testId="7824df58-67fb-476f-8515-8e3de07e4376" testName="IsNull_Passing_Valid_Value_Returns_False (Tenant_A)" computerName="PC-SFERRARI" duration="00:00:00.0000161" startTime="2021-10-24T18:49:34.4543744+02:00" endTime="2021-10-24T18:49:34.4545017+02:00" testType="13cdc9d9-ddb5-4fa4-a97d-d965ccfc6d4b" outcome="Passed" testListId="8c84fa94-04c1-424b-9868-57a2d4851a1d" relativeResultsDirectory="34280da1-a5a4-4ea7-80c7-3868482f39d9" />
    <UnitTestResult executionId="13aced4d-ee2e-4ed2-868d-a547799b4208" testId="3dab1668-b361-456c-b0fd-87f529333377" testName="OperatorNotEqual_Passing_Valid_Values_Returns_False (stage_hackerone.com)" computerName="PC-SFERRARI" duration="00:00:00.0000210" startTime="2021-10-24T18:49:34.3733267+02:00" endTime="2021-10-24T18:49:34.3734437+02:00" testType="13cdc9d9-ddb5-4fa4-a97d-d965ccfc6d4b" outcome="Passed" testListId="8c84fa94-04c1-424b-9868-57a2d4851a1d" relativeResultsDirectory="13aced4d-ee2e-4ed2-868d-a547799b4208" />
    <UnitTestResult executionId="73e49679-2395-458a-85b9-a920f01d3802" testId="50d30ae4-6049-49d4-b4d8-2ff7df62fdf4" testName="IsAmex_Passing_Nothing_Returns_True" computerName="PC-SFERRARI" duration="00:00:00.0005453" startTime="2021-10-24T18:49:33.4539148+02:00" endTime="2021-10-24T18:49:33.4546277+02:00" testType="13cdc9d9-ddb5-4fa4-a97d-d965ccfc6d4b" outcome="Passed" testListId="8c84fa94-04c1-424b-9868-57a2d4851a1d" relativeResultsDirectory="73e49679-2395-458a-85b9-a920f01d3802" />
    <UnitTestResult executionId="2fa6cc97-f24c-43af-b237-6bbd115cc0be" testId="52c892af-299b-4341-a5a4-7acaa847dc67" testName="Equals_Passing_Valid_Distinct_Values_Returns_False (Españâ)" computerName="PC-SFERRARI" duration="00:00:00.0000296" startTime="2021-10-24T18:49:34.2614279+02:00" endTime="2021-10-24T18:49:34.2618591+02:00" testType="13cdc9d9-ddb5-4fa4-a97d-d965ccfc6d4b" outcome="Passed" testListId="8c84fa94-04c1-424b-9868-57a2d4851a1d" relativeResultsDirectory="2fa6cc97-f24c-43af-b237-6bbd115cc0be" />
    <UnitTestResult executionId="6824de12-90c8-4ee7-b436-8a901aa56f1f" testId="73fe7657-e303-4f99-80ec-724b87be5d44" testName="IsNull_Passing_Valid_Address_Returns_False (Tenerife,23,34567,San Bartoleme De Tirajana,Las Palmas,España)" computerName="PC-SFERRARI" duration="00:00:00.0001822" startTime="2021-10-24T18:49:33.5694726+02:00" endTime="2021-10-24T18:49:33.5698758+02:00" testType="13cdc9d9-ddb5-4fa4-a97d-d965ccfc6d4b" outcome="Passed" testListId="8c84fa94-04c1-424b-9868-57a2d4851a1d" relativeResultsDirectory="6824de12-90c8-4ee7-b436-8a901aa56f1f" />
    <UnitTestResult executionId="63f89f51-e6a7-4706-930f-62b6708be3e3" testId="a9022a64-3a22-4a73-802a-8628564b8efc" testName="Equals_Passing_Valid_Values_Returns_True (Españâ)" computerName="PC-SFERRARI" duration="00:00:00.0000196" startTime="2021-10-24T18:49:34.2664765+02:00" endTime="2021-10-24T18:49:34.2665946+02:00" testType="13cdc9d9-ddb5-4fa4-a97d-d965ccfc6d4b" outcome="Passed" testListId="8c84fa94-04c1-424b-9868-57a2d4851a1d" relativeResultsDirectory="63f89f51-e6a7-4706-930f-62b6708be3e3" />
    <UnitTestResult executionId="d2b32b7b-b75c-4358-a9d3-fbd7db52170c" testId="10d31361-8858-4e94-bdfd-6f7a69aa6380" testName="ToString_Passing_Valid_Values_Returns_Name (tenant_A)" computerName="PC-SFERRARI" duration="00:00:00.0000144" startTime="2021-10-24T18:49:34.5170823+02:00" endTime="2021-10-24T18:49:34.5173474+02:00" testType="13cdc9d9-ddb5-4fa4-a97d-d965ccfc6d4b" outcome="Passed" testListId="8c84fa94-04c1-424b-9868-57a2d4851a1d" relativeResultsDirectory="d2b32b7b-b75c-4358-a9d3-fbd7db52170c" />
    <UnitTestResult executionId="15af6e17-eee5-4fe3-b227-9d2ca3345b9e" testId="2335fb6a-b98e-4732-9b0c-c4339024cfdb" testName="OperatorNotEqual_Passing_Valid_Values_Returns_False (Españá)" computerName="PC-SFERRARI" duration="00:00:00.0000344" startTime="2021-10-24T18:49:34.2927479+02:00" endTime="2021-10-24T18:49:34.2929143+02:00" testType="13cdc9d9-ddb5-4fa4-a97d-d965ccfc6d4b" outcome="Passed" testListId="8c84fa94-04c1-424b-9868-57a2d4851a1d" relativeResultsDirectory="15af6e17-eee5-4fe3-b227-9d2ca3345b9e" />
    <UnitTestResult executionId="673638d1-8d8b-40a2-96ec-bfc72e5f304f" testId="06ce9c03-026e-47fa-af58-7f81cc3fd65a" testName="OperatorNotEqual_Passing_Valid_Values_Returns_False (TENANTA)" computerName="PC-SFERRARI" duration="00:00:00.0000290" startTime="2021-10-24T18:49:34.4814342+02:00" endTime="2021-10-24T18:49:34.4816839+02:00" testType="13cdc9d9-ddb5-4fa4-a97d-d965ccfc6d4b" outcome="Passed" testListId="8c84fa94-04c1-424b-9868-57a2d4851a1d" relativeResultsDirectory="673638d1-8d8b-40a2-96ec-bfc72e5f304f" />
    <UnitTestResult executionId="f302b52b-1707-4ebc-bf11-d2afe25d3900" testId="30d46cfc-adf7-4bea-8564-ac18e847b750" testName="Equals_Passing_Valid_Distinct_Values_Returns_False (tenant1)" computerName="PC-SFERRARI" duration="00:00:00.0009373" startTime="2021-10-24T18:49:34.4293525+02:00" endTime="2021-10-24T18:49:34.4304036+02:00" testType="13cdc9d9-ddb5-4fa4-a97d-d965ccfc6d4b" outcome="Passed" testListId="8c84fa94-04c1-424b-9868-57a2d4851a1d" relativeResultsDirectory="f302b52b-1707-4ebc-bf11-d2afe25d3900" />
    <UnitTestResult executionId="9a91a5be-412e-4a1f-809b-81b6adb81fa7" testId="c78e7717-aa72-4020-93f0-1dd49d5a92cd" testName="Create_Passing_Valid_Values_Returns_FullName (San Bartoleme De Tirajana,Las Palmas,España)" computerName="PC-SFERRARI" duration="00:00:00.0005539" startTime="2021-10-24T18:49:34.1458215+02:00" endTime="2021-10-24T18:49:34.1465346+02:00" testType="13cdc9d9-ddb5-4fa4-a97d-d965ccfc6d4b" outcome="Passed" testListId="8c84fa94-04c1-424b-9868-57a2d4851a1d" relativeResultsDirectory="9a91a5be-412e-4a1f-809b-81b6adb81fa7" />
    <UnitTestResult executionId="4b83a958-5d2f-4c43-bc92-a0a416b5c558" testId="53733f1e-2047-4fb3-a1f7-9943b6d32f56" testName="Equals_Passing_Valid_Distinct_Values_Returns_False (TENANT_A)" computerName="PC-SFERRARI" duration="00:00:00.0000175" startTime="2021-10-24T18:49:34.4382831+02:00" endTime="2021-10-24T18:49:34.4384504+02:00" testType="13cdc9d9-ddb5-4fa4-a97d-d965ccfc6d4b" outcome="Passed" testListId="8c84fa94-04c1-424b-9868-57a2d4851a1d" relativeResultsDirectory="4b83a958-5d2f-4c43-bc92-a0a416b5c558" />
    <UnitTestResult executionId="f1589114-64b2-46a4-8e46-11ec21d9b1dc" testId="8fb38666-394c-419f-8d9f-6e8bf42331b4" testName="OperatorNotEqual_Passing_Valid_Values_Returns_True (Sabadell)" computerName="PC-SFERRARI" duration="00:00:00.0000124" startTime="2021-10-24T18:49:34.3512366+02:00" endTime="2021-10-24T18:49:34.3513827+02:00" testType="13cdc9d9-ddb5-4fa4-a97d-d965ccfc6d4b" outcome="Passed" testListId="8c84fa94-04c1-424b-9868-57a2d4851a1d" relativeResultsDirectory="f1589114-64b2-46a4-8e46-11ec21d9b1dc" />
    <UnitTestResult executionId="6b250af9-229c-4bff-a8ea-15f8047f94af" testId="42b5f28d-de67-4f09-b525-7969a3ba92d5" testName="OperatorNotEqual_Passing_Valid_Values_Returns_False (San Bartoleme De Tirajana,Las Palmas,España)" computerName="PC-SFERRARI" duration="00:00:00.0001773" startTime="2021-10-24T18:49:34.1597344+02:00" endTime="2021-10-24T18:49:34.1600821+02:00" testType="13cdc9d9-ddb5-4fa4-a97d-d965ccfc6d4b" outcome="Passed" testListId="8c84fa94-04c1-424b-9868-57a2d4851a1d" relativeResultsDirectory="6b250af9-229c-4bff-a8ea-15f8047f94af" />
    <UnitTestResult executionId="9ad88f3a-c989-48b7-9553-c860b92129b3" testId="2eb86323-e246-4d15-bded-faa659598917" testName="Create_Passing_Valid_Values_Returns_Name (Esp añâ)" computerName="PC-SFERRARI" duration="00:00:00.0000167" startTime="2021-10-24T18:49:34.2575571+02:00" endTime="2021-10-24T18:49:34.2576931+02:00" testType="13cdc9d9-ddb5-4fa4-a97d-d965ccfc6d4b" outcome="Passed" testListId="8c84fa94-04c1-424b-9868-57a2d4851a1d" relativeResultsDirectory="9ad88f3a-c989-48b7-9553-c860b92129b3" />
    <UnitTestResult executionId="c24463c5-b8a1-4b49-9764-c59e33855204" testId="794f6645-d15f-40f2-9bce-3dd4f763ab55" testName="OperatorNotEqual_Passing_Valid_Values_Returns_False (TENANT_1)" computerName="PC-SFERRARI" duration="00:00:00.0000142" startTime="2021-10-24T18:49:34.4782142+02:00" endTime="2021-10-24T18:49:34.4783317+02:00" testType="13cdc9d9-ddb5-4fa4-a97d-d965ccfc6d4b" outcome="Passed" testListId="8c84fa94-04c1-424b-9868-57a2d4851a1d" relativeResultsDirectory="c24463c5-b8a1-4b49-9764-c59e33855204" />
    <UnitTestResult executionId="07842735-afa9-4316-b03a-dfad9279aeb5" testId="d05e7cad-f90b-4374-a9f3-790d5a420a61" testName="ToString_Passing_Valid_Values_Returns_Name (Españħ)" computerName="PC-SFERRARI" duration="00:00:00.0000169" startTime="2021-10-24T18:49:34.3160158+02:00" endTime="2021-10-24T18:49:34.3161730+02:00" testType="13cdc9d9-ddb5-4fa4-a97d-d965ccfc6d4b" outcome="Passed" testListId="8c84fa94-04c1-424b-9868-57a2d4851a1d" relativeResultsDirectory="07842735-afa9-4316-b03a-dfad9279aeb5" />
    <UnitTestResult executionId="f311b391-e2e5-4b1f-9178-e3b06bab01b8" testId="e1f5ea6e-92bf-4802-b4ce-33c12dd35269" testName="Equals_Passing_Valid_Distinct_Values_Returns_False (Españã)" computerName="PC-SFERRARI" duration="00:00:00.0000239" startTime="2021-10-24T18:49:34.2619201+02:00" endTime="2021-10-24T18:49:34.2620692+02:00" testType="13cdc9d9-ddb5-4fa4-a97d-d965ccfc6d4b" outcome="Passed" testListId="8c84fa94-04c1-424b-9868-57a2d4851a1d" relativeResultsDirectory="f311b391-e2e5-4b1f-9178-e3b06bab01b8" />
    <UnitTestResult executionId="c66f06d1-8815-45ad-bcd5-50dc3ed1b9f0" testId="7768da7d-5e21-4241-94c8-83560da33e89" testName="OperatorEqual_Passing_Valid_Values_Returns_True (Tenant_1)" computerName="PC-SFERRARI" duration="00:00:00.0000157" startTime="2021-10-24T18:49:34.4712644+02:00" endTime="2021-10-24T18:49:34.4713925+02:00" testType="13cdc9d9-ddb5-4fa4-a97d-d965ccfc6d4b" outcome="Passed" testListId="8c84fa94-04c1-424b-9868-57a2d4851a1d" relativeResultsDirectory="c66f06d1-8815-45ad-bcd5-50dc3ed1b9f0" />
    <UnitTestResult executionId="11848b29-7ad9-4e6a-9f2d-58a81dc480d5" testId="85e1f2f0-25eb-44c0-b7c0-3c400b871197" testName="OperatorEqual_Passing_Valid_Distinct_Values_Returns_False (EUR)" computerName="PC-SFERRARI" duration="00:00:00.0026443" startTime="2021-10-24T18:49:33.9678650+02:00" endTime="2021-10-24T18:49:33.9712744+02:00" testType="13cdc9d9-ddb5-4fa4-a97d-d965ccfc6d4b" outcome="Passed" testListId="8c84fa94-04c1-424b-9868-57a2d4851a1d" relativeResultsDirectory="11848b29-7ad9-4e6a-9f2d-58a81dc480d5" />
    <UnitTestResult executionId="7a76a5b5-1aa8-4dfe-bba5-171797110a7d" testId="a95050f5-458d-4ae7-9bad-be97827e1b4c" testName="ToNormalize_Passing_Valid_Values_Returns_Name_String_Format (Españç,Espanc)" computerName="PC-SFERRARI" duration="00:00:00.0000762" startTime="2021-10-24T18:49:34.3101883+02:00" endTime="2021-10-24T18:49:34.3105224+02:00" testType="13cdc9d9-ddb5-4fa4-a97d-d965ccfc6d4b" outcome="Passed" testListId="8c84fa94-04c1-424b-9868-57a2d4851a1d" relativeResultsDirectory="7a76a5b5-1aa8-4dfe-bba5-171797110a7d" />
    <UnitTestResult executionId="41a76857-44d9-47f2-bdf7-0198a6e1bd04" testId="e748c129-11be-4a0a-86f2-b4be6230cd79" testName="IsNull_Passing_Valid_Value_Returns_False (Españâ)" computerName="PC-SFERRARI" duration="00:00:00.0000154" startTime="2021-10-24T18:49:34.2754261+02:00" endTime="2021-10-24T18:49:34.2755462+02:00" testType="13cdc9d9-ddb5-4fa4-a97d-d965ccfc6d4b" outcome="Passed" testListId="8c84fa94-04c1-424b-9868-57a2d4851a1d" relativeResultsDirectory="41a76857-44d9-47f2-bdf7-0198a6e1bd04" />
    <UnitTestResult executionId="972f8893-71c9-44f6-8772-6468e280c518" testId="c58fb75e-5adc-47da-89c6-441c1e5cf7e8" testName="Create_Passing_Valid_Values_Returns_Name (tenant1)" computerName="PC-SFERRARI" duration="00:00:00.0002821" startTime="2021-10-24T18:49:34.4157638+02:00" endTime="2021-10-24T18:49:34.4163371+02:00" testType="13cdc9d9-ddb5-4fa4-a97d-d965ccfc6d4b" outcome="Passed" testListId="8c84fa94-04c1-424b-9868-57a2d4851a1d" relativeResultsDirectory="972f8893-71c9-44f6-8772-6468e280c518" />
    <UnitTestResult executionId="8007e340-4fa2-41f5-a8e6-dd9683d4ed06" testId="7bcbc65b-33ea-4ff1-a974-1078e06416b7" testName="Equals_Passing_Valid_Values_Returns_False (Tenerife,23,34567,San Bartoleme De Tirajana,Las Palmas,España)" computerName="PC-SFERRARI" duration="00:00:00.0016950" startTime="2021-10-24T18:49:33.5656322+02:00" endTime="2021-10-24T18:49:33.5676060+02:00" testType="13cdc9d9-ddb5-4fa4-a97d-d965ccfc6d4b" outcome="Passed" testListId="8c84fa94-04c1-424b-9868-57a2d4851a1d" relativeResultsDirectory="8007e340-4fa2-41f5-a8e6-dd9683d4ed06" />
    <UnitTestResult executionId="34997b6d-3e42-4673-97dd-4a89438eedae" testId="32216bf6-923f-4e92-8105-c02f5d640bf3" testName="OperatorNotEqual_Passing_Valid_Values_Returns_False (tenant_1)" computerName="PC-SFERRARI" duration="00:00:00.0000150" startTime="2021-10-24T18:49:34.4778763+02:00" endTime="2021-10-24T18:49:34.4780090+02:00" testType="13cdc9d9-ddb5-4fa4-a97d-d965ccfc6d4b" outcome="Passed" testListId="8c84fa94-04c1-424b-9868-57a2d4851a1d" relativeResultsDirectory="34997b6d-3e42-4673-97dd-4a89438eedae" />
    <UnitTestResult executionId="4fe71d77-8d19-4d00-8fbe-7416f20299af" testId="8acb7f82-77b5-44d5-9c8d-bae512a211ad" testName="OperatorNotEqual_Passing_Valid_Values_Returns_False (Españâ)" computerName="PC-SFERRARI" duration="00:00:00.0000221" startTime="2021-10-24T18:49:34.2932956+02:00" endTime="2021-10-24T18:49:34.2934227+02:00" testType="13cdc9d9-ddb5-4fa4-a97d-d965ccfc6d4b" outcome="Passed" testListId="8c84fa94-04c1-424b-9868-57a2d4851a1d" relativeResultsDirectory="4fe71d77-8d19-4d00-8fbe-7416f20299af" />
    <UnitTestResult executionId="41f075a4-7195-4f24-9b7b-ec6fc1354252" testId="5a00e945-32db-4466-89ec-6df2ea53588f" testName="OperatorNotEqual_Passing_Valid_Values_Returns_True (stage_hackerone.com)" computerName="PC-SFERRARI" duration="00:00:00.0000215" startTime="2021-10-24T18:49:34.3740278+02:00" endTime="2021-10-24T18:49:34.3741451+02:00" testType="13cdc9d9-ddb5-4fa4-a97d-d965ccfc6d4b" outcome="Passed" testListId="8c84fa94-04c1-424b-9868-57a2d4851a1d" relativeResultsDirectory="41f075a4-7195-4f24-9b7b-ec6fc1354252" />
    <UnitTestResult executionId="51972f38-9673-4ca6-934c-a5bf77264e50" testId="578ba56b-aef4-45db-8722-07c1be7145f3" testName="OperatorEqual_Passing_Valid_Distinct_Values_Returns_False (España)" computerName="PC-SFERRARI" duration="00:00:00.0002373" startTime="2021-10-24T18:49:34.2804691+02:00" endTime="2021-10-24T18:49:34.2808170+02:00" testType="13cdc9d9-ddb5-4fa4-a97d-d965ccfc6d4b" outcome="Passed" testListId="8c84fa94-04c1-424b-9868-57a2d4851a1d" relativeResultsDirectory="51972f38-9673-4ca6-934c-a5bf77264e50" />
    <UnitTestResult executionId="e205b3a7-4a53-4087-8f3a-77e01e7334fb" testId="b34a39bf-3c1a-48e9-a11d-7eebd925e0c3" testName="ToString_Passing_Valid_Values_Returns_Name (Españâ)" computerName="PC-SFERRARI" duration="00:00:00.0000147" startTime="2021-10-24T18:49:34.3120729+02:00" endTime="2021-10-24T18:49:34.3121909+02:00" testType="13cdc9d9-ddb5-4fa4-a97d-d965ccfc6d4b" outcome="Passed" testListId="8c84fa94-04c1-424b-9868-57a2d4851a1d" relativeResultsDirectory="e205b3a7-4a53-4087-8f3a-77e01e7334fb" />
    <UnitTestResult executionId="d44584d7-bbfa-4ab3-8a8b-d4bfae1578ae" testId="93bb4581-da7f-46ca-b16c-6ce5d6c77017" testName="Create_Passing_InvalidOrNull_Value_Returns_ApplicationException (,8768768768)" computerName="PC-SFERRARI" duration="00:00:00.0000619" startTime="2021-10-24T18:49:34.3890578+02:00" endTime="2021-10-24T18:49:34.3892746+02:00" testType="13cdc9d9-ddb5-4fa4-a97d-d965ccfc6d4b" outcome="Passed" testListId="8c84fa94-04c1-424b-9868-57a2d4851a1d" relativeResultsDirectory="d44584d7-bbfa-4ab3-8a8b-d4bfae1578ae" />
    <UnitTestResult executionId="c441877c-fe28-4eb5-aa51-22ce935ee31a" testId="53b44f74-ed96-4fc0-ab25-6826a6e1fa06" testName="OperatorEqual_Passing_Valid_Values_Returns_True (100,EUR,2)" computerName="PC-SFERRARI" duration="00:00:00.0006043" startTime="2021-10-24T18:49:34.2112818+02:00" endTime="2021-10-24T18:49:34.2121127+02:00" testType="13cdc9d9-ddb5-4fa4-a97d-d965ccfc6d4b" outcome="Passed" testListId="8c84fa94-04c1-424b-9868-57a2d4851a1d" relativeResultsDirectory="c441877c-fe28-4eb5-aa51-22ce935ee31a" />
    <UnitTestResult executionId="c0428f56-c405-4851-92b5-eb7aeb1f3f9f" testId="c240fbad-2739-4901-ab30-7c32d7f60011" testName="OperatorNotEqual_Passing_Valid_Values_Returns_False (Españà)" computerName="PC-SFERRARI" duration="00:00:00.0000204" startTime="2021-10-24T18:49:34.2929576+02:00" endTime="2021-10-24T18:49:34.2930895+02:00" testType="13cdc9d9-ddb5-4fa4-a97d-d965ccfc6d4b" outcome="Passed" testListId="8c84fa94-04c1-424b-9868-57a2d4851a1d" relativeResultsDirectory="c0428f56-c405-4851-92b5-eb7aeb1f3f9f" />
    <UnitTestResult executionId="e9243e52-d0b2-4c59-9add-f6fc3e9f4d11" testId="aee307f9-25a8-48aa-94dd-154e049851ed" testName="OperatorEqual_Passing_Valid_Distinct_Values_Returns_False (TENANTA)" computerName="PC-SFERRARI" duration="00:00:00.0000176" startTime="2021-10-24T18:49:34.4610889+02:00" endTime="2021-10-24T18:49:34.4612639+02:00" testType="13cdc9d9-ddb5-4fa4-a97d-d965ccfc6d4b" outcome="Passed" testListId="8c84fa94-04c1-424b-9868-57a2d4851a1d" relativeResultsDirectory="e9243e52-d0b2-4c59-9add-f6fc3e9f4d11" />
    <UnitTestResult executionId="ed24faa2-381f-49e2-8cae-da12d43baaca" testId="85c555bb-9016-45da-9fc1-f815dd8b781d" testName="ToString_Passing_Valid_Values_Returns_Name (Tenant1)" computerName="PC-SFERRARI" duration="00:00:00.0000138" startTime="2021-10-24T18:49:34.5126029+02:00" endTime="2021-10-24T18:49:34.5127670+02:00" testType="13cdc9d9-ddb5-4fa4-a97d-d965ccfc6d4b" outcome="Passed" testListId="8c84fa94-04c1-424b-9868-57a2d4851a1d" relativeResultsDirectory="ed24faa2-381f-49e2-8cae-da12d43baaca" />
    <UnitTestResult executionId="952c49a1-c9f6-48ba-995b-4462b454c4a1" testId="9e5093ee-0958-4ad4-b026-d851ac73b203" testName="ToString_Passing_Valid_Values_Returns_Value_String_Format (San Bartoleme De Tirajana,Las Palmas)" computerName="PC-SFERRARI" duration="00:00:00.0001935" startTime="2021-10-24T18:49:34.1612414+02:00" endTime="2021-10-24T18:49:34.1615214+02:00" testType="13cdc9d9-ddb5-4fa4-a97d-d965ccfc6d4b" outcome="Passed" testListId="8c84fa94-04c1-424b-9868-57a2d4851a1d" relativeResultsDirectory="952c49a1-c9f6-48ba-995b-4462b454c4a1" />
    <UnitTestResult executionId="5717e98c-68dc-45ae-83a2-0bafc626de95" testId="36a92049-4b9e-43da-8e58-c4695b30a78d" testName="IsNull_Passing_Valid_Value_Returns_False (Espania)" computerName="PC-SFERRARI" duration="00:00:00.0000087" startTime="2021-10-24T18:49:34.3266872+02:00" endTime="2021-10-24T18:49:34.3268189+02:00" testType="13cdc9d9-ddb5-4fa4-a97d-d965ccfc6d4b" outcome="Passed" testListId="8c84fa94-04c1-424b-9868-57a2d4851a1d" relativeResultsDirectory="5717e98c-68dc-45ae-83a2-0bafc626de95" />
    <UnitTestResult executionId="eeda6d7e-2b60-4ff0-8577-e728c0835567" testId="d987eaad-a949-4974-8c37-f6404e42d9d3" testName="OperatorEqual_Passing_Valid_Distinct_Values_Returns_False (Españâ)" computerName="PC-SFERRARI" duration="00:00:00.0000200" startTime="2021-10-24T18:49:34.2814077+02:00" endTime="2021-10-24T18:49:34.2815315+02:00" testType="13cdc9d9-ddb5-4fa4-a97d-d965ccfc6d4b" outcome="Passed" testListId="8c84fa94-04c1-424b-9868-57a2d4851a1d" relativeResultsDirectory="eeda6d7e-2b60-4ff0-8577-e728c0835567" />
    <UnitTestResult executionId="147a9b51-d58a-4a61-89b0-64153f3611f7" testId="ebf6940c-60fe-4259-9502-46dbfab3b551" testName="Change_Passing_Valid_Values_Returns_FullName" computerName="PC-SFERRARI" duration="00:00:00.0037299" startTime="2021-10-24T18:49:34.1407107+02:00" endTime="2021-10-24T18:49:34.1447392+02:00" testType="13cdc9d9-ddb5-4fa4-a97d-d965ccfc6d4b" outcome="Passed" testListId="8c84fa94-04c1-424b-9868-57a2d4851a1d" relativeResultsDirectory="147a9b51-d58a-4a61-89b0-64153f3611f7" />
    <UnitTestResult executionId="d07b24e6-4c40-4955-82a6-2e11fb4027e2" testId="74441bea-8607-449b-9181-ceacc50dd37b" testName="ToString_Passing_Valid_Values_Returns_Name (España)" computerName="PC-SFERRARI" duration="00:00:00.0003490" startTime="2021-10-24T18:49:34.3110221+02:00" endTime="2021-10-24T18:49:34.3114790+02:00" testType="13cdc9d9-ddb5-4fa4-a97d-d965ccfc6d4b" outcome="Passed" testListId="8c84fa94-04c1-424b-9868-57a2d4851a1d" relativeResultsDirectory="d07b24e6-4c40-4955-82a6-2e11fb4027e2" />
    <UnitTestResult executionId="6ac0a925-978b-46cd-b54b-187e88ab5636" testId="50442e13-b377-4c96-9f76-907f5b8afee3" testName="OperatorEqual_Passing_Valid_Distinct_Values_Returns_False (Sabadell,Barcelona,España)" computerName="PC-SFERRARI" duration="00:00:00.0000612" startTime="2021-10-24T18:49:34.1560728+02:00" endTime="2021-10-24T18:49:34.1563625+02:00" testType="13cdc9d9-ddb5-4fa4-a97d-d965ccfc6d4b" outcome="Passed" testListId="8c84fa94-04c1-424b-9868-57a2d4851a1d" relativeResultsDirectory="6ac0a925-978b-46cd-b54b-187e88ab5636" />
    <UnitTestResult executionId="bfa5b2b1-a7c9-42d5-9090-68b6101a2f41" testId="86b09c13-c330-4ff6-a5ee-f21bb93cb999" testName="Change_Passing_Valid_Values_Returns_Email (aaa@aaa.aaa,hhh@hhh.hhh)" computerName="PC-SFERRARI" duration="00:00:00.0729080" startTime="2021-10-24T18:49:33.9889247+02:00" endTime="2021-10-24T18:49:34.0624486+02:00" testType="13cdc9d9-ddb5-4fa4-a97d-d965ccfc6d4b" outcome="Passed" testListId="8c84fa94-04c1-424b-9868-57a2d4851a1d" relativeResultsDirectory="bfa5b2b1-a7c9-42d5-9090-68b6101a2f41" />
    <UnitTestResult executionId="982274da-722c-4712-9169-9f44bb5934d0" testId="bde4fc60-0f09-4c9c-b97c-f3397f3ff8c7" testName="OperatorEqual_Passing_Valid_Values_Returns_True (app.hackerone1.com)" computerName="PC-SFERRARI" duration="00:00:00.0002155" startTime="2021-10-24T18:49:34.3685253+02:00" endTime="2021-10-24T18:49:34.3688474+02:00" testType="13cdc9d9-ddb5-4fa4-a97d-d965ccfc6d4b" outcome="Passed" testListId="8c84fa94-04c1-424b-9868-57a2d4851a1d" relativeResultsDirectory="982274da-722c-4712-9169-9f44bb5934d0" />
    <UnitTestResult executionId="b5e0eef4-1125-49f2-aec1-e7bfadad4416" testId="b80bb203-89da-4fc7-b03c-821062cb23fd" testName="ToEnum_Passing_Valid_String_ShortName_Enumeracion_Returns_Enumeracion" computerName="PC-SFERRARI" duration="00:00:00.0000870" startTime="2021-10-24T18:49:33.4569549+02:00" endTime="2021-10-24T18:49:33.4570884+02:00" testType="13cdc9d9-ddb5-4fa4-a97d-d965ccfc6d4b" outcome="Passed" testListId="8c84fa94-04c1-424b-9868-57a2d4851a1d" relativeResultsDirectory="b5e0eef4-1125-49f2-aec1-e7bfadad4416" />
    <UnitTestResult executionId="189b87d1-208a-4153-9798-8c095571d8f6" testId="eb150bfb-7ec4-4c58-ac93-f2c50138670e" testName="Equals_Passing_Valid_Values_Returns_True (400,USD,8)" computerName="PC-SFERRARI" duration="00:00:00.0079611" startTime="2021-10-24T18:49:34.1982627+02:00" endTime="2021-10-24T18:49:34.2064772+02:00" testType="13cdc9d9-ddb5-4fa4-a97d-d965ccfc6d4b" outcome="Passed" testListId="8c84fa94-04c1-424b-9868-57a2d4851a1d" relativeResultsDirectory="189b87d1-208a-4153-9798-8c095571d8f6" />
    <UnitTestResult executionId="7d4d7bc8-d602-4438-88ed-e7f9f8367aa8" testId="8ed38f6e-5474-4d50-98be-b0acd04bdbdd" testName="OperatorNotEqual_Passing_Valid_Values_Returns_True (400,EUR,8)" computerName="PC-SFERRARI" duration="00:00:00.0011429" startTime="2021-10-24T18:49:34.2399098+02:00" endTime="2021-10-24T18:49:34.2413032+02:00" testType="13cdc9d9-ddb5-4fa4-a97d-d965ccfc6d4b" outcome="Passed" testListId="8c84fa94-04c1-424b-9868-57a2d4851a1d" relativeResultsDirectory="7d4d7bc8-d602-4438-88ed-e7f9f8367aa8" />
    <UnitTestResult executionId="fd4103bd-6c95-4207-93d7-9dbe9cf04f4a" testId="81563597-da17-4933-be0f-7325a8fbac96" testName="Create_Passing_InvalidOrNull_Value_Returns_ApplicationException ()" computerName="PC-SFERRARI" duration="00:00:00.0003994" startTime="2021-10-24T18:49:34.3538781+02:00" endTime="2021-10-24T18:49:34.3544794+02:00" testType="13cdc9d9-ddb5-4fa4-a97d-d965ccfc6d4b" outcome="Passed" testListId="8c84fa94-04c1-424b-9868-57a2d4851a1d" relativeResultsDirectory="fd4103bd-6c95-4207-93d7-9dbe9cf04f4a" />
    <UnitTestResult executionId="b6fbf0ad-a6f1-45dc-8719-4289eed2ce54" testId="8d319184-87b7-4f3b-9fc0-49c420b0a473" testName="OperatorEqual_Passing_Valid_Distinct_Values_Returns_False (Españç)" computerName="PC-SFERRARI" duration="00:00:00.0000358" startTime="2021-10-24T18:49:34.2850954+02:00" endTime="2021-10-24T18:49:34.2853536+02:00" testType="13cdc9d9-ddb5-4fa4-a97d-d965ccfc6d4b" outcome="Passed" testListId="8c84fa94-04c1-424b-9868-57a2d4851a1d" relativeResultsDirectory="b6fbf0ad-a6f1-45dc-8719-4289eed2ce54" />
    <UnitTestResult executionId="7cff4352-82e5-4d6e-8993-bb3f3aa65fb7" testId="3cc4a6c9-a989-406d-a186-053d21ade83f" testName="OperatorEqual_Passing_Valid_Distinct_Values_Returns_False (34fsds@sdd.fgg)" computerName="PC-SFERRARI" duration="00:00:00.0000633" startTime="2021-10-24T18:49:34.0863500+02:00" endTime="2021-10-24T18:49:34.0866954+02:00" testType="13cdc9d9-ddb5-4fa4-a97d-d965ccfc6d4b" outcome="Passed" testListId="8c84fa94-04c1-424b-9868-57a2d4851a1d" relativeResultsDirectory="7cff4352-82e5-4d6e-8993-bb3f3aa65fb7" />
    <UnitTestResult executionId="3e5d290e-0c78-4a9f-9abb-6c7de2c1d0b7" testId="fcb3afc8-04f6-4767-8958-f38210cb7bad" testName="Equals_Passing_Valid_Distinct_Values_Returns_False (Tenant_A)" computerName="PC-SFERRARI" duration="00:00:00.0000313" startTime="2021-10-24T18:49:34.4374958+02:00" endTime="2021-10-24T18:49:34.4382122+02:00" testType="13cdc9d9-ddb5-4fa4-a97d-d965ccfc6d4b" outcome="Passed" testListId="8c84fa94-04c1-424b-9868-57a2d4851a1d" relativeResultsDirectory="3e5d290e-0c78-4a9f-9abb-6c7de2c1d0b7" />
    <UnitTestResult executionId="f95ff3ae-f191-43d2-a2b0-8dc5f481b856" testId="ab05f438-b68f-47c7-85cf-d7d28b2c6ae4" testName="OperatorNotEqual_Passing_Valid_Values_Returns_False (tenant1)" computerName="PC-SFERRARI" duration="00:00:00.0002054" startTime="2021-10-24T18:49:34.4770027+02:00" endTime="2021-10-24T18:49:34.4773670+02:00" testType="13cdc9d9-ddb5-4fa4-a97d-d965ccfc6d4b" outcome="Passed" testListId="8c84fa94-04c1-424b-9868-57a2d4851a1d" relativeResultsDirectory="f95ff3ae-f191-43d2-a2b0-8dc5f481b856" />
    <UnitTestResult executionId="2966302b-cdd2-4eb2-9cfa-e2c5268812d4" testId="0bbcaa3a-7dad-4ac5-8002-f04c68af4420" testName="Change_Passing_Valid_Values_Returns_Name" computerName="PC-SFERRARI" duration="00:00:00.0010691" startTime="2021-10-24T18:49:34.4060380+02:00" endTime="2021-10-24T18:49:34.4074065+02:00" testType="13cdc9d9-ddb5-4fa4-a97d-d965ccfc6d4b" outcome="Passed" testListId="8c84fa94-04c1-424b-9868-57a2d4851a1d" relativeResultsDirectory="2966302b-cdd2-4eb2-9cfa-e2c5268812d4" />
    <UnitTestResult executionId="22311ebb-f3af-4fb7-be09-57b3ca2177bd" testId="701e0de3-b735-4661-bbbc-6ab81bc6d741" testName="OperatorEqual_Passing_Valid_Distinct_Values_Returns_False (TENANT_1)" computerName="PC-SFERRARI" duration="00:00:00.0000323" startTime="2021-10-24T18:49:34.4593557+02:00" endTime="2021-10-24T18:49:34.4596640+02:00" testType="13cdc9d9-ddb5-4fa4-a97d-d965ccfc6d4b" outcome="Passed" testListId="8c84fa94-04c1-424b-9868-57a2d4851a1d" relativeResultsDirectory="22311ebb-f3af-4fb7-be09-57b3ca2177bd" />
    <UnitTestResult executionId="9c20f801-0fdb-4c9a-92e1-31276b47510e" testId="aba802a9-600f-4a14-b468-49a2d6b802e5" testName="ToEnum_Passing_Invalid_Int_Name_Enumeracion_Returns_Null" computerName="PC-SFERRARI" duration="00:00:00.0001630" startTime="2021-10-24T18:49:33.5005887+02:00" endTime="2021-10-24T18:49:33.5008030+02:00" testType="13cdc9d9-ddb5-4fa4-a97d-d965ccfc6d4b" outcome="Passed" testListId="8c84fa94-04c1-424b-9868-57a2d4851a1d" relativeResultsDirectory="9c20f801-0fdb-4c9a-92e1-31276b47510e" />
    <UnitTestResult executionId="f521737c-b815-44b4-b18d-136eea86c981" testId="c5754b2c-e8b6-458a-bdf0-d86d1f724f76" testName="OperatorEqual_Passing_Valid_Values_Returns_True (D45,86554654)" computerName="PC-SFERRARI" duration="00:00:00.0000331" startTime="2021-10-24T18:49:34.4035171+02:00" endTime="2021-10-24T18:49:34.4038249+02:00" testType="13cdc9d9-ddb5-4fa4-a97d-d965ccfc6d4b" outcome="Passed" testListId="8c84fa94-04c1-424b-9868-57a2d4851a1d" relativeResultsDirectory="f521737c-b815-44b4-b18d-136eea86c981" />
    <UnitTestResult executionId="995a7a11-8027-4871-b9b9-1a3728cd1a0c" testId="c89bfefb-5670-4cd9-8266-f845880ce7f7" testName="Change_Passing_Valid_Values_Returns_Address" computerName="PC-SFERRARI" duration="00:00:00.0181224" startTime="2021-10-24T18:49:33.5158750+02:00" endTime="2021-10-24T18:49:33.5342022+02:00" testType="13cdc9d9-ddb5-4fa4-a97d-d965ccfc6d4b" outcome="Passed" testListId="8c84fa94-04c1-424b-9868-57a2d4851a1d" relativeResultsDirectory="995a7a11-8027-4871-b9b9-1a3728cd1a0c" />
    <UnitTestResult executionId="4ad766bb-f2c3-4b11-971a-a8216486fd7b" testId="a20999f3-d4ca-4629-9b46-328b6229febb" testName="Change_Passing_Valid_Values_Returns_Address (400,EUR,8)" computerName="PC-SFERRARI" duration="00:00:00.0058790" startTime="2021-10-24T18:49:34.1712352+02:00" endTime="2021-10-24T18:49:34.1773742+02:00" testType="13cdc9d9-ddb5-4fa4-a97d-d965ccfc6d4b" outcome="Passed" testListId="8c84fa94-04c1-424b-9868-57a2d4851a1d" relativeResultsDirectory="4ad766bb-f2c3-4b11-971a-a8216486fd7b" />
    <UnitTestResult executionId="d1c7bb97-c41f-475d-9235-d00ed31934d5" testId="9d09ba6f-dc8e-47c3-aced-36d9d203218c" testName="Create_Passing_InvalidOrNull_Value_Returns_ApplicationException ()" computerName="PC-SFERRARI" duration="00:00:00.1751554" startTime="2021-10-24T18:49:33.7828019+02:00" endTime="2021-10-24T18:49:33.9580881+02:00" testType="13cdc9d9-ddb5-4fa4-a97d-d965ccfc6d4b" outcome="Passed" testListId="8c84fa94-04c1-424b-9868-57a2d4851a1d" relativeResultsDirectory="d1c7bb97-c41f-475d-9235-d00ed31934d5" />
    <UnitTestResult executionId="dd20e2e5-98b3-43cc-8716-d25f9d2b7b50" testId="54b2febf-8c40-4a6c-9039-672dd6071952" testName="OperatorNotEqual_Passing_Valid_Values_Returns_True (TENANT_1)" computerName="PC-SFERRARI" duration="00:00:00.0000361" startTime="2021-10-24T18:49:34.5103375+02:00" endTime="2021-10-24T18:49:34.5106336+02:00" testType="13cdc9d9-ddb5-4fa4-a97d-d965ccfc6d4b" outcome="Passed" testListId="8c84fa94-04c1-424b-9868-57a2d4851a1d" relativeResultsDirectory="dd20e2e5-98b3-43cc-8716-d25f9d2b7b50" />
    <UnitTestResult executionId="9bdc75b9-b7a0-4cd6-b8f9-9cc9e541bed9" testId="ef57edb2-cee8-4dab-a650-be841bb021fe" testName="OperatorNotEqual_Passing_Valid_Values_Returns_True (TenantA)" computerName="PC-SFERRARI" duration="00:00:00.0000208" startTime="2021-10-24T18:49:34.5109451+02:00" endTime="2021-10-24T18:49:34.5111905+02:00" testType="13cdc9d9-ddb5-4fa4-a97d-d965ccfc6d4b" outcome="Passed" testListId="8c84fa94-04c1-424b-9868-57a2d4851a1d" relativeResultsDirectory="9bdc75b9-b7a0-4cd6-b8f9-9cc9e541bed9" />
    <UnitTestResult executionId="8db6089b-c120-45ca-8495-867a51f4d040" testId="d1fb94c1-4f45-42eb-b7e4-ef0de66db0fd" testName="Equals_Passing_Valid_Values_Returns_True (100,EUR,2)" computerName="PC-SFERRARI" duration="00:00:00.0009523" startTime="2021-10-24T18:49:34.1951563+02:00" endTime="2021-10-24T18:49:34.1964741+02:00" testType="13cdc9d9-ddb5-4fa4-a97d-d965ccfc6d4b" outcome="Passed" testListId="8c84fa94-04c1-424b-9868-57a2d4851a1d" relativeResultsDirectory="8db6089b-c120-45ca-8495-867a51f4d040" />
    <UnitTestResult executionId="6dca23cd-4023-492c-a5b1-d12acc376837" testId="ec7c74e1-a873-4326-bbef-32db1ae50cb1" testName="ToEnum_Passing_Valid_String_Name_Returns_Enumeracion" computerName="PC-SFERRARI" duration="00:00:00.0000945" startTime="2021-10-24T18:49:33.5116492+02:00" endTime="2021-10-24T18:49:33.5117994+02:00" testType="13cdc9d9-ddb5-4fa4-a97d-d965ccfc6d4b" outcome="Passed" testListId="8c84fa94-04c1-424b-9868-57a2d4851a1d" relativeResultsDirectory="6dca23cd-4023-492c-a5b1-d12acc376837" />
    <UnitTestResult executionId="79fb448e-b4fb-4b86-bf12-b581db46d634" testId="d0704acd-6072-4677-835f-dff600581b04" testName="IsNull_Passing_Null_Value_Returns_True" computerName="PC-SFERRARI" duration="00:00:00.0004106" startTime="2021-10-24T18:49:34.3661953+02:00" endTime="2021-10-24T18:49:34.3667293+02:00" testType="13cdc9d9-ddb5-4fa4-a97d-d965ccfc6d4b" outcome="Passed" testListId="8c84fa94-04c1-424b-9868-57a2d4851a1d" relativeResultsDirectory="79fb448e-b4fb-4b86-bf12-b581db46d634" />
    <UnitTestResult executionId="c3209006-3a21-4aca-95fc-9105a3733f90" testId="a70cebce-c87a-4976-bec8-4800a5cea821" testName="IsNull_Passing_Valid_Values_Returns_False (Tenerife,San Bartoleme De Tirajana,Las Palmas)" computerName="PC-SFERRARI" duration="00:00:00.0001543" startTime="2021-10-24T18:49:34.1541295+02:00" endTime="2021-10-24T18:49:34.1544606+02:00" testType="13cdc9d9-ddb5-4fa4-a97d-d965ccfc6d4b" outcome="Passed" testListId="8c84fa94-04c1-424b-9868-57a2d4851a1d" relativeResultsDirectory="c3209006-3a21-4aca-95fc-9105a3733f90" />
    <UnitTestResult executionId="332db83a-caa1-4d1d-9d19-b951a29a23a8" testId="086637e0-1f5e-47f9-af02-13d9070f062c" testName="Equals_Passing_Valid_Distinct_Values_Returns_False (TENANT_1)" computerName="PC-SFERRARI" duration="00:00:00.0000143" startTime="2021-10-24T18:49:34.4312638+02:00" endTime="2021-10-24T18:49:34.4313866+02:00" testType="13cdc9d9-ddb5-4fa4-a97d-d965ccfc6d4b" outcome="Passed" testListId="8c84fa94-04c1-424b-9868-57a2d4851a1d" relativeResultsDirectory="332db83a-caa1-4d1d-9d19-b951a29a23a8" />
    <UnitTestResult executionId="e90a6167-43b2-4652-82d5-26e26c3d2d2b" testId="da843226-624d-462f-8370-4d4861fc18c2" testName="OperatorNotEqual_Passing_Valid_Values_Returns_True (TENANTA)" computerName="PC-SFERRARI" duration="00:00:00.0000236" startTime="2021-10-24T18:49:34.5112421+02:00" endTime="2021-10-24T18:49:34.5114648+02:00" testType="13cdc9d9-ddb5-4fa4-a97d-d965ccfc6d4b" outcome="Passed" testListId="8c84fa94-04c1-424b-9868-57a2d4851a1d" relativeResultsDirectory="e90a6167-43b2-4652-82d5-26e26c3d2d2b" />
    <UnitTestResult executionId="d319c0ca-bad8-4bce-a9ea-412c96fcb3c1" testId="795d7111-c381-496a-b44c-b4d35f453173" testName="OperatorNotEqual_Passing_Valid_Values_Returns_False (Sabadell,Barcelona,España)" computerName="PC-SFERRARI" duration="00:00:00.0000235" startTime="2021-10-24T18:49:34.1601295+02:00" endTime="2021-10-24T18:49:34.1602548+02:00" testType="13cdc9d9-ddb5-4fa4-a97d-d965ccfc6d4b" outcome="Passed" testListId="8c84fa94-04c1-424b-9868-57a2d4851a1d" relativeResultsDirectory="d319c0ca-bad8-4bce-a9ea-412c96fcb3c1" />
    <UnitTestResult executionId="2098fada-c107-44e7-9034-b29ffe84f658" testId="2a6ae84f-960f-45f2-b2d8-7d80ddf025bd" testName="Equals_Passing_Valid_Values_Returns_True (EUR)" computerName="PC-SFERRARI" duration="00:00:00.0006796" startTime="2021-10-24T18:49:33.9642884+02:00" endTime="2021-10-24T18:49:33.9651353+02:00" testType="13cdc9d9-ddb5-4fa4-a97d-d965ccfc6d4b" outcome="Passed" testListId="8c84fa94-04c1-424b-9868-57a2d4851a1d" relativeResultsDirectory="2098fada-c107-44e7-9034-b29ffe84f658" />
    <UnitTestResult executionId="01c34e3c-fc39-488d-9aa5-0b951a40b084" testId="564e8d52-5473-49e6-814f-e4064c466fc1" testName="OperatorNotEqual_Passing_Valid_Values_Returns_True (San Bartoleme De Tirajana,Las Palmas,España)" computerName="PC-SFERRARI" duration="00:00:00.0001261" startTime="2021-10-24T18:49:34.1602830+02:00" endTime="2021-10-24T18:49:34.1604983+02:00" testType="13cdc9d9-ddb5-4fa4-a97d-d965ccfc6d4b" outcome="Passed" testListId="8c84fa94-04c1-424b-9868-57a2d4851a1d" relativeResultsDirectory="01c34e3c-fc39-488d-9aa5-0b951a40b084" />
    <UnitTestResult executionId="a4968e0f-ffea-4e95-a56c-c77277f3f3b8" testId="839caff0-edc3-4820-ba03-7fff9d938c87" testName="IsNull_Passing_Valid_Value_Returns_False (Españħ)" computerName="PC-SFERRARI" duration="00:00:00.0000187" startTime="2021-10-24T18:49:34.2801130+02:00" endTime="2021-10-24T18:49:34.2802597+02:00" testType="13cdc9d9-ddb5-4fa4-a97d-d965ccfc6d4b" outcome="Passed" testListId="8c84fa94-04c1-424b-9868-57a2d4851a1d" relativeResultsDirectory="a4968e0f-ffea-4e95-a56c-c77277f3f3b8" />
    <UnitTestResult executionId="c75e3c3b-a065-4d1e-a361-9efd5adce053" testId="a89f7263-563d-4bf3-87d2-8507296f876d" testName="ToString_Passing_Valid_Values_Returns_Name (tenant_1)" computerName="PC-SFERRARI" duration="00:00:00.0000129" startTime="2021-10-24T18:49:34.5160888+02:00" endTime="2021-10-24T18:49:34.5162386+02:00" testType="13cdc9d9-ddb5-4fa4-a97d-d965ccfc6d4b" outcome="Passed" testListId="8c84fa94-04c1-424b-9868-57a2d4851a1d" relativeResultsDirectory="c75e3c3b-a065-4d1e-a361-9efd5adce053" />
    <UnitTestResult executionId="ebe8f401-e18e-4555-a37c-bc35a716d4c5" testId="ba54d698-b1a4-4c2b-b905-d5555f8f922e" testName="OperatorEqual_Passing_Valid_Values_Returns_True (Españħ)" computerName="PC-SFERRARI" duration="00:00:00.0000239" startTime="2021-10-24T18:49:34.2919983+02:00" endTime="2021-10-24T18:49:34.2921462+02:00" testType="13cdc9d9-ddb5-4fa4-a97d-d965ccfc6d4b" outcome="Passed" testListId="8c84fa94-04c1-424b-9868-57a2d4851a1d" relativeResultsDirectory="ebe8f401-e18e-4555-a37c-bc35a716d4c5" />
    <UnitTestResult executionId="ac9b70f7-3d80-4b22-904f-6acda8e22f08" testId="504366b9-1688-4c04-9ab7-49df0be73aa9" testName="Equals_Passing_Valid_Values_Returns_True (TENANT1)" computerName="PC-SFERRARI" duration="00:00:00.0000219" startTime="2021-10-24T18:49:34.4391228+02:00" endTime="2021-10-24T18:49:34.4393489+02:00" testType="13cdc9d9-ddb5-4fa4-a97d-d965ccfc6d4b" outcome="Passed" testListId="8c84fa94-04c1-424b-9868-57a2d4851a1d" relativeResultsDirectory="ac9b70f7-3d80-4b22-904f-6acda8e22f08" />
    <UnitTestResult executionId="97e0927a-892f-4322-9950-d9a40ff10481" testId="e950ba7d-d600-48ab-a0c2-23c84bf5e660" testName="ToBool_Passing_Valid_Status_Inactive_Returns_False" computerName="PC-SFERRARI" duration="00:00:00.0002327" startTime="2021-10-24T18:49:33.5062773+02:00" endTime="2021-10-24T18:49:33.5065610+02:00" testType="13cdc9d9-ddb5-4fa4-a97d-d965ccfc6d4b" outcome="Passed" testListId="8c84fa94-04c1-424b-9868-57a2d4851a1d" relativeResultsDirectory="97e0927a-892f-4322-9950-d9a40ff10481" />
    <UnitTestResult executionId="249548f2-734e-4ce6-bb2f-bc0fd48aad90" testId="ce01a80d-f96a-4437-8220-6087a3339c9e" testName="ToEnum_Passing_Valid_String_Name_Enumeracion_Returns_Enumeracion" computerName="PC-SFERRARI" duration="00:00:00.0000899" startTime="2021-10-24T18:49:33.5047542+02:00" endTime="2021-10-24T18:49:33.5048954+02:00" testType="13cdc9d9-ddb5-4fa4-a97d-d965ccfc6d4b" outcome="Passed" testListId="8c84fa94-04c1-424b-9868-57a2d4851a1d" relativeResultsDirectory="249548f2-734e-4ce6-bb2f-bc0fd48aad90" />
    <UnitTestResult executionId="1cddbb9e-7c7b-453f-a468-f75d9310cdff" testId="1ad3155e-22cd-49c0-8aba-011aae4bafbd" testName="GetAll_Passing_Nothing_Returns_Enumeracion_List" computerName="PC-SFERRARI" duration="00:00:00.0006798" startTime="2021-10-24T18:49:33.5015303+02:00" endTime="2021-10-24T18:49:33.5023894+02:00" testType="13cdc9d9-ddb5-4fa4-a97d-d965ccfc6d4b" outcome="Passed" testListId="8c84fa94-04c1-424b-9868-57a2d4851a1d" relativeResultsDirectory="1cddbb9e-7c7b-453f-a468-f75d9310cdff" />
    <UnitTestResult executionId="945aa237-e5a6-4dd2-adb7-28f8ab3bef90" testId="cdd799bf-67de-4f9f-aa6a-55a6876f3d52" testName="ToEnum_Passing_Valid_IntName_Enumeracion_Returns_Enumeracion" computerName="PC-SFERRARI" duration="00:00:00.0000905" startTime="2021-10-24T18:49:33.5155317+02:00" endTime="2021-10-24T18:49:33.5156764+02:00" testType="13cdc9d9-ddb5-4fa4-a97d-d965ccfc6d4b" outcome="Passed" testListId="8c84fa94-04c1-424b-9868-57a2d4851a1d" relativeResultsDirectory="945aa237-e5a6-4dd2-adb7-28f8ab3bef90" />
    <UnitTestResult executionId="583df2cb-8ab0-4557-b3f8-5799fe83f73f" testId="4809f964-4c42-4a91-b914-ff1c6141808f" testName="IsNull_Passing_Valid_Values_Returns_False (D45,86554654)" computerName="PC-SFERRARI" duration="00:00:00.0000162" startTime="2021-10-24T18:49:34.3990737+02:00" endTime="2021-10-24T18:49:34.3992222+02:00" testType="13cdc9d9-ddb5-4fa4-a97d-d965ccfc6d4b" outcome="Passed" testListId="8c84fa94-04c1-424b-9868-57a2d4851a1d" relativeResultsDirectory="583df2cb-8ab0-4557-b3f8-5799fe83f73f" />
    <UnitTestResult executionId="b7205577-4884-44ea-a28e-f780bdaee0c2" testId="f7b51873-3c79-4185-a98c-8076d455cf02" testName="ToString_Passing_Valid_Values_Returns_Name (Españç)" computerName="PC-SFERRARI" duration="00:00:00.0000312" startTime="2021-10-24T18:49:34.3156082+02:00" endTime="2021-10-24T18:49:34.3159405+02:00" testType="13cdc9d9-ddb5-4fa4-a97d-d965ccfc6d4b" outcome="Passed" testListId="8c84fa94-04c1-424b-9868-57a2d4851a1d" relativeResultsDirectory="b7205577-4884-44ea-a28e-f780bdaee0c2" />
    <UnitTestResult executionId="0d39c2d3-3041-43fa-94fe-26fb6531dd66" testId="63eb4307-8a65-4300-bd86-3d850abff09a" testName="IsNull_Passing_Null_Address_Returns_True" computerName="PC-SFERRARI" duration="00:00:00.0004336" startTime="2021-10-24T18:49:33.5689133+02:00" endTime="2021-10-24T18:49:33.5694258+02:00" testType="13cdc9d9-ddb5-4fa4-a97d-d965ccfc6d4b" outcome="Passed" testListId="8c84fa94-04c1-424b-9868-57a2d4851a1d" relativeResultsDirectory="0d39c2d3-3041-43fa-94fe-26fb6531dd66" />
    <UnitTestResult executionId="2d3396bb-8cbb-4b9b-820c-f144bbffd2ad" testId="1ddf2557-0ddc-4aab-a43a-c17cac3d6043" testName="OperatorEqual_Passing_Valid_Values_Returns_True (Pader,789,DF7956,Sabadell,Barcelona,España)" computerName="PC-SFERRARI" duration="00:00:00.0000446" startTime="2021-10-24T18:49:33.5749278+02:00" endTime="2021-10-24T18:49:33.5763631+02:00" testType="13cdc9d9-ddb5-4fa4-a97d-d965ccfc6d4b" outcome="Passed" testListId="8c84fa94-04c1-424b-9868-57a2d4851a1d" relativeResultsDirectory="2d3396bb-8cbb-4b9b-820c-f144bbffd2ad" />
    <UnitTestResult executionId="ad4c2146-e8e1-4549-b4d0-5777c8a15297" testId="e48cddbf-d705-451e-9bac-fd47f6c340c1" testName="Equals_Passing_Valid_Values_Returns_True (TENANT_1)" computerName="PC-SFERRARI" duration="00:00:00.0000184" startTime="2021-10-24T18:49:34.4444175+02:00" endTime="2021-10-24T18:49:34.4445678+02:00" testType="13cdc9d9-ddb5-4fa4-a97d-d965ccfc6d4b" outcome="Passed" testListId="8c84fa94-04c1-424b-9868-57a2d4851a1d" relativeResultsDirectory="ad4c2146-e8e1-4549-b4d0-5777c8a15297" />
    <UnitTestResult executionId="0117e6cf-5e94-4d1f-b58b-7ad652b22715" testId="018dbca6-16d6-4b2f-9f6c-67581793cda3" testName="Create_Passing_InvalidOrNull_Value_Returns_ApplicationException ()" computerName="PC-SFERRARI" duration="00:00:00.0004545" startTime="2021-10-24T18:49:34.2522937+02:00" endTime="2021-10-24T18:49:34.2529386+02:00" testType="13cdc9d9-ddb5-4fa4-a97d-d965ccfc6d4b" outcome="Passed" testListId="8c84fa94-04c1-424b-9868-57a2d4851a1d" relativeResultsDirectory="0117e6cf-5e94-4d1f-b58b-7ad652b22715" />
    <UnitTestResult executionId="eb6e6fe6-30f6-4e46-bb5b-de3d5500ac0a" testId="da21741e-86c3-4937-a52d-caef8d6a3488" testName="IsNull_Passing_Null_Value_Returns_True" computerName="PC-SFERRARI" duration="00:00:00.0003752" startTime="2021-10-24T18:49:34.2740851+02:00" endTime="2021-10-24T18:49:34.2745365+02:00" testType="13cdc9d9-ddb5-4fa4-a97d-d965ccfc6d4b" outcome="Passed" testListId="8c84fa94-04c1-424b-9868-57a2d4851a1d" relativeResultsDirectory="eb6e6fe6-30f6-4e46-bb5b-de3d5500ac0a" />
    <UnitTestResult executionId="9cab2d0a-b083-465b-8784-6d8edcc47411" testId="8b676c2a-21b0-459c-a645-5dd77afeb068" testName="Equals_Passing_Valid_Values_Returns_True (TENANTA)" computerName="PC-SFERRARI" duration="00:00:00.0000162" startTime="2021-10-24T18:49:34.4450949+02:00" endTime="2021-10-24T18:49:34.4452212+02:00" testType="13cdc9d9-ddb5-4fa4-a97d-d965ccfc6d4b" outcome="Passed" testListId="8c84fa94-04c1-424b-9868-57a2d4851a1d" relativeResultsDirectory="9cab2d0a-b083-465b-8784-6d8edcc47411" />
    <UnitTestResult executionId="ea0036c6-6b67-43e4-a397-352cc9cacc3a" testId="93783dff-ac19-4320-910e-67e40f8f0aaa" testName="IsNull_Passing_Valid_Values_Returns_False (Sabadell,Barcelona,España)" computerName="PC-SFERRARI" duration="00:00:00.0000291" startTime="2021-10-24T18:49:34.1546104+02:00" endTime="2021-10-24T18:49:34.1548447+02:00" testType="13cdc9d9-ddb5-4fa4-a97d-d965ccfc6d4b" outcome="Passed" testListId="8c84fa94-04c1-424b-9868-57a2d4851a1d" relativeResultsDirectory="ea0036c6-6b67-43e4-a397-352cc9cacc3a" />
    <UnitTestResult executionId="f058bf47-7f8d-44d2-b17c-772527254094" testId="1834fff8-9d88-43b5-9df3-b6c5738f9544" testName="OperatorNotEqual_Passing_Valid_Values_Returns_True (34fsds@sdd.fgg)" computerName="PC-SFERRARI" duration="00:00:00.0000546" startTime="2021-10-24T18:49:34.0885538+02:00" endTime="2021-10-24T18:49:34.0887474+02:00" testType="13cdc9d9-ddb5-4fa4-a97d-d965ccfc6d4b" outcome="Passed" testListId="8c84fa94-04c1-424b-9868-57a2d4851a1d" relativeResultsDirectory="f058bf47-7f8d-44d2-b17c-772527254094" />
    <UnitTestResult executionId="fd18f64a-13ed-4362-9963-9b3813d281d4" testId="8aff0a8a-e0fd-4a4c-8078-b1afb2ddcd9a" testName="ToString_Passing_Valid_Values_Returns_Subdomain (app.hackerone1.com)" computerName="PC-SFERRARI" duration="00:00:00.0002743" startTime="2021-10-24T18:49:34.3741833+02:00" endTime="2021-10-24T18:49:34.3745596+02:00" testType="13cdc9d9-ddb5-4fa4-a97d-d965ccfc6d4b" outcome="Passed" testListId="8c84fa94-04c1-424b-9868-57a2d4851a1d" relativeResultsDirectory="fd18f64a-13ed-4362-9963-9b3813d281d4" />
    <UnitTestResult executionId="e79de300-d967-4dd2-8ef0-8ddf6b03f671" testId="b49fd363-154d-4c56-befe-bed838cc87d6" testName="OperatorNotEqual_Passing_Valid_Values_Returns_False (EUR)" computerName="PC-SFERRARI" duration="00:00:00.0006953" startTime="2021-10-24T18:49:33.9799508+02:00" endTime="2021-10-24T18:49:33.9807988+02:00" testType="13cdc9d9-ddb5-4fa4-a97d-d965ccfc6d4b" outcome="Passed" testListId="8c84fa94-04c1-424b-9868-57a2d4851a1d" relativeResultsDirectory="e79de300-d967-4dd2-8ef0-8ddf6b03f671" />
    <UnitTestResult executionId="ec7b8ad2-8bfb-4e90-8a5b-9c1965db704d" testId="35339f82-5caa-40ca-a0ca-929da0652385" testName="Equals_Passing_Valid_Values_Returns_True (tenant_A)" computerName="PC-SFERRARI" duration="00:00:00.0000167" startTime="2021-10-24T18:49:34.4452622+02:00" endTime="2021-10-24T18:49:34.4454036+02:00" testType="13cdc9d9-ddb5-4fa4-a97d-d965ccfc6d4b" outcome="Passed" testListId="8c84fa94-04c1-424b-9868-57a2d4851a1d" relativeResultsDirectory="ec7b8ad2-8bfb-4e90-8a5b-9c1965db704d" />
    <UnitTestResult executionId="e67554de-a2ca-48a7-951b-490e7e85b27c" testId="e6713a48-b33a-4597-9ee2-aa8c36f2e319" testName="Equals_Passing_Valid_Distinct_Values_Returns_False (Sabadell,Barcelona,España)" computerName="PC-SFERRARI" duration="00:00:00.0000526" startTime="2021-10-24T18:49:34.1498419+02:00" endTime="2021-10-24T18:49:34.1501410+02:00" testType="13cdc9d9-ddb5-4fa4-a97d-d965ccfc6d4b" outcome="Passed" testListId="8c84fa94-04c1-424b-9868-57a2d4851a1d" relativeResultsDirectory="e67554de-a2ca-48a7-951b-490e7e85b27c" />
    <UnitTestResult executionId="133ca239-7477-4a72-a646-1ec9f402c5c4" testId="b430da0c-ae7a-428e-92cc-d5a77a669901" testName="Equals_Passing_Valid_Distinct_Values_Returns_False (EUR)" computerName="PC-SFERRARI" duration="00:00:00.0021283" startTime="2021-10-24T18:49:33.9619515+02:00" endTime="2021-10-24T18:49:33.9642260+02:00" testType="13cdc9d9-ddb5-4fa4-a97d-d965ccfc6d4b" outcome="Passed" testListId="8c84fa94-04c1-424b-9868-57a2d4851a1d" relativeResultsDirectory="133ca239-7477-4a72-a646-1ec9f402c5c4" />
    <UnitTestResult executionId="55beae35-c68c-4a7f-acd2-8aa473d54088" testId="ea55a82a-6016-4578-9645-0c641a966ac5" testName="ToEnum_Passing_Invalid_Int_Name_Enumeracion_Returns_Null" computerName="PC-SFERRARI" duration="00:00:00.0002165" startTime="2021-10-24T18:49:33.5150033+02:00" endTime="2021-10-24T18:49:33.5152799+02:00" testType="13cdc9d9-ddb5-4fa4-a97d-d965ccfc6d4b" outcome="Passed" testListId="8c84fa94-04c1-424b-9868-57a2d4851a1d" relativeResultsDirectory="55beae35-c68c-4a7f-acd2-8aa473d54088" />
    <UnitTestResult executionId="db58e7ef-9d5a-4d5f-b9da-7e4860a25d2e" testId="e8910a01-cab9-4f0b-b26a-d852fb93ffc8" testName="ToString_Passing_Valid_Values_Returns_Name (tenantA)" computerName="PC-SFERRARI" duration="00:00:00.0000114" startTime="2021-10-24T18:49:34.5166075+02:00" endTime="2021-10-24T18:49:34.5167462+02:00" testType="13cdc9d9-ddb5-4fa4-a97d-d965ccfc6d4b" outcome="Passed" testListId="8c84fa94-04c1-424b-9868-57a2d4851a1d" relativeResultsDirectory="db58e7ef-9d5a-4d5f-b9da-7e4860a25d2e" />
    <UnitTestResult executionId="51a90636-4f4e-4723-8c1b-a330f8637614" testId="d1362aff-bb37-4cf4-b2d4-14c3a083616a" testName="Equals_Passing_Valid_Distinct_Values_Returns_False (400,EUR,8)" computerName="PC-SFERRARI" duration="00:00:00.0040198" startTime="2021-10-24T18:49:34.1874062+02:00" endTime="2021-10-24T18:49:34.1916828+02:00" testType="13cdc9d9-ddb5-4fa4-a97d-d965ccfc6d4b" outcome="Passed" testListId="8c84fa94-04c1-424b-9868-57a2d4851a1d" relativeResultsDirectory="51a90636-4f4e-4723-8c1b-a330f8637614" />
    <UnitTestResult executionId="b81c3c1d-a395-443a-afcc-8d94e71352f4" testId="431d1434-229a-4ca0-95ff-d01872a50949" testName="OperatorEqual_Passing_Valid_Values_Returns_True (456,43543543543)" computerName="PC-SFERRARI" duration="00:00:00.0001785" startTime="2021-10-24T18:49:34.3997704+02:00" endTime="2021-10-24T18:49:34.4001346+02:00" testType="13cdc9d9-ddb5-4fa4-a97d-d965ccfc6d4b" outcome="Passed" testListId="8c84fa94-04c1-424b-9868-57a2d4851a1d" relativeResultsDirectory="b81c3c1d-a395-443a-afcc-8d94e71352f4" />
    <UnitTestResult executionId="cd670c2c-599a-48da-80ef-96a6b43042f7" testId="3dfa552e-1591-41a2-b4ee-eee8cd7478e8" testName="OperatorNotEqual_Passing_Valid_Values_Returns_False (tenantA)" computerName="PC-SFERRARI" duration="00:00:00.0000149" startTime="2021-10-24T18:49:34.4783711+02:00" endTime="2021-10-24T18:49:34.4784905+02:00" testType="13cdc9d9-ddb5-4fa4-a97d-d965ccfc6d4b" outcome="Passed" testListId="8c84fa94-04c1-424b-9868-57a2d4851a1d" relativeResultsDirectory="cd670c2c-599a-48da-80ef-96a6b43042f7" />
    <UnitTestResult executionId="a5b57048-35e8-48fe-a7de-3eefd7940efb" testId="a4f1f2b9-aed7-43e2-b732-dbe0c378c2e2" testName="ToNormalize_Passing_Valid_Values_Returns_Name_String_Format (Españä,Espana)" computerName="PC-SFERRARI" duration="00:00:00.0000450" startTime="2021-10-24T18:49:34.3067635+02:00" endTime="2021-10-24T18:49:34.3069423+02:00" testType="13cdc9d9-ddb5-4fa4-a97d-d965ccfc6d4b" outcome="Passed" testListId="8c84fa94-04c1-424b-9868-57a2d4851a1d" relativeResultsDirectory="a5b57048-35e8-48fe-a7de-3eefd7940efb" />
    <UnitTestResult executionId="6e730f15-e872-4bc9-a54a-d5adbaca3239" testId="fad118e1-1d01-4ae3-bec5-0959821767c9" testName="Equals_Passing_Valid_Distinct_Values_Returns_False (100,EUR,2)" computerName="PC-SFERRARI" duration="00:00:00.0025530" startTime="2021-10-24T18:49:34.1829328+02:00" endTime="2021-10-24T18:49:34.1857510+02:00" testType="13cdc9d9-ddb5-4fa4-a97d-d965ccfc6d4b" outcome="Passed" testListId="8c84fa94-04c1-424b-9868-57a2d4851a1d" relativeResultsDirectory="6e730f15-e872-4bc9-a54a-d5adbaca3239" />
    <UnitTestResult executionId="5b701c6c-7a94-497a-ba65-189190633419" testId="3118b232-ff63-4b35-b980-58927db73bec" testName="Create_Passing_InvalidOrNull_Value_Returns_ApplicationException (34?fsds@sdd.yy)" computerName="PC-SFERRARI" duration="00:00:00.0000917" startTime="2021-10-24T18:49:34.0680587+02:00" endTime="2021-10-24T18:49:34.0683111+02:00" testType="13cdc9d9-ddb5-4fa4-a97d-d965ccfc6d4b" outcome="Passed" testListId="8c84fa94-04c1-424b-9868-57a2d4851a1d" relativeResultsDirectory="5b701c6c-7a94-497a-ba65-189190633419" />
    <UnitTestResult executionId="2e2eaa7d-2e87-4fc1-a52e-6b3eb8290f7b" testId="a4ca6f6f-609f-423b-a660-76fc9af2890a" testName="Equals_Passing_Valid_Distinct_Values_Returns_False (tenantA)" computerName="PC-SFERRARI" duration="00:00:00.0000291" startTime="2021-10-24T18:49:34.4351833+02:00" endTime="2021-10-24T18:49:34.4354480+02:00" testType="13cdc9d9-ddb5-4fa4-a97d-d965ccfc6d4b" outcome="Passed" testListId="8c84fa94-04c1-424b-9868-57a2d4851a1d" relativeResultsDirectory="2e2eaa7d-2e87-4fc1-a52e-6b3eb8290f7b" />
    <UnitTestResult executionId="215466bd-6374-4140-873b-cec1407a2045" testId="48ec24ad-34fd-4a2f-9ad7-2cd626bf9b6d" testName="OperatorEqual_Passing_Valid_Distinct_Values_Returns_False (Españħ)" computerName="PC-SFERRARI" duration="00:00:00.0000226" startTime="2021-10-24T18:49:34.2854357+02:00" endTime="2021-10-24T18:49:34.2855786+02:00" testType="13cdc9d9-ddb5-4fa4-a97d-d965ccfc6d4b" outcome="Passed" testListId="8c84fa94-04c1-424b-9868-57a2d4851a1d" relativeResultsDirectory="215466bd-6374-4140-873b-cec1407a2045" />
    <UnitTestResult executionId="b89995f5-271a-4116-bbf8-12ad1de3ea4d" testId="0a70f922-9362-47ec-8e91-65bc1dfb51a7" testName="Equals_Passing_Valid_Values_Returns_True (Pader,789,DF7956,Sabadell,Barcelona,España)" computerName="PC-SFERRARI" duration="00:00:00.0000234" startTime="2021-10-24T18:49:33.5686383+02:00" endTime="2021-10-24T18:49:33.5688734+02:00" testType="13cdc9d9-ddb5-4fa4-a97d-d965ccfc6d4b" outcome="Passed" testListId="8c84fa94-04c1-424b-9868-57a2d4851a1d" relativeResultsDirectory="b89995f5-271a-4116-bbf8-12ad1de3ea4d" />
    <UnitTestResult executionId="8ec73d46-e900-412b-8bba-9a8bb9be071d" testId="9bad31b3-75b2-4ee9-818f-908f24f0bde4" testName="Equals_Passing_Valid_Distinct_Values_Returns_False (tenant_1)" computerName="PC-SFERRARI" duration="00:00:00.0000377" startTime="2021-10-24T18:49:34.4308950+02:00" endTime="2021-10-24T18:49:34.4310398+02:00" testType="13cdc9d9-ddb5-4fa4-a97d-d965ccfc6d4b" outcome="Passed" testListId="8c84fa94-04c1-424b-9868-57a2d4851a1d" relativeResultsDirectory="8ec73d46-e900-412b-8bba-9a8bb9be071d" />
    <UnitTestResult executionId="aea6fe8b-7a99-4bf6-8fa9-3d7a1d7af8eb" testId="ccadb473-8c8b-4ab3-8a09-422f6bc09de1" testName="IsNull_Passing_Valid_Value_Returns_False (Españã)" computerName="PC-SFERRARI" duration="00:00:00.0000146" startTime="2021-10-24T18:49:34.2755824+02:00" endTime="2021-10-24T18:49:34.2756939+02:00" testType="13cdc9d9-ddb5-4fa4-a97d-d965ccfc6d4b" outcome="Passed" testListId="8c84fa94-04c1-424b-9868-57a2d4851a1d" relativeResultsDirectory="aea6fe8b-7a99-4bf6-8fa9-3d7a1d7af8eb" />
    <UnitTestResult executionId="90f316c1-3f77-4824-9312-e790e135f9bf" testId="e5561bfc-e6c1-4415-9cfb-d3421a24dc05" testName="ToNormalize_Passing_Valid_Values_Returns_Address_String_Format (aaads@ggg.cc)" computerName="PC-SFERRARI" duration="00:00:00.0001852" startTime="2021-10-24T18:49:34.1399247+02:00" endTime="2021-10-24T18:49:34.1403461+02:00" testType="13cdc9d9-ddb5-4fa4-a97d-d965ccfc6d4b" outcome="Passed" testListId="8c84fa94-04c1-424b-9868-57a2d4851a1d" relativeResultsDirectory="90f316c1-3f77-4824-9312-e790e135f9bf" />
    <UnitTestResult executionId="c3d5d0ef-7bf7-44ea-8031-3ee38346dbcf" testId="d7bd1474-2bf2-421a-ac3c-8006f1b36bb0" testName="Equals_Passing_Valid_Values_Returns_True (San Bartoleme De Tirajana)" computerName="PC-SFERRARI" duration="00:00:00.0002175" startTime="2021-10-24T18:49:34.3252290+02:00" endTime="2021-10-24T18:49:34.3256875+02:00" testType="13cdc9d9-ddb5-4fa4-a97d-d965ccfc6d4b" outcome="Passed" testListId="8c84fa94-04c1-424b-9868-57a2d4851a1d" relativeResultsDirectory="c3d5d0ef-7bf7-44ea-8031-3ee38346dbcf" />
    <UnitTestResult executionId="5696a72a-1eb5-4690-9d83-bde917fb6b74" testId="d3fa83a4-27fd-4c36-ba89-5314c0a9cc2e" testName="ToEnum_Passing_Invalid_String_Name_Enumeracion_Returns_Null" computerName="PC-SFERRARI" duration="00:00:00.0005336" startTime="2021-10-24T18:49:33.4560055+02:00" endTime="2021-10-24T18:49:33.4566038+02:00" testType="13cdc9d9-ddb5-4fa4-a97d-d965ccfc6d4b" outcome="Passed" testListId="8c84fa94-04c1-424b-9868-57a2d4851a1d" relativeResultsDirectory="5696a72a-1eb5-4690-9d83-bde917fb6b74" />
    <UnitTestResult executionId="0cb47508-2b51-4168-af1c-567540f093f4" testId="ce8b4bcd-1cdb-45cb-abe9-f62fdf5bde7d" testName="OperatorEqual_Passing_Valid_Distinct_Values_Returns_False (San Bartoleme De Tirajana)" computerName="PC-SFERRARI" duration="00:00:00.0001756" startTime="2021-10-24T18:49:34.3268590+02:00" endTime="2021-10-24T18:49:34.3271319+02:00" testType="13cdc9d9-ddb5-4fa4-a97d-d965ccfc6d4b" outcome="Passed" testListId="8c84fa94-04c1-424b-9868-57a2d4851a1d" relativeResultsDirectory="0cb47508-2b51-4168-af1c-567540f093f4" />
    <UnitTestResult executionId="b0471b6c-a15e-4b78-bfe1-735721466b09" testId="bf8b0d59-7f04-4978-a8d6-53f2b2a7faa5" testName="Create_Passing_Valid_Values_Returns_Name (tenantA)" computerName="PC-SFERRARI" duration="00:00:00.0000126" startTime="2021-10-24T18:49:34.4175239+02:00" endTime="2021-10-24T18:49:34.4176794+02:00" testType="13cdc9d9-ddb5-4fa4-a97d-d965ccfc6d4b" outcome="Passed" testListId="8c84fa94-04c1-424b-9868-57a2d4851a1d" relativeResultsDirectory="b0471b6c-a15e-4b78-bfe1-735721466b09" />
    <UnitTestResult executionId="2836ece2-7ea8-42da-bd95-a275ab35b3ed" testId="ed9b1940-c9fa-44eb-832e-12112e4a438d" testName="Change_Passing_Valid_Values_Returns_Address (200,EUR,4)" computerName="PC-SFERRARI" duration="00:00:00.0015485" startTime="2021-10-24T18:49:34.1692565+02:00" endTime="2021-10-24T18:49:34.1711604+02:00" testType="13cdc9d9-ddb5-4fa4-a97d-d965ccfc6d4b" outcome="Passed" testListId="8c84fa94-04c1-424b-9868-57a2d4851a1d" relativeResultsDirectory="2836ece2-7ea8-42da-bd95-a275ab35b3ed" />
    <UnitTestResult executionId="0c7b1b81-b828-4bd9-b4ca-d63afbb8c334" testId="69c8b5b3-1e1c-4ec9-8c32-b3d8ab78c81d" testName="Create_Passing_Valid_Value_Returns_Email (bb_ads@ggg.cc)" computerName="PC-SFERRARI" duration="00:00:00.0000631" startTime="2021-10-24T18:49:34.0735682+02:00" endTime="2021-10-24T18:49:34.0738638+02:00" testType="13cdc9d9-ddb5-4fa4-a97d-d965ccfc6d4b" outcome="Passed" testListId="8c84fa94-04c1-424b-9868-57a2d4851a1d" relativeResultsDirectory="0c7b1b81-b828-4bd9-b4ca-d63afbb8c334" />
    <UnitTestResult executionId="b02e59ed-62a5-4316-ae6e-f440c3539914" testId="552db3bb-561b-4b88-ac08-6a7beced0ac6" testName="IsNull_Passing_Valid_Value_Returns_False (TenantA)" computerName="PC-SFERRARI" duration="00:00:00.0000113" startTime="2021-10-24T18:49:34.4510987+02:00" endTime="2021-10-24T18:49:34.4512109+02:00" testType="13cdc9d9-ddb5-4fa4-a97d-d965ccfc6d4b" outcome="Passed" testListId="8c84fa94-04c1-424b-9868-57a2d4851a1d" relativeResultsDirectory="b02e59ed-62a5-4316-ae6e-f440c3539914" />
    <UnitTestResult executionId="33e0c651-ecc8-490c-846a-89ff9bc919bc" testId="55e42524-f512-4ab5-84ca-38bf669096b0" testName="OperatorNotEqual_Passing_Valid_Values_Returns_True (tenantA)" computerName="PC-SFERRARI" duration="00:00:00.0000184" startTime="2021-10-24T18:49:34.5107379+02:00" endTime="2021-10-24T18:49:34.5108987+02:00" testType="13cdc9d9-ddb5-4fa4-a97d-d965ccfc6d4b" outcome="Passed" testListId="8c84fa94-04c1-424b-9868-57a2d4851a1d" relativeResultsDirectory="33e0c651-ecc8-490c-846a-89ff9bc919bc" />
    <UnitTestResult executionId="bf9af29e-010c-42ad-9ee6-ef3be87e4dc8" testId="2c01c925-a264-4630-ba1c-a449012a75e8" testName="Create_Passing_InvalidOrNull_Value_Returns_ApplicationException (34fsds@@sdd.f)" computerName="PC-SFERRARI" duration="00:00:00.0001273" startTime="2021-10-24T18:49:34.0674200+02:00" endTime="2021-10-24T18:49:34.0677432+02:00" testType="13cdc9d9-ddb5-4fa4-a97d-d965ccfc6d4b" outcome="Passed" testListId="8c84fa94-04c1-424b-9868-57a2d4851a1d" relativeResultsDirectory="bf9af29e-010c-42ad-9ee6-ef3be87e4dc8" />
    <UnitTestResult executionId="0ebc7316-2d45-47fc-9e8c-41e67b71aeae" testId="35fc11b2-709b-46f6-8cce-53977fd338c7" testName="IsNull_Passing_Valid_Value_Returns_False (tenantA)" computerName="PC-SFERRARI" duration="00:00:00.0000114" startTime="2021-10-24T18:49:34.4509557+02:00" endTime="2021-10-24T18:49:34.4510639+02:00" testType="13cdc9d9-ddb5-4fa4-a97d-d965ccfc6d4b" outcome="Passed" testListId="8c84fa94-04c1-424b-9868-57a2d4851a1d" relativeResultsDirectory="0ebc7316-2d45-47fc-9e8c-41e67b71aeae" />
    <UnitTestResult executionId="ff7edd82-c946-4220-86b0-5d59aa129d33" testId="687b48d5-ede5-4f18-b0de-4b3c676c492b" testName="ToBool_Passing_Valid_String_Active_Value_Returns_True" computerName="PC-SFERRARI" duration="00:00:00.0004524" startTime="2021-10-24T18:49:33.5065924+02:00" endTime="2021-10-24T18:49:33.5070992+02:00" testType="13cdc9d9-ddb5-4fa4-a97d-d965ccfc6d4b" outcome="Passed" testListId="8c84fa94-04c1-424b-9868-57a2d4851a1d" relativeResultsDirectory="ff7edd82-c946-4220-86b0-5d59aa129d33" />
    <UnitTestResult executionId="cefcf970-c0f3-4264-b57f-5673713f5781" testId="165693f4-8008-4686-b67c-9a1668b88da6" testName="ToNormalize_Passing_Valid_Values_Returns_Name_String_Format (Españá,Espana)" computerName="PC-SFERRARI" duration="00:00:00.0000526" startTime="2021-10-24T18:49:34.3062518+02:00" endTime="2021-10-24T18:49:34.3064888+02:00" testType="13cdc9d9-ddb5-4fa4-a97d-d965ccfc6d4b" outcome="Passed" testListId="8c84fa94-04c1-424b-9868-57a2d4851a1d" relativeResultsDirectory="cefcf970-c0f3-4264-b57f-5673713f5781" />
    <UnitTestResult executionId="96823bbc-3fae-497a-9918-59e29a7a2c86" testId="651f922e-0911-43a2-a86c-1f833c73ba67" testName="IsNull_Passing_Valid_Value_Returns_False (Españç)" computerName="PC-SFERRARI" duration="00:00:00.0000318" startTime="2021-10-24T18:49:34.2797706+02:00" endTime="2021-10-24T18:49:34.2800401+02:00" testType="13cdc9d9-ddb5-4fa4-a97d-d965ccfc6d4b" outcome="Passed" testListId="8c84fa94-04c1-424b-9868-57a2d4851a1d" relativeResultsDirectory="96823bbc-3fae-497a-9918-59e29a7a2c86" />
    <UnitTestResult executionId="c0a11796-3478-4516-a753-a02c74982a0f" testId="3bb7fd14-d11c-4ac3-bb72-a1e1ec01da99" testName="OperatorEqual_Passing_Valid_Values_Returns_True (200,EUR,4)" computerName="PC-SFERRARI" duration="00:00:00.0166770" startTime="2021-10-24T18:49:34.2121780+02:00" endTime="2021-10-24T18:49:34.2290634+02:00" testType="13cdc9d9-ddb5-4fa4-a97d-d965ccfc6d4b" outcome="Passed" testListId="8c84fa94-04c1-424b-9868-57a2d4851a1d" relativeResultsDirectory="c0a11796-3478-4516-a753-a02c74982a0f" />
    <UnitTestResult executionId="73d51e6a-60ac-4d1a-b1a7-3789183c2b50" testId="7dbdd037-8098-456a-ae2b-e790ff346a0d" testName="IsNull_Passing_Valid_Value_Returns_False (34fsds@sdd.fgg)" computerName="PC-SFERRARI" duration="00:00:00.0000628" startTime="2021-10-24T18:49:34.0811895+02:00" endTime="2021-10-24T18:49:34.0815269+02:00" testType="13cdc9d9-ddb5-4fa4-a97d-d965ccfc6d4b" outcome="Passed" testListId="8c84fa94-04c1-424b-9868-57a2d4851a1d" relativeResultsDirectory="73d51e6a-60ac-4d1a-b1a7-3789183c2b50" />
    <UnitTestResult executionId="f61c56f1-752e-4a7a-9dac-a87394a5c0d5" testId="7f43c357-946d-4c1e-aef9-8d58dd865195" testName="ToEnum_Passing_Valid_String_ShortName_Enumeracion_Returns_Enumeracion" computerName="PC-SFERRARI" duration="00:00:00.0000799" startTime="2021-10-24T18:49:33.5013762+02:00" endTime="2021-10-24T18:49:33.5015040+02:00" testType="13cdc9d9-ddb5-4fa4-a97d-d965ccfc6d4b" outcome="Passed" testListId="8c84fa94-04c1-424b-9868-57a2d4851a1d" relativeResultsDirectory="f61c56f1-752e-4a7a-9dac-a87394a5c0d5" />
    <UnitTestResult executionId="bde4ab80-baa4-4fa8-b9da-dcce944a92e1" testId="a6edbbaa-1ed7-411f-981c-19c1fa60e514" testName="OperatorNotEqual_Passing_Valid_Values_Returns_False (Españç)" computerName="PC-SFERRARI" duration="00:00:00.0000355" startTime="2021-10-24T18:49:34.2963609+02:00" endTime="2021-10-24T18:49:34.2966137+02:00" testType="13cdc9d9-ddb5-4fa4-a97d-d965ccfc6d4b" outcome="Passed" testListId="8c84fa94-04c1-424b-9868-57a2d4851a1d" relativeResultsDirectory="bde4ab80-baa4-4fa8-b9da-dcce944a92e1" />
    <UnitTestResult executionId="bc2bc892-d8aa-4533-8414-172f7578313c" testId="d46c9c97-0eae-4769-b6e8-ee97ca9a06e8" testName="ToString_Passing_Valid_Values_Returns_Name (TENANT_A)" computerName="PC-SFERRARI" duration="00:00:00.0000268" startTime="2021-10-24T18:49:34.5204903+02:00" endTime="2021-10-24T18:49:34.5207827+02:00" testType="13cdc9d9-ddb5-4fa4-a97d-d965ccfc6d4b" outcome="Passed" testListId="8c84fa94-04c1-424b-9868-57a2d4851a1d" relativeResultsDirectory="bc2bc892-d8aa-4533-8414-172f7578313c" />
    <UnitTestResult executionId="2ee39402-3e7b-4cc2-b2da-aacd2ef5080b" testId="1f8f700e-70dd-40f2-aee7-69035decec0d" testName="Create_Passing_InvalidOrNull_Value_Returns_ApplicationException (,43543543543)" computerName="PC-SFERRARI" duration="00:00:00.0004038" startTime="2021-10-24T18:49:34.3883661+02:00" endTime="2021-10-24T18:49:34.3890015+02:00" testType="13cdc9d9-ddb5-4fa4-a97d-d965ccfc6d4b" outcome="Passed" testListId="8c84fa94-04c1-424b-9868-57a2d4851a1d" relativeResultsDirectory="2ee39402-3e7b-4cc2-b2da-aacd2ef5080b" />
    <UnitTestResult executionId="db0666e2-c5ac-43a5-9c0b-e7b900eca0ce" testId="63cd7491-8030-41f6-8ba9-d68be8c76185" testName="OperatorNotEqual_Passing_Valid_Values_Returns_False (Esp añâ)" computerName="PC-SFERRARI" duration="00:00:00.0000197" startTime="2021-10-24T18:49:34.2968969+02:00" endTime="2021-10-24T18:49:34.2970177+02:00" testType="13cdc9d9-ddb5-4fa4-a97d-d965ccfc6d4b" outcome="Passed" testListId="8c84fa94-04c1-424b-9868-57a2d4851a1d" relativeResultsDirectory="db0666e2-c5ac-43a5-9c0b-e7b900eca0ce" />
    <UnitTestResult executionId="3699b8c0-8ee4-4eda-9e5a-5d3264a1c1ee" testId="6609fd4f-6393-4e54-bf06-9bab01258110" testName="OperatorNotEqual_Passing_Valid_Values_Returns_False (TENANT_A)" computerName="PC-SFERRARI" duration="00:00:00.0000147" startTime="2021-10-24T18:49:34.4820911+02:00" endTime="2021-10-24T18:49:34.4822031+02:00" testType="13cdc9d9-ddb5-4fa4-a97d-d965ccfc6d4b" outcome="Passed" testListId="8c84fa94-04c1-424b-9868-57a2d4851a1d" relativeResultsDirectory="3699b8c0-8ee4-4eda-9e5a-5d3264a1c1ee" />
    <UnitTestResult executionId="d45ede77-ed67-4489-82e0-babce69fa5a2" testId="a39d6302-eea0-423d-b743-edd0d1fea7b9" testName="OperatorNotEqual_Passing_Valid_Values_Returns_True (Españħ)" computerName="PC-SFERRARI" duration="00:00:00.0000320" startTime="2021-10-24T18:49:34.3049627+02:00" endTime="2021-10-24T18:49:34.3051710+02:00" testType="13cdc9d9-ddb5-4fa4-a97d-d965ccfc6d4b" outcome="Passed" testListId="8c84fa94-04c1-424b-9868-57a2d4851a1d" relativeResultsDirectory="d45ede77-ed67-4489-82e0-babce69fa5a2" />
    <UnitTestResult executionId="0ca2d161-9f4b-4837-b155-eb0d1712e2d8" testId="220b34e5-865e-499c-b054-ea71896de579" testName="Equals_Passing_Valid_Values_Returns_True (Españã)" computerName="PC-SFERRARI" duration="00:00:00.0000505" startTime="2021-10-24T18:49:34.2666318+02:00" endTime="2021-10-24T18:49:34.2679948+02:00" testType="13cdc9d9-ddb5-4fa4-a97d-d965ccfc6d4b" outcome="Passed" testListId="8c84fa94-04c1-424b-9868-57a2d4851a1d" relativeResultsDirectory="0ca2d161-9f4b-4837-b155-eb0d1712e2d8" />
    <UnitTestResult executionId="9cbadd3f-e70c-476d-9d7e-4299b69b9ef4" testId="87c05d9a-8992-478e-9384-e7d7af08bfbd" testName="ToString_Passing_Valid_Values_Returns_Subdomain (stage_hackerone.com)" computerName="PC-SFERRARI" duration="00:00:00.0000181" startTime="2021-10-24T18:49:34.3855202+02:00" endTime="2021-10-24T18:49:34.3856413+02:00" testType="13cdc9d9-ddb5-4fa4-a97d-d965ccfc6d4b" outcome="Passed" testListId="8c84fa94-04c1-424b-9868-57a2d4851a1d" relativeResultsDirectory="9cbadd3f-e70c-476d-9d7e-4299b69b9ef4" />
    <UnitTestResult executionId="c45fb6db-e555-48f5-944d-38d9eccf5c97" testId="d6f8eb54-2149-4b7b-beae-60a23f818e69" testName="Change_Passing_Valid_Values_Returns_Currency (EUR)" computerName="PC-SFERRARI" duration="00:00:00.1698697" startTime="2021-10-24T18:49:33.6085051+02:00" endTime="2021-10-24T18:49:33.7827327+02:00" testType="13cdc9d9-ddb5-4fa4-a97d-d965ccfc6d4b" outcome="Passed" testListId="8c84fa94-04c1-424b-9868-57a2d4851a1d" relativeResultsDirectory="c45fb6db-e555-48f5-944d-38d9eccf5c97" />
    <UnitTestResult executionId="c8e3ea84-0c6b-4a9b-9fa9-670757fa7cea" testId="78d852f7-cbf6-4900-a290-991f646dca6f" testName="OperatorEqual_Passing_Valid_Values_Returns_True (tenant_A)" computerName="PC-SFERRARI" duration="00:00:00.0000152" startTime="2021-10-24T18:49:34.4720881+02:00" endTime="2021-10-24T18:49:34.4722098+02:00" testType="13cdc9d9-ddb5-4fa4-a97d-d965ccfc6d4b" outcome="Passed" testListId="8c84fa94-04c1-424b-9868-57a2d4851a1d" relativeResultsDirectory="c8e3ea84-0c6b-4a9b-9fa9-670757fa7cea" />
    <UnitTestResult executionId="a98a9e1d-5806-4e75-99f2-27702f649eb3" testId="7f466004-827f-4f48-84a2-5bb82f84b1bb" testName="OperatorEqual_Passing_Valid_Values_Returns_True (Tenant1)" computerName="PC-SFERRARI" duration="00:00:00.0000171" startTime="2021-10-24T18:49:34.4622291+02:00" endTime="2021-10-24T18:49:34.4623918+02:00" testType="13cdc9d9-ddb5-4fa4-a97d-d965ccfc6d4b" outcome="Passed" testListId="8c84fa94-04c1-424b-9868-57a2d4851a1d" relativeResultsDirectory="a98a9e1d-5806-4e75-99f2-27702f649eb3" />
    <UnitTestResult executionId="af6efa80-5ec5-4793-980c-c7ae7edbb1de" testId="3fa87c2d-f850-47a4-b853-8ddf025c2440" testName="Equals_Passing_Valid_Distinct_Values_Returns_False (200,EUR,4)" computerName="PC-SFERRARI" duration="00:00:00.0012213" startTime="2021-10-24T18:49:34.1858395+02:00" endTime="2021-10-24T18:49:34.1873354+02:00" testType="13cdc9d9-ddb5-4fa4-a97d-d965ccfc6d4b" outcome="Passed" testListId="8c84fa94-04c1-424b-9868-57a2d4851a1d" relativeResultsDirectory="af6efa80-5ec5-4793-980c-c7ae7edbb1de" />
    <UnitTestResult executionId="eb042f9e-08b3-49f2-8803-f1ce8ac14022" testId="231b77c7-9274-468f-919f-fa2f321a6d08" testName="OperatorEqual_Passing_Valid_Distinct_Values_Returns_False (100,EUR,2)" computerName="PC-SFERRARI" duration="00:00:00.0014330" startTime="2021-10-24T18:49:34.2065618+02:00" endTime="2021-10-24T18:49:34.2083292+02:00" testType="13cdc9d9-ddb5-4fa4-a97d-d965ccfc6d4b" outcome="Passed" testListId="8c84fa94-04c1-424b-9868-57a2d4851a1d" relativeResultsDirectory="eb042f9e-08b3-49f2-8803-f1ce8ac14022" />
    <UnitTestResult executionId="46c35c80-e606-4142-b9fe-268941f2918e" testId="f5d14f2d-63eb-4941-84e8-91310511da13" testName="OperatorEqual_Passing_Valid_Values_Returns_False (Pader,789,DF7956,Sabadell,Barcelona,España)" computerName="PC-SFERRARI" duration="00:00:00.0000296" startTime="2021-10-24T18:49:33.5741245+02:00" endTime="2021-10-24T18:49:33.5744146+02:00" testType="13cdc9d9-ddb5-4fa4-a97d-d965ccfc6d4b" outcome="Passed" testListId="8c84fa94-04c1-424b-9868-57a2d4851a1d" relativeResultsDirectory="46c35c80-e606-4142-b9fe-268941f2918e" />
    <UnitTestResult executionId="fb59b2ad-95ba-4cc4-8918-01538c6ae07b" testId="847cb94c-21ac-4064-bfe1-336898e5ba60" testName="OperatorNotEqual_Passing_Valid_Values_Returns_False (Tenant_A)" computerName="PC-SFERRARI" duration="00:00:00.0000137" startTime="2021-10-24T18:49:34.4819350+02:00" endTime="2021-10-24T18:49:34.4820549+02:00" testType="13cdc9d9-ddb5-4fa4-a97d-d965ccfc6d4b" outcome="Passed" testListId="8c84fa94-04c1-424b-9868-57a2d4851a1d" relativeResultsDirectory="fb59b2ad-95ba-4cc4-8918-01538c6ae07b" />
    <UnitTestResult executionId="7c776e54-501c-43c5-8a6c-08ae49044429" testId="9538729f-ac82-470c-92cb-3c002aee9276" testName="ToEnum_Passing_Valid_Int_value_Returns_Enumeracion" computerName="PC-SFERRARI" duration="00:00:00.0001339" startTime="2021-10-24T18:49:33.5113565+02:00" endTime="2021-10-24T18:49:33.5116114+02:00" testType="13cdc9d9-ddb5-4fa4-a97d-d965ccfc6d4b" outcome="Passed" testListId="8c84fa94-04c1-424b-9868-57a2d4851a1d" relativeResultsDirectory="7c776e54-501c-43c5-8a6c-08ae49044429" />
    <UnitTestResult executionId="6f6341d7-d77e-48c3-9a33-b4c0f5fa4d9f" testId="9dd1a332-18f3-4046-9573-988653e06343" testName="OperatorEqual_Passing_Valid_Values_Returns_True (Tenerife,23,34567,San Bartoleme De Tirajana,Las Palmas,España)" computerName="PC-SFERRARI" duration="00:00:00.0002087" startTime="2021-10-24T18:49:33.5744659+02:00" endTime="2021-10-24T18:49:33.5748799+02:00" testType="13cdc9d9-ddb5-4fa4-a97d-d965ccfc6d4b" outcome="Passed" testListId="8c84fa94-04c1-424b-9868-57a2d4851a1d" relativeResultsDirectory="6f6341d7-d77e-48c3-9a33-b4c0f5fa4d9f" />
    <UnitTestResult executionId="cba85efb-6143-4fc9-ba82-275ccae4e653" testId="2f588081-ba9b-4896-92a3-5bb8a521fed5" testName="OperatorNotEqual_Passing_Valid_Values_Returns_False (dasdasd@dsasd.ff)" computerName="PC-SFERRARI" duration="00:00:00.0002266" startTime="2021-10-24T18:49:34.0874574+02:00" endTime="2021-10-24T18:49:34.0878241+02:00" testType="13cdc9d9-ddb5-4fa4-a97d-d965ccfc6d4b" outcome="Passed" testListId="8c84fa94-04c1-424b-9868-57a2d4851a1d" relativeResultsDirectory="cba85efb-6143-4fc9-ba82-275ccae4e653" />
    <UnitTestResult executionId="5e9c8d01-47ec-43ea-bdeb-d30a38c31679" testId="6776de5d-7ae3-4542-bdd7-62369dc26ece" testName="OperatorNotEqual_Passing_Valid_Values_Returns_True (Tenant_1)" computerName="PC-SFERRARI" duration="00:00:00.0000146" startTime="2021-10-24T18:49:34.4832426+02:00" endTime="2021-10-24T18:49:34.4833602+02:00" testType="13cdc9d9-ddb5-4fa4-a97d-d965ccfc6d4b" outcome="Passed" testListId="8c84fa94-04c1-424b-9868-57a2d4851a1d" relativeResultsDirectory="5e9c8d01-47ec-43ea-bdeb-d30a38c31679" />
    <UnitTestResult executionId="0153b820-c8f2-487d-881e-aa699edeeab3" testId="bb8b5544-7a4a-4cfc-a120-db3119d71cd1" testName="ToString_Passing_Valid_Values_Returns_Address_String_Format (200,EUR,4)" computerName="PC-SFERRARI" duration="00:00:00.0003804" startTime="2021-10-24T18:49:34.2429767+02:00" endTime="2021-10-24T18:49:34.2436242+02:00" testType="13cdc9d9-ddb5-4fa4-a97d-d965ccfc6d4b" outcome="Passed" testListId="8c84fa94-04c1-424b-9868-57a2d4851a1d" relativeResultsDirectory="0153b820-c8f2-487d-881e-aa699edeeab3" />
    <UnitTestResult executionId="8efa94df-d44d-47a2-807d-13191450819b" testId="8a36bd8b-7ddb-4022-a6f6-de4bf155df31" testName="OperatorNotEqual_Passing_Valid_Values_Returns_True (app.hackerone1.com)" computerName="PC-SFERRARI" duration="00:00:00.0002177" startTime="2021-10-24T18:49:34.3734820+02:00" endTime="2021-10-24T18:49:34.3737980+02:00" testType="13cdc9d9-ddb5-4fa4-a97d-d965ccfc6d4b" outcome="Passed" testListId="8c84fa94-04c1-424b-9868-57a2d4851a1d" relativeResultsDirectory="8efa94df-d44d-47a2-807d-13191450819b" />
    <UnitTestResult executionId="26bd3a11-8e93-4328-8220-64d1bfdaa88d" testId="bea57425-ab14-43d0-9ae6-16e9a01c4a55" testName="ToString_Passing_Valid_Values_Returns_Name (TenantA)" computerName="PC-SFERRARI" duration="00:00:00.0000118" startTime="2021-10-24T18:49:34.5167870+02:00" endTime="2021-10-24T18:49:34.5169042+02:00" testType="13cdc9d9-ddb5-4fa4-a97d-d965ccfc6d4b" outcome="Passed" testListId="8c84fa94-04c1-424b-9868-57a2d4851a1d" relativeResultsDirectory="26bd3a11-8e93-4328-8220-64d1bfdaa88d" />
    <UnitTestResult executionId="0dd3fc63-3625-41c6-bde4-1cf2c6a69c71" testId="6687e607-578b-49a7-aacb-2d66d459a07d" testName="ToString_Passing_Valid_Values_Returns_Value_String_Format (456,43543543543)" computerName="PC-SFERRARI" duration="00:00:00.0003988" startTime="2021-10-24T18:49:34.4051345+02:00" endTime="2021-10-24T18:49:34.4057093+02:00" testType="13cdc9d9-ddb5-4fa4-a97d-d965ccfc6d4b" outcome="Passed" testListId="8c84fa94-04c1-424b-9868-57a2d4851a1d" relativeResultsDirectory="0dd3fc63-3625-41c6-bde4-1cf2c6a69c71" />
    <UnitTestResult executionId="47caeff6-ce01-4674-a547-012b6e278266" testId="67984650-20d5-48e0-9b8c-6dd61c754f62" testName="Equals_Passing_Valid_Values_Returns_False (Pader,789,DF7956,Sabadell,Barcelona,España)" computerName="PC-SFERRARI" duration="00:00:00.0000349" startTime="2021-10-24T18:49:33.5676888+02:00" endTime="2021-10-24T18:49:33.5679999+02:00" testType="13cdc9d9-ddb5-4fa4-a97d-d965ccfc6d4b" outcome="Passed" testListId="8c84fa94-04c1-424b-9868-57a2d4851a1d" relativeResultsDirectory="47caeff6-ce01-4674-a547-012b6e278266" />
    <UnitTestResult executionId="5bafb697-4fd5-47f8-86b0-ab593fe693b1" testId="41117546-1b0b-4f58-a8b7-865ab1eb933e" testName="Equals_Passing_Valid_Values_Returns_True (34fsds@sdd.fgg)" computerName="PC-SFERRARI" duration="00:00:00.0000740" startTime="2021-10-24T18:49:34.0787415+02:00" endTime="2021-10-24T18:49:34.0790792+02:00" testType="13cdc9d9-ddb5-4fa4-a97d-d965ccfc6d4b" outcome="Passed" testListId="8c84fa94-04c1-424b-9868-57a2d4851a1d" relativeResultsDirectory="5bafb697-4fd5-47f8-86b0-ab593fe693b1" />
    <UnitTestResult executionId="6356339b-68ea-42b7-822c-1be100cf862b" testId="3ebef385-8c63-44cd-bdfa-aefe63e329f1" testName="OperatorNotEqual_Passing_Valid_Values_Returns_False (Tenant_1)" computerName="PC-SFERRARI" duration="00:00:00.0000143" startTime="2021-10-24T18:49:34.4780509+02:00" endTime="2021-10-24T18:49:34.4781748+02:00" testType="13cdc9d9-ddb5-4fa4-a97d-d965ccfc6d4b" outcome="Passed" testListId="8c84fa94-04c1-424b-9868-57a2d4851a1d" relativeResultsDirectory="6356339b-68ea-42b7-822c-1be100cf862b" />
    <UnitTestResult executionId="a403ef9c-c7dc-4baa-a307-809993df6710" testId="ddd2b936-ed0f-41f8-9a73-4c4ba778a4c4" testName="OperatorEqual_Passing_Valid_Distinct_Values_Returns_False (www.hackerone-com)" computerName="PC-SFERRARI" duration="00:00:00.0000244" startTime="2021-10-24T18:49:34.3681183+02:00" endTime="2021-10-24T18:49:34.3682810+02:00" testType="13cdc9d9-ddb5-4fa4-a97d-d965ccfc6d4b" outcome="Passed" testListId="8c84fa94-04c1-424b-9868-57a2d4851a1d" relativeResultsDirectory="a403ef9c-c7dc-4baa-a307-809993df6710" />
    <UnitTestResult executionId="335b8858-6d3d-4867-a7cb-30d0f42d2462" testId="2ce2cf92-22a5-438d-9c5a-d442fc3a5fff" testName="Create_Passing_Valid_Value_Returns_Email (ñandu@gmail.com)" computerName="PC-SFERRARI" duration="00:00:00.0002333" startTime="2021-10-24T18:49:34.0691400+02:00" endTime="2021-10-24T18:49:34.0695311+02:00" testType="13cdc9d9-ddb5-4fa4-a97d-d965ccfc6d4b" outcome="Passed" testListId="8c84fa94-04c1-424b-9868-57a2d4851a1d" relativeResultsDirectory="335b8858-6d3d-4867-a7cb-30d0f42d2462" />
    <UnitTestResult executionId="f8882be8-2b88-42d0-9977-31aea903bdf1" testId="f42fa93e-dfd0-45c3-9357-21066c7bcbed" testName="OperatorEqual_Passing_Valid_Values_Returns_True (www.hackerone-com)" computerName="PC-SFERRARI" duration="00:00:00.0000462" startTime="2021-10-24T18:49:34.3720019+02:00" endTime="2021-10-24T18:49:34.3723204+02:00" testType="13cdc9d9-ddb5-4fa4-a97d-d965ccfc6d4b" outcome="Passed" testListId="8c84fa94-04c1-424b-9868-57a2d4851a1d" relativeResultsDirectory="f8882be8-2b88-42d0-9977-31aea903bdf1" />
    <UnitTestResult executionId="a472a306-8195-407e-b532-0692891321f2" testId="8808594e-ffed-4092-9aab-98a8137d562e" testName="ToString_Passing_Valid_Values_Returns_Currency_String_Symbol (USD)" computerName="PC-SFERRARI" duration="00:00:00.0014687" startTime="2021-10-24T18:49:33.9871422+02:00" endTime="2021-10-24T18:49:33.9888231+02:00" testType="13cdc9d9-ddb5-4fa4-a97d-d965ccfc6d4b" outcome="Passed" testListId="8c84fa94-04c1-424b-9868-57a2d4851a1d" relativeResultsDirectory="a472a306-8195-407e-b532-0692891321f2" />
    <UnitTestResult executionId="1254a5d2-3ab8-42e5-b555-8e491587c0f9" testId="176131f4-69f8-4e2c-8479-944ef95155d8" testName="ToNormalize_Passing_Valid_Values_Returns_Name_String_Format (Españħ,Espanh)" computerName="PC-SFERRARI" duration="00:00:00.0000451" startTime="2021-10-24T18:49:34.3105870+02:00" endTime="2021-10-24T18:49:34.3107776+02:00" testType="13cdc9d9-ddb5-4fa4-a97d-d965ccfc6d4b" outcome="Passed" testListId="8c84fa94-04c1-424b-9868-57a2d4851a1d" relativeResultsDirectory="1254a5d2-3ab8-42e5-b555-8e491587c0f9" />
    <UnitTestResult executionId="d8a78cc9-d270-4c76-b3aa-2fb3bc82c4c2" testId="227cb83f-292f-4cd9-96e0-969beba113f6" testName="Change_Passing_Valid_Values_Returns_Email (bbbs@bbb.bbb,ppp@ppp.ppp)" computerName="PC-SFERRARI" duration="00:00:00.0000586" startTime="2021-10-24T18:49:34.0625652+02:00" endTime="2021-10-24T18:49:34.0629355+02:00" testType="13cdc9d9-ddb5-4fa4-a97d-d965ccfc6d4b" outcome="Passed" testListId="8c84fa94-04c1-424b-9868-57a2d4851a1d" relativeResultsDirectory="d8a78cc9-d270-4c76-b3aa-2fb3bc82c4c2" />
    <UnitTestResult executionId="5df9dafd-08c6-41c8-9c41-10c3399906d3" testId="c4f0f88c-cbd8-4446-b649-e3a5d8b116b8" testName="IsNull_Passing_Valid_Value_Returns_False (tenant_1)" computerName="PC-SFERRARI" duration="00:00:00.0000121" startTime="2021-10-24T18:49:34.4504582+02:00" endTime="2021-10-24T18:49:34.4505990+02:00" testType="13cdc9d9-ddb5-4fa4-a97d-d965ccfc6d4b" outcome="Passed" testListId="8c84fa94-04c1-424b-9868-57a2d4851a1d" relativeResultsDirectory="5df9dafd-08c6-41c8-9c41-10c3399906d3" />
    <UnitTestResult executionId="2c6679e2-798c-4c94-aa4d-f0567bec7899" testId="c223cf8c-4334-4506-8f65-a776587a723a" testName="Create_Passing_Valid_Values_Returns_Name (TENANTA)" computerName="PC-SFERRARI" duration="00:00:00.0000123" startTime="2021-10-24T18:49:34.4179310+02:00" endTime="2021-10-24T18:49:34.4180534+02:00" testType="13cdc9d9-ddb5-4fa4-a97d-d965ccfc6d4b" outcome="Passed" testListId="8c84fa94-04c1-424b-9868-57a2d4851a1d" relativeResultsDirectory="2c6679e2-798c-4c94-aa4d-f0567bec7899" />
    <UnitTestResult executionId="34f7b750-7710-49be-ab1c-5f8a66320856" testId="128a321f-8537-4585-b6ca-a21c8707c51e" testName="ToNormalize_Passing_Valid_Values_Returns_Name_String_Format (Españã,Espana)" computerName="PC-SFERRARI" duration="00:00:00.0000410" startTime="2021-10-24T18:49:34.3071976+02:00" endTime="2021-10-24T18:49:34.3073627+02:00" testType="13cdc9d9-ddb5-4fa4-a97d-d965ccfc6d4b" outcome="Passed" testListId="8c84fa94-04c1-424b-9868-57a2d4851a1d" relativeResultsDirectory="34f7b750-7710-49be-ab1c-5f8a66320856" />
    <UnitTestResult executionId="7841760d-a04e-4c58-a1cd-84b37346e2af" testId="a3412336-0f43-4495-b382-7202777465b9" testName="OperatorNotEqual_Passing_Valid_Values_Returns_False (400,USD,8)" computerName="PC-SFERRARI" duration="00:00:00.0013138" startTime="2021-10-24T18:49:34.2352688+02:00" endTime="2021-10-24T18:49:34.2368693+02:00" testType="13cdc9d9-ddb5-4fa4-a97d-d965ccfc6d4b" outcome="Passed" testListId="8c84fa94-04c1-424b-9868-57a2d4851a1d" relativeResultsDirectory="7841760d-a04e-4c58-a1cd-84b37346e2af" />
    <UnitTestResult executionId="4440f45b-6da7-4f8f-8fdf-718942c45a1a" testId="af1ede09-bbd3-4ac8-ae5f-0ca5c0a406aa" testName="IsNull_Passing_Valid_Value_Returns_False (Tenant_1)" computerName="PC-SFERRARI" duration="00:00:00.0000137" startTime="2021-10-24T18:49:34.4506392+02:00" endTime="2021-10-24T18:49:34.4507703+02:00" testType="13cdc9d9-ddb5-4fa4-a97d-d965ccfc6d4b" outcome="Passed" testListId="8c84fa94-04c1-424b-9868-57a2d4851a1d" relativeResultsDirectory="4440f45b-6da7-4f8f-8fdf-718942c45a1a" />
    <UnitTestResult executionId="e107b239-31c9-4ece-b6f5-fb0d5b3079ae" testId="dbbb96fa-1abf-4fbe-8b31-947f3b66c4a5" testName="OperatorEqual_Passing_Valid_Values_Returns_True (TENANTA)" computerName="PC-SFERRARI" duration="00:00:00.0000139" startTime="2021-10-24T18:49:34.4719256+02:00" endTime="2021-10-24T18:49:34.4720483+02:00" testType="13cdc9d9-ddb5-4fa4-a97d-d965ccfc6d4b" outcome="Passed" testListId="8c84fa94-04c1-424b-9868-57a2d4851a1d" relativeResultsDirectory="e107b239-31c9-4ece-b6f5-fb0d5b3079ae" />
    <UnitTestResult executionId="a5d73ab0-ad64-4bbd-87ac-111cfbfc8841" testId="257519f0-467c-4b8e-b648-6b63cd088951" testName="Equals_Passing_Valid_Values_Returns_True (456,43543543543)" computerName="PC-SFERRARI" duration="00:00:00.0002191" startTime="2021-10-24T18:49:34.3973302+02:00" endTime="2021-10-24T18:49:34.3977160+02:00" testType="13cdc9d9-ddb5-4fa4-a97d-d965ccfc6d4b" outcome="Passed" testListId="8c84fa94-04c1-424b-9868-57a2d4851a1d" relativeResultsDirectory="a5d73ab0-ad64-4bbd-87ac-111cfbfc8841" />
    <UnitTestResult executionId="e968c630-80e8-4826-9f8f-a85475343f6e" testId="dedc7b93-693f-40a6-abe0-a48e3e0f29e2" testName="Create_Passing_Valid_Values_Returns_FullName (Sabadell,Barcelona,España)" computerName="PC-SFERRARI" duration="00:00:00.0001182" startTime="2021-10-24T18:49:34.1466098+02:00" endTime="2021-10-24T18:49:34.1469716+02:00" testType="13cdc9d9-ddb5-4fa4-a97d-d965ccfc6d4b" outcome="Passed" testListId="8c84fa94-04c1-424b-9868-57a2d4851a1d" relativeResultsDirectory="e968c630-80e8-4826-9f8f-a85475343f6e" />
    <UnitTestResult executionId="da73fbed-4e13-4abd-94a2-8cdde7dfee4b" testId="b391523f-7b8e-4681-bfb7-acb7e7c66ae1" testName="OperatorNotEqual_Passing_Valid_Values_Returns_True (100,EUR,2)" computerName="PC-SFERRARI" duration="00:00:00.0012827" startTime="2021-10-24T18:49:34.2369370+02:00" endTime="2021-10-24T18:49:34.2384455+02:00" testType="13cdc9d9-ddb5-4fa4-a97d-d965ccfc6d4b" outcome="Passed" testListId="8c84fa94-04c1-424b-9868-57a2d4851a1d" relativeResultsDirectory="da73fbed-4e13-4abd-94a2-8cdde7dfee4b" />
    <UnitTestResult executionId="e3d9236d-05b7-4971-a1ce-612c8fe1a017" testId="8a361d99-feac-4cf5-bf83-e55d964cb801" testName="Create_Passing_Valid_Value_Returns_Email (34fsds@sdd.fgg)" computerName="PC-SFERRARI" duration="00:00:00.0000411" startTime="2021-10-24T18:49:34.0688771+02:00" endTime="2021-10-24T18:49:34.0690832+02:00" testType="13cdc9d9-ddb5-4fa4-a97d-d965ccfc6d4b" outcome="Passed" testListId="8c84fa94-04c1-424b-9868-57a2d4851a1d" relativeResultsDirectory="e3d9236d-05b7-4971-a1ce-612c8fe1a017" />
    <UnitTestResult executionId="1c586c91-015e-4c18-9942-22e4de9b569c" testId="ffa8cb22-8a90-4e5f-a096-ac04404578df" testName="ToFullString_Passing_Valid_Values_Returns_Value_String_Format (San Bartoleme De Tirajana,Las Palmas,España)" computerName="PC-SFERRARI" duration="00:00:00.0002892" startTime="2021-10-24T18:49:34.1606682+02:00" endTime="2021-10-24T18:49:34.1610653+02:00" testType="13cdc9d9-ddb5-4fa4-a97d-d965ccfc6d4b" outcome="Passed" testListId="8c84fa94-04c1-424b-9868-57a2d4851a1d" relativeResultsDirectory="1c586c91-015e-4c18-9942-22e4de9b569c" />
    <UnitTestResult executionId="04ce8bd8-fcae-4e70-aec5-5f7b3ebe3bd4" testId="627d4bcb-973c-48ad-aa42-c8b230fac9d8" testName="OperatorEqual_Passing_Valid_Values_Returns_True (tenant_1)" computerName="PC-SFERRARI" duration="00:00:00.0000157" startTime="2021-10-24T18:49:34.4710511+02:00" endTime="2021-10-24T18:49:34.4712206+02:00" testType="13cdc9d9-ddb5-4fa4-a97d-d965ccfc6d4b" outcome="Passed" testListId="8c84fa94-04c1-424b-9868-57a2d4851a1d" relativeResultsDirectory="04ce8bd8-fcae-4e70-aec5-5f7b3ebe3bd4" />
    <UnitTestResult executionId="f5d70a4c-0d22-44fd-997d-c727984a59b4" testId="d8b4a77b-b599-4e10-adb9-e7ebf8b08358" testName="OperatorNotEqual_Passing_Valid_Values_Returns_False (TenantA)" computerName="PC-SFERRARI" duration="00:00:00.0000163" startTime="2021-10-24T18:49:34.4785311+02:00" endTime="2021-10-24T18:49:34.4786611+02:00" testType="13cdc9d9-ddb5-4fa4-a97d-d965ccfc6d4b" outcome="Passed" testListId="8c84fa94-04c1-424b-9868-57a2d4851a1d" relativeResultsDirectory="f5d70a4c-0d22-44fd-997d-c727984a59b4" />
    <UnitTestResult executionId="a39f0c5a-749f-4df3-934c-3ee8d10fa801" testId="ea033558-9592-421e-aa84-b75297d90bce" testName="OperatorNotEqual_Passing_Valid_Values_Returns_False (TENANT1)" computerName="PC-SFERRARI" duration="00:00:00.0000309" startTime="2021-10-24T18:49:34.4776471+02:00" endTime="2021-10-24T18:49:34.4778306+02:00" testType="13cdc9d9-ddb5-4fa4-a97d-d965ccfc6d4b" outcome="Passed" testListId="8c84fa94-04c1-424b-9868-57a2d4851a1d" relativeResultsDirectory="a39f0c5a-749f-4df3-934c-3ee8d10fa801" />
    <UnitTestResult executionId="4ce11dd2-e9cc-408a-b405-f9883b9ec10c" testId="b7ae5b24-fcdd-4eb2-8b70-1e39a6b51c64" testName="Equals_Passing_Valid_Values_Returns_True (Españħ)" computerName="PC-SFERRARI" duration="00:00:00.0000331" startTime="2021-10-24T18:49:34.2735867+02:00" endTime="2021-10-24T18:49:34.2738592+02:00" testType="13cdc9d9-ddb5-4fa4-a97d-d965ccfc6d4b" outcome="Passed" testListId="8c84fa94-04c1-424b-9868-57a2d4851a1d" relativeResultsDirectory="4ce11dd2-e9cc-408a-b405-f9883b9ec10c" />
    <UnitTestResult executionId="15cb68bf-9c7b-4e8c-a644-9e2b82234975" testId="03b62cf1-cfe1-4dbb-8562-c13be0356d73" testName="OperatorNotEqual_Passing_Valid_Values_Returns_True (200,EUR,4)" computerName="PC-SFERRARI" duration="00:00:00.0010615" startTime="2021-10-24T18:49:34.2385184+02:00" endTime="2021-10-24T18:49:34.2398402+02:00" testType="13cdc9d9-ddb5-4fa4-a97d-d965ccfc6d4b" outcome="Passed" testListId="8c84fa94-04c1-424b-9868-57a2d4851a1d" relativeResultsDirectory="15cb68bf-9c7b-4e8c-a644-9e2b82234975" />
    <UnitTestResult executionId="977fd2db-8679-4e2a-a5f2-205e7de252b8" testId="3ce8f04d-3ed1-4467-8868-27c5b85b8876" testName="ToString_Passing_Valid_Values_Returns_Address_String_Format (Tenerife,23,34567,San Bartoleme De Tirajana,Las Palmas,España)" computerName="PC-SFERRARI" duration="00:00:00.0006415" startTime="2021-10-24T18:49:33.5793778+02:00" endTime="2021-10-24T18:49:33.5802289+02:00" testType="13cdc9d9-ddb5-4fa4-a97d-d965ccfc6d4b" outcome="Passed" testListId="8c84fa94-04c1-424b-9868-57a2d4851a1d" relativeResultsDirectory="977fd2db-8679-4e2a-a5f2-205e7de252b8" />
    <UnitTestResult executionId="e0a0537c-6711-4bcd-b1bd-8e687520d0f4" testId="c9a1cf9c-061b-46c9-b9e3-7d4cce482ded" testName="Equals_Passing_Valid_Distinct_Values_Returns_False (app.hackerone1.com)" computerName="PC-SFERRARI" duration="00:00:00.0010608" startTime="2021-10-24T18:49:34.3593335+02:00" endTime="2021-10-24T18:49:34.3605298+02:00" testType="13cdc9d9-ddb5-4fa4-a97d-d965ccfc6d4b" outcome="Passed" testListId="8c84fa94-04c1-424b-9868-57a2d4851a1d" relativeResultsDirectory="e0a0537c-6711-4bcd-b1bd-8e687520d0f4" />
    <UnitTestResult executionId="e7057546-cd64-487b-9d6a-14ca4d12f7f7" testId="8656f3fb-3f2b-4d10-bd8d-a97ff4d0708d" testName="ToEnum_Passing_Invalid_String_Name_Returns_Null" computerName="PC-SFERRARI" duration="00:00:00.0002597" startTime="2021-10-24T18:49:33.5092887+02:00" endTime="2021-10-24T18:49:33.5097648+02:00" testType="13cdc9d9-ddb5-4fa4-a97d-d965ccfc6d4b" outcome="Passed" testListId="8c84fa94-04c1-424b-9868-57a2d4851a1d" relativeResultsDirectory="e7057546-cd64-487b-9d6a-14ca4d12f7f7" />
    <UnitTestResult executionId="5ec8bf41-375c-4969-bae6-d24d775102c1" testId="51b16ea3-8880-43c9-87b2-ee7b9056b543" testName="IsNull_Passing_Valid_Value_Returns_False (tenant1)" computerName="PC-SFERRARI" duration="00:00:00.0001716" startTime="2021-10-24T18:49:34.4496163+02:00" endTime="2021-10-24T18:49:34.4500113+02:00" testType="13cdc9d9-ddb5-4fa4-a97d-d965ccfc6d4b" outcome="Passed" testListId="8c84fa94-04c1-424b-9868-57a2d4851a1d" relativeResultsDirectory="5ec8bf41-375c-4969-bae6-d24d775102c1" />
    <UnitTestResult executionId="25c9321e-500d-42c9-831c-f5d8653a8c48" testId="c67b6fd8-c0e0-4f92-999a-7ab6ebd042ea" testName="Equals_Passing_Valid_Values_Returns_True (TenantA)" computerName="PC-SFERRARI" duration="00:00:00.0000171" startTime="2021-10-24T18:49:34.4449156+02:00" endTime="2021-10-24T18:49:34.4450538+02:00" testType="13cdc9d9-ddb5-4fa4-a97d-d965ccfc6d4b" outcome="Passed" testListId="8c84fa94-04c1-424b-9868-57a2d4851a1d" relativeResultsDirectory="25c9321e-500d-42c9-831c-f5d8653a8c48" />
    <UnitTestResult executionId="1f2c6c6f-8a91-4774-8e2c-407b7f912c70" testId="7cbd93bd-a1fb-45a0-a117-cd81669d40b6" testName="Equals_Passing_Valid_Distinct_Values_Returns_False (D45,86554654)" computerName="PC-SFERRARI" duration="00:00:00.0000325" startTime="2021-10-24T18:49:34.3969455+02:00" endTime="2021-10-24T18:49:34.3972568+02:00" testType="13cdc9d9-ddb5-4fa4-a97d-d965ccfc6d4b" outcome="Passed" testListId="8c84fa94-04c1-424b-9868-57a2d4851a1d" relativeResultsDirectory="1f2c6c6f-8a91-4774-8e2c-407b7f912c70" />
    <UnitTestResult executionId="35eefe78-33d4-477e-8b68-6b39fb5b3bc2" testId="1a1d6adf-d48e-4e7e-a615-51aeb27719d5" testName="OperatorNotEqual_Passing_Valid_Values_Returns_False (www.hackerone-com)" computerName="PC-SFERRARI" duration="00:00:00.0000227" startTime="2021-10-24T18:49:34.3731451+02:00" endTime="2021-10-24T18:49:34.3732860+02:00" testType="13cdc9d9-ddb5-4fa4-a97d-d965ccfc6d4b" outcome="Passed" testListId="8c84fa94-04c1-424b-9868-57a2d4851a1d" relativeResultsDirectory="35eefe78-33d4-477e-8b68-6b39fb5b3bc2" />
    <UnitTestResult executionId="e1fc72ca-25f9-4aa3-ba50-5eb8f858f7e9" testId="a443f549-b7ce-4955-9230-a0ca10c6f398" testName="Equals_Passing_Valid_Values_Returns_True (Españç)" computerName="PC-SFERRARI" duration="00:00:00.0000248" startTime="2021-10-24T18:49:34.2680774+02:00" endTime="2021-10-24T18:49:34.2682813+02:00" testType="13cdc9d9-ddb5-4fa4-a97d-d965ccfc6d4b" outcome="Passed" testListId="8c84fa94-04c1-424b-9868-57a2d4851a1d" relativeResultsDirectory="e1fc72ca-25f9-4aa3-ba50-5eb8f858f7e9" />
    <UnitTestResult executionId="c58705ce-f893-472a-b253-7717d6a9a6bf" testId="09308507-09a3-4299-bf66-f308f4549b87" testName="OperatorNotEqual_Passing_Valid_Values_Returns_True (tenant_1)" computerName="PC-SFERRARI" duration="00:00:00.0000144" startTime="2021-10-24T18:49:34.4830847+02:00" endTime="2021-10-24T18:49:34.4832034+02:00" testType="13cdc9d9-ddb5-4fa4-a97d-d965ccfc6d4b" outcome="Passed" testListId="8c84fa94-04c1-424b-9868-57a2d4851a1d" relativeResultsDirectory="c58705ce-f893-472a-b253-7717d6a9a6bf" />
    <UnitTestResult executionId="e723b05c-9009-4ae5-9c31-f6597d000996" testId="7e3adf37-432d-427a-87b9-0608979ed0b8" testName="IsNull_Passing_Valid_Value_Returns_False (Españá)" computerName="PC-SFERRARI" duration="00:00:00.0000148" startTime="2021-10-24T18:49:34.2749048+02:00" endTime="2021-10-24T18:49:34.2750298+02:00" testType="13cdc9d9-ddb5-4fa4-a97d-d965ccfc6d4b" outcome="Passed" testListId="8c84fa94-04c1-424b-9868-57a2d4851a1d" relativeResultsDirectory="e723b05c-9009-4ae5-9c31-f6597d000996" />
    <UnitTestResult executionId="78409f45-acb5-4e63-a23d-cf0b2205583b" testId="fc426942-75b1-4822-babc-128983c70fd2" testName="Create_Passing_Valid_Values_Returns_Name (Españâ)" computerName="PC-SFERRARI" duration="00:00:00.0000159" startTime="2021-10-24T18:49:34.2538949+02:00" endTime="2021-10-24T18:49:34.2540202+02:00" testType="13cdc9d9-ddb5-4fa4-a97d-d965ccfc6d4b" outcome="Passed" testListId="8c84fa94-04c1-424b-9868-57a2d4851a1d" relativeResultsDirectory="78409f45-acb5-4e63-a23d-cf0b2205583b" />
    <UnitTestResult executionId="e2dd8fdc-11dc-4f44-a7ae-2758ce1a38f8" testId="df5ef2ba-d179-45ea-9f43-3ff7978c4494" testName="ToString_Passing_Valid_Values_Returns_Currency_String_Symbol (EUR)" computerName="PC-SFERRARI" duration="00:00:00.0011739" startTime="2021-10-24T18:49:33.9855428+02:00" endTime="2021-10-24T18:49:33.9870665+02:00" testType="13cdc9d9-ddb5-4fa4-a97d-d965ccfc6d4b" outcome="Passed" testListId="8c84fa94-04c1-424b-9868-57a2d4851a1d" relativeResultsDirectory="e2dd8fdc-11dc-4f44-a7ae-2758ce1a38f8" />
    <UnitTestResult executionId="f5659631-a37e-4d18-86ed-e986e247dc53" testId="35e8c8c6-9400-4035-861a-805c769a244b" testName="Create_Passing_InvalidOrNull_Value_Returns_ApplicationException (dasdasd@dsasd.._ff)" computerName="PC-SFERRARI" duration="00:00:00.0006633" startTime="2021-10-24T18:49:34.0664550+02:00" endTime="2021-10-24T18:49:34.0673392+02:00" testType="13cdc9d9-ddb5-4fa4-a97d-d965ccfc6d4b" outcome="Passed" testListId="8c84fa94-04c1-424b-9868-57a2d4851a1d" relativeResultsDirectory="f5659631-a37e-4d18-86ed-e986e247dc53" />
    <UnitTestResult executionId="be9811b0-3b2f-48f1-81d6-1785dd404ff9" testId="1d728c3c-09a9-4490-8021-721e3ff8d6b7" testName="OperatorEqual_Passing_Valid_Distinct_Values_Returns_False (Españã)" computerName="PC-SFERRARI" duration="00:00:00.0000212" startTime="2021-10-24T18:49:34.2815703+02:00" endTime="2021-10-24T18:49:34.2816952+02:00" testType="13cdc9d9-ddb5-4fa4-a97d-d965ccfc6d4b" outcome="Passed" testListId="8c84fa94-04c1-424b-9868-57a2d4851a1d" relativeResultsDirectory="be9811b0-3b2f-48f1-81d6-1785dd404ff9" />
    <UnitTestResult executionId="98bc0018-21dd-4f9b-9740-39e367d13161" testId="7c8e986e-ede9-4496-b523-7b902ef5a974" testName="Equals_Passing_Valid_Values_Returns_True (dasdasd@dsasd.ff)" computerName="PC-SFERRARI" duration="00:00:00.0003748" startTime="2021-10-24T18:49:34.0780387+02:00" endTime="2021-10-24T18:49:34.0786340+02:00" testType="13cdc9d9-ddb5-4fa4-a97d-d965ccfc6d4b" outcome="Passed" testListId="8c84fa94-04c1-424b-9868-57a2d4851a1d" relativeResultsDirectory="98bc0018-21dd-4f9b-9740-39e367d13161" />
    <UnitTestResult executionId="3d77f5c9-2023-4e38-890d-2bf61c2ff033" testId="c27ff045-201f-451f-bc88-14beb4e564fc" testName="ToNormalize_Passing_Valid_Values_Returns_Address_String_Format (ádsads@ggg.cc)" computerName="PC-SFERRARI" duration="00:00:00.0000667" startTime="2021-10-24T18:49:34.1378584+02:00" endTime="2021-10-24T18:49:34.1380738+02:00" testType="13cdc9d9-ddb5-4fa4-a97d-d965ccfc6d4b" outcome="Passed" testListId="8c84fa94-04c1-424b-9868-57a2d4851a1d" relativeResultsDirectory="3d77f5c9-2023-4e38-890d-2bf61c2ff033" />
    <UnitTestResult executionId="6221bfec-7ebd-4bed-ba43-18b7cfac1af3" testId="4c18573d-9e8b-4e04-8377-82521c24d4dd" testName="OperatorEqual_Passing_Valid_Values_Returns_True (San Bartoleme De Tirajana,Las Palmas,España)" computerName="PC-SFERRARI" duration="00:00:00.0002913" startTime="2021-10-24T18:49:34.1564869+02:00" endTime="2021-10-24T18:49:34.1569599+02:00" testType="13cdc9d9-ddb5-4fa4-a97d-d965ccfc6d4b" outcome="Passed" testListId="8c84fa94-04c1-424b-9868-57a2d4851a1d" relativeResultsDirectory="6221bfec-7ebd-4bed-ba43-18b7cfac1af3" />
    <UnitTestResult executionId="f815a542-a7fe-40e5-92eb-e09e961f9113" testId="bad000c4-9b87-419f-8576-070b50a250d1" testName="OperatorNotEqual_Passing_Valid_Values_Returns_False (100,EUR,2)" computerName="PC-SFERRARI" duration="00:00:00.0006056" startTime="2021-10-24T18:49:34.2331423+02:00" endTime="2021-10-24T18:49:34.2340136+02:00" testType="13cdc9d9-ddb5-4fa4-a97d-d965ccfc6d4b" outcome="Passed" testListId="8c84fa94-04c1-424b-9868-57a2d4851a1d" relativeResultsDirectory="f815a542-a7fe-40e5-92eb-e09e961f9113" />
    <UnitTestResult executionId="abeada61-0637-4a1e-a0e2-6dee2a81bfd0" testId="33132fcf-3024-4951-bde3-d08b756be431" testName="Equals_Passing_Valid_Values_Returns_True (tenant_1)" computerName="PC-SFERRARI" duration="00:00:00.0000299" startTime="2021-10-24T18:49:34.4437530+02:00" endTime="2021-10-24T18:49:34.4440319+02:00" testType="13cdc9d9-ddb5-4fa4-a97d-d965ccfc6d4b" outcome="Passed" testListId="8c84fa94-04c1-424b-9868-57a2d4851a1d" relativeResultsDirectory="abeada61-0637-4a1e-a0e2-6dee2a81bfd0" />
    <UnitTestResult executionId="5d1e7957-7851-49c1-99b9-07090e70cf54" testId="27b0a8ae-6880-404f-8678-02d8226bcbfa" testName="IsNull_Passing_Valid_Value_Returns_False (Españà)" computerName="PC-SFERRARI" duration="00:00:00.0000148" startTime="2021-10-24T18:49:34.2750668+02:00" endTime="2021-10-24T18:49:34.2751794+02:00" testType="13cdc9d9-ddb5-4fa4-a97d-d965ccfc6d4b" outcome="Passed" testListId="8c84fa94-04c1-424b-9868-57a2d4851a1d" relativeResultsDirectory="5d1e7957-7851-49c1-99b9-07090e70cf54" />
    <UnitTestResult executionId="87ce365b-ef0d-4c15-ae8c-133911a505a5" testId="d654c493-0fe1-4264-9ebb-78a76d88d9fe" testName="Equals_Passing_Valid_Values_Returns_True (app.hackerone1.com)" computerName="PC-SFERRARI" duration="00:00:00.0002153" startTime="2021-10-24T18:49:34.3611355+02:00" endTime="2021-10-24T18:49:34.3614988+02:00" testType="13cdc9d9-ddb5-4fa4-a97d-d965ccfc6d4b" outcome="Passed" testListId="8c84fa94-04c1-424b-9868-57a2d4851a1d" relativeResultsDirectory="87ce365b-ef0d-4c15-ae8c-133911a505a5" />
    <UnitTestResult executionId="4c4e5824-1f87-443b-9de7-82249d2cd758" testId="fda1b01f-bfe5-4a47-b867-70dac16e75dc" testName="OperatorEqual_Passing_Valid_Values_Returns_True (TenantA)" computerName="PC-SFERRARI" duration="00:00:00.0000139" startTime="2021-10-24T18:49:34.4717687+02:00" endTime="2021-10-24T18:49:34.4718881+02:00" testType="13cdc9d9-ddb5-4fa4-a97d-d965ccfc6d4b" outcome="Passed" testListId="8c84fa94-04c1-424b-9868-57a2d4851a1d" relativeResultsDirectory="4c4e5824-1f87-443b-9de7-82249d2cd758" />
    <UnitTestResult executionId="ae5355e8-f76c-4297-9311-da2f6cf21b95" testId="7b711c6e-420c-41f6-926a-325a1f17458e" testName="Equals_Passing_Valid_Distinct_Values_Returns_False (TENANT1)" computerName="PC-SFERRARI" duration="00:00:00.0000149" startTime="2021-10-24T18:49:34.4307228+02:00" endTime="2021-10-24T18:49:34.4308549+02:00" testType="13cdc9d9-ddb5-4fa4-a97d-d965ccfc6d4b" outcome="Passed" testListId="8c84fa94-04c1-424b-9868-57a2d4851a1d" relativeResultsDirectory="ae5355e8-f76c-4297-9311-da2f6cf21b95" />
    <UnitTestResult executionId="5c4162c8-925d-4b5f-9186-ba6f68373b0f" testId="5cd92340-c36d-4e21-a412-95a849c99e71" testName="ToString_Passing_Valid_Values_Returns_Name (Tenant_A)" computerName="PC-SFERRARI" duration="00:00:00.0000122" startTime="2021-10-24T18:49:34.5173901+02:00" endTime="2021-10-24T18:49:34.5175080+02:00" testType="13cdc9d9-ddb5-4fa4-a97d-d965ccfc6d4b" outcome="Passed" testListId="8c84fa94-04c1-424b-9868-57a2d4851a1d" relativeResultsDirectory="5c4162c8-925d-4b5f-9186-ba6f68373b0f" />
    <UnitTestResult executionId="ddbf98e2-3013-4dcf-93eb-490fb11b758a" testId="4ce9891c-fb94-458a-bdde-33c4f813ad32" testName="OperatorEqual_Passing_Valid_Distinct_Values_Returns_False (Sabadell)" computerName="PC-SFERRARI" duration="00:00:00.0000106" startTime="2021-10-24T18:49:34.3271756+02:00" endTime="2021-10-24T18:49:34.3272934+02:00" testType="13cdc9d9-ddb5-4fa4-a97d-d965ccfc6d4b" outcome="Passed" testListId="8c84fa94-04c1-424b-9868-57a2d4851a1d" relativeResultsDirectory="ddbf98e2-3013-4dcf-93eb-490fb11b758a" />
    <UnitTestResult executionId="323c39fa-9497-4c51-a34f-33319abc7819" testId="422db432-6749-40ca-8cbf-a2953c34a662" testName="OperatorEqual_Passing_Valid_Distinct_Values_Returns_False (Españà)" computerName="PC-SFERRARI" duration="00:00:00.0000207" startTime="2021-10-24T18:49:34.2810660+02:00" endTime="2021-10-24T18:49:34.2811947+02:00" testType="13cdc9d9-ddb5-4fa4-a97d-d965ccfc6d4b" outcome="Passed" testListId="8c84fa94-04c1-424b-9868-57a2d4851a1d" relativeResultsDirectory="323c39fa-9497-4c51-a34f-33319abc7819" />
    <UnitTestResult executionId="ccb06788-1b14-4425-971c-8f2ac8c142ca" testId="176eef64-9a96-458a-9ae3-a2abe14d3e7f" testName="GetAll_Passing_Nothing_Returns_Enumeracion_List" computerName="PC-SFERRARI" duration="00:00:00.0006696" startTime="2021-10-24T18:49:33.4991398+02:00" endTime="2021-10-24T18:49:33.5000660+02:00" testType="13cdc9d9-ddb5-4fa4-a97d-d965ccfc6d4b" outcome="Passed" testListId="8c84fa94-04c1-424b-9868-57a2d4851a1d" relativeResultsDirectory="ccb06788-1b14-4425-971c-8f2ac8c142ca" />
    <UnitTestResult executionId="8b4d867a-db7e-4c13-96ec-fff6dd4b3ff4" testId="8404077a-4443-46aa-a84c-11034abdca3b" testName="Create_Passing_Valid_Values_Returns_Name (tenant_1)" computerName="PC-SFERRARI" duration="00:00:00.0000155" startTime="2021-10-24T18:49:34.4169101+02:00" endTime="2021-10-24T18:49:34.4170790+02:00" testType="13cdc9d9-ddb5-4fa4-a97d-d965ccfc6d4b" outcome="Passed" testListId="8c84fa94-04c1-424b-9868-57a2d4851a1d" relativeResultsDirectory="8b4d867a-db7e-4c13-96ec-fff6dd4b3ff4" />
    <UnitTestResult executionId="9368e17c-18e2-4b70-95ea-a4eb13ded148" testId="f3d0ef0f-75e4-47c6-a686-8e83e53a60c2" testName="ToEnum_Passing_Null_Bool_Value_Returns_Inactive_Status" computerName="PC-SFERRARI" duration="00:00:00.0002035" startTime="2021-10-24T18:49:33.5103028+02:00" endTime="2021-10-24T18:49:33.5106417+02:00" testType="13cdc9d9-ddb5-4fa4-a97d-d965ccfc6d4b" outcome="Passed" testListId="8c84fa94-04c1-424b-9868-57a2d4851a1d" relativeResultsDirectory="9368e17c-18e2-4b70-95ea-a4eb13ded148" />
    <UnitTestResult executionId="bb337a7f-46f8-45fb-ae81-631d2af2ddba" testId="c507024c-35f7-4b55-8781-f074f9286067" testName="OperatorEqual_Passing_Valid_Values_Returns_True (España)" computerName="PC-SFERRARI" duration="00:00:00.0002133" startTime="2021-10-24T18:49:34.2858061+02:00" endTime="2021-10-24T18:49:34.2861488+02:00" testType="13cdc9d9-ddb5-4fa4-a97d-d965ccfc6d4b" outcome="Passed" testListId="8c84fa94-04c1-424b-9868-57a2d4851a1d" relativeResultsDirectory="bb337a7f-46f8-45fb-ae81-631d2af2ddba" />
    <UnitTestResult executionId="a9586fe6-bbed-4a8d-87fc-c5b32c6e1714" testId="7a3a72ed-d7fc-438a-8aee-a3a0cb1536f0" testName="Create_Passing_Valid_Values_Returns_Address (Pader,789,DF7956,Sabadell,Barcelona,España)" computerName="PC-SFERRARI" duration="00:00:00.0000216" startTime="2021-10-24T18:49:33.5653027+02:00" endTime="2021-10-24T18:49:33.5655690+02:00" testType="13cdc9d9-ddb5-4fa4-a97d-d965ccfc6d4b" outcome="Passed" testListId="8c84fa94-04c1-424b-9868-57a2d4851a1d" relativeResultsDirectory="a9586fe6-bbed-4a8d-87fc-c5b32c6e1714" />
    <UnitTestResult executionId="4f53f12b-dc1f-402b-b73d-0d1eb68b34e3" testId="12787ac5-74be-4847-8160-8dfc728817d1" testName="Create_Passing_InvalidOrNull_Value_Returns_ApplicationException (,Sabadell,España)" computerName="PC-SFERRARI" duration="00:00:00.0000759" startTime="2021-10-24T18:49:34.1455217+02:00" endTime="2021-10-24T18:49:34.1457753+02:00" testType="13cdc9d9-ddb5-4fa4-a97d-d965ccfc6d4b" outcome="Passed" testListId="8c84fa94-04c1-424b-9868-57a2d4851a1d" relativeResultsDirectory="4f53f12b-dc1f-402b-b73d-0d1eb68b34e3" />
    <UnitTestResult executionId="9618f165-3a76-4782-aeb1-f1a0f1cd1f1b" testId="ce1698e5-7371-4ec0-964f-d18753ad8819" testName="Create_Passing_InvalidOrNull_Value_Returns_ApplicationException (456,USD,-3)" computerName="PC-SFERRARI" duration="00:00:00.0018328" startTime="2021-10-24T18:49:34.1774541+02:00" endTime="2021-10-24T18:49:34.1796218+02:00" testType="13cdc9d9-ddb5-4fa4-a97d-d965ccfc6d4b" outcome="Passed" testListId="8c84fa94-04c1-424b-9868-57a2d4851a1d" relativeResultsDirectory="9618f165-3a76-4782-aeb1-f1a0f1cd1f1b" />
    <UnitTestResult executionId="1369348c-ac1e-41e8-a7b4-6b1b0d950639" testId="f26d52d6-e92d-4ba2-ba70-c73a871b845e" testName="OperatorEqual_Passing_Valid_Values_Returns_True (San Bartoleme De Tirajana)" computerName="PC-SFERRARI" duration="00:00:00.0001305" startTime="2021-10-24T18:49:34.3273312+02:00" endTime="2021-10-24T18:49:34.3275577+02:00" testType="13cdc9d9-ddb5-4fa4-a97d-d965ccfc6d4b" outcome="Passed" testListId="8c84fa94-04c1-424b-9868-57a2d4851a1d" relativeResultsDirectory="1369348c-ac1e-41e8-a7b4-6b1b0d950639" />
    <UnitTestResult executionId="4b87269c-4f11-480b-bacf-8271a5b14e67" testId="28c37426-5da7-4f78-a86d-6e8b65c5c9f9" testName="Equals_Passing_Valid_Distinct_Values_Returns_False (stage_hackerone.com)" computerName="PC-SFERRARI" duration="00:00:00.0000244" startTime="2021-10-24T18:49:34.3609315+02:00" endTime="2021-10-24T18:49:34.3610831+02:00" testType="13cdc9d9-ddb5-4fa4-a97d-d965ccfc6d4b" outcome="Passed" testListId="8c84fa94-04c1-424b-9868-57a2d4851a1d" relativeResultsDirectory="4b87269c-4f11-480b-bacf-8271a5b14e67" />
    <UnitTestResult executionId="36317cdd-86a0-4853-9da7-691f7f0bfbd6" testId="084a78d6-a3d5-4cfb-b2d9-330e561af14a" testName="OperatorEqual_Passing_Valid_Values_Returns_True (Españã)" computerName="PC-SFERRARI" duration="00:00:00.0000201" startTime="2021-10-24T18:49:34.2868831+02:00" endTime="2021-10-24T18:49:34.2870011+02:00" testType="13cdc9d9-ddb5-4fa4-a97d-d965ccfc6d4b" outcome="Passed" testListId="8c84fa94-04c1-424b-9868-57a2d4851a1d" relativeResultsDirectory="36317cdd-86a0-4853-9da7-691f7f0bfbd6" />
    <UnitTestResult executionId="d9ffbf85-b44a-4d6e-b841-4d0d9e365fc2" testId="6df6293c-7699-4c1d-aa62-1df902489ed6" testName="Equals_Passing_Valid_Values_Returns_True (tenant1)" computerName="PC-SFERRARI" duration="00:00:00.0002814" startTime="2021-10-24T18:49:34.4384954+02:00" endTime="2021-10-24T18:49:34.4388916+02:00" testType="13cdc9d9-ddb5-4fa4-a97d-d965ccfc6d4b" outcome="Passed" testListId="8c84fa94-04c1-424b-9868-57a2d4851a1d" relativeResultsDirectory="d9ffbf85-b44a-4d6e-b841-4d0d9e365fc2" />
    <UnitTestResult executionId="c5bec833-610b-4bce-ad4f-0a9275e32fdf" testId="e9337e49-d109-4638-9a51-7b28c1e7fed3" testName="OperatorNotEqual_Passing_Valid_Values_Returns_True (España)" computerName="PC-SFERRARI" duration="00:00:00.0002409" startTime="2021-10-24T18:49:34.2970640+02:00" endTime="2021-10-24T18:49:34.2974090+02:00" testType="13cdc9d9-ddb5-4fa4-a97d-d965ccfc6d4b" outcome="Passed" testListId="8c84fa94-04c1-424b-9868-57a2d4851a1d" relativeResultsDirectory="c5bec833-610b-4bce-ad4f-0a9275e32fdf" />
    <UnitTestResult executionId="adf0170c-4440-4d2a-8819-981f7b7206df" testId="08464a28-dd95-48fe-b202-a55d84513cde" testName="Equals_Passing_Valid_Values_Returns_True (tenantA)" computerName="PC-SFERRARI" duration="00:00:00.0000272" startTime="2021-10-24T18:49:34.4446166+02:00" endTime="2021-10-24T18:49:34.4448675+02:00" testType="13cdc9d9-ddb5-4fa4-a97d-d965ccfc6d4b" outcome="Passed" testListId="8c84fa94-04c1-424b-9868-57a2d4851a1d" relativeResultsDirectory="adf0170c-4440-4d2a-8819-981f7b7206df" />
    <UnitTestResult executionId="6a9bc433-4f73-4758-a442-f13c8df16863" testId="943fca77-8ea6-4899-a3b4-00045fe31ed6" testName="Equals_Passing_Valid_Distinct_Values_Returns_False (Españä)" computerName="PC-SFERRARI" duration="00:00:00.0000203" startTime="2021-10-24T18:49:34.2612548+02:00" endTime="2021-10-24T18:49:34.2613898+02:00" testType="13cdc9d9-ddb5-4fa4-a97d-d965ccfc6d4b" outcome="Passed" testListId="8c84fa94-04c1-424b-9868-57a2d4851a1d" relativeResultsDirectory="6a9bc433-4f73-4758-a442-f13c8df16863" />
    <UnitTestResult executionId="26ffcf9a-d23f-44a0-98c6-a01aaeb7de1c" testId="8e87dfd6-b7d0-43d6-8d13-7cc911dae9f6" testName="Change_Passing_Valid_Values_Returns_Subdomain" computerName="PC-SFERRARI" duration="00:00:00.0014906" startTime="2021-10-24T18:49:34.3519949+02:00" endTime="2021-10-24T18:49:34.3537984+02:00" testType="13cdc9d9-ddb5-4fa4-a97d-d965ccfc6d4b" outcome="Passed" testListId="8c84fa94-04c1-424b-9868-57a2d4851a1d" relativeResultsDirectory="26ffcf9a-d23f-44a0-98c6-a01aaeb7de1c" />
    <UnitTestResult executionId="df4a8c16-02fc-4d0b-958d-060599958bb4" testId="c2e99e97-d405-412d-ba07-30a1bb587a46" testName="OperatorEqual_Passing_Valid_Values_Returns_True (stage_hackerone.com)" computerName="PC-SFERRARI" duration="00:00:00.0000403" startTime="2021-10-24T18:49:34.3724179+02:00" endTime="2021-10-24T18:49:34.3726554+02:00" testType="13cdc9d9-ddb5-4fa4-a97d-d965ccfc6d4b" outcome="Passed" testListId="8c84fa94-04c1-424b-9868-57a2d4851a1d" relativeResultsDirectory="df4a8c16-02fc-4d0b-958d-060599958bb4" />
    <UnitTestResult executionId="802c2b7e-85e7-4341-a9ce-e4a80e3917bc" testId="1f602a45-8d7d-4192-babf-63d633b2c313" testName="Create_Passing_Valid_Values_Returns_Subdomain (www.hackerone1-com)" computerName="PC-SFERRARI" duration="00:00:00.0000237" startTime="2021-10-24T18:49:34.3588639+02:00" endTime="2021-10-24T18:49:34.3590740+02:00" testType="13cdc9d9-ddb5-4fa4-a97d-d965ccfc6d4b" outcome="Passed" testListId="8c84fa94-04c1-424b-9868-57a2d4851a1d" relativeResultsDirectory="802c2b7e-85e7-4341-a9ce-e4a80e3917bc" />
    <UnitTestResult executionId="f6c6d787-df3c-4298-9ba5-e717a9333484" testId="85c530bf-5ef0-4713-b39b-278731843e55" testName="Equals_Passing_Valid_Distinct_Values_Returns_False (456,43543543543)" computerName="PC-SFERRARI" duration="00:00:00.0009219" startTime="2021-10-24T18:49:34.3901617+02:00" endTime="2021-10-24T18:49:34.3912168+02:00" testType="13cdc9d9-ddb5-4fa4-a97d-d965ccfc6d4b" outcome="Passed" testListId="8c84fa94-04c1-424b-9868-57a2d4851a1d" relativeResultsDirectory="f6c6d787-df3c-4298-9ba5-e717a9333484" />
    <UnitTestResult executionId="2d70d960-c3fd-4381-8bc2-946a646e04a8" testId="d09b346a-ddc3-4511-8820-38d3bb609cb4" testName="IsGold_Passing_Nothing_Returns_True" computerName="PC-SFERRARI" duration="00:00:00.0001402" startTime="2021-10-24T18:49:33.5130584+02:00" endTime="2021-10-24T18:49:33.5132795+02:00" testType="13cdc9d9-ddb5-4fa4-a97d-d965ccfc6d4b" outcome="Passed" testListId="8c84fa94-04c1-424b-9868-57a2d4851a1d" relativeResultsDirectory="2d70d960-c3fd-4381-8bc2-946a646e04a8" />
    <UnitTestResult executionId="afee0b33-3afe-474f-82ee-e89be53b3d94" testId="5b1db63c-2ded-4154-80ce-74f73778ffcd" testName="OperatorNotEqual_Passing_Valid_Values_Returns_True (Pader,789,DF7956,Sabadell,Barcelona,España)" computerName="PC-SFERRARI" duration="00:00:00.0000327" startTime="2021-10-24T18:49:33.5790046+02:00" endTime="2021-10-24T18:49:33.5793240+02:00" testType="13cdc9d9-ddb5-4fa4-a97d-d965ccfc6d4b" outcome="Passed" testListId="8c84fa94-04c1-424b-9868-57a2d4851a1d" relativeResultsDirectory="afee0b33-3afe-474f-82ee-e89be53b3d94" />
    <UnitTestResult executionId="728cddac-29cb-4a81-bae6-02e59c138244" testId="fbc811b3-4aee-46e4-9f8a-409f66e881bc" testName="Equals_Passing_Valid_Values_Returns_True (Españä)" computerName="PC-SFERRARI" duration="00:00:00.0000198" startTime="2021-10-24T18:49:34.2663180+02:00" endTime="2021-10-24T18:49:34.2664397+02:00" testType="13cdc9d9-ddb5-4fa4-a97d-d965ccfc6d4b" outcome="Passed" testListId="8c84fa94-04c1-424b-9868-57a2d4851a1d" relativeResultsDirectory="728cddac-29cb-4a81-bae6-02e59c138244" />
    <UnitTestResult executionId="9614c0a3-4da5-45e1-87e0-8a7287ea08fa" testId="87ea9389-04bc-49fe-8608-d45d3bd25055" testName="Create_Passing_Valid_Values_Returns_Name (TENANT_A)" computerName="PC-SFERRARI" duration="00:00:00.0000111" startTime="2021-10-24T18:49:34.4291953+02:00" endTime="2021-10-24T18:49:34.4293127+02:00" testType="13cdc9d9-ddb5-4fa4-a97d-d965ccfc6d4b" outcome="Passed" testListId="8c84fa94-04c1-424b-9868-57a2d4851a1d" relativeResultsDirectory="9614c0a3-4da5-45e1-87e0-8a7287ea08fa" />
    <UnitTestResult executionId="c812670e-df1d-4dbe-b553-4b4e286b52a1" testId="29ea4237-840e-44c0-9599-dc7afcc2484a" testName="Create_Passing_Valid_Values_Returns_Telephone (D45,86554654)" computerName="PC-SFERRARI" duration="00:00:00.0000150" startTime="2021-10-24T18:49:34.3899685+02:00" endTime="2021-10-24T18:49:34.3901218+02:00" testType="13cdc9d9-ddb5-4fa4-a97d-d965ccfc6d4b" outcome="Passed" testListId="8c84fa94-04c1-424b-9868-57a2d4851a1d" relativeResultsDirectory="c812670e-df1d-4dbe-b553-4b4e286b52a1" />
    <UnitTestResult executionId="6fb2464f-70fc-4f3b-9b91-162536020b3d" testId="6ba320f6-e279-483e-9155-1d5c1ec8dbd5" testName="Equals_Passing_Valid_Values_Returns_True (Esp añâ)" computerName="PC-SFERRARI" duration="00:00:00.0000190" startTime="2021-10-24T18:49:34.2739244+02:00" endTime="2021-10-24T18:49:34.2740482+02:00" testType="13cdc9d9-ddb5-4fa4-a97d-d965ccfc6d4b" outcome="Passed" testListId="8c84fa94-04c1-424b-9868-57a2d4851a1d" relativeResultsDirectory="6fb2464f-70fc-4f3b-9b91-162536020b3d" />
    <UnitTestResult executionId="1fd464a3-ecc1-47e8-bc31-40e24612587b" testId="4307acbc-b094-4752-b7bf-091ff2d1cd5e" testName="IsNull_Passing_Valid_Value_Returns_False (TENANT_A)" computerName="PC-SFERRARI" duration="00:00:00.0000130" startTime="2021-10-24T18:49:34.4545420+02:00" endTime="2021-10-24T18:49:34.4546633+02:00" testType="13cdc9d9-ddb5-4fa4-a97d-d965ccfc6d4b" outcome="Passed" testListId="8c84fa94-04c1-424b-9868-57a2d4851a1d" relativeResultsDirectory="1fd464a3-ecc1-47e8-bc31-40e24612587b" />
    <UnitTestResult executionId="1a6dac33-2ac9-4135-85f1-c5db3a757f45" testId="760fee02-c028-4c5c-8cdb-7ca72b72ad08" testName="IsNull_Passing_Valid_Value_Returns_False (TENANT_1)" computerName="PC-SFERRARI" duration="00:00:00.0000116" startTime="2021-10-24T18:49:34.4508098+02:00" endTime="2021-10-24T18:49:34.4509188+02:00" testType="13cdc9d9-ddb5-4fa4-a97d-d965ccfc6d4b" outcome="Passed" testListId="8c84fa94-04c1-424b-9868-57a2d4851a1d" relativeResultsDirectory="1a6dac33-2ac9-4135-85f1-c5db3a757f45" />
    <UnitTestResult executionId="f257d731-b5b2-460c-9dc5-f5e11aa40e70" testId="21493388-e367-454e-9df7-25fa359e542f" testName="Equals_Passing_Valid_Distinct_Values_Returns_False (TENANTA)" computerName="PC-SFERRARI" duration="00:00:00.0000151" startTime="2021-10-24T18:49:34.4357211+02:00" endTime="2021-10-24T18:49:34.4358446+02:00" testType="13cdc9d9-ddb5-4fa4-a97d-d965ccfc6d4b" outcome="Passed" testListId="8c84fa94-04c1-424b-9868-57a2d4851a1d" relativeResultsDirectory="f257d731-b5b2-460c-9dc5-f5e11aa40e70" />
    <UnitTestResult executionId="537b15aa-6e46-4446-933a-a96f13fec905" testId="507b3601-575b-4ae3-a060-c444d05e93eb" testName="OperatorEqual_Passing_Valid_Distinct_Values_Returns_False (San Bartoleme De Tirajana,Las Palmas,España)" computerName="PC-SFERRARI" duration="00:00:00.0005663" startTime="2021-10-24T18:49:34.1548953+02:00" endTime="2021-10-24T18:49:34.1559843+02:00" testType="13cdc9d9-ddb5-4fa4-a97d-d965ccfc6d4b" outcome="Passed" testListId="8c84fa94-04c1-424b-9868-57a2d4851a1d" relativeResultsDirectory="537b15aa-6e46-4446-933a-a96f13fec905" />
    <UnitTestResult executionId="19560370-98ca-468c-a5c8-f7cf3a9cc0c7" testId="b188f4a4-7cd3-4cfa-8c60-7a8aa2540430" testName="OperatorEqual_Passing_Valid_Values_Returns_True (tenant1)" computerName="PC-SFERRARI" duration="00:00:00.0002353" startTime="2021-10-24T18:49:34.4618209+02:00" endTime="2021-10-24T18:49:34.4621738+02:00" testType="13cdc9d9-ddb5-4fa4-a97d-d965ccfc6d4b" outcome="Passed" testListId="8c84fa94-04c1-424b-9868-57a2d4851a1d" relativeResultsDirectory="19560370-98ca-468c-a5c8-f7cf3a9cc0c7" />
    <UnitTestResult executionId="277d35f1-77c1-48cd-9f25-8f03de1f58f4" testId="591360d0-65bf-4c59-8517-4c87a2702203" testName="OperatorEqual_Passing_Valid_Distinct_Values_Returns_False (tenant_1)" computerName="PC-SFERRARI" duration="00:00:00.0000151" startTime="2021-10-24T18:49:34.4554169+02:00" endTime="2021-10-24T18:49:34.4555407+02:00" testType="13cdc9d9-ddb5-4fa4-a97d-d965ccfc6d4b" outcome="Passed" testListId="8c84fa94-04c1-424b-9868-57a2d4851a1d" relativeResultsDirectory="277d35f1-77c1-48cd-9f25-8f03de1f58f4" />
    <UnitTestResult executionId="1df92743-83d4-4634-904f-d64593065432" testId="c297c87c-d390-4e1e-ad3d-92810bcef729" testName="ToString_Passing_Valid_Values_Returns_Name (Tenant_1)" computerName="PC-SFERRARI" duration="00:00:00.0000118" startTime="2021-10-24T18:49:34.5162844+02:00" endTime="2021-10-24T18:49:34.5164091+02:00" testType="13cdc9d9-ddb5-4fa4-a97d-d965ccfc6d4b" outcome="Passed" testListId="8c84fa94-04c1-424b-9868-57a2d4851a1d" relativeResultsDirectory="1df92743-83d4-4634-904f-d64593065432" />
    <UnitTestResult executionId="8c954773-d5e7-4f29-a5d6-b58c2957bed7" testId="0d6d1523-bcd8-4acd-aef4-3c44cb84f087" testName="OperatorNotEqual_Passing_Valid_Values_Returns_True (D45,86554654)" computerName="PC-SFERRARI" duration="00:00:00.0000244" startTime="2021-10-24T18:49:34.4048844+02:00" endTime="2021-10-24T18:49:34.4050728+02:00" testType="13cdc9d9-ddb5-4fa4-a97d-d965ccfc6d4b" outcome="Passed" testListId="8c84fa94-04c1-424b-9868-57a2d4851a1d" relativeResultsDirectory="8c954773-d5e7-4f29-a5d6-b58c2957bed7" />
    <UnitTestResult executionId="68954306-7fcf-4555-bf6d-9417965dd262" testId="0b276890-8cc3-455b-bb8f-3ce896d5b53f" testName="Create_Passing_InvalidOrNull_Value_Returns_ApplicationException ()" computerName="PC-SFERRARI" duration="00:00:00.0003627" startTime="2021-10-24T18:49:34.4074850+02:00" endTime="2021-10-24T18:49:34.4080425+02:00" testType="13cdc9d9-ddb5-4fa4-a97d-d965ccfc6d4b" outcome="Passed" testListId="8c84fa94-04c1-424b-9868-57a2d4851a1d" relativeResultsDirectory="68954306-7fcf-4555-bf6d-9417965dd262" />
    <UnitTestResult executionId="39ba5900-c952-4bd7-bbd8-f4de71657491" testId="77c33e0f-aaae-403c-b895-5b0acd376eed" testName="OperatorEqual_Passing_Valid_Values_Returns_True (Españä)" computerName="PC-SFERRARI" duration="00:00:00.0000207" startTime="2021-10-24T18:49:34.2865543+02:00" endTime="2021-10-24T18:49:34.2866760+02:00" testType="13cdc9d9-ddb5-4fa4-a97d-d965ccfc6d4b" outcome="Passed" testListId="8c84fa94-04c1-424b-9868-57a2d4851a1d" relativeResultsDirectory="39ba5900-c952-4bd7-bbd8-f4de71657491" />
    <UnitTestResult executionId="a28f251d-e03f-4cb9-9b36-58aeefa38019" testId="df658ae9-2350-48cc-a742-ede28d7e855f" testName="OperatorEqual_Passing_Valid_Values_Returns_True (TENANT_A)" computerName="PC-SFERRARI" duration="00:00:00.0000310" startTime="2021-10-24T18:49:34.4766384+02:00" endTime="2021-10-24T18:49:34.4769148+02:00" testType="13cdc9d9-ddb5-4fa4-a97d-d965ccfc6d4b" outcome="Passed" testListId="8c84fa94-04c1-424b-9868-57a2d4851a1d" relativeResultsDirectory="a28f251d-e03f-4cb9-9b36-58aeefa38019" />
    <UnitTestResult executionId="fbf4933d-0a28-4ff6-8c5e-5b2fdc52a1f2" testId="27c18950-0a17-4674-97fc-2208e7c41aa4" testName="Change_Passing_Valid_Values_Returns_Telephone" computerName="PC-SFERRARI" duration="00:00:00.0023301" startTime="2021-10-24T18:49:34.3856776+02:00" endTime="2021-10-24T18:49:34.3882864+02:00" testType="13cdc9d9-ddb5-4fa4-a97d-d965ccfc6d4b" outcome="Passed" testListId="8c84fa94-04c1-424b-9868-57a2d4851a1d" relativeResultsDirectory="fbf4933d-0a28-4ff6-8c5e-5b2fdc52a1f2" />
    <UnitTestResult executionId="46a25e0b-3ce2-4586-bff0-d88c53fc0e13" testId="57bdaeb3-e8df-4abe-8e3d-11ef01d9cc1d" testName="Create_Passing_InvalidOrNull_Value_Returns_ApplicationException (Tenerife,23,34567,San Bartoleme De Tirajana,Las Palmas,)" computerName="PC-SFERRARI" duration="00:00:00.0139887" startTime="2021-10-24T18:49:33.5343803+02:00" endTime="2021-10-24T18:49:33.5610623+02:00" testType="13cdc9d9-ddb5-4fa4-a97d-d965ccfc6d4b" outcome="Passed" testListId="8c84fa94-04c1-424b-9868-57a2d4851a1d" relativeResultsDirectory="46a25e0b-3ce2-4586-bff0-d88c53fc0e13" />
    <UnitTestResult executionId="e38a63b1-088c-4a91-a577-6a4e25357ad0" testId="6b035d5c-508b-4542-b586-29a51131711e" testName="Create_Passing_InvalidOrNull_Value_Returns_ApplicationException ()" computerName="PC-SFERRARI" duration="00:00:00.0000796" startTime="2021-10-24T18:49:34.0678096+02:00" endTime="2021-10-24T18:49:34.0680002+02:00" testType="13cdc9d9-ddb5-4fa4-a97d-d965ccfc6d4b" outcome="Passed" testListId="8c84fa94-04c1-424b-9868-57a2d4851a1d" relativeResultsDirectory="e38a63b1-088c-4a91-a577-6a4e25357ad0" />
    <UnitTestResult executionId="33480600-2389-4163-a0db-cecf77a26a14" testId="73431c4f-2fa1-4ef4-9976-227c205e446e" testName="Equals_Passing_Valid_Distinct_Values_Returns_False (34fsds@sdd.fgg)" computerName="PC-SFERRARI" duration="00:00:00.0000998" startTime="2021-10-24T18:49:34.0774936+02:00" endTime="2021-10-24T18:49:34.0779325+02:00" testType="13cdc9d9-ddb5-4fa4-a97d-d965ccfc6d4b" outcome="Passed" testListId="8c84fa94-04c1-424b-9868-57a2d4851a1d" relativeResultsDirectory="33480600-2389-4163-a0db-cecf77a26a14" />
    <UnitTestResult executionId="ddbb6bc2-34a2-4290-b9ae-5dad6da1d2de" testId="25b3685c-d4b2-40b2-a892-576a9cec3ae4" testName="ToString_Passing_Valid_Values_Returns_Value_String_Format (D45,86554654)" computerName="PC-SFERRARI" duration="00:00:00.0000196" startTime="2021-10-24T18:49:34.4057767+02:00" endTime="2021-10-24T18:49:34.4059863+02:00" testType="13cdc9d9-ddb5-4fa4-a97d-d965ccfc6d4b" outcome="Passed" testListId="8c84fa94-04c1-424b-9868-57a2d4851a1d" relativeResultsDirectory="ddbb6bc2-34a2-4290-b9ae-5dad6da1d2de" />
    <UnitTestResult executionId="7785fd46-502c-4c31-b2df-1cae98605b42" testId="d74e729f-3480-441e-ad51-cae37b9d10a5" testName="OperatorEqual_Passing_Valid_Distinct_Values_Returns_False (Esp añâ)" computerName="PC-SFERRARI" duration="00:00:00.0000224" startTime="2021-10-24T18:49:34.2856189+02:00" endTime="2021-10-24T18:49:34.2857553+02:00" testType="13cdc9d9-ddb5-4fa4-a97d-d965ccfc6d4b" outcome="Passed" testListId="8c84fa94-04c1-424b-9868-57a2d4851a1d" relativeResultsDirectory="7785fd46-502c-4c31-b2df-1cae98605b42" />
    <UnitTestResult executionId="def1a7ff-c7fe-4b5a-903b-bb9748531208" testId="3a802486-c2e2-423c-bc4c-a491647a206f" testName="OperatorNotEqual_Passing_Valid_Values_Returns_True (TENANT_A)" computerName="PC-SFERRARI" duration="00:00:00.0000146" startTime="2021-10-24T18:49:34.5119577+02:00" endTime="2021-10-24T18:49:34.5120839+02:00" testType="13cdc9d9-ddb5-4fa4-a97d-d965ccfc6d4b" outcome="Passed" testListId="8c84fa94-04c1-424b-9868-57a2d4851a1d" relativeResultsDirectory="def1a7ff-c7fe-4b5a-903b-bb9748531208" />
    <UnitTestResult executionId="d7620083-27af-46d6-a0b8-a338014b2f1c" testId="c85b9c07-c12b-4f35-9595-69b0bffb1498" testName="Equals_Passing_Valid_Values_Returns_True (stage_hackerone.com)" computerName="PC-SFERRARI" duration="00:00:00.0000409" startTime="2021-10-24T18:49:34.3658192+02:00" endTime="2021-10-24T18:49:34.3661047+02:00" testType="13cdc9d9-ddb5-4fa4-a97d-d965ccfc6d4b" outcome="Passed" testListId="8c84fa94-04c1-424b-9868-57a2d4851a1d" relativeResultsDirectory="d7620083-27af-46d6-a0b8-a338014b2f1c" />
    <UnitTestResult executionId="9f8e2939-fbe0-44c1-83ab-5defe29e14e7" testId="80d79393-14cc-4d33-b499-687260c6ba07" testName="OperatorNotEqual_Passing_Valid_Values_Returns_False (200,EUR,4)" computerName="PC-SFERRARI" duration="00:00:00.0008276" startTime="2021-10-24T18:49:34.2340898+02:00" endTime="2021-10-24T18:49:34.2351662+02:00" testType="13cdc9d9-ddb5-4fa4-a97d-d965ccfc6d4b" outcome="Passed" testListId="8c84fa94-04c1-424b-9868-57a2d4851a1d" relativeResultsDirectory="9f8e2939-fbe0-44c1-83ab-5defe29e14e7" />
    <UnitTestResult executionId="79860fd8-89a8-4bb2-beef-7a245a6740a7" testId="1abc5e17-4510-45e5-8004-b48c96939294" testName="IsNull_Passing_Valid_Value_Returns_False (Tenerife)" computerName="PC-SFERRARI" duration="00:00:00.0001240" startTime="2021-10-24T18:49:34.3263943+02:00" endTime="2021-10-24T18:49:34.3266420+02:00" testType="13cdc9d9-ddb5-4fa4-a97d-d965ccfc6d4b" outcome="Passed" testListId="8c84fa94-04c1-424b-9868-57a2d4851a1d" relativeResultsDirectory="79860fd8-89a8-4bb2-beef-7a245a6740a7" />
    <UnitTestResult executionId="b8053167-d613-4b5d-bf74-62da9c44b998" testId="71e7b24d-068e-4782-89bd-adaf26841992" testName="OperatorNotEqual_Passing_Valid_Values_Returns_False (Españħ)" computerName="PC-SFERRARI" duration="00:00:00.0000246" startTime="2021-10-24T18:49:34.2966859+02:00" endTime="2021-10-24T18:49:34.2968529+02:00" testType="13cdc9d9-ddb5-4fa4-a97d-d965ccfc6d4b" outcome="Passed" testListId="8c84fa94-04c1-424b-9868-57a2d4851a1d" relativeResultsDirectory="b8053167-d613-4b5d-bf74-62da9c44b998" />
    <UnitTestResult executionId="5f461114-efc8-40cd-aa3d-e6852ec32609" testId="0c93b00b-d226-442f-8a9f-864bbd979a2c" testName="ToEnum_Passing_Invalid_String_Name_Enumeracion_Returns_Null" computerName="PC-SFERRARI" duration="00:00:00.0001166" startTime="2021-10-24T18:49:33.5008332+02:00" endTime="2021-10-24T18:49:33.5010019+02:00" testType="13cdc9d9-ddb5-4fa4-a97d-d965ccfc6d4b" outcome="Passed" testListId="8c84fa94-04c1-424b-9868-57a2d4851a1d" relativeResultsDirectory="5f461114-efc8-40cd-aa3d-e6852ec32609" />
    <UnitTestResult executionId="713593f8-f503-4f99-970c-f3db3f10a93b" testId="92cccccf-3326-4a16-ae5c-052f3a67aab6" testName="OperatorEqual_Passing_Valid_Distinct_Values_Returns_False (TENANT1)" computerName="PC-SFERRARI" duration="00:00:00.0000174" startTime="2021-10-24T18:49:34.4552499+02:00" endTime="2021-10-24T18:49:34.4553776+02:00" testType="13cdc9d9-ddb5-4fa4-a97d-d965ccfc6d4b" outcome="Passed" testListId="8c84fa94-04c1-424b-9868-57a2d4851a1d" relativeResultsDirectory="713593f8-f503-4f99-970c-f3db3f10a93b" />
    <UnitTestResult executionId="d0f8ddca-abea-4799-89fb-22435ae1f265" testId="d06975ac-a8c3-4e9a-a633-15fdd807b234" testName="IsSilver_Passing_Nothing_Returns_True" computerName="PC-SFERRARI" duration="00:00:00.0002082" startTime="2021-10-24T18:49:33.5146453+02:00" endTime="2021-10-24T18:49:33.5149538+02:00" testType="13cdc9d9-ddb5-4fa4-a97d-d965ccfc6d4b" outcome="Passed" testListId="8c84fa94-04c1-424b-9868-57a2d4851a1d" relativeResultsDirectory="d0f8ddca-abea-4799-89fb-22435ae1f265" />
    <UnitTestResult executionId="5ec5f7ff-7a85-413a-97fc-31513970ce23" testId="44a961b3-8b4f-427c-93a4-6802962d68ec" testName="ToEnum_Passing_Invalid_Int_Name_Enumeracion_Returns_Null" computerName="PC-SFERRARI" duration="00:00:00.0002403" startTime="2021-10-24T18:49:33.5039380+02:00" endTime="2021-10-24T18:49:33.5042900+02:00" testType="13cdc9d9-ddb5-4fa4-a97d-d965ccfc6d4b" outcome="Passed" testListId="8c84fa94-04c1-424b-9868-57a2d4851a1d" relativeResultsDirectory="5ec5f7ff-7a85-413a-97fc-31513970ce23" />
    <UnitTestResult executionId="f629b139-eac5-4afa-93b7-ec1ec436fac9" testId="0a02b408-0628-48c7-8247-520f28237946" testName="Equals_Passing_Valid_Distinct_Values_Returns_False (TenantA)" computerName="PC-SFERRARI" duration="00:00:00.0000189" startTime="2021-10-24T18:49:34.4355178+02:00" endTime="2021-10-24T18:49:34.4356621+02:00" testType="13cdc9d9-ddb5-4fa4-a97d-d965ccfc6d4b" outcome="Passed" testListId="8c84fa94-04c1-424b-9868-57a2d4851a1d" relativeResultsDirectory="f629b139-eac5-4afa-93b7-ec1ec436fac9" />
    <UnitTestResult executionId="3b058016-2ddb-497d-a3c7-2a6d5db5f300" testId="8816fdac-7755-4107-85e2-c7c3a8618e1a" testName="ToString_Passing_Valid_Values_Returns_StringId (San Bartoleme De Tirajana)" computerName="PC-SFERRARI" duration="00:00:00.0001843" startTime="2021-10-24T18:49:34.3514313+02:00" endTime="2021-10-24T18:49:34.3517373+02:00" testType="13cdc9d9-ddb5-4fa4-a97d-d965ccfc6d4b" outcome="Passed" testListId="8c84fa94-04c1-424b-9868-57a2d4851a1d" relativeResultsDirectory="3b058016-2ddb-497d-a3c7-2a6d5db5f300" />
    <UnitTestResult executionId="8ed9103d-94bc-40fe-a878-f0fea5d3e40b" testId="e849fbeb-d2bd-4aa3-a94b-51b7ba416394" testName="OperatorEqual_Passing_Valid_Distinct_Values_Returns_False (Tenant_A)" computerName="PC-SFERRARI" duration="00:00:00.0000147" startTime="2021-10-24T18:49:34.4614828+02:00" endTime="2021-10-24T18:49:34.4616057+02:00" testType="13cdc9d9-ddb5-4fa4-a97d-d965ccfc6d4b" outcome="Passed" testListId="8c84fa94-04c1-424b-9868-57a2d4851a1d" relativeResultsDirectory="8ed9103d-94bc-40fe-a878-f0fea5d3e40b" />
    <UnitTestResult executionId="d6336f61-1cc3-4788-aa09-533e50a086f2" testId="80d83998-42b2-4414-b14d-3e79a09f5db7" testName="OperatorEqual_Passing_Valid_Values_Returns_True (dasdasd@dsasd.ff)" computerName="PC-SFERRARI" duration="00:00:00.0002310" startTime="2021-10-24T18:49:34.0867749+02:00" endTime="2021-10-24T18:49:34.0871432+02:00" testType="13cdc9d9-ddb5-4fa4-a97d-d965ccfc6d4b" outcome="Passed" testListId="8c84fa94-04c1-424b-9868-57a2d4851a1d" relativeResultsDirectory="d6336f61-1cc3-4788-aa09-533e50a086f2" />
    <UnitTestResult executionId="1fd22e63-851b-4029-9bb6-5fd3dfe46376" testId="f1b1c951-9039-40ba-841a-885cee4b60d0" testName="Equals_Passing_Valid_Distinct_Values_Returns_False (Españà)" computerName="PC-SFERRARI" duration="00:00:00.0000260" startTime="2021-10-24T18:49:34.2610034+02:00" endTime="2021-10-24T18:49:34.2611972+02:00" testType="13cdc9d9-ddb5-4fa4-a97d-d965ccfc6d4b" outcome="Passed" testListId="8c84fa94-04c1-424b-9868-57a2d4851a1d" relativeResultsDirectory="1fd22e63-851b-4029-9bb6-5fd3dfe46376" />
    <UnitTestResult executionId="2e4aade0-6711-4fe9-9647-f3f0d236da7e" testId="dea26e40-7df0-46c5-a454-ccaef4d568cf" testName="IsNull_Passing_Null_Value_Returns_True" computerName="PC-SFERRARI" duration="00:00:00.0004208" startTime="2021-10-24T18:49:34.3980416+02:00" endTime="2021-10-24T18:49:34.3985638+02:00" testType="13cdc9d9-ddb5-4fa4-a97d-d965ccfc6d4b" outcome="Passed" testListId="8c84fa94-04c1-424b-9868-57a2d4851a1d" relativeResultsDirectory="2e4aade0-6711-4fe9-9647-f3f0d236da7e" />
    <UnitTestResult executionId="e5a67de6-9ab2-43b3-b867-1a14581383c8" testId="fca265ae-71b0-4192-a178-1a4dca78dc72" testName="Create_Passing_InvalidOrNull_Value_Returns_ApplicationException (___dasfs$·%%$%$$·%$)" computerName="PC-SFERRARI" duration="00:00:00.0000870" startTime="2021-10-24T18:49:34.3545837+02:00" endTime="2021-10-24T18:49:34.3548832+02:00" testType="13cdc9d9-ddb5-4fa4-a97d-d965ccfc6d4b" outcome="Passed" testListId="8c84fa94-04c1-424b-9868-57a2d4851a1d" relativeResultsDirectory="e5a67de6-9ab2-43b3-b867-1a14581383c8" />
    <UnitTestResult executionId="abcdc787-e490-4cb8-844e-b3c9c3640d1b" testId="14196e5f-fa0f-4704-b9dc-f4dd295a746a" testName="IsNull_Passing_Null_Value_Returns_True" computerName="PC-SFERRARI" duration="00:00:00.0003409" startTime="2021-10-24T18:49:34.1536274+02:00" endTime="2021-10-24T18:49:34.1540757+02:00" testType="13cdc9d9-ddb5-4fa4-a97d-d965ccfc6d4b" outcome="Passed" testListId="8c84fa94-04c1-424b-9868-57a2d4851a1d" relativeResultsDirectory="abcdc787-e490-4cb8-844e-b3c9c3640d1b" />
    <UnitTestResult executionId="97d6f874-724f-46c4-adb5-997bf43c81f5" testId="122bd85e-71d8-44f3-ab3d-411dc7a3a82c" testName="IsFemale_Passing_Nothing_Returns_True" computerName="PC-SFERRARI" duration="00:00:00.0001485" startTime="2021-10-24T18:49:33.5001249+02:00" endTime="2021-10-24T18:49:33.5003444+02:00" testType="13cdc9d9-ddb5-4fa4-a97d-d965ccfc6d4b" outcome="Passed" testListId="8c84fa94-04c1-424b-9868-57a2d4851a1d" relativeResultsDirectory="97d6f874-724f-46c4-adb5-997bf43c81f5" />
    <UnitTestResult executionId="132a8c20-5e7d-46df-9be1-19ae7be6c12e" testId="24f218ba-351e-4ad0-9e2b-537e571fec95" testName="ToString_Passing_Valid_Values_Returns_Name (Españà)" computerName="PC-SFERRARI" duration="00:00:00.0000159" startTime="2021-10-24T18:49:34.3117382+02:00" endTime="2021-10-24T18:49:34.3118662+02:00" testType="13cdc9d9-ddb5-4fa4-a97d-d965ccfc6d4b" outcome="Passed" testListId="8c84fa94-04c1-424b-9868-57a2d4851a1d" relativeResultsDirectory="132a8c20-5e7d-46df-9be1-19ae7be6c12e" />
    <UnitTestResult executionId="ee458557-0347-4768-a822-30524e06ba55" testId="19a1a491-ac56-4491-aa12-c21fc3ed85a3" testName="OperatorNotEqual_Passing_Valid_Values_Returns_True (Sabadell,Barcelona,España)" computerName="PC-SFERRARI" duration="00:00:00.0000225" startTime="2021-10-24T18:49:34.1605271+02:00" endTime="2021-10-24T18:49:34.1606407+02:00" testType="13cdc9d9-ddb5-4fa4-a97d-d965ccfc6d4b" outcome="Passed" testListId="8c84fa94-04c1-424b-9868-57a2d4851a1d" relativeResultsDirectory="ee458557-0347-4768-a822-30524e06ba55" />
    <UnitTestResult executionId="a971b9ee-f1a9-49db-94d8-f1f89aeb5c5e" testId="433d31e8-0c2f-4ff1-a36e-5c9176d78267" testName="OperatorNotEqual_Passing_Valid_Values_Returns_True (Tenant_A)" computerName="PC-SFERRARI" duration="00:00:00.0000170" startTime="2021-10-24T18:49:34.5117799+02:00" endTime="2021-10-24T18:49:34.5119127+02:00" testType="13cdc9d9-ddb5-4fa4-a97d-d965ccfc6d4b" outcome="Passed" testListId="8c84fa94-04c1-424b-9868-57a2d4851a1d" relativeResultsDirectory="a971b9ee-f1a9-49db-94d8-f1f89aeb5c5e" />
    <UnitTestResult executionId="f1fd4f4c-8032-4fc1-8f2e-277cb5f76b11" testId="6ae29369-a17c-41b9-b435-81fef0146ef0" testName="Create_Passing_Valid_Values_Returns_Name (Tenant_1)" computerName="PC-SFERRARI" duration="00:00:00.0000145" startTime="2021-10-24T18:49:34.4171225+02:00" endTime="2021-10-24T18:49:34.4172770+02:00" testType="13cdc9d9-ddb5-4fa4-a97d-d965ccfc6d4b" outcome="Passed" testListId="8c84fa94-04c1-424b-9868-57a2d4851a1d" relativeResultsDirectory="f1fd4f4c-8032-4fc1-8f2e-277cb5f76b11" />
    <UnitTestResult executionId="fadc8355-880f-4e3d-944e-96dbf4e4df74" testId="7ea2806d-8d6c-4e2c-b911-a09b98b27cc8" testName="Create_Passing_Valid_Values_Returns_Telephone (456,43543543543)" computerName="PC-SFERRARI" duration="00:00:00.0002450" startTime="2021-10-24T18:49:34.3895532+02:00" endTime="2021-10-24T18:49:34.3899218+02:00" testType="13cdc9d9-ddb5-4fa4-a97d-d965ccfc6d4b" outcome="Passed" testListId="8c84fa94-04c1-424b-9868-57a2d4851a1d" relativeResultsDirectory="fadc8355-880f-4e3d-944e-96dbf4e4df74" />
    <UnitTestResult executionId="aa871d12-d0b1-463a-9d41-ed485d1ae530" testId="9b2fe221-f068-477d-b22b-72d29b9c7884" testName="Create_Passing_InvalidOrNull_Value_Returns_ApplicationException ()" computerName="PC-SFERRARI" duration="00:00:00.0004554" startTime="2021-10-24T18:49:34.3180502+02:00" endTime="2021-10-24T18:49:34.3189154+02:00" testType="13cdc9d9-ddb5-4fa4-a97d-d965ccfc6d4b" outcome="Passed" testListId="8c84fa94-04c1-424b-9868-57a2d4851a1d" relativeResultsDirectory="aa871d12-d0b1-463a-9d41-ed485d1ae530" />
    <UnitTestResult executionId="4e7a5e20-5d5e-4785-83e7-9e48ef85d935" testId="7e40956e-c84e-4ede-80ad-ddb4d3f6c2fd" testName="ToString_Passing_Valid_Values_Returns_Name (Españá)" computerName="PC-SFERRARI" duration="00:00:00.0000182" startTime="2021-10-24T18:49:34.3115288+02:00" endTime="2021-10-24T18:49:34.3116841+02:00" testType="13cdc9d9-ddb5-4fa4-a97d-d965ccfc6d4b" outcome="Passed" testListId="8c84fa94-04c1-424b-9868-57a2d4851a1d" relativeResultsDirectory="4e7a5e20-5d5e-4785-83e7-9e48ef85d935" />
    <UnitTestResult executionId="11a75bdb-7d0e-4b0f-b160-bbbf3e96e5a1" testId="f7e2a3b8-28f0-43b6-9bb8-495846ac4159" testName="Equals_Passing_Valid_Values_Returns_True (España)" computerName="PC-SFERRARI" duration="00:00:00.0002380" startTime="2021-10-24T18:49:34.2655335+02:00" endTime="2021-10-24T18:49:34.2658834+02:00" testType="13cdc9d9-ddb5-4fa4-a97d-d965ccfc6d4b" outcome="Passed" testListId="8c84fa94-04c1-424b-9868-57a2d4851a1d" relativeResultsDirectory="11a75bdb-7d0e-4b0f-b160-bbbf3e96e5a1" />
    <UnitTestResult executionId="43a90bfb-a663-4d78-8170-9a9115354991" testId="95c11d06-b9be-4576-855a-756110aab602" testName="Equals_Passing_Valid_Values_Returns_True (San Bartoleme De Tirajana,Las Palmas,España)" computerName="PC-SFERRARI" duration="00:00:00.0002591" startTime="2021-10-24T18:49:34.1527286+02:00" endTime="2021-10-24T18:49:34.1532694+02:00" testType="13cdc9d9-ddb5-4fa4-a97d-d965ccfc6d4b" outcome="Passed" testListId="8c84fa94-04c1-424b-9868-57a2d4851a1d" relativeResultsDirectory="43a90bfb-a663-4d78-8170-9a9115354991" />
    <UnitTestResult executionId="ddef000f-b863-449b-9e23-da5933428194" testId="86c9395e-87de-489a-aa36-788390435101" testName="Equals_Passing_Valid_Distinct_Values_Returns_False (San Bartoleme De Tirajana)" computerName="PC-SFERRARI" duration="00:00:00.0015701" startTime="2021-10-24T18:49:34.3201098+02:00" endTime="2021-10-24T18:49:34.3218246+02:00" testType="13cdc9d9-ddb5-4fa4-a97d-d965ccfc6d4b" outcome="Passed" testListId="8c84fa94-04c1-424b-9868-57a2d4851a1d" relativeResultsDirectory="ddef000f-b863-449b-9e23-da5933428194" />
    <UnitTestResult executionId="99afac82-e894-4760-9a12-156fefbbf01a" testId="6ae8b18e-59aa-4035-84a2-4d21d02e2c9c" testName="Equals_Passing_Valid_Distinct_Values_Returns_False (tenant_A)" computerName="PC-SFERRARI" duration="00:00:00.0000398" startTime="2021-10-24T18:49:34.4359543+02:00" endTime="2021-10-24T18:49:34.4374008+02:00" testType="13cdc9d9-ddb5-4fa4-a97d-d965ccfc6d4b" outcome="Passed" testListId="8c84fa94-04c1-424b-9868-57a2d4851a1d" relativeResultsDirectory="99afac82-e894-4760-9a12-156fefbbf01a" />
    <UnitTestResult executionId="a1a18826-7eef-44a9-ab84-d1a3716d6192" testId="4daf8d50-a1ab-48e0-b7b3-5ba728750ff5" testName="Equals_Passing_Valid_Distinct_Values_Returns_False (Españħ)" computerName="PC-SFERRARI" duration="00:00:00.0000353" startTime="2021-10-24T18:49:34.2650003+02:00" endTime="2021-10-24T18:49:34.2652582+02:00" testType="13cdc9d9-ddb5-4fa4-a97d-d965ccfc6d4b" outcome="Passed" testListId="8c84fa94-04c1-424b-9868-57a2d4851a1d" relativeResultsDirectory="a1a18826-7eef-44a9-ab84-d1a3716d6192" />
    <UnitTestResult executionId="a3a59010-a7b7-4bcf-9c24-66242260d000" testId="f6141b23-70b6-460e-9cbd-589f5b86f0c3" testName="Create_Passing_Valid_Values_Returns_Currency (USD)" computerName="PC-SFERRARI" duration="00:00:00.0026335" startTime="2021-10-24T18:49:33.9581830+02:00" endTime="2021-10-24T18:49:33.9611031+02:00" testType="13cdc9d9-ddb5-4fa4-a97d-d965ccfc6d4b" outcome="Passed" testListId="8c84fa94-04c1-424b-9868-57a2d4851a1d" relativeResultsDirectory="a3a59010-a7b7-4bcf-9c24-66242260d000" />
    <UnitTestResult executionId="40700c8e-ea7a-457e-82ab-a2e028852bc0" testId="31262ee3-e53e-4282-90a1-f61c59669e24" testName="Equals_Passing_Valid_Values_Returns_True (Tenant_1)" computerName="PC-SFERRARI" duration="00:00:00.0000223" startTime="2021-10-24T18:49:34.4441055+02:00" endTime="2021-10-24T18:49:34.4443430+02:00" testType="13cdc9d9-ddb5-4fa4-a97d-d965ccfc6d4b" outcome="Passed" testListId="8c84fa94-04c1-424b-9868-57a2d4851a1d" relativeResultsDirectory="40700c8e-ea7a-457e-82ab-a2e028852bc0" />
    <UnitTestResult executionId="b661986e-57a5-46cf-8209-305a7ef060da" testId="e3ae83b2-8231-46d5-b07a-4bbd51bcc20e" testName="Equals_Passing_Valid_Distinct_Values_Returns_False (San Bartoleme De Tirajana,Las Palmas,España)" computerName="PC-SFERRARI" duration="00:00:00.0022799" startTime="2021-10-24T18:49:34.1471261+02:00" endTime="2021-10-24T18:49:34.1497524+02:00" testType="13cdc9d9-ddb5-4fa4-a97d-d965ccfc6d4b" outcome="Passed" testListId="8c84fa94-04c1-424b-9868-57a2d4851a1d" relativeResultsDirectory="b661986e-57a5-46cf-8209-305a7ef060da" />
    <UnitTestResult executionId="77639efe-7520-47d1-8be0-81a53e0e1cdd" testId="082dc82d-a214-45e6-ac4a-cf59473a52a5" testName="Create_Passing_InvalidOrNull_Value_Returns_ApplicationException (4324324,0)" computerName="PC-SFERRARI" duration="00:00:00.0000656" startTime="2021-10-24T18:49:34.3893165+02:00" endTime="2021-10-24T18:49:34.3895105+02:00" testType="13cdc9d9-ddb5-4fa4-a97d-d965ccfc6d4b" outcome="Passed" testListId="8c84fa94-04c1-424b-9868-57a2d4851a1d" relativeResultsDirectory="77639efe-7520-47d1-8be0-81a53e0e1cdd" />
    <UnitTestResult executionId="ce3f2d38-ba59-4417-a685-fe5dad4c129a" testId="327c6c22-4913-41a7-8846-c3e81b7ab8b7" testName="Create_Passing_Valid_Values_Returns_Name (Españħ)" computerName="PC-SFERRARI" duration="00:00:00.0000296" startTime="2021-10-24T18:49:34.2572336+02:00" endTime="2021-10-24T18:49:34.2574879+02:00" testType="13cdc9d9-ddb5-4fa4-a97d-d965ccfc6d4b" outcome="Passed" testListId="8c84fa94-04c1-424b-9868-57a2d4851a1d" relativeResultsDirectory="ce3f2d38-ba59-4417-a685-fe5dad4c129a" />
    <UnitTestResult executionId="2a7a6e8f-431a-40b9-9b4a-24298268719c" testId="95f98b52-cedf-4739-9b52-34b1e119aea8" testName="Create_Passing_Valid_Values_Returns_Name (TENANT_1)" computerName="PC-SFERRARI" duration="00:00:00.0000117" startTime="2021-10-24T18:49:34.4173288+02:00" endTime="2021-10-24T18:49:34.4174824+02:00" testType="13cdc9d9-ddb5-4fa4-a97d-d965ccfc6d4b" outcome="Passed" testListId="8c84fa94-04c1-424b-9868-57a2d4851a1d" relativeResultsDirectory="2a7a6e8f-431a-40b9-9b4a-24298268719c" />
    <UnitTestResult executionId="54614c12-1510-4892-a822-2e7fb914181b" testId="6ddedfbb-490a-40bb-8ec4-21f262f73a5f" testName="Equals_Passing_Valid_Values_Returns_True (200,EUR,4)" computerName="PC-SFERRARI" duration="00:00:00.0006353" startTime="2021-10-24T18:49:34.1965493+02:00" endTime="2021-10-24T18:49:34.1981848+02:00" testType="13cdc9d9-ddb5-4fa4-a97d-d965ccfc6d4b" outcome="Passed" testListId="8c84fa94-04c1-424b-9868-57a2d4851a1d" relativeResultsDirectory="54614c12-1510-4892-a822-2e7fb914181b" />
    <UnitTestResult executionId="feef1dd2-29b5-47ee-b3db-524843949e4b" testId="22b1e4cb-041e-441d-b5bf-14accf2aa170" testName="OperatorNotEqual_Passing_Valid_Values_Returns_True (Esp añâ)" computerName="PC-SFERRARI" duration="00:00:00.0000381" startTime="2021-10-24T18:49:34.3053021+02:00" endTime="2021-10-24T18:49:34.3055025+02:00" testType="13cdc9d9-ddb5-4fa4-a97d-d965ccfc6d4b" outcome="Passed" testListId="8c84fa94-04c1-424b-9868-57a2d4851a1d" relativeResultsDirectory="feef1dd2-29b5-47ee-b3db-524843949e4b" />
    <UnitTestResult executionId="e28129ec-8399-40a1-a5c4-55b5d9f735ae" testId="addbee0a-4ff7-413b-9441-b03b9c532c07" testName="IsNull_Passing_Valid_Value_Returns_False (app.hackerone1.com)" computerName="PC-SFERRARI" duration="00:00:00.0002062" startTime="2021-10-24T18:49:34.3668014+02:00" endTime="2021-10-24T18:49:34.3672022+02:00" testType="13cdc9d9-ddb5-4fa4-a97d-d965ccfc6d4b" outcome="Passed" testListId="8c84fa94-04c1-424b-9868-57a2d4851a1d" relativeResultsDirectory="e28129ec-8399-40a1-a5c4-55b5d9f735ae" />
    <UnitTestResult executionId="70bbcad7-5bc4-4598-9ee6-42247b31e8b9" testId="57189ecd-392d-4982-8b4a-601eff2d518f" testName="ToString_Passing_Valid_Values_Returns_Address_String_Format (100,EUR,2)" computerName="PC-SFERRARI" duration="00:00:00.0012022" startTime="2021-10-24T18:49:34.2413813+02:00" endTime="2021-10-24T18:49:34.2428772+02:00" testType="13cdc9d9-ddb5-4fa4-a97d-d965ccfc6d4b" outcome="Passed" testListId="8c84fa94-04c1-424b-9868-57a2d4851a1d" relativeResultsDirectory="70bbcad7-5bc4-4598-9ee6-42247b31e8b9" />
    <UnitTestResult executionId="ed9e9c7e-f889-4b3c-b80f-b21a2e064eb8" testId="f7e56e41-0589-4c9f-9777-3015c542381e" testName="Equals_Passing_Valid_Values_Returns_True (Españá)" computerName="PC-SFERRARI" duration="00:00:00.0000228" startTime="2021-10-24T18:49:34.2659379+02:00" endTime="2021-10-24T18:49:34.2660978+02:00" testType="13cdc9d9-ddb5-4fa4-a97d-d965ccfc6d4b" outcome="Passed" testListId="8c84fa94-04c1-424b-9868-57a2d4851a1d" relativeResultsDirectory="ed9e9c7e-f889-4b3c-b80f-b21a2e064eb8" />
    <UnitTestResult executionId="4d290072-a01d-4af2-8970-6ec795e717da" testId="f28dc247-d182-45ef-9790-9ea30e47a927" testName="Create_Passing_Valid_Values_Returns_Name (TENANT1)" computerName="PC-SFERRARI" duration="00:00:00.0000138" startTime="2021-10-24T18:49:34.4166890+02:00" endTime="2021-10-24T18:49:34.4168516+02:00" testType="13cdc9d9-ddb5-4fa4-a97d-d965ccfc6d4b" outcome="Passed" testListId="8c84fa94-04c1-424b-9868-57a2d4851a1d" relativeResultsDirectory="4d290072-a01d-4af2-8970-6ec795e717da" />
    <UnitTestResult executionId="8c411c78-cb74-4841-8edd-bf0afbba934f" testId="6477b837-26a6-461e-9821-60425cec725c" testName="GetAll_Passing_Nothing_Returns_Enumeracion_List" computerName="PC-SFERRARI" duration="00:00:00.0006347" startTime="2021-10-24T18:49:33.5049227+02:00" endTime="2021-10-24T18:49:33.5057534+02:00" testType="13cdc9d9-ddb5-4fa4-a97d-d965ccfc6d4b" outcome="Passed" testListId="8c84fa94-04c1-424b-9868-57a2d4851a1d" relativeResultsDirectory="8c411c78-cb74-4841-8edd-bf0afbba934f" />
    <UnitTestResult executionId="61712feb-7ab9-477f-8ce2-2705b514b622" testId="9d4e8cd7-ca3a-4a9a-9dea-2ba32a91ceed" testName="OperatorEqual_Passing_Valid_Distinct_Values_Returns_False (tenant1)" computerName="PC-SFERRARI" duration="00:00:00.0002052" startTime="2021-10-24T18:49:34.4547135+02:00" endTime="2021-10-24T18:49:34.4550300+02:00" testType="13cdc9d9-ddb5-4fa4-a97d-d965ccfc6d4b" outcome="Passed" testListId="8c84fa94-04c1-424b-9868-57a2d4851a1d" relativeResultsDirectory="61712feb-7ab9-477f-8ce2-2705b514b622" />
    <UnitTestResult executionId="d1d63a0b-d00f-42df-ad14-2084b547768b" testId="6b5e6fca-99c2-4857-beed-bf1008319bad" testName="OperatorEqual_Passing_Valid_Values_Returns_True (TENANT1)" computerName="PC-SFERRARI" duration="00:00:00.0000309" startTime="2021-10-24T18:49:34.4707179+02:00" endTime="2021-10-24T18:49:34.4709795+02:00" testType="13cdc9d9-ddb5-4fa4-a97d-d965ccfc6d4b" outcome="Passed" testListId="8c84fa94-04c1-424b-9868-57a2d4851a1d" relativeResultsDirectory="d1d63a0b-d00f-42df-ad14-2084b547768b" />
    <UnitTestResult executionId="fd3f3ffb-6597-43df-b281-b93e0e9f0c69" testId="dcc681ed-2b48-450e-9ddf-6bc0224ad93c" testName="Equals_Passing_Valid_Distinct_Values_Returns_False (Tenant1)" computerName="PC-SFERRARI" duration="00:00:00.0000241" startTime="2021-10-24T18:49:34.4304722+02:00" endTime="2021-10-24T18:49:34.4306632+02:00" testType="13cdc9d9-ddb5-4fa4-a97d-d965ccfc6d4b" outcome="Passed" testListId="8c84fa94-04c1-424b-9868-57a2d4851a1d" relativeResultsDirectory="fd3f3ffb-6597-43df-b281-b93e0e9f0c69" />
    <UnitTestResult executionId="b5b915b9-03ac-4ce9-8d1f-7e56479716d8" testId="dc6e4ed1-5eff-4c62-aca0-f8351ce2d9de" testName="ToEnum_Passing_Valid_IntName_Enumeracion_Returns_Enumeracion" computerName="PC-SFERRARI" duration="00:00:00.0000863" startTime="2021-10-24T18:49:33.5010304+02:00" endTime="2021-10-24T18:49:33.5011874+02:00" testType="13cdc9d9-ddb5-4fa4-a97d-d965ccfc6d4b" outcome="Passed" testListId="8c84fa94-04c1-424b-9868-57a2d4851a1d" relativeResultsDirectory="b5b915b9-03ac-4ce9-8d1f-7e56479716d8" />
    <UnitTestResult executionId="30fc08ae-891c-4016-abef-34a66e850204" testId="e215bb2a-ea46-4bd2-8a4f-d3112d6656b5" testName="OperatorEqual_Passing_Valid_Distinct_Values_Returns_False (TenantA)" computerName="PC-SFERRARI" duration="00:00:00.0000321" startTime="2021-10-24T18:49:34.4599206+02:00" endTime="2021-10-24T18:49:34.4610182+02:00" testType="13cdc9d9-ddb5-4fa4-a97d-d965ccfc6d4b" outcome="Passed" testListId="8c84fa94-04c1-424b-9868-57a2d4851a1d" relativeResultsDirectory="30fc08ae-891c-4016-abef-34a66e850204" />
    <UnitTestResult executionId="5085ef5c-0b0e-463a-a604-a00dfaf1199f" testId="6030d822-60a2-4aca-92b3-c67c966b27f0" testName="Equals_Passing_Valid_Values_Returns_True (www.hackerone-com)" computerName="PC-SFERRARI" duration="00:00:00.0000396" startTime="2021-10-24T18:49:34.3615518+02:00" endTime="2021-10-24T18:49:34.3617309+02:00" testType="13cdc9d9-ddb5-4fa4-a97d-d965ccfc6d4b" outcome="Passed" testListId="8c84fa94-04c1-424b-9868-57a2d4851a1d" relativeResultsDirectory="5085ef5c-0b0e-463a-a604-a00dfaf1199f" />
    <UnitTestResult executionId="25d6b11e-b651-40b8-9283-bb51c6f4657c" testId="14d4ae71-7975-44c9-ad26-705d13b78293" testName="Create_Passing_Valid_Value_Returns_Email (aaads@ggg.cc)" computerName="PC-SFERRARI" duration="00:00:00.0000363" startTime="2021-10-24T18:49:34.0698864+02:00" endTime="2021-10-24T18:49:34.0700744+02:00" testType="13cdc9d9-ddb5-4fa4-a97d-d965ccfc6d4b" outcome="Passed" testListId="8c84fa94-04c1-424b-9868-57a2d4851a1d" relativeResultsDirectory="25d6b11e-b651-40b8-9283-bb51c6f4657c" />
    <UnitTestResult executionId="e04e82ca-88f8-4d0e-822a-8d12a2ece922" testId="01254f7f-1ffb-4787-8ee0-04dfb54a362c" testName="OperatorNotEqual_Passing_Valid_Values_Returns_False (app.hackerone1.com)" computerName="PC-SFERRARI" duration="00:00:00.0002169" startTime="2021-10-24T18:49:34.3727269+02:00" endTime="2021-10-24T18:49:34.3730960+02:00" testType="13cdc9d9-ddb5-4fa4-a97d-d965ccfc6d4b" outcome="Passed" testListId="8c84fa94-04c1-424b-9868-57a2d4851a1d" relativeResultsDirectory="e04e82ca-88f8-4d0e-822a-8d12a2ece922" />
    <UnitTestResult executionId="09bac18c-0d12-48c7-9990-02e27580703d" testId="203f31fd-c034-4e7f-8b12-29d00571b2cf" testName="OperatorNotEqual_Passing_Valid_Values_Returns_True (tenant1)" computerName="PC-SFERRARI" duration="00:00:00.0002095" startTime="2021-10-24T18:49:34.4822414+02:00" endTime="2021-10-24T18:49:34.4825616+02:00" testType="13cdc9d9-ddb5-4fa4-a97d-d965ccfc6d4b" outcome="Passed" testListId="8c84fa94-04c1-424b-9868-57a2d4851a1d" relativeResultsDirectory="09bac18c-0d12-48c7-9990-02e27580703d" />
    <UnitTestResult executionId="e923e892-0d79-4663-8d5c-4811a2b7ad03" testId="533e0daa-b39b-4652-9bd4-713a2df8aeb6" testName="OperatorNotEqual_Passing_Valid_Values_Returns_False (Sabadell)" computerName="PC-SFERRARI" duration="00:00:00.0000154" startTime="2021-10-24T18:49:34.3505152+02:00" endTime="2021-10-24T18:49:34.3507567+02:00" testType="13cdc9d9-ddb5-4fa4-a97d-d965ccfc6d4b" outcome="Passed" testListId="8c84fa94-04c1-424b-9868-57a2d4851a1d" relativeResultsDirectory="e923e892-0d79-4663-8d5c-4811a2b7ad03" />
    <UnitTestResult executionId="f5eef7c3-2d1a-43e3-a5ab-5ea7772c77da" testId="743762c2-cd01-439c-a12f-da615560004e" testName="OperatorEqual_Passing_Valid_Distinct_Values_Returns_False (tenantA)" computerName="PC-SFERRARI" duration="00:00:00.0000155" startTime="2021-10-24T18:49:34.4597499+02:00" endTime="2021-10-24T18:49:34.4598824+02:00" testType="13cdc9d9-ddb5-4fa4-a97d-d965ccfc6d4b" outcome="Passed" testListId="8c84fa94-04c1-424b-9868-57a2d4851a1d" relativeResultsDirectory="f5eef7c3-2d1a-43e3-a5ab-5ea7772c77da" />
    <UnitTestResult executionId="e292a467-8dee-4a98-bb64-d623f68bd545" testId="5889c5d7-621f-44e2-a888-7968bb785258" testName="ToString_Passing_Valid_Values_Returns_Value_String_Format (Sabadell,Barcelona)" computerName="PC-SFERRARI" duration="00:00:00.0000141" startTime="2021-10-24T18:49:34.1615521+02:00" endTime="2021-10-24T18:49:34.1616496+02:00" testType="13cdc9d9-ddb5-4fa4-a97d-d965ccfc6d4b" outcome="Passed" testListId="8c84fa94-04c1-424b-9868-57a2d4851a1d" relativeResultsDirectory="e292a467-8dee-4a98-bb64-d623f68bd545" />
    <UnitTestResult executionId="f56bfbc1-ed7a-42cd-a869-c5f2c0d0f5b3" testId="3b3c5af1-aa0a-4b72-996a-72bf59e897db" testName="ToString_Passing_Valid_Values_Returns_Name (TENANTA)" computerName="PC-SFERRARI" duration="00:00:00.0000106" startTime="2021-10-24T18:49:34.5169426+02:00" endTime="2021-10-24T18:49:34.5170499+02:00" testType="13cdc9d9-ddb5-4fa4-a97d-d965ccfc6d4b" outcome="Passed" testListId="8c84fa94-04c1-424b-9868-57a2d4851a1d" relativeResultsDirectory="f56bfbc1-ed7a-42cd-a869-c5f2c0d0f5b3" />
    <UnitTestResult executionId="cd4fac8c-ef8c-42e3-a209-659f27e61024" testId="5aa2e80b-a853-4fc3-8431-04821bf3714e" testName="IsNull_Passing_Valid_Value_Returns_False (Esp añâ)" computerName="PC-SFERRARI" duration="00:00:00.0000162" startTime="2021-10-24T18:49:34.2803031+02:00" endTime="2021-10-24T18:49:34.2804304+02:00" testType="13cdc9d9-ddb5-4fa4-a97d-d965ccfc6d4b" outcome="Passed" testListId="8c84fa94-04c1-424b-9868-57a2d4851a1d" relativeResultsDirectory="cd4fac8c-ef8c-42e3-a209-659f27e61024" />
    <UnitTestResult executionId="9d4f302a-af1e-4d97-9492-89e3c76fd774" testId="afb2f32b-e297-45c5-9dc4-34e40f19d3e1" testName="Create_Passing_Valid_Values_Returns_Address (400,USD,8)" computerName="PC-SFERRARI" duration="00:00:00.0010748" startTime="2021-10-24T18:49:34.1815916+02:00" endTime="2021-10-24T18:49:34.1828632+02:00" testType="13cdc9d9-ddb5-4fa4-a97d-d965ccfc6d4b" outcome="Passed" testListId="8c84fa94-04c1-424b-9868-57a2d4851a1d" relativeResultsDirectory="9d4f302a-af1e-4d97-9492-89e3c76fd774" />
    <UnitTestResult executionId="1d47e7b4-117d-4137-9385-59d8adc3d203" testId="6baa483e-fe9a-43af-8829-2a3650e6658b" testName="OperatorEqual_Passing_Valid_Values_Returns_True (Españâ)" computerName="PC-SFERRARI" duration="00:00:00.0000212" startTime="2021-10-24T18:49:34.2867242+02:00" endTime="2021-10-24T18:49:34.2868460+02:00" testType="13cdc9d9-ddb5-4fa4-a97d-d965ccfc6d4b" outcome="Passed" testListId="8c84fa94-04c1-424b-9868-57a2d4851a1d" relativeResultsDirectory="1d47e7b4-117d-4137-9385-59d8adc3d203" />
    <UnitTestResult executionId="34dc7a31-a59e-49e6-9edc-e1ab0b917ba7" testId="ce31258b-6cef-4a6f-b717-e634e3b77bff" testName="OperatorEqual_Passing_Valid_Distinct_Values_Returns_False (Españá)" computerName="PC-SFERRARI" duration="00:00:00.0000235" startTime="2021-10-24T18:49:34.2808671+02:00" endTime="2021-10-24T18:49:34.2810250+02:00" testType="13cdc9d9-ddb5-4fa4-a97d-d965ccfc6d4b" outcome="Passed" testListId="8c84fa94-04c1-424b-9868-57a2d4851a1d" relativeResultsDirectory="34dc7a31-a59e-49e6-9edc-e1ab0b917ba7" />
    <UnitTestResult executionId="e43abe87-74c3-4190-b74d-8c7afa5bfdb1" testId="7fff9e79-5530-4b59-9a2e-31b7231edc89" testName="OperatorNotEqual_Passing_Valid_Values_Returns_True (EUR)" computerName="PC-SFERRARI" duration="00:00:00.0020168" startTime="2021-10-24T18:49:33.9831279+02:00" endTime="2021-10-24T18:49:33.9853882+02:00" testType="13cdc9d9-ddb5-4fa4-a97d-d965ccfc6d4b" outcome="Passed" testListId="8c84fa94-04c1-424b-9868-57a2d4851a1d" relativeResultsDirectory="e43abe87-74c3-4190-b74d-8c7afa5bfdb1" />
    <UnitTestResult executionId="cea0f133-f04b-4b7c-8b62-cdce31574255" testId="0cdfafdb-f952-491b-b66f-39e66433e212" testName="IsNull_Passing_Valid_Value_Returns_False (España)" computerName="PC-SFERRARI" duration="00:00:00.0001388" startTime="2021-10-24T18:49:34.2745853+02:00" endTime="2021-10-24T18:49:34.2748620+02:00" testType="13cdc9d9-ddb5-4fa4-a97d-d965ccfc6d4b" outcome="Passed" testListId="8c84fa94-04c1-424b-9868-57a2d4851a1d" relativeResultsDirectory="cea0f133-f04b-4b7c-8b62-cdce31574255" />
    <UnitTestResult executionId="4392e098-ff6c-4d24-be98-243e8258341e" testId="aad816e5-d202-4160-b02a-84e89307230e" testName="OperatorEqual_Passing_Valid_Values_Returns_True (TENANT_1)" computerName="PC-SFERRARI" duration="00:00:00.0000160" startTime="2021-10-24T18:49:34.4714321+02:00" endTime="2021-10-24T18:49:34.4715572+02:00" testType="13cdc9d9-ddb5-4fa4-a97d-d965ccfc6d4b" outcome="Passed" testListId="8c84fa94-04c1-424b-9868-57a2d4851a1d" relativeResultsDirectory="4392e098-ff6c-4d24-be98-243e8258341e" />
    <UnitTestResult executionId="b797aba2-c71e-443c-b610-fac7d857af83" testId="b4d3bbc4-42ba-441a-bb00-a6ad14cbe19f" testName="Create_Passing_Valid_Values_Returns_StringId (Tenerife)" computerName="PC-SFERRARI" duration="00:00:00.0004778" startTime="2021-10-24T18:49:34.3189990+02:00" endTime="2021-10-24T18:49:34.3197271+02:00" testType="13cdc9d9-ddb5-4fa4-a97d-d965ccfc6d4b" outcome="Passed" testListId="8c84fa94-04c1-424b-9868-57a2d4851a1d" relativeResultsDirectory="b797aba2-c71e-443c-b610-fac7d857af83" />
    <UnitTestResult executionId="860c83ce-ccd5-41f9-9763-a2219170e374" testId="40b02b3a-1ad0-4142-aa34-a4bb31a2f7d4" testName="OperatorNotEqual_Passing_Valid_Values_Returns_True (Tenant1)" computerName="PC-SFERRARI" duration="00:00:00.0000177" startTime="2021-10-24T18:49:34.4826164+02:00" endTime="2021-10-24T18:49:34.4827814+02:00" testType="13cdc9d9-ddb5-4fa4-a97d-d965ccfc6d4b" outcome="Passed" testListId="8c84fa94-04c1-424b-9868-57a2d4851a1d" relativeResultsDirectory="860c83ce-ccd5-41f9-9763-a2219170e374" />
    <UnitTestResult executionId="c869a844-f6b0-493e-bebd-9536f747d7b7" testId="2ba6e73b-6aa3-466c-855a-f0523a1929af" testName="Equals_Passing_Valid_Distinct_Values_Returns_False (dasdasd@dsasd.ff)" computerName="PC-SFERRARI" duration="00:00:00.0032169" startTime="2021-10-24T18:49:34.0739411+02:00" endTime="2021-10-24T18:49:34.0773511+02:00" testType="13cdc9d9-ddb5-4fa4-a97d-d965ccfc6d4b" outcome="Passed" testListId="8c84fa94-04c1-424b-9868-57a2d4851a1d" relativeResultsDirectory="c869a844-f6b0-493e-bebd-9536f747d7b7" />
    <UnitTestResult executionId="c8ad0815-b649-4b7a-bb32-5246966ee8fe" testId="45a30bf5-1167-4de9-8cc0-e2bcba5a4ca9" testName="IsNull_Passing_Valid_Value_Returns_False (dasdasd@dsasd.ff)" computerName="PC-SFERRARI" duration="00:00:00.0004588" startTime="2021-10-24T18:49:34.0803115+02:00" endTime="2021-10-24T18:49:34.0810808+02:00" testType="13cdc9d9-ddb5-4fa4-a97d-d965ccfc6d4b" outcome="Passed" testListId="8c84fa94-04c1-424b-9868-57a2d4851a1d" relativeResultsDirectory="c8ad0815-b649-4b7a-bb32-5246966ee8fe" />
    <UnitTestResult executionId="95c944f8-e428-45e5-b39e-c522bc6d9baf" testId="df2bb601-a661-4f9a-9055-420b4a95ad1b" testName="ToEnum_Passing_Valid_String_Name_Enumeracion_Returns_Enumeracion" computerName="PC-SFERRARI" duration="00:00:00.0000830" startTime="2021-10-24T18:49:33.5012155+02:00" endTime="2021-10-24T18:49:33.5013493+02:00" testType="13cdc9d9-ddb5-4fa4-a97d-d965ccfc6d4b" outcome="Passed" testListId="8c84fa94-04c1-424b-9868-57a2d4851a1d" relativeResultsDirectory="95c944f8-e428-45e5-b39e-c522bc6d9baf" />
    <UnitTestResult executionId="63e46db3-e753-4c77-a274-54f2aa10145c" testId="3d7676de-77a1-42a8-93d9-6511a9f0ef51" testName="Create_Passing_Valid_Values_Returns_Name (Españà)" computerName="PC-SFERRARI" duration="00:00:00.0000195" startTime="2021-10-24T18:49:34.2535492+02:00" endTime="2021-10-24T18:49:34.2536791+02:00" testType="13cdc9d9-ddb5-4fa4-a97d-d965ccfc6d4b" outcome="Passed" testListId="8c84fa94-04c1-424b-9868-57a2d4851a1d" relativeResultsDirectory="63e46db3-e753-4c77-a274-54f2aa10145c" />
    <UnitTestResult executionId="89148b84-e9b1-4fbb-bfcc-fcd0bc90e856" testId="d9fc2e12-108d-49e1-874d-b0d205e3b61c" testName="OperatorEqual_Passing_Valid_Values_Returns_True (tenantA)" computerName="PC-SFERRARI" duration="00:00:00.0000243" startTime="2021-10-24T18:49:34.4715960+02:00" endTime="2021-10-24T18:49:34.4717278+02:00" testType="13cdc9d9-ddb5-4fa4-a97d-d965ccfc6d4b" outcome="Passed" testListId="8c84fa94-04c1-424b-9868-57a2d4851a1d" relativeResultsDirectory="89148b84-e9b1-4fbb-bfcc-fcd0bc90e856" />
    <UnitTestResult executionId="e7b4b2cb-7a70-4e98-bbcd-fffd6d62b2a2" testId="48acd71b-a446-49e1-be13-096efd0d45bc" testName="ToEnum_Passing_Valid_String_Name_Enumeracion_Returns_Enumeracion" computerName="PC-SFERRARI" duration="00:00:00.0000812" startTime="2021-10-24T18:49:33.4567988+02:00" endTime="2021-10-24T18:49:33.4569289+02:00" testType="13cdc9d9-ddb5-4fa4-a97d-d965ccfc6d4b" outcome="Passed" testListId="8c84fa94-04c1-424b-9868-57a2d4851a1d" relativeResultsDirectory="e7b4b2cb-7a70-4e98-bbcd-fffd6d62b2a2" />
    <UnitTestResult executionId="266b5f8c-d16d-4e92-a5cd-3bdf80737ef7" testId="3f99bf6a-c2e0-4148-8143-956a32165ec6" testName="IsNull_Passing_Valid_Value_Returns_False (TENANTA)" computerName="PC-SFERRARI" duration="00:00:00.0000271" startTime="2021-10-24T18:49:34.4538546+02:00" endTime="2021-10-24T18:49:34.4541125+02:00" testType="13cdc9d9-ddb5-4fa4-a97d-d965ccfc6d4b" outcome="Passed" testListId="8c84fa94-04c1-424b-9868-57a2d4851a1d" relativeResultsDirectory="266b5f8c-d16d-4e92-a5cd-3bdf80737ef7" />
    <UnitTestResult executionId="23a3642c-e973-4d19-a4ed-1f818b8d516b" testId="6ab2c369-6e4b-411b-aff0-bcee63437b9f" testName="Create_Passing_InvalidOrNull_Value_Returns_ApplicationException (Tenerife,-10,DF7956,Sabadell,Barcelona,España)" computerName="PC-SFERRARI" duration="00:00:00.0000750" startTime="2021-10-24T18:49:33.5615945+02:00" endTime="2021-10-24T18:49:33.5618887+02:00" testType="13cdc9d9-ddb5-4fa4-a97d-d965ccfc6d4b" outcome="Passed" testListId="8c84fa94-04c1-424b-9868-57a2d4851a1d" relativeResultsDirectory="23a3642c-e973-4d19-a4ed-1f818b8d516b" />
    <UnitTestResult executionId="1d6e593a-dbb6-44f5-957c-c7e121cfb653" testId="84c3172d-75d0-4db6-a166-7d59bc035fe3" testName="ToEnum_Passing_Valid_Bool_Value_Returns_Enumeracion" computerName="PC-SFERRARI" duration="00:00:00.0004008" startTime="2021-10-24T18:49:33.5107157+02:00" endTime="2021-10-24T18:49:33.5112125+02:00" testType="13cdc9d9-ddb5-4fa4-a97d-d965ccfc6d4b" outcome="Passed" testListId="8c84fa94-04c1-424b-9868-57a2d4851a1d" relativeResultsDirectory="1d6e593a-dbb6-44f5-957c-c7e121cfb653" />
    <UnitTestResult executionId="dd77dea5-13c2-4cef-af2e-d8a7ebec2afc" testId="2e6f45bc-79be-4ec3-b438-729e76c4d320" testName="ToString_Passing_Valid_Values_Returns_Address_String_Format (400,USD,8)" computerName="PC-SFERRARI" duration="00:00:00.0009522" startTime="2021-10-24T18:49:34.2437143+02:00" endTime="2021-10-24T18:49:34.2449064+02:00" testType="13cdc9d9-ddb5-4fa4-a97d-d965ccfc6d4b" outcome="Passed" testListId="8c84fa94-04c1-424b-9868-57a2d4851a1d" relativeResultsDirectory="dd77dea5-13c2-4cef-af2e-d8a7ebec2afc" />
    <UnitTestResult executionId="826c9816-d65d-4b5e-82ee-74383a469243" testId="58b924ed-64de-43a2-9caf-29c8c3fc750a" testName="Create_Passing_Valid_Values_Returns_Name (tenant_A)" computerName="PC-SFERRARI" duration="00:00:00.0000249" startTime="2021-10-24T18:49:34.4286347+02:00" endTime="2021-10-24T18:49:34.4289174+02:00" testType="13cdc9d9-ddb5-4fa4-a97d-d965ccfc6d4b" outcome="Passed" testListId="8c84fa94-04c1-424b-9868-57a2d4851a1d" relativeResultsDirectory="826c9816-d65d-4b5e-82ee-74383a469243" />
    <UnitTestResult executionId="abbf7aca-30f1-4e0e-a491-c3c476ab7b1e" testId="fb3f5e13-e632-4f93-b806-edcc2738f84a" testName="OperatorNotEqual_Passing_Valid_Values_Returns_True (Españä)" computerName="PC-SFERRARI" duration="00:00:00.0000203" startTime="2021-10-24T18:49:34.2979241+02:00" endTime="2021-10-24T18:49:34.2980442+02:00" testType="13cdc9d9-ddb5-4fa4-a97d-d965ccfc6d4b" outcome="Passed" testListId="8c84fa94-04c1-424b-9868-57a2d4851a1d" relativeResultsDirectory="abbf7aca-30f1-4e0e-a491-c3c476ab7b1e" />
    <UnitTestResult executionId="2cf8f58d-e694-45bb-82b1-1eeb63e919e2" testId="4ee63f79-5c57-4a0c-a99b-b3b43a4d6b3d" testName="OperatorNotEqual_Passing_Valid_Values_Returns_False (34fsds@sdd.fgg)" computerName="PC-SFERRARI" duration="00:00:00.0000417" startTime="2021-10-24T18:49:34.0878832+02:00" endTime="2021-10-24T18:49:34.0880839+02:00" testType="13cdc9d9-ddb5-4fa4-a97d-d965ccfc6d4b" outcome="Passed" testListId="8c84fa94-04c1-424b-9868-57a2d4851a1d" relativeResultsDirectory="2cf8f58d-e694-45bb-82b1-1eeb63e919e2" />
    <UnitTestResult executionId="a71af971-0b8e-42f6-acad-7ba0b98a2e25" testId="ebbc5eca-5109-41be-acbe-29fcf232410e" testName="OperatorEqual_Passing_Valid_Values_Returns_False (Tenerife,23,34567,San Bartoleme De Tirajana,Las Palmas,España)" computerName="PC-SFERRARI" duration="00:00:00.0005082" startTime="2021-10-24T18:49:33.5731110+02:00" endTime="2021-10-24T18:49:33.5740374+02:00" testType="13cdc9d9-ddb5-4fa4-a97d-d965ccfc6d4b" outcome="Passed" testListId="8c84fa94-04c1-424b-9868-57a2d4851a1d" relativeResultsDirectory="a71af971-0b8e-42f6-acad-7ba0b98a2e25" />
    <UnitTestResult executionId="79852979-a0ed-4a33-8cac-ad56c314081d" testId="c960298f-66a8-4753-a9f9-4ed2da8cbe6e" testName="OperatorEqual_Passing_Valid_Distinct_Values_Returns_False (tenant_A)" computerName="PC-SFERRARI" duration="00:00:00.0000155" startTime="2021-10-24T18:49:34.4613084+02:00" endTime="2021-10-24T18:49:34.4614398+02:00" testType="13cdc9d9-ddb5-4fa4-a97d-d965ccfc6d4b" outcome="Passed" testListId="8c84fa94-04c1-424b-9868-57a2d4851a1d" relativeResultsDirectory="79852979-a0ed-4a33-8cac-ad56c314081d" />
    <UnitTestResult executionId="0e024e3f-34dd-43e5-98a2-b34b131001d3" testId="509aefbf-14e3-4951-96f3-f4e8f9cad14b" testName="IsNull_Passing_Valid_Value_Returns_False (TENANT1)" computerName="PC-SFERRARI" duration="00:00:00.0000157" startTime="2021-10-24T18:49:34.4502845+02:00" endTime="2021-10-24T18:49:34.4504169+02:00" testType="13cdc9d9-ddb5-4fa4-a97d-d965ccfc6d4b" outcome="Passed" testListId="8c84fa94-04c1-424b-9868-57a2d4851a1d" relativeResultsDirectory="0e024e3f-34dd-43e5-98a2-b34b131001d3" />
    <UnitTestResult executionId="91d7c111-cddb-4a77-842b-fbb7f57585ff" testId="3f47ca87-70cc-4f12-bdb2-b431cd45bc48" testName="ToString_Passing_Valid_Values_Returns_Name (tenant1)" computerName="PC-SFERRARI" duration="00:00:00.0003163" startTime="2021-10-24T18:49:34.5121246+02:00" endTime="2021-10-24T18:49:34.5125540+02:00" testType="13cdc9d9-ddb5-4fa4-a97d-d965ccfc6d4b" outcome="Passed" testListId="8c84fa94-04c1-424b-9868-57a2d4851a1d" relativeResultsDirectory="91d7c111-cddb-4a77-842b-fbb7f57585ff" />
    <UnitTestResult executionId="9d552a2b-f8ed-4df3-a36e-292350907ed4" testId="a5a0f19a-32fd-467e-825b-99eb583b7059" testName="ToNormalize_Passing_Valid_Values_Returns_Name_String_Format (Esp añâ,Esp ana)" computerName="PC-SFERRARI" duration="00:00:00.0000425" startTime="2021-10-24T18:49:34.3108173+02:00" endTime="2021-10-24T18:49:34.3109836+02:00" testType="13cdc9d9-ddb5-4fa4-a97d-d965ccfc6d4b" outcome="Passed" testListId="8c84fa94-04c1-424b-9868-57a2d4851a1d" relativeResultsDirectory="9d552a2b-f8ed-4df3-a36e-292350907ed4" />
    <UnitTestResult executionId="94f25b27-3032-4229-89fa-0997e576005d" testId="99a64fe6-1f2e-4b5c-b78d-8a4f582bd134" testName="Create_Passing_Valid_Values_Returns_Address (200,EUR,4)" computerName="PC-SFERRARI" duration="00:00:00.0004490" startTime="2021-10-24T18:49:34.1808191+02:00" endTime="2021-10-24T18:49:34.1815355+02:00" testType="13cdc9d9-ddb5-4fa4-a97d-d965ccfc6d4b" outcome="Passed" testListId="8c84fa94-04c1-424b-9868-57a2d4851a1d" relativeResultsDirectory="94f25b27-3032-4229-89fa-0997e576005d" />
    <UnitTestResult executionId="ebd950c9-86f4-4553-963e-72cc01a7ab01" testId="900bb420-c0b4-4d37-bce6-ee0f76a7661b" testName="OperatorEqual_Passing_Valid_Distinct_Values_Returns_False (400,EUR,8)" computerName="PC-SFERRARI" duration="00:00:00.0010991" startTime="2021-10-24T18:49:34.2098576+02:00" endTime="2021-10-24T18:49:34.2112041+02:00" testType="13cdc9d9-ddb5-4fa4-a97d-d965ccfc6d4b" outcome="Passed" testListId="8c84fa94-04c1-424b-9868-57a2d4851a1d" relativeResultsDirectory="ebd950c9-86f4-4553-963e-72cc01a7ab01" />
    <UnitTestResult executionId="9eee0045-8a0b-44a6-a68b-36570522cc52" testId="7ea72699-2975-4d94-bf00-26dcf70f14af" testName="OperatorEqual_Passing_Valid_Distinct_Values_Returns_False (456,43543543543)" computerName="PC-SFERRARI" duration="00:00:00.0001634" startTime="2021-10-24T18:49:34.3992628+02:00" endTime="2021-10-24T18:49:34.3995425+02:00" testType="13cdc9d9-ddb5-4fa4-a97d-d965ccfc6d4b" outcome="Passed" testListId="8c84fa94-04c1-424b-9868-57a2d4851a1d" relativeResultsDirectory="9eee0045-8a0b-44a6-a68b-36570522cc52" />
    <UnitTestResult executionId="f4b056c7-c6f7-404c-b86b-045e7bdfaf99" testId="76485328-f6b0-4b0d-9b84-034a63cf8209" testName="ToEnum_Passing_Valid_String_Name_Returns_Enumeracion" computerName="PC-SFERRARI" duration="00:00:00.0000861" startTime="2021-10-24T18:49:33.5157095+02:00" endTime="2021-10-24T18:49:33.5158472+02:00" testType="13cdc9d9-ddb5-4fa4-a97d-d965ccfc6d4b" outcome="Passed" testListId="8c84fa94-04c1-424b-9868-57a2d4851a1d" relativeResultsDirectory="f4b056c7-c6f7-404c-b86b-045e7bdfaf99" />
    <UnitTestResult executionId="88b29fc8-1194-4ce9-ac3a-3ef22f97b1fe" testId="0e4a7999-b545-4047-91ea-03adf21439b1" testName="OperatorNotEqual_Passing_Valid_Values_Returns_True (Españà)" computerName="PC-SFERRARI" duration="00:00:00.0000220" startTime="2021-10-24T18:49:34.2977342+02:00" endTime="2021-10-24T18:49:34.2978758+02:00" testType="13cdc9d9-ddb5-4fa4-a97d-d965ccfc6d4b" outcome="Passed" testListId="8c84fa94-04c1-424b-9868-57a2d4851a1d" relativeResultsDirectory="88b29fc8-1194-4ce9-ac3a-3ef22f97b1fe" />
    <UnitTestResult executionId="4bcc204a-5160-4ceb-818f-a6fbf9bf5f16" testId="410dbe9f-2946-44ea-b1ba-faec5bbfe947" testName="ToEnum_Passing_Invalid_String_Name_Enumeracion_Returns_Null" computerName="PC-SFERRARI" duration="00:00:00.0001282" startTime="2021-10-24T18:49:33.5153167+02:00" endTime="2021-10-24T18:49:33.5155008+02:00" testType="13cdc9d9-ddb5-4fa4-a97d-d965ccfc6d4b" outcome="Passed" testListId="8c84fa94-04c1-424b-9868-57a2d4851a1d" relativeResultsDirectory="4bcc204a-5160-4ceb-818f-a6fbf9bf5f16" />
    <UnitTestResult executionId="8ce90884-6814-4552-ba2d-be81d360d03b" testId="71b7b707-16d2-4396-9dda-6b61f69158c8" testName="IsFree_Passing_Nothing_Returns_True" computerName="PC-SFERRARI" duration="00:00:00.0001583" startTime="2021-10-24T18:49:33.5127902+02:00" endTime="2021-10-24T18:49:33.5130239+02:00" testType="13cdc9d9-ddb5-4fa4-a97d-d965ccfc6d4b" outcome="Passed" testListId="8c84fa94-04c1-424b-9868-57a2d4851a1d" relativeResultsDirectory="8ce90884-6814-4552-ba2d-be81d360d03b" />
    <UnitTestResult executionId="44af7337-f681-46b8-8f45-f1ff8aac0424" testId="65f667d4-5823-428b-afbb-893967e4ce79" testName="ToString_Passing_Valid_Values_Returns_Subdomain (www.hackerone-com)" computerName="PC-SFERRARI" duration="00:00:00.0000321" startTime="2021-10-24T18:49:34.3851713+02:00" endTime="2021-10-24T18:49:34.3854500+02:00" testType="13cdc9d9-ddb5-4fa4-a97d-d965ccfc6d4b" outcome="Passed" testListId="8c84fa94-04c1-424b-9868-57a2d4851a1d" relativeResultsDirectory="44af7337-f681-46b8-8f45-f1ff8aac0424" />
    <UnitTestResult executionId="0357133c-3b12-4d6e-b594-267f549d2bb5" testId="ddc21c2f-4f82-4e4f-a219-be65cf290935" testName="OperatorNotEqual_Passing_Valid_Values_Returns_True (456,43543543543)" computerName="PC-SFERRARI" duration="00:00:00.0001934" startTime="2021-10-24T18:49:34.4045106+02:00" endTime="2021-10-24T18:49:34.4048311+02:00" testType="13cdc9d9-ddb5-4fa4-a97d-d965ccfc6d4b" outcome="Passed" testListId="8c84fa94-04c1-424b-9868-57a2d4851a1d" relativeResultsDirectory="0357133c-3b12-4d6e-b594-267f549d2bb5" />
    <UnitTestResult executionId="e36e00b5-d9ce-4cfe-8410-30133d305647" testId="c700c1bf-590c-4108-8cfa-b8e7399c20f9" testName="OperatorEqual_Passing_Valid_Values_Returns_True (Esp añâ)" computerName="PC-SFERRARI" duration="00:00:00.0000208" startTime="2021-10-24T18:49:34.2921942+02:00" endTime="2021-10-24T18:49:34.2923233+02:00" testType="13cdc9d9-ddb5-4fa4-a97d-d965ccfc6d4b" outcome="Passed" testListId="8c84fa94-04c1-424b-9868-57a2d4851a1d" relativeResultsDirectory="e36e00b5-d9ce-4cfe-8410-30133d305647" />
    <UnitTestResult executionId="7f7d8210-1cbb-4c67-a42b-04814481d455" testId="a47a6101-cafc-4a29-9386-61eea85a1eaa" testName="ToEnum_Passing_Invalid_String_Name_Enumeracion_Returns_Null" computerName="PC-SFERRARI" duration="00:00:00.0001277" startTime="2021-10-24T18:49:33.5043413+02:00" endTime="2021-10-24T18:49:33.5045282+02:00" testType="13cdc9d9-ddb5-4fa4-a97d-d965ccfc6d4b" outcome="Passed" testListId="8c84fa94-04c1-424b-9868-57a2d4851a1d" relativeResultsDirectory="7f7d8210-1cbb-4c67-a42b-04814481d455" />
    <UnitTestResult executionId="d3958481-d198-4f21-a0ee-c764a6e3e214" testId="80f961fe-ead4-4013-a239-2335167c25b1" testName="OperatorNotEqual_Passing_Valid_Values_Returns_True (TENANT1)" computerName="PC-SFERRARI" duration="00:00:00.0000194" startTime="2021-10-24T18:49:34.4828451+02:00" endTime="2021-10-24T18:49:34.4830406+02:00" testType="13cdc9d9-ddb5-4fa4-a97d-d965ccfc6d4b" outcome="Passed" testListId="8c84fa94-04c1-424b-9868-57a2d4851a1d" relativeResultsDirectory="d3958481-d198-4f21-a0ee-c764a6e3e214" />
    <UnitTestResult executionId="50038e12-cd97-4ae6-953b-ec6cf3be93fc" testId="4a1e5904-e5db-46e2-92f2-e07e3d29d429" testName="Equals_Passing_Valid_Distinct_Values_Returns_False (Esp añâ)" computerName="PC-SFERRARI" duration="00:00:00.0000236" startTime="2021-10-24T18:49:34.2653274+02:00" endTime="2021-10-24T18:49:34.2654889+02:00" testType="13cdc9d9-ddb5-4fa4-a97d-d965ccfc6d4b" outcome="Passed" testListId="8c84fa94-04c1-424b-9868-57a2d4851a1d" relativeResultsDirectory="50038e12-cd97-4ae6-953b-ec6cf3be93fc" />
    <UnitTestResult executionId="d936bfc4-9d80-4850-9fec-c5d60e2450d4" testId="20f8f01d-3e96-45c7-a499-b4a0aad80673" testName="OperatorNotEqual_Passing_Valid_Values_Returns_True (tenant_A)" computerName="PC-SFERRARI" duration="00:00:00.0000202" startTime="2021-10-24T18:49:34.5115695+02:00" endTime="2021-10-24T18:49:34.5117352+02:00" testType="13cdc9d9-ddb5-4fa4-a97d-d965ccfc6d4b" outcome="Passed" testListId="8c84fa94-04c1-424b-9868-57a2d4851a1d" relativeResultsDirectory="d936bfc4-9d80-4850-9fec-c5d60e2450d4" />
    <UnitTestResult executionId="cd5113cd-f957-40c5-abd1-37a7a45f6d25" testId="df0a4215-5566-40f4-a857-0207c335a154" testName="OperatorEqual_Passing_Valid_Distinct_Values_Returns_False (D45,86554654)" computerName="PC-SFERRARI" duration="00:00:00.0000275" startTime="2021-10-24T18:49:34.3995849+02:00" endTime="2021-10-24T18:49:34.3997301+02:00" testType="13cdc9d9-ddb5-4fa4-a97d-d965ccfc6d4b" outcome="Passed" testListId="8c84fa94-04c1-424b-9868-57a2d4851a1d" relativeResultsDirectory="cd5113cd-f957-40c5-abd1-37a7a45f6d25" />
    <UnitTestResult executionId="eb1a63f4-d944-4b0d-b22e-133ad14c9064" testId="f9ef3a72-34e6-48ca-b68a-10a0235cfd91" testName="OperatorNotEqual_Passing_Valid_Values_Returns_True (Españã)" computerName="PC-SFERRARI" duration="00:00:00.0000198" startTime="2021-10-24T18:49:34.2982300+02:00" endTime="2021-10-24T18:49:34.2983443+02:00" testType="13cdc9d9-ddb5-4fa4-a97d-d965ccfc6d4b" outcome="Passed" testListId="8c84fa94-04c1-424b-9868-57a2d4851a1d" relativeResultsDirectory="eb1a63f4-d944-4b0d-b22e-133ad14c9064" />
    <UnitTestResult executionId="ce38a1f4-da78-427b-97ce-8a22bc4b8ee1" testId="4b486c0f-1bb6-446b-a25e-5fb76ca6b0bb" testName="Create_Passing_Valid_Values_Returns_Name (Tenant_A)" computerName="PC-SFERRARI" duration="00:00:00.0000120" startTime="2021-10-24T18:49:34.4290111+02:00" endTime="2021-10-24T18:49:34.4291497+02:00" testType="13cdc9d9-ddb5-4fa4-a97d-d965ccfc6d4b" outcome="Passed" testListId="8c84fa94-04c1-424b-9868-57a2d4851a1d" relativeResultsDirectory="ce38a1f4-da78-427b-97ce-8a22bc4b8ee1" />
    <UnitTestResult executionId="e57166ea-dec4-4d50-bce2-bca15c0fe709" testId="aab9f4ab-7b81-410c-807b-beaede362bc6" testName="Create_Passing_Valid_Value_Returns_Email (ádsads@ggg.cc)" computerName="PC-SFERRARI" duration="00:00:00.0000447" startTime="2021-10-24T18:49:34.0695922+02:00" endTime="2021-10-24T18:49:34.0698282+02:00" testType="13cdc9d9-ddb5-4fa4-a97d-d965ccfc6d4b" outcome="Passed" testListId="8c84fa94-04c1-424b-9868-57a2d4851a1d" relativeResultsDirectory="e57166ea-dec4-4d50-bce2-bca15c0fe709" />
    <UnitTestResult executionId="f75cbf93-a3dc-47a3-b5c4-1547b72317d3" testId="88646478-49f6-4e72-a3db-70e600ab2dfb" testName="Create_Passing_Valid_Values_Returns_Name (TenantA)" computerName="PC-SFERRARI" duration="00:00:00.0000120" startTime="2021-10-24T18:49:34.4177429+02:00" endTime="2021-10-24T18:49:34.4178841+02:00" testType="13cdc9d9-ddb5-4fa4-a97d-d965ccfc6d4b" outcome="Passed" testListId="8c84fa94-04c1-424b-9868-57a2d4851a1d" relativeResultsDirectory="f75cbf93-a3dc-47a3-b5c4-1547b72317d3" />
    <UnitTestResult executionId="9d5c5046-748e-464c-b82e-bd5a3bb63433" testId="fa80aeec-f5b3-4a74-bb1f-1e02fe0ffe6c" testName="Create_Passing_InvalidOrNull_Value_Returns_ApplicationException (,789,DF7956,Sabadell,Barcelona,España)" computerName="PC-SFERRARI" duration="00:00:00.0000783" startTime="2021-10-24T18:49:33.5611497+02:00" endTime="2021-10-24T18:49:33.5615193+02:00" testType="13cdc9d9-ddb5-4fa4-a97d-d965ccfc6d4b" outcome="Passed" testListId="8c84fa94-04c1-424b-9868-57a2d4851a1d" relativeResultsDirectory="9d5c5046-748e-464c-b82e-bd5a3bb63433" />
    <UnitTestResult executionId="f35707be-c71c-467b-8621-2cb1c51a1111" testId="64bca214-51b8-4a75-8a76-b5f698ba88ed" testName="ToFullString_Passing_Valid_Values_Returns_Value_String_Format (Sabadell,Barcelona,España)" computerName="PC-SFERRARI" duration="00:00:00.0000176" startTime="2021-10-24T18:49:34.1610985+02:00" endTime="2021-10-24T18:49:34.1612143+02:00" testType="13cdc9d9-ddb5-4fa4-a97d-d965ccfc6d4b" outcome="Passed" testListId="8c84fa94-04c1-424b-9868-57a2d4851a1d" relativeResultsDirectory="f35707be-c71c-467b-8621-2cb1c51a1111" />
    <UnitTestResult executionId="78d92ce9-b7b0-4baf-be2c-8366de5ed93d" testId="2b222f4c-c92c-42a0-861c-19710fdad563" testName="Create_Passing_Valid_Values_Returns_Name (Españã)" computerName="PC-SFERRARI" duration="00:00:00.0000155" startTime="2021-10-24T18:49:34.2540558+02:00" endTime="2021-10-24T18:49:34.2541831+02:00" testType="13cdc9d9-ddb5-4fa4-a97d-d965ccfc6d4b" outcome="Passed" testListId="8c84fa94-04c1-424b-9868-57a2d4851a1d" relativeResultsDirectory="78d92ce9-b7b0-4baf-be2c-8366de5ed93d" />
    <UnitTestResult executionId="1e1419da-fdbf-4dfc-abf3-a809c038430a" testId="44745fd2-8f80-4bfa-839f-50c9c354caba" testName="IsInactive_Passing_Nothing_Returns_True" computerName="PC-SFERRARI" duration="00:00:00.0001319" startTime="2021-10-24T18:49:33.5060385+02:00" endTime="2021-10-24T18:49:33.5062467+02:00" testType="13cdc9d9-ddb5-4fa4-a97d-d965ccfc6d4b" outcome="Passed" testListId="8c84fa94-04c1-424b-9868-57a2d4851a1d" relativeResultsDirectory="1e1419da-fdbf-4dfc-abf3-a809c038430a" />
    <UnitTestResult executionId="4edf1565-6515-45f3-9d1f-92974b21d135" testId="93151a69-e1cd-4cb8-972a-70d274256c78" testName="ToEnum_Passing_Invalid_Int_Value_Returns_Null" computerName="PC-SFERRARI" duration="00:00:00.0003795" startTime="2021-10-24T18:49:33.5085191+02:00" endTime="2021-10-24T18:49:33.5090862+02:00" testType="13cdc9d9-ddb5-4fa4-a97d-d965ccfc6d4b" outcome="Passed" testListId="8c84fa94-04c1-424b-9868-57a2d4851a1d" relativeResultsDirectory="4edf1565-6515-45f3-9d1f-92974b21d135" />
    <UnitTestResult executionId="fdbaaf11-cfc3-4662-aff6-e2aa0e13a66b" testId="025ea1fe-8582-4c53-92d1-d0dbaf206e43" testName="ToEnum_Passing_Invalid_Int_Name_Enumeracion_Returns_Null" computerName="PC-SFERRARI" duration="00:00:00.0008118" startTime="2021-10-24T18:49:33.4551124+02:00" endTime="2021-10-24T18:49:33.4559742+02:00" testType="13cdc9d9-ddb5-4fa4-a97d-d965ccfc6d4b" outcome="Passed" testListId="8c84fa94-04c1-424b-9868-57a2d4851a1d" relativeResultsDirectory="fdbaaf11-cfc3-4662-aff6-e2aa0e13a66b" />
    <UnitTestResult executionId="53640555-7985-440b-997d-92267922aa7d" testId="80d3ffd2-5d11-41f3-95cc-d175a7f6dff8" testName="OperatorEqual_Passing_Valid_Values_Returns_True (Sabadell)" computerName="PC-SFERRARI" duration="00:00:00.0000155" startTime="2021-10-24T18:49:34.3275970+02:00" endTime="2021-10-24T18:49:34.3277322+02:00" testType="13cdc9d9-ddb5-4fa4-a97d-d965ccfc6d4b" outcome="Passed" testListId="8c84fa94-04c1-424b-9868-57a2d4851a1d" relativeResultsDirectory="53640555-7985-440b-997d-92267922aa7d" />
    <UnitTestResult executionId="6f4abd87-de0e-457f-9662-61d4bfcc8c47" testId="26b7a4ae-2844-4e6a-be82-34dd86513870" testName="Create_Passing_Valid_Values_Returns_Address (100,EUR,2)" computerName="PC-SFERRARI" duration="00:00:00.0007275" startTime="2021-10-24T18:49:34.1797167+02:00" endTime="2021-10-24T18:49:34.1807307+02:00" testType="13cdc9d9-ddb5-4fa4-a97d-d965ccfc6d4b" outcome="Passed" testListId="8c84fa94-04c1-424b-9868-57a2d4851a1d" relativeResultsDirectory="6f4abd87-de0e-457f-9662-61d4bfcc8c47" />
    <UnitTestResult executionId="4b693f41-d128-4a1e-b9ab-39e040cddaaf" testId="0232c06d-b04a-45f0-b7c4-835e38d2fa2b" testName="Create_Passing_Valid_Values_Returns_Name (Tenant1)" computerName="PC-SFERRARI" duration="00:00:00.0000175" startTime="2021-10-24T18:49:34.4164265+02:00" endTime="2021-10-24T18:49:34.4166281+02:00" testType="13cdc9d9-ddb5-4fa4-a97d-d965ccfc6d4b" outcome="Passed" testListId="8c84fa94-04c1-424b-9868-57a2d4851a1d" relativeResultsDirectory="4b693f41-d128-4a1e-b9ab-39e040cddaaf" />
    <UnitTestResult executionId="2573c11c-d6ad-402f-ae4e-e9b70474d109" testId="6552390a-82c5-4e70-a888-acc899a29080" testName="GetAll_Passing_Nothing_Returns_Enumeracion_List" computerName="PC-SFERRARI" duration="00:00:00.0007138" startTime="2021-10-24T18:49:33.5118305+02:00" endTime="2021-10-24T18:49:33.5127373+02:00" testType="13cdc9d9-ddb5-4fa4-a97d-d965ccfc6d4b" outcome="Passed" testListId="8c84fa94-04c1-424b-9868-57a2d4851a1d" relativeResultsDirectory="2573c11c-d6ad-402f-ae4e-e9b70474d109" />
    <UnitTestResult executionId="9512dfce-bcee-4f6d-90f8-5910726addb6" testId="b36bd8bf-6306-4796-9208-5ada83a00d26" testName="IsNull_Passing_Null_Value_Returns_True" computerName="PC-SFERRARI" duration="00:00:00.0008363" startTime="2021-10-24T18:49:34.0791701+02:00" endTime="2021-10-24T18:49:34.0801969+02:00" testType="13cdc9d9-ddb5-4fa4-a97d-d965ccfc6d4b" outcome="Passed" testListId="8c84fa94-04c1-424b-9868-57a2d4851a1d" relativeResultsDirectory="9512dfce-bcee-4f6d-90f8-5910726addb6" />
    <UnitTestResult executionId="6571291c-b5d0-4675-9a2f-ac163839f77a" testId="0d289949-c0c9-4dfb-8e7c-f87e35dc87fc" testName="GetAll_Passing_Nothing_Returns_Enumeracion_List" computerName="PC-SFERRARI" duration="00:00:00.0256286" startTime="2021-10-24T18:49:33.3333052+02:00" endTime="2021-10-24T18:49:33.4464080+02:00" testType="13cdc9d9-ddb5-4fa4-a97d-d965ccfc6d4b" outcome="Passed" testListId="8c84fa94-04c1-424b-9868-57a2d4851a1d" relativeResultsDirectory="6571291c-b5d0-4675-9a2f-ac163839f77a" />
    <UnitTestResult executionId="d950235f-2db4-4397-917a-385bf2d32d56" testId="b08f5393-7ac8-4b12-8fc2-94cffb483271" testName="ToString_Passing_Valid_Values_Returns_Name (TENANT1)" computerName="PC-SFERRARI" duration="00:00:00.0000249" startTime="2021-10-24T18:49:34.5157670+02:00" endTime="2021-10-24T18:49:34.5160186+02:00" testType="13cdc9d9-ddb5-4fa4-a97d-d965ccfc6d4b" outcome="Passed" testListId="8c84fa94-04c1-424b-9868-57a2d4851a1d" relativeResultsDirectory="d950235f-2db4-4397-917a-385bf2d32d56" />
    <UnitTestResult executionId="1fe2a028-2968-49f3-9c5a-07b8e2c43d13" testId="95180db5-81b5-4526-9965-2fc6512edac5" testName="OperatorEqual_Passing_Valid_Distinct_Values_Returns_False (200,EUR,4)" computerName="PC-SFERRARI" duration="00:00:00.0011157" startTime="2021-10-24T18:49:34.2084030+02:00" endTime="2021-10-24T18:49:34.2097786+02:00" testType="13cdc9d9-ddb5-4fa4-a97d-d965ccfc6d4b" outcome="Passed" testListId="8c84fa94-04c1-424b-9868-57a2d4851a1d" relativeResultsDirectory="1fe2a028-2968-49f3-9c5a-07b8e2c43d13" />
    <UnitTestResult executionId="221914dd-6c68-4566-888e-f3b432fe7323" testId="35fb3ad5-e657-4530-b674-ae0e89aee9c8" testName="Create_Passing_InvalidOrNull_Value_Returns_ApplicationException (..¬¬¬sdffdsfdssd.dd)" computerName="PC-SFERRARI" duration="00:00:00.0001121" startTime="2021-10-24T18:49:34.3579021+02:00" endTime="2021-10-24T18:49:34.3582855+02:00" testType="13cdc9d9-ddb5-4fa4-a97d-d965ccfc6d4b" outcome="Passed" testListId="8c84fa94-04c1-424b-9868-57a2d4851a1d" relativeResultsDirectory="221914dd-6c68-4566-888e-f3b432fe7323" />
    <UnitTestResult executionId="15fe65f4-1cfd-4b71-bbca-7d8daf54da0c" testId="c87a7f60-9d8c-40eb-9de7-9c525e24849a" testName="IsNull_Passing_Valid_Value_Returns_False (tenant_A)" computerName="PC-SFERRARI" duration="00:00:00.0000134" startTime="2021-10-24T18:49:34.4541850+02:00" endTime="2021-10-24T18:49:34.4543307+02:00" testType="13cdc9d9-ddb5-4fa4-a97d-d965ccfc6d4b" outcome="Passed" testListId="8c84fa94-04c1-424b-9868-57a2d4851a1d" relativeResultsDirectory="15fe65f4-1cfd-4b71-bbca-7d8daf54da0c" />
    <UnitTestResult executionId="c73b6bf3-a19c-4af3-ad35-a6347867e6ee" testId="728d43ba-0007-4379-bd71-8a49b17034b7" testName="OperatorNotEqual_Passing_Valid_Values_Returns_False (España)" computerName="PC-SFERRARI" duration="00:00:00.0002086" startTime="2021-10-24T18:49:34.2923624+02:00" endTime="2021-10-24T18:49:34.2926801+02:00" testType="13cdc9d9-ddb5-4fa4-a97d-d965ccfc6d4b" outcome="Passed" testListId="8c84fa94-04c1-424b-9868-57a2d4851a1d" relativeResultsDirectory="c73b6bf3-a19c-4af3-ad35-a6347867e6ee" />
    <UnitTestResult executionId="81f677ed-a178-415c-af27-bb3bad1875eb" testId="1ffb31fb-417a-451c-bbdf-4456ab04f806" testName="IsMasterCard_Passing_Nothing_Returns_True" computerName="PC-SFERRARI" duration="00:00:00.0001382" startTime="2021-10-24T18:49:33.4546734+02:00" endTime="2021-10-24T18:49:33.4548676+02:00" testType="13cdc9d9-ddb5-4fa4-a97d-d965ccfc6d4b" outcome="Passed" testListId="8c84fa94-04c1-424b-9868-57a2d4851a1d" relativeResultsDirectory="81f677ed-a178-415c-af27-bb3bad1875eb" />
    <UnitTestResult executionId="08b1aa8b-ad79-454e-b3d9-dd383fa9c98c" testId="8a061fbb-9d13-4745-b547-7ae435d42280" testName="ToString_Passing_Valid_Values_Returns_Name (TENANT_1)" computerName="PC-SFERRARI" duration="00:00:00.0000111" startTime="2021-10-24T18:49:34.5164506+02:00" endTime="2021-10-24T18:49:34.5165675+02:00" testType="13cdc9d9-ddb5-4fa4-a97d-d965ccfc6d4b" outcome="Passed" testListId="8c84fa94-04c1-424b-9868-57a2d4851a1d" relativeResultsDirectory="08b1aa8b-ad79-454e-b3d9-dd383fa9c98c" />
    <UnitTestResult executionId="58a55d02-4230-4dc6-8a41-9bd100f29f29" testId="613f854c-7cf5-45f0-8b6c-48370f647fa5" testName="OperatorEqual_Passing_Valid_Values_Returns_True (Españà)" computerName="PC-SFERRARI" duration="00:00:00.0000216" startTime="2021-10-24T18:49:34.2863875+02:00" endTime="2021-10-24T18:49:34.2865151+02:00" testType="13cdc9d9-ddb5-4fa4-a97d-d965ccfc6d4b" outcome="Passed" testListId="8c84fa94-04c1-424b-9868-57a2d4851a1d" relativeResultsDirectory="58a55d02-4230-4dc6-8a41-9bd100f29f29" />
    <UnitTestResult executionId="e9df13ec-e688-4268-b5ac-28dc1903ef39" testId="49747f72-6387-47ce-8fcd-424d849b4392" testName="Change_Passing_Valid_Values_Returns_Name" computerName="PC-SFERRARI" duration="00:00:00.0011053" startTime="2021-10-24T18:49:34.2503276+02:00" endTime="2021-10-24T18:49:34.2522073+02:00" testType="13cdc9d9-ddb5-4fa4-a97d-d965ccfc6d4b" outcome="Passed" testListId="8c84fa94-04c1-424b-9868-57a2d4851a1d" relativeResultsDirectory="e9df13ec-e688-4268-b5ac-28dc1903ef39" />
    <UnitTestResult executionId="c04d3054-b250-4802-b7e5-4aa421e66410" testId="72b50941-2a9b-4404-9d3e-bb1bbf7939f3" testName="Equals_Passing_Valid_Values_Returns_True (Tenant_A)" computerName="PC-SFERRARI" duration="00:00:00.0000167" startTime="2021-10-24T18:49:34.4454443+02:00" endTime="2021-10-24T18:49:34.4455720+02:00" testType="13cdc9d9-ddb5-4fa4-a97d-d965ccfc6d4b" outcome="Passed" testListId="8c84fa94-04c1-424b-9868-57a2d4851a1d" relativeResultsDirectory="c04d3054-b250-4802-b7e5-4aa421e66410" />
    <UnitTestResult executionId="818f2d79-5013-4986-b8de-ca593f7a364e" testId="4c192971-583e-4bcd-8cac-9c3a9a20ca3a" testName="OperatorNotEqual_Passing_Valid_Values_Returns_True (Españç)" computerName="PC-SFERRARI" duration="00:00:00.0000478" startTime="2021-10-24T18:49:34.3040497+02:00" endTime="2021-10-24T18:49:34.3048734+02:00" testType="13cdc9d9-ddb5-4fa4-a97d-d965ccfc6d4b" outcome="Passed" testListId="8c84fa94-04c1-424b-9868-57a2d4851a1d" relativeResultsDirectory="818f2d79-5013-4986-b8de-ca593f7a364e" />
    <UnitTestResult executionId="ca79aadb-f80e-41aa-a957-e08f01a1bbcd" testId="c33529db-5ced-428e-9980-da8ce335b3bf" testName="IsNull_Passing_Null_Value_Returns_True" computerName="PC-SFERRARI" duration="00:00:00.0004046" startTime="2021-10-24T18:49:34.4489413+02:00" endTime="2021-10-24T18:49:34.4495293+02:00" testType="13cdc9d9-ddb5-4fa4-a97d-d965ccfc6d4b" outcome="Passed" testListId="8c84fa94-04c1-424b-9868-57a2d4851a1d" relativeResultsDirectory="ca79aadb-f80e-41aa-a957-e08f01a1bbcd" />
    <UnitTestResult executionId="2d262d49-4056-4d76-92b6-57d453ed0f72" testId="e2da7e36-f1db-4f4c-a2d7-9fc93ddb2437" testName="Create_Passing_Valid_Values_Returns_Subdomain (stage_hackerone.com)" computerName="PC-SFERRARI" duration="00:00:00.0000263" startTime="2021-10-24T18:49:34.3591250+02:00" endTime="2021-10-24T18:49:34.3592857+02:00" testType="13cdc9d9-ddb5-4fa4-a97d-d965ccfc6d4b" outcome="Passed" testListId="8c84fa94-04c1-424b-9868-57a2d4851a1d" relativeResultsDirectory="2d262d49-4056-4d76-92b6-57d453ed0f72" />
    <UnitTestResult executionId="2d0e023e-7e1e-4918-8004-bc52ca0271db" testId="07b21973-a13a-457b-ba38-ac6c7ea8e5fd" testName="OperatorNotEqual_Passing_Valid_Values_Returns_False (USD)" computerName="PC-SFERRARI" duration="00:00:00.0020087" startTime="2021-10-24T18:49:33.9808533+02:00" endTime="2021-10-24T18:49:33.9830404+02:00" testType="13cdc9d9-ddb5-4fa4-a97d-d965ccfc6d4b" outcome="Passed" testListId="8c84fa94-04c1-424b-9868-57a2d4851a1d" relativeResultsDirectory="2d0e023e-7e1e-4918-8004-bc52ca0271db" />
    <UnitTestResult executionId="34fdc97e-3356-4496-b8c0-be014bfd46c2" testId="d2d4d8ec-d1c0-413b-80f8-77e810c0d50e" testName="OperatorEqual_Passing_Valid_Values_Returns_True (Españá)" computerName="PC-SFERRARI" duration="00:00:00.0000202" startTime="2021-10-24T18:49:34.2861971+02:00" endTime="2021-10-24T18:49:34.2863456+02:00" testType="13cdc9d9-ddb5-4fa4-a97d-d965ccfc6d4b" outcome="Passed" testListId="8c84fa94-04c1-424b-9868-57a2d4851a1d" relativeResultsDirectory="34fdc97e-3356-4496-b8c0-be014bfd46c2" />
    <UnitTestResult executionId="f0bb1fa9-1e2e-40ac-a109-d12c6d995d1d" testId="c1ba7ccf-a857-4725-82e0-2f236307b609" testName="OperatorEqual_Passing_Valid_Distinct_Values_Returns_False (Españä)" computerName="PC-SFERRARI" duration="00:00:00.0000214" startTime="2021-10-24T18:49:34.2812394+02:00" endTime="2021-10-24T18:49:34.2813682+02:00" testType="13cdc9d9-ddb5-4fa4-a97d-d965ccfc6d4b" outcome="Passed" testListId="8c84fa94-04c1-424b-9868-57a2d4851a1d" relativeResultsDirectory="f0bb1fa9-1e2e-40ac-a109-d12c6d995d1d" />
    <UnitTestResult executionId="e4ff95d3-c1d3-4b8c-bca2-1995d6f9b93d" testId="51e3b98c-0ddc-4ada-aba0-6f83e4f4f9c0" testName="ToString_Passing_Valid_Values_Returns_Name (Españã)" computerName="PC-SFERRARI" duration="00:00:00.0000152" startTime="2021-10-24T18:49:34.3122274+02:00" endTime="2021-10-24T18:49:34.3123464+02:00" testType="13cdc9d9-ddb5-4fa4-a97d-d965ccfc6d4b" outcome="Passed" testListId="8c84fa94-04c1-424b-9868-57a2d4851a1d" relativeResultsDirectory="e4ff95d3-c1d3-4b8c-bca2-1995d6f9b93d" />
    <UnitTestResult executionId="a460e66b-3da5-446b-aea7-32e3d78951fa" testId="578a4f80-05f2-420a-98d9-881fb82d28d9" testName="OperatorEqual_Passing_Valid_Values_Returns_True (Tenant_A)" computerName="PC-SFERRARI" duration="00:00:00.0000149" startTime="2021-10-24T18:49:34.4722486+02:00" endTime="2021-10-24T18:49:34.4723715+02:00" testType="13cdc9d9-ddb5-4fa4-a97d-d965ccfc6d4b" outcome="Passed" testListId="8c84fa94-04c1-424b-9868-57a2d4851a1d" relativeResultsDirectory="a460e66b-3da5-446b-aea7-32e3d78951fa" />
    <UnitTestResult executionId="386fb2cc-fa1a-41aa-8777-73c75dd29c49" testId="4d926bb5-d577-4567-b8ad-7ce01e0cbc8d" testName="Equals_Passing_Valid_Values_Returns_True (Tenerife,23,34567,San Bartoleme De Tirajana,Las Palmas,España)" computerName="PC-SFERRARI" duration="00:00:00.0003260" startTime="2021-10-24T18:49:33.5680494+02:00" endTime="2021-10-24T18:49:33.5685881+02:00" testType="13cdc9d9-ddb5-4fa4-a97d-d965ccfc6d4b" outcome="Passed" testListId="8c84fa94-04c1-424b-9868-57a2d4851a1d" relativeResultsDirectory="386fb2cc-fa1a-41aa-8777-73c75dd29c49" />
    <UnitTestResult executionId="2aa170fe-3750-4d4c-af4b-7910f7773400" testId="c76cd099-afcd-428d-aee8-d93f0fca4bc3" testName="IsNull_Passing_Valid_Values_Returns_False (456,43543543543)" computerName="PC-SFERRARI" duration="00:00:00.0001790" startTime="2021-10-24T18:49:34.3986273+02:00" endTime="2021-10-24T18:49:34.3990226+02:00" testType="13cdc9d9-ddb5-4fa4-a97d-d965ccfc6d4b" outcome="Passed" testListId="8c84fa94-04c1-424b-9868-57a2d4851a1d" relativeResultsDirectory="2aa170fe-3750-4d4c-af4b-7910f7773400" />
    <UnitTestResult executionId="43bb05e7-f32a-48b2-8ca4-6d01bf15b290" testId="823ed6c8-695f-40d8-bb29-0750ad75c901" testName="OperatorNotEqual_Passing_Valid_Values_Returns_True (www.hackerone-com)" computerName="PC-SFERRARI" duration="00:00:00.0000221" startTime="2021-10-24T18:49:34.3738468+02:00" endTime="2021-10-24T18:49:34.3739868+02:00" testType="13cdc9d9-ddb5-4fa4-a97d-d965ccfc6d4b" outcome="Passed" testListId="8c84fa94-04c1-424b-9868-57a2d4851a1d" relativeResultsDirectory="43bb05e7-f32a-48b2-8ca4-6d01bf15b290" />
    <UnitTestResult executionId="cd5f69ad-9202-46fb-b337-52087a554a33" testId="23d79f66-dfa0-4789-8f11-d0241c5a7262" testName="Equals_Passing_Valid_Values_Returns_True (TENANT_A)" computerName="PC-SFERRARI" duration="00:00:00.0000154" startTime="2021-10-24T18:49:34.4456112+02:00" endTime="2021-10-24T18:49:34.4457594+02:00" testType="13cdc9d9-ddb5-4fa4-a97d-d965ccfc6d4b" outcome="Passed" testListId="8c84fa94-04c1-424b-9868-57a2d4851a1d" relativeResultsDirectory="cd5f69ad-9202-46fb-b337-52087a554a33" />
    <UnitTestResult executionId="3e0f4f4b-9a89-4812-8b21-be21da6c439c" testId="6c4d222c-99b6-45aa-a1b4-eed3e5e4e13b" testName="OperatorEqual_Passing_Valid_Values_Returns_True (USD)" computerName="PC-SFERRARI" duration="00:00:00.0014699" startTime="2021-10-24T18:49:33.9782511+02:00" endTime="2021-10-24T18:49:33.9798926+02:00" testType="13cdc9d9-ddb5-4fa4-a97d-d965ccfc6d4b" outcome="Passed" testListId="8c84fa94-04c1-424b-9868-57a2d4851a1d" relativeResultsDirectory="3e0f4f4b-9a89-4812-8b21-be21da6c439c" />
    <UnitTestResult executionId="959b766a-50d4-4c5f-98d8-ca89480418eb" testId="35fd726c-ebb4-4a0e-a4af-d3a1d69c7d40" testName="ToString_Passing_Valid_Values_Returns_Address_String_Format (Pader,789,DF7956,Sabadell,Barcelona,España)" computerName="PC-SFERRARI" duration="00:00:00.0000373" startTime="2021-10-24T18:49:33.5834537+02:00" endTime="2021-10-24T18:49:33.6083971+02:00" testType="13cdc9d9-ddb5-4fa4-a97d-d965ccfc6d4b" outcome="Passed" testListId="8c84fa94-04c1-424b-9868-57a2d4851a1d" relativeResultsDirectory="959b766a-50d4-4c5f-98d8-ca89480418eb" />
    <UnitTestResult executionId="c3812533-e3e5-4d43-af92-06a60f3f4d0c" testId="31914397-dc97-4b39-bb89-a4a58be9c987" testName="OperatorNotEqual_Passing_Valid_Values_Returns_True (Españâ)" computerName="PC-SFERRARI" duration="00:00:00.0000206" startTime="2021-10-24T18:49:34.2980792+02:00" endTime="2021-10-24T18:49:34.2981945+02:00" testType="13cdc9d9-ddb5-4fa4-a97d-d965ccfc6d4b" outcome="Passed" testListId="8c84fa94-04c1-424b-9868-57a2d4851a1d" relativeResultsDirectory="c3812533-e3e5-4d43-af92-06a60f3f4d0c" />
    <UnitTestResult executionId="f9949f59-aa14-4591-b236-ac68b155c285" testId="6103544d-ceff-4db6-a17a-6174d8307483" testName="Equals_Passing_Valid_Distinct_Values_Returns_False (Tenant_1)" computerName="PC-SFERRARI" duration="00:00:00.0000151" startTime="2021-10-24T18:49:34.4310826+02:00" endTime="2021-10-24T18:49:34.4312227+02:00" testType="13cdc9d9-ddb5-4fa4-a97d-d965ccfc6d4b" outcome="Passed" testListId="8c84fa94-04c1-424b-9868-57a2d4851a1d" relativeResultsDirectory="f9949f59-aa14-4591-b236-ac68b155c285" />
    <UnitTestResult executionId="490290e0-222b-4677-994b-f2332666bec0" testId="0c18804d-7e08-4914-a46e-ca5110d9e4b8" testName="OperatorNotEqual_Passing_Valid_Values_Returns_False (Tenerife,23,34567,San Bartoleme De Tirajana,Las Palmas,España)" computerName="PC-SFERRARI" duration="00:00:00.0003296" startTime="2021-10-24T18:49:33.5771085+02:00" endTime="2021-10-24T18:49:33.5777565+02:00" testType="13cdc9d9-ddb5-4fa4-a97d-d965ccfc6d4b" outcome="Passed" testListId="8c84fa94-04c1-424b-9868-57a2d4851a1d" relativeResultsDirectory="490290e0-222b-4677-994b-f2332666bec0" />
    <UnitTestResult executionId="6ee88332-7b14-4706-aa5e-8a4e56ecbcef" testId="90b9283a-19ea-4d6e-b1a8-f55ade54a31a" testName="IsNull_Passing_Valid_Address_Returns_False (Pader,789,DF7956,Sabadell,Barcelona,España)" computerName="PC-SFERRARI" duration="00:00:00.0000176" startTime="2021-10-24T18:49:33.5699214+02:00" endTime="2021-10-24T18:49:33.5701561+02:00" testType="13cdc9d9-ddb5-4fa4-a97d-d965ccfc6d4b" outcome="Passed" testListId="8c84fa94-04c1-424b-9868-57a2d4851a1d" relativeResultsDirectory="6ee88332-7b14-4706-aa5e-8a4e56ecbcef" />
    <UnitTestResult executionId="9d5ee07c-9b68-4709-b805-fdc2fc877677" testId="ebd4dc5d-8ed1-4f01-93cf-b6515c5678cf" testName="Create_Default_Passing_Valid_Values_Returns_StringId" computerName="PC-SFERRARI" duration="00:00:00.0010543" startTime="2021-10-24T18:49:34.3165290+02:00" endTime="2021-10-24T18:49:34.3178995+02:00" testType="13cdc9d9-ddb5-4fa4-a97d-d965ccfc6d4b" outcome="Passed" testListId="8c84fa94-04c1-424b-9868-57a2d4851a1d" relativeResultsDirectory="9d5ee07c-9b68-4709-b805-fdc2fc877677" />
    <UnitTestResult executionId="ea7514ad-cccd-4dc1-99df-2c3f89ef6f59" testId="87369f0a-b977-413a-9dc3-7698cd1adb21" testName="Equals_Passing_Valid_Values_Returns_True (Españà)" computerName="PC-SFERRARI" duration="00:00:00.0000188" startTime="2021-10-24T18:49:34.2661382+02:00" endTime="2021-10-24T18:49:34.2662803+02:00" testType="13cdc9d9-ddb5-4fa4-a97d-d965ccfc6d4b" outcome="Passed" testListId="8c84fa94-04c1-424b-9868-57a2d4851a1d" relativeResultsDirectory="ea7514ad-cccd-4dc1-99df-2c3f89ef6f59" />
    <UnitTestResult executionId="338a7b41-513d-4ff1-ad75-5d0f79b5caed" testId="ea248816-e85f-40e9-8e82-057967fbe835" testName="IsVisa_Passing_Nothing_Returns_True" computerName="PC-SFERRARI" duration="00:00:00.0001350" startTime="2021-10-24T18:49:33.4548980+02:00" endTime="2021-10-24T18:49:33.4550851+02:00" testType="13cdc9d9-ddb5-4fa4-a97d-d965ccfc6d4b" outcome="Passed" testListId="8c84fa94-04c1-424b-9868-57a2d4851a1d" relativeResultsDirectory="338a7b41-513d-4ff1-ad75-5d0f79b5caed" />
    <UnitTestResult executionId="40fb8b0b-6a27-4a87-ac8f-8446353743a2" testId="f77aff50-1cb8-4b81-8786-771743568640" testName="OperatorEqual_Passing_Valid_Distinct_Values_Returns_False (dasdasd@dsasd.ff)" computerName="PC-SFERRARI" duration="00:00:00.0003767" startTime="2021-10-24T18:49:34.0816149+02:00" endTime="2021-10-24T18:49:34.0822290+02:00" testType="13cdc9d9-ddb5-4fa4-a97d-d965ccfc6d4b" outcome="Passed" testListId="8c84fa94-04c1-424b-9868-57a2d4851a1d" relativeResultsDirectory="40fb8b0b-6a27-4a87-ac8f-8446353743a2" />
    <UnitTestResult executionId="f76aba0f-28d9-4c4c-a11f-c590e874cca6" testId="35936e61-300e-4b4f-bd10-1dcec6113079" testName="OperatorEqual_Passing_Valid_Distinct_Values_Returns_False (TENANT_A)" computerName="PC-SFERRARI" duration="00:00:00.0000148" startTime="2021-10-24T18:49:34.4616450+02:00" endTime="2021-10-24T18:49:34.4617818+02:00" testType="13cdc9d9-ddb5-4fa4-a97d-d965ccfc6d4b" outcome="Passed" testListId="8c84fa94-04c1-424b-9868-57a2d4851a1d" relativeResultsDirectory="f76aba0f-28d9-4c4c-a11f-c590e874cca6" />
    <UnitTestResult executionId="4e4a93cc-7440-4c22-958c-e0f181c9ffa9" testId="ae8b60da-950f-4e6f-a81b-44c3d5f64fab" testName="ToEnum_Passing_Valid_IntName_Enumeracion_Returns_Enumeracion" computerName="PC-SFERRARI" duration="00:00:00.0000841" startTime="2021-10-24T18:49:33.4566351+02:00" endTime="2021-10-24T18:49:33.4567715+02:00" testType="13cdc9d9-ddb5-4fa4-a97d-d965ccfc6d4b" outcome="Passed" testListId="8c84fa94-04c1-424b-9868-57a2d4851a1d" relativeResultsDirectory="4e4a93cc-7440-4c22-958c-e0f181c9ffa9" />
    <UnitTestResult executionId="914c7686-9e01-4955-bbcb-b695a8a9488c" testId="87d00be6-36ba-4278-b605-b41d4d4ea332" testName="Create_Passing_Valid_Value_Returns_Email (dasdasd@dsasd.ff)" computerName="PC-SFERRARI" duration="00:00:00.0002815" startTime="2021-10-24T18:49:34.0683703+02:00" endTime="2021-10-24T18:49:34.0688130+02:00" testType="13cdc9d9-ddb5-4fa4-a97d-d965ccfc6d4b" outcome="Passed" testListId="8c84fa94-04c1-424b-9868-57a2d4851a1d" relativeResultsDirectory="914c7686-9e01-4955-bbcb-b695a8a9488c" />
    <UnitTestResult executionId="0f26f0f8-0e38-4973-bb77-fdf9b25aae00" testId="eef65b66-22d6-4369-b731-3d93d2f11e03" testName="OperatorNotEqual_Passing_Valid_Values_Returns_False (Pader,789,DF7956,Sabadell,Barcelona,España)" computerName="PC-SFERRARI" duration="00:00:00.0000401" startTime="2021-10-24T18:49:33.5778290+02:00" endTime="2021-10-24T18:49:33.5783127+02:00" testType="13cdc9d9-ddb5-4fa4-a97d-d965ccfc6d4b" outcome="Passed" testListId="8c84fa94-04c1-424b-9868-57a2d4851a1d" relativeResultsDirectory="0f26f0f8-0e38-4973-bb77-fdf9b25aae00" />
    <UnitTestResult executionId="dcbe0fd0-13d6-4d6a-b12a-ceb9ec8a9bfb" testId="6732801d-bc7d-4c2d-9956-a97aae18d50a" testName="OperatorNotEqual_Passing_Valid_Values_Returns_False (Tenant1)" computerName="PC-SFERRARI" duration="00:00:00.0000234" startTime="2021-10-24T18:49:34.4774228+02:00" endTime="2021-10-24T18:49:34.4775973+02:00" testType="13cdc9d9-ddb5-4fa4-a97d-d965ccfc6d4b" outcome="Passed" testListId="8c84fa94-04c1-424b-9868-57a2d4851a1d" relativeResultsDirectory="dcbe0fd0-13d6-4d6a-b12a-ceb9ec8a9bfb" />
    <UnitTestResult executionId="0e79d981-74b2-43ee-b541-2a317cf06eba" testId="a9980862-e37b-4ab8-8054-23a59462b040" testName="IsNull_Passing_Valid_Value_Returns_False (stage_hackerone.com)" computerName="PC-SFERRARI" duration="00:00:00.0000229" startTime="2021-10-24T18:49:34.3675057+02:00" endTime="2021-10-24T18:49:34.3676798+02:00" testType="13cdc9d9-ddb5-4fa4-a97d-d965ccfc6d4b" outcome="Passed" testListId="8c84fa94-04c1-424b-9868-57a2d4851a1d" relativeResultsDirectory="0e79d981-74b2-43ee-b541-2a317cf06eba" />
    <UnitTestResult executionId="71f4959a-6356-4c6c-9c30-d437a1705b36" testId="8aaa1f92-f377-41f3-8394-3ecffa6c3f24" testName="OperatorNotEqual_Passing_Valid_Values_Returns_True (Españá)" computerName="PC-SFERRARI" duration="00:00:00.0000864" startTime="2021-10-24T18:49:34.2974560+02:00" endTime="2021-10-24T18:49:34.2976801+02:00" testType="13cdc9d9-ddb5-4fa4-a97d-d965ccfc6d4b" outcome="Passed" testListId="8c84fa94-04c1-424b-9868-57a2d4851a1d" relativeResultsDirectory="71f4959a-6356-4c6c-9c30-d437a1705b36" />
    <UnitTestResult executionId="d34d436a-b827-4bd4-9075-8e733c5e933e" testId="4330e1f4-a5ac-421e-8794-599d88d035cf" testName="ToString_Passing_Valid_Values_Returns_StringId (Sabadell)" computerName="PC-SFERRARI" duration="00:00:00.0000110" startTime="2021-10-24T18:49:34.3517969+02:00" endTime="2021-10-24T18:49:34.3519445+02:00" testType="13cdc9d9-ddb5-4fa4-a97d-d965ccfc6d4b" outcome="Passed" testListId="8c84fa94-04c1-424b-9868-57a2d4851a1d" relativeResultsDirectory="d34d436a-b827-4bd4-9075-8e733c5e933e" />
    <UnitTestResult executionId="b2d6cbb3-19df-4a78-94a5-96c348ad3199" testId="04a7d1f3-ebd8-49ea-981e-a6e3c7bab6eb" testName="Change_Passing_Valid_Values_Returns_Address (100,EUR,2)" computerName="PC-SFERRARI" duration="00:00:00.0040238" startTime="2021-10-24T18:49:34.1616756+02:00" endTime="2021-10-24T18:49:34.1659551+02:00" testType="13cdc9d9-ddb5-4fa4-a97d-d965ccfc6d4b" outcome="Passed" testListId="8c84fa94-04c1-424b-9868-57a2d4851a1d" relativeResultsDirectory="b2d6cbb3-19df-4a78-94a5-96c348ad3199" />
    <UnitTestResult executionId="3606a5c1-dbff-4143-8eb8-1f6e4541f10f" testId="4d410f55-6725-4f0e-88fc-156df9fbd74b" testName="Create_Passing_InvalidOrNull_Value_Returns_ApplicationException (,Barcelona,España)" computerName="PC-SFERRARI" duration="00:00:00.0004035" startTime="2021-10-24T18:49:34.1448194+02:00" endTime="2021-10-24T18:49:34.1454607+02:00" testType="13cdc9d9-ddb5-4fa4-a97d-d965ccfc6d4b" outcome="Passed" testListId="8c84fa94-04c1-424b-9868-57a2d4851a1d" relativeResultsDirectory="3606a5c1-dbff-4143-8eb8-1f6e4541f10f" />
    <UnitTestResult executionId="db591f57-2a1f-4782-b089-c068b09ce71b" testId="f1a554b6-ce72-4ce7-8854-2a03e818fa92" testName="IsActive_Passing_Nothing_Returns_True" computerName="PC-SFERRARI" duration="00:00:00.0001434" startTime="2021-10-24T18:49:33.5057972+02:00" endTime="2021-10-24T18:49:33.5060073+02:00" testType="13cdc9d9-ddb5-4fa4-a97d-d965ccfc6d4b" outcome="Passed" testListId="8c84fa94-04c1-424b-9868-57a2d4851a1d" relativeResultsDirectory="db591f57-2a1f-4782-b089-c068b09ce71b" />
    <UnitTestResult executionId="0de1b1f5-d99d-4dcc-b851-3971cac2e93c" testId="669bd56a-9484-4963-aeee-d780c935c648" testName="Equals_Passing_Valid_Distinct_Values_Returns_False (www.hackerone-com)" computerName="PC-SFERRARI" duration="00:00:00.0000453" startTime="2021-10-24T18:49:34.3606153+02:00" endTime="2021-10-24T18:49:34.3608683+02:00" testType="13cdc9d9-ddb5-4fa4-a97d-d965ccfc6d4b" outcome="Passed" testListId="8c84fa94-04c1-424b-9868-57a2d4851a1d" relativeResultsDirectory="0de1b1f5-d99d-4dcc-b851-3971cac2e93c" />
    <UnitTestResult executionId="4b882850-f161-4381-8e4f-fb2844aa2568" testId="8914581e-d90e-4d53-aed1-ec49d90b475c" testName="IsNull_Passing_Valid_Value_Returns_False (www.hackerone-com)" computerName="PC-SFERRARI" duration="00:00:00.0000294" startTime="2021-10-24T18:49:34.3672660+02:00" endTime="2021-10-24T18:49:34.3674563+02:00" testType="13cdc9d9-ddb5-4fa4-a97d-d965ccfc6d4b" outcome="Passed" testListId="8c84fa94-04c1-424b-9868-57a2d4851a1d" relativeResultsDirectory="4b882850-f161-4381-8e4f-fb2844aa2568" />
    <UnitTestResult executionId="1ef044e4-92ff-4974-9d2d-99742bcc8d70" testId="d027f069-7435-48c2-81ed-722757e22e8a" testName="Equals_Passing_Valid_Distinct_Values_Returns_False (España)" computerName="PC-SFERRARI" duration="00:00:00.0018836" startTime="2021-10-24T18:49:34.2577472+02:00" endTime="2021-10-24T18:49:34.2597594+02:00" testType="13cdc9d9-ddb5-4fa4-a97d-d965ccfc6d4b" outcome="Passed" testListId="8c84fa94-04c1-424b-9868-57a2d4851a1d" relativeResultsDirectory="1ef044e4-92ff-4974-9d2d-99742bcc8d70" />
    <UnitTestResult executionId="2efa5f98-6d51-4210-ad84-bfcfacbf8771" testId="c3960934-a361-4a4c-8cdc-e8a74458c1b4" testName="ToEnum_Passing_Valid_IntName_Enumeracion_Returns_Enumeracion" computerName="PC-SFERRARI" duration="00:00:00.0001026" startTime="2021-10-24T18:49:33.5045642+02:00" endTime="2021-10-24T18:49:33.5047206+02:00" testType="13cdc9d9-ddb5-4fa4-a97d-d965ccfc6d4b" outcome="Passed" testListId="8c84fa94-04c1-424b-9868-57a2d4851a1d" relativeResultsDirectory="2efa5f98-6d51-4210-ad84-bfcfacbf8771" />
    <UnitTestResult executionId="22650055-3932-4312-9381-5376bb66c2e5" testId="76f1b6b4-af27-461c-b649-b112007070ae" testName="Equals_Passing_Valid_Distinct_Values_Returns_False (Españç)" computerName="PC-SFERRARI" duration="00:00:00.0000206" startTime="2021-10-24T18:49:34.2621103+02:00" endTime="2021-10-24T18:49:34.2622473+02:00" testType="13cdc9d9-ddb5-4fa4-a97d-d965ccfc6d4b" outcome="Passed" testListId="8c84fa94-04c1-424b-9868-57a2d4851a1d" relativeResultsDirectory="22650055-3932-4312-9381-5376bb66c2e5" />
    <UnitTestResult executionId="e19f1880-3106-4acb-8d3f-8793ce80e508" testId="0366c23a-cd03-4542-89e2-c551bde686bc" testName="OperatorNotEqual_Passing_Valid_Values_Returns_False (Españä)" computerName="PC-SFERRARI" duration="00:00:00.0000211" startTime="2021-10-24T18:49:34.2931291+02:00" endTime="2021-10-24T18:49:34.2932562+02:00" testType="13cdc9d9-ddb5-4fa4-a97d-d965ccfc6d4b" outcome="Passed" testListId="8c84fa94-04c1-424b-9868-57a2d4851a1d" relativeResultsDirectory="e19f1880-3106-4acb-8d3f-8793ce80e508" />
    <UnitTestResult executionId="dfe1f6b2-f118-4b7d-b41f-5d3b67a9cc1d" testId="c8552668-ab30-4116-9da5-2e3b6b340133" testName="Create_Passing_Valid_Values_Returns_Name (España)" computerName="PC-SFERRARI" duration="00:00:00.0001497" startTime="2021-10-24T18:49:34.2530028+02:00" endTime="2021-10-24T18:49:34.2533115+02:00" testType="13cdc9d9-ddb5-4fa4-a97d-d965ccfc6d4b" outcome="Passed" testListId="8c84fa94-04c1-424b-9868-57a2d4851a1d" relativeResultsDirectory="dfe1f6b2-f118-4b7d-b41f-5d3b67a9cc1d" />
    <UnitTestResult executionId="62fd836e-87df-4fe9-aa4d-7c8f836a9b0c" testId="2b453d75-dec2-4787-8c71-0e775f85105a" testName="Create_Passing_Valid_Values_Returns_Currency (EUR)" computerName="PC-SFERRARI" duration="00:00:00.0005064" startTime="2021-10-24T18:49:33.9611827+02:00" endTime="2021-10-24T18:49:33.9618985+02:00" testType="13cdc9d9-ddb5-4fa4-a97d-d965ccfc6d4b" outcome="Passed" testListId="8c84fa94-04c1-424b-9868-57a2d4851a1d" relativeResultsDirectory="62fd836e-87df-4fe9-aa4d-7c8f836a9b0c" />
    <UnitTestResult executionId="67b58cdd-6ea1-4aad-a998-2a9178541e7c" testId="6d1de6ee-0d0f-4663-b8fe-3812905f9487" testName="OperatorEqual_Passing_Valid_Values_Returns_True (Españç)" computerName="PC-SFERRARI" duration="00:00:00.0000378" startTime="2021-10-24T18:49:34.2916533+02:00" endTime="2021-10-24T18:49:34.2919291+02:00" testType="13cdc9d9-ddb5-4fa4-a97d-d965ccfc6d4b" outcome="Passed" testListId="8c84fa94-04c1-424b-9868-57a2d4851a1d" relativeResultsDirectory="67b58cdd-6ea1-4aad-a998-2a9178541e7c" />
    <UnitTestResult executionId="64d2e145-4fe5-4e1e-8479-b69bd30a31d9" testId="0b535742-cfbe-4272-8760-125ffe5beeb8" testName="OperatorEqual_Passing_Valid_Distinct_Values_Returns_False (Tenant_1)" computerName="PC-SFERRARI" duration="00:00:00.0000148" startTime="2021-10-24T18:49:34.4555814+02:00" endTime="2021-10-24T18:49:34.4557117+02:00" testType="13cdc9d9-ddb5-4fa4-a97d-d965ccfc6d4b" outcome="Passed" testListId="8c84fa94-04c1-424b-9868-57a2d4851a1d" relativeResultsDirectory="64d2e145-4fe5-4e1e-8479-b69bd30a31d9" />
    <UnitTestResult executionId="ea01d9b7-edd5-4210-a207-9b8faab66d65" testId="f205762b-f66f-4f49-8b07-9a5d9285bc90" testName="ToString_Passing_Valid_Values_Returns_Name (Esp añâ)" computerName="PC-SFERRARI" duration="00:00:00.0000181" startTime="2021-10-24T18:49:34.3163221+02:00" endTime="2021-10-24T18:49:34.3164879+02:00" testType="13cdc9d9-ddb5-4fa4-a97d-d965ccfc6d4b" outcome="Passed" testListId="8c84fa94-04c1-424b-9868-57a2d4851a1d" relativeResultsDirectory="ea01d9b7-edd5-4210-a207-9b8faab66d65" />
    <UnitTestResult executionId="0ab80a69-3ebb-4b11-bf41-d017f7084bf3" testId="18bd771f-ca6c-4106-be69-8374b9d33f86" testName="ToNormalize_Passing_Valid_Values_Returns_Address_String_Format (ñandu@gmail.com)" computerName="PC-SFERRARI" duration="00:00:00.0091437" startTime="2021-10-24T18:49:34.0887998+02:00" endTime="2021-10-24T18:49:34.1377953+02:00" testType="13cdc9d9-ddb5-4fa4-a97d-d965ccfc6d4b" outcome="Passed" testListId="8c84fa94-04c1-424b-9868-57a2d4851a1d" relativeResultsDirectory="0ab80a69-3ebb-4b11-bf41-d017f7084bf3" />
    <UnitTestResult executionId="3330d4ed-189b-48c3-b8d1-eebe885c1031" testId="4804e986-5d25-4d63-839e-8da98060d596" testName="ToNormalize_Passing_Valid_Values_Returns_Name_String_Format (Españà,Espana)" computerName="PC-SFERRARI" duration="00:00:00.0000419" startTime="2021-10-24T18:49:34.3065367+02:00" endTime="2021-10-24T18:49:34.3067188+02:00" testType="13cdc9d9-ddb5-4fa4-a97d-d965ccfc6d4b" outcome="Passed" testListId="8c84fa94-04c1-424b-9868-57a2d4851a1d" relativeResultsDirectory="3330d4ed-189b-48c3-b8d1-eebe885c1031" />
    <UnitTestResult executionId="c2c3625b-27ff-4dd2-af58-afcc09f7c2fb" testId="fa98aa62-eb03-47af-9c26-95ba6d1ad207" testName="OperatorEqual_Passing_Valid_Values_Returns_True (34fsds@sdd.fgg)" computerName="PC-SFERRARI" duration="00:00:00.0000457" startTime="2021-10-24T18:49:34.0872157+02:00" endTime="2021-10-24T18:49:34.0874041+02:00" testType="13cdc9d9-ddb5-4fa4-a97d-d965ccfc6d4b" outcome="Passed" testListId="8c84fa94-04c1-424b-9868-57a2d4851a1d" relativeResultsDirectory="c2c3625b-27ff-4dd2-af58-afcc09f7c2fb" />
    <UnitTestResult executionId="b74e7a65-3f16-470a-b82d-27a26b5e5603" testId="594f1869-daa6-49da-8983-c73db0115f2e" testName="OperatorNotEqual_Passing_Valid_Values_Returns_False (456,43543543543)" computerName="PC-SFERRARI" duration="00:00:00.0002107" startTime="2021-10-24T18:49:34.4038935+02:00" endTime="2021-10-24T18:49:34.4042435+02:00" testType="13cdc9d9-ddb5-4fa4-a97d-d965ccfc6d4b" outcome="Passed" testListId="8c84fa94-04c1-424b-9868-57a2d4851a1d" relativeResultsDirectory="b74e7a65-3f16-470a-b82d-27a26b5e5603" />
    <UnitTestResult executionId="b9142693-bb1c-45f7-abd3-f55cd049bd0f" testId="2cc073a0-fb82-4763-a07a-a61ce6c7e11b" testName="OperatorEqual_Passing_Valid_Distinct_Values_Returns_False (stage_hackerone.com)" computerName="PC-SFERRARI" duration="00:00:00.0000317" startTime="2021-10-24T18:49:34.3683258+02:00" endTime="2021-10-24T18:49:34.3684803+02:00" testType="13cdc9d9-ddb5-4fa4-a97d-d965ccfc6d4b" outcome="Passed" testListId="8c84fa94-04c1-424b-9868-57a2d4851a1d" relativeResultsDirectory="b9142693-bb1c-45f7-abd3-f55cd049bd0f" />
    <UnitTestResult executionId="6491040f-aeb2-4bf2-98b8-0d7b41b14a04" testId="06acdf18-2d3e-4733-ac12-defd9ac0a849" testName="ToString_Passing_Valid_Values_Returns_Name (Españä)" computerName="PC-SFERRARI" duration="00:00:00.0000151" startTime="2021-10-24T18:49:34.3119068+02:00" endTime="2021-10-24T18:49:34.3120256+02:00" testType="13cdc9d9-ddb5-4fa4-a97d-d965ccfc6d4b" outcome="Passed" testListId="8c84fa94-04c1-424b-9868-57a2d4851a1d" relativeResultsDirectory="6491040f-aeb2-4bf2-98b8-0d7b41b14a04" />
    <UnitTestResult executionId="d4d9f28a-2850-4bba-9b16-07fde86968c2" testId="0c389160-8d28-4bc7-bb53-1b3df405a7c5" testName="Create_Passing_Valid_Values_Returns_Subdomain (google)" computerName="PC-SFERRARI" duration="00:00:00.0002346" startTime="2021-10-24T18:49:34.3583649+02:00" endTime="2021-10-24T18:49:34.3587861+02:00" testType="13cdc9d9-ddb5-4fa4-a97d-d965ccfc6d4b" outcome="Passed" testListId="8c84fa94-04c1-424b-9868-57a2d4851a1d" relativeResultsDirectory="d4d9f28a-2850-4bba-9b16-07fde86968c2" />
    <UnitTestResult executionId="c2c2a463-b763-4c0f-a96d-63264102f0e8" testId="bf62c6ac-30d2-4e10-bef3-84a0a064d78c" testName="Equals_Passing_Valid_Values_Returns_True (USD)" computerName="PC-SFERRARI" duration="00:00:00.0022748" startTime="2021-10-24T18:49:33.9651903+02:00" endTime="2021-10-24T18:49:33.9677543+02:00" testType="13cdc9d9-ddb5-4fa4-a97d-d965ccfc6d4b" outcome="Passed" testListId="8c84fa94-04c1-424b-9868-57a2d4851a1d" relativeResultsDirectory="c2c2a463-b763-4c0f-a96d-63264102f0e8" />
    <UnitTestResult executionId="e009452a-5efa-4ffe-b267-852ac84914e3" testId="192b8ddd-5d01-43e4-bbaa-0c470b350a84" testName="Equals_Passing_Valid_Distinct_Values_Returns_False (Sabadell)" computerName="PC-SFERRARI" duration="00:00:00.0000161" startTime="2021-10-24T18:49:34.3219054+02:00" endTime="2021-10-24T18:49:34.3221093+02:00" testType="13cdc9d9-ddb5-4fa4-a97d-d965ccfc6d4b" outcome="Passed" testListId="8c84fa94-04c1-424b-9868-57a2d4851a1d" relativeResultsDirectory="e009452a-5efa-4ffe-b267-852ac84914e3" />
    <UnitTestResult executionId="508ac25d-6ed8-4376-9cae-1ca50e2be058" testId="0b078214-d19a-4755-b728-50dcc20832d3" testName="OperatorNotEqual_Passing_Valid_Values_Returns_True (Tenerife,23,34567,San Bartoleme De Tirajana,Las Palmas,España)" computerName="PC-SFERRARI" duration="00:00:00.0002988" startTime="2021-10-24T18:49:33.5783803+02:00" endTime="2021-10-24T18:49:33.5789346+02:00" testType="13cdc9d9-ddb5-4fa4-a97d-d965ccfc6d4b" outcome="Passed" testListId="8c84fa94-04c1-424b-9868-57a2d4851a1d" relativeResultsDirectory="508ac25d-6ed8-4376-9cae-1ca50e2be058" />
    <UnitTestResult executionId="dfaa581a-27de-4a5f-8b2b-dd1e72e7677d" testId="c501f623-d1f2-4f6f-8123-aa2a9b6693bd" testName="Create_Passing_Valid_Values_Returns_Name (Españç)" computerName="PC-SFERRARI" duration="00:00:00.0000150" startTime="2021-10-24T18:49:34.2542273+02:00" endTime="2021-10-24T18:49:34.2543536+02:00" testType="13cdc9d9-ddb5-4fa4-a97d-d965ccfc6d4b" outcome="Passed" testListId="8c84fa94-04c1-424b-9868-57a2d4851a1d" relativeResultsDirectory="dfaa581a-27de-4a5f-8b2b-dd1e72e7677d" />
    <UnitTestResult executionId="43681242-ebbf-47e1-8d08-8bfe8ceb06a1" testId="bb5de9e0-e834-4422-af30-320c35f11f4b" testName="OperatorNotEqual_Passing_Valid_Values_Returns_False (D45,86554654)" computerName="PC-SFERRARI" duration="00:00:00.0000302" startTime="2021-10-24T18:49:34.4042913+02:00" endTime="2021-10-24T18:49:34.4044582+02:00" testType="13cdc9d9-ddb5-4fa4-a97d-d965ccfc6d4b" outcome="Passed" testListId="8c84fa94-04c1-424b-9868-57a2d4851a1d" relativeResultsDirectory="43681242-ebbf-47e1-8d08-8bfe8ceb06a1" />
    <UnitTestResult executionId="9b8ec630-246a-48d6-9818-2f2c2b3a7897" testId="cef54c36-57d5-4b4b-a12d-94675c9dc4c0" testName="IsNull_Passing_Valid_Value_Returns_False (Tenant1)" computerName="PC-SFERRARI" duration="00:00:00.0000169" startTime="2021-10-24T18:49:34.4500751+02:00" endTime="2021-10-24T18:49:34.4502426+02:00" testType="13cdc9d9-ddb5-4fa4-a97d-d965ccfc6d4b" outcome="Passed" testListId="8c84fa94-04c1-424b-9868-57a2d4851a1d" relativeResultsDirectory="9b8ec630-246a-48d6-9818-2f2c2b3a7897" />
    <UnitTestResult executionId="7c14583c-6363-4d3a-adc0-58e641040288" testId="843eab54-7246-4e38-8a14-1ba0e4e27dd2" testName="Equals_Passing_Valid_Values_Returns_True (Sabadell,Barcelona,España)" computerName="PC-SFERRARI" duration="00:00:00.0000484" startTime="2021-10-24T18:49:34.1533431+02:00" endTime="2021-10-24T18:49:34.1535807+02:00" testType="13cdc9d9-ddb5-4fa4-a97d-d965ccfc6d4b" outcome="Passed" testListId="8c84fa94-04c1-424b-9868-57a2d4851a1d" relativeResultsDirectory="7c14583c-6363-4d3a-adc0-58e641040288" />
    <UnitTestResult executionId="cc951f1a-8059-4bc5-9df1-4808f0d2fe18" testId="4aa246fb-2572-47bc-8bc5-1e0c7fd891ed" testName="OperatorEqual_Passing_Valid_Values_Returns_True (400,USD,8)" computerName="PC-SFERRARI" duration="00:00:00.0008732" startTime="2021-10-24T18:49:34.2291532+02:00" endTime="2021-10-24T18:49:34.2303026+02:00" testType="13cdc9d9-ddb5-4fa4-a97d-d965ccfc6d4b" outcome="Passed" testListId="8c84fa94-04c1-424b-9868-57a2d4851a1d" relativeResultsDirectory="cc951f1a-8059-4bc5-9df1-4808f0d2fe18" />
    <UnitTestResult executionId="b26023b9-512c-49a4-bf5d-4aefd503f4c9" testId="be4249c4-8c21-43de-9705-d9108ff6e901" testName="Create_Passing_Valid_Values_Returns_StringId (Espania)" computerName="PC-SFERRARI" duration="00:00:00.0000156" startTime="2021-10-24T18:49:34.3198572+02:00" endTime="2021-10-24T18:49:34.3200641+02:00" testType="13cdc9d9-ddb5-4fa4-a97d-d965ccfc6d4b" outcome="Passed" testListId="8c84fa94-04c1-424b-9868-57a2d4851a1d" relativeResultsDirectory="b26023b9-512c-49a4-bf5d-4aefd503f4c9" />
    <UnitTestResult executionId="80cfce0e-177f-43e7-8e08-d2d06234f77c" testId="2851ba29-5c39-419c-ad90-318a1ce45b7a" testName="Equals_Passing_Valid_Distinct_Values_Returns_False (Españá)" computerName="PC-SFERRARI" duration="00:00:00.0000503" startTime="2021-10-24T18:49:34.2598461+02:00" endTime="2021-10-24T18:49:34.2609257+02:00" testType="13cdc9d9-ddb5-4fa4-a97d-d965ccfc6d4b" outcome="Passed" testListId="8c84fa94-04c1-424b-9868-57a2d4851a1d" relativeResultsDirectory="80cfce0e-177f-43e7-8e08-d2d06234f77c" />
    <UnitTestResult executionId="ddceab56-9220-49c0-9394-bc4e2d771905" testId="08cba3d0-b927-4df5-8f7a-a4e92e0040cb" testName="Equals_Passing_Valid_Values_Returns_True (Tenant1)" computerName="PC-SFERRARI" duration="00:00:00.0000150" startTime="2021-10-24T18:49:34.4389418+02:00" endTime="2021-10-24T18:49:34.4390847+02:00" testType="13cdc9d9-ddb5-4fa4-a97d-d965ccfc6d4b" outcome="Passed" testListId="8c84fa94-04c1-424b-9868-57a2d4851a1d" relativeResultsDirectory="ddceab56-9220-49c0-9394-bc4e2d771905" />
    <UnitTestResult executionId="ceea694f-9e50-48cc-aa16-1eacec77ef41" testId="bccd3adb-fc55-4aa6-8621-9b2ad320a8ef" testName="IsNull_Passing_Null_Value_Returns_True" computerName="PC-SFERRARI" duration="00:00:00.0003184" startTime="2021-10-24T18:49:34.3259536+02:00" endTime="2021-10-24T18:49:34.3263492+02:00" testType="13cdc9d9-ddb5-4fa4-a97d-d965ccfc6d4b" outcome="Passed" testListId="8c84fa94-04c1-424b-9868-57a2d4851a1d" relativeResultsDirectory="ceea694f-9e50-48cc-aa16-1eacec77ef41" />
    <UnitTestResult executionId="d15d00e0-59ac-4518-b829-0763f030cffa" testId="2a0ca9f5-f72c-4d35-9117-dcce26efed21" testName="IsMale_Passing_Nothing_Returns_True" computerName="PC-SFERRARI" duration="00:00:00.0001308" startTime="2021-10-24T18:49:33.5003766+02:00" endTime="2021-10-24T18:49:33.5005600+02:00" testType="13cdc9d9-ddb5-4fa4-a97d-d965ccfc6d4b" outcome="Passed" testListId="8c84fa94-04c1-424b-9868-57a2d4851a1d" relativeResultsDirectory="d15d00e0-59ac-4518-b829-0763f030cffa" />
    <UnitTestResult executionId="088345dc-4aa5-412c-9e97-5a0c3da08b10" testId="ecb0c31c-0582-4eca-bb3f-81a69060f044" testName="Create_Passing_Valid_Values_Returns_Name (Españá)" computerName="PC-SFERRARI" duration="00:00:00.0000182" startTime="2021-10-24T18:49:34.2533619+02:00" endTime="2021-10-24T18:49:34.2535083+02:00" testType="13cdc9d9-ddb5-4fa4-a97d-d965ccfc6d4b" outcome="Passed" testListId="8c84fa94-04c1-424b-9868-57a2d4851a1d" relativeResultsDirectory="088345dc-4aa5-412c-9e97-5a0c3da08b10" />
    <UnitTestResult executionId="8054a919-6c7b-4a0e-abbf-fc09e2b9a8a1" testId="7fa64d88-cd04-42c6-bec4-23be5c8c249e" testName="OperatorEqual_Passing_Valid_Distinct_Values_Returns_False (Tenant1)" computerName="PC-SFERRARI" duration="00:00:00.0000165" startTime="2021-10-24T18:49:34.4550751+02:00" endTime="2021-10-24T18:49:34.4552090+02:00" testType="13cdc9d9-ddb5-4fa4-a97d-d965ccfc6d4b" outcome="Passed" testListId="8c84fa94-04c1-424b-9868-57a2d4851a1d" relativeResultsDirectory="8054a919-6c7b-4a0e-abbf-fc09e2b9a8a1" />
    <UnitTestResult executionId="59ae1ffb-3746-41a9-94c4-1fa26cc93f8f" testId="194c60a5-4819-42e4-959c-c86a92f328c9" testName="Create_Passing_Valid_Values_Returns_Name (Españä)" computerName="PC-SFERRARI" duration="00:00:00.0000153" startTime="2021-10-24T18:49:34.2537300+02:00" endTime="2021-10-24T18:49:34.2538566+02:00" testType="13cdc9d9-ddb5-4fa4-a97d-d965ccfc6d4b" outcome="Passed" testListId="8c84fa94-04c1-424b-9868-57a2d4851a1d" relativeResultsDirectory="59ae1ffb-3746-41a9-94c4-1fa26cc93f8f" />
    <UnitTestResult executionId="ffe38517-162b-47a0-ac15-613dec5b1dcd" testId="2a9aeb95-51a4-4fee-82c7-3ae97e5832f6" testName="OperatorNotEqual_Passing_Valid_Values_Returns_True (dasdasd@dsasd.ff)" computerName="PC-SFERRARI" duration="00:00:00.0002223" startTime="2021-10-24T18:49:34.0881456+02:00" endTime="2021-10-24T18:49:34.0884981+02:00" testType="13cdc9d9-ddb5-4fa4-a97d-d965ccfc6d4b" outcome="Passed" testListId="8c84fa94-04c1-424b-9868-57a2d4851a1d" relativeResultsDirectory="ffe38517-162b-47a0-ac15-613dec5b1dcd" />
    <UnitTestResult executionId="9ed6cd78-a14d-4b0f-98fe-8afbad658627" testId="caf3d297-92f1-49a2-bb5e-e43cd113f02f" testName="IsNull_Passing_Valid_Value_Returns_False (Españä)" computerName="PC-SFERRARI" duration="00:00:00.0000697" startTime="2021-10-24T18:49:34.2752153+02:00" endTime="2021-10-24T18:49:34.2753851+02:00" testType="13cdc9d9-ddb5-4fa4-a97d-d965ccfc6d4b" outcome="Passed" testListId="8c84fa94-04c1-424b-9868-57a2d4851a1d" relativeResultsDirectory="9ed6cd78-a14d-4b0f-98fe-8afbad658627" />
    <UnitTestResult executionId="99c8744b-4b9a-4708-8578-49e9a373bbbd" testId="a8a3d5e1-f40d-4422-a1c9-eab5699715d0" testName="OperatorNotEqual_Passing_Valid_Values_Returns_False (tenant_A)" computerName="PC-SFERRARI" duration="00:00:00.0000145" startTime="2021-10-24T18:49:34.4817654+02:00" endTime="2021-10-24T18:49:34.4818954+02:00" testType="13cdc9d9-ddb5-4fa4-a97d-d965ccfc6d4b" outcome="Passed" testListId="8c84fa94-04c1-424b-9868-57a2d4851a1d" relativeResultsDirectory="99c8744b-4b9a-4708-8578-49e9a373bbbd" />
    <UnitTestResult executionId="77396865-0beb-4b86-9c47-af4a18624b23" testId="0b5dbc10-a7e7-46a0-862e-7b350b5ecc27" testName="OperatorNotEqual_Passing_Valid_Values_Returns_False (Españã)" computerName="PC-SFERRARI" duration="00:00:00.0000198" startTime="2021-10-24T18:49:34.2934610+02:00" endTime="2021-10-24T18:49:34.2935842+02:00" testType="13cdc9d9-ddb5-4fa4-a97d-d965ccfc6d4b" outcome="Passed" testListId="8c84fa94-04c1-424b-9868-57a2d4851a1d" relativeResultsDirectory="77396865-0beb-4b86-9c47-af4a18624b23" />
    <UnitTestResult executionId="d2e20f04-d76a-4b27-a73d-452ae4f077f3" testId="0c147972-2100-4c00-b661-97ea9beb4726" testName="Create_Passing_Valid_Values_Returns_Address (Tenerife,23,34567,San Bartoleme De Tirajana,Las Palmas,España)" computerName="PC-SFERRARI" duration="00:00:00.0004030" startTime="2021-10-24T18:49:33.5644966+02:00" endTime="2021-10-24T18:49:33.5652290+02:00" testType="13cdc9d9-ddb5-4fa4-a97d-d965ccfc6d4b" outcome="Passed" testListId="8c84fa94-04c1-424b-9868-57a2d4851a1d" relativeResultsDirectory="d2e20f04-d76a-4b27-a73d-452ae4f077f3" />
    <UnitTestResult executionId="654588fb-5fb6-4520-b87c-5c2f9255e466" testId="e6ad681e-f959-4eb9-95d3-f1f14dd7b9d6" testName="OperatorEqual_Passing_Valid_Values_Returns_True (EUR)" computerName="PC-SFERRARI" duration="00:00:00.0008157" startTime="2021-10-24T18:49:33.9770922+02:00" endTime="2021-10-24T18:49:33.9781729+02:00" testType="13cdc9d9-ddb5-4fa4-a97d-d965ccfc6d4b" outcome="Passed" testListId="8c84fa94-04c1-424b-9868-57a2d4851a1d" relativeResultsDirectory="654588fb-5fb6-4520-b87c-5c2f9255e466" />
    <UnitTestResult executionId="32750f2b-464d-44a0-9352-250144a5645c" testId="517a1536-054a-4d8e-a0ad-7d6838746b90" testName="Equals_Passing_Valid_Values_Returns_True (D45,86554654)" computerName="PC-SFERRARI" duration="00:00:00.0000228" startTime="2021-10-24T18:49:34.3977787+02:00" endTime="2021-10-24T18:49:34.3979913+02:00" testType="13cdc9d9-ddb5-4fa4-a97d-d965ccfc6d4b" outcome="Passed" testListId="8c84fa94-04c1-424b-9868-57a2d4851a1d" relativeResultsDirectory="32750f2b-464d-44a0-9352-250144a5645c" />
    <UnitTestResult executionId="713f155e-7165-4e30-b4f5-b9d27069164a" testId="4f2a7141-1943-43d9-992c-a0ff1121aac5" testName="OperatorEqual_Passing_Valid_Distinct_Values_Returns_False (app.hackerone1.com)" computerName="PC-SFERRARI" duration="00:00:00.0002205" startTime="2021-10-24T18:49:34.3677306+02:00" endTime="2021-10-24T18:49:34.3680678+02:00" testType="13cdc9d9-ddb5-4fa4-a97d-d965ccfc6d4b" outcome="Passed" testListId="8c84fa94-04c1-424b-9868-57a2d4851a1d" relativeResultsDirectory="713f155e-7165-4e30-b4f5-b9d27069164a" />
    <UnitTestResult executionId="3919eed9-8211-4503-9a94-6c249e391bb2" testId="e4ba0315-777f-4cce-9329-56853375be14" testName="OperatorNotEqual_Passing_Valid_Values_Returns_True (San Bartoleme De Tirajana)" computerName="PC-SFERRARI" duration="00:00:00.0002221" startTime="2021-10-24T18:49:34.3508176+02:00" endTime="2021-10-24T18:49:34.3511628+02:00" testType="13cdc9d9-ddb5-4fa4-a97d-d965ccfc6d4b" outcome="Passed" testListId="8c84fa94-04c1-424b-9868-57a2d4851a1d" relativeResultsDirectory="3919eed9-8211-4503-9a94-6c249e391bb2" />
    <UnitTestResult executionId="06961d0e-f644-4426-98d7-42c0eb5ec38e" testId="531a0d67-467e-4c26-ae5e-f448688e2806" testName="ToNormalize_Passing_Valid_Values_Returns_Address_String_Format (bb_ads@ggg.cc)" computerName="PC-SFERRARI" duration="00:00:00.0000946" startTime="2021-10-24T18:49:34.1404215+02:00" endTime="2021-10-24T18:49:34.1406583+02:00" testType="13cdc9d9-ddb5-4fa4-a97d-d965ccfc6d4b" outcome="Passed" testListId="8c84fa94-04c1-424b-9868-57a2d4851a1d" relativeResultsDirectory="06961d0e-f644-4426-98d7-42c0eb5ec38e" />
  </Results>
  <TestDefinitions>
    <UnitTest name="OperatorNotEqual_Passing_Valid_Values_Returns_False (tenant1)" storage="d:\sferrari\01 - trabajo\repos\netcore\libs\template-netcore-entities\kitpymes.core.entities.tests\bin\debug\net5.0\kitpymes.core.entities.tests.dll" id="ab05f438-b68f-47c7-85cf-d7d28b2c6ae4">
      <Execution id="f95ff3ae-f191-43d2-a2b0-8dc5f481b856" />
      <TestMethod codeBase="D:\SFERRARI\01 - TRABAJO\repos\netcore\libs\template-netcore-entities\Kitpymes.Core.Entities.Tests\bin\Debug\net5.0\Kitpymes.Core.Entities.Tests.dll" adapterTypeName="executor://mstestadapter/v2" className="Kitpymes.Core.Entities.ValueObjects.Tests.TenantNameTests" name="OperatorNotEqual_Passing_Valid_Values_Returns_False" />
    </UnitTest>
    <UnitTest name="OperatorEqual_Passing_Valid_Values_Returns_True (dasdasd@dsasd.ff)" storage="d:\sferrari\01 - trabajo\repos\netcore\libs\template-netcore-entities\kitpymes.core.entities.tests\bin\debug\net5.0\kitpymes.core.entities.tests.dll" id="80d83998-42b2-4414-b14d-3e79a09f5db7">
      <Execution id="d6336f61-1cc3-4788-aa09-533e50a086f2" />
      <TestMethod codeBase="D:\SFERRARI\01 - TRABAJO\repos\netcore\libs\template-netcore-entities\Kitpymes.Core.Entities.Tests\bin\Debug\net5.0\Kitpymes.Core.Entities.Tests.dll" adapterTypeName="executor://mstestadapter/v2" className="Kitpymes.Core.Entities.ValueObjects.Tests.EmailTests" name="OperatorEqual_Passing_Valid_Values_Returns_True" />
    </UnitTest>
    <UnitTest name="OperatorNotEqual_Passing_Valid_Values_Returns_False (tenant_1)" storage="d:\sferrari\01 - trabajo\repos\netcore\libs\template-netcore-entities\kitpymes.core.entities.tests\bin\debug\net5.0\kitpymes.core.entities.tests.dll" id="32216bf6-923f-4e92-8105-c02f5d640bf3">
      <Execution id="34997b6d-3e42-4673-97dd-4a89438eedae" />
      <TestMethod codeBase="D:\SFERRARI\01 - TRABAJO\repos\netcore\libs\template-netcore-entities\Kitpymes.Core.Entities.Tests\bin\Debug\net5.0\Kitpymes.Core.Entities.Tests.dll" adapterTypeName="executor://mstestadapter/v2" className="Kitpymes.Core.Entities.ValueObjects.Tests.TenantNameTests" name="OperatorNotEqual_Passing_Valid_Values_Returns_False" />
    </UnitTest>
    <UnitTest name="Change_Passing_Valid_Values_Returns_Name" storage="d:\sferrari\01 - trabajo\repos\netcore\libs\template-netcore-entities\kitpymes.core.entities.tests\bin\debug\net5.0\kitpymes.core.entities.tests.dll" id="0bbcaa3a-7dad-4ac5-8002-f04c68af4420">
      <Execution id="2966302b-cdd2-4eb2-9cfa-e2c5268812d4" />
      <TestMethod codeBase="D:\SFERRARI\01 - TRABAJO\repos\netcore\libs\template-netcore-entities\Kitpymes.Core.Entities.Tests\bin\Debug\net5.0\Kitpymes.Core.Entities.Tests.dll" adapterTypeName="executor://mstestadapter/v2" className="Kitpymes.Core.Entities.ValueObjects.Tests.TenantNameTests" name="Change_Passing_Valid_Values_Returns_Name" />
    </UnitTest>
    <UnitTest name="IsNull_Passing_Valid_Value_Returns_False (Españà)" storage="d:\sferrari\01 - trabajo\repos\netcore\libs\template-netcore-entities\kitpymes.core.entities.tests\bin\debug\net5.0\kitpymes.core.entities.tests.dll" id="27b0a8ae-6880-404f-8678-02d8226bcbfa">
      <Execution id="5d1e7957-7851-49c1-99b9-07090e70cf54" />
      <TestMethod codeBase="D:\SFERRARI\01 - TRABAJO\repos\netcore\libs\template-netcore-entities\Kitpymes.Core.Entities.Tests\bin\Debug\net5.0\Kitpymes.Core.Entities.Tests.dll" adapterTypeName="executor://mstestadapter/v2" className="Kitpymes.Core.Entities.ValueObjects.Tests.NameTests" name="IsNull_Passing_Valid_Value_Returns_False" />
    </UnitTest>
    <UnitTest name="OperatorEqual_Passing_Valid_Distinct_Values_Returns_False (100,EUR,2)" storage="d:\sferrari\01 - trabajo\repos\netcore\libs\template-netcore-entities\kitpymes.core.entities.tests\bin\debug\net5.0\kitpymes.core.entities.tests.dll" id="231b77c7-9274-468f-919f-fa2f321a6d08">
      <Execution id="eb042f9e-08b3-49f2-8803-f1ce8ac14022" />
      <TestMethod codeBase="D:\SFERRARI\01 - TRABAJO\repos\netcore\libs\template-netcore-entities\Kitpymes.Core.Entities.Tests\bin\Debug\net5.0\Kitpymes.Core.Entities.Tests.dll" adapterTypeName="executor://mstestadapter/v2" className="Kitpymes.Core.Entities.ValueObjects.Tests.MoneyTests" name="OperatorEqual_Passing_Valid_Distinct_Values_Returns_False" />
    </UnitTest>
    <UnitTest name="Equals_Passing_Valid_Distinct_Values_Returns_False (400,EUR,8)" storage="d:\sferrari\01 - trabajo\repos\netcore\libs\template-netcore-entities\kitpymes.core.entities.tests\bin\debug\net5.0\kitpymes.core.entities.tests.dll" id="d1362aff-bb37-4cf4-b2d4-14c3a083616a">
      <Execution id="51a90636-4f4e-4723-8c1b-a330f8637614" />
      <TestMethod codeBase="D:\SFERRARI\01 - TRABAJO\repos\netcore\libs\template-netcore-entities\Kitpymes.Core.Entities.Tests\bin\Debug\net5.0\Kitpymes.Core.Entities.Tests.dll" adapterTypeName="executor://mstestadapter/v2" className="Kitpymes.Core.Entities.ValueObjects.Tests.MoneyTests" name="Equals_Passing_Valid_Distinct_Values_Returns_False" />
    </UnitTest>
    <UnitTest name="Equals_Passing_Valid_Values_Returns_True (Sabadell,Barcelona,España)" storage="d:\sferrari\01 - trabajo\repos\netcore\libs\template-netcore-entities\kitpymes.core.entities.tests\bin\debug\net5.0\kitpymes.core.entities.tests.dll" id="843eab54-7246-4e38-8a14-1ba0e4e27dd2">
      <Execution id="7c14583c-6363-4d3a-adc0-58e641040288" />
      <TestMethod codeBase="D:\SFERRARI\01 - TRABAJO\repos\netcore\libs\template-netcore-entities\Kitpymes.Core.Entities.Tests\bin\Debug\net5.0\Kitpymes.Core.Entities.Tests.dll" adapterTypeName="executor://mstestadapter/v2" className="Kitpymes.Core.Entities.ValueObjects.Tests.FullNameTests" name="Equals_Passing_Valid_Values_Returns_True" />
    </UnitTest>
    <UnitTest name="OperatorEqual_Passing_Valid_Values_Returns_True (tenantA)" storage="d:\sferrari\01 - trabajo\repos\netcore\libs\template-netcore-entities\kitpymes.core.entities.tests\bin\debug\net5.0\kitpymes.core.entities.tests.dll" id="d9fc2e12-108d-49e1-874d-b0d205e3b61c">
      <Execution id="89148b84-e9b1-4fbb-bfcc-fcd0bc90e856" />
      <TestMethod codeBase="D:\SFERRARI\01 - TRABAJO\repos\netcore\libs\template-netcore-entities\Kitpymes.Core.Entities.Tests\bin\Debug\net5.0\Kitpymes.Core.Entities.Tests.dll" adapterTypeName="executor://mstestadapter/v2" className="Kitpymes.Core.Entities.ValueObjects.Tests.TenantNameTests" name="OperatorEqual_Passing_Valid_Values_Returns_True" />
    </UnitTest>
    <UnitTest name="ToString_Passing_Valid_Values_Returns_Subdomain (stage_hackerone.com)" storage="d:\sferrari\01 - trabajo\repos\netcore\libs\template-netcore-entities\kitpymes.core.entities.tests\bin\debug\net5.0\kitpymes.core.entities.tests.dll" id="87c05d9a-8992-478e-9384-e7d7af08bfbd">
      <Execution id="9cbadd3f-e70c-476d-9d7e-4299b69b9ef4" />
      <TestMethod codeBase="D:\SFERRARI\01 - TRABAJO\repos\netcore\libs\template-netcore-entities\Kitpymes.Core.Entities.Tests\bin\Debug\net5.0\Kitpymes.Core.Entities.Tests.dll" adapterTypeName="executor://mstestadapter/v2" className="Kitpymes.Core.Entities.ValueObjects.Tests.SubdomainTests" name="ToString_Passing_Valid_Values_Returns_Subdomain" />
    </UnitTest>
    <UnitTest name="ToString_Passing_Valid_Values_Returns_Name (tenant_1)" storage="d:\sferrari\01 - trabajo\repos\netcore\libs\template-netcore-entities\kitpymes.core.entities.tests\bin\debug\net5.0\kitpymes.core.entities.tests.dll" id="a89f7263-563d-4bf3-87d2-8507296f876d">
      <Execution id="c75e3c3b-a065-4d1e-a361-9efd5adce053" />
      <TestMethod codeBase="D:\SFERRARI\01 - TRABAJO\repos\netcore\libs\template-netcore-entities\Kitpymes.Core.Entities.Tests\bin\Debug\net5.0\Kitpymes.Core.Entities.Tests.dll" adapterTypeName="executor://mstestadapter/v2" className="Kitpymes.Core.Entities.ValueObjects.Tests.TenantNameTests" name="ToString_Passing_Valid_Values_Returns_Name" />
    </UnitTest>
    <UnitTest name="Equals_Passing_Valid_Distinct_Values_Returns_False (tenantA)" storage="d:\sferrari\01 - trabajo\repos\netcore\libs\template-netcore-entities\kitpymes.core.entities.tests\bin\debug\net5.0\kitpymes.core.entities.tests.dll" id="a4ca6f6f-609f-423b-a660-76fc9af2890a">
      <Execution id="2e2eaa7d-2e87-4fc1-a52e-6b3eb8290f7b" />
      <TestMethod codeBase="D:\SFERRARI\01 - TRABAJO\repos\netcore\libs\template-netcore-entities\Kitpymes.Core.Entities.Tests\bin\Debug\net5.0\Kitpymes.Core.Entities.Tests.dll" adapterTypeName="executor://mstestadapter/v2" className="Kitpymes.Core.Entities.ValueObjects.Tests.TenantNameTests" name="Equals_Passing_Valid_Distinct_Values_Returns_False" />
    </UnitTest>
    <UnitTest name="Equals_Passing_Valid_Distinct_Values_Returns_False (stage_hackerone.com)" storage="d:\sferrari\01 - trabajo\repos\netcore\libs\template-netcore-entities\kitpymes.core.entities.tests\bin\debug\net5.0\kitpymes.core.entities.tests.dll" id="28c37426-5da7-4f78-a86d-6e8b65c5c9f9">
      <Execution id="4b87269c-4f11-480b-bacf-8271a5b14e67" />
      <TestMethod codeBase="D:\SFERRARI\01 - TRABAJO\repos\netcore\libs\template-netcore-entities\Kitpymes.Core.Entities.Tests\bin\Debug\net5.0\Kitpymes.Core.Entities.Tests.dll" adapterTypeName="executor://mstestadapter/v2" className="Kitpymes.Core.Entities.ValueObjects.Tests.SubdomainTests" name="Equals_Passing_Valid_Distinct_Values_Returns_False" />
    </UnitTest>
    <UnitTest name="Create_Passing_InvalidOrNull_Value_Returns_ApplicationException ()" storage="d:\sferrari\01 - trabajo\repos\netcore\libs\template-netcore-entities\kitpymes.core.entities.tests\bin\debug\net5.0\kitpymes.core.entities.tests.dll" id="018dbca6-16d6-4b2f-9f6c-67581793cda3">
      <Execution id="0117e6cf-5e94-4d1f-b58b-7ad652b22715" />
      <TestMethod codeBase="D:\SFERRARI\01 - TRABAJO\repos\netcore\libs\template-netcore-entities\Kitpymes.Core.Entities.Tests\bin\Debug\net5.0\Kitpymes.Core.Entities.Tests.dll" adapterTypeName="executor://mstestadapter/v2" className="Kitpymes.Core.Entities.ValueObjects.Tests.NameTests" name="Create_Passing_InvalidOrNull_Value_Returns_ApplicationException" />
    </UnitTest>
    <UnitTest name="OperatorEqual_Passing_Valid_Values_Returns_False (Pader,789,DF7956,Sabadell,Barcelona,España)" storage="d:\sferrari\01 - trabajo\repos\netcore\libs\template-netcore-entities\kitpymes.core.entities.tests\bin\debug\net5.0\kitpymes.core.entities.tests.dll" id="f5d14f2d-63eb-4941-84e8-91310511da13">
      <Execution id="46c35c80-e606-4142-b9fe-268941f2918e" />
      <TestMethod codeBase="D:\SFERRARI\01 - TRABAJO\repos\netcore\libs\template-netcore-entities\Kitpymes.Core.Entities.Tests\bin\Debug\net5.0\Kitpymes.Core.Entities.Tests.dll" adapterTypeName="executor://mstestadapter/v2" className="Kitpymes.Core.Entities.ValueObjects.Tests.AddressTests" name="OperatorEqual_Passing_Valid_Values_Returns_False" />
    </UnitTest>
    <UnitTest name="OperatorEqual_Passing_Valid_Distinct_Values_Returns_False (Esp añâ)" storage="d:\sferrari\01 - trabajo\repos\netcore\libs\template-netcore-entities\kitpymes.core.entities.tests\bin\debug\net5.0\kitpymes.core.entities.tests.dll" id="d74e729f-3480-441e-ad51-cae37b9d10a5">
      <Execution id="7785fd46-502c-4c31-b2df-1cae98605b42" />
      <TestMethod codeBase="D:\SFERRARI\01 - TRABAJO\repos\netcore\libs\template-netcore-entities\Kitpymes.Core.Entities.Tests\bin\Debug\net5.0\Kitpymes.Core.Entities.Tests.dll" adapterTypeName="executor://mstestadapter/v2" className="Kitpymes.Core.Entities.ValueObjects.Tests.NameTests" name="OperatorEqual_Passing_Valid_Distinct_Values_Returns_False" />
    </UnitTest>
    <UnitTest name="IsNull_Passing_Valid_Values_Returns_False (Sabadell,Barcelona,España)" storage="d:\sferrari\01 - trabajo\repos\netcore\libs\template-netcore-entities\kitpymes.core.entities.tests\bin\debug\net5.0\kitpymes.core.entities.tests.dll" id="93783dff-ac19-4320-910e-67e40f8f0aaa">
      <Execution id="ea0036c6-6b67-43e4-a397-352cc9cacc3a" />
      <TestMethod codeBase="D:\SFERRARI\01 - TRABAJO\repos\netcore\libs\template-netcore-entities\Kitpymes.Core.Entities.Tests\bin\Debug\net5.0\Kitpymes.Core.Entities.Tests.dll" adapterTypeName="executor://mstestadapter/v2" className="Kitpymes.Core.Entities.ValueObjects.Tests.FullNameTests" name="IsNull_Passing_Valid_Values_Returns_False" />
    </UnitTest>
    <UnitTest name="IsNull_Passing_Valid_Value_Returns_False (TENANT_A)" storage="d:\sferrari\01 - trabajo\repos\netcore\libs\template-netcore-entities\kitpymes.core.entities.tests\bin\debug\net5.0\kitpymes.core.entities.tests.dll" id="4307acbc-b094-4752-b7bf-091ff2d1cd5e">
      <Execution id="1fd464a3-ecc1-47e8-bc31-40e24612587b" />
      <TestMethod codeBase="D:\SFERRARI\01 - TRABAJO\repos\netcore\libs\template-netcore-entities\Kitpymes.Core.Entities.Tests\bin\Debug\net5.0\Kitpymes.Core.Entities.Tests.dll" adapterTypeName="executor://mstestadapter/v2" className="Kitpymes.Core.Entities.ValueObjects.Tests.TenantNameTests" name="IsNull_Passing_Valid_Value_Returns_False" />
    </UnitTest>
    <UnitTest name="Create_Passing_Valid_Values_Returns_Name (Tenant_A)" storage="d:\sferrari\01 - trabajo\repos\netcore\libs\template-netcore-entities\kitpymes.core.entities.tests\bin\debug\net5.0\kitpymes.core.entities.tests.dll" id="4b486c0f-1bb6-446b-a25e-5fb76ca6b0bb">
      <Execution id="ce38a1f4-da78-427b-97ce-8a22bc4b8ee1" />
      <TestMethod codeBase="D:\SFERRARI\01 - TRABAJO\repos\netcore\libs\template-netcore-entities\Kitpymes.Core.Entities.Tests\bin\Debug\net5.0\Kitpymes.Core.Entities.Tests.dll" adapterTypeName="executor://mstestadapter/v2" className="Kitpymes.Core.Entities.ValueObjects.Tests.TenantNameTests" name="Create_Passing_Valid_Values_Returns_Name" />
    </UnitTest>
    <UnitTest name="ToString_Passing_Valid_Values_Returns_Value_String_Format (D45,86554654)" storage="d:\sferrari\01 - trabajo\repos\netcore\libs\template-netcore-entities\kitpymes.core.entities.tests\bin\debug\net5.0\kitpymes.core.entities.tests.dll" id="25b3685c-d4b2-40b2-a892-576a9cec3ae4">
      <Execution id="ddbb6bc2-34a2-4290-b9ae-5dad6da1d2de" />
      <TestMethod codeBase="D:\SFERRARI\01 - TRABAJO\repos\netcore\libs\template-netcore-entities\Kitpymes.Core.Entities.Tests\bin\Debug\net5.0\Kitpymes.Core.Entities.Tests.dll" adapterTypeName="executor://mstestadapter/v2" className="Kitpymes.Core.Entities.ValueObjects.Tests.TelephoneTests" name="ToString_Passing_Valid_Values_Returns_Value_String_Format" />
    </UnitTest>
    <UnitTest name="GetAll_Passing_Nothing_Returns_Enumeracion_List" storage="d:\sferrari\01 - trabajo\repos\netcore\libs\template-netcore-entities\kitpymes.core.entities.tests\bin\debug\net5.0\kitpymes.core.entities.tests.dll" id="176eef64-9a96-458a-9ae3-a2abe14d3e7f">
      <Execution id="ccb06788-1b14-4425-971c-8f2ac8c142ca" />
      <TestMethod codeBase="D:\SFERRARI\01 - TRABAJO\repos\netcore\libs\template-netcore-entities\Kitpymes.Core.Entities.Tests\bin\Debug\net5.0\Kitpymes.Core.Entities.Tests.dll" adapterTypeName="executor://mstestadapter/v2" className="Kitpymes.Core.Entities.Enumerations.Tests.GenderTypeEnumTests" name="GetAll_Passing_Nothing_Returns_Enumeracion_List" />
    </UnitTest>
    <UnitTest name="Equals_Passing_Valid_Values_Returns_True (456,43543543543)" storage="d:\sferrari\01 - trabajo\repos\netcore\libs\template-netcore-entities\kitpymes.core.entities.tests\bin\debug\net5.0\kitpymes.core.entities.tests.dll" id="257519f0-467c-4b8e-b648-6b63cd088951">
      <Execution id="a5d73ab0-ad64-4bbd-87ac-111cfbfc8841" />
      <TestMethod codeBase="D:\SFERRARI\01 - TRABAJO\repos\netcore\libs\template-netcore-entities\Kitpymes.Core.Entities.Tests\bin\Debug\net5.0\Kitpymes.Core.Entities.Tests.dll" adapterTypeName="executor://mstestadapter/v2" className="Kitpymes.Core.Entities.ValueObjects.Tests.TelephoneTests" name="Equals_Passing_Valid_Values_Returns_True" />
    </UnitTest>
    <UnitTest name="OperatorNotEqual_Passing_Valid_Values_Returns_True (app.hackerone1.com)" storage="d:\sferrari\01 - trabajo\repos\netcore\libs\template-netcore-entities\kitpymes.core.entities.tests\bin\debug\net5.0\kitpymes.core.entities.tests.dll" id="8a36bd8b-7ddb-4022-a6f6-de4bf155df31">
      <Execution id="8efa94df-d44d-47a2-807d-13191450819b" />
      <TestMethod codeBase="D:\SFERRARI\01 - TRABAJO\repos\netcore\libs\template-netcore-entities\Kitpymes.Core.Entities.Tests\bin\Debug\net5.0\Kitpymes.Core.Entities.Tests.dll" adapterTypeName="executor://mstestadapter/v2" className="Kitpymes.Core.Entities.ValueObjects.Tests.SubdomainTests" name="OperatorNotEqual_Passing_Valid_Values_Returns_True" />
    </UnitTest>
    <UnitTest name="OperatorNotEqual_Passing_Valid_Values_Returns_True (tenant_A)" storage="d:\sferrari\01 - trabajo\repos\netcore\libs\template-netcore-entities\kitpymes.core.entities.tests\bin\debug\net5.0\kitpymes.core.entities.tests.dll" id="20f8f01d-3e96-45c7-a499-b4a0aad80673">
      <Execution id="d936bfc4-9d80-4850-9fec-c5d60e2450d4" />
      <TestMethod codeBase="D:\SFERRARI\01 - TRABAJO\repos\netcore\libs\template-netcore-entities\Kitpymes.Core.Entities.Tests\bin\Debug\net5.0\Kitpymes.Core.Entities.Tests.dll" adapterTypeName="executor://mstestadapter/v2" className="Kitpymes.Core.Entities.ValueObjects.Tests.TenantNameTests" name="OperatorNotEqual_Passing_Valid_Values_Returns_True" />
    </UnitTest>
    <UnitTest name="Equals_Passing_Valid_Distinct_Values_Returns_False (Tenant1)" storage="d:\sferrari\01 - trabajo\repos\netcore\libs\template-netcore-entities\kitpymes.core.entities.tests\bin\debug\net5.0\kitpymes.core.entities.tests.dll" id="dcc681ed-2b48-450e-9ddf-6bc0224ad93c">
      <Execution id="fd3f3ffb-6597-43df-b281-b93e0e9f0c69" />
      <TestMethod codeBase="D:\SFERRARI\01 - TRABAJO\repos\netcore\libs\template-netcore-entities\Kitpymes.Core.Entities.Tests\bin\Debug\net5.0\Kitpymes.Core.Entities.Tests.dll" adapterTypeName="executor://mstestadapter/v2" className="Kitpymes.Core.Entities.ValueObjects.Tests.TenantNameTests" name="Equals_Passing_Valid_Distinct_Values_Returns_False" />
    </UnitTest>
    <UnitTest name="OperatorEqual_Passing_Valid_Values_Returns_True (Españà)" storage="d:\sferrari\01 - trabajo\repos\netcore\libs\template-netcore-entities\kitpymes.core.entities.tests\bin\debug\net5.0\kitpymes.core.entities.tests.dll" id="613f854c-7cf5-45f0-8b6c-48370f647fa5">
      <Execution id="58a55d02-4230-4dc6-8a41-9bd100f29f29" />
      <TestMethod codeBase="D:\SFERRARI\01 - TRABAJO\repos\netcore\libs\template-netcore-entities\Kitpymes.Core.Entities.Tests\bin\Debug\net5.0\Kitpymes.Core.Entities.Tests.dll" adapterTypeName="executor://mstestadapter/v2" className="Kitpymes.Core.Entities.ValueObjects.Tests.NameTests" name="OperatorEqual_Passing_Valid_Values_Returns_True" />
    </UnitTest>
    <UnitTest name="OperatorEqual_Passing_Valid_Distinct_Values_Returns_False (200,EUR,4)" storage="d:\sferrari\01 - trabajo\repos\netcore\libs\template-netcore-entities\kitpymes.core.entities.tests\bin\debug\net5.0\kitpymes.core.entities.tests.dll" id="95180db5-81b5-4526-9965-2fc6512edac5">
      <Execution id="1fe2a028-2968-49f3-9c5a-07b8e2c43d13" />
      <TestMethod codeBase="D:\SFERRARI\01 - TRABAJO\repos\netcore\libs\template-netcore-entities\Kitpymes.Core.Entities.Tests\bin\Debug\net5.0\Kitpymes.Core.Entities.Tests.dll" adapterTypeName="executor://mstestadapter/v2" className="Kitpymes.Core.Entities.ValueObjects.Tests.MoneyTests" name="OperatorEqual_Passing_Valid_Distinct_Values_Returns_False" />
    </UnitTest>
    <UnitTest name="ToString_Passing_Valid_Values_Returns_Name (Tenant_1)" storage="d:\sferrari\01 - trabajo\repos\netcore\libs\template-netcore-entities\kitpymes.core.entities.tests\bin\debug\net5.0\kitpymes.core.entities.tests.dll" id="c297c87c-d390-4e1e-ad3d-92810bcef729">
      <Execution id="1df92743-83d4-4634-904f-d64593065432" />
      <TestMethod codeBase="D:\SFERRARI\01 - TRABAJO\repos\netcore\libs\template-netcore-entities\Kitpymes.Core.Entities.Tests\bin\Debug\net5.0\Kitpymes.Core.Entities.Tests.dll" adapterTypeName="executor://mstestadapter/v2" className="Kitpymes.Core.Entities.ValueObjects.Tests.TenantNameTests" name="ToString_Passing_Valid_Values_Returns_Name" />
    </UnitTest>
    <UnitTest name="OperatorEqual_Passing_Valid_Values_Returns_True (Españä)" storage="d:\sferrari\01 - trabajo\repos\netcore\libs\template-netcore-entities\kitpymes.core.entities.tests\bin\debug\net5.0\kitpymes.core.entities.tests.dll" id="77c33e0f-aaae-403c-b895-5b0acd376eed">
      <Execution id="39ba5900-c952-4bd7-bbd8-f4de71657491" />
      <TestMethod codeBase="D:\SFERRARI\01 - TRABAJO\repos\netcore\libs\template-netcore-entities\Kitpymes.Core.Entities.Tests\bin\Debug\net5.0\Kitpymes.Core.Entities.Tests.dll" adapterTypeName="executor://mstestadapter/v2" className="Kitpymes.Core.Entities.ValueObjects.Tests.NameTests" name="OperatorEqual_Passing_Valid_Values_Returns_True" />
    </UnitTest>
    <UnitTest name="OperatorNotEqual_Passing_Valid_Values_Returns_False (Españá)" storage="d:\sferrari\01 - trabajo\repos\netcore\libs\template-netcore-entities\kitpymes.core.entities.tests\bin\debug\net5.0\kitpymes.core.entities.tests.dll" id="2335fb6a-b98e-4732-9b0c-c4339024cfdb">
      <Execution id="15af6e17-eee5-4fe3-b227-9d2ca3345b9e" />
      <TestMethod codeBase="D:\SFERRARI\01 - TRABAJO\repos\netcore\libs\template-netcore-entities\Kitpymes.Core.Entities.Tests\bin\Debug\net5.0\Kitpymes.Core.Entities.Tests.dll" adapterTypeName="executor://mstestadapter/v2" className="Kitpymes.Core.Entities.ValueObjects.Tests.NameTests" name="OperatorNotEqual_Passing_Valid_Values_Returns_False" />
    </UnitTest>
    <UnitTest name="ToString_Passing_Valid_Values_Returns_Name (Españà)" storage="d:\sferrari\01 - trabajo\repos\netcore\libs\template-netcore-entities\kitpymes.core.entities.tests\bin\debug\net5.0\kitpymes.core.entities.tests.dll" id="24f218ba-351e-4ad0-9e2b-537e571fec95">
      <Execution id="132a8c20-5e7d-46df-9be1-19ae7be6c12e" />
      <TestMethod codeBase="D:\SFERRARI\01 - TRABAJO\repos\netcore\libs\template-netcore-entities\Kitpymes.Core.Entities.Tests\bin\Debug\net5.0\Kitpymes.Core.Entities.Tests.dll" adapterTypeName="executor://mstestadapter/v2" className="Kitpymes.Core.Entities.ValueObjects.Tests.NameTests" name="ToString_Passing_Valid_Values_Returns_Name" />
    </UnitTest>
    <UnitTest name="Equals_Passing_Valid_Values_Returns_True (400,USD,8)" storage="d:\sferrari\01 - trabajo\repos\netcore\libs\template-netcore-entities\kitpymes.core.entities.tests\bin\debug\net5.0\kitpymes.core.entities.tests.dll" id="eb150bfb-7ec4-4c58-ac93-f2c50138670e">
      <Execution id="189b87d1-208a-4153-9798-8c095571d8f6" />
      <TestMethod codeBase="D:\SFERRARI\01 - TRABAJO\repos\netcore\libs\template-netcore-entities\Kitpymes.Core.Entities.Tests\bin\Debug\net5.0\Kitpymes.Core.Entities.Tests.dll" adapterTypeName="executor://mstestadapter/v2" className="Kitpymes.Core.Entities.ValueObjects.Tests.MoneyTests" name="Equals_Passing_Valid_Values_Returns_True" />
    </UnitTest>
    <UnitTest name="Create_Passing_Valid_Values_Returns_Name (Españã)" storage="d:\sferrari\01 - trabajo\repos\netcore\libs\template-netcore-entities\kitpymes.core.entities.tests\bin\debug\net5.0\kitpymes.core.entities.tests.dll" id="2b222f4c-c92c-42a0-861c-19710fdad563">
      <Execution id="78d92ce9-b7b0-4baf-be2c-8366de5ed93d" />
      <TestMethod codeBase="D:\SFERRARI\01 - TRABAJO\repos\netcore\libs\template-netcore-entities\Kitpymes.Core.Entities.Tests\bin\Debug\net5.0\Kitpymes.Core.Entities.Tests.dll" adapterTypeName="executor://mstestadapter/v2" className="Kitpymes.Core.Entities.ValueObjects.Tests.NameTests" name="Create_Passing_Valid_Values_Returns_Name" />
    </UnitTest>
    <UnitTest name="ToString_Passing_Valid_Values_Returns_Name (Españã)" storage="d:\sferrari\01 - trabajo\repos\netcore\libs\template-netcore-entities\kitpymes.core.entities.tests\bin\debug\net5.0\kitpymes.core.entities.tests.dll" id="51e3b98c-0ddc-4ada-aba0-6f83e4f4f9c0">
      <Execution id="e4ff95d3-c1d3-4b8c-bca2-1995d6f9b93d" />
      <TestMethod codeBase="D:\SFERRARI\01 - TRABAJO\repos\netcore\libs\template-netcore-entities\Kitpymes.Core.Entities.Tests\bin\Debug\net5.0\Kitpymes.Core.Entities.Tests.dll" adapterTypeName="executor://mstestadapter/v2" className="Kitpymes.Core.Entities.ValueObjects.Tests.NameTests" name="ToString_Passing_Valid_Values_Returns_Name" />
    </UnitTest>
    <UnitTest name="OperatorEqual_Passing_Valid_Values_Returns_True (Españã)" storage="d:\sferrari\01 - trabajo\repos\netcore\libs\template-netcore-entities\kitpymes.core.entities.tests\bin\debug\net5.0\kitpymes.core.entities.tests.dll" id="084a78d6-a3d5-4cfb-b2d9-330e561af14a">
      <Execution id="36317cdd-86a0-4853-9da7-691f7f0bfbd6" />
      <TestMethod codeBase="D:\SFERRARI\01 - TRABAJO\repos\netcore\libs\template-netcore-entities\Kitpymes.Core.Entities.Tests\bin\Debug\net5.0\Kitpymes.Core.Entities.Tests.dll" adapterTypeName="executor://mstestadapter/v2" className="Kitpymes.Core.Entities.ValueObjects.Tests.NameTests" name="OperatorEqual_Passing_Valid_Values_Returns_True" />
    </UnitTest>
    <UnitTest name="OperatorNotEqual_Passing_Valid_Values_Returns_False (Españä)" storage="d:\sferrari\01 - trabajo\repos\netcore\libs\template-netcore-entities\kitpymes.core.entities.tests\bin\debug\net5.0\kitpymes.core.entities.tests.dll" id="0366c23a-cd03-4542-89e2-c551bde686bc">
      <Execution id="e19f1880-3106-4acb-8d3f-8793ce80e508" />
      <TestMethod codeBase="D:\SFERRARI\01 - TRABAJO\repos\netcore\libs\template-netcore-entities\Kitpymes.Core.Entities.Tests\bin\Debug\net5.0\Kitpymes.Core.Entities.Tests.dll" adapterTypeName="executor://mstestadapter/v2" className="Kitpymes.Core.Entities.ValueObjects.Tests.NameTests" name="OperatorNotEqual_Passing_Valid_Values_Returns_False" />
    </UnitTest>
    <UnitTest name="Equals_Passing_Valid_Values_Returns_True (TENANT1)" storage="d:\sferrari\01 - trabajo\repos\netcore\libs\template-netcore-entities\kitpymes.core.entities.tests\bin\debug\net5.0\kitpymes.core.entities.tests.dll" id="504366b9-1688-4c04-9ab7-49df0be73aa9">
      <Execution id="ac9b70f7-3d80-4b22-904f-6acda8e22f08" />
      <TestMethod codeBase="D:\SFERRARI\01 - TRABAJO\repos\netcore\libs\template-netcore-entities\Kitpymes.Core.Entities.Tests\bin\Debug\net5.0\Kitpymes.Core.Entities.Tests.dll" adapterTypeName="executor://mstestadapter/v2" className="Kitpymes.Core.Entities.ValueObjects.Tests.TenantNameTests" name="Equals_Passing_Valid_Values_Returns_True" />
    </UnitTest>
    <UnitTest name="Create_Passing_InvalidOrNull_Value_Returns_ApplicationException (34fsds@@sdd.f)" storage="d:\sferrari\01 - trabajo\repos\netcore\libs\template-netcore-entities\kitpymes.core.entities.tests\bin\debug\net5.0\kitpymes.core.entities.tests.dll" id="2c01c925-a264-4630-ba1c-a449012a75e8">
      <Execution id="bf9af29e-010c-42ad-9ee6-ef3be87e4dc8" />
      <TestMethod codeBase="D:\SFERRARI\01 - TRABAJO\repos\netcore\libs\template-netcore-entities\Kitpymes.Core.Entities.Tests\bin\Debug\net5.0\Kitpymes.Core.Entities.Tests.dll" adapterTypeName="executor://mstestadapter/v2" className="Kitpymes.Core.Entities.ValueObjects.Tests.EmailTests" name="Create_Passing_InvalidOrNull_Value_Returns_ApplicationException" />
    </UnitTest>
    <UnitTest name="OperatorNotEqual_Passing_Valid_Values_Returns_False (San Bartoleme De Tirajana,Las Palmas,España)" storage="d:\sferrari\01 - trabajo\repos\netcore\libs\template-netcore-entities\kitpymes.core.entities.tests\bin\debug\net5.0\kitpymes.core.entities.tests.dll" id="42b5f28d-de67-4f09-b525-7969a3ba92d5">
      <Execution id="6b250af9-229c-4bff-a8ea-15f8047f94af" />
      <TestMethod codeBase="D:\SFERRARI\01 - TRABAJO\repos\netcore\libs\template-netcore-entities\Kitpymes.Core.Entities.Tests\bin\Debug\net5.0\Kitpymes.Core.Entities.Tests.dll" adapterTypeName="executor://mstestadapter/v2" className="Kitpymes.Core.Entities.ValueObjects.Tests.FullNameTests" name="OperatorNotEqual_Passing_Valid_Values_Returns_False" />
    </UnitTest>
    <UnitTest name="OperatorNotEqual_Passing_Valid_Values_Returns_True (TENANTA)" storage="d:\sferrari\01 - trabajo\repos\netcore\libs\template-netcore-entities\kitpymes.core.entities.tests\bin\debug\net5.0\kitpymes.core.entities.tests.dll" id="da843226-624d-462f-8370-4d4861fc18c2">
      <Execution id="e90a6167-43b2-4652-82d5-26e26c3d2d2b" />
      <TestMethod codeBase="D:\SFERRARI\01 - TRABAJO\repos\netcore\libs\template-netcore-entities\Kitpymes.Core.Entities.Tests\bin\Debug\net5.0\Kitpymes.Core.Entities.Tests.dll" adapterTypeName="executor://mstestadapter/v2" className="Kitpymes.Core.Entities.ValueObjects.Tests.TenantNameTests" name="OperatorNotEqual_Passing_Valid_Values_Returns_True" />
    </UnitTest>
    <UnitTest name="ToEnum_Passing_Valid_IntName_Enumeracion_Returns_Enumeracion" storage="d:\sferrari\01 - trabajo\repos\netcore\libs\template-netcore-entities\kitpymes.core.entities.tests\bin\debug\net5.0\kitpymes.core.entities.tests.dll" id="cdd799bf-67de-4f9f-aa6a-55a6876f3d52">
      <Execution id="945aa237-e5a6-4dd2-adb7-28f8ab3bef90" />
      <TestMethod codeBase="D:\SFERRARI\01 - TRABAJO\repos\netcore\libs\template-netcore-entities\Kitpymes.Core.Entities.Tests\bin\Debug\net5.0\Kitpymes.Core.Entities.Tests.dll" adapterTypeName="executor://mstestadapter/v2" className="Kitpymes.Core.Entities.Enumerations.Tests.SubscriptionEnumTests" name="ToEnum_Passing_Valid_IntName_Enumeracion_Returns_Enumeracion" />
    </UnitTest>
    <UnitTest name="OperatorNotEqual_Passing_Valid_Values_Returns_True (TenantA)" storage="d:\sferrari\01 - trabajo\repos\netcore\libs\template-netcore-entities\kitpymes.core.entities.tests\bin\debug\net5.0\kitpymes.core.entities.tests.dll" id="ef57edb2-cee8-4dab-a650-be841bb021fe">
      <Execution id="9bdc75b9-b7a0-4cd6-b8f9-9cc9e541bed9" />
      <TestMethod codeBase="D:\SFERRARI\01 - TRABAJO\repos\netcore\libs\template-netcore-entities\Kitpymes.Core.Entities.Tests\bin\Debug\net5.0\Kitpymes.Core.Entities.Tests.dll" adapterTypeName="executor://mstestadapter/v2" className="Kitpymes.Core.Entities.ValueObjects.Tests.TenantNameTests" name="OperatorNotEqual_Passing_Valid_Values_Returns_True" />
    </UnitTest>
    <UnitTest name="OperatorEqual_Passing_Valid_Distinct_Values_Returns_False (Tenant_A)" storage="d:\sferrari\01 - trabajo\repos\netcore\libs\template-netcore-entities\kitpymes.core.entities.tests\bin\debug\net5.0\kitpymes.core.entities.tests.dll" id="e849fbeb-d2bd-4aa3-a94b-51b7ba416394">
      <Execution id="8ed9103d-94bc-40fe-a878-f0fea5d3e40b" />
      <TestMethod codeBase="D:\SFERRARI\01 - TRABAJO\repos\netcore\libs\template-netcore-entities\Kitpymes.Core.Entities.Tests\bin\Debug\net5.0\Kitpymes.Core.Entities.Tests.dll" adapterTypeName="executor://mstestadapter/v2" className="Kitpymes.Core.Entities.ValueObjects.Tests.TenantNameTests" name="OperatorEqual_Passing_Valid_Distinct_Values_Returns_False" />
    </UnitTest>
    <UnitTest name="Change_Passing_Valid_Values_Returns_FullName" storage="d:\sferrari\01 - trabajo\repos\netcore\libs\template-netcore-entities\kitpymes.core.entities.tests\bin\debug\net5.0\kitpymes.core.entities.tests.dll" id="ebf6940c-60fe-4259-9502-46dbfab3b551">
      <Execution id="147a9b51-d58a-4a61-89b0-64153f3611f7" />
      <TestMethod codeBase="D:\SFERRARI\01 - TRABAJO\repos\netcore\libs\template-netcore-entities\Kitpymes.Core.Entities.Tests\bin\Debug\net5.0\Kitpymes.Core.Entities.Tests.dll" adapterTypeName="executor://mstestadapter/v2" className="Kitpymes.Core.Entities.ValueObjects.Tests.FullNameTests" name="Change_Passing_Valid_Values_Returns_FullName" />
    </UnitTest>
    <UnitTest name="IsNull_Passing_Valid_Value_Returns_False (Españã)" storage="d:\sferrari\01 - trabajo\repos\netcore\libs\template-netcore-entities\kitpymes.core.entities.tests\bin\debug\net5.0\kitpymes.core.entities.tests.dll" id="ccadb473-8c8b-4ab3-8a09-422f6bc09de1">
      <Execution id="aea6fe8b-7a99-4bf6-8fa9-3d7a1d7af8eb" />
      <TestMethod codeBase="D:\SFERRARI\01 - TRABAJO\repos\netcore\libs\template-netcore-entities\Kitpymes.Core.Entities.Tests\bin\Debug\net5.0\Kitpymes.Core.Entities.Tests.dll" adapterTypeName="executor://mstestadapter/v2" className="Kitpymes.Core.Entities.ValueObjects.Tests.NameTests" name="IsNull_Passing_Valid_Value_Returns_False" />
    </UnitTest>
    <UnitTest name="OperatorEqual_Passing_Valid_Values_Returns_True (tenant1)" storage="d:\sferrari\01 - trabajo\repos\netcore\libs\template-netcore-entities\kitpymes.core.entities.tests\bin\debug\net5.0\kitpymes.core.entities.tests.dll" id="b188f4a4-7cd3-4cfa-8c60-7a8aa2540430">
      <Execution id="19560370-98ca-468c-a5c8-f7cf3a9cc0c7" />
      <TestMethod codeBase="D:\SFERRARI\01 - TRABAJO\repos\netcore\libs\template-netcore-entities\Kitpymes.Core.Entities.Tests\bin\Debug\net5.0\Kitpymes.Core.Entities.Tests.dll" adapterTypeName="executor://mstestadapter/v2" className="Kitpymes.Core.Entities.ValueObjects.Tests.TenantNameTests" name="OperatorEqual_Passing_Valid_Values_Returns_True" />
    </UnitTest>
    <UnitTest name="Equals_Passing_Valid_Values_Returns_True (www.hackerone-com)" storage="d:\sferrari\01 - trabajo\repos\netcore\libs\template-netcore-entities\kitpymes.core.entities.tests\bin\debug\net5.0\kitpymes.core.entities.tests.dll" id="6030d822-60a2-4aca-92b3-c67c966b27f0">
      <Execution id="5085ef5c-0b0e-463a-a604-a00dfaf1199f" />
      <TestMethod codeBase="D:\SFERRARI\01 - TRABAJO\repos\netcore\libs\template-netcore-entities\Kitpymes.Core.Entities.Tests\bin\Debug\net5.0\Kitpymes.Core.Entities.Tests.dll" adapterTypeName="executor://mstestadapter/v2" className="Kitpymes.Core.Entities.ValueObjects.Tests.SubdomainTests" name="Equals_Passing_Valid_Values_Returns_True" />
    </UnitTest>
    <UnitTest name="ToNormalize_Passing_Valid_Values_Returns_Name_String_Format (Españç,Espanc)" storage="d:\sferrari\01 - trabajo\repos\netcore\libs\template-netcore-entities\kitpymes.core.entities.tests\bin\debug\net5.0\kitpymes.core.entities.tests.dll" id="a95050f5-458d-4ae7-9bad-be97827e1b4c">
      <Execution id="7a76a5b5-1aa8-4dfe-bba5-171797110a7d" />
      <TestMethod codeBase="D:\SFERRARI\01 - TRABAJO\repos\netcore\libs\template-netcore-entities\Kitpymes.Core.Entities.Tests\bin\Debug\net5.0\Kitpymes.Core.Entities.Tests.dll" adapterTypeName="executor://mstestadapter/v2" className="Kitpymes.Core.Entities.ValueObjects.Tests.NameTests" name="ToNormalize_Passing_Valid_Values_Returns_Name_String_Format" />
    </UnitTest>
    <UnitTest name="Equals_Passing_Valid_Values_Returns_True (D45,86554654)" storage="d:\sferrari\01 - trabajo\repos\netcore\libs\template-netcore-entities\kitpymes.core.entities.tests\bin\debug\net5.0\kitpymes.core.entities.tests.dll" id="517a1536-054a-4d8e-a0ad-7d6838746b90">
      <Execution id="32750f2b-464d-44a0-9352-250144a5645c" />
      <TestMethod codeBase="D:\SFERRARI\01 - TRABAJO\repos\netcore\libs\template-netcore-entities\Kitpymes.Core.Entities.Tests\bin\Debug\net5.0\Kitpymes.Core.Entities.Tests.dll" adapterTypeName="executor://mstestadapter/v2" className="Kitpymes.Core.Entities.ValueObjects.Tests.TelephoneTests" name="Equals_Passing_Valid_Values_Returns_True" />
    </UnitTest>
    <UnitTest name="ToString_Passing_Valid_Values_Returns_Name (España)" storage="d:\sferrari\01 - trabajo\repos\netcore\libs\template-netcore-entities\kitpymes.core.entities.tests\bin\debug\net5.0\kitpymes.core.entities.tests.dll" id="74441bea-8607-449b-9181-ceacc50dd37b">
      <Execution id="d07b24e6-4c40-4955-82a6-2e11fb4027e2" />
      <TestMethod codeBase="D:\SFERRARI\01 - TRABAJO\repos\netcore\libs\template-netcore-entities\Kitpymes.Core.Entities.Tests\bin\Debug\net5.0\Kitpymes.Core.Entities.Tests.dll" adapterTypeName="executor://mstestadapter/v2" className="Kitpymes.Core.Entities.ValueObjects.Tests.NameTests" name="ToString_Passing_Valid_Values_Returns_Name" />
    </UnitTest>
    <UnitTest name="IsNull_Passing_Valid_Address_Returns_False (Tenerife,23,34567,San Bartoleme De Tirajana,Las Palmas,España)" storage="d:\sferrari\01 - trabajo\repos\netcore\libs\template-netcore-entities\kitpymes.core.entities.tests\bin\debug\net5.0\kitpymes.core.entities.tests.dll" id="73fe7657-e303-4f99-80ec-724b87be5d44">
      <Execution id="6824de12-90c8-4ee7-b436-8a901aa56f1f" />
      <TestMethod codeBase="D:\SFERRARI\01 - TRABAJO\repos\netcore\libs\template-netcore-entities\Kitpymes.Core.Entities.Tests\bin\Debug\net5.0\Kitpymes.Core.Entities.Tests.dll" adapterTypeName="executor://mstestadapter/v2" className="Kitpymes.Core.Entities.ValueObjects.Tests.AddressTests" name="IsNull_Passing_Valid_Address_Returns_False" />
    </UnitTest>
    <UnitTest name="ToString_Passing_Valid_Values_Returns_Value_String_Format (456,43543543543)" storage="d:\sferrari\01 - trabajo\repos\netcore\libs\template-netcore-entities\kitpymes.core.entities.tests\bin\debug\net5.0\kitpymes.core.entities.tests.dll" id="6687e607-578b-49a7-aacb-2d66d459a07d">
      <Execution id="0dd3fc63-3625-41c6-bde4-1cf2c6a69c71" />
      <TestMethod codeBase="D:\SFERRARI\01 - TRABAJO\repos\netcore\libs\template-netcore-entities\Kitpymes.Core.Entities.Tests\bin\Debug\net5.0\Kitpymes.Core.Entities.Tests.dll" adapterTypeName="executor://mstestadapter/v2" className="Kitpymes.Core.Entities.ValueObjects.Tests.TelephoneTests" name="ToString_Passing_Valid_Values_Returns_Value_String_Format" />
    </UnitTest>
    <UnitTest name="OperatorNotEqual_Passing_Valid_Values_Returns_True (TENANT_A)" storage="d:\sferrari\01 - trabajo\repos\netcore\libs\template-netcore-entities\kitpymes.core.entities.tests\bin\debug\net5.0\kitpymes.core.entities.tests.dll" id="3a802486-c2e2-423c-bc4c-a491647a206f">
      <Execution id="def1a7ff-c7fe-4b5a-903b-bb9748531208" />
      <TestMethod codeBase="D:\SFERRARI\01 - TRABAJO\repos\netcore\libs\template-netcore-entities\Kitpymes.Core.Entities.Tests\bin\Debug\net5.0\Kitpymes.Core.Entities.Tests.dll" adapterTypeName="executor://mstestadapter/v2" className="Kitpymes.Core.Entities.ValueObjects.Tests.TenantNameTests" name="OperatorNotEqual_Passing_Valid_Values_Returns_True" />
    </UnitTest>
    <UnitTest name="OperatorEqual_Passing_Valid_Values_Returns_True (200,EUR,4)" storage="d:\sferrari\01 - trabajo\repos\netcore\libs\template-netcore-entities\kitpymes.core.entities.tests\bin\debug\net5.0\kitpymes.core.entities.tests.dll" id="3bb7fd14-d11c-4ac3-bb72-a1e1ec01da99">
      <Execution id="c0a11796-3478-4516-a753-a02c74982a0f" />
      <TestMethod codeBase="D:\SFERRARI\01 - TRABAJO\repos\netcore\libs\template-netcore-entities\Kitpymes.Core.Entities.Tests\bin\Debug\net5.0\Kitpymes.Core.Entities.Tests.dll" adapterTypeName="executor://mstestadapter/v2" className="Kitpymes.Core.Entities.ValueObjects.Tests.MoneyTests" name="OperatorEqual_Passing_Valid_Values_Returns_True" />
    </UnitTest>
    <UnitTest name="Equals_Passing_Valid_Values_Returns_True (TENANT_1)" storage="d:\sferrari\01 - trabajo\repos\netcore\libs\template-netcore-entities\kitpymes.core.entities.tests\bin\debug\net5.0\kitpymes.core.entities.tests.dll" id="e48cddbf-d705-451e-9bac-fd47f6c340c1">
      <Execution id="ad4c2146-e8e1-4549-b4d0-5777c8a15297" />
      <TestMethod codeBase="D:\SFERRARI\01 - TRABAJO\repos\netcore\libs\template-netcore-entities\Kitpymes.Core.Entities.Tests\bin\Debug\net5.0\Kitpymes.Core.Entities.Tests.dll" adapterTypeName="executor://mstestadapter/v2" className="Kitpymes.Core.Entities.ValueObjects.Tests.TenantNameTests" name="Equals_Passing_Valid_Values_Returns_True" />
    </UnitTest>
    <UnitTest name="Create_Passing_InvalidOrNull_Value_Returns_ApplicationException (,43543543543)" storage="d:\sferrari\01 - trabajo\repos\netcore\libs\template-netcore-entities\kitpymes.core.entities.tests\bin\debug\net5.0\kitpymes.core.entities.tests.dll" id="1f8f700e-70dd-40f2-aee7-69035decec0d">
      <Execution id="2ee39402-3e7b-4cc2-b2da-aacd2ef5080b" />
      <TestMethod codeBase="D:\SFERRARI\01 - TRABAJO\repos\netcore\libs\template-netcore-entities\Kitpymes.Core.Entities.Tests\bin\Debug\net5.0\Kitpymes.Core.Entities.Tests.dll" adapterTypeName="executor://mstestadapter/v2" className="Kitpymes.Core.Entities.ValueObjects.Tests.TelephoneTests" name="Create_Passing_InvalidOrNull_Value_Returns_ApplicationException" />
    </UnitTest>
    <UnitTest name="OperatorEqual_Passing_Valid_Distinct_Values_Returns_False (www.hackerone-com)" storage="d:\sferrari\01 - trabajo\repos\netcore\libs\template-netcore-entities\kitpymes.core.entities.tests\bin\debug\net5.0\kitpymes.core.entities.tests.dll" id="ddd2b936-ed0f-41f8-9a73-4c4ba778a4c4">
      <Execution id="a403ef9c-c7dc-4baa-a307-809993df6710" />
      <TestMethod codeBase="D:\SFERRARI\01 - TRABAJO\repos\netcore\libs\template-netcore-entities\Kitpymes.Core.Entities.Tests\bin\Debug\net5.0\Kitpymes.Core.Entities.Tests.dll" adapterTypeName="executor://mstestadapter/v2" className="Kitpymes.Core.Entities.ValueObjects.Tests.SubdomainTests" name="OperatorEqual_Passing_Valid_Distinct_Values_Returns_False" />
    </UnitTest>
    <UnitTest name="OperatorNotEqual_Passing_Valid_Values_Returns_False (Españà)" storage="d:\sferrari\01 - trabajo\repos\netcore\libs\template-netcore-entities\kitpymes.core.entities.tests\bin\debug\net5.0\kitpymes.core.entities.tests.dll" id="c240fbad-2739-4901-ab30-7c32d7f60011">
      <Execution id="c0428f56-c405-4851-92b5-eb7aeb1f3f9f" />
      <TestMethod codeBase="D:\SFERRARI\01 - TRABAJO\repos\netcore\libs\template-netcore-entities\Kitpymes.Core.Entities.Tests\bin\Debug\net5.0\Kitpymes.Core.Entities.Tests.dll" adapterTypeName="executor://mstestadapter/v2" className="Kitpymes.Core.Entities.ValueObjects.Tests.NameTests" name="OperatorNotEqual_Passing_Valid_Values_Returns_False" />
    </UnitTest>
    <UnitTest name="ToEnum_Passing_Valid_String_ShortName_Enumeracion_Returns_Enumeracion" storage="d:\sferrari\01 - trabajo\repos\netcore\libs\template-netcore-entities\kitpymes.core.entities.tests\bin\debug\net5.0\kitpymes.core.entities.tests.dll" id="7f43c357-946d-4c1e-aef9-8d58dd865195">
      <Execution id="f61c56f1-752e-4a7a-9dac-a87394a5c0d5" />
      <TestMethod codeBase="D:\SFERRARI\01 - TRABAJO\repos\netcore\libs\template-netcore-entities\Kitpymes.Core.Entities.Tests\bin\Debug\net5.0\Kitpymes.Core.Entities.Tests.dll" adapterTypeName="executor://mstestadapter/v2" className="Kitpymes.Core.Entities.Enumerations.Tests.GenderTypeEnumTests" name="ToEnum_Passing_Valid_String_ShortName_Enumeracion_Returns_Enumeracion" />
    </UnitTest>
    <UnitTest name="OperatorNotEqual_Passing_Valid_Values_Returns_True (stage_hackerone.com)" storage="d:\sferrari\01 - trabajo\repos\netcore\libs\template-netcore-entities\kitpymes.core.entities.tests\bin\debug\net5.0\kitpymes.core.entities.tests.dll" id="5a00e945-32db-4466-89ec-6df2ea53588f">
      <Execution id="41f075a4-7195-4f24-9b7b-ec6fc1354252" />
      <TestMethod codeBase="D:\SFERRARI\01 - TRABAJO\repos\netcore\libs\template-netcore-entities\Kitpymes.Core.Entities.Tests\bin\Debug\net5.0\Kitpymes.Core.Entities.Tests.dll" adapterTypeName="executor://mstestadapter/v2" className="Kitpymes.Core.Entities.ValueObjects.Tests.SubdomainTests" name="OperatorNotEqual_Passing_Valid_Values_Returns_True" />
    </UnitTest>
    <UnitTest name="IsNull_Passing_Valid_Values_Returns_False (D45,86554654)" storage="d:\sferrari\01 - trabajo\repos\netcore\libs\template-netcore-entities\kitpymes.core.entities.tests\bin\debug\net5.0\kitpymes.core.entities.tests.dll" id="4809f964-4c42-4a91-b914-ff1c6141808f">
      <Execution id="583df2cb-8ab0-4557-b3f8-5799fe83f73f" />
      <TestMethod codeBase="D:\SFERRARI\01 - TRABAJO\repos\netcore\libs\template-netcore-entities\Kitpymes.Core.Entities.Tests\bin\Debug\net5.0\Kitpymes.Core.Entities.Tests.dll" adapterTypeName="executor://mstestadapter/v2" className="Kitpymes.Core.Entities.ValueObjects.Tests.TelephoneTests" name="IsNull_Passing_Valid_Values_Returns_False" />
    </UnitTest>
    <UnitTest name="Create_Passing_Valid_Values_Returns_Telephone (456,43543543543)" storage="d:\sferrari\01 - trabajo\repos\netcore\libs\template-netcore-entities\kitpymes.core.entities.tests\bin\debug\net5.0\kitpymes.core.entities.tests.dll" id="7ea2806d-8d6c-4e2c-b911-a09b98b27cc8">
      <Execution id="fadc8355-880f-4e3d-944e-96dbf4e4df74" />
      <TestMethod codeBase="D:\SFERRARI\01 - TRABAJO\repos\netcore\libs\template-netcore-entities\Kitpymes.Core.Entities.Tests\bin\Debug\net5.0\Kitpymes.Core.Entities.Tests.dll" adapterTypeName="executor://mstestadapter/v2" className="Kitpymes.Core.Entities.ValueObjects.Tests.TelephoneTests" name="Create_Passing_Valid_Values_Returns_Telephone" />
    </UnitTest>
    <UnitTest name="Change_Passing_Valid_Values_Returns_Email (aaa@aaa.aaa,hhh@hhh.hhh)" storage="d:\sferrari\01 - trabajo\repos\netcore\libs\template-netcore-entities\kitpymes.core.entities.tests\bin\debug\net5.0\kitpymes.core.entities.tests.dll" id="86b09c13-c330-4ff6-a5ee-f21bb93cb999">
      <Execution id="bfa5b2b1-a7c9-42d5-9090-68b6101a2f41" />
      <TestMethod codeBase="D:\SFERRARI\01 - TRABAJO\repos\netcore\libs\template-netcore-entities\Kitpymes.Core.Entities.Tests\bin\Debug\net5.0\Kitpymes.Core.Entities.Tests.dll" adapterTypeName="executor://mstestadapter/v2" className="Kitpymes.Core.Entities.ValueObjects.Tests.EmailTests" name="Change_Passing_Valid_Values_Returns_Email" />
    </UnitTest>
    <UnitTest name="Equals_Passing_Valid_Distinct_Values_Returns_False (100,EUR,2)" storage="d:\sferrari\01 - trabajo\repos\netcore\libs\template-netcore-entities\kitpymes.core.entities.tests\bin\debug\net5.0\kitpymes.core.entities.tests.dll" id="fad118e1-1d01-4ae3-bec5-0959821767c9">
      <Execution id="6e730f15-e872-4bc9-a54a-d5adbaca3239" />
      <TestMethod codeBase="D:\SFERRARI\01 - TRABAJO\repos\netcore\libs\template-netcore-entities\Kitpymes.Core.Entities.Tests\bin\Debug\net5.0\Kitpymes.Core.Entities.Tests.dll" adapterTypeName="executor://mstestadapter/v2" className="Kitpymes.Core.Entities.ValueObjects.Tests.MoneyTests" name="Equals_Passing_Valid_Distinct_Values_Returns_False" />
    </UnitTest>
    <UnitTest name="OperatorEqual_Passing_Valid_Values_Returns_True (app.hackerone1.com)" storage="d:\sferrari\01 - trabajo\repos\netcore\libs\template-netcore-entities\kitpymes.core.entities.tests\bin\debug\net5.0\kitpymes.core.entities.tests.dll" id="bde4fc60-0f09-4c9c-b97c-f3397f3ff8c7">
      <Execution id="982274da-722c-4712-9169-9f44bb5934d0" />
      <TestMethod codeBase="D:\SFERRARI\01 - TRABAJO\repos\netcore\libs\template-netcore-entities\Kitpymes.Core.Entities.Tests\bin\Debug\net5.0\Kitpymes.Core.Entities.Tests.dll" adapterTypeName="executor://mstestadapter/v2" className="Kitpymes.Core.Entities.ValueObjects.Tests.SubdomainTests" name="OperatorEqual_Passing_Valid_Values_Returns_True" />
    </UnitTest>
    <UnitTest name="Create_Passing_InvalidOrNull_Value_Returns_ApplicationException (,789,DF7956,Sabadell,Barcelona,España)" storage="d:\sferrari\01 - trabajo\repos\netcore\libs\template-netcore-entities\kitpymes.core.entities.tests\bin\debug\net5.0\kitpymes.core.entities.tests.dll" id="fa80aeec-f5b3-4a74-bb1f-1e02fe0ffe6c">
      <Execution id="9d5c5046-748e-464c-b82e-bd5a3bb63433" />
      <TestMethod codeBase="D:\SFERRARI\01 - TRABAJO\repos\netcore\libs\template-netcore-entities\Kitpymes.Core.Entities.Tests\bin\Debug\net5.0\Kitpymes.Core.Entities.Tests.dll" adapterTypeName="executor://mstestadapter/v2" className="Kitpymes.Core.Entities.ValueObjects.Tests.AddressTests" name="Create_Passing_InvalidOrNull_Value_Returns_ApplicationException" />
    </UnitTest>
    <UnitTest name="OperatorNotEqual_Passing_Valid_Values_Returns_False (tenantA)" storage="d:\sferrari\01 - trabajo\repos\netcore\libs\template-netcore-entities\kitpymes.core.entities.tests\bin\debug\net5.0\kitpymes.core.entities.tests.dll" id="3dfa552e-1591-41a2-b4ee-eee8cd7478e8">
      <Execution id="cd670c2c-599a-48da-80ef-96a6b43042f7" />
      <TestMethod codeBase="D:\SFERRARI\01 - TRABAJO\repos\netcore\libs\template-netcore-entities\Kitpymes.Core.Entities.Tests\bin\Debug\net5.0\Kitpymes.Core.Entities.Tests.dll" adapterTypeName="executor://mstestadapter/v2" className="Kitpymes.Core.Entities.ValueObjects.Tests.TenantNameTests" name="OperatorNotEqual_Passing_Valid_Values_Returns_False" />
    </UnitTest>
    <UnitTest name="Equals_Passing_Valid_Distinct_Values_Returns_False (tenant_A)" storage="d:\sferrari\01 - trabajo\repos\netcore\libs\template-netcore-entities\kitpymes.core.entities.tests\bin\debug\net5.0\kitpymes.core.entities.tests.dll" id="6ae8b18e-59aa-4035-84a2-4d21d02e2c9c">
      <Execution id="99afac82-e894-4760-9a12-156fefbbf01a" />
      <TestMethod codeBase="D:\SFERRARI\01 - TRABAJO\repos\netcore\libs\template-netcore-entities\Kitpymes.Core.Entities.Tests\bin\Debug\net5.0\Kitpymes.Core.Entities.Tests.dll" adapterTypeName="executor://mstestadapter/v2" className="Kitpymes.Core.Entities.ValueObjects.Tests.TenantNameTests" name="Equals_Passing_Valid_Distinct_Values_Returns_False" />
    </UnitTest>
    <UnitTest name="IsNull_Passing_Valid_Value_Returns_False (TenantA)" storage="d:\sferrari\01 - trabajo\repos\netcore\libs\template-netcore-entities\kitpymes.core.entities.tests\bin\debug\net5.0\kitpymes.core.entities.tests.dll" id="552db3bb-561b-4b88-ac08-6a7beced0ac6">
      <Execution id="b02e59ed-62a5-4316-ae6e-f440c3539914" />
      <TestMethod codeBase="D:\SFERRARI\01 - TRABAJO\repos\netcore\libs\template-netcore-entities\Kitpymes.Core.Entities.Tests\bin\Debug\net5.0\Kitpymes.Core.Entities.Tests.dll" adapterTypeName="executor://mstestadapter/v2" className="Kitpymes.Core.Entities.ValueObjects.Tests.TenantNameTests" name="IsNull_Passing_Valid_Value_Returns_False" />
    </UnitTest>
    <UnitTest name="Equals_Passing_Valid_Distinct_Values_Returns_False (TENANTA)" storage="d:\sferrari\01 - trabajo\repos\netcore\libs\template-netcore-entities\kitpymes.core.entities.tests\bin\debug\net5.0\kitpymes.core.entities.tests.dll" id="21493388-e367-454e-9df7-25fa359e542f">
      <Execution id="f257d731-b5b2-460c-9dc5-f5e11aa40e70" />
      <TestMethod codeBase="D:\SFERRARI\01 - TRABAJO\repos\netcore\libs\template-netcore-entities\Kitpymes.Core.Entities.Tests\bin\Debug\net5.0\Kitpymes.Core.Entities.Tests.dll" adapterTypeName="executor://mstestadapter/v2" className="Kitpymes.Core.Entities.ValueObjects.Tests.TenantNameTests" name="Equals_Passing_Valid_Distinct_Values_Returns_False" />
    </UnitTest>
    <UnitTest name="OperatorNotEqual_Passing_Valid_Values_Returns_True (España)" storage="d:\sferrari\01 - trabajo\repos\netcore\libs\template-netcore-entities\kitpymes.core.entities.tests\bin\debug\net5.0\kitpymes.core.entities.tests.dll" id="e9337e49-d109-4638-9a51-7b28c1e7fed3">
      <Execution id="c5bec833-610b-4bce-ad4f-0a9275e32fdf" />
      <TestMethod codeBase="D:\SFERRARI\01 - TRABAJO\repos\netcore\libs\template-netcore-entities\Kitpymes.Core.Entities.Tests\bin\Debug\net5.0\Kitpymes.Core.Entities.Tests.dll" adapterTypeName="executor://mstestadapter/v2" className="Kitpymes.Core.Entities.ValueObjects.Tests.NameTests" name="OperatorNotEqual_Passing_Valid_Values_Returns_True" />
    </UnitTest>
    <UnitTest name="Change_Passing_Valid_Values_Returns_Address" storage="d:\sferrari\01 - trabajo\repos\netcore\libs\template-netcore-entities\kitpymes.core.entities.tests\bin\debug\net5.0\kitpymes.core.entities.tests.dll" id="c89bfefb-5670-4cd9-8266-f845880ce7f7">
      <Execution id="995a7a11-8027-4871-b9b9-1a3728cd1a0c" />
      <TestMethod codeBase="D:\SFERRARI\01 - TRABAJO\repos\netcore\libs\template-netcore-entities\Kitpymes.Core.Entities.Tests\bin\Debug\net5.0\Kitpymes.Core.Entities.Tests.dll" adapterTypeName="executor://mstestadapter/v2" className="Kitpymes.Core.Entities.ValueObjects.Tests.AddressTests" name="Change_Passing_Valid_Values_Returns_Address" />
    </UnitTest>
    <UnitTest name="OperatorEqual_Passing_Valid_Distinct_Values_Returns_False (TENANT1)" storage="d:\sferrari\01 - trabajo\repos\netcore\libs\template-netcore-entities\kitpymes.core.entities.tests\bin\debug\net5.0\kitpymes.core.entities.tests.dll" id="92cccccf-3326-4a16-ae5c-052f3a67aab6">
      <Execution id="713593f8-f503-4f99-970c-f3db3f10a93b" />
      <TestMethod codeBase="D:\SFERRARI\01 - TRABAJO\repos\netcore\libs\template-netcore-entities\Kitpymes.Core.Entities.Tests\bin\Debug\net5.0\Kitpymes.Core.Entities.Tests.dll" adapterTypeName="executor://mstestadapter/v2" className="Kitpymes.Core.Entities.ValueObjects.Tests.TenantNameTests" name="OperatorEqual_Passing_Valid_Distinct_Values_Returns_False" />
    </UnitTest>
    <UnitTest name="OperatorEqual_Passing_Valid_Values_Returns_True (San Bartoleme De Tirajana)" storage="d:\sferrari\01 - trabajo\repos\netcore\libs\template-netcore-entities\kitpymes.core.entities.tests\bin\debug\net5.0\kitpymes.core.entities.tests.dll" id="f26d52d6-e92d-4ba2-ba70-c73a871b845e">
      <Execution id="1369348c-ac1e-41e8-a7b4-6b1b0d950639" />
      <TestMethod codeBase="D:\SFERRARI\01 - TRABAJO\repos\netcore\libs\template-netcore-entities\Kitpymes.Core.Entities.Tests\bin\Debug\net5.0\Kitpymes.Core.Entities.Tests.dll" adapterTypeName="executor://mstestadapter/v2" className="Kitpymes.Core.Entities.ValueObjects.Tests.StringIdTests" name="OperatorEqual_Passing_Valid_Values_Returns_True" />
    </UnitTest>
    <UnitTest name="OperatorEqual_Passing_Valid_Distinct_Values_Returns_False (San Bartoleme De Tirajana,Las Palmas,España)" storage="d:\sferrari\01 - trabajo\repos\netcore\libs\template-netcore-entities\kitpymes.core.entities.tests\bin\debug\net5.0\kitpymes.core.entities.tests.dll" id="507b3601-575b-4ae3-a060-c444d05e93eb">
      <Execution id="537b15aa-6e46-4446-933a-a96f13fec905" />
      <TestMethod codeBase="D:\SFERRARI\01 - TRABAJO\repos\netcore\libs\template-netcore-entities\Kitpymes.Core.Entities.Tests\bin\Debug\net5.0\Kitpymes.Core.Entities.Tests.dll" adapterTypeName="executor://mstestadapter/v2" className="Kitpymes.Core.Entities.ValueObjects.Tests.FullNameTests" name="OperatorEqual_Passing_Valid_Distinct_Values_Returns_False" />
    </UnitTest>
    <UnitTest name="Create_Passing_Valid_Values_Returns_StringId (Tenerife)" storage="d:\sferrari\01 - trabajo\repos\netcore\libs\template-netcore-entities\kitpymes.core.entities.tests\bin\debug\net5.0\kitpymes.core.entities.tests.dll" id="b4d3bbc4-42ba-441a-bb00-a6ad14cbe19f">
      <Execution id="b797aba2-c71e-443c-b610-fac7d857af83" />
      <TestMethod codeBase="D:\SFERRARI\01 - TRABAJO\repos\netcore\libs\template-netcore-entities\Kitpymes.Core.Entities.Tests\bin\Debug\net5.0\Kitpymes.Core.Entities.Tests.dll" adapterTypeName="executor://mstestadapter/v2" className="Kitpymes.Core.Entities.ValueObjects.Tests.StringIdTests" name="Create_Passing_Valid_Values_Returns_StringId" />
    </UnitTest>
    <UnitTest name="OperatorEqual_Passing_Valid_Distinct_Values_Returns_False (34fsds@sdd.fgg)" storage="d:\sferrari\01 - trabajo\repos\netcore\libs\template-netcore-entities\kitpymes.core.entities.tests\bin\debug\net5.0\kitpymes.core.entities.tests.dll" id="3cc4a6c9-a989-406d-a186-053d21ade83f">
      <Execution id="7cff4352-82e5-4d6e-8993-bb3f3aa65fb7" />
      <TestMethod codeBase="D:\SFERRARI\01 - TRABAJO\repos\netcore\libs\template-netcore-entities\Kitpymes.Core.Entities.Tests\bin\Debug\net5.0\Kitpymes.Core.Entities.Tests.dll" adapterTypeName="executor://mstestadapter/v2" className="Kitpymes.Core.Entities.ValueObjects.Tests.EmailTests" name="OperatorEqual_Passing_Valid_Distinct_Values_Returns_False" />
    </UnitTest>
    <UnitTest name="Equals_Passing_Valid_Values_Returns_False (Pader,789,DF7956,Sabadell,Barcelona,España)" storage="d:\sferrari\01 - trabajo\repos\netcore\libs\template-netcore-entities\kitpymes.core.entities.tests\bin\debug\net5.0\kitpymes.core.entities.tests.dll" id="67984650-20d5-48e0-9b8c-6dd61c754f62">
      <Execution id="47caeff6-ce01-4674-a547-012b6e278266" />
      <TestMethod codeBase="D:\SFERRARI\01 - TRABAJO\repos\netcore\libs\template-netcore-entities\Kitpymes.Core.Entities.Tests\bin\Debug\net5.0\Kitpymes.Core.Entities.Tests.dll" adapterTypeName="executor://mstestadapter/v2" className="Kitpymes.Core.Entities.ValueObjects.Tests.AddressTests" name="Equals_Passing_Valid_Values_Returns_False" />
    </UnitTest>
    <UnitTest name="Equals_Passing_Valid_Values_Returns_True (Tenant_1)" storage="d:\sferrari\01 - trabajo\repos\netcore\libs\template-netcore-entities\kitpymes.core.entities.tests\bin\debug\net5.0\kitpymes.core.entities.tests.dll" id="31262ee3-e53e-4282-90a1-f61c59669e24">
      <Execution id="40700c8e-ea7a-457e-82ab-a2e028852bc0" />
      <TestMethod codeBase="D:\SFERRARI\01 - TRABAJO\repos\netcore\libs\template-netcore-entities\Kitpymes.Core.Entities.Tests\bin\Debug\net5.0\Kitpymes.Core.Entities.Tests.dll" adapterTypeName="executor://mstestadapter/v2" className="Kitpymes.Core.Entities.ValueObjects.Tests.TenantNameTests" name="Equals_Passing_Valid_Values_Returns_True" />
    </UnitTest>
    <UnitTest name="OperatorNotEqual_Passing_Valid_Values_Returns_False (Españâ)" storage="d:\sferrari\01 - trabajo\repos\netcore\libs\template-netcore-entities\kitpymes.core.entities.tests\bin\debug\net5.0\kitpymes.core.entities.tests.dll" id="8acb7f82-77b5-44d5-9c8d-bae512a211ad">
      <Execution id="4fe71d77-8d19-4d00-8fbe-7416f20299af" />
      <TestMethod codeBase="D:\SFERRARI\01 - TRABAJO\repos\netcore\libs\template-netcore-entities\Kitpymes.Core.Entities.Tests\bin\Debug\net5.0\Kitpymes.Core.Entities.Tests.dll" adapterTypeName="executor://mstestadapter/v2" className="Kitpymes.Core.Entities.ValueObjects.Tests.NameTests" name="OperatorNotEqual_Passing_Valid_Values_Returns_False" />
    </UnitTest>
    <UnitTest name="GetAll_Passing_Nothing_Returns_Enumeracion_List" storage="d:\sferrari\01 - trabajo\repos\netcore\libs\template-netcore-entities\kitpymes.core.entities.tests\bin\debug\net5.0\kitpymes.core.entities.tests.dll" id="1ad3155e-22cd-49c0-8aba-011aae4bafbd">
      <Execution id="1cddbb9e-7c7b-453f-a468-f75d9310cdff" />
      <TestMethod codeBase="D:\SFERRARI\01 - TRABAJO\repos\netcore\libs\template-netcore-entities\Kitpymes.Core.Entities.Tests\bin\Debug\net5.0\Kitpymes.Core.Entities.Tests.dll" adapterTypeName="executor://mstestadapter/v2" className="Kitpymes.Core.Entities.Enumerations.Tests.LogTypeEnumTests" name="GetAll_Passing_Nothing_Returns_Enumeracion_List" />
    </UnitTest>
    <UnitTest name="ToString_Passing_Valid_Values_Returns_Value_String_Format (San Bartoleme De Tirajana,Las Palmas)" storage="d:\sferrari\01 - trabajo\repos\netcore\libs\template-netcore-entities\kitpymes.core.entities.tests\bin\debug\net5.0\kitpymes.core.entities.tests.dll" id="9e5093ee-0958-4ad4-b026-d851ac73b203">
      <Execution id="952c49a1-c9f6-48ba-995b-4462b454c4a1" />
      <TestMethod codeBase="D:\SFERRARI\01 - TRABAJO\repos\netcore\libs\template-netcore-entities\Kitpymes.Core.Entities.Tests\bin\Debug\net5.0\Kitpymes.Core.Entities.Tests.dll" adapterTypeName="executor://mstestadapter/v2" className="Kitpymes.Core.Entities.ValueObjects.Tests.FullNameTests" name="ToString_Passing_Valid_Values_Returns_Value_String_Format" />
    </UnitTest>
    <UnitTest name="OperatorEqual_Passing_Valid_Distinct_Values_Returns_False (Españä)" storage="d:\sferrari\01 - trabajo\repos\netcore\libs\template-netcore-entities\kitpymes.core.entities.tests\bin\debug\net5.0\kitpymes.core.entities.tests.dll" id="c1ba7ccf-a857-4725-82e0-2f236307b609">
      <Execution id="f0bb1fa9-1e2e-40ac-a109-d12c6d995d1d" />
      <TestMethod codeBase="D:\SFERRARI\01 - TRABAJO\repos\netcore\libs\template-netcore-entities\Kitpymes.Core.Entities.Tests\bin\Debug\net5.0\Kitpymes.Core.Entities.Tests.dll" adapterTypeName="executor://mstestadapter/v2" className="Kitpymes.Core.Entities.ValueObjects.Tests.NameTests" name="OperatorEqual_Passing_Valid_Distinct_Values_Returns_False" />
    </UnitTest>
    <UnitTest name="OperatorNotEqual_Passing_Valid_Values_Returns_True (www.hackerone-com)" storage="d:\sferrari\01 - trabajo\repos\netcore\libs\template-netcore-entities\kitpymes.core.entities.tests\bin\debug\net5.0\kitpymes.core.entities.tests.dll" id="823ed6c8-695f-40d8-bb29-0750ad75c901">
      <Execution id="43bb05e7-f32a-48b2-8ca4-6d01bf15b290" />
      <TestMethod codeBase="D:\SFERRARI\01 - TRABAJO\repos\netcore\libs\template-netcore-entities\Kitpymes.Core.Entities.Tests\bin\Debug\net5.0\Kitpymes.Core.Entities.Tests.dll" adapterTypeName="executor://mstestadapter/v2" className="Kitpymes.Core.Entities.ValueObjects.Tests.SubdomainTests" name="OperatorNotEqual_Passing_Valid_Values_Returns_True" />
    </UnitTest>
    <UnitTest name="OperatorEqual_Passing_Valid_Distinct_Values_Returns_False (456,43543543543)" storage="d:\sferrari\01 - trabajo\repos\netcore\libs\template-netcore-entities\kitpymes.core.entities.tests\bin\debug\net5.0\kitpymes.core.entities.tests.dll" id="7ea72699-2975-4d94-bf00-26dcf70f14af">
      <Execution id="9eee0045-8a0b-44a6-a68b-36570522cc52" />
      <TestMethod codeBase="D:\SFERRARI\01 - TRABAJO\repos\netcore\libs\template-netcore-entities\Kitpymes.Core.Entities.Tests\bin\Debug\net5.0\Kitpymes.Core.Entities.Tests.dll" adapterTypeName="executor://mstestadapter/v2" className="Kitpymes.Core.Entities.ValueObjects.Tests.TelephoneTests" name="OperatorEqual_Passing_Valid_Distinct_Values_Returns_False" />
    </UnitTest>
    <UnitTest name="Create_Passing_Valid_Value_Returns_Email (dasdasd@dsasd.ff)" storage="d:\sferrari\01 - trabajo\repos\netcore\libs\template-netcore-entities\kitpymes.core.entities.tests\bin\debug\net5.0\kitpymes.core.entities.tests.dll" id="87d00be6-36ba-4278-b605-b41d4d4ea332">
      <Execution id="914c7686-9e01-4955-bbcb-b695a8a9488c" />
      <TestMethod codeBase="D:\SFERRARI\01 - TRABAJO\repos\netcore\libs\template-netcore-entities\Kitpymes.Core.Entities.Tests\bin\Debug\net5.0\Kitpymes.Core.Entities.Tests.dll" adapterTypeName="executor://mstestadapter/v2" className="Kitpymes.Core.Entities.ValueObjects.Tests.EmailTests" name="Create_Passing_Valid_Value_Returns_Email" />
    </UnitTest>
    <UnitTest name="OperatorNotEqual_Passing_Valid_Values_Returns_True (Sabadell)" storage="d:\sferrari\01 - trabajo\repos\netcore\libs\template-netcore-entities\kitpymes.core.entities.tests\bin\debug\net5.0\kitpymes.core.entities.tests.dll" id="8fb38666-394c-419f-8d9f-6e8bf42331b4">
      <Execution id="f1589114-64b2-46a4-8e46-11ec21d9b1dc" />
      <TestMethod codeBase="D:\SFERRARI\01 - TRABAJO\repos\netcore\libs\template-netcore-entities\Kitpymes.Core.Entities.Tests\bin\Debug\net5.0\Kitpymes.Core.Entities.Tests.dll" adapterTypeName="executor://mstestadapter/v2" className="Kitpymes.Core.Entities.ValueObjects.Tests.StringIdTests" name="OperatorNotEqual_Passing_Valid_Values_Returns_True" />
    </UnitTest>
    <UnitTest name="Create_Passing_Valid_Values_Returns_Name (TENANT1)" storage="d:\sferrari\01 - trabajo\repos\netcore\libs\template-netcore-entities\kitpymes.core.entities.tests\bin\debug\net5.0\kitpymes.core.entities.tests.dll" id="f28dc247-d182-45ef-9790-9ea30e47a927">
      <Execution id="4d290072-a01d-4af2-8970-6ec795e717da" />
      <TestMethod codeBase="D:\SFERRARI\01 - TRABAJO\repos\netcore\libs\template-netcore-entities\Kitpymes.Core.Entities.Tests\bin\Debug\net5.0\Kitpymes.Core.Entities.Tests.dll" adapterTypeName="executor://mstestadapter/v2" className="Kitpymes.Core.Entities.ValueObjects.Tests.TenantNameTests" name="Create_Passing_Valid_Values_Returns_Name" />
    </UnitTest>
    <UnitTest name="Equals_Passing_Valid_Values_Returns_True (España)" storage="d:\sferrari\01 - trabajo\repos\netcore\libs\template-netcore-entities\kitpymes.core.entities.tests\bin\debug\net5.0\kitpymes.core.entities.tests.dll" id="f7e2a3b8-28f0-43b6-9bb8-495846ac4159">
      <Execution id="11a75bdb-7d0e-4b0f-b160-bbbf3e96e5a1" />
      <TestMethod codeBase="D:\SFERRARI\01 - TRABAJO\repos\netcore\libs\template-netcore-entities\Kitpymes.Core.Entities.Tests\bin\Debug\net5.0\Kitpymes.Core.Entities.Tests.dll" adapterTypeName="executor://mstestadapter/v2" className="Kitpymes.Core.Entities.ValueObjects.Tests.NameTests" name="Equals_Passing_Valid_Values_Returns_True" />
    </UnitTest>
    <UnitTest name="Create_Passing_InvalidOrNull_Value_Returns_ApplicationException (dasdasd@dsasd.._ff)" storage="d:\sferrari\01 - trabajo\repos\netcore\libs\template-netcore-entities\kitpymes.core.entities.tests\bin\debug\net5.0\kitpymes.core.entities.tests.dll" id="35e8c8c6-9400-4035-861a-805c769a244b">
      <Execution id="f5659631-a37e-4d18-86ed-e986e247dc53" />
      <TestMethod codeBase="D:\SFERRARI\01 - TRABAJO\repos\netcore\libs\template-netcore-entities\Kitpymes.Core.Entities.Tests\bin\Debug\net5.0\Kitpymes.Core.Entities.Tests.dll" adapterTypeName="executor://mstestadapter/v2" className="Kitpymes.Core.Entities.ValueObjects.Tests.EmailTests" name="Create_Passing_InvalidOrNull_Value_Returns_ApplicationException" />
    </UnitTest>
    <UnitTest name="OperatorNotEqual_Passing_Valid_Values_Returns_True (Pader,789,DF7956,Sabadell,Barcelona,España)" storage="d:\sferrari\01 - trabajo\repos\netcore\libs\template-netcore-entities\kitpymes.core.entities.tests\bin\debug\net5.0\kitpymes.core.entities.tests.dll" id="5b1db63c-2ded-4154-80ce-74f73778ffcd">
      <Execution id="afee0b33-3afe-474f-82ee-e89be53b3d94" />
      <TestMethod codeBase="D:\SFERRARI\01 - TRABAJO\repos\netcore\libs\template-netcore-entities\Kitpymes.Core.Entities.Tests\bin\Debug\net5.0\Kitpymes.Core.Entities.Tests.dll" adapterTypeName="executor://mstestadapter/v2" className="Kitpymes.Core.Entities.ValueObjects.Tests.AddressTests" name="OperatorNotEqual_Passing_Valid_Values_Returns_True" />
    </UnitTest>
    <UnitTest name="OperatorEqual_Passing_Valid_Distinct_Values_Returns_False (tenantA)" storage="d:\sferrari\01 - trabajo\repos\netcore\libs\template-netcore-entities\kitpymes.core.entities.tests\bin\debug\net5.0\kitpymes.core.entities.tests.dll" id="743762c2-cd01-439c-a12f-da615560004e">
      <Execution id="f5eef7c3-2d1a-43e3-a5ab-5ea7772c77da" />
      <TestMethod codeBase="D:\SFERRARI\01 - TRABAJO\repos\netcore\libs\template-netcore-entities\Kitpymes.Core.Entities.Tests\bin\Debug\net5.0\Kitpymes.Core.Entities.Tests.dll" adapterTypeName="executor://mstestadapter/v2" className="Kitpymes.Core.Entities.ValueObjects.Tests.TenantNameTests" name="OperatorEqual_Passing_Valid_Distinct_Values_Returns_False" />
    </UnitTest>
    <UnitTest name="Equals_Passing_Valid_Values_Returns_True (stage_hackerone.com)" storage="d:\sferrari\01 - trabajo\repos\netcore\libs\template-netcore-entities\kitpymes.core.entities.tests\bin\debug\net5.0\kitpymes.core.entities.tests.dll" id="c85b9c07-c12b-4f35-9595-69b0bffb1498">
      <Execution id="d7620083-27af-46d6-a0b8-a338014b2f1c" />
      <TestMethod codeBase="D:\SFERRARI\01 - TRABAJO\repos\netcore\libs\template-netcore-entities\Kitpymes.Core.Entities.Tests\bin\Debug\net5.0\Kitpymes.Core.Entities.Tests.dll" adapterTypeName="executor://mstestadapter/v2" className="Kitpymes.Core.Entities.ValueObjects.Tests.SubdomainTests" name="Equals_Passing_Valid_Values_Returns_True" />
    </UnitTest>
    <UnitTest name="ToString_Passing_Valid_Values_Returns_Name (Españç)" storage="d:\sferrari\01 - trabajo\repos\netcore\libs\template-netcore-entities\kitpymes.core.entities.tests\bin\debug\net5.0\kitpymes.core.entities.tests.dll" id="f7b51873-3c79-4185-a98c-8076d455cf02">
      <Execution id="b7205577-4884-44ea-a28e-f780bdaee0c2" />
      <TestMethod codeBase="D:\SFERRARI\01 - TRABAJO\repos\netcore\libs\template-netcore-entities\Kitpymes.Core.Entities.Tests\bin\Debug\net5.0\Kitpymes.Core.Entities.Tests.dll" adapterTypeName="executor://mstestadapter/v2" className="Kitpymes.Core.Entities.ValueObjects.Tests.NameTests" name="ToString_Passing_Valid_Values_Returns_Name" />
    </UnitTest>
    <UnitTest name="ToEnum_Passing_Invalid_Int_Name_Enumeracion_Returns_Null" storage="d:\sferrari\01 - trabajo\repos\netcore\libs\template-netcore-entities\kitpymes.core.entities.tests\bin\debug\net5.0\kitpymes.core.entities.tests.dll" id="44a961b3-8b4f-427c-93a4-6802962d68ec">
      <Execution id="5ec5f7ff-7a85-413a-97fc-31513970ce23" />
      <TestMethod codeBase="D:\SFERRARI\01 - TRABAJO\repos\netcore\libs\template-netcore-entities\Kitpymes.Core.Entities.Tests\bin\Debug\net5.0\Kitpymes.Core.Entities.Tests.dll" adapterTypeName="executor://mstestadapter/v2" className="Kitpymes.Core.Entities.Enumerations.Tests.LogTypeEnumTests" name="ToEnum_Passing_Invalid_Int_Name_Enumeracion_Returns_Null" />
    </UnitTest>
    <UnitTest name="OperatorEqual_Passing_Valid_Values_Returns_True (Sabadell,Barcelona,España)" storage="d:\sferrari\01 - trabajo\repos\netcore\libs\template-netcore-entities\kitpymes.core.entities.tests\bin\debug\net5.0\kitpymes.core.entities.tests.dll" id="b3b941cf-7844-47f1-90be-4faa17e00999">
      <Execution id="9ecf4b4e-f9e8-44d3-a090-a1e11461f73b" />
      <TestMethod codeBase="D:\SFERRARI\01 - TRABAJO\repos\netcore\libs\template-netcore-entities\Kitpymes.Core.Entities.Tests\bin\Debug\net5.0\Kitpymes.Core.Entities.Tests.dll" adapterTypeName="executor://mstestadapter/v2" className="Kitpymes.Core.Entities.ValueObjects.Tests.FullNameTests" name="OperatorEqual_Passing_Valid_Values_Returns_True" />
    </UnitTest>
    <UnitTest name="OperatorEqual_Passing_Valid_Distinct_Values_Returns_False (400,EUR,8)" storage="d:\sferrari\01 - trabajo\repos\netcore\libs\template-netcore-entities\kitpymes.core.entities.tests\bin\debug\net5.0\kitpymes.core.entities.tests.dll" id="900bb420-c0b4-4d37-bce6-ee0f76a7661b">
      <Execution id="ebd950c9-86f4-4553-963e-72cc01a7ab01" />
      <TestMethod codeBase="D:\SFERRARI\01 - TRABAJO\repos\netcore\libs\template-netcore-entities\Kitpymes.Core.Entities.Tests\bin\Debug\net5.0\Kitpymes.Core.Entities.Tests.dll" adapterTypeName="executor://mstestadapter/v2" className="Kitpymes.Core.Entities.ValueObjects.Tests.MoneyTests" name="OperatorEqual_Passing_Valid_Distinct_Values_Returns_False" />
    </UnitTest>
    <UnitTest name="IsNull_Passing_Null_Value_Returns_True" storage="d:\sferrari\01 - trabajo\repos\netcore\libs\template-netcore-entities\kitpymes.core.entities.tests\bin\debug\net5.0\kitpymes.core.entities.tests.dll" id="b36bd8bf-6306-4796-9208-5ada83a00d26">
      <Execution id="9512dfce-bcee-4f6d-90f8-5910726addb6" />
      <TestMethod codeBase="D:\SFERRARI\01 - TRABAJO\repos\netcore\libs\template-netcore-entities\Kitpymes.Core.Entities.Tests\bin\Debug\net5.0\Kitpymes.Core.Entities.Tests.dll" adapterTypeName="executor://mstestadapter/v2" className="Kitpymes.Core.Entities.ValueObjects.Tests.EmailTests" name="IsNull_Passing_Null_Value_Returns_True" />
    </UnitTest>
    <UnitTest name="OperatorEqual_Passing_Valid_Values_Returns_True (100,EUR,2)" storage="d:\sferrari\01 - trabajo\repos\netcore\libs\template-netcore-entities\kitpymes.core.entities.tests\bin\debug\net5.0\kitpymes.core.entities.tests.dll" id="53b44f74-ed96-4fc0-ab25-6826a6e1fa06">
      <Execution id="c441877c-fe28-4eb5-aa51-22ce935ee31a" />
      <TestMethod codeBase="D:\SFERRARI\01 - TRABAJO\repos\netcore\libs\template-netcore-entities\Kitpymes.Core.Entities.Tests\bin\Debug\net5.0\Kitpymes.Core.Entities.Tests.dll" adapterTypeName="executor://mstestadapter/v2" className="Kitpymes.Core.Entities.ValueObjects.Tests.MoneyTests" name="OperatorEqual_Passing_Valid_Values_Returns_True" />
    </UnitTest>
    <UnitTest name="ToString_Passing_Valid_Values_Returns_Name (Esp añâ)" storage="d:\sferrari\01 - trabajo\repos\netcore\libs\template-netcore-entities\kitpymes.core.entities.tests\bin\debug\net5.0\kitpymes.core.entities.tests.dll" id="f205762b-f66f-4f49-8b07-9a5d9285bc90">
      <Execution id="ea01d9b7-edd5-4210-a207-9b8faab66d65" />
      <TestMethod codeBase="D:\SFERRARI\01 - TRABAJO\repos\netcore\libs\template-netcore-entities\Kitpymes.Core.Entities.Tests\bin\Debug\net5.0\Kitpymes.Core.Entities.Tests.dll" adapterTypeName="executor://mstestadapter/v2" className="Kitpymes.Core.Entities.ValueObjects.Tests.NameTests" name="ToString_Passing_Valid_Values_Returns_Name" />
    </UnitTest>
    <UnitTest name="IsNull_Passing_Null_Value_Returns_True" storage="d:\sferrari\01 - trabajo\repos\netcore\libs\template-netcore-entities\kitpymes.core.entities.tests\bin\debug\net5.0\kitpymes.core.entities.tests.dll" id="da21741e-86c3-4937-a52d-caef8d6a3488">
      <Execution id="eb6e6fe6-30f6-4e46-bb5b-de3d5500ac0a" />
      <TestMethod codeBase="D:\SFERRARI\01 - TRABAJO\repos\netcore\libs\template-netcore-entities\Kitpymes.Core.Entities.Tests\bin\Debug\net5.0\Kitpymes.Core.Entities.Tests.dll" adapterTypeName="executor://mstestadapter/v2" className="Kitpymes.Core.Entities.ValueObjects.Tests.NameTests" name="IsNull_Passing_Null_Value_Returns_True" />
    </UnitTest>
    <UnitTest name="IsInactive_Passing_Nothing_Returns_True" storage="d:\sferrari\01 - trabajo\repos\netcore\libs\template-netcore-entities\kitpymes.core.entities.tests\bin\debug\net5.0\kitpymes.core.entities.tests.dll" id="44745fd2-8f80-4bfa-839f-50c9c354caba">
      <Execution id="1e1419da-fdbf-4dfc-abf3-a809c038430a" />
      <TestMethod codeBase="D:\SFERRARI\01 - TRABAJO\repos\netcore\libs\template-netcore-entities\Kitpymes.Core.Entities.Tests\bin\Debug\net5.0\Kitpymes.Core.Entities.Tests.dll" adapterTypeName="executor://mstestadapter/v2" className="Kitpymes.Core.Entities.Enumerations.Tests.StatusEnumTests" name="IsInactive_Passing_Nothing_Returns_True" />
    </UnitTest>
    <UnitTest name="Change_Passing_Valid_Values_Returns_Name" storage="d:\sferrari\01 - trabajo\repos\netcore\libs\template-netcore-entities\kitpymes.core.entities.tests\bin\debug\net5.0\kitpymes.core.entities.tests.dll" id="49747f72-6387-47ce-8fcd-424d849b4392">
      <Execution id="e9df13ec-e688-4268-b5ac-28dc1903ef39" />
      <TestMethod codeBase="D:\SFERRARI\01 - TRABAJO\repos\netcore\libs\template-netcore-entities\Kitpymes.Core.Entities.Tests\bin\Debug\net5.0\Kitpymes.Core.Entities.Tests.dll" adapterTypeName="executor://mstestadapter/v2" className="Kitpymes.Core.Entities.ValueObjects.Tests.NameTests" name="Change_Passing_Valid_Values_Returns_Name" />
    </UnitTest>
    <UnitTest name="GetAll_Passing_Nothing_Returns_Enumeracion_List" storage="d:\sferrari\01 - trabajo\repos\netcore\libs\template-netcore-entities\kitpymes.core.entities.tests\bin\debug\net5.0\kitpymes.core.entities.tests.dll" id="0d289949-c0c9-4dfb-8e7c-f87e35dc87fc">
      <Execution id="6571291c-b5d0-4675-9a2f-ac163839f77a" />
      <TestMethod codeBase="D:\SFERRARI\01 - TRABAJO\repos\netcore\libs\template-netcore-entities\Kitpymes.Core.Entities.Tests\bin\Debug\net5.0\Kitpymes.Core.Entities.Tests.dll" adapterTypeName="executor://mstestadapter/v2" className="Kitpymes.Core.Entities.Enumerations.Tests.CardTypeEnumTests" name="GetAll_Passing_Nothing_Returns_Enumeracion_List" />
    </UnitTest>
    <UnitTest name="Create_Passing_InvalidOrNull_Value_Returns_ApplicationException (4324324,0)" storage="d:\sferrari\01 - trabajo\repos\netcore\libs\template-netcore-entities\kitpymes.core.entities.tests\bin\debug\net5.0\kitpymes.core.entities.tests.dll" id="082dc82d-a214-45e6-ac4a-cf59473a52a5">
      <Execution id="77639efe-7520-47d1-8be0-81a53e0e1cdd" />
      <TestMethod codeBase="D:\SFERRARI\01 - TRABAJO\repos\netcore\libs\template-netcore-entities\Kitpymes.Core.Entities.Tests\bin\Debug\net5.0\Kitpymes.Core.Entities.Tests.dll" adapterTypeName="executor://mstestadapter/v2" className="Kitpymes.Core.Entities.ValueObjects.Tests.TelephoneTests" name="Create_Passing_InvalidOrNull_Value_Returns_ApplicationException" />
    </UnitTest>
    <UnitTest name="ToNormalize_Passing_Valid_Values_Returns_Address_String_Format (ádsads@ggg.cc)" storage="d:\sferrari\01 - trabajo\repos\netcore\libs\template-netcore-entities\kitpymes.core.entities.tests\bin\debug\net5.0\kitpymes.core.entities.tests.dll" id="c27ff045-201f-451f-bc88-14beb4e564fc">
      <Execution id="3d77f5c9-2023-4e38-890d-2bf61c2ff033" />
      <TestMethod codeBase="D:\SFERRARI\01 - TRABAJO\repos\netcore\libs\template-netcore-entities\Kitpymes.Core.Entities.Tests\bin\Debug\net5.0\Kitpymes.Core.Entities.Tests.dll" adapterTypeName="executor://mstestadapter/v2" className="Kitpymes.Core.Entities.ValueObjects.Tests.EmailTests" name="ToNormalize_Passing_Valid_Values_Returns_Address_String_Format" />
    </UnitTest>
    <UnitTest name="OperatorNotEqual_Passing_Valid_Values_Returns_True (200,EUR,4)" storage="d:\sferrari\01 - trabajo\repos\netcore\libs\template-netcore-entities\kitpymes.core.entities.tests\bin\debug\net5.0\kitpymes.core.entities.tests.dll" id="03b62cf1-cfe1-4dbb-8562-c13be0356d73">
      <Execution id="15cb68bf-9c7b-4e8c-a644-9e2b82234975" />
      <TestMethod codeBase="D:\SFERRARI\01 - TRABAJO\repos\netcore\libs\template-netcore-entities\Kitpymes.Core.Entities.Tests\bin\Debug\net5.0\Kitpymes.Core.Entities.Tests.dll" adapterTypeName="executor://mstestadapter/v2" className="Kitpymes.Core.Entities.ValueObjects.Tests.MoneyTests" name="OperatorNotEqual_Passing_Valid_Values_Returns_True" />
    </UnitTest>
    <UnitTest name="Create_Passing_Valid_Value_Returns_Email (ádsads@ggg.cc)" storage="d:\sferrari\01 - trabajo\repos\netcore\libs\template-netcore-entities\kitpymes.core.entities.tests\bin\debug\net5.0\kitpymes.core.entities.tests.dll" id="aab9f4ab-7b81-410c-807b-beaede362bc6">
      <Execution id="e57166ea-dec4-4d50-bce2-bca15c0fe709" />
      <TestMethod codeBase="D:\SFERRARI\01 - TRABAJO\repos\netcore\libs\template-netcore-entities\Kitpymes.Core.Entities.Tests\bin\Debug\net5.0\Kitpymes.Core.Entities.Tests.dll" adapterTypeName="executor://mstestadapter/v2" className="Kitpymes.Core.Entities.ValueObjects.Tests.EmailTests" name="Create_Passing_Valid_Value_Returns_Email" />
    </UnitTest>
    <UnitTest name="Create_Passing_InvalidOrNull_Value_Returns_ApplicationException (34?fsds@sdd.yy)" storage="d:\sferrari\01 - trabajo\repos\netcore\libs\template-netcore-entities\kitpymes.core.entities.tests\bin\debug\net5.0\kitpymes.core.entities.tests.dll" id="3118b232-ff63-4b35-b980-58927db73bec">
      <Execution id="5b701c6c-7a94-497a-ba65-189190633419" />
      <TestMethod codeBase="D:\SFERRARI\01 - TRABAJO\repos\netcore\libs\template-netcore-entities\Kitpymes.Core.Entities.Tests\bin\Debug\net5.0\Kitpymes.Core.Entities.Tests.dll" adapterTypeName="executor://mstestadapter/v2" className="Kitpymes.Core.Entities.ValueObjects.Tests.EmailTests" name="Create_Passing_InvalidOrNull_Value_Returns_ApplicationException" />
    </UnitTest>
    <UnitTest name="OperatorEqual_Passing_Valid_Distinct_Values_Returns_False (stage_hackerone.com)" storage="d:\sferrari\01 - trabajo\repos\netcore\libs\template-netcore-entities\kitpymes.core.entities.tests\bin\debug\net5.0\kitpymes.core.entities.tests.dll" id="2cc073a0-fb82-4763-a07a-a61ce6c7e11b">
      <Execution id="b9142693-bb1c-45f7-abd3-f55cd049bd0f" />
      <TestMethod codeBase="D:\SFERRARI\01 - TRABAJO\repos\netcore\libs\template-netcore-entities\Kitpymes.Core.Entities.Tests\bin\Debug\net5.0\Kitpymes.Core.Entities.Tests.dll" adapterTypeName="executor://mstestadapter/v2" className="Kitpymes.Core.Entities.ValueObjects.Tests.SubdomainTests" name="OperatorEqual_Passing_Valid_Distinct_Values_Returns_False" />
    </UnitTest>
    <UnitTest name="Change_Passing_Valid_Values_Returns_Telephone" storage="d:\sferrari\01 - trabajo\repos\netcore\libs\template-netcore-entities\kitpymes.core.entities.tests\bin\debug\net5.0\kitpymes.core.entities.tests.dll" id="27c18950-0a17-4674-97fc-2208e7c41aa4">
      <Execution id="fbf4933d-0a28-4ff6-8c5e-5b2fdc52a1f2" />
      <TestMethod codeBase="D:\SFERRARI\01 - TRABAJO\repos\netcore\libs\template-netcore-entities\Kitpymes.Core.Entities.Tests\bin\Debug\net5.0\Kitpymes.Core.Entities.Tests.dll" adapterTypeName="executor://mstestadapter/v2" className="Kitpymes.Core.Entities.ValueObjects.Tests.TelephoneTests" name="Change_Passing_Valid_Values_Returns_Telephone" />
    </UnitTest>
    <UnitTest name="OperatorNotEqual_Passing_Valid_Values_Returns_True (Españá)" storage="d:\sferrari\01 - trabajo\repos\netcore\libs\template-netcore-entities\kitpymes.core.entities.tests\bin\debug\net5.0\kitpymes.core.entities.tests.dll" id="8aaa1f92-f377-41f3-8394-3ecffa6c3f24">
      <Execution id="71f4959a-6356-4c6c-9c30-d437a1705b36" />
      <TestMethod codeBase="D:\SFERRARI\01 - TRABAJO\repos\netcore\libs\template-netcore-entities\Kitpymes.Core.Entities.Tests\bin\Debug\net5.0\Kitpymes.Core.Entities.Tests.dll" adapterTypeName="executor://mstestadapter/v2" className="Kitpymes.Core.Entities.ValueObjects.Tests.NameTests" name="OperatorNotEqual_Passing_Valid_Values_Returns_True" />
    </UnitTest>
    <UnitTest name="OperatorNotEqual_Passing_Valid_Values_Returns_False (stage_hackerone.com)" storage="d:\sferrari\01 - trabajo\repos\netcore\libs\template-netcore-entities\kitpymes.core.entities.tests\bin\debug\net5.0\kitpymes.core.entities.tests.dll" id="3dab1668-b361-456c-b0fd-87f529333377">
      <Execution id="13aced4d-ee2e-4ed2-868d-a547799b4208" />
      <TestMethod codeBase="D:\SFERRARI\01 - TRABAJO\repos\netcore\libs\template-netcore-entities\Kitpymes.Core.Entities.Tests\bin\Debug\net5.0\Kitpymes.Core.Entities.Tests.dll" adapterTypeName="executor://mstestadapter/v2" className="Kitpymes.Core.Entities.ValueObjects.Tests.SubdomainTests" name="OperatorNotEqual_Passing_Valid_Values_Returns_False" />
    </UnitTest>
    <UnitTest name="ToEnum_Passing_Valid_IntName_Enumeracion_Returns_Enumeracion" storage="d:\sferrari\01 - trabajo\repos\netcore\libs\template-netcore-entities\kitpymes.core.entities.tests\bin\debug\net5.0\kitpymes.core.entities.tests.dll" id="ae8b60da-950f-4e6f-a81b-44c3d5f64fab">
      <Execution id="4e4a93cc-7440-4c22-958c-e0f181c9ffa9" />
      <TestMethod codeBase="D:\SFERRARI\01 - TRABAJO\repos\netcore\libs\template-netcore-entities\Kitpymes.Core.Entities.Tests\bin\Debug\net5.0\Kitpymes.Core.Entities.Tests.dll" adapterTypeName="executor://mstestadapter/v2" className="Kitpymes.Core.Entities.Enumerations.Tests.CardTypeEnumTests" name="ToEnum_Passing_Valid_IntName_Enumeracion_Returns_Enumeracion" />
    </UnitTest>
    <UnitTest name="Equals_Passing_Valid_Distinct_Values_Returns_False (D45,86554654)" storage="d:\sferrari\01 - trabajo\repos\netcore\libs\template-netcore-entities\kitpymes.core.entities.tests\bin\debug\net5.0\kitpymes.core.entities.tests.dll" id="7cbd93bd-a1fb-45a0-a117-cd81669d40b6">
      <Execution id="1f2c6c6f-8a91-4774-8e2c-407b7f912c70" />
      <TestMethod codeBase="D:\SFERRARI\01 - TRABAJO\repos\netcore\libs\template-netcore-entities\Kitpymes.Core.Entities.Tests\bin\Debug\net5.0\Kitpymes.Core.Entities.Tests.dll" adapterTypeName="executor://mstestadapter/v2" className="Kitpymes.Core.Entities.ValueObjects.Tests.TelephoneTests" name="Equals_Passing_Valid_Distinct_Values_Returns_False" />
    </UnitTest>
    <UnitTest name="ToEnum_Passing_Invalid_Int_Name_Enumeracion_Returns_Null" storage="d:\sferrari\01 - trabajo\repos\netcore\libs\template-netcore-entities\kitpymes.core.entities.tests\bin\debug\net5.0\kitpymes.core.entities.tests.dll" id="ea55a82a-6016-4578-9645-0c641a966ac5">
      <Execution id="55beae35-c68c-4a7f-acd2-8aa473d54088" />
      <TestMethod codeBase="D:\SFERRARI\01 - TRABAJO\repos\netcore\libs\template-netcore-entities\Kitpymes.Core.Entities.Tests\bin\Debug\net5.0\Kitpymes.Core.Entities.Tests.dll" adapterTypeName="executor://mstestadapter/v2" className="Kitpymes.Core.Entities.Enumerations.Tests.SubscriptionEnumTests" name="ToEnum_Passing_Invalid_Int_Name_Enumeracion_Returns_Null" />
    </UnitTest>
    <UnitTest name="IsSilver_Passing_Nothing_Returns_True" storage="d:\sferrari\01 - trabajo\repos\netcore\libs\template-netcore-entities\kitpymes.core.entities.tests\bin\debug\net5.0\kitpymes.core.entities.tests.dll" id="d06975ac-a8c3-4e9a-a633-15fdd807b234">
      <Execution id="d0f8ddca-abea-4799-89fb-22435ae1f265" />
      <TestMethod codeBase="D:\SFERRARI\01 - TRABAJO\repos\netcore\libs\template-netcore-entities\Kitpymes.Core.Entities.Tests\bin\Debug\net5.0\Kitpymes.Core.Entities.Tests.dll" adapterTypeName="executor://mstestadapter/v2" className="Kitpymes.Core.Entities.Enumerations.Tests.SubscriptionEnumTests" name="IsSilver_Passing_Nothing_Returns_True" />
    </UnitTest>
    <UnitTest name="Equals_Passing_Valid_Values_Returns_False (Tenerife,23,34567,San Bartoleme De Tirajana,Las Palmas,España)" storage="d:\sferrari\01 - trabajo\repos\netcore\libs\template-netcore-entities\kitpymes.core.entities.tests\bin\debug\net5.0\kitpymes.core.entities.tests.dll" id="7bcbc65b-33ea-4ff1-a974-1078e06416b7">
      <Execution id="8007e340-4fa2-41f5-a8e6-dd9683d4ed06" />
      <TestMethod codeBase="D:\SFERRARI\01 - TRABAJO\repos\netcore\libs\template-netcore-entities\Kitpymes.Core.Entities.Tests\bin\Debug\net5.0\Kitpymes.Core.Entities.Tests.dll" adapterTypeName="executor://mstestadapter/v2" className="Kitpymes.Core.Entities.ValueObjects.Tests.AddressTests" name="Equals_Passing_Valid_Values_Returns_False" />
    </UnitTest>
    <UnitTest name="IsNull_Passing_Valid_Values_Returns_False (456,43543543543)" storage="d:\sferrari\01 - trabajo\repos\netcore\libs\template-netcore-entities\kitpymes.core.entities.tests\bin\debug\net5.0\kitpymes.core.entities.tests.dll" id="c76cd099-afcd-428d-aee8-d93f0fca4bc3">
      <Execution id="2aa170fe-3750-4d4c-af4b-7910f7773400" />
      <TestMethod codeBase="D:\SFERRARI\01 - TRABAJO\repos\netcore\libs\template-netcore-entities\Kitpymes.Core.Entities.Tests\bin\Debug\net5.0\Kitpymes.Core.Entities.Tests.dll" adapterTypeName="executor://mstestadapter/v2" className="Kitpymes.Core.Entities.ValueObjects.Tests.TelephoneTests" name="IsNull_Passing_Valid_Values_Returns_False" />
    </UnitTest>
    <UnitTest name="Create_Passing_Valid_Values_Returns_Name (tenant_1)" storage="d:\sferrari\01 - trabajo\repos\netcore\libs\template-netcore-entities\kitpymes.core.entities.tests\bin\debug\net5.0\kitpymes.core.entities.tests.dll" id="8404077a-4443-46aa-a84c-11034abdca3b">
      <Execution id="8b4d867a-db7e-4c13-96ec-fff6dd4b3ff4" />
      <TestMethod codeBase="D:\SFERRARI\01 - TRABAJO\repos\netcore\libs\template-netcore-entities\Kitpymes.Core.Entities.Tests\bin\Debug\net5.0\Kitpymes.Core.Entities.Tests.dll" adapterTypeName="executor://mstestadapter/v2" className="Kitpymes.Core.Entities.ValueObjects.Tests.TenantNameTests" name="Create_Passing_Valid_Values_Returns_Name" />
    </UnitTest>
    <UnitTest name="OperatorEqual_Passing_Valid_Distinct_Values_Returns_False (D45,86554654)" storage="d:\sferrari\01 - trabajo\repos\netcore\libs\template-netcore-entities\kitpymes.core.entities.tests\bin\debug\net5.0\kitpymes.core.entities.tests.dll" id="df0a4215-5566-40f4-a857-0207c335a154">
      <Execution id="cd5113cd-f957-40c5-abd1-37a7a45f6d25" />
      <TestMethod codeBase="D:\SFERRARI\01 - TRABAJO\repos\netcore\libs\template-netcore-entities\Kitpymes.Core.Entities.Tests\bin\Debug\net5.0\Kitpymes.Core.Entities.Tests.dll" adapterTypeName="executor://mstestadapter/v2" className="Kitpymes.Core.Entities.ValueObjects.Tests.TelephoneTests" name="OperatorEqual_Passing_Valid_Distinct_Values_Returns_False" />
    </UnitTest>
    <UnitTest name="Equals_Passing_Valid_Distinct_Values_Returns_False (TENANT1)" storage="d:\sferrari\01 - trabajo\repos\netcore\libs\template-netcore-entities\kitpymes.core.entities.tests\bin\debug\net5.0\kitpymes.core.entities.tests.dll" id="7b711c6e-420c-41f6-926a-325a1f17458e">
      <Execution id="ae5355e8-f76c-4297-9311-da2f6cf21b95" />
      <TestMethod codeBase="D:\SFERRARI\01 - TRABAJO\repos\netcore\libs\template-netcore-entities\Kitpymes.Core.Entities.Tests\bin\Debug\net5.0\Kitpymes.Core.Entities.Tests.dll" adapterTypeName="executor://mstestadapter/v2" className="Kitpymes.Core.Entities.ValueObjects.Tests.TenantNameTests" name="Equals_Passing_Valid_Distinct_Values_Returns_False" />
    </UnitTest>
    <UnitTest name="Create_Passing_InvalidOrNull_Value_Returns_ApplicationException (Tenerife,23,34567,San Bartoleme De Tirajana,Las Palmas,)" storage="d:\sferrari\01 - trabajo\repos\netcore\libs\template-netcore-entities\kitpymes.core.entities.tests\bin\debug\net5.0\kitpymes.core.entities.tests.dll" id="57bdaeb3-e8df-4abe-8e3d-11ef01d9cc1d">
      <Execution id="46a25e0b-3ce2-4586-bff0-d88c53fc0e13" />
      <TestMethod codeBase="D:\SFERRARI\01 - TRABAJO\repos\netcore\libs\template-netcore-entities\Kitpymes.Core.Entities.Tests\bin\Debug\net5.0\Kitpymes.Core.Entities.Tests.dll" adapterTypeName="executor://mstestadapter/v2" className="Kitpymes.Core.Entities.ValueObjects.Tests.AddressTests" name="Create_Passing_InvalidOrNull_Value_Returns_ApplicationException" />
    </UnitTest>
    <UnitTest name="Create_Passing_Valid_Values_Returns_Address (200,EUR,4)" storage="d:\sferrari\01 - trabajo\repos\netcore\libs\template-netcore-entities\kitpymes.core.entities.tests\bin\debug\net5.0\kitpymes.core.entities.tests.dll" id="99a64fe6-1f2e-4b5c-b78d-8a4f582bd134">
      <Execution id="94f25b27-3032-4229-89fa-0997e576005d" />
      <TestMethod codeBase="D:\SFERRARI\01 - TRABAJO\repos\netcore\libs\template-netcore-entities\Kitpymes.Core.Entities.Tests\bin\Debug\net5.0\Kitpymes.Core.Entities.Tests.dll" adapterTypeName="executor://mstestadapter/v2" className="Kitpymes.Core.Entities.ValueObjects.Tests.MoneyTests" name="Create_Passing_Valid_Values_Returns_Address" />
    </UnitTest>
    <UnitTest name="IsMasterCard_Passing_Nothing_Returns_True" storage="d:\sferrari\01 - trabajo\repos\netcore\libs\template-netcore-entities\kitpymes.core.entities.tests\bin\debug\net5.0\kitpymes.core.entities.tests.dll" id="1ffb31fb-417a-451c-bbdf-4456ab04f806">
      <Execution id="81f677ed-a178-415c-af27-bb3bad1875eb" />
      <TestMethod codeBase="D:\SFERRARI\01 - TRABAJO\repos\netcore\libs\template-netcore-entities\Kitpymes.Core.Entities.Tests\bin\Debug\net5.0\Kitpymes.Core.Entities.Tests.dll" adapterTypeName="executor://mstestadapter/v2" className="Kitpymes.Core.Entities.Enumerations.Tests.CardTypeEnumTests" name="IsMasterCard_Passing_Nothing_Returns_True" />
    </UnitTest>
    <UnitTest name="OperatorEqual_Passing_Valid_Distinct_Values_Returns_False (España)" storage="d:\sferrari\01 - trabajo\repos\netcore\libs\template-netcore-entities\kitpymes.core.entities.tests\bin\debug\net5.0\kitpymes.core.entities.tests.dll" id="578ba56b-aef4-45db-8722-07c1be7145f3">
      <Execution id="51972f38-9673-4ca6-934c-a5bf77264e50" />
      <TestMethod codeBase="D:\SFERRARI\01 - TRABAJO\repos\netcore\libs\template-netcore-entities\Kitpymes.Core.Entities.Tests\bin\Debug\net5.0\Kitpymes.Core.Entities.Tests.dll" adapterTypeName="executor://mstestadapter/v2" className="Kitpymes.Core.Entities.ValueObjects.Tests.NameTests" name="OperatorEqual_Passing_Valid_Distinct_Values_Returns_False" />
    </UnitTest>
    <UnitTest name="Equals_Passing_Valid_Values_Returns_True (dasdasd@dsasd.ff)" storage="d:\sferrari\01 - trabajo\repos\netcore\libs\template-netcore-entities\kitpymes.core.entities.tests\bin\debug\net5.0\kitpymes.core.entities.tests.dll" id="7c8e986e-ede9-4496-b523-7b902ef5a974">
      <Execution id="98bc0018-21dd-4f9b-9740-39e367d13161" />
      <TestMethod codeBase="D:\SFERRARI\01 - TRABAJO\repos\netcore\libs\template-netcore-entities\Kitpymes.Core.Entities.Tests\bin\Debug\net5.0\Kitpymes.Core.Entities.Tests.dll" adapterTypeName="executor://mstestadapter/v2" className="Kitpymes.Core.Entities.ValueObjects.Tests.EmailTests" name="Equals_Passing_Valid_Values_Returns_True" />
    </UnitTest>
    <UnitTest name="OperatorEqual_Passing_Valid_Distinct_Values_Returns_False (EUR)" storage="d:\sferrari\01 - trabajo\repos\netcore\libs\template-netcore-entities\kitpymes.core.entities.tests\bin\debug\net5.0\kitpymes.core.entities.tests.dll" id="85e1f2f0-25eb-44c0-b7c0-3c400b871197">
      <Execution id="11848b29-7ad9-4e6a-9f2d-58a81dc480d5" />
      <TestMethod codeBase="D:\SFERRARI\01 - TRABAJO\repos\netcore\libs\template-netcore-entities\Kitpymes.Core.Entities.Tests\bin\Debug\net5.0\Kitpymes.Core.Entities.Tests.dll" adapterTypeName="executor://mstestadapter/v2" className="Kitpymes.Core.Entities.ValueObjects.Tests.CurrencyTests" name="OperatorEqual_Passing_Valid_Distinct_Values_Returns_False" />
    </UnitTest>
    <UnitTest name="OperatorNotEqual_Passing_Valid_Values_Returns_False (Tenant1)" storage="d:\sferrari\01 - trabajo\repos\netcore\libs\template-netcore-entities\kitpymes.core.entities.tests\bin\debug\net5.0\kitpymes.core.entities.tests.dll" id="6732801d-bc7d-4c2d-9956-a97aae18d50a">
      <Execution id="dcbe0fd0-13d6-4d6a-b12a-ceb9ec8a9bfb" />
      <TestMethod codeBase="D:\SFERRARI\01 - TRABAJO\repos\netcore\libs\template-netcore-entities\Kitpymes.Core.Entities.Tests\bin\Debug\net5.0\Kitpymes.Core.Entities.Tests.dll" adapterTypeName="executor://mstestadapter/v2" className="Kitpymes.Core.Entities.ValueObjects.Tests.TenantNameTests" name="OperatorNotEqual_Passing_Valid_Values_Returns_False" />
    </UnitTest>
    <UnitTest name="OperatorNotEqual_Passing_Valid_Values_Returns_False (tenant_A)" storage="d:\sferrari\01 - trabajo\repos\netcore\libs\template-netcore-entities\kitpymes.core.entities.tests\bin\debug\net5.0\kitpymes.core.entities.tests.dll" id="a8a3d5e1-f40d-4422-a1c9-eab5699715d0">
      <Execution id="99c8744b-4b9a-4708-8578-49e9a373bbbd" />
      <TestMethod codeBase="D:\SFERRARI\01 - TRABAJO\repos\netcore\libs\template-netcore-entities\Kitpymes.Core.Entities.Tests\bin\Debug\net5.0\Kitpymes.Core.Entities.Tests.dll" adapterTypeName="executor://mstestadapter/v2" className="Kitpymes.Core.Entities.ValueObjects.Tests.TenantNameTests" name="OperatorNotEqual_Passing_Valid_Values_Returns_False" />
    </UnitTest>
    <UnitTest name="ToNormalize_Passing_Valid_Values_Returns_Name_String_Format (Españä,Espana)" storage="d:\sferrari\01 - trabajo\repos\netcore\libs\template-netcore-entities\kitpymes.core.entities.tests\bin\debug\net5.0\kitpymes.core.entities.tests.dll" id="a4f1f2b9-aed7-43e2-b732-dbe0c378c2e2">
      <Execution id="a5b57048-35e8-48fe-a7de-3eefd7940efb" />
      <TestMethod codeBase="D:\SFERRARI\01 - TRABAJO\repos\netcore\libs\template-netcore-entities\Kitpymes.Core.Entities.Tests\bin\Debug\net5.0\Kitpymes.Core.Entities.Tests.dll" adapterTypeName="executor://mstestadapter/v2" className="Kitpymes.Core.Entities.ValueObjects.Tests.NameTests" name="ToNormalize_Passing_Valid_Values_Returns_Name_String_Format" />
    </UnitTest>
    <UnitTest name="OperatorEqual_Passing_Valid_Values_Returns_True (www.hackerone-com)" storage="d:\sferrari\01 - trabajo\repos\netcore\libs\template-netcore-entities\kitpymes.core.entities.tests\bin\debug\net5.0\kitpymes.core.entities.tests.dll" id="f42fa93e-dfd0-45c3-9357-21066c7bcbed">
      <Execution id="f8882be8-2b88-42d0-9977-31aea903bdf1" />
      <TestMethod codeBase="D:\SFERRARI\01 - TRABAJO\repos\netcore\libs\template-netcore-entities\Kitpymes.Core.Entities.Tests\bin\Debug\net5.0\Kitpymes.Core.Entities.Tests.dll" adapterTypeName="executor://mstestadapter/v2" className="Kitpymes.Core.Entities.ValueObjects.Tests.SubdomainTests" name="OperatorEqual_Passing_Valid_Values_Returns_True" />
    </UnitTest>
    <UnitTest name="OperatorNotEqual_Passing_Valid_Values_Returns_False (TENANT_A)" storage="d:\sferrari\01 - trabajo\repos\netcore\libs\template-netcore-entities\kitpymes.core.entities.tests\bin\debug\net5.0\kitpymes.core.entities.tests.dll" id="6609fd4f-6393-4e54-bf06-9bab01258110">
      <Execution id="3699b8c0-8ee4-4eda-9e5a-5d3264a1c1ee" />
      <TestMethod codeBase="D:\SFERRARI\01 - TRABAJO\repos\netcore\libs\template-netcore-entities\Kitpymes.Core.Entities.Tests\bin\Debug\net5.0\Kitpymes.Core.Entities.Tests.dll" adapterTypeName="executor://mstestadapter/v2" className="Kitpymes.Core.Entities.ValueObjects.Tests.TenantNameTests" name="OperatorNotEqual_Passing_Valid_Values_Returns_False" />
    </UnitTest>
    <UnitTest name="IsNull_Passing_Valid_Value_Returns_False (dasdasd@dsasd.ff)" storage="d:\sferrari\01 - trabajo\repos\netcore\libs\template-netcore-entities\kitpymes.core.entities.tests\bin\debug\net5.0\kitpymes.core.entities.tests.dll" id="45a30bf5-1167-4de9-8cc0-e2bcba5a4ca9">
      <Execution id="c8ad0815-b649-4b7a-bb32-5246966ee8fe" />
      <TestMethod codeBase="D:\SFERRARI\01 - TRABAJO\repos\netcore\libs\template-netcore-entities\Kitpymes.Core.Entities.Tests\bin\Debug\net5.0\Kitpymes.Core.Entities.Tests.dll" adapterTypeName="executor://mstestadapter/v2" className="Kitpymes.Core.Entities.ValueObjects.Tests.EmailTests" name="IsNull_Passing_Valid_Value_Returns_False" />
    </UnitTest>
    <UnitTest name="ToString_Passing_Valid_Values_Returns_Name (Españħ)" storage="d:\sferrari\01 - trabajo\repos\netcore\libs\template-netcore-entities\kitpymes.core.entities.tests\bin\debug\net5.0\kitpymes.core.entities.tests.dll" id="d05e7cad-f90b-4374-a9f3-790d5a420a61">
      <Execution id="07842735-afa9-4316-b03a-dfad9279aeb5" />
      <TestMethod codeBase="D:\SFERRARI\01 - TRABAJO\repos\netcore\libs\template-netcore-entities\Kitpymes.Core.Entities.Tests\bin\Debug\net5.0\Kitpymes.Core.Entities.Tests.dll" adapterTypeName="executor://mstestadapter/v2" className="Kitpymes.Core.Entities.ValueObjects.Tests.NameTests" name="ToString_Passing_Valid_Values_Returns_Name" />
    </UnitTest>
    <UnitTest name="OperatorEqual_Passing_Valid_Values_Returns_True (TENANTA)" storage="d:\sferrari\01 - trabajo\repos\netcore\libs\template-netcore-entities\kitpymes.core.entities.tests\bin\debug\net5.0\kitpymes.core.entities.tests.dll" id="dbbb96fa-1abf-4fbe-8b31-947f3b66c4a5">
      <Execution id="e107b239-31c9-4ece-b6f5-fb0d5b3079ae" />
      <TestMethod codeBase="D:\SFERRARI\01 - TRABAJO\repos\netcore\libs\template-netcore-entities\Kitpymes.Core.Entities.Tests\bin\Debug\net5.0\Kitpymes.Core.Entities.Tests.dll" adapterTypeName="executor://mstestadapter/v2" className="Kitpymes.Core.Entities.ValueObjects.Tests.TenantNameTests" name="OperatorEqual_Passing_Valid_Values_Returns_True" />
    </UnitTest>
    <UnitTest name="Create_Passing_InvalidOrNull_Value_Returns_ApplicationException (456,USD,-3)" storage="d:\sferrari\01 - trabajo\repos\netcore\libs\template-netcore-entities\kitpymes.core.entities.tests\bin\debug\net5.0\kitpymes.core.entities.tests.dll" id="ce1698e5-7371-4ec0-964f-d18753ad8819">
      <Execution id="9618f165-3a76-4782-aeb1-f1a0f1cd1f1b" />
      <TestMethod codeBase="D:\SFERRARI\01 - TRABAJO\repos\netcore\libs\template-netcore-entities\Kitpymes.Core.Entities.Tests\bin\Debug\net5.0\Kitpymes.Core.Entities.Tests.dll" adapterTypeName="executor://mstestadapter/v2" className="Kitpymes.Core.Entities.ValueObjects.Tests.MoneyTests" name="Create_Passing_InvalidOrNull_Value_Returns_ApplicationException" />
    </UnitTest>
    <UnitTest name="OperatorNotEqual_Passing_Valid_Values_Returns_True (400,EUR,8)" storage="d:\sferrari\01 - trabajo\repos\netcore\libs\template-netcore-entities\kitpymes.core.entities.tests\bin\debug\net5.0\kitpymes.core.entities.tests.dll" id="8ed38f6e-5474-4d50-98be-b0acd04bdbdd">
      <Execution id="7d4d7bc8-d602-4438-88ed-e7f9f8367aa8" />
      <TestMethod codeBase="D:\SFERRARI\01 - TRABAJO\repos\netcore\libs\template-netcore-entities\Kitpymes.Core.Entities.Tests\bin\Debug\net5.0\Kitpymes.Core.Entities.Tests.dll" adapterTypeName="executor://mstestadapter/v2" className="Kitpymes.Core.Entities.ValueObjects.Tests.MoneyTests" name="OperatorNotEqual_Passing_Valid_Values_Returns_True" />
    </UnitTest>
    <UnitTest name="ToString_Passing_Valid_Values_Returns_StringId (San Bartoleme De Tirajana)" storage="d:\sferrari\01 - trabajo\repos\netcore\libs\template-netcore-entities\kitpymes.core.entities.tests\bin\debug\net5.0\kitpymes.core.entities.tests.dll" id="8816fdac-7755-4107-85e2-c7c3a8618e1a">
      <Execution id="3b058016-2ddb-497d-a3c7-2a6d5db5f300" />
      <TestMethod codeBase="D:\SFERRARI\01 - TRABAJO\repos\netcore\libs\template-netcore-entities\Kitpymes.Core.Entities.Tests\bin\Debug\net5.0\Kitpymes.Core.Entities.Tests.dll" adapterTypeName="executor://mstestadapter/v2" className="Kitpymes.Core.Entities.ValueObjects.Tests.StringIdTests" name="ToString_Passing_Valid_Values_Returns_StringId" />
    </UnitTest>
    <UnitTest name="Equals_Passing_Valid_Values_Returns_True (tenant_A)" storage="d:\sferrari\01 - trabajo\repos\netcore\libs\template-netcore-entities\kitpymes.core.entities.tests\bin\debug\net5.0\kitpymes.core.entities.tests.dll" id="35339f82-5caa-40ca-a0ca-929da0652385">
      <Execution id="ec7b8ad2-8bfb-4e90-8a5b-9c1965db704d" />
      <TestMethod codeBase="D:\SFERRARI\01 - TRABAJO\repos\netcore\libs\template-netcore-entities\Kitpymes.Core.Entities.Tests\bin\Debug\net5.0\Kitpymes.Core.Entities.Tests.dll" adapterTypeName="executor://mstestadapter/v2" className="Kitpymes.Core.Entities.ValueObjects.Tests.TenantNameTests" name="Equals_Passing_Valid_Values_Returns_True" />
    </UnitTest>
    <UnitTest name="Create_Passing_InvalidOrNull_Value_Returns_ApplicationException ()" storage="d:\sferrari\01 - trabajo\repos\netcore\libs\template-netcore-entities\kitpymes.core.entities.tests\bin\debug\net5.0\kitpymes.core.entities.tests.dll" id="0b276890-8cc3-455b-bb8f-3ce896d5b53f">
      <Execution id="68954306-7fcf-4555-bf6d-9417965dd262" />
      <TestMethod codeBase="D:\SFERRARI\01 - TRABAJO\repos\netcore\libs\template-netcore-entities\Kitpymes.Core.Entities.Tests\bin\Debug\net5.0\Kitpymes.Core.Entities.Tests.dll" adapterTypeName="executor://mstestadapter/v2" className="Kitpymes.Core.Entities.ValueObjects.Tests.TenantNameTests" name="Create_Passing_InvalidOrNull_Value_Returns_ApplicationException" />
    </UnitTest>
    <UnitTest name="Equals_Passing_Valid_Distinct_Values_Returns_False (Españã)" storage="d:\sferrari\01 - trabajo\repos\netcore\libs\template-netcore-entities\kitpymes.core.entities.tests\bin\debug\net5.0\kitpymes.core.entities.tests.dll" id="e1f5ea6e-92bf-4802-b4ce-33c12dd35269">
      <Execution id="f311b391-e2e5-4b1f-9178-e3b06bab01b8" />
      <TestMethod codeBase="D:\SFERRARI\01 - TRABAJO\repos\netcore\libs\template-netcore-entities\Kitpymes.Core.Entities.Tests\bin\Debug\net5.0\Kitpymes.Core.Entities.Tests.dll" adapterTypeName="executor://mstestadapter/v2" className="Kitpymes.Core.Entities.ValueObjects.Tests.NameTests" name="Equals_Passing_Valid_Distinct_Values_Returns_False" />
    </UnitTest>
    <UnitTest name="ToString_Passing_Valid_Values_Returns_Name (tenantA)" storage="d:\sferrari\01 - trabajo\repos\netcore\libs\template-netcore-entities\kitpymes.core.entities.tests\bin\debug\net5.0\kitpymes.core.entities.tests.dll" id="e8910a01-cab9-4f0b-b26a-d852fb93ffc8">
      <Execution id="db58e7ef-9d5a-4d5f-b9da-7e4860a25d2e" />
      <TestMethod codeBase="D:\SFERRARI\01 - TRABAJO\repos\netcore\libs\template-netcore-entities\Kitpymes.Core.Entities.Tests\bin\Debug\net5.0\Kitpymes.Core.Entities.Tests.dll" adapterTypeName="executor://mstestadapter/v2" className="Kitpymes.Core.Entities.ValueObjects.Tests.TenantNameTests" name="ToString_Passing_Valid_Values_Returns_Name" />
    </UnitTest>
    <UnitTest name="Equals_Passing_Valid_Values_Returns_True (USD)" storage="d:\sferrari\01 - trabajo\repos\netcore\libs\template-netcore-entities\kitpymes.core.entities.tests\bin\debug\net5.0\kitpymes.core.entities.tests.dll" id="bf62c6ac-30d2-4e10-bef3-84a0a064d78c">
      <Execution id="c2c2a463-b763-4c0f-a96d-63264102f0e8" />
      <TestMethod codeBase="D:\SFERRARI\01 - TRABAJO\repos\netcore\libs\template-netcore-entities\Kitpymes.Core.Entities.Tests\bin\Debug\net5.0\Kitpymes.Core.Entities.Tests.dll" adapterTypeName="executor://mstestadapter/v2" className="Kitpymes.Core.Entities.ValueObjects.Tests.CurrencyTests" name="Equals_Passing_Valid_Values_Returns_True" />
    </UnitTest>
    <UnitTest name="Equals_Passing_Valid_Distinct_Values_Returns_False (EUR)" storage="d:\sferrari\01 - trabajo\repos\netcore\libs\template-netcore-entities\kitpymes.core.entities.tests\bin\debug\net5.0\kitpymes.core.entities.tests.dll" id="b430da0c-ae7a-428e-92cc-d5a77a669901">
      <Execution id="133ca239-7477-4a72-a646-1ec9f402c5c4" />
      <TestMethod codeBase="D:\SFERRARI\01 - TRABAJO\repos\netcore\libs\template-netcore-entities\Kitpymes.Core.Entities.Tests\bin\Debug\net5.0\Kitpymes.Core.Entities.Tests.dll" adapterTypeName="executor://mstestadapter/v2" className="Kitpymes.Core.Entities.ValueObjects.Tests.CurrencyTests" name="Equals_Passing_Valid_Distinct_Values_Returns_False" />
    </UnitTest>
    <UnitTest name="IsNull_Passing_Valid_Value_Returns_False (Tenant_A)" storage="d:\sferrari\01 - trabajo\repos\netcore\libs\template-netcore-entities\kitpymes.core.entities.tests\bin\debug\net5.0\kitpymes.core.entities.tests.dll" id="7824df58-67fb-476f-8515-8e3de07e4376">
      <Execution id="34280da1-a5a4-4ea7-80c7-3868482f39d9" />
      <TestMethod codeBase="D:\SFERRARI\01 - TRABAJO\repos\netcore\libs\template-netcore-entities\Kitpymes.Core.Entities.Tests\bin\Debug\net5.0\Kitpymes.Core.Entities.Tests.dll" adapterTypeName="executor://mstestadapter/v2" className="Kitpymes.Core.Entities.ValueObjects.Tests.TenantNameTests" name="IsNull_Passing_Valid_Value_Returns_False" />
    </UnitTest>
    <UnitTest name="OperatorNotEqual_Passing_Valid_Values_Returns_False (Sabadell)" storage="d:\sferrari\01 - trabajo\repos\netcore\libs\template-netcore-entities\kitpymes.core.entities.tests\bin\debug\net5.0\kitpymes.core.entities.tests.dll" id="533e0daa-b39b-4652-9bd4-713a2df8aeb6">
      <Execution id="e923e892-0d79-4663-8d5c-4811a2b7ad03" />
      <TestMethod codeBase="D:\SFERRARI\01 - TRABAJO\repos\netcore\libs\template-netcore-entities\Kitpymes.Core.Entities.Tests\bin\Debug\net5.0\Kitpymes.Core.Entities.Tests.dll" adapterTypeName="executor://mstestadapter/v2" className="Kitpymes.Core.Entities.ValueObjects.Tests.StringIdTests" name="OperatorNotEqual_Passing_Valid_Values_Returns_False" />
    </UnitTest>
    <UnitTest name="ToString_Passing_Valid_Values_Returns_Name (Españâ)" storage="d:\sferrari\01 - trabajo\repos\netcore\libs\template-netcore-entities\kitpymes.core.entities.tests\bin\debug\net5.0\kitpymes.core.entities.tests.dll" id="b34a39bf-3c1a-48e9-a11d-7eebd925e0c3">
      <Execution id="e205b3a7-4a53-4087-8f3a-77e01e7334fb" />
      <TestMethod codeBase="D:\SFERRARI\01 - TRABAJO\repos\netcore\libs\template-netcore-entities\Kitpymes.Core.Entities.Tests\bin\Debug\net5.0\Kitpymes.Core.Entities.Tests.dll" adapterTypeName="executor://mstestadapter/v2" className="Kitpymes.Core.Entities.ValueObjects.Tests.NameTests" name="ToString_Passing_Valid_Values_Returns_Name" />
    </UnitTest>
    <UnitTest name="ToString_Passing_Valid_Values_Returns_Currency_String_Symbol (EUR)" storage="d:\sferrari\01 - trabajo\repos\netcore\libs\template-netcore-entities\kitpymes.core.entities.tests\bin\debug\net5.0\kitpymes.core.entities.tests.dll" id="df5ef2ba-d179-45ea-9f43-3ff7978c4494">
      <Execution id="e2dd8fdc-11dc-4f44-a7ae-2758ce1a38f8" />
      <TestMethod codeBase="D:\SFERRARI\01 - TRABAJO\repos\netcore\libs\template-netcore-entities\Kitpymes.Core.Entities.Tests\bin\Debug\net5.0\Kitpymes.Core.Entities.Tests.dll" adapterTypeName="executor://mstestadapter/v2" className="Kitpymes.Core.Entities.ValueObjects.Tests.CurrencyTests" name="ToString_Passing_Valid_Values_Returns_Currency_String_Symbol" />
    </UnitTest>
    <UnitTest name="OperatorEqual_Passing_Valid_Distinct_Values_Returns_False (tenant1)" storage="d:\sferrari\01 - trabajo\repos\netcore\libs\template-netcore-entities\kitpymes.core.entities.tests\bin\debug\net5.0\kitpymes.core.entities.tests.dll" id="9d4e8cd7-ca3a-4a9a-9dea-2ba32a91ceed">
      <Execution id="61712feb-7ab9-477f-8ce2-2705b514b622" />
      <TestMethod codeBase="D:\SFERRARI\01 - TRABAJO\repos\netcore\libs\template-netcore-entities\Kitpymes.Core.Entities.Tests\bin\Debug\net5.0\Kitpymes.Core.Entities.Tests.dll" adapterTypeName="executor://mstestadapter/v2" className="Kitpymes.Core.Entities.ValueObjects.Tests.TenantNameTests" name="OperatorEqual_Passing_Valid_Distinct_Values_Returns_False" />
    </UnitTest>
    <UnitTest name="Equals_Passing_Valid_Distinct_Values_Returns_False (www.hackerone-com)" storage="d:\sferrari\01 - trabajo\repos\netcore\libs\template-netcore-entities\kitpymes.core.entities.tests\bin\debug\net5.0\kitpymes.core.entities.tests.dll" id="669bd56a-9484-4963-aeee-d780c935c648">
      <Execution id="0de1b1f5-d99d-4dcc-b851-3971cac2e93c" />
      <TestMethod codeBase="D:\SFERRARI\01 - TRABAJO\repos\netcore\libs\template-netcore-entities\Kitpymes.Core.Entities.Tests\bin\Debug\net5.0\Kitpymes.Core.Entities.Tests.dll" adapterTypeName="executor://mstestadapter/v2" className="Kitpymes.Core.Entities.ValueObjects.Tests.SubdomainTests" name="Equals_Passing_Valid_Distinct_Values_Returns_False" />
    </UnitTest>
    <UnitTest name="OperatorNotEqual_Passing_Valid_Values_Returns_True (EUR)" storage="d:\sferrari\01 - trabajo\repos\netcore\libs\template-netcore-entities\kitpymes.core.entities.tests\bin\debug\net5.0\kitpymes.core.entities.tests.dll" id="7fff9e79-5530-4b59-9a2e-31b7231edc89">
      <Execution id="e43abe87-74c3-4190-b74d-8c7afa5bfdb1" />
      <TestMethod codeBase="D:\SFERRARI\01 - TRABAJO\repos\netcore\libs\template-netcore-entities\Kitpymes.Core.Entities.Tests\bin\Debug\net5.0\Kitpymes.Core.Entities.Tests.dll" adapterTypeName="executor://mstestadapter/v2" className="Kitpymes.Core.Entities.ValueObjects.Tests.CurrencyTests" name="OperatorNotEqual_Passing_Valid_Values_Returns_True" />
    </UnitTest>
    <UnitTest name="IsFree_Passing_Nothing_Returns_True" storage="d:\sferrari\01 - trabajo\repos\netcore\libs\template-netcore-entities\kitpymes.core.entities.tests\bin\debug\net5.0\kitpymes.core.entities.tests.dll" id="71b7b707-16d2-4396-9dda-6b61f69158c8">
      <Execution id="8ce90884-6814-4552-ba2d-be81d360d03b" />
      <TestMethod codeBase="D:\SFERRARI\01 - TRABAJO\repos\netcore\libs\template-netcore-entities\Kitpymes.Core.Entities.Tests\bin\Debug\net5.0\Kitpymes.Core.Entities.Tests.dll" adapterTypeName="executor://mstestadapter/v2" className="Kitpymes.Core.Entities.Enumerations.Tests.SubscriptionEnumTests" name="IsFree_Passing_Nothing_Returns_True" />
    </UnitTest>
    <UnitTest name="OperatorEqual_Passing_Valid_Values_Returns_True (San Bartoleme De Tirajana,Las Palmas,España)" storage="d:\sferrari\01 - trabajo\repos\netcore\libs\template-netcore-entities\kitpymes.core.entities.tests\bin\debug\net5.0\kitpymes.core.entities.tests.dll" id="4c18573d-9e8b-4e04-8377-82521c24d4dd">
      <Execution id="6221bfec-7ebd-4bed-ba43-18b7cfac1af3" />
      <TestMethod codeBase="D:\SFERRARI\01 - TRABAJO\repos\netcore\libs\template-netcore-entities\Kitpymes.Core.Entities.Tests\bin\Debug\net5.0\Kitpymes.Core.Entities.Tests.dll" adapterTypeName="executor://mstestadapter/v2" className="Kitpymes.Core.Entities.ValueObjects.Tests.FullNameTests" name="OperatorEqual_Passing_Valid_Values_Returns_True" />
    </UnitTest>
    <UnitTest name="IsGold_Passing_Nothing_Returns_True" storage="d:\sferrari\01 - trabajo\repos\netcore\libs\template-netcore-entities\kitpymes.core.entities.tests\bin\debug\net5.0\kitpymes.core.entities.tests.dll" id="d09b346a-ddc3-4511-8820-38d3bb609cb4">
      <Execution id="2d70d960-c3fd-4381-8bc2-946a646e04a8" />
      <TestMethod codeBase="D:\SFERRARI\01 - TRABAJO\repos\netcore\libs\template-netcore-entities\Kitpymes.Core.Entities.Tests\bin\Debug\net5.0\Kitpymes.Core.Entities.Tests.dll" adapterTypeName="executor://mstestadapter/v2" className="Kitpymes.Core.Entities.Enumerations.Tests.SubscriptionEnumTests" name="IsGold_Passing_Nothing_Returns_True" />
    </UnitTest>
    <UnitTest name="IsNull_Passing_Null_Value_Returns_True" storage="d:\sferrari\01 - trabajo\repos\netcore\libs\template-netcore-entities\kitpymes.core.entities.tests\bin\debug\net5.0\kitpymes.core.entities.tests.dll" id="bccd3adb-fc55-4aa6-8621-9b2ad320a8ef">
      <Execution id="ceea694f-9e50-48cc-aa16-1eacec77ef41" />
      <TestMethod codeBase="D:\SFERRARI\01 - TRABAJO\repos\netcore\libs\template-netcore-entities\Kitpymes.Core.Entities.Tests\bin\Debug\net5.0\Kitpymes.Core.Entities.Tests.dll" adapterTypeName="executor://mstestadapter/v2" className="Kitpymes.Core.Entities.ValueObjects.Tests.StringIdTests" name="IsNull_Passing_Null_Value_Returns_True" />
    </UnitTest>
    <UnitTest name="OperatorNotEqual_Passing_Valid_Values_Returns_False (Tenant_A)" storage="d:\sferrari\01 - trabajo\repos\netcore\libs\template-netcore-entities\kitpymes.core.entities.tests\bin\debug\net5.0\kitpymes.core.entities.tests.dll" id="847cb94c-21ac-4064-bfe1-336898e5ba60">
      <Execution id="fb59b2ad-95ba-4cc4-8918-01538c6ae07b" />
      <TestMethod codeBase="D:\SFERRARI\01 - TRABAJO\repos\netcore\libs\template-netcore-entities\Kitpymes.Core.Entities.Tests\bin\Debug\net5.0\Kitpymes.Core.Entities.Tests.dll" adapterTypeName="executor://mstestadapter/v2" className="Kitpymes.Core.Entities.ValueObjects.Tests.TenantNameTests" name="OperatorNotEqual_Passing_Valid_Values_Returns_False" />
    </UnitTest>
    <UnitTest name="OperatorNotEqual_Passing_Valid_Values_Returns_True (TENANT_1)" storage="d:\sferrari\01 - trabajo\repos\netcore\libs\template-netcore-entities\kitpymes.core.entities.tests\bin\debug\net5.0\kitpymes.core.entities.tests.dll" id="54b2febf-8c40-4a6c-9039-672dd6071952">
      <Execution id="dd20e2e5-98b3-43cc-8716-d25f9d2b7b50" />
      <TestMethod codeBase="D:\SFERRARI\01 - TRABAJO\repos\netcore\libs\template-netcore-entities\Kitpymes.Core.Entities.Tests\bin\Debug\net5.0\Kitpymes.Core.Entities.Tests.dll" adapterTypeName="executor://mstestadapter/v2" className="Kitpymes.Core.Entities.ValueObjects.Tests.TenantNameTests" name="OperatorNotEqual_Passing_Valid_Values_Returns_True" />
    </UnitTest>
    <UnitTest name="Equals_Passing_Valid_Values_Returns_True (Pader,789,DF7956,Sabadell,Barcelona,España)" storage="d:\sferrari\01 - trabajo\repos\netcore\libs\template-netcore-entities\kitpymes.core.entities.tests\bin\debug\net5.0\kitpymes.core.entities.tests.dll" id="0a70f922-9362-47ec-8e91-65bc1dfb51a7">
      <Execution id="b89995f5-271a-4116-bbf8-12ad1de3ea4d" />
      <TestMethod codeBase="D:\SFERRARI\01 - TRABAJO\repos\netcore\libs\template-netcore-entities\Kitpymes.Core.Entities.Tests\bin\Debug\net5.0\Kitpymes.Core.Entities.Tests.dll" adapterTypeName="executor://mstestadapter/v2" className="Kitpymes.Core.Entities.ValueObjects.Tests.AddressTests" name="Equals_Passing_Valid_Values_Returns_True" />
    </UnitTest>
    <UnitTest name="Equals_Passing_Valid_Distinct_Values_Returns_False (San Bartoleme De Tirajana,Las Palmas,España)" storage="d:\sferrari\01 - trabajo\repos\netcore\libs\template-netcore-entities\kitpymes.core.entities.tests\bin\debug\net5.0\kitpymes.core.entities.tests.dll" id="e3ae83b2-8231-46d5-b07a-4bbd51bcc20e">
      <Execution id="b661986e-57a5-46cf-8209-305a7ef060da" />
      <TestMethod codeBase="D:\SFERRARI\01 - TRABAJO\repos\netcore\libs\template-netcore-entities\Kitpymes.Core.Entities.Tests\bin\Debug\net5.0\Kitpymes.Core.Entities.Tests.dll" adapterTypeName="executor://mstestadapter/v2" className="Kitpymes.Core.Entities.ValueObjects.Tests.FullNameTests" name="Equals_Passing_Valid_Distinct_Values_Returns_False" />
    </UnitTest>
    <UnitTest name="ToEnum_Passing_Invalid_Int_Name_Enumeracion_Returns_Null" storage="d:\sferrari\01 - trabajo\repos\netcore\libs\template-netcore-entities\kitpymes.core.entities.tests\bin\debug\net5.0\kitpymes.core.entities.tests.dll" id="025ea1fe-8582-4c53-92d1-d0dbaf206e43">
      <Execution id="fdbaaf11-cfc3-4662-aff6-e2aa0e13a66b" />
      <TestMethod codeBase="D:\SFERRARI\01 - TRABAJO\repos\netcore\libs\template-netcore-entities\Kitpymes.Core.Entities.Tests\bin\Debug\net5.0\Kitpymes.Core.Entities.Tests.dll" adapterTypeName="executor://mstestadapter/v2" className="Kitpymes.Core.Entities.Enumerations.Tests.CardTypeEnumTests" name="ToEnum_Passing_Invalid_Int_Name_Enumeracion_Returns_Null" />
    </UnitTest>
    <UnitTest name="OperatorEqual_Passing_Valid_Values_Returns_True (Pader,789,DF7956,Sabadell,Barcelona,España)" storage="d:\sferrari\01 - trabajo\repos\netcore\libs\template-netcore-entities\kitpymes.core.entities.tests\bin\debug\net5.0\kitpymes.core.entities.tests.dll" id="1ddf2557-0ddc-4aab-a43a-c17cac3d6043">
      <Execution id="2d3396bb-8cbb-4b9b-820c-f144bbffd2ad" />
      <TestMethod codeBase="D:\SFERRARI\01 - TRABAJO\repos\netcore\libs\template-netcore-entities\Kitpymes.Core.Entities.Tests\bin\Debug\net5.0\Kitpymes.Core.Entities.Tests.dll" adapterTypeName="executor://mstestadapter/v2" className="Kitpymes.Core.Entities.ValueObjects.Tests.AddressTests" name="OperatorEqual_Passing_Valid_Values_Returns_True" />
    </UnitTest>
    <UnitTest name="OperatorEqual_Passing_Valid_Values_Returns_True (Tenerife,23,34567,San Bartoleme De Tirajana,Las Palmas,España)" storage="d:\sferrari\01 - trabajo\repos\netcore\libs\template-netcore-entities\kitpymes.core.entities.tests\bin\debug\net5.0\kitpymes.core.entities.tests.dll" id="9dd1a332-18f3-4046-9573-988653e06343">
      <Execution id="6f6341d7-d77e-48c3-9a33-b4c0f5fa4d9f" />
      <TestMethod codeBase="D:\SFERRARI\01 - TRABAJO\repos\netcore\libs\template-netcore-entities\Kitpymes.Core.Entities.Tests\bin\Debug\net5.0\Kitpymes.Core.Entities.Tests.dll" adapterTypeName="executor://mstestadapter/v2" className="Kitpymes.Core.Entities.ValueObjects.Tests.AddressTests" name="OperatorEqual_Passing_Valid_Values_Returns_True" />
    </UnitTest>
    <UnitTest name="OperatorNotEqual_Passing_Valid_Values_Returns_True (Tenant_A)" storage="d:\sferrari\01 - trabajo\repos\netcore\libs\template-netcore-entities\kitpymes.core.entities.tests\bin\debug\net5.0\kitpymes.core.entities.tests.dll" id="433d31e8-0c2f-4ff1-a36e-5c9176d78267">
      <Execution id="a971b9ee-f1a9-49db-94d8-f1f89aeb5c5e" />
      <TestMethod codeBase="D:\SFERRARI\01 - TRABAJO\repos\netcore\libs\template-netcore-entities\Kitpymes.Core.Entities.Tests\bin\Debug\net5.0\Kitpymes.Core.Entities.Tests.dll" adapterTypeName="executor://mstestadapter/v2" className="Kitpymes.Core.Entities.ValueObjects.Tests.TenantNameTests" name="OperatorNotEqual_Passing_Valid_Values_Returns_True" />
    </UnitTest>
    <UnitTest name="ToEnum_Passing_Invalid_String_Name_Enumeracion_Returns_Null" storage="d:\sferrari\01 - trabajo\repos\netcore\libs\template-netcore-entities\kitpymes.core.entities.tests\bin\debug\net5.0\kitpymes.core.entities.tests.dll" id="0c93b00b-d226-442f-8a9f-864bbd979a2c">
      <Execution id="5f461114-efc8-40cd-aa3d-e6852ec32609" />
      <TestMethod codeBase="D:\SFERRARI\01 - TRABAJO\repos\netcore\libs\template-netcore-entities\Kitpymes.Core.Entities.Tests\bin\Debug\net5.0\Kitpymes.Core.Entities.Tests.dll" adapterTypeName="executor://mstestadapter/v2" className="Kitpymes.Core.Entities.Enumerations.Tests.GenderTypeEnumTests" name="ToEnum_Passing_Invalid_String_Name_Enumeracion_Returns_Null" />
    </UnitTest>
    <UnitTest name="Create_Passing_InvalidOrNull_Value_Returns_ApplicationException ()" storage="d:\sferrari\01 - trabajo\repos\netcore\libs\template-netcore-entities\kitpymes.core.entities.tests\bin\debug\net5.0\kitpymes.core.entities.tests.dll" id="81563597-da17-4933-be0f-7325a8fbac96">
      <Execution id="fd4103bd-6c95-4207-93d7-9dbe9cf04f4a" />
      <TestMethod codeBase="D:\SFERRARI\01 - TRABAJO\repos\netcore\libs\template-netcore-entities\Kitpymes.Core.Entities.Tests\bin\Debug\net5.0\Kitpymes.Core.Entities.Tests.dll" adapterTypeName="executor://mstestadapter/v2" className="Kitpymes.Core.Entities.ValueObjects.Tests.SubdomainTests" name="Create_Passing_InvalidOrNull_Value_Returns_ApplicationException" />
    </UnitTest>
    <UnitTest name="IsNull_Passing_Valid_Value_Returns_False (Españá)" storage="d:\sferrari\01 - trabajo\repos\netcore\libs\template-netcore-entities\kitpymes.core.entities.tests\bin\debug\net5.0\kitpymes.core.entities.tests.dll" id="7e3adf37-432d-427a-87b9-0608979ed0b8">
      <Execution id="e723b05c-9009-4ae5-9c31-f6597d000996" />
      <TestMethod codeBase="D:\SFERRARI\01 - TRABAJO\repos\netcore\libs\template-netcore-entities\Kitpymes.Core.Entities.Tests\bin\Debug\net5.0\Kitpymes.Core.Entities.Tests.dll" adapterTypeName="executor://mstestadapter/v2" className="Kitpymes.Core.Entities.ValueObjects.Tests.NameTests" name="IsNull_Passing_Valid_Value_Returns_False" />
    </UnitTest>
    <UnitTest name="ToString_Passing_Valid_Values_Returns_Subdomain (app.hackerone1.com)" storage="d:\sferrari\01 - trabajo\repos\netcore\libs\template-netcore-entities\kitpymes.core.entities.tests\bin\debug\net5.0\kitpymes.core.entities.tests.dll" id="8aff0a8a-e0fd-4a4c-8078-b1afb2ddcd9a">
      <Execution id="fd18f64a-13ed-4362-9963-9b3813d281d4" />
      <TestMethod codeBase="D:\SFERRARI\01 - TRABAJO\repos\netcore\libs\template-netcore-entities\Kitpymes.Core.Entities.Tests\bin\Debug\net5.0\Kitpymes.Core.Entities.Tests.dll" adapterTypeName="executor://mstestadapter/v2" className="Kitpymes.Core.Entities.ValueObjects.Tests.SubdomainTests" name="ToString_Passing_Valid_Values_Returns_Subdomain" />
    </UnitTest>
    <UnitTest name="Equals_Passing_Valid_Values_Returns_True (TENANTA)" storage="d:\sferrari\01 - trabajo\repos\netcore\libs\template-netcore-entities\kitpymes.core.entities.tests\bin\debug\net5.0\kitpymes.core.entities.tests.dll" id="8b676c2a-21b0-459c-a645-5dd77afeb068">
      <Execution id="9cab2d0a-b083-465b-8784-6d8edcc47411" />
      <TestMethod codeBase="D:\SFERRARI\01 - TRABAJO\repos\netcore\libs\template-netcore-entities\Kitpymes.Core.Entities.Tests\bin\Debug\net5.0\Kitpymes.Core.Entities.Tests.dll" adapterTypeName="executor://mstestadapter/v2" className="Kitpymes.Core.Entities.ValueObjects.Tests.TenantNameTests" name="Equals_Passing_Valid_Values_Returns_True" />
    </UnitTest>
    <UnitTest name="Create_Passing_Valid_Values_Returns_Name (TENANT_A)" storage="d:\sferrari\01 - trabajo\repos\netcore\libs\template-netcore-entities\kitpymes.core.entities.tests\bin\debug\net5.0\kitpymes.core.entities.tests.dll" id="87ea9389-04bc-49fe-8608-d45d3bd25055">
      <Execution id="9614c0a3-4da5-45e1-87e0-8a7287ea08fa" />
      <TestMethod codeBase="D:\SFERRARI\01 - TRABAJO\repos\netcore\libs\template-netcore-entities\Kitpymes.Core.Entities.Tests\bin\Debug\net5.0\Kitpymes.Core.Entities.Tests.dll" adapterTypeName="executor://mstestadapter/v2" className="Kitpymes.Core.Entities.ValueObjects.Tests.TenantNameTests" name="Create_Passing_Valid_Values_Returns_Name" />
    </UnitTest>
    <UnitTest name="IsNull_Passing_Valid_Value_Returns_False (Espania)" storage="d:\sferrari\01 - trabajo\repos\netcore\libs\template-netcore-entities\kitpymes.core.entities.tests\bin\debug\net5.0\kitpymes.core.entities.tests.dll" id="36a92049-4b9e-43da-8e58-c4695b30a78d">
      <Execution id="5717e98c-68dc-45ae-83a2-0bafc626de95" />
      <TestMethod codeBase="D:\SFERRARI\01 - TRABAJO\repos\netcore\libs\template-netcore-entities\Kitpymes.Core.Entities.Tests\bin\Debug\net5.0\Kitpymes.Core.Entities.Tests.dll" adapterTypeName="executor://mstestadapter/v2" className="Kitpymes.Core.Entities.ValueObjects.Tests.StringIdTests" name="IsNull_Passing_Valid_Value_Returns_False" />
    </UnitTest>
    <UnitTest name="ToString_Passing_Valid_Values_Returns_Address_String_Format (Pader,789,DF7956,Sabadell,Barcelona,España)" storage="d:\sferrari\01 - trabajo\repos\netcore\libs\template-netcore-entities\kitpymes.core.entities.tests\bin\debug\net5.0\kitpymes.core.entities.tests.dll" id="35fd726c-ebb4-4a0e-a4af-d3a1d69c7d40">
      <Execution id="959b766a-50d4-4c5f-98d8-ca89480418eb" />
      <TestMethod codeBase="D:\SFERRARI\01 - TRABAJO\repos\netcore\libs\template-netcore-entities\Kitpymes.Core.Entities.Tests\bin\Debug\net5.0\Kitpymes.Core.Entities.Tests.dll" adapterTypeName="executor://mstestadapter/v2" className="Kitpymes.Core.Entities.ValueObjects.Tests.AddressTests" name="ToString_Passing_Valid_Values_Returns_Address_String_Format" />
    </UnitTest>
    <UnitTest name="Equals_Passing_Valid_Distinct_Values_Returns_False (TenantA)" storage="d:\sferrari\01 - trabajo\repos\netcore\libs\template-netcore-entities\kitpymes.core.entities.tests\bin\debug\net5.0\kitpymes.core.entities.tests.dll" id="0a02b408-0628-48c7-8247-520f28237946">
      <Execution id="f629b139-eac5-4afa-93b7-ec1ec436fac9" />
      <TestMethod codeBase="D:\SFERRARI\01 - TRABAJO\repos\netcore\libs\template-netcore-entities\Kitpymes.Core.Entities.Tests\bin\Debug\net5.0\Kitpymes.Core.Entities.Tests.dll" adapterTypeName="executor://mstestadapter/v2" className="Kitpymes.Core.Entities.ValueObjects.Tests.TenantNameTests" name="Equals_Passing_Valid_Distinct_Values_Returns_False" />
    </UnitTest>
    <UnitTest name="Create_Passing_Valid_Values_Returns_Subdomain (stage_hackerone.com)" storage="d:\sferrari\01 - trabajo\repos\netcore\libs\template-netcore-entities\kitpymes.core.entities.tests\bin\debug\net5.0\kitpymes.core.entities.tests.dll" id="e2da7e36-f1db-4f4c-a2d7-9fc93ddb2437">
      <Execution id="2d262d49-4056-4d76-92b6-57d453ed0f72" />
      <TestMethod codeBase="D:\SFERRARI\01 - TRABAJO\repos\netcore\libs\template-netcore-entities\Kitpymes.Core.Entities.Tests\bin\Debug\net5.0\Kitpymes.Core.Entities.Tests.dll" adapterTypeName="executor://mstestadapter/v2" className="Kitpymes.Core.Entities.ValueObjects.Tests.SubdomainTests" name="Create_Passing_Valid_Values_Returns_Subdomain" />
    </UnitTest>
    <UnitTest name="OperatorEqual_Passing_Valid_Values_Returns_True (Esp añâ)" storage="d:\sferrari\01 - trabajo\repos\netcore\libs\template-netcore-entities\kitpymes.core.entities.tests\bin\debug\net5.0\kitpymes.core.entities.tests.dll" id="c700c1bf-590c-4108-8cfa-b8e7399c20f9">
      <Execution id="e36e00b5-d9ce-4cfe-8410-30133d305647" />
      <TestMethod codeBase="D:\SFERRARI\01 - TRABAJO\repos\netcore\libs\template-netcore-entities\Kitpymes.Core.Entities.Tests\bin\Debug\net5.0\Kitpymes.Core.Entities.Tests.dll" adapterTypeName="executor://mstestadapter/v2" className="Kitpymes.Core.Entities.ValueObjects.Tests.NameTests" name="OperatorEqual_Passing_Valid_Values_Returns_True" />
    </UnitTest>
    <UnitTest name="ToString_Passing_Valid_Values_Returns_Name (TENANTA)" storage="d:\sferrari\01 - trabajo\repos\netcore\libs\template-netcore-entities\kitpymes.core.entities.tests\bin\debug\net5.0\kitpymes.core.entities.tests.dll" id="3b3c5af1-aa0a-4b72-996a-72bf59e897db">
      <Execution id="f56bfbc1-ed7a-42cd-a869-c5f2c0d0f5b3" />
      <TestMethod codeBase="D:\SFERRARI\01 - TRABAJO\repos\netcore\libs\template-netcore-entities\Kitpymes.Core.Entities.Tests\bin\Debug\net5.0\Kitpymes.Core.Entities.Tests.dll" adapterTypeName="executor://mstestadapter/v2" className="Kitpymes.Core.Entities.ValueObjects.Tests.TenantNameTests" name="ToString_Passing_Valid_Values_Returns_Name" />
    </UnitTest>
    <UnitTest name="OperatorNotEqual_Passing_Valid_Values_Returns_False (Esp añâ)" storage="d:\sferrari\01 - trabajo\repos\netcore\libs\template-netcore-entities\kitpymes.core.entities.tests\bin\debug\net5.0\kitpymes.core.entities.tests.dll" id="63cd7491-8030-41f6-8ba9-d68be8c76185">
      <Execution id="db0666e2-c5ac-43a5-9c0b-e7b900eca0ce" />
      <TestMethod codeBase="D:\SFERRARI\01 - TRABAJO\repos\netcore\libs\template-netcore-entities\Kitpymes.Core.Entities.Tests\bin\Debug\net5.0\Kitpymes.Core.Entities.Tests.dll" adapterTypeName="executor://mstestadapter/v2" className="Kitpymes.Core.Entities.ValueObjects.Tests.NameTests" name="OperatorNotEqual_Passing_Valid_Values_Returns_False" />
    </UnitTest>
    <UnitTest name="ToNormalize_Passing_Valid_Values_Returns_Name_String_Format (Españħ,Espanh)" storage="d:\sferrari\01 - trabajo\repos\netcore\libs\template-netcore-entities\kitpymes.core.entities.tests\bin\debug\net5.0\kitpymes.core.entities.tests.dll" id="176131f4-69f8-4e2c-8479-944ef95155d8">
      <Execution id="1254a5d2-3ab8-42e5-b555-8e491587c0f9" />
      <TestMethod codeBase="D:\SFERRARI\01 - TRABAJO\repos\netcore\libs\template-netcore-entities\Kitpymes.Core.Entities.Tests\bin\Debug\net5.0\Kitpymes.Core.Entities.Tests.dll" adapterTypeName="executor://mstestadapter/v2" className="Kitpymes.Core.Entities.ValueObjects.Tests.NameTests" name="ToNormalize_Passing_Valid_Values_Returns_Name_String_Format" />
    </UnitTest>
    <UnitTest name="Create_Passing_Valid_Values_Returns_Name (Españç)" storage="d:\sferrari\01 - trabajo\repos\netcore\libs\template-netcore-entities\kitpymes.core.entities.tests\bin\debug\net5.0\kitpymes.core.entities.tests.dll" id="c501f623-d1f2-4f6f-8123-aa2a9b6693bd">
      <Execution id="dfaa581a-27de-4a5f-8b2b-dd1e72e7677d" />
      <TestMethod codeBase="D:\SFERRARI\01 - TRABAJO\repos\netcore\libs\template-netcore-entities\Kitpymes.Core.Entities.Tests\bin\Debug\net5.0\Kitpymes.Core.Entities.Tests.dll" adapterTypeName="executor://mstestadapter/v2" className="Kitpymes.Core.Entities.ValueObjects.Tests.NameTests" name="Create_Passing_Valid_Values_Returns_Name" />
    </UnitTest>
    <UnitTest name="Create_Passing_Valid_Values_Returns_Currency (EUR)" storage="d:\sferrari\01 - trabajo\repos\netcore\libs\template-netcore-entities\kitpymes.core.entities.tests\bin\debug\net5.0\kitpymes.core.entities.tests.dll" id="2b453d75-dec2-4787-8c71-0e775f85105a">
      <Execution id="62fd836e-87df-4fe9-aa4d-7c8f836a9b0c" />
      <TestMethod codeBase="D:\SFERRARI\01 - TRABAJO\repos\netcore\libs\template-netcore-entities\Kitpymes.Core.Entities.Tests\bin\Debug\net5.0\Kitpymes.Core.Entities.Tests.dll" adapterTypeName="executor://mstestadapter/v2" className="Kitpymes.Core.Entities.ValueObjects.Tests.CurrencyTests" name="Create_Passing_Valid_Values_Returns_Currency" />
    </UnitTest>
    <UnitTest name="Create_Passing_Valid_Values_Returns_Subdomain (google)" storage="d:\sferrari\01 - trabajo\repos\netcore\libs\template-netcore-entities\kitpymes.core.entities.tests\bin\debug\net5.0\kitpymes.core.entities.tests.dll" id="0c389160-8d28-4bc7-bb53-1b3df405a7c5">
      <Execution id="d4d9f28a-2850-4bba-9b16-07fde86968c2" />
      <TestMethod codeBase="D:\SFERRARI\01 - TRABAJO\repos\netcore\libs\template-netcore-entities\Kitpymes.Core.Entities.Tests\bin\Debug\net5.0\Kitpymes.Core.Entities.Tests.dll" adapterTypeName="executor://mstestadapter/v2" className="Kitpymes.Core.Entities.ValueObjects.Tests.SubdomainTests" name="Create_Passing_Valid_Values_Returns_Subdomain" />
    </UnitTest>
    <UnitTest name="Equals_Passing_Valid_Values_Returns_True (200,EUR,4)" storage="d:\sferrari\01 - trabajo\repos\netcore\libs\template-netcore-entities\kitpymes.core.entities.tests\bin\debug\net5.0\kitpymes.core.entities.tests.dll" id="6ddedfbb-490a-40bb-8ec4-21f262f73a5f">
      <Execution id="54614c12-1510-4892-a822-2e7fb914181b" />
      <TestMethod codeBase="D:\SFERRARI\01 - TRABAJO\repos\netcore\libs\template-netcore-entities\Kitpymes.Core.Entities.Tests\bin\Debug\net5.0\Kitpymes.Core.Entities.Tests.dll" adapterTypeName="executor://mstestadapter/v2" className="Kitpymes.Core.Entities.ValueObjects.Tests.MoneyTests" name="Equals_Passing_Valid_Values_Returns_True" />
    </UnitTest>
    <UnitTest name="Create_Passing_Valid_Values_Returns_Address (400,USD,8)" storage="d:\sferrari\01 - trabajo\repos\netcore\libs\template-netcore-entities\kitpymes.core.entities.tests\bin\debug\net5.0\kitpymes.core.entities.tests.dll" id="afb2f32b-e297-45c5-9dc4-34e40f19d3e1">
      <Execution id="9d4f302a-af1e-4d97-9492-89e3c76fd774" />
      <TestMethod codeBase="D:\SFERRARI\01 - TRABAJO\repos\netcore\libs\template-netcore-entities\Kitpymes.Core.Entities.Tests\bin\Debug\net5.0\Kitpymes.Core.Entities.Tests.dll" adapterTypeName="executor://mstestadapter/v2" className="Kitpymes.Core.Entities.ValueObjects.Tests.MoneyTests" name="Create_Passing_Valid_Values_Returns_Address" />
    </UnitTest>
    <UnitTest name="ToString_Passing_Valid_Values_Returns_Name (TenantA)" storage="d:\sferrari\01 - trabajo\repos\netcore\libs\template-netcore-entities\kitpymes.core.entities.tests\bin\debug\net5.0\kitpymes.core.entities.tests.dll" id="bea57425-ab14-43d0-9ae6-16e9a01c4a55">
      <Execution id="26bd3a11-8e93-4328-8220-64d1bfdaa88d" />
      <TestMethod codeBase="D:\SFERRARI\01 - TRABAJO\repos\netcore\libs\template-netcore-entities\Kitpymes.Core.Entities.Tests\bin\Debug\net5.0\Kitpymes.Core.Entities.Tests.dll" adapterTypeName="executor://mstestadapter/v2" className="Kitpymes.Core.Entities.ValueObjects.Tests.TenantNameTests" name="ToString_Passing_Valid_Values_Returns_Name" />
    </UnitTest>
    <UnitTest name="OperatorNotEqual_Passing_Valid_Values_Returns_True (Españâ)" storage="d:\sferrari\01 - trabajo\repos\netcore\libs\template-netcore-entities\kitpymes.core.entities.tests\bin\debug\net5.0\kitpymes.core.entities.tests.dll" id="31914397-dc97-4b39-bb89-a4a58be9c987">
      <Execution id="c3812533-e3e5-4d43-af92-06a60f3f4d0c" />
      <TestMethod codeBase="D:\SFERRARI\01 - TRABAJO\repos\netcore\libs\template-netcore-entities\Kitpymes.Core.Entities.Tests\bin\Debug\net5.0\Kitpymes.Core.Entities.Tests.dll" adapterTypeName="executor://mstestadapter/v2" className="Kitpymes.Core.Entities.ValueObjects.Tests.NameTests" name="OperatorNotEqual_Passing_Valid_Values_Returns_True" />
    </UnitTest>
    <UnitTest name="ToEnum_Passing_Valid_String_ShortName_Enumeracion_Returns_Enumeracion" storage="d:\sferrari\01 - trabajo\repos\netcore\libs\template-netcore-entities\kitpymes.core.entities.tests\bin\debug\net5.0\kitpymes.core.entities.tests.dll" id="b80bb203-89da-4fc7-b03c-821062cb23fd">
      <Execution id="b5e0eef4-1125-49f2-aec1-e7bfadad4416" />
      <TestMethod codeBase="D:\SFERRARI\01 - TRABAJO\repos\netcore\libs\template-netcore-entities\Kitpymes.Core.Entities.Tests\bin\Debug\net5.0\Kitpymes.Core.Entities.Tests.dll" adapterTypeName="executor://mstestadapter/v2" className="Kitpymes.Core.Entities.Enumerations.Tests.CardTypeEnumTests" name="ToEnum_Passing_Valid_String_ShortName_Enumeracion_Returns_Enumeracion" />
    </UnitTest>
    <UnitTest name="Create_Passing_Valid_Values_Returns_Name (Españâ)" storage="d:\sferrari\01 - trabajo\repos\netcore\libs\template-netcore-entities\kitpymes.core.entities.tests\bin\debug\net5.0\kitpymes.core.entities.tests.dll" id="fc426942-75b1-4822-babc-128983c70fd2">
      <Execution id="78409f45-acb5-4e63-a23d-cf0b2205583b" />
      <TestMethod codeBase="D:\SFERRARI\01 - TRABAJO\repos\netcore\libs\template-netcore-entities\Kitpymes.Core.Entities.Tests\bin\Debug\net5.0\Kitpymes.Core.Entities.Tests.dll" adapterTypeName="executor://mstestadapter/v2" className="Kitpymes.Core.Entities.ValueObjects.Tests.NameTests" name="Create_Passing_Valid_Values_Returns_Name" />
    </UnitTest>
    <UnitTest name="IsNull_Passing_Valid_Address_Returns_False (Pader,789,DF7956,Sabadell,Barcelona,España)" storage="d:\sferrari\01 - trabajo\repos\netcore\libs\template-netcore-entities\kitpymes.core.entities.tests\bin\debug\net5.0\kitpymes.core.entities.tests.dll" id="90b9283a-19ea-4d6e-b1a8-f55ade54a31a">
      <Execution id="6ee88332-7b14-4706-aa5e-8a4e56ecbcef" />
      <TestMethod codeBase="D:\SFERRARI\01 - TRABAJO\repos\netcore\libs\template-netcore-entities\Kitpymes.Core.Entities.Tests\bin\Debug\net5.0\Kitpymes.Core.Entities.Tests.dll" adapterTypeName="executor://mstestadapter/v2" className="Kitpymes.Core.Entities.ValueObjects.Tests.AddressTests" name="IsNull_Passing_Valid_Address_Returns_False" />
    </UnitTest>
    <UnitTest name="Equals_Passing_Valid_Distinct_Values_Returns_False (Españâ)" storage="d:\sferrari\01 - trabajo\repos\netcore\libs\template-netcore-entities\kitpymes.core.entities.tests\bin\debug\net5.0\kitpymes.core.entities.tests.dll" id="52c892af-299b-4341-a5a4-7acaa847dc67">
      <Execution id="2fa6cc97-f24c-43af-b237-6bbd115cc0be" />
      <TestMethod codeBase="D:\SFERRARI\01 - TRABAJO\repos\netcore\libs\template-netcore-entities\Kitpymes.Core.Entities.Tests\bin\Debug\net5.0\Kitpymes.Core.Entities.Tests.dll" adapterTypeName="executor://mstestadapter/v2" className="Kitpymes.Core.Entities.ValueObjects.Tests.NameTests" name="Equals_Passing_Valid_Distinct_Values_Returns_False" />
    </UnitTest>
    <UnitTest name="OperatorNotEqual_Passing_Valid_Values_Returns_False (400,USD,8)" storage="d:\sferrari\01 - trabajo\repos\netcore\libs\template-netcore-entities\kitpymes.core.entities.tests\bin\debug\net5.0\kitpymes.core.entities.tests.dll" id="a3412336-0f43-4495-b382-7202777465b9">
      <Execution id="7841760d-a04e-4c58-a1cd-84b37346e2af" />
      <TestMethod codeBase="D:\SFERRARI\01 - TRABAJO\repos\netcore\libs\template-netcore-entities\Kitpymes.Core.Entities.Tests\bin\Debug\net5.0\Kitpymes.Core.Entities.Tests.dll" adapterTypeName="executor://mstestadapter/v2" className="Kitpymes.Core.Entities.ValueObjects.Tests.MoneyTests" name="OperatorNotEqual_Passing_Valid_Values_Returns_False" />
    </UnitTest>
    <UnitTest name="OperatorEqual_Passing_Valid_Values_Returns_True (tenant_A)" storage="d:\sferrari\01 - trabajo\repos\netcore\libs\template-netcore-entities\kitpymes.core.entities.tests\bin\debug\net5.0\kitpymes.core.entities.tests.dll" id="78d852f7-cbf6-4900-a290-991f646dca6f">
      <Execution id="c8e3ea84-0c6b-4a9b-9fa9-670757fa7cea" />
      <TestMethod codeBase="D:\SFERRARI\01 - TRABAJO\repos\netcore\libs\template-netcore-entities\Kitpymes.Core.Entities.Tests\bin\Debug\net5.0\Kitpymes.Core.Entities.Tests.dll" adapterTypeName="executor://mstestadapter/v2" className="Kitpymes.Core.Entities.ValueObjects.Tests.TenantNameTests" name="OperatorEqual_Passing_Valid_Values_Returns_True" />
    </UnitTest>
    <UnitTest name="OperatorNotEqual_Passing_Valid_Values_Returns_False (100,EUR,2)" storage="d:\sferrari\01 - trabajo\repos\netcore\libs\template-netcore-entities\kitpymes.core.entities.tests\bin\debug\net5.0\kitpymes.core.entities.tests.dll" id="bad000c4-9b87-419f-8576-070b50a250d1">
      <Execution id="f815a542-a7fe-40e5-92eb-e09e961f9113" />
      <TestMethod codeBase="D:\SFERRARI\01 - TRABAJO\repos\netcore\libs\template-netcore-entities\Kitpymes.Core.Entities.Tests\bin\Debug\net5.0\Kitpymes.Core.Entities.Tests.dll" adapterTypeName="executor://mstestadapter/v2" className="Kitpymes.Core.Entities.ValueObjects.Tests.MoneyTests" name="OperatorNotEqual_Passing_Valid_Values_Returns_False" />
    </UnitTest>
    <UnitTest name="ToEnum_Passing_Valid_Bool_Value_Returns_Enumeracion" storage="d:\sferrari\01 - trabajo\repos\netcore\libs\template-netcore-entities\kitpymes.core.entities.tests\bin\debug\net5.0\kitpymes.core.entities.tests.dll" id="84c3172d-75d0-4db6-a166-7d59bc035fe3">
      <Execution id="1d6e593a-dbb6-44f5-957c-c7e121cfb653" />
      <TestMethod codeBase="D:\SFERRARI\01 - TRABAJO\repos\netcore\libs\template-netcore-entities\Kitpymes.Core.Entities.Tests\bin\Debug\net5.0\Kitpymes.Core.Entities.Tests.dll" adapterTypeName="executor://mstestadapter/v2" className="Kitpymes.Core.Entities.Enumerations.Tests.StatusEnumTests" name="ToEnum_Passing_Valid_Bool_Value_Returns_Enumeracion" />
    </UnitTest>
    <UnitTest name="IsAmex_Passing_Nothing_Returns_True" storage="d:\sferrari\01 - trabajo\repos\netcore\libs\template-netcore-entities\kitpymes.core.entities.tests\bin\debug\net5.0\kitpymes.core.entities.tests.dll" id="50d30ae4-6049-49d4-b4d8-2ff7df62fdf4">
      <Execution id="73e49679-2395-458a-85b9-a920f01d3802" />
      <TestMethod codeBase="D:\SFERRARI\01 - TRABAJO\repos\netcore\libs\template-netcore-entities\Kitpymes.Core.Entities.Tests\bin\Debug\net5.0\Kitpymes.Core.Entities.Tests.dll" adapterTypeName="executor://mstestadapter/v2" className="Kitpymes.Core.Entities.Enumerations.Tests.CardTypeEnumTests" name="IsAmex_Passing_Nothing_Returns_True" />
    </UnitTest>
    <UnitTest name="Equals_Passing_Valid_Values_Returns_True (San Bartoleme De Tirajana,Las Palmas,España)" storage="d:\sferrari\01 - trabajo\repos\netcore\libs\template-netcore-entities\kitpymes.core.entities.tests\bin\debug\net5.0\kitpymes.core.entities.tests.dll" id="95c11d06-b9be-4576-855a-756110aab602">
      <Execution id="43a90bfb-a663-4d78-8170-9a9115354991" />
      <TestMethod codeBase="D:\SFERRARI\01 - TRABAJO\repos\netcore\libs\template-netcore-entities\Kitpymes.Core.Entities.Tests\bin\Debug\net5.0\Kitpymes.Core.Entities.Tests.dll" adapterTypeName="executor://mstestadapter/v2" className="Kitpymes.Core.Entities.ValueObjects.Tests.FullNameTests" name="Equals_Passing_Valid_Values_Returns_True" />
    </UnitTest>
    <UnitTest name="Equals_Passing_Valid_Distinct_Values_Returns_False (34fsds@sdd.fgg)" storage="d:\sferrari\01 - trabajo\repos\netcore\libs\template-netcore-entities\kitpymes.core.entities.tests\bin\debug\net5.0\kitpymes.core.entities.tests.dll" id="73431c4f-2fa1-4ef4-9976-227c205e446e">
      <Execution id="33480600-2389-4163-a0db-cecf77a26a14" />
      <TestMethod codeBase="D:\SFERRARI\01 - TRABAJO\repos\netcore\libs\template-netcore-entities\Kitpymes.Core.Entities.Tests\bin\Debug\net5.0\Kitpymes.Core.Entities.Tests.dll" adapterTypeName="executor://mstestadapter/v2" className="Kitpymes.Core.Entities.ValueObjects.Tests.EmailTests" name="Equals_Passing_Valid_Distinct_Values_Returns_False" />
    </UnitTest>
    <UnitTest name="Equals_Passing_Valid_Values_Returns_True (TENANT_A)" storage="d:\sferrari\01 - trabajo\repos\netcore\libs\template-netcore-entities\kitpymes.core.entities.tests\bin\debug\net5.0\kitpymes.core.entities.tests.dll" id="23d79f66-dfa0-4789-8f11-d0241c5a7262">
      <Execution id="cd5f69ad-9202-46fb-b337-52087a554a33" />
      <TestMethod codeBase="D:\SFERRARI\01 - TRABAJO\repos\netcore\libs\template-netcore-entities\Kitpymes.Core.Entities.Tests\bin\Debug\net5.0\Kitpymes.Core.Entities.Tests.dll" adapterTypeName="executor://mstestadapter/v2" className="Kitpymes.Core.Entities.ValueObjects.Tests.TenantNameTests" name="Equals_Passing_Valid_Values_Returns_True" />
    </UnitTest>
    <UnitTest name="IsNull_Passing_Valid_Value_Returns_False (Españħ)" storage="d:\sferrari\01 - trabajo\repos\netcore\libs\template-netcore-entities\kitpymes.core.entities.tests\bin\debug\net5.0\kitpymes.core.entities.tests.dll" id="839caff0-edc3-4820-ba03-7fff9d938c87">
      <Execution id="a4968e0f-ffea-4e95-a56c-c77277f3f3b8" />
      <TestMethod codeBase="D:\SFERRARI\01 - TRABAJO\repos\netcore\libs\template-netcore-entities\Kitpymes.Core.Entities.Tests\bin\Debug\net5.0\Kitpymes.Core.Entities.Tests.dll" adapterTypeName="executor://mstestadapter/v2" className="Kitpymes.Core.Entities.ValueObjects.Tests.NameTests" name="IsNull_Passing_Valid_Value_Returns_False" />
    </UnitTest>
    <UnitTest name="OperatorEqual_Passing_Valid_Values_Returns_True (TenantA)" storage="d:\sferrari\01 - trabajo\repos\netcore\libs\template-netcore-entities\kitpymes.core.entities.tests\bin\debug\net5.0\kitpymes.core.entities.tests.dll" id="fda1b01f-bfe5-4a47-b867-70dac16e75dc">
      <Execution id="4c4e5824-1f87-443b-9de7-82249d2cd758" />
      <TestMethod codeBase="D:\SFERRARI\01 - TRABAJO\repos\netcore\libs\template-netcore-entities\Kitpymes.Core.Entities.Tests\bin\Debug\net5.0\Kitpymes.Core.Entities.Tests.dll" adapterTypeName="executor://mstestadapter/v2" className="Kitpymes.Core.Entities.ValueObjects.Tests.TenantNameTests" name="OperatorEqual_Passing_Valid_Values_Returns_True" />
    </UnitTest>
    <UnitTest name="Equals_Passing_Valid_Distinct_Values_Returns_False (San Bartoleme De Tirajana)" storage="d:\sferrari\01 - trabajo\repos\netcore\libs\template-netcore-entities\kitpymes.core.entities.tests\bin\debug\net5.0\kitpymes.core.entities.tests.dll" id="86c9395e-87de-489a-aa36-788390435101">
      <Execution id="ddef000f-b863-449b-9e23-da5933428194" />
      <TestMethod codeBase="D:\SFERRARI\01 - TRABAJO\repos\netcore\libs\template-netcore-entities\Kitpymes.Core.Entities.Tests\bin\Debug\net5.0\Kitpymes.Core.Entities.Tests.dll" adapterTypeName="executor://mstestadapter/v2" className="Kitpymes.Core.Entities.ValueObjects.Tests.StringIdTests" name="Equals_Passing_Valid_Distinct_Values_Returns_False" />
    </UnitTest>
    <UnitTest name="OperatorEqual_Passing_Valid_Values_Returns_True (Españç)" storage="d:\sferrari\01 - trabajo\repos\netcore\libs\template-netcore-entities\kitpymes.core.entities.tests\bin\debug\net5.0\kitpymes.core.entities.tests.dll" id="6d1de6ee-0d0f-4663-b8fe-3812905f9487">
      <Execution id="67b58cdd-6ea1-4aad-a998-2a9178541e7c" />
      <TestMethod codeBase="D:\SFERRARI\01 - TRABAJO\repos\netcore\libs\template-netcore-entities\Kitpymes.Core.Entities.Tests\bin\Debug\net5.0\Kitpymes.Core.Entities.Tests.dll" adapterTypeName="executor://mstestadapter/v2" className="Kitpymes.Core.Entities.ValueObjects.Tests.NameTests" name="OperatorEqual_Passing_Valid_Values_Returns_True" />
    </UnitTest>
    <UnitTest name="IsNull_Passing_Valid_Value_Returns_False (Españâ)" storage="d:\sferrari\01 - trabajo\repos\netcore\libs\template-netcore-entities\kitpymes.core.entities.tests\bin\debug\net5.0\kitpymes.core.entities.tests.dll" id="e748c129-11be-4a0a-86f2-b4be6230cd79">
      <Execution id="41a76857-44d9-47f2-bdf7-0198a6e1bd04" />
      <TestMethod codeBase="D:\SFERRARI\01 - TRABAJO\repos\netcore\libs\template-netcore-entities\Kitpymes.Core.Entities.Tests\bin\Debug\net5.0\Kitpymes.Core.Entities.Tests.dll" adapterTypeName="executor://mstestadapter/v2" className="Kitpymes.Core.Entities.ValueObjects.Tests.NameTests" name="IsNull_Passing_Valid_Value_Returns_False" />
    </UnitTest>
    <UnitTest name="Create_Passing_Valid_Values_Returns_Name (Tenant_1)" storage="d:\sferrari\01 - trabajo\repos\netcore\libs\template-netcore-entities\kitpymes.core.entities.tests\bin\debug\net5.0\kitpymes.core.entities.tests.dll" id="6ae29369-a17c-41b9-b435-81fef0146ef0">
      <Execution id="f1fd4f4c-8032-4fc1-8f2e-277cb5f76b11" />
      <TestMethod codeBase="D:\SFERRARI\01 - TRABAJO\repos\netcore\libs\template-netcore-entities\Kitpymes.Core.Entities.Tests\bin\Debug\net5.0\Kitpymes.Core.Entities.Tests.dll" adapterTypeName="executor://mstestadapter/v2" className="Kitpymes.Core.Entities.ValueObjects.Tests.TenantNameTests" name="Create_Passing_Valid_Values_Returns_Name" />
    </UnitTest>
    <UnitTest name="Equals_Passing_Valid_Values_Returns_True (EUR)" storage="d:\sferrari\01 - trabajo\repos\netcore\libs\template-netcore-entities\kitpymes.core.entities.tests\bin\debug\net5.0\kitpymes.core.entities.tests.dll" id="2a6ae84f-960f-45f2-b2d8-7d80ddf025bd">
      <Execution id="2098fada-c107-44e7-9034-b29ffe84f658" />
      <TestMethod codeBase="D:\SFERRARI\01 - TRABAJO\repos\netcore\libs\template-netcore-entities\Kitpymes.Core.Entities.Tests\bin\Debug\net5.0\Kitpymes.Core.Entities.Tests.dll" adapterTypeName="executor://mstestadapter/v2" className="Kitpymes.Core.Entities.ValueObjects.Tests.CurrencyTests" name="Equals_Passing_Valid_Values_Returns_True" />
    </UnitTest>
    <UnitTest name="Equals_Passing_Valid_Values_Returns_True (Tenerife,23,34567,San Bartoleme De Tirajana,Las Palmas,España)" storage="d:\sferrari\01 - trabajo\repos\netcore\libs\template-netcore-entities\kitpymes.core.entities.tests\bin\debug\net5.0\kitpymes.core.entities.tests.dll" id="4d926bb5-d577-4567-b8ad-7ce01e0cbc8d">
      <Execution id="386fb2cc-fa1a-41aa-8777-73c75dd29c49" />
      <TestMethod codeBase="D:\SFERRARI\01 - TRABAJO\repos\netcore\libs\template-netcore-entities\Kitpymes.Core.Entities.Tests\bin\Debug\net5.0\Kitpymes.Core.Entities.Tests.dll" adapterTypeName="executor://mstestadapter/v2" className="Kitpymes.Core.Entities.ValueObjects.Tests.AddressTests" name="Equals_Passing_Valid_Values_Returns_True" />
    </UnitTest>
    <UnitTest name="Equals_Passing_Valid_Distinct_Values_Returns_False (España)" storage="d:\sferrari\01 - trabajo\repos\netcore\libs\template-netcore-entities\kitpymes.core.entities.tests\bin\debug\net5.0\kitpymes.core.entities.tests.dll" id="d027f069-7435-48c2-81ed-722757e22e8a">
      <Execution id="1ef044e4-92ff-4974-9d2d-99742bcc8d70" />
      <TestMethod codeBase="D:\SFERRARI\01 - TRABAJO\repos\netcore\libs\template-netcore-entities\Kitpymes.Core.Entities.Tests\bin\Debug\net5.0\Kitpymes.Core.Entities.Tests.dll" adapterTypeName="executor://mstestadapter/v2" className="Kitpymes.Core.Entities.ValueObjects.Tests.NameTests" name="Equals_Passing_Valid_Distinct_Values_Returns_False" />
    </UnitTest>
    <UnitTest name="OperatorEqual_Passing_Valid_Values_Returns_True (400,USD,8)" storage="d:\sferrari\01 - trabajo\repos\netcore\libs\template-netcore-entities\kitpymes.core.entities.tests\bin\debug\net5.0\kitpymes.core.entities.tests.dll" id="4aa246fb-2572-47bc-8bc5-1e0c7fd891ed">
      <Execution id="cc951f1a-8059-4bc5-9df1-4808f0d2fe18" />
      <TestMethod codeBase="D:\SFERRARI\01 - TRABAJO\repos\netcore\libs\template-netcore-entities\Kitpymes.Core.Entities.Tests\bin\Debug\net5.0\Kitpymes.Core.Entities.Tests.dll" adapterTypeName="executor://mstestadapter/v2" className="Kitpymes.Core.Entities.ValueObjects.Tests.MoneyTests" name="OperatorEqual_Passing_Valid_Values_Returns_True" />
    </UnitTest>
    <UnitTest name="IsNull_Passing_Null_Address_Returns_True" storage="d:\sferrari\01 - trabajo\repos\netcore\libs\template-netcore-entities\kitpymes.core.entities.tests\bin\debug\net5.0\kitpymes.core.entities.tests.dll" id="63eb4307-8a65-4300-bd86-3d850abff09a">
      <Execution id="0d39c2d3-3041-43fa-94fe-26fb6531dd66" />
      <TestMethod codeBase="D:\SFERRARI\01 - TRABAJO\repos\netcore\libs\template-netcore-entities\Kitpymes.Core.Entities.Tests\bin\Debug\net5.0\Kitpymes.Core.Entities.Tests.dll" adapterTypeName="executor://mstestadapter/v2" className="Kitpymes.Core.Entities.ValueObjects.Tests.AddressTests" name="IsNull_Passing_Null_Address_Returns_True" />
    </UnitTest>
    <UnitTest name="OperatorEqual_Passing_Valid_Values_Returns_True (Españâ)" storage="d:\sferrari\01 - trabajo\repos\netcore\libs\template-netcore-entities\kitpymes.core.entities.tests\bin\debug\net5.0\kitpymes.core.entities.tests.dll" id="6baa483e-fe9a-43af-8829-2a3650e6658b">
      <Execution id="1d47e7b4-117d-4137-9385-59d8adc3d203" />
      <TestMethod codeBase="D:\SFERRARI\01 - TRABAJO\repos\netcore\libs\template-netcore-entities\Kitpymes.Core.Entities.Tests\bin\Debug\net5.0\Kitpymes.Core.Entities.Tests.dll" adapterTypeName="executor://mstestadapter/v2" className="Kitpymes.Core.Entities.ValueObjects.Tests.NameTests" name="OperatorEqual_Passing_Valid_Values_Returns_True" />
    </UnitTest>
    <UnitTest name="IsNull_Passing_Valid_Value_Returns_False (www.hackerone-com)" storage="d:\sferrari\01 - trabajo\repos\netcore\libs\template-netcore-entities\kitpymes.core.entities.tests\bin\debug\net5.0\kitpymes.core.entities.tests.dll" id="8914581e-d90e-4d53-aed1-ec49d90b475c">
      <Execution id="4b882850-f161-4381-8e4f-fb2844aa2568" />
      <TestMethod codeBase="D:\SFERRARI\01 - TRABAJO\repos\netcore\libs\template-netcore-entities\Kitpymes.Core.Entities.Tests\bin\Debug\net5.0\Kitpymes.Core.Entities.Tests.dll" adapterTypeName="executor://mstestadapter/v2" className="Kitpymes.Core.Entities.ValueObjects.Tests.SubdomainTests" name="IsNull_Passing_Valid_Value_Returns_False" />
    </UnitTest>
    <UnitTest name="OperatorNotEqual_Passing_Valid_Values_Returns_False (app.hackerone1.com)" storage="d:\sferrari\01 - trabajo\repos\netcore\libs\template-netcore-entities\kitpymes.core.entities.tests\bin\debug\net5.0\kitpymes.core.entities.tests.dll" id="01254f7f-1ffb-4787-8ee0-04dfb54a362c">
      <Execution id="e04e82ca-88f8-4d0e-822a-8d12a2ece922" />
      <TestMethod codeBase="D:\SFERRARI\01 - TRABAJO\repos\netcore\libs\template-netcore-entities\Kitpymes.Core.Entities.Tests\bin\Debug\net5.0\Kitpymes.Core.Entities.Tests.dll" adapterTypeName="executor://mstestadapter/v2" className="Kitpymes.Core.Entities.ValueObjects.Tests.SubdomainTests" name="OperatorNotEqual_Passing_Valid_Values_Returns_False" />
    </UnitTest>
    <UnitTest name="ToString_Passing_Valid_Values_Returns_Name (TENANT_1)" storage="d:\sferrari\01 - trabajo\repos\netcore\libs\template-netcore-entities\kitpymes.core.entities.tests\bin\debug\net5.0\kitpymes.core.entities.tests.dll" id="8a061fbb-9d13-4745-b547-7ae435d42280">
      <Execution id="08b1aa8b-ad79-454e-b3d9-dd383fa9c98c" />
      <TestMethod codeBase="D:\SFERRARI\01 - TRABAJO\repos\netcore\libs\template-netcore-entities\Kitpymes.Core.Entities.Tests\bin\Debug\net5.0\Kitpymes.Core.Entities.Tests.dll" adapterTypeName="executor://mstestadapter/v2" className="Kitpymes.Core.Entities.ValueObjects.Tests.TenantNameTests" name="ToString_Passing_Valid_Values_Returns_Name" />
    </UnitTest>
    <UnitTest name="OperatorNotEqual_Passing_Valid_Values_Returns_False (TENANT1)" storage="d:\sferrari\01 - trabajo\repos\netcore\libs\template-netcore-entities\kitpymes.core.entities.tests\bin\debug\net5.0\kitpymes.core.entities.tests.dll" id="ea033558-9592-421e-aa84-b75297d90bce">
      <Execution id="a39f0c5a-749f-4df3-934c-3ee8d10fa801" />
      <TestMethod codeBase="D:\SFERRARI\01 - TRABAJO\repos\netcore\libs\template-netcore-entities\Kitpymes.Core.Entities.Tests\bin\Debug\net5.0\Kitpymes.Core.Entities.Tests.dll" adapterTypeName="executor://mstestadapter/v2" className="Kitpymes.Core.Entities.ValueObjects.Tests.TenantNameTests" name="OperatorNotEqual_Passing_Valid_Values_Returns_False" />
    </UnitTest>
    <UnitTest name="Equals_Passing_Valid_Values_Returns_True (tenant_1)" storage="d:\sferrari\01 - trabajo\repos\netcore\libs\template-netcore-entities\kitpymes.core.entities.tests\bin\debug\net5.0\kitpymes.core.entities.tests.dll" id="33132fcf-3024-4951-bde3-d08b756be431">
      <Execution id="abeada61-0637-4a1e-a0e2-6dee2a81bfd0" />
      <TestMethod codeBase="D:\SFERRARI\01 - TRABAJO\repos\netcore\libs\template-netcore-entities\Kitpymes.Core.Entities.Tests\bin\Debug\net5.0\Kitpymes.Core.Entities.Tests.dll" adapterTypeName="executor://mstestadapter/v2" className="Kitpymes.Core.Entities.ValueObjects.Tests.TenantNameTests" name="Equals_Passing_Valid_Values_Returns_True" />
    </UnitTest>
    <UnitTest name="Create_Passing_Valid_Values_Returns_Address (100,EUR,2)" storage="d:\sferrari\01 - trabajo\repos\netcore\libs\template-netcore-entities\kitpymes.core.entities.tests\bin\debug\net5.0\kitpymes.core.entities.tests.dll" id="26b7a4ae-2844-4e6a-be82-34dd86513870">
      <Execution id="6f4abd87-de0e-457f-9662-61d4bfcc8c47" />
      <TestMethod codeBase="D:\SFERRARI\01 - TRABAJO\repos\netcore\libs\template-netcore-entities\Kitpymes.Core.Entities.Tests\bin\Debug\net5.0\Kitpymes.Core.Entities.Tests.dll" adapterTypeName="executor://mstestadapter/v2" className="Kitpymes.Core.Entities.ValueObjects.Tests.MoneyTests" name="Create_Passing_Valid_Values_Returns_Address" />
    </UnitTest>
    <UnitTest name="ToEnum_Passing_Invalid_Int_Name_Enumeracion_Returns_Null" storage="d:\sferrari\01 - trabajo\repos\netcore\libs\template-netcore-entities\kitpymes.core.entities.tests\bin\debug\net5.0\kitpymes.core.entities.tests.dll" id="aba802a9-600f-4a14-b468-49a2d6b802e5">
      <Execution id="9c20f801-0fdb-4c9a-92e1-31276b47510e" />
      <TestMethod codeBase="D:\SFERRARI\01 - TRABAJO\repos\netcore\libs\template-netcore-entities\Kitpymes.Core.Entities.Tests\bin\Debug\net5.0\Kitpymes.Core.Entities.Tests.dll" adapterTypeName="executor://mstestadapter/v2" className="Kitpymes.Core.Entities.Enumerations.Tests.GenderTypeEnumTests" name="ToEnum_Passing_Invalid_Int_Name_Enumeracion_Returns_Null" />
    </UnitTest>
    <UnitTest name="OperatorNotEqual_Passing_Valid_Values_Returns_False (TENANT_1)" storage="d:\sferrari\01 - trabajo\repos\netcore\libs\template-netcore-entities\kitpymes.core.entities.tests\bin\debug\net5.0\kitpymes.core.entities.tests.dll" id="794f6645-d15f-40f2-9bce-3dd4f763ab55">
      <Execution id="c24463c5-b8a1-4b49-9764-c59e33855204" />
      <TestMethod codeBase="D:\SFERRARI\01 - TRABAJO\repos\netcore\libs\template-netcore-entities\Kitpymes.Core.Entities.Tests\bin\Debug\net5.0\Kitpymes.Core.Entities.Tests.dll" adapterTypeName="executor://mstestadapter/v2" className="Kitpymes.Core.Entities.ValueObjects.Tests.TenantNameTests" name="OperatorNotEqual_Passing_Valid_Values_Returns_False" />
    </UnitTest>
    <UnitTest name="IsNull_Passing_Valid_Value_Returns_False (Tenerife)" storage="d:\sferrari\01 - trabajo\repos\netcore\libs\template-netcore-entities\kitpymes.core.entities.tests\bin\debug\net5.0\kitpymes.core.entities.tests.dll" id="1abc5e17-4510-45e5-8004-b48c96939294">
      <Execution id="79860fd8-89a8-4bb2-beef-7a245a6740a7" />
      <TestMethod codeBase="D:\SFERRARI\01 - TRABAJO\repos\netcore\libs\template-netcore-entities\Kitpymes.Core.Entities.Tests\bin\Debug\net5.0\Kitpymes.Core.Entities.Tests.dll" adapterTypeName="executor://mstestadapter/v2" className="Kitpymes.Core.Entities.ValueObjects.Tests.StringIdTests" name="IsNull_Passing_Valid_Value_Returns_False" />
    </UnitTest>
    <UnitTest name="Equals_Passing_Valid_Values_Returns_True (Españà)" storage="d:\sferrari\01 - trabajo\repos\netcore\libs\template-netcore-entities\kitpymes.core.entities.tests\bin\debug\net5.0\kitpymes.core.entities.tests.dll" id="87369f0a-b977-413a-9dc3-7698cd1adb21">
      <Execution id="ea7514ad-cccd-4dc1-99df-2c3f89ef6f59" />
      <TestMethod codeBase="D:\SFERRARI\01 - TRABAJO\repos\netcore\libs\template-netcore-entities\Kitpymes.Core.Entities.Tests\bin\Debug\net5.0\Kitpymes.Core.Entities.Tests.dll" adapterTypeName="executor://mstestadapter/v2" className="Kitpymes.Core.Entities.ValueObjects.Tests.NameTests" name="Equals_Passing_Valid_Values_Returns_True" />
    </UnitTest>
    <UnitTest name="Equals_Passing_Valid_Distinct_Values_Returns_False (app.hackerone1.com)" storage="d:\sferrari\01 - trabajo\repos\netcore\libs\template-netcore-entities\kitpymes.core.entities.tests\bin\debug\net5.0\kitpymes.core.entities.tests.dll" id="c9a1cf9c-061b-46c9-b9e3-7d4cce482ded">
      <Execution id="e0a0537c-6711-4bcd-b1bd-8e687520d0f4" />
      <TestMethod codeBase="D:\SFERRARI\01 - TRABAJO\repos\netcore\libs\template-netcore-entities\Kitpymes.Core.Entities.Tests\bin\Debug\net5.0\Kitpymes.Core.Entities.Tests.dll" adapterTypeName="executor://mstestadapter/v2" className="Kitpymes.Core.Entities.ValueObjects.Tests.SubdomainTests" name="Equals_Passing_Valid_Distinct_Values_Returns_False" />
    </UnitTest>
    <UnitTest name="OperatorEqual_Passing_Valid_Values_Returns_True (España)" storage="d:\sferrari\01 - trabajo\repos\netcore\libs\template-netcore-entities\kitpymes.core.entities.tests\bin\debug\net5.0\kitpymes.core.entities.tests.dll" id="c507024c-35f7-4b55-8781-f074f9286067">
      <Execution id="bb337a7f-46f8-45fb-ae81-631d2af2ddba" />
      <TestMethod codeBase="D:\SFERRARI\01 - TRABAJO\repos\netcore\libs\template-netcore-entities\Kitpymes.Core.Entities.Tests\bin\Debug\net5.0\Kitpymes.Core.Entities.Tests.dll" adapterTypeName="executor://mstestadapter/v2" className="Kitpymes.Core.Entities.ValueObjects.Tests.NameTests" name="OperatorEqual_Passing_Valid_Values_Returns_True" />
    </UnitTest>
    <UnitTest name="IsVisa_Passing_Nothing_Returns_True" storage="d:\sferrari\01 - trabajo\repos\netcore\libs\template-netcore-entities\kitpymes.core.entities.tests\bin\debug\net5.0\kitpymes.core.entities.tests.dll" id="ea248816-e85f-40e9-8e82-057967fbe835">
      <Execution id="338a7b41-513d-4ff1-ad75-5d0f79b5caed" />
      <TestMethod codeBase="D:\SFERRARI\01 - TRABAJO\repos\netcore\libs\template-netcore-entities\Kitpymes.Core.Entities.Tests\bin\Debug\net5.0\Kitpymes.Core.Entities.Tests.dll" adapterTypeName="executor://mstestadapter/v2" className="Kitpymes.Core.Entities.Enumerations.Tests.CardTypeEnumTests" name="IsVisa_Passing_Nothing_Returns_True" />
    </UnitTest>
    <UnitTest name="OperatorEqual_Passing_Valid_Distinct_Values_Returns_False (TENANTA)" storage="d:\sferrari\01 - trabajo\repos\netcore\libs\template-netcore-entities\kitpymes.core.entities.tests\bin\debug\net5.0\kitpymes.core.entities.tests.dll" id="aee307f9-25a8-48aa-94dd-154e049851ed">
      <Execution id="e9243e52-d0b2-4c59-9add-f6fc3e9f4d11" />
      <TestMethod codeBase="D:\SFERRARI\01 - TRABAJO\repos\netcore\libs\template-netcore-entities\Kitpymes.Core.Entities.Tests\bin\Debug\net5.0\Kitpymes.Core.Entities.Tests.dll" adapterTypeName="executor://mstestadapter/v2" className="Kitpymes.Core.Entities.ValueObjects.Tests.TenantNameTests" name="OperatorEqual_Passing_Valid_Distinct_Values_Returns_False" />
    </UnitTest>
    <UnitTest name="OperatorEqual_Passing_Valid_Distinct_Values_Returns_False (TenantA)" storage="d:\sferrari\01 - trabajo\repos\netcore\libs\template-netcore-entities\kitpymes.core.entities.tests\bin\debug\net5.0\kitpymes.core.entities.tests.dll" id="e215bb2a-ea46-4bd2-8a4f-d3112d6656b5">
      <Execution id="30fc08ae-891c-4016-abef-34a66e850204" />
      <TestMethod codeBase="D:\SFERRARI\01 - TRABAJO\repos\netcore\libs\template-netcore-entities\Kitpymes.Core.Entities.Tests\bin\Debug\net5.0\Kitpymes.Core.Entities.Tests.dll" adapterTypeName="executor://mstestadapter/v2" className="Kitpymes.Core.Entities.ValueObjects.Tests.TenantNameTests" name="OperatorEqual_Passing_Valid_Distinct_Values_Returns_False" />
    </UnitTest>
    <UnitTest name="ToString_Passing_Valid_Values_Returns_Address_String_Format (400,USD,8)" storage="d:\sferrari\01 - trabajo\repos\netcore\libs\template-netcore-entities\kitpymes.core.entities.tests\bin\debug\net5.0\kitpymes.core.entities.tests.dll" id="2e6f45bc-79be-4ec3-b438-729e76c4d320">
      <Execution id="dd77dea5-13c2-4cef-af2e-d8a7ebec2afc" />
      <TestMethod codeBase="D:\SFERRARI\01 - TRABAJO\repos\netcore\libs\template-netcore-entities\Kitpymes.Core.Entities.Tests\bin\Debug\net5.0\Kitpymes.Core.Entities.Tests.dll" adapterTypeName="executor://mstestadapter/v2" className="Kitpymes.Core.Entities.ValueObjects.Tests.MoneyTests" name="ToString_Passing_Valid_Values_Returns_Address_String_Format" />
    </UnitTest>
    <UnitTest name="Equals_Passing_Valid_Values_Returns_True (tenantA)" storage="d:\sferrari\01 - trabajo\repos\netcore\libs\template-netcore-entities\kitpymes.core.entities.tests\bin\debug\net5.0\kitpymes.core.entities.tests.dll" id="08464a28-dd95-48fe-b202-a55d84513cde">
      <Execution id="adf0170c-4440-4d2a-8819-981f7b7206df" />
      <TestMethod codeBase="D:\SFERRARI\01 - TRABAJO\repos\netcore\libs\template-netcore-entities\Kitpymes.Core.Entities.Tests\bin\Debug\net5.0\Kitpymes.Core.Entities.Tests.dll" adapterTypeName="executor://mstestadapter/v2" className="Kitpymes.Core.Entities.ValueObjects.Tests.TenantNameTests" name="Equals_Passing_Valid_Values_Returns_True" />
    </UnitTest>
    <UnitTest name="IsMale_Passing_Nothing_Returns_True" storage="d:\sferrari\01 - trabajo\repos\netcore\libs\template-netcore-entities\kitpymes.core.entities.tests\bin\debug\net5.0\kitpymes.core.entities.tests.dll" id="2a0ca9f5-f72c-4d35-9117-dcce26efed21">
      <Execution id="d15d00e0-59ac-4518-b829-0763f030cffa" />
      <TestMethod codeBase="D:\SFERRARI\01 - TRABAJO\repos\netcore\libs\template-netcore-entities\Kitpymes.Core.Entities.Tests\bin\Debug\net5.0\Kitpymes.Core.Entities.Tests.dll" adapterTypeName="executor://mstestadapter/v2" className="Kitpymes.Core.Entities.Enumerations.Tests.GenderTypeEnumTests" name="IsMale_Passing_Nothing_Returns_True" />
    </UnitTest>
    <UnitTest name="Equals_Passing_Valid_Values_Returns_True (100,EUR,2)" storage="d:\sferrari\01 - trabajo\repos\netcore\libs\template-netcore-entities\kitpymes.core.entities.tests\bin\debug\net5.0\kitpymes.core.entities.tests.dll" id="d1fb94c1-4f45-42eb-b7e4-ef0de66db0fd">
      <Execution id="8db6089b-c120-45ca-8495-867a51f4d040" />
      <TestMethod codeBase="D:\SFERRARI\01 - TRABAJO\repos\netcore\libs\template-netcore-entities\Kitpymes.Core.Entities.Tests\bin\Debug\net5.0\Kitpymes.Core.Entities.Tests.dll" adapterTypeName="executor://mstestadapter/v2" className="Kitpymes.Core.Entities.ValueObjects.Tests.MoneyTests" name="Equals_Passing_Valid_Values_Returns_True" />
    </UnitTest>
    <UnitTest name="Change_Passing_Valid_Values_Returns_Address (200,EUR,4)" storage="d:\sferrari\01 - trabajo\repos\netcore\libs\template-netcore-entities\kitpymes.core.entities.tests\bin\debug\net5.0\kitpymes.core.entities.tests.dll" id="ed9b1940-c9fa-44eb-832e-12112e4a438d">
      <Execution id="2836ece2-7ea8-42da-bd95-a275ab35b3ed" />
      <TestMethod codeBase="D:\SFERRARI\01 - TRABAJO\repos\netcore\libs\template-netcore-entities\Kitpymes.Core.Entities.Tests\bin\Debug\net5.0\Kitpymes.Core.Entities.Tests.dll" adapterTypeName="executor://mstestadapter/v2" className="Kitpymes.Core.Entities.ValueObjects.Tests.MoneyTests" name="Change_Passing_Valid_Values_Returns_Address" />
    </UnitTest>
    <UnitTest name="ToNormalize_Passing_Valid_Values_Returns_Name_String_Format (Españà,Espana)" storage="d:\sferrari\01 - trabajo\repos\netcore\libs\template-netcore-entities\kitpymes.core.entities.tests\bin\debug\net5.0\kitpymes.core.entities.tests.dll" id="4804e986-5d25-4d63-839e-8da98060d596">
      <Execution id="3330d4ed-189b-48c3-b8d1-eebe885c1031" />
      <TestMethod codeBase="D:\SFERRARI\01 - TRABAJO\repos\netcore\libs\template-netcore-entities\Kitpymes.Core.Entities.Tests\bin\Debug\net5.0\Kitpymes.Core.Entities.Tests.dll" adapterTypeName="executor://mstestadapter/v2" className="Kitpymes.Core.Entities.ValueObjects.Tests.NameTests" name="ToNormalize_Passing_Valid_Values_Returns_Name_String_Format" />
    </UnitTest>
    <UnitTest name="IsNull_Passing_Valid_Value_Returns_False (España)" storage="d:\sferrari\01 - trabajo\repos\netcore\libs\template-netcore-entities\kitpymes.core.entities.tests\bin\debug\net5.0\kitpymes.core.entities.tests.dll" id="0cdfafdb-f952-491b-b66f-39e66433e212">
      <Execution id="cea0f133-f04b-4b7c-8b62-cdce31574255" />
      <TestMethod codeBase="D:\SFERRARI\01 - TRABAJO\repos\netcore\libs\template-netcore-entities\Kitpymes.Core.Entities.Tests\bin\Debug\net5.0\Kitpymes.Core.Entities.Tests.dll" adapterTypeName="executor://mstestadapter/v2" className="Kitpymes.Core.Entities.ValueObjects.Tests.NameTests" name="IsNull_Passing_Valid_Value_Returns_False" />
    </UnitTest>
    <UnitTest name="OperatorEqual_Passing_Valid_Values_Returns_True (Tenant1)" storage="d:\sferrari\01 - trabajo\repos\netcore\libs\template-netcore-entities\kitpymes.core.entities.tests\bin\debug\net5.0\kitpymes.core.entities.tests.dll" id="7f466004-827f-4f48-84a2-5bb82f84b1bb">
      <Execution id="a98a9e1d-5806-4e75-99f2-27702f649eb3" />
      <TestMethod codeBase="D:\SFERRARI\01 - TRABAJO\repos\netcore\libs\template-netcore-entities\Kitpymes.Core.Entities.Tests\bin\Debug\net5.0\Kitpymes.Core.Entities.Tests.dll" adapterTypeName="executor://mstestadapter/v2" className="Kitpymes.Core.Entities.ValueObjects.Tests.TenantNameTests" name="OperatorEqual_Passing_Valid_Values_Returns_True" />
    </UnitTest>
    <UnitTest name="ToString_Passing_Valid_Values_Returns_Name (Tenant_A)" storage="d:\sferrari\01 - trabajo\repos\netcore\libs\template-netcore-entities\kitpymes.core.entities.tests\bin\debug\net5.0\kitpymes.core.entities.tests.dll" id="5cd92340-c36d-4e21-a412-95a849c99e71">
      <Execution id="5c4162c8-925d-4b5f-9186-ba6f68373b0f" />
      <TestMethod codeBase="D:\SFERRARI\01 - TRABAJO\repos\netcore\libs\template-netcore-entities\Kitpymes.Core.Entities.Tests\bin\Debug\net5.0\Kitpymes.Core.Entities.Tests.dll" adapterTypeName="executor://mstestadapter/v2" className="Kitpymes.Core.Entities.ValueObjects.Tests.TenantNameTests" name="ToString_Passing_Valid_Values_Returns_Name" />
    </UnitTest>
    <UnitTest name="Create_Passing_Valid_Values_Returns_Name (tenant1)" storage="d:\sferrari\01 - trabajo\repos\netcore\libs\template-netcore-entities\kitpymes.core.entities.tests\bin\debug\net5.0\kitpymes.core.entities.tests.dll" id="c58fb75e-5adc-47da-89c6-441c1e5cf7e8">
      <Execution id="972f8893-71c9-44f6-8772-6468e280c518" />
      <TestMethod codeBase="D:\SFERRARI\01 - TRABAJO\repos\netcore\libs\template-netcore-entities\Kitpymes.Core.Entities.Tests\bin\Debug\net5.0\Kitpymes.Core.Entities.Tests.dll" adapterTypeName="executor://mstestadapter/v2" className="Kitpymes.Core.Entities.ValueObjects.Tests.TenantNameTests" name="Create_Passing_Valid_Values_Returns_Name" />
    </UnitTest>
    <UnitTest name="OperatorNotEqual_Passing_Valid_Values_Returns_True (tenant1)" storage="d:\sferrari\01 - trabajo\repos\netcore\libs\template-netcore-entities\kitpymes.core.entities.tests\bin\debug\net5.0\kitpymes.core.entities.tests.dll" id="203f31fd-c034-4e7f-8b12-29d00571b2cf">
      <Execution id="09bac18c-0d12-48c7-9990-02e27580703d" />
      <TestMethod codeBase="D:\SFERRARI\01 - TRABAJO\repos\netcore\libs\template-netcore-entities\Kitpymes.Core.Entities.Tests\bin\Debug\net5.0\Kitpymes.Core.Entities.Tests.dll" adapterTypeName="executor://mstestadapter/v2" className="Kitpymes.Core.Entities.ValueObjects.Tests.TenantNameTests" name="OperatorNotEqual_Passing_Valid_Values_Returns_True" />
    </UnitTest>
    <UnitTest name="Create_Passing_InvalidOrNull_Value_Returns_ApplicationException (___dasfs$·%%$%$$·%$)" storage="d:\sferrari\01 - trabajo\repos\netcore\libs\template-netcore-entities\kitpymes.core.entities.tests\bin\debug\net5.0\kitpymes.core.entities.tests.dll" id="fca265ae-71b0-4192-a178-1a4dca78dc72">
      <Execution id="e5a67de6-9ab2-43b3-b867-1a14581383c8" />
      <TestMethod codeBase="D:\SFERRARI\01 - TRABAJO\repos\netcore\libs\template-netcore-entities\Kitpymes.Core.Entities.Tests\bin\Debug\net5.0\Kitpymes.Core.Entities.Tests.dll" adapterTypeName="executor://mstestadapter/v2" className="Kitpymes.Core.Entities.ValueObjects.Tests.SubdomainTests" name="Create_Passing_InvalidOrNull_Value_Returns_ApplicationException" />
    </UnitTest>
    <UnitTest name="IsNull_Passing_Valid_Value_Returns_False (stage_hackerone.com)" storage="d:\sferrari\01 - trabajo\repos\netcore\libs\template-netcore-entities\kitpymes.core.entities.tests\bin\debug\net5.0\kitpymes.core.entities.tests.dll" id="a9980862-e37b-4ab8-8054-23a59462b040">
      <Execution id="0e79d981-74b2-43ee-b541-2a317cf06eba" />
      <TestMethod codeBase="D:\SFERRARI\01 - TRABAJO\repos\netcore\libs\template-netcore-entities\Kitpymes.Core.Entities.Tests\bin\Debug\net5.0\Kitpymes.Core.Entities.Tests.dll" adapterTypeName="executor://mstestadapter/v2" className="Kitpymes.Core.Entities.ValueObjects.Tests.SubdomainTests" name="IsNull_Passing_Valid_Value_Returns_False" />
    </UnitTest>
    <UnitTest name="IsNull_Passing_Valid_Value_Returns_False (Españç)" storage="d:\sferrari\01 - trabajo\repos\netcore\libs\template-netcore-entities\kitpymes.core.entities.tests\bin\debug\net5.0\kitpymes.core.entities.tests.dll" id="651f922e-0911-43a2-a86c-1f833c73ba67">
      <Execution id="96823bbc-3fae-497a-9918-59e29a7a2c86" />
      <TestMethod codeBase="D:\SFERRARI\01 - TRABAJO\repos\netcore\libs\template-netcore-entities\Kitpymes.Core.Entities.Tests\bin\Debug\net5.0\Kitpymes.Core.Entities.Tests.dll" adapterTypeName="executor://mstestadapter/v2" className="Kitpymes.Core.Entities.ValueObjects.Tests.NameTests" name="IsNull_Passing_Valid_Value_Returns_False" />
    </UnitTest>
    <UnitTest name="ToNormalize_Passing_Valid_Values_Returns_Name_String_Format (Españâ,Espana)" storage="d:\sferrari\01 - trabajo\repos\netcore\libs\template-netcore-entities\kitpymes.core.entities.tests\bin\debug\net5.0\kitpymes.core.entities.tests.dll" id="211831aa-ecf0-4040-9493-d4974d3f4397">
      <Execution id="076b21c4-85d8-4793-853d-da4cbe6588b3" />
      <TestMethod codeBase="D:\SFERRARI\01 - TRABAJO\repos\netcore\libs\template-netcore-entities\Kitpymes.Core.Entities.Tests\bin\Debug\net5.0\Kitpymes.Core.Entities.Tests.dll" adapterTypeName="executor://mstestadapter/v2" className="Kitpymes.Core.Entities.ValueObjects.Tests.NameTests" name="ToNormalize_Passing_Valid_Values_Returns_Name_String_Format" />
    </UnitTest>
    <UnitTest name="ToNormalize_Passing_Valid_Values_Returns_Address_String_Format (aaads@ggg.cc)" storage="d:\sferrari\01 - trabajo\repos\netcore\libs\template-netcore-entities\kitpymes.core.entities.tests\bin\debug\net5.0\kitpymes.core.entities.tests.dll" id="e5561bfc-e6c1-4415-9cfb-d3421a24dc05">
      <Execution id="90f316c1-3f77-4824-9312-e790e135f9bf" />
      <TestMethod codeBase="D:\SFERRARI\01 - TRABAJO\repos\netcore\libs\template-netcore-entities\Kitpymes.Core.Entities.Tests\bin\Debug\net5.0\Kitpymes.Core.Entities.Tests.dll" adapterTypeName="executor://mstestadapter/v2" className="Kitpymes.Core.Entities.ValueObjects.Tests.EmailTests" name="ToNormalize_Passing_Valid_Values_Returns_Address_String_Format" />
    </UnitTest>
    <UnitTest name="ToEnum_Passing_Invalid_String_Name_Enumeracion_Returns_Null" storage="d:\sferrari\01 - trabajo\repos\netcore\libs\template-netcore-entities\kitpymes.core.entities.tests\bin\debug\net5.0\kitpymes.core.entities.tests.dll" id="410dbe9f-2946-44ea-b1ba-faec5bbfe947">
      <Execution id="4bcc204a-5160-4ceb-818f-a6fbf9bf5f16" />
      <TestMethod codeBase="D:\SFERRARI\01 - TRABAJO\repos\netcore\libs\template-netcore-entities\Kitpymes.Core.Entities.Tests\bin\Debug\net5.0\Kitpymes.Core.Entities.Tests.dll" adapterTypeName="executor://mstestadapter/v2" className="Kitpymes.Core.Entities.Enumerations.Tests.SubscriptionEnumTests" name="ToEnum_Passing_Invalid_String_Name_Enumeracion_Returns_Null" />
    </UnitTest>
    <UnitTest name="OperatorEqual_Passing_Valid_Distinct_Values_Returns_False (Españħ)" storage="d:\sferrari\01 - trabajo\repos\netcore\libs\template-netcore-entities\kitpymes.core.entities.tests\bin\debug\net5.0\kitpymes.core.entities.tests.dll" id="48ec24ad-34fd-4a2f-9ad7-2cd626bf9b6d">
      <Execution id="215466bd-6374-4140-873b-cec1407a2045" />
      <TestMethod codeBase="D:\SFERRARI\01 - TRABAJO\repos\netcore\libs\template-netcore-entities\Kitpymes.Core.Entities.Tests\bin\Debug\net5.0\Kitpymes.Core.Entities.Tests.dll" adapterTypeName="executor://mstestadapter/v2" className="Kitpymes.Core.Entities.ValueObjects.Tests.NameTests" name="OperatorEqual_Passing_Valid_Distinct_Values_Returns_False" />
    </UnitTest>
    <UnitTest name="OperatorNotEqual_Passing_Valid_Values_Returns_True (tenantA)" storage="d:\sferrari\01 - trabajo\repos\netcore\libs\template-netcore-entities\kitpymes.core.entities.tests\bin\debug\net5.0\kitpymes.core.entities.tests.dll" id="55e42524-f512-4ab5-84ca-38bf669096b0">
      <Execution id="33e0c651-ecc8-490c-846a-89ff9bc919bc" />
      <TestMethod codeBase="D:\SFERRARI\01 - TRABAJO\repos\netcore\libs\template-netcore-entities\Kitpymes.Core.Entities.Tests\bin\Debug\net5.0\Kitpymes.Core.Entities.Tests.dll" adapterTypeName="executor://mstestadapter/v2" className="Kitpymes.Core.Entities.ValueObjects.Tests.TenantNameTests" name="OperatorNotEqual_Passing_Valid_Values_Returns_True" />
    </UnitTest>
    <UnitTest name="Create_Passing_Valid_Values_Returns_Address (Pader,789,DF7956,Sabadell,Barcelona,España)" storage="d:\sferrari\01 - trabajo\repos\netcore\libs\template-netcore-entities\kitpymes.core.entities.tests\bin\debug\net5.0\kitpymes.core.entities.tests.dll" id="7a3a72ed-d7fc-438a-8aee-a3a0cb1536f0">
      <Execution id="a9586fe6-bbed-4a8d-87fc-c5b32c6e1714" />
      <TestMethod codeBase="D:\SFERRARI\01 - TRABAJO\repos\netcore\libs\template-netcore-entities\Kitpymes.Core.Entities.Tests\bin\Debug\net5.0\Kitpymes.Core.Entities.Tests.dll" adapterTypeName="executor://mstestadapter/v2" className="Kitpymes.Core.Entities.ValueObjects.Tests.AddressTests" name="Create_Passing_Valid_Values_Returns_Address" />
    </UnitTest>
    <UnitTest name="Create_Passing_Valid_Values_Returns_Subdomain (www.hackerone1-com)" storage="d:\sferrari\01 - trabajo\repos\netcore\libs\template-netcore-entities\kitpymes.core.entities.tests\bin\debug\net5.0\kitpymes.core.entities.tests.dll" id="1f602a45-8d7d-4192-babf-63d633b2c313">
      <Execution id="802c2b7e-85e7-4341-a9ce-e4a80e3917bc" />
      <TestMethod codeBase="D:\SFERRARI\01 - TRABAJO\repos\netcore\libs\template-netcore-entities\Kitpymes.Core.Entities.Tests\bin\Debug\net5.0\Kitpymes.Core.Entities.Tests.dll" adapterTypeName="executor://mstestadapter/v2" className="Kitpymes.Core.Entities.ValueObjects.Tests.SubdomainTests" name="Create_Passing_Valid_Values_Returns_Subdomain" />
    </UnitTest>
    <UnitTest name="ToString_Passing_Valid_Values_Returns_Name (Tenant1)" storage="d:\sferrari\01 - trabajo\repos\netcore\libs\template-netcore-entities\kitpymes.core.entities.tests\bin\debug\net5.0\kitpymes.core.entities.tests.dll" id="85c555bb-9016-45da-9fc1-f815dd8b781d">
      <Execution id="ed24faa2-381f-49e2-8cae-da12d43baaca" />
      <TestMethod codeBase="D:\SFERRARI\01 - TRABAJO\repos\netcore\libs\template-netcore-entities\Kitpymes.Core.Entities.Tests\bin\Debug\net5.0\Kitpymes.Core.Entities.Tests.dll" adapterTypeName="executor://mstestadapter/v2" className="Kitpymes.Core.Entities.ValueObjects.Tests.TenantNameTests" name="ToString_Passing_Valid_Values_Returns_Name" />
    </UnitTest>
    <UnitTest name="ToFullString_Passing_Valid_Values_Returns_Value_String_Format (San Bartoleme De Tirajana,Las Palmas,España)" storage="d:\sferrari\01 - trabajo\repos\netcore\libs\template-netcore-entities\kitpymes.core.entities.tests\bin\debug\net5.0\kitpymes.core.entities.tests.dll" id="ffa8cb22-8a90-4e5f-a096-ac04404578df">
      <Execution id="1c586c91-015e-4c18-9942-22e4de9b569c" />
      <TestMethod codeBase="D:\SFERRARI\01 - TRABAJO\repos\netcore\libs\template-netcore-entities\Kitpymes.Core.Entities.Tests\bin\Debug\net5.0\Kitpymes.Core.Entities.Tests.dll" adapterTypeName="executor://mstestadapter/v2" className="Kitpymes.Core.Entities.ValueObjects.Tests.FullNameTests" name="ToFullString_Passing_Valid_Values_Returns_Value_String_Format" />
    </UnitTest>
    <UnitTest name="Equals_Passing_Valid_Values_Returns_True (Españã)" storage="d:\sferrari\01 - trabajo\repos\netcore\libs\template-netcore-entities\kitpymes.core.entities.tests\bin\debug\net5.0\kitpymes.core.entities.tests.dll" id="220b34e5-865e-499c-b054-ea71896de579">
      <Execution id="0ca2d161-9f4b-4837-b155-eb0d1712e2d8" />
      <TestMethod codeBase="D:\SFERRARI\01 - TRABAJO\repos\netcore\libs\template-netcore-entities\Kitpymes.Core.Entities.Tests\bin\Debug\net5.0\Kitpymes.Core.Entities.Tests.dll" adapterTypeName="executor://mstestadapter/v2" className="Kitpymes.Core.Entities.ValueObjects.Tests.NameTests" name="Equals_Passing_Valid_Values_Returns_True" />
    </UnitTest>
    <UnitTest name="OperatorNotEqual_Passing_Valid_Values_Returns_False (EUR)" storage="d:\sferrari\01 - trabajo\repos\netcore\libs\template-netcore-entities\kitpymes.core.entities.tests\bin\debug\net5.0\kitpymes.core.entities.tests.dll" id="b49fd363-154d-4c56-befe-bed838cc87d6">
      <Execution id="e79de300-d967-4dd2-8ef0-8ddf6b03f671" />
      <TestMethod codeBase="D:\SFERRARI\01 - TRABAJO\repos\netcore\libs\template-netcore-entities\Kitpymes.Core.Entities.Tests\bin\Debug\net5.0\Kitpymes.Core.Entities.Tests.dll" adapterTypeName="executor://mstestadapter/v2" className="Kitpymes.Core.Entities.ValueObjects.Tests.CurrencyTests" name="OperatorNotEqual_Passing_Valid_Values_Returns_False" />
    </UnitTest>
    <UnitTest name="Create_Passing_Valid_Values_Returns_Name (TENANT_1)" storage="d:\sferrari\01 - trabajo\repos\netcore\libs\template-netcore-entities\kitpymes.core.entities.tests\bin\debug\net5.0\kitpymes.core.entities.tests.dll" id="95f98b52-cedf-4739-9b52-34b1e119aea8">
      <Execution id="2a7a6e8f-431a-40b9-9b4a-24298268719c" />
      <TestMethod codeBase="D:\SFERRARI\01 - TRABAJO\repos\netcore\libs\template-netcore-entities\Kitpymes.Core.Entities.Tests\bin\Debug\net5.0\Kitpymes.Core.Entities.Tests.dll" adapterTypeName="executor://mstestadapter/v2" className="Kitpymes.Core.Entities.ValueObjects.Tests.TenantNameTests" name="Create_Passing_Valid_Values_Returns_Name" />
    </UnitTest>
    <UnitTest name="Equals_Passing_Valid_Distinct_Values_Returns_False (Tenant_A)" storage="d:\sferrari\01 - trabajo\repos\netcore\libs\template-netcore-entities\kitpymes.core.entities.tests\bin\debug\net5.0\kitpymes.core.entities.tests.dll" id="fcb3afc8-04f6-4767-8958-f38210cb7bad">
      <Execution id="3e5d290e-0c78-4a9f-9abb-6c7de2c1d0b7" />
      <TestMethod codeBase="D:\SFERRARI\01 - TRABAJO\repos\netcore\libs\template-netcore-entities\Kitpymes.Core.Entities.Tests\bin\Debug\net5.0\Kitpymes.Core.Entities.Tests.dll" adapterTypeName="executor://mstestadapter/v2" className="Kitpymes.Core.Entities.ValueObjects.Tests.TenantNameTests" name="Equals_Passing_Valid_Distinct_Values_Returns_False" />
    </UnitTest>
    <UnitTest name="OperatorEqual_Passing_Valid_Distinct_Values_Returns_False (dasdasd@dsasd.ff)" storage="d:\sferrari\01 - trabajo\repos\netcore\libs\template-netcore-entities\kitpymes.core.entities.tests\bin\debug\net5.0\kitpymes.core.entities.tests.dll" id="f77aff50-1cb8-4b81-8786-771743568640">
      <Execution id="40fb8b0b-6a27-4a87-ac8f-8446353743a2" />
      <TestMethod codeBase="D:\SFERRARI\01 - TRABAJO\repos\netcore\libs\template-netcore-entities\Kitpymes.Core.Entities.Tests\bin\Debug\net5.0\Kitpymes.Core.Entities.Tests.dll" adapterTypeName="executor://mstestadapter/v2" className="Kitpymes.Core.Entities.ValueObjects.Tests.EmailTests" name="OperatorEqual_Passing_Valid_Distinct_Values_Returns_False" />
    </UnitTest>
    <UnitTest name="Equals_Passing_Valid_Values_Returns_True (Españá)" storage="d:\sferrari\01 - trabajo\repos\netcore\libs\template-netcore-entities\kitpymes.core.entities.tests\bin\debug\net5.0\kitpymes.core.entities.tests.dll" id="f7e56e41-0589-4c9f-9777-3015c542381e">
      <Execution id="ed9e9c7e-f889-4b3c-b80f-b21a2e064eb8" />
      <TestMethod codeBase="D:\SFERRARI\01 - TRABAJO\repos\netcore\libs\template-netcore-entities\Kitpymes.Core.Entities.Tests\bin\Debug\net5.0\Kitpymes.Core.Entities.Tests.dll" adapterTypeName="executor://mstestadapter/v2" className="Kitpymes.Core.Entities.ValueObjects.Tests.NameTests" name="Equals_Passing_Valid_Values_Returns_True" />
    </UnitTest>
    <UnitTest name="IsNull_Passing_Null_Value_Returns_True" storage="d:\sferrari\01 - trabajo\repos\netcore\libs\template-netcore-entities\kitpymes.core.entities.tests\bin\debug\net5.0\kitpymes.core.entities.tests.dll" id="c33529db-5ced-428e-9980-da8ce335b3bf">
      <Execution id="ca79aadb-f80e-41aa-a957-e08f01a1bbcd" />
      <TestMethod codeBase="D:\SFERRARI\01 - TRABAJO\repos\netcore\libs\template-netcore-entities\Kitpymes.Core.Entities.Tests\bin\Debug\net5.0\Kitpymes.Core.Entities.Tests.dll" adapterTypeName="executor://mstestadapter/v2" className="Kitpymes.Core.Entities.ValueObjects.Tests.TenantNameTests" name="IsNull_Passing_Null_Value_Returns_True" />
    </UnitTest>
    <UnitTest name="OperatorNotEqual_Passing_Valid_Values_Returns_True (San Bartoleme De Tirajana,Las Palmas,España)" storage="d:\sferrari\01 - trabajo\repos\netcore\libs\template-netcore-entities\kitpymes.core.entities.tests\bin\debug\net5.0\kitpymes.core.entities.tests.dll" id="564e8d52-5473-49e6-814f-e4064c466fc1">
      <Execution id="01c34e3c-fc39-488d-9aa5-0b951a40b084" />
      <TestMethod codeBase="D:\SFERRARI\01 - TRABAJO\repos\netcore\libs\template-netcore-entities\Kitpymes.Core.Entities.Tests\bin\Debug\net5.0\Kitpymes.Core.Entities.Tests.dll" adapterTypeName="executor://mstestadapter/v2" className="Kitpymes.Core.Entities.ValueObjects.Tests.FullNameTests" name="OperatorNotEqual_Passing_Valid_Values_Returns_True" />
    </UnitTest>
    <UnitTest name="Equals_Passing_Valid_Values_Returns_True (San Bartoleme De Tirajana)" storage="d:\sferrari\01 - trabajo\repos\netcore\libs\template-netcore-entities\kitpymes.core.entities.tests\bin\debug\net5.0\kitpymes.core.entities.tests.dll" id="d7bd1474-2bf2-421a-ac3c-8006f1b36bb0">
      <Execution id="c3d5d0ef-7bf7-44ea-8031-3ee38346dbcf" />
      <TestMethod codeBase="D:\SFERRARI\01 - TRABAJO\repos\netcore\libs\template-netcore-entities\Kitpymes.Core.Entities.Tests\bin\Debug\net5.0\Kitpymes.Core.Entities.Tests.dll" adapterTypeName="executor://mstestadapter/v2" className="Kitpymes.Core.Entities.ValueObjects.Tests.StringIdTests" name="Equals_Passing_Valid_Values_Returns_True" />
    </UnitTest>
    <UnitTest name="IsFemale_Passing_Nothing_Returns_True" storage="d:\sferrari\01 - trabajo\repos\netcore\libs\template-netcore-entities\kitpymes.core.entities.tests\bin\debug\net5.0\kitpymes.core.entities.tests.dll" id="122bd85e-71d8-44f3-ab3d-411dc7a3a82c">
      <Execution id="97d6f874-724f-46c4-adb5-997bf43c81f5" />
      <TestMethod codeBase="D:\SFERRARI\01 - TRABAJO\repos\netcore\libs\template-netcore-entities\Kitpymes.Core.Entities.Tests\bin\Debug\net5.0\Kitpymes.Core.Entities.Tests.dll" adapterTypeName="executor://mstestadapter/v2" className="Kitpymes.Core.Entities.Enumerations.Tests.GenderTypeEnumTests" name="IsFemale_Passing_Nothing_Returns_True" />
    </UnitTest>
    <UnitTest name="IsNull_Passing_Valid_Value_Returns_False (Esp añâ)" storage="d:\sferrari\01 - trabajo\repos\netcore\libs\template-netcore-entities\kitpymes.core.entities.tests\bin\debug\net5.0\kitpymes.core.entities.tests.dll" id="5aa2e80b-a853-4fc3-8431-04821bf3714e">
      <Execution id="cd4fac8c-ef8c-42e3-a209-659f27e61024" />
      <TestMethod codeBase="D:\SFERRARI\01 - TRABAJO\repos\netcore\libs\template-netcore-entities\Kitpymes.Core.Entities.Tests\bin\Debug\net5.0\Kitpymes.Core.Entities.Tests.dll" adapterTypeName="executor://mstestadapter/v2" className="Kitpymes.Core.Entities.ValueObjects.Tests.NameTests" name="IsNull_Passing_Valid_Value_Returns_False" />
    </UnitTest>
    <UnitTest name="ToString_Passing_Valid_Values_Returns_Address_String_Format (100,EUR,2)" storage="d:\sferrari\01 - trabajo\repos\netcore\libs\template-netcore-entities\kitpymes.core.entities.tests\bin\debug\net5.0\kitpymes.core.entities.tests.dll" id="57189ecd-392d-4982-8b4a-601eff2d518f">
      <Execution id="70bbcad7-5bc4-4598-9ee6-42247b31e8b9" />
      <TestMethod codeBase="D:\SFERRARI\01 - TRABAJO\repos\netcore\libs\template-netcore-entities\Kitpymes.Core.Entities.Tests\bin\Debug\net5.0\Kitpymes.Core.Entities.Tests.dll" adapterTypeName="executor://mstestadapter/v2" className="Kitpymes.Core.Entities.ValueObjects.Tests.MoneyTests" name="ToString_Passing_Valid_Values_Returns_Address_String_Format" />
    </UnitTest>
    <UnitTest name="Equals_Passing_Valid_Values_Returns_True (Tenant1)" storage="d:\sferrari\01 - trabajo\repos\netcore\libs\template-netcore-entities\kitpymes.core.entities.tests\bin\debug\net5.0\kitpymes.core.entities.tests.dll" id="08cba3d0-b927-4df5-8f7a-a4e92e0040cb">
      <Execution id="ddceab56-9220-49c0-9394-bc4e2d771905" />
      <TestMethod codeBase="D:\SFERRARI\01 - TRABAJO\repos\netcore\libs\template-netcore-entities\Kitpymes.Core.Entities.Tests\bin\Debug\net5.0\Kitpymes.Core.Entities.Tests.dll" adapterTypeName="executor://mstestadapter/v2" className="Kitpymes.Core.Entities.ValueObjects.Tests.TenantNameTests" name="Equals_Passing_Valid_Values_Returns_True" />
    </UnitTest>
    <UnitTest name="ToEnum_Passing_Null_Bool_Value_Returns_Inactive_Status" storage="d:\sferrari\01 - trabajo\repos\netcore\libs\template-netcore-entities\kitpymes.core.entities.tests\bin\debug\net5.0\kitpymes.core.entities.tests.dll" id="f3d0ef0f-75e4-47c6-a686-8e83e53a60c2">
      <Execution id="9368e17c-18e2-4b70-95ea-a4eb13ded148" />
      <TestMethod codeBase="D:\SFERRARI\01 - TRABAJO\repos\netcore\libs\template-netcore-entities\Kitpymes.Core.Entities.Tests\bin\Debug\net5.0\Kitpymes.Core.Entities.Tests.dll" adapterTypeName="executor://mstestadapter/v2" className="Kitpymes.Core.Entities.Enumerations.Tests.StatusEnumTests" name="ToEnum_Passing_Null_Bool_Value_Returns_Inactive_Status" />
    </UnitTest>
    <UnitTest name="OperatorEqual_Passing_Valid_Distinct_Values_Returns_False (tenant_A)" storage="d:\sferrari\01 - trabajo\repos\netcore\libs\template-netcore-entities\kitpymes.core.entities.tests\bin\debug\net5.0\kitpymes.core.entities.tests.dll" id="c960298f-66a8-4753-a9f9-4ed2da8cbe6e">
      <Execution id="79852979-a0ed-4a33-8cac-ad56c314081d" />
      <TestMethod codeBase="D:\SFERRARI\01 - TRABAJO\repos\netcore\libs\template-netcore-entities\Kitpymes.Core.Entities.Tests\bin\Debug\net5.0\Kitpymes.Core.Entities.Tests.dll" adapterTypeName="executor://mstestadapter/v2" className="Kitpymes.Core.Entities.ValueObjects.Tests.TenantNameTests" name="OperatorEqual_Passing_Valid_Distinct_Values_Returns_False" />
    </UnitTest>
    <UnitTest name="IsNull_Passing_Valid_Values_Returns_False (Tenerife,San Bartoleme De Tirajana,Las Palmas)" storage="d:\sferrari\01 - trabajo\repos\netcore\libs\template-netcore-entities\kitpymes.core.entities.tests\bin\debug\net5.0\kitpymes.core.entities.tests.dll" id="a70cebce-c87a-4976-bec8-4800a5cea821">
      <Execution id="c3209006-3a21-4aca-95fc-9105a3733f90" />
      <TestMethod codeBase="D:\SFERRARI\01 - TRABAJO\repos\netcore\libs\template-netcore-entities\Kitpymes.Core.Entities.Tests\bin\Debug\net5.0\Kitpymes.Core.Entities.Tests.dll" adapterTypeName="executor://mstestadapter/v2" className="Kitpymes.Core.Entities.ValueObjects.Tests.FullNameTests" name="IsNull_Passing_Valid_Values_Returns_False" />
    </UnitTest>
    <UnitTest name="OperatorEqual_Passing_Valid_Values_Returns_True (D45,86554654)" storage="d:\sferrari\01 - trabajo\repos\netcore\libs\template-netcore-entities\kitpymes.core.entities.tests\bin\debug\net5.0\kitpymes.core.entities.tests.dll" id="c5754b2c-e8b6-458a-bdf0-d86d1f724f76">
      <Execution id="f521737c-b815-44b4-b18d-136eea86c981" />
      <TestMethod codeBase="D:\SFERRARI\01 - TRABAJO\repos\netcore\libs\template-netcore-entities\Kitpymes.Core.Entities.Tests\bin\Debug\net5.0\Kitpymes.Core.Entities.Tests.dll" adapterTypeName="executor://mstestadapter/v2" className="Kitpymes.Core.Entities.ValueObjects.Tests.TelephoneTests" name="OperatorEqual_Passing_Valid_Values_Returns_True" />
    </UnitTest>
    <UnitTest name="ToEnum_Passing_Valid_String_Name_Enumeracion_Returns_Enumeracion" storage="d:\sferrari\01 - trabajo\repos\netcore\libs\template-netcore-entities\kitpymes.core.entities.tests\bin\debug\net5.0\kitpymes.core.entities.tests.dll" id="48acd71b-a446-49e1-be13-096efd0d45bc">
      <Execution id="e7b4b2cb-7a70-4e98-bbcd-fffd6d62b2a2" />
      <TestMethod codeBase="D:\SFERRARI\01 - TRABAJO\repos\netcore\libs\template-netcore-entities\Kitpymes.Core.Entities.Tests\bin\Debug\net5.0\Kitpymes.Core.Entities.Tests.dll" adapterTypeName="executor://mstestadapter/v2" className="Kitpymes.Core.Entities.Enumerations.Tests.CardTypeEnumTests" name="ToEnum_Passing_Valid_String_Name_Enumeracion_Returns_Enumeracion" />
    </UnitTest>
    <UnitTest name="OperatorEqual_Passing_Valid_Values_Returns_True (34fsds@sdd.fgg)" storage="d:\sferrari\01 - trabajo\repos\netcore\libs\template-netcore-entities\kitpymes.core.entities.tests\bin\debug\net5.0\kitpymes.core.entities.tests.dll" id="fa98aa62-eb03-47af-9c26-95ba6d1ad207">
      <Execution id="c2c3625b-27ff-4dd2-af58-afcc09f7c2fb" />
      <TestMethod codeBase="D:\SFERRARI\01 - TRABAJO\repos\netcore\libs\template-netcore-entities\Kitpymes.Core.Entities.Tests\bin\Debug\net5.0\Kitpymes.Core.Entities.Tests.dll" adapterTypeName="executor://mstestadapter/v2" className="Kitpymes.Core.Entities.ValueObjects.Tests.EmailTests" name="OperatorEqual_Passing_Valid_Values_Returns_True" />
    </UnitTest>
    <UnitTest name="Create_Passing_Valid_Values_Returns_Name (Tenant1)" storage="d:\sferrari\01 - trabajo\repos\netcore\libs\template-netcore-entities\kitpymes.core.entities.tests\bin\debug\net5.0\kitpymes.core.entities.tests.dll" id="0232c06d-b04a-45f0-b7c4-835e38d2fa2b">
      <Execution id="4b693f41-d128-4a1e-b9ab-39e040cddaaf" />
      <TestMethod codeBase="D:\SFERRARI\01 - TRABAJO\repos\netcore\libs\template-netcore-entities\Kitpymes.Core.Entities.Tests\bin\Debug\net5.0\Kitpymes.Core.Entities.Tests.dll" adapterTypeName="executor://mstestadapter/v2" className="Kitpymes.Core.Entities.ValueObjects.Tests.TenantNameTests" name="Create_Passing_Valid_Values_Returns_Name" />
    </UnitTest>
    <UnitTest name="Equals_Passing_Valid_Distinct_Values_Returns_False (tenant1)" storage="d:\sferrari\01 - trabajo\repos\netcore\libs\template-netcore-entities\kitpymes.core.entities.tests\bin\debug\net5.0\kitpymes.core.entities.tests.dll" id="30d46cfc-adf7-4bea-8564-ac18e847b750">
      <Execution id="f302b52b-1707-4ebc-bf11-d2afe25d3900" />
      <TestMethod codeBase="D:\SFERRARI\01 - TRABAJO\repos\netcore\libs\template-netcore-entities\Kitpymes.Core.Entities.Tests\bin\Debug\net5.0\Kitpymes.Core.Entities.Tests.dll" adapterTypeName="executor://mstestadapter/v2" className="Kitpymes.Core.Entities.ValueObjects.Tests.TenantNameTests" name="Equals_Passing_Valid_Distinct_Values_Returns_False" />
    </UnitTest>
    <UnitTest name="ToEnum_Passing_Valid_Int_value_Returns_Enumeracion" storage="d:\sferrari\01 - trabajo\repos\netcore\libs\template-netcore-entities\kitpymes.core.entities.tests\bin\debug\net5.0\kitpymes.core.entities.tests.dll" id="9538729f-ac82-470c-92cb-3c002aee9276">
      <Execution id="7c776e54-501c-43c5-8a6c-08ae49044429" />
      <TestMethod codeBase="D:\SFERRARI\01 - TRABAJO\repos\netcore\libs\template-netcore-entities\Kitpymes.Core.Entities.Tests\bin\Debug\net5.0\Kitpymes.Core.Entities.Tests.dll" adapterTypeName="executor://mstestadapter/v2" className="Kitpymes.Core.Entities.Enumerations.Tests.StatusEnumTests" name="ToEnum_Passing_Valid_Int_value_Returns_Enumeracion" />
    </UnitTest>
    <UnitTest name="ToString_Passing_Valid_Values_Returns_Name (Españá)" storage="d:\sferrari\01 - trabajo\repos\netcore\libs\template-netcore-entities\kitpymes.core.entities.tests\bin\debug\net5.0\kitpymes.core.entities.tests.dll" id="7e40956e-c84e-4ede-80ad-ddb4d3f6c2fd">
      <Execution id="4e7a5e20-5d5e-4785-83e7-9e48ef85d935" />
      <TestMethod codeBase="D:\SFERRARI\01 - TRABAJO\repos\netcore\libs\template-netcore-entities\Kitpymes.Core.Entities.Tests\bin\Debug\net5.0\Kitpymes.Core.Entities.Tests.dll" adapterTypeName="executor://mstestadapter/v2" className="Kitpymes.Core.Entities.ValueObjects.Tests.NameTests" name="ToString_Passing_Valid_Values_Returns_Name" />
    </UnitTest>
    <UnitTest name="Create_Passing_InvalidOrNull_Value_Returns_ApplicationException (..¬¬¬sdffdsfdssd.dd)" storage="d:\sferrari\01 - trabajo\repos\netcore\libs\template-netcore-entities\kitpymes.core.entities.tests\bin\debug\net5.0\kitpymes.core.entities.tests.dll" id="35fb3ad5-e657-4530-b674-ae0e89aee9c8">
      <Execution id="221914dd-6c68-4566-888e-f3b432fe7323" />
      <TestMethod codeBase="D:\SFERRARI\01 - TRABAJO\repos\netcore\libs\template-netcore-entities\Kitpymes.Core.Entities.Tests\bin\Debug\net5.0\Kitpymes.Core.Entities.Tests.dll" adapterTypeName="executor://mstestadapter/v2" className="Kitpymes.Core.Entities.ValueObjects.Tests.SubdomainTests" name="Create_Passing_InvalidOrNull_Value_Returns_ApplicationException" />
    </UnitTest>
    <UnitTest name="OperatorNotEqual_Passing_Valid_Values_Returns_True (Tenant1)" storage="d:\sferrari\01 - trabajo\repos\netcore\libs\template-netcore-entities\kitpymes.core.entities.tests\bin\debug\net5.0\kitpymes.core.entities.tests.dll" id="40b02b3a-1ad0-4142-aa34-a4bb31a2f7d4">
      <Execution id="860c83ce-ccd5-41f9-9763-a2219170e374" />
      <TestMethod codeBase="D:\SFERRARI\01 - TRABAJO\repos\netcore\libs\template-netcore-entities\Kitpymes.Core.Entities.Tests\bin\Debug\net5.0\Kitpymes.Core.Entities.Tests.dll" adapterTypeName="executor://mstestadapter/v2" className="Kitpymes.Core.Entities.ValueObjects.Tests.TenantNameTests" name="OperatorNotEqual_Passing_Valid_Values_Returns_True" />
    </UnitTest>
    <UnitTest name="OperatorEqual_Passing_Valid_Values_Returns_True (Tenant_A)" storage="d:\sferrari\01 - trabajo\repos\netcore\libs\template-netcore-entities\kitpymes.core.entities.tests\bin\debug\net5.0\kitpymes.core.entities.tests.dll" id="578a4f80-05f2-420a-98d9-881fb82d28d9">
      <Execution id="a460e66b-3da5-446b-aea7-32e3d78951fa" />
      <TestMethod codeBase="D:\SFERRARI\01 - TRABAJO\repos\netcore\libs\template-netcore-entities\Kitpymes.Core.Entities.Tests\bin\Debug\net5.0\Kitpymes.Core.Entities.Tests.dll" adapterTypeName="executor://mstestadapter/v2" className="Kitpymes.Core.Entities.ValueObjects.Tests.TenantNameTests" name="OperatorEqual_Passing_Valid_Values_Returns_True" />
    </UnitTest>
    <UnitTest name="OperatorNotEqual_Passing_Valid_Values_Returns_False (D45,86554654)" storage="d:\sferrari\01 - trabajo\repos\netcore\libs\template-netcore-entities\kitpymes.core.entities.tests\bin\debug\net5.0\kitpymes.core.entities.tests.dll" id="bb5de9e0-e834-4422-af30-320c35f11f4b">
      <Execution id="43681242-ebbf-47e1-8d08-8bfe8ceb06a1" />
      <TestMethod codeBase="D:\SFERRARI\01 - TRABAJO\repos\netcore\libs\template-netcore-entities\Kitpymes.Core.Entities.Tests\bin\Debug\net5.0\Kitpymes.Core.Entities.Tests.dll" adapterTypeName="executor://mstestadapter/v2" className="Kitpymes.Core.Entities.ValueObjects.Tests.TelephoneTests" name="OperatorNotEqual_Passing_Valid_Values_Returns_False" />
    </UnitTest>
    <UnitTest name="OperatorEqual_Passing_Valid_Distinct_Values_Returns_False (Tenant1)" storage="d:\sferrari\01 - trabajo\repos\netcore\libs\template-netcore-entities\kitpymes.core.entities.tests\bin\debug\net5.0\kitpymes.core.entities.tests.dll" id="7fa64d88-cd04-42c6-bec4-23be5c8c249e">
      <Execution id="8054a919-6c7b-4a0e-abbf-fc09e2b9a8a1" />
      <TestMethod codeBase="D:\SFERRARI\01 - TRABAJO\repos\netcore\libs\template-netcore-entities\Kitpymes.Core.Entities.Tests\bin\Debug\net5.0\Kitpymes.Core.Entities.Tests.dll" adapterTypeName="executor://mstestadapter/v2" className="Kitpymes.Core.Entities.ValueObjects.Tests.TenantNameTests" name="OperatorEqual_Passing_Valid_Distinct_Values_Returns_False" />
    </UnitTest>
    <UnitTest name="Create_Passing_Valid_Values_Returns_Address (Tenerife,23,34567,San Bartoleme De Tirajana,Las Palmas,España)" storage="d:\sferrari\01 - trabajo\repos\netcore\libs\template-netcore-entities\kitpymes.core.entities.tests\bin\debug\net5.0\kitpymes.core.entities.tests.dll" id="0c147972-2100-4c00-b661-97ea9beb4726">
      <Execution id="d2e20f04-d76a-4b27-a73d-452ae4f077f3" />
      <TestMethod codeBase="D:\SFERRARI\01 - TRABAJO\repos\netcore\libs\template-netcore-entities\Kitpymes.Core.Entities.Tests\bin\Debug\net5.0\Kitpymes.Core.Entities.Tests.dll" adapterTypeName="executor://mstestadapter/v2" className="Kitpymes.Core.Entities.ValueObjects.Tests.AddressTests" name="Create_Passing_Valid_Values_Returns_Address" />
    </UnitTest>
    <UnitTest name="OperatorNotEqual_Passing_Valid_Values_Returns_True (Españä)" storage="d:\sferrari\01 - trabajo\repos\netcore\libs\template-netcore-entities\kitpymes.core.entities.tests\bin\debug\net5.0\kitpymes.core.entities.tests.dll" id="fb3f5e13-e632-4f93-b806-edcc2738f84a">
      <Execution id="abbf7aca-30f1-4e0e-a491-c3c476ab7b1e" />
      <TestMethod codeBase="D:\SFERRARI\01 - TRABAJO\repos\netcore\libs\template-netcore-entities\Kitpymes.Core.Entities.Tests\bin\Debug\net5.0\Kitpymes.Core.Entities.Tests.dll" adapterTypeName="executor://mstestadapter/v2" className="Kitpymes.Core.Entities.ValueObjects.Tests.NameTests" name="OperatorNotEqual_Passing_Valid_Values_Returns_True" />
    </UnitTest>
    <UnitTest name="Create_Passing_InvalidOrNull_Value_Returns_ApplicationException (Tenerife,-10,DF7956,Sabadell,Barcelona,España)" storage="d:\sferrari\01 - trabajo\repos\netcore\libs\template-netcore-entities\kitpymes.core.entities.tests\bin\debug\net5.0\kitpymes.core.entities.tests.dll" id="6ab2c369-6e4b-411b-aff0-bcee63437b9f">
      <Execution id="23a3642c-e973-4d19-a4ed-1f818b8d516b" />
      <TestMethod codeBase="D:\SFERRARI\01 - TRABAJO\repos\netcore\libs\template-netcore-entities\Kitpymes.Core.Entities.Tests\bin\Debug\net5.0\Kitpymes.Core.Entities.Tests.dll" adapterTypeName="executor://mstestadapter/v2" className="Kitpymes.Core.Entities.ValueObjects.Tests.AddressTests" name="Create_Passing_InvalidOrNull_Value_Returns_ApplicationException" />
    </UnitTest>
    <UnitTest name="OperatorNotEqual_Passing_Valid_Values_Returns_False (USD)" storage="d:\sferrari\01 - trabajo\repos\netcore\libs\template-netcore-entities\kitpymes.core.entities.tests\bin\debug\net5.0\kitpymes.core.entities.tests.dll" id="07b21973-a13a-457b-ba38-ac6c7ea8e5fd">
      <Execution id="2d0e023e-7e1e-4918-8004-bc52ca0271db" />
      <TestMethod codeBase="D:\SFERRARI\01 - TRABAJO\repos\netcore\libs\template-netcore-entities\Kitpymes.Core.Entities.Tests\bin\Debug\net5.0\Kitpymes.Core.Entities.Tests.dll" adapterTypeName="executor://mstestadapter/v2" className="Kitpymes.Core.Entities.ValueObjects.Tests.CurrencyTests" name="OperatorNotEqual_Passing_Valid_Values_Returns_False" />
    </UnitTest>
    <UnitTest name="Equals_Passing_Valid_Values_Returns_True (34fsds@sdd.fgg)" storage="d:\sferrari\01 - trabajo\repos\netcore\libs\template-netcore-entities\kitpymes.core.entities.tests\bin\debug\net5.0\kitpymes.core.entities.tests.dll" id="41117546-1b0b-4f58-a8b7-865ab1eb933e">
      <Execution id="5bafb697-4fd5-47f8-86b0-ab593fe693b1" />
      <TestMethod codeBase="D:\SFERRARI\01 - TRABAJO\repos\netcore\libs\template-netcore-entities\Kitpymes.Core.Entities.Tests\bin\Debug\net5.0\Kitpymes.Core.Entities.Tests.dll" adapterTypeName="executor://mstestadapter/v2" className="Kitpymes.Core.Entities.ValueObjects.Tests.EmailTests" name="Equals_Passing_Valid_Values_Returns_True" />
    </UnitTest>
    <UnitTest name="Create_Passing_Valid_Values_Returns_Name (tenant_A)" storage="d:\sferrari\01 - trabajo\repos\netcore\libs\template-netcore-entities\kitpymes.core.entities.tests\bin\debug\net5.0\kitpymes.core.entities.tests.dll" id="58b924ed-64de-43a2-9caf-29c8c3fc750a">
      <Execution id="826c9816-d65d-4b5e-82ee-74383a469243" />
      <TestMethod codeBase="D:\SFERRARI\01 - TRABAJO\repos\netcore\libs\template-netcore-entities\Kitpymes.Core.Entities.Tests\bin\Debug\net5.0\Kitpymes.Core.Entities.Tests.dll" adapterTypeName="executor://mstestadapter/v2" className="Kitpymes.Core.Entities.ValueObjects.Tests.TenantNameTests" name="Create_Passing_Valid_Values_Returns_Name" />
    </UnitTest>
    <UnitTest name="ToEnum_Passing_Invalid_Int_Value_Returns_Null" storage="d:\sferrari\01 - trabajo\repos\netcore\libs\template-netcore-entities\kitpymes.core.entities.tests\bin\debug\net5.0\kitpymes.core.entities.tests.dll" id="93151a69-e1cd-4cb8-972a-70d274256c78">
      <Execution id="4edf1565-6515-45f3-9d1f-92974b21d135" />
      <TestMethod codeBase="D:\SFERRARI\01 - TRABAJO\repos\netcore\libs\template-netcore-entities\Kitpymes.Core.Entities.Tests\bin\Debug\net5.0\Kitpymes.Core.Entities.Tests.dll" adapterTypeName="executor://mstestadapter/v2" className="Kitpymes.Core.Entities.Enumerations.Tests.StatusEnumTests" name="ToEnum_Passing_Invalid_Int_Value_Returns_Null" />
    </UnitTest>
    <UnitTest name="IsNull_Passing_Valid_Value_Returns_False (app.hackerone1.com)" storage="d:\sferrari\01 - trabajo\repos\netcore\libs\template-netcore-entities\kitpymes.core.entities.tests\bin\debug\net5.0\kitpymes.core.entities.tests.dll" id="addbee0a-4ff7-413b-9441-b03b9c532c07">
      <Execution id="e28129ec-8399-40a1-a5c4-55b5d9f735ae" />
      <TestMethod codeBase="D:\SFERRARI\01 - TRABAJO\repos\netcore\libs\template-netcore-entities\Kitpymes.Core.Entities.Tests\bin\Debug\net5.0\Kitpymes.Core.Entities.Tests.dll" adapterTypeName="executor://mstestadapter/v2" className="Kitpymes.Core.Entities.ValueObjects.Tests.SubdomainTests" name="IsNull_Passing_Valid_Value_Returns_False" />
    </UnitTest>
    <UnitTest name="Equals_Passing_Valid_Distinct_Values_Returns_False (Españà)" storage="d:\sferrari\01 - trabajo\repos\netcore\libs\template-netcore-entities\kitpymes.core.entities.tests\bin\debug\net5.0\kitpymes.core.entities.tests.dll" id="f1b1c951-9039-40ba-841a-885cee4b60d0">
      <Execution id="1fd22e63-851b-4029-9bb6-5fd3dfe46376" />
      <TestMethod codeBase="D:\SFERRARI\01 - TRABAJO\repos\netcore\libs\template-netcore-entities\Kitpymes.Core.Entities.Tests\bin\Debug\net5.0\Kitpymes.Core.Entities.Tests.dll" adapterTypeName="executor://mstestadapter/v2" className="Kitpymes.Core.Entities.ValueObjects.Tests.NameTests" name="Equals_Passing_Valid_Distinct_Values_Returns_False" />
    </UnitTest>
    <UnitTest name="OperatorNotEqual_Passing_Valid_Values_Returns_False (Españç)" storage="d:\sferrari\01 - trabajo\repos\netcore\libs\template-netcore-entities\kitpymes.core.entities.tests\bin\debug\net5.0\kitpymes.core.entities.tests.dll" id="a6edbbaa-1ed7-411f-981c-19c1fa60e514">
      <Execution id="bde4ab80-baa4-4fa8-b9da-dcce944a92e1" />
      <TestMethod codeBase="D:\SFERRARI\01 - TRABAJO\repos\netcore\libs\template-netcore-entities\Kitpymes.Core.Entities.Tests\bin\Debug\net5.0\Kitpymes.Core.Entities.Tests.dll" adapterTypeName="executor://mstestadapter/v2" className="Kitpymes.Core.Entities.ValueObjects.Tests.NameTests" name="OperatorNotEqual_Passing_Valid_Values_Returns_False" />
    </UnitTest>
    <UnitTest name="Equals_Passing_Valid_Distinct_Values_Returns_False (Españç)" storage="d:\sferrari\01 - trabajo\repos\netcore\libs\template-netcore-entities\kitpymes.core.entities.tests\bin\debug\net5.0\kitpymes.core.entities.tests.dll" id="76f1b6b4-af27-461c-b649-b112007070ae">
      <Execution id="22650055-3932-4312-9381-5376bb66c2e5" />
      <TestMethod codeBase="D:\SFERRARI\01 - TRABAJO\repos\netcore\libs\template-netcore-entities\Kitpymes.Core.Entities.Tests\bin\Debug\net5.0\Kitpymes.Core.Entities.Tests.dll" adapterTypeName="executor://mstestadapter/v2" className="Kitpymes.Core.Entities.ValueObjects.Tests.NameTests" name="Equals_Passing_Valid_Distinct_Values_Returns_False" />
    </UnitTest>
    <UnitTest name="OperatorNotEqual_Passing_Valid_Values_Returns_False (34fsds@sdd.fgg)" storage="d:\sferrari\01 - trabajo\repos\netcore\libs\template-netcore-entities\kitpymes.core.entities.tests\bin\debug\net5.0\kitpymes.core.entities.tests.dll" id="4ee63f79-5c57-4a0c-a99b-b3b43a4d6b3d">
      <Execution id="2cf8f58d-e694-45bb-82b1-1eeb63e919e2" />
      <TestMethod codeBase="D:\SFERRARI\01 - TRABAJO\repos\netcore\libs\template-netcore-entities\Kitpymes.Core.Entities.Tests\bin\Debug\net5.0\Kitpymes.Core.Entities.Tests.dll" adapterTypeName="executor://mstestadapter/v2" className="Kitpymes.Core.Entities.ValueObjects.Tests.EmailTests" name="OperatorNotEqual_Passing_Valid_Values_Returns_False" />
    </UnitTest>
    <UnitTest name="Equals_Passing_Valid_Distinct_Values_Returns_False (456,43543543543)" storage="d:\sferrari\01 - trabajo\repos\netcore\libs\template-netcore-entities\kitpymes.core.entities.tests\bin\debug\net5.0\kitpymes.core.entities.tests.dll" id="85c530bf-5ef0-4713-b39b-278731843e55">
      <Execution id="f6c6d787-df3c-4298-9ba5-e717a9333484" />
      <TestMethod codeBase="D:\SFERRARI\01 - TRABAJO\repos\netcore\libs\template-netcore-entities\Kitpymes.Core.Entities.Tests\bin\Debug\net5.0\Kitpymes.Core.Entities.Tests.dll" adapterTypeName="executor://mstestadapter/v2" className="Kitpymes.Core.Entities.ValueObjects.Tests.TelephoneTests" name="Equals_Passing_Valid_Distinct_Values_Returns_False" />
    </UnitTest>
    <UnitTest name="IsNull_Passing_Valid_Value_Returns_False (Tenant_1)" storage="d:\sferrari\01 - trabajo\repos\netcore\libs\template-netcore-entities\kitpymes.core.entities.tests\bin\debug\net5.0\kitpymes.core.entities.tests.dll" id="af1ede09-bbd3-4ac8-ae5f-0ca5c0a406aa">
      <Execution id="4440f45b-6da7-4f8f-8fdf-718942c45a1a" />
      <TestMethod codeBase="D:\SFERRARI\01 - TRABAJO\repos\netcore\libs\template-netcore-entities\Kitpymes.Core.Entities.Tests\bin\Debug\net5.0\Kitpymes.Core.Entities.Tests.dll" adapterTypeName="executor://mstestadapter/v2" className="Kitpymes.Core.Entities.ValueObjects.Tests.TenantNameTests" name="IsNull_Passing_Valid_Value_Returns_False" />
    </UnitTest>
    <UnitTest name="Equals_Passing_Valid_Distinct_Values_Returns_False (Tenant_1)" storage="d:\sferrari\01 - trabajo\repos\netcore\libs\template-netcore-entities\kitpymes.core.entities.tests\bin\debug\net5.0\kitpymes.core.entities.tests.dll" id="6103544d-ceff-4db6-a17a-6174d8307483">
      <Execution id="f9949f59-aa14-4591-b236-ac68b155c285" />
      <TestMethod codeBase="D:\SFERRARI\01 - TRABAJO\repos\netcore\libs\template-netcore-entities\Kitpymes.Core.Entities.Tests\bin\Debug\net5.0\Kitpymes.Core.Entities.Tests.dll" adapterTypeName="executor://mstestadapter/v2" className="Kitpymes.Core.Entities.ValueObjects.Tests.TenantNameTests" name="Equals_Passing_Valid_Distinct_Values_Returns_False" />
    </UnitTest>
    <UnitTest name="OperatorEqual_Passing_Valid_Distinct_Values_Returns_False (TENANT_1)" storage="d:\sferrari\01 - trabajo\repos\netcore\libs\template-netcore-entities\kitpymes.core.entities.tests\bin\debug\net5.0\kitpymes.core.entities.tests.dll" id="701e0de3-b735-4661-bbbc-6ab81bc6d741">
      <Execution id="22311ebb-f3af-4fb7-be09-57b3ca2177bd" />
      <TestMethod codeBase="D:\SFERRARI\01 - TRABAJO\repos\netcore\libs\template-netcore-entities\Kitpymes.Core.Entities.Tests\bin\Debug\net5.0\Kitpymes.Core.Entities.Tests.dll" adapterTypeName="executor://mstestadapter/v2" className="Kitpymes.Core.Entities.ValueObjects.Tests.TenantNameTests" name="OperatorEqual_Passing_Valid_Distinct_Values_Returns_False" />
    </UnitTest>
    <UnitTest name="ToNormalize_Passing_Valid_Values_Returns_Name_String_Format (España,Espana)" storage="d:\sferrari\01 - trabajo\repos\netcore\libs\template-netcore-entities\kitpymes.core.entities.tests\bin\debug\net5.0\kitpymes.core.entities.tests.dll" id="2d3eb306-c065-40ba-965c-f40fd723d560">
      <Execution id="73d2c24d-3974-4e28-b0fb-38aa975f85e5" />
      <TestMethod codeBase="D:\SFERRARI\01 - TRABAJO\repos\netcore\libs\template-netcore-entities\Kitpymes.Core.Entities.Tests\bin\Debug\net5.0\Kitpymes.Core.Entities.Tests.dll" adapterTypeName="executor://mstestadapter/v2" className="Kitpymes.Core.Entities.ValueObjects.Tests.NameTests" name="ToNormalize_Passing_Valid_Values_Returns_Name_String_Format" />
    </UnitTest>
    <UnitTest name="Create_Passing_Valid_Values_Returns_Name (Esp añâ)" storage="d:\sferrari\01 - trabajo\repos\netcore\libs\template-netcore-entities\kitpymes.core.entities.tests\bin\debug\net5.0\kitpymes.core.entities.tests.dll" id="2eb86323-e246-4d15-bded-faa659598917">
      <Execution id="9ad88f3a-c989-48b7-9553-c860b92129b3" />
      <TestMethod codeBase="D:\SFERRARI\01 - TRABAJO\repos\netcore\libs\template-netcore-entities\Kitpymes.Core.Entities.Tests\bin\Debug\net5.0\Kitpymes.Core.Entities.Tests.dll" adapterTypeName="executor://mstestadapter/v2" className="Kitpymes.Core.Entities.ValueObjects.Tests.NameTests" name="Create_Passing_Valid_Values_Returns_Name" />
    </UnitTest>
    <UnitTest name="OperatorEqual_Passing_Valid_Distinct_Values_Returns_False (Españç)" storage="d:\sferrari\01 - trabajo\repos\netcore\libs\template-netcore-entities\kitpymes.core.entities.tests\bin\debug\net5.0\kitpymes.core.entities.tests.dll" id="8d319184-87b7-4f3b-9fc0-49c420b0a473">
      <Execution id="b6fbf0ad-a6f1-45dc-8719-4289eed2ce54" />
      <TestMethod codeBase="D:\SFERRARI\01 - TRABAJO\repos\netcore\libs\template-netcore-entities\Kitpymes.Core.Entities.Tests\bin\Debug\net5.0\Kitpymes.Core.Entities.Tests.dll" adapterTypeName="executor://mstestadapter/v2" className="Kitpymes.Core.Entities.ValueObjects.Tests.NameTests" name="OperatorEqual_Passing_Valid_Distinct_Values_Returns_False" />
    </UnitTest>
    <UnitTest name="IsNull_Passing_Valid_Value_Returns_False (tenant1)" storage="d:\sferrari\01 - trabajo\repos\netcore\libs\template-netcore-entities\kitpymes.core.entities.tests\bin\debug\net5.0\kitpymes.core.entities.tests.dll" id="51b16ea3-8880-43c9-87b2-ee7b9056b543">
      <Execution id="5ec8bf41-375c-4969-bae6-d24d775102c1" />
      <TestMethod codeBase="D:\SFERRARI\01 - TRABAJO\repos\netcore\libs\template-netcore-entities\Kitpymes.Core.Entities.Tests\bin\Debug\net5.0\Kitpymes.Core.Entities.Tests.dll" adapterTypeName="executor://mstestadapter/v2" className="Kitpymes.Core.Entities.ValueObjects.Tests.TenantNameTests" name="IsNull_Passing_Valid_Value_Returns_False" />
    </UnitTest>
    <UnitTest name="IsNull_Passing_Valid_Value_Returns_False (tenant_1)" storage="d:\sferrari\01 - trabajo\repos\netcore\libs\template-netcore-entities\kitpymes.core.entities.tests\bin\debug\net5.0\kitpymes.core.entities.tests.dll" id="c4f0f88c-cbd8-4446-b649-e3a5d8b116b8">
      <Execution id="5df9dafd-08c6-41c8-9c41-10c3399906d3" />
      <TestMethod codeBase="D:\SFERRARI\01 - TRABAJO\repos\netcore\libs\template-netcore-entities\Kitpymes.Core.Entities.Tests\bin\Debug\net5.0\Kitpymes.Core.Entities.Tests.dll" adapterTypeName="executor://mstestadapter/v2" className="Kitpymes.Core.Entities.ValueObjects.Tests.TenantNameTests" name="IsNull_Passing_Valid_Value_Returns_False" />
    </UnitTest>
    <UnitTest name="Create_Passing_Valid_Values_Returns_FullName (Sabadell,Barcelona,España)" storage="d:\sferrari\01 - trabajo\repos\netcore\libs\template-netcore-entities\kitpymes.core.entities.tests\bin\debug\net5.0\kitpymes.core.entities.tests.dll" id="dedc7b93-693f-40a6-abe0-a48e3e0f29e2">
      <Execution id="e968c630-80e8-4826-9f8f-a85475343f6e" />
      <TestMethod codeBase="D:\SFERRARI\01 - TRABAJO\repos\netcore\libs\template-netcore-entities\Kitpymes.Core.Entities.Tests\bin\Debug\net5.0\Kitpymes.Core.Entities.Tests.dll" adapterTypeName="executor://mstestadapter/v2" className="Kitpymes.Core.Entities.ValueObjects.Tests.FullNameTests" name="Create_Passing_Valid_Values_Returns_FullName" />
    </UnitTest>
    <UnitTest name="OperatorNotEqual_Passing_Valid_Values_Returns_False (España)" storage="d:\sferrari\01 - trabajo\repos\netcore\libs\template-netcore-entities\kitpymes.core.entities.tests\bin\debug\net5.0\kitpymes.core.entities.tests.dll" id="728d43ba-0007-4379-bd71-8a49b17034b7">
      <Execution id="c73b6bf3-a19c-4af3-ad35-a6347867e6ee" />
      <TestMethod codeBase="D:\SFERRARI\01 - TRABAJO\repos\netcore\libs\template-netcore-entities\Kitpymes.Core.Entities.Tests\bin\Debug\net5.0\Kitpymes.Core.Entities.Tests.dll" adapterTypeName="executor://mstestadapter/v2" className="Kitpymes.Core.Entities.ValueObjects.Tests.NameTests" name="OperatorNotEqual_Passing_Valid_Values_Returns_False" />
    </UnitTest>
    <UnitTest name="IsNull_Passing_Valid_Value_Returns_False (Tenant1)" storage="d:\sferrari\01 - trabajo\repos\netcore\libs\template-netcore-entities\kitpymes.core.entities.tests\bin\debug\net5.0\kitpymes.core.entities.tests.dll" id="cef54c36-57d5-4b4b-a12d-94675c9dc4c0">
      <Execution id="9b8ec630-246a-48d6-9818-2f2c2b3a7897" />
      <TestMethod codeBase="D:\SFERRARI\01 - TRABAJO\repos\netcore\libs\template-netcore-entities\Kitpymes.Core.Entities.Tests\bin\Debug\net5.0\Kitpymes.Core.Entities.Tests.dll" adapterTypeName="executor://mstestadapter/v2" className="Kitpymes.Core.Entities.ValueObjects.Tests.TenantNameTests" name="IsNull_Passing_Valid_Value_Returns_False" />
    </UnitTest>
    <UnitTest name="Create_Passing_Valid_Values_Returns_Name (Españà)" storage="d:\sferrari\01 - trabajo\repos\netcore\libs\template-netcore-entities\kitpymes.core.entities.tests\bin\debug\net5.0\kitpymes.core.entities.tests.dll" id="3d7676de-77a1-42a8-93d9-6511a9f0ef51">
      <Execution id="63e46db3-e753-4c77-a274-54f2aa10145c" />
      <TestMethod codeBase="D:\SFERRARI\01 - TRABAJO\repos\netcore\libs\template-netcore-entities\Kitpymes.Core.Entities.Tests\bin\Debug\net5.0\Kitpymes.Core.Entities.Tests.dll" adapterTypeName="executor://mstestadapter/v2" className="Kitpymes.Core.Entities.ValueObjects.Tests.NameTests" name="Create_Passing_Valid_Values_Returns_Name" />
    </UnitTest>
    <UnitTest name="OperatorNotEqual_Passing_Valid_Values_Returns_False (San Bartoleme De Tirajana)" storage="d:\sferrari\01 - trabajo\repos\netcore\libs\template-netcore-entities\kitpymes.core.entities.tests\bin\debug\net5.0\kitpymes.core.entities.tests.dll" id="2b8383d2-5f11-41e0-9a6b-a1a24a09ce6d">
      <Execution id="0ac2bd4f-f5a1-4ddf-90cb-445085786cc1" />
      <TestMethod codeBase="D:\SFERRARI\01 - TRABAJO\repos\netcore\libs\template-netcore-entities\Kitpymes.Core.Entities.Tests\bin\Debug\net5.0\Kitpymes.Core.Entities.Tests.dll" adapterTypeName="executor://mstestadapter/v2" className="Kitpymes.Core.Entities.ValueObjects.Tests.StringIdTests" name="OperatorNotEqual_Passing_Valid_Values_Returns_False" />
    </UnitTest>
    <UnitTest name="Change_Passing_Valid_Values_Returns_Address (400,EUR,8)" storage="d:\sferrari\01 - trabajo\repos\netcore\libs\template-netcore-entities\kitpymes.core.entities.tests\bin\debug\net5.0\kitpymes.core.entities.tests.dll" id="a20999f3-d4ca-4629-9b46-328b6229febb">
      <Execution id="4ad766bb-f2c3-4b11-971a-a8216486fd7b" />
      <TestMethod codeBase="D:\SFERRARI\01 - TRABAJO\repos\netcore\libs\template-netcore-entities\Kitpymes.Core.Entities.Tests\bin\Debug\net5.0\Kitpymes.Core.Entities.Tests.dll" adapterTypeName="executor://mstestadapter/v2" className="Kitpymes.Core.Entities.ValueObjects.Tests.MoneyTests" name="Change_Passing_Valid_Values_Returns_Address" />
    </UnitTest>
    <UnitTest name="IsNull_Passing_Valid_Value_Returns_False (Españä)" storage="d:\sferrari\01 - trabajo\repos\netcore\libs\template-netcore-entities\kitpymes.core.entities.tests\bin\debug\net5.0\kitpymes.core.entities.tests.dll" id="caf3d297-92f1-49a2-bb5e-e43cd113f02f">
      <Execution id="9ed6cd78-a14d-4b0f-98fe-8afbad658627" />
      <TestMethod codeBase="D:\SFERRARI\01 - TRABAJO\repos\netcore\libs\template-netcore-entities\Kitpymes.Core.Entities.Tests\bin\Debug\net5.0\Kitpymes.Core.Entities.Tests.dll" adapterTypeName="executor://mstestadapter/v2" className="Kitpymes.Core.Entities.ValueObjects.Tests.NameTests" name="IsNull_Passing_Valid_Value_Returns_False" />
    </UnitTest>
    <UnitTest name="Equals_Passing_Valid_Distinct_Values_Returns_False (Sabadell,Barcelona,España)" storage="d:\sferrari\01 - trabajo\repos\netcore\libs\template-netcore-entities\kitpymes.core.entities.tests\bin\debug\net5.0\kitpymes.core.entities.tests.dll" id="e6713a48-b33a-4597-9ee2-aa8c36f2e319">
      <Execution id="e67554de-a2ca-48a7-951b-490e7e85b27c" />
      <TestMethod codeBase="D:\SFERRARI\01 - TRABAJO\repos\netcore\libs\template-netcore-entities\Kitpymes.Core.Entities.Tests\bin\Debug\net5.0\Kitpymes.Core.Entities.Tests.dll" adapterTypeName="executor://mstestadapter/v2" className="Kitpymes.Core.Entities.ValueObjects.Tests.FullNameTests" name="Equals_Passing_Valid_Distinct_Values_Returns_False" />
    </UnitTest>
    <UnitTest name="OperatorNotEqual_Passing_Valid_Values_Returns_False (Tenerife,23,34567,San Bartoleme De Tirajana,Las Palmas,España)" storage="d:\sferrari\01 - trabajo\repos\netcore\libs\template-netcore-entities\kitpymes.core.entities.tests\bin\debug\net5.0\kitpymes.core.entities.tests.dll" id="0c18804d-7e08-4914-a46e-ca5110d9e4b8">
      <Execution id="490290e0-222b-4677-994b-f2332666bec0" />
      <TestMethod codeBase="D:\SFERRARI\01 - TRABAJO\repos\netcore\libs\template-netcore-entities\Kitpymes.Core.Entities.Tests\bin\Debug\net5.0\Kitpymes.Core.Entities.Tests.dll" adapterTypeName="executor://mstestadapter/v2" className="Kitpymes.Core.Entities.ValueObjects.Tests.AddressTests" name="OperatorNotEqual_Passing_Valid_Values_Returns_False" />
    </UnitTest>
    <UnitTest name="Create_Passing_Valid_Value_Returns_Email (ñandu@gmail.com)" storage="d:\sferrari\01 - trabajo\repos\netcore\libs\template-netcore-entities\kitpymes.core.entities.tests\bin\debug\net5.0\kitpymes.core.entities.tests.dll" id="2ce2cf92-22a5-438d-9c5a-d442fc3a5fff">
      <Execution id="335b8858-6d3d-4867-a7cb-30d0f42d2462" />
      <TestMethod codeBase="D:\SFERRARI\01 - TRABAJO\repos\netcore\libs\template-netcore-entities\Kitpymes.Core.Entities.Tests\bin\Debug\net5.0\Kitpymes.Core.Entities.Tests.dll" adapterTypeName="executor://mstestadapter/v2" className="Kitpymes.Core.Entities.ValueObjects.Tests.EmailTests" name="Create_Passing_Valid_Value_Returns_Email" />
    </UnitTest>
    <UnitTest name="OperatorNotEqual_Passing_Valid_Values_Returns_False (200,EUR,4)" storage="d:\sferrari\01 - trabajo\repos\netcore\libs\template-netcore-entities\kitpymes.core.entities.tests\bin\debug\net5.0\kitpymes.core.entities.tests.dll" id="80d79393-14cc-4d33-b499-687260c6ba07">
      <Execution id="9f8e2939-fbe0-44c1-83ab-5defe29e14e7" />
      <TestMethod codeBase="D:\SFERRARI\01 - TRABAJO\repos\netcore\libs\template-netcore-entities\Kitpymes.Core.Entities.Tests\bin\Debug\net5.0\Kitpymes.Core.Entities.Tests.dll" adapterTypeName="executor://mstestadapter/v2" className="Kitpymes.Core.Entities.ValueObjects.Tests.MoneyTests" name="OperatorNotEqual_Passing_Valid_Values_Returns_False" />
    </UnitTest>
    <UnitTest name="OperatorEqual_Passing_Valid_Distinct_Values_Returns_False (Españà)" storage="d:\sferrari\01 - trabajo\repos\netcore\libs\template-netcore-entities\kitpymes.core.entities.tests\bin\debug\net5.0\kitpymes.core.entities.tests.dll" id="422db432-6749-40ca-8cbf-a2953c34a662">
      <Execution id="323c39fa-9497-4c51-a34f-33319abc7819" />
      <TestMethod codeBase="D:\SFERRARI\01 - TRABAJO\repos\netcore\libs\template-netcore-entities\Kitpymes.Core.Entities.Tests\bin\Debug\net5.0\Kitpymes.Core.Entities.Tests.dll" adapterTypeName="executor://mstestadapter/v2" className="Kitpymes.Core.Entities.ValueObjects.Tests.NameTests" name="OperatorEqual_Passing_Valid_Distinct_Values_Returns_False" />
    </UnitTest>
    <UnitTest name="IsNull_Passing_Valid_Value_Returns_False (TENANT_1)" storage="d:\sferrari\01 - trabajo\repos\netcore\libs\template-netcore-entities\kitpymes.core.entities.tests\bin\debug\net5.0\kitpymes.core.entities.tests.dll" id="760fee02-c028-4c5c-8cdb-7ca72b72ad08">
      <Execution id="1a6dac33-2ac9-4135-85f1-c5db3a757f45" />
      <TestMethod codeBase="D:\SFERRARI\01 - TRABAJO\repos\netcore\libs\template-netcore-entities\Kitpymes.Core.Entities.Tests\bin\Debug\net5.0\Kitpymes.Core.Entities.Tests.dll" adapterTypeName="executor://mstestadapter/v2" className="Kitpymes.Core.Entities.ValueObjects.Tests.TenantNameTests" name="IsNull_Passing_Valid_Value_Returns_False" />
    </UnitTest>
    <UnitTest name="GetAll_Passing_Nothing_Returns_Enumeracion_List" storage="d:\sferrari\01 - trabajo\repos\netcore\libs\template-netcore-entities\kitpymes.core.entities.tests\bin\debug\net5.0\kitpymes.core.entities.tests.dll" id="6477b837-26a6-461e-9821-60425cec725c">
      <Execution id="8c411c78-cb74-4841-8edd-bf0afbba934f" />
      <TestMethod codeBase="D:\SFERRARI\01 - TRABAJO\repos\netcore\libs\template-netcore-entities\Kitpymes.Core.Entities.Tests\bin\Debug\net5.0\Kitpymes.Core.Entities.Tests.dll" adapterTypeName="executor://mstestadapter/v2" className="Kitpymes.Core.Entities.Enumerations.Tests.StatusEnumTests" name="GetAll_Passing_Nothing_Returns_Enumeracion_List" />
    </UnitTest>
    <UnitTest name="ToString_Passing_Valid_Values_Returns_Currency_String_Symbol (USD)" storage="d:\sferrari\01 - trabajo\repos\netcore\libs\template-netcore-entities\kitpymes.core.entities.tests\bin\debug\net5.0\kitpymes.core.entities.tests.dll" id="8808594e-ffed-4092-9aab-98a8137d562e">
      <Execution id="a472a306-8195-407e-b532-0692891321f2" />
      <TestMethod codeBase="D:\SFERRARI\01 - TRABAJO\repos\netcore\libs\template-netcore-entities\Kitpymes.Core.Entities.Tests\bin\Debug\net5.0\Kitpymes.Core.Entities.Tests.dll" adapterTypeName="executor://mstestadapter/v2" className="Kitpymes.Core.Entities.ValueObjects.Tests.CurrencyTests" name="ToString_Passing_Valid_Values_Returns_Currency_String_Symbol" />
    </UnitTest>
    <UnitTest name="ToEnum_Passing_Valid_String_Name_Enumeracion_Returns_Enumeracion" storage="d:\sferrari\01 - trabajo\repos\netcore\libs\template-netcore-entities\kitpymes.core.entities.tests\bin\debug\net5.0\kitpymes.core.entities.tests.dll" id="ce01a80d-f96a-4437-8220-6087a3339c9e">
      <Execution id="249548f2-734e-4ce6-bb2f-bc0fd48aad90" />
      <TestMethod codeBase="D:\SFERRARI\01 - TRABAJO\repos\netcore\libs\template-netcore-entities\Kitpymes.Core.Entities.Tests\bin\Debug\net5.0\Kitpymes.Core.Entities.Tests.dll" adapterTypeName="executor://mstestadapter/v2" className="Kitpymes.Core.Entities.Enumerations.Tests.LogTypeEnumTests" name="ToEnum_Passing_Valid_String_Name_Enumeracion_Returns_Enumeracion" />
    </UnitTest>
    <UnitTest name="IsNull_Passing_Valid_Value_Returns_False (tenantA)" storage="d:\sferrari\01 - trabajo\repos\netcore\libs\template-netcore-entities\kitpymes.core.entities.tests\bin\debug\net5.0\kitpymes.core.entities.tests.dll" id="35fc11b2-709b-46f6-8cce-53977fd338c7">
      <Execution id="0ebc7316-2d45-47fc-9e8c-41e67b71aeae" />
      <TestMethod codeBase="D:\SFERRARI\01 - TRABAJO\repos\netcore\libs\template-netcore-entities\Kitpymes.Core.Entities.Tests\bin\Debug\net5.0\Kitpymes.Core.Entities.Tests.dll" adapterTypeName="executor://mstestadapter/v2" className="Kitpymes.Core.Entities.ValueObjects.Tests.TenantNameTests" name="IsNull_Passing_Valid_Value_Returns_False" />
    </UnitTest>
    <UnitTest name="OperatorEqual_Passing_Valid_Values_Returns_True (EUR)" storage="d:\sferrari\01 - trabajo\repos\netcore\libs\template-netcore-entities\kitpymes.core.entities.tests\bin\debug\net5.0\kitpymes.core.entities.tests.dll" id="e6ad681e-f959-4eb9-95d3-f1f14dd7b9d6">
      <Execution id="654588fb-5fb6-4520-b87c-5c2f9255e466" />
      <TestMethod codeBase="D:\SFERRARI\01 - TRABAJO\repos\netcore\libs\template-netcore-entities\Kitpymes.Core.Entities.Tests\bin\Debug\net5.0\Kitpymes.Core.Entities.Tests.dll" adapterTypeName="executor://mstestadapter/v2" className="Kitpymes.Core.Entities.ValueObjects.Tests.CurrencyTests" name="OperatorEqual_Passing_Valid_Values_Returns_True" />
    </UnitTest>
    <UnitTest name="OperatorNotEqual_Passing_Valid_Values_Returns_True (tenant_1)" storage="d:\sferrari\01 - trabajo\repos\netcore\libs\template-netcore-entities\kitpymes.core.entities.tests\bin\debug\net5.0\kitpymes.core.entities.tests.dll" id="09308507-09a3-4299-bf66-f308f4549b87">
      <Execution id="c58705ce-f893-472a-b253-7717d6a9a6bf" />
      <TestMethod codeBase="D:\SFERRARI\01 - TRABAJO\repos\netcore\libs\template-netcore-entities\Kitpymes.Core.Entities.Tests\bin\Debug\net5.0\Kitpymes.Core.Entities.Tests.dll" adapterTypeName="executor://mstestadapter/v2" className="Kitpymes.Core.Entities.ValueObjects.Tests.TenantNameTests" name="OperatorNotEqual_Passing_Valid_Values_Returns_True" />
    </UnitTest>
    <UnitTest name="IsNull_Passing_Valid_Value_Returns_False (34fsds@sdd.fgg)" storage="d:\sferrari\01 - trabajo\repos\netcore\libs\template-netcore-entities\kitpymes.core.entities.tests\bin\debug\net5.0\kitpymes.core.entities.tests.dll" id="7dbdd037-8098-456a-ae2b-e790ff346a0d">
      <Execution id="73d51e6a-60ac-4d1a-b1a7-3789183c2b50" />
      <TestMethod codeBase="D:\SFERRARI\01 - TRABAJO\repos\netcore\libs\template-netcore-entities\Kitpymes.Core.Entities.Tests\bin\Debug\net5.0\Kitpymes.Core.Entities.Tests.dll" adapterTypeName="executor://mstestadapter/v2" className="Kitpymes.Core.Entities.ValueObjects.Tests.EmailTests" name="IsNull_Passing_Valid_Value_Returns_False" />
    </UnitTest>
    <UnitTest name="OperatorEqual_Passing_Valid_Values_Returns_True (stage_hackerone.com)" storage="d:\sferrari\01 - trabajo\repos\netcore\libs\template-netcore-entities\kitpymes.core.entities.tests\bin\debug\net5.0\kitpymes.core.entities.tests.dll" id="c2e99e97-d405-412d-ba07-30a1bb587a46">
      <Execution id="df4a8c16-02fc-4d0b-958d-060599958bb4" />
      <TestMethod codeBase="D:\SFERRARI\01 - TRABAJO\repos\netcore\libs\template-netcore-entities\Kitpymes.Core.Entities.Tests\bin\Debug\net5.0\Kitpymes.Core.Entities.Tests.dll" adapterTypeName="executor://mstestadapter/v2" className="Kitpymes.Core.Entities.ValueObjects.Tests.SubdomainTests" name="OperatorEqual_Passing_Valid_Values_Returns_True" />
    </UnitTest>
    <UnitTest name="OperatorNotEqual_Passing_Valid_Values_Returns_False (TenantA)" storage="d:\sferrari\01 - trabajo\repos\netcore\libs\template-netcore-entities\kitpymes.core.entities.tests\bin\debug\net5.0\kitpymes.core.entities.tests.dll" id="d8b4a77b-b599-4e10-adb9-e7ebf8b08358">
      <Execution id="f5d70a4c-0d22-44fd-997d-c727984a59b4" />
      <TestMethod codeBase="D:\SFERRARI\01 - TRABAJO\repos\netcore\libs\template-netcore-entities\Kitpymes.Core.Entities.Tests\bin\Debug\net5.0\Kitpymes.Core.Entities.Tests.dll" adapterTypeName="executor://mstestadapter/v2" className="Kitpymes.Core.Entities.ValueObjects.Tests.TenantNameTests" name="OperatorNotEqual_Passing_Valid_Values_Returns_False" />
    </UnitTest>
    <UnitTest name="Equals_Passing_Valid_Values_Returns_True (Sabadell)" storage="d:\sferrari\01 - trabajo\repos\netcore\libs\template-netcore-entities\kitpymes.core.entities.tests\bin\debug\net5.0\kitpymes.core.entities.tests.dll" id="57b045c2-be1a-49b1-b7b8-e1e84c0ce86f">
      <Execution id="6a1a39e6-9733-406d-a971-5509f1731a45" />
      <TestMethod codeBase="D:\SFERRARI\01 - TRABAJO\repos\netcore\libs\template-netcore-entities\Kitpymes.Core.Entities.Tests\bin\Debug\net5.0\Kitpymes.Core.Entities.Tests.dll" adapterTypeName="executor://mstestadapter/v2" className="Kitpymes.Core.Entities.ValueObjects.Tests.StringIdTests" name="Equals_Passing_Valid_Values_Returns_True" />
    </UnitTest>
    <UnitTest name="OperatorEqual_Passing_Valid_Distinct_Values_Returns_False (TENANT_A)" storage="d:\sferrari\01 - trabajo\repos\netcore\libs\template-netcore-entities\kitpymes.core.entities.tests\bin\debug\net5.0\kitpymes.core.entities.tests.dll" id="35936e61-300e-4b4f-bd10-1dcec6113079">
      <Execution id="f76aba0f-28d9-4c4c-a11f-c590e874cca6" />
      <TestMethod codeBase="D:\SFERRARI\01 - TRABAJO\repos\netcore\libs\template-netcore-entities\Kitpymes.Core.Entities.Tests\bin\Debug\net5.0\Kitpymes.Core.Entities.Tests.dll" adapterTypeName="executor://mstestadapter/v2" className="Kitpymes.Core.Entities.ValueObjects.Tests.TenantNameTests" name="OperatorEqual_Passing_Valid_Distinct_Values_Returns_False" />
    </UnitTest>
    <UnitTest name="OperatorNotEqual_Passing_Valid_Values_Returns_False (Españã)" storage="d:\sferrari\01 - trabajo\repos\netcore\libs\template-netcore-entities\kitpymes.core.entities.tests\bin\debug\net5.0\kitpymes.core.entities.tests.dll" id="0b5dbc10-a7e7-46a0-862e-7b350b5ecc27">
      <Execution id="77396865-0beb-4b86-9c47-af4a18624b23" />
      <TestMethod codeBase="D:\SFERRARI\01 - TRABAJO\repos\netcore\libs\template-netcore-entities\Kitpymes.Core.Entities.Tests\bin\Debug\net5.0\Kitpymes.Core.Entities.Tests.dll" adapterTypeName="executor://mstestadapter/v2" className="Kitpymes.Core.Entities.ValueObjects.Tests.NameTests" name="OperatorNotEqual_Passing_Valid_Values_Returns_False" />
    </UnitTest>
    <UnitTest name="OperatorNotEqual_Passing_Valid_Values_Returns_True (San Bartoleme De Tirajana)" storage="d:\sferrari\01 - trabajo\repos\netcore\libs\template-netcore-entities\kitpymes.core.entities.tests\bin\debug\net5.0\kitpymes.core.entities.tests.dll" id="e4ba0315-777f-4cce-9329-56853375be14">
      <Execution id="3919eed9-8211-4503-9a94-6c249e391bb2" />
      <TestMethod codeBase="D:\SFERRARI\01 - TRABAJO\repos\netcore\libs\template-netcore-entities\Kitpymes.Core.Entities.Tests\bin\Debug\net5.0\Kitpymes.Core.Entities.Tests.dll" adapterTypeName="executor://mstestadapter/v2" className="Kitpymes.Core.Entities.ValueObjects.Tests.StringIdTests" name="OperatorNotEqual_Passing_Valid_Values_Returns_True" />
    </UnitTest>
    <UnitTest name="ToString_Passing_Valid_Values_Returns_Value_String_Format (Sabadell,Barcelona)" storage="d:\sferrari\01 - trabajo\repos\netcore\libs\template-netcore-entities\kitpymes.core.entities.tests\bin\debug\net5.0\kitpymes.core.entities.tests.dll" id="5889c5d7-621f-44e2-a888-7968bb785258">
      <Execution id="e292a467-8dee-4a98-bb64-d623f68bd545" />
      <TestMethod codeBase="D:\SFERRARI\01 - TRABAJO\repos\netcore\libs\template-netcore-entities\Kitpymes.Core.Entities.Tests\bin\Debug\net5.0\Kitpymes.Core.Entities.Tests.dll" adapterTypeName="executor://mstestadapter/v2" className="Kitpymes.Core.Entities.ValueObjects.Tests.FullNameTests" name="ToString_Passing_Valid_Values_Returns_Value_String_Format" />
    </UnitTest>
    <UnitTest name="OperatorNotEqual_Passing_Valid_Values_Returns_True (34fsds@sdd.fgg)" storage="d:\sferrari\01 - trabajo\repos\netcore\libs\template-netcore-entities\kitpymes.core.entities.tests\bin\debug\net5.0\kitpymes.core.entities.tests.dll" id="1834fff8-9d88-43b5-9df3-b6c5738f9544">
      <Execution id="f058bf47-7f8d-44d2-b17c-772527254094" />
      <TestMethod codeBase="D:\SFERRARI\01 - TRABAJO\repos\netcore\libs\template-netcore-entities\Kitpymes.Core.Entities.Tests\bin\Debug\net5.0\Kitpymes.Core.Entities.Tests.dll" adapterTypeName="executor://mstestadapter/v2" className="Kitpymes.Core.Entities.ValueObjects.Tests.EmailTests" name="OperatorNotEqual_Passing_Valid_Values_Returns_True" />
    </UnitTest>
    <UnitTest name="OperatorNotEqual_Passing_Valid_Values_Returns_False (456,43543543543)" storage="d:\sferrari\01 - trabajo\repos\netcore\libs\template-netcore-entities\kitpymes.core.entities.tests\bin\debug\net5.0\kitpymes.core.entities.tests.dll" id="594f1869-daa6-49da-8983-c73db0115f2e">
      <Execution id="b74e7a65-3f16-470a-b82d-27a26b5e5603" />
      <TestMethod codeBase="D:\SFERRARI\01 - TRABAJO\repos\netcore\libs\template-netcore-entities\Kitpymes.Core.Entities.Tests\bin\Debug\net5.0\Kitpymes.Core.Entities.Tests.dll" adapterTypeName="executor://mstestadapter/v2" className="Kitpymes.Core.Entities.ValueObjects.Tests.TelephoneTests" name="OperatorNotEqual_Passing_Valid_Values_Returns_False" />
    </UnitTest>
    <UnitTest name="ToEnum_Passing_Valid_IntName_Enumeracion_Returns_Enumeracion" storage="d:\sferrari\01 - trabajo\repos\netcore\libs\template-netcore-entities\kitpymes.core.entities.tests\bin\debug\net5.0\kitpymes.core.entities.tests.dll" id="dc6e4ed1-5eff-4c62-aca0-f8351ce2d9de">
      <Execution id="b5b915b9-03ac-4ce9-8d1f-7e56479716d8" />
      <TestMethod codeBase="D:\SFERRARI\01 - TRABAJO\repos\netcore\libs\template-netcore-entities\Kitpymes.Core.Entities.Tests\bin\Debug\net5.0\Kitpymes.Core.Entities.Tests.dll" adapterTypeName="executor://mstestadapter/v2" className="Kitpymes.Core.Entities.Enumerations.Tests.GenderTypeEnumTests" name="ToEnum_Passing_Valid_IntName_Enumeracion_Returns_Enumeracion" />
    </UnitTest>
    <UnitTest name="Create_Passing_InvalidOrNull_Value_Returns_ApplicationException ()" storage="d:\sferrari\01 - trabajo\repos\netcore\libs\template-netcore-entities\kitpymes.core.entities.tests\bin\debug\net5.0\kitpymes.core.entities.tests.dll" id="6b035d5c-508b-4542-b586-29a51131711e">
      <Execution id="e38a63b1-088c-4a91-a577-6a4e25357ad0" />
      <TestMethod codeBase="D:\SFERRARI\01 - TRABAJO\repos\netcore\libs\template-netcore-entities\Kitpymes.Core.Entities.Tests\bin\Debug\net5.0\Kitpymes.Core.Entities.Tests.dll" adapterTypeName="executor://mstestadapter/v2" className="Kitpymes.Core.Entities.ValueObjects.Tests.EmailTests" name="Create_Passing_InvalidOrNull_Value_Returns_ApplicationException" />
    </UnitTest>
    <UnitTest name="OperatorNotEqual_Passing_Valid_Values_Returns_False (Españħ)" storage="d:\sferrari\01 - trabajo\repos\netcore\libs\template-netcore-entities\kitpymes.core.entities.tests\bin\debug\net5.0\kitpymes.core.entities.tests.dll" id="71e7b24d-068e-4782-89bd-adaf26841992">
      <Execution id="b8053167-d613-4b5d-bf74-62da9c44b998" />
      <TestMethod codeBase="D:\SFERRARI\01 - TRABAJO\repos\netcore\libs\template-netcore-entities\Kitpymes.Core.Entities.Tests\bin\Debug\net5.0\Kitpymes.Core.Entities.Tests.dll" adapterTypeName="executor://mstestadapter/v2" className="Kitpymes.Core.Entities.ValueObjects.Tests.NameTests" name="OperatorNotEqual_Passing_Valid_Values_Returns_False" />
    </UnitTest>
    <UnitTest name="OperatorEqual_Passing_Valid_Distinct_Values_Returns_False (Sabadell,Barcelona,España)" storage="d:\sferrari\01 - trabajo\repos\netcore\libs\template-netcore-entities\kitpymes.core.entities.tests\bin\debug\net5.0\kitpymes.core.entities.tests.dll" id="50442e13-b377-4c96-9f76-907f5b8afee3">
      <Execution id="6ac0a925-978b-46cd-b54b-187e88ab5636" />
      <TestMethod codeBase="D:\SFERRARI\01 - TRABAJO\repos\netcore\libs\template-netcore-entities\Kitpymes.Core.Entities.Tests\bin\Debug\net5.0\Kitpymes.Core.Entities.Tests.dll" adapterTypeName="executor://mstestadapter/v2" className="Kitpymes.Core.Entities.ValueObjects.Tests.FullNameTests" name="OperatorEqual_Passing_Valid_Distinct_Values_Returns_False" />
    </UnitTest>
    <UnitTest name="Create_Passing_InvalidOrNull_Value_Returns_ApplicationException (,8768768768)" storage="d:\sferrari\01 - trabajo\repos\netcore\libs\template-netcore-entities\kitpymes.core.entities.tests\bin\debug\net5.0\kitpymes.core.entities.tests.dll" id="93bb4581-da7f-46ca-b16c-6ce5d6c77017">
      <Execution id="d44584d7-bbfa-4ab3-8a8b-d4bfae1578ae" />
      <TestMethod codeBase="D:\SFERRARI\01 - TRABAJO\repos\netcore\libs\template-netcore-entities\Kitpymes.Core.Entities.Tests\bin\Debug\net5.0\Kitpymes.Core.Entities.Tests.dll" adapterTypeName="executor://mstestadapter/v2" className="Kitpymes.Core.Entities.ValueObjects.Tests.TelephoneTests" name="Create_Passing_InvalidOrNull_Value_Returns_ApplicationException" />
    </UnitTest>
    <UnitTest name="Equals_Passing_Valid_Distinct_Values_Returns_False (Españħ)" storage="d:\sferrari\01 - trabajo\repos\netcore\libs\template-netcore-entities\kitpymes.core.entities.tests\bin\debug\net5.0\kitpymes.core.entities.tests.dll" id="4daf8d50-a1ab-48e0-b7b3-5ba728750ff5">
      <Execution id="a1a18826-7eef-44a9-ab84-d1a3716d6192" />
      <TestMethod codeBase="D:\SFERRARI\01 - TRABAJO\repos\netcore\libs\template-netcore-entities\Kitpymes.Core.Entities.Tests\bin\Debug\net5.0\Kitpymes.Core.Entities.Tests.dll" adapterTypeName="executor://mstestadapter/v2" className="Kitpymes.Core.Entities.ValueObjects.Tests.NameTests" name="Equals_Passing_Valid_Distinct_Values_Returns_False" />
    </UnitTest>
    <UnitTest name="ToString_Passing_Valid_Values_Returns_Subdomain (www.hackerone-com)" storage="d:\sferrari\01 - trabajo\repos\netcore\libs\template-netcore-entities\kitpymes.core.entities.tests\bin\debug\net5.0\kitpymes.core.entities.tests.dll" id="65f667d4-5823-428b-afbb-893967e4ce79">
      <Execution id="44af7337-f681-46b8-8f45-f1ff8aac0424" />
      <TestMethod codeBase="D:\SFERRARI\01 - TRABAJO\repos\netcore\libs\template-netcore-entities\Kitpymes.Core.Entities.Tests\bin\Debug\net5.0\Kitpymes.Core.Entities.Tests.dll" adapterTypeName="executor://mstestadapter/v2" className="Kitpymes.Core.Entities.ValueObjects.Tests.SubdomainTests" name="ToString_Passing_Valid_Values_Returns_Subdomain" />
    </UnitTest>
    <UnitTest name="OperatorEqual_Passing_Valid_Values_Returns_True (Tenant_1)" storage="d:\sferrari\01 - trabajo\repos\netcore\libs\template-netcore-entities\kitpymes.core.entities.tests\bin\debug\net5.0\kitpymes.core.entities.tests.dll" id="7768da7d-5e21-4241-94c8-83560da33e89">
      <Execution id="c66f06d1-8815-45ad-bcd5-50dc3ed1b9f0" />
      <TestMethod codeBase="D:\SFERRARI\01 - TRABAJO\repos\netcore\libs\template-netcore-entities\Kitpymes.Core.Entities.Tests\bin\Debug\net5.0\Kitpymes.Core.Entities.Tests.dll" adapterTypeName="executor://mstestadapter/v2" className="Kitpymes.Core.Entities.ValueObjects.Tests.TenantNameTests" name="OperatorEqual_Passing_Valid_Values_Returns_True" />
    </UnitTest>
    <UnitTest name="ToString_Passing_Valid_Values_Returns_Name (tenant_A)" storage="d:\sferrari\01 - trabajo\repos\netcore\libs\template-netcore-entities\kitpymes.core.entities.tests\bin\debug\net5.0\kitpymes.core.entities.tests.dll" id="10d31361-8858-4e94-bdfd-6f7a69aa6380">
      <Execution id="d2b32b7b-b75c-4358-a9d3-fbd7db52170c" />
      <TestMethod codeBase="D:\SFERRARI\01 - TRABAJO\repos\netcore\libs\template-netcore-entities\Kitpymes.Core.Entities.Tests\bin\Debug\net5.0\Kitpymes.Core.Entities.Tests.dll" adapterTypeName="executor://mstestadapter/v2" className="Kitpymes.Core.Entities.ValueObjects.Tests.TenantNameTests" name="ToString_Passing_Valid_Values_Returns_Name" />
    </UnitTest>
    <UnitTest name="OperatorEqual_Passing_Valid_Distinct_Values_Returns_False (Tenant_1)" storage="d:\sferrari\01 - trabajo\repos\netcore\libs\template-netcore-entities\kitpymes.core.entities.tests\bin\debug\net5.0\kitpymes.core.entities.tests.dll" id="0b535742-cfbe-4272-8760-125ffe5beeb8">
      <Execution id="64d2e145-4fe5-4e1e-8479-b69bd30a31d9" />
      <TestMethod codeBase="D:\SFERRARI\01 - TRABAJO\repos\netcore\libs\template-netcore-entities\Kitpymes.Core.Entities.Tests\bin\Debug\net5.0\Kitpymes.Core.Entities.Tests.dll" adapterTypeName="executor://mstestadapter/v2" className="Kitpymes.Core.Entities.ValueObjects.Tests.TenantNameTests" name="OperatorEqual_Passing_Valid_Distinct_Values_Returns_False" />
    </UnitTest>
    <UnitTest name="ToEnum_Passing_Invalid_String_Name_Enumeracion_Returns_Null" storage="d:\sferrari\01 - trabajo\repos\netcore\libs\template-netcore-entities\kitpymes.core.entities.tests\bin\debug\net5.0\kitpymes.core.entities.tests.dll" id="a47a6101-cafc-4a29-9386-61eea85a1eaa">
      <Execution id="7f7d8210-1cbb-4c67-a42b-04814481d455" />
      <TestMethod codeBase="D:\SFERRARI\01 - TRABAJO\repos\netcore\libs\template-netcore-entities\Kitpymes.Core.Entities.Tests\bin\Debug\net5.0\Kitpymes.Core.Entities.Tests.dll" adapterTypeName="executor://mstestadapter/v2" className="Kitpymes.Core.Entities.Enumerations.Tests.LogTypeEnumTests" name="ToEnum_Passing_Invalid_String_Name_Enumeracion_Returns_Null" />
    </UnitTest>
    <UnitTest name="ToNormalize_Passing_Valid_Values_Returns_Address_String_Format (bb_ads@ggg.cc)" storage="d:\sferrari\01 - trabajo\repos\netcore\libs\template-netcore-entities\kitpymes.core.entities.tests\bin\debug\net5.0\kitpymes.core.entities.tests.dll" id="531a0d67-467e-4c26-ae5e-f448688e2806">
      <Execution id="06961d0e-f644-4426-98d7-42c0eb5ec38e" />
      <TestMethod codeBase="D:\SFERRARI\01 - TRABAJO\repos\netcore\libs\template-netcore-entities\Kitpymes.Core.Entities.Tests\bin\Debug\net5.0\Kitpymes.Core.Entities.Tests.dll" adapterTypeName="executor://mstestadapter/v2" className="Kitpymes.Core.Entities.ValueObjects.Tests.EmailTests" name="ToNormalize_Passing_Valid_Values_Returns_Address_String_Format" />
    </UnitTest>
    <UnitTest name="Equals_Passing_Valid_Values_Returns_True (app.hackerone1.com)" storage="d:\sferrari\01 - trabajo\repos\netcore\libs\template-netcore-entities\kitpymes.core.entities.tests\bin\debug\net5.0\kitpymes.core.entities.tests.dll" id="d654c493-0fe1-4264-9ebb-78a76d88d9fe">
      <Execution id="87ce365b-ef0d-4c15-ae8c-133911a505a5" />
      <TestMethod codeBase="D:\SFERRARI\01 - TRABAJO\repos\netcore\libs\template-netcore-entities\Kitpymes.Core.Entities.Tests\bin\Debug\net5.0\Kitpymes.Core.Entities.Tests.dll" adapterTypeName="executor://mstestadapter/v2" className="Kitpymes.Core.Entities.ValueObjects.Tests.SubdomainTests" name="Equals_Passing_Valid_Values_Returns_True" />
    </UnitTest>
    <UnitTest name="Equals_Passing_Valid_Distinct_Values_Returns_False (dasdasd@dsasd.ff)" storage="d:\sferrari\01 - trabajo\repos\netcore\libs\template-netcore-entities\kitpymes.core.entities.tests\bin\debug\net5.0\kitpymes.core.entities.tests.dll" id="2ba6e73b-6aa3-466c-855a-f0523a1929af">
      <Execution id="c869a844-f6b0-493e-bebd-9536f747d7b7" />
      <TestMethod codeBase="D:\SFERRARI\01 - TRABAJO\repos\netcore\libs\template-netcore-entities\Kitpymes.Core.Entities.Tests\bin\Debug\net5.0\Kitpymes.Core.Entities.Tests.dll" adapterTypeName="executor://mstestadapter/v2" className="Kitpymes.Core.Entities.ValueObjects.Tests.EmailTests" name="Equals_Passing_Valid_Distinct_Values_Returns_False" />
    </UnitTest>
    <UnitTest name="OperatorEqual_Passing_Valid_Distinct_Values_Returns_False (San Bartoleme De Tirajana)" storage="d:\sferrari\01 - trabajo\repos\netcore\libs\template-netcore-entities\kitpymes.core.entities.tests\bin\debug\net5.0\kitpymes.core.entities.tests.dll" id="ce8b4bcd-1cdb-45cb-abe9-f62fdf5bde7d">
      <Execution id="0cb47508-2b51-4168-af1c-567540f093f4" />
      <TestMethod codeBase="D:\SFERRARI\01 - TRABAJO\repos\netcore\libs\template-netcore-entities\Kitpymes.Core.Entities.Tests\bin\Debug\net5.0\Kitpymes.Core.Entities.Tests.dll" adapterTypeName="executor://mstestadapter/v2" className="Kitpymes.Core.Entities.ValueObjects.Tests.StringIdTests" name="OperatorEqual_Passing_Valid_Distinct_Values_Returns_False" />
    </UnitTest>
    <UnitTest name="ToFullString_Passing_Valid_Values_Returns_Value_String_Format (Sabadell,Barcelona,España)" storage="d:\sferrari\01 - trabajo\repos\netcore\libs\template-netcore-entities\kitpymes.core.entities.tests\bin\debug\net5.0\kitpymes.core.entities.tests.dll" id="64bca214-51b8-4a75-8a76-b5f698ba88ed">
      <Execution id="f35707be-c71c-467b-8621-2cb1c51a1111" />
      <TestMethod codeBase="D:\SFERRARI\01 - TRABAJO\repos\netcore\libs\template-netcore-entities\Kitpymes.Core.Entities.Tests\bin\Debug\net5.0\Kitpymes.Core.Entities.Tests.dll" adapterTypeName="executor://mstestadapter/v2" className="Kitpymes.Core.Entities.ValueObjects.Tests.FullNameTests" name="ToFullString_Passing_Valid_Values_Returns_Value_String_Format" />
    </UnitTest>
    <UnitTest name="Create_Passing_Valid_Value_Returns_Email (34fsds@sdd.fgg)" storage="d:\sferrari\01 - trabajo\repos\netcore\libs\template-netcore-entities\kitpymes.core.entities.tests\bin\debug\net5.0\kitpymes.core.entities.tests.dll" id="8a361d99-feac-4cf5-bf83-e55d964cb801">
      <Execution id="e3d9236d-05b7-4971-a1ce-612c8fe1a017" />
      <TestMethod codeBase="D:\SFERRARI\01 - TRABAJO\repos\netcore\libs\template-netcore-entities\Kitpymes.Core.Entities.Tests\bin\Debug\net5.0\Kitpymes.Core.Entities.Tests.dll" adapterTypeName="executor://mstestadapter/v2" className="Kitpymes.Core.Entities.ValueObjects.Tests.EmailTests" name="Create_Passing_Valid_Value_Returns_Email" />
    </UnitTest>
    <UnitTest name="Equals_Passing_Valid_Values_Returns_True (Españħ)" storage="d:\sferrari\01 - trabajo\repos\netcore\libs\template-netcore-entities\kitpymes.core.entities.tests\bin\debug\net5.0\kitpymes.core.entities.tests.dll" id="b7ae5b24-fcdd-4eb2-8b70-1e39a6b51c64">
      <Execution id="4ce11dd2-e9cc-408a-b405-f9883b9ec10c" />
      <TestMethod codeBase="D:\SFERRARI\01 - TRABAJO\repos\netcore\libs\template-netcore-entities\Kitpymes.Core.Entities.Tests\bin\Debug\net5.0\Kitpymes.Core.Entities.Tests.dll" adapterTypeName="executor://mstestadapter/v2" className="Kitpymes.Core.Entities.ValueObjects.Tests.NameTests" name="Equals_Passing_Valid_Values_Returns_True" />
    </UnitTest>
    <UnitTest name="OperatorNotEqual_Passing_Valid_Values_Returns_False (www.hackerone-com)" storage="d:\sferrari\01 - trabajo\repos\netcore\libs\template-netcore-entities\kitpymes.core.entities.tests\bin\debug\net5.0\kitpymes.core.entities.tests.dll" id="1a1d6adf-d48e-4e7e-a615-51aeb27719d5">
      <Execution id="35eefe78-33d4-477e-8b68-6b39fb5b3bc2" />
      <TestMethod codeBase="D:\SFERRARI\01 - TRABAJO\repos\netcore\libs\template-netcore-entities\Kitpymes.Core.Entities.Tests\bin\Debug\net5.0\Kitpymes.Core.Entities.Tests.dll" adapterTypeName="executor://mstestadapter/v2" className="Kitpymes.Core.Entities.ValueObjects.Tests.SubdomainTests" name="OperatorNotEqual_Passing_Valid_Values_Returns_False" />
    </UnitTest>
    <UnitTest name="OperatorNotEqual_Passing_Valid_Values_Returns_True (456,43543543543)" storage="d:\sferrari\01 - trabajo\repos\netcore\libs\template-netcore-entities\kitpymes.core.entities.tests\bin\debug\net5.0\kitpymes.core.entities.tests.dll" id="ddc21c2f-4f82-4e4f-a219-be65cf290935">
      <Execution id="0357133c-3b12-4d6e-b594-267f549d2bb5" />
      <TestMethod codeBase="D:\SFERRARI\01 - TRABAJO\repos\netcore\libs\template-netcore-entities\Kitpymes.Core.Entities.Tests\bin\Debug\net5.0\Kitpymes.Core.Entities.Tests.dll" adapterTypeName="executor://mstestadapter/v2" className="Kitpymes.Core.Entities.ValueObjects.Tests.TelephoneTests" name="OperatorNotEqual_Passing_Valid_Values_Returns_True" />
    </UnitTest>
    <UnitTest name="ToEnum_Passing_Invalid_String_Name_Returns_Null" storage="d:\sferrari\01 - trabajo\repos\netcore\libs\template-netcore-entities\kitpymes.core.entities.tests\bin\debug\net5.0\kitpymes.core.entities.tests.dll" id="8656f3fb-3f2b-4d10-bd8d-a97ff4d0708d">
      <Execution id="e7057546-cd64-487b-9d6a-14ca4d12f7f7" />
      <TestMethod codeBase="D:\SFERRARI\01 - TRABAJO\repos\netcore\libs\template-netcore-entities\Kitpymes.Core.Entities.Tests\bin\Debug\net5.0\Kitpymes.Core.Entities.Tests.dll" adapterTypeName="executor://mstestadapter/v2" className="Kitpymes.Core.Entities.Enumerations.Tests.StatusEnumTests" name="ToEnum_Passing_Invalid_String_Name_Returns_Null" />
    </UnitTest>
    <UnitTest name="Equals_Passing_Valid_Values_Returns_True (tenant1)" storage="d:\sferrari\01 - trabajo\repos\netcore\libs\template-netcore-entities\kitpymes.core.entities.tests\bin\debug\net5.0\kitpymes.core.entities.tests.dll" id="6df6293c-7699-4c1d-aa62-1df902489ed6">
      <Execution id="d9ffbf85-b44a-4d6e-b841-4d0d9e365fc2" />
      <TestMethod codeBase="D:\SFERRARI\01 - TRABAJO\repos\netcore\libs\template-netcore-entities\Kitpymes.Core.Entities.Tests\bin\Debug\net5.0\Kitpymes.Core.Entities.Tests.dll" adapterTypeName="executor://mstestadapter/v2" className="Kitpymes.Core.Entities.ValueObjects.Tests.TenantNameTests" name="Equals_Passing_Valid_Values_Returns_True" />
    </UnitTest>
    <UnitTest name="OperatorNotEqual_Passing_Valid_Values_Returns_True (Sabadell,Barcelona,España)" storage="d:\sferrari\01 - trabajo\repos\netcore\libs\template-netcore-entities\kitpymes.core.entities.tests\bin\debug\net5.0\kitpymes.core.entities.tests.dll" id="19a1a491-ac56-4491-aa12-c21fc3ed85a3">
      <Execution id="ee458557-0347-4768-a822-30524e06ba55" />
      <TestMethod codeBase="D:\SFERRARI\01 - TRABAJO\repos\netcore\libs\template-netcore-entities\Kitpymes.Core.Entities.Tests\bin\Debug\net5.0\Kitpymes.Core.Entities.Tests.dll" adapterTypeName="executor://mstestadapter/v2" className="Kitpymes.Core.Entities.ValueObjects.Tests.FullNameTests" name="OperatorNotEqual_Passing_Valid_Values_Returns_True" />
    </UnitTest>
    <UnitTest name="OperatorEqual_Passing_Valid_Values_Returns_True (TENANT_A)" storage="d:\sferrari\01 - trabajo\repos\netcore\libs\template-netcore-entities\kitpymes.core.entities.tests\bin\debug\net5.0\kitpymes.core.entities.tests.dll" id="df658ae9-2350-48cc-a742-ede28d7e855f">
      <Execution id="a28f251d-e03f-4cb9-9b36-58aeefa38019" />
      <TestMethod codeBase="D:\SFERRARI\01 - TRABAJO\repos\netcore\libs\template-netcore-entities\Kitpymes.Core.Entities.Tests\bin\Debug\net5.0\Kitpymes.Core.Entities.Tests.dll" adapterTypeName="executor://mstestadapter/v2" className="Kitpymes.Core.Entities.ValueObjects.Tests.TenantNameTests" name="OperatorEqual_Passing_Valid_Values_Returns_True" />
    </UnitTest>
    <UnitTest name="ToNormalize_Passing_Valid_Values_Returns_Name_String_Format (Españá,Espana)" storage="d:\sferrari\01 - trabajo\repos\netcore\libs\template-netcore-entities\kitpymes.core.entities.tests\bin\debug\net5.0\kitpymes.core.entities.tests.dll" id="165693f4-8008-4686-b67c-9a1668b88da6">
      <Execution id="cefcf970-c0f3-4264-b57f-5673713f5781" />
      <TestMethod codeBase="D:\SFERRARI\01 - TRABAJO\repos\netcore\libs\template-netcore-entities\Kitpymes.Core.Entities.Tests\bin\Debug\net5.0\Kitpymes.Core.Entities.Tests.dll" adapterTypeName="executor://mstestadapter/v2" className="Kitpymes.Core.Entities.ValueObjects.Tests.NameTests" name="ToNormalize_Passing_Valid_Values_Returns_Name_String_Format" />
    </UnitTest>
    <UnitTest name="OperatorEqual_Passing_Valid_Values_Returns_True (Españá)" storage="d:\sferrari\01 - trabajo\repos\netcore\libs\template-netcore-entities\kitpymes.core.entities.tests\bin\debug\net5.0\kitpymes.core.entities.tests.dll" id="d2d4d8ec-d1c0-413b-80f8-77e810c0d50e">
      <Execution id="34fdc97e-3356-4496-b8c0-be014bfd46c2" />
      <TestMethod codeBase="D:\SFERRARI\01 - TRABAJO\repos\netcore\libs\template-netcore-entities\Kitpymes.Core.Entities.Tests\bin\Debug\net5.0\Kitpymes.Core.Entities.Tests.dll" adapterTypeName="executor://mstestadapter/v2" className="Kitpymes.Core.Entities.ValueObjects.Tests.NameTests" name="OperatorEqual_Passing_Valid_Values_Returns_True" />
    </UnitTest>
    <UnitTest name="ToString_Passing_Valid_Values_Returns_Address_String_Format (200,EUR,4)" storage="d:\sferrari\01 - trabajo\repos\netcore\libs\template-netcore-entities\kitpymes.core.entities.tests\bin\debug\net5.0\kitpymes.core.entities.tests.dll" id="bb8b5544-7a4a-4cfc-a120-db3119d71cd1">
      <Execution id="0153b820-c8f2-487d-881e-aa699edeeab3" />
      <TestMethod codeBase="D:\SFERRARI\01 - TRABAJO\repos\netcore\libs\template-netcore-entities\Kitpymes.Core.Entities.Tests\bin\Debug\net5.0\Kitpymes.Core.Entities.Tests.dll" adapterTypeName="executor://mstestadapter/v2" className="Kitpymes.Core.Entities.ValueObjects.Tests.MoneyTests" name="ToString_Passing_Valid_Values_Returns_Address_String_Format" />
    </UnitTest>
    <UnitTest name="Equals_Passing_Valid_Distinct_Values_Returns_False (tenant_1)" storage="d:\sferrari\01 - trabajo\repos\netcore\libs\template-netcore-entities\kitpymes.core.entities.tests\bin\debug\net5.0\kitpymes.core.entities.tests.dll" id="9bad31b3-75b2-4ee9-818f-908f24f0bde4">
      <Execution id="8ec73d46-e900-412b-8bba-9a8bb9be071d" />
      <TestMethod codeBase="D:\SFERRARI\01 - TRABAJO\repos\netcore\libs\template-netcore-entities\Kitpymes.Core.Entities.Tests\bin\Debug\net5.0\Kitpymes.Core.Entities.Tests.dll" adapterTypeName="executor://mstestadapter/v2" className="Kitpymes.Core.Entities.ValueObjects.Tests.TenantNameTests" name="Equals_Passing_Valid_Distinct_Values_Returns_False" />
    </UnitTest>
    <UnitTest name="Create_Passing_Valid_Values_Returns_Name (tenantA)" storage="d:\sferrari\01 - trabajo\repos\netcore\libs\template-netcore-entities\kitpymes.core.entities.tests\bin\debug\net5.0\kitpymes.core.entities.tests.dll" id="bf8b0d59-7f04-4978-a8d6-53f2b2a7faa5">
      <Execution id="b0471b6c-a15e-4b78-bfe1-735721466b09" />
      <TestMethod codeBase="D:\SFERRARI\01 - TRABAJO\repos\netcore\libs\template-netcore-entities\Kitpymes.Core.Entities.Tests\bin\Debug\net5.0\Kitpymes.Core.Entities.Tests.dll" adapterTypeName="executor://mstestadapter/v2" className="Kitpymes.Core.Entities.ValueObjects.Tests.TenantNameTests" name="Create_Passing_Valid_Values_Returns_Name" />
    </UnitTest>
    <UnitTest name="ToEnum_Passing_Valid_String_Name_Returns_Enumeracion" storage="d:\sferrari\01 - trabajo\repos\netcore\libs\template-netcore-entities\kitpymes.core.entities.tests\bin\debug\net5.0\kitpymes.core.entities.tests.dll" id="ec7c74e1-a873-4326-bbef-32db1ae50cb1">
      <Execution id="6dca23cd-4023-492c-a5b1-d12acc376837" />
      <TestMethod codeBase="D:\SFERRARI\01 - TRABAJO\repos\netcore\libs\template-netcore-entities\Kitpymes.Core.Entities.Tests\bin\Debug\net5.0\Kitpymes.Core.Entities.Tests.dll" adapterTypeName="executor://mstestadapter/v2" className="Kitpymes.Core.Entities.Enumerations.Tests.StatusEnumTests" name="ToEnum_Passing_Valid_String_Name_Returns_Enumeracion" />
    </UnitTest>
    <UnitTest name="ToNormalize_Passing_Valid_Values_Returns_Name_String_Format (Esp añâ,Esp ana)" storage="d:\sferrari\01 - trabajo\repos\netcore\libs\template-netcore-entities\kitpymes.core.entities.tests\bin\debug\net5.0\kitpymes.core.entities.tests.dll" id="a5a0f19a-32fd-467e-825b-99eb583b7059">
      <Execution id="9d552a2b-f8ed-4df3-a36e-292350907ed4" />
      <TestMethod codeBase="D:\SFERRARI\01 - TRABAJO\repos\netcore\libs\template-netcore-entities\Kitpymes.Core.Entities.Tests\bin\Debug\net5.0\Kitpymes.Core.Entities.Tests.dll" adapterTypeName="executor://mstestadapter/v2" className="Kitpymes.Core.Entities.ValueObjects.Tests.NameTests" name="ToNormalize_Passing_Valid_Values_Returns_Name_String_Format" />
    </UnitTest>
    <UnitTest name="OperatorEqual_Passing_Valid_Values_Returns_True (Sabadell)" storage="d:\sferrari\01 - trabajo\repos\netcore\libs\template-netcore-entities\kitpymes.core.entities.tests\bin\debug\net5.0\kitpymes.core.entities.tests.dll" id="80d3ffd2-5d11-41f3-95cc-d175a7f6dff8">
      <Execution id="53640555-7985-440b-997d-92267922aa7d" />
      <TestMethod codeBase="D:\SFERRARI\01 - TRABAJO\repos\netcore\libs\template-netcore-entities\Kitpymes.Core.Entities.Tests\bin\Debug\net5.0\Kitpymes.Core.Entities.Tests.dll" adapterTypeName="executor://mstestadapter/v2" className="Kitpymes.Core.Entities.ValueObjects.Tests.StringIdTests" name="OperatorEqual_Passing_Valid_Values_Returns_True" />
    </UnitTest>
    <UnitTest name="Create_Passing_Valid_Values_Returns_Name (Españá)" storage="d:\sferrari\01 - trabajo\repos\netcore\libs\template-netcore-entities\kitpymes.core.entities.tests\bin\debug\net5.0\kitpymes.core.entities.tests.dll" id="ecb0c31c-0582-4eca-bb3f-81a69060f044">
      <Execution id="088345dc-4aa5-412c-9e97-5a0c3da08b10" />
      <TestMethod codeBase="D:\SFERRARI\01 - TRABAJO\repos\netcore\libs\template-netcore-entities\Kitpymes.Core.Entities.Tests\bin\Debug\net5.0\Kitpymes.Core.Entities.Tests.dll" adapterTypeName="executor://mstestadapter/v2" className="Kitpymes.Core.Entities.ValueObjects.Tests.NameTests" name="Create_Passing_Valid_Values_Returns_Name" />
    </UnitTest>
    <UnitTest name="OperatorNotEqual_Passing_Valid_Values_Returns_True (Españç)" storage="d:\sferrari\01 - trabajo\repos\netcore\libs\template-netcore-entities\kitpymes.core.entities.tests\bin\debug\net5.0\kitpymes.core.entities.tests.dll" id="4c192971-583e-4bcd-8cac-9c3a9a20ca3a">
      <Execution id="818f2d79-5013-4986-b8de-ca593f7a364e" />
      <TestMethod codeBase="D:\SFERRARI\01 - TRABAJO\repos\netcore\libs\template-netcore-entities\Kitpymes.Core.Entities.Tests\bin\Debug\net5.0\Kitpymes.Core.Entities.Tests.dll" adapterTypeName="executor://mstestadapter/v2" className="Kitpymes.Core.Entities.ValueObjects.Tests.NameTests" name="OperatorNotEqual_Passing_Valid_Values_Returns_True" />
    </UnitTest>
    <UnitTest name="IsNull_Passing_Null_Value_Returns_True" storage="d:\sferrari\01 - trabajo\repos\netcore\libs\template-netcore-entities\kitpymes.core.entities.tests\bin\debug\net5.0\kitpymes.core.entities.tests.dll" id="dea26e40-7df0-46c5-a454-ccaef4d568cf">
      <Execution id="2e4aade0-6711-4fe9-9647-f3f0d236da7e" />
      <TestMethod codeBase="D:\SFERRARI\01 - TRABAJO\repos\netcore\libs\template-netcore-entities\Kitpymes.Core.Entities.Tests\bin\Debug\net5.0\Kitpymes.Core.Entities.Tests.dll" adapterTypeName="executor://mstestadapter/v2" className="Kitpymes.Core.Entities.ValueObjects.Tests.TelephoneTests" name="IsNull_Passing_Null_Value_Returns_True" />
    </UnitTest>
    <UnitTest name="OperatorNotEqual_Passing_Valid_Values_Returns_True (100,EUR,2)" storage="d:\sferrari\01 - trabajo\repos\netcore\libs\template-netcore-entities\kitpymes.core.entities.tests\bin\debug\net5.0\kitpymes.core.entities.tests.dll" id="b391523f-7b8e-4681-bfb7-acb7e7c66ae1">
      <Execution id="da73fbed-4e13-4abd-94a2-8cdde7dfee4b" />
      <TestMethod codeBase="D:\SFERRARI\01 - TRABAJO\repos\netcore\libs\template-netcore-entities\Kitpymes.Core.Entities.Tests\bin\Debug\net5.0\Kitpymes.Core.Entities.Tests.dll" adapterTypeName="executor://mstestadapter/v2" className="Kitpymes.Core.Entities.ValueObjects.Tests.MoneyTests" name="OperatorNotEqual_Passing_Valid_Values_Returns_True" />
    </UnitTest>
    <UnitTest name="IsNull_Passing_Valid_Value_Returns_False (TENANTA)" storage="d:\sferrari\01 - trabajo\repos\netcore\libs\template-netcore-entities\kitpymes.core.entities.tests\bin\debug\net5.0\kitpymes.core.entities.tests.dll" id="3f99bf6a-c2e0-4148-8143-956a32165ec6">
      <Execution id="266b5f8c-d16d-4e92-a5cd-3bdf80737ef7" />
      <TestMethod codeBase="D:\SFERRARI\01 - TRABAJO\repos\netcore\libs\template-netcore-entities\Kitpymes.Core.Entities.Tests\bin\Debug\net5.0\Kitpymes.Core.Entities.Tests.dll" adapterTypeName="executor://mstestadapter/v2" className="Kitpymes.Core.Entities.ValueObjects.Tests.TenantNameTests" name="IsNull_Passing_Valid_Value_Returns_False" />
    </UnitTest>
    <UnitTest name="Create_Passing_Valid_Values_Returns_Currency (USD)" storage="d:\sferrari\01 - trabajo\repos\netcore\libs\template-netcore-entities\kitpymes.core.entities.tests\bin\debug\net5.0\kitpymes.core.entities.tests.dll" id="f6141b23-70b6-460e-9cbd-589f5b86f0c3">
      <Execution id="a3a59010-a7b7-4bcf-9c24-66242260d000" />
      <TestMethod codeBase="D:\SFERRARI\01 - TRABAJO\repos\netcore\libs\template-netcore-entities\Kitpymes.Core.Entities.Tests\bin\Debug\net5.0\Kitpymes.Core.Entities.Tests.dll" adapterTypeName="executor://mstestadapter/v2" className="Kitpymes.Core.Entities.ValueObjects.Tests.CurrencyTests" name="Create_Passing_Valid_Values_Returns_Currency" />
    </UnitTest>
    <UnitTest name="ToBool_Passing_Valid_String_Active_Value_Returns_True" storage="d:\sferrari\01 - trabajo\repos\netcore\libs\template-netcore-entities\kitpymes.core.entities.tests\bin\debug\net5.0\kitpymes.core.entities.tests.dll" id="687b48d5-ede5-4f18-b0de-4b3c676c492b">
      <Execution id="ff7edd82-c946-4220-86b0-5d59aa129d33" />
      <TestMethod codeBase="D:\SFERRARI\01 - TRABAJO\repos\netcore\libs\template-netcore-entities\Kitpymes.Core.Entities.Tests\bin\Debug\net5.0\Kitpymes.Core.Entities.Tests.dll" adapterTypeName="executor://mstestadapter/v2" className="Kitpymes.Core.Entities.Enumerations.Tests.StatusEnumTests" name="ToBool_Passing_Valid_String_Active_Value_Returns_True" />
    </UnitTest>
    <UnitTest name="Create_Default_Passing_Valid_Values_Returns_StringId" storage="d:\sferrari\01 - trabajo\repos\netcore\libs\template-netcore-entities\kitpymes.core.entities.tests\bin\debug\net5.0\kitpymes.core.entities.tests.dll" id="ebd4dc5d-8ed1-4f01-93cf-b6515c5678cf">
      <Execution id="9d5ee07c-9b68-4709-b805-fdc2fc877677" />
      <TestMethod codeBase="D:\SFERRARI\01 - TRABAJO\repos\netcore\libs\template-netcore-entities\Kitpymes.Core.Entities.Tests\bin\Debug\net5.0\Kitpymes.Core.Entities.Tests.dll" adapterTypeName="executor://mstestadapter/v2" className="Kitpymes.Core.Entities.ValueObjects.Tests.StringIdTests" name="Create_Default_Passing_Valid_Values_Returns_StringId" />
    </UnitTest>
    <UnitTest name="Create_Passing_Valid_Value_Returns_Email (aaads@ggg.cc)" storage="d:\sferrari\01 - trabajo\repos\netcore\libs\template-netcore-entities\kitpymes.core.entities.tests\bin\debug\net5.0\kitpymes.core.entities.tests.dll" id="14d4ae71-7975-44c9-ad26-705d13b78293">
      <Execution id="25d6b11e-b651-40b8-9283-bb51c6f4657c" />
      <TestMethod codeBase="D:\SFERRARI\01 - TRABAJO\repos\netcore\libs\template-netcore-entities\Kitpymes.Core.Entities.Tests\bin\Debug\net5.0\Kitpymes.Core.Entities.Tests.dll" adapterTypeName="executor://mstestadapter/v2" className="Kitpymes.Core.Entities.ValueObjects.Tests.EmailTests" name="Create_Passing_Valid_Value_Returns_Email" />
    </UnitTest>
    <UnitTest name="OperatorEqual_Passing_Valid_Values_Returns_False (Tenerife,23,34567,San Bartoleme De Tirajana,Las Palmas,España)" storage="d:\sferrari\01 - trabajo\repos\netcore\libs\template-netcore-entities\kitpymes.core.entities.tests\bin\debug\net5.0\kitpymes.core.entities.tests.dll" id="ebbc5eca-5109-41be-acbe-29fcf232410e">
      <Execution id="a71af971-0b8e-42f6-acad-7ba0b98a2e25" />
      <TestMethod codeBase="D:\SFERRARI\01 - TRABAJO\repos\netcore\libs\template-netcore-entities\Kitpymes.Core.Entities.Tests\bin\Debug\net5.0\Kitpymes.Core.Entities.Tests.dll" adapterTypeName="executor://mstestadapter/v2" className="Kitpymes.Core.Entities.ValueObjects.Tests.AddressTests" name="OperatorEqual_Passing_Valid_Values_Returns_False" />
    </UnitTest>
    <UnitTest name="OperatorEqual_Passing_Valid_Values_Returns_True (USD)" storage="d:\sferrari\01 - trabajo\repos\netcore\libs\template-netcore-entities\kitpymes.core.entities.tests\bin\debug\net5.0\kitpymes.core.entities.tests.dll" id="6c4d222c-99b6-45aa-a1b4-eed3e5e4e13b">
      <Execution id="3e0f4f4b-9a89-4812-8b21-be21da6c439c" />
      <TestMethod codeBase="D:\SFERRARI\01 - TRABAJO\repos\netcore\libs\template-netcore-entities\Kitpymes.Core.Entities.Tests\bin\Debug\net5.0\Kitpymes.Core.Entities.Tests.dll" adapterTypeName="executor://mstestadapter/v2" className="Kitpymes.Core.Entities.ValueObjects.Tests.CurrencyTests" name="OperatorEqual_Passing_Valid_Values_Returns_True" />
    </UnitTest>
    <UnitTest name="ToString_Passing_Valid_Values_Returns_Address_String_Format (Tenerife,23,34567,San Bartoleme De Tirajana,Las Palmas,España)" storage="d:\sferrari\01 - trabajo\repos\netcore\libs\template-netcore-entities\kitpymes.core.entities.tests\bin\debug\net5.0\kitpymes.core.entities.tests.dll" id="3ce8f04d-3ed1-4467-8868-27c5b85b8876">
      <Execution id="977fd2db-8679-4e2a-a5f2-205e7de252b8" />
      <TestMethod codeBase="D:\SFERRARI\01 - TRABAJO\repos\netcore\libs\template-netcore-entities\Kitpymes.Core.Entities.Tests\bin\Debug\net5.0\Kitpymes.Core.Entities.Tests.dll" adapterTypeName="executor://mstestadapter/v2" className="Kitpymes.Core.Entities.ValueObjects.Tests.AddressTests" name="ToString_Passing_Valid_Values_Returns_Address_String_Format" />
    </UnitTest>
    <UnitTest name="OperatorNotEqual_Passing_Valid_Values_Returns_False (Sabadell,Barcelona,España)" storage="d:\sferrari\01 - trabajo\repos\netcore\libs\template-netcore-entities\kitpymes.core.entities.tests\bin\debug\net5.0\kitpymes.core.entities.tests.dll" id="795d7111-c381-496a-b44c-b4d35f453173">
      <Execution id="d319c0ca-bad8-4bce-a9ea-412c96fcb3c1" />
      <TestMethod codeBase="D:\SFERRARI\01 - TRABAJO\repos\netcore\libs\template-netcore-entities\Kitpymes.Core.Entities.Tests\bin\Debug\net5.0\Kitpymes.Core.Entities.Tests.dll" adapterTypeName="executor://mstestadapter/v2" className="Kitpymes.Core.Entities.ValueObjects.Tests.FullNameTests" name="OperatorNotEqual_Passing_Valid_Values_Returns_False" />
    </UnitTest>
    <UnitTest name="IsNull_Passing_Valid_Value_Returns_False (TENANT1)" storage="d:\sferrari\01 - trabajo\repos\netcore\libs\template-netcore-entities\kitpymes.core.entities.tests\bin\debug\net5.0\kitpymes.core.entities.tests.dll" id="509aefbf-14e3-4951-96f3-f4e8f9cad14b">
      <Execution id="0e024e3f-34dd-43e5-98a2-b34b131001d3" />
      <TestMethod codeBase="D:\SFERRARI\01 - TRABAJO\repos\netcore\libs\template-netcore-entities\Kitpymes.Core.Entities.Tests\bin\Debug\net5.0\Kitpymes.Core.Entities.Tests.dll" adapterTypeName="executor://mstestadapter/v2" className="Kitpymes.Core.Entities.ValueObjects.Tests.TenantNameTests" name="IsNull_Passing_Valid_Value_Returns_False" />
    </UnitTest>
    <UnitTest name="Create_Passing_InvalidOrNull_Value_Returns_ApplicationException ()" storage="d:\sferrari\01 - trabajo\repos\netcore\libs\template-netcore-entities\kitpymes.core.entities.tests\bin\debug\net5.0\kitpymes.core.entities.tests.dll" id="9b2fe221-f068-477d-b22b-72d29b9c7884">
      <Execution id="aa871d12-d0b1-463a-9d41-ed485d1ae530" />
      <TestMethod codeBase="D:\SFERRARI\01 - TRABAJO\repos\netcore\libs\template-netcore-entities\Kitpymes.Core.Entities.Tests\bin\Debug\net5.0\Kitpymes.Core.Entities.Tests.dll" adapterTypeName="executor://mstestadapter/v2" className="Kitpymes.Core.Entities.ValueObjects.Tests.StringIdTests" name="Create_Passing_InvalidOrNull_Value_Returns_ApplicationException" />
    </UnitTest>
    <UnitTest name="Change_Passing_Valid_Values_Returns_Email (bbbs@bbb.bbb,ppp@ppp.ppp)" storage="d:\sferrari\01 - trabajo\repos\netcore\libs\template-netcore-entities\kitpymes.core.entities.tests\bin\debug\net5.0\kitpymes.core.entities.tests.dll" id="227cb83f-292f-4cd9-96e0-969beba113f6">
      <Execution id="d8a78cc9-d270-4c76-b3aa-2fb3bc82c4c2" />
      <TestMethod codeBase="D:\SFERRARI\01 - TRABAJO\repos\netcore\libs\template-netcore-entities\Kitpymes.Core.Entities.Tests\bin\Debug\net5.0\Kitpymes.Core.Entities.Tests.dll" adapterTypeName="executor://mstestadapter/v2" className="Kitpymes.Core.Entities.ValueObjects.Tests.EmailTests" name="Change_Passing_Valid_Values_Returns_Email" />
    </UnitTest>
    <UnitTest name="OperatorNotEqual_Passing_Valid_Values_Returns_True (Españħ)" storage="d:\sferrari\01 - trabajo\repos\netcore\libs\template-netcore-entities\kitpymes.core.entities.tests\bin\debug\net5.0\kitpymes.core.entities.tests.dll" id="a39d6302-eea0-423d-b743-edd0d1fea7b9">
      <Execution id="d45ede77-ed67-4489-82e0-babce69fa5a2" />
      <TestMethod codeBase="D:\SFERRARI\01 - TRABAJO\repos\netcore\libs\template-netcore-entities\Kitpymes.Core.Entities.Tests\bin\Debug\net5.0\Kitpymes.Core.Entities.Tests.dll" adapterTypeName="executor://mstestadapter/v2" className="Kitpymes.Core.Entities.ValueObjects.Tests.NameTests" name="OperatorNotEqual_Passing_Valid_Values_Returns_True" />
    </UnitTest>
    <UnitTest name="OperatorEqual_Passing_Valid_Distinct_Values_Returns_False (tenant_1)" storage="d:\sferrari\01 - trabajo\repos\netcore\libs\template-netcore-entities\kitpymes.core.entities.tests\bin\debug\net5.0\kitpymes.core.entities.tests.dll" id="591360d0-65bf-4c59-8517-4c87a2702203">
      <Execution id="277d35f1-77c1-48cd-9f25-8f03de1f58f4" />
      <TestMethod codeBase="D:\SFERRARI\01 - TRABAJO\repos\netcore\libs\template-netcore-entities\Kitpymes.Core.Entities.Tests\bin\Debug\net5.0\Kitpymes.Core.Entities.Tests.dll" adapterTypeName="executor://mstestadapter/v2" className="Kitpymes.Core.Entities.ValueObjects.Tests.TenantNameTests" name="OperatorEqual_Passing_Valid_Distinct_Values_Returns_False" />
    </UnitTest>
    <UnitTest name="ToString_Passing_Valid_Values_Returns_Name (Españä)" storage="d:\sferrari\01 - trabajo\repos\netcore\libs\template-netcore-entities\kitpymes.core.entities.tests\bin\debug\net5.0\kitpymes.core.entities.tests.dll" id="06acdf18-2d3e-4733-ac12-defd9ac0a849">
      <Execution id="6491040f-aeb2-4bf2-98b8-0d7b41b14a04" />
      <TestMethod codeBase="D:\SFERRARI\01 - TRABAJO\repos\netcore\libs\template-netcore-entities\Kitpymes.Core.Entities.Tests\bin\Debug\net5.0\Kitpymes.Core.Entities.Tests.dll" adapterTypeName="executor://mstestadapter/v2" className="Kitpymes.Core.Entities.ValueObjects.Tests.NameTests" name="ToString_Passing_Valid_Values_Returns_Name" />
    </UnitTest>
    <UnitTest name="OperatorEqual_Passing_Valid_Distinct_Values_Returns_False (Españã)" storage="d:\sferrari\01 - trabajo\repos\netcore\libs\template-netcore-entities\kitpymes.core.entities.tests\bin\debug\net5.0\kitpymes.core.entities.tests.dll" id="1d728c3c-09a9-4490-8021-721e3ff8d6b7">
      <Execution id="be9811b0-3b2f-48f1-81d6-1785dd404ff9" />
      <TestMethod codeBase="D:\SFERRARI\01 - TRABAJO\repos\netcore\libs\template-netcore-entities\Kitpymes.Core.Entities.Tests\bin\Debug\net5.0\Kitpymes.Core.Entities.Tests.dll" adapterTypeName="executor://mstestadapter/v2" className="Kitpymes.Core.Entities.ValueObjects.Tests.NameTests" name="OperatorEqual_Passing_Valid_Distinct_Values_Returns_False" />
    </UnitTest>
    <UnitTest name="Create_Passing_InvalidOrNull_Value_Returns_ApplicationException (,Sabadell,España)" storage="d:\sferrari\01 - trabajo\repos\netcore\libs\template-netcore-entities\kitpymes.core.entities.tests\bin\debug\net5.0\kitpymes.core.entities.tests.dll" id="12787ac5-74be-4847-8160-8dfc728817d1">
      <Execution id="4f53f12b-dc1f-402b-b73d-0d1eb68b34e3" />
      <TestMethod codeBase="D:\SFERRARI\01 - TRABAJO\repos\netcore\libs\template-netcore-entities\Kitpymes.Core.Entities.Tests\bin\Debug\net5.0\Kitpymes.Core.Entities.Tests.dll" adapterTypeName="executor://mstestadapter/v2" className="Kitpymes.Core.Entities.ValueObjects.Tests.FullNameTests" name="Create_Passing_InvalidOrNull_Value_Returns_ApplicationException" />
    </UnitTest>
    <UnitTest name="IsNull_Passing_Valid_Value_Returns_False (tenant_A)" storage="d:\sferrari\01 - trabajo\repos\netcore\libs\template-netcore-entities\kitpymes.core.entities.tests\bin\debug\net5.0\kitpymes.core.entities.tests.dll" id="c87a7f60-9d8c-40eb-9de7-9c525e24849a">
      <Execution id="15fe65f4-1cfd-4b71-bbca-7d8daf54da0c" />
      <TestMethod codeBase="D:\SFERRARI\01 - TRABAJO\repos\netcore\libs\template-netcore-entities\Kitpymes.Core.Entities.Tests\bin\Debug\net5.0\Kitpymes.Core.Entities.Tests.dll" adapterTypeName="executor://mstestadapter/v2" className="Kitpymes.Core.Entities.ValueObjects.Tests.TenantNameTests" name="IsNull_Passing_Valid_Value_Returns_False" />
    </UnitTest>
    <UnitTest name="Create_Passing_Valid_Values_Returns_Name (TENANTA)" storage="d:\sferrari\01 - trabajo\repos\netcore\libs\template-netcore-entities\kitpymes.core.entities.tests\bin\debug\net5.0\kitpymes.core.entities.tests.dll" id="c223cf8c-4334-4506-8f65-a776587a723a">
      <Execution id="2c6679e2-798c-4c94-aa4d-f0567bec7899" />
      <TestMethod codeBase="D:\SFERRARI\01 - TRABAJO\repos\netcore\libs\template-netcore-entities\Kitpymes.Core.Entities.Tests\bin\Debug\net5.0\Kitpymes.Core.Entities.Tests.dll" adapterTypeName="executor://mstestadapter/v2" className="Kitpymes.Core.Entities.ValueObjects.Tests.TenantNameTests" name="Create_Passing_Valid_Values_Returns_Name" />
    </UnitTest>
    <UnitTest name="OperatorNotEqual_Passing_Valid_Values_Returns_False (dasdasd@dsasd.ff)" storage="d:\sferrari\01 - trabajo\repos\netcore\libs\template-netcore-entities\kitpymes.core.entities.tests\bin\debug\net5.0\kitpymes.core.entities.tests.dll" id="2f588081-ba9b-4896-92a3-5bb8a521fed5">
      <Execution id="cba85efb-6143-4fc9-ba82-275ccae4e653" />
      <TestMethod codeBase="D:\SFERRARI\01 - TRABAJO\repos\netcore\libs\template-netcore-entities\Kitpymes.Core.Entities.Tests\bin\Debug\net5.0\Kitpymes.Core.Entities.Tests.dll" adapterTypeName="executor://mstestadapter/v2" className="Kitpymes.Core.Entities.ValueObjects.Tests.EmailTests" name="OperatorNotEqual_Passing_Valid_Values_Returns_False" />
    </UnitTest>
    <UnitTest name="OperatorNotEqual_Passing_Valid_Values_Returns_True (Tenant_1)" storage="d:\sferrari\01 - trabajo\repos\netcore\libs\template-netcore-entities\kitpymes.core.entities.tests\bin\debug\net5.0\kitpymes.core.entities.tests.dll" id="6776de5d-7ae3-4542-bdd7-62369dc26ece">
      <Execution id="5e9c8d01-47ec-43ea-bdeb-d30a38c31679" />
      <TestMethod codeBase="D:\SFERRARI\01 - TRABAJO\repos\netcore\libs\template-netcore-entities\Kitpymes.Core.Entities.Tests\bin\Debug\net5.0\Kitpymes.Core.Entities.Tests.dll" adapterTypeName="executor://mstestadapter/v2" className="Kitpymes.Core.Entities.ValueObjects.Tests.TenantNameTests" name="OperatorNotEqual_Passing_Valid_Values_Returns_True" />
    </UnitTest>
    <UnitTest name="Create_Passing_InvalidOrNull_Value_Returns_ApplicationException ()" storage="d:\sferrari\01 - trabajo\repos\netcore\libs\template-netcore-entities\kitpymes.core.entities.tests\bin\debug\net5.0\kitpymes.core.entities.tests.dll" id="9d09ba6f-dc8e-47c3-aced-36d9d203218c">
      <Execution id="d1c7bb97-c41f-475d-9235-d00ed31934d5" />
      <TestMethod codeBase="D:\SFERRARI\01 - TRABAJO\repos\netcore\libs\template-netcore-entities\Kitpymes.Core.Entities.Tests\bin\Debug\net5.0\Kitpymes.Core.Entities.Tests.dll" adapterTypeName="executor://mstestadapter/v2" className="Kitpymes.Core.Entities.ValueObjects.Tests.CurrencyTests" name="Create_Passing_InvalidOrNull_Value_Returns_ApplicationException" />
    </UnitTest>
    <UnitTest name="OperatorNotEqual_Passing_Valid_Values_Returns_True (Tenerife,23,34567,San Bartoleme De Tirajana,Las Palmas,España)" storage="d:\sferrari\01 - trabajo\repos\netcore\libs\template-netcore-entities\kitpymes.core.entities.tests\bin\debug\net5.0\kitpymes.core.entities.tests.dll" id="0b078214-d19a-4755-b728-50dcc20832d3">
      <Execution id="508ac25d-6ed8-4376-9cae-1ca50e2be058" />
      <TestMethod codeBase="D:\SFERRARI\01 - TRABAJO\repos\netcore\libs\template-netcore-entities\Kitpymes.Core.Entities.Tests\bin\Debug\net5.0\Kitpymes.Core.Entities.Tests.dll" adapterTypeName="executor://mstestadapter/v2" className="Kitpymes.Core.Entities.ValueObjects.Tests.AddressTests" name="OperatorNotEqual_Passing_Valid_Values_Returns_True" />
    </UnitTest>
    <UnitTest name="Create_Passing_Valid_Values_Returns_FullName (San Bartoleme De Tirajana,Las Palmas,España)" storage="d:\sferrari\01 - trabajo\repos\netcore\libs\template-netcore-entities\kitpymes.core.entities.tests\bin\debug\net5.0\kitpymes.core.entities.tests.dll" id="c78e7717-aa72-4020-93f0-1dd49d5a92cd">
      <Execution id="9a91a5be-412e-4a1f-809b-81b6adb81fa7" />
      <TestMethod codeBase="D:\SFERRARI\01 - TRABAJO\repos\netcore\libs\template-netcore-entities\Kitpymes.Core.Entities.Tests\bin\Debug\net5.0\Kitpymes.Core.Entities.Tests.dll" adapterTypeName="executor://mstestadapter/v2" className="Kitpymes.Core.Entities.ValueObjects.Tests.FullNameTests" name="Create_Passing_Valid_Values_Returns_FullName" />
    </UnitTest>
    <UnitTest name="Change_Passing_Valid_Values_Returns_Address (100,EUR,2)" storage="d:\sferrari\01 - trabajo\repos\netcore\libs\template-netcore-entities\kitpymes.core.entities.tests\bin\debug\net5.0\kitpymes.core.entities.tests.dll" id="04a7d1f3-ebd8-49ea-981e-a6e3c7bab6eb">
      <Execution id="b2d6cbb3-19df-4a78-94a5-96c348ad3199" />
      <TestMethod codeBase="D:\SFERRARI\01 - TRABAJO\repos\netcore\libs\template-netcore-entities\Kitpymes.Core.Entities.Tests\bin\Debug\net5.0\Kitpymes.Core.Entities.Tests.dll" adapterTypeName="executor://mstestadapter/v2" className="Kitpymes.Core.Entities.ValueObjects.Tests.MoneyTests" name="Change_Passing_Valid_Values_Returns_Address" />
    </UnitTest>
    <UnitTest name="OperatorEqual_Passing_Valid_Distinct_Values_Returns_False (Españá)" storage="d:\sferrari\01 - trabajo\repos\netcore\libs\template-netcore-entities\kitpymes.core.entities.tests\bin\debug\net5.0\kitpymes.core.entities.tests.dll" id="ce31258b-6cef-4a6f-b717-e634e3b77bff">
      <Execution id="34dc7a31-a59e-49e6-9edc-e1ab0b917ba7" />
      <TestMethod codeBase="D:\SFERRARI\01 - TRABAJO\repos\netcore\libs\template-netcore-entities\Kitpymes.Core.Entities.Tests\bin\Debug\net5.0\Kitpymes.Core.Entities.Tests.dll" adapterTypeName="executor://mstestadapter/v2" className="Kitpymes.Core.Entities.ValueObjects.Tests.NameTests" name="OperatorEqual_Passing_Valid_Distinct_Values_Returns_False" />
    </UnitTest>
    <UnitTest name="Equals_Passing_Valid_Distinct_Values_Returns_False (Españá)" storage="d:\sferrari\01 - trabajo\repos\netcore\libs\template-netcore-entities\kitpymes.core.entities.tests\bin\debug\net5.0\kitpymes.core.entities.tests.dll" id="2851ba29-5c39-419c-ad90-318a1ce45b7a">
      <Execution id="80cfce0e-177f-43e7-8e08-d2d06234f77c" />
      <TestMethod codeBase="D:\SFERRARI\01 - TRABAJO\repos\netcore\libs\template-netcore-entities\Kitpymes.Core.Entities.Tests\bin\Debug\net5.0\Kitpymes.Core.Entities.Tests.dll" adapterTypeName="executor://mstestadapter/v2" className="Kitpymes.Core.Entities.ValueObjects.Tests.NameTests" name="Equals_Passing_Valid_Distinct_Values_Returns_False" />
    </UnitTest>
    <UnitTest name="Change_Passing_Valid_Values_Returns_Currency (EUR)" storage="d:\sferrari\01 - trabajo\repos\netcore\libs\template-netcore-entities\kitpymes.core.entities.tests\bin\debug\net5.0\kitpymes.core.entities.tests.dll" id="d6f8eb54-2149-4b7b-beae-60a23f818e69">
      <Execution id="c45fb6db-e555-48f5-944d-38d9eccf5c97" />
      <TestMethod codeBase="D:\SFERRARI\01 - TRABAJO\repos\netcore\libs\template-netcore-entities\Kitpymes.Core.Entities.Tests\bin\Debug\net5.0\Kitpymes.Core.Entities.Tests.dll" adapterTypeName="executor://mstestadapter/v2" className="Kitpymes.Core.Entities.ValueObjects.Tests.CurrencyTests" name="Change_Passing_Valid_Values_Returns_Currency" />
    </UnitTest>
    <UnitTest name="Equals_Passing_Valid_Distinct_Values_Returns_False (TENANT_A)" storage="d:\sferrari\01 - trabajo\repos\netcore\libs\template-netcore-entities\kitpymes.core.entities.tests\bin\debug\net5.0\kitpymes.core.entities.tests.dll" id="53733f1e-2047-4fb3-a1f7-9943b6d32f56">
      <Execution id="4b83a958-5d2f-4c43-bc92-a0a416b5c558" />
      <TestMethod codeBase="D:\SFERRARI\01 - TRABAJO\repos\netcore\libs\template-netcore-entities\Kitpymes.Core.Entities.Tests\bin\Debug\net5.0\Kitpymes.Core.Entities.Tests.dll" adapterTypeName="executor://mstestadapter/v2" className="Kitpymes.Core.Entities.ValueObjects.Tests.TenantNameTests" name="Equals_Passing_Valid_Distinct_Values_Returns_False" />
    </UnitTest>
    <UnitTest name="OperatorEqual_Passing_Valid_Values_Returns_True (TENANT_1)" storage="d:\sferrari\01 - trabajo\repos\netcore\libs\template-netcore-entities\kitpymes.core.entities.tests\bin\debug\net5.0\kitpymes.core.entities.tests.dll" id="aad816e5-d202-4160-b02a-84e89307230e">
      <Execution id="4392e098-ff6c-4d24-be98-243e8258341e" />
      <TestMethod codeBase="D:\SFERRARI\01 - TRABAJO\repos\netcore\libs\template-netcore-entities\Kitpymes.Core.Entities.Tests\bin\Debug\net5.0\Kitpymes.Core.Entities.Tests.dll" adapterTypeName="executor://mstestadapter/v2" className="Kitpymes.Core.Entities.ValueObjects.Tests.TenantNameTests" name="OperatorEqual_Passing_Valid_Values_Returns_True" />
    </UnitTest>
    <UnitTest name="OperatorNotEqual_Passing_Valid_Values_Returns_True (TENANT1)" storage="d:\sferrari\01 - trabajo\repos\netcore\libs\template-netcore-entities\kitpymes.core.entities.tests\bin\debug\net5.0\kitpymes.core.entities.tests.dll" id="80f961fe-ead4-4013-a239-2335167c25b1">
      <Execution id="d3958481-d198-4f21-a0ee-c764a6e3e214" />
      <TestMethod codeBase="D:\SFERRARI\01 - TRABAJO\repos\netcore\libs\template-netcore-entities\Kitpymes.Core.Entities.Tests\bin\Debug\net5.0\Kitpymes.Core.Entities.Tests.dll" adapterTypeName="executor://mstestadapter/v2" className="Kitpymes.Core.Entities.ValueObjects.Tests.TenantNameTests" name="OperatorNotEqual_Passing_Valid_Values_Returns_True" />
    </UnitTest>
    <UnitTest name="ToEnum_Passing_Valid_String_Name_Returns_Enumeracion" storage="d:\sferrari\01 - trabajo\repos\netcore\libs\template-netcore-entities\kitpymes.core.entities.tests\bin\debug\net5.0\kitpymes.core.entities.tests.dll" id="76485328-f6b0-4b0d-9b84-034a63cf8209">
      <Execution id="f4b056c7-c6f7-404c-b86b-045e7bdfaf99" />
      <TestMethod codeBase="D:\SFERRARI\01 - TRABAJO\repos\netcore\libs\template-netcore-entities\Kitpymes.Core.Entities.Tests\bin\Debug\net5.0\Kitpymes.Core.Entities.Tests.dll" adapterTypeName="executor://mstestadapter/v2" className="Kitpymes.Core.Entities.Enumerations.Tests.SubscriptionEnumTests" name="ToEnum_Passing_Valid_String_Name_Returns_Enumeracion" />
    </UnitTest>
    <UnitTest name="Equals_Passing_Valid_Values_Returns_True (Españç)" storage="d:\sferrari\01 - trabajo\repos\netcore\libs\template-netcore-entities\kitpymes.core.entities.tests\bin\debug\net5.0\kitpymes.core.entities.tests.dll" id="a443f549-b7ce-4955-9230-a0ca10c6f398">
      <Execution id="e1fc72ca-25f9-4aa3-ba50-5eb8f858f7e9" />
      <TestMethod codeBase="D:\SFERRARI\01 - TRABAJO\repos\netcore\libs\template-netcore-entities\Kitpymes.Core.Entities.Tests\bin\Debug\net5.0\Kitpymes.Core.Entities.Tests.dll" adapterTypeName="executor://mstestadapter/v2" className="Kitpymes.Core.Entities.ValueObjects.Tests.NameTests" name="Equals_Passing_Valid_Values_Returns_True" />
    </UnitTest>
    <UnitTest name="IsActive_Passing_Nothing_Returns_True" storage="d:\sferrari\01 - trabajo\repos\netcore\libs\template-netcore-entities\kitpymes.core.entities.tests\bin\debug\net5.0\kitpymes.core.entities.tests.dll" id="f1a554b6-ce72-4ce7-8854-2a03e818fa92">
      <Execution id="db591f57-2a1f-4782-b089-c068b09ce71b" />
      <TestMethod codeBase="D:\SFERRARI\01 - TRABAJO\repos\netcore\libs\template-netcore-entities\Kitpymes.Core.Entities.Tests\bin\Debug\net5.0\Kitpymes.Core.Entities.Tests.dll" adapterTypeName="executor://mstestadapter/v2" className="Kitpymes.Core.Entities.Enumerations.Tests.StatusEnumTests" name="IsActive_Passing_Nothing_Returns_True" />
    </UnitTest>
    <UnitTest name="OperatorNotEqual_Passing_Valid_Values_Returns_False (Pader,789,DF7956,Sabadell,Barcelona,España)" storage="d:\sferrari\01 - trabajo\repos\netcore\libs\template-netcore-entities\kitpymes.core.entities.tests\bin\debug\net5.0\kitpymes.core.entities.tests.dll" id="eef65b66-22d6-4369-b731-3d93d2f11e03">
      <Execution id="0f26f0f8-0e38-4973-bb77-fdf9b25aae00" />
      <TestMethod codeBase="D:\SFERRARI\01 - TRABAJO\repos\netcore\libs\template-netcore-entities\Kitpymes.Core.Entities.Tests\bin\Debug\net5.0\Kitpymes.Core.Entities.Tests.dll" adapterTypeName="executor://mstestadapter/v2" className="Kitpymes.Core.Entities.ValueObjects.Tests.AddressTests" name="OperatorNotEqual_Passing_Valid_Values_Returns_False" />
    </UnitTest>
    <UnitTest name="OperatorEqual_Passing_Valid_Values_Returns_True (Españħ)" storage="d:\sferrari\01 - trabajo\repos\netcore\libs\template-netcore-entities\kitpymes.core.entities.tests\bin\debug\net5.0\kitpymes.core.entities.tests.dll" id="ba54d698-b1a4-4c2b-b905-d5555f8f922e">
      <Execution id="ebe8f401-e18e-4555-a37c-bc35a716d4c5" />
      <TestMethod codeBase="D:\SFERRARI\01 - TRABAJO\repos\netcore\libs\template-netcore-entities\Kitpymes.Core.Entities.Tests\bin\Debug\net5.0\Kitpymes.Core.Entities.Tests.dll" adapterTypeName="executor://mstestadapter/v2" className="Kitpymes.Core.Entities.ValueObjects.Tests.NameTests" name="OperatorEqual_Passing_Valid_Values_Returns_True" />
    </UnitTest>
    <UnitTest name="ToEnum_Passing_Invalid_String_Name_Enumeracion_Returns_Null" storage="d:\sferrari\01 - trabajo\repos\netcore\libs\template-netcore-entities\kitpymes.core.entities.tests\bin\debug\net5.0\kitpymes.core.entities.tests.dll" id="d3fa83a4-27fd-4c36-ba89-5314c0a9cc2e">
      <Execution id="5696a72a-1eb5-4690-9d83-bde917fb6b74" />
      <TestMethod codeBase="D:\SFERRARI\01 - TRABAJO\repos\netcore\libs\template-netcore-entities\Kitpymes.Core.Entities.Tests\bin\Debug\net5.0\Kitpymes.Core.Entities.Tests.dll" adapterTypeName="executor://mstestadapter/v2" className="Kitpymes.Core.Entities.Enumerations.Tests.CardTypeEnumTests" name="ToEnum_Passing_Invalid_String_Name_Enumeracion_Returns_Null" />
    </UnitTest>
    <UnitTest name="ToString_Passing_Valid_Values_Returns_Name (tenant1)" storage="d:\sferrari\01 - trabajo\repos\netcore\libs\template-netcore-entities\kitpymes.core.entities.tests\bin\debug\net5.0\kitpymes.core.entities.tests.dll" id="3f47ca87-70cc-4f12-bdb2-b431cd45bc48">
      <Execution id="91d7c111-cddb-4a77-842b-fbb7f57585ff" />
      <TestMethod codeBase="D:\SFERRARI\01 - TRABAJO\repos\netcore\libs\template-netcore-entities\Kitpymes.Core.Entities.Tests\bin\Debug\net5.0\Kitpymes.Core.Entities.Tests.dll" adapterTypeName="executor://mstestadapter/v2" className="Kitpymes.Core.Entities.ValueObjects.Tests.TenantNameTests" name="ToString_Passing_Valid_Values_Returns_Name" />
    </UnitTest>
    <UnitTest name="OperatorEqual_Passing_Valid_Distinct_Values_Returns_False (app.hackerone1.com)" storage="d:\sferrari\01 - trabajo\repos\netcore\libs\template-netcore-entities\kitpymes.core.entities.tests\bin\debug\net5.0\kitpymes.core.entities.tests.dll" id="4f2a7141-1943-43d9-992c-a0ff1121aac5">
      <Execution id="713f155e-7165-4e30-b4f5-b9d27069164a" />
      <TestMethod codeBase="D:\SFERRARI\01 - TRABAJO\repos\netcore\libs\template-netcore-entities\Kitpymes.Core.Entities.Tests\bin\Debug\net5.0\Kitpymes.Core.Entities.Tests.dll" adapterTypeName="executor://mstestadapter/v2" className="Kitpymes.Core.Entities.ValueObjects.Tests.SubdomainTests" name="OperatorEqual_Passing_Valid_Distinct_Values_Returns_False" />
    </UnitTest>
    <UnitTest name="OperatorNotEqual_Passing_Valid_Values_Returns_True (Esp añâ)" storage="d:\sferrari\01 - trabajo\repos\netcore\libs\template-netcore-entities\kitpymes.core.entities.tests\bin\debug\net5.0\kitpymes.core.entities.tests.dll" id="22b1e4cb-041e-441d-b5bf-14accf2aa170">
      <Execution id="feef1dd2-29b5-47ee-b3db-524843949e4b" />
      <TestMethod codeBase="D:\SFERRARI\01 - TRABAJO\repos\netcore\libs\template-netcore-entities\Kitpymes.Core.Entities.Tests\bin\Debug\net5.0\Kitpymes.Core.Entities.Tests.dll" adapterTypeName="executor://mstestadapter/v2" className="Kitpymes.Core.Entities.ValueObjects.Tests.NameTests" name="OperatorNotEqual_Passing_Valid_Values_Returns_True" />
    </UnitTest>
    <UnitTest name="ToString_Passing_Valid_Values_Returns_StringId (Sabadell)" storage="d:\sferrari\01 - trabajo\repos\netcore\libs\template-netcore-entities\kitpymes.core.entities.tests\bin\debug\net5.0\kitpymes.core.entities.tests.dll" id="4330e1f4-a5ac-421e-8794-599d88d035cf">
      <Execution id="d34d436a-b827-4bd4-9075-8e733c5e933e" />
      <TestMethod codeBase="D:\SFERRARI\01 - TRABAJO\repos\netcore\libs\template-netcore-entities\Kitpymes.Core.Entities.Tests\bin\Debug\net5.0\Kitpymes.Core.Entities.Tests.dll" adapterTypeName="executor://mstestadapter/v2" className="Kitpymes.Core.Entities.ValueObjects.Tests.StringIdTests" name="ToString_Passing_Valid_Values_Returns_StringId" />
    </UnitTest>
    <UnitTest name="OperatorNotEqual_Passing_Valid_Values_Returns_True (Españà)" storage="d:\sferrari\01 - trabajo\repos\netcore\libs\template-netcore-entities\kitpymes.core.entities.tests\bin\debug\net5.0\kitpymes.core.entities.tests.dll" id="0e4a7999-b545-4047-91ea-03adf21439b1">
      <Execution id="88b29fc8-1194-4ce9-ac3a-3ef22f97b1fe" />
      <TestMethod codeBase="D:\SFERRARI\01 - TRABAJO\repos\netcore\libs\template-netcore-entities\Kitpymes.Core.Entities.Tests\bin\Debug\net5.0\Kitpymes.Core.Entities.Tests.dll" adapterTypeName="executor://mstestadapter/v2" className="Kitpymes.Core.Entities.ValueObjects.Tests.NameTests" name="OperatorNotEqual_Passing_Valid_Values_Returns_True" />
    </UnitTest>
    <UnitTest name="Equals_Passing_Valid_Values_Returns_True (Españâ)" storage="d:\sferrari\01 - trabajo\repos\netcore\libs\template-netcore-entities\kitpymes.core.entities.tests\bin\debug\net5.0\kitpymes.core.entities.tests.dll" id="a9022a64-3a22-4a73-802a-8628564b8efc">
      <Execution id="63f89f51-e6a7-4706-930f-62b6708be3e3" />
      <TestMethod codeBase="D:\SFERRARI\01 - TRABAJO\repos\netcore\libs\template-netcore-entities\Kitpymes.Core.Entities.Tests\bin\Debug\net5.0\Kitpymes.Core.Entities.Tests.dll" adapterTypeName="executor://mstestadapter/v2" className="Kitpymes.Core.Entities.ValueObjects.Tests.NameTests" name="Equals_Passing_Valid_Values_Returns_True" />
    </UnitTest>
    <UnitTest name="ToNormalize_Passing_Valid_Values_Returns_Address_String_Format (ñandu@gmail.com)" storage="d:\sferrari\01 - trabajo\repos\netcore\libs\template-netcore-entities\kitpymes.core.entities.tests\bin\debug\net5.0\kitpymes.core.entities.tests.dll" id="18bd771f-ca6c-4106-be69-8374b9d33f86">
      <Execution id="0ab80a69-3ebb-4b11-bf41-d017f7084bf3" />
      <TestMethod codeBase="D:\SFERRARI\01 - TRABAJO\repos\netcore\libs\template-netcore-entities\Kitpymes.Core.Entities.Tests\bin\Debug\net5.0\Kitpymes.Core.Entities.Tests.dll" adapterTypeName="executor://mstestadapter/v2" className="Kitpymes.Core.Entities.ValueObjects.Tests.EmailTests" name="ToNormalize_Passing_Valid_Values_Returns_Address_String_Format" />
    </UnitTest>
    <UnitTest name="OperatorNotEqual_Passing_Valid_Values_Returns_True (D45,86554654)" storage="d:\sferrari\01 - trabajo\repos\netcore\libs\template-netcore-entities\kitpymes.core.entities.tests\bin\debug\net5.0\kitpymes.core.entities.tests.dll" id="0d6d1523-bcd8-4acd-aef4-3c44cb84f087">
      <Execution id="8c954773-d5e7-4f29-a5d6-b58c2957bed7" />
      <TestMethod codeBase="D:\SFERRARI\01 - TRABAJO\repos\netcore\libs\template-netcore-entities\Kitpymes.Core.Entities.Tests\bin\Debug\net5.0\Kitpymes.Core.Entities.Tests.dll" adapterTypeName="executor://mstestadapter/v2" className="Kitpymes.Core.Entities.ValueObjects.Tests.TelephoneTests" name="OperatorNotEqual_Passing_Valid_Values_Returns_True" />
    </UnitTest>
    <UnitTest name="Create_Passing_Valid_Values_Returns_StringId (Espania)" storage="d:\sferrari\01 - trabajo\repos\netcore\libs\template-netcore-entities\kitpymes.core.entities.tests\bin\debug\net5.0\kitpymes.core.entities.tests.dll" id="be4249c4-8c21-43de-9705-d9108ff6e901">
      <Execution id="b26023b9-512c-49a4-bf5d-4aefd503f4c9" />
      <TestMethod codeBase="D:\SFERRARI\01 - TRABAJO\repos\netcore\libs\template-netcore-entities\Kitpymes.Core.Entities.Tests\bin\Debug\net5.0\Kitpymes.Core.Entities.Tests.dll" adapterTypeName="executor://mstestadapter/v2" className="Kitpymes.Core.Entities.ValueObjects.Tests.StringIdTests" name="Create_Passing_Valid_Values_Returns_StringId" />
    </UnitTest>
    <UnitTest name="OperatorNotEqual_Passing_Valid_Values_Returns_True (Españã)" storage="d:\sferrari\01 - trabajo\repos\netcore\libs\template-netcore-entities\kitpymes.core.entities.tests\bin\debug\net5.0\kitpymes.core.entities.tests.dll" id="f9ef3a72-34e6-48ca-b68a-10a0235cfd91">
      <Execution id="eb1a63f4-d944-4b0d-b22e-133ad14c9064" />
      <TestMethod codeBase="D:\SFERRARI\01 - TRABAJO\repos\netcore\libs\template-netcore-entities\Kitpymes.Core.Entities.Tests\bin\Debug\net5.0\Kitpymes.Core.Entities.Tests.dll" adapterTypeName="executor://mstestadapter/v2" className="Kitpymes.Core.Entities.ValueObjects.Tests.NameTests" name="OperatorNotEqual_Passing_Valid_Values_Returns_True" />
    </UnitTest>
    <UnitTest name="Equals_Passing_Valid_Values_Returns_True (TenantA)" storage="d:\sferrari\01 - trabajo\repos\netcore\libs\template-netcore-entities\kitpymes.core.entities.tests\bin\debug\net5.0\kitpymes.core.entities.tests.dll" id="c67b6fd8-c0e0-4f92-999a-7ab6ebd042ea">
      <Execution id="25c9321e-500d-42c9-831c-f5d8653a8c48" />
      <TestMethod codeBase="D:\SFERRARI\01 - TRABAJO\repos\netcore\libs\template-netcore-entities\Kitpymes.Core.Entities.Tests\bin\Debug\net5.0\Kitpymes.Core.Entities.Tests.dll" adapterTypeName="executor://mstestadapter/v2" className="Kitpymes.Core.Entities.ValueObjects.Tests.TenantNameTests" name="Equals_Passing_Valid_Values_Returns_True" />
    </UnitTest>
    <UnitTest name="Equals_Passing_Valid_Distinct_Values_Returns_False (TENANT_1)" storage="d:\sferrari\01 - trabajo\repos\netcore\libs\template-netcore-entities\kitpymes.core.entities.tests\bin\debug\net5.0\kitpymes.core.entities.tests.dll" id="086637e0-1f5e-47f9-af02-13d9070f062c">
      <Execution id="332db83a-caa1-4d1d-9d19-b951a29a23a8" />
      <TestMethod codeBase="D:\SFERRARI\01 - TRABAJO\repos\netcore\libs\template-netcore-entities\Kitpymes.Core.Entities.Tests\bin\Debug\net5.0\Kitpymes.Core.Entities.Tests.dll" adapterTypeName="executor://mstestadapter/v2" className="Kitpymes.Core.Entities.ValueObjects.Tests.TenantNameTests" name="Equals_Passing_Valid_Distinct_Values_Returns_False" />
    </UnitTest>
    <UnitTest name="ToBool_Passing_Valid_Status_Inactive_Returns_False" storage="d:\sferrari\01 - trabajo\repos\netcore\libs\template-netcore-entities\kitpymes.core.entities.tests\bin\debug\net5.0\kitpymes.core.entities.tests.dll" id="e950ba7d-d600-48ab-a0c2-23c84bf5e660">
      <Execution id="97e0927a-892f-4322-9950-d9a40ff10481" />
      <TestMethod codeBase="D:\SFERRARI\01 - TRABAJO\repos\netcore\libs\template-netcore-entities\Kitpymes.Core.Entities.Tests\bin\Debug\net5.0\Kitpymes.Core.Entities.Tests.dll" adapterTypeName="executor://mstestadapter/v2" className="Kitpymes.Core.Entities.Enumerations.Tests.StatusEnumTests" name="ToBool_Passing_Valid_Status_Inactive_Returns_False" />
    </UnitTest>
    <UnitTest name="IsNull_Passing_Null_Value_Returns_True" storage="d:\sferrari\01 - trabajo\repos\netcore\libs\template-netcore-entities\kitpymes.core.entities.tests\bin\debug\net5.0\kitpymes.core.entities.tests.dll" id="14196e5f-fa0f-4704-b9dc-f4dd295a746a">
      <Execution id="abcdc787-e490-4cb8-844e-b3c9c3640d1b" />
      <TestMethod codeBase="D:\SFERRARI\01 - TRABAJO\repos\netcore\libs\template-netcore-entities\Kitpymes.Core.Entities.Tests\bin\Debug\net5.0\Kitpymes.Core.Entities.Tests.dll" adapterTypeName="executor://mstestadapter/v2" className="Kitpymes.Core.Entities.ValueObjects.Tests.FullNameTests" name="IsNull_Passing_Null_Value_Returns_True" />
    </UnitTest>
    <UnitTest name="OperatorNotEqual_Passing_Valid_Values_Returns_False (TENANTA)" storage="d:\sferrari\01 - trabajo\repos\netcore\libs\template-netcore-entities\kitpymes.core.entities.tests\bin\debug\net5.0\kitpymes.core.entities.tests.dll" id="06ce9c03-026e-47fa-af58-7f81cc3fd65a">
      <Execution id="673638d1-8d8b-40a2-96ec-bfc72e5f304f" />
      <TestMethod codeBase="D:\SFERRARI\01 - TRABAJO\repos\netcore\libs\template-netcore-entities\Kitpymes.Core.Entities.Tests\bin\Debug\net5.0\Kitpymes.Core.Entities.Tests.dll" adapterTypeName="executor://mstestadapter/v2" className="Kitpymes.Core.Entities.ValueObjects.Tests.TenantNameTests" name="OperatorNotEqual_Passing_Valid_Values_Returns_False" />
    </UnitTest>
    <UnitTest name="OperatorEqual_Passing_Valid_Values_Returns_True (TENANT1)" storage="d:\sferrari\01 - trabajo\repos\netcore\libs\template-netcore-entities\kitpymes.core.entities.tests\bin\debug\net5.0\kitpymes.core.entities.tests.dll" id="6b5e6fca-99c2-4857-beed-bf1008319bad">
      <Execution id="d1d63a0b-d00f-42df-ad14-2084b547768b" />
      <TestMethod codeBase="D:\SFERRARI\01 - TRABAJO\repos\netcore\libs\template-netcore-entities\Kitpymes.Core.Entities.Tests\bin\Debug\net5.0\Kitpymes.Core.Entities.Tests.dll" adapterTypeName="executor://mstestadapter/v2" className="Kitpymes.Core.Entities.ValueObjects.Tests.TenantNameTests" name="OperatorEqual_Passing_Valid_Values_Returns_True" />
    </UnitTest>
    <UnitTest name="Equals_Passing_Valid_Distinct_Values_Returns_False (Españä)" storage="d:\sferrari\01 - trabajo\repos\netcore\libs\template-netcore-entities\kitpymes.core.entities.tests\bin\debug\net5.0\kitpymes.core.entities.tests.dll" id="943fca77-8ea6-4899-a3b4-00045fe31ed6">
      <Execution id="6a9bc433-4f73-4758-a442-f13c8df16863" />
      <TestMethod codeBase="D:\SFERRARI\01 - TRABAJO\repos\netcore\libs\template-netcore-entities\Kitpymes.Core.Entities.Tests\bin\Debug\net5.0\Kitpymes.Core.Entities.Tests.dll" adapterTypeName="executor://mstestadapter/v2" className="Kitpymes.Core.Entities.ValueObjects.Tests.NameTests" name="Equals_Passing_Valid_Distinct_Values_Returns_False" />
    </UnitTest>
    <UnitTest name="OperatorEqual_Passing_Valid_Values_Returns_True (tenant_1)" storage="d:\sferrari\01 - trabajo\repos\netcore\libs\template-netcore-entities\kitpymes.core.entities.tests\bin\debug\net5.0\kitpymes.core.entities.tests.dll" id="627d4bcb-973c-48ad-aa42-c8b230fac9d8">
      <Execution id="04ce8bd8-fcae-4e70-aec5-5f7b3ebe3bd4" />
      <TestMethod codeBase="D:\SFERRARI\01 - TRABAJO\repos\netcore\libs\template-netcore-entities\Kitpymes.Core.Entities.Tests\bin\Debug\net5.0\Kitpymes.Core.Entities.Tests.dll" adapterTypeName="executor://mstestadapter/v2" className="Kitpymes.Core.Entities.ValueObjects.Tests.TenantNameTests" name="OperatorEqual_Passing_Valid_Values_Returns_True" />
    </UnitTest>
    <UnitTest name="ToEnum_Passing_Valid_IntName_Enumeracion_Returns_Enumeracion" storage="d:\sferrari\01 - trabajo\repos\netcore\libs\template-netcore-entities\kitpymes.core.entities.tests\bin\debug\net5.0\kitpymes.core.entities.tests.dll" id="c3960934-a361-4a4c-8cdc-e8a74458c1b4">
      <Execution id="2efa5f98-6d51-4210-ad84-bfcfacbf8771" />
      <TestMethod codeBase="D:\SFERRARI\01 - TRABAJO\repos\netcore\libs\template-netcore-entities\Kitpymes.Core.Entities.Tests\bin\Debug\net5.0\Kitpymes.Core.Entities.Tests.dll" adapterTypeName="executor://mstestadapter/v2" className="Kitpymes.Core.Entities.Enumerations.Tests.LogTypeEnumTests" name="ToEnum_Passing_Valid_IntName_Enumeracion_Returns_Enumeracion" />
    </UnitTest>
    <UnitTest name="Equals_Passing_Valid_Distinct_Values_Returns_False (200,EUR,4)" storage="d:\sferrari\01 - trabajo\repos\netcore\libs\template-netcore-entities\kitpymes.core.entities.tests\bin\debug\net5.0\kitpymes.core.entities.tests.dll" id="3fa87c2d-f850-47a4-b853-8ddf025c2440">
      <Execution id="af6efa80-5ec5-4793-980c-c7ae7edbb1de" />
      <TestMethod codeBase="D:\SFERRARI\01 - TRABAJO\repos\netcore\libs\template-netcore-entities\Kitpymes.Core.Entities.Tests\bin\Debug\net5.0\Kitpymes.Core.Entities.Tests.dll" adapterTypeName="executor://mstestadapter/v2" className="Kitpymes.Core.Entities.ValueObjects.Tests.MoneyTests" name="Equals_Passing_Valid_Distinct_Values_Returns_False" />
    </UnitTest>
    <UnitTest name="OperatorEqual_Passing_Valid_Distinct_Values_Returns_False (Españâ)" storage="d:\sferrari\01 - trabajo\repos\netcore\libs\template-netcore-entities\kitpymes.core.entities.tests\bin\debug\net5.0\kitpymes.core.entities.tests.dll" id="d987eaad-a949-4974-8c37-f6404e42d9d3">
      <Execution id="eeda6d7e-2b60-4ff0-8577-e728c0835567" />
      <TestMethod codeBase="D:\SFERRARI\01 - TRABAJO\repos\netcore\libs\template-netcore-entities\Kitpymes.Core.Entities.Tests\bin\Debug\net5.0\Kitpymes.Core.Entities.Tests.dll" adapterTypeName="executor://mstestadapter/v2" className="Kitpymes.Core.Entities.ValueObjects.Tests.NameTests" name="OperatorEqual_Passing_Valid_Distinct_Values_Returns_False" />
    </UnitTest>
    <UnitTest name="OperatorNotEqual_Passing_Valid_Values_Returns_True (dasdasd@dsasd.ff)" storage="d:\sferrari\01 - trabajo\repos\netcore\libs\template-netcore-entities\kitpymes.core.entities.tests\bin\debug\net5.0\kitpymes.core.entities.tests.dll" id="2a9aeb95-51a4-4fee-82c7-3ae97e5832f6">
      <Execution id="ffe38517-162b-47a0-ac15-613dec5b1dcd" />
      <TestMethod codeBase="D:\SFERRARI\01 - TRABAJO\repos\netcore\libs\template-netcore-entities\Kitpymes.Core.Entities.Tests\bin\Debug\net5.0\Kitpymes.Core.Entities.Tests.dll" adapterTypeName="executor://mstestadapter/v2" className="Kitpymes.Core.Entities.ValueObjects.Tests.EmailTests" name="OperatorNotEqual_Passing_Valid_Values_Returns_True" />
    </UnitTest>
    <UnitTest name="Equals_Passing_Valid_Values_Returns_True (Tenant_A)" storage="d:\sferrari\01 - trabajo\repos\netcore\libs\template-netcore-entities\kitpymes.core.entities.tests\bin\debug\net5.0\kitpymes.core.entities.tests.dll" id="72b50941-2a9b-4404-9d3e-bb1bbf7939f3">
      <Execution id="c04d3054-b250-4802-b7e5-4aa421e66410" />
      <TestMethod codeBase="D:\SFERRARI\01 - TRABAJO\repos\netcore\libs\template-netcore-entities\Kitpymes.Core.Entities.Tests\bin\Debug\net5.0\Kitpymes.Core.Entities.Tests.dll" adapterTypeName="executor://mstestadapter/v2" className="Kitpymes.Core.Entities.ValueObjects.Tests.TenantNameTests" name="Equals_Passing_Valid_Values_Returns_True" />
    </UnitTest>
    <UnitTest name="OperatorEqual_Passing_Valid_Distinct_Values_Returns_False (Sabadell)" storage="d:\sferrari\01 - trabajo\repos\netcore\libs\template-netcore-entities\kitpymes.core.entities.tests\bin\debug\net5.0\kitpymes.core.entities.tests.dll" id="4ce9891c-fb94-458a-bdde-33c4f813ad32">
      <Execution id="ddbf98e2-3013-4dcf-93eb-490fb11b758a" />
      <TestMethod codeBase="D:\SFERRARI\01 - TRABAJO\repos\netcore\libs\template-netcore-entities\Kitpymes.Core.Entities.Tests\bin\Debug\net5.0\Kitpymes.Core.Entities.Tests.dll" adapterTypeName="executor://mstestadapter/v2" className="Kitpymes.Core.Entities.ValueObjects.Tests.StringIdTests" name="OperatorEqual_Passing_Valid_Distinct_Values_Returns_False" />
    </UnitTest>
    <UnitTest name="IsNull_Passing_Null_Value_Returns_True" storage="d:\sferrari\01 - trabajo\repos\netcore\libs\template-netcore-entities\kitpymes.core.entities.tests\bin\debug\net5.0\kitpymes.core.entities.tests.dll" id="d0704acd-6072-4677-835f-dff600581b04">
      <Execution id="79fb448e-b4fb-4b86-bf12-b581db46d634" />
      <TestMethod codeBase="D:\SFERRARI\01 - TRABAJO\repos\netcore\libs\template-netcore-entities\Kitpymes.Core.Entities.Tests\bin\Debug\net5.0\Kitpymes.Core.Entities.Tests.dll" adapterTypeName="executor://mstestadapter/v2" className="Kitpymes.Core.Entities.ValueObjects.Tests.SubdomainTests" name="IsNull_Passing_Null_Value_Returns_True" />
    </UnitTest>
    <UnitTest name="OperatorEqual_Passing_Valid_Values_Returns_True (456,43543543543)" storage="d:\sferrari\01 - trabajo\repos\netcore\libs\template-netcore-entities\kitpymes.core.entities.tests\bin\debug\net5.0\kitpymes.core.entities.tests.dll" id="431d1434-229a-4ca0-95ff-d01872a50949">
      <Execution id="b81c3c1d-a395-443a-afcc-8d94e71352f4" />
      <TestMethod codeBase="D:\SFERRARI\01 - TRABAJO\repos\netcore\libs\template-netcore-entities\Kitpymes.Core.Entities.Tests\bin\Debug\net5.0\Kitpymes.Core.Entities.Tests.dll" adapterTypeName="executor://mstestadapter/v2" className="Kitpymes.Core.Entities.ValueObjects.Tests.TelephoneTests" name="OperatorEqual_Passing_Valid_Values_Returns_True" />
    </UnitTest>
    <UnitTest name="Create_Passing_Valid_Values_Returns_Name (Españħ)" storage="d:\sferrari\01 - trabajo\repos\netcore\libs\template-netcore-entities\kitpymes.core.entities.tests\bin\debug\net5.0\kitpymes.core.entities.tests.dll" id="327c6c22-4913-41a7-8846-c3e81b7ab8b7">
      <Execution id="ce3f2d38-ba59-4417-a685-fe5dad4c129a" />
      <TestMethod codeBase="D:\SFERRARI\01 - TRABAJO\repos\netcore\libs\template-netcore-entities\Kitpymes.Core.Entities.Tests\bin\Debug\net5.0\Kitpymes.Core.Entities.Tests.dll" adapterTypeName="executor://mstestadapter/v2" className="Kitpymes.Core.Entities.ValueObjects.Tests.NameTests" name="Create_Passing_Valid_Values_Returns_Name" />
    </UnitTest>
    <UnitTest name="GetAll_Passing_Nothing_Returns_Enumeracion_List" storage="d:\sferrari\01 - trabajo\repos\netcore\libs\template-netcore-entities\kitpymes.core.entities.tests\bin\debug\net5.0\kitpymes.core.entities.tests.dll" id="6552390a-82c5-4e70-a888-acc899a29080">
      <Execution id="2573c11c-d6ad-402f-ae4e-e9b70474d109" />
      <TestMethod codeBase="D:\SFERRARI\01 - TRABAJO\repos\netcore\libs\template-netcore-entities\Kitpymes.Core.Entities.Tests\bin\Debug\net5.0\Kitpymes.Core.Entities.Tests.dll" adapterTypeName="executor://mstestadapter/v2" className="Kitpymes.Core.Entities.Enumerations.Tests.SubscriptionEnumTests" name="GetAll_Passing_Nothing_Returns_Enumeracion_List" />
    </UnitTest>
    <UnitTest name="ToString_Passing_Valid_Values_Returns_Name (TENANT1)" storage="d:\sferrari\01 - trabajo\repos\netcore\libs\template-netcore-entities\kitpymes.core.entities.tests\bin\debug\net5.0\kitpymes.core.entities.tests.dll" id="b08f5393-7ac8-4b12-8fc2-94cffb483271">
      <Execution id="d950235f-2db4-4397-917a-385bf2d32d56" />
      <TestMethod codeBase="D:\SFERRARI\01 - TRABAJO\repos\netcore\libs\template-netcore-entities\Kitpymes.Core.Entities.Tests\bin\Debug\net5.0\Kitpymes.Core.Entities.Tests.dll" adapterTypeName="executor://mstestadapter/v2" className="Kitpymes.Core.Entities.ValueObjects.Tests.TenantNameTests" name="ToString_Passing_Valid_Values_Returns_Name" />
    </UnitTest>
    <UnitTest name="ToNormalize_Passing_Valid_Values_Returns_Name_String_Format (Españã,Espana)" storage="d:\sferrari\01 - trabajo\repos\netcore\libs\template-netcore-entities\kitpymes.core.entities.tests\bin\debug\net5.0\kitpymes.core.entities.tests.dll" id="128a321f-8537-4585-b6ca-a21c8707c51e">
      <Execution id="34f7b750-7710-49be-ab1c-5f8a66320856" />
      <TestMethod codeBase="D:\SFERRARI\01 - TRABAJO\repos\netcore\libs\template-netcore-entities\Kitpymes.Core.Entities.Tests\bin\Debug\net5.0\Kitpymes.Core.Entities.Tests.dll" adapterTypeName="executor://mstestadapter/v2" className="Kitpymes.Core.Entities.ValueObjects.Tests.NameTests" name="ToNormalize_Passing_Valid_Values_Returns_Name_String_Format" />
    </UnitTest>
    <UnitTest name="Create_Passing_Valid_Values_Returns_Name (TenantA)" storage="d:\sferrari\01 - trabajo\repos\netcore\libs\template-netcore-entities\kitpymes.core.entities.tests\bin\debug\net5.0\kitpymes.core.entities.tests.dll" id="88646478-49f6-4e72-a3db-70e600ab2dfb">
      <Execution id="f75cbf93-a3dc-47a3-b5c4-1547b72317d3" />
      <TestMethod codeBase="D:\SFERRARI\01 - TRABAJO\repos\netcore\libs\template-netcore-entities\Kitpymes.Core.Entities.Tests\bin\Debug\net5.0\Kitpymes.Core.Entities.Tests.dll" adapterTypeName="executor://mstestadapter/v2" className="Kitpymes.Core.Entities.ValueObjects.Tests.TenantNameTests" name="Create_Passing_Valid_Values_Returns_Name" />
    </UnitTest>
    <UnitTest name="Equals_Passing_Valid_Distinct_Values_Returns_False (Sabadell)" storage="d:\sferrari\01 - trabajo\repos\netcore\libs\template-netcore-entities\kitpymes.core.entities.tests\bin\debug\net5.0\kitpymes.core.entities.tests.dll" id="192b8ddd-5d01-43e4-bbaa-0c470b350a84">
      <Execution id="e009452a-5efa-4ffe-b267-852ac84914e3" />
      <TestMethod codeBase="D:\SFERRARI\01 - TRABAJO\repos\netcore\libs\template-netcore-entities\Kitpymes.Core.Entities.Tests\bin\Debug\net5.0\Kitpymes.Core.Entities.Tests.dll" adapterTypeName="executor://mstestadapter/v2" className="Kitpymes.Core.Entities.ValueObjects.Tests.StringIdTests" name="Equals_Passing_Valid_Distinct_Values_Returns_False" />
    </UnitTest>
    <UnitTest name="ToString_Passing_Valid_Values_Returns_Name (TENANT_A)" storage="d:\sferrari\01 - trabajo\repos\netcore\libs\template-netcore-entities\kitpymes.core.entities.tests\bin\debug\net5.0\kitpymes.core.entities.tests.dll" id="d46c9c97-0eae-4769-b6e8-ee97ca9a06e8">
      <Execution id="bc2bc892-d8aa-4533-8414-172f7578313c" />
      <TestMethod codeBase="D:\SFERRARI\01 - TRABAJO\repos\netcore\libs\template-netcore-entities\Kitpymes.Core.Entities.Tests\bin\Debug\net5.0\Kitpymes.Core.Entities.Tests.dll" adapterTypeName="executor://mstestadapter/v2" className="Kitpymes.Core.Entities.ValueObjects.Tests.TenantNameTests" name="ToString_Passing_Valid_Values_Returns_Name" />
    </UnitTest>
    <UnitTest name="Create_Passing_Valid_Value_Returns_Email (bb_ads@ggg.cc)" storage="d:\sferrari\01 - trabajo\repos\netcore\libs\template-netcore-entities\kitpymes.core.entities.tests\bin\debug\net5.0\kitpymes.core.entities.tests.dll" id="69c8b5b3-1e1c-4ec9-8c32-b3d8ab78c81d">
      <Execution id="0c7b1b81-b828-4bd9-b4ca-d63afbb8c334" />
      <TestMethod codeBase="D:\SFERRARI\01 - TRABAJO\repos\netcore\libs\template-netcore-entities\Kitpymes.Core.Entities.Tests\bin\Debug\net5.0\Kitpymes.Core.Entities.Tests.dll" adapterTypeName="executor://mstestadapter/v2" className="Kitpymes.Core.Entities.ValueObjects.Tests.EmailTests" name="Create_Passing_Valid_Value_Returns_Email" />
    </UnitTest>
    <UnitTest name="OperatorNotEqual_Passing_Valid_Values_Returns_False (Tenant_1)" storage="d:\sferrari\01 - trabajo\repos\netcore\libs\template-netcore-entities\kitpymes.core.entities.tests\bin\debug\net5.0\kitpymes.core.entities.tests.dll" id="3ebef385-8c63-44cd-bdfa-aefe63e329f1">
      <Execution id="6356339b-68ea-42b7-822c-1be100cf862b" />
      <TestMethod codeBase="D:\SFERRARI\01 - TRABAJO\repos\netcore\libs\template-netcore-entities\Kitpymes.Core.Entities.Tests\bin\Debug\net5.0\Kitpymes.Core.Entities.Tests.dll" adapterTypeName="executor://mstestadapter/v2" className="Kitpymes.Core.Entities.ValueObjects.Tests.TenantNameTests" name="OperatorNotEqual_Passing_Valid_Values_Returns_False" />
    </UnitTest>
    <UnitTest name="Create_Passing_Valid_Values_Returns_Name (Españä)" storage="d:\sferrari\01 - trabajo\repos\netcore\libs\template-netcore-entities\kitpymes.core.entities.tests\bin\debug\net5.0\kitpymes.core.entities.tests.dll" id="194c60a5-4819-42e4-959c-c86a92f328c9">
      <Execution id="59ae1ffb-3746-41a9-94c4-1fa26cc93f8f" />
      <TestMethod codeBase="D:\SFERRARI\01 - TRABAJO\repos\netcore\libs\template-netcore-entities\Kitpymes.Core.Entities.Tests\bin\Debug\net5.0\Kitpymes.Core.Entities.Tests.dll" adapterTypeName="executor://mstestadapter/v2" className="Kitpymes.Core.Entities.ValueObjects.Tests.NameTests" name="Create_Passing_Valid_Values_Returns_Name" />
    </UnitTest>
    <UnitTest name="Create_Passing_InvalidOrNull_Value_Returns_ApplicationException (,Barcelona,España)" storage="d:\sferrari\01 - trabajo\repos\netcore\libs\template-netcore-entities\kitpymes.core.entities.tests\bin\debug\net5.0\kitpymes.core.entities.tests.dll" id="4d410f55-6725-4f0e-88fc-156df9fbd74b">
      <Execution id="3606a5c1-dbff-4143-8eb8-1f6e4541f10f" />
      <TestMethod codeBase="D:\SFERRARI\01 - TRABAJO\repos\netcore\libs\template-netcore-entities\Kitpymes.Core.Entities.Tests\bin\Debug\net5.0\Kitpymes.Core.Entities.Tests.dll" adapterTypeName="executor://mstestadapter/v2" className="Kitpymes.Core.Entities.ValueObjects.Tests.FullNameTests" name="Create_Passing_InvalidOrNull_Value_Returns_ApplicationException" />
    </UnitTest>
    <UnitTest name="Equals_Passing_Valid_Values_Returns_True (Españä)" storage="d:\sferrari\01 - trabajo\repos\netcore\libs\template-netcore-entities\kitpymes.core.entities.tests\bin\debug\net5.0\kitpymes.core.entities.tests.dll" id="fbc811b3-4aee-46e4-9f8a-409f66e881bc">
      <Execution id="728cddac-29cb-4a81-bae6-02e59c138244" />
      <TestMethod codeBase="D:\SFERRARI\01 - TRABAJO\repos\netcore\libs\template-netcore-entities\Kitpymes.Core.Entities.Tests\bin\Debug\net5.0\Kitpymes.Core.Entities.Tests.dll" adapterTypeName="executor://mstestadapter/v2" className="Kitpymes.Core.Entities.ValueObjects.Tests.NameTests" name="Equals_Passing_Valid_Values_Returns_True" />
    </UnitTest>
    <UnitTest name="Create_Passing_Valid_Values_Returns_Name (España)" storage="d:\sferrari\01 - trabajo\repos\netcore\libs\template-netcore-entities\kitpymes.core.entities.tests\bin\debug\net5.0\kitpymes.core.entities.tests.dll" id="c8552668-ab30-4116-9da5-2e3b6b340133">
      <Execution id="dfe1f6b2-f118-4b7d-b41f-5d3b67a9cc1d" />
      <TestMethod codeBase="D:\SFERRARI\01 - TRABAJO\repos\netcore\libs\template-netcore-entities\Kitpymes.Core.Entities.Tests\bin\Debug\net5.0\Kitpymes.Core.Entities.Tests.dll" adapterTypeName="executor://mstestadapter/v2" className="Kitpymes.Core.Entities.ValueObjects.Tests.NameTests" name="Create_Passing_Valid_Values_Returns_Name" />
    </UnitTest>
    <UnitTest name="Equals_Passing_Valid_Values_Returns_True (Esp añâ)" storage="d:\sferrari\01 - trabajo\repos\netcore\libs\template-netcore-entities\kitpymes.core.entities.tests\bin\debug\net5.0\kitpymes.core.entities.tests.dll" id="6ba320f6-e279-483e-9155-1d5c1ec8dbd5">
      <Execution id="6fb2464f-70fc-4f3b-9b91-162536020b3d" />
      <TestMethod codeBase="D:\SFERRARI\01 - TRABAJO\repos\netcore\libs\template-netcore-entities\Kitpymes.Core.Entities.Tests\bin\Debug\net5.0\Kitpymes.Core.Entities.Tests.dll" adapterTypeName="executor://mstestadapter/v2" className="Kitpymes.Core.Entities.ValueObjects.Tests.NameTests" name="Equals_Passing_Valid_Values_Returns_True" />
    </UnitTest>
    <UnitTest name="Change_Passing_Valid_Values_Returns_Subdomain" storage="d:\sferrari\01 - trabajo\repos\netcore\libs\template-netcore-entities\kitpymes.core.entities.tests\bin\debug\net5.0\kitpymes.core.entities.tests.dll" id="8e87dfd6-b7d0-43d6-8d13-7cc911dae9f6">
      <Execution id="26ffcf9a-d23f-44a0-98c6-a01aaeb7de1c" />
      <TestMethod codeBase="D:\SFERRARI\01 - TRABAJO\repos\netcore\libs\template-netcore-entities\Kitpymes.Core.Entities.Tests\bin\Debug\net5.0\Kitpymes.Core.Entities.Tests.dll" adapterTypeName="executor://mstestadapter/v2" className="Kitpymes.Core.Entities.ValueObjects.Tests.SubdomainTests" name="Change_Passing_Valid_Values_Returns_Subdomain" />
    </UnitTest>
    <UnitTest name="ToEnum_Passing_Valid_String_Name_Enumeracion_Returns_Enumeracion" storage="d:\sferrari\01 - trabajo\repos\netcore\libs\template-netcore-entities\kitpymes.core.entities.tests\bin\debug\net5.0\kitpymes.core.entities.tests.dll" id="df2bb601-a661-4f9a-9055-420b4a95ad1b">
      <Execution id="95c944f8-e428-45e5-b39e-c522bc6d9baf" />
      <TestMethod codeBase="D:\SFERRARI\01 - TRABAJO\repos\netcore\libs\template-netcore-entities\Kitpymes.Core.Entities.Tests\bin\Debug\net5.0\Kitpymes.Core.Entities.Tests.dll" adapterTypeName="executor://mstestadapter/v2" className="Kitpymes.Core.Entities.Enumerations.Tests.GenderTypeEnumTests" name="ToEnum_Passing_Valid_String_Name_Enumeracion_Returns_Enumeracion" />
    </UnitTest>
    <UnitTest name="Equals_Passing_Valid_Distinct_Values_Returns_False (Esp añâ)" storage="d:\sferrari\01 - trabajo\repos\netcore\libs\template-netcore-entities\kitpymes.core.entities.tests\bin\debug\net5.0\kitpymes.core.entities.tests.dll" id="4a1e5904-e5db-46e2-92f2-e07e3d29d429">
      <Execution id="50038e12-cd97-4ae6-953b-ec6cf3be93fc" />
      <TestMethod codeBase="D:\SFERRARI\01 - TRABAJO\repos\netcore\libs\template-netcore-entities\Kitpymes.Core.Entities.Tests\bin\Debug\net5.0\Kitpymes.Core.Entities.Tests.dll" adapterTypeName="executor://mstestadapter/v2" className="Kitpymes.Core.Entities.ValueObjects.Tests.NameTests" name="Equals_Passing_Valid_Distinct_Values_Returns_False" />
    </UnitTest>
    <UnitTest name="Create_Passing_Valid_Values_Returns_Telephone (D45,86554654)" storage="d:\sferrari\01 - trabajo\repos\netcore\libs\template-netcore-entities\kitpymes.core.entities.tests\bin\debug\net5.0\kitpymes.core.entities.tests.dll" id="29ea4237-840e-44c0-9599-dc7afcc2484a">
      <Execution id="c812670e-df1d-4dbe-b553-4b4e286b52a1" />
      <TestMethod codeBase="D:\SFERRARI\01 - TRABAJO\repos\netcore\libs\template-netcore-entities\Kitpymes.Core.Entities.Tests\bin\Debug\net5.0\Kitpymes.Core.Entities.Tests.dll" adapterTypeName="executor://mstestadapter/v2" className="Kitpymes.Core.Entities.ValueObjects.Tests.TelephoneTests" name="Create_Passing_Valid_Values_Returns_Telephone" />
    </UnitTest>
  </TestDefinitions>
  <TestEntries>
    <TestEntry testId="2b8383d2-5f11-41e0-9a6b-a1a24a09ce6d" executionId="0ac2bd4f-f5a1-4ddf-90cb-445085786cc1" testListId="8c84fa94-04c1-424b-9868-57a2d4851a1d" />
    <TestEntry testId="211831aa-ecf0-4040-9493-d4974d3f4397" executionId="076b21c4-85d8-4793-853d-da4cbe6588b3" testListId="8c84fa94-04c1-424b-9868-57a2d4851a1d" />
    <TestEntry testId="b3b941cf-7844-47f1-90be-4faa17e00999" executionId="9ecf4b4e-f9e8-44d3-a090-a1e11461f73b" testListId="8c84fa94-04c1-424b-9868-57a2d4851a1d" />
    <TestEntry testId="57b045c2-be1a-49b1-b7b8-e1e84c0ce86f" executionId="6a1a39e6-9733-406d-a971-5509f1731a45" testListId="8c84fa94-04c1-424b-9868-57a2d4851a1d" />
    <TestEntry testId="2d3eb306-c065-40ba-965c-f40fd723d560" executionId="73d2c24d-3974-4e28-b0fb-38aa975f85e5" testListId="8c84fa94-04c1-424b-9868-57a2d4851a1d" />
    <TestEntry testId="7824df58-67fb-476f-8515-8e3de07e4376" executionId="34280da1-a5a4-4ea7-80c7-3868482f39d9" testListId="8c84fa94-04c1-424b-9868-57a2d4851a1d" />
    <TestEntry testId="3dab1668-b361-456c-b0fd-87f529333377" executionId="13aced4d-ee2e-4ed2-868d-a547799b4208" testListId="8c84fa94-04c1-424b-9868-57a2d4851a1d" />
    <TestEntry testId="50d30ae4-6049-49d4-b4d8-2ff7df62fdf4" executionId="73e49679-2395-458a-85b9-a920f01d3802" testListId="8c84fa94-04c1-424b-9868-57a2d4851a1d" />
    <TestEntry testId="52c892af-299b-4341-a5a4-7acaa847dc67" executionId="2fa6cc97-f24c-43af-b237-6bbd115cc0be" testListId="8c84fa94-04c1-424b-9868-57a2d4851a1d" />
    <TestEntry testId="73fe7657-e303-4f99-80ec-724b87be5d44" executionId="6824de12-90c8-4ee7-b436-8a901aa56f1f" testListId="8c84fa94-04c1-424b-9868-57a2d4851a1d" />
    <TestEntry testId="a9022a64-3a22-4a73-802a-8628564b8efc" executionId="63f89f51-e6a7-4706-930f-62b6708be3e3" testListId="8c84fa94-04c1-424b-9868-57a2d4851a1d" />
    <TestEntry testId="10d31361-8858-4e94-bdfd-6f7a69aa6380" executionId="d2b32b7b-b75c-4358-a9d3-fbd7db52170c" testListId="8c84fa94-04c1-424b-9868-57a2d4851a1d" />
    <TestEntry testId="2335fb6a-b98e-4732-9b0c-c4339024cfdb" executionId="15af6e17-eee5-4fe3-b227-9d2ca3345b9e" testListId="8c84fa94-04c1-424b-9868-57a2d4851a1d" />
    <TestEntry testId="06ce9c03-026e-47fa-af58-7f81cc3fd65a" executionId="673638d1-8d8b-40a2-96ec-bfc72e5f304f" testListId="8c84fa94-04c1-424b-9868-57a2d4851a1d" />
    <TestEntry testId="30d46cfc-adf7-4bea-8564-ac18e847b750" executionId="f302b52b-1707-4ebc-bf11-d2afe25d3900" testListId="8c84fa94-04c1-424b-9868-57a2d4851a1d" />
    <TestEntry testId="c78e7717-aa72-4020-93f0-1dd49d5a92cd" executionId="9a91a5be-412e-4a1f-809b-81b6adb81fa7" testListId="8c84fa94-04c1-424b-9868-57a2d4851a1d" />
    <TestEntry testId="53733f1e-2047-4fb3-a1f7-9943b6d32f56" executionId="4b83a958-5d2f-4c43-bc92-a0a416b5c558" testListId="8c84fa94-04c1-424b-9868-57a2d4851a1d" />
    <TestEntry testId="8fb38666-394c-419f-8d9f-6e8bf42331b4" executionId="f1589114-64b2-46a4-8e46-11ec21d9b1dc" testListId="8c84fa94-04c1-424b-9868-57a2d4851a1d" />
    <TestEntry testId="42b5f28d-de67-4f09-b525-7969a3ba92d5" executionId="6b250af9-229c-4bff-a8ea-15f8047f94af" testListId="8c84fa94-04c1-424b-9868-57a2d4851a1d" />
    <TestEntry testId="2eb86323-e246-4d15-bded-faa659598917" executionId="9ad88f3a-c989-48b7-9553-c860b92129b3" testListId="8c84fa94-04c1-424b-9868-57a2d4851a1d" />
    <TestEntry testId="794f6645-d15f-40f2-9bce-3dd4f763ab55" executionId="c24463c5-b8a1-4b49-9764-c59e33855204" testListId="8c84fa94-04c1-424b-9868-57a2d4851a1d" />
    <TestEntry testId="d05e7cad-f90b-4374-a9f3-790d5a420a61" executionId="07842735-afa9-4316-b03a-dfad9279aeb5" testListId="8c84fa94-04c1-424b-9868-57a2d4851a1d" />
    <TestEntry testId="e1f5ea6e-92bf-4802-b4ce-33c12dd35269" executionId="f311b391-e2e5-4b1f-9178-e3b06bab01b8" testListId="8c84fa94-04c1-424b-9868-57a2d4851a1d" />
    <TestEntry testId="7768da7d-5e21-4241-94c8-83560da33e89" executionId="c66f06d1-8815-45ad-bcd5-50dc3ed1b9f0" testListId="8c84fa94-04c1-424b-9868-57a2d4851a1d" />
    <TestEntry testId="85e1f2f0-25eb-44c0-b7c0-3c400b871197" executionId="11848b29-7ad9-4e6a-9f2d-58a81dc480d5" testListId="8c84fa94-04c1-424b-9868-57a2d4851a1d" />
    <TestEntry testId="a95050f5-458d-4ae7-9bad-be97827e1b4c" executionId="7a76a5b5-1aa8-4dfe-bba5-171797110a7d" testListId="8c84fa94-04c1-424b-9868-57a2d4851a1d" />
    <TestEntry testId="e748c129-11be-4a0a-86f2-b4be6230cd79" executionId="41a76857-44d9-47f2-bdf7-0198a6e1bd04" testListId="8c84fa94-04c1-424b-9868-57a2d4851a1d" />
    <TestEntry testId="c58fb75e-5adc-47da-89c6-441c1e5cf7e8" executionId="972f8893-71c9-44f6-8772-6468e280c518" testListId="8c84fa94-04c1-424b-9868-57a2d4851a1d" />
    <TestEntry testId="7bcbc65b-33ea-4ff1-a974-1078e06416b7" executionId="8007e340-4fa2-41f5-a8e6-dd9683d4ed06" testListId="8c84fa94-04c1-424b-9868-57a2d4851a1d" />
    <TestEntry testId="32216bf6-923f-4e92-8105-c02f5d640bf3" executionId="34997b6d-3e42-4673-97dd-4a89438eedae" testListId="8c84fa94-04c1-424b-9868-57a2d4851a1d" />
    <TestEntry testId="8acb7f82-77b5-44d5-9c8d-bae512a211ad" executionId="4fe71d77-8d19-4d00-8fbe-7416f20299af" testListId="8c84fa94-04c1-424b-9868-57a2d4851a1d" />
    <TestEntry testId="5a00e945-32db-4466-89ec-6df2ea53588f" executionId="41f075a4-7195-4f24-9b7b-ec6fc1354252" testListId="8c84fa94-04c1-424b-9868-57a2d4851a1d" />
    <TestEntry testId="578ba56b-aef4-45db-8722-07c1be7145f3" executionId="51972f38-9673-4ca6-934c-a5bf77264e50" testListId="8c84fa94-04c1-424b-9868-57a2d4851a1d" />
    <TestEntry testId="b34a39bf-3c1a-48e9-a11d-7eebd925e0c3" executionId="e205b3a7-4a53-4087-8f3a-77e01e7334fb" testListId="8c84fa94-04c1-424b-9868-57a2d4851a1d" />
    <TestEntry testId="93bb4581-da7f-46ca-b16c-6ce5d6c77017" executionId="d44584d7-bbfa-4ab3-8a8b-d4bfae1578ae" testListId="8c84fa94-04c1-424b-9868-57a2d4851a1d" />
    <TestEntry testId="53b44f74-ed96-4fc0-ab25-6826a6e1fa06" executionId="c441877c-fe28-4eb5-aa51-22ce935ee31a" testListId="8c84fa94-04c1-424b-9868-57a2d4851a1d" />
    <TestEntry testId="c240fbad-2739-4901-ab30-7c32d7f60011" executionId="c0428f56-c405-4851-92b5-eb7aeb1f3f9f" testListId="8c84fa94-04c1-424b-9868-57a2d4851a1d" />
    <TestEntry testId="aee307f9-25a8-48aa-94dd-154e049851ed" executionId="e9243e52-d0b2-4c59-9add-f6fc3e9f4d11" testListId="8c84fa94-04c1-424b-9868-57a2d4851a1d" />
    <TestEntry testId="85c555bb-9016-45da-9fc1-f815dd8b781d" executionId="ed24faa2-381f-49e2-8cae-da12d43baaca" testListId="8c84fa94-04c1-424b-9868-57a2d4851a1d" />
    <TestEntry testId="9e5093ee-0958-4ad4-b026-d851ac73b203" executionId="952c49a1-c9f6-48ba-995b-4462b454c4a1" testListId="8c84fa94-04c1-424b-9868-57a2d4851a1d" />
    <TestEntry testId="36a92049-4b9e-43da-8e58-c4695b30a78d" executionId="5717e98c-68dc-45ae-83a2-0bafc626de95" testListId="8c84fa94-04c1-424b-9868-57a2d4851a1d" />
    <TestEntry testId="d987eaad-a949-4974-8c37-f6404e42d9d3" executionId="eeda6d7e-2b60-4ff0-8577-e728c0835567" testListId="8c84fa94-04c1-424b-9868-57a2d4851a1d" />
    <TestEntry testId="ebf6940c-60fe-4259-9502-46dbfab3b551" executionId="147a9b51-d58a-4a61-89b0-64153f3611f7" testListId="8c84fa94-04c1-424b-9868-57a2d4851a1d" />
    <TestEntry testId="74441bea-8607-449b-9181-ceacc50dd37b" executionId="d07b24e6-4c40-4955-82a6-2e11fb4027e2" testListId="8c84fa94-04c1-424b-9868-57a2d4851a1d" />
    <TestEntry testId="50442e13-b377-4c96-9f76-907f5b8afee3" executionId="6ac0a925-978b-46cd-b54b-187e88ab5636" testListId="8c84fa94-04c1-424b-9868-57a2d4851a1d" />
    <TestEntry testId="86b09c13-c330-4ff6-a5ee-f21bb93cb999" executionId="bfa5b2b1-a7c9-42d5-9090-68b6101a2f41" testListId="8c84fa94-04c1-424b-9868-57a2d4851a1d" />
    <TestEntry testId="bde4fc60-0f09-4c9c-b97c-f3397f3ff8c7" executionId="982274da-722c-4712-9169-9f44bb5934d0" testListId="8c84fa94-04c1-424b-9868-57a2d4851a1d" />
    <TestEntry testId="b80bb203-89da-4fc7-b03c-821062cb23fd" executionId="b5e0eef4-1125-49f2-aec1-e7bfadad4416" testListId="8c84fa94-04c1-424b-9868-57a2d4851a1d" />
    <TestEntry testId="eb150bfb-7ec4-4c58-ac93-f2c50138670e" executionId="189b87d1-208a-4153-9798-8c095571d8f6" testListId="8c84fa94-04c1-424b-9868-57a2d4851a1d" />
    <TestEntry testId="8ed38f6e-5474-4d50-98be-b0acd04bdbdd" executionId="7d4d7bc8-d602-4438-88ed-e7f9f8367aa8" testListId="8c84fa94-04c1-424b-9868-57a2d4851a1d" />
    <TestEntry testId="81563597-da17-4933-be0f-7325a8fbac96" executionId="fd4103bd-6c95-4207-93d7-9dbe9cf04f4a" testListId="8c84fa94-04c1-424b-9868-57a2d4851a1d" />
    <TestEntry testId="8d319184-87b7-4f3b-9fc0-49c420b0a473" executionId="b6fbf0ad-a6f1-45dc-8719-4289eed2ce54" testListId="8c84fa94-04c1-424b-9868-57a2d4851a1d" />
    <TestEntry testId="3cc4a6c9-a989-406d-a186-053d21ade83f" executionId="7cff4352-82e5-4d6e-8993-bb3f3aa65fb7" testListId="8c84fa94-04c1-424b-9868-57a2d4851a1d" />
    <TestEntry testId="fcb3afc8-04f6-4767-8958-f38210cb7bad" executionId="3e5d290e-0c78-4a9f-9abb-6c7de2c1d0b7" testListId="8c84fa94-04c1-424b-9868-57a2d4851a1d" />
    <TestEntry testId="ab05f438-b68f-47c7-85cf-d7d28b2c6ae4" executionId="f95ff3ae-f191-43d2-a2b0-8dc5f481b856" testListId="8c84fa94-04c1-424b-9868-57a2d4851a1d" />
    <TestEntry testId="0bbcaa3a-7dad-4ac5-8002-f04c68af4420" executionId="2966302b-cdd2-4eb2-9cfa-e2c5268812d4" testListId="8c84fa94-04c1-424b-9868-57a2d4851a1d" />
    <TestEntry testId="701e0de3-b735-4661-bbbc-6ab81bc6d741" executionId="22311ebb-f3af-4fb7-be09-57b3ca2177bd" testListId="8c84fa94-04c1-424b-9868-57a2d4851a1d" />
    <TestEntry testId="aba802a9-600f-4a14-b468-49a2d6b802e5" executionId="9c20f801-0fdb-4c9a-92e1-31276b47510e" testListId="8c84fa94-04c1-424b-9868-57a2d4851a1d" />
    <TestEntry testId="c5754b2c-e8b6-458a-bdf0-d86d1f724f76" executionId="f521737c-b815-44b4-b18d-136eea86c981" testListId="8c84fa94-04c1-424b-9868-57a2d4851a1d" />
    <TestEntry testId="c89bfefb-5670-4cd9-8266-f845880ce7f7" executionId="995a7a11-8027-4871-b9b9-1a3728cd1a0c" testListId="8c84fa94-04c1-424b-9868-57a2d4851a1d" />
    <TestEntry testId="a20999f3-d4ca-4629-9b46-328b6229febb" executionId="4ad766bb-f2c3-4b11-971a-a8216486fd7b" testListId="8c84fa94-04c1-424b-9868-57a2d4851a1d" />
    <TestEntry testId="9d09ba6f-dc8e-47c3-aced-36d9d203218c" executionId="d1c7bb97-c41f-475d-9235-d00ed31934d5" testListId="8c84fa94-04c1-424b-9868-57a2d4851a1d" />
    <TestEntry testId="54b2febf-8c40-4a6c-9039-672dd6071952" executionId="dd20e2e5-98b3-43cc-8716-d25f9d2b7b50" testListId="8c84fa94-04c1-424b-9868-57a2d4851a1d" />
    <TestEntry testId="ef57edb2-cee8-4dab-a650-be841bb021fe" executionId="9bdc75b9-b7a0-4cd6-b8f9-9cc9e541bed9" testListId="8c84fa94-04c1-424b-9868-57a2d4851a1d" />
    <TestEntry testId="d1fb94c1-4f45-42eb-b7e4-ef0de66db0fd" executionId="8db6089b-c120-45ca-8495-867a51f4d040" testListId="8c84fa94-04c1-424b-9868-57a2d4851a1d" />
    <TestEntry testId="ec7c74e1-a873-4326-bbef-32db1ae50cb1" executionId="6dca23cd-4023-492c-a5b1-d12acc376837" testListId="8c84fa94-04c1-424b-9868-57a2d4851a1d" />
    <TestEntry testId="d0704acd-6072-4677-835f-dff600581b04" executionId="79fb448e-b4fb-4b86-bf12-b581db46d634" testListId="8c84fa94-04c1-424b-9868-57a2d4851a1d" />
    <TestEntry testId="a70cebce-c87a-4976-bec8-4800a5cea821" executionId="c3209006-3a21-4aca-95fc-9105a3733f90" testListId="8c84fa94-04c1-424b-9868-57a2d4851a1d" />
    <TestEntry testId="086637e0-1f5e-47f9-af02-13d9070f062c" executionId="332db83a-caa1-4d1d-9d19-b951a29a23a8" testListId="8c84fa94-04c1-424b-9868-57a2d4851a1d" />
    <TestEntry testId="da843226-624d-462f-8370-4d4861fc18c2" executionId="e90a6167-43b2-4652-82d5-26e26c3d2d2b" testListId="8c84fa94-04c1-424b-9868-57a2d4851a1d" />
    <TestEntry testId="795d7111-c381-496a-b44c-b4d35f453173" executionId="d319c0ca-bad8-4bce-a9ea-412c96fcb3c1" testListId="8c84fa94-04c1-424b-9868-57a2d4851a1d" />
    <TestEntry testId="2a6ae84f-960f-45f2-b2d8-7d80ddf025bd" executionId="2098fada-c107-44e7-9034-b29ffe84f658" testListId="8c84fa94-04c1-424b-9868-57a2d4851a1d" />
    <TestEntry testId="564e8d52-5473-49e6-814f-e4064c466fc1" executionId="01c34e3c-fc39-488d-9aa5-0b951a40b084" testListId="8c84fa94-04c1-424b-9868-57a2d4851a1d" />
    <TestEntry testId="839caff0-edc3-4820-ba03-7fff9d938c87" executionId="a4968e0f-ffea-4e95-a56c-c77277f3f3b8" testListId="8c84fa94-04c1-424b-9868-57a2d4851a1d" />
    <TestEntry testId="a89f7263-563d-4bf3-87d2-8507296f876d" executionId="c75e3c3b-a065-4d1e-a361-9efd5adce053" testListId="8c84fa94-04c1-424b-9868-57a2d4851a1d" />
    <TestEntry testId="ba54d698-b1a4-4c2b-b905-d5555f8f922e" executionId="ebe8f401-e18e-4555-a37c-bc35a716d4c5" testListId="8c84fa94-04c1-424b-9868-57a2d4851a1d" />
    <TestEntry testId="504366b9-1688-4c04-9ab7-49df0be73aa9" executionId="ac9b70f7-3d80-4b22-904f-6acda8e22f08" testListId="8c84fa94-04c1-424b-9868-57a2d4851a1d" />
    <TestEntry testId="e950ba7d-d600-48ab-a0c2-23c84bf5e660" executionId="97e0927a-892f-4322-9950-d9a40ff10481" testListId="8c84fa94-04c1-424b-9868-57a2d4851a1d" />
    <TestEntry testId="ce01a80d-f96a-4437-8220-6087a3339c9e" executionId="249548f2-734e-4ce6-bb2f-bc0fd48aad90" testListId="8c84fa94-04c1-424b-9868-57a2d4851a1d" />
    <TestEntry testId="1ad3155e-22cd-49c0-8aba-011aae4bafbd" executionId="1cddbb9e-7c7b-453f-a468-f75d9310cdff" testListId="8c84fa94-04c1-424b-9868-57a2d4851a1d" />
    <TestEntry testId="cdd799bf-67de-4f9f-aa6a-55a6876f3d52" executionId="945aa237-e5a6-4dd2-adb7-28f8ab3bef90" testListId="8c84fa94-04c1-424b-9868-57a2d4851a1d" />
    <TestEntry testId="4809f964-4c42-4a91-b914-ff1c6141808f" executionId="583df2cb-8ab0-4557-b3f8-5799fe83f73f" testListId="8c84fa94-04c1-424b-9868-57a2d4851a1d" />
    <TestEntry testId="f7b51873-3c79-4185-a98c-8076d455cf02" executionId="b7205577-4884-44ea-a28e-f780bdaee0c2" testListId="8c84fa94-04c1-424b-9868-57a2d4851a1d" />
    <TestEntry testId="63eb4307-8a65-4300-bd86-3d850abff09a" executionId="0d39c2d3-3041-43fa-94fe-26fb6531dd66" testListId="8c84fa94-04c1-424b-9868-57a2d4851a1d" />
    <TestEntry testId="1ddf2557-0ddc-4aab-a43a-c17cac3d6043" executionId="2d3396bb-8cbb-4b9b-820c-f144bbffd2ad" testListId="8c84fa94-04c1-424b-9868-57a2d4851a1d" />
    <TestEntry testId="e48cddbf-d705-451e-9bac-fd47f6c340c1" executionId="ad4c2146-e8e1-4549-b4d0-5777c8a15297" testListId="8c84fa94-04c1-424b-9868-57a2d4851a1d" />
    <TestEntry testId="018dbca6-16d6-4b2f-9f6c-67581793cda3" executionId="0117e6cf-5e94-4d1f-b58b-7ad652b22715" testListId="8c84fa94-04c1-424b-9868-57a2d4851a1d" />
    <TestEntry testId="da21741e-86c3-4937-a52d-caef8d6a3488" executionId="eb6e6fe6-30f6-4e46-bb5b-de3d5500ac0a" testListId="8c84fa94-04c1-424b-9868-57a2d4851a1d" />
    <TestEntry testId="8b676c2a-21b0-459c-a645-5dd77afeb068" executionId="9cab2d0a-b083-465b-8784-6d8edcc47411" testListId="8c84fa94-04c1-424b-9868-57a2d4851a1d" />
    <TestEntry testId="93783dff-ac19-4320-910e-67e40f8f0aaa" executionId="ea0036c6-6b67-43e4-a397-352cc9cacc3a" testListId="8c84fa94-04c1-424b-9868-57a2d4851a1d" />
    <TestEntry testId="1834fff8-9d88-43b5-9df3-b6c5738f9544" executionId="f058bf47-7f8d-44d2-b17c-772527254094" testListId="8c84fa94-04c1-424b-9868-57a2d4851a1d" />
    <TestEntry testId="8aff0a8a-e0fd-4a4c-8078-b1afb2ddcd9a" executionId="fd18f64a-13ed-4362-9963-9b3813d281d4" testListId="8c84fa94-04c1-424b-9868-57a2d4851a1d" />
    <TestEntry testId="b49fd363-154d-4c56-befe-bed838cc87d6" executionId="e79de300-d967-4dd2-8ef0-8ddf6b03f671" testListId="8c84fa94-04c1-424b-9868-57a2d4851a1d" />
    <TestEntry testId="35339f82-5caa-40ca-a0ca-929da0652385" executionId="ec7b8ad2-8bfb-4e90-8a5b-9c1965db704d" testListId="8c84fa94-04c1-424b-9868-57a2d4851a1d" />
    <TestEntry testId="e6713a48-b33a-4597-9ee2-aa8c36f2e319" executionId="e67554de-a2ca-48a7-951b-490e7e85b27c" testListId="8c84fa94-04c1-424b-9868-57a2d4851a1d" />
    <TestEntry testId="b430da0c-ae7a-428e-92cc-d5a77a669901" executionId="133ca239-7477-4a72-a646-1ec9f402c5c4" testListId="8c84fa94-04c1-424b-9868-57a2d4851a1d" />
    <TestEntry testId="ea55a82a-6016-4578-9645-0c641a966ac5" executionId="55beae35-c68c-4a7f-acd2-8aa473d54088" testListId="8c84fa94-04c1-424b-9868-57a2d4851a1d" />
    <TestEntry testId="e8910a01-cab9-4f0b-b26a-d852fb93ffc8" executionId="db58e7ef-9d5a-4d5f-b9da-7e4860a25d2e" testListId="8c84fa94-04c1-424b-9868-57a2d4851a1d" />
    <TestEntry testId="d1362aff-bb37-4cf4-b2d4-14c3a083616a" executionId="51a90636-4f4e-4723-8c1b-a330f8637614" testListId="8c84fa94-04c1-424b-9868-57a2d4851a1d" />
    <TestEntry testId="431d1434-229a-4ca0-95ff-d01872a50949" executionId="b81c3c1d-a395-443a-afcc-8d94e71352f4" testListId="8c84fa94-04c1-424b-9868-57a2d4851a1d" />
    <TestEntry testId="3dfa552e-1591-41a2-b4ee-eee8cd7478e8" executionId="cd670c2c-599a-48da-80ef-96a6b43042f7" testListId="8c84fa94-04c1-424b-9868-57a2d4851a1d" />
    <TestEntry testId="a4f1f2b9-aed7-43e2-b732-dbe0c378c2e2" executionId="a5b57048-35e8-48fe-a7de-3eefd7940efb" testListId="8c84fa94-04c1-424b-9868-57a2d4851a1d" />
    <TestEntry testId="fad118e1-1d01-4ae3-bec5-0959821767c9" executionId="6e730f15-e872-4bc9-a54a-d5adbaca3239" testListId="8c84fa94-04c1-424b-9868-57a2d4851a1d" />
    <TestEntry testId="3118b232-ff63-4b35-b980-58927db73bec" executionId="5b701c6c-7a94-497a-ba65-189190633419" testListId="8c84fa94-04c1-424b-9868-57a2d4851a1d" />
    <TestEntry testId="a4ca6f6f-609f-423b-a660-76fc9af2890a" executionId="2e2eaa7d-2e87-4fc1-a52e-6b3eb8290f7b" testListId="8c84fa94-04c1-424b-9868-57a2d4851a1d" />
    <TestEntry testId="48ec24ad-34fd-4a2f-9ad7-2cd626bf9b6d" executionId="215466bd-6374-4140-873b-cec1407a2045" testListId="8c84fa94-04c1-424b-9868-57a2d4851a1d" />
    <TestEntry testId="0a70f922-9362-47ec-8e91-65bc1dfb51a7" executionId="b89995f5-271a-4116-bbf8-12ad1de3ea4d" testListId="8c84fa94-04c1-424b-9868-57a2d4851a1d" />
    <TestEntry testId="9bad31b3-75b2-4ee9-818f-908f24f0bde4" executionId="8ec73d46-e900-412b-8bba-9a8bb9be071d" testListId="8c84fa94-04c1-424b-9868-57a2d4851a1d" />
    <TestEntry testId="ccadb473-8c8b-4ab3-8a09-422f6bc09de1" executionId="aea6fe8b-7a99-4bf6-8fa9-3d7a1d7af8eb" testListId="8c84fa94-04c1-424b-9868-57a2d4851a1d" />
    <TestEntry testId="e5561bfc-e6c1-4415-9cfb-d3421a24dc05" executionId="90f316c1-3f77-4824-9312-e790e135f9bf" testListId="8c84fa94-04c1-424b-9868-57a2d4851a1d" />
    <TestEntry testId="d7bd1474-2bf2-421a-ac3c-8006f1b36bb0" executionId="c3d5d0ef-7bf7-44ea-8031-3ee38346dbcf" testListId="8c84fa94-04c1-424b-9868-57a2d4851a1d" />
    <TestEntry testId="d3fa83a4-27fd-4c36-ba89-5314c0a9cc2e" executionId="5696a72a-1eb5-4690-9d83-bde917fb6b74" testListId="8c84fa94-04c1-424b-9868-57a2d4851a1d" />
    <TestEntry testId="ce8b4bcd-1cdb-45cb-abe9-f62fdf5bde7d" executionId="0cb47508-2b51-4168-af1c-567540f093f4" testListId="8c84fa94-04c1-424b-9868-57a2d4851a1d" />
    <TestEntry testId="bf8b0d59-7f04-4978-a8d6-53f2b2a7faa5" executionId="b0471b6c-a15e-4b78-bfe1-735721466b09" testListId="8c84fa94-04c1-424b-9868-57a2d4851a1d" />
    <TestEntry testId="ed9b1940-c9fa-44eb-832e-12112e4a438d" executionId="2836ece2-7ea8-42da-bd95-a275ab35b3ed" testListId="8c84fa94-04c1-424b-9868-57a2d4851a1d" />
    <TestEntry testId="69c8b5b3-1e1c-4ec9-8c32-b3d8ab78c81d" executionId="0c7b1b81-b828-4bd9-b4ca-d63afbb8c334" testListId="8c84fa94-04c1-424b-9868-57a2d4851a1d" />
    <TestEntry testId="552db3bb-561b-4b88-ac08-6a7beced0ac6" executionId="b02e59ed-62a5-4316-ae6e-f440c3539914" testListId="8c84fa94-04c1-424b-9868-57a2d4851a1d" />
    <TestEntry testId="55e42524-f512-4ab5-84ca-38bf669096b0" executionId="33e0c651-ecc8-490c-846a-89ff9bc919bc" testListId="8c84fa94-04c1-424b-9868-57a2d4851a1d" />
    <TestEntry testId="2c01c925-a264-4630-ba1c-a449012a75e8" executionId="bf9af29e-010c-42ad-9ee6-ef3be87e4dc8" testListId="8c84fa94-04c1-424b-9868-57a2d4851a1d" />
    <TestEntry testId="35fc11b2-709b-46f6-8cce-53977fd338c7" executionId="0ebc7316-2d45-47fc-9e8c-41e67b71aeae" testListId="8c84fa94-04c1-424b-9868-57a2d4851a1d" />
    <TestEntry testId="687b48d5-ede5-4f18-b0de-4b3c676c492b" executionId="ff7edd82-c946-4220-86b0-5d59aa129d33" testListId="8c84fa94-04c1-424b-9868-57a2d4851a1d" />
    <TestEntry testId="165693f4-8008-4686-b67c-9a1668b88da6" executionId="cefcf970-c0f3-4264-b57f-5673713f5781" testListId="8c84fa94-04c1-424b-9868-57a2d4851a1d" />
    <TestEntry testId="651f922e-0911-43a2-a86c-1f833c73ba67" executionId="96823bbc-3fae-497a-9918-59e29a7a2c86" testListId="8c84fa94-04c1-424b-9868-57a2d4851a1d" />
    <TestEntry testId="3bb7fd14-d11c-4ac3-bb72-a1e1ec01da99" executionId="c0a11796-3478-4516-a753-a02c74982a0f" testListId="8c84fa94-04c1-424b-9868-57a2d4851a1d" />
    <TestEntry testId="7dbdd037-8098-456a-ae2b-e790ff346a0d" executionId="73d51e6a-60ac-4d1a-b1a7-3789183c2b50" testListId="8c84fa94-04c1-424b-9868-57a2d4851a1d" />
    <TestEntry testId="7f43c357-946d-4c1e-aef9-8d58dd865195" executionId="f61c56f1-752e-4a7a-9dac-a87394a5c0d5" testListId="8c84fa94-04c1-424b-9868-57a2d4851a1d" />
    <TestEntry testId="a6edbbaa-1ed7-411f-981c-19c1fa60e514" executionId="bde4ab80-baa4-4fa8-b9da-dcce944a92e1" testListId="8c84fa94-04c1-424b-9868-57a2d4851a1d" />
    <TestEntry testId="d46c9c97-0eae-4769-b6e8-ee97ca9a06e8" executionId="bc2bc892-d8aa-4533-8414-172f7578313c" testListId="8c84fa94-04c1-424b-9868-57a2d4851a1d" />
    <TestEntry testId="1f8f700e-70dd-40f2-aee7-69035decec0d" executionId="2ee39402-3e7b-4cc2-b2da-aacd2ef5080b" testListId="8c84fa94-04c1-424b-9868-57a2d4851a1d" />
    <TestEntry testId="63cd7491-8030-41f6-8ba9-d68be8c76185" executionId="db0666e2-c5ac-43a5-9c0b-e7b900eca0ce" testListId="8c84fa94-04c1-424b-9868-57a2d4851a1d" />
    <TestEntry testId="6609fd4f-6393-4e54-bf06-9bab01258110" executionId="3699b8c0-8ee4-4eda-9e5a-5d3264a1c1ee" testListId="8c84fa94-04c1-424b-9868-57a2d4851a1d" />
    <TestEntry testId="a39d6302-eea0-423d-b743-edd0d1fea7b9" executionId="d45ede77-ed67-4489-82e0-babce69fa5a2" testListId="8c84fa94-04c1-424b-9868-57a2d4851a1d" />
    <TestEntry testId="220b34e5-865e-499c-b054-ea71896de579" executionId="0ca2d161-9f4b-4837-b155-eb0d1712e2d8" testListId="8c84fa94-04c1-424b-9868-57a2d4851a1d" />
    <TestEntry testId="87c05d9a-8992-478e-9384-e7d7af08bfbd" executionId="9cbadd3f-e70c-476d-9d7e-4299b69b9ef4" testListId="8c84fa94-04c1-424b-9868-57a2d4851a1d" />
    <TestEntry testId="d6f8eb54-2149-4b7b-beae-60a23f818e69" executionId="c45fb6db-e555-48f5-944d-38d9eccf5c97" testListId="8c84fa94-04c1-424b-9868-57a2d4851a1d" />
    <TestEntry testId="78d852f7-cbf6-4900-a290-991f646dca6f" executionId="c8e3ea84-0c6b-4a9b-9fa9-670757fa7cea" testListId="8c84fa94-04c1-424b-9868-57a2d4851a1d" />
    <TestEntry testId="7f466004-827f-4f48-84a2-5bb82f84b1bb" executionId="a98a9e1d-5806-4e75-99f2-27702f649eb3" testListId="8c84fa94-04c1-424b-9868-57a2d4851a1d" />
    <TestEntry testId="3fa87c2d-f850-47a4-b853-8ddf025c2440" executionId="af6efa80-5ec5-4793-980c-c7ae7edbb1de" testListId="8c84fa94-04c1-424b-9868-57a2d4851a1d" />
    <TestEntry testId="231b77c7-9274-468f-919f-fa2f321a6d08" executionId="eb042f9e-08b3-49f2-8803-f1ce8ac14022" testListId="8c84fa94-04c1-424b-9868-57a2d4851a1d" />
    <TestEntry testId="f5d14f2d-63eb-4941-84e8-91310511da13" executionId="46c35c80-e606-4142-b9fe-268941f2918e" testListId="8c84fa94-04c1-424b-9868-57a2d4851a1d" />
    <TestEntry testId="847cb94c-21ac-4064-bfe1-336898e5ba60" executionId="fb59b2ad-95ba-4cc4-8918-01538c6ae07b" testListId="8c84fa94-04c1-424b-9868-57a2d4851a1d" />
    <TestEntry testId="9538729f-ac82-470c-92cb-3c002aee9276" executionId="7c776e54-501c-43c5-8a6c-08ae49044429" testListId="8c84fa94-04c1-424b-9868-57a2d4851a1d" />
    <TestEntry testId="9dd1a332-18f3-4046-9573-988653e06343" executionId="6f6341d7-d77e-48c3-9a33-b4c0f5fa4d9f" testListId="8c84fa94-04c1-424b-9868-57a2d4851a1d" />
    <TestEntry testId="2f588081-ba9b-4896-92a3-5bb8a521fed5" executionId="cba85efb-6143-4fc9-ba82-275ccae4e653" testListId="8c84fa94-04c1-424b-9868-57a2d4851a1d" />
    <TestEntry testId="6776de5d-7ae3-4542-bdd7-62369dc26ece" executionId="5e9c8d01-47ec-43ea-bdeb-d30a38c31679" testListId="8c84fa94-04c1-424b-9868-57a2d4851a1d" />
    <TestEntry testId="bb8b5544-7a4a-4cfc-a120-db3119d71cd1" executionId="0153b820-c8f2-487d-881e-aa699edeeab3" testListId="8c84fa94-04c1-424b-9868-57a2d4851a1d" />
    <TestEntry testId="8a36bd8b-7ddb-4022-a6f6-de4bf155df31" executionId="8efa94df-d44d-47a2-807d-13191450819b" testListId="8c84fa94-04c1-424b-9868-57a2d4851a1d" />
    <TestEntry testId="bea57425-ab14-43d0-9ae6-16e9a01c4a55" executionId="26bd3a11-8e93-4328-8220-64d1bfdaa88d" testListId="8c84fa94-04c1-424b-9868-57a2d4851a1d" />
    <TestEntry testId="6687e607-578b-49a7-aacb-2d66d459a07d" executionId="0dd3fc63-3625-41c6-bde4-1cf2c6a69c71" testListId="8c84fa94-04c1-424b-9868-57a2d4851a1d" />
    <TestEntry testId="67984650-20d5-48e0-9b8c-6dd61c754f62" executionId="47caeff6-ce01-4674-a547-012b6e278266" testListId="8c84fa94-04c1-424b-9868-57a2d4851a1d" />
    <TestEntry testId="41117546-1b0b-4f58-a8b7-865ab1eb933e" executionId="5bafb697-4fd5-47f8-86b0-ab593fe693b1" testListId="8c84fa94-04c1-424b-9868-57a2d4851a1d" />
    <TestEntry testId="3ebef385-8c63-44cd-bdfa-aefe63e329f1" executionId="6356339b-68ea-42b7-822c-1be100cf862b" testListId="8c84fa94-04c1-424b-9868-57a2d4851a1d" />
    <TestEntry testId="ddd2b936-ed0f-41f8-9a73-4c4ba778a4c4" executionId="a403ef9c-c7dc-4baa-a307-809993df6710" testListId="8c84fa94-04c1-424b-9868-57a2d4851a1d" />
    <TestEntry testId="2ce2cf92-22a5-438d-9c5a-d442fc3a5fff" executionId="335b8858-6d3d-4867-a7cb-30d0f42d2462" testListId="8c84fa94-04c1-424b-9868-57a2d4851a1d" />
    <TestEntry testId="f42fa93e-dfd0-45c3-9357-21066c7bcbed" executionId="f8882be8-2b88-42d0-9977-31aea903bdf1" testListId="8c84fa94-04c1-424b-9868-57a2d4851a1d" />
    <TestEntry testId="8808594e-ffed-4092-9aab-98a8137d562e" executionId="a472a306-8195-407e-b532-0692891321f2" testListId="8c84fa94-04c1-424b-9868-57a2d4851a1d" />
    <TestEntry testId="176131f4-69f8-4e2c-8479-944ef95155d8" executionId="1254a5d2-3ab8-42e5-b555-8e491587c0f9" testListId="8c84fa94-04c1-424b-9868-57a2d4851a1d" />
    <TestEntry testId="227cb83f-292f-4cd9-96e0-969beba113f6" executionId="d8a78cc9-d270-4c76-b3aa-2fb3bc82c4c2" testListId="8c84fa94-04c1-424b-9868-57a2d4851a1d" />
    <TestEntry testId="c4f0f88c-cbd8-4446-b649-e3a5d8b116b8" executionId="5df9dafd-08c6-41c8-9c41-10c3399906d3" testListId="8c84fa94-04c1-424b-9868-57a2d4851a1d" />
    <TestEntry testId="c223cf8c-4334-4506-8f65-a776587a723a" executionId="2c6679e2-798c-4c94-aa4d-f0567bec7899" testListId="8c84fa94-04c1-424b-9868-57a2d4851a1d" />
    <TestEntry testId="128a321f-8537-4585-b6ca-a21c8707c51e" executionId="34f7b750-7710-49be-ab1c-5f8a66320856" testListId="8c84fa94-04c1-424b-9868-57a2d4851a1d" />
    <TestEntry testId="a3412336-0f43-4495-b382-7202777465b9" executionId="7841760d-a04e-4c58-a1cd-84b37346e2af" testListId="8c84fa94-04c1-424b-9868-57a2d4851a1d" />
    <TestEntry testId="af1ede09-bbd3-4ac8-ae5f-0ca5c0a406aa" executionId="4440f45b-6da7-4f8f-8fdf-718942c45a1a" testListId="8c84fa94-04c1-424b-9868-57a2d4851a1d" />
    <TestEntry testId="dbbb96fa-1abf-4fbe-8b31-947f3b66c4a5" executionId="e107b239-31c9-4ece-b6f5-fb0d5b3079ae" testListId="8c84fa94-04c1-424b-9868-57a2d4851a1d" />
    <TestEntry testId="257519f0-467c-4b8e-b648-6b63cd088951" executionId="a5d73ab0-ad64-4bbd-87ac-111cfbfc8841" testListId="8c84fa94-04c1-424b-9868-57a2d4851a1d" />
    <TestEntry testId="dedc7b93-693f-40a6-abe0-a48e3e0f29e2" executionId="e968c630-80e8-4826-9f8f-a85475343f6e" testListId="8c84fa94-04c1-424b-9868-57a2d4851a1d" />
    <TestEntry testId="b391523f-7b8e-4681-bfb7-acb7e7c66ae1" executionId="da73fbed-4e13-4abd-94a2-8cdde7dfee4b" testListId="8c84fa94-04c1-424b-9868-57a2d4851a1d" />
    <TestEntry testId="8a361d99-feac-4cf5-bf83-e55d964cb801" executionId="e3d9236d-05b7-4971-a1ce-612c8fe1a017" testListId="8c84fa94-04c1-424b-9868-57a2d4851a1d" />
    <TestEntry testId="ffa8cb22-8a90-4e5f-a096-ac04404578df" executionId="1c586c91-015e-4c18-9942-22e4de9b569c" testListId="8c84fa94-04c1-424b-9868-57a2d4851a1d" />
    <TestEntry testId="627d4bcb-973c-48ad-aa42-c8b230fac9d8" executionId="04ce8bd8-fcae-4e70-aec5-5f7b3ebe3bd4" testListId="8c84fa94-04c1-424b-9868-57a2d4851a1d" />
    <TestEntry testId="d8b4a77b-b599-4e10-adb9-e7ebf8b08358" executionId="f5d70a4c-0d22-44fd-997d-c727984a59b4" testListId="8c84fa94-04c1-424b-9868-57a2d4851a1d" />
    <TestEntry testId="ea033558-9592-421e-aa84-b75297d90bce" executionId="a39f0c5a-749f-4df3-934c-3ee8d10fa801" testListId="8c84fa94-04c1-424b-9868-57a2d4851a1d" />
    <TestEntry testId="b7ae5b24-fcdd-4eb2-8b70-1e39a6b51c64" executionId="4ce11dd2-e9cc-408a-b405-f9883b9ec10c" testListId="8c84fa94-04c1-424b-9868-57a2d4851a1d" />
    <TestEntry testId="03b62cf1-cfe1-4dbb-8562-c13be0356d73" executionId="15cb68bf-9c7b-4e8c-a644-9e2b82234975" testListId="8c84fa94-04c1-424b-9868-57a2d4851a1d" />
    <TestEntry testId="3ce8f04d-3ed1-4467-8868-27c5b85b8876" executionId="977fd2db-8679-4e2a-a5f2-205e7de252b8" testListId="8c84fa94-04c1-424b-9868-57a2d4851a1d" />
    <TestEntry testId="c9a1cf9c-061b-46c9-b9e3-7d4cce482ded" executionId="e0a0537c-6711-4bcd-b1bd-8e687520d0f4" testListId="8c84fa94-04c1-424b-9868-57a2d4851a1d" />
    <TestEntry testId="8656f3fb-3f2b-4d10-bd8d-a97ff4d0708d" executionId="e7057546-cd64-487b-9d6a-14ca4d12f7f7" testListId="8c84fa94-04c1-424b-9868-57a2d4851a1d" />
    <TestEntry testId="51b16ea3-8880-43c9-87b2-ee7b9056b543" executionId="5ec8bf41-375c-4969-bae6-d24d775102c1" testListId="8c84fa94-04c1-424b-9868-57a2d4851a1d" />
    <TestEntry testId="c67b6fd8-c0e0-4f92-999a-7ab6ebd042ea" executionId="25c9321e-500d-42c9-831c-f5d8653a8c48" testListId="8c84fa94-04c1-424b-9868-57a2d4851a1d" />
    <TestEntry testId="7cbd93bd-a1fb-45a0-a117-cd81669d40b6" executionId="1f2c6c6f-8a91-4774-8e2c-407b7f912c70" testListId="8c84fa94-04c1-424b-9868-57a2d4851a1d" />
    <TestEntry testId="1a1d6adf-d48e-4e7e-a615-51aeb27719d5" executionId="35eefe78-33d4-477e-8b68-6b39fb5b3bc2" testListId="8c84fa94-04c1-424b-9868-57a2d4851a1d" />
    <TestEntry testId="a443f549-b7ce-4955-9230-a0ca10c6f398" executionId="e1fc72ca-25f9-4aa3-ba50-5eb8f858f7e9" testListId="8c84fa94-04c1-424b-9868-57a2d4851a1d" />
    <TestEntry testId="09308507-09a3-4299-bf66-f308f4549b87" executionId="c58705ce-f893-472a-b253-7717d6a9a6bf" testListId="8c84fa94-04c1-424b-9868-57a2d4851a1d" />
    <TestEntry testId="7e3adf37-432d-427a-87b9-0608979ed0b8" executionId="e723b05c-9009-4ae5-9c31-f6597d000996" testListId="8c84fa94-04c1-424b-9868-57a2d4851a1d" />
    <TestEntry testId="fc426942-75b1-4822-babc-128983c70fd2" executionId="78409f45-acb5-4e63-a23d-cf0b2205583b" testListId="8c84fa94-04c1-424b-9868-57a2d4851a1d" />
    <TestEntry testId="df5ef2ba-d179-45ea-9f43-3ff7978c4494" executionId="e2dd8fdc-11dc-4f44-a7ae-2758ce1a38f8" testListId="8c84fa94-04c1-424b-9868-57a2d4851a1d" />
    <TestEntry testId="35e8c8c6-9400-4035-861a-805c769a244b" executionId="f5659631-a37e-4d18-86ed-e986e247dc53" testListId="8c84fa94-04c1-424b-9868-57a2d4851a1d" />
    <TestEntry testId="1d728c3c-09a9-4490-8021-721e3ff8d6b7" executionId="be9811b0-3b2f-48f1-81d6-1785dd404ff9" testListId="8c84fa94-04c1-424b-9868-57a2d4851a1d" />
    <TestEntry testId="7c8e986e-ede9-4496-b523-7b902ef5a974" executionId="98bc0018-21dd-4f9b-9740-39e367d13161" testListId="8c84fa94-04c1-424b-9868-57a2d4851a1d" />
    <TestEntry testId="c27ff045-201f-451f-bc88-14beb4e564fc" executionId="3d77f5c9-2023-4e38-890d-2bf61c2ff033" testListId="8c84fa94-04c1-424b-9868-57a2d4851a1d" />
    <TestEntry testId="4c18573d-9e8b-4e04-8377-82521c24d4dd" executionId="6221bfec-7ebd-4bed-ba43-18b7cfac1af3" testListId="8c84fa94-04c1-424b-9868-57a2d4851a1d" />
    <TestEntry testId="bad000c4-9b87-419f-8576-070b50a250d1" executionId="f815a542-a7fe-40e5-92eb-e09e961f9113" testListId="8c84fa94-04c1-424b-9868-57a2d4851a1d" />
    <TestEntry testId="33132fcf-3024-4951-bde3-d08b756be431" executionId="abeada61-0637-4a1e-a0e2-6dee2a81bfd0" testListId="8c84fa94-04c1-424b-9868-57a2d4851a1d" />
    <TestEntry testId="27b0a8ae-6880-404f-8678-02d8226bcbfa" executionId="5d1e7957-7851-49c1-99b9-07090e70cf54" testListId="8c84fa94-04c1-424b-9868-57a2d4851a1d" />
    <TestEntry testId="d654c493-0fe1-4264-9ebb-78a76d88d9fe" executionId="87ce365b-ef0d-4c15-ae8c-133911a505a5" testListId="8c84fa94-04c1-424b-9868-57a2d4851a1d" />
    <TestEntry testId="fda1b01f-bfe5-4a47-b867-70dac16e75dc" executionId="4c4e5824-1f87-443b-9de7-82249d2cd758" testListId="8c84fa94-04c1-424b-9868-57a2d4851a1d" />
    <TestEntry testId="7b711c6e-420c-41f6-926a-325a1f17458e" executionId="ae5355e8-f76c-4297-9311-da2f6cf21b95" testListId="8c84fa94-04c1-424b-9868-57a2d4851a1d" />
    <TestEntry testId="5cd92340-c36d-4e21-a412-95a849c99e71" executionId="5c4162c8-925d-4b5f-9186-ba6f68373b0f" testListId="8c84fa94-04c1-424b-9868-57a2d4851a1d" />
    <TestEntry testId="4ce9891c-fb94-458a-bdde-33c4f813ad32" executionId="ddbf98e2-3013-4dcf-93eb-490fb11b758a" testListId="8c84fa94-04c1-424b-9868-57a2d4851a1d" />
    <TestEntry testId="422db432-6749-40ca-8cbf-a2953c34a662" executionId="323c39fa-9497-4c51-a34f-33319abc7819" testListId="8c84fa94-04c1-424b-9868-57a2d4851a1d" />
    <TestEntry testId="176eef64-9a96-458a-9ae3-a2abe14d3e7f" executionId="ccb06788-1b14-4425-971c-8f2ac8c142ca" testListId="8c84fa94-04c1-424b-9868-57a2d4851a1d" />
    <TestEntry testId="8404077a-4443-46aa-a84c-11034abdca3b" executionId="8b4d867a-db7e-4c13-96ec-fff6dd4b3ff4" testListId="8c84fa94-04c1-424b-9868-57a2d4851a1d" />
    <TestEntry testId="f3d0ef0f-75e4-47c6-a686-8e83e53a60c2" executionId="9368e17c-18e2-4b70-95ea-a4eb13ded148" testListId="8c84fa94-04c1-424b-9868-57a2d4851a1d" />
    <TestEntry testId="c507024c-35f7-4b55-8781-f074f9286067" executionId="bb337a7f-46f8-45fb-ae81-631d2af2ddba" testListId="8c84fa94-04c1-424b-9868-57a2d4851a1d" />
    <TestEntry testId="7a3a72ed-d7fc-438a-8aee-a3a0cb1536f0" executionId="a9586fe6-bbed-4a8d-87fc-c5b32c6e1714" testListId="8c84fa94-04c1-424b-9868-57a2d4851a1d" />
    <TestEntry testId="12787ac5-74be-4847-8160-8dfc728817d1" executionId="4f53f12b-dc1f-402b-b73d-0d1eb68b34e3" testListId="8c84fa94-04c1-424b-9868-57a2d4851a1d" />
    <TestEntry testId="ce1698e5-7371-4ec0-964f-d18753ad8819" executionId="9618f165-3a76-4782-aeb1-f1a0f1cd1f1b" testListId="8c84fa94-04c1-424b-9868-57a2d4851a1d" />
    <TestEntry testId="f26d52d6-e92d-4ba2-ba70-c73a871b845e" executionId="1369348c-ac1e-41e8-a7b4-6b1b0d950639" testListId="8c84fa94-04c1-424b-9868-57a2d4851a1d" />
    <TestEntry testId="28c37426-5da7-4f78-a86d-6e8b65c5c9f9" executionId="4b87269c-4f11-480b-bacf-8271a5b14e67" testListId="8c84fa94-04c1-424b-9868-57a2d4851a1d" />
    <TestEntry testId="084a78d6-a3d5-4cfb-b2d9-330e561af14a" executionId="36317cdd-86a0-4853-9da7-691f7f0bfbd6" testListId="8c84fa94-04c1-424b-9868-57a2d4851a1d" />
    <TestEntry testId="6df6293c-7699-4c1d-aa62-1df902489ed6" executionId="d9ffbf85-b44a-4d6e-b841-4d0d9e365fc2" testListId="8c84fa94-04c1-424b-9868-57a2d4851a1d" />
    <TestEntry testId="e9337e49-d109-4638-9a51-7b28c1e7fed3" executionId="c5bec833-610b-4bce-ad4f-0a9275e32fdf" testListId="8c84fa94-04c1-424b-9868-57a2d4851a1d" />
    <TestEntry testId="08464a28-dd95-48fe-b202-a55d84513cde" executionId="adf0170c-4440-4d2a-8819-981f7b7206df" testListId="8c84fa94-04c1-424b-9868-57a2d4851a1d" />
    <TestEntry testId="943fca77-8ea6-4899-a3b4-00045fe31ed6" executionId="6a9bc433-4f73-4758-a442-f13c8df16863" testListId="8c84fa94-04c1-424b-9868-57a2d4851a1d" />
    <TestEntry testId="8e87dfd6-b7d0-43d6-8d13-7cc911dae9f6" executionId="26ffcf9a-d23f-44a0-98c6-a01aaeb7de1c" testListId="8c84fa94-04c1-424b-9868-57a2d4851a1d" />
    <TestEntry testId="c2e99e97-d405-412d-ba07-30a1bb587a46" executionId="df4a8c16-02fc-4d0b-958d-060599958bb4" testListId="8c84fa94-04c1-424b-9868-57a2d4851a1d" />
    <TestEntry testId="1f602a45-8d7d-4192-babf-63d633b2c313" executionId="802c2b7e-85e7-4341-a9ce-e4a80e3917bc" testListId="8c84fa94-04c1-424b-9868-57a2d4851a1d" />
    <TestEntry testId="85c530bf-5ef0-4713-b39b-278731843e55" executionId="f6c6d787-df3c-4298-9ba5-e717a9333484" testListId="8c84fa94-04c1-424b-9868-57a2d4851a1d" />
    <TestEntry testId="d09b346a-ddc3-4511-8820-38d3bb609cb4" executionId="2d70d960-c3fd-4381-8bc2-946a646e04a8" testListId="8c84fa94-04c1-424b-9868-57a2d4851a1d" />
    <TestEntry testId="5b1db63c-2ded-4154-80ce-74f73778ffcd" executionId="afee0b33-3afe-474f-82ee-e89be53b3d94" testListId="8c84fa94-04c1-424b-9868-57a2d4851a1d" />
    <TestEntry testId="fbc811b3-4aee-46e4-9f8a-409f66e881bc" executionId="728cddac-29cb-4a81-bae6-02e59c138244" testListId="8c84fa94-04c1-424b-9868-57a2d4851a1d" />
    <TestEntry testId="87ea9389-04bc-49fe-8608-d45d3bd25055" executionId="9614c0a3-4da5-45e1-87e0-8a7287ea08fa" testListId="8c84fa94-04c1-424b-9868-57a2d4851a1d" />
    <TestEntry testId="29ea4237-840e-44c0-9599-dc7afcc2484a" executionId="c812670e-df1d-4dbe-b553-4b4e286b52a1" testListId="8c84fa94-04c1-424b-9868-57a2d4851a1d" />
    <TestEntry testId="6ba320f6-e279-483e-9155-1d5c1ec8dbd5" executionId="6fb2464f-70fc-4f3b-9b91-162536020b3d" testListId="8c84fa94-04c1-424b-9868-57a2d4851a1d" />
    <TestEntry testId="4307acbc-b094-4752-b7bf-091ff2d1cd5e" executionId="1fd464a3-ecc1-47e8-bc31-40e24612587b" testListId="8c84fa94-04c1-424b-9868-57a2d4851a1d" />
    <TestEntry testId="760fee02-c028-4c5c-8cdb-7ca72b72ad08" executionId="1a6dac33-2ac9-4135-85f1-c5db3a757f45" testListId="8c84fa94-04c1-424b-9868-57a2d4851a1d" />
    <TestEntry testId="21493388-e367-454e-9df7-25fa359e542f" executionId="f257d731-b5b2-460c-9dc5-f5e11aa40e70" testListId="8c84fa94-04c1-424b-9868-57a2d4851a1d" />
    <TestEntry testId="507b3601-575b-4ae3-a060-c444d05e93eb" executionId="537b15aa-6e46-4446-933a-a96f13fec905" testListId="8c84fa94-04c1-424b-9868-57a2d4851a1d" />
    <TestEntry testId="b188f4a4-7cd3-4cfa-8c60-7a8aa2540430" executionId="19560370-98ca-468c-a5c8-f7cf3a9cc0c7" testListId="8c84fa94-04c1-424b-9868-57a2d4851a1d" />
    <TestEntry testId="591360d0-65bf-4c59-8517-4c87a2702203" executionId="277d35f1-77c1-48cd-9f25-8f03de1f58f4" testListId="8c84fa94-04c1-424b-9868-57a2d4851a1d" />
    <TestEntry testId="c297c87c-d390-4e1e-ad3d-92810bcef729" executionId="1df92743-83d4-4634-904f-d64593065432" testListId="8c84fa94-04c1-424b-9868-57a2d4851a1d" />
    <TestEntry testId="0d6d1523-bcd8-4acd-aef4-3c44cb84f087" executionId="8c954773-d5e7-4f29-a5d6-b58c2957bed7" testListId="8c84fa94-04c1-424b-9868-57a2d4851a1d" />
    <TestEntry testId="0b276890-8cc3-455b-bb8f-3ce896d5b53f" executionId="68954306-7fcf-4555-bf6d-9417965dd262" testListId="8c84fa94-04c1-424b-9868-57a2d4851a1d" />
    <TestEntry testId="77c33e0f-aaae-403c-b895-5b0acd376eed" executionId="39ba5900-c952-4bd7-bbd8-f4de71657491" testListId="8c84fa94-04c1-424b-9868-57a2d4851a1d" />
    <TestEntry testId="df658ae9-2350-48cc-a742-ede28d7e855f" executionId="a28f251d-e03f-4cb9-9b36-58aeefa38019" testListId="8c84fa94-04c1-424b-9868-57a2d4851a1d" />
    <TestEntry testId="27c18950-0a17-4674-97fc-2208e7c41aa4" executionId="fbf4933d-0a28-4ff6-8c5e-5b2fdc52a1f2" testListId="8c84fa94-04c1-424b-9868-57a2d4851a1d" />
    <TestEntry testId="57bdaeb3-e8df-4abe-8e3d-11ef01d9cc1d" executionId="46a25e0b-3ce2-4586-bff0-d88c53fc0e13" testListId="8c84fa94-04c1-424b-9868-57a2d4851a1d" />
    <TestEntry testId="6b035d5c-508b-4542-b586-29a51131711e" executionId="e38a63b1-088c-4a91-a577-6a4e25357ad0" testListId="8c84fa94-04c1-424b-9868-57a2d4851a1d" />
    <TestEntry testId="73431c4f-2fa1-4ef4-9976-227c205e446e" executionId="33480600-2389-4163-a0db-cecf77a26a14" testListId="8c84fa94-04c1-424b-9868-57a2d4851a1d" />
    <TestEntry testId="25b3685c-d4b2-40b2-a892-576a9cec3ae4" executionId="ddbb6bc2-34a2-4290-b9ae-5dad6da1d2de" testListId="8c84fa94-04c1-424b-9868-57a2d4851a1d" />
    <TestEntry testId="d74e729f-3480-441e-ad51-cae37b9d10a5" executionId="7785fd46-502c-4c31-b2df-1cae98605b42" testListId="8c84fa94-04c1-424b-9868-57a2d4851a1d" />
    <TestEntry testId="3a802486-c2e2-423c-bc4c-a491647a206f" executionId="def1a7ff-c7fe-4b5a-903b-bb9748531208" testListId="8c84fa94-04c1-424b-9868-57a2d4851a1d" />
    <TestEntry testId="c85b9c07-c12b-4f35-9595-69b0bffb1498" executionId="d7620083-27af-46d6-a0b8-a338014b2f1c" testListId="8c84fa94-04c1-424b-9868-57a2d4851a1d" />
    <TestEntry testId="80d79393-14cc-4d33-b499-687260c6ba07" executionId="9f8e2939-fbe0-44c1-83ab-5defe29e14e7" testListId="8c84fa94-04c1-424b-9868-57a2d4851a1d" />
    <TestEntry testId="1abc5e17-4510-45e5-8004-b48c96939294" executionId="79860fd8-89a8-4bb2-beef-7a245a6740a7" testListId="8c84fa94-04c1-424b-9868-57a2d4851a1d" />
    <TestEntry testId="71e7b24d-068e-4782-89bd-adaf26841992" executionId="b8053167-d613-4b5d-bf74-62da9c44b998" testListId="8c84fa94-04c1-424b-9868-57a2d4851a1d" />
    <TestEntry testId="0c93b00b-d226-442f-8a9f-864bbd979a2c" executionId="5f461114-efc8-40cd-aa3d-e6852ec32609" testListId="8c84fa94-04c1-424b-9868-57a2d4851a1d" />
    <TestEntry testId="92cccccf-3326-4a16-ae5c-052f3a67aab6" executionId="713593f8-f503-4f99-970c-f3db3f10a93b" testListId="8c84fa94-04c1-424b-9868-57a2d4851a1d" />
    <TestEntry testId="d06975ac-a8c3-4e9a-a633-15fdd807b234" executionId="d0f8ddca-abea-4799-89fb-22435ae1f265" testListId="8c84fa94-04c1-424b-9868-57a2d4851a1d" />
    <TestEntry testId="44a961b3-8b4f-427c-93a4-6802962d68ec" executionId="5ec5f7ff-7a85-413a-97fc-31513970ce23" testListId="8c84fa94-04c1-424b-9868-57a2d4851a1d" />
    <TestEntry testId="0a02b408-0628-48c7-8247-520f28237946" executionId="f629b139-eac5-4afa-93b7-ec1ec436fac9" testListId="8c84fa94-04c1-424b-9868-57a2d4851a1d" />
    <TestEntry testId="8816fdac-7755-4107-85e2-c7c3a8618e1a" executionId="3b058016-2ddb-497d-a3c7-2a6d5db5f300" testListId="8c84fa94-04c1-424b-9868-57a2d4851a1d" />
    <TestEntry testId="e849fbeb-d2bd-4aa3-a94b-51b7ba416394" executionId="8ed9103d-94bc-40fe-a878-f0fea5d3e40b" testListId="8c84fa94-04c1-424b-9868-57a2d4851a1d" />
    <TestEntry testId="80d83998-42b2-4414-b14d-3e79a09f5db7" executionId="d6336f61-1cc3-4788-aa09-533e50a086f2" testListId="8c84fa94-04c1-424b-9868-57a2d4851a1d" />
    <TestEntry testId="f1b1c951-9039-40ba-841a-885cee4b60d0" executionId="1fd22e63-851b-4029-9bb6-5fd3dfe46376" testListId="8c84fa94-04c1-424b-9868-57a2d4851a1d" />
    <TestEntry testId="dea26e40-7df0-46c5-a454-ccaef4d568cf" executionId="2e4aade0-6711-4fe9-9647-f3f0d236da7e" testListId="8c84fa94-04c1-424b-9868-57a2d4851a1d" />
    <TestEntry testId="fca265ae-71b0-4192-a178-1a4dca78dc72" executionId="e5a67de6-9ab2-43b3-b867-1a14581383c8" testListId="8c84fa94-04c1-424b-9868-57a2d4851a1d" />
    <TestEntry testId="14196e5f-fa0f-4704-b9dc-f4dd295a746a" executionId="abcdc787-e490-4cb8-844e-b3c9c3640d1b" testListId="8c84fa94-04c1-424b-9868-57a2d4851a1d" />
    <TestEntry testId="122bd85e-71d8-44f3-ab3d-411dc7a3a82c" executionId="97d6f874-724f-46c4-adb5-997bf43c81f5" testListId="8c84fa94-04c1-424b-9868-57a2d4851a1d" />
    <TestEntry testId="24f218ba-351e-4ad0-9e2b-537e571fec95" executionId="132a8c20-5e7d-46df-9be1-19ae7be6c12e" testListId="8c84fa94-04c1-424b-9868-57a2d4851a1d" />
    <TestEntry testId="19a1a491-ac56-4491-aa12-c21fc3ed85a3" executionId="ee458557-0347-4768-a822-30524e06ba55" testListId="8c84fa94-04c1-424b-9868-57a2d4851a1d" />
    <TestEntry testId="433d31e8-0c2f-4ff1-a36e-5c9176d78267" executionId="a971b9ee-f1a9-49db-94d8-f1f89aeb5c5e" testListId="8c84fa94-04c1-424b-9868-57a2d4851a1d" />
    <TestEntry testId="6ae29369-a17c-41b9-b435-81fef0146ef0" executionId="f1fd4f4c-8032-4fc1-8f2e-277cb5f76b11" testListId="8c84fa94-04c1-424b-9868-57a2d4851a1d" />
    <TestEntry testId="7ea2806d-8d6c-4e2c-b911-a09b98b27cc8" executionId="fadc8355-880f-4e3d-944e-96dbf4e4df74" testListId="8c84fa94-04c1-424b-9868-57a2d4851a1d" />
    <TestEntry testId="9b2fe221-f068-477d-b22b-72d29b9c7884" executionId="aa871d12-d0b1-463a-9d41-ed485d1ae530" testListId="8c84fa94-04c1-424b-9868-57a2d4851a1d" />
    <TestEntry testId="7e40956e-c84e-4ede-80ad-ddb4d3f6c2fd" executionId="4e7a5e20-5d5e-4785-83e7-9e48ef85d935" testListId="8c84fa94-04c1-424b-9868-57a2d4851a1d" />
    <TestEntry testId="f7e2a3b8-28f0-43b6-9bb8-495846ac4159" executionId="11a75bdb-7d0e-4b0f-b160-bbbf3e96e5a1" testListId="8c84fa94-04c1-424b-9868-57a2d4851a1d" />
    <TestEntry testId="95c11d06-b9be-4576-855a-756110aab602" executionId="43a90bfb-a663-4d78-8170-9a9115354991" testListId="8c84fa94-04c1-424b-9868-57a2d4851a1d" />
    <TestEntry testId="86c9395e-87de-489a-aa36-788390435101" executionId="ddef000f-b863-449b-9e23-da5933428194" testListId="8c84fa94-04c1-424b-9868-57a2d4851a1d" />
    <TestEntry testId="6ae8b18e-59aa-4035-84a2-4d21d02e2c9c" executionId="99afac82-e894-4760-9a12-156fefbbf01a" testListId="8c84fa94-04c1-424b-9868-57a2d4851a1d" />
    <TestEntry testId="4daf8d50-a1ab-48e0-b7b3-5ba728750ff5" executionId="a1a18826-7eef-44a9-ab84-d1a3716d6192" testListId="8c84fa94-04c1-424b-9868-57a2d4851a1d" />
    <TestEntry testId="f6141b23-70b6-460e-9cbd-589f5b86f0c3" executionId="a3a59010-a7b7-4bcf-9c24-66242260d000" testListId="8c84fa94-04c1-424b-9868-57a2d4851a1d" />
    <TestEntry testId="31262ee3-e53e-4282-90a1-f61c59669e24" executionId="40700c8e-ea7a-457e-82ab-a2e028852bc0" testListId="8c84fa94-04c1-424b-9868-57a2d4851a1d" />
    <TestEntry testId="e3ae83b2-8231-46d5-b07a-4bbd51bcc20e" executionId="b661986e-57a5-46cf-8209-305a7ef060da" testListId="8c84fa94-04c1-424b-9868-57a2d4851a1d" />
    <TestEntry testId="082dc82d-a214-45e6-ac4a-cf59473a52a5" executionId="77639efe-7520-47d1-8be0-81a53e0e1cdd" testListId="8c84fa94-04c1-424b-9868-57a2d4851a1d" />
    <TestEntry testId="327c6c22-4913-41a7-8846-c3e81b7ab8b7" executionId="ce3f2d38-ba59-4417-a685-fe5dad4c129a" testListId="8c84fa94-04c1-424b-9868-57a2d4851a1d" />
    <TestEntry testId="95f98b52-cedf-4739-9b52-34b1e119aea8" executionId="2a7a6e8f-431a-40b9-9b4a-24298268719c" testListId="8c84fa94-04c1-424b-9868-57a2d4851a1d" />
    <TestEntry testId="6ddedfbb-490a-40bb-8ec4-21f262f73a5f" executionId="54614c12-1510-4892-a822-2e7fb914181b" testListId="8c84fa94-04c1-424b-9868-57a2d4851a1d" />
    <TestEntry testId="22b1e4cb-041e-441d-b5bf-14accf2aa170" executionId="feef1dd2-29b5-47ee-b3db-524843949e4b" testListId="8c84fa94-04c1-424b-9868-57a2d4851a1d" />
    <TestEntry testId="addbee0a-4ff7-413b-9441-b03b9c532c07" executionId="e28129ec-8399-40a1-a5c4-55b5d9f735ae" testListId="8c84fa94-04c1-424b-9868-57a2d4851a1d" />
    <TestEntry testId="57189ecd-392d-4982-8b4a-601eff2d518f" executionId="70bbcad7-5bc4-4598-9ee6-42247b31e8b9" testListId="8c84fa94-04c1-424b-9868-57a2d4851a1d" />
    <TestEntry testId="f7e56e41-0589-4c9f-9777-3015c542381e" executionId="ed9e9c7e-f889-4b3c-b80f-b21a2e064eb8" testListId="8c84fa94-04c1-424b-9868-57a2d4851a1d" />
    <TestEntry testId="f28dc247-d182-45ef-9790-9ea30e47a927" executionId="4d290072-a01d-4af2-8970-6ec795e717da" testListId="8c84fa94-04c1-424b-9868-57a2d4851a1d" />
    <TestEntry testId="6477b837-26a6-461e-9821-60425cec725c" executionId="8c411c78-cb74-4841-8edd-bf0afbba934f" testListId="8c84fa94-04c1-424b-9868-57a2d4851a1d" />
    <TestEntry testId="9d4e8cd7-ca3a-4a9a-9dea-2ba32a91ceed" executionId="61712feb-7ab9-477f-8ce2-2705b514b622" testListId="8c84fa94-04c1-424b-9868-57a2d4851a1d" />
    <TestEntry testId="6b5e6fca-99c2-4857-beed-bf1008319bad" executionId="d1d63a0b-d00f-42df-ad14-2084b547768b" testListId="8c84fa94-04c1-424b-9868-57a2d4851a1d" />
    <TestEntry testId="dcc681ed-2b48-450e-9ddf-6bc0224ad93c" executionId="fd3f3ffb-6597-43df-b281-b93e0e9f0c69" testListId="8c84fa94-04c1-424b-9868-57a2d4851a1d" />
    <TestEntry testId="dc6e4ed1-5eff-4c62-aca0-f8351ce2d9de" executionId="b5b915b9-03ac-4ce9-8d1f-7e56479716d8" testListId="8c84fa94-04c1-424b-9868-57a2d4851a1d" />
    <TestEntry testId="e215bb2a-ea46-4bd2-8a4f-d3112d6656b5" executionId="30fc08ae-891c-4016-abef-34a66e850204" testListId="8c84fa94-04c1-424b-9868-57a2d4851a1d" />
    <TestEntry testId="6030d822-60a2-4aca-92b3-c67c966b27f0" executionId="5085ef5c-0b0e-463a-a604-a00dfaf1199f" testListId="8c84fa94-04c1-424b-9868-57a2d4851a1d" />
    <TestEntry testId="14d4ae71-7975-44c9-ad26-705d13b78293" executionId="25d6b11e-b651-40b8-9283-bb51c6f4657c" testListId="8c84fa94-04c1-424b-9868-57a2d4851a1d" />
    <TestEntry testId="01254f7f-1ffb-4787-8ee0-04dfb54a362c" executionId="e04e82ca-88f8-4d0e-822a-8d12a2ece922" testListId="8c84fa94-04c1-424b-9868-57a2d4851a1d" />
    <TestEntry testId="203f31fd-c034-4e7f-8b12-29d00571b2cf" executionId="09bac18c-0d12-48c7-9990-02e27580703d" testListId="8c84fa94-04c1-424b-9868-57a2d4851a1d" />
    <TestEntry testId="533e0daa-b39b-4652-9bd4-713a2df8aeb6" executionId="e923e892-0d79-4663-8d5c-4811a2b7ad03" testListId="8c84fa94-04c1-424b-9868-57a2d4851a1d" />
    <TestEntry testId="743762c2-cd01-439c-a12f-da615560004e" executionId="f5eef7c3-2d1a-43e3-a5ab-5ea7772c77da" testListId="8c84fa94-04c1-424b-9868-57a2d4851a1d" />
    <TestEntry testId="5889c5d7-621f-44e2-a888-7968bb785258" executionId="e292a467-8dee-4a98-bb64-d623f68bd545" testListId="8c84fa94-04c1-424b-9868-57a2d4851a1d" />
    <TestEntry testId="3b3c5af1-aa0a-4b72-996a-72bf59e897db" executionId="f56bfbc1-ed7a-42cd-a869-c5f2c0d0f5b3" testListId="8c84fa94-04c1-424b-9868-57a2d4851a1d" />
    <TestEntry testId="5aa2e80b-a853-4fc3-8431-04821bf3714e" executionId="cd4fac8c-ef8c-42e3-a209-659f27e61024" testListId="8c84fa94-04c1-424b-9868-57a2d4851a1d" />
    <TestEntry testId="afb2f32b-e297-45c5-9dc4-34e40f19d3e1" executionId="9d4f302a-af1e-4d97-9492-89e3c76fd774" testListId="8c84fa94-04c1-424b-9868-57a2d4851a1d" />
    <TestEntry testId="6baa483e-fe9a-43af-8829-2a3650e6658b" executionId="1d47e7b4-117d-4137-9385-59d8adc3d203" testListId="8c84fa94-04c1-424b-9868-57a2d4851a1d" />
    <TestEntry testId="ce31258b-6cef-4a6f-b717-e634e3b77bff" executionId="34dc7a31-a59e-49e6-9edc-e1ab0b917ba7" testListId="8c84fa94-04c1-424b-9868-57a2d4851a1d" />
    <TestEntry testId="7fff9e79-5530-4b59-9a2e-31b7231edc89" executionId="e43abe87-74c3-4190-b74d-8c7afa5bfdb1" testListId="8c84fa94-04c1-424b-9868-57a2d4851a1d" />
    <TestEntry testId="0cdfafdb-f952-491b-b66f-39e66433e212" executionId="cea0f133-f04b-4b7c-8b62-cdce31574255" testListId="8c84fa94-04c1-424b-9868-57a2d4851a1d" />
    <TestEntry testId="aad816e5-d202-4160-b02a-84e89307230e" executionId="4392e098-ff6c-4d24-be98-243e8258341e" testListId="8c84fa94-04c1-424b-9868-57a2d4851a1d" />
    <TestEntry testId="b4d3bbc4-42ba-441a-bb00-a6ad14cbe19f" executionId="b797aba2-c71e-443c-b610-fac7d857af83" testListId="8c84fa94-04c1-424b-9868-57a2d4851a1d" />
    <TestEntry testId="40b02b3a-1ad0-4142-aa34-a4bb31a2f7d4" executionId="860c83ce-ccd5-41f9-9763-a2219170e374" testListId="8c84fa94-04c1-424b-9868-57a2d4851a1d" />
    <TestEntry testId="2ba6e73b-6aa3-466c-855a-f0523a1929af" executionId="c869a844-f6b0-493e-bebd-9536f747d7b7" testListId="8c84fa94-04c1-424b-9868-57a2d4851a1d" />
    <TestEntry testId="45a30bf5-1167-4de9-8cc0-e2bcba5a4ca9" executionId="c8ad0815-b649-4b7a-bb32-5246966ee8fe" testListId="8c84fa94-04c1-424b-9868-57a2d4851a1d" />
    <TestEntry testId="df2bb601-a661-4f9a-9055-420b4a95ad1b" executionId="95c944f8-e428-45e5-b39e-c522bc6d9baf" testListId="8c84fa94-04c1-424b-9868-57a2d4851a1d" />
    <TestEntry testId="3d7676de-77a1-42a8-93d9-6511a9f0ef51" executionId="63e46db3-e753-4c77-a274-54f2aa10145c" testListId="8c84fa94-04c1-424b-9868-57a2d4851a1d" />
    <TestEntry testId="d9fc2e12-108d-49e1-874d-b0d205e3b61c" executionId="89148b84-e9b1-4fbb-bfcc-fcd0bc90e856" testListId="8c84fa94-04c1-424b-9868-57a2d4851a1d" />
    <TestEntry testId="48acd71b-a446-49e1-be13-096efd0d45bc" executionId="e7b4b2cb-7a70-4e98-bbcd-fffd6d62b2a2" testListId="8c84fa94-04c1-424b-9868-57a2d4851a1d" />
    <TestEntry testId="3f99bf6a-c2e0-4148-8143-956a32165ec6" executionId="266b5f8c-d16d-4e92-a5cd-3bdf80737ef7" testListId="8c84fa94-04c1-424b-9868-57a2d4851a1d" />
    <TestEntry testId="6ab2c369-6e4b-411b-aff0-bcee63437b9f" executionId="23a3642c-e973-4d19-a4ed-1f818b8d516b" testListId="8c84fa94-04c1-424b-9868-57a2d4851a1d" />
    <TestEntry testId="84c3172d-75d0-4db6-a166-7d59bc035fe3" executionId="1d6e593a-dbb6-44f5-957c-c7e121cfb653" testListId="8c84fa94-04c1-424b-9868-57a2d4851a1d" />
    <TestEntry testId="2e6f45bc-79be-4ec3-b438-729e76c4d320" executionId="dd77dea5-13c2-4cef-af2e-d8a7ebec2afc" testListId="8c84fa94-04c1-424b-9868-57a2d4851a1d" />
    <TestEntry testId="58b924ed-64de-43a2-9caf-29c8c3fc750a" executionId="826c9816-d65d-4b5e-82ee-74383a469243" testListId="8c84fa94-04c1-424b-9868-57a2d4851a1d" />
    <TestEntry testId="fb3f5e13-e632-4f93-b806-edcc2738f84a" executionId="abbf7aca-30f1-4e0e-a491-c3c476ab7b1e" testListId="8c84fa94-04c1-424b-9868-57a2d4851a1d" />
    <TestEntry testId="4ee63f79-5c57-4a0c-a99b-b3b43a4d6b3d" executionId="2cf8f58d-e694-45bb-82b1-1eeb63e919e2" testListId="8c84fa94-04c1-424b-9868-57a2d4851a1d" />
    <TestEntry testId="ebbc5eca-5109-41be-acbe-29fcf232410e" executionId="a71af971-0b8e-42f6-acad-7ba0b98a2e25" testListId="8c84fa94-04c1-424b-9868-57a2d4851a1d" />
    <TestEntry testId="c960298f-66a8-4753-a9f9-4ed2da8cbe6e" executionId="79852979-a0ed-4a33-8cac-ad56c314081d" testListId="8c84fa94-04c1-424b-9868-57a2d4851a1d" />
    <TestEntry testId="509aefbf-14e3-4951-96f3-f4e8f9cad14b" executionId="0e024e3f-34dd-43e5-98a2-b34b131001d3" testListId="8c84fa94-04c1-424b-9868-57a2d4851a1d" />
    <TestEntry testId="3f47ca87-70cc-4f12-bdb2-b431cd45bc48" executionId="91d7c111-cddb-4a77-842b-fbb7f57585ff" testListId="8c84fa94-04c1-424b-9868-57a2d4851a1d" />
    <TestEntry testId="a5a0f19a-32fd-467e-825b-99eb583b7059" executionId="9d552a2b-f8ed-4df3-a36e-292350907ed4" testListId="8c84fa94-04c1-424b-9868-57a2d4851a1d" />
    <TestEntry testId="99a64fe6-1f2e-4b5c-b78d-8a4f582bd134" executionId="94f25b27-3032-4229-89fa-0997e576005d" testListId="8c84fa94-04c1-424b-9868-57a2d4851a1d" />
    <TestEntry testId="900bb420-c0b4-4d37-bce6-ee0f76a7661b" executionId="ebd950c9-86f4-4553-963e-72cc01a7ab01" testListId="8c84fa94-04c1-424b-9868-57a2d4851a1d" />
    <TestEntry testId="7ea72699-2975-4d94-bf00-26dcf70f14af" executionId="9eee0045-8a0b-44a6-a68b-36570522cc52" testListId="8c84fa94-04c1-424b-9868-57a2d4851a1d" />
    <TestEntry testId="76485328-f6b0-4b0d-9b84-034a63cf8209" executionId="f4b056c7-c6f7-404c-b86b-045e7bdfaf99" testListId="8c84fa94-04c1-424b-9868-57a2d4851a1d" />
    <TestEntry testId="0e4a7999-b545-4047-91ea-03adf21439b1" executionId="88b29fc8-1194-4ce9-ac3a-3ef22f97b1fe" testListId="8c84fa94-04c1-424b-9868-57a2d4851a1d" />
    <TestEntry testId="410dbe9f-2946-44ea-b1ba-faec5bbfe947" executionId="4bcc204a-5160-4ceb-818f-a6fbf9bf5f16" testListId="8c84fa94-04c1-424b-9868-57a2d4851a1d" />
    <TestEntry testId="71b7b707-16d2-4396-9dda-6b61f69158c8" executionId="8ce90884-6814-4552-ba2d-be81d360d03b" testListId="8c84fa94-04c1-424b-9868-57a2d4851a1d" />
    <TestEntry testId="65f667d4-5823-428b-afbb-893967e4ce79" executionId="44af7337-f681-46b8-8f45-f1ff8aac0424" testListId="8c84fa94-04c1-424b-9868-57a2d4851a1d" />
    <TestEntry testId="ddc21c2f-4f82-4e4f-a219-be65cf290935" executionId="0357133c-3b12-4d6e-b594-267f549d2bb5" testListId="8c84fa94-04c1-424b-9868-57a2d4851a1d" />
    <TestEntry testId="c700c1bf-590c-4108-8cfa-b8e7399c20f9" executionId="e36e00b5-d9ce-4cfe-8410-30133d305647" testListId="8c84fa94-04c1-424b-9868-57a2d4851a1d" />
    <TestEntry testId="a47a6101-cafc-4a29-9386-61eea85a1eaa" executionId="7f7d8210-1cbb-4c67-a42b-04814481d455" testListId="8c84fa94-04c1-424b-9868-57a2d4851a1d" />
    <TestEntry testId="80f961fe-ead4-4013-a239-2335167c25b1" executionId="d3958481-d198-4f21-a0ee-c764a6e3e214" testListId="8c84fa94-04c1-424b-9868-57a2d4851a1d" />
    <TestEntry testId="4a1e5904-e5db-46e2-92f2-e07e3d29d429" executionId="50038e12-cd97-4ae6-953b-ec6cf3be93fc" testListId="8c84fa94-04c1-424b-9868-57a2d4851a1d" />
    <TestEntry testId="20f8f01d-3e96-45c7-a499-b4a0aad80673" executionId="d936bfc4-9d80-4850-9fec-c5d60e2450d4" testListId="8c84fa94-04c1-424b-9868-57a2d4851a1d" />
    <TestEntry testId="df0a4215-5566-40f4-a857-0207c335a154" executionId="cd5113cd-f957-40c5-abd1-37a7a45f6d25" testListId="8c84fa94-04c1-424b-9868-57a2d4851a1d" />
    <TestEntry testId="f9ef3a72-34e6-48ca-b68a-10a0235cfd91" executionId="eb1a63f4-d944-4b0d-b22e-133ad14c9064" testListId="8c84fa94-04c1-424b-9868-57a2d4851a1d" />
    <TestEntry testId="4b486c0f-1bb6-446b-a25e-5fb76ca6b0bb" executionId="ce38a1f4-da78-427b-97ce-8a22bc4b8ee1" testListId="8c84fa94-04c1-424b-9868-57a2d4851a1d" />
    <TestEntry testId="aab9f4ab-7b81-410c-807b-beaede362bc6" executionId="e57166ea-dec4-4d50-bce2-bca15c0fe709" testListId="8c84fa94-04c1-424b-9868-57a2d4851a1d" />
    <TestEntry testId="88646478-49f6-4e72-a3db-70e600ab2dfb" executionId="f75cbf93-a3dc-47a3-b5c4-1547b72317d3" testListId="8c84fa94-04c1-424b-9868-57a2d4851a1d" />
    <TestEntry testId="fa80aeec-f5b3-4a74-bb1f-1e02fe0ffe6c" executionId="9d5c5046-748e-464c-b82e-bd5a3bb63433" testListId="8c84fa94-04c1-424b-9868-57a2d4851a1d" />
    <TestEntry testId="64bca214-51b8-4a75-8a76-b5f698ba88ed" executionId="f35707be-c71c-467b-8621-2cb1c51a1111" testListId="8c84fa94-04c1-424b-9868-57a2d4851a1d" />
    <TestEntry testId="2b222f4c-c92c-42a0-861c-19710fdad563" executionId="78d92ce9-b7b0-4baf-be2c-8366de5ed93d" testListId="8c84fa94-04c1-424b-9868-57a2d4851a1d" />
    <TestEntry testId="44745fd2-8f80-4bfa-839f-50c9c354caba" executionId="1e1419da-fdbf-4dfc-abf3-a809c038430a" testListId="8c84fa94-04c1-424b-9868-57a2d4851a1d" />
    <TestEntry testId="93151a69-e1cd-4cb8-972a-70d274256c78" executionId="4edf1565-6515-45f3-9d1f-92974b21d135" testListId="8c84fa94-04c1-424b-9868-57a2d4851a1d" />
    <TestEntry testId="025ea1fe-8582-4c53-92d1-d0dbaf206e43" executionId="fdbaaf11-cfc3-4662-aff6-e2aa0e13a66b" testListId="8c84fa94-04c1-424b-9868-57a2d4851a1d" />
    <TestEntry testId="80d3ffd2-5d11-41f3-95cc-d175a7f6dff8" executionId="53640555-7985-440b-997d-92267922aa7d" testListId="8c84fa94-04c1-424b-9868-57a2d4851a1d" />
    <TestEntry testId="26b7a4ae-2844-4e6a-be82-34dd86513870" executionId="6f4abd87-de0e-457f-9662-61d4bfcc8c47" testListId="8c84fa94-04c1-424b-9868-57a2d4851a1d" />
    <TestEntry testId="0232c06d-b04a-45f0-b7c4-835e38d2fa2b" executionId="4b693f41-d128-4a1e-b9ab-39e040cddaaf" testListId="8c84fa94-04c1-424b-9868-57a2d4851a1d" />
    <TestEntry testId="6552390a-82c5-4e70-a888-acc899a29080" executionId="2573c11c-d6ad-402f-ae4e-e9b70474d109" testListId="8c84fa94-04c1-424b-9868-57a2d4851a1d" />
    <TestEntry testId="b36bd8bf-6306-4796-9208-5ada83a00d26" executionId="9512dfce-bcee-4f6d-90f8-5910726addb6" testListId="8c84fa94-04c1-424b-9868-57a2d4851a1d" />
    <TestEntry testId="0d289949-c0c9-4dfb-8e7c-f87e35dc87fc" executionId="6571291c-b5d0-4675-9a2f-ac163839f77a" testListId="8c84fa94-04c1-424b-9868-57a2d4851a1d" />
    <TestEntry testId="b08f5393-7ac8-4b12-8fc2-94cffb483271" executionId="d950235f-2db4-4397-917a-385bf2d32d56" testListId="8c84fa94-04c1-424b-9868-57a2d4851a1d" />
    <TestEntry testId="95180db5-81b5-4526-9965-2fc6512edac5" executionId="1fe2a028-2968-49f3-9c5a-07b8e2c43d13" testListId="8c84fa94-04c1-424b-9868-57a2d4851a1d" />
    <TestEntry testId="35fb3ad5-e657-4530-b674-ae0e89aee9c8" executionId="221914dd-6c68-4566-888e-f3b432fe7323" testListId="8c84fa94-04c1-424b-9868-57a2d4851a1d" />
    <TestEntry testId="c87a7f60-9d8c-40eb-9de7-9c525e24849a" executionId="15fe65f4-1cfd-4b71-bbca-7d8daf54da0c" testListId="8c84fa94-04c1-424b-9868-57a2d4851a1d" />
    <TestEntry testId="728d43ba-0007-4379-bd71-8a49b17034b7" executionId="c73b6bf3-a19c-4af3-ad35-a6347867e6ee" testListId="8c84fa94-04c1-424b-9868-57a2d4851a1d" />
    <TestEntry testId="1ffb31fb-417a-451c-bbdf-4456ab04f806" executionId="81f677ed-a178-415c-af27-bb3bad1875eb" testListId="8c84fa94-04c1-424b-9868-57a2d4851a1d" />
    <TestEntry testId="8a061fbb-9d13-4745-b547-7ae435d42280" executionId="08b1aa8b-ad79-454e-b3d9-dd383fa9c98c" testListId="8c84fa94-04c1-424b-9868-57a2d4851a1d" />
    <TestEntry testId="613f854c-7cf5-45f0-8b6c-48370f647fa5" executionId="58a55d02-4230-4dc6-8a41-9bd100f29f29" testListId="8c84fa94-04c1-424b-9868-57a2d4851a1d" />
    <TestEntry testId="49747f72-6387-47ce-8fcd-424d849b4392" executionId="e9df13ec-e688-4268-b5ac-28dc1903ef39" testListId="8c84fa94-04c1-424b-9868-57a2d4851a1d" />
    <TestEntry testId="72b50941-2a9b-4404-9d3e-bb1bbf7939f3" executionId="c04d3054-b250-4802-b7e5-4aa421e66410" testListId="8c84fa94-04c1-424b-9868-57a2d4851a1d" />
    <TestEntry testId="4c192971-583e-4bcd-8cac-9c3a9a20ca3a" executionId="818f2d79-5013-4986-b8de-ca593f7a364e" testListId="8c84fa94-04c1-424b-9868-57a2d4851a1d" />
    <TestEntry testId="c33529db-5ced-428e-9980-da8ce335b3bf" executionId="ca79aadb-f80e-41aa-a957-e08f01a1bbcd" testListId="8c84fa94-04c1-424b-9868-57a2d4851a1d" />
    <TestEntry testId="e2da7e36-f1db-4f4c-a2d7-9fc93ddb2437" executionId="2d262d49-4056-4d76-92b6-57d453ed0f72" testListId="8c84fa94-04c1-424b-9868-57a2d4851a1d" />
    <TestEntry testId="07b21973-a13a-457b-ba38-ac6c7ea8e5fd" executionId="2d0e023e-7e1e-4918-8004-bc52ca0271db" testListId="8c84fa94-04c1-424b-9868-57a2d4851a1d" />
    <TestEntry testId="d2d4d8ec-d1c0-413b-80f8-77e810c0d50e" executionId="34fdc97e-3356-4496-b8c0-be014bfd46c2" testListId="8c84fa94-04c1-424b-9868-57a2d4851a1d" />
    <TestEntry testId="c1ba7ccf-a857-4725-82e0-2f236307b609" executionId="f0bb1fa9-1e2e-40ac-a109-d12c6d995d1d" testListId="8c84fa94-04c1-424b-9868-57a2d4851a1d" />
    <TestEntry testId="51e3b98c-0ddc-4ada-aba0-6f83e4f4f9c0" executionId="e4ff95d3-c1d3-4b8c-bca2-1995d6f9b93d" testListId="8c84fa94-04c1-424b-9868-57a2d4851a1d" />
    <TestEntry testId="578a4f80-05f2-420a-98d9-881fb82d28d9" executionId="a460e66b-3da5-446b-aea7-32e3d78951fa" testListId="8c84fa94-04c1-424b-9868-57a2d4851a1d" />
    <TestEntry testId="4d926bb5-d577-4567-b8ad-7ce01e0cbc8d" executionId="386fb2cc-fa1a-41aa-8777-73c75dd29c49" testListId="8c84fa94-04c1-424b-9868-57a2d4851a1d" />
    <TestEntry testId="c76cd099-afcd-428d-aee8-d93f0fca4bc3" executionId="2aa170fe-3750-4d4c-af4b-7910f7773400" testListId="8c84fa94-04c1-424b-9868-57a2d4851a1d" />
    <TestEntry testId="823ed6c8-695f-40d8-bb29-0750ad75c901" executionId="43bb05e7-f32a-48b2-8ca4-6d01bf15b290" testListId="8c84fa94-04c1-424b-9868-57a2d4851a1d" />
    <TestEntry testId="23d79f66-dfa0-4789-8f11-d0241c5a7262" executionId="cd5f69ad-9202-46fb-b337-52087a554a33" testListId="8c84fa94-04c1-424b-9868-57a2d4851a1d" />
    <TestEntry testId="6c4d222c-99b6-45aa-a1b4-eed3e5e4e13b" executionId="3e0f4f4b-9a89-4812-8b21-be21da6c439c" testListId="8c84fa94-04c1-424b-9868-57a2d4851a1d" />
    <TestEntry testId="35fd726c-ebb4-4a0e-a4af-d3a1d69c7d40" executionId="959b766a-50d4-4c5f-98d8-ca89480418eb" testListId="8c84fa94-04c1-424b-9868-57a2d4851a1d" />
    <TestEntry testId="31914397-dc97-4b39-bb89-a4a58be9c987" executionId="c3812533-e3e5-4d43-af92-06a60f3f4d0c" testListId="8c84fa94-04c1-424b-9868-57a2d4851a1d" />
    <TestEntry testId="6103544d-ceff-4db6-a17a-6174d8307483" executionId="f9949f59-aa14-4591-b236-ac68b155c285" testListId="8c84fa94-04c1-424b-9868-57a2d4851a1d" />
    <TestEntry testId="0c18804d-7e08-4914-a46e-ca5110d9e4b8" executionId="490290e0-222b-4677-994b-f2332666bec0" testListId="8c84fa94-04c1-424b-9868-57a2d4851a1d" />
    <TestEntry testId="90b9283a-19ea-4d6e-b1a8-f55ade54a31a" executionId="6ee88332-7b14-4706-aa5e-8a4e56ecbcef" testListId="8c84fa94-04c1-424b-9868-57a2d4851a1d" />
    <TestEntry testId="ebd4dc5d-8ed1-4f01-93cf-b6515c5678cf" executionId="9d5ee07c-9b68-4709-b805-fdc2fc877677" testListId="8c84fa94-04c1-424b-9868-57a2d4851a1d" />
    <TestEntry testId="87369f0a-b977-413a-9dc3-7698cd1adb21" executionId="ea7514ad-cccd-4dc1-99df-2c3f89ef6f59" testListId="8c84fa94-04c1-424b-9868-57a2d4851a1d" />
    <TestEntry testId="ea248816-e85f-40e9-8e82-057967fbe835" executionId="338a7b41-513d-4ff1-ad75-5d0f79b5caed" testListId="8c84fa94-04c1-424b-9868-57a2d4851a1d" />
    <TestEntry testId="f77aff50-1cb8-4b81-8786-771743568640" executionId="40fb8b0b-6a27-4a87-ac8f-8446353743a2" testListId="8c84fa94-04c1-424b-9868-57a2d4851a1d" />
    <TestEntry testId="35936e61-300e-4b4f-bd10-1dcec6113079" executionId="f76aba0f-28d9-4c4c-a11f-c590e874cca6" testListId="8c84fa94-04c1-424b-9868-57a2d4851a1d" />
    <TestEntry testId="ae8b60da-950f-4e6f-a81b-44c3d5f64fab" executionId="4e4a93cc-7440-4c22-958c-e0f181c9ffa9" testListId="8c84fa94-04c1-424b-9868-57a2d4851a1d" />
    <TestEntry testId="87d00be6-36ba-4278-b605-b41d4d4ea332" executionId="914c7686-9e01-4955-bbcb-b695a8a9488c" testListId="8c84fa94-04c1-424b-9868-57a2d4851a1d" />
    <TestEntry testId="eef65b66-22d6-4369-b731-3d93d2f11e03" executionId="0f26f0f8-0e38-4973-bb77-fdf9b25aae00" testListId="8c84fa94-04c1-424b-9868-57a2d4851a1d" />
    <TestEntry testId="6732801d-bc7d-4c2d-9956-a97aae18d50a" executionId="dcbe0fd0-13d6-4d6a-b12a-ceb9ec8a9bfb" testListId="8c84fa94-04c1-424b-9868-57a2d4851a1d" />
    <TestEntry testId="a9980862-e37b-4ab8-8054-23a59462b040" executionId="0e79d981-74b2-43ee-b541-2a317cf06eba" testListId="8c84fa94-04c1-424b-9868-57a2d4851a1d" />
    <TestEntry testId="8aaa1f92-f377-41f3-8394-3ecffa6c3f24" executionId="71f4959a-6356-4c6c-9c30-d437a1705b36" testListId="8c84fa94-04c1-424b-9868-57a2d4851a1d" />
    <TestEntry testId="4330e1f4-a5ac-421e-8794-599d88d035cf" executionId="d34d436a-b827-4bd4-9075-8e733c5e933e" testListId="8c84fa94-04c1-424b-9868-57a2d4851a1d" />
    <TestEntry testId="04a7d1f3-ebd8-49ea-981e-a6e3c7bab6eb" executionId="b2d6cbb3-19df-4a78-94a5-96c348ad3199" testListId="8c84fa94-04c1-424b-9868-57a2d4851a1d" />
    <TestEntry testId="4d410f55-6725-4f0e-88fc-156df9fbd74b" executionId="3606a5c1-dbff-4143-8eb8-1f6e4541f10f" testListId="8c84fa94-04c1-424b-9868-57a2d4851a1d" />
    <TestEntry testId="f1a554b6-ce72-4ce7-8854-2a03e818fa92" executionId="db591f57-2a1f-4782-b089-c068b09ce71b" testListId="8c84fa94-04c1-424b-9868-57a2d4851a1d" />
    <TestEntry testId="669bd56a-9484-4963-aeee-d780c935c648" executionId="0de1b1f5-d99d-4dcc-b851-3971cac2e93c" testListId="8c84fa94-04c1-424b-9868-57a2d4851a1d" />
    <TestEntry testId="8914581e-d90e-4d53-aed1-ec49d90b475c" executionId="4b882850-f161-4381-8e4f-fb2844aa2568" testListId="8c84fa94-04c1-424b-9868-57a2d4851a1d" />
    <TestEntry testId="d027f069-7435-48c2-81ed-722757e22e8a" executionId="1ef044e4-92ff-4974-9d2d-99742bcc8d70" testListId="8c84fa94-04c1-424b-9868-57a2d4851a1d" />
    <TestEntry testId="c3960934-a361-4a4c-8cdc-e8a74458c1b4" executionId="2efa5f98-6d51-4210-ad84-bfcfacbf8771" testListId="8c84fa94-04c1-424b-9868-57a2d4851a1d" />
    <TestEntry testId="76f1b6b4-af27-461c-b649-b112007070ae" executionId="22650055-3932-4312-9381-5376bb66c2e5" testListId="8c84fa94-04c1-424b-9868-57a2d4851a1d" />
    <TestEntry testId="0366c23a-cd03-4542-89e2-c551bde686bc" executionId="e19f1880-3106-4acb-8d3f-8793ce80e508" testListId="8c84fa94-04c1-424b-9868-57a2d4851a1d" />
    <TestEntry testId="c8552668-ab30-4116-9da5-2e3b6b340133" executionId="dfe1f6b2-f118-4b7d-b41f-5d3b67a9cc1d" testListId="8c84fa94-04c1-424b-9868-57a2d4851a1d" />
    <TestEntry testId="2b453d75-dec2-4787-8c71-0e775f85105a" executionId="62fd836e-87df-4fe9-aa4d-7c8f836a9b0c" testListId="8c84fa94-04c1-424b-9868-57a2d4851a1d" />
    <TestEntry testId="6d1de6ee-0d0f-4663-b8fe-3812905f9487" executionId="67b58cdd-6ea1-4aad-a998-2a9178541e7c" testListId="8c84fa94-04c1-424b-9868-57a2d4851a1d" />
    <TestEntry testId="0b535742-cfbe-4272-8760-125ffe5beeb8" executionId="64d2e145-4fe5-4e1e-8479-b69bd30a31d9" testListId="8c84fa94-04c1-424b-9868-57a2d4851a1d" />
    <TestEntry testId="f205762b-f66f-4f49-8b07-9a5d9285bc90" executionId="ea01d9b7-edd5-4210-a207-9b8faab66d65" testListId="8c84fa94-04c1-424b-9868-57a2d4851a1d" />
    <TestEntry testId="18bd771f-ca6c-4106-be69-8374b9d33f86" executionId="0ab80a69-3ebb-4b11-bf41-d017f7084bf3" testListId="8c84fa94-04c1-424b-9868-57a2d4851a1d" />
    <TestEntry testId="4804e986-5d25-4d63-839e-8da98060d596" executionId="3330d4ed-189b-48c3-b8d1-eebe885c1031" testListId="8c84fa94-04c1-424b-9868-57a2d4851a1d" />
    <TestEntry testId="fa98aa62-eb03-47af-9c26-95ba6d1ad207" executionId="c2c3625b-27ff-4dd2-af58-afcc09f7c2fb" testListId="8c84fa94-04c1-424b-9868-57a2d4851a1d" />
    <TestEntry testId="594f1869-daa6-49da-8983-c73db0115f2e" executionId="b74e7a65-3f16-470a-b82d-27a26b5e5603" testListId="8c84fa94-04c1-424b-9868-57a2d4851a1d" />
    <TestEntry testId="2cc073a0-fb82-4763-a07a-a61ce6c7e11b" executionId="b9142693-bb1c-45f7-abd3-f55cd049bd0f" testListId="8c84fa94-04c1-424b-9868-57a2d4851a1d" />
    <TestEntry testId="06acdf18-2d3e-4733-ac12-defd9ac0a849" executionId="6491040f-aeb2-4bf2-98b8-0d7b41b14a04" testListId="8c84fa94-04c1-424b-9868-57a2d4851a1d" />
    <TestEntry testId="0c389160-8d28-4bc7-bb53-1b3df405a7c5" executionId="d4d9f28a-2850-4bba-9b16-07fde86968c2" testListId="8c84fa94-04c1-424b-9868-57a2d4851a1d" />
    <TestEntry testId="bf62c6ac-30d2-4e10-bef3-84a0a064d78c" executionId="c2c2a463-b763-4c0f-a96d-63264102f0e8" testListId="8c84fa94-04c1-424b-9868-57a2d4851a1d" />
    <TestEntry testId="192b8ddd-5d01-43e4-bbaa-0c470b350a84" executionId="e009452a-5efa-4ffe-b267-852ac84914e3" testListId="8c84fa94-04c1-424b-9868-57a2d4851a1d" />
    <TestEntry testId="0b078214-d19a-4755-b728-50dcc20832d3" executionId="508ac25d-6ed8-4376-9cae-1ca50e2be058" testListId="8c84fa94-04c1-424b-9868-57a2d4851a1d" />
    <TestEntry testId="c501f623-d1f2-4f6f-8123-aa2a9b6693bd" executionId="dfaa581a-27de-4a5f-8b2b-dd1e72e7677d" testListId="8c84fa94-04c1-424b-9868-57a2d4851a1d" />
    <TestEntry testId="bb5de9e0-e834-4422-af30-320c35f11f4b" executionId="43681242-ebbf-47e1-8d08-8bfe8ceb06a1" testListId="8c84fa94-04c1-424b-9868-57a2d4851a1d" />
    <TestEntry testId="cef54c36-57d5-4b4b-a12d-94675c9dc4c0" executionId="9b8ec630-246a-48d6-9818-2f2c2b3a7897" testListId="8c84fa94-04c1-424b-9868-57a2d4851a1d" />
    <TestEntry testId="843eab54-7246-4e38-8a14-1ba0e4e27dd2" executionId="7c14583c-6363-4d3a-adc0-58e641040288" testListId="8c84fa94-04c1-424b-9868-57a2d4851a1d" />
    <TestEntry testId="4aa246fb-2572-47bc-8bc5-1e0c7fd891ed" executionId="cc951f1a-8059-4bc5-9df1-4808f0d2fe18" testListId="8c84fa94-04c1-424b-9868-57a2d4851a1d" />
    <TestEntry testId="be4249c4-8c21-43de-9705-d9108ff6e901" executionId="b26023b9-512c-49a4-bf5d-4aefd503f4c9" testListId="8c84fa94-04c1-424b-9868-57a2d4851a1d" />
    <TestEntry testId="2851ba29-5c39-419c-ad90-318a1ce45b7a" executionId="80cfce0e-177f-43e7-8e08-d2d06234f77c" testListId="8c84fa94-04c1-424b-9868-57a2d4851a1d" />
    <TestEntry testId="08cba3d0-b927-4df5-8f7a-a4e92e0040cb" executionId="ddceab56-9220-49c0-9394-bc4e2d771905" testListId="8c84fa94-04c1-424b-9868-57a2d4851a1d" />
    <TestEntry testId="bccd3adb-fc55-4aa6-8621-9b2ad320a8ef" executionId="ceea694f-9e50-48cc-aa16-1eacec77ef41" testListId="8c84fa94-04c1-424b-9868-57a2d4851a1d" />
    <TestEntry testId="2a0ca9f5-f72c-4d35-9117-dcce26efed21" executionId="d15d00e0-59ac-4518-b829-0763f030cffa" testListId="8c84fa94-04c1-424b-9868-57a2d4851a1d" />
    <TestEntry testId="ecb0c31c-0582-4eca-bb3f-81a69060f044" executionId="088345dc-4aa5-412c-9e97-5a0c3da08b10" testListId="8c84fa94-04c1-424b-9868-57a2d4851a1d" />
    <TestEntry testId="7fa64d88-cd04-42c6-bec4-23be5c8c249e" executionId="8054a919-6c7b-4a0e-abbf-fc09e2b9a8a1" testListId="8c84fa94-04c1-424b-9868-57a2d4851a1d" />
    <TestEntry testId="194c60a5-4819-42e4-959c-c86a92f328c9" executionId="59ae1ffb-3746-41a9-94c4-1fa26cc93f8f" testListId="8c84fa94-04c1-424b-9868-57a2d4851a1d" />
    <TestEntry testId="2a9aeb95-51a4-4fee-82c7-3ae97e5832f6" executionId="ffe38517-162b-47a0-ac15-613dec5b1dcd" testListId="8c84fa94-04c1-424b-9868-57a2d4851a1d" />
    <TestEntry testId="caf3d297-92f1-49a2-bb5e-e43cd113f02f" executionId="9ed6cd78-a14d-4b0f-98fe-8afbad658627" testListId="8c84fa94-04c1-424b-9868-57a2d4851a1d" />
    <TestEntry testId="a8a3d5e1-f40d-4422-a1c9-eab5699715d0" executionId="99c8744b-4b9a-4708-8578-49e9a373bbbd" testListId="8c84fa94-04c1-424b-9868-57a2d4851a1d" />
    <TestEntry testId="0b5dbc10-a7e7-46a0-862e-7b350b5ecc27" executionId="77396865-0beb-4b86-9c47-af4a18624b23" testListId="8c84fa94-04c1-424b-9868-57a2d4851a1d" />
    <TestEntry testId="0c147972-2100-4c00-b661-97ea9beb4726" executionId="d2e20f04-d76a-4b27-a73d-452ae4f077f3" testListId="8c84fa94-04c1-424b-9868-57a2d4851a1d" />
    <TestEntry testId="e6ad681e-f959-4eb9-95d3-f1f14dd7b9d6" executionId="654588fb-5fb6-4520-b87c-5c2f9255e466" testListId="8c84fa94-04c1-424b-9868-57a2d4851a1d" />
    <TestEntry testId="517a1536-054a-4d8e-a0ad-7d6838746b90" executionId="32750f2b-464d-44a0-9352-250144a5645c" testListId="8c84fa94-04c1-424b-9868-57a2d4851a1d" />
    <TestEntry testId="4f2a7141-1943-43d9-992c-a0ff1121aac5" executionId="713f155e-7165-4e30-b4f5-b9d27069164a" testListId="8c84fa94-04c1-424b-9868-57a2d4851a1d" />
    <TestEntry testId="e4ba0315-777f-4cce-9329-56853375be14" executionId="3919eed9-8211-4503-9a94-6c249e391bb2" testListId="8c84fa94-04c1-424b-9868-57a2d4851a1d" />
    <TestEntry testId="531a0d67-467e-4c26-ae5e-f448688e2806" executionId="06961d0e-f644-4426-98d7-42c0eb5ec38e" testListId="8c84fa94-04c1-424b-9868-57a2d4851a1d" />
  </TestEntries>
  <TestLists>
    <TestList name="Resultados sin formato de lista" id="8c84fa94-04c1-424b-9868-57a2d4851a1d" />
    <TestList name="Todos los resultados cargados" id="19431567-8539-422a-85d7-44ee4e166bda" />
  </TestLists>
  <ResultSummary outcome="Completed">
    <Counters total="442" executed="442" passed="442" failed="0" error="0" timeout="0" aborted="0" inconclusive="0" passedButRunAborted="0" notRunnable="0" notExecuted="0" disconnected="0" warning="0" completed="0" inProgress="0" pending="0" />
  </ResultSummary>
</TestRun>