<?xml version="1.0" encoding="utf-8"?>
<TestRun id="07ebb4bc-0e5e-4ac2-a3c0-4e08b7f3a6aa" name="sferrari@PC-SFERRARI 2020-09-05 16:44:59" runUser="PC-SFERRARI\sferrari" xmlns="http://microsoft.com/schemas/VisualStudio/TeamTest/2010">
  <Times creation="2020-09-05T16:44:59.1753706+01:00" queuing="2020-09-05T16:44:59.1753706+01:00" start="2020-09-05T16:44:56.9393485+01:00" finish="2020-09-05T16:45:00.0929183+01:00" />
  <TestSettings name="default" id="81808984-6798-40bf-83ad-e24b7bfe6f80">
    <Deployment runDeploymentRoot="sferrari_PC-SFERRARI_2020-09-05_16_44_59" />
  </TestSettings>
  <Results>
    <UnitTestResult executionId="913d7cd6-de43-40e6-96a0-59466b7df86e" testId="92a1726b-761f-0cf9-858c-9b72bc96e0d5" testName="DefaultSettings_Passing_Valid_Value_AppSettings_Returns_HasErrorsAndErrors" computerName="PC-SFERRARI" duration="00:00:00.6102486" startTime="2020-09-05T16:44:58.4804525+01:00" endTime="2020-09-05T16:44:59.0908682+01:00" testType="13cdc9d9-ddb5-4fa4-a97d-d965ccfc6d4b" outcome="Passed" testListId="8c84fa94-04c1-424b-9868-57a2d4851a1d" relativeResultsDirectory="913d7cd6-de43-40e6-96a0-59466b7df86e" resultType="DataDrivenTest">
      <InnerResults>
        <UnitTestResult executionId="d528868d-b2fb-4b4a-866e-f3eafc692f79" parentExecutionId="913d7cd6-de43-40e6-96a0-59466b7df86e" testId="92a1726b-761f-0cf9-858c-9b72bc96e0d5" testName="DefaultSettings_Passing_Valid_Value_AppSettings_Returns_HasErrorsAndErrors (Password)" computerName="PC-SFERRARI" duration="00:00:00.3470174" startTime="2020-09-05T16:44:58.4804525+01:00" endTime="2020-09-05T16:44:59.0908682+01:00" testType="13cdc9d9-ddb5-4fa4-a97d-d965ccfc6d4b" outcome="Passed" testListId="8c84fa94-04c1-424b-9868-57a2d4851a1d" relativeResultsDirectory="d528868d-b2fb-4b4a-866e-f3eafc692f79" dataRowInfo="1" resultType="DataDrivenDataRow" />
        <UnitTestResult executionId="77f5acd6-f499-476d-8f85-b63833fbeef0" parentExecutionId="913d7cd6-de43-40e6-96a0-59466b7df86e" testId="92a1726b-761f-0cf9-858c-9b72bc96e0d5" testName="DefaultSettings_Passing_Valid_Value_AppSettings_Returns_HasErrorsAndErrors (PasswordServiceTest)" computerName="PC-SFERRARI" duration="00:00:00.2629827" startTime="2020-09-05T16:44:58.4804525+01:00" endTime="2020-09-05T16:44:59.0908682+01:00" testType="13cdc9d9-ddb5-4fa4-a97d-d965ccfc6d4b" outcome="Passed" testListId="8c84fa94-04c1-424b-9868-57a2d4851a1d" relativeResultsDirectory="77f5acd6-f499-476d-8f85-b63833fbeef0" dataRowInfo="2" resultType="DataDrivenDataRow" />
      </InnerResults>
    </UnitTestResult>
    <UnitTestResult executionId="0e901c7c-5c9b-4b0a-9686-60eb8d9bae34" testId="3db2e417-d9d0-d76c-8e4c-164fba24c540" testName="RequireUppercase_Passing_Invalid_Value_Returns_HasErrorsAndErrors" computerName="PC-SFERRARI" duration="00:00:00.0010508" startTime="2020-09-05T16:44:59.6748240+01:00" endTime="2020-09-05T16:44:59.6759751+01:00" testType="13cdc9d9-ddb5-4fa4-a97d-d965ccfc6d4b" outcome="Passed" testListId="8c84fa94-04c1-424b-9868-57a2d4851a1d" relativeResultsDirectory="0e901c7c-5c9b-4b0a-9686-60eb8d9bae34" resultType="DataDrivenTest">
      <InnerResults>
        <UnitTestResult executionId="4857006e-9b36-4be5-bc09-b12c12a27ec5" parentExecutionId="0e901c7c-5c9b-4b0a-9686-60eb8d9bae34" testId="3db2e417-d9d0-d76c-8e4c-164fba24c540" testName="RequireUppercase_Passing_Invalid_Value_Returns_HasErrorsAndErrors (password)" computerName="PC-SFERRARI" duration="00:00:00.0010132" startTime="2020-09-05T16:44:59.6748240+01:00" endTime="2020-09-05T16:44:59.6759751+01:00" testType="13cdc9d9-ddb5-4fa4-a97d-d965ccfc6d4b" outcome="Passed" testListId="8c84fa94-04c1-424b-9868-57a2d4851a1d" relativeResultsDirectory="4857006e-9b36-4be5-bc09-b12c12a27ec5" dataRowInfo="1" resultType="DataDrivenDataRow" />
      </InnerResults>
    </UnitTestResult>
    <UnitTestResult executionId="f6fbea37-5b05-4c04-a836-fbd05f5b6299" testId="dd99cbaa-85f2-79e4-7640-e6ada6b333d2" testName="DefaultSettings_Passing_Invalid_Value_Returns_HasErrorsAndErrors" computerName="PC-SFERRARI" duration="00:00:00.0141362" startTime="2020-09-05T16:44:58.4651620+01:00" endTime="2020-09-05T16:44:58.4804052+01:00" testType="13cdc9d9-ddb5-4fa4-a97d-d965ccfc6d4b" outcome="Passed" testListId="8c84fa94-04c1-424b-9868-57a2d4851a1d" relativeResultsDirectory="f6fbea37-5b05-4c04-a836-fbd05f5b6299" resultType="DataDrivenTest">
      <InnerResults>
        <UnitTestResult executionId="0d55ecfe-7ba2-4ef5-9329-36d6a6980b0f" parentExecutionId="f6fbea37-5b05-4c04-a836-fbd05f5b6299" testId="dd99cbaa-85f2-79e4-7640-e6ada6b333d2" testName="DefaultSettings_Passing_Invalid_Value_Returns_HasErrorsAndErrors (Passw)" computerName="PC-SFERRARI" duration="00:00:00.0074038" startTime="2020-09-05T16:44:58.4651620+01:00" endTime="2020-09-05T16:44:58.4804052+01:00" testType="13cdc9d9-ddb5-4fa4-a97d-d965ccfc6d4b" outcome="Passed" testListId="8c84fa94-04c1-424b-9868-57a2d4851a1d" relativeResultsDirectory="0d55ecfe-7ba2-4ef5-9329-36d6a6980b0f" dataRowInfo="1" resultType="DataDrivenDataRow" />
        <UnitTestResult executionId="a521e19b-8fe2-4115-aa8b-964b8454a6f2" parentExecutionId="f6fbea37-5b05-4c04-a836-fbd05f5b6299" testId="dd99cbaa-85f2-79e4-7640-e6ada6b333d2" testName="DefaultSettings_Passing_Invalid_Value_Returns_HasErrorsAndErrors (1a_e)" computerName="PC-SFERRARI" duration="00:00:00.0000975" startTime="2020-09-05T16:44:58.4651620+01:00" endTime="2020-09-05T16:44:58.4804052+01:00" testType="13cdc9d9-ddb5-4fa4-a97d-d965ccfc6d4b" outcome="Passed" testListId="8c84fa94-04c1-424b-9868-57a2d4851a1d" relativeResultsDirectory="a521e19b-8fe2-4115-aa8b-964b8454a6f2" dataRowInfo="2" resultType="DataDrivenDataRow" />
      </InnerResults>
    </UnitTestResult>
    <UnitTestResult executionId="596a0041-480f-4316-a948-cb2a0cc61e57" testId="4447fb16-ab87-7db7-dcef-6d42a68558bb" testName="RequireDigit_Passing_Invalid_Value_Returns_HasErrorsAndErrors" computerName="PC-SFERRARI" duration="00:00:00.0028411" startTime="2020-09-05T16:44:59.6465770+01:00" endTime="2020-09-05T16:44:59.6495512+01:00" testType="13cdc9d9-ddb5-4fa4-a97d-d965ccfc6d4b" outcome="Passed" testListId="8c84fa94-04c1-424b-9868-57a2d4851a1d" relativeResultsDirectory="596a0041-480f-4316-a948-cb2a0cc61e57" resultType="DataDrivenTest">
      <InnerResults>
        <UnitTestResult executionId="26066ef1-a969-42a5-a561-16e487feac84" parentExecutionId="596a0041-480f-4316-a948-cb2a0cc61e57" testId="4447fb16-ab87-7db7-dcef-6d42a68558bb" testName="RequireDigit_Passing_Invalid_Value_Returns_HasErrorsAndErrors (Password)" computerName="PC-SFERRARI" duration="00:00:00.0027302" startTime="2020-09-05T16:44:59.6465770+01:00" endTime="2020-09-05T16:44:59.6495512+01:00" testType="13cdc9d9-ddb5-4fa4-a97d-d965ccfc6d4b" outcome="Passed" testListId="8c84fa94-04c1-424b-9868-57a2d4851a1d" relativeResultsDirectory="26066ef1-a969-42a5-a561-16e487feac84" dataRowInfo="1" resultType="DataDrivenDataRow" />
        <UnitTestResult executionId="fd1652fb-800d-47f2-8906-2a1ce0cfe38b" parentExecutionId="596a0041-480f-4316-a948-cb2a0cc61e57" testId="4447fb16-ab87-7db7-dcef-6d42a68558bb" testName="RequireDigit_Passing_Invalid_Value_Returns_HasErrorsAndErrors (PasswordServiceTest)" computerName="PC-SFERRARI" duration="00:00:00.0000442" startTime="2020-09-05T16:44:59.6465770+01:00" endTime="2020-09-05T16:44:59.6495512+01:00" testType="13cdc9d9-ddb5-4fa4-a97d-d965ccfc6d4b" outcome="Passed" testListId="8c84fa94-04c1-424b-9868-57a2d4851a1d" relativeResultsDirectory="fd1652fb-800d-47f2-8906-2a1ce0cfe38b" dataRowInfo="2" resultType="DataDrivenDataRow" />
      </InnerResults>
    </UnitTestResult>
    <UnitTestResult executionId="7c208073-0301-406a-8bc2-7f96ab8a912a" testId="5609de1e-8e31-61e0-634c-2542b5577eca" testName="RequiredUniqueChars_Passing_Invalid_Value_Returns_HasErrorsAndErrors" computerName="PC-SFERRARI" duration="00:00:00.0031085" startTime="2020-09-05T16:44:59.6774928+01:00" endTime="2020-09-05T16:44:59.6806833+01:00" testType="13cdc9d9-ddb5-4fa4-a97d-d965ccfc6d4b" outcome="Passed" testListId="8c84fa94-04c1-424b-9868-57a2d4851a1d" relativeResultsDirectory="7c208073-0301-406a-8bc2-7f96ab8a912a" resultType="DataDrivenTest">
      <InnerResults>
        <UnitTestResult executionId="4446a53c-2d6e-464d-9743-7e83187bccf0" parentExecutionId="7c208073-0301-406a-8bc2-7f96ab8a912a" testId="5609de1e-8e31-61e0-634c-2542b5577eca" testName="RequiredUniqueChars_Passing_Invalid_Value_Returns_HasErrorsAndErrors (Password)" computerName="PC-SFERRARI" duration="00:00:00.0030022" startTime="2020-09-05T16:44:59.6774928+01:00" endTime="2020-09-05T16:44:59.6806833+01:00" testType="13cdc9d9-ddb5-4fa4-a97d-d965ccfc6d4b" outcome="Passed" testListId="8c84fa94-04c1-424b-9868-57a2d4851a1d" relativeResultsDirectory="4446a53c-2d6e-464d-9743-7e83187bccf0" dataRowInfo="1" resultType="DataDrivenDataRow" />
        <UnitTestResult executionId="02bc0f97-545e-465a-947a-5ae9709d4e4c" parentExecutionId="7c208073-0301-406a-8bc2-7f96ab8a912a" testId="5609de1e-8e31-61e0-634c-2542b5577eca" testName="RequiredUniqueChars_Passing_Invalid_Value_Returns_HasErrorsAndErrors (PasswordServiceTest)" computerName="PC-SFERRARI" duration="00:00:00.0000483" startTime="2020-09-05T16:44:59.6774928+01:00" endTime="2020-09-05T16:44:59.6806833+01:00" testType="13cdc9d9-ddb5-4fa4-a97d-d965ccfc6d4b" outcome="Passed" testListId="8c84fa94-04c1-424b-9868-57a2d4851a1d" relativeResultsDirectory="02bc0f97-545e-465a-947a-5ae9709d4e4c" dataRowInfo="2" resultType="DataDrivenDataRow" />
      </InnerResults>
    </UnitTestResult>
    <UnitTestResult executionId="e40e256e-036f-432b-9f2e-77a97873466a" testId="6158c571-cb9e-2900-d032-289419d833e8" testName="RequireLowercase_Passing_Invalid_Value_Returns_HasErrorsAndErrors" computerName="PC-SFERRARI" duration="00:00:00.0019778" startTime="2020-09-05T16:44:59.6726390+01:00" endTime="2020-09-05T16:44:59.6747827+01:00" testType="13cdc9d9-ddb5-4fa4-a97d-d965ccfc6d4b" outcome="Passed" testListId="8c84fa94-04c1-424b-9868-57a2d4851a1d" relativeResultsDirectory="e40e256e-036f-432b-9f2e-77a97873466a" resultType="DataDrivenTest">
      <InnerResults>
        <UnitTestResult executionId="078065f3-e881-4e9f-b88f-4607f640e637" parentExecutionId="e40e256e-036f-432b-9f2e-77a97873466a" testId="6158c571-cb9e-2900-d032-289419d833e8" testName="RequireLowercase_Passing_Invalid_Value_Returns_HasErrorsAndErrors (PASSWORD)" computerName="PC-SFERRARI" duration="00:00:00.0019222" startTime="2020-09-05T16:44:59.6726390+01:00" endTime="2020-09-05T16:44:59.6747827+01:00" testType="13cdc9d9-ddb5-4fa4-a97d-d965ccfc6d4b" outcome="Passed" testListId="8c84fa94-04c1-424b-9868-57a2d4851a1d" relativeResultsDirectory="078065f3-e881-4e9f-b88f-4607f640e637" dataRowInfo="1" resultType="DataDrivenDataRow" />
      </InnerResults>
    </UnitTestResult>
    <UnitTestResult executionId="d7015fce-d45c-4216-9f01-5aeec7d1f6dc" testId="b3928bda-545b-97a4-b450-c6c5fdbdb0c6" testName="RequireEspecialCharacters_Passing_Invalid_Value_Returns_HasErrorsAndErrors" computerName="PC-SFERRARI" duration="00:00:00.0012259" startTime="2020-09-05T16:44:59.6495909+01:00" endTime="2020-09-05T16:44:59.6509182+01:00" testType="13cdc9d9-ddb5-4fa4-a97d-d965ccfc6d4b" outcome="Passed" testListId="8c84fa94-04c1-424b-9868-57a2d4851a1d" relativeResultsDirectory="d7015fce-d45c-4216-9f01-5aeec7d1f6dc" resultType="DataDrivenTest">
      <InnerResults>
        <UnitTestResult executionId="7f810c09-1371-4425-85ae-deb5d15cd300" parentExecutionId="d7015fce-d45c-4216-9f01-5aeec7d1f6dc" testId="b3928bda-545b-97a4-b450-c6c5fdbdb0c6" testName="RequireEspecialCharacters_Passing_Invalid_Value_Returns_HasErrorsAndErrors (Password)" computerName="PC-SFERRARI" duration="00:00:00.0011301" startTime="2020-09-05T16:44:59.6495909+01:00" endTime="2020-09-05T16:44:59.6509182+01:00" testType="13cdc9d9-ddb5-4fa4-a97d-d965ccfc6d4b" outcome="Passed" testListId="8c84fa94-04c1-424b-9868-57a2d4851a1d" relativeResultsDirectory="7f810c09-1371-4425-85ae-deb5d15cd300" dataRowInfo="1" resultType="DataDrivenDataRow" />
        <UnitTestResult executionId="67de55e5-b03b-450a-ba39-45d8b41a1aa6" parentExecutionId="d7015fce-d45c-4216-9f01-5aeec7d1f6dc" testId="b3928bda-545b-97a4-b450-c6c5fdbdb0c6" testName="RequireEspecialCharacters_Passing_Invalid_Value_Returns_HasErrorsAndErrors (PasswordServiceTest)" computerName="PC-SFERRARI" duration="00:00:00.0000375" startTime="2020-09-05T16:44:59.6495909+01:00" endTime="2020-09-05T16:44:59.6509182+01:00" testType="13cdc9d9-ddb5-4fa4-a97d-d965ccfc6d4b" outcome="Passed" testListId="8c84fa94-04c1-424b-9868-57a2d4851a1d" relativeResultsDirectory="67de55e5-b03b-450a-ba39-45d8b41a1aa6" dataRowInfo="2" resultType="DataDrivenDataRow" />
      </InnerResults>
    </UnitTestResult>
    <UnitTestResult executionId="e1456518-8eb2-4e0b-85bd-d81c1ae96d77" testId="0ba55755-02e4-188c-efda-c5af8e7a63bc" testName="Encrypt_Passing_Value_String_Returns_Value_Encrypted" computerName="PC-SFERRARI" duration="00:00:00.0149161" startTime="2020-09-05T16:44:58.3772313+01:00" endTime="2020-09-05T16:44:58.3923767+01:00" testType="13cdc9d9-ddb5-4fa4-a97d-d965ccfc6d4b" outcome="Passed" testListId="8c84fa94-04c1-424b-9868-57a2d4851a1d" relativeResultsDirectory="e1456518-8eb2-4e0b-85bd-d81c1ae96d77" />
    <UnitTestResult executionId="8c596fa0-a608-4632-8aa9-9c0a16c9e8ce" testId="0b1084e3-6ed6-c1f1-bb5d-06055b564e2c" testName="Encrypt_Passing_Value_Object_Returns_Object_Encrypted" computerName="PC-SFERRARI" duration="00:00:00.1979851" startTime="2020-09-05T16:44:58.0955112+01:00" endTime="2020-09-05T16:44:58.3641622+01:00" testType="13cdc9d9-ddb5-4fa4-a97d-d965ccfc6d4b" outcome="Passed" testListId="8c84fa94-04c1-424b-9868-57a2d4851a1d" relativeResultsDirectory="8c596fa0-a608-4632-8aa9-9c0a16c9e8ce" />
    <UnitTestResult executionId="a406495b-ef4b-4c3a-ac0c-76358772fc1f" testId="c21bf23c-6e2a-ae1c-ef01-6e661ee1e97a" testName="JsonWebToken_Encode_Decode_Claim" computerName="PC-SFERRARI" duration="00:00:00.0724284" startTime="2020-09-05T16:44:58.3924342+01:00" endTime="2020-09-05T16:44:58.4651259+01:00" testType="13cdc9d9-ddb5-4fa4-a97d-d965ccfc6d4b" outcome="Passed" testListId="8c84fa94-04c1-424b-9868-57a2d4851a1d" relativeResultsDirectory="a406495b-ef4b-4c3a-ac0c-76358772fc1f" />
    <UnitTestResult executionId="065ecbe9-adbd-4dcb-be04-b1eb1e6d85e6" testId="90367231-7c45-c264-7213-426aba337866" testName="RequiredMinLength_Passing_Invalid_Value_Returns_HasErrorsAndErrors" computerName="PC-SFERRARI" duration="00:00:00.0013628" startTime="2020-09-05T16:44:59.6760029+01:00" endTime="2020-09-05T16:44:59.6774629+01:00" testType="13cdc9d9-ddb5-4fa4-a97d-d965ccfc6d4b" outcome="Passed" testListId="8c84fa94-04c1-424b-9868-57a2d4851a1d" relativeResultsDirectory="065ecbe9-adbd-4dcb-be04-b1eb1e6d85e6" resultType="DataDrivenTest">
      <InnerResults>
        <UnitTestResult executionId="5cc9f192-6959-481f-b42c-56c1ad5cfb9d" parentExecutionId="065ecbe9-adbd-4dcb-be04-b1eb1e6d85e6" testId="90367231-7c45-c264-7213-426aba337866" testName="RequiredMinLength_Passing_Invalid_Value_Returns_HasErrorsAndErrors (Password)" computerName="PC-SFERRARI" duration="00:00:00.0012649" startTime="2020-09-05T16:44:59.6760029+01:00" endTime="2020-09-05T16:44:59.6774629+01:00" testType="13cdc9d9-ddb5-4fa4-a97d-d965ccfc6d4b" outcome="Passed" testListId="8c84fa94-04c1-424b-9868-57a2d4851a1d" relativeResultsDirectory="5cc9f192-6959-481f-b42c-56c1ad5cfb9d" dataRowInfo="1" resultType="DataDrivenDataRow" />
        <UnitTestResult executionId="454ae6e8-59e1-4eaf-bbc8-07e2ded97109" parentExecutionId="065ecbe9-adbd-4dcb-be04-b1eb1e6d85e6" testId="90367231-7c45-c264-7213-426aba337866" testName="RequiredMinLength_Passing_Invalid_Value_Returns_HasErrorsAndErrors (PasswordServiceTest)" computerName="PC-SFERRARI" duration="00:00:00.0000451" startTime="2020-09-05T16:44:59.6760029+01:00" endTime="2020-09-05T16:44:59.6774629+01:00" testType="13cdc9d9-ddb5-4fa4-a97d-d965ccfc6d4b" outcome="Passed" testListId="8c84fa94-04c1-424b-9868-57a2d4851a1d" relativeResultsDirectory="454ae6e8-59e1-4eaf-bbc8-07e2ded97109" dataRowInfo="2" resultType="DataDrivenDataRow" />
      </InnerResults>
    </UnitTestResult>
    <UnitTestResult executionId="bc7dc213-6312-4099-b6fc-dd512572af09" testId="48f78119-0f78-d1b1-1154-23d5d25d28d8" testName="DefaultSettings_Passing_Valid_Value_Returns_HasErrorsAndErrors" computerName="PC-SFERRARI" duration="00:00:00.4700324" startTime="2020-09-05T16:44:59.1759543+01:00" endTime="2020-09-05T16:44:59.6464243+01:00" testType="13cdc9d9-ddb5-4fa4-a97d-d965ccfc6d4b" outcome="Passed" testListId="8c84fa94-04c1-424b-9868-57a2d4851a1d" relativeResultsDirectory="bc7dc213-6312-4099-b6fc-dd512572af09" resultType="DataDrivenTest">
      <InnerResults>
        <UnitTestResult executionId="72242410-b9b5-48ca-afc8-b88555046ee2" parentExecutionId="bc7dc213-6312-4099-b6fc-dd512572af09" testId="48f78119-0f78-d1b1-1154-23d5d25d28d8" testName="DefaultSettings_Passing_Valid_Value_Returns_HasErrorsAndErrors (Password)" computerName="PC-SFERRARI" duration="00:00:00.2420502" startTime="2020-09-05T16:44:59.1759543+01:00" endTime="2020-09-05T16:44:59.6464243+01:00" testType="13cdc9d9-ddb5-4fa4-a97d-d965ccfc6d4b" outcome="Passed" testListId="8c84fa94-04c1-424b-9868-57a2d4851a1d" relativeResultsDirectory="72242410-b9b5-48ca-afc8-b88555046ee2" dataRowInfo="1" resultType="DataDrivenDataRow" />
        <UnitTestResult executionId="58ee4180-e9ea-451a-9d1f-567b9120a9e8" parentExecutionId="bc7dc213-6312-4099-b6fc-dd512572af09" testId="48f78119-0f78-d1b1-1154-23d5d25d28d8" testName="DefaultSettings_Passing_Valid_Value_Returns_HasErrorsAndErrors (PasswordServiceTest)" computerName="PC-SFERRARI" duration="00:00:00.2277495" startTime="2020-09-05T16:44:59.1759543+01:00" endTime="2020-09-05T16:44:59.6464243+01:00" testType="13cdc9d9-ddb5-4fa4-a97d-d965ccfc6d4b" outcome="Passed" testListId="8c84fa94-04c1-424b-9868-57a2d4851a1d" relativeResultsDirectory="58ee4180-e9ea-451a-9d1f-567b9120a9e8" dataRowInfo="2" resultType="DataDrivenDataRow" />
      </InnerResults>
    </UnitTestResult>
  </Results>
  <TestDefinitions>
    <UnitTest name="Encrypt_Passing_Value_String_Returns_Value_Encrypted" storage="d:\sferrari\01 - trabajo\repos\netcore\template-netcore-security\kitpymes.core.security.tests\bin\debug\netcoreapp3.0\kitpymes.core.security.tests.dll" id="0ba55755-02e4-188c-efda-c5af8e7a63bc">
      <Execution id="e1456518-8eb2-4e0b-85bd-d81c1ae96d77" />
      <TestMethod codeBase="D:\SFERRARI\01 - TRABAJO\REPOS\netcore\template-netcore-security\Kitpymes.Core.Security.Tests\bin\Debug\netcoreapp3.0\Kitpymes.Core.Security.Tests.dll" adapterTypeName="executor://mstestadapter/v2" className="Kitypmes.Core.Security.Tests.EncryptorServiceTest" name="Encrypt_Passing_Value_String_Returns_Value_Encrypted" />
    </UnitTest>
    <UnitTest name="RequiredUniqueChars_Passing_Invalid_Value_Returns_HasErrorsAndErrors" storage="d:\sferrari\01 - trabajo\repos\netcore\template-netcore-security\kitpymes.core.security.tests\bin\debug\netcoreapp3.0\kitpymes.core.security.tests.dll" id="5609de1e-8e31-61e0-634c-2542b5577eca">
      <Execution id="7c208073-0301-406a-8bc2-7f96ab8a912a" />
      <TestMethod codeBase="D:\SFERRARI\01 - TRABAJO\REPOS\netcore\template-netcore-security\Kitpymes.Core.Security.Tests\bin\Debug\netcoreapp3.0\Kitpymes.Core.Security.Tests.dll" adapterTypeName="executor://mstestadapter/v2" className="Kitypmes.Core.Security.Tests.PasswordServiceTest" name="RequiredUniqueChars_Passing_Invalid_Value_Returns_HasErrorsAndErrors" />
    </UnitTest>
    <UnitTest name="DefaultSettings_Passing_Valid_Value_Returns_HasErrorsAndErrors" storage="d:\sferrari\01 - trabajo\repos\netcore\template-netcore-security\kitpymes.core.security.tests\bin\debug\netcoreapp3.0\kitpymes.core.security.tests.dll" id="48f78119-0f78-d1b1-1154-23d5d25d28d8">
      <Execution id="bc7dc213-6312-4099-b6fc-dd512572af09" />
      <TestMethod codeBase="D:\SFERRARI\01 - TRABAJO\REPOS\netcore\template-netcore-security\Kitpymes.Core.Security.Tests\bin\Debug\netcoreapp3.0\Kitpymes.Core.Security.Tests.dll" adapterTypeName="executor://mstestadapter/v2" className="Kitypmes.Core.Security.Tests.PasswordServiceTest" name="DefaultSettings_Passing_Valid_Value_Returns_HasErrorsAndErrors" />
    </UnitTest>
    <UnitTest name="RequireEspecialCharacters_Passing_Invalid_Value_Returns_HasErrorsAndErrors" storage="d:\sferrari\01 - trabajo\repos\netcore\template-netcore-security\kitpymes.core.security.tests\bin\debug\netcoreapp3.0\kitpymes.core.security.tests.dll" id="b3928bda-545b-97a4-b450-c6c5fdbdb0c6">
      <Execution id="d7015fce-d45c-4216-9f01-5aeec7d1f6dc" />
      <TestMethod codeBase="D:\SFERRARI\01 - TRABAJO\REPOS\netcore\template-netcore-security\Kitpymes.Core.Security.Tests\bin\Debug\netcoreapp3.0\Kitpymes.Core.Security.Tests.dll" adapterTypeName="executor://mstestadapter/v2" className="Kitypmes.Core.Security.Tests.PasswordServiceTest" name="RequireEspecialCharacters_Passing_Invalid_Value_Returns_HasErrorsAndErrors" />
    </UnitTest>
    <UnitTest name="RequiredMinLength_Passing_Invalid_Value_Returns_HasErrorsAndErrors" storage="d:\sferrari\01 - trabajo\repos\netcore\template-netcore-security\kitpymes.core.security.tests\bin\debug\netcoreapp3.0\kitpymes.core.security.tests.dll" id="90367231-7c45-c264-7213-426aba337866">
      <Execution id="065ecbe9-adbd-4dcb-be04-b1eb1e6d85e6" />
      <TestMethod codeBase="D:\SFERRARI\01 - TRABAJO\REPOS\netcore\template-netcore-security\Kitpymes.Core.Security.Tests\bin\Debug\netcoreapp3.0\Kitpymes.Core.Security.Tests.dll" adapterTypeName="executor://mstestadapter/v2" className="Kitypmes.Core.Security.Tests.PasswordServiceTest" name="RequiredMinLength_Passing_Invalid_Value_Returns_HasErrorsAndErrors" />
    </UnitTest>
    <UnitTest name="RequireUppercase_Passing_Invalid_Value_Returns_HasErrorsAndErrors" storage="d:\sferrari\01 - trabajo\repos\netcore\template-netcore-security\kitpymes.core.security.tests\bin\debug\netcoreapp3.0\kitpymes.core.security.tests.dll" id="3db2e417-d9d0-d76c-8e4c-164fba24c540">
      <Execution id="0e901c7c-5c9b-4b0a-9686-60eb8d9bae34" />
      <TestMethod codeBase="D:\SFERRARI\01 - TRABAJO\REPOS\netcore\template-netcore-security\Kitpymes.Core.Security.Tests\bin\Debug\netcoreapp3.0\Kitpymes.Core.Security.Tests.dll" adapterTypeName="executor://mstestadapter/v2" className="Kitypmes.Core.Security.Tests.PasswordServiceTest" name="RequireUppercase_Passing_Invalid_Value_Returns_HasErrorsAndErrors" />
    </UnitTest>
    <UnitTest name="DefaultSettings_Passing_Valid_Value_AppSettings_Returns_HasErrorsAndErrors" storage="d:\sferrari\01 - trabajo\repos\netcore\template-netcore-security\kitpymes.core.security.tests\bin\debug\netcoreapp3.0\kitpymes.core.security.tests.dll" id="92a1726b-761f-0cf9-858c-9b72bc96e0d5">
      <Execution id="913d7cd6-de43-40e6-96a0-59466b7df86e" />
      <TestMethod codeBase="D:\SFERRARI\01 - TRABAJO\REPOS\netcore\template-netcore-security\Kitpymes.Core.Security.Tests\bin\Debug\netcoreapp3.0\Kitpymes.Core.Security.Tests.dll" adapterTypeName="executor://mstestadapter/v2" className="Kitypmes.Core.Security.Tests.PasswordServiceTest" name="DefaultSettings_Passing_Valid_Value_AppSettings_Returns_HasErrorsAndErrors" />
    </UnitTest>
    <UnitTest name="RequireLowercase_Passing_Invalid_Value_Returns_HasErrorsAndErrors" storage="d:\sferrari\01 - trabajo\repos\netcore\template-netcore-security\kitpymes.core.security.tests\bin\debug\netcoreapp3.0\kitpymes.core.security.tests.dll" id="6158c571-cb9e-2900-d032-289419d833e8">
      <Execution id="e40e256e-036f-432b-9f2e-77a97873466a" />
      <TestMethod codeBase="D:\SFERRARI\01 - TRABAJO\REPOS\netcore\template-netcore-security\Kitpymes.Core.Security.Tests\bin\Debug\netcoreapp3.0\Kitpymes.Core.Security.Tests.dll" adapterTypeName="executor://mstestadapter/v2" className="Kitypmes.Core.Security.Tests.PasswordServiceTest" name="RequireLowercase_Passing_Invalid_Value_Returns_HasErrorsAndErrors" />
    </UnitTest>
    <UnitTest name="Encrypt_Passing_Value_Object_Returns_Object_Encrypted" storage="d:\sferrari\01 - trabajo\repos\netcore\template-netcore-security\kitpymes.core.security.tests\bin\debug\netcoreapp3.0\kitpymes.core.security.tests.dll" id="0b1084e3-6ed6-c1f1-bb5d-06055b564e2c">
      <Execution id="8c596fa0-a608-4632-8aa9-9c0a16c9e8ce" />
      <TestMethod codeBase="D:\SFERRARI\01 - TRABAJO\REPOS\netcore\template-netcore-security\Kitpymes.Core.Security.Tests\bin\Debug\netcoreapp3.0\Kitpymes.Core.Security.Tests.dll" adapterTypeName="executor://mstestadapter/v2" className="Kitypmes.Core.Security.Tests.EncryptorServiceTest" name="Encrypt_Passing_Value_Object_Returns_Object_Encrypted" />
    </UnitTest>
    <UnitTest name="RequireDigit_Passing_Invalid_Value_Returns_HasErrorsAndErrors" storage="d:\sferrari\01 - trabajo\repos\netcore\template-netcore-security\kitpymes.core.security.tests\bin\debug\netcoreapp3.0\kitpymes.core.security.tests.dll" id="4447fb16-ab87-7db7-dcef-6d42a68558bb">
      <Execution id="596a0041-480f-4316-a948-cb2a0cc61e57" />
      <TestMethod codeBase="D:\SFERRARI\01 - TRABAJO\REPOS\netcore\template-netcore-security\Kitpymes.Core.Security.Tests\bin\Debug\netcoreapp3.0\Kitpymes.Core.Security.Tests.dll" adapterTypeName="executor://mstestadapter/v2" className="Kitypmes.Core.Security.Tests.PasswordServiceTest" name="RequireDigit_Passing_Invalid_Value_Returns_HasErrorsAndErrors" />
    </UnitTest>
    <UnitTest name="DefaultSettings_Passing_Invalid_Value_Returns_HasErrorsAndErrors" storage="d:\sferrari\01 - trabajo\repos\netcore\template-netcore-security\kitpymes.core.security.tests\bin\debug\netcoreapp3.0\kitpymes.core.security.tests.dll" id="dd99cbaa-85f2-79e4-7640-e6ada6b333d2">
      <Execution id="f6fbea37-5b05-4c04-a836-fbd05f5b6299" />
      <TestMethod codeBase="D:\SFERRARI\01 - TRABAJO\REPOS\netcore\template-netcore-security\Kitpymes.Core.Security.Tests\bin\Debug\netcoreapp3.0\Kitpymes.Core.Security.Tests.dll" adapterTypeName="executor://mstestadapter/v2" className="Kitypmes.Core.Security.Tests.PasswordServiceTest" name="DefaultSettings_Passing_Invalid_Value_Returns_HasErrorsAndErrors" />
    </UnitTest>
    <UnitTest name="JsonWebToken_Encode_Decode_Claim" storage="d:\sferrari\01 - trabajo\repos\netcore\template-netcore-security\kitpymes.core.security.tests\bin\debug\netcoreapp3.0\kitpymes.core.security.tests.dll" id="c21bf23c-6e2a-ae1c-ef01-6e661ee1e97a">
      <Execution id="a406495b-ef4b-4c3a-ac0c-76358772fc1f" />
      <TestMethod codeBase="D:\SFERRARI\01 - TRABAJO\REPOS\netcore\template-netcore-security\Kitpymes.Core.Security.Tests\bin\Debug\netcoreapp3.0\Kitpymes.Core.Security.Tests.dll" adapterTypeName="executor://mstestadapter/v2" className="Kitypmes.Core.Security.Tests.JsonWebTokenServiceTest" name="JsonWebToken_Encode_Decode_Claim" />
    </UnitTest>
  </TestDefinitions>
  <TestEntries>
    <TestEntry testId="92a1726b-761f-0cf9-858c-9b72bc96e0d5" executionId="913d7cd6-de43-40e6-96a0-59466b7df86e" testListId="8c84fa94-04c1-424b-9868-57a2d4851a1d" />
    <TestEntry testId="3db2e417-d9d0-d76c-8e4c-164fba24c540" executionId="0e901c7c-5c9b-4b0a-9686-60eb8d9bae34" testListId="8c84fa94-04c1-424b-9868-57a2d4851a1d" />
    <TestEntry testId="dd99cbaa-85f2-79e4-7640-e6ada6b333d2" executionId="f6fbea37-5b05-4c04-a836-fbd05f5b6299" testListId="8c84fa94-04c1-424b-9868-57a2d4851a1d" />
    <TestEntry testId="4447fb16-ab87-7db7-dcef-6d42a68558bb" executionId="596a0041-480f-4316-a948-cb2a0cc61e57" testListId="8c84fa94-04c1-424b-9868-57a2d4851a1d" />
    <TestEntry testId="5609de1e-8e31-61e0-634c-2542b5577eca" executionId="7c208073-0301-406a-8bc2-7f96ab8a912a" testListId="8c84fa94-04c1-424b-9868-57a2d4851a1d" />
    <TestEntry testId="6158c571-cb9e-2900-d032-289419d833e8" executionId="e40e256e-036f-432b-9f2e-77a97873466a" testListId="8c84fa94-04c1-424b-9868-57a2d4851a1d" />
    <TestEntry testId="b3928bda-545b-97a4-b450-c6c5fdbdb0c6" executionId="d7015fce-d45c-4216-9f01-5aeec7d1f6dc" testListId="8c84fa94-04c1-424b-9868-57a2d4851a1d" />
    <TestEntry testId="0ba55755-02e4-188c-efda-c5af8e7a63bc" executionId="e1456518-8eb2-4e0b-85bd-d81c1ae96d77" testListId="8c84fa94-04c1-424b-9868-57a2d4851a1d" />
    <TestEntry testId="0b1084e3-6ed6-c1f1-bb5d-06055b564e2c" executionId="8c596fa0-a608-4632-8aa9-9c0a16c9e8ce" testListId="8c84fa94-04c1-424b-9868-57a2d4851a1d" />
    <TestEntry testId="c21bf23c-6e2a-ae1c-ef01-6e661ee1e97a" executionId="a406495b-ef4b-4c3a-ac0c-76358772fc1f" testListId="8c84fa94-04c1-424b-9868-57a2d4851a1d" />
    <TestEntry testId="90367231-7c45-c264-7213-426aba337866" executionId="065ecbe9-adbd-4dcb-be04-b1eb1e6d85e6" testListId="8c84fa94-04c1-424b-9868-57a2d4851a1d" />
    <TestEntry testId="48f78119-0f78-d1b1-1154-23d5d25d28d8" executionId="bc7dc213-6312-4099-b6fc-dd512572af09" testListId="8c84fa94-04c1-424b-9868-57a2d4851a1d" />
  </TestEntries>
  <TestLists>
    <TestList name="Resultados sin formato de lista" id="8c84fa94-04c1-424b-9868-57a2d4851a1d" />
    <TestList name="Todos los resultados cargados" id="19431567-8539-422a-85d7-44ee4e166bda" />
  </TestLists>
  <ResultSummary outcome="Completed">
    <Counters total="28" executed="28" passed="28" failed="0" error="0" timeout="0" aborted="0" inconclusive="0" passedButRunAborted="0" notRunnable="0" notExecuted="0" disconnected="0" warning="0" completed="0" inProgress="0" pending="0" />
  </ResultSummary>
</TestRun>