<?xml version="1.0" encoding="utf-8"?>
<TestRun id="ad3d237d-2a5b-4d37-84b7-fa9ec56607da" name="sferrari@PC-SFERRARI 2021-06-22 13:57:24" runUser="PC-SFERRARI\sferrari" xmlns="http://microsoft.com/schemas/VisualStudio/TeamTest/2010">
  <Times creation="2021-06-22T13:57:24.9122752+02:00" queuing="2021-06-22T13:57:24.9122761+02:00" start="2021-06-22T13:57:23.6831115+02:00" finish="2021-06-22T13:57:25.4319397+02:00" />
  <TestSettings name="default" id="90ff5d46-c552-42e8-beed-46827e7a6dd2">
    <Deployment runDeploymentRoot="sferrari_PC-SFERRARI_2021-06-22_13_57_24" />
  </TestSettings>
  <Results>
    <UnitTestResult executionId="84019c88-378b-4058-80a3-f2057cc6342d" testId="a3577f14-18dd-40a5-8d79-0a831aee6ab2" testName="Create_Passing_Valid_Values_Returns_Name (Esp añâ)" computerName="PC-SFERRARI" duration="00:00:00.0000147" startTime="2021-06-22T13:57:25.0062783+02:00" endTime="2021-06-22T13:57:25.0063737+02:00" testType="13cdc9d9-ddb5-4fa4-a97d-d965ccfc6d4b" outcome="Passed" testListId="8c84fa94-04c1-424b-9868-57a2d4851a1d" relativeResultsDirectory="84019c88-378b-4058-80a3-f2057cc6342d" />
    <UnitTestResult executionId="bd2caab5-d9b7-4e7e-80ee-0a0443a3f699" testId="0e0e59a4-40c7-49cb-bf62-564dedb3f8ec" testName="OperatorEqual_Passing_Valid_Distinct_Values_Returns_False (San Bartoleme De Tirajana,Las Palmas,España)" computerName="PC-SFERRARI" duration="00:00:00.0002455" startTime="2021-06-22T13:57:24.9562766+02:00" endTime="2021-06-22T13:57:24.9566247+02:00" testType="13cdc9d9-ddb5-4fa4-a97d-d965ccfc6d4b" outcome="Passed" testListId="8c84fa94-04c1-424b-9868-57a2d4851a1d" relativeResultsDirectory="bd2caab5-d9b7-4e7e-80ee-0a0443a3f699" />
    <UnitTestResult executionId="5818b4d3-e9a0-4ee9-b991-fb6fa0a8ec51" testId="26159545-6e62-435e-b5c1-9ad38a1db0cd" testName="ToString_Passing_Valid_Values_Returns_StringId (San Bartoleme De Tirajana)" computerName="PC-SFERRARI" duration="00:00:00.0001492" startTime="2021-06-22T13:57:25.0557722+02:00" endTime="2021-06-22T13:57:25.0559809+02:00" testType="13cdc9d9-ddb5-4fa4-a97d-d965ccfc6d4b" outcome="Passed" testListId="8c84fa94-04c1-424b-9868-57a2d4851a1d" relativeResultsDirectory="5818b4d3-e9a0-4ee9-b991-fb6fa0a8ec51" />
    <UnitTestResult executionId="0f79e2e4-93d0-402d-9ae7-0566a01c1a78" testId="5a32fbc5-0699-4e51-ad46-7847f511e618" testName="OperatorNotEqual_Passing_Valid_Values_Returns_True (Pader,789,DF7956,Sabadell,Barcelona,España)" computerName="PC-SFERRARI" duration="00:00:00.0000297" startTime="2021-06-22T13:57:24.8148959+02:00" endTime="2021-06-22T13:57:24.8150174+02:00" testType="13cdc9d9-ddb5-4fa4-a97d-d965ccfc6d4b" outcome="Passed" testListId="8c84fa94-04c1-424b-9868-57a2d4851a1d" relativeResultsDirectory="0f79e2e4-93d0-402d-9ae7-0566a01c1a78" />
    <UnitTestResult executionId="d951ff49-b105-4845-90fd-b739630acd5f" testId="490ec97e-858f-4c65-9c86-bcd95a764002" testName="OperatorEqual_Passing_Valid_Distinct_Values_Returns_False (Españá)" computerName="PC-SFERRARI" duration="00:00:00.0000128" startTime="2021-06-22T13:57:25.0336577+02:00" endTime="2021-06-22T13:57:25.0337190+02:00" testType="13cdc9d9-ddb5-4fa4-a97d-d965ccfc6d4b" outcome="Passed" testListId="8c84fa94-04c1-424b-9868-57a2d4851a1d" relativeResultsDirectory="d951ff49-b105-4845-90fd-b739630acd5f" />
    <UnitTestResult executionId="29c15b33-4073-447a-99b0-78139cde84bc" testId="b8f32266-1c00-4697-ab5a-810fc8822f96" testName="ToString_Passing_Valid_Values_Returns_Name (España)" computerName="PC-SFERRARI" duration="00:00:00.0002595" startTime="2021-06-22T13:57:25.0105748+02:00" endTime="2021-06-22T13:57:25.0109127+02:00" testType="13cdc9d9-ddb5-4fa4-a97d-d965ccfc6d4b" outcome="Passed" testListId="8c84fa94-04c1-424b-9868-57a2d4851a1d" relativeResultsDirectory="29c15b33-4073-447a-99b0-78139cde84bc" />
    <UnitTestResult executionId="1e633169-357a-438d-b620-ab0e38a8c849" testId="661cf950-1df7-4a02-a1b8-ec8e89d2c982" testName="Create_Passing_Valid_Value_Returns_Email (bb_ads@ggg.cc)" computerName="PC-SFERRARI" duration="00:00:00.0000143" startTime="2021-06-22T13:57:24.9178197+02:00" endTime="2021-06-22T13:57:24.9178821+02:00" testType="13cdc9d9-ddb5-4fa4-a97d-d965ccfc6d4b" outcome="Passed" testListId="8c84fa94-04c1-424b-9868-57a2d4851a1d" relativeResultsDirectory="1e633169-357a-438d-b620-ab0e38a8c849" />
    <UnitTestResult executionId="a9fc0356-56e2-480f-bc22-9970ceaada3a" testId="389dac06-5d5b-48ff-8b2a-5b1835f93da0" testName="OperatorNotEqual_Passing_Valid_Values_Returns_True (Españç)" computerName="PC-SFERRARI" duration="00:00:00.0000183" startTime="2021-06-22T13:57:25.0414610+02:00" endTime="2021-06-22T13:57:25.0415431+02:00" testType="13cdc9d9-ddb5-4fa4-a97d-d965ccfc6d4b" outcome="Passed" testListId="8c84fa94-04c1-424b-9868-57a2d4851a1d" relativeResultsDirectory="a9fc0356-56e2-480f-bc22-9970ceaada3a" />
    <UnitTestResult executionId="fc8a366d-6433-468f-8415-80a8e215436e" testId="3baba8a8-4484-4eac-9c47-db594dd5a7a4" testName="OperatorNotEqual_Passing_Valid_Values_Returns_False (San Bartoleme De Tirajana)" computerName="PC-SFERRARI" duration="00:00:00.0000909" startTime="2021-06-22T13:57:25.0598801+02:00" endTime="2021-06-22T13:57:25.0600137+02:00" testType="13cdc9d9-ddb5-4fa4-a97d-d965ccfc6d4b" outcome="Passed" testListId="8c84fa94-04c1-424b-9868-57a2d4851a1d" relativeResultsDirectory="fc8a366d-6433-468f-8415-80a8e215436e" />
    <UnitTestResult executionId="1e248ac5-ce7d-4c24-9c9a-df3ac2332f8f" testId="c4d1db9d-fa28-440b-a021-44dc746f8b81" testName="OperatorNotEqual_Passing_Valid_Values_Returns_False (Españħ)" computerName="PC-SFERRARI" duration="00:00:00.0000310" startTime="2021-06-22T13:57:25.0400000+02:00" endTime="2021-06-22T13:57:25.0401641+02:00" testType="13cdc9d9-ddb5-4fa4-a97d-d965ccfc6d4b" outcome="Passed" testListId="8c84fa94-04c1-424b-9868-57a2d4851a1d" relativeResultsDirectory="1e248ac5-ce7d-4c24-9c9a-df3ac2332f8f" />
    <UnitTestResult executionId="2270b1c0-6577-4f1e-8234-2c3370369a5f" testId="4abcd1fa-5153-4450-be5f-3e0ce4016a58" testName="OperatorNotEqual_Passing_Valid_Values_Returns_True (34fsds@sdd.fgg)" computerName="PC-SFERRARI" duration="00:00:00.0000371" startTime="2021-06-22T13:57:24.9268122+02:00" endTime="2021-06-22T13:57:24.9269400+02:00" testType="13cdc9d9-ddb5-4fa4-a97d-d965ccfc6d4b" outcome="Passed" testListId="8c84fa94-04c1-424b-9868-57a2d4851a1d" relativeResultsDirectory="2270b1c0-6577-4f1e-8234-2c3370369a5f" />
    <UnitTestResult executionId="dc0d2726-a98e-4b6b-a221-6e203102efae" testId="e04938d3-3632-4999-aecf-97132633d9c7" testName="IsNull_Passing_Null_Value_Returns_True" computerName="PC-SFERRARI" duration="00:00:00.0002945" startTime="2021-06-22T13:57:24.9138243+02:00" endTime="2021-06-22T13:57:24.9142200+02:00" testType="13cdc9d9-ddb5-4fa4-a97d-d965ccfc6d4b" outcome="Passed" testListId="8c84fa94-04c1-424b-9868-57a2d4851a1d" relativeResultsDirectory="dc0d2726-a98e-4b6b-a221-6e203102efae" />
    <UnitTestResult executionId="2f5c9a36-9c16-4072-8a5c-ecbe94c6e94e" testId="c829347b-a7cb-4a1a-a49e-1b5c254890c3" testName="OperatorEqual_Passing_Valid_Values_Returns_True (Españã)" computerName="PC-SFERRARI" duration="00:00:00.0000109" startTime="2021-06-22T13:57:25.0306530+02:00" endTime="2021-06-22T13:57:25.0307051+02:00" testType="13cdc9d9-ddb5-4fa4-a97d-d965ccfc6d4b" outcome="Passed" testListId="8c84fa94-04c1-424b-9868-57a2d4851a1d" relativeResultsDirectory="2f5c9a36-9c16-4072-8a5c-ecbe94c6e94e" />
    <UnitTestResult executionId="05e4e91b-bd7d-49c3-9076-3e80e5fc7896" testId="a102f1c1-93a2-44a0-8440-ab93f6812038" testName="OperatorNotEqual_Passing_Valid_Values_Returns_True (100,EUR,2)" computerName="PC-SFERRARI" duration="00:00:00.0008779" startTime="2021-06-22T13:57:24.9879181+02:00" endTime="2021-06-22T13:57:24.9888570+02:00" testType="13cdc9d9-ddb5-4fa4-a97d-d965ccfc6d4b" outcome="Passed" testListId="8c84fa94-04c1-424b-9868-57a2d4851a1d" relativeResultsDirectory="05e4e91b-bd7d-49c3-9076-3e80e5fc7896" />
    <UnitTestResult executionId="c383da37-37db-4f64-87f2-cde618930b9c" testId="962a12b8-3913-4c72-98cf-f7f92ae10cd3" testName="Equals_Passing_Valid_Values_Returns_True (San Bartoleme De Tirajana)" computerName="PC-SFERRARI" duration="00:00:00.0006439" startTime="2021-06-22T13:57:25.0561182+02:00" endTime="2021-06-22T13:57:25.0568157+02:00" testType="13cdc9d9-ddb5-4fa4-a97d-d965ccfc6d4b" outcome="Passed" testListId="8c84fa94-04c1-424b-9868-57a2d4851a1d" relativeResultsDirectory="c383da37-37db-4f64-87f2-cde618930b9c" />
    <UnitTestResult executionId="391ee285-7e36-4afe-ac16-bb54fa645526" testId="53c1ec47-9fc4-4d8e-b317-50e55ae13c9a" testName="Create_Passing_InvalidOrNull_Value_Returns_ApplicationException ()" computerName="PC-SFERRARI" duration="00:00:00.0000309" startTime="2021-06-22T13:57:24.9186810+02:00" endTime="2021-06-22T13:57:24.9187543+02:00" testType="13cdc9d9-ddb5-4fa4-a97d-d965ccfc6d4b" outcome="Passed" testListId="8c84fa94-04c1-424b-9868-57a2d4851a1d" relativeResultsDirectory="391ee285-7e36-4afe-ac16-bb54fa645526" />
    <UnitTestResult executionId="599d5a29-fd35-4b45-b99c-40c5f32fe554" testId="bf9d5cf7-ce69-45a3-bdba-5fb3455c6afd" testName="Equals_Passing_Valid_Distinct_Values_Returns_False (www.hackerone-com)" computerName="PC-SFERRARI" duration="00:00:00.0000124" startTime="2021-06-22T13:57:25.0720883+02:00" endTime="2021-06-22T13:57:25.0721515+02:00" testType="13cdc9d9-ddb5-4fa4-a97d-d965ccfc6d4b" outcome="Passed" testListId="8c84fa94-04c1-424b-9868-57a2d4851a1d" relativeResultsDirectory="599d5a29-fd35-4b45-b99c-40c5f32fe554" />
    <UnitTestResult executionId="f1e4895a-d81c-4d11-a792-7a2a48984dd7" testId="eec2cc74-298a-47ac-a5f8-7e6366ec2b04" testName="IsNull_Passing_Valid_Value_Returns_False (Españã)" computerName="PC-SFERRARI" duration="00:00:00.0000086" startTime="2021-06-22T13:57:25.0015390+02:00" endTime="2021-06-22T13:57:25.0015902+02:00" testType="13cdc9d9-ddb5-4fa4-a97d-d965ccfc6d4b" outcome="Passed" testListId="8c84fa94-04c1-424b-9868-57a2d4851a1d" relativeResultsDirectory="f1e4895a-d81c-4d11-a792-7a2a48984dd7" />
    <UnitTestResult executionId="6310021d-ffa1-4b38-b366-3cb4a602be6a" testId="2963f3ca-c5c6-43a2-94f4-a8e355ace8b8" testName="OperatorNotEqual_Passing_Valid_Values_Returns_True (Sabadell)" computerName="PC-SFERRARI" duration="00:00:00.0000060" startTime="2021-06-22T13:57:25.0603009+02:00" endTime="2021-06-22T13:57:25.0603484+02:00" testType="13cdc9d9-ddb5-4fa4-a97d-d965ccfc6d4b" outcome="Passed" testListId="8c84fa94-04c1-424b-9868-57a2d4851a1d" relativeResultsDirectory="6310021d-ffa1-4b38-b366-3cb4a602be6a" />
    <UnitTestResult executionId="0207b797-91ff-410d-aee8-ed9e95e0cc83" testId="ebeff724-a159-4c27-9a45-9c7d12779fbf" testName="Equals_Passing_Valid_Values_Returns_True (San Bartoleme De Tirajana,Las Palmas,España)" computerName="PC-SFERRARI" duration="00:00:00.0006989" startTime="2021-06-22T13:57:24.9529752+02:00" endTime="2021-06-22T13:57:24.9537225+02:00" testType="13cdc9d9-ddb5-4fa4-a97d-d965ccfc6d4b" outcome="Passed" testListId="8c84fa94-04c1-424b-9868-57a2d4851a1d" relativeResultsDirectory="0207b797-91ff-410d-aee8-ed9e95e0cc83" />
    <UnitTestResult executionId="85d587d8-9908-41a7-bb70-8312ef305d75" testId="8b5d939e-5be4-4626-9a79-fd35c29e6f85" testName="Change_Passing_Valid_Values_Returns_Subdomain" computerName="PC-SFERRARI" duration="00:00:00.0001157" startTime="2021-06-22T13:57:25.0668618+02:00" endTime="2021-06-22T13:57:25.0670324+02:00" testType="13cdc9d9-ddb5-4fa4-a97d-d965ccfc6d4b" outcome="Passed" testListId="8c84fa94-04c1-424b-9868-57a2d4851a1d" relativeResultsDirectory="85d587d8-9908-41a7-bb70-8312ef305d75" />
    <UnitTestResult executionId="1151d227-1c58-4379-94a2-97e06972ef24" testId="c19fdd94-0482-43a8-8fcc-9389adaa305e" testName="OperatorEqual_Passing_Valid_Distinct_Values_Returns_False (Sabadell)" computerName="PC-SFERRARI" duration="00:00:00.0000062" startTime="2021-06-22T13:57:25.0597688+02:00" endTime="2021-06-22T13:57:25.0598430+02:00" testType="13cdc9d9-ddb5-4fa4-a97d-d965ccfc6d4b" outcome="Passed" testListId="8c84fa94-04c1-424b-9868-57a2d4851a1d" relativeResultsDirectory="1151d227-1c58-4379-94a2-97e06972ef24" />
    <UnitTestResult executionId="beae6b02-c517-435a-b89d-f3e697262065" testId="95cb5f00-663a-4b26-893b-7a912adfdacf" testName="ToEnum_Passing_Valid_IntName_Enumeracion_Returns_Enumeracion" computerName="PC-SFERRARI" duration="00:00:00.0008337" startTime="2021-06-22T13:57:25.1062086+02:00" endTime="2021-06-22T13:57:25.1071176+02:00" testType="13cdc9d9-ddb5-4fa4-a97d-d965ccfc6d4b" outcome="Passed" testListId="8c84fa94-04c1-424b-9868-57a2d4851a1d" relativeResultsDirectory="beae6b02-c517-435a-b89d-f3e697262065" />
    <UnitTestResult executionId="3efb2290-415e-4833-a058-2cc88bf24553" testId="e9203cfc-ef7e-4695-8b7c-b2b506b95d96" testName="Change_Passing_Valid_Values_Returns_FullName" computerName="PC-SFERRARI" duration="00:00:00.0001654" startTime="2021-06-22T13:57:24.9500443+02:00" endTime="2021-06-22T13:57:24.9502742+02:00" testType="13cdc9d9-ddb5-4fa4-a97d-d965ccfc6d4b" outcome="Passed" testListId="8c84fa94-04c1-424b-9868-57a2d4851a1d" relativeResultsDirectory="3efb2290-415e-4833-a058-2cc88bf24553" />
    <UnitTestResult executionId="c2c171ae-7430-46c5-9c7e-bd160ad48104" testId="9a623ace-f0a9-4cde-b0cc-990664efd17e" testName="OperatorNotEqual_Passing_Valid_Values_Returns_True (San Bartoleme De Tirajana,Las Palmas,España)" computerName="PC-SFERRARI" duration="00:00:00.0001751" startTime="2021-06-22T13:57:24.9582533+02:00" endTime="2021-06-22T13:57:24.9584913+02:00" testType="13cdc9d9-ddb5-4fa4-a97d-d965ccfc6d4b" outcome="Passed" testListId="8c84fa94-04c1-424b-9868-57a2d4851a1d" relativeResultsDirectory="c2c171ae-7430-46c5-9c7e-bd160ad48104" />
    <UnitTestResult executionId="4e40b8ff-51bd-4a52-8ae0-60ea2db7f5ba" testId="f19404c8-e2c9-415b-a627-799485bccda6" testName="IsNull_Passing_Valid_Value_Returns_False (Tenerife)" computerName="PC-SFERRARI" duration="00:00:00.0005486" startTime="2021-06-22T13:57:25.0498705+02:00" endTime="2021-06-22T13:57:25.0505791+02:00" testType="13cdc9d9-ddb5-4fa4-a97d-d965ccfc6d4b" outcome="Passed" testListId="8c84fa94-04c1-424b-9868-57a2d4851a1d" relativeResultsDirectory="4e40b8ff-51bd-4a52-8ae0-60ea2db7f5ba" />
    <UnitTestResult executionId="f69bf3de-a5ba-4296-982c-52354f59fedd" testId="f98c2bb4-42c5-4f6a-871e-a918b69affc9" testName="OperatorEqual_Passing_Valid_Values_Returns_True (Esp añâ)" computerName="PC-SFERRARI" duration="00:00:00.0000117" startTime="2021-06-22T13:57:25.0332960+02:00" endTime="2021-06-22T13:57:25.0333601+02:00" testType="13cdc9d9-ddb5-4fa4-a97d-d965ccfc6d4b" outcome="Passed" testListId="8c84fa94-04c1-424b-9868-57a2d4851a1d" relativeResultsDirectory="f69bf3de-a5ba-4296-982c-52354f59fedd" />
    <UnitTestResult executionId="73575bfc-7f45-4423-bbd6-61cecf1dafe0" testId="000727a7-1e83-4a68-be6a-f7b138d1627c" testName="ToNormalize_Passing_Valid_Values_Returns_Name_String_Format (Españà,Espana)" computerName="PC-SFERRARI" duration="00:00:00.0000524" startTime="2021-06-22T13:57:25.0456498+02:00" endTime="2021-06-22T13:57:25.0457757+02:00" testType="13cdc9d9-ddb5-4fa4-a97d-d965ccfc6d4b" outcome="Passed" testListId="8c84fa94-04c1-424b-9868-57a2d4851a1d" relativeResultsDirectory="73575bfc-7f45-4423-bbd6-61cecf1dafe0" />
    <UnitTestResult executionId="cccc1029-7c75-4470-b02e-7aa02682b441" testId="75904b9e-8385-4b67-b29d-ea767107f922" testName="Equals_Passing_Valid_Values_Returns_True (www.hackerone-com)" computerName="PC-SFERRARI" duration="00:00:00.0000155" startTime="2021-06-22T13:57:25.0716895+02:00" endTime="2021-06-22T13:57:25.0717631+02:00" testType="13cdc9d9-ddb5-4fa4-a97d-d965ccfc6d4b" outcome="Passed" testListId="8c84fa94-04c1-424b-9868-57a2d4851a1d" relativeResultsDirectory="cccc1029-7c75-4470-b02e-7aa02682b441" />
    <UnitTestResult executionId="ddc2a998-189a-4d4e-9c0b-9afbe71d136d" testId="e3c8086c-42fe-4547-a761-3003baa8cf4d" testName="Equals_Passing_Valid_Values_Returns_True (Españç)" computerName="PC-SFERRARI" duration="00:00:00.0000194" startTime="2021-06-22T13:57:25.0196199+02:00" endTime="2021-06-22T13:57:25.0197077+02:00" testType="13cdc9d9-ddb5-4fa4-a97d-d965ccfc6d4b" outcome="Passed" testListId="8c84fa94-04c1-424b-9868-57a2d4851a1d" relativeResultsDirectory="ddc2a998-189a-4d4e-9c0b-9afbe71d136d" />
    <UnitTestResult executionId="9a8c4741-01e8-46db-ad5e-84dd3ac30957" testId="6f9f848d-3e50-4102-8419-90a25570d9fc" testName="Create_Passing_Valid_Values_Returns_Telephone (D45,86554654)" computerName="PC-SFERRARI" duration="00:00:00.0000193" startTime="2021-06-22T13:57:25.0853517+02:00" endTime="2021-06-22T13:57:25.0854733+02:00" testType="13cdc9d9-ddb5-4fa4-a97d-d965ccfc6d4b" outcome="Passed" testListId="8c84fa94-04c1-424b-9868-57a2d4851a1d" relativeResultsDirectory="9a8c4741-01e8-46db-ad5e-84dd3ac30957" />
    <UnitTestResult executionId="8c59fda6-9a4c-4f17-8804-46c0723bef83" testId="c913c556-4da6-4d2c-abc6-561f82196a46" testName="ToEnum_Passing_Valid_String_Name_Returns_Enumeracion" computerName="PC-SFERRARI" duration="00:00:00.0009961" startTime="2021-06-22T13:57:25.1308091+02:00" endTime="2021-06-22T13:57:25.1320792+02:00" testType="13cdc9d9-ddb5-4fa4-a97d-d965ccfc6d4b" outcome="Passed" testListId="8c84fa94-04c1-424b-9868-57a2d4851a1d" relativeResultsDirectory="8c59fda6-9a4c-4f17-8804-46c0723bef83" />
    <UnitTestResult executionId="44de6f12-2542-439d-aa50-24020bc96b48" testId="5c0a62fa-7516-4590-a007-4e502538b44e" testName="ToEnum_Passing_Invalid_Int_Name_Enumeracion_Returns_Null" computerName="PC-SFERRARI" duration="00:00:00.0001621" startTime="2021-06-22T13:57:25.1173432+02:00" endTime="2021-06-22T13:57:25.1175749+02:00" testType="13cdc9d9-ddb5-4fa4-a97d-d965ccfc6d4b" outcome="Passed" testListId="8c84fa94-04c1-424b-9868-57a2d4851a1d" relativeResultsDirectory="44de6f12-2542-439d-aa50-24020bc96b48" />
    <UnitTestResult executionId="d96e392e-eee1-4c71-90c1-d779a882f1d5" testId="04e293fc-99c2-4a6b-89e2-fb9d1052fc3e" testName="Equals_Passing_Valid_Distinct_Values_Returns_False (34fsds@sdd.fgg)" computerName="PC-SFERRARI" duration="00:00:00.0000237" startTime="2021-06-22T13:57:24.9223508+02:00" endTime="2021-06-22T13:57:24.9224328+02:00" testType="13cdc9d9-ddb5-4fa4-a97d-d965ccfc6d4b" outcome="Passed" testListId="8c84fa94-04c1-424b-9868-57a2d4851a1d" relativeResultsDirectory="d96e392e-eee1-4c71-90c1-d779a882f1d5" />
    <UnitTestResult executionId="2d4f59a7-663d-4fa7-9702-cc9282867dbe" testId="6d735cdf-d550-4391-bb60-9690c5273269" testName="Equals_Passing_Valid_Values_Returns_True (100,EUR,2)" computerName="PC-SFERRARI" duration="00:00:00.0010945" startTime="2021-06-22T13:57:24.9694901+02:00" endTime="2021-06-22T13:57:24.9706474+02:00" testType="13cdc9d9-ddb5-4fa4-a97d-d965ccfc6d4b" outcome="Passed" testListId="8c84fa94-04c1-424b-9868-57a2d4851a1d" relativeResultsDirectory="2d4f59a7-663d-4fa7-9702-cc9282867dbe" />
    <UnitTestResult executionId="8f66a5e6-aacb-4c17-a373-14f34f7dd96f" testId="5656233e-0108-4506-8a8d-30c1293d67b8" testName="Equals_Passing_Valid_Values_Returns_True (34fsds@sdd.fgg)" computerName="PC-SFERRARI" duration="00:00:00.0000278" startTime="2021-06-22T13:57:24.9219712+02:00" endTime="2021-06-22T13:57:24.9220745+02:00" testType="13cdc9d9-ddb5-4fa4-a97d-d965ccfc6d4b" outcome="Passed" testListId="8c84fa94-04c1-424b-9868-57a2d4851a1d" relativeResultsDirectory="8f66a5e6-aacb-4c17-a373-14f34f7dd96f" />
    <UnitTestResult executionId="ace01904-76e2-426f-a784-1ac1cda9026b" testId="53f0d44f-beda-41f2-9fbe-b3cb80119631" testName="ToEnum_Passing_Valid_String_Name_Enumeracion_Returns_Enumeracion" computerName="PC-SFERRARI" duration="00:00:00.0008784" startTime="2021-06-22T13:57:25.1185863+02:00" endTime="2021-06-22T13:57:25.1196679+02:00" testType="13cdc9d9-ddb5-4fa4-a97d-d965ccfc6d4b" outcome="Passed" testListId="8c84fa94-04c1-424b-9868-57a2d4851a1d" relativeResultsDirectory="ace01904-76e2-426f-a784-1ac1cda9026b" />
    <UnitTestResult executionId="9800b0ae-285a-421a-884c-d6cc6c1218ac" testId="eaf62ff2-915b-438a-bb4a-ab3546a568ed" testName="OperatorEqual_Passing_Valid_Values_Returns_False (Tenerife,23,34567,San Bartoleme De Tirajana,Las Palmas,España)" computerName="PC-SFERRARI" duration="00:00:00.0001536" startTime="2021-06-22T13:57:24.8113242+02:00" endTime="2021-06-22T13:57:24.8115283+02:00" testType="13cdc9d9-ddb5-4fa4-a97d-d965ccfc6d4b" outcome="Passed" testListId="8c84fa94-04c1-424b-9868-57a2d4851a1d" relativeResultsDirectory="9800b0ae-285a-421a-884c-d6cc6c1218ac" />
    <UnitTestResult executionId="9d6c67bb-9278-4c3c-a286-ca82b808097e" testId="a1bc1459-ec54-4f1f-ba1a-f58cf33f74f8" testName="Equals_Passing_Valid_Values_Returns_True (app.hackerone1.com)" computerName="PC-SFERRARI" duration="00:00:00.0006534" startTime="2021-06-22T13:57:25.0709325+02:00" endTime="2021-06-22T13:57:25.0716324+02:00" testType="13cdc9d9-ddb5-4fa4-a97d-d965ccfc6d4b" outcome="Passed" testListId="8c84fa94-04c1-424b-9868-57a2d4851a1d" relativeResultsDirectory="9d6c67bb-9278-4c3c-a286-ca82b808097e" />
    <UnitTestResult executionId="ffbd6c5c-f05d-4811-8a14-f2ba4230784b" testId="918b9d0c-6111-4af9-bd3f-afd0f636cb19" testName="ToString_Passing_Valid_Values_Returns_Address_String_Format (Tenerife,23,34567,San Bartoleme De Tirajana,Las Palmas,España)" computerName="PC-SFERRARI" duration="00:00:00.0004505" startTime="2021-06-22T13:57:24.8079226+02:00" endTime="2021-06-22T13:57:24.8085246+02:00" testType="13cdc9d9-ddb5-4fa4-a97d-d965ccfc6d4b" outcome="Passed" testListId="8c84fa94-04c1-424b-9868-57a2d4851a1d" relativeResultsDirectory="ffbd6c5c-f05d-4811-8a14-f2ba4230784b" />
    <UnitTestResult executionId="55c42429-60ad-4c2d-8185-50091ed5a779" testId="188e6bbe-6a52-497f-82a2-5d1444a729c6" testName="OperatorEqual_Passing_Valid_Values_Returns_True (Españħ)" computerName="PC-SFERRARI" duration="00:00:00.0000257" startTime="2021-06-22T13:57:25.0330674+02:00" endTime="2021-06-22T13:57:25.0332166+02:00" testType="13cdc9d9-ddb5-4fa4-a97d-d965ccfc6d4b" outcome="Passed" testListId="8c84fa94-04c1-424b-9868-57a2d4851a1d" relativeResultsDirectory="55c42429-60ad-4c2d-8185-50091ed5a779" />
    <UnitTestResult executionId="7f6d16fe-f755-41a8-b5d2-3bc587389110" testId="e03b5f6a-a8e3-4d7e-839e-bd39cffd50c3" testName="OperatorNotEqual_Passing_Valid_Values_Returns_False (stage_hackerone.com)" computerName="PC-SFERRARI" duration="00:00:00.0000173" startTime="2021-06-22T13:57:25.0771783+02:00" endTime="2021-06-22T13:57:25.0772509+02:00" testType="13cdc9d9-ddb5-4fa4-a97d-d965ccfc6d4b" outcome="Passed" testListId="8c84fa94-04c1-424b-9868-57a2d4851a1d" relativeResultsDirectory="7f6d16fe-f755-41a8-b5d2-3bc587389110" />
    <UnitTestResult executionId="eeeac387-4140-4c71-a7e5-b77c0b9e6007" testId="7f2489bf-4d0d-4cef-8b0d-36bdedcfe164" testName="Equals_Passing_Valid_Distinct_Values_Returns_False (dasdasd@dsasd.ff)" computerName="PC-SFERRARI" duration="00:00:00.0001219" startTime="2021-06-22T13:57:24.9221237+02:00" endTime="2021-06-22T13:57:24.9223018+02:00" testType="13cdc9d9-ddb5-4fa4-a97d-d965ccfc6d4b" outcome="Passed" testListId="8c84fa94-04c1-424b-9868-57a2d4851a1d" relativeResultsDirectory="eeeac387-4140-4c71-a7e5-b77c0b9e6007" />
    <UnitTestResult executionId="ba77e4cd-4176-4d36-a16f-42d97cbe85bb" testId="5c7ff423-dbe3-4ecc-a887-58f1a3faf4ff" testName="OperatorNotEqual_Passing_Valid_Values_Returns_False (Sabadell,Barcelona,España)" computerName="PC-SFERRARI" duration="00:00:00.0000538" startTime="2021-06-22T13:57:24.9579552+02:00" endTime="2021-06-22T13:57:24.9581505+02:00" testType="13cdc9d9-ddb5-4fa4-a97d-d965ccfc6d4b" outcome="Passed" testListId="8c84fa94-04c1-424b-9868-57a2d4851a1d" relativeResultsDirectory="ba77e4cd-4176-4d36-a16f-42d97cbe85bb" />
    <UnitTestResult executionId="3ff66f69-55cb-4dbe-ad74-ef797499523f" testId="947834ab-4ff9-425e-a1e0-751878432ff7" testName="Equals_Passing_Valid_Distinct_Values_Returns_False (España)" computerName="PC-SFERRARI" duration="00:00:00.0002393" startTime="2021-06-22T13:57:25.0254506+02:00" endTime="2021-06-22T13:57:25.0257533+02:00" testType="13cdc9d9-ddb5-4fa4-a97d-d965ccfc6d4b" outcome="Passed" testListId="8c84fa94-04c1-424b-9868-57a2d4851a1d" relativeResultsDirectory="3ff66f69-55cb-4dbe-ad74-ef797499523f" />
    <UnitTestResult executionId="4e6f3f3c-0cd2-4d76-9691-e8ad64c45cb8" testId="eb5ef4de-3668-42c2-af61-18f6001c0b97" testName="ToNormalize_Passing_Valid_Values_Returns_Address_String_Format (ádsads@ggg.cc)" computerName="PC-SFERRARI" duration="00:00:00.0000982" startTime="2021-06-22T13:57:24.9405651+02:00" endTime="2021-06-22T13:57:24.9407524+02:00" testType="13cdc9d9-ddb5-4fa4-a97d-d965ccfc6d4b" outcome="Passed" testListId="8c84fa94-04c1-424b-9868-57a2d4851a1d" relativeResultsDirectory="4e6f3f3c-0cd2-4d76-9691-e8ad64c45cb8" />
    <UnitTestResult executionId="f3bb5779-1635-41ec-bc4a-e8da91c401dc" testId="3b908749-620d-416b-90ba-3c65891479f9" testName="ToString_Passing_Valid_Values_Returns_Name (Españà)" computerName="PC-SFERRARI" duration="00:00:00.0000116" startTime="2021-06-22T13:57:25.0111574+02:00" endTime="2021-06-22T13:57:25.0112344+02:00" testType="13cdc9d9-ddb5-4fa4-a97d-d965ccfc6d4b" outcome="Passed" testListId="8c84fa94-04c1-424b-9868-57a2d4851a1d" relativeResultsDirectory="f3bb5779-1635-41ec-bc4a-e8da91c401dc" />
    <UnitTestResult executionId="3bd779ea-bf46-4952-98fe-c61273a68516" testId="0807d7a5-895d-4627-8c8e-c0385f6bcdaa" testName="GetAll_Passing_Nothing_Returns_Enumeracion_List" computerName="PC-SFERRARI" duration="00:00:00.0002435" startTime="2021-06-22T13:57:25.1229888+02:00" endTime="2021-06-22T13:57:25.1233037+02:00" testType="13cdc9d9-ddb5-4fa4-a97d-d965ccfc6d4b" outcome="Passed" testListId="8c84fa94-04c1-424b-9868-57a2d4851a1d" relativeResultsDirectory="3bd779ea-bf46-4952-98fe-c61273a68516" />
    <UnitTestResult executionId="613eedda-0b90-4139-8d38-4c29037a0ced" testId="5928d372-03c0-4960-a321-01ec11f7b9b4" testName="Create_Passing_Valid_Values_Returns_Name (Españà)" computerName="PC-SFERRARI" duration="00:00:00.0000093" startTime="2021-06-22T13:57:25.0046769+02:00" endTime="2021-06-22T13:57:25.0047383+02:00" testType="13cdc9d9-ddb5-4fa4-a97d-d965ccfc6d4b" outcome="Passed" testListId="8c84fa94-04c1-424b-9868-57a2d4851a1d" relativeResultsDirectory="613eedda-0b90-4139-8d38-4c29037a0ced" />
    <UnitTestResult executionId="3dc2f66c-b832-4a42-8b19-e780255c1999" testId="70f21413-8fef-4a1b-a7dd-f956f09d6fb2" testName="Create_Passing_Valid_Values_Returns_FullName (Sabadell,Barcelona,España)" computerName="PC-SFERRARI" duration="00:00:00.0000167" startTime="2021-06-22T13:57:24.9491309+02:00" endTime="2021-06-22T13:57:24.9492029+02:00" testType="13cdc9d9-ddb5-4fa4-a97d-d965ccfc6d4b" outcome="Passed" testListId="8c84fa94-04c1-424b-9868-57a2d4851a1d" relativeResultsDirectory="3dc2f66c-b832-4a42-8b19-e780255c1999" />
    <UnitTestResult executionId="1c07389a-35d8-46c3-be68-527b4351a25c" testId="1a2c81d5-0717-40ea-92ec-217856625b2f" testName="IsNull_Passing_Valid_Value_Returns_False (app.hackerone1.com)" computerName="PC-SFERRARI" duration="00:00:00.0012150" startTime="2021-06-22T13:57:25.0603823+02:00" endTime="2021-06-22T13:57:25.0617526+02:00" testType="13cdc9d9-ddb5-4fa4-a97d-d965ccfc6d4b" outcome="Passed" testListId="8c84fa94-04c1-424b-9868-57a2d4851a1d" relativeResultsDirectory="1c07389a-35d8-46c3-be68-527b4351a25c" />
    <UnitTestResult executionId="5b3f9279-4ca8-4dd9-bc6a-a0cc0a8cbdc4" testId="9d027702-8492-4729-9b2c-b2bbd8d3717a" testName="Create_Passing_Valid_Values_Returns_Name (Españâ)" computerName="PC-SFERRARI" duration="00:00:00.0006148" startTime="2021-06-22T13:57:25.0048644+02:00" endTime="2021-06-22T13:57:25.0055648+02:00" testType="13cdc9d9-ddb5-4fa4-a97d-d965ccfc6d4b" outcome="Passed" testListId="8c84fa94-04c1-424b-9868-57a2d4851a1d" relativeResultsDirectory="5b3f9279-4ca8-4dd9-bc6a-a0cc0a8cbdc4" />
    <UnitTestResult executionId="4fe9dda9-618c-4915-bfc7-5cd4969060bb" testId="8417405e-68b3-46a4-be88-4712ee971947" testName="Equals_Passing_Valid_Distinct_Values_Returns_False (Españä)" computerName="PC-SFERRARI" duration="00:00:00.0000156" startTime="2021-06-22T13:57:25.0260797+02:00" endTime="2021-06-22T13:57:25.0261568+02:00" testType="13cdc9d9-ddb5-4fa4-a97d-d965ccfc6d4b" outcome="Passed" testListId="8c84fa94-04c1-424b-9868-57a2d4851a1d" relativeResultsDirectory="4fe9dda9-618c-4915-bfc7-5cd4969060bb" />
    <UnitTestResult executionId="f98f8c5b-57dc-4248-981e-8f6cdb8201c2" testId="4ee73a94-1583-463c-872d-433c947ca148" testName="OperatorNotEqual_Passing_Valid_Values_Returns_False (400,USD,8)" computerName="PC-SFERRARI" duration="00:00:00.0004650" startTime="2021-06-22T13:57:24.9873452+02:00" endTime="2021-06-22T13:57:24.9878664+02:00" testType="13cdc9d9-ddb5-4fa4-a97d-d965ccfc6d4b" outcome="Passed" testListId="8c84fa94-04c1-424b-9868-57a2d4851a1d" relativeResultsDirectory="f98f8c5b-57dc-4248-981e-8f6cdb8201c2" />
    <UnitTestResult executionId="c63b2e76-a82d-44be-8fed-4e9746a9c4ed" testId="dc289833-ed0d-49d6-8d1d-8eb9538dc119" testName="ToString_Passing_Valid_Values_Returns_Name (Españá)" computerName="PC-SFERRARI" duration="00:00:00.0000156" startTime="2021-06-22T13:57:25.0110042+02:00" endTime="2021-06-22T13:57:25.0111023+02:00" testType="13cdc9d9-ddb5-4fa4-a97d-d965ccfc6d4b" outcome="Passed" testListId="8c84fa94-04c1-424b-9868-57a2d4851a1d" relativeResultsDirectory="c63b2e76-a82d-44be-8fed-4e9746a9c4ed" />
    <UnitTestResult executionId="6d0c3683-75c1-466e-8312-4a86da9efaae" testId="f3cd7c1f-5fb0-4ab1-8636-336075ec5cb0" testName="Equals_Passing_Valid_Values_Returns_True (España)" computerName="PC-SFERRARI" duration="00:00:00.0009948" startTime="2021-06-22T13:57:25.0174717+02:00" endTime="2021-06-22T13:57:25.0185526+02:00" testType="13cdc9d9-ddb5-4fa4-a97d-d965ccfc6d4b" outcome="Passed" testListId="8c84fa94-04c1-424b-9868-57a2d4851a1d" relativeResultsDirectory="6d0c3683-75c1-466e-8312-4a86da9efaae" />
    <UnitTestResult executionId="3520abb3-38ea-469b-99cf-c0c3f83352e9" testId="697a4e21-c1fd-41a8-b4c0-52854e3b364c" testName="OperatorEqual_Passing_Valid_Values_Returns_True (200,EUR,4)" computerName="PC-SFERRARI" duration="00:00:00.0002445" startTime="2021-06-22T13:57:24.9805140+02:00" endTime="2021-06-22T13:57:24.9808209+02:00" testType="13cdc9d9-ddb5-4fa4-a97d-d965ccfc6d4b" outcome="Passed" testListId="8c84fa94-04c1-424b-9868-57a2d4851a1d" relativeResultsDirectory="3520abb3-38ea-469b-99cf-c0c3f83352e9" />
    <UnitTestResult executionId="4cf257f7-3262-4946-ae4e-50017588822f" testId="ee3254e3-e799-49d9-a782-90fa2fdd08f1" testName="ToString_Passing_Valid_Values_Returns_Address_String_Format (Pader,789,DF7956,Sabadell,Barcelona,España)" computerName="PC-SFERRARI" duration="00:00:00.0000276" startTime="2021-06-22T13:57:24.8086613+02:00" endTime="2021-06-22T13:57:24.8088011+02:00" testType="13cdc9d9-ddb5-4fa4-a97d-d965ccfc6d4b" outcome="Passed" testListId="8c84fa94-04c1-424b-9868-57a2d4851a1d" relativeResultsDirectory="4cf257f7-3262-4946-ae4e-50017588822f" />
    <UnitTestResult executionId="bd877080-0eb1-4d40-bf34-8ac429ae85db" testId="d2c6efe1-844f-4a5d-9e9f-d88deca7e3cb" testName="Create_Passing_Valid_Values_Returns_Subdomain (google)" computerName="PC-SFERRARI" duration="00:00:00.0001002" startTime="2021-06-22T13:57:25.0657441+02:00" endTime="2021-06-22T13:57:25.0659121+02:00" testType="13cdc9d9-ddb5-4fa4-a97d-d965ccfc6d4b" outcome="Passed" testListId="8c84fa94-04c1-424b-9868-57a2d4851a1d" relativeResultsDirectory="bd877080-0eb1-4d40-bf34-8ac429ae85db" />
    <UnitTestResult executionId="f9f74d2e-359d-46c1-a716-6d724bbb82db" testId="45dafe9c-8ac6-4914-ab66-2197ff42d273" testName="OperatorEqual_Passing_Valid_Distinct_Values_Returns_False (Sabadell,Barcelona,España)" computerName="PC-SFERRARI" duration="00:00:00.0000311" startTime="2021-06-22T13:57:24.9567159+02:00" endTime="2021-06-22T13:57:24.9568170+02:00" testType="13cdc9d9-ddb5-4fa4-a97d-d965ccfc6d4b" outcome="Passed" testListId="8c84fa94-04c1-424b-9868-57a2d4851a1d" relativeResultsDirectory="f9f74d2e-359d-46c1-a716-6d724bbb82db" />
    <UnitTestResult executionId="3e530f89-dce5-46fe-8adc-978c32390de1" testId="131de3f4-a0d5-4356-afd5-29c166f8fd85" testName="OperatorEqual_Passing_Valid_Distinct_Values_Returns_False (Esp añâ)" computerName="PC-SFERRARI" duration="00:00:00.0000134" startTime="2021-06-22T13:57:25.0360321+02:00" endTime="2021-06-22T13:57:25.0360947+02:00" testType="13cdc9d9-ddb5-4fa4-a97d-d965ccfc6d4b" outcome="Passed" testListId="8c84fa94-04c1-424b-9868-57a2d4851a1d" relativeResultsDirectory="3e530f89-dce5-46fe-8adc-978c32390de1" />
    <UnitTestResult executionId="94c0aa9b-d3f2-42b8-bc70-f481676c17d7" testId="3a061580-0dfb-4e93-b540-0aad11f58f39" testName="OperatorEqual_Passing_Valid_Values_Returns_True (Españâ)" computerName="PC-SFERRARI" duration="00:00:00.0000113" startTime="2021-06-22T13:57:25.0305657+02:00" endTime="2021-06-22T13:57:25.0306189+02:00" testType="13cdc9d9-ddb5-4fa4-a97d-d965ccfc6d4b" outcome="Passed" testListId="8c84fa94-04c1-424b-9868-57a2d4851a1d" relativeResultsDirectory="94c0aa9b-d3f2-42b8-bc70-f481676c17d7" />
    <UnitTestResult executionId="1e3f0cf7-3b56-4227-93e4-f7211f4158b5" testId="eb85043a-25c0-419d-8442-89d02443425e" testName="ToEnum_Passing_Invalid_String_Name_Enumeracion_Returns_Null" computerName="PC-SFERRARI" duration="00:00:00.0001510" startTime="2021-06-22T13:57:25.1197139+02:00" endTime="2021-06-22T13:57:25.1199436+02:00" testType="13cdc9d9-ddb5-4fa4-a97d-d965ccfc6d4b" outcome="Passed" testListId="8c84fa94-04c1-424b-9868-57a2d4851a1d" relativeResultsDirectory="1e3f0cf7-3b56-4227-93e4-f7211f4158b5" />
    <UnitTestResult executionId="918f74b3-7b4c-4a6f-af72-3fb0ac815972" testId="5cfc7535-528b-4d19-b31c-ed14e6ab954a" testName="IsMale_Passing_Nothing_Returns_True" computerName="PC-SFERRARI" duration="00:00:00.0002254" startTime="2021-06-22T13:57:25.1179399+02:00" endTime="2021-06-22T13:57:25.1182373+02:00" testType="13cdc9d9-ddb5-4fa4-a97d-d965ccfc6d4b" outcome="Passed" testListId="8c84fa94-04c1-424b-9868-57a2d4851a1d" relativeResultsDirectory="918f74b3-7b4c-4a6f-af72-3fb0ac815972" />
    <UnitTestResult executionId="d9fc21d9-68d9-4e66-8457-dc466546f854" testId="ef892a1e-fd49-49a3-9fe3-4d3d5ad64732" testName="Create_Passing_Valid_Values_Returns_Name (Españä)" computerName="PC-SFERRARI" duration="00:00:00.0000084" startTime="2021-06-22T13:57:25.0047771+02:00" endTime="2021-06-22T13:57:25.0048284+02:00" testType="13cdc9d9-ddb5-4fa4-a97d-d965ccfc6d4b" outcome="Passed" testListId="8c84fa94-04c1-424b-9868-57a2d4851a1d" relativeResultsDirectory="d9fc21d9-68d9-4e66-8457-dc466546f854" />
    <UnitTestResult executionId="2544eec6-690c-404a-b8e1-13227d76d826" testId="a9873d18-2fe4-4819-9f83-adf6b10d3b1c" testName="ToNormalize_Passing_Valid_Values_Returns_Address_String_Format (bb_ads@ggg.cc)" computerName="PC-SFERRARI" duration="00:00:00.0001352" startTime="2021-06-22T13:57:24.9409535+02:00" endTime="2021-06-22T13:57:24.9428414+02:00" testType="13cdc9d9-ddb5-4fa4-a97d-d965ccfc6d4b" outcome="Passed" testListId="8c84fa94-04c1-424b-9868-57a2d4851a1d" relativeResultsDirectory="2544eec6-690c-404a-b8e1-13227d76d826" />
    <UnitTestResult executionId="6d328e0d-c3bb-4c05-8ef3-5c9f3bb2ec25" testId="563c728b-2db5-4366-92c1-4045230db61b" testName="Create_Passing_Valid_Values_Returns_Address (200,EUR,4)" computerName="PC-SFERRARI" duration="00:00:00.0002454" startTime="2021-06-22T13:57:24.9613569+02:00" endTime="2021-06-22T13:57:24.9616806+02:00" testType="13cdc9d9-ddb5-4fa4-a97d-d965ccfc6d4b" outcome="Passed" testListId="8c84fa94-04c1-424b-9868-57a2d4851a1d" relativeResultsDirectory="6d328e0d-c3bb-4c05-8ef3-5c9f3bb2ec25" />
    <UnitTestResult executionId="a5ea35d7-23ed-439c-a0ec-ac3c9fa88a49" testId="78507864-f0c3-4cde-82f5-c658b443d706" testName="IsMasterCard_Passing_Nothing_Returns_True" computerName="PC-SFERRARI" duration="00:00:00.0002012" startTime="2021-06-22T13:57:25.1103019+02:00" endTime="2021-06-22T13:57:25.1105710+02:00" testType="13cdc9d9-ddb5-4fa4-a97d-d965ccfc6d4b" outcome="Passed" testListId="8c84fa94-04c1-424b-9868-57a2d4851a1d" relativeResultsDirectory="a5ea35d7-23ed-439c-a0ec-ac3c9fa88a49" />
    <UnitTestResult executionId="da6c8b4f-323a-4931-88e5-b1643dc7f337" testId="9110c814-f430-4aaf-9e2e-20c73a773b62" testName="OperatorEqual_Passing_Valid_Values_Returns_True (Sabadell)" computerName="PC-SFERRARI" duration="00:00:00.0000088" startTime="2021-06-22T13:57:25.0575665+02:00" endTime="2021-06-22T13:57:25.0576395+02:00" testType="13cdc9d9-ddb5-4fa4-a97d-d965ccfc6d4b" outcome="Passed" testListId="8c84fa94-04c1-424b-9868-57a2d4851a1d" relativeResultsDirectory="da6c8b4f-323a-4931-88e5-b1643dc7f337" />
    <UnitTestResult executionId="33eec586-093d-4ed0-a0b6-83b8fef4bcc7" testId="019cd752-2fc4-4795-bda1-481032a5e719" testName="OperatorNotEqual_Passing_Valid_Values_Returns_True (www.hackerone-com)" computerName="PC-SFERRARI" duration="00:00:00.0000202" startTime="2021-06-22T13:57:25.0803674+02:00" endTime="2021-06-22T13:57:25.0804551+02:00" testType="13cdc9d9-ddb5-4fa4-a97d-d965ccfc6d4b" outcome="Passed" testListId="8c84fa94-04c1-424b-9868-57a2d4851a1d" relativeResultsDirectory="33eec586-093d-4ed0-a0b6-83b8fef4bcc7" />
    <UnitTestResult executionId="bd36eb6e-2bbc-4251-b9f3-dfedd7d87f23" testId="ae3a88a0-735e-4f21-a71b-e3e06bbd132d" testName="Equals_Passing_Valid_Distinct_Values_Returns_False (D45,86554654)" computerName="PC-SFERRARI" duration="00:00:00.0000150" startTime="2021-06-22T13:57:25.0928355+02:00" endTime="2021-06-22T13:57:25.0929162+02:00" testType="13cdc9d9-ddb5-4fa4-a97d-d965ccfc6d4b" outcome="Passed" testListId="8c84fa94-04c1-424b-9868-57a2d4851a1d" relativeResultsDirectory="bd36eb6e-2bbc-4251-b9f3-dfedd7d87f23" />
    <UnitTestResult executionId="b1de8da1-ffd8-417e-a8a8-0797fbaf292f" testId="4f4ca9f9-dbc5-444f-8160-9541d8c5209e" testName="Equals_Passing_Valid_Values_Returns_True (USD)" computerName="PC-SFERRARI" duration="00:00:00.0009996" startTime="2021-06-22T13:57:24.8875464+02:00" endTime="2021-06-22T13:57:24.8886316+02:00" testType="13cdc9d9-ddb5-4fa4-a97d-d965ccfc6d4b" outcome="Passed" testListId="8c84fa94-04c1-424b-9868-57a2d4851a1d" relativeResultsDirectory="b1de8da1-ffd8-417e-a8a8-0797fbaf292f" />
    <UnitTestResult executionId="4223c445-acce-4462-a6c2-7a825ebbd934" testId="b96da957-5c3a-45d9-8ad9-0a652dd9ce11" testName="OperatorEqual_Passing_Valid_Values_Returns_True (EUR)" computerName="PC-SFERRARI" duration="00:00:00.0004538" startTime="2021-06-22T13:57:24.8896995+02:00" endTime="2021-06-22T13:57:24.8902305+02:00" testType="13cdc9d9-ddb5-4fa4-a97d-d965ccfc6d4b" outcome="Passed" testListId="8c84fa94-04c1-424b-9868-57a2d4851a1d" relativeResultsDirectory="4223c445-acce-4462-a6c2-7a825ebbd934" />
    <UnitTestResult executionId="62c7af5a-7bba-42b8-a104-8de3ec4b4068" testId="f878609d-aaaa-4c6f-b83f-3deff7561d95" testName="OperatorEqual_Passing_Valid_Values_Returns_True (San Bartoleme De Tirajana,Las Palmas,España)" computerName="PC-SFERRARI" duration="00:00:00.0001069" startTime="2021-06-22T13:57:24.9542547+02:00" endTime="2021-06-22T13:57:24.9544080+02:00" testType="13cdc9d9-ddb5-4fa4-a97d-d965ccfc6d4b" outcome="Passed" testListId="8c84fa94-04c1-424b-9868-57a2d4851a1d" relativeResultsDirectory="62c7af5a-7bba-42b8-a104-8de3ec4b4068" />
    <UnitTestResult executionId="6af2fe0d-9c80-4c03-9e33-c5de513c67f6" testId="d73bf388-f6fa-4d3a-a087-e2cd25ff3c84" testName="OperatorEqual_Passing_Valid_Values_Returns_True (D45,86554654)" computerName="PC-SFERRARI" duration="00:00:00.0000175" startTime="2021-06-22T13:57:25.0960749+02:00" endTime="2021-06-22T13:57:25.0961640+02:00" testType="13cdc9d9-ddb5-4fa4-a97d-d965ccfc6d4b" outcome="Passed" testListId="8c84fa94-04c1-424b-9868-57a2d4851a1d" relativeResultsDirectory="6af2fe0d-9c80-4c03-9e33-c5de513c67f6" />
    <UnitTestResult executionId="967ec920-5375-4f91-bfb7-a68ee188e766" testId="c1a64f5e-5a7e-4ff5-8cc8-3dc94bab01ef" testName="Equals_Passing_Valid_Distinct_Values_Returns_False (Españá)" computerName="PC-SFERRARI" duration="00:00:00.0000209" startTime="2021-06-22T13:57:25.0258109+02:00" endTime="2021-06-22T13:57:25.0259020+02:00" testType="13cdc9d9-ddb5-4fa4-a97d-d965ccfc6d4b" outcome="Passed" testListId="8c84fa94-04c1-424b-9868-57a2d4851a1d" relativeResultsDirectory="967ec920-5375-4f91-bfb7-a68ee188e766" />
    <UnitTestResult executionId="101d0855-3ae2-465a-addf-b3fc0ef00ac6" testId="05420e0f-90e7-4a3e-99ba-66a237fbc5a9" testName="Equals_Passing_Valid_Values_Returns_True (Españà)" computerName="PC-SFERRARI" duration="00:00:00.0000299" startTime="2021-06-22T13:57:25.0189449+02:00" endTime="2021-06-22T13:57:25.0190941+02:00" testType="13cdc9d9-ddb5-4fa4-a97d-d965ccfc6d4b" outcome="Passed" testListId="8c84fa94-04c1-424b-9868-57a2d4851a1d" relativeResultsDirectory="101d0855-3ae2-465a-addf-b3fc0ef00ac6" />
    <UnitTestResult executionId="e08f8f8b-6b38-48e4-9641-82f6bff4cd9d" testId="7d1d3d69-4ac9-40e4-a29c-3bd02f198e08" testName="Equals_Passing_Valid_Values_Returns_True (Tenerife,23,34567,San Bartoleme De Tirajana,Las Palmas,España)" computerName="PC-SFERRARI" duration="00:00:00.0011145" startTime="2021-06-22T13:57:24.8088657+02:00" endTime="2021-06-22T13:57:24.8100471+02:00" testType="13cdc9d9-ddb5-4fa4-a97d-d965ccfc6d4b" outcome="Passed" testListId="8c84fa94-04c1-424b-9868-57a2d4851a1d" relativeResultsDirectory="e08f8f8b-6b38-48e4-9641-82f6bff4cd9d" />
    <UnitTestResult executionId="6df72966-bcfe-4d82-9af8-2924f5bc75ea" testId="aae1bbf1-320d-4a40-a0c9-59d5d09a4030" testName="ToBool_Passing_Valid_String_Active_Value_Returns_True" computerName="PC-SFERRARI" duration="00:00:00.0008514" startTime="2021-06-22T13:57:25.1283823+02:00" endTime="2021-06-22T13:57:25.1293496+02:00" testType="13cdc9d9-ddb5-4fa4-a97d-d965ccfc6d4b" outcome="Passed" testListId="8c84fa94-04c1-424b-9868-57a2d4851a1d" relativeResultsDirectory="6df72966-bcfe-4d82-9af8-2924f5bc75ea" />
    <UnitTestResult executionId="688d4a1b-190c-4bb9-882c-58762312f04d" testId="ad3d5b57-b5f3-4d59-ac39-3fce3cea47cb" testName="Create_Default_Passing_Valid_Values_Returns_StringId" computerName="PC-SFERRARI" duration="00:00:00.0002750" startTime="2021-06-22T13:57:25.0510012+02:00" endTime="2021-06-22T13:57:25.0513321+02:00" testType="13cdc9d9-ddb5-4fa4-a97d-d965ccfc6d4b" outcome="Passed" testListId="8c84fa94-04c1-424b-9868-57a2d4851a1d" relativeResultsDirectory="688d4a1b-190c-4bb9-882c-58762312f04d" />
    <UnitTestResult executionId="2c090508-fc19-4a9b-903d-66ff284a1520" testId="ef49a269-5ef7-4f68-959d-ac3a84f159e3" testName="OperatorNotEqual_Passing_Valid_Values_Returns_False (Esp añâ)" computerName="PC-SFERRARI" duration="00:00:00.0000206" startTime="2021-06-22T13:57:25.0402720+02:00" endTime="2021-06-22T13:57:25.0403833+02:00" testType="13cdc9d9-ddb5-4fa4-a97d-d965ccfc6d4b" outcome="Passed" testListId="8c84fa94-04c1-424b-9868-57a2d4851a1d" relativeResultsDirectory="2c090508-fc19-4a9b-903d-66ff284a1520" />
    <UnitTestResult executionId="1ea7a4df-067d-4497-a301-a1dd0e143fae" testId="d20d1792-2844-4347-af18-52c765cd4588" testName="IsGold_Passing_Nothing_Returns_True" computerName="PC-SFERRARI" duration="00:00:00.0002279" startTime="2021-06-22T13:57:25.1363942+02:00" endTime="2021-06-22T13:57:25.1366957+02:00" testType="13cdc9d9-ddb5-4fa4-a97d-d965ccfc6d4b" outcome="Passed" testListId="8c84fa94-04c1-424b-9868-57a2d4851a1d" relativeResultsDirectory="1ea7a4df-067d-4497-a301-a1dd0e143fae" />
    <UnitTestResult executionId="d4941cd6-3e83-4531-9b1b-f05b7a05ae6e" testId="a6893cc1-0abb-4dc1-91b6-1d3cdfbd1b8c" testName="OperatorNotEqual_Passing_Valid_Values_Returns_True (Españà)" computerName="PC-SFERRARI" duration="00:00:00.0000183" startTime="2021-06-22T13:57:25.0408965+02:00" endTime="2021-06-22T13:57:25.0409859+02:00" testType="13cdc9d9-ddb5-4fa4-a97d-d965ccfc6d4b" outcome="Passed" testListId="8c84fa94-04c1-424b-9868-57a2d4851a1d" relativeResultsDirectory="d4941cd6-3e83-4531-9b1b-f05b7a05ae6e" />
    <UnitTestResult executionId="843fddb8-0c9d-4410-b7ef-8cc99ad45243" testId="d4a2e39c-baf1-4184-b2e3-6ff3eb1bd80d" testName="IsNull_Passing_Valid_Address_Returns_False (Pader,789,DF7956,Sabadell,Barcelona,España)" computerName="PC-SFERRARI" duration="00:00:00.0000344" startTime="2021-06-22T13:57:24.7409461+02:00" endTime="2021-06-22T13:57:24.7411160+02:00" testType="13cdc9d9-ddb5-4fa4-a97d-d965ccfc6d4b" outcome="Passed" testListId="8c84fa94-04c1-424b-9868-57a2d4851a1d" relativeResultsDirectory="843fddb8-0c9d-4410-b7ef-8cc99ad45243" />
    <UnitTestResult executionId="0c29bab1-4c34-4f85-b3c3-4b2aba3038db" testId="39833680-46c1-428c-87c5-ecc1a83e1604" testName="Create_Passing_Valid_Values_Returns_Telephone (456,43543543543)" computerName="PC-SFERRARI" duration="00:00:00.0008656" startTime="2021-06-22T13:57:25.0842403+02:00" endTime="2021-06-22T13:57:25.0852232+02:00" testType="13cdc9d9-ddb5-4fa4-a97d-d965ccfc6d4b" outcome="Passed" testListId="8c84fa94-04c1-424b-9868-57a2d4851a1d" relativeResultsDirectory="0c29bab1-4c34-4f85-b3c3-4b2aba3038db" />
    <UnitTestResult executionId="daccd11d-519a-4b56-a847-7b68d591b6ce" testId="09175c49-64ae-4d72-a7bd-bb99225b54ce" testName="IsNull_Passing_Null_Value_Returns_True" computerName="PC-SFERRARI" duration="00:00:00.0001883" startTime="2021-06-22T13:57:25.0507323+02:00" endTime="2021-06-22T13:57:25.0509727+02:00" testType="13cdc9d9-ddb5-4fa4-a97d-d965ccfc6d4b" outcome="Passed" testListId="8c84fa94-04c1-424b-9868-57a2d4851a1d" relativeResultsDirectory="daccd11d-519a-4b56-a847-7b68d591b6ce" />
    <UnitTestResult executionId="c3528537-ffe0-47c8-a049-b332ac3dda37" testId="ba89b10d-c0a4-40d5-bbac-1c869b364279" testName="IsNull_Passing_Valid_Value_Returns_False (Españħ)" computerName="PC-SFERRARI" duration="00:00:00.0000086" startTime="2021-06-22T13:57:25.0017081+02:00" endTime="2021-06-22T13:57:25.0017591+02:00" testType="13cdc9d9-ddb5-4fa4-a97d-d965ccfc6d4b" outcome="Passed" testListId="8c84fa94-04c1-424b-9868-57a2d4851a1d" relativeResultsDirectory="c3528537-ffe0-47c8-a049-b332ac3dda37" />
    <UnitTestResult executionId="98b2833b-bd4e-46b7-8179-bf88066adf3b" testId="b61dd9f0-0516-4275-9881-d9082c46f626" testName="OperatorNotEqual_Passing_Valid_Values_Returns_False (Tenerife,23,34567,San Bartoleme De Tirajana,Las Palmas,España)" computerName="PC-SFERRARI" duration="00:00:00.0002069" startTime="2021-06-22T13:57:24.8138425+02:00" endTime="2021-06-22T13:57:24.8141153+02:00" testType="13cdc9d9-ddb5-4fa4-a97d-d965ccfc6d4b" outcome="Passed" testListId="8c84fa94-04c1-424b-9868-57a2d4851a1d" relativeResultsDirectory="98b2833b-bd4e-46b7-8179-bf88066adf3b" />
    <UnitTestResult executionId="c4b25b9f-6d7f-455c-bf49-9ab335ba6c21" testId="10d404cd-0689-4a28-8470-4123503a3042" testName="OperatorNotEqual_Passing_Valid_Values_Returns_True (D45,86554654)" computerName="PC-SFERRARI" duration="00:00:00.0000156" startTime="2021-06-22T13:57:25.0973043+02:00" endTime="2021-06-22T13:57:25.0973847+02:00" testType="13cdc9d9-ddb5-4fa4-a97d-d965ccfc6d4b" outcome="Passed" testListId="8c84fa94-04c1-424b-9868-57a2d4851a1d" relativeResultsDirectory="c4b25b9f-6d7f-455c-bf49-9ab335ba6c21" />
    <UnitTestResult executionId="ba689e33-579a-44d8-9204-dc31c53847dd" testId="52f8477b-32b5-4c00-be81-4ba8d54f7102" testName="Equals_Passing_Valid_Distinct_Values_Returns_False (app.hackerone1.com)" computerName="PC-SFERRARI" duration="00:00:00.0001111" startTime="2021-06-22T13:57:25.0718938+02:00" endTime="2021-06-22T13:57:25.0720485+02:00" testType="13cdc9d9-ddb5-4fa4-a97d-d965ccfc6d4b" outcome="Passed" testListId="8c84fa94-04c1-424b-9868-57a2d4851a1d" relativeResultsDirectory="ba689e33-579a-44d8-9204-dc31c53847dd" />
    <UnitTestResult executionId="80ab5252-2634-4345-975d-ce958dcf4dac" testId="bb1bbda2-5f0b-4511-847d-c28c8bf05288" testName="OperatorEqual_Passing_Valid_Distinct_Values_Returns_False (EUR)" computerName="PC-SFERRARI" duration="00:00:00.0007008" startTime="2021-06-22T13:57:24.8912979+02:00" endTime="2021-06-22T13:57:24.8920667+02:00" testType="13cdc9d9-ddb5-4fa4-a97d-d965ccfc6d4b" outcome="Passed" testListId="8c84fa94-04c1-424b-9868-57a2d4851a1d" relativeResultsDirectory="80ab5252-2634-4345-975d-ce958dcf4dac" />
    <UnitTestResult executionId="c59ed8a2-09ce-4a9d-ba88-a83ced440a2d" testId="c3ff2fbd-254e-4368-92d2-4258c12194b5" testName="OperatorEqual_Passing_Valid_Distinct_Values_Returns_False (100,EUR,2)" computerName="PC-SFERRARI" duration="00:00:00.0014711" startTime="2021-06-22T13:57:24.9815327+02:00" endTime="2021-06-22T13:57:24.9830693+02:00" testType="13cdc9d9-ddb5-4fa4-a97d-d965ccfc6d4b" outcome="Passed" testListId="8c84fa94-04c1-424b-9868-57a2d4851a1d" relativeResultsDirectory="c59ed8a2-09ce-4a9d-ba88-a83ced440a2d" />
    <UnitTestResult executionId="fb67da5e-1438-4469-bc53-c03088f3a111" testId="b60c0782-777d-4b8d-b170-07111e48af95" testName="IsNull_Passing_Valid_Value_Returns_False (Españà)" computerName="PC-SFERRARI" duration="00:00:00.0000211" startTime="2021-06-22T13:57:25.0011385+02:00" endTime="2021-06-22T13:57:25.0012727+02:00" testType="13cdc9d9-ddb5-4fa4-a97d-d965ccfc6d4b" outcome="Passed" testListId="8c84fa94-04c1-424b-9868-57a2d4851a1d" relativeResultsDirectory="fb67da5e-1438-4469-bc53-c03088f3a111" />
    <UnitTestResult executionId="87998d76-a309-445c-b3b4-894354a42e45" testId="b62a179a-f716-4be1-8c44-4caab609b1b7" testName="Create_Passing_Valid_Values_Returns_Address (Tenerife,23,34567,San Bartoleme De Tirajana,Las Palmas,España)" computerName="PC-SFERRARI" duration="00:00:00.0014355" startTime="2021-06-22T13:57:24.7450981+02:00" endTime="2021-06-22T13:57:24.7466610+02:00" testType="13cdc9d9-ddb5-4fa4-a97d-d965ccfc6d4b" outcome="Passed" testListId="8c84fa94-04c1-424b-9868-57a2d4851a1d" relativeResultsDirectory="87998d76-a309-445c-b3b4-894354a42e45" />
    <UnitTestResult executionId="5dfb4aae-11ea-43ae-af44-5b58bc88e0c6" testId="6a81901f-3d66-4bfe-95a0-1caadcdb4c20" testName="Change_Passing_Valid_Values_Returns_Name" computerName="PC-SFERRARI" duration="00:00:00.0002256" startTime="2021-06-22T13:57:25.0101769+02:00" endTime="2021-06-22T13:57:25.0104964+02:00" testType="13cdc9d9-ddb5-4fa4-a97d-d965ccfc6d4b" outcome="Passed" testListId="8c84fa94-04c1-424b-9868-57a2d4851a1d" relativeResultsDirectory="5dfb4aae-11ea-43ae-af44-5b58bc88e0c6" />
    <UnitTestResult executionId="4adc8716-c812-40b1-8438-dcaf492295ab" testId="d2dbe8f6-404d-41c5-9163-39c5b2ea90e6" testName="OperatorEqual_Passing_Valid_Distinct_Values_Returns_False (app.hackerone1.com)" computerName="PC-SFERRARI" duration="00:00:00.0001653" startTime="2021-06-22T13:57:25.0762592+02:00" endTime="2021-06-22T13:57:25.0764990+02:00" testType="13cdc9d9-ddb5-4fa4-a97d-d965ccfc6d4b" outcome="Passed" testListId="8c84fa94-04c1-424b-9868-57a2d4851a1d" relativeResultsDirectory="4adc8716-c812-40b1-8438-dcaf492295ab" />
    <UnitTestResult executionId="75f953dc-4461-42fa-bfe3-9a09bcedd4ad" testId="c777915d-8de6-4427-8202-4b88cc7b8614" testName="Equals_Passing_Valid_Values_Returns_True (Españä)" computerName="PC-SFERRARI" duration="00:00:00.0000161" startTime="2021-06-22T13:57:25.0191703+02:00" endTime="2021-06-22T13:57:25.0192763+02:00" testType="13cdc9d9-ddb5-4fa4-a97d-d965ccfc6d4b" outcome="Passed" testListId="8c84fa94-04c1-424b-9868-57a2d4851a1d" relativeResultsDirectory="75f953dc-4461-42fa-bfe3-9a09bcedd4ad" />
    <UnitTestResult executionId="bc7d354a-c448-431f-b691-a9d494e73143" testId="4585fdc3-175d-4d9e-945c-6c2ae18b50a1" testName="ToString_Passing_Valid_Values_Returns_Name (Españã)" computerName="PC-SFERRARI" duration="00:00:00.0000120" startTime="2021-06-22T13:57:25.0115496+02:00" endTime="2021-06-22T13:57:25.0116262+02:00" testType="13cdc9d9-ddb5-4fa4-a97d-d965ccfc6d4b" outcome="Passed" testListId="8c84fa94-04c1-424b-9868-57a2d4851a1d" relativeResultsDirectory="bc7d354a-c448-431f-b691-a9d494e73143" />
    <UnitTestResult executionId="3752ca47-b330-400c-9648-ab12eb4e7402" testId="e439d12a-3f51-443d-b538-fbfa1ca56ea6" testName="OperatorEqual_Passing_Valid_Values_Returns_True (Españà)" computerName="PC-SFERRARI" duration="00:00:00.0000110" startTime="2021-06-22T13:57:25.0303839+02:00" endTime="2021-06-22T13:57:25.0304378+02:00" testType="13cdc9d9-ddb5-4fa4-a97d-d965ccfc6d4b" outcome="Passed" testListId="8c84fa94-04c1-424b-9868-57a2d4851a1d" relativeResultsDirectory="3752ca47-b330-400c-9648-ab12eb4e7402" />
    <UnitTestResult executionId="ffb380c2-bab1-4bd9-8e58-c268f5caf307" testId="45155d02-2589-479f-b10f-dde186c33522" testName="OperatorEqual_Passing_Valid_Distinct_Values_Returns_False (stage_hackerone.com)" computerName="PC-SFERRARI" duration="00:00:00.0000179" startTime="2021-06-22T13:57:25.0766802+02:00" endTime="2021-06-22T13:57:25.0767582+02:00" testType="13cdc9d9-ddb5-4fa4-a97d-d965ccfc6d4b" outcome="Passed" testListId="8c84fa94-04c1-424b-9868-57a2d4851a1d" relativeResultsDirectory="ffb380c2-bab1-4bd9-8e58-c268f5caf307" />
    <UnitTestResult executionId="0dad991a-e474-4819-a53e-6c7216cece83" testId="0eeaefa1-cac8-428d-85f4-4e3dad3398eb" testName="Equals_Passing_Valid_Distinct_Values_Returns_False (EUR)" computerName="PC-SFERRARI" duration="00:00:00.0008164" startTime="2021-06-22T13:57:24.8887173+02:00" endTime="2021-06-22T13:57:24.8896209+02:00" testType="13cdc9d9-ddb5-4fa4-a97d-d965ccfc6d4b" outcome="Passed" testListId="8c84fa94-04c1-424b-9868-57a2d4851a1d" relativeResultsDirectory="0dad991a-e474-4819-a53e-6c7216cece83" />
    <UnitTestResult executionId="d48de40d-8a41-4ac9-bd83-43eea9ae82e4" testId="2e16cedd-d9a2-4ac0-8ea6-256cc2fd04b1" testName="OperatorEqual_Passing_Valid_Values_Returns_True (Españä)" computerName="PC-SFERRARI" duration="00:00:00.0000113" startTime="2021-06-22T13:57:25.0304717+02:00" endTime="2021-06-22T13:57:25.0305247+02:00" testType="13cdc9d9-ddb5-4fa4-a97d-d965ccfc6d4b" outcome="Passed" testListId="8c84fa94-04c1-424b-9868-57a2d4851a1d" relativeResultsDirectory="d48de40d-8a41-4ac9-bd83-43eea9ae82e4" />
    <UnitTestResult executionId="945cf1a1-219d-4b7f-87d9-4aad036a37b1" testId="c278bb15-c266-48ad-8a98-f1d481ec6020" testName="Equals_Passing_Valid_Values_Returns_True (Españâ)" computerName="PC-SFERRARI" duration="00:00:00.0000183" startTime="2021-06-22T13:57:25.0193386+02:00" endTime="2021-06-22T13:57:25.0194257+02:00" testType="13cdc9d9-ddb5-4fa4-a97d-d965ccfc6d4b" outcome="Passed" testListId="8c84fa94-04c1-424b-9868-57a2d4851a1d" relativeResultsDirectory="945cf1a1-219d-4b7f-87d9-4aad036a37b1" />
    <UnitTestResult executionId="46987a50-0b3b-4c87-a7fc-e3183a866c52" testId="3e8f8915-6d6e-42c2-83b3-3c24fa25b636" testName="Equals_Passing_Valid_Distinct_Values_Returns_False (400,EUR,8)" computerName="PC-SFERRARI" duration="00:00:00.0005769" startTime="2021-06-22T13:57:24.9792613+02:00" endTime="2021-06-22T13:57:24.9799019+02:00" testType="13cdc9d9-ddb5-4fa4-a97d-d965ccfc6d4b" outcome="Passed" testListId="8c84fa94-04c1-424b-9868-57a2d4851a1d" relativeResultsDirectory="46987a50-0b3b-4c87-a7fc-e3183a866c52" />
    <UnitTestResult executionId="bd5f9d0b-7fda-4b85-8e13-5d5c509bd922" testId="ebe6c8c6-d8de-4a1b-bd09-99c989ff3735" testName="Create_Passing_InvalidOrNull_Value_Returns_ApplicationException ()" computerName="PC-SFERRARI" duration="00:00:00.0000925" startTime="2021-06-22T13:57:25.0554818+02:00" endTime="2021-06-22T13:57:25.0556965+02:00" testType="13cdc9d9-ddb5-4fa4-a97d-d965ccfc6d4b" outcome="Passed" testListId="8c84fa94-04c1-424b-9868-57a2d4851a1d" relativeResultsDirectory="bd5f9d0b-7fda-4b85-8e13-5d5c509bd922" />
    <UnitTestResult executionId="38f2605f-9970-4b47-b530-fa50c4626fe9" testId="5dd06322-f730-43f0-8351-b7191d22eef2" testName="OperatorNotEqual_Passing_Valid_Values_Returns_False (www.hackerone-com)" computerName="PC-SFERRARI" duration="00:00:00.0000171" startTime="2021-06-22T13:57:25.0770457+02:00" endTime="2021-06-22T13:57:25.0771309+02:00" testType="13cdc9d9-ddb5-4fa4-a97d-d965ccfc6d4b" outcome="Passed" testListId="8c84fa94-04c1-424b-9868-57a2d4851a1d" relativeResultsDirectory="38f2605f-9970-4b47-b530-fa50c4626fe9" />
    <UnitTestResult executionId="7e890f54-4056-4f6c-acc1-97e10e2cafbf" testId="652d5d50-3a2f-4fa8-844d-e950d09e969d" testName="ToEnum_Passing_Valid_String_ShortName_Enumeracion_Returns_Enumeracion" computerName="PC-SFERRARI" duration="00:00:00.0003000" startTime="2021-06-22T13:57:25.1054330+02:00" endTime="2021-06-22T13:57:25.1058580+02:00" testType="13cdc9d9-ddb5-4fa4-a97d-d965ccfc6d4b" outcome="Passed" testListId="8c84fa94-04c1-424b-9868-57a2d4851a1d" relativeResultsDirectory="7e890f54-4056-4f6c-acc1-97e10e2cafbf" />
    <UnitTestResult executionId="4c9f562f-3a3c-4819-988b-7e5fcd2b61db" testId="eca248c6-75c1-4bb1-b58e-bbabbfc0c92d" testName="OperatorEqual_Passing_Valid_Values_Returns_True (Españç)" computerName="PC-SFERRARI" duration="00:00:00.0000120" startTime="2021-06-22T13:57:25.0307384+02:00" endTime="2021-06-22T13:57:25.0307916+02:00" testType="13cdc9d9-ddb5-4fa4-a97d-d965ccfc6d4b" outcome="Passed" testListId="8c84fa94-04c1-424b-9868-57a2d4851a1d" relativeResultsDirectory="4c9f562f-3a3c-4819-988b-7e5fcd2b61db" />
    <UnitTestResult executionId="46c78f01-6dc8-4649-81f8-3b4fd5c1c7f6" testId="15e6b579-15e0-4ea3-a98f-0b216e909c2d" testName="IsNull_Passing_Valid_Value_Returns_False (stage_hackerone.com)" computerName="PC-SFERRARI" duration="00:00:00.0000094" startTime="2021-06-22T13:57:25.0619364+02:00" endTime="2021-06-22T13:57:25.0619887+02:00" testType="13cdc9d9-ddb5-4fa4-a97d-d965ccfc6d4b" outcome="Passed" testListId="8c84fa94-04c1-424b-9868-57a2d4851a1d" relativeResultsDirectory="46c78f01-6dc8-4649-81f8-3b4fd5c1c7f6" />
    <UnitTestResult executionId="bc8fb247-da5a-41c2-bb0b-0822b567b11e" testId="c8a3b27a-4b73-4a5b-b15f-77852d23e24a" testName="ToString_Passing_Valid_Values_Returns_Subdomain (app.hackerone1.com)" computerName="PC-SFERRARI" duration="00:00:00.0003404" startTime="2021-06-22T13:57:25.0700890+02:00" endTime="2021-06-22T13:57:25.0705579+02:00" testType="13cdc9d9-ddb5-4fa4-a97d-d965ccfc6d4b" outcome="Passed" testListId="8c84fa94-04c1-424b-9868-57a2d4851a1d" relativeResultsDirectory="bc8fb247-da5a-41c2-bb0b-0822b567b11e" />
    <UnitTestResult executionId="723ce3d2-b6c5-4e78-8375-2f0d3b835ef5" testId="41ad6440-1157-44c8-afe5-69a1c700f9cd" testName="ToNormalize_Passing_Valid_Values_Returns_Address_String_Format (aaads@ggg.cc)" computerName="PC-SFERRARI" duration="00:00:00.0000615" startTime="2021-06-22T13:57:24.9408013+02:00" endTime="2021-06-22T13:57:24.9409165+02:00" testType="13cdc9d9-ddb5-4fa4-a97d-d965ccfc6d4b" outcome="Passed" testListId="8c84fa94-04c1-424b-9868-57a2d4851a1d" relativeResultsDirectory="723ce3d2-b6c5-4e78-8375-2f0d3b835ef5" />
    <UnitTestResult executionId="5400d63e-d1e5-488c-9753-2fa5af21f8a9" testId="c31e1b3a-2f25-4d34-a722-9651ba33731a" testName="IsNull_Passing_Null_Value_Returns_True" computerName="PC-SFERRARI" duration="00:00:00.0002597" startTime="2021-06-22T13:57:25.0652436+02:00" endTime="2021-06-22T13:57:25.0656591+02:00" testType="13cdc9d9-ddb5-4fa4-a97d-d965ccfc6d4b" outcome="Passed" testListId="8c84fa94-04c1-424b-9868-57a2d4851a1d" relativeResultsDirectory="5400d63e-d1e5-488c-9753-2fa5af21f8a9" />
    <UnitTestResult executionId="474aa3c1-5e73-4299-b659-227a601620ba" testId="e6611b40-6957-4f43-9533-8c6b011f49a8" testName="IsNull_Passing_Valid_Values_Returns_False (Tenerife,San Bartoleme De Tirajana,Las Palmas)" computerName="PC-SFERRARI" duration="00:00:00.0032548" startTime="2021-06-22T13:57:24.9429616+02:00" endTime="2021-06-22T13:57:24.9464742+02:00" testType="13cdc9d9-ddb5-4fa4-a97d-d965ccfc6d4b" outcome="Passed" testListId="8c84fa94-04c1-424b-9868-57a2d4851a1d" relativeResultsDirectory="474aa3c1-5e73-4299-b659-227a601620ba" />
    <UnitTestResult executionId="b381c372-d7aa-453c-8699-e4a7a1ac72e6" testId="05c706e9-476e-4c27-8781-cbc9baef4456" testName="IsNull_Passing_Valid_Value_Returns_False (Esp añâ)" computerName="PC-SFERRARI" duration="00:00:00.0000089" startTime="2021-06-22T13:57:25.0017920+02:00" endTime="2021-06-22T13:57:25.0018534+02:00" testType="13cdc9d9-ddb5-4fa4-a97d-d965ccfc6d4b" outcome="Passed" testListId="8c84fa94-04c1-424b-9868-57a2d4851a1d" relativeResultsDirectory="b381c372-d7aa-453c-8699-e4a7a1ac72e6" />
    <UnitTestResult executionId="d9cf0638-1372-4350-ab3d-5c5a164c0f4e" testId="db58a659-b610-4680-bcb5-ca6a6840b823" testName="IsFemale_Passing_Nothing_Returns_True" computerName="PC-SFERRARI" duration="00:00:00.0002004" startTime="2021-06-22T13:57:25.1182775+02:00" endTime="2021-06-22T13:57:25.1185474+02:00" testType="13cdc9d9-ddb5-4fa4-a97d-d965ccfc6d4b" outcome="Passed" testListId="8c84fa94-04c1-424b-9868-57a2d4851a1d" relativeResultsDirectory="d9cf0638-1372-4350-ab3d-5c5a164c0f4e" />
    <UnitTestResult executionId="690107a7-abee-4c39-97ff-6fbf8fd21c6a" testId="25014d8d-7397-453f-8bfd-9ca12ab2d9ac" testName="ToNormalize_Passing_Valid_Values_Returns_Name_String_Format (Españá,Espana)" computerName="PC-SFERRARI" duration="00:00:00.0000449" startTime="2021-06-22T13:57:25.0454522+02:00" endTime="2021-06-22T13:57:25.0455838+02:00" testType="13cdc9d9-ddb5-4fa4-a97d-d965ccfc6d4b" outcome="Passed" testListId="8c84fa94-04c1-424b-9868-57a2d4851a1d" relativeResultsDirectory="690107a7-abee-4c39-97ff-6fbf8fd21c6a" />
    <UnitTestResult executionId="b6f8a407-df21-43f0-8c86-fd99d76a3cff" testId="0d919a55-4c82-428a-b7ab-3195f5e559dd" testName="Create_Passing_InvalidOrNull_Value_Returns_ApplicationException (,43543543543)" computerName="PC-SFERRARI" duration="00:00:00.0011877" startTime="2021-06-22T13:57:25.0855334+02:00" endTime="2021-06-22T13:57:25.0867955+02:00" testType="13cdc9d9-ddb5-4fa4-a97d-d965ccfc6d4b" outcome="Passed" testListId="8c84fa94-04c1-424b-9868-57a2d4851a1d" relativeResultsDirectory="b6f8a407-df21-43f0-8c86-fd99d76a3cff" />
    <UnitTestResult executionId="e403a7c7-e6f6-463c-9ee8-c13e46c829df" testId="ae11c9df-7ff8-4a62-bb48-2d33c5532bd5" testName="Change_Passing_Valid_Values_Returns_Address (200,EUR,4)" computerName="PC-SFERRARI" duration="00:00:00.0005983" startTime="2021-06-22T13:57:24.9663064+02:00" endTime="2021-06-22T13:57:24.9669813+02:00" testType="13cdc9d9-ddb5-4fa4-a97d-d965ccfc6d4b" outcome="Passed" testListId="8c84fa94-04c1-424b-9868-57a2d4851a1d" relativeResultsDirectory="e403a7c7-e6f6-463c-9ee8-c13e46c829df" />
    <UnitTestResult executionId="5a2b3960-b2ce-428e-97bd-64129bd18fa9" testId="14d52f66-28ec-4f94-b305-438736904f43" testName="OperatorNotEqual_Passing_Valid_Values_Returns_False (Españä)" computerName="PC-SFERRARI" duration="00:00:00.0000111" startTime="2021-06-22T13:57:25.0365515+02:00" endTime="2021-06-22T13:57:25.0366045+02:00" testType="13cdc9d9-ddb5-4fa4-a97d-d965ccfc6d4b" outcome="Passed" testListId="8c84fa94-04c1-424b-9868-57a2d4851a1d" relativeResultsDirectory="5a2b3960-b2ce-428e-97bd-64129bd18fa9" />
    <UnitTestResult executionId="4c593447-5d41-4127-902e-b29c975346fa" testId="ff0adc21-6562-4863-a1c6-d13e2acd4544" testName="OperatorEqual_Passing_Valid_Values_Returns_True (dasdasd@dsasd.ff)" computerName="PC-SFERRARI" duration="00:00:00.0001013" startTime="2021-06-22T13:57:24.9224797+02:00" endTime="2021-06-22T13:57:24.9226310+02:00" testType="13cdc9d9-ddb5-4fa4-a97d-d965ccfc6d4b" outcome="Passed" testListId="8c84fa94-04c1-424b-9868-57a2d4851a1d" relativeResultsDirectory="4c593447-5d41-4127-902e-b29c975346fa" />
    <UnitTestResult executionId="dc965be8-86a5-4b8a-94a9-ff12bdd3cf10" testId="47c67787-4db3-41f9-a9cd-57780e294415" testName="ToString_Passing_Valid_Values_Returns_Subdomain (www.hackerone-com)" computerName="PC-SFERRARI" duration="00:00:00.0000147" startTime="2021-06-22T13:57:25.0706722+02:00" endTime="2021-06-22T13:57:25.0707805+02:00" testType="13cdc9d9-ddb5-4fa4-a97d-d965ccfc6d4b" outcome="Passed" testListId="8c84fa94-04c1-424b-9868-57a2d4851a1d" relativeResultsDirectory="dc965be8-86a5-4b8a-94a9-ff12bdd3cf10" />
    <UnitTestResult executionId="7c185651-6ef3-430e-bd8b-384b99a7a6dc" testId="81bfaa0c-b664-4c2f-9000-6b505f466864" testName="OperatorNotEqual_Passing_Valid_Values_Returns_False (Españã)" computerName="PC-SFERRARI" duration="00:00:00.0000109" startTime="2021-06-22T13:57:25.0367318+02:00" endTime="2021-06-22T13:57:25.0367848+02:00" testType="13cdc9d9-ddb5-4fa4-a97d-d965ccfc6d4b" outcome="Passed" testListId="8c84fa94-04c1-424b-9868-57a2d4851a1d" relativeResultsDirectory="7c185651-6ef3-430e-bd8b-384b99a7a6dc" />
    <UnitTestResult executionId="593287db-5554-4018-9688-4b781fce10d9" testId="eb9447bb-8ddb-46be-9ba9-80cd9f4dfbc7" testName="Create_Passing_Valid_Values_Returns_StringId (Tenerife)" computerName="PC-SFERRARI" duration="00:00:00.0000973" startTime="2021-06-22T13:57:25.0513935+02:00" endTime="2021-06-22T13:57:25.0515454+02:00" testType="13cdc9d9-ddb5-4fa4-a97d-d965ccfc6d4b" outcome="Passed" testListId="8c84fa94-04c1-424b-9868-57a2d4851a1d" relativeResultsDirectory="593287db-5554-4018-9688-4b781fce10d9" />
    <UnitTestResult executionId="a984ce25-a9f8-4a7b-b403-2faf41fba42f" testId="369b0206-a4e1-4ef4-9215-83b2417833f5" testName="ToEnum_Passing_Valid_String_ShortName_Enumeracion_Returns_Enumeracion" computerName="PC-SFERRARI" duration="00:00:00.0002429" startTime="2021-06-22T13:57:25.1162920+02:00" endTime="2021-06-22T13:57:25.1167158+02:00" testType="13cdc9d9-ddb5-4fa4-a97d-d965ccfc6d4b" outcome="Passed" testListId="8c84fa94-04c1-424b-9868-57a2d4851a1d" relativeResultsDirectory="a984ce25-a9f8-4a7b-b403-2faf41fba42f" />
    <UnitTestResult executionId="f7971a1c-7ac1-4c5c-aa30-60dbafcfa55c" testId="d6ea4c41-e7ab-40c4-a752-3273e269f336" testName="Change_Passing_Valid_Values_Returns_Address" computerName="PC-SFERRARI" duration="00:00:00.0008002" startTime="2021-06-22T13:57:24.7494783+02:00" endTime="2021-06-22T13:57:24.7503492+02:00" testType="13cdc9d9-ddb5-4fa4-a97d-d965ccfc6d4b" outcome="Passed" testListId="8c84fa94-04c1-424b-9868-57a2d4851a1d" relativeResultsDirectory="f7971a1c-7ac1-4c5c-aa30-60dbafcfa55c" />
    <UnitTestResult executionId="9ac48908-fb15-4e54-b8bb-d32bd8f98360" testId="5f7d2329-850c-4672-bdde-4d3fb45438ef" testName="ToString_Passing_Valid_Values_Returns_Currency_String_Symbol (EUR)" computerName="PC-SFERRARI" duration="00:00:00.0006324" startTime="2021-06-22T13:57:24.8844305+02:00" endTime="2021-06-22T13:57:24.8851725+02:00" testType="13cdc9d9-ddb5-4fa4-a97d-d965ccfc6d4b" outcome="Passed" testListId="8c84fa94-04c1-424b-9868-57a2d4851a1d" relativeResultsDirectory="9ac48908-fb15-4e54-b8bb-d32bd8f98360" />
    <UnitTestResult executionId="8d3dd897-29be-4345-98dc-076fa5b8f6d2" testId="14b7e32d-8cbf-4ce4-9c61-c129e4d960fc" testName="Create_Passing_Valid_Values_Returns_Name (España)" computerName="PC-SFERRARI" duration="00:00:00.0001045" startTime="2021-06-22T13:57:25.0022870+02:00" endTime="2021-06-22T13:57:25.0024634+02:00" testType="13cdc9d9-ddb5-4fa4-a97d-d965ccfc6d4b" outcome="Passed" testListId="8c84fa94-04c1-424b-9868-57a2d4851a1d" relativeResultsDirectory="8d3dd897-29be-4345-98dc-076fa5b8f6d2" />
    <UnitTestResult executionId="0b849434-93e1-4e34-a7b8-47687c5fe940" testId="3d3cb460-22cf-4332-b1cd-a8f89a341241" testName="ToEnum_Passing_Valid_String_Name_Enumeracion_Returns_Enumeracion" computerName="PC-SFERRARI" duration="00:00:00.0049382" startTime="2021-06-22T13:57:25.0974231+02:00" endTime="2021-06-22T13:57:25.1025983+02:00" testType="13cdc9d9-ddb5-4fa4-a97d-d965ccfc6d4b" outcome="Passed" testListId="8c84fa94-04c1-424b-9868-57a2d4851a1d" relativeResultsDirectory="0b849434-93e1-4e34-a7b8-47687c5fe940" />
    <UnitTestResult executionId="805b6f36-94df-468b-9266-1ff8f2c21473" testId="d21ae0e9-09e1-49e7-8721-b302f63e6ba4" testName="Equals_Passing_Valid_Distinct_Values_Returns_False (San Bartoleme De Tirajana)" computerName="PC-SFERRARI" duration="00:00:00.0001025" startTime="2021-06-22T13:57:25.0569822+02:00" endTime="2021-06-22T13:57:25.0571308+02:00" testType="13cdc9d9-ddb5-4fa4-a97d-d965ccfc6d4b" outcome="Passed" testListId="8c84fa94-04c1-424b-9868-57a2d4851a1d" relativeResultsDirectory="805b6f36-94df-468b-9266-1ff8f2c21473" />
    <UnitTestResult executionId="2a0d26cc-adec-40f9-b6a5-e24b114d2454" testId="8af121d3-ea8f-40c8-80a4-1d59e428ed6f" testName="OperatorEqual_Passing_Valid_Values_Returns_True (456,43543543543)" computerName="PC-SFERRARI" duration="00:00:00.0001937" startTime="2021-06-22T13:57:25.0956671+02:00" endTime="2021-06-22T13:57:25.0959849+02:00" testType="13cdc9d9-ddb5-4fa4-a97d-d965ccfc6d4b" outcome="Passed" testListId="8c84fa94-04c1-424b-9868-57a2d4851a1d" relativeResultsDirectory="2a0d26cc-adec-40f9-b6a5-e24b114d2454" />
    <UnitTestResult executionId="22162abb-43fd-48d1-ae8d-bdab6dfaa7ad" testId="11e49d10-299f-46a9-ac8e-359f25394620" testName="OperatorNotEqual_Passing_Valid_Values_Returns_False (Pader,789,DF7956,Sabadell,Barcelona,España)" computerName="PC-SFERRARI" duration="00:00:00.0000240" startTime="2021-06-22T13:57:24.8142061+02:00" endTime="2021-06-22T13:57:24.8143138+02:00" testType="13cdc9d9-ddb5-4fa4-a97d-d965ccfc6d4b" outcome="Passed" testListId="8c84fa94-04c1-424b-9868-57a2d4851a1d" relativeResultsDirectory="22162abb-43fd-48d1-ae8d-bdab6dfaa7ad" />
    <UnitTestResult executionId="2adb4a2e-8e1b-4a19-9055-8d72947c5118" testId="cbdf1940-8e28-40e9-8eb1-e5bbef9dea22" testName="ToString_Passing_Valid_Values_Returns_Address_String_Format (100,EUR,2)" computerName="PC-SFERRARI" duration="00:00:00.0007230" startTime="2021-06-22T13:57:24.9677068+02:00" endTime="2021-06-22T13:57:24.9684877+02:00" testType="13cdc9d9-ddb5-4fa4-a97d-d965ccfc6d4b" outcome="Passed" testListId="8c84fa94-04c1-424b-9868-57a2d4851a1d" relativeResultsDirectory="2adb4a2e-8e1b-4a19-9055-8d72947c5118" />
    <UnitTestResult executionId="7a4ff0ae-2bd3-44bd-9925-d33259be34ce" testId="b102a2bd-e1b8-4395-a0f4-2070c6694e02" testName="Change_Passing_Valid_Values_Returns_Address (400,EUR,8)" computerName="PC-SFERRARI" duration="00:00:00.0005622" startTime="2021-06-22T13:57:24.9670348+02:00" endTime="2021-06-22T13:57:24.9676581+02:00" testType="13cdc9d9-ddb5-4fa4-a97d-d965ccfc6d4b" outcome="Passed" testListId="8c84fa94-04c1-424b-9868-57a2d4851a1d" relativeResultsDirectory="7a4ff0ae-2bd3-44bd-9925-d33259be34ce" />
    <UnitTestResult executionId="3fa142bf-beb5-490c-a068-09cc6c00f016" testId="6fc08569-fe3f-4f1a-b2c9-45727a39c69a" testName="Create_Passing_InvalidOrNull_Value_Returns_ApplicationException ()" computerName="PC-SFERRARI" duration="00:00:00.0000897" startTime="2021-06-22T13:57:25.0098942+02:00" endTime="2021-06-22T13:57:25.0101149+02:00" testType="13cdc9d9-ddb5-4fa4-a97d-d965ccfc6d4b" outcome="Passed" testListId="8c84fa94-04c1-424b-9868-57a2d4851a1d" relativeResultsDirectory="3fa142bf-beb5-490c-a068-09cc6c00f016" />
    <UnitTestResult executionId="9146b884-a976-4c26-b171-10f64ef46ab2" testId="991ed790-a8e5-423c-802d-65a548e722bd" testName="Create_Passing_Valid_Values_Returns_Address (100,EUR,2)" computerName="PC-SFERRARI" duration="00:00:00.0024455" startTime="2021-06-22T13:57:24.9586609+02:00" endTime="2021-06-22T13:57:24.9612619+02:00" testType="13cdc9d9-ddb5-4fa4-a97d-d965ccfc6d4b" outcome="Passed" testListId="8c84fa94-04c1-424b-9868-57a2d4851a1d" relativeResultsDirectory="9146b884-a976-4c26-b171-10f64ef46ab2" />
    <UnitTestResult executionId="400dd441-03d9-4ac7-9a34-720a6df4a2d3" testId="995a6da1-8a0f-48aa-a157-65fa0dc0a314" testName="OperatorNotEqual_Passing_Valid_Values_Returns_False (34fsds@sdd.fgg)" computerName="PC-SFERRARI" duration="00:00:00.0000704" startTime="2021-06-22T13:57:24.9260666+02:00" endTime="2021-06-22T13:57:24.9263112+02:00" testType="13cdc9d9-ddb5-4fa4-a97d-d965ccfc6d4b" outcome="Passed" testListId="8c84fa94-04c1-424b-9868-57a2d4851a1d" relativeResultsDirectory="400dd441-03d9-4ac7-9a34-720a6df4a2d3" />
    <UnitTestResult executionId="502f9d93-80e8-41e5-8955-62be1732dfc6" testId="3f05aa9f-e2db-4ae0-8fb3-166b40e6d0c9" testName="ToString_Passing_Valid_Values_Returns_Value_String_Format (San Bartoleme De Tirajana,Las Palmas)" computerName="PC-SFERRARI" duration="00:00:00.0002047" startTime="2021-06-22T13:57:24.9503193+02:00" endTime="2021-06-22T13:57:24.9505755+02:00" testType="13cdc9d9-ddb5-4fa4-a97d-d965ccfc6d4b" outcome="Passed" testListId="8c84fa94-04c1-424b-9868-57a2d4851a1d" relativeResultsDirectory="502f9d93-80e8-41e5-8955-62be1732dfc6" />
    <UnitTestResult executionId="8d5ecb2c-cbce-4897-b356-ff3dbb854b0c" testId="069c1766-e6c2-40c3-bc0a-b925cf15d48e" testName="OperatorEqual_Passing_Valid_Distinct_Values_Returns_False (400,EUR,8)" computerName="PC-SFERRARI" duration="00:00:00.0007875" startTime="2021-06-22T13:57:24.9855365+02:00" endTime="2021-06-22T13:57:24.9864134+02:00" testType="13cdc9d9-ddb5-4fa4-a97d-d965ccfc6d4b" outcome="Passed" testListId="8c84fa94-04c1-424b-9868-57a2d4851a1d" relativeResultsDirectory="8d5ecb2c-cbce-4897-b356-ff3dbb854b0c" />
    <UnitTestResult executionId="7fc680c1-7f09-45c8-9e15-ba25d05ef886" testId="179e9e0d-ff46-4dac-9f07-57fa83467b86" testName="ToNormalize_Passing_Valid_Values_Returns_Name_String_Format (Españä,Espana)" computerName="PC-SFERRARI" duration="00:00:00.0000387" startTime="2021-06-22T13:57:25.0458529+02:00" endTime="2021-06-22T13:57:25.0459766+02:00" testType="13cdc9d9-ddb5-4fa4-a97d-d965ccfc6d4b" outcome="Passed" testListId="8c84fa94-04c1-424b-9868-57a2d4851a1d" relativeResultsDirectory="7fc680c1-7f09-45c8-9e15-ba25d05ef886" />
    <UnitTestResult executionId="4d9e28f0-374d-468c-84ca-9fc85244fdc9" testId="17372dd2-1a34-4278-84d4-2dbff09f47de" testName="Create_Passing_InvalidOrNull_Value_Returns_ApplicationException ()" computerName="PC-SFERRARI" duration="00:00:00.0000397" startTime="2021-06-22T13:57:25.0664964+02:00" endTime="2021-06-22T13:57:25.0665847+02:00" testType="13cdc9d9-ddb5-4fa4-a97d-d965ccfc6d4b" outcome="Passed" testListId="8c84fa94-04c1-424b-9868-57a2d4851a1d" relativeResultsDirectory="4d9e28f0-374d-468c-84ca-9fc85244fdc9" />
    <UnitTestResult executionId="0671f4f5-c216-4b3d-8c31-446c3e52c346" testId="a5467f75-0e78-4123-b6ae-5428fee1cb0c" testName="ToNormalize_Passing_Valid_Values_Returns_Name_String_Format (Españç,Espanc)" computerName="PC-SFERRARI" duration="00:00:00.0000340" startTime="2021-06-22T13:57:25.0463812+02:00" endTime="2021-06-22T13:57:25.0464912+02:00" testType="13cdc9d9-ddb5-4fa4-a97d-d965ccfc6d4b" outcome="Passed" testListId="8c84fa94-04c1-424b-9868-57a2d4851a1d" relativeResultsDirectory="0671f4f5-c216-4b3d-8c31-446c3e52c346" />
    <UnitTestResult executionId="f42cdb88-c963-4b19-b77a-758a8e484334" testId="444fe311-4dd8-4c3a-97f1-e9c2b2ef26b1" testName="ToString_Passing_Valid_Values_Returns_Address_String_Format (400,USD,8)" computerName="PC-SFERRARI" duration="00:00:00.0005059" startTime="2021-06-22T13:57:24.9688792+02:00" endTime="2021-06-22T13:57:24.9694400+02:00" testType="13cdc9d9-ddb5-4fa4-a97d-d965ccfc6d4b" outcome="Passed" testListId="8c84fa94-04c1-424b-9868-57a2d4851a1d" relativeResultsDirectory="f42cdb88-c963-4b19-b77a-758a8e484334" />
    <UnitTestResult executionId="dd8f0068-db1d-4539-8a2f-e011c74c7d8f" testId="d9268e8e-6435-44b6-a0f4-bf85ca33a39f" testName="OperatorEqual_Passing_Valid_Distinct_Values_Returns_False (Españħ)" computerName="PC-SFERRARI" duration="00:00:00.0000204" startTime="2021-06-22T13:57:25.0358702+02:00" endTime="2021-06-22T13:57:25.0359723+02:00" testType="13cdc9d9-ddb5-4fa4-a97d-d965ccfc6d4b" outcome="Passed" testListId="8c84fa94-04c1-424b-9868-57a2d4851a1d" relativeResultsDirectory="dd8f0068-db1d-4539-8a2f-e011c74c7d8f" />
    <UnitTestResult executionId="14acccd2-6c50-498a-af7d-2f6aadb2f279" testId="c4fa32de-4515-4ca3-8a92-f27af61ef88a" testName="Create_Passing_Valid_Values_Returns_FullName (San Bartoleme De Tirajana,Las Palmas,España)" computerName="PC-SFERRARI" duration="00:00:00.0002463" startTime="2021-06-22T13:57:24.9487615+02:00" endTime="2021-06-22T13:57:24.9490710+02:00" testType="13cdc9d9-ddb5-4fa4-a97d-d965ccfc6d4b" outcome="Passed" testListId="8c84fa94-04c1-424b-9868-57a2d4851a1d" relativeResultsDirectory="14acccd2-6c50-498a-af7d-2f6aadb2f279" />
    <UnitTestResult executionId="2a7141d1-21d2-48fa-a6e5-0a11399e7dc6" testId="47dc02ab-c9a0-437b-85a8-bb9e21b0d1d9" testName="OperatorNotEqual_Passing_Valid_Values_Returns_False (dasdasd@dsasd.ff)" computerName="PC-SFERRARI" duration="00:00:00.0001211" startTime="2021-06-22T13:57:24.9231133+02:00" endTime="2021-06-22T13:57:24.9232835+02:00" testType="13cdc9d9-ddb5-4fa4-a97d-d965ccfc6d4b" outcome="Passed" testListId="8c84fa94-04c1-424b-9868-57a2d4851a1d" relativeResultsDirectory="2a7141d1-21d2-48fa-a6e5-0a11399e7dc6" />
    <UnitTestResult executionId="cd1f8041-1904-4f2f-bb8c-23d2b3bd8992" testId="61557e57-5b6b-4bb7-8eca-d7952bd3c433" testName="Create_Passing_Valid_Value_Returns_Email (ádsads@ggg.cc)" computerName="PC-SFERRARI" duration="00:00:00.0000245" startTime="2021-06-22T13:57:24.9149882+02:00" endTime="2021-06-22T13:57:24.9150816+02:00" testType="13cdc9d9-ddb5-4fa4-a97d-d965ccfc6d4b" outcome="Passed" testListId="8c84fa94-04c1-424b-9868-57a2d4851a1d" relativeResultsDirectory="cd1f8041-1904-4f2f-bb8c-23d2b3bd8992" />
    <UnitTestResult executionId="70b6bd16-2eda-402f-a2ea-7f4b933ddca0" testId="96e031dc-6c00-45d4-802b-a78e0646f0ad" testName="Equals_Passing_Valid_Values_Returns_True (456,43543543543)" computerName="PC-SFERRARI" duration="00:00:00.0009321" startTime="2021-06-22T13:57:25.0913122+02:00" endTime="2021-06-22T13:57:25.0923191+02:00" testType="13cdc9d9-ddb5-4fa4-a97d-d965ccfc6d4b" outcome="Passed" testListId="8c84fa94-04c1-424b-9868-57a2d4851a1d" relativeResultsDirectory="70b6bd16-2eda-402f-a2ea-7f4b933ddca0" />
    <UnitTestResult executionId="127c8bd1-ca3a-4a6f-aaee-dbe0eaab8695" testId="c1130792-8d2e-4aa5-89b0-729c8a9ac590" testName="Create_Passing_InvalidOrNull_Value_Returns_ApplicationException ()" computerName="PC-SFERRARI" duration="00:00:00.0004888" startTime="2021-06-22T13:57:25.0064136+02:00" endTime="2021-06-22T13:57:25.0069719+02:00" testType="13cdc9d9-ddb5-4fa4-a97d-d965ccfc6d4b" outcome="Passed" testListId="8c84fa94-04c1-424b-9868-57a2d4851a1d" relativeResultsDirectory="127c8bd1-ca3a-4a6f-aaee-dbe0eaab8695" />
    <UnitTestResult executionId="6a001b99-1fb9-4538-aa96-8840749bd538" testId="072c1e5c-b525-4d70-8578-bfc3fad705fe" testName="OperatorNotEqual_Passing_Valid_Values_Returns_True (stage_hackerone.com)" computerName="PC-SFERRARI" duration="00:00:00.0000187" startTime="2021-06-22T13:57:25.0805180+02:00" endTime="2021-06-22T13:57:25.0805989+02:00" testType="13cdc9d9-ddb5-4fa4-a97d-d965ccfc6d4b" outcome="Passed" testListId="8c84fa94-04c1-424b-9868-57a2d4851a1d" relativeResultsDirectory="6a001b99-1fb9-4538-aa96-8840749bd538" />
    <UnitTestResult executionId="9d788d0d-3134-4b28-8706-1be885d8e729" testId="9a790ada-b65b-4403-a79d-8254a5ef5c4c" testName="OperatorEqual_Passing_Valid_Values_Returns_True (España)" computerName="PC-SFERRARI" duration="00:00:00.0001530" startTime="2021-06-22T13:57:25.0300522+02:00" endTime="2021-06-22T13:57:25.0302507+02:00" testType="13cdc9d9-ddb5-4fa4-a97d-d965ccfc6d4b" outcome="Passed" testListId="8c84fa94-04c1-424b-9868-57a2d4851a1d" relativeResultsDirectory="9d788d0d-3134-4b28-8706-1be885d8e729" />
    <UnitTestResult executionId="71d5531f-12a1-4b7d-9888-74c3342e2d9f" testId="8cc1c989-5600-4428-8b06-f0e57f7bf497" testName="OperatorEqual_Passing_Valid_Values_Returns_True (Sabadell,Barcelona,España)" computerName="PC-SFERRARI" duration="00:00:00.0000207" startTime="2021-06-22T13:57:24.9544578+02:00" endTime="2021-06-22T13:57:24.9545237+02:00" testType="13cdc9d9-ddb5-4fa4-a97d-d965ccfc6d4b" outcome="Passed" testListId="8c84fa94-04c1-424b-9868-57a2d4851a1d" relativeResultsDirectory="71d5531f-12a1-4b7d-9888-74c3342e2d9f" />
    <UnitTestResult executionId="d9968538-3038-4e9d-b23e-02213f21ac41" testId="0a633b3f-488d-491e-aeeb-be325ae49a37" testName="Create_Passing_Valid_Values_Returns_Address (Pader,789,DF7956,Sabadell,Barcelona,España)" computerName="PC-SFERRARI" duration="00:00:00.0000165" startTime="2021-06-22T13:57:24.7467799+02:00" endTime="2021-06-22T13:57:24.7468830+02:00" testType="13cdc9d9-ddb5-4fa4-a97d-d965ccfc6d4b" outcome="Passed" testListId="8c84fa94-04c1-424b-9868-57a2d4851a1d" relativeResultsDirectory="d9968538-3038-4e9d-b23e-02213f21ac41" />
    <UnitTestResult executionId="41c6c555-15ca-4927-a918-b1d9387ab5d0" testId="fcbb5f12-7a68-4147-97a0-fb9d68ed61fc" testName="ToString_Passing_Valid_Values_Returns_Address_String_Format (200,EUR,4)" computerName="PC-SFERRARI" duration="00:00:00.0002013" startTime="2021-06-22T13:57:24.9685634+02:00" endTime="2021-06-22T13:57:24.9688314+02:00" testType="13cdc9d9-ddb5-4fa4-a97d-d965ccfc6d4b" outcome="Passed" testListId="8c84fa94-04c1-424b-9868-57a2d4851a1d" relativeResultsDirectory="41c6c555-15ca-4927-a918-b1d9387ab5d0" />
    <UnitTestResult executionId="abd996bc-ecb9-4eb3-b6df-9e5653679437" testId="05752c67-4b27-4c9f-9fef-c03307f13e4f" testName="IsVisa_Passing_Nothing_Returns_True" computerName="PC-SFERRARI" duration="00:00:00.0002258" startTime="2021-06-22T13:57:25.1095939+02:00" endTime="2021-06-22T13:57:25.1099450+02:00" testType="13cdc9d9-ddb5-4fa4-a97d-d965ccfc6d4b" outcome="Passed" testListId="8c84fa94-04c1-424b-9868-57a2d4851a1d" relativeResultsDirectory="abd996bc-ecb9-4eb3-b6df-9e5653679437" />
    <UnitTestResult executionId="19b0f5ec-92d0-4ea6-aab1-8bd2ad72bf8c" testId="4d1bff15-4feb-4fcd-b405-53ea12e01d03" testName="ToString_Passing_Valid_Values_Returns_Name (Españâ)" computerName="PC-SFERRARI" duration="00:00:00.0000125" startTime="2021-06-22T13:57:25.0114127+02:00" endTime="2021-06-22T13:57:25.0114985+02:00" testType="13cdc9d9-ddb5-4fa4-a97d-d965ccfc6d4b" outcome="Passed" testListId="8c84fa94-04c1-424b-9868-57a2d4851a1d" relativeResultsDirectory="19b0f5ec-92d0-4ea6-aab1-8bd2ad72bf8c" />
    <UnitTestResult executionId="512672a1-9bd4-4191-bbaf-415e8bad4e78" testId="3096ae3a-d03d-4ac5-abc0-aa0d6c499aba" testName="ToNormalize_Passing_Valid_Values_Returns_Name_String_Format (Españã,Espana)" computerName="PC-SFERRARI" duration="00:00:00.0000373" startTime="2021-06-22T13:57:25.0462057+02:00" endTime="2021-06-22T13:57:25.0463270+02:00" testType="13cdc9d9-ddb5-4fa4-a97d-d965ccfc6d4b" outcome="Passed" testListId="8c84fa94-04c1-424b-9868-57a2d4851a1d" relativeResultsDirectory="512672a1-9bd4-4191-bbaf-415e8bad4e78" />
    <UnitTestResult executionId="7c8cda6e-e306-452c-bff5-04803c1ebd34" testId="dded05d6-fe3f-4a34-803d-df898f78e975" testName="OperatorNotEqual_Passing_Valid_Values_Returns_False (456,43543543543)" computerName="PC-SFERRARI" duration="00:00:00.0001238" startTime="2021-06-22T13:57:25.0966443+02:00" endTime="2021-06-22T13:57:25.0968377+02:00" testType="13cdc9d9-ddb5-4fa4-a97d-d965ccfc6d4b" outcome="Passed" testListId="8c84fa94-04c1-424b-9868-57a2d4851a1d" relativeResultsDirectory="7c8cda6e-e306-452c-bff5-04803c1ebd34" />
    <UnitTestResult executionId="7b01e896-e170-410e-8902-49636dc1b042" testId="3dfd1bf7-436a-451c-8f87-72cfce782fad" testName="Create_Passing_InvalidOrNull_Value_Returns_ApplicationException ()" computerName="PC-SFERRARI" duration="00:00:00.0239527" startTime="2021-06-22T13:57:24.8575543+02:00" endTime="2021-06-22T13:57:24.8816039+02:00" testType="13cdc9d9-ddb5-4fa4-a97d-d965ccfc6d4b" outcome="Passed" testListId="8c84fa94-04c1-424b-9868-57a2d4851a1d" relativeResultsDirectory="7b01e896-e170-410e-8902-49636dc1b042" />
    <UnitTestResult executionId="cb21e35f-64da-4418-9f70-d69b51308f7d" testId="814b8208-ca9a-417c-bd6e-a83fbfee6f86" testName="GetAll_Passing_Nothing_Returns_Enumeracion_List" computerName="PC-SFERRARI" duration="00:00:00.0002084" startTime="2021-06-22T13:57:25.1176165+02:00" endTime="2021-06-22T13:57:25.1178993+02:00" testType="13cdc9d9-ddb5-4fa4-a97d-d965ccfc6d4b" outcome="Passed" testListId="8c84fa94-04c1-424b-9868-57a2d4851a1d" relativeResultsDirectory="cb21e35f-64da-4418-9f70-d69b51308f7d" />
    <UnitTestResult executionId="2fcaeb03-d224-46be-aece-3292ef2d8abf" testId="573d68e1-41c9-47ab-818d-2de14cbba8b0" testName="Create_Passing_InvalidOrNull_Value_Returns_ApplicationException (456,USD,-3)" computerName="PC-SFERRARI" duration="00:00:00.0009687" startTime="2021-06-22T13:57:24.9639673+02:00" endTime="2021-06-22T13:57:24.9650530+02:00" testType="13cdc9d9-ddb5-4fa4-a97d-d965ccfc6d4b" outcome="Passed" testListId="8c84fa94-04c1-424b-9868-57a2d4851a1d" relativeResultsDirectory="2fcaeb03-d224-46be-aece-3292ef2d8abf" />
    <UnitTestResult executionId="aa71474c-dc40-442e-8534-cf2235688d49" testId="989f1018-1748-41ab-ab89-2e1bdda10fcc" testName="IsActive_Passing_Nothing_Returns_True" computerName="PC-SFERRARI" duration="00:00:00.0002055" startTime="2021-06-22T13:57:25.1301398+02:00" endTime="2021-06-22T13:57:25.1304176+02:00" testType="13cdc9d9-ddb5-4fa4-a97d-d965ccfc6d4b" outcome="Passed" testListId="8c84fa94-04c1-424b-9868-57a2d4851a1d" relativeResultsDirectory="aa71474c-dc40-442e-8534-cf2235688d49" />
    <UnitTestResult executionId="40c01e42-670f-4ef9-87b2-403555ad5df3" testId="3865ef0e-25ae-4d0a-98f1-d135356d747a" testName="Create_Passing_Valid_Values_Returns_Name (Españá)" computerName="PC-SFERRARI" duration="00:00:00.0000193" startTime="2021-06-22T13:57:25.0044844+02:00" endTime="2021-06-22T13:57:25.0046026+02:00" testType="13cdc9d9-ddb5-4fa4-a97d-d965ccfc6d4b" outcome="Passed" testListId="8c84fa94-04c1-424b-9868-57a2d4851a1d" relativeResultsDirectory="40c01e42-670f-4ef9-87b2-403555ad5df3" />
    <UnitTestResult executionId="c51beab4-51f0-4284-a70a-db4b5a7c1e15" testId="8fa812b8-d6ec-4d18-99e2-1605a4de842f" testName="OperatorEqual_Passing_Valid_Distinct_Values_Returns_False (Españä)" computerName="PC-SFERRARI" duration="00:00:00.0000126" startTime="2021-06-22T13:57:25.0338438+02:00" endTime="2021-06-22T13:57:25.0339079+02:00" testType="13cdc9d9-ddb5-4fa4-a97d-d965ccfc6d4b" outcome="Passed" testListId="8c84fa94-04c1-424b-9868-57a2d4851a1d" relativeResultsDirectory="c51beab4-51f0-4284-a70a-db4b5a7c1e15" />
    <UnitTestResult executionId="32a08eda-9274-48e1-bb5b-47e50867bafb" testId="e4e7dace-34fd-46a8-ab84-d56403490c7c" testName="OperatorNotEqual_Passing_Valid_Values_Returns_True (Españá)" computerName="PC-SFERRARI" duration="00:00:00.0000196" startTime="2021-06-22T13:57:25.0407455+02:00" endTime="2021-06-22T13:57:25.0408381+02:00" testType="13cdc9d9-ddb5-4fa4-a97d-d965ccfc6d4b" outcome="Passed" testListId="8c84fa94-04c1-424b-9868-57a2d4851a1d" relativeResultsDirectory="32a08eda-9274-48e1-bb5b-47e50867bafb" />
    <UnitTestResult executionId="49534e01-d3fe-4045-bdca-f4f4a369b4aa" testId="16f6b512-1c09-4c7d-8f54-0c89cab6a58c" testName="Create_Passing_InvalidOrNull_Value_Returns_ApplicationException (Sabadell,,España)" computerName="PC-SFERRARI" duration="00:00:00.0000451" startTime="2021-06-22T13:57:24.9498033+02:00" endTime="2021-06-22T13:57:24.9498963+02:00" testType="13cdc9d9-ddb5-4fa4-a97d-d965ccfc6d4b" outcome="Passed" testListId="8c84fa94-04c1-424b-9868-57a2d4851a1d" relativeResultsDirectory="49534e01-d3fe-4045-bdca-f4f4a369b4aa" />
    <UnitTestResult executionId="893e34be-f920-4f4f-a635-e28a8692f750" testId="5e56126f-fe7e-4f09-9b6d-b95f134fbb8e" testName="OperatorEqual_Passing_Valid_Values_Returns_True (400,USD,8)" computerName="PC-SFERRARI" duration="00:00:00.0005085" startTime="2021-06-22T13:57:24.9808800+02:00" endTime="2021-06-22T13:57:24.9814688+02:00" testType="13cdc9d9-ddb5-4fa4-a97d-d965ccfc6d4b" outcome="Passed" testListId="8c84fa94-04c1-424b-9868-57a2d4851a1d" relativeResultsDirectory="893e34be-f920-4f4f-a635-e28a8692f750" />
    <UnitTestResult executionId="85f693e9-1c62-4d01-ac11-2c4c8e37d375" testId="9816e783-b8ec-4256-b6b5-8fd7279e4de0" testName="Equals_Passing_Valid_Distinct_Values_Returns_False (San Bartoleme De Tirajana,Las Palmas,España)" computerName="PC-SFERRARI" duration="00:00:00.0001371" startTime="2021-06-22T13:57:24.9539096+02:00" endTime="2021-06-22T13:57:24.9540953+02:00" testType="13cdc9d9-ddb5-4fa4-a97d-d965ccfc6d4b" outcome="Passed" testListId="8c84fa94-04c1-424b-9868-57a2d4851a1d" relativeResultsDirectory="85f693e9-1c62-4d01-ac11-2c4c8e37d375" />
    <UnitTestResult executionId="5bf66f70-f310-47c0-9254-3af9c7ad0345" testId="7de77514-4dc1-48fc-ac43-28cc4f5554a9" testName="ToNormalize_Passing_Valid_Values_Returns_Address_String_Format (ñandu@gmail.com)" computerName="PC-SFERRARI" duration="00:00:00.0133843" startTime="2021-06-22T13:57:24.9270045+02:00" endTime="2021-06-22T13:57:24.9404747+02:00" testType="13cdc9d9-ddb5-4fa4-a97d-d965ccfc6d4b" outcome="Passed" testListId="8c84fa94-04c1-424b-9868-57a2d4851a1d" relativeResultsDirectory="5bf66f70-f310-47c0-9254-3af9c7ad0345" />
    <UnitTestResult executionId="2d975690-8b2a-4f43-bc96-a6cee2b94b38" testId="ef8acdcc-1936-42c0-9dbc-1cfc1875ca33" testName="ToString_Passing_Valid_Values_Returns_Name (Españç)" computerName="PC-SFERRARI" duration="00:00:00.0000127" startTime="2021-06-22T13:57:25.0116757+02:00" endTime="2021-06-22T13:57:25.0117522+02:00" testType="13cdc9d9-ddb5-4fa4-a97d-d965ccfc6d4b" outcome="Passed" testListId="8c84fa94-04c1-424b-9868-57a2d4851a1d" relativeResultsDirectory="2d975690-8b2a-4f43-bc96-a6cee2b94b38" />
    <UnitTestResult executionId="04b096b8-8bff-4a8e-adca-65dfa3e0aa62" testId="341d942e-4a6f-4197-95df-736f59cee7e2" testName="Create_Passing_InvalidOrNull_Value_Returns_ApplicationException (Tenerife,23,34567,San Bartoleme De Tirajana,Las Palmas,)" computerName="PC-SFERRARI" duration="00:00:00.0019410" startTime="2021-06-22T13:57:24.7469546+02:00" endTime="2021-06-22T13:57:24.7489857+02:00" testType="13cdc9d9-ddb5-4fa4-a97d-d965ccfc6d4b" outcome="Passed" testListId="8c84fa94-04c1-424b-9868-57a2d4851a1d" relativeResultsDirectory="04b096b8-8bff-4a8e-adca-65dfa3e0aa62" />
    <UnitTestResult executionId="71932f34-98fa-4320-868f-fba21ad3504d" testId="fd375ea2-4c4d-40c7-b62f-1198e1e2f46f" testName="IsNull_Passing_Valid_Address_Returns_False (Tenerife,23,34567,San Bartoleme De Tirajana,Las Palmas,España)" computerName="PC-SFERRARI" duration="00:00:00.0178204" startTime="2021-06-22T13:57:24.6742115+02:00" endTime="2021-06-22T13:57:24.7304655+02:00" testType="13cdc9d9-ddb5-4fa4-a97d-d965ccfc6d4b" outcome="Passed" testListId="8c84fa94-04c1-424b-9868-57a2d4851a1d" relativeResultsDirectory="71932f34-98fa-4320-868f-fba21ad3504d" />
    <UnitTestResult executionId="16e0c6f1-1db8-4ebe-a928-01ecedb724fa" testId="be859fa3-49d3-48fc-be29-08484caaa47f" testName="IsNull_Passing_Valid_Value_Returns_False (Españá)" computerName="PC-SFERRARI" duration="00:00:00.0000168" startTime="2021-06-22T13:57:24.9935924+02:00" endTime="2021-06-22T13:57:24.9936936+02:00" testType="13cdc9d9-ddb5-4fa4-a97d-d965ccfc6d4b" outcome="Passed" testListId="8c84fa94-04c1-424b-9868-57a2d4851a1d" relativeResultsDirectory="16e0c6f1-1db8-4ebe-a928-01ecedb724fa" />
    <UnitTestResult executionId="836a8f7a-e173-48fb-a6ab-41eb6af62b8a" testId="a7d7b49c-13b9-4d82-98d7-884670ae514b" testName="OperatorNotEqual_Passing_Valid_Values_Returns_False (Sabadell)" computerName="PC-SFERRARI" duration="00:00:00.0000061" startTime="2021-06-22T13:57:25.0600524+02:00" endTime="2021-06-22T13:57:25.0601004+02:00" testType="13cdc9d9-ddb5-4fa4-a97d-d965ccfc6d4b" outcome="Passed" testListId="8c84fa94-04c1-424b-9868-57a2d4851a1d" relativeResultsDirectory="836a8f7a-e173-48fb-a6ab-41eb6af62b8a" />
    <UnitTestResult executionId="e4fac932-b19c-4a51-b65d-3f15a0ab7969" testId="d5e08c7b-22fb-4742-a096-0fa1d0d05fd3" testName="GetAll_Passing_Nothing_Returns_Enumeracion_List" computerName="PC-SFERRARI" duration="00:00:00.0002075" startTime="2021-06-22T13:57:25.1298162+02:00" endTime="2021-06-22T13:57:25.1300990+02:00" testType="13cdc9d9-ddb5-4fa4-a97d-d965ccfc6d4b" outcome="Passed" testListId="8c84fa94-04c1-424b-9868-57a2d4851a1d" relativeResultsDirectory="e4fac932-b19c-4a51-b65d-3f15a0ab7969" />
    <UnitTestResult executionId="cd863435-2d99-485d-af30-1d7f18da1332" testId="8e943b57-c6e1-47b3-9267-e59ffada2515" testName="Equals_Passing_Valid_Values_Returns_True (Sabadell,Barcelona,España)" computerName="PC-SFERRARI" duration="00:00:00.0000231" startTime="2021-06-22T13:57:24.9537876+02:00" endTime="2021-06-22T13:57:24.9538667+02:00" testType="13cdc9d9-ddb5-4fa4-a97d-d965ccfc6d4b" outcome="Passed" testListId="8c84fa94-04c1-424b-9868-57a2d4851a1d" relativeResultsDirectory="cd863435-2d99-485d-af30-1d7f18da1332" />
    <UnitTestResult executionId="835c2db3-9b41-44e3-943c-9491381c1721" testId="bb82cb4b-9b58-4e6f-96b4-ec79a3bb4e26" testName="Create_Passing_InvalidOrNull_Value_Returns_ApplicationException (4324324,0)" computerName="PC-SFERRARI" duration="00:00:00.0000653" startTime="2021-06-22T13:57:25.0901107+02:00" endTime="2021-06-22T13:57:25.0902497+02:00" testType="13cdc9d9-ddb5-4fa4-a97d-d965ccfc6d4b" outcome="Passed" testListId="8c84fa94-04c1-424b-9868-57a2d4851a1d" relativeResultsDirectory="835c2db3-9b41-44e3-943c-9491381c1721" />
    <UnitTestResult executionId="279a8c3e-5b07-4694-aa58-3061aeb989a0" testId="8a8b012d-cfa9-4d2e-b4d9-18a57e41a33c" testName="Create_Passing_Valid_Values_Returns_Name (Españç)" computerName="PC-SFERRARI" duration="00:00:00.0000136" startTime="2021-06-22T13:57:25.0058524+02:00" endTime="2021-06-22T13:57:25.0059673+02:00" testType="13cdc9d9-ddb5-4fa4-a97d-d965ccfc6d4b" outcome="Passed" testListId="8c84fa94-04c1-424b-9868-57a2d4851a1d" relativeResultsDirectory="279a8c3e-5b07-4694-aa58-3061aeb989a0" />
    <UnitTestResult executionId="22b1f676-1276-49bc-946b-e3326bd98b2e" testId="c9915d7d-879f-4657-a429-3b9095d986cb" testName="OperatorEqual_Passing_Valid_Values_Returns_True (USD)" computerName="PC-SFERRARI" duration="00:00:00.0008642" startTime="2021-06-22T13:57:24.8903006+02:00" endTime="2021-06-22T13:57:24.8912308+02:00" testType="13cdc9d9-ddb5-4fa4-a97d-d965ccfc6d4b" outcome="Passed" testListId="8c84fa94-04c1-424b-9868-57a2d4851a1d" relativeResultsDirectory="22b1f676-1276-49bc-946b-e3326bd98b2e" />
    <UnitTestResult executionId="580d76c9-cf65-43c8-89b7-670b54f1d633" testId="ff01f874-bfde-48c9-ad9d-245ca2a21d31" testName="Create_Passing_InvalidOrNull_Value_Returns_ApplicationException (,Barcelona,España)" computerName="PC-SFERRARI" duration="00:00:00.0000494" startTime="2021-06-22T13:57:24.9496557+02:00" endTime="2021-06-22T13:57:24.9497589+02:00" testType="13cdc9d9-ddb5-4fa4-a97d-d965ccfc6d4b" outcome="Passed" testListId="8c84fa94-04c1-424b-9868-57a2d4851a1d" relativeResultsDirectory="580d76c9-cf65-43c8-89b7-670b54f1d633" />
    <UnitTestResult executionId="dbb80937-b79e-4a10-ac4a-fe0998d2db6b" testId="2e41a54f-bf3c-48dc-b347-271670f3a2c6" testName="Equals_Passing_Valid_Values_Returns_False (Pader,789,DF7956,Sabadell,Barcelona,España)" computerName="PC-SFERRARI" duration="00:00:00.0000232" startTime="2021-06-22T13:57:24.8107381+02:00" endTime="2021-06-22T13:57:24.8108324+02:00" testType="13cdc9d9-ddb5-4fa4-a97d-d965ccfc6d4b" outcome="Passed" testListId="8c84fa94-04c1-424b-9868-57a2d4851a1d" relativeResultsDirectory="dbb80937-b79e-4a10-ac4a-fe0998d2db6b" />
    <UnitTestResult executionId="16417ff3-5c0b-43a2-a63c-71b2e0f88328" testId="2793535f-e826-4e25-98c5-45ec53f4234b" testName="OperatorNotEqual_Passing_Valid_Values_Returns_True (Españã)" computerName="PC-SFERRARI" duration="00:00:00.0000169" startTime="2021-06-22T13:57:25.0413260+02:00" endTime="2021-06-22T13:57:25.0414092+02:00" testType="13cdc9d9-ddb5-4fa4-a97d-d965ccfc6d4b" outcome="Passed" testListId="8c84fa94-04c1-424b-9868-57a2d4851a1d" relativeResultsDirectory="16417ff3-5c0b-43a2-a63c-71b2e0f88328" />
    <UnitTestResult executionId="fa5a3fbe-f04c-4a5e-864f-5f280060bd12" testId="01706069-ece9-4115-954a-25423e3895fc" testName="ToEnum_Passing_Valid_String_Name_Returns_Enumeracion" computerName="PC-SFERRARI" duration="00:00:00.0008745" startTime="2021-06-22T13:57:25.1233445+02:00" endTime="2021-06-22T13:57:25.1244336+02:00" testType="13cdc9d9-ddb5-4fa4-a97d-d965ccfc6d4b" outcome="Passed" testListId="8c84fa94-04c1-424b-9868-57a2d4851a1d" relativeResultsDirectory="fa5a3fbe-f04c-4a5e-864f-5f280060bd12" />
    <UnitTestResult executionId="5ff3f936-9d86-435b-8764-94112521a207" testId="9226a7d1-e856-4976-9309-2f2ccaec1f2c" testName="Create_Passing_Valid_Values_Returns_Currency (USD)" computerName="PC-SFERRARI" duration="00:00:00.0394122" startTime="2021-06-22T13:57:24.8150943+02:00" endTime="2021-06-22T13:57:24.8558122+02:00" testType="13cdc9d9-ddb5-4fa4-a97d-d965ccfc6d4b" outcome="Passed" testListId="8c84fa94-04c1-424b-9868-57a2d4851a1d" relativeResultsDirectory="5ff3f936-9d86-435b-8764-94112521a207" />
    <UnitTestResult executionId="f92200cd-b199-461b-9936-abe04a7249e4" testId="3c9a89f5-d496-48fd-b789-3fb6d0b25c5e" testName="OperatorEqual_Passing_Valid_Values_Returns_True (app.hackerone1.com)" computerName="PC-SFERRARI" duration="00:00:00.0002177" startTime="2021-06-22T13:57:25.0754929+02:00" endTime="2021-06-22T13:57:25.0758662+02:00" testType="13cdc9d9-ddb5-4fa4-a97d-d965ccfc6d4b" outcome="Passed" testListId="8c84fa94-04c1-424b-9868-57a2d4851a1d" relativeResultsDirectory="f92200cd-b199-461b-9936-abe04a7249e4" />
    <UnitTestResult executionId="9678f1e2-aabf-4e85-93e7-a5b6ffe1df63" testId="b3dccaaf-e146-4b1c-a648-ce4b768a4e89" testName="IsNull_Passing_Null_Value_Returns_True" computerName="PC-SFERRARI" duration="00:00:00.0002666" startTime="2021-06-22T13:57:24.9483239+02:00" endTime="2021-06-22T13:57:24.9486827+02:00" testType="13cdc9d9-ddb5-4fa4-a97d-d965ccfc6d4b" outcome="Passed" testListId="8c84fa94-04c1-424b-9868-57a2d4851a1d" relativeResultsDirectory="9678f1e2-aabf-4e85-93e7-a5b6ffe1df63" />
    <UnitTestResult executionId="0f4fa54e-2337-49e9-bc10-499cbf2a7df0" testId="c0e1f9f7-4e4f-4694-9986-ff0cd1f9bbe9" testName="Equals_Passing_Valid_Values_Returns_True (Sabadell)" computerName="PC-SFERRARI" duration="00:00:00.0000082" startTime="2021-06-22T13:57:25.0568743+02:00" endTime="2021-06-22T13:57:25.0569432+02:00" testType="13cdc9d9-ddb5-4fa4-a97d-d965ccfc6d4b" outcome="Passed" testListId="8c84fa94-04c1-424b-9868-57a2d4851a1d" relativeResultsDirectory="0f4fa54e-2337-49e9-bc10-499cbf2a7df0" />
    <UnitTestResult executionId="78e92b48-244f-4155-889e-c7cf70297340" testId="ff74d48b-45ed-4f99-9dda-2f0aef19fcce" testName="Create_Passing_Valid_Values_Returns_Address (400,USD,8)" computerName="PC-SFERRARI" duration="00:00:00.0004941" startTime="2021-06-22T13:57:24.9617330+02:00" endTime="2021-06-22T13:57:24.9622837+02:00" testType="13cdc9d9-ddb5-4fa4-a97d-d965ccfc6d4b" outcome="Passed" testListId="8c84fa94-04c1-424b-9868-57a2d4851a1d" relativeResultsDirectory="78e92b48-244f-4155-889e-c7cf70297340" />
    <UnitTestResult executionId="0e6ae447-f407-4663-b060-1fa9e01e5081" testId="06a13535-e107-4816-8e09-9d0ff4c67a45" testName="IsNull_Passing_Valid_Value_Returns_False (Espania)" computerName="PC-SFERRARI" duration="00:00:00.0000057" startTime="2021-06-22T13:57:25.0506412+02:00" endTime="2021-06-22T13:57:25.0507057+02:00" testType="13cdc9d9-ddb5-4fa4-a97d-d965ccfc6d4b" outcome="Passed" testListId="8c84fa94-04c1-424b-9868-57a2d4851a1d" relativeResultsDirectory="0e6ae447-f407-4663-b060-1fa9e01e5081" />
    <UnitTestResult executionId="79f6d68c-e9f1-405b-b4c7-67ab3bdc43a7" testId="d2eec98e-1ff1-49cf-8185-f61d5046777c" testName="Create_Passing_Valid_Values_Returns_StringId (Espania)" computerName="PC-SFERRARI" duration="00:00:00.0000052" startTime="2021-06-22T13:57:25.0515872+02:00" endTime="2021-06-22T13:57:25.0516376+02:00" testType="13cdc9d9-ddb5-4fa4-a97d-d965ccfc6d4b" outcome="Passed" testListId="8c84fa94-04c1-424b-9868-57a2d4851a1d" relativeResultsDirectory="79f6d68c-e9f1-405b-b4c7-67ab3bdc43a7" />
    <UnitTestResult executionId="e9ef12be-0b9a-467b-bb54-d8df7b46857a" testId="92f6164f-0162-4a32-aea2-dd43c8675e30" testName="OperatorEqual_Passing_Valid_Distinct_Values_Returns_False (Españç)" computerName="PC-SFERRARI" duration="00:00:00.0000118" startTime="2021-06-22T13:57:25.0341270+02:00" endTime="2021-06-22T13:57:25.0341805+02:00" testType="13cdc9d9-ddb5-4fa4-a97d-d965ccfc6d4b" outcome="Passed" testListId="8c84fa94-04c1-424b-9868-57a2d4851a1d" relativeResultsDirectory="e9ef12be-0b9a-467b-bb54-d8df7b46857a" />
    <UnitTestResult executionId="1ccae581-04e3-49f7-9db0-105c7d5d1b32" testId="1a3a6c81-7b1a-4c75-b317-b2337065ed1b" testName="OperatorNotEqual_Passing_Valid_Values_Returns_True (EUR)" computerName="PC-SFERRARI" duration="00:00:00.0008156" startTime="2021-06-22T13:57:24.8967057+02:00" endTime="2021-06-22T13:57:24.8976134+02:00" testType="13cdc9d9-ddb5-4fa4-a97d-d965ccfc6d4b" outcome="Passed" testListId="8c84fa94-04c1-424b-9868-57a2d4851a1d" relativeResultsDirectory="1ccae581-04e3-49f7-9db0-105c7d5d1b32" />
    <UnitTestResult executionId="ce0f1c50-3ea9-48af-9ff6-13fa0923347b" testId="9e45e4f4-0d33-4c19-8450-d23190949933" testName="Equals_Passing_Valid_Values_Returns_True (400,USD,8)" computerName="PC-SFERRARI" duration="00:00:00.0032399" startTime="2021-06-22T13:57:24.9728356+02:00" endTime="2021-06-22T13:57:24.9761734+02:00" testType="13cdc9d9-ddb5-4fa4-a97d-d965ccfc6d4b" outcome="Passed" testListId="8c84fa94-04c1-424b-9868-57a2d4851a1d" relativeResultsDirectory="ce0f1c50-3ea9-48af-9ff6-13fa0923347b" />
    <UnitTestResult executionId="e8d5ee2e-67f5-4741-9b4a-512e3146d63a" testId="7b051d35-db65-4bf5-bee6-26edb7390655" testName="IsSilver_Passing_Nothing_Returns_True" computerName="PC-SFERRARI" duration="00:00:00.0001995" startTime="2021-06-22T13:57:25.1360849+02:00" endTime="2021-06-22T13:57:25.1363541+02:00" testType="13cdc9d9-ddb5-4fa4-a97d-d965ccfc6d4b" outcome="Passed" testListId="8c84fa94-04c1-424b-9868-57a2d4851a1d" relativeResultsDirectory="e8d5ee2e-67f5-4741-9b4a-512e3146d63a" />
    <UnitTestResult executionId="48c55598-93b6-4f92-b438-297d39faa126" testId="f3b37de7-ce07-4196-81d0-3b553e7dddb2" testName="OperatorEqual_Passing_Valid_Values_Returns_True (San Bartoleme De Tirajana)" computerName="PC-SFERRARI" duration="00:00:00.0001217" startTime="2021-06-22T13:57:25.0573255+02:00" endTime="2021-06-22T13:57:25.0575126+02:00" testType="13cdc9d9-ddb5-4fa4-a97d-d965ccfc6d4b" outcome="Passed" testListId="8c84fa94-04c1-424b-9868-57a2d4851a1d" relativeResultsDirectory="48c55598-93b6-4f92-b438-297d39faa126" />
    <UnitTestResult executionId="49da7e35-1f0d-408b-bfb5-357da1406f9c" testId="f7922e25-5649-4c85-97cb-27dcca4856c9" testName="Equals_Passing_Valid_Values_Returns_True (Españã)" computerName="PC-SFERRARI" duration="00:00:00.0000189" startTime="2021-06-22T13:57:25.0194784+02:00" endTime="2021-06-22T13:57:25.0195674+02:00" testType="13cdc9d9-ddb5-4fa4-a97d-d965ccfc6d4b" outcome="Passed" testListId="8c84fa94-04c1-424b-9868-57a2d4851a1d" relativeResultsDirectory="49da7e35-1f0d-408b-bfb5-357da1406f9c" />
    <UnitTestResult executionId="3a9e17b7-5371-4815-a9e3-a1f244c2bdec" testId="087582a4-35a8-4064-af92-1d5e5b637dcc" testName="OperatorNotEqual_Passing_Valid_Values_Returns_True (400,EUR,8)" computerName="PC-SFERRARI" duration="00:00:00.0010881" startTime="2021-06-22T13:57:24.9911572+02:00" endTime="2021-06-22T13:57:24.9923633+02:00" testType="13cdc9d9-ddb5-4fa4-a97d-d965ccfc6d4b" outcome="Passed" testListId="8c84fa94-04c1-424b-9868-57a2d4851a1d" relativeResultsDirectory="3a9e17b7-5371-4815-a9e3-a1f244c2bdec" />
    <UnitTestResult executionId="f48f60e4-ac5f-41c7-8b4b-46b8b7ebd513" testId="43da3c78-f29f-4145-af21-82ea76535e80" testName="ToEnum_Passing_Valid_IntName_Enumeracion_Returns_Enumeracion" computerName="PC-SFERRARI" duration="00:00:00.0001598" startTime="2021-06-22T13:57:25.1170719+02:00" endTime="2021-06-22T13:57:25.1173030+02:00" testType="13cdc9d9-ddb5-4fa4-a97d-d965ccfc6d4b" outcome="Passed" testListId="8c84fa94-04c1-424b-9868-57a2d4851a1d" relativeResultsDirectory="f48f60e4-ac5f-41c7-8b4b-46b8b7ebd513" />
    <UnitTestResult executionId="a23fbde0-5427-40df-9c4c-633ece435c4c" testId="ad789d38-72a3-431f-a5ed-c1db270c7ccd" testName="ToString_Passing_Valid_Values_Returns_Name (Españħ)" computerName="PC-SFERRARI" duration="00:00:00.0000271" startTime="2021-06-22T13:57:25.0170204+02:00" endTime="2021-06-22T13:57:25.0172064+02:00" testType="13cdc9d9-ddb5-4fa4-a97d-d965ccfc6d4b" outcome="Passed" testListId="8c84fa94-04c1-424b-9868-57a2d4851a1d" relativeResultsDirectory="a23fbde0-5427-40df-9c4c-633ece435c4c" />
    <UnitTestResult executionId="cba2a794-ecc2-4291-8ed4-06185be0557a" testId="b804b2e7-08d7-44e3-89b0-fa0602142c95" testName="Equals_Passing_Valid_Distinct_Values_Returns_False (stage_hackerone.com)" computerName="PC-SFERRARI" duration="00:00:00.0000317" startTime="2021-06-22T13:57:25.0721934+02:00" endTime="2021-06-22T13:57:25.0723034+02:00" testType="13cdc9d9-ddb5-4fa4-a97d-d965ccfc6d4b" outcome="Passed" testListId="8c84fa94-04c1-424b-9868-57a2d4851a1d" relativeResultsDirectory="cba2a794-ecc2-4291-8ed4-06185be0557a" />
    <UnitTestResult executionId="f31a2991-ed5b-4400-a19e-5c4aa8cfd709" testId="a8d6fe70-53de-4cb3-8fe9-393419680a13" testName="Create_Passing_InvalidOrNull_Value_Returns_ApplicationException (Tenerife,-10,DF7956,Sabadell,Barcelona,España)" computerName="PC-SFERRARI" duration="00:00:00.0000448" startTime="2021-06-22T13:57:24.7493480+02:00" endTime="2021-06-22T13:57:24.7494496+02:00" testType="13cdc9d9-ddb5-4fa4-a97d-d965ccfc6d4b" outcome="Passed" testListId="8c84fa94-04c1-424b-9868-57a2d4851a1d" relativeResultsDirectory="f31a2991-ed5b-4400-a19e-5c4aa8cfd709" />
    <UnitTestResult executionId="82353bc6-1771-4324-a71f-8b784549c795" testId="f882ded5-2bfa-498f-9d64-e67e564ede26" testName="GetAll_Passing_Nothing_Returns_Enumeracion_List" computerName="PC-SFERRARI" duration="00:00:00.0019921" startTime="2021-06-22T13:57:25.1074555+02:00" endTime="2021-06-22T13:57:25.1095306+02:00" testType="13cdc9d9-ddb5-4fa4-a97d-d965ccfc6d4b" outcome="Passed" testListId="8c84fa94-04c1-424b-9868-57a2d4851a1d" relativeResultsDirectory="82353bc6-1771-4324-a71f-8b784549c795" />
    <UnitTestResult executionId="aa21b006-6ff3-4823-85eb-bc09b770d7f3" testId="0cc529f4-099b-45ce-bc1a-67ae1cc65fc0" testName="Equals_Passing_Valid_Values_Returns_True (Pader,789,DF7956,Sabadell,Barcelona,España)" computerName="PC-SFERRARI" duration="00:00:00.0000196" startTime="2021-06-22T13:57:24.8101533+02:00" endTime="2021-06-22T13:57:24.8102579+02:00" testType="13cdc9d9-ddb5-4fa4-a97d-d965ccfc6d4b" outcome="Passed" testListId="8c84fa94-04c1-424b-9868-57a2d4851a1d" relativeResultsDirectory="aa21b006-6ff3-4823-85eb-bc09b770d7f3" />
    <UnitTestResult executionId="14af2dc9-6b9f-4d63-9ac7-4a9620270bf6" testId="4e244e35-66d6-46e2-8fb0-6f1bc1e74328" testName="ToString_Passing_Valid_Values_Returns_Value_String_Format (Sabadell,Barcelona)" computerName="PC-SFERRARI" duration="00:00:00.0000350" startTime="2021-06-22T13:57:24.9522596+02:00" endTime="2021-06-22T13:57:24.9523788+02:00" testType="13cdc9d9-ddb5-4fa4-a97d-d965ccfc6d4b" outcome="Passed" testListId="8c84fa94-04c1-424b-9868-57a2d4851a1d" relativeResultsDirectory="14af2dc9-6b9f-4d63-9ac7-4a9620270bf6" />
    <UnitTestResult executionId="0ff018aa-f593-4402-9444-c4a60cf33f83" testId="1a70d60c-882b-4b3f-97ac-9eba9fe2c03f" testName="Change_Passing_Valid_Values_Returns_Telephone" computerName="PC-SFERRARI" duration="00:00:00.0002938" startTime="2021-06-22T13:57:25.0902894+02:00" endTime="2021-06-22T13:57:25.0906661+02:00" testType="13cdc9d9-ddb5-4fa4-a97d-d965ccfc6d4b" outcome="Passed" testListId="8c84fa94-04c1-424b-9868-57a2d4851a1d" relativeResultsDirectory="0ff018aa-f593-4402-9444-c4a60cf33f83" />
    <UnitTestResult executionId="ceb7c3b3-4d64-4db4-b865-4472dc4f8113" testId="58248ab3-1794-426b-bda6-ab1ce0c9eb70" testName="ToString_Passing_Valid_Values_Returns_Currency_String_Symbol (USD)" computerName="PC-SFERRARI" duration="00:00:00.0008777" startTime="2021-06-22T13:57:24.8852549+02:00" endTime="2021-06-22T13:57:24.8862215+02:00" testType="13cdc9d9-ddb5-4fa4-a97d-d965ccfc6d4b" outcome="Passed" testListId="8c84fa94-04c1-424b-9868-57a2d4851a1d" relativeResultsDirectory="ceb7c3b3-4d64-4db4-b865-4472dc4f8113" />
    <UnitTestResult executionId="4b7bdf40-0e66-437f-9c73-61c7ead83b4c" testId="be287d70-77c6-48a8-94c7-9b810964432d" testName="OperatorEqual_Passing_Valid_Values_Returns_False (Pader,789,DF7956,Sabadell,Barcelona,España)" computerName="PC-SFERRARI" duration="00:00:00.0000243" startTime="2021-06-22T13:57:24.8135953+02:00" endTime="2021-06-22T13:57:24.8137350+02:00" testType="13cdc9d9-ddb5-4fa4-a97d-d965ccfc6d4b" outcome="Passed" testListId="8c84fa94-04c1-424b-9868-57a2d4851a1d" relativeResultsDirectory="4b7bdf40-0e66-437f-9c73-61c7ead83b4c" />
    <UnitTestResult executionId="a109199c-b2d3-4794-ae79-3090c230def4" testId="24c77782-ddb4-4c8a-a317-44b3fd6aa350" testName="Create_Passing_InvalidOrNull_Value_Returns_ApplicationException (San Bartoleme De Tirajana,,Tenerife)" computerName="PC-SFERRARI" duration="00:00:00.0003107" startTime="2021-06-22T13:57:24.9492448+02:00" endTime="2021-06-22T13:57:24.9496064+02:00" testType="13cdc9d9-ddb5-4fa4-a97d-d965ccfc6d4b" outcome="Passed" testListId="8c84fa94-04c1-424b-9868-57a2d4851a1d" relativeResultsDirectory="a109199c-b2d3-4794-ae79-3090c230def4" />
    <UnitTestResult executionId="52932b9a-1ab8-4706-9181-dc62f0c20d75" testId="7a490be0-b768-4fc2-9d76-11f90fdcb45c" testName="ToEnum_Passing_Invalid_Int_Name_Enumeracion_Returns_Null" computerName="PC-SFERRARI" duration="00:00:00.0001602" startTime="2021-06-22T13:57:25.1227131+02:00" endTime="2021-06-22T13:57:25.1229459+02:00" testType="13cdc9d9-ddb5-4fa4-a97d-d965ccfc6d4b" outcome="Passed" testListId="8c84fa94-04c1-424b-9868-57a2d4851a1d" relativeResultsDirectory="52932b9a-1ab8-4706-9181-dc62f0c20d75" />
    <UnitTestResult executionId="789eb146-9c0c-4de1-a750-68d82258968d" testId="4ed2d719-ca3e-4c69-bc64-81018d61f8fb" testName="Equals_Passing_Valid_Distinct_Values_Returns_False (Españħ)" computerName="PC-SFERRARI" duration="00:00:00.0000245" startTime="2021-06-22T13:57:25.0297254+02:00" endTime="2021-06-22T13:57:25.0298689+02:00" testType="13cdc9d9-ddb5-4fa4-a97d-d965ccfc6d4b" outcome="Passed" testListId="8c84fa94-04c1-424b-9868-57a2d4851a1d" relativeResultsDirectory="789eb146-9c0c-4de1-a750-68d82258968d" />
    <UnitTestResult executionId="39dce843-c40d-4d5a-8dd1-82b6d032031f" testId="869909dd-ceb6-4e33-b649-0f4fbdf9cfd3" testName="IsNull_Passing_Valid_Value_Returns_False (España)" computerName="PC-SFERRARI" duration="00:00:00.0008176" startTime="2021-06-22T13:57:24.9924413+02:00" endTime="2021-06-22T13:57:24.9935082+02:00" testType="13cdc9d9-ddb5-4fa4-a97d-d965ccfc6d4b" outcome="Passed" testListId="8c84fa94-04c1-424b-9868-57a2d4851a1d" relativeResultsDirectory="39dce843-c40d-4d5a-8dd1-82b6d032031f" />
    <UnitTestResult executionId="bb55038b-fdb9-4cec-ac15-93fc18b5118f" testId="13c81b0d-49d1-4c55-b18f-aca25be62de6" testName="Equals_Passing_Valid_Distinct_Values_Returns_False (Españã)" computerName="PC-SFERRARI" duration="00:00:00.0000167" startTime="2021-06-22T13:57:25.0263564+02:00" endTime="2021-06-22T13:57:25.0264367+02:00" testType="13cdc9d9-ddb5-4fa4-a97d-d965ccfc6d4b" outcome="Passed" testListId="8c84fa94-04c1-424b-9868-57a2d4851a1d" relativeResultsDirectory="bb55038b-fdb9-4cec-ac15-93fc18b5118f" />
    <UnitTestResult executionId="140608d7-6790-496a-b695-c942df4dcb7a" testId="f3a252c8-6882-45dd-9b8c-dd0088cc4caf" testName="OperatorEqual_Passing_Valid_Distinct_Values_Returns_False (España)" computerName="PC-SFERRARI" duration="00:00:00.0001688" startTime="2021-06-22T13:57:25.0333981+02:00" endTime="2021-06-22T13:57:25.0336135+02:00" testType="13cdc9d9-ddb5-4fa4-a97d-d965ccfc6d4b" outcome="Passed" testListId="8c84fa94-04c1-424b-9868-57a2d4851a1d" relativeResultsDirectory="140608d7-6790-496a-b695-c942df4dcb7a" />
    <UnitTestResult executionId="243a9c86-351d-4546-8af6-1eabd188f8ec" testId="86fdebed-c265-4a2e-ad3d-6a7c459989c2" testName="Create_Passing_InvalidOrNull_Value_Returns_ApplicationException ()" computerName="PC-SFERRARI" duration="00:00:00.0002906" startTime="2021-06-22T13:57:25.0661148+02:00" endTime="2021-06-22T13:57:25.0664483+02:00" testType="13cdc9d9-ddb5-4fa4-a97d-d965ccfc6d4b" outcome="Passed" testListId="8c84fa94-04c1-424b-9868-57a2d4851a1d" relativeResultsDirectory="243a9c86-351d-4546-8af6-1eabd188f8ec" />
    <UnitTestResult executionId="fd912bfa-95b8-4359-a0e9-fba388aa9028" testId="79b84c0c-1274-4e41-9890-b6df50c0da8a" testName="Create_Passing_Valid_Value_Returns_Email (aaads@ggg.cc)" computerName="PC-SFERRARI" duration="00:00:00.0000290" startTime="2021-06-22T13:57:24.9176132+02:00" endTime="2021-06-22T13:57:24.9177407+02:00" testType="13cdc9d9-ddb5-4fa4-a97d-d965ccfc6d4b" outcome="Passed" testListId="8c84fa94-04c1-424b-9868-57a2d4851a1d" relativeResultsDirectory="fd912bfa-95b8-4359-a0e9-fba388aa9028" />
    <UnitTestResult executionId="ca8041ca-b817-4bd2-a515-17768236acad" testId="6c953704-d506-4a1c-936a-41f3f11fb739" testName="Create_Passing_InvalidOrNull_Value_Returns_ApplicationException (,Sabadell,España)" computerName="PC-SFERRARI" duration="00:00:00.0000345" startTime="2021-06-22T13:57:24.9499385+02:00" endTime="2021-06-22T13:57:24.9500200+02:00" testType="13cdc9d9-ddb5-4fa4-a97d-d965ccfc6d4b" outcome="Passed" testListId="8c84fa94-04c1-424b-9868-57a2d4851a1d" relativeResultsDirectory="ca8041ca-b817-4bd2-a515-17768236acad" />
    <UnitTestResult executionId="7eb7fc73-0dbf-44fe-b2ef-6e44c78a7c0f" testId="8f49a3dd-5112-4b7c-8e5b-17d0427b8a97" testName="ToEnum_Passing_Invalid_String_Name_Enumeracion_Returns_Null" computerName="PC-SFERRARI" duration="00:00:00.0001774" startTime="2021-06-22T13:57:25.1321491+02:00" endTime="2021-06-22T13:57:25.1324227+02:00" testType="13cdc9d9-ddb5-4fa4-a97d-d965ccfc6d4b" outcome="Passed" testListId="8c84fa94-04c1-424b-9868-57a2d4851a1d" relativeResultsDirectory="7eb7fc73-0dbf-44fe-b2ef-6e44c78a7c0f" />
    <UnitTestResult executionId="dd897a88-64cd-4e3f-8c5a-04cf2083c983" testId="c273a854-7826-4c1d-abc4-da0355f7bcc9" testName="Create_Passing_InvalidOrNull_Value_Returns_ApplicationException ()" computerName="PC-SFERRARI" duration="00:00:00.0000349" startTime="2021-06-22T13:57:24.9185745+02:00" endTime="2021-06-22T13:57:24.9186554+02:00" testType="13cdc9d9-ddb5-4fa4-a97d-d965ccfc6d4b" outcome="Passed" testListId="8c84fa94-04c1-424b-9868-57a2d4851a1d" relativeResultsDirectory="dd897a88-64cd-4e3f-8c5a-04cf2083c983" />
    <UnitTestResult executionId="2c09cb68-eb3a-4040-8fb7-6eb331038846" testId="9abd4708-272c-4ac9-a688-5503b8fa251b" testName="OperatorEqual_Passing_Valid_Distinct_Values_Returns_False (34fsds@sdd.fgg)" computerName="PC-SFERRARI" duration="00:00:00.0000290" startTime="2021-06-22T13:57:24.9229995+02:00" endTime="2021-06-22T13:57:24.9230778+02:00" testType="13cdc9d9-ddb5-4fa4-a97d-d965ccfc6d4b" outcome="Passed" testListId="8c84fa94-04c1-424b-9868-57a2d4851a1d" relativeResultsDirectory="2c09cb68-eb3a-4040-8fb7-6eb331038846" />
    <UnitTestResult executionId="56ddb0b0-6ce8-406f-9d58-f21b04fb9691" testId="a04f0751-c220-4ccd-8ab6-e6a737cb909e" testName="OperatorEqual_Passing_Valid_Values_Returns_True (www.hackerone-com)" computerName="PC-SFERRARI" duration="00:00:00.0000174" startTime="2021-06-22T13:57:25.0759690+02:00" endTime="2021-06-22T13:57:25.0760732+02:00" testType="13cdc9d9-ddb5-4fa4-a97d-d965ccfc6d4b" outcome="Passed" testListId="8c84fa94-04c1-424b-9868-57a2d4851a1d" relativeResultsDirectory="56ddb0b0-6ce8-406f-9d58-f21b04fb9691" />
    <UnitTestResult executionId="fb4eb99e-d612-43e4-8087-e614df6635ee" testId="ce5e379f-ddad-470a-a554-9c20e9fd9726" testName="OperatorNotEqual_Passing_Valid_Values_Returns_False (Españç)" computerName="PC-SFERRARI" duration="00:00:00.0000209" startTime="2021-06-22T13:57:25.0368172+02:00" endTime="2021-06-22T13:57:25.0369035+02:00" testType="13cdc9d9-ddb5-4fa4-a97d-d965ccfc6d4b" outcome="Passed" testListId="8c84fa94-04c1-424b-9868-57a2d4851a1d" relativeResultsDirectory="fb4eb99e-d612-43e4-8087-e614df6635ee" />
    <UnitTestResult executionId="9ab3e5cd-8173-4b51-9020-e5be0667ead6" testId="23d277eb-2793-47dc-8910-90828f70f7d7" testName="Equals_Passing_Valid_Distinct_Values_Returns_False (200,EUR,4)" computerName="PC-SFERRARI" duration="00:00:00.0007172" startTime="2021-06-22T13:57:24.9783750+02:00" endTime="2021-06-22T13:57:24.9792021+02:00" testType="13cdc9d9-ddb5-4fa4-a97d-d965ccfc6d4b" outcome="Passed" testListId="8c84fa94-04c1-424b-9868-57a2d4851a1d" relativeResultsDirectory="9ab3e5cd-8173-4b51-9020-e5be0667ead6" />
    <UnitTestResult executionId="d13255ab-e8d2-4c6a-a1d6-e1d2d7e7e569" testId="1cb2fec5-3644-498d-a3eb-6fe6cddffad3" testName="Create_Passing_Valid_Values_Returns_Currency (EUR)" computerName="PC-SFERRARI" duration="00:00:00.0014208" startTime="2021-06-22T13:57:24.8559374+02:00" endTime="2021-06-22T13:57:24.8574948+02:00" testType="13cdc9d9-ddb5-4fa4-a97d-d965ccfc6d4b" outcome="Passed" testListId="8c84fa94-04c1-424b-9868-57a2d4851a1d" relativeResultsDirectory="d13255ab-e8d2-4c6a-a1d6-e1d2d7e7e569" />
    <UnitTestResult executionId="696e1775-8015-45ef-bf46-a8396d65a76a" testId="64fb1d76-d2f7-43ec-bb63-d4a23ca79c90" testName="Equals_Passing_Valid_Distinct_Values_Returns_False (Españç)" computerName="PC-SFERRARI" duration="00:00:00.0000197" startTime="2021-06-22T13:57:25.0264980+02:00" endTime="2021-06-22T13:57:25.0265958+02:00" testType="13cdc9d9-ddb5-4fa4-a97d-d965ccfc6d4b" outcome="Passed" testListId="8c84fa94-04c1-424b-9868-57a2d4851a1d" relativeResultsDirectory="696e1775-8015-45ef-bf46-a8396d65a76a" />
    <UnitTestResult executionId="eab9694f-5604-4cef-b681-30198146288c" testId="8033d608-52bb-4f75-a357-54b15303ce70" testName="ToEnum_Passing_Invalid_Int_Name_Enumeracion_Returns_Null" computerName="PC-SFERRARI" duration="00:00:00.0001456" startTime="2021-06-22T13:57:25.1327499+02:00" endTime="2021-06-22T13:57:25.1329630+02:00" testType="13cdc9d9-ddb5-4fa4-a97d-d965ccfc6d4b" outcome="Passed" testListId="8c84fa94-04c1-424b-9868-57a2d4851a1d" relativeResultsDirectory="eab9694f-5604-4cef-b681-30198146288c" />
    <UnitTestResult executionId="48a2f492-1434-44c4-86d2-ba4dbd55a648" testId="8c5d9a47-968f-4efd-9684-51df4cdf14b3" testName="Create_Passing_Valid_Values_Returns_Name (Españħ)" computerName="PC-SFERRARI" duration="00:00:00.0000177" startTime="2021-06-22T13:57:25.0060362+02:00" endTime="2021-06-22T13:57:25.0062103+02:00" testType="13cdc9d9-ddb5-4fa4-a97d-d965ccfc6d4b" outcome="Passed" testListId="8c84fa94-04c1-424b-9868-57a2d4851a1d" relativeResultsDirectory="48a2f492-1434-44c4-86d2-ba4dbd55a648" />
    <UnitTestResult executionId="ad1a3baa-0c2b-47bd-8d32-dd4f64d1e731" testId="5513dcdd-7072-41ef-83f6-680a007c771e" testName="ToEnum_Passing_Valid_IntName_Enumeracion_Returns_Enumeracion" computerName="PC-SFERRARI" duration="00:00:00.0001792" startTime="2021-06-22T13:57:25.1324605+02:00" endTime="2021-06-22T13:57:25.1327112+02:00" testType="13cdc9d9-ddb5-4fa4-a97d-d965ccfc6d4b" outcome="Passed" testListId="8c84fa94-04c1-424b-9868-57a2d4851a1d" relativeResultsDirectory="ad1a3baa-0c2b-47bd-8d32-dd4f64d1e731" />
    <UnitTestResult executionId="83c7f88e-e0d0-432f-afdd-7b3cfaf76a7b" testId="0fd99bfb-7fa9-4f41-a6ac-fe43030b17d3" testName="OperatorEqual_Passing_Valid_Distinct_Values_Returns_False (Españà)" computerName="PC-SFERRARI" duration="00:00:00.0000113" startTime="2021-06-22T13:57:25.0337540+02:00" endTime="2021-06-22T13:57:25.0338084+02:00" testType="13cdc9d9-ddb5-4fa4-a97d-d965ccfc6d4b" outcome="Passed" testListId="8c84fa94-04c1-424b-9868-57a2d4851a1d" relativeResultsDirectory="83c7f88e-e0d0-432f-afdd-7b3cfaf76a7b" />
    <UnitTestResult executionId="bcb8d44e-36e2-44eb-93f0-a18cf1780495" testId="1c9add5c-77bc-4704-9143-ac29d3538f55" testName="OperatorNotEqual_Passing_Valid_Values_Returns_True (Esp añâ)" computerName="PC-SFERRARI" duration="00:00:00.0000201" startTime="2021-06-22T13:57:25.0446739+02:00" endTime="2021-06-22T13:57:25.0447735+02:00" testType="13cdc9d9-ddb5-4fa4-a97d-d965ccfc6d4b" outcome="Passed" testListId="8c84fa94-04c1-424b-9868-57a2d4851a1d" relativeResultsDirectory="bcb8d44e-36e2-44eb-93f0-a18cf1780495" />
    <UnitTestResult executionId="389a715f-a811-43aa-bc52-9fdc920aacd9" testId="cf701283-5b01-476c-a79d-d05c40886e30" testName="GetAll_Passing_Nothing_Returns_Enumeracion_List" computerName="PC-SFERRARI" duration="00:00:00.0003039" startTime="2021-06-22T13:57:25.1352944+02:00" endTime="2021-06-22T13:57:25.1356936+02:00" testType="13cdc9d9-ddb5-4fa4-a97d-d965ccfc6d4b" outcome="Passed" testListId="8c84fa94-04c1-424b-9868-57a2d4851a1d" relativeResultsDirectory="389a715f-a811-43aa-bc52-9fdc920aacd9" />
    <UnitTestResult executionId="015f36ba-8623-453e-b162-6a86b1a7334d" testId="65ef1241-7a26-4270-983f-e838223b09b9" testName="ToEnum_Passing_Null_Bool_Value_Returns_Inactive_Status" computerName="PC-SFERRARI" duration="00:00:00.0001258" startTime="2021-06-22T13:57:25.1256166+02:00" endTime="2021-06-22T13:57:25.1258172+02:00" testType="13cdc9d9-ddb5-4fa4-a97d-d965ccfc6d4b" outcome="Passed" testListId="8c84fa94-04c1-424b-9868-57a2d4851a1d" relativeResultsDirectory="015f36ba-8623-453e-b162-6a86b1a7334d" />
    <UnitTestResult executionId="68f43792-5fc0-4819-8063-d12bad5046a6" testId="606041eb-01db-4d94-a3b3-87e9cebd88f4" testName="OperatorNotEqual_Passing_Valid_Values_Returns_True (Españħ)" computerName="PC-SFERRARI" duration="00:00:00.0000315" startTime="2021-06-22T13:57:25.0444096+02:00" endTime="2021-06-22T13:57:25.0445752+02:00" testType="13cdc9d9-ddb5-4fa4-a97d-d965ccfc6d4b" outcome="Passed" testListId="8c84fa94-04c1-424b-9868-57a2d4851a1d" relativeResultsDirectory="68f43792-5fc0-4819-8063-d12bad5046a6" />
    <UnitTestResult executionId="3bbcda3d-bfec-4d4e-980f-0c82d5119ea6" testId="efb242b9-e714-4985-8dbe-7b345e25eb29" testName="OperatorNotEqual_Passing_Valid_Values_Returns_False (D45,86554654)" computerName="PC-SFERRARI" duration="00:00:00.0000153" startTime="2021-06-22T13:57:25.0969077+02:00" endTime="2021-06-22T13:57:25.0969878+02:00" testType="13cdc9d9-ddb5-4fa4-a97d-d965ccfc6d4b" outcome="Passed" testListId="8c84fa94-04c1-424b-9868-57a2d4851a1d" relativeResultsDirectory="3bbcda3d-bfec-4d4e-980f-0c82d5119ea6" />
    <UnitTestResult executionId="98d8c7a4-bfa8-4bf4-8bf3-821ef9bbb66a" testId="25ae38f7-c054-470d-a8e3-64db96f5834f" testName="OperatorNotEqual_Passing_Valid_Values_Returns_True (Españâ)" computerName="PC-SFERRARI" duration="00:00:00.0000176" startTime="2021-06-22T13:57:25.0411894+02:00" endTime="2021-06-22T13:57:25.0412745+02:00" testType="13cdc9d9-ddb5-4fa4-a97d-d965ccfc6d4b" outcome="Passed" testListId="8c84fa94-04c1-424b-9868-57a2d4851a1d" relativeResultsDirectory="98d8c7a4-bfa8-4bf4-8bf3-821ef9bbb66a" />
    <UnitTestResult executionId="2d8e0856-7562-4830-8df1-7e64ebc171e1" testId="c34e0765-e201-4ecb-9316-c7b5e103c037" testName="Equals_Passing_Valid_Distinct_Values_Returns_False (456,43543543543)" computerName="PC-SFERRARI" duration="00:00:00.0001701" startTime="2021-06-22T13:57:25.0925380+02:00" endTime="2021-06-22T13:57:25.0927737+02:00" testType="13cdc9d9-ddb5-4fa4-a97d-d965ccfc6d4b" outcome="Passed" testListId="8c84fa94-04c1-424b-9868-57a2d4851a1d" relativeResultsDirectory="2d8e0856-7562-4830-8df1-7e64ebc171e1" />
    <UnitTestResult executionId="8ab7eba8-3e8b-42ae-8892-17d0f117d033" testId="d69b54e0-2406-4ae3-91f8-2dabdcb45564" testName="OperatorEqual_Passing_Valid_Distinct_Values_Returns_False (456,43543543543)" computerName="PC-SFERRARI" duration="00:00:00.0001386" startTime="2021-06-22T13:57:25.0962284+02:00" endTime="2021-06-22T13:57:25.0964344+02:00" testType="13cdc9d9-ddb5-4fa4-a97d-d965ccfc6d4b" outcome="Passed" testListId="8c84fa94-04c1-424b-9868-57a2d4851a1d" relativeResultsDirectory="8ab7eba8-3e8b-42ae-8892-17d0f117d033" />
    <UnitTestResult executionId="9ce575ae-7403-4b09-96f7-87bbdcbf42cc" testId="c6646b46-1909-4968-bb3d-17063e091df7" testName="Create_Passing_InvalidOrNull_Value_Returns_ApplicationException (,789,DF7956,Sabadell,Barcelona,España)" computerName="PC-SFERRARI" duration="00:00:00.0000703" startTime="2021-06-22T13:57:24.7491031+02:00" endTime="2021-06-22T13:57:24.7492722+02:00" testType="13cdc9d9-ddb5-4fa4-a97d-d965ccfc6d4b" outcome="Passed" testListId="8c84fa94-04c1-424b-9868-57a2d4851a1d" relativeResultsDirectory="9ce575ae-7403-4b09-96f7-87bbdcbf42cc" />
    <UnitTestResult executionId="450c46d3-0af9-4c00-bb6d-ee8a3676b189" testId="0c579032-5072-487b-a7d4-dfcc2f228939" testName="ToEnum_Passing_Valid_IntName_Enumeracion_Returns_Enumeracion" computerName="PC-SFERRARI" duration="00:00:00.0001916" startTime="2021-06-22T13:57:25.1223761+02:00" endTime="2021-06-22T13:57:25.1226604+02:00" testType="13cdc9d9-ddb5-4fa4-a97d-d965ccfc6d4b" outcome="Passed" testListId="8c84fa94-04c1-424b-9868-57a2d4851a1d" relativeResultsDirectory="450c46d3-0af9-4c00-bb6d-ee8a3676b189" />
    <UnitTestResult executionId="ddc5c64b-3190-4f30-bce8-c3f47c3da99d" testId="0228b897-3998-405e-a9e0-000424c636f4" testName="OperatorEqual_Passing_Valid_Distinct_Values_Returns_False (Españã)" computerName="PC-SFERRARI" duration="00:00:00.0000112" startTime="2021-06-22T13:57:25.0340403+02:00" endTime="2021-06-22T13:57:25.0340938+02:00" testType="13cdc9d9-ddb5-4fa4-a97d-d965ccfc6d4b" outcome="Passed" testListId="8c84fa94-04c1-424b-9868-57a2d4851a1d" relativeResultsDirectory="ddc5c64b-3190-4f30-bce8-c3f47c3da99d" />
    <UnitTestResult executionId="f2fe3b02-3ce1-4f34-8e10-d0b47d4fd122" testId="77a9c467-b454-4b51-9acd-29829ad227a7" testName="OperatorEqual_Passing_Valid_Distinct_Values_Returns_False (200,EUR,4)" computerName="PC-SFERRARI" duration="00:00:00.0006062" startTime="2021-06-22T13:57:24.9831618+02:00" endTime="2021-06-22T13:57:24.9838723+02:00" testType="13cdc9d9-ddb5-4fa4-a97d-d965ccfc6d4b" outcome="Passed" testListId="8c84fa94-04c1-424b-9868-57a2d4851a1d" relativeResultsDirectory="f2fe3b02-3ce1-4f34-8e10-d0b47d4fd122" />
    <UnitTestResult executionId="676867e6-a23d-4035-90fb-e4a7e2b004d0" testId="4042d3d4-cb6b-4227-944e-477e8e753558" testName="Equals_Passing_Valid_Values_Returns_True (dasdasd@dsasd.ff)" computerName="PC-SFERRARI" duration="00:00:00.0006983" startTime="2021-06-22T13:57:24.9210768+02:00" endTime="2021-06-22T13:57:24.9218821+02:00" testType="13cdc9d9-ddb5-4fa4-a97d-d965ccfc6d4b" outcome="Passed" testListId="8c84fa94-04c1-424b-9868-57a2d4851a1d" relativeResultsDirectory="676867e6-a23d-4035-90fb-e4a7e2b004d0" />
    <UnitTestResult executionId="ce0e01c1-0ed7-472b-b30e-a8f58efcf768" testId="4a1ba635-0ebd-42a2-baaf-b271e423afbe" testName="Equals_Passing_Valid_Values_Returns_True (Españá)" computerName="PC-SFERRARI" duration="00:00:00.0000403" startTime="2021-06-22T13:57:25.0186575+02:00" endTime="2021-06-22T13:57:25.0188284+02:00" testType="13cdc9d9-ddb5-4fa4-a97d-d965ccfc6d4b" outcome="Passed" testListId="8c84fa94-04c1-424b-9868-57a2d4851a1d" relativeResultsDirectory="ce0e01c1-0ed7-472b-b30e-a8f58efcf768" />
    <UnitTestResult executionId="e87bf14d-7db7-41b2-92f3-a96b47d28b6b" testId="f48eff55-0fe7-4ec5-a356-86d811a3ff1f" testName="Change_Passing_Valid_Values_Returns_Email (aaa@aaa.aaa,hhh@hhh.hhh)" computerName="PC-SFERRARI" duration="00:00:00.0001503" startTime="2021-06-22T13:57:24.9189194+02:00" endTime="2021-06-22T13:57:24.9191151+02:00" testType="13cdc9d9-ddb5-4fa4-a97d-d965ccfc6d4b" outcome="Passed" testListId="8c84fa94-04c1-424b-9868-57a2d4851a1d" relativeResultsDirectory="e87bf14d-7db7-41b2-92f3-a96b47d28b6b" />
    <UnitTestResult executionId="56a36b78-de5d-40ff-9f99-a3d966d2ac38" testId="8bcc3006-94da-4f6c-b3e6-9a719e5822b9" testName="ToEnum_Passing_Valid_Bool_Value_Returns_Enumeracion" computerName="PC-SFERRARI" duration="00:00:00.0002041" startTime="2021-06-22T13:57:25.1252972+02:00" endTime="2021-06-22T13:57:25.1255739+02:00" testType="13cdc9d9-ddb5-4fa4-a97d-d965ccfc6d4b" outcome="Passed" testListId="8c84fa94-04c1-424b-9868-57a2d4851a1d" relativeResultsDirectory="56a36b78-de5d-40ff-9f99-a3d966d2ac38" />
    <UnitTestResult executionId="503d4d04-096a-4f06-9d9c-bc8a6dad9514" testId="7e8472a7-3686-4f40-af97-8b70fe36e845" testName="Create_Passing_Valid_Values_Returns_Subdomain (stage_hackerone.com)" computerName="PC-SFERRARI" duration="00:00:00.0000084" startTime="2021-06-22T13:57:25.0660423+02:00" endTime="2021-06-22T13:57:25.0660902+02:00" testType="13cdc9d9-ddb5-4fa4-a97d-d965ccfc6d4b" outcome="Passed" testListId="8c84fa94-04c1-424b-9868-57a2d4851a1d" relativeResultsDirectory="503d4d04-096a-4f06-9d9c-bc8a6dad9514" />
    <UnitTestResult executionId="299eaa92-54b4-4221-962e-f572a012f6b2" testId="9af8788a-6916-4b7a-b8ce-550207902026" testName="IsNull_Passing_Valid_Values_Returns_False (Sabadell,Barcelona,España)" computerName="PC-SFERRARI" duration="00:00:00.0000178" startTime="2021-06-22T13:57:24.9465834+02:00" endTime="2021-06-22T13:57:24.9466818+02:00" testType="13cdc9d9-ddb5-4fa4-a97d-d965ccfc6d4b" outcome="Passed" testListId="8c84fa94-04c1-424b-9868-57a2d4851a1d" relativeResultsDirectory="299eaa92-54b4-4221-962e-f572a012f6b2" />
    <UnitTestResult executionId="f5f12612-9665-48b2-9cf4-2d4dde18c670" testId="d98d8b5f-06ab-4a40-9410-fe28d7f5a8ee" testName="OperatorNotEqual_Passing_Valid_Values_Returns_True (app.hackerone1.com)" computerName="PC-SFERRARI" duration="00:00:00.0001835" startTime="2021-06-22T13:57:25.0800109+02:00" endTime="2021-06-22T13:57:25.0802860+02:00" testType="13cdc9d9-ddb5-4fa4-a97d-d965ccfc6d4b" outcome="Passed" testListId="8c84fa94-04c1-424b-9868-57a2d4851a1d" relativeResultsDirectory="f5f12612-9665-48b2-9cf4-2d4dde18c670" />
    <UnitTestResult executionId="94523f90-f330-4574-b491-fb91ed680b43" testId="a14b901a-26a4-40cc-9093-eb895fffdb19" testName="IsNull_Passing_Valid_Value_Returns_False (Españç)" computerName="PC-SFERRARI" duration="00:00:00.0000091" startTime="2021-06-22T13:57:25.0016236+02:00" endTime="2021-06-22T13:57:25.0016747+02:00" testType="13cdc9d9-ddb5-4fa4-a97d-d965ccfc6d4b" outcome="Passed" testListId="8c84fa94-04c1-424b-9868-57a2d4851a1d" relativeResultsDirectory="94523f90-f330-4574-b491-fb91ed680b43" />
    <UnitTestResult executionId="a0be62d2-1d00-414f-b8c5-550436587a8b" testId="03f91124-39a3-4766-8638-7218bab14182" testName="Create_Passing_InvalidOrNull_Value_Returns_ApplicationException (34fsds@@sdd.f)" computerName="PC-SFERRARI" duration="00:00:00.0000443" startTime="2021-06-22T13:57:24.9184382+02:00" endTime="2021-06-22T13:57:24.9185362+02:00" testType="13cdc9d9-ddb5-4fa4-a97d-d965ccfc6d4b" outcome="Passed" testListId="8c84fa94-04c1-424b-9868-57a2d4851a1d" relativeResultsDirectory="a0be62d2-1d00-414f-b8c5-550436587a8b" />
    <UnitTestResult executionId="9ad3d431-a03c-4b64-a9da-99828df03065" testId="6026d378-a5ea-467c-8c94-c56d31219863" testName="ToString_Passing_Valid_Values_Returns_Name (Españä)" computerName="PC-SFERRARI" duration="00:00:00.0000124" startTime="2021-06-22T13:57:25.0112853+02:00" endTime="2021-06-22T13:57:25.0113631+02:00" testType="13cdc9d9-ddb5-4fa4-a97d-d965ccfc6d4b" outcome="Passed" testListId="8c84fa94-04c1-424b-9868-57a2d4851a1d" relativeResultsDirectory="9ad3d431-a03c-4b64-a9da-99828df03065" />
    <UnitTestResult executionId="ef9e554e-9a14-40a8-8255-54911ae5d5f4" testId="7659c67a-4a41-47fd-89b4-b830cf35858e" testName="OperatorNotEqual_Passing_Valid_Values_Returns_False (app.hackerone1.com)" computerName="PC-SFERRARI" duration="00:00:00.0001298" startTime="2021-06-22T13:57:25.0768067+02:00" endTime="2021-06-22T13:57:25.0769934+02:00" testType="13cdc9d9-ddb5-4fa4-a97d-d965ccfc6d4b" outcome="Passed" testListId="8c84fa94-04c1-424b-9868-57a2d4851a1d" relativeResultsDirectory="ef9e554e-9a14-40a8-8255-54911ae5d5f4" />
    <UnitTestResult executionId="565916c0-9272-45dd-a121-39cb4f80b6fe" testId="ab6df1e3-e1b1-4ba4-b401-1618b38da68e" testName="IsNull_Passing_Valid_Value_Returns_False (www.hackerone-com)" computerName="PC-SFERRARI" duration="00:00:00.0000124" startTime="2021-06-22T13:57:25.0618208+02:00" endTime="2021-06-22T13:57:25.0618981+02:00" testType="13cdc9d9-ddb5-4fa4-a97d-d965ccfc6d4b" outcome="Passed" testListId="8c84fa94-04c1-424b-9868-57a2d4851a1d" relativeResultsDirectory="565916c0-9272-45dd-a121-39cb4f80b6fe" />
    <UnitTestResult executionId="9c9c8dee-7b48-4f49-ae6c-6f9a5397002c" testId="baf99785-676b-4b60-9e92-e7c10d0ba0a2" testName="Equals_Passing_Valid_Distinct_Values_Returns_False (Esp añâ)" computerName="PC-SFERRARI" duration="00:00:00.0000117" startTime="2021-06-22T13:57:25.0299513+02:00" endTime="2021-06-22T13:57:25.0300150+02:00" testType="13cdc9d9-ddb5-4fa4-a97d-d965ccfc6d4b" outcome="Passed" testListId="8c84fa94-04c1-424b-9868-57a2d4851a1d" relativeResultsDirectory="9c9c8dee-7b48-4f49-ae6c-6f9a5397002c" />
    <UnitTestResult executionId="862d227f-058b-40fe-ad99-a6bf00040282" testId="316cfabd-0909-4a0f-948b-e4d5e50d9f40" testName="Equals_Passing_Valid_Values_Returns_False (Tenerife,23,34567,San Bartoleme De Tirajana,Las Palmas,España)" computerName="PC-SFERRARI" duration="00:00:00.0002999" startTime="2021-06-22T13:57:24.8103155+02:00" endTime="2021-06-22T13:57:24.8106733+02:00" testType="13cdc9d9-ddb5-4fa4-a97d-d965ccfc6d4b" outcome="Passed" testListId="8c84fa94-04c1-424b-9868-57a2d4851a1d" relativeResultsDirectory="862d227f-058b-40fe-ad99-a6bf00040282" />
    <UnitTestResult executionId="bb94d0ee-1bde-4785-9de5-632c36a3ae0c" testId="1a3198c9-08a5-48c8-af39-346af2dfd85b" testName="OperatorNotEqual_Passing_Valid_Values_Returns_False (España)" computerName="PC-SFERRARI" duration="00:00:00.0001508" startTime="2021-06-22T13:57:25.0361316+02:00" endTime="2021-06-22T13:57:25.0363301+02:00" testType="13cdc9d9-ddb5-4fa4-a97d-d965ccfc6d4b" outcome="Passed" testListId="8c84fa94-04c1-424b-9868-57a2d4851a1d" relativeResultsDirectory="bb94d0ee-1bde-4785-9de5-632c36a3ae0c" />
    <UnitTestResult executionId="ac024ff8-67ae-40ba-af36-08ea30fa053e" testId="46d609a0-bf2a-4d74-b7d0-12d27c77e6a3" testName="IsNull_Passing_Null_Value_Returns_True" computerName="PC-SFERRARI" duration="00:00:00.0002937" startTime="2021-06-22T13:57:25.0018763+02:00" endTime="2021-06-22T13:57:25.0022301+02:00" testType="13cdc9d9-ddb5-4fa4-a97d-d965ccfc6d4b" outcome="Passed" testListId="8c84fa94-04c1-424b-9868-57a2d4851a1d" relativeResultsDirectory="ac024ff8-67ae-40ba-af36-08ea30fa053e" />
    <UnitTestResult executionId="4253faf9-5fb1-4a9e-a178-ac41eadb7f11" testId="dd0e25fb-69e4-42af-988b-72f6e985ef9b" testName="IsNull_Passing_Valid_Value_Returns_False (dasdasd@dsasd.ff)" computerName="PC-SFERRARI" duration="00:00:00.0156352" startTime="2021-06-22T13:57:24.8976829+02:00" endTime="2021-06-22T13:57:24.9135167+02:00" testType="13cdc9d9-ddb5-4fa4-a97d-d965ccfc6d4b" outcome="Passed" testListId="8c84fa94-04c1-424b-9868-57a2d4851a1d" relativeResultsDirectory="4253faf9-5fb1-4a9e-a178-ac41eadb7f11" />
    <UnitTestResult executionId="a772110d-6763-44d0-9e3b-acd6c3d20be5" testId="3fdd773e-339b-4401-b4d2-6be4d4c67a7d" testName="OperatorEqual_Passing_Valid_Distinct_Values_Returns_False (Españâ)" computerName="PC-SFERRARI" duration="00:00:00.0000115" startTime="2021-06-22T13:57:25.0339509+02:00" endTime="2021-06-22T13:57:25.0340063+02:00" testType="13cdc9d9-ddb5-4fa4-a97d-d965ccfc6d4b" outcome="Passed" testListId="8c84fa94-04c1-424b-9868-57a2d4851a1d" relativeResultsDirectory="a772110d-6763-44d0-9e3b-acd6c3d20be5" />
    <UnitTestResult executionId="885ab2fa-624a-4324-9721-fda2901ad212" testId="8b47e9f3-0f79-4105-82d4-274229af2a49" testName="Create_Passing_Valid_Value_Returns_Email (ñandu@gmail.com)" computerName="PC-SFERRARI" duration="00:00:00.0001372" startTime="2021-06-22T13:57:24.9147184+02:00" endTime="2021-06-22T13:57:24.9149245+02:00" testType="13cdc9d9-ddb5-4fa4-a97d-d965ccfc6d4b" outcome="Passed" testListId="8c84fa94-04c1-424b-9868-57a2d4851a1d" relativeResultsDirectory="885ab2fa-624a-4324-9721-fda2901ad212" />
    <UnitTestResult executionId="32ea2142-d5e4-47c1-8025-4433fd814108" testId="f1c8a9db-f09f-4ede-bdc3-207825f1ca01" testName="IsNull_Passing_Valid_Value_Returns_False (Españä)" computerName="PC-SFERRARI" duration="00:00:00.0000096" startTime="2021-06-22T13:57:25.0013537+02:00" endTime="2021-06-22T13:57:25.0014142+02:00" testType="13cdc9d9-ddb5-4fa4-a97d-d965ccfc6d4b" outcome="Passed" testListId="8c84fa94-04c1-424b-9868-57a2d4851a1d" relativeResultsDirectory="32ea2142-d5e4-47c1-8025-4433fd814108" />
    <UnitTestResult executionId="34d8ebf9-e97f-4e21-8a4b-264639a7fd16" testId="6e7048f8-5fd6-412f-920e-5155f4aea090" testName="OperatorEqual_Passing_Valid_Values_Returns_True (Tenerife,23,34567,San Bartoleme De Tirajana,Las Palmas,España)" computerName="PC-SFERRARI" duration="00:00:00.0002060" startTime="2021-06-22T13:57:24.8108844+02:00" endTime="2021-06-22T13:57:24.8111433+02:00" testType="13cdc9d9-ddb5-4fa4-a97d-d965ccfc6d4b" outcome="Passed" testListId="8c84fa94-04c1-424b-9868-57a2d4851a1d" relativeResultsDirectory="34d8ebf9-e97f-4e21-8a4b-264639a7fd16" />
    <UnitTestResult executionId="6b0bfd50-7c63-436e-b4bd-717322155796" testId="a2bc208e-24ba-4737-961d-c45d7e20abac" testName="OperatorNotEqual_Passing_Valid_Values_Returns_True (España)" computerName="PC-SFERRARI" duration="00:00:00.0001660" startTime="2021-06-22T13:57:25.0404412+02:00" endTime="2021-06-22T13:57:25.0406859+02:00" testType="13cdc9d9-ddb5-4fa4-a97d-d965ccfc6d4b" outcome="Passed" testListId="8c84fa94-04c1-424b-9868-57a2d4851a1d" relativeResultsDirectory="6b0bfd50-7c63-436e-b4bd-717322155796" />
    <UnitTestResult executionId="2949f3f0-63c9-4193-8244-4afa79e95376" testId="bd27c893-1b49-4e88-b268-8affd7f940d7" testName="ToEnum_Passing_Valid_String_Name_Enumeracion_Returns_Enumeracion" computerName="PC-SFERRARI" duration="00:00:00.0008907" startTime="2021-06-22T13:57:25.1106099+02:00" endTime="2021-06-22T13:57:25.1117064+02:00" testType="13cdc9d9-ddb5-4fa4-a97d-d965ccfc6d4b" outcome="Passed" testListId="8c84fa94-04c1-424b-9868-57a2d4851a1d" relativeResultsDirectory="2949f3f0-63c9-4193-8244-4afa79e95376" />
    <UnitTestResult executionId="4ec1e589-d94b-4a8c-a217-ae475ffcc98e" testId="5c50cf41-604e-4137-b296-96ec8a51c774" testName="Change_Passing_Valid_Values_Returns_Currency (EUR)" computerName="PC-SFERRARI" duration="00:00:00.0008592" startTime="2021-06-22T13:57:24.8817024+02:00" endTime="2021-06-22T13:57:24.8826578+02:00" testType="13cdc9d9-ddb5-4fa4-a97d-d965ccfc6d4b" outcome="Passed" testListId="8c84fa94-04c1-424b-9868-57a2d4851a1d" relativeResultsDirectory="4ec1e589-d94b-4a8c-a217-ae475ffcc98e" />
    <UnitTestResult executionId="a6c13443-b3ed-4a07-a63d-5949bc64940d" testId="468fb937-c03d-46ea-bde4-b516bbd2cca0" testName="ToString_Passing_Valid_Values_Returns_Value_String_Format (456,43543543543)" computerName="PC-SFERRARI" duration="00:00:00.0002945" startTime="2021-06-22T13:57:25.0907372+02:00" endTime="2021-06-22T13:57:25.0911044+02:00" testType="13cdc9d9-ddb5-4fa4-a97d-d965ccfc6d4b" outcome="Passed" testListId="8c84fa94-04c1-424b-9868-57a2d4851a1d" relativeResultsDirectory="a6c13443-b3ed-4a07-a63d-5949bc64940d" />
    <UnitTestResult executionId="3613216b-5f5e-4821-92f2-194b5f48b775" testId="dcbe719f-e52d-4403-b161-cc1a8be68948" testName="OperatorEqual_Passing_Valid_Values_Returns_True (100,EUR,2)" computerName="PC-SFERRARI" duration="00:00:00.0004085" startTime="2021-06-22T13:57:24.9799628+02:00" endTime="2021-06-22T13:57:24.9804516+02:00" testType="13cdc9d9-ddb5-4fa4-a97d-d965ccfc6d4b" outcome="Passed" testListId="8c84fa94-04c1-424b-9868-57a2d4851a1d" relativeResultsDirectory="3613216b-5f5e-4821-92f2-194b5f48b775" />
    <UnitTestResult executionId="a3b4d0e4-b338-4623-8164-e035973df52c" testId="bc59322d-aaa0-4fe4-ad6a-db90c1a39c02" testName="Create_Passing_Valid_Values_Returns_Subdomain (www.hackerone1-com)" computerName="PC-SFERRARI" duration="00:00:00.0000091" startTime="2021-06-22T13:57:25.0659536+02:00" endTime="2021-06-22T13:57:25.0660072+02:00" testType="13cdc9d9-ddb5-4fa4-a97d-d965ccfc6d4b" outcome="Passed" testListId="8c84fa94-04c1-424b-9868-57a2d4851a1d" relativeResultsDirectory="a3b4d0e4-b338-4623-8164-e035973df52c" />
    <UnitTestResult executionId="39734c1b-518d-4eb0-9857-5d7270115f80" testId="37c54b06-9003-48bf-b63a-067be179f01c" testName="ToNormalize_Passing_Valid_Values_Returns_Name_String_Format (España,Espana)" computerName="PC-SFERRARI" duration="00:00:00.0004440" startTime="2021-06-22T13:57:25.0448563+02:00" endTime="2021-06-22T13:57:25.0453769+02:00" testType="13cdc9d9-ddb5-4fa4-a97d-d965ccfc6d4b" outcome="Passed" testListId="8c84fa94-04c1-424b-9868-57a2d4851a1d" relativeResultsDirectory="39734c1b-518d-4eb0-9857-5d7270115f80" />
    <UnitTestResult executionId="38653f6b-a04a-4848-8d12-6bc06da4cd9e" testId="fa1f9eba-d0e1-4212-a79d-ebbd762dad15" testName="OperatorNotEqual_Passing_Valid_Values_Returns_True (Tenerife,23,34567,San Bartoleme De Tirajana,Las Palmas,España)" computerName="PC-SFERRARI" duration="00:00:00.0001717" startTime="2021-06-22T13:57:24.8144346+02:00" endTime="2021-06-22T13:57:24.8146979+02:00" testType="13cdc9d9-ddb5-4fa4-a97d-d965ccfc6d4b" outcome="Passed" testListId="8c84fa94-04c1-424b-9868-57a2d4851a1d" relativeResultsDirectory="38653f6b-a04a-4848-8d12-6bc06da4cd9e" />
    <UnitTestResult executionId="14243b7e-8d63-4450-8602-1258cbef40c4" testId="a0800714-3984-46ed-b940-d3500f863987" testName="IsNull_Passing_Valid_Values_Returns_False (456,43543543543)" computerName="PC-SFERRARI" duration="00:00:00.0017617" startTime="2021-06-22T13:57:25.0807024+02:00" endTime="2021-06-22T13:57:25.0827045+02:00" testType="13cdc9d9-ddb5-4fa4-a97d-d965ccfc6d4b" outcome="Passed" testListId="8c84fa94-04c1-424b-9868-57a2d4851a1d" relativeResultsDirectory="14243b7e-8d63-4450-8602-1258cbef40c4" />
    <UnitTestResult executionId="1c4a8f98-6f91-4afe-9e38-06af06acd94b" testId="1a174efd-c9c2-4c98-8d9f-3bad640eb673" testName="ToNormalize_Passing_Valid_Values_Returns_Name_String_Format (Españħ,Espanh)" computerName="PC-SFERRARI" duration="00:00:00.0000611" startTime="2021-06-22T13:57:25.0494476+02:00" endTime="2021-06-22T13:57:25.0496313+02:00" testType="13cdc9d9-ddb5-4fa4-a97d-d965ccfc6d4b" outcome="Passed" testListId="8c84fa94-04c1-424b-9868-57a2d4851a1d" relativeResultsDirectory="1c4a8f98-6f91-4afe-9e38-06af06acd94b" />
    <UnitTestResult executionId="f64fd90f-27e7-4a0c-9e43-f1037d87db9b" testId="cc2b2e93-92bd-44db-88d3-38ed9e511cf1" testName="OperatorNotEqual_Passing_Valid_Values_Returns_False (200,EUR,4)" computerName="PC-SFERRARI" duration="00:00:00.0001916" startTime="2021-06-22T13:57:24.9870401+02:00" endTime="2021-06-22T13:57:24.9872915+02:00" testType="13cdc9d9-ddb5-4fa4-a97d-d965ccfc6d4b" outcome="Passed" testListId="8c84fa94-04c1-424b-9868-57a2d4851a1d" relativeResultsDirectory="f64fd90f-27e7-4a0c-9e43-f1037d87db9b" />
    <UnitTestResult executionId="62b258f9-46c8-4a9d-861a-c41b5f1bcb50" testId="4960ddde-9538-4a23-a31e-3583168ee178" testName="Create_Passing_Valid_Value_Returns_Email (dasdasd@dsasd.ff)" computerName="PC-SFERRARI" duration="00:00:00.0001370" startTime="2021-06-22T13:57:24.9142901+02:00" endTime="2021-06-22T13:57:24.9145060+02:00" testType="13cdc9d9-ddb5-4fa4-a97d-d965ccfc6d4b" outcome="Passed" testListId="8c84fa94-04c1-424b-9868-57a2d4851a1d" relativeResultsDirectory="62b258f9-46c8-4a9d-861a-c41b5f1bcb50" />
    <UnitTestResult executionId="c1e97968-2d04-4fa4-8f93-ba38b3bcb77c" testId="57247944-d83c-4ba6-a1e9-cd69665d5b29" testName="Equals_Passing_Valid_Distinct_Values_Returns_False (Sabadell,Barcelona,España)" computerName="PC-SFERRARI" duration="00:00:00.0000244" startTime="2021-06-22T13:57:24.9541419+02:00" endTime="2021-06-22T13:57:24.9542136+02:00" testType="13cdc9d9-ddb5-4fa4-a97d-d965ccfc6d4b" outcome="Passed" testListId="8c84fa94-04c1-424b-9868-57a2d4851a1d" relativeResultsDirectory="c1e97968-2d04-4fa4-8f93-ba38b3bcb77c" />
    <UnitTestResult executionId="67610d3e-8e01-4931-8ae7-db21bd278a29" testId="9a292f3a-5800-47b9-bf5d-28e01e2aee31" testName="ToEnum_Passing_Invalid_String_Name_Enumeracion_Returns_Null" computerName="PC-SFERRARI" duration="00:00:00.0001675" startTime="2021-06-22T13:57:25.1059169+02:00" endTime="2021-06-22T13:57:25.1061643+02:00" testType="13cdc9d9-ddb5-4fa4-a97d-d965ccfc6d4b" outcome="Passed" testListId="8c84fa94-04c1-424b-9868-57a2d4851a1d" relativeResultsDirectory="67610d3e-8e01-4931-8ae7-db21bd278a29" />
    <UnitTestResult executionId="6dfce453-8560-4047-96e4-460a5aa2abc5" testId="f2745cbb-3c5b-4816-b9df-21586cd2226d" testName="OperatorNotEqual_Passing_Valid_Values_Returns_True (Españä)" computerName="PC-SFERRARI" duration="00:00:00.0000180" startTime="2021-06-22T13:57:25.0410413+02:00" endTime="2021-06-22T13:57:25.0411271+02:00" testType="13cdc9d9-ddb5-4fa4-a97d-d965ccfc6d4b" outcome="Passed" testListId="8c84fa94-04c1-424b-9868-57a2d4851a1d" relativeResultsDirectory="6dfce453-8560-4047-96e4-460a5aa2abc5" />
    <UnitTestResult executionId="1953ea78-4fcd-4d37-99fe-94732812803b" testId="e476a88d-871f-4737-bf76-61cb4346fb4d" testName="Equals_Passing_Valid_Values_Returns_True (Esp añâ)" computerName="PC-SFERRARI" duration="00:00:00.0000175" startTime="2021-06-22T13:57:25.0253092+02:00" endTime="2021-06-22T13:57:25.0254013+02:00" testType="13cdc9d9-ddb5-4fa4-a97d-d965ccfc6d4b" outcome="Passed" testListId="8c84fa94-04c1-424b-9868-57a2d4851a1d" relativeResultsDirectory="1953ea78-4fcd-4d37-99fe-94732812803b" />
    <UnitTestResult executionId="a0170eb3-15b6-4410-8696-5d20c0ef659e" testId="203eee75-6d9d-4d0e-97fe-c3adcbf62563" testName="Create_Passing_InvalidOrNull_Value_Returns_ApplicationException (34?fsds@sdd.yy)" computerName="PC-SFERRARI" duration="00:00:00.0000372" startTime="2021-06-22T13:57:24.9187902+02:00" endTime="2021-06-22T13:57:24.9188811+02:00" testType="13cdc9d9-ddb5-4fa4-a97d-d965ccfc6d4b" outcome="Passed" testListId="8c84fa94-04c1-424b-9868-57a2d4851a1d" relativeResultsDirectory="a0170eb3-15b6-4410-8696-5d20c0ef659e" />
    <UnitTestResult executionId="3189c99d-a09b-4ef1-96f7-29b00bae31a5" testId="7a5ec98d-9ff9-48bc-aac5-0ef79dc2b759" testName="OperatorNotEqual_Passing_Valid_Values_Returns_True (200,EUR,4)" computerName="PC-SFERRARI" duration="00:00:00.0011558" startTime="2021-06-22T13:57:24.9889431+02:00" endTime="2021-06-22T13:57:24.9910346+02:00" testType="13cdc9d9-ddb5-4fa4-a97d-d965ccfc6d4b" outcome="Passed" testListId="8c84fa94-04c1-424b-9868-57a2d4851a1d" relativeResultsDirectory="3189c99d-a09b-4ef1-96f7-29b00bae31a5" />
    <UnitTestResult executionId="023c99ef-4fe7-4458-93ce-42bcc13315f6" testId="46154d16-a196-4279-bfd1-38c8313ea2db" testName="IsAmex_Passing_Nothing_Returns_True" computerName="PC-SFERRARI" duration="00:00:00.0002050" startTime="2021-06-22T13:57:25.1099862+02:00" endTime="2021-06-22T13:57:25.1102623+02:00" testType="13cdc9d9-ddb5-4fa4-a97d-d965ccfc6d4b" outcome="Passed" testListId="8c84fa94-04c1-424b-9868-57a2d4851a1d" relativeResultsDirectory="023c99ef-4fe7-4458-93ce-42bcc13315f6" />
    <UnitTestResult executionId="bf201aac-0a4c-4916-8880-face10b03994" testId="199c233f-3dc8-407f-9535-77ef386a6545" testName="Equals_Passing_Valid_Values_Returns_True (D45,86554654)" computerName="PC-SFERRARI" duration="00:00:00.0000175" startTime="2021-06-22T13:57:25.0923886+02:00" endTime="2021-06-22T13:57:25.0924780+02:00" testType="13cdc9d9-ddb5-4fa4-a97d-d965ccfc6d4b" outcome="Passed" testListId="8c84fa94-04c1-424b-9868-57a2d4851a1d" relativeResultsDirectory="bf201aac-0a4c-4916-8880-face10b03994" />
    <UnitTestResult executionId="171237be-dff7-4dab-97bd-73a4ee47cb92" testId="30fdbbb3-9e43-4f46-872a-6eb68e423dc7" testName="ToString_Passing_Valid_Values_Returns_Subdomain (stage_hackerone.com)" computerName="PC-SFERRARI" duration="00:00:00.0000101" startTime="2021-06-22T13:57:25.0708394+02:00" endTime="2021-06-22T13:57:25.0708968+02:00" testType="13cdc9d9-ddb5-4fa4-a97d-d965ccfc6d4b" outcome="Passed" testListId="8c84fa94-04c1-424b-9868-57a2d4851a1d" relativeResultsDirectory="171237be-dff7-4dab-97bd-73a4ee47cb92" />
    <UnitTestResult executionId="3b554f0e-e7d9-4719-9b3a-3bf7f7a033ec" testId="cc121b72-785a-4ea4-acce-18e3c809a040" testName="Create_Passing_Valid_Values_Returns_Name (Españã)" computerName="PC-SFERRARI" duration="00:00:00.0000151" startTime="2021-06-22T13:57:25.0056809+02:00" endTime="2021-06-22T13:57:25.0057957+02:00" testType="13cdc9d9-ddb5-4fa4-a97d-d965ccfc6d4b" outcome="Passed" testListId="8c84fa94-04c1-424b-9868-57a2d4851a1d" relativeResultsDirectory="3b554f0e-e7d9-4719-9b3a-3bf7f7a033ec" />
    <UnitTestResult executionId="58991017-9a78-489c-8740-aff41fd72d84" testId="120f022c-758a-4cf5-a41d-f956fed69347" testName="ToString_Passing_Valid_Values_Returns_Value_String_Format (D45,86554654)" computerName="PC-SFERRARI" duration="00:00:00.0000142" startTime="2021-06-22T13:57:25.0911702+02:00" endTime="2021-06-22T13:57:25.0912527+02:00" testType="13cdc9d9-ddb5-4fa4-a97d-d965ccfc6d4b" outcome="Passed" testListId="8c84fa94-04c1-424b-9868-57a2d4851a1d" relativeResultsDirectory="58991017-9a78-489c-8740-aff41fd72d84" />
    <UnitTestResult executionId="3cf00f5d-2d09-4941-993e-b545ce211663" testId="5d3e642f-316d-4426-ac27-36a4a1ea0300" testName="OperatorNotEqual_Passing_Valid_Values_Returns_False (Españà)" computerName="PC-SFERRARI" duration="00:00:00.0000109" startTime="2021-06-22T13:57:25.0364643+02:00" endTime="2021-06-22T13:57:25.0365176+02:00" testType="13cdc9d9-ddb5-4fa4-a97d-d965ccfc6d4b" outcome="Passed" testListId="8c84fa94-04c1-424b-9868-57a2d4851a1d" relativeResultsDirectory="3cf00f5d-2d09-4941-993e-b545ce211663" />
    <UnitTestResult executionId="20542488-7d46-4721-8c30-e62d96de0479" testId="7148039d-fdb6-4718-b393-00cd4d0373b8" testName="Equals_Passing_Valid_Values_Returns_True (EUR)" computerName="PC-SFERRARI" duration="00:00:00.0010964" startTime="2021-06-22T13:57:24.8862929+02:00" endTime="2021-06-22T13:57:24.8874666+02:00" testType="13cdc9d9-ddb5-4fa4-a97d-d965ccfc6d4b" outcome="Passed" testListId="8c84fa94-04c1-424b-9868-57a2d4851a1d" relativeResultsDirectory="20542488-7d46-4721-8c30-e62d96de0479" />
    <UnitTestResult executionId="aa2188cf-4ced-4fb7-b46c-69740fdfec67" testId="9cb714d3-1ee1-4ac8-a462-5c77897b6415" testName="ToNormalize_Passing_Valid_Values_Returns_Name_String_Format (Españâ,Espana)" computerName="PC-SFERRARI" duration="00:00:00.0000380" startTime="2021-06-22T13:57:25.0460363+02:00" endTime="2021-06-22T13:57:25.0461470+02:00" testType="13cdc9d9-ddb5-4fa4-a97d-d965ccfc6d4b" outcome="Passed" testListId="8c84fa94-04c1-424b-9868-57a2d4851a1d" relativeResultsDirectory="aa2188cf-4ced-4fb7-b46c-69740fdfec67" />
    <UnitTestResult executionId="73f122c2-7774-498d-beaf-e20611c9470e" testId="37a8c9b1-817b-462c-8328-0643e8cf504d" testName="OperatorNotEqual_Passing_Valid_Values_Returns_False (Españâ)" computerName="PC-SFERRARI" duration="00:00:00.0000109" startTime="2021-06-22T13:57:25.0366450+02:00" endTime="2021-06-22T13:57:25.0366985+02:00" testType="13cdc9d9-ddb5-4fa4-a97d-d965ccfc6d4b" outcome="Passed" testListId="8c84fa94-04c1-424b-9868-57a2d4851a1d" relativeResultsDirectory="73f122c2-7774-498d-beaf-e20611c9470e" />
    <UnitTestResult executionId="c60b4f84-05d6-416a-aa67-85e841e127ff" testId="1e4a7c31-d8a3-4167-8de2-3a5d35ad4c18" testName="IsNull_Passing_Valid_Values_Returns_False (D45,86554654)" computerName="PC-SFERRARI" duration="00:00:00.0000235" startTime="2021-06-22T13:57:25.0834066+02:00" endTime="2021-06-22T13:57:25.0835605+02:00" testType="13cdc9d9-ddb5-4fa4-a97d-d965ccfc6d4b" outcome="Passed" testListId="8c84fa94-04c1-424b-9868-57a2d4851a1d" relativeResultsDirectory="c60b4f84-05d6-416a-aa67-85e841e127ff" />
    <UnitTestResult executionId="a0ba5e26-9295-4968-8528-4f3ad1df98f5" testId="eab2e01a-1745-424f-a4d6-819db90d9ba2" testName="ToNormalize_Passing_Valid_Values_Returns_Name_String_Format (Esp añâ,Esp ana)" computerName="PC-SFERRARI" duration="00:00:00.0000357" startTime="2021-06-22T13:57:25.0497306+02:00" endTime="2021-06-22T13:57:25.0498247+02:00" testType="13cdc9d9-ddb5-4fa4-a97d-d965ccfc6d4b" outcome="Passed" testListId="8c84fa94-04c1-424b-9868-57a2d4851a1d" relativeResultsDirectory="a0ba5e26-9295-4968-8528-4f3ad1df98f5" />
    <UnitTestResult executionId="99543f4e-cc38-4bce-b92d-90b087d4f246" testId="0feffdeb-590e-4c8e-8995-71d85f7dc55a" testName="ToFullString_Passing_Valid_Values_Returns_Value_String_Format (San Bartoleme De Tirajana,Las Palmas,España)" computerName="PC-SFERRARI" duration="00:00:00.0003002" startTime="2021-06-22T13:57:24.9524554+02:00" endTime="2021-06-22T13:57:24.9528084+02:00" testType="13cdc9d9-ddb5-4fa4-a97d-d965ccfc6d4b" outcome="Passed" testListId="8c84fa94-04c1-424b-9868-57a2d4851a1d" relativeResultsDirectory="99543f4e-cc38-4bce-b92d-90b087d4f246" />
    <UnitTestResult executionId="59ef11f0-47d8-4550-9773-dba709651f25" testId="d77c390b-c2c8-4891-86b4-c9accad6aef6" testName="ToString_Passing_Valid_Values_Returns_StringId (Sabadell)" computerName="PC-SFERRARI" duration="00:00:00.0000055" startTime="2021-06-22T13:57:25.0560299+02:00" endTime="2021-06-22T13:57:25.0560824+02:00" testType="13cdc9d9-ddb5-4fa4-a97d-d965ccfc6d4b" outcome="Passed" testListId="8c84fa94-04c1-424b-9868-57a2d4851a1d" relativeResultsDirectory="59ef11f0-47d8-4550-9773-dba709651f25" />
    <UnitTestResult executionId="409497dc-8f94-4d9d-a2cd-984f746a3fa2" testId="9cc9b466-14da-468c-ade9-1af342ebaa66" testName="Create_Passing_InvalidOrNull_Value_Returns_ApplicationException (,8768768768)" computerName="PC-SFERRARI" duration="00:00:00.0000833" startTime="2021-06-22T13:57:25.0897982+02:00" endTime="2021-06-22T13:57:25.0900149+02:00" testType="13cdc9d9-ddb5-4fa4-a97d-d965ccfc6d4b" outcome="Passed" testListId="8c84fa94-04c1-424b-9868-57a2d4851a1d" relativeResultsDirectory="409497dc-8f94-4d9d-a2cd-984f746a3fa2" />
    <UnitTestResult executionId="1d5f5ba6-a753-414b-a8be-4ae456ae1bee" testId="8115f4f8-7a6c-4e22-b976-e69cdf574ed4" testName="OperatorEqual_Passing_Valid_Distinct_Values_Returns_False (www.hackerone-com)" computerName="PC-SFERRARI" duration="00:00:00.0000184" startTime="2021-06-22T13:57:25.0765536+02:00" endTime="2021-06-22T13:57:25.0766324+02:00" testType="13cdc9d9-ddb5-4fa4-a97d-d965ccfc6d4b" outcome="Passed" testListId="8c84fa94-04c1-424b-9868-57a2d4851a1d" relativeResultsDirectory="1d5f5ba6-a753-414b-a8be-4ae456ae1bee" />
    <UnitTestResult executionId="65791d2c-8a7a-4ade-91f7-58e970f24236" testId="1c3e1992-fe36-4156-bca9-5e6cd4c7bda3" testName="IsFree_Passing_Nothing_Returns_True" computerName="PC-SFERRARI" duration="00:00:00.0002176" startTime="2021-06-22T13:57:25.1357490+02:00" endTime="2021-06-22T13:57:25.1360411+02:00" testType="13cdc9d9-ddb5-4fa4-a97d-d965ccfc6d4b" outcome="Passed" testListId="8c84fa94-04c1-424b-9868-57a2d4851a1d" relativeResultsDirectory="65791d2c-8a7a-4ade-91f7-58e970f24236" />
    <UnitTestResult executionId="39b1a903-2ea6-492f-9e78-c00bec4410cb" testId="03fa1996-9afe-432f-b4cc-89299156dade" testName="ToFullString_Passing_Valid_Values_Returns_Value_String_Format (Sabadell,Barcelona,España)" computerName="PC-SFERRARI" duration="00:00:00.0000155" startTime="2021-06-22T13:57:24.9528655+02:00" endTime="2021-06-22T13:57:24.9529344+02:00" testType="13cdc9d9-ddb5-4fa4-a97d-d965ccfc6d4b" outcome="Passed" testListId="8c84fa94-04c1-424b-9868-57a2d4851a1d" relativeResultsDirectory="39b1a903-2ea6-492f-9e78-c00bec4410cb" />
    <UnitTestResult executionId="fe699591-3945-40e2-9775-2d9f2de50ea4" testId="bd25225b-e939-4fe5-be29-9709b520a056" testName="OperatorEqual_Passing_Valid_Values_Returns_True (34fsds@sdd.fgg)" computerName="PC-SFERRARI" duration="00:00:00.0000192" startTime="2021-06-22T13:57:24.9226777+02:00" endTime="2021-06-22T13:57:24.9227474+02:00" testType="13cdc9d9-ddb5-4fa4-a97d-d965ccfc6d4b" outcome="Passed" testListId="8c84fa94-04c1-424b-9868-57a2d4851a1d" relativeResultsDirectory="fe699591-3945-40e2-9775-2d9f2de50ea4" />
    <UnitTestResult executionId="b275ed1d-3f21-4dab-9f4a-0c450fc258e5" testId="31b2f487-2d86-47f0-87d0-1901dd53aa9f" testName="Change_Passing_Valid_Values_Returns_Address (100,EUR,2)" computerName="PC-SFERRARI" duration="00:00:00.0009763" startTime="2021-06-22T13:57:24.9651645+02:00" endTime="2021-06-22T13:57:24.9662283+02:00" testType="13cdc9d9-ddb5-4fa4-a97d-d965ccfc6d4b" outcome="Passed" testListId="8c84fa94-04c1-424b-9868-57a2d4851a1d" relativeResultsDirectory="b275ed1d-3f21-4dab-9f4a-0c450fc258e5" />
    <UnitTestResult executionId="d2c357d3-3c82-4e1e-bc7d-7280743d0b40" testId="7c299aa4-48a0-4cef-926d-15f4809f586d" testName="ToEnum_Passing_Invalid_String_Name_Enumeracion_Returns_Null" computerName="PC-SFERRARI" duration="00:00:00.0001607" startTime="2021-06-22T13:57:25.1167850+02:00" endTime="2021-06-22T13:57:25.1170307+02:00" testType="13cdc9d9-ddb5-4fa4-a97d-d965ccfc6d4b" outcome="Passed" testListId="8c84fa94-04c1-424b-9868-57a2d4851a1d" relativeResultsDirectory="d2c357d3-3c82-4e1e-bc7d-7280743d0b40" />
    <UnitTestResult executionId="1df0928d-716a-4435-a39c-7fde9da48343" testId="800eebfa-6e88-493c-a034-79b8a85b4337" testName="Equals_Passing_Valid_Values_Returns_True (stage_hackerone.com)" computerName="PC-SFERRARI" duration="00:00:00.0000126" startTime="2021-06-22T13:57:25.0718044+02:00" endTime="2021-06-22T13:57:25.0718595+02:00" testType="13cdc9d9-ddb5-4fa4-a97d-d965ccfc6d4b" outcome="Passed" testListId="8c84fa94-04c1-424b-9868-57a2d4851a1d" relativeResultsDirectory="1df0928d-716a-4435-a39c-7fde9da48343" />
    <UnitTestResult executionId="e4e9843c-e083-4f09-98b7-eda384b8784a" testId="bc17d8dc-962d-4066-9269-eb3b3bdf8237" testName="IsNull_Passing_Null_Address_Returns_True" computerName="PC-SFERRARI" duration="00:00:00.0003087" startTime="2021-06-22T13:57:24.7411644+02:00" endTime="2021-06-22T13:57:24.7449336+02:00" testType="13cdc9d9-ddb5-4fa4-a97d-d965ccfc6d4b" outcome="Passed" testListId="8c84fa94-04c1-424b-9868-57a2d4851a1d" relativeResultsDirectory="e4e9843c-e083-4f09-98b7-eda384b8784a" />
    <UnitTestResult executionId="1b012303-372d-400d-8ff3-5c0a21cd5b53" testId="f422ebaa-ad55-4269-aa96-f88a7f788309" testName="ToEnum_Passing_Invalid_Int_Name_Enumeracion_Returns_Null" computerName="PC-SFERRARI" duration="00:00:00.0001732" startTime="2021-06-22T13:57:25.1071620+02:00" endTime="2021-06-22T13:57:25.1074128+02:00" testType="13cdc9d9-ddb5-4fa4-a97d-d965ccfc6d4b" outcome="Passed" testListId="8c84fa94-04c1-424b-9868-57a2d4851a1d" relativeResultsDirectory="1b012303-372d-400d-8ff3-5c0a21cd5b53" />
    <UnitTestResult executionId="99d5f4ed-32b3-4c82-89b5-d3149e156c13" testId="4d3ae650-4bc8-4804-8506-b6a57558f90d" testName="OperatorNotEqual_Passing_Valid_Values_Returns_False (San Bartoleme De Tirajana,Las Palmas,España)" computerName="PC-SFERRARI" duration="00:00:00.0002055" startTime="2021-06-22T13:57:24.9568758+02:00" endTime="2021-06-22T13:57:24.9571472+02:00" testType="13cdc9d9-ddb5-4fa4-a97d-d965ccfc6d4b" outcome="Passed" testListId="8c84fa94-04c1-424b-9868-57a2d4851a1d" relativeResultsDirectory="99d5f4ed-32b3-4c82-89b5-d3149e156c13" />
    <UnitTestResult executionId="b9471e51-7128-437c-af62-f5b96c067743" testId="9a1ed573-a99c-422e-a136-8859757f5980" testName="OperatorNotEqual_Passing_Valid_Values_Returns_True (San Bartoleme De Tirajana)" computerName="PC-SFERRARI" duration="00:00:00.0000868" startTime="2021-06-22T13:57:25.0601346+02:00" endTime="2021-06-22T13:57:25.0602630+02:00" testType="13cdc9d9-ddb5-4fa4-a97d-d965ccfc6d4b" outcome="Passed" testListId="8c84fa94-04c1-424b-9868-57a2d4851a1d" relativeResultsDirectory="b9471e51-7128-437c-af62-f5b96c067743" />
    <UnitTestResult executionId="abbd169b-7bf8-4eec-9018-789864ec2f29" testId="8f862712-3572-4419-8825-adaa078c438a" testName="Create_Passing_InvalidOrNull_Value_Returns_ApplicationException (dasdasd@dsasd.._ff)" computerName="PC-SFERRARI" duration="00:00:00.0004017" startTime="2021-06-22T13:57:24.9179229+02:00" endTime="2021-06-22T13:57:24.9183732+02:00" testType="13cdc9d9-ddb5-4fa4-a97d-d965ccfc6d4b" outcome="Passed" testListId="8c84fa94-04c1-424b-9868-57a2d4851a1d" relativeResultsDirectory="abbd169b-7bf8-4eec-9018-789864ec2f29" />
    <UnitTestResult executionId="3c1c7a21-f441-4148-ac2b-25026f5a5b41" testId="a485aa3c-d639-4313-b009-9cd766956bcd" testName="OperatorNotEqual_Passing_Valid_Values_Returns_True (456,43543543543)" computerName="PC-SFERRARI" duration="00:00:00.0001285" startTime="2021-06-22T13:57:25.0970474+02:00" endTime="2021-06-22T13:57:25.0972412+02:00" testType="13cdc9d9-ddb5-4fa4-a97d-d965ccfc6d4b" outcome="Passed" testListId="8c84fa94-04c1-424b-9868-57a2d4851a1d" relativeResultsDirectory="3c1c7a21-f441-4148-ac2b-25026f5a5b41" />
    <UnitTestResult executionId="3d5b134b-93b5-46bd-989f-72c94e2169e1" testId="3e7f8605-7679-4c19-96fd-891f5b2ad081" testName="OperatorEqual_Passing_Valid_Distinct_Values_Returns_False (dasdasd@dsasd.ff)" computerName="PC-SFERRARI" duration="00:00:00.0001079" startTime="2021-06-22T13:57:24.9227962+02:00" endTime="2021-06-22T13:57:24.9229599+02:00" testType="13cdc9d9-ddb5-4fa4-a97d-d965ccfc6d4b" outcome="Passed" testListId="8c84fa94-04c1-424b-9868-57a2d4851a1d" relativeResultsDirectory="3d5b134b-93b5-46bd-989f-72c94e2169e1" />
    <UnitTestResult executionId="19bd3d83-9f19-462c-8622-93da3ce26cb4" testId="8291fa18-505f-477e-a4f6-f7d659eab12f" testName="Equals_Passing_Valid_Distinct_Values_Returns_False (Españâ)" computerName="PC-SFERRARI" duration="00:00:00.0000162" startTime="2021-06-22T13:57:25.0262175+02:00" endTime="2021-06-22T13:57:25.0262975+02:00" testType="13cdc9d9-ddb5-4fa4-a97d-d965ccfc6d4b" outcome="Passed" testListId="8c84fa94-04c1-424b-9868-57a2d4851a1d" relativeResultsDirectory="19bd3d83-9f19-462c-8622-93da3ce26cb4" />
    <UnitTestResult executionId="bd2fbb6d-9039-4e82-a526-f5e38ca2e2ee" testId="e9a1f3f0-0ad1-4a01-bc01-f799bc301bd1" testName="IsInactive_Passing_Nothing_Returns_True" computerName="PC-SFERRARI" duration="00:00:00.0002377" startTime="2021-06-22T13:57:25.1304567+02:00" endTime="2021-06-22T13:57:25.1307663+02:00" testType="13cdc9d9-ddb5-4fa4-a97d-d965ccfc6d4b" outcome="Passed" testListId="8c84fa94-04c1-424b-9868-57a2d4851a1d" relativeResultsDirectory="bd2fbb6d-9039-4e82-a526-f5e38ca2e2ee" />
    <UnitTestResult executionId="288701a4-0a2c-4584-8f90-d4020080b4b0" testId="b88eaf41-6e98-43d4-b61c-4205ba4b000b" testName="Create_Passing_InvalidOrNull_Value_Returns_ApplicationException (..¬¬¬sdffdsfdssd.dd)" computerName="PC-SFERRARI" duration="00:00:00.0000377" startTime="2021-06-22T13:57:25.0667514+02:00" endTime="2021-06-22T13:57:25.0668375+02:00" testType="13cdc9d9-ddb5-4fa4-a97d-d965ccfc6d4b" outcome="Passed" testListId="8c84fa94-04c1-424b-9868-57a2d4851a1d" relativeResultsDirectory="288701a4-0a2c-4584-8f90-d4020080b4b0" />
    <UnitTestResult executionId="47564b32-2347-411c-b6ce-65cbe49e635d" testId="d6920fee-ccf5-41b4-9105-8b290f09ab5b" testName="Equals_Passing_Valid_Distinct_Values_Returns_False (Españà)" computerName="PC-SFERRARI" duration="00:00:00.0000155" startTime="2021-06-22T13:57:25.0259521+02:00" endTime="2021-06-22T13:57:25.0260306+02:00" testType="13cdc9d9-ddb5-4fa4-a97d-d965ccfc6d4b" outcome="Passed" testListId="8c84fa94-04c1-424b-9868-57a2d4851a1d" relativeResultsDirectory="47564b32-2347-411c-b6ce-65cbe49e635d" />
    <UnitTestResult executionId="5618e461-c0ce-43b9-b092-2319ff98d276" testId="db5eebe2-6a7a-4aea-8eda-52fd43137603" testName="OperatorEqual_Passing_Valid_Values_Returns_True (stage_hackerone.com)" computerName="PC-SFERRARI" duration="00:00:00.0000178" startTime="2021-06-22T13:57:25.0761306+02:00" endTime="2021-06-22T13:57:25.0762099+02:00" testType="13cdc9d9-ddb5-4fa4-a97d-d965ccfc6d4b" outcome="Passed" testListId="8c84fa94-04c1-424b-9868-57a2d4851a1d" relativeResultsDirectory="5618e461-c0ce-43b9-b092-2319ff98d276" />
    <UnitTestResult executionId="8ef4ef0d-2ce5-44a8-9730-741f4ba1240d" testId="2dd773da-7856-4798-91c9-f70b6202cf24" testName="Create_Passing_InvalidOrNull_Value_Returns_ApplicationException (___dasfs$·%%$%$$·%$)" computerName="PC-SFERRARI" duration="00:00:00.0000401" startTime="2021-06-22T13:57:25.0666233+02:00" endTime="2021-06-22T13:57:25.0667149+02:00" testType="13cdc9d9-ddb5-4fa4-a97d-d965ccfc6d4b" outcome="Passed" testListId="8c84fa94-04c1-424b-9868-57a2d4851a1d" relativeResultsDirectory="8ef4ef0d-2ce5-44a8-9730-741f4ba1240d" />
    <UnitTestResult executionId="72971a99-9d16-4bb4-b4a6-09c1d8f90198" testId="5b6dce0c-fd35-468b-bb80-3daf3504c1c9" testName="ToEnum_Passing_Invalid_Int_Value_Returns_Null" computerName="PC-SFERRARI" duration="00:00:00.0001501" startTime="2021-06-22T13:57:25.1250249+02:00" endTime="2021-06-22T13:57:25.1252559+02:00" testType="13cdc9d9-ddb5-4fa4-a97d-d965ccfc6d4b" outcome="Passed" testListId="8c84fa94-04c1-424b-9868-57a2d4851a1d" relativeResultsDirectory="72971a99-9d16-4bb4-b4a6-09c1d8f90198" />
    <UnitTestResult executionId="50516c93-d0aa-4d7d-aa3c-256bb69db6dd" testId="fdb540f9-4d30-4639-913f-f19216a9cee1" testName="Equals_Passing_Valid_Values_Returns_True (Españħ)" computerName="PC-SFERRARI" duration="00:00:00.0000322" startTime="2021-06-22T13:57:25.0250360+02:00" endTime="2021-06-22T13:57:25.0252082+02:00" testType="13cdc9d9-ddb5-4fa4-a97d-d965ccfc6d4b" outcome="Passed" testListId="8c84fa94-04c1-424b-9868-57a2d4851a1d" relativeResultsDirectory="50516c93-d0aa-4d7d-aa3c-256bb69db6dd" />
    <UnitTestResult executionId="fc4d5a41-b26a-4d18-8a27-0a7cb38f58f7" testId="7569eb1e-730f-45e5-a450-9efd5dc3c96e" testName="IsNull_Passing_Null_Value_Returns_True" computerName="PC-SFERRARI" duration="00:00:00.0003833" startTime="2021-06-22T13:57:25.0836214+02:00" endTime="2021-06-22T13:57:25.0841144+02:00" testType="13cdc9d9-ddb5-4fa4-a97d-d965ccfc6d4b" outcome="Passed" testListId="8c84fa94-04c1-424b-9868-57a2d4851a1d" relativeResultsDirectory="fc4d5a41-b26a-4d18-8a27-0a7cb38f58f7" />
    <UnitTestResult executionId="9ad81eaf-5283-4ded-adfa-16c8e0b546c1" testId="6876bacd-ba65-4bd9-b4c2-d2b1de9d9987" testName="OperatorNotEqual_Passing_Valid_Values_Returns_False (100,EUR,2)" computerName="PC-SFERRARI" duration="00:00:00.0003889" startTime="2021-06-22T13:57:24.9864978+02:00" endTime="2021-06-22T13:57:24.9869696+02:00" testType="13cdc9d9-ddb5-4fa4-a97d-d965ccfc6d4b" outcome="Passed" testListId="8c84fa94-04c1-424b-9868-57a2d4851a1d" relativeResultsDirectory="9ad81eaf-5283-4ded-adfa-16c8e0b546c1" />
    <UnitTestResult executionId="7d0a88b8-d4a2-4abd-aedd-6b6bf018a4ad" testId="43e2e844-130c-4938-9079-359e8ba45ae1" testName="OperatorNotEqual_Passing_Valid_Values_Returns_False (Españá)" computerName="PC-SFERRARI" duration="00:00:00.0000125" startTime="2021-06-22T13:57:25.0363711+02:00" endTime="2021-06-22T13:57:25.0364307+02:00" testType="13cdc9d9-ddb5-4fa4-a97d-d965ccfc6d4b" outcome="Passed" testListId="8c84fa94-04c1-424b-9868-57a2d4851a1d" relativeResultsDirectory="7d0a88b8-d4a2-4abd-aedd-6b6bf018a4ad" />
    <UnitTestResult executionId="216e07f6-a010-4927-8a00-89ef52cf56c2" testId="737ad530-bf68-4c11-a1e0-60be09726760" testName="OperatorEqual_Passing_Valid_Values_Returns_True (Pader,789,DF7956,Sabadell,Barcelona,España)" computerName="PC-SFERRARI" duration="00:00:00.0000141" startTime="2021-06-22T13:57:24.8112003+02:00" endTime="2021-06-22T13:57:24.8112689+02:00" testType="13cdc9d9-ddb5-4fa4-a97d-d965ccfc6d4b" outcome="Passed" testListId="8c84fa94-04c1-424b-9868-57a2d4851a1d" relativeResultsDirectory="216e07f6-a010-4927-8a00-89ef52cf56c2" />
    <UnitTestResult executionId="2c454c10-1436-4887-9364-1bceab45e350" testId="fc9d4ea0-c248-4556-b846-ef172f40ebb6" testName="Equals_Passing_Valid_Distinct_Values_Returns_False (Sabadell)" computerName="PC-SFERRARI" duration="00:00:00.0000087" startTime="2021-06-22T13:57:25.0571890+02:00" endTime="2021-06-22T13:57:25.0572718+02:00" testType="13cdc9d9-ddb5-4fa4-a97d-d965ccfc6d4b" outcome="Passed" testListId="8c84fa94-04c1-424b-9868-57a2d4851a1d" relativeResultsDirectory="2c454c10-1436-4887-9364-1bceab45e350" />
    <UnitTestResult executionId="25fb7013-8c31-48f3-bcbb-4f9281c11e97" testId="e65bd08e-e4a5-4286-ba7f-9bec9665b8f6" testName="OperatorNotEqual_Passing_Valid_Values_Returns_False (USD)" computerName="PC-SFERRARI" duration="00:00:00.0020975" startTime="2021-06-22T13:57:24.8943980+02:00" endTime="2021-06-22T13:57:24.8966098+02:00" testType="13cdc9d9-ddb5-4fa4-a97d-d965ccfc6d4b" outcome="Passed" testListId="8c84fa94-04c1-424b-9868-57a2d4851a1d" relativeResultsDirectory="25fb7013-8c31-48f3-bcbb-4f9281c11e97" />
    <UnitTestResult executionId="8c3c6f2a-737c-4a92-99e1-ac7d61b2d110" testId="2c7cfef2-6dec-4aa0-8c12-b65004bdba83" testName="ToString_Passing_Valid_Values_Returns_Name (Esp añâ)" computerName="PC-SFERRARI" duration="00:00:00.0000154" startTime="2021-06-22T13:57:25.0173120+02:00" endTime="2021-06-22T13:57:25.0174111+02:00" testType="13cdc9d9-ddb5-4fa4-a97d-d965ccfc6d4b" outcome="Passed" testListId="8c84fa94-04c1-424b-9868-57a2d4851a1d" relativeResultsDirectory="8c3c6f2a-737c-4a92-99e1-ac7d61b2d110" />
    <UnitTestResult executionId="7fce5c8a-24b2-4343-ae8a-1f6d6ab68e31" testId="4892394c-d8e8-46a7-a9eb-abe594ee67c6" testName="OperatorEqual_Passing_Valid_Values_Returns_True (Españá)" computerName="PC-SFERRARI" duration="00:00:00.0000123" startTime="2021-06-22T13:57:25.0302909+02:00" endTime="2021-06-22T13:57:25.0303496+02:00" testType="13cdc9d9-ddb5-4fa4-a97d-d965ccfc6d4b" outcome="Passed" testListId="8c84fa94-04c1-424b-9868-57a2d4851a1d" relativeResultsDirectory="7fce5c8a-24b2-4343-ae8a-1f6d6ab68e31" />
    <UnitTestResult executionId="d53cc46d-886e-47c9-8419-ece6fbb92481" testId="a88981f7-bf7e-47d4-a23f-cfcf43b1c1a9" testName="OperatorNotEqual_Passing_Valid_Values_Returns_True (dasdasd@dsasd.ff)" computerName="PC-SFERRARI" duration="00:00:00.0002204" startTime="2021-06-22T13:57:24.9264195+02:00" endTime="2021-06-22T13:57:24.9267357+02:00" testType="13cdc9d9-ddb5-4fa4-a97d-d965ccfc6d4b" outcome="Passed" testListId="8c84fa94-04c1-424b-9868-57a2d4851a1d" relativeResultsDirectory="d53cc46d-886e-47c9-8419-ece6fbb92481" />
    <UnitTestResult executionId="1b6bec34-10fd-4432-896d-92b01523e3b7" testId="3ced0f6d-27e5-41e8-9fb3-f334fababd92" testName="OperatorEqual_Passing_Valid_Distinct_Values_Returns_False (D45,86554654)" computerName="PC-SFERRARI" duration="00:00:00.0000146" startTime="2021-06-22T13:57:25.0965030+02:00" endTime="2021-06-22T13:57:25.0965838+02:00" testType="13cdc9d9-ddb5-4fa4-a97d-d965ccfc6d4b" outcome="Passed" testListId="8c84fa94-04c1-424b-9868-57a2d4851a1d" relativeResultsDirectory="1b6bec34-10fd-4432-896d-92b01523e3b7" />
    <UnitTestResult executionId="a51a3403-414b-4ac6-a569-4345a3b038ef" testId="01a2799b-e232-4a6c-8e4c-b6430c97c2c4" testName="Equals_Passing_Valid_Values_Returns_True (200,EUR,4)" computerName="PC-SFERRARI" duration="00:00:00.0003678" startTime="2021-06-22T13:57:24.9707386+02:00" endTime="2021-06-22T13:57:24.9711816+02:00" testType="13cdc9d9-ddb5-4fa4-a97d-d965ccfc6d4b" outcome="Passed" testListId="8c84fa94-04c1-424b-9868-57a2d4851a1d" relativeResultsDirectory="a51a3403-414b-4ac6-a569-4345a3b038ef" />
    <UnitTestResult executionId="2f99812e-526f-4bf0-b9e2-dbdc54d4c19b" testId="b4114173-11de-4b09-a0c4-2eb4375afe00" testName="IsNull_Passing_Valid_Value_Returns_False (34fsds@sdd.fgg)" computerName="PC-SFERRARI" duration="00:00:00.0000291" startTime="2021-06-22T13:57:24.9136416+02:00" endTime="2021-06-22T13:57:24.9137795+02:00" testType="13cdc9d9-ddb5-4fa4-a97d-d965ccfc6d4b" outcome="Passed" testListId="8c84fa94-04c1-424b-9868-57a2d4851a1d" relativeResultsDirectory="2f99812e-526f-4bf0-b9e2-dbdc54d4c19b" />
    <UnitTestResult executionId="d3a5c644-437d-44c6-9f2c-162d484b4e5d" testId="176b2bcf-18bc-43e3-9e85-1546ae5b8499" testName="ToEnum_Passing_Valid_Int_value_Returns_Enumeracion" computerName="PC-SFERRARI" duration="00:00:00.0001424" startTime="2021-06-22T13:57:25.1247689+02:00" endTime="2021-06-22T13:57:25.1249834+02:00" testType="13cdc9d9-ddb5-4fa4-a97d-d965ccfc6d4b" outcome="Passed" testListId="8c84fa94-04c1-424b-9868-57a2d4851a1d" relativeResultsDirectory="d3a5c644-437d-44c6-9f2c-162d484b4e5d" />
    <UnitTestResult executionId="48bb1dfa-87e5-4565-b1a5-a3dc02bcda8c" testId="3ec80ad5-608a-46c1-978e-dbc339a2d250" testName="Change_Passing_Valid_Values_Returns_Email (bbbs@bbb.bbb,ppp@ppp.ppp)" computerName="PC-SFERRARI" duration="00:00:00.0000194" startTime="2021-06-22T13:57:24.9191568+02:00" endTime="2021-06-22T13:57:24.9192240+02:00" testType="13cdc9d9-ddb5-4fa4-a97d-d965ccfc6d4b" outcome="Passed" testListId="8c84fa94-04c1-424b-9868-57a2d4851a1d" relativeResultsDirectory="48bb1dfa-87e5-4565-b1a5-a3dc02bcda8c" />
    <UnitTestResult executionId="6a2b1922-ad2f-410b-a76d-d3f41e4d7867" testId="06812a59-731a-455a-91c8-51f0347f89f6" testName="ToEnum_Passing_Invalid_String_Name_Returns_Null" computerName="PC-SFERRARI" duration="00:00:00.0001630" startTime="2021-06-22T13:57:25.1244815+02:00" endTime="2021-06-22T13:57:25.1247257+02:00" testType="13cdc9d9-ddb5-4fa4-a97d-d965ccfc6d4b" outcome="Passed" testListId="8c84fa94-04c1-424b-9868-57a2d4851a1d" relativeResultsDirectory="6a2b1922-ad2f-410b-a76d-d3f41e4d7867" />
    <UnitTestResult executionId="ebfc3004-309f-4e19-aa7d-bc3b2ef4d003" testId="54378284-a9db-4869-a126-29ad815f2b66" testName="Equals_Passing_Valid_Distinct_Values_Returns_False (100,EUR,2)" computerName="PC-SFERRARI" duration="00:00:00.0017675" startTime="2021-06-22T13:57:24.9763054+02:00" endTime="2021-06-22T13:57:24.9782634+02:00" testType="13cdc9d9-ddb5-4fa4-a97d-d965ccfc6d4b" outcome="Passed" testListId="8c84fa94-04c1-424b-9868-57a2d4851a1d" relativeResultsDirectory="ebfc3004-309f-4e19-aa7d-bc3b2ef4d003" />
    <UnitTestResult executionId="10df27e3-fd99-4549-99aa-986483931a3f" testId="e67ebab6-e03c-41e3-a3c0-e0f399b2336b" testName="ToBool_Passing_Valid_Status_Inactive_Returns_False" computerName="PC-SFERRARI" duration="00:00:00.0002792" startTime="2021-06-22T13:57:25.1294101+02:00" endTime="2021-06-22T13:57:25.1297718+02:00" testType="13cdc9d9-ddb5-4fa4-a97d-d965ccfc6d4b" outcome="Passed" testListId="8c84fa94-04c1-424b-9868-57a2d4851a1d" relativeResultsDirectory="10df27e3-fd99-4549-99aa-986483931a3f" />
    <UnitTestResult executionId="4ad34e25-5e91-4c6d-8c99-3bcc6728a8af" testId="1f560fc3-0c92-41b8-8a35-41e9e2dfafff" testName="OperatorNotEqual_Passing_Valid_Values_Returns_True (Sabadell,Barcelona,España)" computerName="PC-SFERRARI" duration="00:00:00.0000211" startTime="2021-06-22T13:57:24.9585443+02:00" endTime="2021-06-22T13:57:24.9586153+02:00" testType="13cdc9d9-ddb5-4fa4-a97d-d965ccfc6d4b" outcome="Passed" testListId="8c84fa94-04c1-424b-9868-57a2d4851a1d" relativeResultsDirectory="4ad34e25-5e91-4c6d-8c99-3bcc6728a8af" />
    <UnitTestResult executionId="a81375f8-bcea-4ec9-a9eb-b8461fbf977e" testId="28cec222-7f51-483c-9a65-6cb112c6a475" testName="Create_Passing_Valid_Value_Returns_Email (34fsds@sdd.fgg)" computerName="PC-SFERRARI" duration="00:00:00.0000221" startTime="2021-06-22T13:57:24.9145673+02:00" endTime="2021-06-22T13:57:24.9146609+02:00" testType="13cdc9d9-ddb5-4fa4-a97d-d965ccfc6d4b" outcome="Passed" testListId="8c84fa94-04c1-424b-9868-57a2d4851a1d" relativeResultsDirectory="a81375f8-bcea-4ec9-a9eb-b8461fbf977e" />
    <UnitTestResult executionId="b7618bf1-295c-407b-b221-64b1abfb0ec0" testId="60dea283-4e7a-40a7-b071-0766a0c7a9e7" testName="OperatorEqual_Passing_Valid_Distinct_Values_Returns_False (San Bartoleme De Tirajana)" computerName="PC-SFERRARI" duration="00:00:00.0001501" startTime="2021-06-22T13:57:25.0594634+02:00" endTime="2021-06-22T13:57:25.0596963+02:00" testType="13cdc9d9-ddb5-4fa4-a97d-d965ccfc6d4b" outcome="Passed" testListId="8c84fa94-04c1-424b-9868-57a2d4851a1d" relativeResultsDirectory="b7618bf1-295c-407b-b221-64b1abfb0ec0" />
    <UnitTestResult executionId="a35d9a1a-ce02-4bb0-9496-c5a4e7cd3efb" testId="b9aeb729-e093-4139-a800-49db512328e4" testName="OperatorNotEqual_Passing_Valid_Values_Returns_False (EUR)" computerName="PC-SFERRARI" duration="00:00:00.0004702" startTime="2021-06-22T13:57:24.8921354+02:00" endTime="2021-06-22T13:57:24.8926782+02:00" testType="13cdc9d9-ddb5-4fa4-a97d-d965ccfc6d4b" outcome="Passed" testListId="8c84fa94-04c1-424b-9868-57a2d4851a1d" relativeResultsDirectory="a35d9a1a-ce02-4bb0-9496-c5a4e7cd3efb" />
    <UnitTestResult executionId="910b4bfd-e3d6-4853-9202-fa63c64e0c21" testId="207368ef-3d53-4c93-8f6e-058c5e213df2" testName="IsNull_Passing_Valid_Value_Returns_False (Españâ)" computerName="PC-SFERRARI" duration="00:00:00.0000088" startTime="2021-06-22T13:57:25.0014533+02:00" endTime="2021-06-22T13:57:25.0015049+02:00" testType="13cdc9d9-ddb5-4fa4-a97d-d965ccfc6d4b" outcome="Passed" testListId="8c84fa94-04c1-424b-9868-57a2d4851a1d" relativeResultsDirectory="910b4bfd-e3d6-4853-9202-fa63c64e0c21" />
    <UnitTestResult executionId="990b0e47-3597-4066-a508-1266f3987f08" testId="7d317bf6-5d5f-4316-827e-ca4d13241ea4" testName="Create_Passing_InvalidOrNull_Value_Returns_ApplicationException ()" computerName="PC-SFERRARI" duration="00:00:00.0011629" startTime="2021-06-22T13:57:25.0516623+02:00" endTime="2021-06-22T13:57:25.0528859+02:00" testType="13cdc9d9-ddb5-4fa4-a97d-d965ccfc6d4b" outcome="Passed" testListId="8c84fa94-04c1-424b-9868-57a2d4851a1d" relativeResultsDirectory="990b0e47-3597-4066-a508-1266f3987f08" />
  </Results>
  <TestDefinitions>
    <UnitTest name="OperatorEqual_Passing_Valid_Distinct_Values_Returns_False (400,EUR,8)" storage="d:\sferrari\01 - trabajo\repos\netcore\libs\template-netcore-entities\kitpymes.core.entities.tests\bin\release\net5.0\kitpymes.core.entities.tests.dll" id="069c1766-e6c2-40c3-bc0a-b925cf15d48e">
      <Execution id="8d5ecb2c-cbce-4897-b356-ff3dbb854b0c" />
      <TestMethod codeBase="D:\SFERRARI\01 - TRABAJO\repos\netcore\libs\template-netcore-entities\Kitpymes.Core.Entities.Tests\bin\Release\net5.0\Kitpymes.Core.Entities.Tests.dll" adapterTypeName="executor://mstestadapter/v2" className="Kitpymes.Core.Entities.ValueObjects.Tests.MoneyTests" name="OperatorEqual_Passing_Valid_Distinct_Values_Returns_False" />
    </UnitTest>
    <UnitTest name="ToString_Passing_Valid_Values_Returns_Address_String_Format (Tenerife,23,34567,San Bartoleme De Tirajana,Las Palmas,España)" storage="d:\sferrari\01 - trabajo\repos\netcore\libs\template-netcore-entities\kitpymes.core.entities.tests\bin\release\net5.0\kitpymes.core.entities.tests.dll" id="918b9d0c-6111-4af9-bd3f-afd0f636cb19">
      <Execution id="ffbd6c5c-f05d-4811-8a14-f2ba4230784b" />
      <TestMethod codeBase="D:\SFERRARI\01 - TRABAJO\repos\netcore\libs\template-netcore-entities\Kitpymes.Core.Entities.Tests\bin\Release\net5.0\Kitpymes.Core.Entities.Tests.dll" adapterTypeName="executor://mstestadapter/v2" className="Kitpymes.Core.Entities.ValueObjects.Tests.AddressTests" name="ToString_Passing_Valid_Values_Returns_Address_String_Format" />
    </UnitTest>
    <UnitTest name="OperatorNotEqual_Passing_Valid_Values_Returns_False (USD)" storage="d:\sferrari\01 - trabajo\repos\netcore\libs\template-netcore-entities\kitpymes.core.entities.tests\bin\release\net5.0\kitpymes.core.entities.tests.dll" id="e65bd08e-e4a5-4286-ba7f-9bec9665b8f6">
      <Execution id="25fb7013-8c31-48f3-bcbb-4f9281c11e97" />
      <TestMethod codeBase="D:\SFERRARI\01 - TRABAJO\repos\netcore\libs\template-netcore-entities\Kitpymes.Core.Entities.Tests\bin\Release\net5.0\Kitpymes.Core.Entities.Tests.dll" adapterTypeName="executor://mstestadapter/v2" className="Kitpymes.Core.Entities.ValueObjects.Tests.CurrencyTests" name="OperatorNotEqual_Passing_Valid_Values_Returns_False" />
    </UnitTest>
    <UnitTest name="Create_Passing_Valid_Values_Returns_Subdomain (google)" storage="d:\sferrari\01 - trabajo\repos\netcore\libs\template-netcore-entities\kitpymes.core.entities.tests\bin\release\net5.0\kitpymes.core.entities.tests.dll" id="d2c6efe1-844f-4a5d-9e9f-d88deca7e3cb">
      <Execution id="bd877080-0eb1-4d40-bf34-8ac429ae85db" />
      <TestMethod codeBase="D:\SFERRARI\01 - TRABAJO\repos\netcore\libs\template-netcore-entities\Kitpymes.Core.Entities.Tests\bin\Release\net5.0\Kitpymes.Core.Entities.Tests.dll" adapterTypeName="executor://mstestadapter/v2" className="Kitpymes.Core.Entities.ValueObjects.Tests.SubdomainTests" name="Create_Passing_Valid_Values_Returns_Subdomain" />
    </UnitTest>
    <UnitTest name="OperatorEqual_Passing_Valid_Distinct_Values_Returns_False (Españä)" storage="d:\sferrari\01 - trabajo\repos\netcore\libs\template-netcore-entities\kitpymes.core.entities.tests\bin\release\net5.0\kitpymes.core.entities.tests.dll" id="8fa812b8-d6ec-4d18-99e2-1605a4de842f">
      <Execution id="c51beab4-51f0-4284-a70a-db4b5a7c1e15" />
      <TestMethod codeBase="D:\SFERRARI\01 - TRABAJO\repos\netcore\libs\template-netcore-entities\Kitpymes.Core.Entities.Tests\bin\Release\net5.0\Kitpymes.Core.Entities.Tests.dll" adapterTypeName="executor://mstestadapter/v2" className="Kitpymes.Core.Entities.ValueObjects.Tests.NameTests" name="OperatorEqual_Passing_Valid_Distinct_Values_Returns_False" />
    </UnitTest>
    <UnitTest name="GetAll_Passing_Nothing_Returns_Enumeracion_List" storage="d:\sferrari\01 - trabajo\repos\netcore\libs\template-netcore-entities\kitpymes.core.entities.tests\bin\release\net5.0\kitpymes.core.entities.tests.dll" id="d5e08c7b-22fb-4742-a096-0fa1d0d05fd3">
      <Execution id="e4fac932-b19c-4a51-b65d-3f15a0ab7969" />
      <TestMethod codeBase="D:\SFERRARI\01 - TRABAJO\repos\netcore\libs\template-netcore-entities\Kitpymes.Core.Entities.Tests\bin\Release\net5.0\Kitpymes.Core.Entities.Tests.dll" adapterTypeName="executor://mstestadapter/v2" className="Kitpymes.Core.Entities.Enumerations.Tests.StatusEnumTests" name="GetAll_Passing_Nothing_Returns_Enumeracion_List" />
    </UnitTest>
    <UnitTest name="ToString_Passing_Valid_Values_Returns_Address_String_Format (200,EUR,4)" storage="d:\sferrari\01 - trabajo\repos\netcore\libs\template-netcore-entities\kitpymes.core.entities.tests\bin\release\net5.0\kitpymes.core.entities.tests.dll" id="fcbb5f12-7a68-4147-97a0-fb9d68ed61fc">
      <Execution id="41c6c555-15ca-4927-a918-b1d9387ab5d0" />
      <TestMethod codeBase="D:\SFERRARI\01 - TRABAJO\repos\netcore\libs\template-netcore-entities\Kitpymes.Core.Entities.Tests\bin\Release\net5.0\Kitpymes.Core.Entities.Tests.dll" adapterTypeName="executor://mstestadapter/v2" className="Kitpymes.Core.Entities.ValueObjects.Tests.MoneyTests" name="ToString_Passing_Valid_Values_Returns_Address_String_Format" />
    </UnitTest>
    <UnitTest name="Equals_Passing_Valid_Distinct_Values_Returns_False (Esp añâ)" storage="d:\sferrari\01 - trabajo\repos\netcore\libs\template-netcore-entities\kitpymes.core.entities.tests\bin\release\net5.0\kitpymes.core.entities.tests.dll" id="baf99785-676b-4b60-9e92-e7c10d0ba0a2">
      <Execution id="9c9c8dee-7b48-4f49-ae6c-6f9a5397002c" />
      <TestMethod codeBase="D:\SFERRARI\01 - TRABAJO\repos\netcore\libs\template-netcore-entities\Kitpymes.Core.Entities.Tests\bin\Release\net5.0\Kitpymes.Core.Entities.Tests.dll" adapterTypeName="executor://mstestadapter/v2" className="Kitpymes.Core.Entities.ValueObjects.Tests.NameTests" name="Equals_Passing_Valid_Distinct_Values_Returns_False" />
    </UnitTest>
    <UnitTest name="GetAll_Passing_Nothing_Returns_Enumeracion_List" storage="d:\sferrari\01 - trabajo\repos\netcore\libs\template-netcore-entities\kitpymes.core.entities.tests\bin\release\net5.0\kitpymes.core.entities.tests.dll" id="f882ded5-2bfa-498f-9d64-e67e564ede26">
      <Execution id="82353bc6-1771-4324-a71f-8b784549c795" />
      <TestMethod codeBase="D:\SFERRARI\01 - TRABAJO\repos\netcore\libs\template-netcore-entities\Kitpymes.Core.Entities.Tests\bin\Release\net5.0\Kitpymes.Core.Entities.Tests.dll" adapterTypeName="executor://mstestadapter/v2" className="Kitpymes.Core.Entities.Enumerations.Tests.CardTypeEnumTests" name="GetAll_Passing_Nothing_Returns_Enumeracion_List" />
    </UnitTest>
    <UnitTest name="Equals_Passing_Valid_Values_Returns_True (USD)" storage="d:\sferrari\01 - trabajo\repos\netcore\libs\template-netcore-entities\kitpymes.core.entities.tests\bin\release\net5.0\kitpymes.core.entities.tests.dll" id="4f4ca9f9-dbc5-444f-8160-9541d8c5209e">
      <Execution id="b1de8da1-ffd8-417e-a8a8-0797fbaf292f" />
      <TestMethod codeBase="D:\SFERRARI\01 - TRABAJO\repos\netcore\libs\template-netcore-entities\Kitpymes.Core.Entities.Tests\bin\Release\net5.0\Kitpymes.Core.Entities.Tests.dll" adapterTypeName="executor://mstestadapter/v2" className="Kitpymes.Core.Entities.ValueObjects.Tests.CurrencyTests" name="Equals_Passing_Valid_Values_Returns_True" />
    </UnitTest>
    <UnitTest name="OperatorEqual_Passing_Valid_Distinct_Values_Returns_False (app.hackerone1.com)" storage="d:\sferrari\01 - trabajo\repos\netcore\libs\template-netcore-entities\kitpymes.core.entities.tests\bin\release\net5.0\kitpymes.core.entities.tests.dll" id="d2dbe8f6-404d-41c5-9163-39c5b2ea90e6">
      <Execution id="4adc8716-c812-40b1-8438-dcaf492295ab" />
      <TestMethod codeBase="D:\SFERRARI\01 - TRABAJO\repos\netcore\libs\template-netcore-entities\Kitpymes.Core.Entities.Tests\bin\Release\net5.0\Kitpymes.Core.Entities.Tests.dll" adapterTypeName="executor://mstestadapter/v2" className="Kitpymes.Core.Entities.ValueObjects.Tests.SubdomainTests" name="OperatorEqual_Passing_Valid_Distinct_Values_Returns_False" />
    </UnitTest>
    <UnitTest name="IsNull_Passing_Valid_Value_Returns_False (Españã)" storage="d:\sferrari\01 - trabajo\repos\netcore\libs\template-netcore-entities\kitpymes.core.entities.tests\bin\release\net5.0\kitpymes.core.entities.tests.dll" id="eec2cc74-298a-47ac-a5f8-7e6366ec2b04">
      <Execution id="f1e4895a-d81c-4d11-a792-7a2a48984dd7" />
      <TestMethod codeBase="D:\SFERRARI\01 - TRABAJO\repos\netcore\libs\template-netcore-entities\Kitpymes.Core.Entities.Tests\bin\Release\net5.0\Kitpymes.Core.Entities.Tests.dll" adapterTypeName="executor://mstestadapter/v2" className="Kitpymes.Core.Entities.ValueObjects.Tests.NameTests" name="IsNull_Passing_Valid_Value_Returns_False" />
    </UnitTest>
    <UnitTest name="OperatorNotEqual_Passing_Valid_Values_Returns_True (Españâ)" storage="d:\sferrari\01 - trabajo\repos\netcore\libs\template-netcore-entities\kitpymes.core.entities.tests\bin\release\net5.0\kitpymes.core.entities.tests.dll" id="25ae38f7-c054-470d-a8e3-64db96f5834f">
      <Execution id="98d8c7a4-bfa8-4bf4-8bf3-821ef9bbb66a" />
      <TestMethod codeBase="D:\SFERRARI\01 - TRABAJO\repos\netcore\libs\template-netcore-entities\Kitpymes.Core.Entities.Tests\bin\Release\net5.0\Kitpymes.Core.Entities.Tests.dll" adapterTypeName="executor://mstestadapter/v2" className="Kitpymes.Core.Entities.ValueObjects.Tests.NameTests" name="OperatorNotEqual_Passing_Valid_Values_Returns_True" />
    </UnitTest>
    <UnitTest name="OperatorNotEqual_Passing_Valid_Values_Returns_False (Esp añâ)" storage="d:\sferrari\01 - trabajo\repos\netcore\libs\template-netcore-entities\kitpymes.core.entities.tests\bin\release\net5.0\kitpymes.core.entities.tests.dll" id="ef49a269-5ef7-4f68-959d-ac3a84f159e3">
      <Execution id="2c090508-fc19-4a9b-903d-66ff284a1520" />
      <TestMethod codeBase="D:\SFERRARI\01 - TRABAJO\repos\netcore\libs\template-netcore-entities\Kitpymes.Core.Entities.Tests\bin\Release\net5.0\Kitpymes.Core.Entities.Tests.dll" adapterTypeName="executor://mstestadapter/v2" className="Kitpymes.Core.Entities.ValueObjects.Tests.NameTests" name="OperatorNotEqual_Passing_Valid_Values_Returns_False" />
    </UnitTest>
    <UnitTest name="ToFullString_Passing_Valid_Values_Returns_Value_String_Format (San Bartoleme De Tirajana,Las Palmas,España)" storage="d:\sferrari\01 - trabajo\repos\netcore\libs\template-netcore-entities\kitpymes.core.entities.tests\bin\release\net5.0\kitpymes.core.entities.tests.dll" id="0feffdeb-590e-4c8e-8995-71d85f7dc55a">
      <Execution id="99543f4e-cc38-4bce-b92d-90b087d4f246" />
      <TestMethod codeBase="D:\SFERRARI\01 - TRABAJO\repos\netcore\libs\template-netcore-entities\Kitpymes.Core.Entities.Tests\bin\Release\net5.0\Kitpymes.Core.Entities.Tests.dll" adapterTypeName="executor://mstestadapter/v2" className="Kitpymes.Core.Entities.ValueObjects.Tests.FullNameTests" name="ToFullString_Passing_Valid_Values_Returns_Value_String_Format" />
    </UnitTest>
    <UnitTest name="Equals_Passing_Valid_Distinct_Values_Returns_False (Sabadell)" storage="d:\sferrari\01 - trabajo\repos\netcore\libs\template-netcore-entities\kitpymes.core.entities.tests\bin\release\net5.0\kitpymes.core.entities.tests.dll" id="fc9d4ea0-c248-4556-b846-ef172f40ebb6">
      <Execution id="2c454c10-1436-4887-9364-1bceab45e350" />
      <TestMethod codeBase="D:\SFERRARI\01 - TRABAJO\repos\netcore\libs\template-netcore-entities\Kitpymes.Core.Entities.Tests\bin\Release\net5.0\Kitpymes.Core.Entities.Tests.dll" adapterTypeName="executor://mstestadapter/v2" className="Kitpymes.Core.Entities.ValueObjects.Tests.StringIdTests" name="Equals_Passing_Valid_Distinct_Values_Returns_False" />
    </UnitTest>
    <UnitTest name="Change_Passing_Valid_Values_Returns_Address (200,EUR,4)" storage="d:\sferrari\01 - trabajo\repos\netcore\libs\template-netcore-entities\kitpymes.core.entities.tests\bin\release\net5.0\kitpymes.core.entities.tests.dll" id="ae11c9df-7ff8-4a62-bb48-2d33c5532bd5">
      <Execution id="e403a7c7-e6f6-463c-9ee8-c13e46c829df" />
      <TestMethod codeBase="D:\SFERRARI\01 - TRABAJO\repos\netcore\libs\template-netcore-entities\Kitpymes.Core.Entities.Tests\bin\Release\net5.0\Kitpymes.Core.Entities.Tests.dll" adapterTypeName="executor://mstestadapter/v2" className="Kitpymes.Core.Entities.ValueObjects.Tests.MoneyTests" name="Change_Passing_Valid_Values_Returns_Address" />
    </UnitTest>
    <UnitTest name="OperatorEqual_Passing_Valid_Distinct_Values_Returns_False (España)" storage="d:\sferrari\01 - trabajo\repos\netcore\libs\template-netcore-entities\kitpymes.core.entities.tests\bin\release\net5.0\kitpymes.core.entities.tests.dll" id="f3a252c8-6882-45dd-9b8c-dd0088cc4caf">
      <Execution id="140608d7-6790-496a-b695-c942df4dcb7a" />
      <TestMethod codeBase="D:\SFERRARI\01 - TRABAJO\repos\netcore\libs\template-netcore-entities\Kitpymes.Core.Entities.Tests\bin\Release\net5.0\Kitpymes.Core.Entities.Tests.dll" adapterTypeName="executor://mstestadapter/v2" className="Kitpymes.Core.Entities.ValueObjects.Tests.NameTests" name="OperatorEqual_Passing_Valid_Distinct_Values_Returns_False" />
    </UnitTest>
    <UnitTest name="OperatorEqual_Passing_Valid_Distinct_Values_Returns_False (Españâ)" storage="d:\sferrari\01 - trabajo\repos\netcore\libs\template-netcore-entities\kitpymes.core.entities.tests\bin\release\net5.0\kitpymes.core.entities.tests.dll" id="3fdd773e-339b-4401-b4d2-6be4d4c67a7d">
      <Execution id="a772110d-6763-44d0-9e3b-acd6c3d20be5" />
      <TestMethod codeBase="D:\SFERRARI\01 - TRABAJO\repos\netcore\libs\template-netcore-entities\Kitpymes.Core.Entities.Tests\bin\Release\net5.0\Kitpymes.Core.Entities.Tests.dll" adapterTypeName="executor://mstestadapter/v2" className="Kitpymes.Core.Entities.ValueObjects.Tests.NameTests" name="OperatorEqual_Passing_Valid_Distinct_Values_Returns_False" />
    </UnitTest>
    <UnitTest name="ToEnum_Passing_Valid_String_Name_Returns_Enumeracion" storage="d:\sferrari\01 - trabajo\repos\netcore\libs\template-netcore-entities\kitpymes.core.entities.tests\bin\release\net5.0\kitpymes.core.entities.tests.dll" id="01706069-ece9-4115-954a-25423e3895fc">
      <Execution id="fa5a3fbe-f04c-4a5e-864f-5f280060bd12" />
      <TestMethod codeBase="D:\SFERRARI\01 - TRABAJO\repos\netcore\libs\template-netcore-entities\Kitpymes.Core.Entities.Tests\bin\Release\net5.0\Kitpymes.Core.Entities.Tests.dll" adapterTypeName="executor://mstestadapter/v2" className="Kitpymes.Core.Entities.Enumerations.Tests.StatusEnumTests" name="ToEnum_Passing_Valid_String_Name_Returns_Enumeracion" />
    </UnitTest>
    <UnitTest name="ToNormalize_Passing_Valid_Values_Returns_Name_String_Format (Españâ,Espana)" storage="d:\sferrari\01 - trabajo\repos\netcore\libs\template-netcore-entities\kitpymes.core.entities.tests\bin\release\net5.0\kitpymes.core.entities.tests.dll" id="9cb714d3-1ee1-4ac8-a462-5c77897b6415">
      <Execution id="aa2188cf-4ced-4fb7-b46c-69740fdfec67" />
      <TestMethod codeBase="D:\SFERRARI\01 - TRABAJO\repos\netcore\libs\template-netcore-entities\Kitpymes.Core.Entities.Tests\bin\Release\net5.0\Kitpymes.Core.Entities.Tests.dll" adapterTypeName="executor://mstestadapter/v2" className="Kitpymes.Core.Entities.ValueObjects.Tests.NameTests" name="ToNormalize_Passing_Valid_Values_Returns_Name_String_Format" />
    </UnitTest>
    <UnitTest name="ToString_Passing_Valid_Values_Returns_Name (Españħ)" storage="d:\sferrari\01 - trabajo\repos\netcore\libs\template-netcore-entities\kitpymes.core.entities.tests\bin\release\net5.0\kitpymes.core.entities.tests.dll" id="ad789d38-72a3-431f-a5ed-c1db270c7ccd">
      <Execution id="a23fbde0-5427-40df-9c4c-633ece435c4c" />
      <TestMethod codeBase="D:\SFERRARI\01 - TRABAJO\repos\netcore\libs\template-netcore-entities\Kitpymes.Core.Entities.Tests\bin\Release\net5.0\Kitpymes.Core.Entities.Tests.dll" adapterTypeName="executor://mstestadapter/v2" className="Kitpymes.Core.Entities.ValueObjects.Tests.NameTests" name="ToString_Passing_Valid_Values_Returns_Name" />
    </UnitTest>
    <UnitTest name="OperatorNotEqual_Passing_Valid_Values_Returns_True (San Bartoleme De Tirajana,Las Palmas,España)" storage="d:\sferrari\01 - trabajo\repos\netcore\libs\template-netcore-entities\kitpymes.core.entities.tests\bin\release\net5.0\kitpymes.core.entities.tests.dll" id="9a623ace-f0a9-4cde-b0cc-990664efd17e">
      <Execution id="c2c171ae-7430-46c5-9c7e-bd160ad48104" />
      <TestMethod codeBase="D:\SFERRARI\01 - TRABAJO\repos\netcore\libs\template-netcore-entities\Kitpymes.Core.Entities.Tests\bin\Release\net5.0\Kitpymes.Core.Entities.Tests.dll" adapterTypeName="executor://mstestadapter/v2" className="Kitpymes.Core.Entities.ValueObjects.Tests.FullNameTests" name="OperatorNotEqual_Passing_Valid_Values_Returns_True" />
    </UnitTest>
    <UnitTest name="IsNull_Passing_Valid_Values_Returns_False (456,43543543543)" storage="d:\sferrari\01 - trabajo\repos\netcore\libs\template-netcore-entities\kitpymes.core.entities.tests\bin\release\net5.0\kitpymes.core.entities.tests.dll" id="a0800714-3984-46ed-b940-d3500f863987">
      <Execution id="14243b7e-8d63-4450-8602-1258cbef40c4" />
      <TestMethod codeBase="D:\SFERRARI\01 - TRABAJO\repos\netcore\libs\template-netcore-entities\Kitpymes.Core.Entities.Tests\bin\Release\net5.0\Kitpymes.Core.Entities.Tests.dll" adapterTypeName="executor://mstestadapter/v2" className="Kitpymes.Core.Entities.ValueObjects.Tests.TelephoneTests" name="IsNull_Passing_Valid_Values_Returns_False" />
    </UnitTest>
    <UnitTest name="ToBool_Passing_Valid_String_Active_Value_Returns_True" storage="d:\sferrari\01 - trabajo\repos\netcore\libs\template-netcore-entities\kitpymes.core.entities.tests\bin\release\net5.0\kitpymes.core.entities.tests.dll" id="aae1bbf1-320d-4a40-a0c9-59d5d09a4030">
      <Execution id="6df72966-bcfe-4d82-9af8-2924f5bc75ea" />
      <TestMethod codeBase="D:\SFERRARI\01 - TRABAJO\repos\netcore\libs\template-netcore-entities\Kitpymes.Core.Entities.Tests\bin\Release\net5.0\Kitpymes.Core.Entities.Tests.dll" adapterTypeName="executor://mstestadapter/v2" className="Kitpymes.Core.Entities.Enumerations.Tests.StatusEnumTests" name="ToBool_Passing_Valid_String_Active_Value_Returns_True" />
    </UnitTest>
    <UnitTest name="Equals_Passing_Valid_Distinct_Values_Returns_False (www.hackerone-com)" storage="d:\sferrari\01 - trabajo\repos\netcore\libs\template-netcore-entities\kitpymes.core.entities.tests\bin\release\net5.0\kitpymes.core.entities.tests.dll" id="bf9d5cf7-ce69-45a3-bdba-5fb3455c6afd">
      <Execution id="599d5a29-fd35-4b45-b99c-40c5f32fe554" />
      <TestMethod codeBase="D:\SFERRARI\01 - TRABAJO\repos\netcore\libs\template-netcore-entities\Kitpymes.Core.Entities.Tests\bin\Release\net5.0\Kitpymes.Core.Entities.Tests.dll" adapterTypeName="executor://mstestadapter/v2" className="Kitpymes.Core.Entities.ValueObjects.Tests.SubdomainTests" name="Equals_Passing_Valid_Distinct_Values_Returns_False" />
    </UnitTest>
    <UnitTest name="Create_Passing_InvalidOrNull_Value_Returns_ApplicationException (San Bartoleme De Tirajana,,Tenerife)" storage="d:\sferrari\01 - trabajo\repos\netcore\libs\template-netcore-entities\kitpymes.core.entities.tests\bin\release\net5.0\kitpymes.core.entities.tests.dll" id="24c77782-ddb4-4c8a-a317-44b3fd6aa350">
      <Execution id="a109199c-b2d3-4794-ae79-3090c230def4" />
      <TestMethod codeBase="D:\SFERRARI\01 - TRABAJO\repos\netcore\libs\template-netcore-entities\Kitpymes.Core.Entities.Tests\bin\Release\net5.0\Kitpymes.Core.Entities.Tests.dll" adapterTypeName="executor://mstestadapter/v2" className="Kitpymes.Core.Entities.ValueObjects.Tests.FullNameTests" name="Create_Passing_InvalidOrNull_Value_Returns_ApplicationException" />
    </UnitTest>
    <UnitTest name="IsNull_Passing_Valid_Value_Returns_False (Españâ)" storage="d:\sferrari\01 - trabajo\repos\netcore\libs\template-netcore-entities\kitpymes.core.entities.tests\bin\release\net5.0\kitpymes.core.entities.tests.dll" id="207368ef-3d53-4c93-8f6e-058c5e213df2">
      <Execution id="910b4bfd-e3d6-4853-9202-fa63c64e0c21" />
      <TestMethod codeBase="D:\SFERRARI\01 - TRABAJO\repos\netcore\libs\template-netcore-entities\Kitpymes.Core.Entities.Tests\bin\Release\net5.0\Kitpymes.Core.Entities.Tests.dll" adapterTypeName="executor://mstestadapter/v2" className="Kitpymes.Core.Entities.ValueObjects.Tests.NameTests" name="IsNull_Passing_Valid_Value_Returns_False" />
    </UnitTest>
    <UnitTest name="ToString_Passing_Valid_Values_Returns_Subdomain (stage_hackerone.com)" storage="d:\sferrari\01 - trabajo\repos\netcore\libs\template-netcore-entities\kitpymes.core.entities.tests\bin\release\net5.0\kitpymes.core.entities.tests.dll" id="30fdbbb3-9e43-4f46-872a-6eb68e423dc7">
      <Execution id="171237be-dff7-4dab-97bd-73a4ee47cb92" />
      <TestMethod codeBase="D:\SFERRARI\01 - TRABAJO\repos\netcore\libs\template-netcore-entities\Kitpymes.Core.Entities.Tests\bin\Release\net5.0\Kitpymes.Core.Entities.Tests.dll" adapterTypeName="executor://mstestadapter/v2" className="Kitpymes.Core.Entities.ValueObjects.Tests.SubdomainTests" name="ToString_Passing_Valid_Values_Returns_Subdomain" />
    </UnitTest>
    <UnitTest name="ToNormalize_Passing_Valid_Values_Returns_Address_String_Format (bb_ads@ggg.cc)" storage="d:\sferrari\01 - trabajo\repos\netcore\libs\template-netcore-entities\kitpymes.core.entities.tests\bin\release\net5.0\kitpymes.core.entities.tests.dll" id="a9873d18-2fe4-4819-9f83-adf6b10d3b1c">
      <Execution id="2544eec6-690c-404a-b8e1-13227d76d826" />
      <TestMethod codeBase="D:\SFERRARI\01 - TRABAJO\repos\netcore\libs\template-netcore-entities\Kitpymes.Core.Entities.Tests\bin\Release\net5.0\Kitpymes.Core.Entities.Tests.dll" adapterTypeName="executor://mstestadapter/v2" className="Kitpymes.Core.Entities.ValueObjects.Tests.EmailTests" name="ToNormalize_Passing_Valid_Values_Returns_Address_String_Format" />
    </UnitTest>
    <UnitTest name="OperatorEqual_Passing_Valid_Values_Returns_True (dasdasd@dsasd.ff)" storage="d:\sferrari\01 - trabajo\repos\netcore\libs\template-netcore-entities\kitpymes.core.entities.tests\bin\release\net5.0\kitpymes.core.entities.tests.dll" id="ff0adc21-6562-4863-a1c6-d13e2acd4544">
      <Execution id="4c593447-5d41-4127-902e-b29c975346fa" />
      <TestMethod codeBase="D:\SFERRARI\01 - TRABAJO\repos\netcore\libs\template-netcore-entities\Kitpymes.Core.Entities.Tests\bin\Release\net5.0\Kitpymes.Core.Entities.Tests.dll" adapterTypeName="executor://mstestadapter/v2" className="Kitpymes.Core.Entities.ValueObjects.Tests.EmailTests" name="OperatorEqual_Passing_Valid_Values_Returns_True" />
    </UnitTest>
    <UnitTest name="ToEnum_Passing_Invalid_String_Name_Enumeracion_Returns_Null" storage="d:\sferrari\01 - trabajo\repos\netcore\libs\template-netcore-entities\kitpymes.core.entities.tests\bin\release\net5.0\kitpymes.core.entities.tests.dll" id="eb85043a-25c0-419d-8442-89d02443425e">
      <Execution id="1e3f0cf7-3b56-4227-93e4-f7211f4158b5" />
      <TestMethod codeBase="D:\SFERRARI\01 - TRABAJO\repos\netcore\libs\template-netcore-entities\Kitpymes.Core.Entities.Tests\bin\Release\net5.0\Kitpymes.Core.Entities.Tests.dll" adapterTypeName="executor://mstestadapter/v2" className="Kitpymes.Core.Entities.Enumerations.Tests.LogTypeEnumTests" name="ToEnum_Passing_Invalid_String_Name_Enumeracion_Returns_Null" />
    </UnitTest>
    <UnitTest name="OperatorNotEqual_Passing_Valid_Values_Returns_False (Españħ)" storage="d:\sferrari\01 - trabajo\repos\netcore\libs\template-netcore-entities\kitpymes.core.entities.tests\bin\release\net5.0\kitpymes.core.entities.tests.dll" id="c4d1db9d-fa28-440b-a021-44dc746f8b81">
      <Execution id="1e248ac5-ce7d-4c24-9c9a-df3ac2332f8f" />
      <TestMethod codeBase="D:\SFERRARI\01 - TRABAJO\repos\netcore\libs\template-netcore-entities\Kitpymes.Core.Entities.Tests\bin\Release\net5.0\Kitpymes.Core.Entities.Tests.dll" adapterTypeName="executor://mstestadapter/v2" className="Kitpymes.Core.Entities.ValueObjects.Tests.NameTests" name="OperatorNotEqual_Passing_Valid_Values_Returns_False" />
    </UnitTest>
    <UnitTest name="OperatorEqual_Passing_Valid_Distinct_Values_Returns_False (www.hackerone-com)" storage="d:\sferrari\01 - trabajo\repos\netcore\libs\template-netcore-entities\kitpymes.core.entities.tests\bin\release\net5.0\kitpymes.core.entities.tests.dll" id="8115f4f8-7a6c-4e22-b976-e69cdf574ed4">
      <Execution id="1d5f5ba6-a753-414b-a8be-4ae456ae1bee" />
      <TestMethod codeBase="D:\SFERRARI\01 - TRABAJO\repos\netcore\libs\template-netcore-entities\Kitpymes.Core.Entities.Tests\bin\Release\net5.0\Kitpymes.Core.Entities.Tests.dll" adapterTypeName="executor://mstestadapter/v2" className="Kitpymes.Core.Entities.ValueObjects.Tests.SubdomainTests" name="OperatorEqual_Passing_Valid_Distinct_Values_Returns_False" />
    </UnitTest>
    <UnitTest name="Create_Passing_Valid_Values_Returns_FullName (San Bartoleme De Tirajana,Las Palmas,España)" storage="d:\sferrari\01 - trabajo\repos\netcore\libs\template-netcore-entities\kitpymes.core.entities.tests\bin\release\net5.0\kitpymes.core.entities.tests.dll" id="c4fa32de-4515-4ca3-8a92-f27af61ef88a">
      <Execution id="14acccd2-6c50-498a-af7d-2f6aadb2f279" />
      <TestMethod codeBase="D:\SFERRARI\01 - TRABAJO\repos\netcore\libs\template-netcore-entities\Kitpymes.Core.Entities.Tests\bin\Release\net5.0\Kitpymes.Core.Entities.Tests.dll" adapterTypeName="executor://mstestadapter/v2" className="Kitpymes.Core.Entities.ValueObjects.Tests.FullNameTests" name="Create_Passing_Valid_Values_Returns_FullName" />
    </UnitTest>
    <UnitTest name="ToEnum_Passing_Invalid_String_Name_Returns_Null" storage="d:\sferrari\01 - trabajo\repos\netcore\libs\template-netcore-entities\kitpymes.core.entities.tests\bin\release\net5.0\kitpymes.core.entities.tests.dll" id="06812a59-731a-455a-91c8-51f0347f89f6">
      <Execution id="6a2b1922-ad2f-410b-a76d-d3f41e4d7867" />
      <TestMethod codeBase="D:\SFERRARI\01 - TRABAJO\repos\netcore\libs\template-netcore-entities\Kitpymes.Core.Entities.Tests\bin\Release\net5.0\Kitpymes.Core.Entities.Tests.dll" adapterTypeName="executor://mstestadapter/v2" className="Kitpymes.Core.Entities.Enumerations.Tests.StatusEnumTests" name="ToEnum_Passing_Invalid_String_Name_Returns_Null" />
    </UnitTest>
    <UnitTest name="IsNull_Passing_Valid_Values_Returns_False (D45,86554654)" storage="d:\sferrari\01 - trabajo\repos\netcore\libs\template-netcore-entities\kitpymes.core.entities.tests\bin\release\net5.0\kitpymes.core.entities.tests.dll" id="1e4a7c31-d8a3-4167-8de2-3a5d35ad4c18">
      <Execution id="c60b4f84-05d6-416a-aa67-85e841e127ff" />
      <TestMethod codeBase="D:\SFERRARI\01 - TRABAJO\repos\netcore\libs\template-netcore-entities\Kitpymes.Core.Entities.Tests\bin\Release\net5.0\Kitpymes.Core.Entities.Tests.dll" adapterTypeName="executor://mstestadapter/v2" className="Kitpymes.Core.Entities.ValueObjects.Tests.TelephoneTests" name="IsNull_Passing_Valid_Values_Returns_False" />
    </UnitTest>
    <UnitTest name="Equals_Passing_Valid_Values_Returns_True (Tenerife,23,34567,San Bartoleme De Tirajana,Las Palmas,España)" storage="d:\sferrari\01 - trabajo\repos\netcore\libs\template-netcore-entities\kitpymes.core.entities.tests\bin\release\net5.0\kitpymes.core.entities.tests.dll" id="7d1d3d69-4ac9-40e4-a29c-3bd02f198e08">
      <Execution id="e08f8f8b-6b38-48e4-9641-82f6bff4cd9d" />
      <TestMethod codeBase="D:\SFERRARI\01 - TRABAJO\repos\netcore\libs\template-netcore-entities\Kitpymes.Core.Entities.Tests\bin\Release\net5.0\Kitpymes.Core.Entities.Tests.dll" adapterTypeName="executor://mstestadapter/v2" className="Kitpymes.Core.Entities.ValueObjects.Tests.AddressTests" name="Equals_Passing_Valid_Values_Returns_True" />
    </UnitTest>
    <UnitTest name="OperatorEqual_Passing_Valid_Values_Returns_True (Esp añâ)" storage="d:\sferrari\01 - trabajo\repos\netcore\libs\template-netcore-entities\kitpymes.core.entities.tests\bin\release\net5.0\kitpymes.core.entities.tests.dll" id="f98c2bb4-42c5-4f6a-871e-a918b69affc9">
      <Execution id="f69bf3de-a5ba-4296-982c-52354f59fedd" />
      <TestMethod codeBase="D:\SFERRARI\01 - TRABAJO\repos\netcore\libs\template-netcore-entities\Kitpymes.Core.Entities.Tests\bin\Release\net5.0\Kitpymes.Core.Entities.Tests.dll" adapterTypeName="executor://mstestadapter/v2" className="Kitpymes.Core.Entities.ValueObjects.Tests.NameTests" name="OperatorEqual_Passing_Valid_Values_Returns_True" />
    </UnitTest>
    <UnitTest name="OperatorNotEqual_Passing_Valid_Values_Returns_False (www.hackerone-com)" storage="d:\sferrari\01 - trabajo\repos\netcore\libs\template-netcore-entities\kitpymes.core.entities.tests\bin\release\net5.0\kitpymes.core.entities.tests.dll" id="5dd06322-f730-43f0-8351-b7191d22eef2">
      <Execution id="38f2605f-9970-4b47-b530-fa50c4626fe9" />
      <TestMethod codeBase="D:\SFERRARI\01 - TRABAJO\repos\netcore\libs\template-netcore-entities\Kitpymes.Core.Entities.Tests\bin\Release\net5.0\Kitpymes.Core.Entities.Tests.dll" adapterTypeName="executor://mstestadapter/v2" className="Kitpymes.Core.Entities.ValueObjects.Tests.SubdomainTests" name="OperatorNotEqual_Passing_Valid_Values_Returns_False" />
    </UnitTest>
    <UnitTest name="ToEnum_Passing_Null_Bool_Value_Returns_Inactive_Status" storage="d:\sferrari\01 - trabajo\repos\netcore\libs\template-netcore-entities\kitpymes.core.entities.tests\bin\release\net5.0\kitpymes.core.entities.tests.dll" id="65ef1241-7a26-4270-983f-e838223b09b9">
      <Execution id="015f36ba-8623-453e-b162-6a86b1a7334d" />
      <TestMethod codeBase="D:\SFERRARI\01 - TRABAJO\repos\netcore\libs\template-netcore-entities\Kitpymes.Core.Entities.Tests\bin\Release\net5.0\Kitpymes.Core.Entities.Tests.dll" adapterTypeName="executor://mstestadapter/v2" className="Kitpymes.Core.Entities.Enumerations.Tests.StatusEnumTests" name="ToEnum_Passing_Null_Bool_Value_Returns_Inactive_Status" />
    </UnitTest>
    <UnitTest name="OperatorNotEqual_Passing_Valid_Values_Returns_True (España)" storage="d:\sferrari\01 - trabajo\repos\netcore\libs\template-netcore-entities\kitpymes.core.entities.tests\bin\release\net5.0\kitpymes.core.entities.tests.dll" id="a2bc208e-24ba-4737-961d-c45d7e20abac">
      <Execution id="6b0bfd50-7c63-436e-b4bd-717322155796" />
      <TestMethod codeBase="D:\SFERRARI\01 - TRABAJO\repos\netcore\libs\template-netcore-entities\Kitpymes.Core.Entities.Tests\bin\Release\net5.0\Kitpymes.Core.Entities.Tests.dll" adapterTypeName="executor://mstestadapter/v2" className="Kitpymes.Core.Entities.ValueObjects.Tests.NameTests" name="OperatorNotEqual_Passing_Valid_Values_Returns_True" />
    </UnitTest>
    <UnitTest name="Equals_Passing_Valid_Distinct_Values_Returns_False (Españá)" storage="d:\sferrari\01 - trabajo\repos\netcore\libs\template-netcore-entities\kitpymes.core.entities.tests\bin\release\net5.0\kitpymes.core.entities.tests.dll" id="c1a64f5e-5a7e-4ff5-8cc8-3dc94bab01ef">
      <Execution id="967ec920-5375-4f91-bfb7-a68ee188e766" />
      <TestMethod codeBase="D:\SFERRARI\01 - TRABAJO\repos\netcore\libs\template-netcore-entities\Kitpymes.Core.Entities.Tests\bin\Release\net5.0\Kitpymes.Core.Entities.Tests.dll" adapterTypeName="executor://mstestadapter/v2" className="Kitpymes.Core.Entities.ValueObjects.Tests.NameTests" name="Equals_Passing_Valid_Distinct_Values_Returns_False" />
    </UnitTest>
    <UnitTest name="ToString_Passing_Valid_Values_Returns_Address_String_Format (100,EUR,2)" storage="d:\sferrari\01 - trabajo\repos\netcore\libs\template-netcore-entities\kitpymes.core.entities.tests\bin\release\net5.0\kitpymes.core.entities.tests.dll" id="cbdf1940-8e28-40e9-8eb1-e5bbef9dea22">
      <Execution id="2adb4a2e-8e1b-4a19-9055-8d72947c5118" />
      <TestMethod codeBase="D:\SFERRARI\01 - TRABAJO\repos\netcore\libs\template-netcore-entities\Kitpymes.Core.Entities.Tests\bin\Release\net5.0\Kitpymes.Core.Entities.Tests.dll" adapterTypeName="executor://mstestadapter/v2" className="Kitpymes.Core.Entities.ValueObjects.Tests.MoneyTests" name="ToString_Passing_Valid_Values_Returns_Address_String_Format" />
    </UnitTest>
    <UnitTest name="OperatorNotEqual_Passing_Valid_Values_Returns_False (Españà)" storage="d:\sferrari\01 - trabajo\repos\netcore\libs\template-netcore-entities\kitpymes.core.entities.tests\bin\release\net5.0\kitpymes.core.entities.tests.dll" id="5d3e642f-316d-4426-ac27-36a4a1ea0300">
      <Execution id="3cf00f5d-2d09-4941-993e-b545ce211663" />
      <TestMethod codeBase="D:\SFERRARI\01 - TRABAJO\repos\netcore\libs\template-netcore-entities\Kitpymes.Core.Entities.Tests\bin\Release\net5.0\Kitpymes.Core.Entities.Tests.dll" adapterTypeName="executor://mstestadapter/v2" className="Kitpymes.Core.Entities.ValueObjects.Tests.NameTests" name="OperatorNotEqual_Passing_Valid_Values_Returns_False" />
    </UnitTest>
    <UnitTest name="Equals_Passing_Valid_Values_Returns_True (Esp añâ)" storage="d:\sferrari\01 - trabajo\repos\netcore\libs\template-netcore-entities\kitpymes.core.entities.tests\bin\release\net5.0\kitpymes.core.entities.tests.dll" id="e476a88d-871f-4737-bf76-61cb4346fb4d">
      <Execution id="1953ea78-4fcd-4d37-99fe-94732812803b" />
      <TestMethod codeBase="D:\SFERRARI\01 - TRABAJO\repos\netcore\libs\template-netcore-entities\Kitpymes.Core.Entities.Tests\bin\Release\net5.0\Kitpymes.Core.Entities.Tests.dll" adapterTypeName="executor://mstestadapter/v2" className="Kitpymes.Core.Entities.ValueObjects.Tests.NameTests" name="Equals_Passing_Valid_Values_Returns_True" />
    </UnitTest>
    <UnitTest name="OperatorNotEqual_Passing_Valid_Values_Returns_True (stage_hackerone.com)" storage="d:\sferrari\01 - trabajo\repos\netcore\libs\template-netcore-entities\kitpymes.core.entities.tests\bin\release\net5.0\kitpymes.core.entities.tests.dll" id="072c1e5c-b525-4d70-8578-bfc3fad705fe">
      <Execution id="6a001b99-1fb9-4538-aa96-8840749bd538" />
      <TestMethod codeBase="D:\SFERRARI\01 - TRABAJO\repos\netcore\libs\template-netcore-entities\Kitpymes.Core.Entities.Tests\bin\Release\net5.0\Kitpymes.Core.Entities.Tests.dll" adapterTypeName="executor://mstestadapter/v2" className="Kitpymes.Core.Entities.ValueObjects.Tests.SubdomainTests" name="OperatorNotEqual_Passing_Valid_Values_Returns_True" />
    </UnitTest>
    <UnitTest name="Equals_Passing_Valid_Distinct_Values_Returns_False (Españä)" storage="d:\sferrari\01 - trabajo\repos\netcore\libs\template-netcore-entities\kitpymes.core.entities.tests\bin\release\net5.0\kitpymes.core.entities.tests.dll" id="8417405e-68b3-46a4-be88-4712ee971947">
      <Execution id="4fe9dda9-618c-4915-bfc7-5cd4969060bb" />
      <TestMethod codeBase="D:\SFERRARI\01 - TRABAJO\repos\netcore\libs\template-netcore-entities\Kitpymes.Core.Entities.Tests\bin\Release\net5.0\Kitpymes.Core.Entities.Tests.dll" adapterTypeName="executor://mstestadapter/v2" className="Kitpymes.Core.Entities.ValueObjects.Tests.NameTests" name="Equals_Passing_Valid_Distinct_Values_Returns_False" />
    </UnitTest>
    <UnitTest name="IsNull_Passing_Null_Value_Returns_True" storage="d:\sferrari\01 - trabajo\repos\netcore\libs\template-netcore-entities\kitpymes.core.entities.tests\bin\release\net5.0\kitpymes.core.entities.tests.dll" id="46d609a0-bf2a-4d74-b7d0-12d27c77e6a3">
      <Execution id="ac024ff8-67ae-40ba-af36-08ea30fa053e" />
      <TestMethod codeBase="D:\SFERRARI\01 - TRABAJO\repos\netcore\libs\template-netcore-entities\Kitpymes.Core.Entities.Tests\bin\Release\net5.0\Kitpymes.Core.Entities.Tests.dll" adapterTypeName="executor://mstestadapter/v2" className="Kitpymes.Core.Entities.ValueObjects.Tests.NameTests" name="IsNull_Passing_Null_Value_Returns_True" />
    </UnitTest>
    <UnitTest name="OperatorNotEqual_Passing_Valid_Values_Returns_False (Españâ)" storage="d:\sferrari\01 - trabajo\repos\netcore\libs\template-netcore-entities\kitpymes.core.entities.tests\bin\release\net5.0\kitpymes.core.entities.tests.dll" id="37a8c9b1-817b-462c-8328-0643e8cf504d">
      <Execution id="73f122c2-7774-498d-beaf-e20611c9470e" />
      <TestMethod codeBase="D:\SFERRARI\01 - TRABAJO\repos\netcore\libs\template-netcore-entities\Kitpymes.Core.Entities.Tests\bin\Release\net5.0\Kitpymes.Core.Entities.Tests.dll" adapterTypeName="executor://mstestadapter/v2" className="Kitpymes.Core.Entities.ValueObjects.Tests.NameTests" name="OperatorNotEqual_Passing_Valid_Values_Returns_False" />
    </UnitTest>
    <UnitTest name="Create_Passing_InvalidOrNull_Value_Returns_ApplicationException ()" storage="d:\sferrari\01 - trabajo\repos\netcore\libs\template-netcore-entities\kitpymes.core.entities.tests\bin\release\net5.0\kitpymes.core.entities.tests.dll" id="ebe6c8c6-d8de-4a1b-bd09-99c989ff3735">
      <Execution id="bd5f9d0b-7fda-4b85-8e13-5d5c509bd922" />
      <TestMethod codeBase="D:\SFERRARI\01 - TRABAJO\repos\netcore\libs\template-netcore-entities\Kitpymes.Core.Entities.Tests\bin\Release\net5.0\Kitpymes.Core.Entities.Tests.dll" adapterTypeName="executor://mstestadapter/v2" className="Kitpymes.Core.Entities.ValueObjects.Tests.StringIdTests" name="Create_Passing_InvalidOrNull_Value_Returns_ApplicationException" />
    </UnitTest>
    <UnitTest name="IsNull_Passing_Valid_Address_Returns_False (Tenerife,23,34567,San Bartoleme De Tirajana,Las Palmas,España)" storage="d:\sferrari\01 - trabajo\repos\netcore\libs\template-netcore-entities\kitpymes.core.entities.tests\bin\release\net5.0\kitpymes.core.entities.tests.dll" id="fd375ea2-4c4d-40c7-b62f-1198e1e2f46f">
      <Execution id="71932f34-98fa-4320-868f-fba21ad3504d" />
      <TestMethod codeBase="D:\SFERRARI\01 - TRABAJO\repos\netcore\libs\template-netcore-entities\Kitpymes.Core.Entities.Tests\bin\Release\net5.0\Kitpymes.Core.Entities.Tests.dll" adapterTypeName="executor://mstestadapter/v2" className="Kitpymes.Core.Entities.ValueObjects.Tests.AddressTests" name="IsNull_Passing_Valid_Address_Returns_False" />
    </UnitTest>
    <UnitTest name="OperatorNotEqual_Passing_Valid_Values_Returns_True (Españħ)" storage="d:\sferrari\01 - trabajo\repos\netcore\libs\template-netcore-entities\kitpymes.core.entities.tests\bin\release\net5.0\kitpymes.core.entities.tests.dll" id="606041eb-01db-4d94-a3b3-87e9cebd88f4">
      <Execution id="68f43792-5fc0-4819-8063-d12bad5046a6" />
      <TestMethod codeBase="D:\SFERRARI\01 - TRABAJO\repos\netcore\libs\template-netcore-entities\Kitpymes.Core.Entities.Tests\bin\Release\net5.0\Kitpymes.Core.Entities.Tests.dll" adapterTypeName="executor://mstestadapter/v2" className="Kitpymes.Core.Entities.ValueObjects.Tests.NameTests" name="OperatorNotEqual_Passing_Valid_Values_Returns_True" />
    </UnitTest>
    <UnitTest name="OperatorNotEqual_Passing_Valid_Values_Returns_True (San Bartoleme De Tirajana)" storage="d:\sferrari\01 - trabajo\repos\netcore\libs\template-netcore-entities\kitpymes.core.entities.tests\bin\release\net5.0\kitpymes.core.entities.tests.dll" id="9a1ed573-a99c-422e-a136-8859757f5980">
      <Execution id="b9471e51-7128-437c-af62-f5b96c067743" />
      <TestMethod codeBase="D:\SFERRARI\01 - TRABAJO\repos\netcore\libs\template-netcore-entities\Kitpymes.Core.Entities.Tests\bin\Release\net5.0\Kitpymes.Core.Entities.Tests.dll" adapterTypeName="executor://mstestadapter/v2" className="Kitpymes.Core.Entities.ValueObjects.Tests.StringIdTests" name="OperatorNotEqual_Passing_Valid_Values_Returns_True" />
    </UnitTest>
    <UnitTest name="Create_Passing_Valid_Value_Returns_Email (ádsads@ggg.cc)" storage="d:\sferrari\01 - trabajo\repos\netcore\libs\template-netcore-entities\kitpymes.core.entities.tests\bin\release\net5.0\kitpymes.core.entities.tests.dll" id="61557e57-5b6b-4bb7-8eca-d7952bd3c433">
      <Execution id="cd1f8041-1904-4f2f-bb8c-23d2b3bd8992" />
      <TestMethod codeBase="D:\SFERRARI\01 - TRABAJO\repos\netcore\libs\template-netcore-entities\Kitpymes.Core.Entities.Tests\bin\Release\net5.0\Kitpymes.Core.Entities.Tests.dll" adapterTypeName="executor://mstestadapter/v2" className="Kitpymes.Core.Entities.ValueObjects.Tests.EmailTests" name="Create_Passing_Valid_Value_Returns_Email" />
    </UnitTest>
    <UnitTest name="ToEnum_Passing_Valid_IntName_Enumeracion_Returns_Enumeracion" storage="d:\sferrari\01 - trabajo\repos\netcore\libs\template-netcore-entities\kitpymes.core.entities.tests\bin\release\net5.0\kitpymes.core.entities.tests.dll" id="5513dcdd-7072-41ef-83f6-680a007c771e">
      <Execution id="ad1a3baa-0c2b-47bd-8d32-dd4f64d1e731" />
      <TestMethod codeBase="D:\SFERRARI\01 - TRABAJO\repos\netcore\libs\template-netcore-entities\Kitpymes.Core.Entities.Tests\bin\Release\net5.0\Kitpymes.Core.Entities.Tests.dll" adapterTypeName="executor://mstestadapter/v2" className="Kitpymes.Core.Entities.Enumerations.Tests.SubscriptionEnumTests" name="ToEnum_Passing_Valid_IntName_Enumeracion_Returns_Enumeracion" />
    </UnitTest>
    <UnitTest name="Equals_Passing_Valid_Distinct_Values_Returns_False (Españà)" storage="d:\sferrari\01 - trabajo\repos\netcore\libs\template-netcore-entities\kitpymes.core.entities.tests\bin\release\net5.0\kitpymes.core.entities.tests.dll" id="d6920fee-ccf5-41b4-9105-8b290f09ab5b">
      <Execution id="47564b32-2347-411c-b6ce-65cbe49e635d" />
      <TestMethod codeBase="D:\SFERRARI\01 - TRABAJO\repos\netcore\libs\template-netcore-entities\Kitpymes.Core.Entities.Tests\bin\Release\net5.0\Kitpymes.Core.Entities.Tests.dll" adapterTypeName="executor://mstestadapter/v2" className="Kitpymes.Core.Entities.ValueObjects.Tests.NameTests" name="Equals_Passing_Valid_Distinct_Values_Returns_False" />
    </UnitTest>
    <UnitTest name="Change_Passing_Valid_Values_Returns_Email (bbbs@bbb.bbb,ppp@ppp.ppp)" storage="d:\sferrari\01 - trabajo\repos\netcore\libs\template-netcore-entities\kitpymes.core.entities.tests\bin\release\net5.0\kitpymes.core.entities.tests.dll" id="3ec80ad5-608a-46c1-978e-dbc339a2d250">
      <Execution id="48bb1dfa-87e5-4565-b1a5-a3dc02bcda8c" />
      <TestMethod codeBase="D:\SFERRARI\01 - TRABAJO\repos\netcore\libs\template-netcore-entities\Kitpymes.Core.Entities.Tests\bin\Release\net5.0\Kitpymes.Core.Entities.Tests.dll" adapterTypeName="executor://mstestadapter/v2" className="Kitpymes.Core.Entities.ValueObjects.Tests.EmailTests" name="Change_Passing_Valid_Values_Returns_Email" />
    </UnitTest>
    <UnitTest name="Equals_Passing_Valid_Distinct_Values_Returns_False (200,EUR,4)" storage="d:\sferrari\01 - trabajo\repos\netcore\libs\template-netcore-entities\kitpymes.core.entities.tests\bin\release\net5.0\kitpymes.core.entities.tests.dll" id="23d277eb-2793-47dc-8910-90828f70f7d7">
      <Execution id="9ab3e5cd-8173-4b51-9020-e5be0667ead6" />
      <TestMethod codeBase="D:\SFERRARI\01 - TRABAJO\repos\netcore\libs\template-netcore-entities\Kitpymes.Core.Entities.Tests\bin\Release\net5.0\Kitpymes.Core.Entities.Tests.dll" adapterTypeName="executor://mstestadapter/v2" className="Kitpymes.Core.Entities.ValueObjects.Tests.MoneyTests" name="Equals_Passing_Valid_Distinct_Values_Returns_False" />
    </UnitTest>
    <UnitTest name="OperatorNotEqual_Passing_Valid_Values_Returns_False (200,EUR,4)" storage="d:\sferrari\01 - trabajo\repos\netcore\libs\template-netcore-entities\kitpymes.core.entities.tests\bin\release\net5.0\kitpymes.core.entities.tests.dll" id="cc2b2e93-92bd-44db-88d3-38ed9e511cf1">
      <Execution id="f64fd90f-27e7-4a0c-9e43-f1037d87db9b" />
      <TestMethod codeBase="D:\SFERRARI\01 - TRABAJO\repos\netcore\libs\template-netcore-entities\Kitpymes.Core.Entities.Tests\bin\Release\net5.0\Kitpymes.Core.Entities.Tests.dll" adapterTypeName="executor://mstestadapter/v2" className="Kitpymes.Core.Entities.ValueObjects.Tests.MoneyTests" name="OperatorNotEqual_Passing_Valid_Values_Returns_False" />
    </UnitTest>
    <UnitTest name="OperatorEqual_Passing_Valid_Values_Returns_True (D45,86554654)" storage="d:\sferrari\01 - trabajo\repos\netcore\libs\template-netcore-entities\kitpymes.core.entities.tests\bin\release\net5.0\kitpymes.core.entities.tests.dll" id="d73bf388-f6fa-4d3a-a087-e2cd25ff3c84">
      <Execution id="6af2fe0d-9c80-4c03-9e33-c5de513c67f6" />
      <TestMethod codeBase="D:\SFERRARI\01 - TRABAJO\repos\netcore\libs\template-netcore-entities\Kitpymes.Core.Entities.Tests\bin\Release\net5.0\Kitpymes.Core.Entities.Tests.dll" adapterTypeName="executor://mstestadapter/v2" className="Kitpymes.Core.Entities.ValueObjects.Tests.TelephoneTests" name="OperatorEqual_Passing_Valid_Values_Returns_True" />
    </UnitTest>
    <UnitTest name="Create_Passing_InvalidOrNull_Value_Returns_ApplicationException (Tenerife,23,34567,San Bartoleme De Tirajana,Las Palmas,)" storage="d:\sferrari\01 - trabajo\repos\netcore\libs\template-netcore-entities\kitpymes.core.entities.tests\bin\release\net5.0\kitpymes.core.entities.tests.dll" id="341d942e-4a6f-4197-95df-736f59cee7e2">
      <Execution id="04b096b8-8bff-4a8e-adca-65dfa3e0aa62" />
      <TestMethod codeBase="D:\SFERRARI\01 - TRABAJO\repos\netcore\libs\template-netcore-entities\Kitpymes.Core.Entities.Tests\bin\Release\net5.0\Kitpymes.Core.Entities.Tests.dll" adapterTypeName="executor://mstestadapter/v2" className="Kitpymes.Core.Entities.ValueObjects.Tests.AddressTests" name="Create_Passing_InvalidOrNull_Value_Returns_ApplicationException" />
    </UnitTest>
    <UnitTest name="OperatorEqual_Passing_Valid_Values_Returns_True (Españã)" storage="d:\sferrari\01 - trabajo\repos\netcore\libs\template-netcore-entities\kitpymes.core.entities.tests\bin\release\net5.0\kitpymes.core.entities.tests.dll" id="c829347b-a7cb-4a1a-a49e-1b5c254890c3">
      <Execution id="2f5c9a36-9c16-4072-8a5c-ecbe94c6e94e" />
      <TestMethod codeBase="D:\SFERRARI\01 - TRABAJO\repos\netcore\libs\template-netcore-entities\Kitpymes.Core.Entities.Tests\bin\Release\net5.0\Kitpymes.Core.Entities.Tests.dll" adapterTypeName="executor://mstestadapter/v2" className="Kitpymes.Core.Entities.ValueObjects.Tests.NameTests" name="OperatorEqual_Passing_Valid_Values_Returns_True" />
    </UnitTest>
    <UnitTest name="IsNull_Passing_Valid_Value_Returns_False (Españá)" storage="d:\sferrari\01 - trabajo\repos\netcore\libs\template-netcore-entities\kitpymes.core.entities.tests\bin\release\net5.0\kitpymes.core.entities.tests.dll" id="be859fa3-49d3-48fc-be29-08484caaa47f">
      <Execution id="16e0c6f1-1db8-4ebe-a928-01ecedb724fa" />
      <TestMethod codeBase="D:\SFERRARI\01 - TRABAJO\repos\netcore\libs\template-netcore-entities\Kitpymes.Core.Entities.Tests\bin\Release\net5.0\Kitpymes.Core.Entities.Tests.dll" adapterTypeName="executor://mstestadapter/v2" className="Kitpymes.Core.Entities.ValueObjects.Tests.NameTests" name="IsNull_Passing_Valid_Value_Returns_False" />
    </UnitTest>
    <UnitTest name="OperatorEqual_Passing_Valid_Distinct_Values_Returns_False (San Bartoleme De Tirajana,Las Palmas,España)" storage="d:\sferrari\01 - trabajo\repos\netcore\libs\template-netcore-entities\kitpymes.core.entities.tests\bin\release\net5.0\kitpymes.core.entities.tests.dll" id="0e0e59a4-40c7-49cb-bf62-564dedb3f8ec">
      <Execution id="bd2caab5-d9b7-4e7e-80ee-0a0443a3f699" />
      <TestMethod codeBase="D:\SFERRARI\01 - TRABAJO\repos\netcore\libs\template-netcore-entities\Kitpymes.Core.Entities.Tests\bin\Release\net5.0\Kitpymes.Core.Entities.Tests.dll" adapterTypeName="executor://mstestadapter/v2" className="Kitpymes.Core.Entities.ValueObjects.Tests.FullNameTests" name="OperatorEqual_Passing_Valid_Distinct_Values_Returns_False" />
    </UnitTest>
    <UnitTest name="OperatorEqual_Passing_Valid_Values_Returns_True (34fsds@sdd.fgg)" storage="d:\sferrari\01 - trabajo\repos\netcore\libs\template-netcore-entities\kitpymes.core.entities.tests\bin\release\net5.0\kitpymes.core.entities.tests.dll" id="bd25225b-e939-4fe5-be29-9709b520a056">
      <Execution id="fe699591-3945-40e2-9775-2d9f2de50ea4" />
      <TestMethod codeBase="D:\SFERRARI\01 - TRABAJO\repos\netcore\libs\template-netcore-entities\Kitpymes.Core.Entities.Tests\bin\Release\net5.0\Kitpymes.Core.Entities.Tests.dll" adapterTypeName="executor://mstestadapter/v2" className="Kitpymes.Core.Entities.ValueObjects.Tests.EmailTests" name="OperatorEqual_Passing_Valid_Values_Returns_True" />
    </UnitTest>
    <UnitTest name="OperatorNotEqual_Passing_Valid_Values_Returns_False (España)" storage="d:\sferrari\01 - trabajo\repos\netcore\libs\template-netcore-entities\kitpymes.core.entities.tests\bin\release\net5.0\kitpymes.core.entities.tests.dll" id="1a3198c9-08a5-48c8-af39-346af2dfd85b">
      <Execution id="bb94d0ee-1bde-4785-9de5-632c36a3ae0c" />
      <TestMethod codeBase="D:\SFERRARI\01 - TRABAJO\repos\netcore\libs\template-netcore-entities\Kitpymes.Core.Entities.Tests\bin\Release\net5.0\Kitpymes.Core.Entities.Tests.dll" adapterTypeName="executor://mstestadapter/v2" className="Kitpymes.Core.Entities.ValueObjects.Tests.NameTests" name="OperatorNotEqual_Passing_Valid_Values_Returns_False" />
    </UnitTest>
    <UnitTest name="OperatorEqual_Passing_Valid_Distinct_Values_Returns_False (dasdasd@dsasd.ff)" storage="d:\sferrari\01 - trabajo\repos\netcore\libs\template-netcore-entities\kitpymes.core.entities.tests\bin\release\net5.0\kitpymes.core.entities.tests.dll" id="3e7f8605-7679-4c19-96fd-891f5b2ad081">
      <Execution id="3d5b134b-93b5-46bd-989f-72c94e2169e1" />
      <TestMethod codeBase="D:\SFERRARI\01 - TRABAJO\repos\netcore\libs\template-netcore-entities\Kitpymes.Core.Entities.Tests\bin\Release\net5.0\Kitpymes.Core.Entities.Tests.dll" adapterTypeName="executor://mstestadapter/v2" className="Kitpymes.Core.Entities.ValueObjects.Tests.EmailTests" name="OperatorEqual_Passing_Valid_Distinct_Values_Returns_False" />
    </UnitTest>
    <UnitTest name="Equals_Passing_Valid_Distinct_Values_Returns_False (Sabadell,Barcelona,España)" storage="d:\sferrari\01 - trabajo\repos\netcore\libs\template-netcore-entities\kitpymes.core.entities.tests\bin\release\net5.0\kitpymes.core.entities.tests.dll" id="57247944-d83c-4ba6-a1e9-cd69665d5b29">
      <Execution id="c1e97968-2d04-4fa4-8f93-ba38b3bcb77c" />
      <TestMethod codeBase="D:\SFERRARI\01 - TRABAJO\repos\netcore\libs\template-netcore-entities\Kitpymes.Core.Entities.Tests\bin\Release\net5.0\Kitpymes.Core.Entities.Tests.dll" adapterTypeName="executor://mstestadapter/v2" className="Kitpymes.Core.Entities.ValueObjects.Tests.FullNameTests" name="Equals_Passing_Valid_Distinct_Values_Returns_False" />
    </UnitTest>
    <UnitTest name="Create_Passing_Valid_Values_Returns_Address (Tenerife,23,34567,San Bartoleme De Tirajana,Las Palmas,España)" storage="d:\sferrari\01 - trabajo\repos\netcore\libs\template-netcore-entities\kitpymes.core.entities.tests\bin\release\net5.0\kitpymes.core.entities.tests.dll" id="b62a179a-f716-4be1-8c44-4caab609b1b7">
      <Execution id="87998d76-a309-445c-b3b4-894354a42e45" />
      <TestMethod codeBase="D:\SFERRARI\01 - TRABAJO\repos\netcore\libs\template-netcore-entities\Kitpymes.Core.Entities.Tests\bin\Release\net5.0\Kitpymes.Core.Entities.Tests.dll" adapterTypeName="executor://mstestadapter/v2" className="Kitpymes.Core.Entities.ValueObjects.Tests.AddressTests" name="Create_Passing_Valid_Values_Returns_Address" />
    </UnitTest>
    <UnitTest name="IsNull_Passing_Valid_Value_Returns_False (stage_hackerone.com)" storage="d:\sferrari\01 - trabajo\repos\netcore\libs\template-netcore-entities\kitpymes.core.entities.tests\bin\release\net5.0\kitpymes.core.entities.tests.dll" id="15e6b579-15e0-4ea3-a98f-0b216e909c2d">
      <Execution id="46c78f01-6dc8-4649-81f8-3b4fd5c1c7f6" />
      <TestMethod codeBase="D:\SFERRARI\01 - TRABAJO\repos\netcore\libs\template-netcore-entities\Kitpymes.Core.Entities.Tests\bin\Release\net5.0\Kitpymes.Core.Entities.Tests.dll" adapterTypeName="executor://mstestadapter/v2" className="Kitpymes.Core.Entities.ValueObjects.Tests.SubdomainTests" name="IsNull_Passing_Valid_Value_Returns_False" />
    </UnitTest>
    <UnitTest name="IsNull_Passing_Valid_Value_Returns_False (España)" storage="d:\sferrari\01 - trabajo\repos\netcore\libs\template-netcore-entities\kitpymes.core.entities.tests\bin\release\net5.0\kitpymes.core.entities.tests.dll" id="869909dd-ceb6-4e33-b649-0f4fbdf9cfd3">
      <Execution id="39dce843-c40d-4d5a-8dd1-82b6d032031f" />
      <TestMethod codeBase="D:\SFERRARI\01 - TRABAJO\repos\netcore\libs\template-netcore-entities\Kitpymes.Core.Entities.Tests\bin\Release\net5.0\Kitpymes.Core.Entities.Tests.dll" adapterTypeName="executor://mstestadapter/v2" className="Kitpymes.Core.Entities.ValueObjects.Tests.NameTests" name="IsNull_Passing_Valid_Value_Returns_False" />
    </UnitTest>
    <UnitTest name="Change_Passing_Valid_Values_Returns_Address" storage="d:\sferrari\01 - trabajo\repos\netcore\libs\template-netcore-entities\kitpymes.core.entities.tests\bin\release\net5.0\kitpymes.core.entities.tests.dll" id="d6ea4c41-e7ab-40c4-a752-3273e269f336">
      <Execution id="f7971a1c-7ac1-4c5c-aa30-60dbafcfa55c" />
      <TestMethod codeBase="D:\SFERRARI\01 - TRABAJO\repos\netcore\libs\template-netcore-entities\Kitpymes.Core.Entities.Tests\bin\Release\net5.0\Kitpymes.Core.Entities.Tests.dll" adapterTypeName="executor://mstestadapter/v2" className="Kitpymes.Core.Entities.ValueObjects.Tests.AddressTests" name="Change_Passing_Valid_Values_Returns_Address" />
    </UnitTest>
    <UnitTest name="IsNull_Passing_Valid_Value_Returns_False (34fsds@sdd.fgg)" storage="d:\sferrari\01 - trabajo\repos\netcore\libs\template-netcore-entities\kitpymes.core.entities.tests\bin\release\net5.0\kitpymes.core.entities.tests.dll" id="b4114173-11de-4b09-a0c4-2eb4375afe00">
      <Execution id="2f99812e-526f-4bf0-b9e2-dbdc54d4c19b" />
      <TestMethod codeBase="D:\SFERRARI\01 - TRABAJO\repos\netcore\libs\template-netcore-entities\Kitpymes.Core.Entities.Tests\bin\Release\net5.0\Kitpymes.Core.Entities.Tests.dll" adapterTypeName="executor://mstestadapter/v2" className="Kitpymes.Core.Entities.ValueObjects.Tests.EmailTests" name="IsNull_Passing_Valid_Value_Returns_False" />
    </UnitTest>
    <UnitTest name="OperatorNotEqual_Passing_Valid_Values_Returns_True (Españá)" storage="d:\sferrari\01 - trabajo\repos\netcore\libs\template-netcore-entities\kitpymes.core.entities.tests\bin\release\net5.0\kitpymes.core.entities.tests.dll" id="e4e7dace-34fd-46a8-ab84-d56403490c7c">
      <Execution id="32a08eda-9274-48e1-bb5b-47e50867bafb" />
      <TestMethod codeBase="D:\SFERRARI\01 - TRABAJO\repos\netcore\libs\template-netcore-entities\Kitpymes.Core.Entities.Tests\bin\Release\net5.0\Kitpymes.Core.Entities.Tests.dll" adapterTypeName="executor://mstestadapter/v2" className="Kitpymes.Core.Entities.ValueObjects.Tests.NameTests" name="OperatorNotEqual_Passing_Valid_Values_Returns_True" />
    </UnitTest>
    <UnitTest name="Equals_Passing_Valid_Values_Returns_True (San Bartoleme De Tirajana,Las Palmas,España)" storage="d:\sferrari\01 - trabajo\repos\netcore\libs\template-netcore-entities\kitpymes.core.entities.tests\bin\release\net5.0\kitpymes.core.entities.tests.dll" id="ebeff724-a159-4c27-9a45-9c7d12779fbf">
      <Execution id="0207b797-91ff-410d-aee8-ed9e95e0cc83" />
      <TestMethod codeBase="D:\SFERRARI\01 - TRABAJO\repos\netcore\libs\template-netcore-entities\Kitpymes.Core.Entities.Tests\bin\Release\net5.0\Kitpymes.Core.Entities.Tests.dll" adapterTypeName="executor://mstestadapter/v2" className="Kitpymes.Core.Entities.ValueObjects.Tests.FullNameTests" name="Equals_Passing_Valid_Values_Returns_True" />
    </UnitTest>
    <UnitTest name="ToString_Passing_Valid_Values_Returns_Value_String_Format (D45,86554654)" storage="d:\sferrari\01 - trabajo\repos\netcore\libs\template-netcore-entities\kitpymes.core.entities.tests\bin\release\net5.0\kitpymes.core.entities.tests.dll" id="120f022c-758a-4cf5-a41d-f956fed69347">
      <Execution id="58991017-9a78-489c-8740-aff41fd72d84" />
      <TestMethod codeBase="D:\SFERRARI\01 - TRABAJO\repos\netcore\libs\template-netcore-entities\Kitpymes.Core.Entities.Tests\bin\Release\net5.0\Kitpymes.Core.Entities.Tests.dll" adapterTypeName="executor://mstestadapter/v2" className="Kitpymes.Core.Entities.ValueObjects.Tests.TelephoneTests" name="ToString_Passing_Valid_Values_Returns_Value_String_Format" />
    </UnitTest>
    <UnitTest name="Create_Passing_InvalidOrNull_Value_Returns_ApplicationException (Tenerife,-10,DF7956,Sabadell,Barcelona,España)" storage="d:\sferrari\01 - trabajo\repos\netcore\libs\template-netcore-entities\kitpymes.core.entities.tests\bin\release\net5.0\kitpymes.core.entities.tests.dll" id="a8d6fe70-53de-4cb3-8fe9-393419680a13">
      <Execution id="f31a2991-ed5b-4400-a19e-5c4aa8cfd709" />
      <TestMethod codeBase="D:\SFERRARI\01 - TRABAJO\repos\netcore\libs\template-netcore-entities\Kitpymes.Core.Entities.Tests\bin\Release\net5.0\Kitpymes.Core.Entities.Tests.dll" adapterTypeName="executor://mstestadapter/v2" className="Kitpymes.Core.Entities.ValueObjects.Tests.AddressTests" name="Create_Passing_InvalidOrNull_Value_Returns_ApplicationException" />
    </UnitTest>
    <UnitTest name="IsFemale_Passing_Nothing_Returns_True" storage="d:\sferrari\01 - trabajo\repos\netcore\libs\template-netcore-entities\kitpymes.core.entities.tests\bin\release\net5.0\kitpymes.core.entities.tests.dll" id="db58a659-b610-4680-bcb5-ca6a6840b823">
      <Execution id="d9cf0638-1372-4350-ab3d-5c5a164c0f4e" />
      <TestMethod codeBase="D:\SFERRARI\01 - TRABAJO\repos\netcore\libs\template-netcore-entities\Kitpymes.Core.Entities.Tests\bin\Release\net5.0\Kitpymes.Core.Entities.Tests.dll" adapterTypeName="executor://mstestadapter/v2" className="Kitpymes.Core.Entities.Enumerations.Tests.GenderTypeEnumTests" name="IsFemale_Passing_Nothing_Returns_True" />
    </UnitTest>
    <UnitTest name="OperatorEqual_Passing_Valid_Distinct_Values_Returns_False (EUR)" storage="d:\sferrari\01 - trabajo\repos\netcore\libs\template-netcore-entities\kitpymes.core.entities.tests\bin\release\net5.0\kitpymes.core.entities.tests.dll" id="bb1bbda2-5f0b-4511-847d-c28c8bf05288">
      <Execution id="80ab5252-2634-4345-975d-ce958dcf4dac" />
      <TestMethod codeBase="D:\SFERRARI\01 - TRABAJO\repos\netcore\libs\template-netcore-entities\Kitpymes.Core.Entities.Tests\bin\Release\net5.0\Kitpymes.Core.Entities.Tests.dll" adapterTypeName="executor://mstestadapter/v2" className="Kitpymes.Core.Entities.ValueObjects.Tests.CurrencyTests" name="OperatorEqual_Passing_Valid_Distinct_Values_Returns_False" />
    </UnitTest>
    <UnitTest name="OperatorNotEqual_Passing_Valid_Values_Returns_False (stage_hackerone.com)" storage="d:\sferrari\01 - trabajo\repos\netcore\libs\template-netcore-entities\kitpymes.core.entities.tests\bin\release\net5.0\kitpymes.core.entities.tests.dll" id="e03b5f6a-a8e3-4d7e-839e-bd39cffd50c3">
      <Execution id="7f6d16fe-f755-41a8-b5d2-3bc587389110" />
      <TestMethod codeBase="D:\SFERRARI\01 - TRABAJO\repos\netcore\libs\template-netcore-entities\Kitpymes.Core.Entities.Tests\bin\Release\net5.0\Kitpymes.Core.Entities.Tests.dll" adapterTypeName="executor://mstestadapter/v2" className="Kitpymes.Core.Entities.ValueObjects.Tests.SubdomainTests" name="OperatorNotEqual_Passing_Valid_Values_Returns_False" />
    </UnitTest>
    <UnitTest name="OperatorNotEqual_Passing_Valid_Values_Returns_True (100,EUR,2)" storage="d:\sferrari\01 - trabajo\repos\netcore\libs\template-netcore-entities\kitpymes.core.entities.tests\bin\release\net5.0\kitpymes.core.entities.tests.dll" id="a102f1c1-93a2-44a0-8440-ab93f6812038">
      <Execution id="05e4e91b-bd7d-49c3-9076-3e80e5fc7896" />
      <TestMethod codeBase="D:\SFERRARI\01 - TRABAJO\repos\netcore\libs\template-netcore-entities\Kitpymes.Core.Entities.Tests\bin\Release\net5.0\Kitpymes.Core.Entities.Tests.dll" adapterTypeName="executor://mstestadapter/v2" className="Kitpymes.Core.Entities.ValueObjects.Tests.MoneyTests" name="OperatorNotEqual_Passing_Valid_Values_Returns_True" />
    </UnitTest>
    <UnitTest name="ToNormalize_Passing_Valid_Values_Returns_Name_String_Format (España,Espana)" storage="d:\sferrari\01 - trabajo\repos\netcore\libs\template-netcore-entities\kitpymes.core.entities.tests\bin\release\net5.0\kitpymes.core.entities.tests.dll" id="37c54b06-9003-48bf-b63a-067be179f01c">
      <Execution id="39734c1b-518d-4eb0-9857-5d7270115f80" />
      <TestMethod codeBase="D:\SFERRARI\01 - TRABAJO\repos\netcore\libs\template-netcore-entities\Kitpymes.Core.Entities.Tests\bin\Release\net5.0\Kitpymes.Core.Entities.Tests.dll" adapterTypeName="executor://mstestadapter/v2" className="Kitpymes.Core.Entities.ValueObjects.Tests.NameTests" name="ToNormalize_Passing_Valid_Values_Returns_Name_String_Format" />
    </UnitTest>
    <UnitTest name="Equals_Passing_Valid_Distinct_Values_Returns_False (Españħ)" storage="d:\sferrari\01 - trabajo\repos\netcore\libs\template-netcore-entities\kitpymes.core.entities.tests\bin\release\net5.0\kitpymes.core.entities.tests.dll" id="4ed2d719-ca3e-4c69-bc64-81018d61f8fb">
      <Execution id="789eb146-9c0c-4de1-a750-68d82258968d" />
      <TestMethod codeBase="D:\SFERRARI\01 - TRABAJO\repos\netcore\libs\template-netcore-entities\Kitpymes.Core.Entities.Tests\bin\Release\net5.0\Kitpymes.Core.Entities.Tests.dll" adapterTypeName="executor://mstestadapter/v2" className="Kitpymes.Core.Entities.ValueObjects.Tests.NameTests" name="Equals_Passing_Valid_Distinct_Values_Returns_False" />
    </UnitTest>
    <UnitTest name="Equals_Passing_Valid_Values_Returns_True (España)" storage="d:\sferrari\01 - trabajo\repos\netcore\libs\template-netcore-entities\kitpymes.core.entities.tests\bin\release\net5.0\kitpymes.core.entities.tests.dll" id="f3cd7c1f-5fb0-4ab1-8636-336075ec5cb0">
      <Execution id="6d0c3683-75c1-466e-8312-4a86da9efaae" />
      <TestMethod codeBase="D:\SFERRARI\01 - TRABAJO\repos\netcore\libs\template-netcore-entities\Kitpymes.Core.Entities.Tests\bin\Release\net5.0\Kitpymes.Core.Entities.Tests.dll" adapterTypeName="executor://mstestadapter/v2" className="Kitpymes.Core.Entities.ValueObjects.Tests.NameTests" name="Equals_Passing_Valid_Values_Returns_True" />
    </UnitTest>
    <UnitTest name="ToString_Passing_Valid_Values_Returns_Subdomain (app.hackerone1.com)" storage="d:\sferrari\01 - trabajo\repos\netcore\libs\template-netcore-entities\kitpymes.core.entities.tests\bin\release\net5.0\kitpymes.core.entities.tests.dll" id="c8a3b27a-4b73-4a5b-b15f-77852d23e24a">
      <Execution id="bc8fb247-da5a-41c2-bb0b-0822b567b11e" />
      <TestMethod codeBase="D:\SFERRARI\01 - TRABAJO\repos\netcore\libs\template-netcore-entities\Kitpymes.Core.Entities.Tests\bin\Release\net5.0\Kitpymes.Core.Entities.Tests.dll" adapterTypeName="executor://mstestadapter/v2" className="Kitpymes.Core.Entities.ValueObjects.Tests.SubdomainTests" name="ToString_Passing_Valid_Values_Returns_Subdomain" />
    </UnitTest>
    <UnitTest name="Equals_Passing_Valid_Distinct_Values_Returns_False (D45,86554654)" storage="d:\sferrari\01 - trabajo\repos\netcore\libs\template-netcore-entities\kitpymes.core.entities.tests\bin\release\net5.0\kitpymes.core.entities.tests.dll" id="ae3a88a0-735e-4f21-a71b-e3e06bbd132d">
      <Execution id="bd36eb6e-2bbc-4251-b9f3-dfedd7d87f23" />
      <TestMethod codeBase="D:\SFERRARI\01 - TRABAJO\repos\netcore\libs\template-netcore-entities\Kitpymes.Core.Entities.Tests\bin\Release\net5.0\Kitpymes.Core.Entities.Tests.dll" adapterTypeName="executor://mstestadapter/v2" className="Kitpymes.Core.Entities.ValueObjects.Tests.TelephoneTests" name="Equals_Passing_Valid_Distinct_Values_Returns_False" />
    </UnitTest>
    <UnitTest name="Create_Passing_InvalidOrNull_Value_Returns_ApplicationException (,789,DF7956,Sabadell,Barcelona,España)" storage="d:\sferrari\01 - trabajo\repos\netcore\libs\template-netcore-entities\kitpymes.core.entities.tests\bin\release\net5.0\kitpymes.core.entities.tests.dll" id="c6646b46-1909-4968-bb3d-17063e091df7">
      <Execution id="9ce575ae-7403-4b09-96f7-87bbdcbf42cc" />
      <TestMethod codeBase="D:\SFERRARI\01 - TRABAJO\repos\netcore\libs\template-netcore-entities\Kitpymes.Core.Entities.Tests\bin\Release\net5.0\Kitpymes.Core.Entities.Tests.dll" adapterTypeName="executor://mstestadapter/v2" className="Kitpymes.Core.Entities.ValueObjects.Tests.AddressTests" name="Create_Passing_InvalidOrNull_Value_Returns_ApplicationException" />
    </UnitTest>
    <UnitTest name="Create_Passing_InvalidOrNull_Value_Returns_ApplicationException (,Barcelona,España)" storage="d:\sferrari\01 - trabajo\repos\netcore\libs\template-netcore-entities\kitpymes.core.entities.tests\bin\release\net5.0\kitpymes.core.entities.tests.dll" id="ff01f874-bfde-48c9-ad9d-245ca2a21d31">
      <Execution id="580d76c9-cf65-43c8-89b7-670b54f1d633" />
      <TestMethod codeBase="D:\SFERRARI\01 - TRABAJO\repos\netcore\libs\template-netcore-entities\Kitpymes.Core.Entities.Tests\bin\Release\net5.0\Kitpymes.Core.Entities.Tests.dll" adapterTypeName="executor://mstestadapter/v2" className="Kitpymes.Core.Entities.ValueObjects.Tests.FullNameTests" name="Create_Passing_InvalidOrNull_Value_Returns_ApplicationException" />
    </UnitTest>
    <UnitTest name="Create_Passing_Valid_Values_Returns_Subdomain (stage_hackerone.com)" storage="d:\sferrari\01 - trabajo\repos\netcore\libs\template-netcore-entities\kitpymes.core.entities.tests\bin\release\net5.0\kitpymes.core.entities.tests.dll" id="7e8472a7-3686-4f40-af97-8b70fe36e845">
      <Execution id="503d4d04-096a-4f06-9d9c-bc8a6dad9514" />
      <TestMethod codeBase="D:\SFERRARI\01 - TRABAJO\repos\netcore\libs\template-netcore-entities\Kitpymes.Core.Entities.Tests\bin\Release\net5.0\Kitpymes.Core.Entities.Tests.dll" adapterTypeName="executor://mstestadapter/v2" className="Kitpymes.Core.Entities.ValueObjects.Tests.SubdomainTests" name="Create_Passing_Valid_Values_Returns_Subdomain" />
    </UnitTest>
    <UnitTest name="ToEnum_Passing_Valid_IntName_Enumeracion_Returns_Enumeracion" storage="d:\sferrari\01 - trabajo\repos\netcore\libs\template-netcore-entities\kitpymes.core.entities.tests\bin\release\net5.0\kitpymes.core.entities.tests.dll" id="95cb5f00-663a-4b26-893b-7a912adfdacf">
      <Execution id="beae6b02-c517-435a-b89d-f3e697262065" />
      <TestMethod codeBase="D:\SFERRARI\01 - TRABAJO\repos\netcore\libs\template-netcore-entities\Kitpymes.Core.Entities.Tests\bin\Release\net5.0\Kitpymes.Core.Entities.Tests.dll" adapterTypeName="executor://mstestadapter/v2" className="Kitpymes.Core.Entities.Enumerations.Tests.CardTypeEnumTests" name="ToEnum_Passing_Valid_IntName_Enumeracion_Returns_Enumeracion" />
    </UnitTest>
    <UnitTest name="Create_Passing_Valid_Values_Returns_Telephone (D45,86554654)" storage="d:\sferrari\01 - trabajo\repos\netcore\libs\template-netcore-entities\kitpymes.core.entities.tests\bin\release\net5.0\kitpymes.core.entities.tests.dll" id="6f9f848d-3e50-4102-8419-90a25570d9fc">
      <Execution id="9a8c4741-01e8-46db-ad5e-84dd3ac30957" />
      <TestMethod codeBase="D:\SFERRARI\01 - TRABAJO\repos\netcore\libs\template-netcore-entities\Kitpymes.Core.Entities.Tests\bin\Release\net5.0\Kitpymes.Core.Entities.Tests.dll" adapterTypeName="executor://mstestadapter/v2" className="Kitpymes.Core.Entities.ValueObjects.Tests.TelephoneTests" name="Create_Passing_Valid_Values_Returns_Telephone" />
    </UnitTest>
    <UnitTest name="Equals_Passing_Valid_Distinct_Values_Returns_False (app.hackerone1.com)" storage="d:\sferrari\01 - trabajo\repos\netcore\libs\template-netcore-entities\kitpymes.core.entities.tests\bin\release\net5.0\kitpymes.core.entities.tests.dll" id="52f8477b-32b5-4c00-be81-4ba8d54f7102">
      <Execution id="ba689e33-579a-44d8-9204-dc31c53847dd" />
      <TestMethod codeBase="D:\SFERRARI\01 - TRABAJO\repos\netcore\libs\template-netcore-entities\Kitpymes.Core.Entities.Tests\bin\Release\net5.0\Kitpymes.Core.Entities.Tests.dll" adapterTypeName="executor://mstestadapter/v2" className="Kitpymes.Core.Entities.ValueObjects.Tests.SubdomainTests" name="Equals_Passing_Valid_Distinct_Values_Returns_False" />
    </UnitTest>
    <UnitTest name="OperatorNotEqual_Passing_Valid_Values_Returns_True (Españä)" storage="d:\sferrari\01 - trabajo\repos\netcore\libs\template-netcore-entities\kitpymes.core.entities.tests\bin\release\net5.0\kitpymes.core.entities.tests.dll" id="f2745cbb-3c5b-4816-b9df-21586cd2226d">
      <Execution id="6dfce453-8560-4047-96e4-460a5aa2abc5" />
      <TestMethod codeBase="D:\SFERRARI\01 - TRABAJO\repos\netcore\libs\template-netcore-entities\Kitpymes.Core.Entities.Tests\bin\Release\net5.0\Kitpymes.Core.Entities.Tests.dll" adapterTypeName="executor://mstestadapter/v2" className="Kitpymes.Core.Entities.ValueObjects.Tests.NameTests" name="OperatorNotEqual_Passing_Valid_Values_Returns_True" />
    </UnitTest>
    <UnitTest name="OperatorNotEqual_Passing_Valid_Values_Returns_True (Españà)" storage="d:\sferrari\01 - trabajo\repos\netcore\libs\template-netcore-entities\kitpymes.core.entities.tests\bin\release\net5.0\kitpymes.core.entities.tests.dll" id="a6893cc1-0abb-4dc1-91b6-1d3cdfbd1b8c">
      <Execution id="d4941cd6-3e83-4531-9b1b-f05b7a05ae6e" />
      <TestMethod codeBase="D:\SFERRARI\01 - TRABAJO\repos\netcore\libs\template-netcore-entities\Kitpymes.Core.Entities.Tests\bin\Release\net5.0\Kitpymes.Core.Entities.Tests.dll" adapterTypeName="executor://mstestadapter/v2" className="Kitpymes.Core.Entities.ValueObjects.Tests.NameTests" name="OperatorNotEqual_Passing_Valid_Values_Returns_True" />
    </UnitTest>
    <UnitTest name="OperatorEqual_Passing_Valid_Values_Returns_True (456,43543543543)" storage="d:\sferrari\01 - trabajo\repos\netcore\libs\template-netcore-entities\kitpymes.core.entities.tests\bin\release\net5.0\kitpymes.core.entities.tests.dll" id="8af121d3-ea8f-40c8-80a4-1d59e428ed6f">
      <Execution id="2a0d26cc-adec-40f9-b6a5-e24b114d2454" />
      <TestMethod codeBase="D:\SFERRARI\01 - TRABAJO\repos\netcore\libs\template-netcore-entities\Kitpymes.Core.Entities.Tests\bin\Release\net5.0\Kitpymes.Core.Entities.Tests.dll" adapterTypeName="executor://mstestadapter/v2" className="Kitpymes.Core.Entities.ValueObjects.Tests.TelephoneTests" name="OperatorEqual_Passing_Valid_Values_Returns_True" />
    </UnitTest>
    <UnitTest name="Create_Passing_Valid_Values_Returns_Currency (USD)" storage="d:\sferrari\01 - trabajo\repos\netcore\libs\template-netcore-entities\kitpymes.core.entities.tests\bin\release\net5.0\kitpymes.core.entities.tests.dll" id="9226a7d1-e856-4976-9309-2f2ccaec1f2c">
      <Execution id="5ff3f936-9d86-435b-8764-94112521a207" />
      <TestMethod codeBase="D:\SFERRARI\01 - TRABAJO\repos\netcore\libs\template-netcore-entities\Kitpymes.Core.Entities.Tests\bin\Release\net5.0\Kitpymes.Core.Entities.Tests.dll" adapterTypeName="executor://mstestadapter/v2" className="Kitpymes.Core.Entities.ValueObjects.Tests.CurrencyTests" name="Create_Passing_Valid_Values_Returns_Currency" />
    </UnitTest>
    <UnitTest name="Equals_Passing_Valid_Values_Returns_True (www.hackerone-com)" storage="d:\sferrari\01 - trabajo\repos\netcore\libs\template-netcore-entities\kitpymes.core.entities.tests\bin\release\net5.0\kitpymes.core.entities.tests.dll" id="75904b9e-8385-4b67-b29d-ea767107f922">
      <Execution id="cccc1029-7c75-4470-b02e-7aa02682b441" />
      <TestMethod codeBase="D:\SFERRARI\01 - TRABAJO\repos\netcore\libs\template-netcore-entities\Kitpymes.Core.Entities.Tests\bin\Release\net5.0\Kitpymes.Core.Entities.Tests.dll" adapterTypeName="executor://mstestadapter/v2" className="Kitpymes.Core.Entities.ValueObjects.Tests.SubdomainTests" name="Equals_Passing_Valid_Values_Returns_True" />
    </UnitTest>
    <UnitTest name="ToEnum_Passing_Valid_String_ShortName_Enumeracion_Returns_Enumeracion" storage="d:\sferrari\01 - trabajo\repos\netcore\libs\template-netcore-entities\kitpymes.core.entities.tests\bin\release\net5.0\kitpymes.core.entities.tests.dll" id="369b0206-a4e1-4ef4-9215-83b2417833f5">
      <Execution id="a984ce25-a9f8-4a7b-b403-2faf41fba42f" />
      <TestMethod codeBase="D:\SFERRARI\01 - TRABAJO\repos\netcore\libs\template-netcore-entities\Kitpymes.Core.Entities.Tests\bin\Release\net5.0\Kitpymes.Core.Entities.Tests.dll" adapterTypeName="executor://mstestadapter/v2" className="Kitpymes.Core.Entities.Enumerations.Tests.GenderTypeEnumTests" name="ToEnum_Passing_Valid_String_ShortName_Enumeracion_Returns_Enumeracion" />
    </UnitTest>
    <UnitTest name="Create_Passing_InvalidOrNull_Value_Returns_ApplicationException ()" storage="d:\sferrari\01 - trabajo\repos\netcore\libs\template-netcore-entities\kitpymes.core.entities.tests\bin\release\net5.0\kitpymes.core.entities.tests.dll" id="53c1ec47-9fc4-4d8e-b317-50e55ae13c9a">
      <Execution id="391ee285-7e36-4afe-ac16-bb54fa645526" />
      <TestMethod codeBase="D:\SFERRARI\01 - TRABAJO\repos\netcore\libs\template-netcore-entities\Kitpymes.Core.Entities.Tests\bin\Release\net5.0\Kitpymes.Core.Entities.Tests.dll" adapterTypeName="executor://mstestadapter/v2" className="Kitpymes.Core.Entities.ValueObjects.Tests.EmailTests" name="Create_Passing_InvalidOrNull_Value_Returns_ApplicationException" />
    </UnitTest>
    <UnitTest name="ToString_Passing_Valid_Values_Returns_Name (Españà)" storage="d:\sferrari\01 - trabajo\repos\netcore\libs\template-netcore-entities\kitpymes.core.entities.tests\bin\release\net5.0\kitpymes.core.entities.tests.dll" id="3b908749-620d-416b-90ba-3c65891479f9">
      <Execution id="f3bb5779-1635-41ec-bc4a-e8da91c401dc" />
      <TestMethod codeBase="D:\SFERRARI\01 - TRABAJO\repos\netcore\libs\template-netcore-entities\Kitpymes.Core.Entities.Tests\bin\Release\net5.0\Kitpymes.Core.Entities.Tests.dll" adapterTypeName="executor://mstestadapter/v2" className="Kitpymes.Core.Entities.ValueObjects.Tests.NameTests" name="ToString_Passing_Valid_Values_Returns_Name" />
    </UnitTest>
    <UnitTest name="Create_Passing_Valid_Values_Returns_Name (España)" storage="d:\sferrari\01 - trabajo\repos\netcore\libs\template-netcore-entities\kitpymes.core.entities.tests\bin\release\net5.0\kitpymes.core.entities.tests.dll" id="14b7e32d-8cbf-4ce4-9c61-c129e4d960fc">
      <Execution id="8d3dd897-29be-4345-98dc-076fa5b8f6d2" />
      <TestMethod codeBase="D:\SFERRARI\01 - TRABAJO\repos\netcore\libs\template-netcore-entities\Kitpymes.Core.Entities.Tests\bin\Release\net5.0\Kitpymes.Core.Entities.Tests.dll" adapterTypeName="executor://mstestadapter/v2" className="Kitpymes.Core.Entities.ValueObjects.Tests.NameTests" name="Create_Passing_Valid_Values_Returns_Name" />
    </UnitTest>
    <UnitTest name="IsAmex_Passing_Nothing_Returns_True" storage="d:\sferrari\01 - trabajo\repos\netcore\libs\template-netcore-entities\kitpymes.core.entities.tests\bin\release\net5.0\kitpymes.core.entities.tests.dll" id="46154d16-a196-4279-bfd1-38c8313ea2db">
      <Execution id="023c99ef-4fe7-4458-93ce-42bcc13315f6" />
      <TestMethod codeBase="D:\SFERRARI\01 - TRABAJO\repos\netcore\libs\template-netcore-entities\Kitpymes.Core.Entities.Tests\bin\Release\net5.0\Kitpymes.Core.Entities.Tests.dll" adapterTypeName="executor://mstestadapter/v2" className="Kitpymes.Core.Entities.Enumerations.Tests.CardTypeEnumTests" name="IsAmex_Passing_Nothing_Returns_True" />
    </UnitTest>
    <UnitTest name="OperatorEqual_Passing_Valid_Distinct_Values_Returns_False (San Bartoleme De Tirajana)" storage="d:\sferrari\01 - trabajo\repos\netcore\libs\template-netcore-entities\kitpymes.core.entities.tests\bin\release\net5.0\kitpymes.core.entities.tests.dll" id="60dea283-4e7a-40a7-b071-0766a0c7a9e7">
      <Execution id="b7618bf1-295c-407b-b221-64b1abfb0ec0" />
      <TestMethod codeBase="D:\SFERRARI\01 - TRABAJO\repos\netcore\libs\template-netcore-entities\Kitpymes.Core.Entities.Tests\bin\Release\net5.0\Kitpymes.Core.Entities.Tests.dll" adapterTypeName="executor://mstestadapter/v2" className="Kitpymes.Core.Entities.ValueObjects.Tests.StringIdTests" name="OperatorEqual_Passing_Valid_Distinct_Values_Returns_False" />
    </UnitTest>
    <UnitTest name="ToEnum_Passing_Valid_String_Name_Enumeracion_Returns_Enumeracion" storage="d:\sferrari\01 - trabajo\repos\netcore\libs\template-netcore-entities\kitpymes.core.entities.tests\bin\release\net5.0\kitpymes.core.entities.tests.dll" id="3d3cb460-22cf-4332-b1cd-a8f89a341241">
      <Execution id="0b849434-93e1-4e34-a7b8-47687c5fe940" />
      <TestMethod codeBase="D:\SFERRARI\01 - TRABAJO\repos\netcore\libs\template-netcore-entities\Kitpymes.Core.Entities.Tests\bin\Release\net5.0\Kitpymes.Core.Entities.Tests.dll" adapterTypeName="executor://mstestadapter/v2" className="Kitpymes.Core.Entities.Enumerations.Tests.CardTypeEnumTests" name="ToEnum_Passing_Valid_String_Name_Enumeracion_Returns_Enumeracion" />
    </UnitTest>
    <UnitTest name="OperatorNotEqual_Passing_Valid_Values_Returns_False (Españá)" storage="d:\sferrari\01 - trabajo\repos\netcore\libs\template-netcore-entities\kitpymes.core.entities.tests\bin\release\net5.0\kitpymes.core.entities.tests.dll" id="43e2e844-130c-4938-9079-359e8ba45ae1">
      <Execution id="7d0a88b8-d4a2-4abd-aedd-6b6bf018a4ad" />
      <TestMethod codeBase="D:\SFERRARI\01 - TRABAJO\repos\netcore\libs\template-netcore-entities\Kitpymes.Core.Entities.Tests\bin\Release\net5.0\Kitpymes.Core.Entities.Tests.dll" adapterTypeName="executor://mstestadapter/v2" className="Kitpymes.Core.Entities.ValueObjects.Tests.NameTests" name="OperatorNotEqual_Passing_Valid_Values_Returns_False" />
    </UnitTest>
    <UnitTest name="IsMasterCard_Passing_Nothing_Returns_True" storage="d:\sferrari\01 - trabajo\repos\netcore\libs\template-netcore-entities\kitpymes.core.entities.tests\bin\release\net5.0\kitpymes.core.entities.tests.dll" id="78507864-f0c3-4cde-82f5-c658b443d706">
      <Execution id="a5ea35d7-23ed-439c-a0ec-ac3c9fa88a49" />
      <TestMethod codeBase="D:\SFERRARI\01 - TRABAJO\repos\netcore\libs\template-netcore-entities\Kitpymes.Core.Entities.Tests\bin\Release\net5.0\Kitpymes.Core.Entities.Tests.dll" adapterTypeName="executor://mstestadapter/v2" className="Kitpymes.Core.Entities.Enumerations.Tests.CardTypeEnumTests" name="IsMasterCard_Passing_Nothing_Returns_True" />
    </UnitTest>
    <UnitTest name="ToNormalize_Passing_Valid_Values_Returns_Name_String_Format (Españä,Espana)" storage="d:\sferrari\01 - trabajo\repos\netcore\libs\template-netcore-entities\kitpymes.core.entities.tests\bin\release\net5.0\kitpymes.core.entities.tests.dll" id="179e9e0d-ff46-4dac-9f07-57fa83467b86">
      <Execution id="7fc680c1-7f09-45c8-9e15-ba25d05ef886" />
      <TestMethod codeBase="D:\SFERRARI\01 - TRABAJO\repos\netcore\libs\template-netcore-entities\Kitpymes.Core.Entities.Tests\bin\Release\net5.0\Kitpymes.Core.Entities.Tests.dll" adapterTypeName="executor://mstestadapter/v2" className="Kitpymes.Core.Entities.ValueObjects.Tests.NameTests" name="ToNormalize_Passing_Valid_Values_Returns_Name_String_Format" />
    </UnitTest>
    <UnitTest name="Equals_Passing_Valid_Values_Returns_True (stage_hackerone.com)" storage="d:\sferrari\01 - trabajo\repos\netcore\libs\template-netcore-entities\kitpymes.core.entities.tests\bin\release\net5.0\kitpymes.core.entities.tests.dll" id="800eebfa-6e88-493c-a034-79b8a85b4337">
      <Execution id="1df0928d-716a-4435-a39c-7fde9da48343" />
      <TestMethod codeBase="D:\SFERRARI\01 - TRABAJO\repos\netcore\libs\template-netcore-entities\Kitpymes.Core.Entities.Tests\bin\Release\net5.0\Kitpymes.Core.Entities.Tests.dll" adapterTypeName="executor://mstestadapter/v2" className="Kitpymes.Core.Entities.ValueObjects.Tests.SubdomainTests" name="Equals_Passing_Valid_Values_Returns_True" />
    </UnitTest>
    <UnitTest name="OperatorEqual_Passing_Valid_Values_Returns_False (Tenerife,23,34567,San Bartoleme De Tirajana,Las Palmas,España)" storage="d:\sferrari\01 - trabajo\repos\netcore\libs\template-netcore-entities\kitpymes.core.entities.tests\bin\release\net5.0\kitpymes.core.entities.tests.dll" id="eaf62ff2-915b-438a-bb4a-ab3546a568ed">
      <Execution id="9800b0ae-285a-421a-884c-d6cc6c1218ac" />
      <TestMethod codeBase="D:\SFERRARI\01 - TRABAJO\repos\netcore\libs\template-netcore-entities\Kitpymes.Core.Entities.Tests\bin\Release\net5.0\Kitpymes.Core.Entities.Tests.dll" adapterTypeName="executor://mstestadapter/v2" className="Kitpymes.Core.Entities.ValueObjects.Tests.AddressTests" name="OperatorEqual_Passing_Valid_Values_Returns_False" />
    </UnitTest>
    <UnitTest name="Equals_Passing_Valid_Values_Returns_True (Españä)" storage="d:\sferrari\01 - trabajo\repos\netcore\libs\template-netcore-entities\kitpymes.core.entities.tests\bin\release\net5.0\kitpymes.core.entities.tests.dll" id="c777915d-8de6-4427-8202-4b88cc7b8614">
      <Execution id="75f953dc-4461-42fa-bfe3-9a09bcedd4ad" />
      <TestMethod codeBase="D:\SFERRARI\01 - TRABAJO\repos\netcore\libs\template-netcore-entities\Kitpymes.Core.Entities.Tests\bin\Release\net5.0\Kitpymes.Core.Entities.Tests.dll" adapterTypeName="executor://mstestadapter/v2" className="Kitpymes.Core.Entities.ValueObjects.Tests.NameTests" name="Equals_Passing_Valid_Values_Returns_True" />
    </UnitTest>
    <UnitTest name="OperatorNotEqual_Passing_Valid_Values_Returns_True (Esp añâ)" storage="d:\sferrari\01 - trabajo\repos\netcore\libs\template-netcore-entities\kitpymes.core.entities.tests\bin\release\net5.0\kitpymes.core.entities.tests.dll" id="1c9add5c-77bc-4704-9143-ac29d3538f55">
      <Execution id="bcb8d44e-36e2-44eb-93f0-a18cf1780495" />
      <TestMethod codeBase="D:\SFERRARI\01 - TRABAJO\repos\netcore\libs\template-netcore-entities\Kitpymes.Core.Entities.Tests\bin\Release\net5.0\Kitpymes.Core.Entities.Tests.dll" adapterTypeName="executor://mstestadapter/v2" className="Kitpymes.Core.Entities.ValueObjects.Tests.NameTests" name="OperatorNotEqual_Passing_Valid_Values_Returns_True" />
    </UnitTest>
    <UnitTest name="OperatorNotEqual_Passing_Valid_Values_Returns_False (456,43543543543)" storage="d:\sferrari\01 - trabajo\repos\netcore\libs\template-netcore-entities\kitpymes.core.entities.tests\bin\release\net5.0\kitpymes.core.entities.tests.dll" id="dded05d6-fe3f-4a34-803d-df898f78e975">
      <Execution id="7c8cda6e-e306-452c-bff5-04803c1ebd34" />
      <TestMethod codeBase="D:\SFERRARI\01 - TRABAJO\repos\netcore\libs\template-netcore-entities\Kitpymes.Core.Entities.Tests\bin\Release\net5.0\Kitpymes.Core.Entities.Tests.dll" adapterTypeName="executor://mstestadapter/v2" className="Kitpymes.Core.Entities.ValueObjects.Tests.TelephoneTests" name="OperatorNotEqual_Passing_Valid_Values_Returns_False" />
    </UnitTest>
    <UnitTest name="IsActive_Passing_Nothing_Returns_True" storage="d:\sferrari\01 - trabajo\repos\netcore\libs\template-netcore-entities\kitpymes.core.entities.tests\bin\release\net5.0\kitpymes.core.entities.tests.dll" id="989f1018-1748-41ab-ab89-2e1bdda10fcc">
      <Execution id="aa71474c-dc40-442e-8534-cf2235688d49" />
      <TestMethod codeBase="D:\SFERRARI\01 - TRABAJO\repos\netcore\libs\template-netcore-entities\Kitpymes.Core.Entities.Tests\bin\Release\net5.0\Kitpymes.Core.Entities.Tests.dll" adapterTypeName="executor://mstestadapter/v2" className="Kitpymes.Core.Entities.Enumerations.Tests.StatusEnumTests" name="IsActive_Passing_Nothing_Returns_True" />
    </UnitTest>
    <UnitTest name="Equals_Passing_Valid_Values_Returns_True (Españà)" storage="d:\sferrari\01 - trabajo\repos\netcore\libs\template-netcore-entities\kitpymes.core.entities.tests\bin\release\net5.0\kitpymes.core.entities.tests.dll" id="05420e0f-90e7-4a3e-99ba-66a237fbc5a9">
      <Execution id="101d0855-3ae2-465a-addf-b3fc0ef00ac6" />
      <TestMethod codeBase="D:\SFERRARI\01 - TRABAJO\repos\netcore\libs\template-netcore-entities\Kitpymes.Core.Entities.Tests\bin\Release\net5.0\Kitpymes.Core.Entities.Tests.dll" adapterTypeName="executor://mstestadapter/v2" className="Kitpymes.Core.Entities.ValueObjects.Tests.NameTests" name="Equals_Passing_Valid_Values_Returns_True" />
    </UnitTest>
    <UnitTest name="Create_Passing_InvalidOrNull_Value_Returns_ApplicationException (___dasfs$·%%$%$$·%$)" storage="d:\sferrari\01 - trabajo\repos\netcore\libs\template-netcore-entities\kitpymes.core.entities.tests\bin\release\net5.0\kitpymes.core.entities.tests.dll" id="2dd773da-7856-4798-91c9-f70b6202cf24">
      <Execution id="8ef4ef0d-2ce5-44a8-9730-741f4ba1240d" />
      <TestMethod codeBase="D:\SFERRARI\01 - TRABAJO\repos\netcore\libs\template-netcore-entities\Kitpymes.Core.Entities.Tests\bin\Release\net5.0\Kitpymes.Core.Entities.Tests.dll" adapterTypeName="executor://mstestadapter/v2" className="Kitpymes.Core.Entities.ValueObjects.Tests.SubdomainTests" name="Create_Passing_InvalidOrNull_Value_Returns_ApplicationException" />
    </UnitTest>
    <UnitTest name="OperatorEqual_Passing_Valid_Distinct_Values_Returns_False (Españà)" storage="d:\sferrari\01 - trabajo\repos\netcore\libs\template-netcore-entities\kitpymes.core.entities.tests\bin\release\net5.0\kitpymes.core.entities.tests.dll" id="0fd99bfb-7fa9-4f41-a6ac-fe43030b17d3">
      <Execution id="83c7f88e-e0d0-432f-afdd-7b3cfaf76a7b" />
      <TestMethod codeBase="D:\SFERRARI\01 - TRABAJO\repos\netcore\libs\template-netcore-entities\Kitpymes.Core.Entities.Tests\bin\Release\net5.0\Kitpymes.Core.Entities.Tests.dll" adapterTypeName="executor://mstestadapter/v2" className="Kitpymes.Core.Entities.ValueObjects.Tests.NameTests" name="OperatorEqual_Passing_Valid_Distinct_Values_Returns_False" />
    </UnitTest>
    <UnitTest name="Create_Passing_Valid_Values_Returns_Telephone (456,43543543543)" storage="d:\sferrari\01 - trabajo\repos\netcore\libs\template-netcore-entities\kitpymes.core.entities.tests\bin\release\net5.0\kitpymes.core.entities.tests.dll" id="39833680-46c1-428c-87c5-ecc1a83e1604">
      <Execution id="0c29bab1-4c34-4f85-b3c3-4b2aba3038db" />
      <TestMethod codeBase="D:\SFERRARI\01 - TRABAJO\repos\netcore\libs\template-netcore-entities\Kitpymes.Core.Entities.Tests\bin\Release\net5.0\Kitpymes.Core.Entities.Tests.dll" adapterTypeName="executor://mstestadapter/v2" className="Kitpymes.Core.Entities.ValueObjects.Tests.TelephoneTests" name="Create_Passing_Valid_Values_Returns_Telephone" />
    </UnitTest>
    <UnitTest name="IsSilver_Passing_Nothing_Returns_True" storage="d:\sferrari\01 - trabajo\repos\netcore\libs\template-netcore-entities\kitpymes.core.entities.tests\bin\release\net5.0\kitpymes.core.entities.tests.dll" id="7b051d35-db65-4bf5-bee6-26edb7390655">
      <Execution id="e8d5ee2e-67f5-4741-9b4a-512e3146d63a" />
      <TestMethod codeBase="D:\SFERRARI\01 - TRABAJO\repos\netcore\libs\template-netcore-entities\Kitpymes.Core.Entities.Tests\bin\Release\net5.0\Kitpymes.Core.Entities.Tests.dll" adapterTypeName="executor://mstestadapter/v2" className="Kitpymes.Core.Entities.Enumerations.Tests.SubscriptionEnumTests" name="IsSilver_Passing_Nothing_Returns_True" />
    </UnitTest>
    <UnitTest name="Change_Passing_Valid_Values_Returns_Subdomain" storage="d:\sferrari\01 - trabajo\repos\netcore\libs\template-netcore-entities\kitpymes.core.entities.tests\bin\release\net5.0\kitpymes.core.entities.tests.dll" id="8b5d939e-5be4-4626-9a79-fd35c29e6f85">
      <Execution id="85d587d8-9908-41a7-bb70-8312ef305d75" />
      <TestMethod codeBase="D:\SFERRARI\01 - TRABAJO\repos\netcore\libs\template-netcore-entities\Kitpymes.Core.Entities.Tests\bin\Release\net5.0\Kitpymes.Core.Entities.Tests.dll" adapterTypeName="executor://mstestadapter/v2" className="Kitpymes.Core.Entities.ValueObjects.Tests.SubdomainTests" name="Change_Passing_Valid_Values_Returns_Subdomain" />
    </UnitTest>
    <UnitTest name="Equals_Passing_Valid_Distinct_Values_Returns_False (Españã)" storage="d:\sferrari\01 - trabajo\repos\netcore\libs\template-netcore-entities\kitpymes.core.entities.tests\bin\release\net5.0\kitpymes.core.entities.tests.dll" id="13c81b0d-49d1-4c55-b18f-aca25be62de6">
      <Execution id="bb55038b-fdb9-4cec-ac15-93fc18b5118f" />
      <TestMethod codeBase="D:\SFERRARI\01 - TRABAJO\repos\netcore\libs\template-netcore-entities\Kitpymes.Core.Entities.Tests\bin\Release\net5.0\Kitpymes.Core.Entities.Tests.dll" adapterTypeName="executor://mstestadapter/v2" className="Kitpymes.Core.Entities.ValueObjects.Tests.NameTests" name="Equals_Passing_Valid_Distinct_Values_Returns_False" />
    </UnitTest>
    <UnitTest name="Change_Passing_Valid_Values_Returns_Currency (EUR)" storage="d:\sferrari\01 - trabajo\repos\netcore\libs\template-netcore-entities\kitpymes.core.entities.tests\bin\release\net5.0\kitpymes.core.entities.tests.dll" id="5c50cf41-604e-4137-b296-96ec8a51c774">
      <Execution id="4ec1e589-d94b-4a8c-a217-ae475ffcc98e" />
      <TestMethod codeBase="D:\SFERRARI\01 - TRABAJO\repos\netcore\libs\template-netcore-entities\Kitpymes.Core.Entities.Tests\bin\Release\net5.0\Kitpymes.Core.Entities.Tests.dll" adapterTypeName="executor://mstestadapter/v2" className="Kitpymes.Core.Entities.ValueObjects.Tests.CurrencyTests" name="Change_Passing_Valid_Values_Returns_Currency" />
    </UnitTest>
    <UnitTest name="OperatorNotEqual_Passing_Valid_Values_Returns_False (Españç)" storage="d:\sferrari\01 - trabajo\repos\netcore\libs\template-netcore-entities\kitpymes.core.entities.tests\bin\release\net5.0\kitpymes.core.entities.tests.dll" id="ce5e379f-ddad-470a-a554-9c20e9fd9726">
      <Execution id="fb4eb99e-d612-43e4-8087-e614df6635ee" />
      <TestMethod codeBase="D:\SFERRARI\01 - TRABAJO\repos\netcore\libs\template-netcore-entities\Kitpymes.Core.Entities.Tests\bin\Release\net5.0\Kitpymes.Core.Entities.Tests.dll" adapterTypeName="executor://mstestadapter/v2" className="Kitpymes.Core.Entities.ValueObjects.Tests.NameTests" name="OperatorNotEqual_Passing_Valid_Values_Returns_False" />
    </UnitTest>
    <UnitTest name="OperatorNotEqual_Passing_Valid_Values_Returns_False (400,USD,8)" storage="d:\sferrari\01 - trabajo\repos\netcore\libs\template-netcore-entities\kitpymes.core.entities.tests\bin\release\net5.0\kitpymes.core.entities.tests.dll" id="4ee73a94-1583-463c-872d-433c947ca148">
      <Execution id="f98f8c5b-57dc-4248-981e-8f6cdb8201c2" />
      <TestMethod codeBase="D:\SFERRARI\01 - TRABAJO\repos\netcore\libs\template-netcore-entities\Kitpymes.Core.Entities.Tests\bin\Release\net5.0\Kitpymes.Core.Entities.Tests.dll" adapterTypeName="executor://mstestadapter/v2" className="Kitpymes.Core.Entities.ValueObjects.Tests.MoneyTests" name="OperatorNotEqual_Passing_Valid_Values_Returns_False" />
    </UnitTest>
    <UnitTest name="IsNull_Passing_Null_Address_Returns_True" storage="d:\sferrari\01 - trabajo\repos\netcore\libs\template-netcore-entities\kitpymes.core.entities.tests\bin\release\net5.0\kitpymes.core.entities.tests.dll" id="bc17d8dc-962d-4066-9269-eb3b3bdf8237">
      <Execution id="e4e9843c-e083-4f09-98b7-eda384b8784a" />
      <TestMethod codeBase="D:\SFERRARI\01 - TRABAJO\repos\netcore\libs\template-netcore-entities\Kitpymes.Core.Entities.Tests\bin\Release\net5.0\Kitpymes.Core.Entities.Tests.dll" adapterTypeName="executor://mstestadapter/v2" className="Kitpymes.Core.Entities.ValueObjects.Tests.AddressTests" name="IsNull_Passing_Null_Address_Returns_True" />
    </UnitTest>
    <UnitTest name="Equals_Passing_Valid_Distinct_Values_Returns_False (dasdasd@dsasd.ff)" storage="d:\sferrari\01 - trabajo\repos\netcore\libs\template-netcore-entities\kitpymes.core.entities.tests\bin\release\net5.0\kitpymes.core.entities.tests.dll" id="7f2489bf-4d0d-4cef-8b0d-36bdedcfe164">
      <Execution id="eeeac387-4140-4c71-a7e5-b77c0b9e6007" />
      <TestMethod codeBase="D:\SFERRARI\01 - TRABAJO\repos\netcore\libs\template-netcore-entities\Kitpymes.Core.Entities.Tests\bin\Release\net5.0\Kitpymes.Core.Entities.Tests.dll" adapterTypeName="executor://mstestadapter/v2" className="Kitpymes.Core.Entities.ValueObjects.Tests.EmailTests" name="Equals_Passing_Valid_Distinct_Values_Returns_False" />
    </UnitTest>
    <UnitTest name="ToEnum_Passing_Invalid_String_Name_Enumeracion_Returns_Null" storage="d:\sferrari\01 - trabajo\repos\netcore\libs\template-netcore-entities\kitpymes.core.entities.tests\bin\release\net5.0\kitpymes.core.entities.tests.dll" id="8f49a3dd-5112-4b7c-8e5b-17d0427b8a97">
      <Execution id="7eb7fc73-0dbf-44fe-b2ef-6e44c78a7c0f" />
      <TestMethod codeBase="D:\SFERRARI\01 - TRABAJO\repos\netcore\libs\template-netcore-entities\Kitpymes.Core.Entities.Tests\bin\Release\net5.0\Kitpymes.Core.Entities.Tests.dll" adapterTypeName="executor://mstestadapter/v2" className="Kitpymes.Core.Entities.Enumerations.Tests.SubscriptionEnumTests" name="ToEnum_Passing_Invalid_String_Name_Enumeracion_Returns_Null" />
    </UnitTest>
    <UnitTest name="OperatorEqual_Passing_Valid_Values_Returns_True (Sabadell,Barcelona,España)" storage="d:\sferrari\01 - trabajo\repos\netcore\libs\template-netcore-entities\kitpymes.core.entities.tests\bin\release\net5.0\kitpymes.core.entities.tests.dll" id="8cc1c989-5600-4428-8b06-f0e57f7bf497">
      <Execution id="71d5531f-12a1-4b7d-9888-74c3342e2d9f" />
      <TestMethod codeBase="D:\SFERRARI\01 - TRABAJO\repos\netcore\libs\template-netcore-entities\Kitpymes.Core.Entities.Tests\bin\Release\net5.0\Kitpymes.Core.Entities.Tests.dll" adapterTypeName="executor://mstestadapter/v2" className="Kitpymes.Core.Entities.ValueObjects.Tests.FullNameTests" name="OperatorEqual_Passing_Valid_Values_Returns_True" />
    </UnitTest>
    <UnitTest name="OperatorEqual_Passing_Valid_Values_Returns_True (Sabadell)" storage="d:\sferrari\01 - trabajo\repos\netcore\libs\template-netcore-entities\kitpymes.core.entities.tests\bin\release\net5.0\kitpymes.core.entities.tests.dll" id="9110c814-f430-4aaf-9e2e-20c73a773b62">
      <Execution id="da6c8b4f-323a-4931-88e5-b1643dc7f337" />
      <TestMethod codeBase="D:\SFERRARI\01 - TRABAJO\repos\netcore\libs\template-netcore-entities\Kitpymes.Core.Entities.Tests\bin\Release\net5.0\Kitpymes.Core.Entities.Tests.dll" adapterTypeName="executor://mstestadapter/v2" className="Kitpymes.Core.Entities.ValueObjects.Tests.StringIdTests" name="OperatorEqual_Passing_Valid_Values_Returns_True" />
    </UnitTest>
    <UnitTest name="Create_Passing_Valid_Values_Returns_Name (Españã)" storage="d:\sferrari\01 - trabajo\repos\netcore\libs\template-netcore-entities\kitpymes.core.entities.tests\bin\release\net5.0\kitpymes.core.entities.tests.dll" id="cc121b72-785a-4ea4-acce-18e3c809a040">
      <Execution id="3b554f0e-e7d9-4719-9b3a-3bf7f7a033ec" />
      <TestMethod codeBase="D:\SFERRARI\01 - TRABAJO\repos\netcore\libs\template-netcore-entities\Kitpymes.Core.Entities.Tests\bin\Release\net5.0\Kitpymes.Core.Entities.Tests.dll" adapterTypeName="executor://mstestadapter/v2" className="Kitpymes.Core.Entities.ValueObjects.Tests.NameTests" name="Create_Passing_Valid_Values_Returns_Name" />
    </UnitTest>
    <UnitTest name="IsNull_Passing_Valid_Value_Returns_False (Españç)" storage="d:\sferrari\01 - trabajo\repos\netcore\libs\template-netcore-entities\kitpymes.core.entities.tests\bin\release\net5.0\kitpymes.core.entities.tests.dll" id="a14b901a-26a4-40cc-9093-eb895fffdb19">
      <Execution id="94523f90-f330-4574-b491-fb91ed680b43" />
      <TestMethod codeBase="D:\SFERRARI\01 - TRABAJO\repos\netcore\libs\template-netcore-entities\Kitpymes.Core.Entities.Tests\bin\Release\net5.0\Kitpymes.Core.Entities.Tests.dll" adapterTypeName="executor://mstestadapter/v2" className="Kitpymes.Core.Entities.ValueObjects.Tests.NameTests" name="IsNull_Passing_Valid_Value_Returns_False" />
    </UnitTest>
    <UnitTest name="Create_Passing_Valid_Values_Returns_Name (Españħ)" storage="d:\sferrari\01 - trabajo\repos\netcore\libs\template-netcore-entities\kitpymes.core.entities.tests\bin\release\net5.0\kitpymes.core.entities.tests.dll" id="8c5d9a47-968f-4efd-9684-51df4cdf14b3">
      <Execution id="48a2f492-1434-44c4-86d2-ba4dbd55a648" />
      <TestMethod codeBase="D:\SFERRARI\01 - TRABAJO\repos\netcore\libs\template-netcore-entities\Kitpymes.Core.Entities.Tests\bin\Release\net5.0\Kitpymes.Core.Entities.Tests.dll" adapterTypeName="executor://mstestadapter/v2" className="Kitpymes.Core.Entities.ValueObjects.Tests.NameTests" name="Create_Passing_Valid_Values_Returns_Name" />
    </UnitTest>
    <UnitTest name="ToString_Passing_Valid_Values_Returns_Value_String_Format (San Bartoleme De Tirajana,Las Palmas)" storage="d:\sferrari\01 - trabajo\repos\netcore\libs\template-netcore-entities\kitpymes.core.entities.tests\bin\release\net5.0\kitpymes.core.entities.tests.dll" id="3f05aa9f-e2db-4ae0-8fb3-166b40e6d0c9">
      <Execution id="502f9d93-80e8-41e5-8955-62be1732dfc6" />
      <TestMethod codeBase="D:\SFERRARI\01 - TRABAJO\repos\netcore\libs\template-netcore-entities\Kitpymes.Core.Entities.Tests\bin\Release\net5.0\Kitpymes.Core.Entities.Tests.dll" adapterTypeName="executor://mstestadapter/v2" className="Kitpymes.Core.Entities.ValueObjects.Tests.FullNameTests" name="ToString_Passing_Valid_Values_Returns_Value_String_Format" />
    </UnitTest>
    <UnitTest name="Create_Default_Passing_Valid_Values_Returns_StringId" storage="d:\sferrari\01 - trabajo\repos\netcore\libs\template-netcore-entities\kitpymes.core.entities.tests\bin\release\net5.0\kitpymes.core.entities.tests.dll" id="ad3d5b57-b5f3-4d59-ac39-3fce3cea47cb">
      <Execution id="688d4a1b-190c-4bb9-882c-58762312f04d" />
      <TestMethod codeBase="D:\SFERRARI\01 - TRABAJO\repos\netcore\libs\template-netcore-entities\Kitpymes.Core.Entities.Tests\bin\Release\net5.0\Kitpymes.Core.Entities.Tests.dll" adapterTypeName="executor://mstestadapter/v2" className="Kitpymes.Core.Entities.ValueObjects.Tests.StringIdTests" name="Create_Default_Passing_Valid_Values_Returns_StringId" />
    </UnitTest>
    <UnitTest name="OperatorNotEqual_Passing_Valid_Values_Returns_True (200,EUR,4)" storage="d:\sferrari\01 - trabajo\repos\netcore\libs\template-netcore-entities\kitpymes.core.entities.tests\bin\release\net5.0\kitpymes.core.entities.tests.dll" id="7a5ec98d-9ff9-48bc-aac5-0ef79dc2b759">
      <Execution id="3189c99d-a09b-4ef1-96f7-29b00bae31a5" />
      <TestMethod codeBase="D:\SFERRARI\01 - TRABAJO\repos\netcore\libs\template-netcore-entities\Kitpymes.Core.Entities.Tests\bin\Release\net5.0\Kitpymes.Core.Entities.Tests.dll" adapterTypeName="executor://mstestadapter/v2" className="Kitpymes.Core.Entities.ValueObjects.Tests.MoneyTests" name="OperatorNotEqual_Passing_Valid_Values_Returns_True" />
    </UnitTest>
    <UnitTest name="Create_Passing_InvalidOrNull_Value_Returns_ApplicationException (,43543543543)" storage="d:\sferrari\01 - trabajo\repos\netcore\libs\template-netcore-entities\kitpymes.core.entities.tests\bin\release\net5.0\kitpymes.core.entities.tests.dll" id="0d919a55-4c82-428a-b7ab-3195f5e559dd">
      <Execution id="b6f8a407-df21-43f0-8c86-fd99d76a3cff" />
      <TestMethod codeBase="D:\SFERRARI\01 - TRABAJO\repos\netcore\libs\template-netcore-entities\Kitpymes.Core.Entities.Tests\bin\Release\net5.0\Kitpymes.Core.Entities.Tests.dll" adapterTypeName="executor://mstestadapter/v2" className="Kitpymes.Core.Entities.ValueObjects.Tests.TelephoneTests" name="Create_Passing_InvalidOrNull_Value_Returns_ApplicationException" />
    </UnitTest>
    <UnitTest name="OperatorNotEqual_Passing_Valid_Values_Returns_False (Sabadell)" storage="d:\sferrari\01 - trabajo\repos\netcore\libs\template-netcore-entities\kitpymes.core.entities.tests\bin\release\net5.0\kitpymes.core.entities.tests.dll" id="a7d7b49c-13b9-4d82-98d7-884670ae514b">
      <Execution id="836a8f7a-e173-48fb-a6ab-41eb6af62b8a" />
      <TestMethod codeBase="D:\SFERRARI\01 - TRABAJO\repos\netcore\libs\template-netcore-entities\Kitpymes.Core.Entities.Tests\bin\Release\net5.0\Kitpymes.Core.Entities.Tests.dll" adapterTypeName="executor://mstestadapter/v2" className="Kitpymes.Core.Entities.ValueObjects.Tests.StringIdTests" name="OperatorNotEqual_Passing_Valid_Values_Returns_False" />
    </UnitTest>
    <UnitTest name="IsNull_Passing_Valid_Address_Returns_False (Pader,789,DF7956,Sabadell,Barcelona,España)" storage="d:\sferrari\01 - trabajo\repos\netcore\libs\template-netcore-entities\kitpymes.core.entities.tests\bin\release\net5.0\kitpymes.core.entities.tests.dll" id="d4a2e39c-baf1-4184-b2e3-6ff3eb1bd80d">
      <Execution id="843fddb8-0c9d-4410-b7ef-8cc99ad45243" />
      <TestMethod codeBase="D:\SFERRARI\01 - TRABAJO\repos\netcore\libs\template-netcore-entities\Kitpymes.Core.Entities.Tests\bin\Release\net5.0\Kitpymes.Core.Entities.Tests.dll" adapterTypeName="executor://mstestadapter/v2" className="Kitpymes.Core.Entities.ValueObjects.Tests.AddressTests" name="IsNull_Passing_Valid_Address_Returns_False" />
    </UnitTest>
    <UnitTest name="ToString_Passing_Valid_Values_Returns_Address_String_Format (Pader,789,DF7956,Sabadell,Barcelona,España)" storage="d:\sferrari\01 - trabajo\repos\netcore\libs\template-netcore-entities\kitpymes.core.entities.tests\bin\release\net5.0\kitpymes.core.entities.tests.dll" id="ee3254e3-e799-49d9-a782-90fa2fdd08f1">
      <Execution id="4cf257f7-3262-4946-ae4e-50017588822f" />
      <TestMethod codeBase="D:\SFERRARI\01 - TRABAJO\repos\netcore\libs\template-netcore-entities\Kitpymes.Core.Entities.Tests\bin\Release\net5.0\Kitpymes.Core.Entities.Tests.dll" adapterTypeName="executor://mstestadapter/v2" className="Kitpymes.Core.Entities.ValueObjects.Tests.AddressTests" name="ToString_Passing_Valid_Values_Returns_Address_String_Format" />
    </UnitTest>
    <UnitTest name="ToString_Passing_Valid_Values_Returns_StringId (San Bartoleme De Tirajana)" storage="d:\sferrari\01 - trabajo\repos\netcore\libs\template-netcore-entities\kitpymes.core.entities.tests\bin\release\net5.0\kitpymes.core.entities.tests.dll" id="26159545-6e62-435e-b5c1-9ad38a1db0cd">
      <Execution id="5818b4d3-e9a0-4ee9-b991-fb6fa0a8ec51" />
      <TestMethod codeBase="D:\SFERRARI\01 - TRABAJO\repos\netcore\libs\template-netcore-entities\Kitpymes.Core.Entities.Tests\bin\Release\net5.0\Kitpymes.Core.Entities.Tests.dll" adapterTypeName="executor://mstestadapter/v2" className="Kitpymes.Core.Entities.ValueObjects.Tests.StringIdTests" name="ToString_Passing_Valid_Values_Returns_StringId" />
    </UnitTest>
    <UnitTest name="OperatorEqual_Passing_Valid_Values_Returns_True (EUR)" storage="d:\sferrari\01 - trabajo\repos\netcore\libs\template-netcore-entities\kitpymes.core.entities.tests\bin\release\net5.0\kitpymes.core.entities.tests.dll" id="b96da957-5c3a-45d9-8ad9-0a652dd9ce11">
      <Execution id="4223c445-acce-4462-a6c2-7a825ebbd934" />
      <TestMethod codeBase="D:\SFERRARI\01 - TRABAJO\repos\netcore\libs\template-netcore-entities\Kitpymes.Core.Entities.Tests\bin\Release\net5.0\Kitpymes.Core.Entities.Tests.dll" adapterTypeName="executor://mstestadapter/v2" className="Kitpymes.Core.Entities.ValueObjects.Tests.CurrencyTests" name="OperatorEqual_Passing_Valid_Values_Returns_True" />
    </UnitTest>
    <UnitTest name="Create_Passing_Valid_Value_Returns_Email (dasdasd@dsasd.ff)" storage="d:\sferrari\01 - trabajo\repos\netcore\libs\template-netcore-entities\kitpymes.core.entities.tests\bin\release\net5.0\kitpymes.core.entities.tests.dll" id="4960ddde-9538-4a23-a31e-3583168ee178">
      <Execution id="62b258f9-46c8-4a9d-861a-c41b5f1bcb50" />
      <TestMethod codeBase="D:\SFERRARI\01 - TRABAJO\repos\netcore\libs\template-netcore-entities\Kitpymes.Core.Entities.Tests\bin\Release\net5.0\Kitpymes.Core.Entities.Tests.dll" adapterTypeName="executor://mstestadapter/v2" className="Kitpymes.Core.Entities.ValueObjects.Tests.EmailTests" name="Create_Passing_Valid_Value_Returns_Email" />
    </UnitTest>
    <UnitTest name="Equals_Passing_Valid_Values_Returns_True (app.hackerone1.com)" storage="d:\sferrari\01 - trabajo\repos\netcore\libs\template-netcore-entities\kitpymes.core.entities.tests\bin\release\net5.0\kitpymes.core.entities.tests.dll" id="a1bc1459-ec54-4f1f-ba1a-f58cf33f74f8">
      <Execution id="9d6c67bb-9278-4c3c-a286-ca82b808097e" />
      <TestMethod codeBase="D:\SFERRARI\01 - TRABAJO\repos\netcore\libs\template-netcore-entities\Kitpymes.Core.Entities.Tests\bin\Release\net5.0\Kitpymes.Core.Entities.Tests.dll" adapterTypeName="executor://mstestadapter/v2" className="Kitpymes.Core.Entities.ValueObjects.Tests.SubdomainTests" name="Equals_Passing_Valid_Values_Returns_True" />
    </UnitTest>
    <UnitTest name="ToString_Passing_Valid_Values_Returns_Name (Esp añâ)" storage="d:\sferrari\01 - trabajo\repos\netcore\libs\template-netcore-entities\kitpymes.core.entities.tests\bin\release\net5.0\kitpymes.core.entities.tests.dll" id="2c7cfef2-6dec-4aa0-8c12-b65004bdba83">
      <Execution id="8c3c6f2a-737c-4a92-99e1-ac7d61b2d110" />
      <TestMethod codeBase="D:\SFERRARI\01 - TRABAJO\repos\netcore\libs\template-netcore-entities\Kitpymes.Core.Entities.Tests\bin\Release\net5.0\Kitpymes.Core.Entities.Tests.dll" adapterTypeName="executor://mstestadapter/v2" className="Kitpymes.Core.Entities.ValueObjects.Tests.NameTests" name="ToString_Passing_Valid_Values_Returns_Name" />
    </UnitTest>
    <UnitTest name="OperatorNotEqual_Passing_Valid_Values_Returns_False (San Bartoleme De Tirajana,Las Palmas,España)" storage="d:\sferrari\01 - trabajo\repos\netcore\libs\template-netcore-entities\kitpymes.core.entities.tests\bin\release\net5.0\kitpymes.core.entities.tests.dll" id="4d3ae650-4bc8-4804-8506-b6a57558f90d">
      <Execution id="99d5f4ed-32b3-4c82-89b5-d3149e156c13" />
      <TestMethod codeBase="D:\SFERRARI\01 - TRABAJO\repos\netcore\libs\template-netcore-entities\Kitpymes.Core.Entities.Tests\bin\Release\net5.0\Kitpymes.Core.Entities.Tests.dll" adapterTypeName="executor://mstestadapter/v2" className="Kitpymes.Core.Entities.ValueObjects.Tests.FullNameTests" name="OperatorNotEqual_Passing_Valid_Values_Returns_False" />
    </UnitTest>
    <UnitTest name="IsGold_Passing_Nothing_Returns_True" storage="d:\sferrari\01 - trabajo\repos\netcore\libs\template-netcore-entities\kitpymes.core.entities.tests\bin\release\net5.0\kitpymes.core.entities.tests.dll" id="d20d1792-2844-4347-af18-52c765cd4588">
      <Execution id="1ea7a4df-067d-4497-a301-a1dd0e143fae" />
      <TestMethod codeBase="D:\SFERRARI\01 - TRABAJO\repos\netcore\libs\template-netcore-entities\Kitpymes.Core.Entities.Tests\bin\Release\net5.0\Kitpymes.Core.Entities.Tests.dll" adapterTypeName="executor://mstestadapter/v2" className="Kitpymes.Core.Entities.Enumerations.Tests.SubscriptionEnumTests" name="IsGold_Passing_Nothing_Returns_True" />
    </UnitTest>
    <UnitTest name="OperatorEqual_Passing_Valid_Values_Returns_True (San Bartoleme De Tirajana)" storage="d:\sferrari\01 - trabajo\repos\netcore\libs\template-netcore-entities\kitpymes.core.entities.tests\bin\release\net5.0\kitpymes.core.entities.tests.dll" id="f3b37de7-ce07-4196-81d0-3b553e7dddb2">
      <Execution id="48c55598-93b6-4f92-b438-297d39faa126" />
      <TestMethod codeBase="D:\SFERRARI\01 - TRABAJO\repos\netcore\libs\template-netcore-entities\Kitpymes.Core.Entities.Tests\bin\Release\net5.0\Kitpymes.Core.Entities.Tests.dll" adapterTypeName="executor://mstestadapter/v2" className="Kitpymes.Core.Entities.ValueObjects.Tests.StringIdTests" name="OperatorEqual_Passing_Valid_Values_Returns_True" />
    </UnitTest>
    <UnitTest name="ToFullString_Passing_Valid_Values_Returns_Value_String_Format (Sabadell,Barcelona,España)" storage="d:\sferrari\01 - trabajo\repos\netcore\libs\template-netcore-entities\kitpymes.core.entities.tests\bin\release\net5.0\kitpymes.core.entities.tests.dll" id="03fa1996-9afe-432f-b4cc-89299156dade">
      <Execution id="39b1a903-2ea6-492f-9e78-c00bec4410cb" />
      <TestMethod codeBase="D:\SFERRARI\01 - TRABAJO\repos\netcore\libs\template-netcore-entities\Kitpymes.Core.Entities.Tests\bin\Release\net5.0\Kitpymes.Core.Entities.Tests.dll" adapterTypeName="executor://mstestadapter/v2" className="Kitpymes.Core.Entities.ValueObjects.Tests.FullNameTests" name="ToFullString_Passing_Valid_Values_Returns_Value_String_Format" />
    </UnitTest>
    <UnitTest name="Create_Passing_Valid_Values_Returns_Currency (EUR)" storage="d:\sferrari\01 - trabajo\repos\netcore\libs\template-netcore-entities\kitpymes.core.entities.tests\bin\release\net5.0\kitpymes.core.entities.tests.dll" id="1cb2fec5-3644-498d-a3eb-6fe6cddffad3">
      <Execution id="d13255ab-e8d2-4c6a-a1d6-e1d2d7e7e569" />
      <TestMethod codeBase="D:\SFERRARI\01 - TRABAJO\repos\netcore\libs\template-netcore-entities\Kitpymes.Core.Entities.Tests\bin\Release\net5.0\Kitpymes.Core.Entities.Tests.dll" adapterTypeName="executor://mstestadapter/v2" className="Kitpymes.Core.Entities.ValueObjects.Tests.CurrencyTests" name="Create_Passing_Valid_Values_Returns_Currency" />
    </UnitTest>
    <UnitTest name="OperatorNotEqual_Passing_Valid_Values_Returns_True (Sabadell,Barcelona,España)" storage="d:\sferrari\01 - trabajo\repos\netcore\libs\template-netcore-entities\kitpymes.core.entities.tests\bin\release\net5.0\kitpymes.core.entities.tests.dll" id="1f560fc3-0c92-41b8-8a35-41e9e2dfafff">
      <Execution id="4ad34e25-5e91-4c6d-8c99-3bcc6728a8af" />
      <TestMethod codeBase="D:\SFERRARI\01 - TRABAJO\repos\netcore\libs\template-netcore-entities\Kitpymes.Core.Entities.Tests\bin\Release\net5.0\Kitpymes.Core.Entities.Tests.dll" adapterTypeName="executor://mstestadapter/v2" className="Kitpymes.Core.Entities.ValueObjects.Tests.FullNameTests" name="OperatorNotEqual_Passing_Valid_Values_Returns_True" />
    </UnitTest>
    <UnitTest name="Equals_Passing_Valid_Values_Returns_True (EUR)" storage="d:\sferrari\01 - trabajo\repos\netcore\libs\template-netcore-entities\kitpymes.core.entities.tests\bin\release\net5.0\kitpymes.core.entities.tests.dll" id="7148039d-fdb6-4718-b393-00cd4d0373b8">
      <Execution id="20542488-7d46-4721-8c30-e62d96de0479" />
      <TestMethod codeBase="D:\SFERRARI\01 - TRABAJO\repos\netcore\libs\template-netcore-entities\Kitpymes.Core.Entities.Tests\bin\Release\net5.0\Kitpymes.Core.Entities.Tests.dll" adapterTypeName="executor://mstestadapter/v2" className="Kitpymes.Core.Entities.ValueObjects.Tests.CurrencyTests" name="Equals_Passing_Valid_Values_Returns_True" />
    </UnitTest>
    <UnitTest name="OperatorEqual_Passing_Valid_Values_Returns_True (España)" storage="d:\sferrari\01 - trabajo\repos\netcore\libs\template-netcore-entities\kitpymes.core.entities.tests\bin\release\net5.0\kitpymes.core.entities.tests.dll" id="9a790ada-b65b-4403-a79d-8254a5ef5c4c">
      <Execution id="9d788d0d-3134-4b28-8706-1be885d8e729" />
      <TestMethod codeBase="D:\SFERRARI\01 - TRABAJO\repos\netcore\libs\template-netcore-entities\Kitpymes.Core.Entities.Tests\bin\Release\net5.0\Kitpymes.Core.Entities.Tests.dll" adapterTypeName="executor://mstestadapter/v2" className="Kitpymes.Core.Entities.ValueObjects.Tests.NameTests" name="OperatorEqual_Passing_Valid_Values_Returns_True" />
    </UnitTest>
    <UnitTest name="OperatorNotEqual_Passing_Valid_Values_Returns_True (www.hackerone-com)" storage="d:\sferrari\01 - trabajo\repos\netcore\libs\template-netcore-entities\kitpymes.core.entities.tests\bin\release\net5.0\kitpymes.core.entities.tests.dll" id="019cd752-2fc4-4795-bda1-481032a5e719">
      <Execution id="33eec586-093d-4ed0-a0b6-83b8fef4bcc7" />
      <TestMethod codeBase="D:\SFERRARI\01 - TRABAJO\repos\netcore\libs\template-netcore-entities\Kitpymes.Core.Entities.Tests\bin\Release\net5.0\Kitpymes.Core.Entities.Tests.dll" adapterTypeName="executor://mstestadapter/v2" className="Kitpymes.Core.Entities.ValueObjects.Tests.SubdomainTests" name="OperatorNotEqual_Passing_Valid_Values_Returns_True" />
    </UnitTest>
    <UnitTest name="Equals_Passing_Valid_Values_Returns_True (Españá)" storage="d:\sferrari\01 - trabajo\repos\netcore\libs\template-netcore-entities\kitpymes.core.entities.tests\bin\release\net5.0\kitpymes.core.entities.tests.dll" id="4a1ba635-0ebd-42a2-baaf-b271e423afbe">
      <Execution id="ce0e01c1-0ed7-472b-b30e-a8f58efcf768" />
      <TestMethod codeBase="D:\SFERRARI\01 - TRABAJO\repos\netcore\libs\template-netcore-entities\Kitpymes.Core.Entities.Tests\bin\Release\net5.0\Kitpymes.Core.Entities.Tests.dll" adapterTypeName="executor://mstestadapter/v2" className="Kitpymes.Core.Entities.ValueObjects.Tests.NameTests" name="Equals_Passing_Valid_Values_Returns_True" />
    </UnitTest>
    <UnitTest name="Create_Passing_Valid_Values_Returns_Address (Pader,789,DF7956,Sabadell,Barcelona,España)" storage="d:\sferrari\01 - trabajo\repos\netcore\libs\template-netcore-entities\kitpymes.core.entities.tests\bin\release\net5.0\kitpymes.core.entities.tests.dll" id="0a633b3f-488d-491e-aeeb-be325ae49a37">
      <Execution id="d9968538-3038-4e9d-b23e-02213f21ac41" />
      <TestMethod codeBase="D:\SFERRARI\01 - TRABAJO\repos\netcore\libs\template-netcore-entities\Kitpymes.Core.Entities.Tests\bin\Release\net5.0\Kitpymes.Core.Entities.Tests.dll" adapterTypeName="executor://mstestadapter/v2" className="Kitpymes.Core.Entities.ValueObjects.Tests.AddressTests" name="Create_Passing_Valid_Values_Returns_Address" />
    </UnitTest>
    <UnitTest name="IsVisa_Passing_Nothing_Returns_True" storage="d:\sferrari\01 - trabajo\repos\netcore\libs\template-netcore-entities\kitpymes.core.entities.tests\bin\release\net5.0\kitpymes.core.entities.tests.dll" id="05752c67-4b27-4c9f-9fef-c03307f13e4f">
      <Execution id="abd996bc-ecb9-4eb3-b6df-9e5653679437" />
      <TestMethod codeBase="D:\SFERRARI\01 - TRABAJO\repos\netcore\libs\template-netcore-entities\Kitpymes.Core.Entities.Tests\bin\Release\net5.0\Kitpymes.Core.Entities.Tests.dll" adapterTypeName="executor://mstestadapter/v2" className="Kitpymes.Core.Entities.Enumerations.Tests.CardTypeEnumTests" name="IsVisa_Passing_Nothing_Returns_True" />
    </UnitTest>
    <UnitTest name="OperatorEqual_Passing_Valid_Values_Returns_True (400,USD,8)" storage="d:\sferrari\01 - trabajo\repos\netcore\libs\template-netcore-entities\kitpymes.core.entities.tests\bin\release\net5.0\kitpymes.core.entities.tests.dll" id="5e56126f-fe7e-4f09-9b6d-b95f134fbb8e">
      <Execution id="893e34be-f920-4f4f-a635-e28a8692f750" />
      <TestMethod codeBase="D:\SFERRARI\01 - TRABAJO\repos\netcore\libs\template-netcore-entities\Kitpymes.Core.Entities.Tests\bin\Release\net5.0\Kitpymes.Core.Entities.Tests.dll" adapterTypeName="executor://mstestadapter/v2" className="Kitpymes.Core.Entities.ValueObjects.Tests.MoneyTests" name="OperatorEqual_Passing_Valid_Values_Returns_True" />
    </UnitTest>
    <UnitTest name="OperatorNotEqual_Passing_Valid_Values_Returns_True (Españç)" storage="d:\sferrari\01 - trabajo\repos\netcore\libs\template-netcore-entities\kitpymes.core.entities.tests\bin\release\net5.0\kitpymes.core.entities.tests.dll" id="389dac06-5d5b-48ff-8b2a-5b1835f93da0">
      <Execution id="a9fc0356-56e2-480f-bc22-9970ceaada3a" />
      <TestMethod codeBase="D:\SFERRARI\01 - TRABAJO\repos\netcore\libs\template-netcore-entities\Kitpymes.Core.Entities.Tests\bin\Release\net5.0\Kitpymes.Core.Entities.Tests.dll" adapterTypeName="executor://mstestadapter/v2" className="Kitpymes.Core.Entities.ValueObjects.Tests.NameTests" name="OperatorNotEqual_Passing_Valid_Values_Returns_True" />
    </UnitTest>
    <UnitTest name="ToNormalize_Passing_Valid_Values_Returns_Name_String_Format (Españħ,Espanh)" storage="d:\sferrari\01 - trabajo\repos\netcore\libs\template-netcore-entities\kitpymes.core.entities.tests\bin\release\net5.0\kitpymes.core.entities.tests.dll" id="1a174efd-c9c2-4c98-8d9f-3bad640eb673">
      <Execution id="1c4a8f98-6f91-4afe-9e38-06af06acd94b" />
      <TestMethod codeBase="D:\SFERRARI\01 - TRABAJO\repos\netcore\libs\template-netcore-entities\Kitpymes.Core.Entities.Tests\bin\Release\net5.0\Kitpymes.Core.Entities.Tests.dll" adapterTypeName="executor://mstestadapter/v2" className="Kitpymes.Core.Entities.ValueObjects.Tests.NameTests" name="ToNormalize_Passing_Valid_Values_Returns_Name_String_Format" />
    </UnitTest>
    <UnitTest name="Create_Passing_Valid_Values_Returns_StringId (Tenerife)" storage="d:\sferrari\01 - trabajo\repos\netcore\libs\template-netcore-entities\kitpymes.core.entities.tests\bin\release\net5.0\kitpymes.core.entities.tests.dll" id="eb9447bb-8ddb-46be-9ba9-80cd9f4dfbc7">
      <Execution id="593287db-5554-4018-9688-4b781fce10d9" />
      <TestMethod codeBase="D:\SFERRARI\01 - TRABAJO\repos\netcore\libs\template-netcore-entities\Kitpymes.Core.Entities.Tests\bin\Release\net5.0\Kitpymes.Core.Entities.Tests.dll" adapterTypeName="executor://mstestadapter/v2" className="Kitpymes.Core.Entities.ValueObjects.Tests.StringIdTests" name="Create_Passing_Valid_Values_Returns_StringId" />
    </UnitTest>
    <UnitTest name="ToNormalize_Passing_Valid_Values_Returns_Name_String_Format (Esp añâ,Esp ana)" storage="d:\sferrari\01 - trabajo\repos\netcore\libs\template-netcore-entities\kitpymes.core.entities.tests\bin\release\net5.0\kitpymes.core.entities.tests.dll" id="eab2e01a-1745-424f-a4d6-819db90d9ba2">
      <Execution id="a0ba5e26-9295-4968-8528-4f3ad1df98f5" />
      <TestMethod codeBase="D:\SFERRARI\01 - TRABAJO\repos\netcore\libs\template-netcore-entities\Kitpymes.Core.Entities.Tests\bin\Release\net5.0\Kitpymes.Core.Entities.Tests.dll" adapterTypeName="executor://mstestadapter/v2" className="Kitpymes.Core.Entities.ValueObjects.Tests.NameTests" name="ToNormalize_Passing_Valid_Values_Returns_Name_String_Format" />
    </UnitTest>
    <UnitTest name="Create_Passing_InvalidOrNull_Value_Returns_ApplicationException (..¬¬¬sdffdsfdssd.dd)" storage="d:\sferrari\01 - trabajo\repos\netcore\libs\template-netcore-entities\kitpymes.core.entities.tests\bin\release\net5.0\kitpymes.core.entities.tests.dll" id="b88eaf41-6e98-43d4-b61c-4205ba4b000b">
      <Execution id="288701a4-0a2c-4584-8f90-d4020080b4b0" />
      <TestMethod codeBase="D:\SFERRARI\01 - TRABAJO\repos\netcore\libs\template-netcore-entities\Kitpymes.Core.Entities.Tests\bin\Release\net5.0\Kitpymes.Core.Entities.Tests.dll" adapterTypeName="executor://mstestadapter/v2" className="Kitpymes.Core.Entities.ValueObjects.Tests.SubdomainTests" name="Create_Passing_InvalidOrNull_Value_Returns_ApplicationException" />
    </UnitTest>
    <UnitTest name="Create_Passing_Valid_Values_Returns_Name (Españç)" storage="d:\sferrari\01 - trabajo\repos\netcore\libs\template-netcore-entities\kitpymes.core.entities.tests\bin\release\net5.0\kitpymes.core.entities.tests.dll" id="8a8b012d-cfa9-4d2e-b4d9-18a57e41a33c">
      <Execution id="279a8c3e-5b07-4694-aa58-3061aeb989a0" />
      <TestMethod codeBase="D:\SFERRARI\01 - TRABAJO\repos\netcore\libs\template-netcore-entities\Kitpymes.Core.Entities.Tests\bin\Release\net5.0\Kitpymes.Core.Entities.Tests.dll" adapterTypeName="executor://mstestadapter/v2" className="Kitpymes.Core.Entities.ValueObjects.Tests.NameTests" name="Create_Passing_Valid_Values_Returns_Name" />
    </UnitTest>
    <UnitTest name="ToNormalize_Passing_Valid_Values_Returns_Name_String_Format (Españã,Espana)" storage="d:\sferrari\01 - trabajo\repos\netcore\libs\template-netcore-entities\kitpymes.core.entities.tests\bin\release\net5.0\kitpymes.core.entities.tests.dll" id="3096ae3a-d03d-4ac5-abc0-aa0d6c499aba">
      <Execution id="512672a1-9bd4-4191-bbaf-415e8bad4e78" />
      <TestMethod codeBase="D:\SFERRARI\01 - TRABAJO\repos\netcore\libs\template-netcore-entities\Kitpymes.Core.Entities.Tests\bin\Release\net5.0\Kitpymes.Core.Entities.Tests.dll" adapterTypeName="executor://mstestadapter/v2" className="Kitpymes.Core.Entities.ValueObjects.Tests.NameTests" name="ToNormalize_Passing_Valid_Values_Returns_Name_String_Format" />
    </UnitTest>
    <UnitTest name="ToEnum_Passing_Valid_String_ShortName_Enumeracion_Returns_Enumeracion" storage="d:\sferrari\01 - trabajo\repos\netcore\libs\template-netcore-entities\kitpymes.core.entities.tests\bin\release\net5.0\kitpymes.core.entities.tests.dll" id="652d5d50-3a2f-4fa8-844d-e950d09e969d">
      <Execution id="7e890f54-4056-4f6c-acc1-97e10e2cafbf" />
      <TestMethod codeBase="D:\SFERRARI\01 - TRABAJO\repos\netcore\libs\template-netcore-entities\Kitpymes.Core.Entities.Tests\bin\Release\net5.0\Kitpymes.Core.Entities.Tests.dll" adapterTypeName="executor://mstestadapter/v2" className="Kitpymes.Core.Entities.Enumerations.Tests.CardTypeEnumTests" name="ToEnum_Passing_Valid_String_ShortName_Enumeracion_Returns_Enumeracion" />
    </UnitTest>
    <UnitTest name="OperatorNotEqual_Passing_Valid_Values_Returns_True (Pader,789,DF7956,Sabadell,Barcelona,España)" storage="d:\sferrari\01 - trabajo\repos\netcore\libs\template-netcore-entities\kitpymes.core.entities.tests\bin\release\net5.0\kitpymes.core.entities.tests.dll" id="5a32fbc5-0699-4e51-ad46-7847f511e618">
      <Execution id="0f79e2e4-93d0-402d-9ae7-0566a01c1a78" />
      <TestMethod codeBase="D:\SFERRARI\01 - TRABAJO\repos\netcore\libs\template-netcore-entities\Kitpymes.Core.Entities.Tests\bin\Release\net5.0\Kitpymes.Core.Entities.Tests.dll" adapterTypeName="executor://mstestadapter/v2" className="Kitpymes.Core.Entities.ValueObjects.Tests.AddressTests" name="OperatorNotEqual_Passing_Valid_Values_Returns_True" />
    </UnitTest>
    <UnitTest name="OperatorEqual_Passing_Valid_Distinct_Values_Returns_False (Españħ)" storage="d:\sferrari\01 - trabajo\repos\netcore\libs\template-netcore-entities\kitpymes.core.entities.tests\bin\release\net5.0\kitpymes.core.entities.tests.dll" id="d9268e8e-6435-44b6-a0f4-bf85ca33a39f">
      <Execution id="dd8f0068-db1d-4539-8a2f-e011c74c7d8f" />
      <TestMethod codeBase="D:\SFERRARI\01 - TRABAJO\repos\netcore\libs\template-netcore-entities\Kitpymes.Core.Entities.Tests\bin\Release\net5.0\Kitpymes.Core.Entities.Tests.dll" adapterTypeName="executor://mstestadapter/v2" className="Kitpymes.Core.Entities.ValueObjects.Tests.NameTests" name="OperatorEqual_Passing_Valid_Distinct_Values_Returns_False" />
    </UnitTest>
    <UnitTest name="IsNull_Passing_Null_Value_Returns_True" storage="d:\sferrari\01 - trabajo\repos\netcore\libs\template-netcore-entities\kitpymes.core.entities.tests\bin\release\net5.0\kitpymes.core.entities.tests.dll" id="09175c49-64ae-4d72-a7bd-bb99225b54ce">
      <Execution id="daccd11d-519a-4b56-a847-7b68d591b6ce" />
      <TestMethod codeBase="D:\SFERRARI\01 - TRABAJO\repos\netcore\libs\template-netcore-entities\Kitpymes.Core.Entities.Tests\bin\Release\net5.0\Kitpymes.Core.Entities.Tests.dll" adapterTypeName="executor://mstestadapter/v2" className="Kitpymes.Core.Entities.ValueObjects.Tests.StringIdTests" name="IsNull_Passing_Null_Value_Returns_True" />
    </UnitTest>
    <UnitTest name="IsNull_Passing_Valid_Value_Returns_False (Espania)" storage="d:\sferrari\01 - trabajo\repos\netcore\libs\template-netcore-entities\kitpymes.core.entities.tests\bin\release\net5.0\kitpymes.core.entities.tests.dll" id="06a13535-e107-4816-8e09-9d0ff4c67a45">
      <Execution id="0e6ae447-f407-4663-b060-1fa9e01e5081" />
      <TestMethod codeBase="D:\SFERRARI\01 - TRABAJO\repos\netcore\libs\template-netcore-entities\Kitpymes.Core.Entities.Tests\bin\Release\net5.0\Kitpymes.Core.Entities.Tests.dll" adapterTypeName="executor://mstestadapter/v2" className="Kitpymes.Core.Entities.ValueObjects.Tests.StringIdTests" name="IsNull_Passing_Valid_Value_Returns_False" />
    </UnitTest>
    <UnitTest name="OperatorNotEqual_Passing_Valid_Values_Returns_False (Españä)" storage="d:\sferrari\01 - trabajo\repos\netcore\libs\template-netcore-entities\kitpymes.core.entities.tests\bin\release\net5.0\kitpymes.core.entities.tests.dll" id="14d52f66-28ec-4f94-b305-438736904f43">
      <Execution id="5a2b3960-b2ce-428e-97bd-64129bd18fa9" />
      <TestMethod codeBase="D:\SFERRARI\01 - TRABAJO\repos\netcore\libs\template-netcore-entities\Kitpymes.Core.Entities.Tests\bin\Release\net5.0\Kitpymes.Core.Entities.Tests.dll" adapterTypeName="executor://mstestadapter/v2" className="Kitpymes.Core.Entities.ValueObjects.Tests.NameTests" name="OperatorNotEqual_Passing_Valid_Values_Returns_False" />
    </UnitTest>
    <UnitTest name="Create_Passing_InvalidOrNull_Value_Returns_ApplicationException ()" storage="d:\sferrari\01 - trabajo\repos\netcore\libs\template-netcore-entities\kitpymes.core.entities.tests\bin\release\net5.0\kitpymes.core.entities.tests.dll" id="c1130792-8d2e-4aa5-89b0-729c8a9ac590">
      <Execution id="127c8bd1-ca3a-4a6f-aaee-dbe0eaab8695" />
      <TestMethod codeBase="D:\SFERRARI\01 - TRABAJO\repos\netcore\libs\template-netcore-entities\Kitpymes.Core.Entities.Tests\bin\Release\net5.0\Kitpymes.Core.Entities.Tests.dll" adapterTypeName="executor://mstestadapter/v2" className="Kitpymes.Core.Entities.ValueObjects.Tests.NameTests" name="Create_Passing_InvalidOrNull_Value_Returns_ApplicationException" />
    </UnitTest>
    <UnitTest name="OperatorEqual_Passing_Valid_Values_Returns_True (San Bartoleme De Tirajana,Las Palmas,España)" storage="d:\sferrari\01 - trabajo\repos\netcore\libs\template-netcore-entities\kitpymes.core.entities.tests\bin\release\net5.0\kitpymes.core.entities.tests.dll" id="f878609d-aaaa-4c6f-b83f-3deff7561d95">
      <Execution id="62c7af5a-7bba-42b8-a104-8de3ec4b4068" />
      <TestMethod codeBase="D:\SFERRARI\01 - TRABAJO\repos\netcore\libs\template-netcore-entities\Kitpymes.Core.Entities.Tests\bin\Release\net5.0\Kitpymes.Core.Entities.Tests.dll" adapterTypeName="executor://mstestadapter/v2" className="Kitpymes.Core.Entities.ValueObjects.Tests.FullNameTests" name="OperatorEqual_Passing_Valid_Values_Returns_True" />
    </UnitTest>
    <UnitTest name="Equals_Passing_Valid_Values_Returns_True (34fsds@sdd.fgg)" storage="d:\sferrari\01 - trabajo\repos\netcore\libs\template-netcore-entities\kitpymes.core.entities.tests\bin\release\net5.0\kitpymes.core.entities.tests.dll" id="5656233e-0108-4506-8a8d-30c1293d67b8">
      <Execution id="8f66a5e6-aacb-4c17-a373-14f34f7dd96f" />
      <TestMethod codeBase="D:\SFERRARI\01 - TRABAJO\repos\netcore\libs\template-netcore-entities\Kitpymes.Core.Entities.Tests\bin\Release\net5.0\Kitpymes.Core.Entities.Tests.dll" adapterTypeName="executor://mstestadapter/v2" className="Kitpymes.Core.Entities.ValueObjects.Tests.EmailTests" name="Equals_Passing_Valid_Values_Returns_True" />
    </UnitTest>
    <UnitTest name="Create_Passing_Valid_Values_Returns_Name (Españà)" storage="d:\sferrari\01 - trabajo\repos\netcore\libs\template-netcore-entities\kitpymes.core.entities.tests\bin\release\net5.0\kitpymes.core.entities.tests.dll" id="5928d372-03c0-4960-a321-01ec11f7b9b4">
      <Execution id="613eedda-0b90-4139-8d38-4c29037a0ced" />
      <TestMethod codeBase="D:\SFERRARI\01 - TRABAJO\repos\netcore\libs\template-netcore-entities\Kitpymes.Core.Entities.Tests\bin\Release\net5.0\Kitpymes.Core.Entities.Tests.dll" adapterTypeName="executor://mstestadapter/v2" className="Kitpymes.Core.Entities.ValueObjects.Tests.NameTests" name="Create_Passing_Valid_Values_Returns_Name" />
    </UnitTest>
    <UnitTest name="ToString_Passing_Valid_Values_Returns_Name (Españâ)" storage="d:\sferrari\01 - trabajo\repos\netcore\libs\template-netcore-entities\kitpymes.core.entities.tests\bin\release\net5.0\kitpymes.core.entities.tests.dll" id="4d1bff15-4feb-4fcd-b405-53ea12e01d03">
      <Execution id="19b0f5ec-92d0-4ea6-aab1-8bd2ad72bf8c" />
      <TestMethod codeBase="D:\SFERRARI\01 - TRABAJO\repos\netcore\libs\template-netcore-entities\Kitpymes.Core.Entities.Tests\bin\Release\net5.0\Kitpymes.Core.Entities.Tests.dll" adapterTypeName="executor://mstestadapter/v2" className="Kitpymes.Core.Entities.ValueObjects.Tests.NameTests" name="ToString_Passing_Valid_Values_Returns_Name" />
    </UnitTest>
    <UnitTest name="Equals_Passing_Valid_Values_Returns_True (Sabadell,Barcelona,España)" storage="d:\sferrari\01 - trabajo\repos\netcore\libs\template-netcore-entities\kitpymes.core.entities.tests\bin\release\net5.0\kitpymes.core.entities.tests.dll" id="8e943b57-c6e1-47b3-9267-e59ffada2515">
      <Execution id="cd863435-2d99-485d-af30-1d7f18da1332" />
      <TestMethod codeBase="D:\SFERRARI\01 - TRABAJO\repos\netcore\libs\template-netcore-entities\Kitpymes.Core.Entities.Tests\bin\Release\net5.0\Kitpymes.Core.Entities.Tests.dll" adapterTypeName="executor://mstestadapter/v2" className="Kitpymes.Core.Entities.ValueObjects.Tests.FullNameTests" name="Equals_Passing_Valid_Values_Returns_True" />
    </UnitTest>
    <UnitTest name="Create_Passing_Valid_Value_Returns_Email (aaads@ggg.cc)" storage="d:\sferrari\01 - trabajo\repos\netcore\libs\template-netcore-entities\kitpymes.core.entities.tests\bin\release\net5.0\kitpymes.core.entities.tests.dll" id="79b84c0c-1274-4e41-9890-b6df50c0da8a">
      <Execution id="fd912bfa-95b8-4359-a0e9-fba388aa9028" />
      <TestMethod codeBase="D:\SFERRARI\01 - TRABAJO\repos\netcore\libs\template-netcore-entities\Kitpymes.Core.Entities.Tests\bin\Release\net5.0\Kitpymes.Core.Entities.Tests.dll" adapterTypeName="executor://mstestadapter/v2" className="Kitpymes.Core.Entities.ValueObjects.Tests.EmailTests" name="Create_Passing_Valid_Value_Returns_Email" />
    </UnitTest>
    <UnitTest name="Equals_Passing_Valid_Distinct_Values_Returns_False (400,EUR,8)" storage="d:\sferrari\01 - trabajo\repos\netcore\libs\template-netcore-entities\kitpymes.core.entities.tests\bin\release\net5.0\kitpymes.core.entities.tests.dll" id="3e8f8915-6d6e-42c2-83b3-3c24fa25b636">
      <Execution id="46987a50-0b3b-4c87-a7fc-e3183a866c52" />
      <TestMethod codeBase="D:\SFERRARI\01 - TRABAJO\repos\netcore\libs\template-netcore-entities\Kitpymes.Core.Entities.Tests\bin\Release\net5.0\Kitpymes.Core.Entities.Tests.dll" adapterTypeName="executor://mstestadapter/v2" className="Kitpymes.Core.Entities.ValueObjects.Tests.MoneyTests" name="Equals_Passing_Valid_Distinct_Values_Returns_False" />
    </UnitTest>
    <UnitTest name="OperatorEqual_Passing_Valid_Values_Returns_True (www.hackerone-com)" storage="d:\sferrari\01 - trabajo\repos\netcore\libs\template-netcore-entities\kitpymes.core.entities.tests\bin\release\net5.0\kitpymes.core.entities.tests.dll" id="a04f0751-c220-4ccd-8ab6-e6a737cb909e">
      <Execution id="56ddb0b0-6ce8-406f-9d58-f21b04fb9691" />
      <TestMethod codeBase="D:\SFERRARI\01 - TRABAJO\repos\netcore\libs\template-netcore-entities\Kitpymes.Core.Entities.Tests\bin\Release\net5.0\Kitpymes.Core.Entities.Tests.dll" adapterTypeName="executor://mstestadapter/v2" className="Kitpymes.Core.Entities.ValueObjects.Tests.SubdomainTests" name="OperatorEqual_Passing_Valid_Values_Returns_True" />
    </UnitTest>
    <UnitTest name="ToString_Passing_Valid_Values_Returns_Currency_String_Symbol (USD)" storage="d:\sferrari\01 - trabajo\repos\netcore\libs\template-netcore-entities\kitpymes.core.entities.tests\bin\release\net5.0\kitpymes.core.entities.tests.dll" id="58248ab3-1794-426b-bda6-ab1ce0c9eb70">
      <Execution id="ceb7c3b3-4d64-4db4-b865-4472dc4f8113" />
      <TestMethod codeBase="D:\SFERRARI\01 - TRABAJO\repos\netcore\libs\template-netcore-entities\Kitpymes.Core.Entities.Tests\bin\Release\net5.0\Kitpymes.Core.Entities.Tests.dll" adapterTypeName="executor://mstestadapter/v2" className="Kitpymes.Core.Entities.ValueObjects.Tests.CurrencyTests" name="ToString_Passing_Valid_Values_Returns_Currency_String_Symbol" />
    </UnitTest>
    <UnitTest name="ToEnum_Passing_Invalid_String_Name_Enumeracion_Returns_Null" storage="d:\sferrari\01 - trabajo\repos\netcore\libs\template-netcore-entities\kitpymes.core.entities.tests\bin\release\net5.0\kitpymes.core.entities.tests.dll" id="9a292f3a-5800-47b9-bf5d-28e01e2aee31">
      <Execution id="67610d3e-8e01-4931-8ae7-db21bd278a29" />
      <TestMethod codeBase="D:\SFERRARI\01 - TRABAJO\repos\netcore\libs\template-netcore-entities\Kitpymes.Core.Entities.Tests\bin\Release\net5.0\Kitpymes.Core.Entities.Tests.dll" adapterTypeName="executor://mstestadapter/v2" className="Kitpymes.Core.Entities.Enumerations.Tests.CardTypeEnumTests" name="ToEnum_Passing_Invalid_String_Name_Enumeracion_Returns_Null" />
    </UnitTest>
    <UnitTest name="OperatorEqual_Passing_Valid_Distinct_Values_Returns_False (Sabadell,Barcelona,España)" storage="d:\sferrari\01 - trabajo\repos\netcore\libs\template-netcore-entities\kitpymes.core.entities.tests\bin\release\net5.0\kitpymes.core.entities.tests.dll" id="45dafe9c-8ac6-4914-ab66-2197ff42d273">
      <Execution id="f9f74d2e-359d-46c1-a716-6d724bbb82db" />
      <TestMethod codeBase="D:\SFERRARI\01 - TRABAJO\repos\netcore\libs\template-netcore-entities\Kitpymes.Core.Entities.Tests\bin\Release\net5.0\Kitpymes.Core.Entities.Tests.dll" adapterTypeName="executor://mstestadapter/v2" className="Kitpymes.Core.Entities.ValueObjects.Tests.FullNameTests" name="OperatorEqual_Passing_Valid_Distinct_Values_Returns_False" />
    </UnitTest>
    <UnitTest name="ToNormalize_Passing_Valid_Values_Returns_Name_String_Format (Españá,Espana)" storage="d:\sferrari\01 - trabajo\repos\netcore\libs\template-netcore-entities\kitpymes.core.entities.tests\bin\release\net5.0\kitpymes.core.entities.tests.dll" id="25014d8d-7397-453f-8bfd-9ca12ab2d9ac">
      <Execution id="690107a7-abee-4c39-97ff-6fbf8fd21c6a" />
      <TestMethod codeBase="D:\SFERRARI\01 - TRABAJO\repos\netcore\libs\template-netcore-entities\Kitpymes.Core.Entities.Tests\bin\Release\net5.0\Kitpymes.Core.Entities.Tests.dll" adapterTypeName="executor://mstestadapter/v2" className="Kitpymes.Core.Entities.ValueObjects.Tests.NameTests" name="ToNormalize_Passing_Valid_Values_Returns_Name_String_Format" />
    </UnitTest>
    <UnitTest name="Create_Passing_InvalidOrNull_Value_Returns_ApplicationException ()" storage="d:\sferrari\01 - trabajo\repos\netcore\libs\template-netcore-entities\kitpymes.core.entities.tests\bin\release\net5.0\kitpymes.core.entities.tests.dll" id="6fc08569-fe3f-4f1a-b2c9-45727a39c69a">
      <Execution id="3fa142bf-beb5-490c-a068-09cc6c00f016" />
      <TestMethod codeBase="D:\SFERRARI\01 - TRABAJO\repos\netcore\libs\template-netcore-entities\Kitpymes.Core.Entities.Tests\bin\Release\net5.0\Kitpymes.Core.Entities.Tests.dll" adapterTypeName="executor://mstestadapter/v2" className="Kitpymes.Core.Entities.ValueObjects.Tests.NameTests" name="Create_Passing_InvalidOrNull_Value_Returns_ApplicationException" />
    </UnitTest>
    <UnitTest name="Create_Passing_InvalidOrNull_Value_Returns_ApplicationException (Sabadell,,España)" storage="d:\sferrari\01 - trabajo\repos\netcore\libs\template-netcore-entities\kitpymes.core.entities.tests\bin\release\net5.0\kitpymes.core.entities.tests.dll" id="16f6b512-1c09-4c7d-8f54-0c89cab6a58c">
      <Execution id="49534e01-d3fe-4045-bdca-f4f4a369b4aa" />
      <TestMethod codeBase="D:\SFERRARI\01 - TRABAJO\repos\netcore\libs\template-netcore-entities\Kitpymes.Core.Entities.Tests\bin\Release\net5.0\Kitpymes.Core.Entities.Tests.dll" adapterTypeName="executor://mstestadapter/v2" className="Kitpymes.Core.Entities.ValueObjects.Tests.FullNameTests" name="Create_Passing_InvalidOrNull_Value_Returns_ApplicationException" />
    </UnitTest>
    <UnitTest name="Equals_Passing_Valid_Distinct_Values_Returns_False (San Bartoleme De Tirajana)" storage="d:\sferrari\01 - trabajo\repos\netcore\libs\template-netcore-entities\kitpymes.core.entities.tests\bin\release\net5.0\kitpymes.core.entities.tests.dll" id="d21ae0e9-09e1-49e7-8721-b302f63e6ba4">
      <Execution id="805b6f36-94df-468b-9266-1ff8f2c21473" />
      <TestMethod codeBase="D:\SFERRARI\01 - TRABAJO\repos\netcore\libs\template-netcore-entities\Kitpymes.Core.Entities.Tests\bin\Release\net5.0\Kitpymes.Core.Entities.Tests.dll" adapterTypeName="executor://mstestadapter/v2" className="Kitpymes.Core.Entities.ValueObjects.Tests.StringIdTests" name="Equals_Passing_Valid_Distinct_Values_Returns_False" />
    </UnitTest>
    <UnitTest name="Equals_Passing_Valid_Distinct_Values_Returns_False (España)" storage="d:\sferrari\01 - trabajo\repos\netcore\libs\template-netcore-entities\kitpymes.core.entities.tests\bin\release\net5.0\kitpymes.core.entities.tests.dll" id="947834ab-4ff9-425e-a1e0-751878432ff7">
      <Execution id="3ff66f69-55cb-4dbe-ad74-ef797499523f" />
      <TestMethod codeBase="D:\SFERRARI\01 - TRABAJO\repos\netcore\libs\template-netcore-entities\Kitpymes.Core.Entities.Tests\bin\Release\net5.0\Kitpymes.Core.Entities.Tests.dll" adapterTypeName="executor://mstestadapter/v2" className="Kitpymes.Core.Entities.ValueObjects.Tests.NameTests" name="Equals_Passing_Valid_Distinct_Values_Returns_False" />
    </UnitTest>
    <UnitTest name="Equals_Passing_Valid_Values_Returns_True (100,EUR,2)" storage="d:\sferrari\01 - trabajo\repos\netcore\libs\template-netcore-entities\kitpymes.core.entities.tests\bin\release\net5.0\kitpymes.core.entities.tests.dll" id="6d735cdf-d550-4391-bb60-9690c5273269">
      <Execution id="2d4f59a7-663d-4fa7-9702-cc9282867dbe" />
      <TestMethod codeBase="D:\SFERRARI\01 - TRABAJO\repos\netcore\libs\template-netcore-entities\Kitpymes.Core.Entities.Tests\bin\Release\net5.0\Kitpymes.Core.Entities.Tests.dll" adapterTypeName="executor://mstestadapter/v2" className="Kitpymes.Core.Entities.ValueObjects.Tests.MoneyTests" name="Equals_Passing_Valid_Values_Returns_True" />
    </UnitTest>
    <UnitTest name="Create_Passing_Valid_Values_Returns_Address (400,USD,8)" storage="d:\sferrari\01 - trabajo\repos\netcore\libs\template-netcore-entities\kitpymes.core.entities.tests\bin\release\net5.0\kitpymes.core.entities.tests.dll" id="ff74d48b-45ed-4f99-9dda-2f0aef19fcce">
      <Execution id="78e92b48-244f-4155-889e-c7cf70297340" />
      <TestMethod codeBase="D:\SFERRARI\01 - TRABAJO\repos\netcore\libs\template-netcore-entities\Kitpymes.Core.Entities.Tests\bin\Release\net5.0\Kitpymes.Core.Entities.Tests.dll" adapterTypeName="executor://mstestadapter/v2" className="Kitpymes.Core.Entities.ValueObjects.Tests.MoneyTests" name="Create_Passing_Valid_Values_Returns_Address" />
    </UnitTest>
    <UnitTest name="OperatorNotEqual_Passing_Valid_Values_Returns_False (Pader,789,DF7956,Sabadell,Barcelona,España)" storage="d:\sferrari\01 - trabajo\repos\netcore\libs\template-netcore-entities\kitpymes.core.entities.tests\bin\release\net5.0\kitpymes.core.entities.tests.dll" id="11e49d10-299f-46a9-ac8e-359f25394620">
      <Execution id="22162abb-43fd-48d1-ae8d-bdab6dfaa7ad" />
      <TestMethod codeBase="D:\SFERRARI\01 - TRABAJO\repos\netcore\libs\template-netcore-entities\Kitpymes.Core.Entities.Tests\bin\Release\net5.0\Kitpymes.Core.Entities.Tests.dll" adapterTypeName="executor://mstestadapter/v2" className="Kitpymes.Core.Entities.ValueObjects.Tests.AddressTests" name="OperatorNotEqual_Passing_Valid_Values_Returns_False" />
    </UnitTest>
    <UnitTest name="OperatorEqual_Passing_Valid_Values_Returns_True (100,EUR,2)" storage="d:\sferrari\01 - trabajo\repos\netcore\libs\template-netcore-entities\kitpymes.core.entities.tests\bin\release\net5.0\kitpymes.core.entities.tests.dll" id="dcbe719f-e52d-4403-b161-cc1a8be68948">
      <Execution id="3613216b-5f5e-4821-92f2-194b5f48b775" />
      <TestMethod codeBase="D:\SFERRARI\01 - TRABAJO\repos\netcore\libs\template-netcore-entities\Kitpymes.Core.Entities.Tests\bin\Release\net5.0\Kitpymes.Core.Entities.Tests.dll" adapterTypeName="executor://mstestadapter/v2" className="Kitpymes.Core.Entities.ValueObjects.Tests.MoneyTests" name="OperatorEqual_Passing_Valid_Values_Returns_True" />
    </UnitTest>
    <UnitTest name="OperatorNotEqual_Passing_Valid_Values_Returns_True (456,43543543543)" storage="d:\sferrari\01 - trabajo\repos\netcore\libs\template-netcore-entities\kitpymes.core.entities.tests\bin\release\net5.0\kitpymes.core.entities.tests.dll" id="a485aa3c-d639-4313-b009-9cd766956bcd">
      <Execution id="3c1c7a21-f441-4148-ac2b-25026f5a5b41" />
      <TestMethod codeBase="D:\SFERRARI\01 - TRABAJO\repos\netcore\libs\template-netcore-entities\Kitpymes.Core.Entities.Tests\bin\Release\net5.0\Kitpymes.Core.Entities.Tests.dll" adapterTypeName="executor://mstestadapter/v2" className="Kitpymes.Core.Entities.ValueObjects.Tests.TelephoneTests" name="OperatorNotEqual_Passing_Valid_Values_Returns_True" />
    </UnitTest>
    <UnitTest name="OperatorNotEqual_Passing_Valid_Values_Returns_True (Sabadell)" storage="d:\sferrari\01 - trabajo\repos\netcore\libs\template-netcore-entities\kitpymes.core.entities.tests\bin\release\net5.0\kitpymes.core.entities.tests.dll" id="2963f3ca-c5c6-43a2-94f4-a8e355ace8b8">
      <Execution id="6310021d-ffa1-4b38-b366-3cb4a602be6a" />
      <TestMethod codeBase="D:\SFERRARI\01 - TRABAJO\repos\netcore\libs\template-netcore-entities\Kitpymes.Core.Entities.Tests\bin\Release\net5.0\Kitpymes.Core.Entities.Tests.dll" adapterTypeName="executor://mstestadapter/v2" className="Kitpymes.Core.Entities.ValueObjects.Tests.StringIdTests" name="OperatorNotEqual_Passing_Valid_Values_Returns_True" />
    </UnitTest>
    <UnitTest name="OperatorNotEqual_Passing_Valid_Values_Returns_True (Españã)" storage="d:\sferrari\01 - trabajo\repos\netcore\libs\template-netcore-entities\kitpymes.core.entities.tests\bin\release\net5.0\kitpymes.core.entities.tests.dll" id="2793535f-e826-4e25-98c5-45ec53f4234b">
      <Execution id="16417ff3-5c0b-43a2-a63c-71b2e0f88328" />
      <TestMethod codeBase="D:\SFERRARI\01 - TRABAJO\repos\netcore\libs\template-netcore-entities\Kitpymes.Core.Entities.Tests\bin\Release\net5.0\Kitpymes.Core.Entities.Tests.dll" adapterTypeName="executor://mstestadapter/v2" className="Kitpymes.Core.Entities.ValueObjects.Tests.NameTests" name="OperatorNotEqual_Passing_Valid_Values_Returns_True" />
    </UnitTest>
    <UnitTest name="Equals_Passing_Valid_Values_Returns_True (Españħ)" storage="d:\sferrari\01 - trabajo\repos\netcore\libs\template-netcore-entities\kitpymes.core.entities.tests\bin\release\net5.0\kitpymes.core.entities.tests.dll" id="fdb540f9-4d30-4639-913f-f19216a9cee1">
      <Execution id="50516c93-d0aa-4d7d-aa3c-256bb69db6dd" />
      <TestMethod codeBase="D:\SFERRARI\01 - TRABAJO\repos\netcore\libs\template-netcore-entities\Kitpymes.Core.Entities.Tests\bin\Release\net5.0\Kitpymes.Core.Entities.Tests.dll" adapterTypeName="executor://mstestadapter/v2" className="Kitpymes.Core.Entities.ValueObjects.Tests.NameTests" name="Equals_Passing_Valid_Values_Returns_True" />
    </UnitTest>
    <UnitTest name="ToEnum_Passing_Valid_IntName_Enumeracion_Returns_Enumeracion" storage="d:\sferrari\01 - trabajo\repos\netcore\libs\template-netcore-entities\kitpymes.core.entities.tests\bin\release\net5.0\kitpymes.core.entities.tests.dll" id="43da3c78-f29f-4145-af21-82ea76535e80">
      <Execution id="f48f60e4-ac5f-41c7-8b4b-46b8b7ebd513" />
      <TestMethod codeBase="D:\SFERRARI\01 - TRABAJO\repos\netcore\libs\template-netcore-entities\Kitpymes.Core.Entities.Tests\bin\Release\net5.0\Kitpymes.Core.Entities.Tests.dll" adapterTypeName="executor://mstestadapter/v2" className="Kitpymes.Core.Entities.Enumerations.Tests.GenderTypeEnumTests" name="ToEnum_Passing_Valid_IntName_Enumeracion_Returns_Enumeracion" />
    </UnitTest>
    <UnitTest name="OperatorEqual_Passing_Valid_Values_Returns_True (Españá)" storage="d:\sferrari\01 - trabajo\repos\netcore\libs\template-netcore-entities\kitpymes.core.entities.tests\bin\release\net5.0\kitpymes.core.entities.tests.dll" id="4892394c-d8e8-46a7-a9eb-abe594ee67c6">
      <Execution id="7fce5c8a-24b2-4343-ae8a-1f6d6ab68e31" />
      <TestMethod codeBase="D:\SFERRARI\01 - TRABAJO\repos\netcore\libs\template-netcore-entities\Kitpymes.Core.Entities.Tests\bin\Release\net5.0\Kitpymes.Core.Entities.Tests.dll" adapterTypeName="executor://mstestadapter/v2" className="Kitpymes.Core.Entities.ValueObjects.Tests.NameTests" name="OperatorEqual_Passing_Valid_Values_Returns_True" />
    </UnitTest>
    <UnitTest name="Change_Passing_Valid_Values_Returns_Telephone" storage="d:\sferrari\01 - trabajo\repos\netcore\libs\template-netcore-entities\kitpymes.core.entities.tests\bin\release\net5.0\kitpymes.core.entities.tests.dll" id="1a70d60c-882b-4b3f-97ac-9eba9fe2c03f">
      <Execution id="0ff018aa-f593-4402-9444-c4a60cf33f83" />
      <TestMethod codeBase="D:\SFERRARI\01 - TRABAJO\repos\netcore\libs\template-netcore-entities\Kitpymes.Core.Entities.Tests\bin\Release\net5.0\Kitpymes.Core.Entities.Tests.dll" adapterTypeName="executor://mstestadapter/v2" className="Kitpymes.Core.Entities.ValueObjects.Tests.TelephoneTests" name="Change_Passing_Valid_Values_Returns_Telephone" />
    </UnitTest>
    <UnitTest name="OperatorEqual_Passing_Valid_Values_Returns_True (Pader,789,DF7956,Sabadell,Barcelona,España)" storage="d:\sferrari\01 - trabajo\repos\netcore\libs\template-netcore-entities\kitpymes.core.entities.tests\bin\release\net5.0\kitpymes.core.entities.tests.dll" id="737ad530-bf68-4c11-a1e0-60be09726760">
      <Execution id="216e07f6-a010-4927-8a00-89ef52cf56c2" />
      <TestMethod codeBase="D:\SFERRARI\01 - TRABAJO\repos\netcore\libs\template-netcore-entities\Kitpymes.Core.Entities.Tests\bin\Release\net5.0\Kitpymes.Core.Entities.Tests.dll" adapterTypeName="executor://mstestadapter/v2" className="Kitpymes.Core.Entities.ValueObjects.Tests.AddressTests" name="OperatorEqual_Passing_Valid_Values_Returns_True" />
    </UnitTest>
    <UnitTest name="OperatorNotEqual_Passing_Valid_Values_Returns_False (San Bartoleme De Tirajana)" storage="d:\sferrari\01 - trabajo\repos\netcore\libs\template-netcore-entities\kitpymes.core.entities.tests\bin\release\net5.0\kitpymes.core.entities.tests.dll" id="3baba8a8-4484-4eac-9c47-db594dd5a7a4">
      <Execution id="fc8a366d-6433-468f-8415-80a8e215436e" />
      <TestMethod codeBase="D:\SFERRARI\01 - TRABAJO\repos\netcore\libs\template-netcore-entities\Kitpymes.Core.Entities.Tests\bin\Release\net5.0\Kitpymes.Core.Entities.Tests.dll" adapterTypeName="executor://mstestadapter/v2" className="Kitpymes.Core.Entities.ValueObjects.Tests.StringIdTests" name="OperatorNotEqual_Passing_Valid_Values_Returns_False" />
    </UnitTest>
    <UnitTest name="Equals_Passing_Valid_Values_Returns_True (Españç)" storage="d:\sferrari\01 - trabajo\repos\netcore\libs\template-netcore-entities\kitpymes.core.entities.tests\bin\release\net5.0\kitpymes.core.entities.tests.dll" id="e3c8086c-42fe-4547-a761-3003baa8cf4d">
      <Execution id="ddc2a998-189a-4d4e-9c0b-9afbe71d136d" />
      <TestMethod codeBase="D:\SFERRARI\01 - TRABAJO\repos\netcore\libs\template-netcore-entities\Kitpymes.Core.Entities.Tests\bin\Release\net5.0\Kitpymes.Core.Entities.Tests.dll" adapterTypeName="executor://mstestadapter/v2" className="Kitpymes.Core.Entities.ValueObjects.Tests.NameTests" name="Equals_Passing_Valid_Values_Returns_True" />
    </UnitTest>
    <UnitTest name="IsNull_Passing_Null_Value_Returns_True" storage="d:\sferrari\01 - trabajo\repos\netcore\libs\template-netcore-entities\kitpymes.core.entities.tests\bin\release\net5.0\kitpymes.core.entities.tests.dll" id="c31e1b3a-2f25-4d34-a722-9651ba33731a">
      <Execution id="5400d63e-d1e5-488c-9753-2fa5af21f8a9" />
      <TestMethod codeBase="D:\SFERRARI\01 - TRABAJO\repos\netcore\libs\template-netcore-entities\Kitpymes.Core.Entities.Tests\bin\Release\net5.0\Kitpymes.Core.Entities.Tests.dll" adapterTypeName="executor://mstestadapter/v2" className="Kitpymes.Core.Entities.ValueObjects.Tests.SubdomainTests" name="IsNull_Passing_Null_Value_Returns_True" />
    </UnitTest>
    <UnitTest name="OperatorEqual_Passing_Valid_Distinct_Values_Returns_False (Españã)" storage="d:\sferrari\01 - trabajo\repos\netcore\libs\template-netcore-entities\kitpymes.core.entities.tests\bin\release\net5.0\kitpymes.core.entities.tests.dll" id="0228b897-3998-405e-a9e0-000424c636f4">
      <Execution id="ddc5c64b-3190-4f30-bce8-c3f47c3da99d" />
      <TestMethod codeBase="D:\SFERRARI\01 - TRABAJO\repos\netcore\libs\template-netcore-entities\Kitpymes.Core.Entities.Tests\bin\Release\net5.0\Kitpymes.Core.Entities.Tests.dll" adapterTypeName="executor://mstestadapter/v2" className="Kitpymes.Core.Entities.ValueObjects.Tests.NameTests" name="OperatorEqual_Passing_Valid_Distinct_Values_Returns_False" />
    </UnitTest>
    <UnitTest name="Equals_Passing_Valid_Distinct_Values_Returns_False (EUR)" storage="d:\sferrari\01 - trabajo\repos\netcore\libs\template-netcore-entities\kitpymes.core.entities.tests\bin\release\net5.0\kitpymes.core.entities.tests.dll" id="0eeaefa1-cac8-428d-85f4-4e3dad3398eb">
      <Execution id="0dad991a-e474-4819-a53e-6c7216cece83" />
      <TestMethod codeBase="D:\SFERRARI\01 - TRABAJO\repos\netcore\libs\template-netcore-entities\Kitpymes.Core.Entities.Tests\bin\Release\net5.0\Kitpymes.Core.Entities.Tests.dll" adapterTypeName="executor://mstestadapter/v2" className="Kitpymes.Core.Entities.ValueObjects.Tests.CurrencyTests" name="Equals_Passing_Valid_Distinct_Values_Returns_False" />
    </UnitTest>
    <UnitTest name="ToNormalize_Passing_Valid_Values_Returns_Address_String_Format (ádsads@ggg.cc)" storage="d:\sferrari\01 - trabajo\repos\netcore\libs\template-netcore-entities\kitpymes.core.entities.tests\bin\release\net5.0\kitpymes.core.entities.tests.dll" id="eb5ef4de-3668-42c2-af61-18f6001c0b97">
      <Execution id="4e6f3f3c-0cd2-4d76-9691-e8ad64c45cb8" />
      <TestMethod codeBase="D:\SFERRARI\01 - TRABAJO\repos\netcore\libs\template-netcore-entities\Kitpymes.Core.Entities.Tests\bin\Release\net5.0\Kitpymes.Core.Entities.Tests.dll" adapterTypeName="executor://mstestadapter/v2" className="Kitpymes.Core.Entities.ValueObjects.Tests.EmailTests" name="ToNormalize_Passing_Valid_Values_Returns_Address_String_Format" />
    </UnitTest>
    <UnitTest name="Create_Passing_InvalidOrNull_Value_Returns_ApplicationException (34?fsds@sdd.yy)" storage="d:\sferrari\01 - trabajo\repos\netcore\libs\template-netcore-entities\kitpymes.core.entities.tests\bin\release\net5.0\kitpymes.core.entities.tests.dll" id="203eee75-6d9d-4d0e-97fe-c3adcbf62563">
      <Execution id="a0170eb3-15b6-4410-8696-5d20c0ef659e" />
      <TestMethod codeBase="D:\SFERRARI\01 - TRABAJO\repos\netcore\libs\template-netcore-entities\Kitpymes.Core.Entities.Tests\bin\Release\net5.0\Kitpymes.Core.Entities.Tests.dll" adapterTypeName="executor://mstestadapter/v2" className="Kitpymes.Core.Entities.ValueObjects.Tests.EmailTests" name="Create_Passing_InvalidOrNull_Value_Returns_ApplicationException" />
    </UnitTest>
    <UnitTest name="ToEnum_Passing_Valid_String_Name_Returns_Enumeracion" storage="d:\sferrari\01 - trabajo\repos\netcore\libs\template-netcore-entities\kitpymes.core.entities.tests\bin\release\net5.0\kitpymes.core.entities.tests.dll" id="c913c556-4da6-4d2c-abc6-561f82196a46">
      <Execution id="8c59fda6-9a4c-4f17-8804-46c0723bef83" />
      <TestMethod codeBase="D:\SFERRARI\01 - TRABAJO\repos\netcore\libs\template-netcore-entities\Kitpymes.Core.Entities.Tests\bin\Release\net5.0\Kitpymes.Core.Entities.Tests.dll" adapterTypeName="executor://mstestadapter/v2" className="Kitpymes.Core.Entities.Enumerations.Tests.SubscriptionEnumTests" name="ToEnum_Passing_Valid_String_Name_Returns_Enumeracion" />
    </UnitTest>
    <UnitTest name="Equals_Passing_Valid_Values_Returns_True (dasdasd@dsasd.ff)" storage="d:\sferrari\01 - trabajo\repos\netcore\libs\template-netcore-entities\kitpymes.core.entities.tests\bin\release\net5.0\kitpymes.core.entities.tests.dll" id="4042d3d4-cb6b-4227-944e-477e8e753558">
      <Execution id="676867e6-a23d-4035-90fb-e4a7e2b004d0" />
      <TestMethod codeBase="D:\SFERRARI\01 - TRABAJO\repos\netcore\libs\template-netcore-entities\Kitpymes.Core.Entities.Tests\bin\Release\net5.0\Kitpymes.Core.Entities.Tests.dll" adapterTypeName="executor://mstestadapter/v2" className="Kitpymes.Core.Entities.ValueObjects.Tests.EmailTests" name="Equals_Passing_Valid_Values_Returns_True" />
    </UnitTest>
    <UnitTest name="Create_Passing_InvalidOrNull_Value_Returns_ApplicationException ()" storage="d:\sferrari\01 - trabajo\repos\netcore\libs\template-netcore-entities\kitpymes.core.entities.tests\bin\release\net5.0\kitpymes.core.entities.tests.dll" id="17372dd2-1a34-4278-84d4-2dbff09f47de">
      <Execution id="4d9e28f0-374d-468c-84ca-9fc85244fdc9" />
      <TestMethod codeBase="D:\SFERRARI\01 - TRABAJO\repos\netcore\libs\template-netcore-entities\Kitpymes.Core.Entities.Tests\bin\Release\net5.0\Kitpymes.Core.Entities.Tests.dll" adapterTypeName="executor://mstestadapter/v2" className="Kitpymes.Core.Entities.ValueObjects.Tests.SubdomainTests" name="Create_Passing_InvalidOrNull_Value_Returns_ApplicationException" />
    </UnitTest>
    <UnitTest name="Equals_Passing_Valid_Distinct_Values_Returns_False (stage_hackerone.com)" storage="d:\sferrari\01 - trabajo\repos\netcore\libs\template-netcore-entities\kitpymes.core.entities.tests\bin\release\net5.0\kitpymes.core.entities.tests.dll" id="b804b2e7-08d7-44e3-89b0-fa0602142c95">
      <Execution id="cba2a794-ecc2-4291-8ed4-06185be0557a" />
      <TestMethod codeBase="D:\SFERRARI\01 - TRABAJO\repos\netcore\libs\template-netcore-entities\Kitpymes.Core.Entities.Tests\bin\Release\net5.0\Kitpymes.Core.Entities.Tests.dll" adapterTypeName="executor://mstestadapter/v2" className="Kitpymes.Core.Entities.ValueObjects.Tests.SubdomainTests" name="Equals_Passing_Valid_Distinct_Values_Returns_False" />
    </UnitTest>
    <UnitTest name="ToString_Passing_Valid_Values_Returns_Name (Españç)" storage="d:\sferrari\01 - trabajo\repos\netcore\libs\template-netcore-entities\kitpymes.core.entities.tests\bin\release\net5.0\kitpymes.core.entities.tests.dll" id="ef8acdcc-1936-42c0-9dbc-1cfc1875ca33">
      <Execution id="2d975690-8b2a-4f43-bc96-a6cee2b94b38" />
      <TestMethod codeBase="D:\SFERRARI\01 - TRABAJO\repos\netcore\libs\template-netcore-entities\Kitpymes.Core.Entities.Tests\bin\Release\net5.0\Kitpymes.Core.Entities.Tests.dll" adapterTypeName="executor://mstestadapter/v2" className="Kitpymes.Core.Entities.ValueObjects.Tests.NameTests" name="ToString_Passing_Valid_Values_Returns_Name" />
    </UnitTest>
    <UnitTest name="IsNull_Passing_Valid_Value_Returns_False (app.hackerone1.com)" storage="d:\sferrari\01 - trabajo\repos\netcore\libs\template-netcore-entities\kitpymes.core.entities.tests\bin\release\net5.0\kitpymes.core.entities.tests.dll" id="1a2c81d5-0717-40ea-92ec-217856625b2f">
      <Execution id="1c07389a-35d8-46c3-be68-527b4351a25c" />
      <TestMethod codeBase="D:\SFERRARI\01 - TRABAJO\repos\netcore\libs\template-netcore-entities\Kitpymes.Core.Entities.Tests\bin\Release\net5.0\Kitpymes.Core.Entities.Tests.dll" adapterTypeName="executor://mstestadapter/v2" className="Kitpymes.Core.Entities.ValueObjects.Tests.SubdomainTests" name="IsNull_Passing_Valid_Value_Returns_False" />
    </UnitTest>
    <UnitTest name="Create_Passing_Valid_Value_Returns_Email (ñandu@gmail.com)" storage="d:\sferrari\01 - trabajo\repos\netcore\libs\template-netcore-entities\kitpymes.core.entities.tests\bin\release\net5.0\kitpymes.core.entities.tests.dll" id="8b47e9f3-0f79-4105-82d4-274229af2a49">
      <Execution id="885ab2fa-624a-4324-9721-fda2901ad212" />
      <TestMethod codeBase="D:\SFERRARI\01 - TRABAJO\repos\netcore\libs\template-netcore-entities\Kitpymes.Core.Entities.Tests\bin\Release\net5.0\Kitpymes.Core.Entities.Tests.dll" adapterTypeName="executor://mstestadapter/v2" className="Kitpymes.Core.Entities.ValueObjects.Tests.EmailTests" name="Create_Passing_Valid_Value_Returns_Email" />
    </UnitTest>
    <UnitTest name="OperatorNotEqual_Passing_Valid_Values_Returns_True (app.hackerone1.com)" storage="d:\sferrari\01 - trabajo\repos\netcore\libs\template-netcore-entities\kitpymes.core.entities.tests\bin\release\net5.0\kitpymes.core.entities.tests.dll" id="d98d8b5f-06ab-4a40-9410-fe28d7f5a8ee">
      <Execution id="f5f12612-9665-48b2-9cf4-2d4dde18c670" />
      <TestMethod codeBase="D:\SFERRARI\01 - TRABAJO\repos\netcore\libs\template-netcore-entities\Kitpymes.Core.Entities.Tests\bin\Release\net5.0\Kitpymes.Core.Entities.Tests.dll" adapterTypeName="executor://mstestadapter/v2" className="Kitpymes.Core.Entities.ValueObjects.Tests.SubdomainTests" name="OperatorNotEqual_Passing_Valid_Values_Returns_True" />
    </UnitTest>
    <UnitTest name="GetAll_Passing_Nothing_Returns_Enumeracion_List" storage="d:\sferrari\01 - trabajo\repos\netcore\libs\template-netcore-entities\kitpymes.core.entities.tests\bin\release\net5.0\kitpymes.core.entities.tests.dll" id="cf701283-5b01-476c-a79d-d05c40886e30">
      <Execution id="389a715f-a811-43aa-bc52-9fdc920aacd9" />
      <TestMethod codeBase="D:\SFERRARI\01 - TRABAJO\repos\netcore\libs\template-netcore-entities\Kitpymes.Core.Entities.Tests\bin\Release\net5.0\Kitpymes.Core.Entities.Tests.dll" adapterTypeName="executor://mstestadapter/v2" className="Kitpymes.Core.Entities.Enumerations.Tests.SubscriptionEnumTests" name="GetAll_Passing_Nothing_Returns_Enumeracion_List" />
    </UnitTest>
    <UnitTest name="ToString_Passing_Valid_Values_Returns_Name (Españá)" storage="d:\sferrari\01 - trabajo\repos\netcore\libs\template-netcore-entities\kitpymes.core.entities.tests\bin\release\net5.0\kitpymes.core.entities.tests.dll" id="dc289833-ed0d-49d6-8d1d-8eb9538dc119">
      <Execution id="c63b2e76-a82d-44be-8fed-4e9746a9c4ed" />
      <TestMethod codeBase="D:\SFERRARI\01 - TRABAJO\repos\netcore\libs\template-netcore-entities\Kitpymes.Core.Entities.Tests\bin\Release\net5.0\Kitpymes.Core.Entities.Tests.dll" adapterTypeName="executor://mstestadapter/v2" className="Kitpymes.Core.Entities.ValueObjects.Tests.NameTests" name="ToString_Passing_Valid_Values_Returns_Name" />
    </UnitTest>
    <UnitTest name="Equals_Passing_Valid_Distinct_Values_Returns_False (456,43543543543)" storage="d:\sferrari\01 - trabajo\repos\netcore\libs\template-netcore-entities\kitpymes.core.entities.tests\bin\release\net5.0\kitpymes.core.entities.tests.dll" id="c34e0765-e201-4ecb-9316-c7b5e103c037">
      <Execution id="2d8e0856-7562-4830-8df1-7e64ebc171e1" />
      <TestMethod codeBase="D:\SFERRARI\01 - TRABAJO\repos\netcore\libs\template-netcore-entities\Kitpymes.Core.Entities.Tests\bin\Release\net5.0\Kitpymes.Core.Entities.Tests.dll" adapterTypeName="executor://mstestadapter/v2" className="Kitpymes.Core.Entities.ValueObjects.Tests.TelephoneTests" name="Equals_Passing_Valid_Distinct_Values_Returns_False" />
    </UnitTest>
    <UnitTest name="IsNull_Passing_Valid_Value_Returns_False (dasdasd@dsasd.ff)" storage="d:\sferrari\01 - trabajo\repos\netcore\libs\template-netcore-entities\kitpymes.core.entities.tests\bin\release\net5.0\kitpymes.core.entities.tests.dll" id="dd0e25fb-69e4-42af-988b-72f6e985ef9b">
      <Execution id="4253faf9-5fb1-4a9e-a178-ac41eadb7f11" />
      <TestMethod codeBase="D:\SFERRARI\01 - TRABAJO\repos\netcore\libs\template-netcore-entities\Kitpymes.Core.Entities.Tests\bin\Release\net5.0\Kitpymes.Core.Entities.Tests.dll" adapterTypeName="executor://mstestadapter/v2" className="Kitpymes.Core.Entities.ValueObjects.Tests.EmailTests" name="IsNull_Passing_Valid_Value_Returns_False" />
    </UnitTest>
    <UnitTest name="Create_Passing_Valid_Values_Returns_StringId (Espania)" storage="d:\sferrari\01 - trabajo\repos\netcore\libs\template-netcore-entities\kitpymes.core.entities.tests\bin\release\net5.0\kitpymes.core.entities.tests.dll" id="d2eec98e-1ff1-49cf-8185-f61d5046777c">
      <Execution id="79f6d68c-e9f1-405b-b4c7-67ab3bdc43a7" />
      <TestMethod codeBase="D:\SFERRARI\01 - TRABAJO\repos\netcore\libs\template-netcore-entities\Kitpymes.Core.Entities.Tests\bin\Release\net5.0\Kitpymes.Core.Entities.Tests.dll" adapterTypeName="executor://mstestadapter/v2" className="Kitpymes.Core.Entities.ValueObjects.Tests.StringIdTests" name="Create_Passing_Valid_Values_Returns_StringId" />
    </UnitTest>
    <UnitTest name="OperatorNotEqual_Passing_Valid_Values_Returns_True (34fsds@sdd.fgg)" storage="d:\sferrari\01 - trabajo\repos\netcore\libs\template-netcore-entities\kitpymes.core.entities.tests\bin\release\net5.0\kitpymes.core.entities.tests.dll" id="4abcd1fa-5153-4450-be5f-3e0ce4016a58">
      <Execution id="2270b1c0-6577-4f1e-8234-2c3370369a5f" />
      <TestMethod codeBase="D:\SFERRARI\01 - TRABAJO\repos\netcore\libs\template-netcore-entities\Kitpymes.Core.Entities.Tests\bin\Release\net5.0\Kitpymes.Core.Entities.Tests.dll" adapterTypeName="executor://mstestadapter/v2" className="Kitpymes.Core.Entities.ValueObjects.Tests.EmailTests" name="OperatorNotEqual_Passing_Valid_Values_Returns_True" />
    </UnitTest>
    <UnitTest name="Create_Passing_Valid_Values_Returns_Name (Españä)" storage="d:\sferrari\01 - trabajo\repos\netcore\libs\template-netcore-entities\kitpymes.core.entities.tests\bin\release\net5.0\kitpymes.core.entities.tests.dll" id="ef892a1e-fd49-49a3-9fe3-4d3d5ad64732">
      <Execution id="d9fc21d9-68d9-4e66-8457-dc466546f854" />
      <TestMethod codeBase="D:\SFERRARI\01 - TRABAJO\repos\netcore\libs\template-netcore-entities\Kitpymes.Core.Entities.Tests\bin\Release\net5.0\Kitpymes.Core.Entities.Tests.dll" adapterTypeName="executor://mstestadapter/v2" className="Kitpymes.Core.Entities.ValueObjects.Tests.NameTests" name="Create_Passing_Valid_Values_Returns_Name" />
    </UnitTest>
    <UnitTest name="OperatorEqual_Passing_Valid_Distinct_Values_Returns_False (34fsds@sdd.fgg)" storage="d:\sferrari\01 - trabajo\repos\netcore\libs\template-netcore-entities\kitpymes.core.entities.tests\bin\release\net5.0\kitpymes.core.entities.tests.dll" id="9abd4708-272c-4ac9-a688-5503b8fa251b">
      <Execution id="2c09cb68-eb3a-4040-8fb7-6eb331038846" />
      <TestMethod codeBase="D:\SFERRARI\01 - TRABAJO\repos\netcore\libs\template-netcore-entities\Kitpymes.Core.Entities.Tests\bin\Release\net5.0\Kitpymes.Core.Entities.Tests.dll" adapterTypeName="executor://mstestadapter/v2" className="Kitpymes.Core.Entities.ValueObjects.Tests.EmailTests" name="OperatorEqual_Passing_Valid_Distinct_Values_Returns_False" />
    </UnitTest>
    <UnitTest name="Change_Passing_Valid_Values_Returns_Name" storage="d:\sferrari\01 - trabajo\repos\netcore\libs\template-netcore-entities\kitpymes.core.entities.tests\bin\release\net5.0\kitpymes.core.entities.tests.dll" id="6a81901f-3d66-4bfe-95a0-1caadcdb4c20">
      <Execution id="5dfb4aae-11ea-43ae-af44-5b58bc88e0c6" />
      <TestMethod codeBase="D:\SFERRARI\01 - TRABAJO\repos\netcore\libs\template-netcore-entities\Kitpymes.Core.Entities.Tests\bin\Release\net5.0\Kitpymes.Core.Entities.Tests.dll" adapterTypeName="executor://mstestadapter/v2" className="Kitpymes.Core.Entities.ValueObjects.Tests.NameTests" name="Change_Passing_Valid_Values_Returns_Name" />
    </UnitTest>
    <UnitTest name="IsNull_Passing_Valid_Value_Returns_False (Españà)" storage="d:\sferrari\01 - trabajo\repos\netcore\libs\template-netcore-entities\kitpymes.core.entities.tests\bin\release\net5.0\kitpymes.core.entities.tests.dll" id="b60c0782-777d-4b8d-b170-07111e48af95">
      <Execution id="fb67da5e-1438-4469-bc53-c03088f3a111" />
      <TestMethod codeBase="D:\SFERRARI\01 - TRABAJO\repos\netcore\libs\template-netcore-entities\Kitpymes.Core.Entities.Tests\bin\Release\net5.0\Kitpymes.Core.Entities.Tests.dll" adapterTypeName="executor://mstestadapter/v2" className="Kitpymes.Core.Entities.ValueObjects.Tests.NameTests" name="IsNull_Passing_Valid_Value_Returns_False" />
    </UnitTest>
    <UnitTest name="ToString_Passing_Valid_Values_Returns_Subdomain (www.hackerone-com)" storage="d:\sferrari\01 - trabajo\repos\netcore\libs\template-netcore-entities\kitpymes.core.entities.tests\bin\release\net5.0\kitpymes.core.entities.tests.dll" id="47c67787-4db3-41f9-a9cd-57780e294415">
      <Execution id="dc965be8-86a5-4b8a-94a9-ff12bdd3cf10" />
      <TestMethod codeBase="D:\SFERRARI\01 - TRABAJO\repos\netcore\libs\template-netcore-entities\Kitpymes.Core.Entities.Tests\bin\Release\net5.0\Kitpymes.Core.Entities.Tests.dll" adapterTypeName="executor://mstestadapter/v2" className="Kitpymes.Core.Entities.ValueObjects.Tests.SubdomainTests" name="ToString_Passing_Valid_Values_Returns_Subdomain" />
    </UnitTest>
    <UnitTest name="GetAll_Passing_Nothing_Returns_Enumeracion_List" storage="d:\sferrari\01 - trabajo\repos\netcore\libs\template-netcore-entities\kitpymes.core.entities.tests\bin\release\net5.0\kitpymes.core.entities.tests.dll" id="814b8208-ca9a-417c-bd6e-a83fbfee6f86">
      <Execution id="cb21e35f-64da-4418-9f70-d69b51308f7d" />
      <TestMethod codeBase="D:\SFERRARI\01 - TRABAJO\repos\netcore\libs\template-netcore-entities\Kitpymes.Core.Entities.Tests\bin\Release\net5.0\Kitpymes.Core.Entities.Tests.dll" adapterTypeName="executor://mstestadapter/v2" className="Kitpymes.Core.Entities.Enumerations.Tests.GenderTypeEnumTests" name="GetAll_Passing_Nothing_Returns_Enumeracion_List" />
    </UnitTest>
    <UnitTest name="IsNull_Passing_Null_Value_Returns_True" storage="d:\sferrari\01 - trabajo\repos\netcore\libs\template-netcore-entities\kitpymes.core.entities.tests\bin\release\net5.0\kitpymes.core.entities.tests.dll" id="7569eb1e-730f-45e5-a450-9efd5dc3c96e">
      <Execution id="fc4d5a41-b26a-4d18-8a27-0a7cb38f58f7" />
      <TestMethod codeBase="D:\SFERRARI\01 - TRABAJO\repos\netcore\libs\template-netcore-entities\Kitpymes.Core.Entities.Tests\bin\Release\net5.0\Kitpymes.Core.Entities.Tests.dll" adapterTypeName="executor://mstestadapter/v2" className="Kitpymes.Core.Entities.ValueObjects.Tests.TelephoneTests" name="IsNull_Passing_Null_Value_Returns_True" />
    </UnitTest>
    <UnitTest name="OperatorNotEqual_Passing_Valid_Values_Returns_False (Sabadell,Barcelona,España)" storage="d:\sferrari\01 - trabajo\repos\netcore\libs\template-netcore-entities\kitpymes.core.entities.tests\bin\release\net5.0\kitpymes.core.entities.tests.dll" id="5c7ff423-dbe3-4ecc-a887-58f1a3faf4ff">
      <Execution id="ba77e4cd-4176-4d36-a16f-42d97cbe85bb" />
      <TestMethod codeBase="D:\SFERRARI\01 - TRABAJO\repos\netcore\libs\template-netcore-entities\Kitpymes.Core.Entities.Tests\bin\Release\net5.0\Kitpymes.Core.Entities.Tests.dll" adapterTypeName="executor://mstestadapter/v2" className="Kitpymes.Core.Entities.ValueObjects.Tests.FullNameTests" name="OperatorNotEqual_Passing_Valid_Values_Returns_False" />
    </UnitTest>
    <UnitTest name="Equals_Passing_Valid_Values_Returns_False (Tenerife,23,34567,San Bartoleme De Tirajana,Las Palmas,España)" storage="d:\sferrari\01 - trabajo\repos\netcore\libs\template-netcore-entities\kitpymes.core.entities.tests\bin\release\net5.0\kitpymes.core.entities.tests.dll" id="316cfabd-0909-4a0f-948b-e4d5e50d9f40">
      <Execution id="862d227f-058b-40fe-ad99-a6bf00040282" />
      <TestMethod codeBase="D:\SFERRARI\01 - TRABAJO\repos\netcore\libs\template-netcore-entities\Kitpymes.Core.Entities.Tests\bin\Release\net5.0\Kitpymes.Core.Entities.Tests.dll" adapterTypeName="executor://mstestadapter/v2" className="Kitpymes.Core.Entities.ValueObjects.Tests.AddressTests" name="Equals_Passing_Valid_Values_Returns_False" />
    </UnitTest>
    <UnitTest name="GetAll_Passing_Nothing_Returns_Enumeracion_List" storage="d:\sferrari\01 - trabajo\repos\netcore\libs\template-netcore-entities\kitpymes.core.entities.tests\bin\release\net5.0\kitpymes.core.entities.tests.dll" id="0807d7a5-895d-4627-8c8e-c0385f6bcdaa">
      <Execution id="3bd779ea-bf46-4952-98fe-c61273a68516" />
      <TestMethod codeBase="D:\SFERRARI\01 - TRABAJO\repos\netcore\libs\template-netcore-entities\Kitpymes.Core.Entities.Tests\bin\Release\net5.0\Kitpymes.Core.Entities.Tests.dll" adapterTypeName="executor://mstestadapter/v2" className="Kitpymes.Core.Entities.Enumerations.Tests.LogTypeEnumTests" name="GetAll_Passing_Nothing_Returns_Enumeracion_List" />
    </UnitTest>
    <UnitTest name="OperatorEqual_Passing_Valid_Distinct_Values_Returns_False (456,43543543543)" storage="d:\sferrari\01 - trabajo\repos\netcore\libs\template-netcore-entities\kitpymes.core.entities.tests\bin\release\net5.0\kitpymes.core.entities.tests.dll" id="d69b54e0-2406-4ae3-91f8-2dabdcb45564">
      <Execution id="8ab7eba8-3e8b-42ae-8892-17d0f117d033" />
      <TestMethod codeBase="D:\SFERRARI\01 - TRABAJO\repos\netcore\libs\template-netcore-entities\Kitpymes.Core.Entities.Tests\bin\Release\net5.0\Kitpymes.Core.Entities.Tests.dll" adapterTypeName="executor://mstestadapter/v2" className="Kitpymes.Core.Entities.ValueObjects.Tests.TelephoneTests" name="OperatorEqual_Passing_Valid_Distinct_Values_Returns_False" />
    </UnitTest>
    <UnitTest name="Equals_Passing_Valid_Distinct_Values_Returns_False (Españâ)" storage="d:\sferrari\01 - trabajo\repos\netcore\libs\template-netcore-entities\kitpymes.core.entities.tests\bin\release\net5.0\kitpymes.core.entities.tests.dll" id="8291fa18-505f-477e-a4f6-f7d659eab12f">
      <Execution id="19bd3d83-9f19-462c-8622-93da3ce26cb4" />
      <TestMethod codeBase="D:\SFERRARI\01 - TRABAJO\repos\netcore\libs\template-netcore-entities\Kitpymes.Core.Entities.Tests\bin\Release\net5.0\Kitpymes.Core.Entities.Tests.dll" adapterTypeName="executor://mstestadapter/v2" className="Kitpymes.Core.Entities.ValueObjects.Tests.NameTests" name="Equals_Passing_Valid_Distinct_Values_Returns_False" />
    </UnitTest>
    <UnitTest name="OperatorNotEqual_Passing_Valid_Values_Returns_False (D45,86554654)" storage="d:\sferrari\01 - trabajo\repos\netcore\libs\template-netcore-entities\kitpymes.core.entities.tests\bin\release\net5.0\kitpymes.core.entities.tests.dll" id="efb242b9-e714-4985-8dbe-7b345e25eb29">
      <Execution id="3bbcda3d-bfec-4d4e-980f-0c82d5119ea6" />
      <TestMethod codeBase="D:\SFERRARI\01 - TRABAJO\repos\netcore\libs\template-netcore-entities\Kitpymes.Core.Entities.Tests\bin\Release\net5.0\Kitpymes.Core.Entities.Tests.dll" adapterTypeName="executor://mstestadapter/v2" className="Kitpymes.Core.Entities.ValueObjects.Tests.TelephoneTests" name="OperatorNotEqual_Passing_Valid_Values_Returns_False" />
    </UnitTest>
    <UnitTest name="IsFree_Passing_Nothing_Returns_True" storage="d:\sferrari\01 - trabajo\repos\netcore\libs\template-netcore-entities\kitpymes.core.entities.tests\bin\release\net5.0\kitpymes.core.entities.tests.dll" id="1c3e1992-fe36-4156-bca9-5e6cd4c7bda3">
      <Execution id="65791d2c-8a7a-4ade-91f7-58e970f24236" />
      <TestMethod codeBase="D:\SFERRARI\01 - TRABAJO\repos\netcore\libs\template-netcore-entities\Kitpymes.Core.Entities.Tests\bin\Release\net5.0\Kitpymes.Core.Entities.Tests.dll" adapterTypeName="executor://mstestadapter/v2" className="Kitpymes.Core.Entities.Enumerations.Tests.SubscriptionEnumTests" name="IsFree_Passing_Nothing_Returns_True" />
    </UnitTest>
    <UnitTest name="ToBool_Passing_Valid_Status_Inactive_Returns_False" storage="d:\sferrari\01 - trabajo\repos\netcore\libs\template-netcore-entities\kitpymes.core.entities.tests\bin\release\net5.0\kitpymes.core.entities.tests.dll" id="e67ebab6-e03c-41e3-a3c0-e0f399b2336b">
      <Execution id="10df27e3-fd99-4549-99aa-986483931a3f" />
      <TestMethod codeBase="D:\SFERRARI\01 - TRABAJO\repos\netcore\libs\template-netcore-entities\Kitpymes.Core.Entities.Tests\bin\Release\net5.0\Kitpymes.Core.Entities.Tests.dll" adapterTypeName="executor://mstestadapter/v2" className="Kitpymes.Core.Entities.Enumerations.Tests.StatusEnumTests" name="ToBool_Passing_Valid_Status_Inactive_Returns_False" />
    </UnitTest>
    <UnitTest name="OperatorNotEqual_Passing_Valid_Values_Returns_False (100,EUR,2)" storage="d:\sferrari\01 - trabajo\repos\netcore\libs\template-netcore-entities\kitpymes.core.entities.tests\bin\release\net5.0\kitpymes.core.entities.tests.dll" id="6876bacd-ba65-4bd9-b4c2-d2b1de9d9987">
      <Execution id="9ad81eaf-5283-4ded-adfa-16c8e0b546c1" />
      <TestMethod codeBase="D:\SFERRARI\01 - TRABAJO\repos\netcore\libs\template-netcore-entities\Kitpymes.Core.Entities.Tests\bin\Release\net5.0\Kitpymes.Core.Entities.Tests.dll" adapterTypeName="executor://mstestadapter/v2" className="Kitpymes.Core.Entities.ValueObjects.Tests.MoneyTests" name="OperatorNotEqual_Passing_Valid_Values_Returns_False" />
    </UnitTest>
    <UnitTest name="ToEnum_Passing_Valid_String_Name_Enumeracion_Returns_Enumeracion" storage="d:\sferrari\01 - trabajo\repos\netcore\libs\template-netcore-entities\kitpymes.core.entities.tests\bin\release\net5.0\kitpymes.core.entities.tests.dll" id="53f0d44f-beda-41f2-9fbe-b3cb80119631">
      <Execution id="ace01904-76e2-426f-a784-1ac1cda9026b" />
      <TestMethod codeBase="D:\SFERRARI\01 - TRABAJO\repos\netcore\libs\template-netcore-entities\Kitpymes.Core.Entities.Tests\bin\Release\net5.0\Kitpymes.Core.Entities.Tests.dll" adapterTypeName="executor://mstestadapter/v2" className="Kitpymes.Core.Entities.Enumerations.Tests.LogTypeEnumTests" name="ToEnum_Passing_Valid_String_Name_Enumeracion_Returns_Enumeracion" />
    </UnitTest>
    <UnitTest name="IsNull_Passing_Valid_Value_Returns_False (Esp añâ)" storage="d:\sferrari\01 - trabajo\repos\netcore\libs\template-netcore-entities\kitpymes.core.entities.tests\bin\release\net5.0\kitpymes.core.entities.tests.dll" id="05c706e9-476e-4c27-8781-cbc9baef4456">
      <Execution id="b381c372-d7aa-453c-8699-e4a7a1ac72e6" />
      <TestMethod codeBase="D:\SFERRARI\01 - TRABAJO\repos\netcore\libs\template-netcore-entities\Kitpymes.Core.Entities.Tests\bin\Release\net5.0\Kitpymes.Core.Entities.Tests.dll" adapterTypeName="executor://mstestadapter/v2" className="Kitpymes.Core.Entities.ValueObjects.Tests.NameTests" name="IsNull_Passing_Valid_Value_Returns_False" />
    </UnitTest>
    <UnitTest name="ToString_Passing_Valid_Values_Returns_Value_String_Format (456,43543543543)" storage="d:\sferrari\01 - trabajo\repos\netcore\libs\template-netcore-entities\kitpymes.core.entities.tests\bin\release\net5.0\kitpymes.core.entities.tests.dll" id="468fb937-c03d-46ea-bde4-b516bbd2cca0">
      <Execution id="a6c13443-b3ed-4a07-a63d-5949bc64940d" />
      <TestMethod codeBase="D:\SFERRARI\01 - TRABAJO\repos\netcore\libs\template-netcore-entities\Kitpymes.Core.Entities.Tests\bin\Release\net5.0\Kitpymes.Core.Entities.Tests.dll" adapterTypeName="executor://mstestadapter/v2" className="Kitpymes.Core.Entities.ValueObjects.Tests.TelephoneTests" name="ToString_Passing_Valid_Values_Returns_Value_String_Format" />
    </UnitTest>
    <UnitTest name="OperatorEqual_Passing_Valid_Values_Returns_True (Españħ)" storage="d:\sferrari\01 - trabajo\repos\netcore\libs\template-netcore-entities\kitpymes.core.entities.tests\bin\release\net5.0\kitpymes.core.entities.tests.dll" id="188e6bbe-6a52-497f-82a2-5d1444a729c6">
      <Execution id="55c42429-60ad-4c2d-8185-50091ed5a779" />
      <TestMethod codeBase="D:\SFERRARI\01 - TRABAJO\repos\netcore\libs\template-netcore-entities\Kitpymes.Core.Entities.Tests\bin\Release\net5.0\Kitpymes.Core.Entities.Tests.dll" adapterTypeName="executor://mstestadapter/v2" className="Kitpymes.Core.Entities.ValueObjects.Tests.NameTests" name="OperatorEqual_Passing_Valid_Values_Returns_True" />
    </UnitTest>
    <UnitTest name="Create_Passing_Valid_Values_Returns_Name (Españâ)" storage="d:\sferrari\01 - trabajo\repos\netcore\libs\template-netcore-entities\kitpymes.core.entities.tests\bin\release\net5.0\kitpymes.core.entities.tests.dll" id="9d027702-8492-4729-9b2c-b2bbd8d3717a">
      <Execution id="5b3f9279-4ca8-4dd9-bc6a-a0cc0a8cbdc4" />
      <TestMethod codeBase="D:\SFERRARI\01 - TRABAJO\repos\netcore\libs\template-netcore-entities\Kitpymes.Core.Entities.Tests\bin\Release\net5.0\Kitpymes.Core.Entities.Tests.dll" adapterTypeName="executor://mstestadapter/v2" className="Kitpymes.Core.Entities.ValueObjects.Tests.NameTests" name="Create_Passing_Valid_Values_Returns_Name" />
    </UnitTest>
    <UnitTest name="OperatorNotEqual_Passing_Valid_Values_Returns_False (dasdasd@dsasd.ff)" storage="d:\sferrari\01 - trabajo\repos\netcore\libs\template-netcore-entities\kitpymes.core.entities.tests\bin\release\net5.0\kitpymes.core.entities.tests.dll" id="47dc02ab-c9a0-437b-85a8-bb9e21b0d1d9">
      <Execution id="2a7141d1-21d2-48fa-a6e5-0a11399e7dc6" />
      <TestMethod codeBase="D:\SFERRARI\01 - TRABAJO\repos\netcore\libs\template-netcore-entities\Kitpymes.Core.Entities.Tests\bin\Release\net5.0\Kitpymes.Core.Entities.Tests.dll" adapterTypeName="executor://mstestadapter/v2" className="Kitpymes.Core.Entities.ValueObjects.Tests.EmailTests" name="OperatorNotEqual_Passing_Valid_Values_Returns_False" />
    </UnitTest>
    <UnitTest name="OperatorEqual_Passing_Valid_Values_Returns_True (Españâ)" storage="d:\sferrari\01 - trabajo\repos\netcore\libs\template-netcore-entities\kitpymes.core.entities.tests\bin\release\net5.0\kitpymes.core.entities.tests.dll" id="3a061580-0dfb-4e93-b540-0aad11f58f39">
      <Execution id="94c0aa9b-d3f2-42b8-bc70-f481676c17d7" />
      <TestMethod codeBase="D:\SFERRARI\01 - TRABAJO\repos\netcore\libs\template-netcore-entities\Kitpymes.Core.Entities.Tests\bin\Release\net5.0\Kitpymes.Core.Entities.Tests.dll" adapterTypeName="executor://mstestadapter/v2" className="Kitpymes.Core.Entities.ValueObjects.Tests.NameTests" name="OperatorEqual_Passing_Valid_Values_Returns_True" />
    </UnitTest>
    <UnitTest name="ToString_Passing_Valid_Values_Returns_Currency_String_Symbol (EUR)" storage="d:\sferrari\01 - trabajo\repos\netcore\libs\template-netcore-entities\kitpymes.core.entities.tests\bin\release\net5.0\kitpymes.core.entities.tests.dll" id="5f7d2329-850c-4672-bdde-4d3fb45438ef">
      <Execution id="9ac48908-fb15-4e54-b8bb-d32bd8f98360" />
      <TestMethod codeBase="D:\SFERRARI\01 - TRABAJO\repos\netcore\libs\template-netcore-entities\Kitpymes.Core.Entities.Tests\bin\Release\net5.0\Kitpymes.Core.Entities.Tests.dll" adapterTypeName="executor://mstestadapter/v2" className="Kitpymes.Core.Entities.ValueObjects.Tests.CurrencyTests" name="ToString_Passing_Valid_Values_Returns_Currency_String_Symbol" />
    </UnitTest>
    <UnitTest name="OperatorNotEqual_Passing_Valid_Values_Returns_False (EUR)" storage="d:\sferrari\01 - trabajo\repos\netcore\libs\template-netcore-entities\kitpymes.core.entities.tests\bin\release\net5.0\kitpymes.core.entities.tests.dll" id="b9aeb729-e093-4139-a800-49db512328e4">
      <Execution id="a35d9a1a-ce02-4bb0-9496-c5a4e7cd3efb" />
      <TestMethod codeBase="D:\SFERRARI\01 - TRABAJO\repos\netcore\libs\template-netcore-entities\Kitpymes.Core.Entities.Tests\bin\Release\net5.0\Kitpymes.Core.Entities.Tests.dll" adapterTypeName="executor://mstestadapter/v2" className="Kitpymes.Core.Entities.ValueObjects.Tests.CurrencyTests" name="OperatorNotEqual_Passing_Valid_Values_Returns_False" />
    </UnitTest>
    <UnitTest name="ToEnum_Passing_Valid_Int_value_Returns_Enumeracion" storage="d:\sferrari\01 - trabajo\repos\netcore\libs\template-netcore-entities\kitpymes.core.entities.tests\bin\release\net5.0\kitpymes.core.entities.tests.dll" id="176b2bcf-18bc-43e3-9e85-1546ae5b8499">
      <Execution id="d3a5c644-437d-44c6-9f2c-162d484b4e5d" />
      <TestMethod codeBase="D:\SFERRARI\01 - TRABAJO\repos\netcore\libs\template-netcore-entities\Kitpymes.Core.Entities.Tests\bin\Release\net5.0\Kitpymes.Core.Entities.Tests.dll" adapterTypeName="executor://mstestadapter/v2" className="Kitpymes.Core.Entities.Enumerations.Tests.StatusEnumTests" name="ToEnum_Passing_Valid_Int_value_Returns_Enumeracion" />
    </UnitTest>
    <UnitTest name="OperatorNotEqual_Passing_Valid_Values_Returns_False (Tenerife,23,34567,San Bartoleme De Tirajana,Las Palmas,España)" storage="d:\sferrari\01 - trabajo\repos\netcore\libs\template-netcore-entities\kitpymes.core.entities.tests\bin\release\net5.0\kitpymes.core.entities.tests.dll" id="b61dd9f0-0516-4275-9881-d9082c46f626">
      <Execution id="98b2833b-bd4e-46b7-8179-bf88066adf3b" />
      <TestMethod codeBase="D:\SFERRARI\01 - TRABAJO\repos\netcore\libs\template-netcore-entities\Kitpymes.Core.Entities.Tests\bin\Release\net5.0\Kitpymes.Core.Entities.Tests.dll" adapterTypeName="executor://mstestadapter/v2" className="Kitpymes.Core.Entities.ValueObjects.Tests.AddressTests" name="OperatorNotEqual_Passing_Valid_Values_Returns_False" />
    </UnitTest>
    <UnitTest name="Create_Passing_Valid_Value_Returns_Email (bb_ads@ggg.cc)" storage="d:\sferrari\01 - trabajo\repos\netcore\libs\template-netcore-entities\kitpymes.core.entities.tests\bin\release\net5.0\kitpymes.core.entities.tests.dll" id="661cf950-1df7-4a02-a1b8-ec8e89d2c982">
      <Execution id="1e633169-357a-438d-b620-ab0e38a8c849" />
      <TestMethod codeBase="D:\SFERRARI\01 - TRABAJO\repos\netcore\libs\template-netcore-entities\Kitpymes.Core.Entities.Tests\bin\Release\net5.0\Kitpymes.Core.Entities.Tests.dll" adapterTypeName="executor://mstestadapter/v2" className="Kitpymes.Core.Entities.ValueObjects.Tests.EmailTests" name="Create_Passing_Valid_Value_Returns_Email" />
    </UnitTest>
    <UnitTest name="Equals_Passing_Valid_Values_Returns_True (Españã)" storage="d:\sferrari\01 - trabajo\repos\netcore\libs\template-netcore-entities\kitpymes.core.entities.tests\bin\release\net5.0\kitpymes.core.entities.tests.dll" id="f7922e25-5649-4c85-97cb-27dcca4856c9">
      <Execution id="49da7e35-1f0d-408b-bfb5-357da1406f9c" />
      <TestMethod codeBase="D:\SFERRARI\01 - TRABAJO\repos\netcore\libs\template-netcore-entities\Kitpymes.Core.Entities.Tests\bin\Release\net5.0\Kitpymes.Core.Entities.Tests.dll" adapterTypeName="executor://mstestadapter/v2" className="Kitpymes.Core.Entities.ValueObjects.Tests.NameTests" name="Equals_Passing_Valid_Values_Returns_True" />
    </UnitTest>
    <UnitTest name="OperatorEqual_Passing_Valid_Values_Returns_True (app.hackerone1.com)" storage="d:\sferrari\01 - trabajo\repos\netcore\libs\template-netcore-entities\kitpymes.core.entities.tests\bin\release\net5.0\kitpymes.core.entities.tests.dll" id="3c9a89f5-d496-48fd-b789-3fb6d0b25c5e">
      <Execution id="f92200cd-b199-461b-9936-abe04a7249e4" />
      <TestMethod codeBase="D:\SFERRARI\01 - TRABAJO\repos\netcore\libs\template-netcore-entities\Kitpymes.Core.Entities.Tests\bin\Release\net5.0\Kitpymes.Core.Entities.Tests.dll" adapterTypeName="executor://mstestadapter/v2" className="Kitpymes.Core.Entities.ValueObjects.Tests.SubdomainTests" name="OperatorEqual_Passing_Valid_Values_Returns_True" />
    </UnitTest>
    <UnitTest name="OperatorNotEqual_Passing_Valid_Values_Returns_True (D45,86554654)" storage="d:\sferrari\01 - trabajo\repos\netcore\libs\template-netcore-entities\kitpymes.core.entities.tests\bin\release\net5.0\kitpymes.core.entities.tests.dll" id="10d404cd-0689-4a28-8470-4123503a3042">
      <Execution id="c4b25b9f-6d7f-455c-bf49-9ab335ba6c21" />
      <TestMethod codeBase="D:\SFERRARI\01 - TRABAJO\repos\netcore\libs\template-netcore-entities\Kitpymes.Core.Entities.Tests\bin\Release\net5.0\Kitpymes.Core.Entities.Tests.dll" adapterTypeName="executor://mstestadapter/v2" className="Kitpymes.Core.Entities.ValueObjects.Tests.TelephoneTests" name="OperatorNotEqual_Passing_Valid_Values_Returns_True" />
    </UnitTest>
    <UnitTest name="OperatorEqual_Passing_Valid_Distinct_Values_Returns_False (100,EUR,2)" storage="d:\sferrari\01 - trabajo\repos\netcore\libs\template-netcore-entities\kitpymes.core.entities.tests\bin\release\net5.0\kitpymes.core.entities.tests.dll" id="c3ff2fbd-254e-4368-92d2-4258c12194b5">
      <Execution id="c59ed8a2-09ce-4a9d-ba88-a83ced440a2d" />
      <TestMethod codeBase="D:\SFERRARI\01 - TRABAJO\repos\netcore\libs\template-netcore-entities\Kitpymes.Core.Entities.Tests\bin\Release\net5.0\Kitpymes.Core.Entities.Tests.dll" adapterTypeName="executor://mstestadapter/v2" className="Kitpymes.Core.Entities.ValueObjects.Tests.MoneyTests" name="OperatorEqual_Passing_Valid_Distinct_Values_Returns_False" />
    </UnitTest>
    <UnitTest name="Equals_Passing_Valid_Values_Returns_True (Españâ)" storage="d:\sferrari\01 - trabajo\repos\netcore\libs\template-netcore-entities\kitpymes.core.entities.tests\bin\release\net5.0\kitpymes.core.entities.tests.dll" id="c278bb15-c266-48ad-8a98-f1d481ec6020">
      <Execution id="945cf1a1-219d-4b7f-87d9-4aad036a37b1" />
      <TestMethod codeBase="D:\SFERRARI\01 - TRABAJO\repos\netcore\libs\template-netcore-entities\Kitpymes.Core.Entities.Tests\bin\Release\net5.0\Kitpymes.Core.Entities.Tests.dll" adapterTypeName="executor://mstestadapter/v2" className="Kitpymes.Core.Entities.ValueObjects.Tests.NameTests" name="Equals_Passing_Valid_Values_Returns_True" />
    </UnitTest>
    <UnitTest name="OperatorEqual_Passing_Valid_Distinct_Values_Returns_False (Sabadell)" storage="d:\sferrari\01 - trabajo\repos\netcore\libs\template-netcore-entities\kitpymes.core.entities.tests\bin\release\net5.0\kitpymes.core.entities.tests.dll" id="c19fdd94-0482-43a8-8fcc-9389adaa305e">
      <Execution id="1151d227-1c58-4379-94a2-97e06972ef24" />
      <TestMethod codeBase="D:\SFERRARI\01 - TRABAJO\repos\netcore\libs\template-netcore-entities\Kitpymes.Core.Entities.Tests\bin\Release\net5.0\Kitpymes.Core.Entities.Tests.dll" adapterTypeName="executor://mstestadapter/v2" className="Kitpymes.Core.Entities.ValueObjects.Tests.StringIdTests" name="OperatorEqual_Passing_Valid_Distinct_Values_Returns_False" />
    </UnitTest>
    <UnitTest name="Create_Passing_InvalidOrNull_Value_Returns_ApplicationException ()" storage="d:\sferrari\01 - trabajo\repos\netcore\libs\template-netcore-entities\kitpymes.core.entities.tests\bin\release\net5.0\kitpymes.core.entities.tests.dll" id="7d317bf6-5d5f-4316-827e-ca4d13241ea4">
      <Execution id="990b0e47-3597-4066-a508-1266f3987f08" />
      <TestMethod codeBase="D:\SFERRARI\01 - TRABAJO\repos\netcore\libs\template-netcore-entities\Kitpymes.Core.Entities.Tests\bin\Release\net5.0\Kitpymes.Core.Entities.Tests.dll" adapterTypeName="executor://mstestadapter/v2" className="Kitpymes.Core.Entities.ValueObjects.Tests.StringIdTests" name="Create_Passing_InvalidOrNull_Value_Returns_ApplicationException" />
    </UnitTest>
    <UnitTest name="Create_Passing_InvalidOrNull_Value_Returns_ApplicationException (,Sabadell,España)" storage="d:\sferrari\01 - trabajo\repos\netcore\libs\template-netcore-entities\kitpymes.core.entities.tests\bin\release\net5.0\kitpymes.core.entities.tests.dll" id="6c953704-d506-4a1c-936a-41f3f11fb739">
      <Execution id="ca8041ca-b817-4bd2-a515-17768236acad" />
      <TestMethod codeBase="D:\SFERRARI\01 - TRABAJO\repos\netcore\libs\template-netcore-entities\Kitpymes.Core.Entities.Tests\bin\Release\net5.0\Kitpymes.Core.Entities.Tests.dll" adapterTypeName="executor://mstestadapter/v2" className="Kitpymes.Core.Entities.ValueObjects.Tests.FullNameTests" name="Create_Passing_InvalidOrNull_Value_Returns_ApplicationException" />
    </UnitTest>
    <UnitTest name="IsNull_Passing_Null_Value_Returns_True" storage="d:\sferrari\01 - trabajo\repos\netcore\libs\template-netcore-entities\kitpymes.core.entities.tests\bin\release\net5.0\kitpymes.core.entities.tests.dll" id="e04938d3-3632-4999-aecf-97132633d9c7">
      <Execution id="dc0d2726-a98e-4b6b-a221-6e203102efae" />
      <TestMethod codeBase="D:\SFERRARI\01 - TRABAJO\repos\netcore\libs\template-netcore-entities\Kitpymes.Core.Entities.Tests\bin\Release\net5.0\Kitpymes.Core.Entities.Tests.dll" adapterTypeName="executor://mstestadapter/v2" className="Kitpymes.Core.Entities.ValueObjects.Tests.EmailTests" name="IsNull_Passing_Null_Value_Returns_True" />
    </UnitTest>
    <UnitTest name="IsNull_Passing_Valid_Value_Returns_False (Españħ)" storage="d:\sferrari\01 - trabajo\repos\netcore\libs\template-netcore-entities\kitpymes.core.entities.tests\bin\release\net5.0\kitpymes.core.entities.tests.dll" id="ba89b10d-c0a4-40d5-bbac-1c869b364279">
      <Execution id="c3528537-ffe0-47c8-a049-b332ac3dda37" />
      <TestMethod codeBase="D:\SFERRARI\01 - TRABAJO\repos\netcore\libs\template-netcore-entities\Kitpymes.Core.Entities.Tests\bin\Release\net5.0\Kitpymes.Core.Entities.Tests.dll" adapterTypeName="executor://mstestadapter/v2" className="Kitpymes.Core.Entities.ValueObjects.Tests.NameTests" name="IsNull_Passing_Valid_Value_Returns_False" />
    </UnitTest>
    <UnitTest name="Change_Passing_Valid_Values_Returns_Address (100,EUR,2)" storage="d:\sferrari\01 - trabajo\repos\netcore\libs\template-netcore-entities\kitpymes.core.entities.tests\bin\release\net5.0\kitpymes.core.entities.tests.dll" id="31b2f487-2d86-47f0-87d0-1901dd53aa9f">
      <Execution id="b275ed1d-3f21-4dab-9f4a-0c450fc258e5" />
      <TestMethod codeBase="D:\SFERRARI\01 - TRABAJO\repos\netcore\libs\template-netcore-entities\Kitpymes.Core.Entities.Tests\bin\Release\net5.0\Kitpymes.Core.Entities.Tests.dll" adapterTypeName="executor://mstestadapter/v2" className="Kitpymes.Core.Entities.ValueObjects.Tests.MoneyTests" name="Change_Passing_Valid_Values_Returns_Address" />
    </UnitTest>
    <UnitTest name="OperatorEqual_Passing_Valid_Values_Returns_True (Españä)" storage="d:\sferrari\01 - trabajo\repos\netcore\libs\template-netcore-entities\kitpymes.core.entities.tests\bin\release\net5.0\kitpymes.core.entities.tests.dll" id="2e16cedd-d9a2-4ac0-8ea6-256cc2fd04b1">
      <Execution id="d48de40d-8a41-4ac9-bd83-43eea9ae82e4" />
      <TestMethod codeBase="D:\SFERRARI\01 - TRABAJO\repos\netcore\libs\template-netcore-entities\Kitpymes.Core.Entities.Tests\bin\Release\net5.0\Kitpymes.Core.Entities.Tests.dll" adapterTypeName="executor://mstestadapter/v2" className="Kitpymes.Core.Entities.ValueObjects.Tests.NameTests" name="OperatorEqual_Passing_Valid_Values_Returns_True" />
    </UnitTest>
    <UnitTest name="ToString_Passing_Valid_Values_Returns_Address_String_Format (400,USD,8)" storage="d:\sferrari\01 - trabajo\repos\netcore\libs\template-netcore-entities\kitpymes.core.entities.tests\bin\release\net5.0\kitpymes.core.entities.tests.dll" id="444fe311-4dd8-4c3a-97f1-e9c2b2ef26b1">
      <Execution id="f42cdb88-c963-4b19-b77a-758a8e484334" />
      <TestMethod codeBase="D:\SFERRARI\01 - TRABAJO\repos\netcore\libs\template-netcore-entities\Kitpymes.Core.Entities.Tests\bin\Release\net5.0\Kitpymes.Core.Entities.Tests.dll" adapterTypeName="executor://mstestadapter/v2" className="Kitpymes.Core.Entities.ValueObjects.Tests.MoneyTests" name="ToString_Passing_Valid_Values_Returns_Address_String_Format" />
    </UnitTest>
    <UnitTest name="IsNull_Passing_Valid_Values_Returns_False (Sabadell,Barcelona,España)" storage="d:\sferrari\01 - trabajo\repos\netcore\libs\template-netcore-entities\kitpymes.core.entities.tests\bin\release\net5.0\kitpymes.core.entities.tests.dll" id="9af8788a-6916-4b7a-b8ce-550207902026">
      <Execution id="299eaa92-54b4-4221-962e-f572a012f6b2" />
      <TestMethod codeBase="D:\SFERRARI\01 - TRABAJO\repos\netcore\libs\template-netcore-entities\Kitpymes.Core.Entities.Tests\bin\Release\net5.0\Kitpymes.Core.Entities.Tests.dll" adapterTypeName="executor://mstestadapter/v2" className="Kitpymes.Core.Entities.ValueObjects.Tests.FullNameTests" name="IsNull_Passing_Valid_Values_Returns_False" />
    </UnitTest>
    <UnitTest name="Equals_Passing_Valid_Distinct_Values_Returns_False (San Bartoleme De Tirajana,Las Palmas,España)" storage="d:\sferrari\01 - trabajo\repos\netcore\libs\template-netcore-entities\kitpymes.core.entities.tests\bin\release\net5.0\kitpymes.core.entities.tests.dll" id="9816e783-b8ec-4256-b6b5-8fd7279e4de0">
      <Execution id="85f693e9-1c62-4d01-ac11-2c4c8e37d375" />
      <TestMethod codeBase="D:\SFERRARI\01 - TRABAJO\repos\netcore\libs\template-netcore-entities\Kitpymes.Core.Entities.Tests\bin\Release\net5.0\Kitpymes.Core.Entities.Tests.dll" adapterTypeName="executor://mstestadapter/v2" className="Kitpymes.Core.Entities.ValueObjects.Tests.FullNameTests" name="Equals_Passing_Valid_Distinct_Values_Returns_False" />
    </UnitTest>
    <UnitTest name="OperatorEqual_Passing_Valid_Distinct_Values_Returns_False (stage_hackerone.com)" storage="d:\sferrari\01 - trabajo\repos\netcore\libs\template-netcore-entities\kitpymes.core.entities.tests\bin\release\net5.0\kitpymes.core.entities.tests.dll" id="45155d02-2589-479f-b10f-dde186c33522">
      <Execution id="ffb380c2-bab1-4bd9-8e58-c268f5caf307" />
      <TestMethod codeBase="D:\SFERRARI\01 - TRABAJO\repos\netcore\libs\template-netcore-entities\Kitpymes.Core.Entities.Tests\bin\Release\net5.0\Kitpymes.Core.Entities.Tests.dll" adapterTypeName="executor://mstestadapter/v2" className="Kitpymes.Core.Entities.ValueObjects.Tests.SubdomainTests" name="OperatorEqual_Passing_Valid_Distinct_Values_Returns_False" />
    </UnitTest>
    <UnitTest name="ToEnum_Passing_Valid_String_Name_Enumeracion_Returns_Enumeracion" storage="d:\sferrari\01 - trabajo\repos\netcore\libs\template-netcore-entities\kitpymes.core.entities.tests\bin\release\net5.0\kitpymes.core.entities.tests.dll" id="bd27c893-1b49-4e88-b268-8affd7f940d7">
      <Execution id="2949f3f0-63c9-4193-8244-4afa79e95376" />
      <TestMethod codeBase="D:\SFERRARI\01 - TRABAJO\repos\netcore\libs\template-netcore-entities\Kitpymes.Core.Entities.Tests\bin\Release\net5.0\Kitpymes.Core.Entities.Tests.dll" adapterTypeName="executor://mstestadapter/v2" className="Kitpymes.Core.Entities.Enumerations.Tests.GenderTypeEnumTests" name="ToEnum_Passing_Valid_String_Name_Enumeracion_Returns_Enumeracion" />
    </UnitTest>
    <UnitTest name="Create_Passing_Valid_Values_Returns_Name (Esp añâ)" storage="d:\sferrari\01 - trabajo\repos\netcore\libs\template-netcore-entities\kitpymes.core.entities.tests\bin\release\net5.0\kitpymes.core.entities.tests.dll" id="a3577f14-18dd-40a5-8d79-0a831aee6ab2">
      <Execution id="84019c88-378b-4058-80a3-f2057cc6342d" />
      <TestMethod codeBase="D:\SFERRARI\01 - TRABAJO\repos\netcore\libs\template-netcore-entities\Kitpymes.Core.Entities.Tests\bin\Release\net5.0\Kitpymes.Core.Entities.Tests.dll" adapterTypeName="executor://mstestadapter/v2" className="Kitpymes.Core.Entities.ValueObjects.Tests.NameTests" name="Create_Passing_Valid_Values_Returns_Name" />
    </UnitTest>
    <UnitTest name="IsInactive_Passing_Nothing_Returns_True" storage="d:\sferrari\01 - trabajo\repos\netcore\libs\template-netcore-entities\kitpymes.core.entities.tests\bin\release\net5.0\kitpymes.core.entities.tests.dll" id="e9a1f3f0-0ad1-4a01-bc01-f799bc301bd1">
      <Execution id="bd2fbb6d-9039-4e82-a526-f5e38ca2e2ee" />
      <TestMethod codeBase="D:\SFERRARI\01 - TRABAJO\repos\netcore\libs\template-netcore-entities\Kitpymes.Core.Entities.Tests\bin\Release\net5.0\Kitpymes.Core.Entities.Tests.dll" adapterTypeName="executor://mstestadapter/v2" className="Kitpymes.Core.Entities.Enumerations.Tests.StatusEnumTests" name="IsInactive_Passing_Nothing_Returns_True" />
    </UnitTest>
    <UnitTest name="Equals_Passing_Valid_Distinct_Values_Returns_False (100,EUR,2)" storage="d:\sferrari\01 - trabajo\repos\netcore\libs\template-netcore-entities\kitpymes.core.entities.tests\bin\release\net5.0\kitpymes.core.entities.tests.dll" id="54378284-a9db-4869-a126-29ad815f2b66">
      <Execution id="ebfc3004-309f-4e19-aa7d-bc3b2ef4d003" />
      <TestMethod codeBase="D:\SFERRARI\01 - TRABAJO\repos\netcore\libs\template-netcore-entities\Kitpymes.Core.Entities.Tests\bin\Release\net5.0\Kitpymes.Core.Entities.Tests.dll" adapterTypeName="executor://mstestadapter/v2" className="Kitpymes.Core.Entities.ValueObjects.Tests.MoneyTests" name="Equals_Passing_Valid_Distinct_Values_Returns_False" />
    </UnitTest>
    <UnitTest name="ToNormalize_Passing_Valid_Values_Returns_Name_String_Format (Españà,Espana)" storage="d:\sferrari\01 - trabajo\repos\netcore\libs\template-netcore-entities\kitpymes.core.entities.tests\bin\release\net5.0\kitpymes.core.entities.tests.dll" id="000727a7-1e83-4a68-be6a-f7b138d1627c">
      <Execution id="73575bfc-7f45-4423-bbd6-61cecf1dafe0" />
      <TestMethod codeBase="D:\SFERRARI\01 - TRABAJO\repos\netcore\libs\template-netcore-entities\Kitpymes.Core.Entities.Tests\bin\Release\net5.0\Kitpymes.Core.Entities.Tests.dll" adapterTypeName="executor://mstestadapter/v2" className="Kitpymes.Core.Entities.ValueObjects.Tests.NameTests" name="ToNormalize_Passing_Valid_Values_Returns_Name_String_Format" />
    </UnitTest>
    <UnitTest name="Equals_Passing_Valid_Distinct_Values_Returns_False (34fsds@sdd.fgg)" storage="d:\sferrari\01 - trabajo\repos\netcore\libs\template-netcore-entities\kitpymes.core.entities.tests\bin\release\net5.0\kitpymes.core.entities.tests.dll" id="04e293fc-99c2-4a6b-89e2-fb9d1052fc3e">
      <Execution id="d96e392e-eee1-4c71-90c1-d779a882f1d5" />
      <TestMethod codeBase="D:\SFERRARI\01 - TRABAJO\repos\netcore\libs\template-netcore-entities\Kitpymes.Core.Entities.Tests\bin\Release\net5.0\Kitpymes.Core.Entities.Tests.dll" adapterTypeName="executor://mstestadapter/v2" className="Kitpymes.Core.Entities.ValueObjects.Tests.EmailTests" name="Equals_Passing_Valid_Distinct_Values_Returns_False" />
    </UnitTest>
    <UnitTest name="Create_Passing_InvalidOrNull_Value_Returns_ApplicationException ()" storage="d:\sferrari\01 - trabajo\repos\netcore\libs\template-netcore-entities\kitpymes.core.entities.tests\bin\release\net5.0\kitpymes.core.entities.tests.dll" id="3dfd1bf7-436a-451c-8f87-72cfce782fad">
      <Execution id="7b01e896-e170-410e-8902-49636dc1b042" />
      <TestMethod codeBase="D:\SFERRARI\01 - TRABAJO\repos\netcore\libs\template-netcore-entities\Kitpymes.Core.Entities.Tests\bin\Release\net5.0\Kitpymes.Core.Entities.Tests.dll" adapterTypeName="executor://mstestadapter/v2" className="Kitpymes.Core.Entities.ValueObjects.Tests.CurrencyTests" name="Create_Passing_InvalidOrNull_Value_Returns_ApplicationException" />
    </UnitTest>
    <UnitTest name="ToNormalize_Passing_Valid_Values_Returns_Name_String_Format (Españç,Espanc)" storage="d:\sferrari\01 - trabajo\repos\netcore\libs\template-netcore-entities\kitpymes.core.entities.tests\bin\release\net5.0\kitpymes.core.entities.tests.dll" id="a5467f75-0e78-4123-b6ae-5428fee1cb0c">
      <Execution id="0671f4f5-c216-4b3d-8c31-446c3e52c346" />
      <TestMethod codeBase="D:\SFERRARI\01 - TRABAJO\repos\netcore\libs\template-netcore-entities\Kitpymes.Core.Entities.Tests\bin\Release\net5.0\Kitpymes.Core.Entities.Tests.dll" adapterTypeName="executor://mstestadapter/v2" className="Kitpymes.Core.Entities.ValueObjects.Tests.NameTests" name="ToNormalize_Passing_Valid_Values_Returns_Name_String_Format" />
    </UnitTest>
    <UnitTest name="Equals_Passing_Valid_Values_Returns_True (D45,86554654)" storage="d:\sferrari\01 - trabajo\repos\netcore\libs\template-netcore-entities\kitpymes.core.entities.tests\bin\release\net5.0\kitpymes.core.entities.tests.dll" id="199c233f-3dc8-407f-9535-77ef386a6545">
      <Execution id="bf201aac-0a4c-4916-8880-face10b03994" />
      <TestMethod codeBase="D:\SFERRARI\01 - TRABAJO\repos\netcore\libs\template-netcore-entities\Kitpymes.Core.Entities.Tests\bin\Release\net5.0\Kitpymes.Core.Entities.Tests.dll" adapterTypeName="executor://mstestadapter/v2" className="Kitpymes.Core.Entities.ValueObjects.Tests.TelephoneTests" name="Equals_Passing_Valid_Values_Returns_True" />
    </UnitTest>
    <UnitTest name="Create_Passing_Valid_Values_Returns_Address (100,EUR,2)" storage="d:\sferrari\01 - trabajo\repos\netcore\libs\template-netcore-entities\kitpymes.core.entities.tests\bin\release\net5.0\kitpymes.core.entities.tests.dll" id="991ed790-a8e5-423c-802d-65a548e722bd">
      <Execution id="9146b884-a976-4c26-b171-10f64ef46ab2" />
      <TestMethod codeBase="D:\SFERRARI\01 - TRABAJO\repos\netcore\libs\template-netcore-entities\Kitpymes.Core.Entities.Tests\bin\Release\net5.0\Kitpymes.Core.Entities.Tests.dll" adapterTypeName="executor://mstestadapter/v2" className="Kitpymes.Core.Entities.ValueObjects.Tests.MoneyTests" name="Create_Passing_Valid_Values_Returns_Address" />
    </UnitTest>
    <UnitTest name="ToEnum_Passing_Valid_IntName_Enumeracion_Returns_Enumeracion" storage="d:\sferrari\01 - trabajo\repos\netcore\libs\template-netcore-entities\kitpymes.core.entities.tests\bin\release\net5.0\kitpymes.core.entities.tests.dll" id="0c579032-5072-487b-a7d4-dfcc2f228939">
      <Execution id="450c46d3-0af9-4c00-bb6d-ee8a3676b189" />
      <TestMethod codeBase="D:\SFERRARI\01 - TRABAJO\repos\netcore\libs\template-netcore-entities\Kitpymes.Core.Entities.Tests\bin\Release\net5.0\Kitpymes.Core.Entities.Tests.dll" adapterTypeName="executor://mstestadapter/v2" className="Kitpymes.Core.Entities.Enumerations.Tests.LogTypeEnumTests" name="ToEnum_Passing_Valid_IntName_Enumeracion_Returns_Enumeracion" />
    </UnitTest>
    <UnitTest name="OperatorEqual_Passing_Valid_Distinct_Values_Returns_False (D45,86554654)" storage="d:\sferrari\01 - trabajo\repos\netcore\libs\template-netcore-entities\kitpymes.core.entities.tests\bin\release\net5.0\kitpymes.core.entities.tests.dll" id="3ced0f6d-27e5-41e8-9fb3-f334fababd92">
      <Execution id="1b6bec34-10fd-4432-896d-92b01523e3b7" />
      <TestMethod codeBase="D:\SFERRARI\01 - TRABAJO\repos\netcore\libs\template-netcore-entities\Kitpymes.Core.Entities.Tests\bin\Release\net5.0\Kitpymes.Core.Entities.Tests.dll" adapterTypeName="executor://mstestadapter/v2" className="Kitpymes.Core.Entities.ValueObjects.Tests.TelephoneTests" name="OperatorEqual_Passing_Valid_Distinct_Values_Returns_False" />
    </UnitTest>
    <UnitTest name="ToString_Passing_Valid_Values_Returns_Value_String_Format (Sabadell,Barcelona)" storage="d:\sferrari\01 - trabajo\repos\netcore\libs\template-netcore-entities\kitpymes.core.entities.tests\bin\release\net5.0\kitpymes.core.entities.tests.dll" id="4e244e35-66d6-46e2-8fb0-6f1bc1e74328">
      <Execution id="14af2dc9-6b9f-4d63-9ac7-4a9620270bf6" />
      <TestMethod codeBase="D:\SFERRARI\01 - TRABAJO\repos\netcore\libs\template-netcore-entities\Kitpymes.Core.Entities.Tests\bin\Release\net5.0\Kitpymes.Core.Entities.Tests.dll" adapterTypeName="executor://mstestadapter/v2" className="Kitpymes.Core.Entities.ValueObjects.Tests.FullNameTests" name="ToString_Passing_Valid_Values_Returns_Value_String_Format" />
    </UnitTest>
    <UnitTest name="ToString_Passing_Valid_Values_Returns_Name (Españã)" storage="d:\sferrari\01 - trabajo\repos\netcore\libs\template-netcore-entities\kitpymes.core.entities.tests\bin\release\net5.0\kitpymes.core.entities.tests.dll" id="4585fdc3-175d-4d9e-945c-6c2ae18b50a1">
      <Execution id="bc7d354a-c448-431f-b691-a9d494e73143" />
      <TestMethod codeBase="D:\SFERRARI\01 - TRABAJO\repos\netcore\libs\template-netcore-entities\Kitpymes.Core.Entities.Tests\bin\Release\net5.0\Kitpymes.Core.Entities.Tests.dll" adapterTypeName="executor://mstestadapter/v2" className="Kitpymes.Core.Entities.ValueObjects.Tests.NameTests" name="ToString_Passing_Valid_Values_Returns_Name" />
    </UnitTest>
    <UnitTest name="IsNull_Passing_Valid_Value_Returns_False (Tenerife)" storage="d:\sferrari\01 - trabajo\repos\netcore\libs\template-netcore-entities\kitpymes.core.entities.tests\bin\release\net5.0\kitpymes.core.entities.tests.dll" id="f19404c8-e2c9-415b-a627-799485bccda6">
      <Execution id="4e40b8ff-51bd-4a52-8ae0-60ea2db7f5ba" />
      <TestMethod codeBase="D:\SFERRARI\01 - TRABAJO\repos\netcore\libs\template-netcore-entities\Kitpymes.Core.Entities.Tests\bin\Release\net5.0\Kitpymes.Core.Entities.Tests.dll" adapterTypeName="executor://mstestadapter/v2" className="Kitpymes.Core.Entities.ValueObjects.Tests.StringIdTests" name="IsNull_Passing_Valid_Value_Returns_False" />
    </UnitTest>
    <UnitTest name="OperatorEqual_Passing_Valid_Values_Returns_True (Españç)" storage="d:\sferrari\01 - trabajo\repos\netcore\libs\template-netcore-entities\kitpymes.core.entities.tests\bin\release\net5.0\kitpymes.core.entities.tests.dll" id="eca248c6-75c1-4bb1-b58e-bbabbfc0c92d">
      <Execution id="4c9f562f-3a3c-4819-988b-7e5fcd2b61db" />
      <TestMethod codeBase="D:\SFERRARI\01 - TRABAJO\repos\netcore\libs\template-netcore-entities\Kitpymes.Core.Entities.Tests\bin\Release\net5.0\Kitpymes.Core.Entities.Tests.dll" adapterTypeName="executor://mstestadapter/v2" className="Kitpymes.Core.Entities.ValueObjects.Tests.NameTests" name="OperatorEqual_Passing_Valid_Values_Returns_True" />
    </UnitTest>
    <UnitTest name="OperatorNotEqual_Passing_Valid_Values_Returns_False (Españã)" storage="d:\sferrari\01 - trabajo\repos\netcore\libs\template-netcore-entities\kitpymes.core.entities.tests\bin\release\net5.0\kitpymes.core.entities.tests.dll" id="81bfaa0c-b664-4c2f-9000-6b505f466864">
      <Execution id="7c185651-6ef3-430e-bd8b-384b99a7a6dc" />
      <TestMethod codeBase="D:\SFERRARI\01 - TRABAJO\repos\netcore\libs\template-netcore-entities\Kitpymes.Core.Entities.Tests\bin\Release\net5.0\Kitpymes.Core.Entities.Tests.dll" adapterTypeName="executor://mstestadapter/v2" className="Kitpymes.Core.Entities.ValueObjects.Tests.NameTests" name="OperatorNotEqual_Passing_Valid_Values_Returns_False" />
    </UnitTest>
    <UnitTest name="Create_Passing_Valid_Value_Returns_Email (34fsds@sdd.fgg)" storage="d:\sferrari\01 - trabajo\repos\netcore\libs\template-netcore-entities\kitpymes.core.entities.tests\bin\release\net5.0\kitpymes.core.entities.tests.dll" id="28cec222-7f51-483c-9a65-6cb112c6a475">
      <Execution id="a81375f8-bcea-4ec9-a9eb-b8461fbf977e" />
      <TestMethod codeBase="D:\SFERRARI\01 - TRABAJO\repos\netcore\libs\template-netcore-entities\Kitpymes.Core.Entities.Tests\bin\Release\net5.0\Kitpymes.Core.Entities.Tests.dll" adapterTypeName="executor://mstestadapter/v2" className="Kitpymes.Core.Entities.ValueObjects.Tests.EmailTests" name="Create_Passing_Valid_Value_Returns_Email" />
    </UnitTest>
    <UnitTest name="Change_Passing_Valid_Values_Returns_Email (aaa@aaa.aaa,hhh@hhh.hhh)" storage="d:\sferrari\01 - trabajo\repos\netcore\libs\template-netcore-entities\kitpymes.core.entities.tests\bin\release\net5.0\kitpymes.core.entities.tests.dll" id="f48eff55-0fe7-4ec5-a356-86d811a3ff1f">
      <Execution id="e87bf14d-7db7-41b2-92f3-a96b47d28b6b" />
      <TestMethod codeBase="D:\SFERRARI\01 - TRABAJO\repos\netcore\libs\template-netcore-entities\Kitpymes.Core.Entities.Tests\bin\Release\net5.0\Kitpymes.Core.Entities.Tests.dll" adapterTypeName="executor://mstestadapter/v2" className="Kitpymes.Core.Entities.ValueObjects.Tests.EmailTests" name="Change_Passing_Valid_Values_Returns_Email" />
    </UnitTest>
    <UnitTest name="OperatorEqual_Passing_Valid_Values_Returns_True (200,EUR,4)" storage="d:\sferrari\01 - trabajo\repos\netcore\libs\template-netcore-entities\kitpymes.core.entities.tests\bin\release\net5.0\kitpymes.core.entities.tests.dll" id="697a4e21-c1fd-41a8-b4c0-52854e3b364c">
      <Execution id="3520abb3-38ea-469b-99cf-c0c3f83352e9" />
      <TestMethod codeBase="D:\SFERRARI\01 - TRABAJO\repos\netcore\libs\template-netcore-entities\Kitpymes.Core.Entities.Tests\bin\Release\net5.0\Kitpymes.Core.Entities.Tests.dll" adapterTypeName="executor://mstestadapter/v2" className="Kitpymes.Core.Entities.ValueObjects.Tests.MoneyTests" name="OperatorEqual_Passing_Valid_Values_Returns_True" />
    </UnitTest>
    <UnitTest name="Create_Passing_InvalidOrNull_Value_Returns_ApplicationException (456,USD,-3)" storage="d:\sferrari\01 - trabajo\repos\netcore\libs\template-netcore-entities\kitpymes.core.entities.tests\bin\release\net5.0\kitpymes.core.entities.tests.dll" id="573d68e1-41c9-47ab-818d-2de14cbba8b0">
      <Execution id="2fcaeb03-d224-46be-aece-3292ef2d8abf" />
      <TestMethod codeBase="D:\SFERRARI\01 - TRABAJO\repos\netcore\libs\template-netcore-entities\Kitpymes.Core.Entities.Tests\bin\Release\net5.0\Kitpymes.Core.Entities.Tests.dll" adapterTypeName="executor://mstestadapter/v2" className="Kitpymes.Core.Entities.ValueObjects.Tests.MoneyTests" name="Create_Passing_InvalidOrNull_Value_Returns_ApplicationException" />
    </UnitTest>
    <UnitTest name="Equals_Passing_Valid_Values_Returns_True (Pader,789,DF7956,Sabadell,Barcelona,España)" storage="d:\sferrari\01 - trabajo\repos\netcore\libs\template-netcore-entities\kitpymes.core.entities.tests\bin\release\net5.0\kitpymes.core.entities.tests.dll" id="0cc529f4-099b-45ce-bc1a-67ae1cc65fc0">
      <Execution id="aa21b006-6ff3-4823-85eb-bc09b770d7f3" />
      <TestMethod codeBase="D:\SFERRARI\01 - TRABAJO\repos\netcore\libs\template-netcore-entities\Kitpymes.Core.Entities.Tests\bin\Release\net5.0\Kitpymes.Core.Entities.Tests.dll" adapterTypeName="executor://mstestadapter/v2" className="Kitpymes.Core.Entities.ValueObjects.Tests.AddressTests" name="Equals_Passing_Valid_Values_Returns_True" />
    </UnitTest>
    <UnitTest name="Equals_Passing_Valid_Values_Returns_True (400,USD,8)" storage="d:\sferrari\01 - trabajo\repos\netcore\libs\template-netcore-entities\kitpymes.core.entities.tests\bin\release\net5.0\kitpymes.core.entities.tests.dll" id="9e45e4f4-0d33-4c19-8450-d23190949933">
      <Execution id="ce0f1c50-3ea9-48af-9ff6-13fa0923347b" />
      <TestMethod codeBase="D:\SFERRARI\01 - TRABAJO\repos\netcore\libs\template-netcore-entities\Kitpymes.Core.Entities.Tests\bin\Release\net5.0\Kitpymes.Core.Entities.Tests.dll" adapterTypeName="executor://mstestadapter/v2" className="Kitpymes.Core.Entities.ValueObjects.Tests.MoneyTests" name="Equals_Passing_Valid_Values_Returns_True" />
    </UnitTest>
    <UnitTest name="Create_Passing_InvalidOrNull_Value_Returns_ApplicationException (dasdasd@dsasd.._ff)" storage="d:\sferrari\01 - trabajo\repos\netcore\libs\template-netcore-entities\kitpymes.core.entities.tests\bin\release\net5.0\kitpymes.core.entities.tests.dll" id="8f862712-3572-4419-8825-adaa078c438a">
      <Execution id="abbd169b-7bf8-4eec-9018-789864ec2f29" />
      <TestMethod codeBase="D:\SFERRARI\01 - TRABAJO\repos\netcore\libs\template-netcore-entities\Kitpymes.Core.Entities.Tests\bin\Release\net5.0\Kitpymes.Core.Entities.Tests.dll" adapterTypeName="executor://mstestadapter/v2" className="Kitpymes.Core.Entities.ValueObjects.Tests.EmailTests" name="Create_Passing_InvalidOrNull_Value_Returns_ApplicationException" />
    </UnitTest>
    <UnitTest name="Create_Passing_Valid_Values_Returns_Subdomain (www.hackerone1-com)" storage="d:\sferrari\01 - trabajo\repos\netcore\libs\template-netcore-entities\kitpymes.core.entities.tests\bin\release\net5.0\kitpymes.core.entities.tests.dll" id="bc59322d-aaa0-4fe4-ad6a-db90c1a39c02">
      <Execution id="a3b4d0e4-b338-4623-8164-e035973df52c" />
      <TestMethod codeBase="D:\SFERRARI\01 - TRABAJO\repos\netcore\libs\template-netcore-entities\Kitpymes.Core.Entities.Tests\bin\Release\net5.0\Kitpymes.Core.Entities.Tests.dll" adapterTypeName="executor://mstestadapter/v2" className="Kitpymes.Core.Entities.ValueObjects.Tests.SubdomainTests" name="Create_Passing_Valid_Values_Returns_Subdomain" />
    </UnitTest>
    <UnitTest name="IsMale_Passing_Nothing_Returns_True" storage="d:\sferrari\01 - trabajo\repos\netcore\libs\template-netcore-entities\kitpymes.core.entities.tests\bin\release\net5.0\kitpymes.core.entities.tests.dll" id="5cfc7535-528b-4d19-b31c-ed14e6ab954a">
      <Execution id="918f74b3-7b4c-4a6f-af72-3fb0ac815972" />
      <TestMethod codeBase="D:\SFERRARI\01 - TRABAJO\repos\netcore\libs\template-netcore-entities\Kitpymes.Core.Entities.Tests\bin\Release\net5.0\Kitpymes.Core.Entities.Tests.dll" adapterTypeName="executor://mstestadapter/v2" className="Kitpymes.Core.Entities.Enumerations.Tests.GenderTypeEnumTests" name="IsMale_Passing_Nothing_Returns_True" />
    </UnitTest>
    <UnitTest name="OperatorEqual_Passing_Valid_Values_Returns_True (Tenerife,23,34567,San Bartoleme De Tirajana,Las Palmas,España)" storage="d:\sferrari\01 - trabajo\repos\netcore\libs\template-netcore-entities\kitpymes.core.entities.tests\bin\release\net5.0\kitpymes.core.entities.tests.dll" id="6e7048f8-5fd6-412f-920e-5155f4aea090">
      <Execution id="34d8ebf9-e97f-4e21-8a4b-264639a7fd16" />
      <TestMethod codeBase="D:\SFERRARI\01 - TRABAJO\repos\netcore\libs\template-netcore-entities\Kitpymes.Core.Entities.Tests\bin\Release\net5.0\Kitpymes.Core.Entities.Tests.dll" adapterTypeName="executor://mstestadapter/v2" className="Kitpymes.Core.Entities.ValueObjects.Tests.AddressTests" name="OperatorEqual_Passing_Valid_Values_Returns_True" />
    </UnitTest>
    <UnitTest name="OperatorEqual_Passing_Valid_Values_Returns_False (Pader,789,DF7956,Sabadell,Barcelona,España)" storage="d:\sferrari\01 - trabajo\repos\netcore\libs\template-netcore-entities\kitpymes.core.entities.tests\bin\release\net5.0\kitpymes.core.entities.tests.dll" id="be287d70-77c6-48a8-94c7-9b810964432d">
      <Execution id="4b7bdf40-0e66-437f-9c73-61c7ead83b4c" />
      <TestMethod codeBase="D:\SFERRARI\01 - TRABAJO\repos\netcore\libs\template-netcore-entities\Kitpymes.Core.Entities.Tests\bin\Release\net5.0\Kitpymes.Core.Entities.Tests.dll" adapterTypeName="executor://mstestadapter/v2" className="Kitpymes.Core.Entities.ValueObjects.Tests.AddressTests" name="OperatorEqual_Passing_Valid_Values_Returns_False" />
    </UnitTest>
    <UnitTest name="OperatorEqual_Passing_Valid_Values_Returns_True (USD)" storage="d:\sferrari\01 - trabajo\repos\netcore\libs\template-netcore-entities\kitpymes.core.entities.tests\bin\release\net5.0\kitpymes.core.entities.tests.dll" id="c9915d7d-879f-4657-a429-3b9095d986cb">
      <Execution id="22b1f676-1276-49bc-946b-e3326bd98b2e" />
      <TestMethod codeBase="D:\SFERRARI\01 - TRABAJO\repos\netcore\libs\template-netcore-entities\Kitpymes.Core.Entities.Tests\bin\Release\net5.0\Kitpymes.Core.Entities.Tests.dll" adapterTypeName="executor://mstestadapter/v2" className="Kitpymes.Core.Entities.ValueObjects.Tests.CurrencyTests" name="OperatorEqual_Passing_Valid_Values_Returns_True" />
    </UnitTest>
    <UnitTest name="ToNormalize_Passing_Valid_Values_Returns_Address_String_Format (ñandu@gmail.com)" storage="d:\sferrari\01 - trabajo\repos\netcore\libs\template-netcore-entities\kitpymes.core.entities.tests\bin\release\net5.0\kitpymes.core.entities.tests.dll" id="7de77514-4dc1-48fc-ac43-28cc4f5554a9">
      <Execution id="5bf66f70-f310-47c0-9254-3af9c7ad0345" />
      <TestMethod codeBase="D:\SFERRARI\01 - TRABAJO\repos\netcore\libs\template-netcore-entities\Kitpymes.Core.Entities.Tests\bin\Release\net5.0\Kitpymes.Core.Entities.Tests.dll" adapterTypeName="executor://mstestadapter/v2" className="Kitpymes.Core.Entities.ValueObjects.Tests.EmailTests" name="ToNormalize_Passing_Valid_Values_Returns_Address_String_Format" />
    </UnitTest>
    <UnitTest name="OperatorEqual_Passing_Valid_Distinct_Values_Returns_False (Españá)" storage="d:\sferrari\01 - trabajo\repos\netcore\libs\template-netcore-entities\kitpymes.core.entities.tests\bin\release\net5.0\kitpymes.core.entities.tests.dll" id="490ec97e-858f-4c65-9c86-bcd95a764002">
      <Execution id="d951ff49-b105-4845-90fd-b739630acd5f" />
      <TestMethod codeBase="D:\SFERRARI\01 - TRABAJO\repos\netcore\libs\template-netcore-entities\Kitpymes.Core.Entities.Tests\bin\Release\net5.0\Kitpymes.Core.Entities.Tests.dll" adapterTypeName="executor://mstestadapter/v2" className="Kitpymes.Core.Entities.ValueObjects.Tests.NameTests" name="OperatorEqual_Passing_Valid_Distinct_Values_Returns_False" />
    </UnitTest>
    <UnitTest name="OperatorEqual_Passing_Valid_Distinct_Values_Returns_False (200,EUR,4)" storage="d:\sferrari\01 - trabajo\repos\netcore\libs\template-netcore-entities\kitpymes.core.entities.tests\bin\release\net5.0\kitpymes.core.entities.tests.dll" id="77a9c467-b454-4b51-9acd-29829ad227a7">
      <Execution id="f2fe3b02-3ce1-4f34-8e10-d0b47d4fd122" />
      <TestMethod codeBase="D:\SFERRARI\01 - TRABAJO\repos\netcore\libs\template-netcore-entities\Kitpymes.Core.Entities.Tests\bin\Release\net5.0\Kitpymes.Core.Entities.Tests.dll" adapterTypeName="executor://mstestadapter/v2" className="Kitpymes.Core.Entities.ValueObjects.Tests.MoneyTests" name="OperatorEqual_Passing_Valid_Distinct_Values_Returns_False" />
    </UnitTest>
    <UnitTest name="OperatorEqual_Passing_Valid_Distinct_Values_Returns_False (Españç)" storage="d:\sferrari\01 - trabajo\repos\netcore\libs\template-netcore-entities\kitpymes.core.entities.tests\bin\release\net5.0\kitpymes.core.entities.tests.dll" id="92f6164f-0162-4a32-aea2-dd43c8675e30">
      <Execution id="e9ef12be-0b9a-467b-bb54-d8df7b46857a" />
      <TestMethod codeBase="D:\SFERRARI\01 - TRABAJO\repos\netcore\libs\template-netcore-entities\Kitpymes.Core.Entities.Tests\bin\Release\net5.0\Kitpymes.Core.Entities.Tests.dll" adapterTypeName="executor://mstestadapter/v2" className="Kitpymes.Core.Entities.ValueObjects.Tests.NameTests" name="OperatorEqual_Passing_Valid_Distinct_Values_Returns_False" />
    </UnitTest>
    <UnitTest name="ToEnum_Passing_Invalid_Int_Name_Enumeracion_Returns_Null" storage="d:\sferrari\01 - trabajo\repos\netcore\libs\template-netcore-entities\kitpymes.core.entities.tests\bin\release\net5.0\kitpymes.core.entities.tests.dll" id="f422ebaa-ad55-4269-aa96-f88a7f788309">
      <Execution id="1b012303-372d-400d-8ff3-5c0a21cd5b53" />
      <TestMethod codeBase="D:\SFERRARI\01 - TRABAJO\repos\netcore\libs\template-netcore-entities\Kitpymes.Core.Entities.Tests\bin\Release\net5.0\Kitpymes.Core.Entities.Tests.dll" adapterTypeName="executor://mstestadapter/v2" className="Kitpymes.Core.Entities.Enumerations.Tests.CardTypeEnumTests" name="ToEnum_Passing_Invalid_Int_Name_Enumeracion_Returns_Null" />
    </UnitTest>
    <UnitTest name="ToEnum_Passing_Invalid_Int_Name_Enumeracion_Returns_Null" storage="d:\sferrari\01 - trabajo\repos\netcore\libs\template-netcore-entities\kitpymes.core.entities.tests\bin\release\net5.0\kitpymes.core.entities.tests.dll" id="8033d608-52bb-4f75-a357-54b15303ce70">
      <Execution id="eab9694f-5604-4cef-b681-30198146288c" />
      <TestMethod codeBase="D:\SFERRARI\01 - TRABAJO\repos\netcore\libs\template-netcore-entities\Kitpymes.Core.Entities.Tests\bin\Release\net5.0\Kitpymes.Core.Entities.Tests.dll" adapterTypeName="executor://mstestadapter/v2" className="Kitpymes.Core.Entities.Enumerations.Tests.SubscriptionEnumTests" name="ToEnum_Passing_Invalid_Int_Name_Enumeracion_Returns_Null" />
    </UnitTest>
    <UnitTest name="ToEnum_Passing_Invalid_Int_Value_Returns_Null" storage="d:\sferrari\01 - trabajo\repos\netcore\libs\template-netcore-entities\kitpymes.core.entities.tests\bin\release\net5.0\kitpymes.core.entities.tests.dll" id="5b6dce0c-fd35-468b-bb80-3daf3504c1c9">
      <Execution id="72971a99-9d16-4bb4-b4a6-09c1d8f90198" />
      <TestMethod codeBase="D:\SFERRARI\01 - TRABAJO\repos\netcore\libs\template-netcore-entities\Kitpymes.Core.Entities.Tests\bin\Release\net5.0\Kitpymes.Core.Entities.Tests.dll" adapterTypeName="executor://mstestadapter/v2" className="Kitpymes.Core.Entities.Enumerations.Tests.StatusEnumTests" name="ToEnum_Passing_Invalid_Int_Value_Returns_Null" />
    </UnitTest>
    <UnitTest name="Create_Passing_InvalidOrNull_Value_Returns_ApplicationException (34fsds@@sdd.f)" storage="d:\sferrari\01 - trabajo\repos\netcore\libs\template-netcore-entities\kitpymes.core.entities.tests\bin\release\net5.0\kitpymes.core.entities.tests.dll" id="03f91124-39a3-4766-8638-7218bab14182">
      <Execution id="a0be62d2-1d00-414f-b8c5-550436587a8b" />
      <TestMethod codeBase="D:\SFERRARI\01 - TRABAJO\repos\netcore\libs\template-netcore-entities\Kitpymes.Core.Entities.Tests\bin\Release\net5.0\Kitpymes.Core.Entities.Tests.dll" adapterTypeName="executor://mstestadapter/v2" className="Kitpymes.Core.Entities.ValueObjects.Tests.EmailTests" name="Create_Passing_InvalidOrNull_Value_Returns_ApplicationException" />
    </UnitTest>
    <UnitTest name="Equals_Passing_Valid_Values_Returns_True (456,43543543543)" storage="d:\sferrari\01 - trabajo\repos\netcore\libs\template-netcore-entities\kitpymes.core.entities.tests\bin\release\net5.0\kitpymes.core.entities.tests.dll" id="96e031dc-6c00-45d4-802b-a78e0646f0ad">
      <Execution id="70b6bd16-2eda-402f-a2ea-7f4b933ddca0" />
      <TestMethod codeBase="D:\SFERRARI\01 - TRABAJO\repos\netcore\libs\template-netcore-entities\Kitpymes.Core.Entities.Tests\bin\Release\net5.0\Kitpymes.Core.Entities.Tests.dll" adapterTypeName="executor://mstestadapter/v2" className="Kitpymes.Core.Entities.ValueObjects.Tests.TelephoneTests" name="Equals_Passing_Valid_Values_Returns_True" />
    </UnitTest>
    <UnitTest name="Create_Passing_Valid_Values_Returns_Name (Españá)" storage="d:\sferrari\01 - trabajo\repos\netcore\libs\template-netcore-entities\kitpymes.core.entities.tests\bin\release\net5.0\kitpymes.core.entities.tests.dll" id="3865ef0e-25ae-4d0a-98f1-d135356d747a">
      <Execution id="40c01e42-670f-4ef9-87b2-403555ad5df3" />
      <TestMethod codeBase="D:\SFERRARI\01 - TRABAJO\repos\netcore\libs\template-netcore-entities\Kitpymes.Core.Entities.Tests\bin\Release\net5.0\Kitpymes.Core.Entities.Tests.dll" adapterTypeName="executor://mstestadapter/v2" className="Kitpymes.Core.Entities.ValueObjects.Tests.NameTests" name="Create_Passing_Valid_Values_Returns_Name" />
    </UnitTest>
    <UnitTest name="ToString_Passing_Valid_Values_Returns_Name (España)" storage="d:\sferrari\01 - trabajo\repos\netcore\libs\template-netcore-entities\kitpymes.core.entities.tests\bin\release\net5.0\kitpymes.core.entities.tests.dll" id="b8f32266-1c00-4697-ab5a-810fc8822f96">
      <Execution id="29c15b33-4073-447a-99b0-78139cde84bc" />
      <TestMethod codeBase="D:\SFERRARI\01 - TRABAJO\repos\netcore\libs\template-netcore-entities\Kitpymes.Core.Entities.Tests\bin\Release\net5.0\Kitpymes.Core.Entities.Tests.dll" adapterTypeName="executor://mstestadapter/v2" className="Kitpymes.Core.Entities.ValueObjects.Tests.NameTests" name="ToString_Passing_Valid_Values_Returns_Name" />
    </UnitTest>
    <UnitTest name="OperatorNotEqual_Passing_Valid_Values_Returns_True (Tenerife,23,34567,San Bartoleme De Tirajana,Las Palmas,España)" storage="d:\sferrari\01 - trabajo\repos\netcore\libs\template-netcore-entities\kitpymes.core.entities.tests\bin\release\net5.0\kitpymes.core.entities.tests.dll" id="fa1f9eba-d0e1-4212-a79d-ebbd762dad15">
      <Execution id="38653f6b-a04a-4848-8d12-6bc06da4cd9e" />
      <TestMethod codeBase="D:\SFERRARI\01 - TRABAJO\repos\netcore\libs\template-netcore-entities\Kitpymes.Core.Entities.Tests\bin\Release\net5.0\Kitpymes.Core.Entities.Tests.dll" adapterTypeName="executor://mstestadapter/v2" className="Kitpymes.Core.Entities.ValueObjects.Tests.AddressTests" name="OperatorNotEqual_Passing_Valid_Values_Returns_True" />
    </UnitTest>
    <UnitTest name="ToEnum_Passing_Invalid_String_Name_Enumeracion_Returns_Null" storage="d:\sferrari\01 - trabajo\repos\netcore\libs\template-netcore-entities\kitpymes.core.entities.tests\bin\release\net5.0\kitpymes.core.entities.tests.dll" id="7c299aa4-48a0-4cef-926d-15f4809f586d">
      <Execution id="d2c357d3-3c82-4e1e-bc7d-7280743d0b40" />
      <TestMethod codeBase="D:\SFERRARI\01 - TRABAJO\repos\netcore\libs\template-netcore-entities\Kitpymes.Core.Entities.Tests\bin\Release\net5.0\Kitpymes.Core.Entities.Tests.dll" adapterTypeName="executor://mstestadapter/v2" className="Kitpymes.Core.Entities.Enumerations.Tests.GenderTypeEnumTests" name="ToEnum_Passing_Invalid_String_Name_Enumeracion_Returns_Null" />
    </UnitTest>
    <UnitTest name="OperatorEqual_Passing_Valid_Values_Returns_True (Españà)" storage="d:\sferrari\01 - trabajo\repos\netcore\libs\template-netcore-entities\kitpymes.core.entities.tests\bin\release\net5.0\kitpymes.core.entities.tests.dll" id="e439d12a-3f51-443d-b538-fbfa1ca56ea6">
      <Execution id="3752ca47-b330-400c-9648-ab12eb4e7402" />
      <TestMethod codeBase="D:\SFERRARI\01 - TRABAJO\repos\netcore\libs\template-netcore-entities\Kitpymes.Core.Entities.Tests\bin\Release\net5.0\Kitpymes.Core.Entities.Tests.dll" adapterTypeName="executor://mstestadapter/v2" className="Kitpymes.Core.Entities.ValueObjects.Tests.NameTests" name="OperatorEqual_Passing_Valid_Values_Returns_True" />
    </UnitTest>
    <UnitTest name="OperatorNotEqual_Passing_Valid_Values_Returns_False (34fsds@sdd.fgg)" storage="d:\sferrari\01 - trabajo\repos\netcore\libs\template-netcore-entities\kitpymes.core.entities.tests\bin\release\net5.0\kitpymes.core.entities.tests.dll" id="995a6da1-8a0f-48aa-a157-65fa0dc0a314">
      <Execution id="400dd441-03d9-4ac7-9a34-720a6df4a2d3" />
      <TestMethod codeBase="D:\SFERRARI\01 - TRABAJO\repos\netcore\libs\template-netcore-entities\Kitpymes.Core.Entities.Tests\bin\Release\net5.0\Kitpymes.Core.Entities.Tests.dll" adapterTypeName="executor://mstestadapter/v2" className="Kitpymes.Core.Entities.ValueObjects.Tests.EmailTests" name="OperatorNotEqual_Passing_Valid_Values_Returns_False" />
    </UnitTest>
    <UnitTest name="Create_Passing_InvalidOrNull_Value_Returns_ApplicationException (,8768768768)" storage="d:\sferrari\01 - trabajo\repos\netcore\libs\template-netcore-entities\kitpymes.core.entities.tests\bin\release\net5.0\kitpymes.core.entities.tests.dll" id="9cc9b466-14da-468c-ade9-1af342ebaa66">
      <Execution id="409497dc-8f94-4d9d-a2cd-984f746a3fa2" />
      <TestMethod codeBase="D:\SFERRARI\01 - TRABAJO\repos\netcore\libs\template-netcore-entities\Kitpymes.Core.Entities.Tests\bin\Release\net5.0\Kitpymes.Core.Entities.Tests.dll" adapterTypeName="executor://mstestadapter/v2" className="Kitpymes.Core.Entities.ValueObjects.Tests.TelephoneTests" name="Create_Passing_InvalidOrNull_Value_Returns_ApplicationException" />
    </UnitTest>
    <UnitTest name="OperatorNotEqual_Passing_Valid_Values_Returns_True (400,EUR,8)" storage="d:\sferrari\01 - trabajo\repos\netcore\libs\template-netcore-entities\kitpymes.core.entities.tests\bin\release\net5.0\kitpymes.core.entities.tests.dll" id="087582a4-35a8-4064-af92-1d5e5b637dcc">
      <Execution id="3a9e17b7-5371-4815-a9e3-a1f244c2bdec" />
      <TestMethod codeBase="D:\SFERRARI\01 - TRABAJO\repos\netcore\libs\template-netcore-entities\Kitpymes.Core.Entities.Tests\bin\Release\net5.0\Kitpymes.Core.Entities.Tests.dll" adapterTypeName="executor://mstestadapter/v2" className="Kitpymes.Core.Entities.ValueObjects.Tests.MoneyTests" name="OperatorNotEqual_Passing_Valid_Values_Returns_True" />
    </UnitTest>
    <UnitTest name="ToEnum_Passing_Invalid_Int_Name_Enumeracion_Returns_Null" storage="d:\sferrari\01 - trabajo\repos\netcore\libs\template-netcore-entities\kitpymes.core.entities.tests\bin\release\net5.0\kitpymes.core.entities.tests.dll" id="5c0a62fa-7516-4590-a007-4e502538b44e">
      <Execution id="44de6f12-2542-439d-aa50-24020bc96b48" />
      <TestMethod codeBase="D:\SFERRARI\01 - TRABAJO\repos\netcore\libs\template-netcore-entities\Kitpymes.Core.Entities.Tests\bin\Release\net5.0\Kitpymes.Core.Entities.Tests.dll" adapterTypeName="executor://mstestadapter/v2" className="Kitpymes.Core.Entities.Enumerations.Tests.GenderTypeEnumTests" name="ToEnum_Passing_Invalid_Int_Name_Enumeracion_Returns_Null" />
    </UnitTest>
    <UnitTest name="IsNull_Passing_Valid_Value_Returns_False (Españä)" storage="d:\sferrari\01 - trabajo\repos\netcore\libs\template-netcore-entities\kitpymes.core.entities.tests\bin\release\net5.0\kitpymes.core.entities.tests.dll" id="f1c8a9db-f09f-4ede-bdc3-207825f1ca01">
      <Execution id="32ea2142-d5e4-47c1-8025-4433fd814108" />
      <TestMethod codeBase="D:\SFERRARI\01 - TRABAJO\repos\netcore\libs\template-netcore-entities\Kitpymes.Core.Entities.Tests\bin\Release\net5.0\Kitpymes.Core.Entities.Tests.dll" adapterTypeName="executor://mstestadapter/v2" className="Kitpymes.Core.Entities.ValueObjects.Tests.NameTests" name="IsNull_Passing_Valid_Value_Returns_False" />
    </UnitTest>
    <UnitTest name="OperatorEqual_Passing_Valid_Values_Returns_True (stage_hackerone.com)" storage="d:\sferrari\01 - trabajo\repos\netcore\libs\template-netcore-entities\kitpymes.core.entities.tests\bin\release\net5.0\kitpymes.core.entities.tests.dll" id="db5eebe2-6a7a-4aea-8eda-52fd43137603">
      <Execution id="5618e461-c0ce-43b9-b092-2319ff98d276" />
      <TestMethod codeBase="D:\SFERRARI\01 - TRABAJO\repos\netcore\libs\template-netcore-entities\Kitpymes.Core.Entities.Tests\bin\Release\net5.0\Kitpymes.Core.Entities.Tests.dll" adapterTypeName="executor://mstestadapter/v2" className="Kitpymes.Core.Entities.ValueObjects.Tests.SubdomainTests" name="OperatorEqual_Passing_Valid_Values_Returns_True" />
    </UnitTest>
    <UnitTest name="Change_Passing_Valid_Values_Returns_FullName" storage="d:\sferrari\01 - trabajo\repos\netcore\libs\template-netcore-entities\kitpymes.core.entities.tests\bin\release\net5.0\kitpymes.core.entities.tests.dll" id="e9203cfc-ef7e-4695-8b7c-b2b506b95d96">
      <Execution id="3efb2290-415e-4833-a058-2cc88bf24553" />
      <TestMethod codeBase="D:\SFERRARI\01 - TRABAJO\repos\netcore\libs\template-netcore-entities\Kitpymes.Core.Entities.Tests\bin\Release\net5.0\Kitpymes.Core.Entities.Tests.dll" adapterTypeName="executor://mstestadapter/v2" className="Kitpymes.Core.Entities.ValueObjects.Tests.FullNameTests" name="Change_Passing_Valid_Values_Returns_FullName" />
    </UnitTest>
    <UnitTest name="Equals_Passing_Valid_Values_Returns_False (Pader,789,DF7956,Sabadell,Barcelona,España)" storage="d:\sferrari\01 - trabajo\repos\netcore\libs\template-netcore-entities\kitpymes.core.entities.tests\bin\release\net5.0\kitpymes.core.entities.tests.dll" id="2e41a54f-bf3c-48dc-b347-271670f3a2c6">
      <Execution id="dbb80937-b79e-4a10-ac4a-fe0998d2db6b" />
      <TestMethod codeBase="D:\SFERRARI\01 - TRABAJO\repos\netcore\libs\template-netcore-entities\Kitpymes.Core.Entities.Tests\bin\Release\net5.0\Kitpymes.Core.Entities.Tests.dll" adapterTypeName="executor://mstestadapter/v2" className="Kitpymes.Core.Entities.ValueObjects.Tests.AddressTests" name="Equals_Passing_Valid_Values_Returns_False" />
    </UnitTest>
    <UnitTest name="Change_Passing_Valid_Values_Returns_Address (400,EUR,8)" storage="d:\sferrari\01 - trabajo\repos\netcore\libs\template-netcore-entities\kitpymes.core.entities.tests\bin\release\net5.0\kitpymes.core.entities.tests.dll" id="b102a2bd-e1b8-4395-a0f4-2070c6694e02">
      <Execution id="7a4ff0ae-2bd3-44bd-9925-d33259be34ce" />
      <TestMethod codeBase="D:\SFERRARI\01 - TRABAJO\repos\netcore\libs\template-netcore-entities\Kitpymes.Core.Entities.Tests\bin\Release\net5.0\Kitpymes.Core.Entities.Tests.dll" adapterTypeName="executor://mstestadapter/v2" className="Kitpymes.Core.Entities.ValueObjects.Tests.MoneyTests" name="Change_Passing_Valid_Values_Returns_Address" />
    </UnitTest>
    <UnitTest name="OperatorNotEqual_Passing_Valid_Values_Returns_False (app.hackerone1.com)" storage="d:\sferrari\01 - trabajo\repos\netcore\libs\template-netcore-entities\kitpymes.core.entities.tests\bin\release\net5.0\kitpymes.core.entities.tests.dll" id="7659c67a-4a41-47fd-89b4-b830cf35858e">
      <Execution id="ef9e554e-9a14-40a8-8255-54911ae5d5f4" />
      <TestMethod codeBase="D:\SFERRARI\01 - TRABAJO\repos\netcore\libs\template-netcore-entities\Kitpymes.Core.Entities.Tests\bin\Release\net5.0\Kitpymes.Core.Entities.Tests.dll" adapterTypeName="executor://mstestadapter/v2" className="Kitpymes.Core.Entities.ValueObjects.Tests.SubdomainTests" name="OperatorNotEqual_Passing_Valid_Values_Returns_False" />
    </UnitTest>
    <UnitTest name="Equals_Passing_Valid_Values_Returns_True (200,EUR,4)" storage="d:\sferrari\01 - trabajo\repos\netcore\libs\template-netcore-entities\kitpymes.core.entities.tests\bin\release\net5.0\kitpymes.core.entities.tests.dll" id="01a2799b-e232-4a6c-8e4c-b6430c97c2c4">
      <Execution id="a51a3403-414b-4ac6-a569-4345a3b038ef" />
      <TestMethod codeBase="D:\SFERRARI\01 - TRABAJO\repos\netcore\libs\template-netcore-entities\Kitpymes.Core.Entities.Tests\bin\Release\net5.0\Kitpymes.Core.Entities.Tests.dll" adapterTypeName="executor://mstestadapter/v2" className="Kitpymes.Core.Entities.ValueObjects.Tests.MoneyTests" name="Equals_Passing_Valid_Values_Returns_True" />
    </UnitTest>
    <UnitTest name="OperatorNotEqual_Passing_Valid_Values_Returns_True (dasdasd@dsasd.ff)" storage="d:\sferrari\01 - trabajo\repos\netcore\libs\template-netcore-entities\kitpymes.core.entities.tests\bin\release\net5.0\kitpymes.core.entities.tests.dll" id="a88981f7-bf7e-47d4-a23f-cfcf43b1c1a9">
      <Execution id="d53cc46d-886e-47c9-8419-ece6fbb92481" />
      <TestMethod codeBase="D:\SFERRARI\01 - TRABAJO\repos\netcore\libs\template-netcore-entities\Kitpymes.Core.Entities.Tests\bin\Release\net5.0\Kitpymes.Core.Entities.Tests.dll" adapterTypeName="executor://mstestadapter/v2" className="Kitpymes.Core.Entities.ValueObjects.Tests.EmailTests" name="OperatorNotEqual_Passing_Valid_Values_Returns_True" />
    </UnitTest>
    <UnitTest name="ToEnum_Passing_Valid_Bool_Value_Returns_Enumeracion" storage="d:\sferrari\01 - trabajo\repos\netcore\libs\template-netcore-entities\kitpymes.core.entities.tests\bin\release\net5.0\kitpymes.core.entities.tests.dll" id="8bcc3006-94da-4f6c-b3e6-9a719e5822b9">
      <Execution id="56a36b78-de5d-40ff-9f99-a3d966d2ac38" />
      <TestMethod codeBase="D:\SFERRARI\01 - TRABAJO\repos\netcore\libs\template-netcore-entities\Kitpymes.Core.Entities.Tests\bin\Release\net5.0\Kitpymes.Core.Entities.Tests.dll" adapterTypeName="executor://mstestadapter/v2" className="Kitpymes.Core.Entities.Enumerations.Tests.StatusEnumTests" name="ToEnum_Passing_Valid_Bool_Value_Returns_Enumeracion" />
    </UnitTest>
    <UnitTest name="OperatorEqual_Passing_Valid_Distinct_Values_Returns_False (Esp añâ)" storage="d:\sferrari\01 - trabajo\repos\netcore\libs\template-netcore-entities\kitpymes.core.entities.tests\bin\release\net5.0\kitpymes.core.entities.tests.dll" id="131de3f4-a0d5-4356-afd5-29c166f8fd85">
      <Execution id="3e530f89-dce5-46fe-8adc-978c32390de1" />
      <TestMethod codeBase="D:\SFERRARI\01 - TRABAJO\repos\netcore\libs\template-netcore-entities\Kitpymes.Core.Entities.Tests\bin\Release\net5.0\Kitpymes.Core.Entities.Tests.dll" adapterTypeName="executor://mstestadapter/v2" className="Kitpymes.Core.Entities.ValueObjects.Tests.NameTests" name="OperatorEqual_Passing_Valid_Distinct_Values_Returns_False" />
    </UnitTest>
    <UnitTest name="Equals_Passing_Valid_Values_Returns_True (Sabadell)" storage="d:\sferrari\01 - trabajo\repos\netcore\libs\template-netcore-entities\kitpymes.core.entities.tests\bin\release\net5.0\kitpymes.core.entities.tests.dll" id="c0e1f9f7-4e4f-4694-9986-ff0cd1f9bbe9">
      <Execution id="0f4fa54e-2337-49e9-bc10-499cbf2a7df0" />
      <TestMethod codeBase="D:\SFERRARI\01 - TRABAJO\repos\netcore\libs\template-netcore-entities\Kitpymes.Core.Entities.Tests\bin\Release\net5.0\Kitpymes.Core.Entities.Tests.dll" adapterTypeName="executor://mstestadapter/v2" className="Kitpymes.Core.Entities.ValueObjects.Tests.StringIdTests" name="Equals_Passing_Valid_Values_Returns_True" />
    </UnitTest>
    <UnitTest name="ToNormalize_Passing_Valid_Values_Returns_Address_String_Format (aaads@ggg.cc)" storage="d:\sferrari\01 - trabajo\repos\netcore\libs\template-netcore-entities\kitpymes.core.entities.tests\bin\release\net5.0\kitpymes.core.entities.tests.dll" id="41ad6440-1157-44c8-afe5-69a1c700f9cd">
      <Execution id="723ce3d2-b6c5-4e78-8375-2f0d3b835ef5" />
      <TestMethod codeBase="D:\SFERRARI\01 - TRABAJO\repos\netcore\libs\template-netcore-entities\Kitpymes.Core.Entities.Tests\bin\Release\net5.0\Kitpymes.Core.Entities.Tests.dll" adapterTypeName="executor://mstestadapter/v2" className="Kitpymes.Core.Entities.ValueObjects.Tests.EmailTests" name="ToNormalize_Passing_Valid_Values_Returns_Address_String_Format" />
    </UnitTest>
    <UnitTest name="ToEnum_Passing_Invalid_Int_Name_Enumeracion_Returns_Null" storage="d:\sferrari\01 - trabajo\repos\netcore\libs\template-netcore-entities\kitpymes.core.entities.tests\bin\release\net5.0\kitpymes.core.entities.tests.dll" id="7a490be0-b768-4fc2-9d76-11f90fdcb45c">
      <Execution id="52932b9a-1ab8-4706-9181-dc62f0c20d75" />
      <TestMethod codeBase="D:\SFERRARI\01 - TRABAJO\repos\netcore\libs\template-netcore-entities\Kitpymes.Core.Entities.Tests\bin\Release\net5.0\Kitpymes.Core.Entities.Tests.dll" adapterTypeName="executor://mstestadapter/v2" className="Kitpymes.Core.Entities.Enumerations.Tests.LogTypeEnumTests" name="ToEnum_Passing_Invalid_Int_Name_Enumeracion_Returns_Null" />
    </UnitTest>
    <UnitTest name="Equals_Passing_Valid_Values_Returns_True (San Bartoleme De Tirajana)" storage="d:\sferrari\01 - trabajo\repos\netcore\libs\template-netcore-entities\kitpymes.core.entities.tests\bin\release\net5.0\kitpymes.core.entities.tests.dll" id="962a12b8-3913-4c72-98cf-f7f92ae10cd3">
      <Execution id="c383da37-37db-4f64-87f2-cde618930b9c" />
      <TestMethod codeBase="D:\SFERRARI\01 - TRABAJO\repos\netcore\libs\template-netcore-entities\Kitpymes.Core.Entities.Tests\bin\Release\net5.0\Kitpymes.Core.Entities.Tests.dll" adapterTypeName="executor://mstestadapter/v2" className="Kitpymes.Core.Entities.ValueObjects.Tests.StringIdTests" name="Equals_Passing_Valid_Values_Returns_True" />
    </UnitTest>
    <UnitTest name="Create_Passing_InvalidOrNull_Value_Returns_ApplicationException ()" storage="d:\sferrari\01 - trabajo\repos\netcore\libs\template-netcore-entities\kitpymes.core.entities.tests\bin\release\net5.0\kitpymes.core.entities.tests.dll" id="c273a854-7826-4c1d-abc4-da0355f7bcc9">
      <Execution id="dd897a88-64cd-4e3f-8c5a-04cf2083c983" />
      <TestMethod codeBase="D:\SFERRARI\01 - TRABAJO\repos\netcore\libs\template-netcore-entities\Kitpymes.Core.Entities.Tests\bin\Release\net5.0\Kitpymes.Core.Entities.Tests.dll" adapterTypeName="executor://mstestadapter/v2" className="Kitpymes.Core.Entities.ValueObjects.Tests.EmailTests" name="Create_Passing_InvalidOrNull_Value_Returns_ApplicationException" />
    </UnitTest>
    <UnitTest name="Create_Passing_Valid_Values_Returns_FullName (Sabadell,Barcelona,España)" storage="d:\sferrari\01 - trabajo\repos\netcore\libs\template-netcore-entities\kitpymes.core.entities.tests\bin\release\net5.0\kitpymes.core.entities.tests.dll" id="70f21413-8fef-4a1b-a7dd-f956f09d6fb2">
      <Execution id="3dc2f66c-b832-4a42-8b19-e780255c1999" />
      <TestMethod codeBase="D:\SFERRARI\01 - TRABAJO\repos\netcore\libs\template-netcore-entities\Kitpymes.Core.Entities.Tests\bin\Release\net5.0\Kitpymes.Core.Entities.Tests.dll" adapterTypeName="executor://mstestadapter/v2" className="Kitpymes.Core.Entities.ValueObjects.Tests.FullNameTests" name="Create_Passing_Valid_Values_Returns_FullName" />
    </UnitTest>
    <UnitTest name="IsNull_Passing_Valid_Value_Returns_False (www.hackerone-com)" storage="d:\sferrari\01 - trabajo\repos\netcore\libs\template-netcore-entities\kitpymes.core.entities.tests\bin\release\net5.0\kitpymes.core.entities.tests.dll" id="ab6df1e3-e1b1-4ba4-b401-1618b38da68e">
      <Execution id="565916c0-9272-45dd-a121-39cb4f80b6fe" />
      <TestMethod codeBase="D:\SFERRARI\01 - TRABAJO\repos\netcore\libs\template-netcore-entities\Kitpymes.Core.Entities.Tests\bin\Release\net5.0\Kitpymes.Core.Entities.Tests.dll" adapterTypeName="executor://mstestadapter/v2" className="Kitpymes.Core.Entities.ValueObjects.Tests.SubdomainTests" name="IsNull_Passing_Valid_Value_Returns_False" />
    </UnitTest>
    <UnitTest name="Create_Passing_InvalidOrNull_Value_Returns_ApplicationException ()" storage="d:\sferrari\01 - trabajo\repos\netcore\libs\template-netcore-entities\kitpymes.core.entities.tests\bin\release\net5.0\kitpymes.core.entities.tests.dll" id="86fdebed-c265-4a2e-ad3d-6a7c459989c2">
      <Execution id="243a9c86-351d-4546-8af6-1eabd188f8ec" />
      <TestMethod codeBase="D:\SFERRARI\01 - TRABAJO\repos\netcore\libs\template-netcore-entities\Kitpymes.Core.Entities.Tests\bin\Release\net5.0\Kitpymes.Core.Entities.Tests.dll" adapterTypeName="executor://mstestadapter/v2" className="Kitpymes.Core.Entities.ValueObjects.Tests.SubdomainTests" name="Create_Passing_InvalidOrNull_Value_Returns_ApplicationException" />
    </UnitTest>
    <UnitTest name="Create_Passing_InvalidOrNull_Value_Returns_ApplicationException (4324324,0)" storage="d:\sferrari\01 - trabajo\repos\netcore\libs\template-netcore-entities\kitpymes.core.entities.tests\bin\release\net5.0\kitpymes.core.entities.tests.dll" id="bb82cb4b-9b58-4e6f-96b4-ec79a3bb4e26">
      <Execution id="835c2db3-9b41-44e3-943c-9491381c1721" />
      <TestMethod codeBase="D:\SFERRARI\01 - TRABAJO\repos\netcore\libs\template-netcore-entities\Kitpymes.Core.Entities.Tests\bin\Release\net5.0\Kitpymes.Core.Entities.Tests.dll" adapterTypeName="executor://mstestadapter/v2" className="Kitpymes.Core.Entities.ValueObjects.Tests.TelephoneTests" name="Create_Passing_InvalidOrNull_Value_Returns_ApplicationException" />
    </UnitTest>
    <UnitTest name="Create_Passing_Valid_Values_Returns_Address (200,EUR,4)" storage="d:\sferrari\01 - trabajo\repos\netcore\libs\template-netcore-entities\kitpymes.core.entities.tests\bin\release\net5.0\kitpymes.core.entities.tests.dll" id="563c728b-2db5-4366-92c1-4045230db61b">
      <Execution id="6d328e0d-c3bb-4c05-8ef3-5c9f3bb2ec25" />
      <TestMethod codeBase="D:\SFERRARI\01 - TRABAJO\repos\netcore\libs\template-netcore-entities\Kitpymes.Core.Entities.Tests\bin\Release\net5.0\Kitpymes.Core.Entities.Tests.dll" adapterTypeName="executor://mstestadapter/v2" className="Kitpymes.Core.Entities.ValueObjects.Tests.MoneyTests" name="Create_Passing_Valid_Values_Returns_Address" />
    </UnitTest>
    <UnitTest name="Equals_Passing_Valid_Distinct_Values_Returns_False (Españç)" storage="d:\sferrari\01 - trabajo\repos\netcore\libs\template-netcore-entities\kitpymes.core.entities.tests\bin\release\net5.0\kitpymes.core.entities.tests.dll" id="64fb1d76-d2f7-43ec-bb63-d4a23ca79c90">
      <Execution id="696e1775-8015-45ef-bf46-a8396d65a76a" />
      <TestMethod codeBase="D:\SFERRARI\01 - TRABAJO\repos\netcore\libs\template-netcore-entities\Kitpymes.Core.Entities.Tests\bin\Release\net5.0\Kitpymes.Core.Entities.Tests.dll" adapterTypeName="executor://mstestadapter/v2" className="Kitpymes.Core.Entities.ValueObjects.Tests.NameTests" name="Equals_Passing_Valid_Distinct_Values_Returns_False" />
    </UnitTest>
    <UnitTest name="OperatorNotEqual_Passing_Valid_Values_Returns_True (EUR)" storage="d:\sferrari\01 - trabajo\repos\netcore\libs\template-netcore-entities\kitpymes.core.entities.tests\bin\release\net5.0\kitpymes.core.entities.tests.dll" id="1a3a6c81-7b1a-4c75-b317-b2337065ed1b">
      <Execution id="1ccae581-04e3-49f7-9db0-105c7d5d1b32" />
      <TestMethod codeBase="D:\SFERRARI\01 - TRABAJO\repos\netcore\libs\template-netcore-entities\Kitpymes.Core.Entities.Tests\bin\Release\net5.0\Kitpymes.Core.Entities.Tests.dll" adapterTypeName="executor://mstestadapter/v2" className="Kitpymes.Core.Entities.ValueObjects.Tests.CurrencyTests" name="OperatorNotEqual_Passing_Valid_Values_Returns_True" />
    </UnitTest>
    <UnitTest name="ToString_Passing_Valid_Values_Returns_StringId (Sabadell)" storage="d:\sferrari\01 - trabajo\repos\netcore\libs\template-netcore-entities\kitpymes.core.entities.tests\bin\release\net5.0\kitpymes.core.entities.tests.dll" id="d77c390b-c2c8-4891-86b4-c9accad6aef6">
      <Execution id="59ef11f0-47d8-4550-9773-dba709651f25" />
      <TestMethod codeBase="D:\SFERRARI\01 - TRABAJO\repos\netcore\libs\template-netcore-entities\Kitpymes.Core.Entities.Tests\bin\Release\net5.0\Kitpymes.Core.Entities.Tests.dll" adapterTypeName="executor://mstestadapter/v2" className="Kitpymes.Core.Entities.ValueObjects.Tests.StringIdTests" name="ToString_Passing_Valid_Values_Returns_StringId" />
    </UnitTest>
    <UnitTest name="IsNull_Passing_Null_Value_Returns_True" storage="d:\sferrari\01 - trabajo\repos\netcore\libs\template-netcore-entities\kitpymes.core.entities.tests\bin\release\net5.0\kitpymes.core.entities.tests.dll" id="b3dccaaf-e146-4b1c-a648-ce4b768a4e89">
      <Execution id="9678f1e2-aabf-4e85-93e7-a5b6ffe1df63" />
      <TestMethod codeBase="D:\SFERRARI\01 - TRABAJO\repos\netcore\libs\template-netcore-entities\Kitpymes.Core.Entities.Tests\bin\Release\net5.0\Kitpymes.Core.Entities.Tests.dll" adapterTypeName="executor://mstestadapter/v2" className="Kitpymes.Core.Entities.ValueObjects.Tests.FullNameTests" name="IsNull_Passing_Null_Value_Returns_True" />
    </UnitTest>
    <UnitTest name="ToString_Passing_Valid_Values_Returns_Name (Españä)" storage="d:\sferrari\01 - trabajo\repos\netcore\libs\template-netcore-entities\kitpymes.core.entities.tests\bin\release\net5.0\kitpymes.core.entities.tests.dll" id="6026d378-a5ea-467c-8c94-c56d31219863">
      <Execution id="9ad3d431-a03c-4b64-a9da-99828df03065" />
      <TestMethod codeBase="D:\SFERRARI\01 - TRABAJO\repos\netcore\libs\template-netcore-entities\Kitpymes.Core.Entities.Tests\bin\Release\net5.0\Kitpymes.Core.Entities.Tests.dll" adapterTypeName="executor://mstestadapter/v2" className="Kitpymes.Core.Entities.ValueObjects.Tests.NameTests" name="ToString_Passing_Valid_Values_Returns_Name" />
    </UnitTest>
    <UnitTest name="IsNull_Passing_Valid_Values_Returns_False (Tenerife,San Bartoleme De Tirajana,Las Palmas)" storage="d:\sferrari\01 - trabajo\repos\netcore\libs\template-netcore-entities\kitpymes.core.entities.tests\bin\release\net5.0\kitpymes.core.entities.tests.dll" id="e6611b40-6957-4f43-9533-8c6b011f49a8">
      <Execution id="474aa3c1-5e73-4299-b659-227a601620ba" />
      <TestMethod codeBase="D:\SFERRARI\01 - TRABAJO\repos\netcore\libs\template-netcore-entities\Kitpymes.Core.Entities.Tests\bin\Release\net5.0\Kitpymes.Core.Entities.Tests.dll" adapterTypeName="executor://mstestadapter/v2" className="Kitpymes.Core.Entities.ValueObjects.Tests.FullNameTests" name="IsNull_Passing_Valid_Values_Returns_False" />
    </UnitTest>
  </TestDefinitions>
  <TestEntries>
    <TestEntry testId="a3577f14-18dd-40a5-8d79-0a831aee6ab2" executionId="84019c88-378b-4058-80a3-f2057cc6342d" testListId="8c84fa94-04c1-424b-9868-57a2d4851a1d" />
    <TestEntry testId="0e0e59a4-40c7-49cb-bf62-564dedb3f8ec" executionId="bd2caab5-d9b7-4e7e-80ee-0a0443a3f699" testListId="8c84fa94-04c1-424b-9868-57a2d4851a1d" />
    <TestEntry testId="26159545-6e62-435e-b5c1-9ad38a1db0cd" executionId="5818b4d3-e9a0-4ee9-b991-fb6fa0a8ec51" testListId="8c84fa94-04c1-424b-9868-57a2d4851a1d" />
    <TestEntry testId="5a32fbc5-0699-4e51-ad46-7847f511e618" executionId="0f79e2e4-93d0-402d-9ae7-0566a01c1a78" testListId="8c84fa94-04c1-424b-9868-57a2d4851a1d" />
    <TestEntry testId="490ec97e-858f-4c65-9c86-bcd95a764002" executionId="d951ff49-b105-4845-90fd-b739630acd5f" testListId="8c84fa94-04c1-424b-9868-57a2d4851a1d" />
    <TestEntry testId="b8f32266-1c00-4697-ab5a-810fc8822f96" executionId="29c15b33-4073-447a-99b0-78139cde84bc" testListId="8c84fa94-04c1-424b-9868-57a2d4851a1d" />
    <TestEntry testId="661cf950-1df7-4a02-a1b8-ec8e89d2c982" executionId="1e633169-357a-438d-b620-ab0e38a8c849" testListId="8c84fa94-04c1-424b-9868-57a2d4851a1d" />
    <TestEntry testId="389dac06-5d5b-48ff-8b2a-5b1835f93da0" executionId="a9fc0356-56e2-480f-bc22-9970ceaada3a" testListId="8c84fa94-04c1-424b-9868-57a2d4851a1d" />
    <TestEntry testId="3baba8a8-4484-4eac-9c47-db594dd5a7a4" executionId="fc8a366d-6433-468f-8415-80a8e215436e" testListId="8c84fa94-04c1-424b-9868-57a2d4851a1d" />
    <TestEntry testId="c4d1db9d-fa28-440b-a021-44dc746f8b81" executionId="1e248ac5-ce7d-4c24-9c9a-df3ac2332f8f" testListId="8c84fa94-04c1-424b-9868-57a2d4851a1d" />
    <TestEntry testId="4abcd1fa-5153-4450-be5f-3e0ce4016a58" executionId="2270b1c0-6577-4f1e-8234-2c3370369a5f" testListId="8c84fa94-04c1-424b-9868-57a2d4851a1d" />
    <TestEntry testId="e04938d3-3632-4999-aecf-97132633d9c7" executionId="dc0d2726-a98e-4b6b-a221-6e203102efae" testListId="8c84fa94-04c1-424b-9868-57a2d4851a1d" />
    <TestEntry testId="c829347b-a7cb-4a1a-a49e-1b5c254890c3" executionId="2f5c9a36-9c16-4072-8a5c-ecbe94c6e94e" testListId="8c84fa94-04c1-424b-9868-57a2d4851a1d" />
    <TestEntry testId="a102f1c1-93a2-44a0-8440-ab93f6812038" executionId="05e4e91b-bd7d-49c3-9076-3e80e5fc7896" testListId="8c84fa94-04c1-424b-9868-57a2d4851a1d" />
    <TestEntry testId="962a12b8-3913-4c72-98cf-f7f92ae10cd3" executionId="c383da37-37db-4f64-87f2-cde618930b9c" testListId="8c84fa94-04c1-424b-9868-57a2d4851a1d" />
    <TestEntry testId="53c1ec47-9fc4-4d8e-b317-50e55ae13c9a" executionId="391ee285-7e36-4afe-ac16-bb54fa645526" testListId="8c84fa94-04c1-424b-9868-57a2d4851a1d" />
    <TestEntry testId="bf9d5cf7-ce69-45a3-bdba-5fb3455c6afd" executionId="599d5a29-fd35-4b45-b99c-40c5f32fe554" testListId="8c84fa94-04c1-424b-9868-57a2d4851a1d" />
    <TestEntry testId="eec2cc74-298a-47ac-a5f8-7e6366ec2b04" executionId="f1e4895a-d81c-4d11-a792-7a2a48984dd7" testListId="8c84fa94-04c1-424b-9868-57a2d4851a1d" />
    <TestEntry testId="2963f3ca-c5c6-43a2-94f4-a8e355ace8b8" executionId="6310021d-ffa1-4b38-b366-3cb4a602be6a" testListId="8c84fa94-04c1-424b-9868-57a2d4851a1d" />
    <TestEntry testId="ebeff724-a159-4c27-9a45-9c7d12779fbf" executionId="0207b797-91ff-410d-aee8-ed9e95e0cc83" testListId="8c84fa94-04c1-424b-9868-57a2d4851a1d" />
    <TestEntry testId="8b5d939e-5be4-4626-9a79-fd35c29e6f85" executionId="85d587d8-9908-41a7-bb70-8312ef305d75" testListId="8c84fa94-04c1-424b-9868-57a2d4851a1d" />
    <TestEntry testId="c19fdd94-0482-43a8-8fcc-9389adaa305e" executionId="1151d227-1c58-4379-94a2-97e06972ef24" testListId="8c84fa94-04c1-424b-9868-57a2d4851a1d" />
    <TestEntry testId="95cb5f00-663a-4b26-893b-7a912adfdacf" executionId="beae6b02-c517-435a-b89d-f3e697262065" testListId="8c84fa94-04c1-424b-9868-57a2d4851a1d" />
    <TestEntry testId="e9203cfc-ef7e-4695-8b7c-b2b506b95d96" executionId="3efb2290-415e-4833-a058-2cc88bf24553" testListId="8c84fa94-04c1-424b-9868-57a2d4851a1d" />
    <TestEntry testId="9a623ace-f0a9-4cde-b0cc-990664efd17e" executionId="c2c171ae-7430-46c5-9c7e-bd160ad48104" testListId="8c84fa94-04c1-424b-9868-57a2d4851a1d" />
    <TestEntry testId="f19404c8-e2c9-415b-a627-799485bccda6" executionId="4e40b8ff-51bd-4a52-8ae0-60ea2db7f5ba" testListId="8c84fa94-04c1-424b-9868-57a2d4851a1d" />
    <TestEntry testId="f98c2bb4-42c5-4f6a-871e-a918b69affc9" executionId="f69bf3de-a5ba-4296-982c-52354f59fedd" testListId="8c84fa94-04c1-424b-9868-57a2d4851a1d" />
    <TestEntry testId="000727a7-1e83-4a68-be6a-f7b138d1627c" executionId="73575bfc-7f45-4423-bbd6-61cecf1dafe0" testListId="8c84fa94-04c1-424b-9868-57a2d4851a1d" />
    <TestEntry testId="75904b9e-8385-4b67-b29d-ea767107f922" executionId="cccc1029-7c75-4470-b02e-7aa02682b441" testListId="8c84fa94-04c1-424b-9868-57a2d4851a1d" />
    <TestEntry testId="e3c8086c-42fe-4547-a761-3003baa8cf4d" executionId="ddc2a998-189a-4d4e-9c0b-9afbe71d136d" testListId="8c84fa94-04c1-424b-9868-57a2d4851a1d" />
    <TestEntry testId="6f9f848d-3e50-4102-8419-90a25570d9fc" executionId="9a8c4741-01e8-46db-ad5e-84dd3ac30957" testListId="8c84fa94-04c1-424b-9868-57a2d4851a1d" />
    <TestEntry testId="c913c556-4da6-4d2c-abc6-561f82196a46" executionId="8c59fda6-9a4c-4f17-8804-46c0723bef83" testListId="8c84fa94-04c1-424b-9868-57a2d4851a1d" />
    <TestEntry testId="5c0a62fa-7516-4590-a007-4e502538b44e" executionId="44de6f12-2542-439d-aa50-24020bc96b48" testListId="8c84fa94-04c1-424b-9868-57a2d4851a1d" />
    <TestEntry testId="04e293fc-99c2-4a6b-89e2-fb9d1052fc3e" executionId="d96e392e-eee1-4c71-90c1-d779a882f1d5" testListId="8c84fa94-04c1-424b-9868-57a2d4851a1d" />
    <TestEntry testId="6d735cdf-d550-4391-bb60-9690c5273269" executionId="2d4f59a7-663d-4fa7-9702-cc9282867dbe" testListId="8c84fa94-04c1-424b-9868-57a2d4851a1d" />
    <TestEntry testId="5656233e-0108-4506-8a8d-30c1293d67b8" executionId="8f66a5e6-aacb-4c17-a373-14f34f7dd96f" testListId="8c84fa94-04c1-424b-9868-57a2d4851a1d" />
    <TestEntry testId="53f0d44f-beda-41f2-9fbe-b3cb80119631" executionId="ace01904-76e2-426f-a784-1ac1cda9026b" testListId="8c84fa94-04c1-424b-9868-57a2d4851a1d" />
    <TestEntry testId="eaf62ff2-915b-438a-bb4a-ab3546a568ed" executionId="9800b0ae-285a-421a-884c-d6cc6c1218ac" testListId="8c84fa94-04c1-424b-9868-57a2d4851a1d" />
    <TestEntry testId="a1bc1459-ec54-4f1f-ba1a-f58cf33f74f8" executionId="9d6c67bb-9278-4c3c-a286-ca82b808097e" testListId="8c84fa94-04c1-424b-9868-57a2d4851a1d" />
    <TestEntry testId="918b9d0c-6111-4af9-bd3f-afd0f636cb19" executionId="ffbd6c5c-f05d-4811-8a14-f2ba4230784b" testListId="8c84fa94-04c1-424b-9868-57a2d4851a1d" />
    <TestEntry testId="188e6bbe-6a52-497f-82a2-5d1444a729c6" executionId="55c42429-60ad-4c2d-8185-50091ed5a779" testListId="8c84fa94-04c1-424b-9868-57a2d4851a1d" />
    <TestEntry testId="e03b5f6a-a8e3-4d7e-839e-bd39cffd50c3" executionId="7f6d16fe-f755-41a8-b5d2-3bc587389110" testListId="8c84fa94-04c1-424b-9868-57a2d4851a1d" />
    <TestEntry testId="7f2489bf-4d0d-4cef-8b0d-36bdedcfe164" executionId="eeeac387-4140-4c71-a7e5-b77c0b9e6007" testListId="8c84fa94-04c1-424b-9868-57a2d4851a1d" />
    <TestEntry testId="5c7ff423-dbe3-4ecc-a887-58f1a3faf4ff" executionId="ba77e4cd-4176-4d36-a16f-42d97cbe85bb" testListId="8c84fa94-04c1-424b-9868-57a2d4851a1d" />
    <TestEntry testId="947834ab-4ff9-425e-a1e0-751878432ff7" executionId="3ff66f69-55cb-4dbe-ad74-ef797499523f" testListId="8c84fa94-04c1-424b-9868-57a2d4851a1d" />
    <TestEntry testId="eb5ef4de-3668-42c2-af61-18f6001c0b97" executionId="4e6f3f3c-0cd2-4d76-9691-e8ad64c45cb8" testListId="8c84fa94-04c1-424b-9868-57a2d4851a1d" />
    <TestEntry testId="3b908749-620d-416b-90ba-3c65891479f9" executionId="f3bb5779-1635-41ec-bc4a-e8da91c401dc" testListId="8c84fa94-04c1-424b-9868-57a2d4851a1d" />
    <TestEntry testId="0807d7a5-895d-4627-8c8e-c0385f6bcdaa" executionId="3bd779ea-bf46-4952-98fe-c61273a68516" testListId="8c84fa94-04c1-424b-9868-57a2d4851a1d" />
    <TestEntry testId="5928d372-03c0-4960-a321-01ec11f7b9b4" executionId="613eedda-0b90-4139-8d38-4c29037a0ced" testListId="8c84fa94-04c1-424b-9868-57a2d4851a1d" />
    <TestEntry testId="70f21413-8fef-4a1b-a7dd-f956f09d6fb2" executionId="3dc2f66c-b832-4a42-8b19-e780255c1999" testListId="8c84fa94-04c1-424b-9868-57a2d4851a1d" />
    <TestEntry testId="1a2c81d5-0717-40ea-92ec-217856625b2f" executionId="1c07389a-35d8-46c3-be68-527b4351a25c" testListId="8c84fa94-04c1-424b-9868-57a2d4851a1d" />
    <TestEntry testId="9d027702-8492-4729-9b2c-b2bbd8d3717a" executionId="5b3f9279-4ca8-4dd9-bc6a-a0cc0a8cbdc4" testListId="8c84fa94-04c1-424b-9868-57a2d4851a1d" />
    <TestEntry testId="8417405e-68b3-46a4-be88-4712ee971947" executionId="4fe9dda9-618c-4915-bfc7-5cd4969060bb" testListId="8c84fa94-04c1-424b-9868-57a2d4851a1d" />
    <TestEntry testId="4ee73a94-1583-463c-872d-433c947ca148" executionId="f98f8c5b-57dc-4248-981e-8f6cdb8201c2" testListId="8c84fa94-04c1-424b-9868-57a2d4851a1d" />
    <TestEntry testId="dc289833-ed0d-49d6-8d1d-8eb9538dc119" executionId="c63b2e76-a82d-44be-8fed-4e9746a9c4ed" testListId="8c84fa94-04c1-424b-9868-57a2d4851a1d" />
    <TestEntry testId="f3cd7c1f-5fb0-4ab1-8636-336075ec5cb0" executionId="6d0c3683-75c1-466e-8312-4a86da9efaae" testListId="8c84fa94-04c1-424b-9868-57a2d4851a1d" />
    <TestEntry testId="697a4e21-c1fd-41a8-b4c0-52854e3b364c" executionId="3520abb3-38ea-469b-99cf-c0c3f83352e9" testListId="8c84fa94-04c1-424b-9868-57a2d4851a1d" />
    <TestEntry testId="ee3254e3-e799-49d9-a782-90fa2fdd08f1" executionId="4cf257f7-3262-4946-ae4e-50017588822f" testListId="8c84fa94-04c1-424b-9868-57a2d4851a1d" />
    <TestEntry testId="d2c6efe1-844f-4a5d-9e9f-d88deca7e3cb" executionId="bd877080-0eb1-4d40-bf34-8ac429ae85db" testListId="8c84fa94-04c1-424b-9868-57a2d4851a1d" />
    <TestEntry testId="45dafe9c-8ac6-4914-ab66-2197ff42d273" executionId="f9f74d2e-359d-46c1-a716-6d724bbb82db" testListId="8c84fa94-04c1-424b-9868-57a2d4851a1d" />
    <TestEntry testId="131de3f4-a0d5-4356-afd5-29c166f8fd85" executionId="3e530f89-dce5-46fe-8adc-978c32390de1" testListId="8c84fa94-04c1-424b-9868-57a2d4851a1d" />
    <TestEntry testId="3a061580-0dfb-4e93-b540-0aad11f58f39" executionId="94c0aa9b-d3f2-42b8-bc70-f481676c17d7" testListId="8c84fa94-04c1-424b-9868-57a2d4851a1d" />
    <TestEntry testId="eb85043a-25c0-419d-8442-89d02443425e" executionId="1e3f0cf7-3b56-4227-93e4-f7211f4158b5" testListId="8c84fa94-04c1-424b-9868-57a2d4851a1d" />
    <TestEntry testId="5cfc7535-528b-4d19-b31c-ed14e6ab954a" executionId="918f74b3-7b4c-4a6f-af72-3fb0ac815972" testListId="8c84fa94-04c1-424b-9868-57a2d4851a1d" />
    <TestEntry testId="ef892a1e-fd49-49a3-9fe3-4d3d5ad64732" executionId="d9fc21d9-68d9-4e66-8457-dc466546f854" testListId="8c84fa94-04c1-424b-9868-57a2d4851a1d" />
    <TestEntry testId="a9873d18-2fe4-4819-9f83-adf6b10d3b1c" executionId="2544eec6-690c-404a-b8e1-13227d76d826" testListId="8c84fa94-04c1-424b-9868-57a2d4851a1d" />
    <TestEntry testId="563c728b-2db5-4366-92c1-4045230db61b" executionId="6d328e0d-c3bb-4c05-8ef3-5c9f3bb2ec25" testListId="8c84fa94-04c1-424b-9868-57a2d4851a1d" />
    <TestEntry testId="78507864-f0c3-4cde-82f5-c658b443d706" executionId="a5ea35d7-23ed-439c-a0ec-ac3c9fa88a49" testListId="8c84fa94-04c1-424b-9868-57a2d4851a1d" />
    <TestEntry testId="9110c814-f430-4aaf-9e2e-20c73a773b62" executionId="da6c8b4f-323a-4931-88e5-b1643dc7f337" testListId="8c84fa94-04c1-424b-9868-57a2d4851a1d" />
    <TestEntry testId="019cd752-2fc4-4795-bda1-481032a5e719" executionId="33eec586-093d-4ed0-a0b6-83b8fef4bcc7" testListId="8c84fa94-04c1-424b-9868-57a2d4851a1d" />
    <TestEntry testId="ae3a88a0-735e-4f21-a71b-e3e06bbd132d" executionId="bd36eb6e-2bbc-4251-b9f3-dfedd7d87f23" testListId="8c84fa94-04c1-424b-9868-57a2d4851a1d" />
    <TestEntry testId="4f4ca9f9-dbc5-444f-8160-9541d8c5209e" executionId="b1de8da1-ffd8-417e-a8a8-0797fbaf292f" testListId="8c84fa94-04c1-424b-9868-57a2d4851a1d" />
    <TestEntry testId="b96da957-5c3a-45d9-8ad9-0a652dd9ce11" executionId="4223c445-acce-4462-a6c2-7a825ebbd934" testListId="8c84fa94-04c1-424b-9868-57a2d4851a1d" />
    <TestEntry testId="f878609d-aaaa-4c6f-b83f-3deff7561d95" executionId="62c7af5a-7bba-42b8-a104-8de3ec4b4068" testListId="8c84fa94-04c1-424b-9868-57a2d4851a1d" />
    <TestEntry testId="d73bf388-f6fa-4d3a-a087-e2cd25ff3c84" executionId="6af2fe0d-9c80-4c03-9e33-c5de513c67f6" testListId="8c84fa94-04c1-424b-9868-57a2d4851a1d" />
    <TestEntry testId="c1a64f5e-5a7e-4ff5-8cc8-3dc94bab01ef" executionId="967ec920-5375-4f91-bfb7-a68ee188e766" testListId="8c84fa94-04c1-424b-9868-57a2d4851a1d" />
    <TestEntry testId="05420e0f-90e7-4a3e-99ba-66a237fbc5a9" executionId="101d0855-3ae2-465a-addf-b3fc0ef00ac6" testListId="8c84fa94-04c1-424b-9868-57a2d4851a1d" />
    <TestEntry testId="7d1d3d69-4ac9-40e4-a29c-3bd02f198e08" executionId="e08f8f8b-6b38-48e4-9641-82f6bff4cd9d" testListId="8c84fa94-04c1-424b-9868-57a2d4851a1d" />
    <TestEntry testId="aae1bbf1-320d-4a40-a0c9-59d5d09a4030" executionId="6df72966-bcfe-4d82-9af8-2924f5bc75ea" testListId="8c84fa94-04c1-424b-9868-57a2d4851a1d" />
    <TestEntry testId="ad3d5b57-b5f3-4d59-ac39-3fce3cea47cb" executionId="688d4a1b-190c-4bb9-882c-58762312f04d" testListId="8c84fa94-04c1-424b-9868-57a2d4851a1d" />
    <TestEntry testId="ef49a269-5ef7-4f68-959d-ac3a84f159e3" executionId="2c090508-fc19-4a9b-903d-66ff284a1520" testListId="8c84fa94-04c1-424b-9868-57a2d4851a1d" />
    <TestEntry testId="d20d1792-2844-4347-af18-52c765cd4588" executionId="1ea7a4df-067d-4497-a301-a1dd0e143fae" testListId="8c84fa94-04c1-424b-9868-57a2d4851a1d" />
    <TestEntry testId="a6893cc1-0abb-4dc1-91b6-1d3cdfbd1b8c" executionId="d4941cd6-3e83-4531-9b1b-f05b7a05ae6e" testListId="8c84fa94-04c1-424b-9868-57a2d4851a1d" />
    <TestEntry testId="d4a2e39c-baf1-4184-b2e3-6ff3eb1bd80d" executionId="843fddb8-0c9d-4410-b7ef-8cc99ad45243" testListId="8c84fa94-04c1-424b-9868-57a2d4851a1d" />
    <TestEntry testId="39833680-46c1-428c-87c5-ecc1a83e1604" executionId="0c29bab1-4c34-4f85-b3c3-4b2aba3038db" testListId="8c84fa94-04c1-424b-9868-57a2d4851a1d" />
    <TestEntry testId="09175c49-64ae-4d72-a7bd-bb99225b54ce" executionId="daccd11d-519a-4b56-a847-7b68d591b6ce" testListId="8c84fa94-04c1-424b-9868-57a2d4851a1d" />
    <TestEntry testId="ba89b10d-c0a4-40d5-bbac-1c869b364279" executionId="c3528537-ffe0-47c8-a049-b332ac3dda37" testListId="8c84fa94-04c1-424b-9868-57a2d4851a1d" />
    <TestEntry testId="b61dd9f0-0516-4275-9881-d9082c46f626" executionId="98b2833b-bd4e-46b7-8179-bf88066adf3b" testListId="8c84fa94-04c1-424b-9868-57a2d4851a1d" />
    <TestEntry testId="10d404cd-0689-4a28-8470-4123503a3042" executionId="c4b25b9f-6d7f-455c-bf49-9ab335ba6c21" testListId="8c84fa94-04c1-424b-9868-57a2d4851a1d" />
    <TestEntry testId="52f8477b-32b5-4c00-be81-4ba8d54f7102" executionId="ba689e33-579a-44d8-9204-dc31c53847dd" testListId="8c84fa94-04c1-424b-9868-57a2d4851a1d" />
    <TestEntry testId="bb1bbda2-5f0b-4511-847d-c28c8bf05288" executionId="80ab5252-2634-4345-975d-ce958dcf4dac" testListId="8c84fa94-04c1-424b-9868-57a2d4851a1d" />
    <TestEntry testId="c3ff2fbd-254e-4368-92d2-4258c12194b5" executionId="c59ed8a2-09ce-4a9d-ba88-a83ced440a2d" testListId="8c84fa94-04c1-424b-9868-57a2d4851a1d" />
    <TestEntry testId="b60c0782-777d-4b8d-b170-07111e48af95" executionId="fb67da5e-1438-4469-bc53-c03088f3a111" testListId="8c84fa94-04c1-424b-9868-57a2d4851a1d" />
    <TestEntry testId="b62a179a-f716-4be1-8c44-4caab609b1b7" executionId="87998d76-a309-445c-b3b4-894354a42e45" testListId="8c84fa94-04c1-424b-9868-57a2d4851a1d" />
    <TestEntry testId="6a81901f-3d66-4bfe-95a0-1caadcdb4c20" executionId="5dfb4aae-11ea-43ae-af44-5b58bc88e0c6" testListId="8c84fa94-04c1-424b-9868-57a2d4851a1d" />
    <TestEntry testId="d2dbe8f6-404d-41c5-9163-39c5b2ea90e6" executionId="4adc8716-c812-40b1-8438-dcaf492295ab" testListId="8c84fa94-04c1-424b-9868-57a2d4851a1d" />
    <TestEntry testId="c777915d-8de6-4427-8202-4b88cc7b8614" executionId="75f953dc-4461-42fa-bfe3-9a09bcedd4ad" testListId="8c84fa94-04c1-424b-9868-57a2d4851a1d" />
    <TestEntry testId="4585fdc3-175d-4d9e-945c-6c2ae18b50a1" executionId="bc7d354a-c448-431f-b691-a9d494e73143" testListId="8c84fa94-04c1-424b-9868-57a2d4851a1d" />
    <TestEntry testId="e439d12a-3f51-443d-b538-fbfa1ca56ea6" executionId="3752ca47-b330-400c-9648-ab12eb4e7402" testListId="8c84fa94-04c1-424b-9868-57a2d4851a1d" />
    <TestEntry testId="45155d02-2589-479f-b10f-dde186c33522" executionId="ffb380c2-bab1-4bd9-8e58-c268f5caf307" testListId="8c84fa94-04c1-424b-9868-57a2d4851a1d" />
    <TestEntry testId="0eeaefa1-cac8-428d-85f4-4e3dad3398eb" executionId="0dad991a-e474-4819-a53e-6c7216cece83" testListId="8c84fa94-04c1-424b-9868-57a2d4851a1d" />
    <TestEntry testId="2e16cedd-d9a2-4ac0-8ea6-256cc2fd04b1" executionId="d48de40d-8a41-4ac9-bd83-43eea9ae82e4" testListId="8c84fa94-04c1-424b-9868-57a2d4851a1d" />
    <TestEntry testId="c278bb15-c266-48ad-8a98-f1d481ec6020" executionId="945cf1a1-219d-4b7f-87d9-4aad036a37b1" testListId="8c84fa94-04c1-424b-9868-57a2d4851a1d" />
    <TestEntry testId="3e8f8915-6d6e-42c2-83b3-3c24fa25b636" executionId="46987a50-0b3b-4c87-a7fc-e3183a866c52" testListId="8c84fa94-04c1-424b-9868-57a2d4851a1d" />
    <TestEntry testId="ebe6c8c6-d8de-4a1b-bd09-99c989ff3735" executionId="bd5f9d0b-7fda-4b85-8e13-5d5c509bd922" testListId="8c84fa94-04c1-424b-9868-57a2d4851a1d" />
    <TestEntry testId="5dd06322-f730-43f0-8351-b7191d22eef2" executionId="38f2605f-9970-4b47-b530-fa50c4626fe9" testListId="8c84fa94-04c1-424b-9868-57a2d4851a1d" />
    <TestEntry testId="652d5d50-3a2f-4fa8-844d-e950d09e969d" executionId="7e890f54-4056-4f6c-acc1-97e10e2cafbf" testListId="8c84fa94-04c1-424b-9868-57a2d4851a1d" />
    <TestEntry testId="eca248c6-75c1-4bb1-b58e-bbabbfc0c92d" executionId="4c9f562f-3a3c-4819-988b-7e5fcd2b61db" testListId="8c84fa94-04c1-424b-9868-57a2d4851a1d" />
    <TestEntry testId="15e6b579-15e0-4ea3-a98f-0b216e909c2d" executionId="46c78f01-6dc8-4649-81f8-3b4fd5c1c7f6" testListId="8c84fa94-04c1-424b-9868-57a2d4851a1d" />
    <TestEntry testId="c8a3b27a-4b73-4a5b-b15f-77852d23e24a" executionId="bc8fb247-da5a-41c2-bb0b-0822b567b11e" testListId="8c84fa94-04c1-424b-9868-57a2d4851a1d" />
    <TestEntry testId="41ad6440-1157-44c8-afe5-69a1c700f9cd" executionId="723ce3d2-b6c5-4e78-8375-2f0d3b835ef5" testListId="8c84fa94-04c1-424b-9868-57a2d4851a1d" />
    <TestEntry testId="c31e1b3a-2f25-4d34-a722-9651ba33731a" executionId="5400d63e-d1e5-488c-9753-2fa5af21f8a9" testListId="8c84fa94-04c1-424b-9868-57a2d4851a1d" />
    <TestEntry testId="e6611b40-6957-4f43-9533-8c6b011f49a8" executionId="474aa3c1-5e73-4299-b659-227a601620ba" testListId="8c84fa94-04c1-424b-9868-57a2d4851a1d" />
    <TestEntry testId="05c706e9-476e-4c27-8781-cbc9baef4456" executionId="b381c372-d7aa-453c-8699-e4a7a1ac72e6" testListId="8c84fa94-04c1-424b-9868-57a2d4851a1d" />
    <TestEntry testId="db58a659-b610-4680-bcb5-ca6a6840b823" executionId="d9cf0638-1372-4350-ab3d-5c5a164c0f4e" testListId="8c84fa94-04c1-424b-9868-57a2d4851a1d" />
    <TestEntry testId="25014d8d-7397-453f-8bfd-9ca12ab2d9ac" executionId="690107a7-abee-4c39-97ff-6fbf8fd21c6a" testListId="8c84fa94-04c1-424b-9868-57a2d4851a1d" />
    <TestEntry testId="0d919a55-4c82-428a-b7ab-3195f5e559dd" executionId="b6f8a407-df21-43f0-8c86-fd99d76a3cff" testListId="8c84fa94-04c1-424b-9868-57a2d4851a1d" />
    <TestEntry testId="ae11c9df-7ff8-4a62-bb48-2d33c5532bd5" executionId="e403a7c7-e6f6-463c-9ee8-c13e46c829df" testListId="8c84fa94-04c1-424b-9868-57a2d4851a1d" />
    <TestEntry testId="14d52f66-28ec-4f94-b305-438736904f43" executionId="5a2b3960-b2ce-428e-97bd-64129bd18fa9" testListId="8c84fa94-04c1-424b-9868-57a2d4851a1d" />
    <TestEntry testId="ff0adc21-6562-4863-a1c6-d13e2acd4544" executionId="4c593447-5d41-4127-902e-b29c975346fa" testListId="8c84fa94-04c1-424b-9868-57a2d4851a1d" />
    <TestEntry testId="47c67787-4db3-41f9-a9cd-57780e294415" executionId="dc965be8-86a5-4b8a-94a9-ff12bdd3cf10" testListId="8c84fa94-04c1-424b-9868-57a2d4851a1d" />
    <TestEntry testId="81bfaa0c-b664-4c2f-9000-6b505f466864" executionId="7c185651-6ef3-430e-bd8b-384b99a7a6dc" testListId="8c84fa94-04c1-424b-9868-57a2d4851a1d" />
    <TestEntry testId="eb9447bb-8ddb-46be-9ba9-80cd9f4dfbc7" executionId="593287db-5554-4018-9688-4b781fce10d9" testListId="8c84fa94-04c1-424b-9868-57a2d4851a1d" />
    <TestEntry testId="369b0206-a4e1-4ef4-9215-83b2417833f5" executionId="a984ce25-a9f8-4a7b-b403-2faf41fba42f" testListId="8c84fa94-04c1-424b-9868-57a2d4851a1d" />
    <TestEntry testId="d6ea4c41-e7ab-40c4-a752-3273e269f336" executionId="f7971a1c-7ac1-4c5c-aa30-60dbafcfa55c" testListId="8c84fa94-04c1-424b-9868-57a2d4851a1d" />
    <TestEntry testId="5f7d2329-850c-4672-bdde-4d3fb45438ef" executionId="9ac48908-fb15-4e54-b8bb-d32bd8f98360" testListId="8c84fa94-04c1-424b-9868-57a2d4851a1d" />
    <TestEntry testId="14b7e32d-8cbf-4ce4-9c61-c129e4d960fc" executionId="8d3dd897-29be-4345-98dc-076fa5b8f6d2" testListId="8c84fa94-04c1-424b-9868-57a2d4851a1d" />
    <TestEntry testId="3d3cb460-22cf-4332-b1cd-a8f89a341241" executionId="0b849434-93e1-4e34-a7b8-47687c5fe940" testListId="8c84fa94-04c1-424b-9868-57a2d4851a1d" />
    <TestEntry testId="d21ae0e9-09e1-49e7-8721-b302f63e6ba4" executionId="805b6f36-94df-468b-9266-1ff8f2c21473" testListId="8c84fa94-04c1-424b-9868-57a2d4851a1d" />
    <TestEntry testId="8af121d3-ea8f-40c8-80a4-1d59e428ed6f" executionId="2a0d26cc-adec-40f9-b6a5-e24b114d2454" testListId="8c84fa94-04c1-424b-9868-57a2d4851a1d" />
    <TestEntry testId="11e49d10-299f-46a9-ac8e-359f25394620" executionId="22162abb-43fd-48d1-ae8d-bdab6dfaa7ad" testListId="8c84fa94-04c1-424b-9868-57a2d4851a1d" />
    <TestEntry testId="cbdf1940-8e28-40e9-8eb1-e5bbef9dea22" executionId="2adb4a2e-8e1b-4a19-9055-8d72947c5118" testListId="8c84fa94-04c1-424b-9868-57a2d4851a1d" />
    <TestEntry testId="b102a2bd-e1b8-4395-a0f4-2070c6694e02" executionId="7a4ff0ae-2bd3-44bd-9925-d33259be34ce" testListId="8c84fa94-04c1-424b-9868-57a2d4851a1d" />
    <TestEntry testId="6fc08569-fe3f-4f1a-b2c9-45727a39c69a" executionId="3fa142bf-beb5-490c-a068-09cc6c00f016" testListId="8c84fa94-04c1-424b-9868-57a2d4851a1d" />
    <TestEntry testId="991ed790-a8e5-423c-802d-65a548e722bd" executionId="9146b884-a976-4c26-b171-10f64ef46ab2" testListId="8c84fa94-04c1-424b-9868-57a2d4851a1d" />
    <TestEntry testId="995a6da1-8a0f-48aa-a157-65fa0dc0a314" executionId="400dd441-03d9-4ac7-9a34-720a6df4a2d3" testListId="8c84fa94-04c1-424b-9868-57a2d4851a1d" />
    <TestEntry testId="3f05aa9f-e2db-4ae0-8fb3-166b40e6d0c9" executionId="502f9d93-80e8-41e5-8955-62be1732dfc6" testListId="8c84fa94-04c1-424b-9868-57a2d4851a1d" />
    <TestEntry testId="069c1766-e6c2-40c3-bc0a-b925cf15d48e" executionId="8d5ecb2c-cbce-4897-b356-ff3dbb854b0c" testListId="8c84fa94-04c1-424b-9868-57a2d4851a1d" />
    <TestEntry testId="179e9e0d-ff46-4dac-9f07-57fa83467b86" executionId="7fc680c1-7f09-45c8-9e15-ba25d05ef886" testListId="8c84fa94-04c1-424b-9868-57a2d4851a1d" />
    <TestEntry testId="17372dd2-1a34-4278-84d4-2dbff09f47de" executionId="4d9e28f0-374d-468c-84ca-9fc85244fdc9" testListId="8c84fa94-04c1-424b-9868-57a2d4851a1d" />
    <TestEntry testId="a5467f75-0e78-4123-b6ae-5428fee1cb0c" executionId="0671f4f5-c216-4b3d-8c31-446c3e52c346" testListId="8c84fa94-04c1-424b-9868-57a2d4851a1d" />
    <TestEntry testId="444fe311-4dd8-4c3a-97f1-e9c2b2ef26b1" executionId="f42cdb88-c963-4b19-b77a-758a8e484334" testListId="8c84fa94-04c1-424b-9868-57a2d4851a1d" />
    <TestEntry testId="d9268e8e-6435-44b6-a0f4-bf85ca33a39f" executionId="dd8f0068-db1d-4539-8a2f-e011c74c7d8f" testListId="8c84fa94-04c1-424b-9868-57a2d4851a1d" />
    <TestEntry testId="c4fa32de-4515-4ca3-8a92-f27af61ef88a" executionId="14acccd2-6c50-498a-af7d-2f6aadb2f279" testListId="8c84fa94-04c1-424b-9868-57a2d4851a1d" />
    <TestEntry testId="47dc02ab-c9a0-437b-85a8-bb9e21b0d1d9" executionId="2a7141d1-21d2-48fa-a6e5-0a11399e7dc6" testListId="8c84fa94-04c1-424b-9868-57a2d4851a1d" />
    <TestEntry testId="61557e57-5b6b-4bb7-8eca-d7952bd3c433" executionId="cd1f8041-1904-4f2f-bb8c-23d2b3bd8992" testListId="8c84fa94-04c1-424b-9868-57a2d4851a1d" />
    <TestEntry testId="96e031dc-6c00-45d4-802b-a78e0646f0ad" executionId="70b6bd16-2eda-402f-a2ea-7f4b933ddca0" testListId="8c84fa94-04c1-424b-9868-57a2d4851a1d" />
    <TestEntry testId="c1130792-8d2e-4aa5-89b0-729c8a9ac590" executionId="127c8bd1-ca3a-4a6f-aaee-dbe0eaab8695" testListId="8c84fa94-04c1-424b-9868-57a2d4851a1d" />
    <TestEntry testId="072c1e5c-b525-4d70-8578-bfc3fad705fe" executionId="6a001b99-1fb9-4538-aa96-8840749bd538" testListId="8c84fa94-04c1-424b-9868-57a2d4851a1d" />
    <TestEntry testId="9a790ada-b65b-4403-a79d-8254a5ef5c4c" executionId="9d788d0d-3134-4b28-8706-1be885d8e729" testListId="8c84fa94-04c1-424b-9868-57a2d4851a1d" />
    <TestEntry testId="8cc1c989-5600-4428-8b06-f0e57f7bf497" executionId="71d5531f-12a1-4b7d-9888-74c3342e2d9f" testListId="8c84fa94-04c1-424b-9868-57a2d4851a1d" />
    <TestEntry testId="0a633b3f-488d-491e-aeeb-be325ae49a37" executionId="d9968538-3038-4e9d-b23e-02213f21ac41" testListId="8c84fa94-04c1-424b-9868-57a2d4851a1d" />
    <TestEntry testId="fcbb5f12-7a68-4147-97a0-fb9d68ed61fc" executionId="41c6c555-15ca-4927-a918-b1d9387ab5d0" testListId="8c84fa94-04c1-424b-9868-57a2d4851a1d" />
    <TestEntry testId="05752c67-4b27-4c9f-9fef-c03307f13e4f" executionId="abd996bc-ecb9-4eb3-b6df-9e5653679437" testListId="8c84fa94-04c1-424b-9868-57a2d4851a1d" />
    <TestEntry testId="4d1bff15-4feb-4fcd-b405-53ea12e01d03" executionId="19b0f5ec-92d0-4ea6-aab1-8bd2ad72bf8c" testListId="8c84fa94-04c1-424b-9868-57a2d4851a1d" />
    <TestEntry testId="3096ae3a-d03d-4ac5-abc0-aa0d6c499aba" executionId="512672a1-9bd4-4191-bbaf-415e8bad4e78" testListId="8c84fa94-04c1-424b-9868-57a2d4851a1d" />
    <TestEntry testId="dded05d6-fe3f-4a34-803d-df898f78e975" executionId="7c8cda6e-e306-452c-bff5-04803c1ebd34" testListId="8c84fa94-04c1-424b-9868-57a2d4851a1d" />
    <TestEntry testId="3dfd1bf7-436a-451c-8f87-72cfce782fad" executionId="7b01e896-e170-410e-8902-49636dc1b042" testListId="8c84fa94-04c1-424b-9868-57a2d4851a1d" />
    <TestEntry testId="814b8208-ca9a-417c-bd6e-a83fbfee6f86" executionId="cb21e35f-64da-4418-9f70-d69b51308f7d" testListId="8c84fa94-04c1-424b-9868-57a2d4851a1d" />
    <TestEntry testId="573d68e1-41c9-47ab-818d-2de14cbba8b0" executionId="2fcaeb03-d224-46be-aece-3292ef2d8abf" testListId="8c84fa94-04c1-424b-9868-57a2d4851a1d" />
    <TestEntry testId="989f1018-1748-41ab-ab89-2e1bdda10fcc" executionId="aa71474c-dc40-442e-8534-cf2235688d49" testListId="8c84fa94-04c1-424b-9868-57a2d4851a1d" />
    <TestEntry testId="3865ef0e-25ae-4d0a-98f1-d135356d747a" executionId="40c01e42-670f-4ef9-87b2-403555ad5df3" testListId="8c84fa94-04c1-424b-9868-57a2d4851a1d" />
    <TestEntry testId="8fa812b8-d6ec-4d18-99e2-1605a4de842f" executionId="c51beab4-51f0-4284-a70a-db4b5a7c1e15" testListId="8c84fa94-04c1-424b-9868-57a2d4851a1d" />
    <TestEntry testId="e4e7dace-34fd-46a8-ab84-d56403490c7c" executionId="32a08eda-9274-48e1-bb5b-47e50867bafb" testListId="8c84fa94-04c1-424b-9868-57a2d4851a1d" />
    <TestEntry testId="16f6b512-1c09-4c7d-8f54-0c89cab6a58c" executionId="49534e01-d3fe-4045-bdca-f4f4a369b4aa" testListId="8c84fa94-04c1-424b-9868-57a2d4851a1d" />
    <TestEntry testId="5e56126f-fe7e-4f09-9b6d-b95f134fbb8e" executionId="893e34be-f920-4f4f-a635-e28a8692f750" testListId="8c84fa94-04c1-424b-9868-57a2d4851a1d" />
    <TestEntry testId="9816e783-b8ec-4256-b6b5-8fd7279e4de0" executionId="85f693e9-1c62-4d01-ac11-2c4c8e37d375" testListId="8c84fa94-04c1-424b-9868-57a2d4851a1d" />
    <TestEntry testId="7de77514-4dc1-48fc-ac43-28cc4f5554a9" executionId="5bf66f70-f310-47c0-9254-3af9c7ad0345" testListId="8c84fa94-04c1-424b-9868-57a2d4851a1d" />
    <TestEntry testId="ef8acdcc-1936-42c0-9dbc-1cfc1875ca33" executionId="2d975690-8b2a-4f43-bc96-a6cee2b94b38" testListId="8c84fa94-04c1-424b-9868-57a2d4851a1d" />
    <TestEntry testId="341d942e-4a6f-4197-95df-736f59cee7e2" executionId="04b096b8-8bff-4a8e-adca-65dfa3e0aa62" testListId="8c84fa94-04c1-424b-9868-57a2d4851a1d" />
    <TestEntry testId="fd375ea2-4c4d-40c7-b62f-1198e1e2f46f" executionId="71932f34-98fa-4320-868f-fba21ad3504d" testListId="8c84fa94-04c1-424b-9868-57a2d4851a1d" />
    <TestEntry testId="be859fa3-49d3-48fc-be29-08484caaa47f" executionId="16e0c6f1-1db8-4ebe-a928-01ecedb724fa" testListId="8c84fa94-04c1-424b-9868-57a2d4851a1d" />
    <TestEntry testId="a7d7b49c-13b9-4d82-98d7-884670ae514b" executionId="836a8f7a-e173-48fb-a6ab-41eb6af62b8a" testListId="8c84fa94-04c1-424b-9868-57a2d4851a1d" />
    <TestEntry testId="d5e08c7b-22fb-4742-a096-0fa1d0d05fd3" executionId="e4fac932-b19c-4a51-b65d-3f15a0ab7969" testListId="8c84fa94-04c1-424b-9868-57a2d4851a1d" />
    <TestEntry testId="8e943b57-c6e1-47b3-9267-e59ffada2515" executionId="cd863435-2d99-485d-af30-1d7f18da1332" testListId="8c84fa94-04c1-424b-9868-57a2d4851a1d" />
    <TestEntry testId="bb82cb4b-9b58-4e6f-96b4-ec79a3bb4e26" executionId="835c2db3-9b41-44e3-943c-9491381c1721" testListId="8c84fa94-04c1-424b-9868-57a2d4851a1d" />
    <TestEntry testId="8a8b012d-cfa9-4d2e-b4d9-18a57e41a33c" executionId="279a8c3e-5b07-4694-aa58-3061aeb989a0" testListId="8c84fa94-04c1-424b-9868-57a2d4851a1d" />
    <TestEntry testId="c9915d7d-879f-4657-a429-3b9095d986cb" executionId="22b1f676-1276-49bc-946b-e3326bd98b2e" testListId="8c84fa94-04c1-424b-9868-57a2d4851a1d" />
    <TestEntry testId="ff01f874-bfde-48c9-ad9d-245ca2a21d31" executionId="580d76c9-cf65-43c8-89b7-670b54f1d633" testListId="8c84fa94-04c1-424b-9868-57a2d4851a1d" />
    <TestEntry testId="2e41a54f-bf3c-48dc-b347-271670f3a2c6" executionId="dbb80937-b79e-4a10-ac4a-fe0998d2db6b" testListId="8c84fa94-04c1-424b-9868-57a2d4851a1d" />
    <TestEntry testId="2793535f-e826-4e25-98c5-45ec53f4234b" executionId="16417ff3-5c0b-43a2-a63c-71b2e0f88328" testListId="8c84fa94-04c1-424b-9868-57a2d4851a1d" />
    <TestEntry testId="01706069-ece9-4115-954a-25423e3895fc" executionId="fa5a3fbe-f04c-4a5e-864f-5f280060bd12" testListId="8c84fa94-04c1-424b-9868-57a2d4851a1d" />
    <TestEntry testId="9226a7d1-e856-4976-9309-2f2ccaec1f2c" executionId="5ff3f936-9d86-435b-8764-94112521a207" testListId="8c84fa94-04c1-424b-9868-57a2d4851a1d" />
    <TestEntry testId="3c9a89f5-d496-48fd-b789-3fb6d0b25c5e" executionId="f92200cd-b199-461b-9936-abe04a7249e4" testListId="8c84fa94-04c1-424b-9868-57a2d4851a1d" />
    <TestEntry testId="b3dccaaf-e146-4b1c-a648-ce4b768a4e89" executionId="9678f1e2-aabf-4e85-93e7-a5b6ffe1df63" testListId="8c84fa94-04c1-424b-9868-57a2d4851a1d" />
    <TestEntry testId="c0e1f9f7-4e4f-4694-9986-ff0cd1f9bbe9" executionId="0f4fa54e-2337-49e9-bc10-499cbf2a7df0" testListId="8c84fa94-04c1-424b-9868-57a2d4851a1d" />
    <TestEntry testId="ff74d48b-45ed-4f99-9dda-2f0aef19fcce" executionId="78e92b48-244f-4155-889e-c7cf70297340" testListId="8c84fa94-04c1-424b-9868-57a2d4851a1d" />
    <TestEntry testId="06a13535-e107-4816-8e09-9d0ff4c67a45" executionId="0e6ae447-f407-4663-b060-1fa9e01e5081" testListId="8c84fa94-04c1-424b-9868-57a2d4851a1d" />
    <TestEntry testId="d2eec98e-1ff1-49cf-8185-f61d5046777c" executionId="79f6d68c-e9f1-405b-b4c7-67ab3bdc43a7" testListId="8c84fa94-04c1-424b-9868-57a2d4851a1d" />
    <TestEntry testId="92f6164f-0162-4a32-aea2-dd43c8675e30" executionId="e9ef12be-0b9a-467b-bb54-d8df7b46857a" testListId="8c84fa94-04c1-424b-9868-57a2d4851a1d" />
    <TestEntry testId="1a3a6c81-7b1a-4c75-b317-b2337065ed1b" executionId="1ccae581-04e3-49f7-9db0-105c7d5d1b32" testListId="8c84fa94-04c1-424b-9868-57a2d4851a1d" />
    <TestEntry testId="9e45e4f4-0d33-4c19-8450-d23190949933" executionId="ce0f1c50-3ea9-48af-9ff6-13fa0923347b" testListId="8c84fa94-04c1-424b-9868-57a2d4851a1d" />
    <TestEntry testId="7b051d35-db65-4bf5-bee6-26edb7390655" executionId="e8d5ee2e-67f5-4741-9b4a-512e3146d63a" testListId="8c84fa94-04c1-424b-9868-57a2d4851a1d" />
    <TestEntry testId="f3b37de7-ce07-4196-81d0-3b553e7dddb2" executionId="48c55598-93b6-4f92-b438-297d39faa126" testListId="8c84fa94-04c1-424b-9868-57a2d4851a1d" />
    <TestEntry testId="f7922e25-5649-4c85-97cb-27dcca4856c9" executionId="49da7e35-1f0d-408b-bfb5-357da1406f9c" testListId="8c84fa94-04c1-424b-9868-57a2d4851a1d" />
    <TestEntry testId="087582a4-35a8-4064-af92-1d5e5b637dcc" executionId="3a9e17b7-5371-4815-a9e3-a1f244c2bdec" testListId="8c84fa94-04c1-424b-9868-57a2d4851a1d" />
    <TestEntry testId="43da3c78-f29f-4145-af21-82ea76535e80" executionId="f48f60e4-ac5f-41c7-8b4b-46b8b7ebd513" testListId="8c84fa94-04c1-424b-9868-57a2d4851a1d" />
    <TestEntry testId="ad789d38-72a3-431f-a5ed-c1db270c7ccd" executionId="a23fbde0-5427-40df-9c4c-633ece435c4c" testListId="8c84fa94-04c1-424b-9868-57a2d4851a1d" />
    <TestEntry testId="b804b2e7-08d7-44e3-89b0-fa0602142c95" executionId="cba2a794-ecc2-4291-8ed4-06185be0557a" testListId="8c84fa94-04c1-424b-9868-57a2d4851a1d" />
    <TestEntry testId="a8d6fe70-53de-4cb3-8fe9-393419680a13" executionId="f31a2991-ed5b-4400-a19e-5c4aa8cfd709" testListId="8c84fa94-04c1-424b-9868-57a2d4851a1d" />
    <TestEntry testId="f882ded5-2bfa-498f-9d64-e67e564ede26" executionId="82353bc6-1771-4324-a71f-8b784549c795" testListId="8c84fa94-04c1-424b-9868-57a2d4851a1d" />
    <TestEntry testId="0cc529f4-099b-45ce-bc1a-67ae1cc65fc0" executionId="aa21b006-6ff3-4823-85eb-bc09b770d7f3" testListId="8c84fa94-04c1-424b-9868-57a2d4851a1d" />
    <TestEntry testId="4e244e35-66d6-46e2-8fb0-6f1bc1e74328" executionId="14af2dc9-6b9f-4d63-9ac7-4a9620270bf6" testListId="8c84fa94-04c1-424b-9868-57a2d4851a1d" />
    <TestEntry testId="1a70d60c-882b-4b3f-97ac-9eba9fe2c03f" executionId="0ff018aa-f593-4402-9444-c4a60cf33f83" testListId="8c84fa94-04c1-424b-9868-57a2d4851a1d" />
    <TestEntry testId="58248ab3-1794-426b-bda6-ab1ce0c9eb70" executionId="ceb7c3b3-4d64-4db4-b865-4472dc4f8113" testListId="8c84fa94-04c1-424b-9868-57a2d4851a1d" />
    <TestEntry testId="be287d70-77c6-48a8-94c7-9b810964432d" executionId="4b7bdf40-0e66-437f-9c73-61c7ead83b4c" testListId="8c84fa94-04c1-424b-9868-57a2d4851a1d" />
    <TestEntry testId="24c77782-ddb4-4c8a-a317-44b3fd6aa350" executionId="a109199c-b2d3-4794-ae79-3090c230def4" testListId="8c84fa94-04c1-424b-9868-57a2d4851a1d" />
    <TestEntry testId="7a490be0-b768-4fc2-9d76-11f90fdcb45c" executionId="52932b9a-1ab8-4706-9181-dc62f0c20d75" testListId="8c84fa94-04c1-424b-9868-57a2d4851a1d" />
    <TestEntry testId="4ed2d719-ca3e-4c69-bc64-81018d61f8fb" executionId="789eb146-9c0c-4de1-a750-68d82258968d" testListId="8c84fa94-04c1-424b-9868-57a2d4851a1d" />
    <TestEntry testId="869909dd-ceb6-4e33-b649-0f4fbdf9cfd3" executionId="39dce843-c40d-4d5a-8dd1-82b6d032031f" testListId="8c84fa94-04c1-424b-9868-57a2d4851a1d" />
    <TestEntry testId="13c81b0d-49d1-4c55-b18f-aca25be62de6" executionId="bb55038b-fdb9-4cec-ac15-93fc18b5118f" testListId="8c84fa94-04c1-424b-9868-57a2d4851a1d" />
    <TestEntry testId="f3a252c8-6882-45dd-9b8c-dd0088cc4caf" executionId="140608d7-6790-496a-b695-c942df4dcb7a" testListId="8c84fa94-04c1-424b-9868-57a2d4851a1d" />
    <TestEntry testId="86fdebed-c265-4a2e-ad3d-6a7c459989c2" executionId="243a9c86-351d-4546-8af6-1eabd188f8ec" testListId="8c84fa94-04c1-424b-9868-57a2d4851a1d" />
    <TestEntry testId="79b84c0c-1274-4e41-9890-b6df50c0da8a" executionId="fd912bfa-95b8-4359-a0e9-fba388aa9028" testListId="8c84fa94-04c1-424b-9868-57a2d4851a1d" />
    <TestEntry testId="6c953704-d506-4a1c-936a-41f3f11fb739" executionId="ca8041ca-b817-4bd2-a515-17768236acad" testListId="8c84fa94-04c1-424b-9868-57a2d4851a1d" />
    <TestEntry testId="8f49a3dd-5112-4b7c-8e5b-17d0427b8a97" executionId="7eb7fc73-0dbf-44fe-b2ef-6e44c78a7c0f" testListId="8c84fa94-04c1-424b-9868-57a2d4851a1d" />
    <TestEntry testId="c273a854-7826-4c1d-abc4-da0355f7bcc9" executionId="dd897a88-64cd-4e3f-8c5a-04cf2083c983" testListId="8c84fa94-04c1-424b-9868-57a2d4851a1d" />
    <TestEntry testId="9abd4708-272c-4ac9-a688-5503b8fa251b" executionId="2c09cb68-eb3a-4040-8fb7-6eb331038846" testListId="8c84fa94-04c1-424b-9868-57a2d4851a1d" />
    <TestEntry testId="a04f0751-c220-4ccd-8ab6-e6a737cb909e" executionId="56ddb0b0-6ce8-406f-9d58-f21b04fb9691" testListId="8c84fa94-04c1-424b-9868-57a2d4851a1d" />
    <TestEntry testId="ce5e379f-ddad-470a-a554-9c20e9fd9726" executionId="fb4eb99e-d612-43e4-8087-e614df6635ee" testListId="8c84fa94-04c1-424b-9868-57a2d4851a1d" />
    <TestEntry testId="23d277eb-2793-47dc-8910-90828f70f7d7" executionId="9ab3e5cd-8173-4b51-9020-e5be0667ead6" testListId="8c84fa94-04c1-424b-9868-57a2d4851a1d" />
    <TestEntry testId="1cb2fec5-3644-498d-a3eb-6fe6cddffad3" executionId="d13255ab-e8d2-4c6a-a1d6-e1d2d7e7e569" testListId="8c84fa94-04c1-424b-9868-57a2d4851a1d" />
    <TestEntry testId="64fb1d76-d2f7-43ec-bb63-d4a23ca79c90" executionId="696e1775-8015-45ef-bf46-a8396d65a76a" testListId="8c84fa94-04c1-424b-9868-57a2d4851a1d" />
    <TestEntry testId="8033d608-52bb-4f75-a357-54b15303ce70" executionId="eab9694f-5604-4cef-b681-30198146288c" testListId="8c84fa94-04c1-424b-9868-57a2d4851a1d" />
    <TestEntry testId="8c5d9a47-968f-4efd-9684-51df4cdf14b3" executionId="48a2f492-1434-44c4-86d2-ba4dbd55a648" testListId="8c84fa94-04c1-424b-9868-57a2d4851a1d" />
    <TestEntry testId="5513dcdd-7072-41ef-83f6-680a007c771e" executionId="ad1a3baa-0c2b-47bd-8d32-dd4f64d1e731" testListId="8c84fa94-04c1-424b-9868-57a2d4851a1d" />
    <TestEntry testId="0fd99bfb-7fa9-4f41-a6ac-fe43030b17d3" executionId="83c7f88e-e0d0-432f-afdd-7b3cfaf76a7b" testListId="8c84fa94-04c1-424b-9868-57a2d4851a1d" />
    <TestEntry testId="1c9add5c-77bc-4704-9143-ac29d3538f55" executionId="bcb8d44e-36e2-44eb-93f0-a18cf1780495" testListId="8c84fa94-04c1-424b-9868-57a2d4851a1d" />
    <TestEntry testId="cf701283-5b01-476c-a79d-d05c40886e30" executionId="389a715f-a811-43aa-bc52-9fdc920aacd9" testListId="8c84fa94-04c1-424b-9868-57a2d4851a1d" />
    <TestEntry testId="65ef1241-7a26-4270-983f-e838223b09b9" executionId="015f36ba-8623-453e-b162-6a86b1a7334d" testListId="8c84fa94-04c1-424b-9868-57a2d4851a1d" />
    <TestEntry testId="606041eb-01db-4d94-a3b3-87e9cebd88f4" executionId="68f43792-5fc0-4819-8063-d12bad5046a6" testListId="8c84fa94-04c1-424b-9868-57a2d4851a1d" />
    <TestEntry testId="efb242b9-e714-4985-8dbe-7b345e25eb29" executionId="3bbcda3d-bfec-4d4e-980f-0c82d5119ea6" testListId="8c84fa94-04c1-424b-9868-57a2d4851a1d" />
    <TestEntry testId="25ae38f7-c054-470d-a8e3-64db96f5834f" executionId="98d8c7a4-bfa8-4bf4-8bf3-821ef9bbb66a" testListId="8c84fa94-04c1-424b-9868-57a2d4851a1d" />
    <TestEntry testId="c34e0765-e201-4ecb-9316-c7b5e103c037" executionId="2d8e0856-7562-4830-8df1-7e64ebc171e1" testListId="8c84fa94-04c1-424b-9868-57a2d4851a1d" />
    <TestEntry testId="d69b54e0-2406-4ae3-91f8-2dabdcb45564" executionId="8ab7eba8-3e8b-42ae-8892-17d0f117d033" testListId="8c84fa94-04c1-424b-9868-57a2d4851a1d" />
    <TestEntry testId="c6646b46-1909-4968-bb3d-17063e091df7" executionId="9ce575ae-7403-4b09-96f7-87bbdcbf42cc" testListId="8c84fa94-04c1-424b-9868-57a2d4851a1d" />
    <TestEntry testId="0c579032-5072-487b-a7d4-dfcc2f228939" executionId="450c46d3-0af9-4c00-bb6d-ee8a3676b189" testListId="8c84fa94-04c1-424b-9868-57a2d4851a1d" />
    <TestEntry testId="0228b897-3998-405e-a9e0-000424c636f4" executionId="ddc5c64b-3190-4f30-bce8-c3f47c3da99d" testListId="8c84fa94-04c1-424b-9868-57a2d4851a1d" />
    <TestEntry testId="77a9c467-b454-4b51-9acd-29829ad227a7" executionId="f2fe3b02-3ce1-4f34-8e10-d0b47d4fd122" testListId="8c84fa94-04c1-424b-9868-57a2d4851a1d" />
    <TestEntry testId="4042d3d4-cb6b-4227-944e-477e8e753558" executionId="676867e6-a23d-4035-90fb-e4a7e2b004d0" testListId="8c84fa94-04c1-424b-9868-57a2d4851a1d" />
    <TestEntry testId="4a1ba635-0ebd-42a2-baaf-b271e423afbe" executionId="ce0e01c1-0ed7-472b-b30e-a8f58efcf768" testListId="8c84fa94-04c1-424b-9868-57a2d4851a1d" />
    <TestEntry testId="f48eff55-0fe7-4ec5-a356-86d811a3ff1f" executionId="e87bf14d-7db7-41b2-92f3-a96b47d28b6b" testListId="8c84fa94-04c1-424b-9868-57a2d4851a1d" />
    <TestEntry testId="8bcc3006-94da-4f6c-b3e6-9a719e5822b9" executionId="56a36b78-de5d-40ff-9f99-a3d966d2ac38" testListId="8c84fa94-04c1-424b-9868-57a2d4851a1d" />
    <TestEntry testId="7e8472a7-3686-4f40-af97-8b70fe36e845" executionId="503d4d04-096a-4f06-9d9c-bc8a6dad9514" testListId="8c84fa94-04c1-424b-9868-57a2d4851a1d" />
    <TestEntry testId="9af8788a-6916-4b7a-b8ce-550207902026" executionId="299eaa92-54b4-4221-962e-f572a012f6b2" testListId="8c84fa94-04c1-424b-9868-57a2d4851a1d" />
    <TestEntry testId="d98d8b5f-06ab-4a40-9410-fe28d7f5a8ee" executionId="f5f12612-9665-48b2-9cf4-2d4dde18c670" testListId="8c84fa94-04c1-424b-9868-57a2d4851a1d" />
    <TestEntry testId="a14b901a-26a4-40cc-9093-eb895fffdb19" executionId="94523f90-f330-4574-b491-fb91ed680b43" testListId="8c84fa94-04c1-424b-9868-57a2d4851a1d" />
    <TestEntry testId="03f91124-39a3-4766-8638-7218bab14182" executionId="a0be62d2-1d00-414f-b8c5-550436587a8b" testListId="8c84fa94-04c1-424b-9868-57a2d4851a1d" />
    <TestEntry testId="6026d378-a5ea-467c-8c94-c56d31219863" executionId="9ad3d431-a03c-4b64-a9da-99828df03065" testListId="8c84fa94-04c1-424b-9868-57a2d4851a1d" />
    <TestEntry testId="7659c67a-4a41-47fd-89b4-b830cf35858e" executionId="ef9e554e-9a14-40a8-8255-54911ae5d5f4" testListId="8c84fa94-04c1-424b-9868-57a2d4851a1d" />
    <TestEntry testId="ab6df1e3-e1b1-4ba4-b401-1618b38da68e" executionId="565916c0-9272-45dd-a121-39cb4f80b6fe" testListId="8c84fa94-04c1-424b-9868-57a2d4851a1d" />
    <TestEntry testId="baf99785-676b-4b60-9e92-e7c10d0ba0a2" executionId="9c9c8dee-7b48-4f49-ae6c-6f9a5397002c" testListId="8c84fa94-04c1-424b-9868-57a2d4851a1d" />
    <TestEntry testId="316cfabd-0909-4a0f-948b-e4d5e50d9f40" executionId="862d227f-058b-40fe-ad99-a6bf00040282" testListId="8c84fa94-04c1-424b-9868-57a2d4851a1d" />
    <TestEntry testId="1a3198c9-08a5-48c8-af39-346af2dfd85b" executionId="bb94d0ee-1bde-4785-9de5-632c36a3ae0c" testListId="8c84fa94-04c1-424b-9868-57a2d4851a1d" />
    <TestEntry testId="46d609a0-bf2a-4d74-b7d0-12d27c77e6a3" executionId="ac024ff8-67ae-40ba-af36-08ea30fa053e" testListId="8c84fa94-04c1-424b-9868-57a2d4851a1d" />
    <TestEntry testId="dd0e25fb-69e4-42af-988b-72f6e985ef9b" executionId="4253faf9-5fb1-4a9e-a178-ac41eadb7f11" testListId="8c84fa94-04c1-424b-9868-57a2d4851a1d" />
    <TestEntry testId="3fdd773e-339b-4401-b4d2-6be4d4c67a7d" executionId="a772110d-6763-44d0-9e3b-acd6c3d20be5" testListId="8c84fa94-04c1-424b-9868-57a2d4851a1d" />
    <TestEntry testId="8b47e9f3-0f79-4105-82d4-274229af2a49" executionId="885ab2fa-624a-4324-9721-fda2901ad212" testListId="8c84fa94-04c1-424b-9868-57a2d4851a1d" />
    <TestEntry testId="f1c8a9db-f09f-4ede-bdc3-207825f1ca01" executionId="32ea2142-d5e4-47c1-8025-4433fd814108" testListId="8c84fa94-04c1-424b-9868-57a2d4851a1d" />
    <TestEntry testId="6e7048f8-5fd6-412f-920e-5155f4aea090" executionId="34d8ebf9-e97f-4e21-8a4b-264639a7fd16" testListId="8c84fa94-04c1-424b-9868-57a2d4851a1d" />
    <TestEntry testId="a2bc208e-24ba-4737-961d-c45d7e20abac" executionId="6b0bfd50-7c63-436e-b4bd-717322155796" testListId="8c84fa94-04c1-424b-9868-57a2d4851a1d" />
    <TestEntry testId="bd27c893-1b49-4e88-b268-8affd7f940d7" executionId="2949f3f0-63c9-4193-8244-4afa79e95376" testListId="8c84fa94-04c1-424b-9868-57a2d4851a1d" />
    <TestEntry testId="5c50cf41-604e-4137-b296-96ec8a51c774" executionId="4ec1e589-d94b-4a8c-a217-ae475ffcc98e" testListId="8c84fa94-04c1-424b-9868-57a2d4851a1d" />
    <TestEntry testId="468fb937-c03d-46ea-bde4-b516bbd2cca0" executionId="a6c13443-b3ed-4a07-a63d-5949bc64940d" testListId="8c84fa94-04c1-424b-9868-57a2d4851a1d" />
    <TestEntry testId="dcbe719f-e52d-4403-b161-cc1a8be68948" executionId="3613216b-5f5e-4821-92f2-194b5f48b775" testListId="8c84fa94-04c1-424b-9868-57a2d4851a1d" />
    <TestEntry testId="bc59322d-aaa0-4fe4-ad6a-db90c1a39c02" executionId="a3b4d0e4-b338-4623-8164-e035973df52c" testListId="8c84fa94-04c1-424b-9868-57a2d4851a1d" />
    <TestEntry testId="37c54b06-9003-48bf-b63a-067be179f01c" executionId="39734c1b-518d-4eb0-9857-5d7270115f80" testListId="8c84fa94-04c1-424b-9868-57a2d4851a1d" />
    <TestEntry testId="fa1f9eba-d0e1-4212-a79d-ebbd762dad15" executionId="38653f6b-a04a-4848-8d12-6bc06da4cd9e" testListId="8c84fa94-04c1-424b-9868-57a2d4851a1d" />
    <TestEntry testId="a0800714-3984-46ed-b940-d3500f863987" executionId="14243b7e-8d63-4450-8602-1258cbef40c4" testListId="8c84fa94-04c1-424b-9868-57a2d4851a1d" />
    <TestEntry testId="1a174efd-c9c2-4c98-8d9f-3bad640eb673" executionId="1c4a8f98-6f91-4afe-9e38-06af06acd94b" testListId="8c84fa94-04c1-424b-9868-57a2d4851a1d" />
    <TestEntry testId="cc2b2e93-92bd-44db-88d3-38ed9e511cf1" executionId="f64fd90f-27e7-4a0c-9e43-f1037d87db9b" testListId="8c84fa94-04c1-424b-9868-57a2d4851a1d" />
    <TestEntry testId="4960ddde-9538-4a23-a31e-3583168ee178" executionId="62b258f9-46c8-4a9d-861a-c41b5f1bcb50" testListId="8c84fa94-04c1-424b-9868-57a2d4851a1d" />
    <TestEntry testId="57247944-d83c-4ba6-a1e9-cd69665d5b29" executionId="c1e97968-2d04-4fa4-8f93-ba38b3bcb77c" testListId="8c84fa94-04c1-424b-9868-57a2d4851a1d" />
    <TestEntry testId="9a292f3a-5800-47b9-bf5d-28e01e2aee31" executionId="67610d3e-8e01-4931-8ae7-db21bd278a29" testListId="8c84fa94-04c1-424b-9868-57a2d4851a1d" />
    <TestEntry testId="f2745cbb-3c5b-4816-b9df-21586cd2226d" executionId="6dfce453-8560-4047-96e4-460a5aa2abc5" testListId="8c84fa94-04c1-424b-9868-57a2d4851a1d" />
    <TestEntry testId="e476a88d-871f-4737-bf76-61cb4346fb4d" executionId="1953ea78-4fcd-4d37-99fe-94732812803b" testListId="8c84fa94-04c1-424b-9868-57a2d4851a1d" />
    <TestEntry testId="203eee75-6d9d-4d0e-97fe-c3adcbf62563" executionId="a0170eb3-15b6-4410-8696-5d20c0ef659e" testListId="8c84fa94-04c1-424b-9868-57a2d4851a1d" />
    <TestEntry testId="7a5ec98d-9ff9-48bc-aac5-0ef79dc2b759" executionId="3189c99d-a09b-4ef1-96f7-29b00bae31a5" testListId="8c84fa94-04c1-424b-9868-57a2d4851a1d" />
    <TestEntry testId="46154d16-a196-4279-bfd1-38c8313ea2db" executionId="023c99ef-4fe7-4458-93ce-42bcc13315f6" testListId="8c84fa94-04c1-424b-9868-57a2d4851a1d" />
    <TestEntry testId="199c233f-3dc8-407f-9535-77ef386a6545" executionId="bf201aac-0a4c-4916-8880-face10b03994" testListId="8c84fa94-04c1-424b-9868-57a2d4851a1d" />
    <TestEntry testId="30fdbbb3-9e43-4f46-872a-6eb68e423dc7" executionId="171237be-dff7-4dab-97bd-73a4ee47cb92" testListId="8c84fa94-04c1-424b-9868-57a2d4851a1d" />
    <TestEntry testId="cc121b72-785a-4ea4-acce-18e3c809a040" executionId="3b554f0e-e7d9-4719-9b3a-3bf7f7a033ec" testListId="8c84fa94-04c1-424b-9868-57a2d4851a1d" />
    <TestEntry testId="120f022c-758a-4cf5-a41d-f956fed69347" executionId="58991017-9a78-489c-8740-aff41fd72d84" testListId="8c84fa94-04c1-424b-9868-57a2d4851a1d" />
    <TestEntry testId="5d3e642f-316d-4426-ac27-36a4a1ea0300" executionId="3cf00f5d-2d09-4941-993e-b545ce211663" testListId="8c84fa94-04c1-424b-9868-57a2d4851a1d" />
    <TestEntry testId="7148039d-fdb6-4718-b393-00cd4d0373b8" executionId="20542488-7d46-4721-8c30-e62d96de0479" testListId="8c84fa94-04c1-424b-9868-57a2d4851a1d" />
    <TestEntry testId="9cb714d3-1ee1-4ac8-a462-5c77897b6415" executionId="aa2188cf-4ced-4fb7-b46c-69740fdfec67" testListId="8c84fa94-04c1-424b-9868-57a2d4851a1d" />
    <TestEntry testId="37a8c9b1-817b-462c-8328-0643e8cf504d" executionId="73f122c2-7774-498d-beaf-e20611c9470e" testListId="8c84fa94-04c1-424b-9868-57a2d4851a1d" />
    <TestEntry testId="1e4a7c31-d8a3-4167-8de2-3a5d35ad4c18" executionId="c60b4f84-05d6-416a-aa67-85e841e127ff" testListId="8c84fa94-04c1-424b-9868-57a2d4851a1d" />
    <TestEntry testId="eab2e01a-1745-424f-a4d6-819db90d9ba2" executionId="a0ba5e26-9295-4968-8528-4f3ad1df98f5" testListId="8c84fa94-04c1-424b-9868-57a2d4851a1d" />
    <TestEntry testId="0feffdeb-590e-4c8e-8995-71d85f7dc55a" executionId="99543f4e-cc38-4bce-b92d-90b087d4f246" testListId="8c84fa94-04c1-424b-9868-57a2d4851a1d" />
    <TestEntry testId="d77c390b-c2c8-4891-86b4-c9accad6aef6" executionId="59ef11f0-47d8-4550-9773-dba709651f25" testListId="8c84fa94-04c1-424b-9868-57a2d4851a1d" />
    <TestEntry testId="9cc9b466-14da-468c-ade9-1af342ebaa66" executionId="409497dc-8f94-4d9d-a2cd-984f746a3fa2" testListId="8c84fa94-04c1-424b-9868-57a2d4851a1d" />
    <TestEntry testId="8115f4f8-7a6c-4e22-b976-e69cdf574ed4" executionId="1d5f5ba6-a753-414b-a8be-4ae456ae1bee" testListId="8c84fa94-04c1-424b-9868-57a2d4851a1d" />
    <TestEntry testId="1c3e1992-fe36-4156-bca9-5e6cd4c7bda3" executionId="65791d2c-8a7a-4ade-91f7-58e970f24236" testListId="8c84fa94-04c1-424b-9868-57a2d4851a1d" />
    <TestEntry testId="03fa1996-9afe-432f-b4cc-89299156dade" executionId="39b1a903-2ea6-492f-9e78-c00bec4410cb" testListId="8c84fa94-04c1-424b-9868-57a2d4851a1d" />
    <TestEntry testId="bd25225b-e939-4fe5-be29-9709b520a056" executionId="fe699591-3945-40e2-9775-2d9f2de50ea4" testListId="8c84fa94-04c1-424b-9868-57a2d4851a1d" />
    <TestEntry testId="31b2f487-2d86-47f0-87d0-1901dd53aa9f" executionId="b275ed1d-3f21-4dab-9f4a-0c450fc258e5" testListId="8c84fa94-04c1-424b-9868-57a2d4851a1d" />
    <TestEntry testId="7c299aa4-48a0-4cef-926d-15f4809f586d" executionId="d2c357d3-3c82-4e1e-bc7d-7280743d0b40" testListId="8c84fa94-04c1-424b-9868-57a2d4851a1d" />
    <TestEntry testId="800eebfa-6e88-493c-a034-79b8a85b4337" executionId="1df0928d-716a-4435-a39c-7fde9da48343" testListId="8c84fa94-04c1-424b-9868-57a2d4851a1d" />
    <TestEntry testId="bc17d8dc-962d-4066-9269-eb3b3bdf8237" executionId="e4e9843c-e083-4f09-98b7-eda384b8784a" testListId="8c84fa94-04c1-424b-9868-57a2d4851a1d" />
    <TestEntry testId="f422ebaa-ad55-4269-aa96-f88a7f788309" executionId="1b012303-372d-400d-8ff3-5c0a21cd5b53" testListId="8c84fa94-04c1-424b-9868-57a2d4851a1d" />
    <TestEntry testId="4d3ae650-4bc8-4804-8506-b6a57558f90d" executionId="99d5f4ed-32b3-4c82-89b5-d3149e156c13" testListId="8c84fa94-04c1-424b-9868-57a2d4851a1d" />
    <TestEntry testId="9a1ed573-a99c-422e-a136-8859757f5980" executionId="b9471e51-7128-437c-af62-f5b96c067743" testListId="8c84fa94-04c1-424b-9868-57a2d4851a1d" />
    <TestEntry testId="8f862712-3572-4419-8825-adaa078c438a" executionId="abbd169b-7bf8-4eec-9018-789864ec2f29" testListId="8c84fa94-04c1-424b-9868-57a2d4851a1d" />
    <TestEntry testId="a485aa3c-d639-4313-b009-9cd766956bcd" executionId="3c1c7a21-f441-4148-ac2b-25026f5a5b41" testListId="8c84fa94-04c1-424b-9868-57a2d4851a1d" />
    <TestEntry testId="3e7f8605-7679-4c19-96fd-891f5b2ad081" executionId="3d5b134b-93b5-46bd-989f-72c94e2169e1" testListId="8c84fa94-04c1-424b-9868-57a2d4851a1d" />
    <TestEntry testId="8291fa18-505f-477e-a4f6-f7d659eab12f" executionId="19bd3d83-9f19-462c-8622-93da3ce26cb4" testListId="8c84fa94-04c1-424b-9868-57a2d4851a1d" />
    <TestEntry testId="e9a1f3f0-0ad1-4a01-bc01-f799bc301bd1" executionId="bd2fbb6d-9039-4e82-a526-f5e38ca2e2ee" testListId="8c84fa94-04c1-424b-9868-57a2d4851a1d" />
    <TestEntry testId="b88eaf41-6e98-43d4-b61c-4205ba4b000b" executionId="288701a4-0a2c-4584-8f90-d4020080b4b0" testListId="8c84fa94-04c1-424b-9868-57a2d4851a1d" />
    <TestEntry testId="d6920fee-ccf5-41b4-9105-8b290f09ab5b" executionId="47564b32-2347-411c-b6ce-65cbe49e635d" testListId="8c84fa94-04c1-424b-9868-57a2d4851a1d" />
    <TestEntry testId="db5eebe2-6a7a-4aea-8eda-52fd43137603" executionId="5618e461-c0ce-43b9-b092-2319ff98d276" testListId="8c84fa94-04c1-424b-9868-57a2d4851a1d" />
    <TestEntry testId="2dd773da-7856-4798-91c9-f70b6202cf24" executionId="8ef4ef0d-2ce5-44a8-9730-741f4ba1240d" testListId="8c84fa94-04c1-424b-9868-57a2d4851a1d" />
    <TestEntry testId="5b6dce0c-fd35-468b-bb80-3daf3504c1c9" executionId="72971a99-9d16-4bb4-b4a6-09c1d8f90198" testListId="8c84fa94-04c1-424b-9868-57a2d4851a1d" />
    <TestEntry testId="fdb540f9-4d30-4639-913f-f19216a9cee1" executionId="50516c93-d0aa-4d7d-aa3c-256bb69db6dd" testListId="8c84fa94-04c1-424b-9868-57a2d4851a1d" />
    <TestEntry testId="7569eb1e-730f-45e5-a450-9efd5dc3c96e" executionId="fc4d5a41-b26a-4d18-8a27-0a7cb38f58f7" testListId="8c84fa94-04c1-424b-9868-57a2d4851a1d" />
    <TestEntry testId="6876bacd-ba65-4bd9-b4c2-d2b1de9d9987" executionId="9ad81eaf-5283-4ded-adfa-16c8e0b546c1" testListId="8c84fa94-04c1-424b-9868-57a2d4851a1d" />
    <TestEntry testId="43e2e844-130c-4938-9079-359e8ba45ae1" executionId="7d0a88b8-d4a2-4abd-aedd-6b6bf018a4ad" testListId="8c84fa94-04c1-424b-9868-57a2d4851a1d" />
    <TestEntry testId="737ad530-bf68-4c11-a1e0-60be09726760" executionId="216e07f6-a010-4927-8a00-89ef52cf56c2" testListId="8c84fa94-04c1-424b-9868-57a2d4851a1d" />
    <TestEntry testId="fc9d4ea0-c248-4556-b846-ef172f40ebb6" executionId="2c454c10-1436-4887-9364-1bceab45e350" testListId="8c84fa94-04c1-424b-9868-57a2d4851a1d" />
    <TestEntry testId="e65bd08e-e4a5-4286-ba7f-9bec9665b8f6" executionId="25fb7013-8c31-48f3-bcbb-4f9281c11e97" testListId="8c84fa94-04c1-424b-9868-57a2d4851a1d" />
    <TestEntry testId="2c7cfef2-6dec-4aa0-8c12-b65004bdba83" executionId="8c3c6f2a-737c-4a92-99e1-ac7d61b2d110" testListId="8c84fa94-04c1-424b-9868-57a2d4851a1d" />
    <TestEntry testId="4892394c-d8e8-46a7-a9eb-abe594ee67c6" executionId="7fce5c8a-24b2-4343-ae8a-1f6d6ab68e31" testListId="8c84fa94-04c1-424b-9868-57a2d4851a1d" />
    <TestEntry testId="a88981f7-bf7e-47d4-a23f-cfcf43b1c1a9" executionId="d53cc46d-886e-47c9-8419-ece6fbb92481" testListId="8c84fa94-04c1-424b-9868-57a2d4851a1d" />
    <TestEntry testId="3ced0f6d-27e5-41e8-9fb3-f334fababd92" executionId="1b6bec34-10fd-4432-896d-92b01523e3b7" testListId="8c84fa94-04c1-424b-9868-57a2d4851a1d" />
    <TestEntry testId="01a2799b-e232-4a6c-8e4c-b6430c97c2c4" executionId="a51a3403-414b-4ac6-a569-4345a3b038ef" testListId="8c84fa94-04c1-424b-9868-57a2d4851a1d" />
    <TestEntry testId="b4114173-11de-4b09-a0c4-2eb4375afe00" executionId="2f99812e-526f-4bf0-b9e2-dbdc54d4c19b" testListId="8c84fa94-04c1-424b-9868-57a2d4851a1d" />
    <TestEntry testId="176b2bcf-18bc-43e3-9e85-1546ae5b8499" executionId="d3a5c644-437d-44c6-9f2c-162d484b4e5d" testListId="8c84fa94-04c1-424b-9868-57a2d4851a1d" />
    <TestEntry testId="3ec80ad5-608a-46c1-978e-dbc339a2d250" executionId="48bb1dfa-87e5-4565-b1a5-a3dc02bcda8c" testListId="8c84fa94-04c1-424b-9868-57a2d4851a1d" />
    <TestEntry testId="06812a59-731a-455a-91c8-51f0347f89f6" executionId="6a2b1922-ad2f-410b-a76d-d3f41e4d7867" testListId="8c84fa94-04c1-424b-9868-57a2d4851a1d" />
    <TestEntry testId="54378284-a9db-4869-a126-29ad815f2b66" executionId="ebfc3004-309f-4e19-aa7d-bc3b2ef4d003" testListId="8c84fa94-04c1-424b-9868-57a2d4851a1d" />
    <TestEntry testId="e67ebab6-e03c-41e3-a3c0-e0f399b2336b" executionId="10df27e3-fd99-4549-99aa-986483931a3f" testListId="8c84fa94-04c1-424b-9868-57a2d4851a1d" />
    <TestEntry testId="1f560fc3-0c92-41b8-8a35-41e9e2dfafff" executionId="4ad34e25-5e91-4c6d-8c99-3bcc6728a8af" testListId="8c84fa94-04c1-424b-9868-57a2d4851a1d" />
    <TestEntry testId="28cec222-7f51-483c-9a65-6cb112c6a475" executionId="a81375f8-bcea-4ec9-a9eb-b8461fbf977e" testListId="8c84fa94-04c1-424b-9868-57a2d4851a1d" />
    <TestEntry testId="60dea283-4e7a-40a7-b071-0766a0c7a9e7" executionId="b7618bf1-295c-407b-b221-64b1abfb0ec0" testListId="8c84fa94-04c1-424b-9868-57a2d4851a1d" />
    <TestEntry testId="b9aeb729-e093-4139-a800-49db512328e4" executionId="a35d9a1a-ce02-4bb0-9496-c5a4e7cd3efb" testListId="8c84fa94-04c1-424b-9868-57a2d4851a1d" />
    <TestEntry testId="207368ef-3d53-4c93-8f6e-058c5e213df2" executionId="910b4bfd-e3d6-4853-9202-fa63c64e0c21" testListId="8c84fa94-04c1-424b-9868-57a2d4851a1d" />
    <TestEntry testId="7d317bf6-5d5f-4316-827e-ca4d13241ea4" executionId="990b0e47-3597-4066-a508-1266f3987f08" testListId="8c84fa94-04c1-424b-9868-57a2d4851a1d" />
  </TestEntries>
  <TestLists>
    <TestList name="Resultados sin formato de lista" id="8c84fa94-04c1-424b-9868-57a2d4851a1d" />
    <TestList name="Todos los resultados cargados" id="19431567-8539-422a-85d7-44ee4e166bda" />
  </TestLists>
  <ResultSummary outcome="Completed">
    <Counters total="337" executed="337" passed="337" failed="0" error="0" timeout="0" aborted="0" inconclusive="0" passedButRunAborted="0" notRunnable="0" notExecuted="0" disconnected="0" warning="0" completed="0" inProgress="0" pending="0" />
  </ResultSummary>
</TestRun>