<?xml version="1.0" encoding="utf-8"?>
<TestRun id="2727ed8d-7283-48fa-815f-73d6ffbc874d" name="sferrari@PC-SFERRARI 2021-07-26 13:19:43" runUser="PC-SFERRARI\sferrari" xmlns="http://microsoft.com/schemas/VisualStudio/TeamTest/2010">
  <Times creation="2021-07-26T13:19:43.3130546+02:00" queuing="2021-07-26T13:19:43.3130556+02:00" start="2021-07-26T13:19:41.0870217+02:00" finish="2021-07-26T13:19:44.0942952+02:00" />
  <TestSettings name="default" id="9614a82d-e9da-464b-8b21-7ed68f6308ad">
    <Deployment runDeploymentRoot="sferrari_PC-SFERRARI_2021-07-26_13_19_43" />
  </TestSettings>
  <Results>
    <UnitTestResult executionId="75d6e9f7-e2c6-4f31-9929-71778b9ad86c" testId="9e71b9f6-874f-428c-bb7d-ce337471eccc" testName="IsGold_Passing_Nothing_Returns_True" computerName="PC-SFERRARI" duration="00:00:00.0002313" startTime="2021-07-26T13:19:43.6455018+02:00" endTime="2021-07-26T13:19:43.6458388+02:00" testType="13cdc9d9-ddb5-4fa4-a97d-d965ccfc6d4b" outcome="Passed" testListId="8c84fa94-04c1-424b-9868-57a2d4851a1d" relativeResultsDirectory="75d6e9f7-e2c6-4f31-9929-71778b9ad86c" />
    <UnitTestResult executionId="75fd4459-e82b-46cd-8817-5ecd64761b96" testId="27213374-5342-410b-8aa7-fb588101b4e1" testName="Equals_Passing_Valid_Distinct_Values_Returns_False (Tenant_A)" computerName="PC-SFERRARI" duration="00:00:00.0000158" startTime="2021-07-26T13:19:43.5717376+02:00" endTime="2021-07-26T13:19:43.5718554+02:00" testType="13cdc9d9-ddb5-4fa4-a97d-d965ccfc6d4b" outcome="Passed" testListId="8c84fa94-04c1-424b-9868-57a2d4851a1d" relativeResultsDirectory="75fd4459-e82b-46cd-8817-5ecd64761b96" />
    <UnitTestResult executionId="72ad0012-4c4b-451c-9c05-b34279cfc5bd" testId="40b663bf-7858-40f2-8096-66f1fe6b6172" testName="ToEnum_Passing_Valid_String_Name_Enumeracion_Returns_Enumeracion" computerName="PC-SFERRARI" duration="00:00:00.0009932" startTime="2021-07-26T13:19:43.6272395+02:00" endTime="2021-07-26T13:19:43.6285281+02:00" testType="13cdc9d9-ddb5-4fa4-a97d-d965ccfc6d4b" outcome="Passed" testListId="8c84fa94-04c1-424b-9868-57a2d4851a1d" relativeResultsDirectory="72ad0012-4c4b-451c-9c05-b34279cfc5bd" />
    <UnitTestResult executionId="adb8befb-fec2-4b29-be51-608d0103613e" testId="f131d661-276f-49a3-ac9e-11088c544063" testName="ToNormalize_Passing_Valid_Values_Returns_Name_String_Format (Esp añâ,Esp ana)" computerName="PC-SFERRARI" duration="00:00:00.0000400" startTime="2021-07-26T13:19:43.4679564+02:00" endTime="2021-07-26T13:19:43.4680680+02:00" testType="13cdc9d9-ddb5-4fa4-a97d-d965ccfc6d4b" outcome="Passed" testListId="8c84fa94-04c1-424b-9868-57a2d4851a1d" relativeResultsDirectory="adb8befb-fec2-4b29-be51-608d0103613e" />
    <UnitTestResult executionId="20f357bf-d10d-46ce-8bc5-1d6b176947e2" testId="1b7c63dd-f362-4864-8281-e2839e97275e" testName="OperatorEqual_Passing_Valid_Values_Returns_True (TENANT_A)" computerName="PC-SFERRARI" duration="00:00:00.0000271" startTime="2021-07-26T13:19:43.5812532+02:00" endTime="2021-07-26T13:19:43.5814158+02:00" testType="13cdc9d9-ddb5-4fa4-a97d-d965ccfc6d4b" outcome="Passed" testListId="8c84fa94-04c1-424b-9868-57a2d4851a1d" relativeResultsDirectory="20f357bf-d10d-46ce-8bc5-1d6b176947e2" />
    <UnitTestResult executionId="268e1c74-026f-4836-a5ef-b2ab78245782" testId="11170b85-1a99-45f5-a52a-d5634b22d9bb" testName="OperatorEqual_Passing_Valid_Distinct_Values_Returns_False (www.hackerone-com)" computerName="PC-SFERRARI" duration="00:00:00.0000214" startTime="2021-07-26T13:19:43.5034404+02:00" endTime="2021-07-26T13:19:43.5035385+02:00" testType="13cdc9d9-ddb5-4fa4-a97d-d965ccfc6d4b" outcome="Passed" testListId="8c84fa94-04c1-424b-9868-57a2d4851a1d" relativeResultsDirectory="268e1c74-026f-4836-a5ef-b2ab78245782" />
    <UnitTestResult executionId="6ab7755c-e744-480f-8ae4-9aeeea6d3dee" testId="39143dfe-eea3-44fc-9461-04b9cf5be334" testName="ToFullString_Passing_Valid_Values_Returns_Value_String_Format (Sabadell,Barcelona,España)" computerName="PC-SFERRARI" duration="00:00:00.0000386" startTime="2021-07-26T13:19:43.3098020+02:00" endTime="2021-07-26T13:19:43.3099810+02:00" testType="13cdc9d9-ddb5-4fa4-a97d-d965ccfc6d4b" outcome="Passed" testListId="8c84fa94-04c1-424b-9868-57a2d4851a1d" relativeResultsDirectory="6ab7755c-e744-480f-8ae4-9aeeea6d3dee" />
    <UnitTestResult executionId="b4002680-fa4d-40c7-9a02-be50dfbe7615" testId="fb852110-65aa-4236-a087-2ae51bf307d9" testName="Create_Passing_Valid_Values_Returns_Address (400,USD,8)" computerName="PC-SFERRARI" duration="00:00:00.0014349" startTime="2021-07-26T13:19:43.3217649+02:00" endTime="2021-07-26T13:19:43.3233098+02:00" testType="13cdc9d9-ddb5-4fa4-a97d-d965ccfc6d4b" outcome="Passed" testListId="8c84fa94-04c1-424b-9868-57a2d4851a1d" relativeResultsDirectory="b4002680-fa4d-40c7-9a02-be50dfbe7615" />
    <UnitTestResult executionId="956532c7-304d-48d6-9121-8983d8577f8d" testId="b74db00c-5c53-429d-a9af-58ad7b42459f" testName="Equals_Passing_Valid_Values_Returns_True (Españá)" computerName="PC-SFERRARI" duration="00:00:00.0000293" startTime="2021-07-26T13:19:43.4302272+02:00" endTime="2021-07-26T13:19:43.4303652+02:00" testType="13cdc9d9-ddb5-4fa4-a97d-d965ccfc6d4b" outcome="Passed" testListId="8c84fa94-04c1-424b-9868-57a2d4851a1d" relativeResultsDirectory="956532c7-304d-48d6-9121-8983d8577f8d" />
    <UnitTestResult executionId="6f8c0975-4e99-48b6-900d-7ab66c4ef692" testId="286e3925-028d-489d-90c0-228879cf3404" testName="IsNull_Passing_Valid_Values_Returns_False (456,43543543543)" computerName="PC-SFERRARI" duration="00:00:00.0023512" startTime="2021-07-26T13:19:43.5080822+02:00" endTime="2021-07-26T13:19:43.5107114+02:00" testType="13cdc9d9-ddb5-4fa4-a97d-d965ccfc6d4b" outcome="Passed" testListId="8c84fa94-04c1-424b-9868-57a2d4851a1d" relativeResultsDirectory="6f8c0975-4e99-48b6-900d-7ab66c4ef692" />
    <UnitTestResult executionId="767729ff-4821-496c-a4b8-8227244acaf8" testId="d36e7867-507b-42ce-81b5-5160cd1ed8a1" testName="IsNull_Passing_Valid_Value_Returns_False (TENANT_A)" computerName="PC-SFERRARI" duration="00:00:00.0000099" startTime="2021-07-26T13:19:43.5328686+02:00" endTime="2021-07-26T13:19:43.5329575+02:00" testType="13cdc9d9-ddb5-4fa4-a97d-d965ccfc6d4b" outcome="Passed" testListId="8c84fa94-04c1-424b-9868-57a2d4851a1d" relativeResultsDirectory="767729ff-4821-496c-a4b8-8227244acaf8" />
    <UnitTestResult executionId="c4152d6d-b7f3-40fe-8adc-7af5c67b7d8d" testId="45adbed0-34e3-43f6-a3c7-91e32ec2a81b" testName="ToEnum_Passing_Invalid_String_Name_Enumeracion_Returns_Null" computerName="PC-SFERRARI" duration="00:00:00.0001871" startTime="2021-07-26T13:19:43.6286230+02:00" endTime="2021-07-26T13:19:43.6289359+02:00" testType="13cdc9d9-ddb5-4fa4-a97d-d965ccfc6d4b" outcome="Passed" testListId="8c84fa94-04c1-424b-9868-57a2d4851a1d" relativeResultsDirectory="c4152d6d-b7f3-40fe-8adc-7af5c67b7d8d" />
    <UnitTestResult executionId="f6ee1e5b-8cd2-4f9b-9c06-d5ef0fa11ba6" testId="4d461b4d-9a79-4a36-8492-2a949b2e50a2" testName="OperatorEqual_Passing_Valid_Distinct_Values_Returns_False (Españħ)" computerName="PC-SFERRARI" duration="00:00:00.0000176" startTime="2021-07-26T13:19:43.4489794+02:00" endTime="2021-07-26T13:19:43.4490606+02:00" testType="13cdc9d9-ddb5-4fa4-a97d-d965ccfc6d4b" outcome="Passed" testListId="8c84fa94-04c1-424b-9868-57a2d4851a1d" relativeResultsDirectory="f6ee1e5b-8cd2-4f9b-9c06-d5ef0fa11ba6" />
    <UnitTestResult executionId="ed4d5d7a-1be2-4a05-afb1-8366b5f990b2" testId="65c52385-c1ec-4ee8-8566-a412abee539a" testName="Equals_Passing_Valid_Values_Returns_True (tenant1)" computerName="PC-SFERRARI" duration="00:00:00.0010438" startTime="2021-07-26T13:19:43.5550403+02:00" endTime="2021-07-26T13:19:43.5561851+02:00" testType="13cdc9d9-ddb5-4fa4-a97d-d965ccfc6d4b" outcome="Passed" testListId="8c84fa94-04c1-424b-9868-57a2d4851a1d" relativeResultsDirectory="ed4d5d7a-1be2-4a05-afb1-8366b5f990b2" />
    <UnitTestResult executionId="db120c7e-4d73-4dbc-9fb5-63cb37eb99a5" testId="4215b8e7-7622-4920-9733-92c46652c723" testName="OperatorNotEqual_Passing_Valid_Values_Returns_False (34fsds@sdd.fgg)" computerName="PC-SFERRARI" duration="00:00:00.0000530" startTime="2021-07-26T13:19:43.2546611+02:00" endTime="2021-07-26T13:19:43.2548458+02:00" testType="13cdc9d9-ddb5-4fa4-a97d-d965ccfc6d4b" outcome="Passed" testListId="8c84fa94-04c1-424b-9868-57a2d4851a1d" relativeResultsDirectory="db120c7e-4d73-4dbc-9fb5-63cb37eb99a5" />
    <UnitTestResult executionId="035761f0-1637-4cdd-87e9-cdbab38b6441" testId="470fbd01-adc2-46ac-bee6-3ad6f462d610" testName="ToNormalize_Passing_Valid_Values_Returns_Name_String_Format (Españá,Espana)" computerName="PC-SFERRARI" duration="00:00:00.0000473" startTime="2021-07-26T13:19:43.4666886+02:00" endTime="2021-07-26T13:19:43.4668359+02:00" testType="13cdc9d9-ddb5-4fa4-a97d-d965ccfc6d4b" outcome="Passed" testListId="8c84fa94-04c1-424b-9868-57a2d4851a1d" relativeResultsDirectory="035761f0-1637-4cdd-87e9-cdbab38b6441" />
    <UnitTestResult executionId="44b60f21-645c-49f8-a3a4-f050ed391451" testId="b5992593-ae4d-4a9b-834a-3254d1ba1412" testName="OperatorNotEqual_Passing_Valid_Values_Returns_False (USD)" computerName="PC-SFERRARI" duration="00:00:00.0018547" startTime="2021-07-26T13:19:43.2046315+02:00" endTime="2021-07-26T13:19:43.2066619+02:00" testType="13cdc9d9-ddb5-4fa4-a97d-d965ccfc6d4b" outcome="Passed" testListId="8c84fa94-04c1-424b-9868-57a2d4851a1d" relativeResultsDirectory="44b60f21-645c-49f8-a3a4-f050ed391451" />
    <UnitTestResult executionId="21826a89-9c8c-4b2a-a536-f00a1e1e896b" testId="62b2333e-cafe-40e5-baee-2f33b828a83f" testName="ToString_Passing_Valid_Values_Returns_Name (Españà)" computerName="PC-SFERRARI" duration="00:00:00.0000124" startTime="2021-07-26T13:19:43.4248059+02:00" endTime="2021-07-26T13:19:43.4248832+02:00" testType="13cdc9d9-ddb5-4fa4-a97d-d965ccfc6d4b" outcome="Passed" testListId="8c84fa94-04c1-424b-9868-57a2d4851a1d" relativeResultsDirectory="21826a89-9c8c-4b2a-a536-f00a1e1e896b" />
    <UnitTestResult executionId="017ebc97-909c-498c-bb1f-3efd2fac46b4" testId="56f454ce-1394-4439-8c01-50fa15888de5" testName="OperatorNotEqual_Passing_Valid_Values_Returns_False (EUR)" computerName="PC-SFERRARI" duration="00:00:00.0008410" startTime="2021-07-26T13:19:43.2005024+02:00" endTime="2021-07-26T13:19:43.2014686+02:00" testType="13cdc9d9-ddb5-4fa4-a97d-d965ccfc6d4b" outcome="Passed" testListId="8c84fa94-04c1-424b-9868-57a2d4851a1d" relativeResultsDirectory="017ebc97-909c-498c-bb1f-3efd2fac46b4" />
    <UnitTestResult executionId="9c7bca1d-8ddc-4834-b2fa-7f77a6909556" testId="c6dc1e46-5b14-441f-a6b6-2ecce3cb4f0b" testName="OperatorNotEqual_Passing_Valid_Values_Returns_False (stage_hackerone.com)" computerName="PC-SFERRARI" duration="00:00:00.0000187" startTime="2021-07-26T13:19:43.5041717+02:00" endTime="2021-07-26T13:19:43.5042543+02:00" testType="13cdc9d9-ddb5-4fa4-a97d-d965ccfc6d4b" outcome="Passed" testListId="8c84fa94-04c1-424b-9868-57a2d4851a1d" relativeResultsDirectory="9c7bca1d-8ddc-4834-b2fa-7f77a6909556" />
    <UnitTestResult executionId="6d25acf7-d72e-4ce1-97f0-2e7f3d29ceb0" testId="0e56a061-357b-462d-981d-4031b5f9f0d1" testName="ToEnum_Passing_Valid_Bool_Value_Returns_Enumeracion" computerName="PC-SFERRARI" duration="00:00:00.0002362" startTime="2021-07-26T13:19:43.6362265+02:00" endTime="2021-07-26T13:19:43.6366127+02:00" testType="13cdc9d9-ddb5-4fa4-a97d-d965ccfc6d4b" outcome="Passed" testListId="8c84fa94-04c1-424b-9868-57a2d4851a1d" relativeResultsDirectory="6d25acf7-d72e-4ce1-97f0-2e7f3d29ceb0" />
    <UnitTestResult executionId="0775e31e-82a4-41e2-b5bb-2a0b9f900b17" testId="c2664efb-871d-4c9c-9cb2-8cbd3064fe97" testName="Equals_Passing_Valid_Distinct_Values_Returns_False (dasdasd@dsasd.ff)" computerName="PC-SFERRARI" duration="00:00:00.0001701" startTime="2021-07-26T13:19:43.2487983+02:00" endTime="2021-07-26T13:19:43.2490406+02:00" testType="13cdc9d9-ddb5-4fa4-a97d-d965ccfc6d4b" outcome="Passed" testListId="8c84fa94-04c1-424b-9868-57a2d4851a1d" relativeResultsDirectory="0775e31e-82a4-41e2-b5bb-2a0b9f900b17" />
    <UnitTestResult executionId="240392c9-bd73-45b2-b912-a7500b08d18c" testId="4f779c3e-462b-4f81-8b15-18985087ffcd" testName="Create_Passing_Valid_Values_Returns_Subdomain (google)" computerName="PC-SFERRARI" duration="00:00:00.0001412" startTime="2021-07-26T13:19:43.4877663+02:00" endTime="2021-07-26T13:19:43.4879900+02:00" testType="13cdc9d9-ddb5-4fa4-a97d-d965ccfc6d4b" outcome="Passed" testListId="8c84fa94-04c1-424b-9868-57a2d4851a1d" relativeResultsDirectory="240392c9-bd73-45b2-b912-a7500b08d18c" />
    <UnitTestResult executionId="fecb229e-20a5-4953-ad8e-e47ff8397a30" testId="2fb851eb-d98f-42b1-80de-971b29e3565a" testName="OperatorEqual_Passing_Valid_Distinct_Values_Returns_False (tenant_1)" computerName="PC-SFERRARI" duration="00:00:00.0000119" startTime="2021-07-26T13:19:43.5821683+02:00" endTime="2021-07-26T13:19:43.5822502+02:00" testType="13cdc9d9-ddb5-4fa4-a97d-d965ccfc6d4b" outcome="Passed" testListId="8c84fa94-04c1-424b-9868-57a2d4851a1d" relativeResultsDirectory="fecb229e-20a5-4953-ad8e-e47ff8397a30" />
    <UnitTestResult executionId="aabd3d58-598f-4504-99a7-8ea54384507e" testId="7f6ed02c-215a-4102-8ed2-c9e7623ce97c" testName="Change_Passing_Valid_Values_Returns_Email (aaa@aaa.aaa,hhh@hhh.hhh)" computerName="PC-SFERRARI" duration="00:00:00.0002021" startTime="2021-07-26T13:19:43.2427724+02:00" endTime="2021-07-26T13:19:43.2430412+02:00" testType="13cdc9d9-ddb5-4fa4-a97d-d965ccfc6d4b" outcome="Passed" testListId="8c84fa94-04c1-424b-9868-57a2d4851a1d" relativeResultsDirectory="aabd3d58-598f-4504-99a7-8ea54384507e" />
    <UnitTestResult executionId="ffc202d0-d9a5-419d-ab55-09c89b0fc4cb" testId="c9afbb55-1be6-4396-96f2-b4543ef96662" testName="OperatorEqual_Passing_Valid_Distinct_Values_Returns_False (San Bartoleme De Tirajana,Las Palmas,España)" computerName="PC-SFERRARI" duration="00:00:00.0001751" startTime="2021-07-26T13:19:43.3126532+02:00" endTime="2021-07-26T13:19:43.3128994+02:00" testType="13cdc9d9-ddb5-4fa4-a97d-d965ccfc6d4b" outcome="Passed" testListId="8c84fa94-04c1-424b-9868-57a2d4851a1d" relativeResultsDirectory="ffc202d0-d9a5-419d-ab55-09c89b0fc4cb" />
    <UnitTestResult executionId="d6e0c5d2-3e26-450c-8a7d-ad0dcca2dedf" testId="369797b4-9f16-45a3-9c88-106aeb13dbb9" testName="Create_Passing_InvalidOrNull_Value_Returns_ApplicationException (456,USD,-3)" computerName="PC-SFERRARI" duration="00:00:00.0015065" startTime="2021-07-26T13:19:43.3234278+02:00" endTime="2021-07-26T13:19:43.3250655+02:00" testType="13cdc9d9-ddb5-4fa4-a97d-d965ccfc6d4b" outcome="Passed" testListId="8c84fa94-04c1-424b-9868-57a2d4851a1d" relativeResultsDirectory="d6e0c5d2-3e26-450c-8a7d-ad0dcca2dedf" />
    <UnitTestResult executionId="39160afe-0e89-4abb-b1f9-4c87639466bb" testId="0fc4bde7-847a-4971-8779-ba56bb135a40" testName="OperatorEqual_Passing_Valid_Distinct_Values_Returns_False (Españã)" computerName="PC-SFERRARI" duration="00:00:00.0000398" startTime="2021-07-26T13:19:43.4485705+02:00" endTime="2021-07-26T13:19:43.4487022+02:00" testType="13cdc9d9-ddb5-4fa4-a97d-d965ccfc6d4b" outcome="Passed" testListId="8c84fa94-04c1-424b-9868-57a2d4851a1d" relativeResultsDirectory="39160afe-0e89-4abb-b1f9-4c87639466bb" />
    <UnitTestResult executionId="93fed868-dca3-47bd-bfd7-c57c762c05f6" testId="c68f792c-8d21-41de-bacc-d775c062d3ba" testName="Create_Passing_Valid_Values_Returns_FullName (Sabadell,Barcelona,España)" computerName="PC-SFERRARI" duration="00:00:00.0000298" startTime="2021-07-26T13:19:43.3033382+02:00" endTime="2021-07-26T13:19:43.3034713+02:00" testType="13cdc9d9-ddb5-4fa4-a97d-d965ccfc6d4b" outcome="Passed" testListId="8c84fa94-04c1-424b-9868-57a2d4851a1d" relativeResultsDirectory="93fed868-dca3-47bd-bfd7-c57c762c05f6" />
    <UnitTestResult executionId="df67c924-3057-46ef-a432-83eb67f61809" testId="d2a8d953-4f96-4169-b019-ae4999b47b32" testName="OperatorNotEqual_Passing_Valid_Values_Returns_True (San Bartoleme De Tirajana,Las Palmas,España)" computerName="PC-SFERRARI" duration="00:00:00.0002046" startTime="2021-07-26T13:19:43.3166528+02:00" endTime="2021-07-26T13:19:43.3169296+02:00" testType="13cdc9d9-ddb5-4fa4-a97d-d965ccfc6d4b" outcome="Passed" testListId="8c84fa94-04c1-424b-9868-57a2d4851a1d" relativeResultsDirectory="df67c924-3057-46ef-a432-83eb67f61809" />
    <UnitTestResult executionId="958f5a26-0c36-44a3-ad38-d06ab04849ed" testId="e1f1a058-98c2-4616-a9b3-4e3cc78016d2" testName="ToEnum_Passing_Valid_String_Name_Returns_Enumeracion" computerName="PC-SFERRARI" duration="00:00:00.0009411" startTime="2021-07-26T13:19:43.6394451+02:00" endTime="2021-07-26T13:19:43.6406100+02:00" testType="13cdc9d9-ddb5-4fa4-a97d-d965ccfc6d4b" outcome="Passed" testListId="8c84fa94-04c1-424b-9868-57a2d4851a1d" relativeResultsDirectory="958f5a26-0c36-44a3-ad38-d06ab04849ed" />
    <UnitTestResult executionId="3c8577be-5515-406d-b892-a84ab1f4e8d7" testId="b9c3f948-7f55-48dc-a61c-da5af456eaaf" testName="IsNull_Passing_Null_Value_Returns_True" computerName="PC-SFERRARI" duration="00:00:00.0003267" startTime="2021-07-26T13:19:43.4141655+02:00" endTime="2021-07-26T13:19:43.4145720+02:00" testType="13cdc9d9-ddb5-4fa4-a97d-d965ccfc6d4b" outcome="Passed" testListId="8c84fa94-04c1-424b-9868-57a2d4851a1d" relativeResultsDirectory="3c8577be-5515-406d-b892-a84ab1f4e8d7" />
    <UnitTestResult executionId="14a10f2f-e1d3-46ed-914a-09d3d8cc7226" testId="2c54ef70-5c87-4023-8897-bb34c13f1cae" testName="Create_Passing_Valid_Value_Returns_Email (34fsds@sdd.fgg)" computerName="PC-SFERRARI" duration="00:00:00.0000334" startTime="2021-07-26T13:19:43.2337104+02:00" endTime="2021-07-26T13:19:43.2338273+02:00" testType="13cdc9d9-ddb5-4fa4-a97d-d965ccfc6d4b" outcome="Passed" testListId="8c84fa94-04c1-424b-9868-57a2d4851a1d" relativeResultsDirectory="14a10f2f-e1d3-46ed-914a-09d3d8cc7226" />
    <UnitTestResult executionId="b285a4bf-54c4-4106-a3c6-8ee8d38310ed" testId="b02db67d-1ef1-459b-b343-252d572cc322" testName="Create_Passing_InvalidOrNull_Value_Returns_ApplicationException (Tenerife,-10,DF7956,Sabadell,Barcelona,España)" computerName="PC-SFERRARI" duration="00:00:00.0000434" startTime="2021-07-26T13:19:43.0164635+02:00" endTime="2021-07-26T13:19:43.0165624+02:00" testType="13cdc9d9-ddb5-4fa4-a97d-d965ccfc6d4b" outcome="Passed" testListId="8c84fa94-04c1-424b-9868-57a2d4851a1d" relativeResultsDirectory="b285a4bf-54c4-4106-a3c6-8ee8d38310ed" />
    <UnitTestResult executionId="8860ca9d-9231-4263-9e8f-ad3678266660" testId="9569cc4b-cab2-4c50-8221-ba64f43b5b0c" testName="Equals_Passing_Valid_Distinct_Values_Returns_False (stage_hackerone.com)" computerName="PC-SFERRARI" duration="00:00:00.0000184" startTime="2021-07-26T13:19:43.4997742+02:00" endTime="2021-07-26T13:19:43.4998650+02:00" testType="13cdc9d9-ddb5-4fa4-a97d-d965ccfc6d4b" outcome="Passed" testListId="8c84fa94-04c1-424b-9868-57a2d4851a1d" relativeResultsDirectory="8860ca9d-9231-4263-9e8f-ad3678266660" />
    <UnitTestResult executionId="a0c93b89-9a46-4896-be51-0b7643f66aa1" testId="6415b973-5ba9-401a-a3d5-964ba7ed0174" testName="OperatorNotEqual_Passing_Valid_Values_Returns_True (EUR)" computerName="PC-SFERRARI" duration="00:00:00.0014574" startTime="2021-07-26T13:19:43.2067914+02:00" endTime="2021-07-26T13:19:43.2083945+02:00" testType="13cdc9d9-ddb5-4fa4-a97d-d965ccfc6d4b" outcome="Passed" testListId="8c84fa94-04c1-424b-9868-57a2d4851a1d" relativeResultsDirectory="a0c93b89-9a46-4896-be51-0b7643f66aa1" />
    <UnitTestResult executionId="f97a240f-fb28-457a-8b31-e0c084443df9" testId="d5e8cc3f-7697-4180-8a62-577e4b3f567e" testName="IsNull_Passing_Valid_Value_Returns_False (Esp añâ)" computerName="PC-SFERRARI" duration="00:00:00.0000265" startTime="2021-07-26T13:19:43.4139356+02:00" endTime="2021-07-26T13:19:43.4141075+02:00" testType="13cdc9d9-ddb5-4fa4-a97d-d965ccfc6d4b" outcome="Passed" testListId="8c84fa94-04c1-424b-9868-57a2d4851a1d" relativeResultsDirectory="f97a240f-fb28-457a-8b31-e0c084443df9" />
    <UnitTestResult executionId="004c19be-088d-414b-b2a0-87fd12a3999f" testId="891e3f1f-fd80-4635-92bb-951905a41fda" testName="Equals_Passing_Valid_Values_Returns_True (EUR)" computerName="PC-SFERRARI" duration="00:00:00.0011237" startTime="2021-07-26T13:19:43.1927464+02:00" endTime="2021-07-26T13:19:43.1939608+02:00" testType="13cdc9d9-ddb5-4fa4-a97d-d965ccfc6d4b" outcome="Passed" testListId="8c84fa94-04c1-424b-9868-57a2d4851a1d" relativeResultsDirectory="004c19be-088d-414b-b2a0-87fd12a3999f" />
    <UnitTestResult executionId="21353435-8ef4-46d7-a423-6c104a33490e" testId="72e62c47-7152-4a4d-be01-c53c3eec8fcb" testName="ToString_Passing_Valid_Values_Returns_Address_String_Format (Tenerife,23,34567,San Bartoleme De Tirajana,Las Palmas,España)" computerName="PC-SFERRARI" duration="00:00:00.0005161" startTime="2021-07-26T13:19:43.0955066+02:00" endTime="2021-07-26T13:19:43.0962952+02:00" testType="13cdc9d9-ddb5-4fa4-a97d-d965ccfc6d4b" outcome="Passed" testListId="8c84fa94-04c1-424b-9868-57a2d4851a1d" relativeResultsDirectory="21353435-8ef4-46d7-a423-6c104a33490e" />
    <UnitTestResult executionId="5a3182a9-3d23-4c93-8e31-3311f9b16932" testId="4602ad4e-8e6b-4bcd-9e03-08faa28c11a3" testName="IsAmex_Passing_Nothing_Returns_True" computerName="PC-SFERRARI" duration="00:00:00.0002252" startTime="2021-07-26T13:19:43.6123535+02:00" endTime="2021-07-26T13:19:43.6126647+02:00" testType="13cdc9d9-ddb5-4fa4-a97d-d965ccfc6d4b" outcome="Passed" testListId="8c84fa94-04c1-424b-9868-57a2d4851a1d" relativeResultsDirectory="5a3182a9-3d23-4c93-8e31-3311f9b16932" />
    <UnitTestResult executionId="e278d809-e83c-458b-b2d0-53b556a7e0ff" testId="273ae62c-136d-4b94-962d-3b11289e6945" testName="IsNull_Passing_Valid_Address_Returns_False (Tenerife,23,34567,San Bartoleme De Tirajana,Las Palmas,España)" computerName="PC-SFERRARI" duration="00:00:00.0197981" startTime="2021-07-26T13:19:42.9379245+02:00" endTime="2021-07-26T13:19:42.9879259+02:00" testType="13cdc9d9-ddb5-4fa4-a97d-d965ccfc6d4b" outcome="Passed" testListId="8c84fa94-04c1-424b-9868-57a2d4851a1d" relativeResultsDirectory="e278d809-e83c-458b-b2d0-53b556a7e0ff" />
    <UnitTestResult executionId="49514f67-cbd1-4d0e-a7e5-27fb3cc349c8" testId="d74374d7-9ebc-4495-8dd6-dfe8e11a9b15" testName="Create_Passing_Valid_Values_Returns_Currency (USD)" computerName="PC-SFERRARI" duration="00:00:00.0491008" startTime="2021-07-26T13:19:43.1029204+02:00" endTime="2021-07-26T13:19:43.1522175+02:00" testType="13cdc9d9-ddb5-4fa4-a97d-d965ccfc6d4b" outcome="Passed" testListId="8c84fa94-04c1-424b-9868-57a2d4851a1d" relativeResultsDirectory="49514f67-cbd1-4d0e-a7e5-27fb3cc349c8" />
    <UnitTestResult executionId="a484a9f9-6c98-4e22-a650-41ad01124019" testId="d4777fb9-3f7c-4d6a-9733-eba063fdcff2" testName="Equals_Passing_Valid_Distinct_Values_Returns_False (Tenant1)" computerName="PC-SFERRARI" duration="00:00:00.0000145" startTime="2021-07-26T13:19:43.5648112+02:00" endTime="2021-07-26T13:19:43.5649110+02:00" testType="13cdc9d9-ddb5-4fa4-a97d-d965ccfc6d4b" outcome="Passed" testListId="8c84fa94-04c1-424b-9868-57a2d4851a1d" relativeResultsDirectory="a484a9f9-6c98-4e22-a650-41ad01124019" />
    <UnitTestResult executionId="004d99c1-263d-4e7b-b4db-791b9dec74c3" testId="a830d7ea-cc04-4890-bf49-5aac931d8177" testName="ToEnum_Passing_Invalid_Int_Name_Enumeracion_Returns_Null" computerName="PC-SFERRARI" duration="00:00:00.0002121" startTime="2021-07-26T13:19:43.6208533+02:00" endTime="2021-07-26T13:19:43.6211899+02:00" testType="13cdc9d9-ddb5-4fa4-a97d-d965ccfc6d4b" outcome="Passed" testListId="8c84fa94-04c1-424b-9868-57a2d4851a1d" relativeResultsDirectory="004d99c1-263d-4e7b-b4db-791b9dec74c3" />
    <UnitTestResult executionId="63e829da-4905-47ac-b4a4-1724489d4a82" testId="1258e4e2-b828-46d4-9a2c-731dc3eac682" testName="Create_Passing_Valid_Values_Returns_Name (tenant_1)" computerName="PC-SFERRARI" duration="00:00:00.0000102" startTime="2021-07-26T13:19:43.5375376+02:00" endTime="2021-07-26T13:19:43.5376204+02:00" testType="13cdc9d9-ddb5-4fa4-a97d-d965ccfc6d4b" outcome="Passed" testListId="8c84fa94-04c1-424b-9868-57a2d4851a1d" relativeResultsDirectory="63e829da-4905-47ac-b4a4-1724489d4a82" />
    <UnitTestResult executionId="0db4dc27-f888-4f88-b0d7-b466d8058067" testId="31362e34-401e-4fbc-b267-a760fb0d7715" testName="ToString_Passing_Valid_Values_Returns_Address_String_Format (200,EUR,4)" computerName="PC-SFERRARI" duration="00:00:00.0003207" startTime="2021-07-26T13:19:43.3342799+02:00" endTime="2021-07-26T13:19:43.3346992+02:00" testType="13cdc9d9-ddb5-4fa4-a97d-d965ccfc6d4b" outcome="Passed" testListId="8c84fa94-04c1-424b-9868-57a2d4851a1d" relativeResultsDirectory="0db4dc27-f888-4f88-b0d7-b466d8058067" />
    <UnitTestResult executionId="72ef7455-0504-46c7-9028-734743cf5999" testId="df9d7b54-cd9f-495d-8a64-d1d994478d6a" testName="OperatorEqual_Passing_Valid_Distinct_Values_Returns_False (Sabadell,Barcelona,España)" computerName="PC-SFERRARI" duration="00:00:00.0000394" startTime="2021-07-26T13:19:43.3129852+02:00" endTime="2021-07-26T13:19:43.3131080+02:00" testType="13cdc9d9-ddb5-4fa4-a97d-d965ccfc6d4b" outcome="Passed" testListId="8c84fa94-04c1-424b-9868-57a2d4851a1d" relativeResultsDirectory="72ef7455-0504-46c7-9028-734743cf5999" />
    <UnitTestResult executionId="d1a5c046-34a0-4676-aeec-b9adccaaf97c" testId="b154c7e1-0b59-4557-9cfe-8525e90eeb2a" testName="IsNull_Passing_Null_Value_Returns_True" computerName="PC-SFERRARI" duration="00:00:00.0002960" startTime="2021-07-26T13:19:43.5363547+02:00" endTime="2021-07-26T13:19:43.5368069+02:00" testType="13cdc9d9-ddb5-4fa4-a97d-d965ccfc6d4b" outcome="Passed" testListId="8c84fa94-04c1-424b-9868-57a2d4851a1d" relativeResultsDirectory="d1a5c046-34a0-4676-aeec-b9adccaaf97c" />
    <UnitTestResult executionId="3132f163-2645-425d-a625-75a3ed360aa7" testId="9b284602-9cd5-4075-aaf4-7ea716803334" testName="OperatorNotEqual_Passing_Valid_Values_Returns_True (Españà)" computerName="PC-SFERRARI" duration="00:00:00.0000182" startTime="2021-07-26T13:19:43.4585529+02:00" endTime="2021-07-26T13:19:43.4586366+02:00" testType="13cdc9d9-ddb5-4fa4-a97d-d965ccfc6d4b" outcome="Passed" testListId="8c84fa94-04c1-424b-9868-57a2d4851a1d" relativeResultsDirectory="3132f163-2645-425d-a625-75a3ed360aa7" />
    <UnitTestResult executionId="4ff002d0-ae65-4866-9e64-d2537b882ec7" testId="a15eb62b-3c72-4ac1-83f1-2184d73f5499" testName="Equals_Passing_Valid_Values_Returns_False (Tenerife,23,34567,San Bartoleme De Tirajana,Las Palmas,España)" computerName="PC-SFERRARI" duration="00:00:00.0002820" startTime="2021-07-26T13:19:43.0984927+02:00" endTime="2021-07-26T13:19:43.0988280+02:00" testType="13cdc9d9-ddb5-4fa4-a97d-d965ccfc6d4b" outcome="Passed" testListId="8c84fa94-04c1-424b-9868-57a2d4851a1d" relativeResultsDirectory="4ff002d0-ae65-4866-9e64-d2537b882ec7" />
    <UnitTestResult executionId="d30255dc-8eb9-45db-b4d6-be505841da14" testId="40838a45-4178-48d9-b10b-78bbf7da6cbc" testName="Create_Passing_InvalidOrNull_Value_Returns_ApplicationException (dasdasd@dsasd.._ff)" computerName="PC-SFERRARI" duration="00:00:00.0004404" startTime="2021-07-26T13:19:43.2413771+02:00" endTime="2021-07-26T13:19:43.2418939+02:00" testType="13cdc9d9-ddb5-4fa4-a97d-d965ccfc6d4b" outcome="Passed" testListId="8c84fa94-04c1-424b-9868-57a2d4851a1d" relativeResultsDirectory="d30255dc-8eb9-45db-b4d6-be505841da14" />
    <UnitTestResult executionId="dd48420a-68a6-478f-b358-2c2b744d3d13" testId="fa054159-b1fd-4f7d-9a71-1e5b9b67acab" testName="ToEnum_Passing_Valid_String_Name_Enumeracion_Returns_Enumeracion" computerName="PC-SFERRARI" duration="00:00:00.0016573" startTime="2021-07-26T13:19:43.6155623+02:00" endTime="2021-07-26T13:19:43.6175237+02:00" testType="13cdc9d9-ddb5-4fa4-a97d-d965ccfc6d4b" outcome="Passed" testListId="8c84fa94-04c1-424b-9868-57a2d4851a1d" relativeResultsDirectory="dd48420a-68a6-478f-b358-2c2b744d3d13" />
    <UnitTestResult executionId="f70ed879-3b92-455a-8a1e-e55e008b6b39" testId="8518230c-df7a-4b82-8c78-4c3112903941" testName="ToString_Passing_Valid_Values_Returns_Value_String_Format (D45,86554654)" computerName="PC-SFERRARI" duration="00:00:00.0000139" startTime="2021-07-26T13:19:43.5175799+02:00" endTime="2021-07-26T13:19:43.5176681+02:00" testType="13cdc9d9-ddb5-4fa4-a97d-d965ccfc6d4b" outcome="Passed" testListId="8c84fa94-04c1-424b-9868-57a2d4851a1d" relativeResultsDirectory="f70ed879-3b92-455a-8a1e-e55e008b6b39" />
    <UnitTestResult executionId="5f7238de-b81d-409e-b3fd-237d9f5a4089" testId="0595615c-b579-40c8-9ab0-da3e13275165" testName="IsNull_Passing_Null_Value_Returns_True" computerName="PC-SFERRARI" duration="00:00:00.0003126" startTime="2021-07-26T13:19:43.4873084+02:00" endTime="2021-07-26T13:19:43.4876995+02:00" testType="13cdc9d9-ddb5-4fa4-a97d-d965ccfc6d4b" outcome="Passed" testListId="8c84fa94-04c1-424b-9868-57a2d4851a1d" relativeResultsDirectory="5f7238de-b81d-409e-b3fd-237d9f5a4089" />
    <UnitTestResult executionId="d39153dd-8aa7-46d0-a173-5e2933768f92" testId="bd4b79b5-572e-4bc7-be93-73cb8c3a9796" testName="Equals_Passing_Valid_Values_Returns_True (España)" computerName="PC-SFERRARI" duration="00:00:00.0009854" startTime="2021-07-26T13:19:43.4289839+02:00" endTime="2021-07-26T13:19:43.4301192+02:00" testType="13cdc9d9-ddb5-4fa4-a97d-d965ccfc6d4b" outcome="Passed" testListId="8c84fa94-04c1-424b-9868-57a2d4851a1d" relativeResultsDirectory="d39153dd-8aa7-46d0-a173-5e2933768f92" />
    <UnitTestResult executionId="56de0569-ee1b-49a0-98c9-899fe73f243b" testId="74869727-c5cf-455a-b926-bba2e2d42831" testName="OperatorNotEqual_Passing_Valid_Values_Returns_True (Españħ)" computerName="PC-SFERRARI" duration="00:00:00.0000179" startTime="2021-07-26T13:19:43.4592684+02:00" endTime="2021-07-26T13:19:43.4593479+02:00" testType="13cdc9d9-ddb5-4fa4-a97d-d965ccfc6d4b" outcome="Passed" testListId="8c84fa94-04c1-424b-9868-57a2d4851a1d" relativeResultsDirectory="56de0569-ee1b-49a0-98c9-899fe73f243b" />
    <UnitTestResult executionId="e9fd9b8d-2ec0-4c9f-855b-082513536443" testId="a8861edd-9ed4-4134-999a-cd3a6605f49a" testName="OperatorEqual_Passing_Valid_Values_Returns_True (Españä)" computerName="PC-SFERRARI" duration="00:00:00.0000189" startTime="2021-07-26T13:19:43.4425918+02:00" endTime="2021-07-26T13:19:43.4426746+02:00" testType="13cdc9d9-ddb5-4fa4-a97d-d965ccfc6d4b" outcome="Passed" testListId="8c84fa94-04c1-424b-9868-57a2d4851a1d" relativeResultsDirectory="e9fd9b8d-2ec0-4c9f-855b-082513536443" />
    <UnitTestResult executionId="475c2a57-450c-4eaf-805d-b64418169faf" testId="c742f209-8ae1-43fe-a8b1-2b871bc29733" testName="Equals_Passing_Valid_Values_Returns_False (Pader,789,DF7956,Sabadell,Barcelona,España)" computerName="PC-SFERRARI" duration="00:00:00.0000151" startTime="2021-07-26T13:19:43.0988940+02:00" endTime="2021-07-26T13:19:43.0989663+02:00" testType="13cdc9d9-ddb5-4fa4-a97d-d965ccfc6d4b" outcome="Passed" testListId="8c84fa94-04c1-424b-9868-57a2d4851a1d" relativeResultsDirectory="475c2a57-450c-4eaf-805d-b64418169faf" />
    <UnitTestResult executionId="e4f1b1ed-77e7-476d-a799-d536297af0eb" testId="84fb3ac5-aa90-4d6a-862a-0700147207f6" testName="ToEnum_Passing_Invalid_String_Name_Enumeracion_Returns_Null" computerName="PC-SFERRARI" duration="00:00:00.0001712" startTime="2021-07-26T13:19:43.6181648+02:00" endTime="2021-07-26T13:19:43.6184460+02:00" testType="13cdc9d9-ddb5-4fa4-a97d-d965ccfc6d4b" outcome="Passed" testListId="8c84fa94-04c1-424b-9868-57a2d4851a1d" relativeResultsDirectory="e4f1b1ed-77e7-476d-a799-d536297af0eb" />
    <UnitTestResult executionId="f54c3682-f468-423c-86fb-585c2d2c5660" testId="b203e7f7-ab33-4806-9854-3e7121190116" testName="Change_Passing_Valid_Values_Returns_Email (bbbs@bbb.bbb,ppp@ppp.ppp)" computerName="PC-SFERRARI" duration="00:00:00.0000338" startTime="2021-07-26T13:19:43.2431072+02:00" endTime="2021-07-26T13:19:43.2432086+02:00" testType="13cdc9d9-ddb5-4fa4-a97d-d965ccfc6d4b" outcome="Passed" testListId="8c84fa94-04c1-424b-9868-57a2d4851a1d" relativeResultsDirectory="f54c3682-f468-423c-86fb-585c2d2c5660" />
    <UnitTestResult executionId="5f62b24f-4286-41d3-82bc-fdc36fc4639f" testId="5321d1b4-3a04-4ed1-9eb5-a06bf6f9d49d" testName="ToString_Passing_Valid_Values_Returns_Address_String_Format (100,EUR,2)" computerName="PC-SFERRARI" duration="00:00:00.0010710" startTime="2021-07-26T13:19:43.3329631+02:00" endTime="2021-07-26T13:19:43.3341804+02:00" testType="13cdc9d9-ddb5-4fa4-a97d-d965ccfc6d4b" outcome="Passed" testListId="8c84fa94-04c1-424b-9868-57a2d4851a1d" relativeResultsDirectory="5f62b24f-4286-41d3-82bc-fdc36fc4639f" />
    <UnitTestResult executionId="07140a38-5995-4757-8afa-08fcc20a3ea6" testId="a2aaf107-53e8-4de8-b6af-9f1b1b2b524a" testName="Equals_Passing_Valid_Values_Returns_True (Españä)" computerName="PC-SFERRARI" duration="00:00:00.0000189" startTime="2021-07-26T13:19:43.4305822+02:00" endTime="2021-07-26T13:19:43.4306654+02:00" testType="13cdc9d9-ddb5-4fa4-a97d-d965ccfc6d4b" outcome="Passed" testListId="8c84fa94-04c1-424b-9868-57a2d4851a1d" relativeResultsDirectory="07140a38-5995-4757-8afa-08fcc20a3ea6" />
    <UnitTestResult executionId="b444049a-ff38-4a57-bc2a-acb3cc6694c6" testId="d74e72c6-96bb-4787-9cc4-998d2328014b" testName="Equals_Passing_Valid_Values_Returns_True (TENANT1)" computerName="PC-SFERRARI" duration="00:00:00.0000130" startTime="2021-07-26T13:19:43.5565095+02:00" endTime="2021-07-26T13:19:43.5565971+02:00" testType="13cdc9d9-ddb5-4fa4-a97d-d965ccfc6d4b" outcome="Passed" testListId="8c84fa94-04c1-424b-9868-57a2d4851a1d" relativeResultsDirectory="b444049a-ff38-4a57-bc2a-acb3cc6694c6" />
    <UnitTestResult executionId="9945c8d7-5fcf-4e2c-a9eb-2434565a9e10" testId="7fc3be10-f009-4337-9375-3d8309a1cdff" testName="Create_Passing_Valid_Values_Returns_Name (TENANT1)" computerName="PC-SFERRARI" duration="00:00:00.0000094" startTime="2021-07-26T13:19:43.5373970+02:00" endTime="2021-07-26T13:19:43.5374778+02:00" testType="13cdc9d9-ddb5-4fa4-a97d-d965ccfc6d4b" outcome="Passed" testListId="8c84fa94-04c1-424b-9868-57a2d4851a1d" relativeResultsDirectory="9945c8d7-5fcf-4e2c-a9eb-2434565a9e10" />
    <UnitTestResult executionId="1aeb5211-e9a3-4d3e-ab45-97cafb069a25" testId="242d62ab-d439-4225-963e-0290b854b484" testName="ToString_Passing_Valid_Values_Returns_Name (tenant_A)" computerName="PC-SFERRARI" duration="00:00:00.0000090" startTime="2021-07-26T13:19:43.5516319+02:00" endTime="2021-07-26T13:19:43.5517058+02:00" testType="13cdc9d9-ddb5-4fa4-a97d-d965ccfc6d4b" outcome="Passed" testListId="8c84fa94-04c1-424b-9868-57a2d4851a1d" relativeResultsDirectory="1aeb5211-e9a3-4d3e-ab45-97cafb069a25" />
    <UnitTestResult executionId="dd5077c0-df0b-48fb-a983-efccce08552f" testId="938a2cd9-938c-4824-8504-3ccc99f6fbaf" testName="Equals_Passing_Valid_Values_Returns_True (Tenant1)" computerName="PC-SFERRARI" duration="00:00:00.0000238" startTime="2021-07-26T13:19:43.5562970+02:00" endTime="2021-07-26T13:19:43.5564478+02:00" testType="13cdc9d9-ddb5-4fa4-a97d-d965ccfc6d4b" outcome="Passed" testListId="8c84fa94-04c1-424b-9868-57a2d4851a1d" relativeResultsDirectory="dd5077c0-df0b-48fb-a983-efccce08552f" />
    <UnitTestResult executionId="b63cc5ae-1841-495c-b704-f16af9b4e4bd" testId="ba955838-226d-43c0-9e4e-4b20fbaedf2e" testName="OperatorNotEqual_Passing_Valid_Values_Returns_False (dasdasd@dsasd.ff)" computerName="PC-SFERRARI" duration="00:00:00.0001507" startTime="2021-07-26T13:19:43.2512279+02:00" endTime="2021-07-26T13:19:43.2514465+02:00" testType="13cdc9d9-ddb5-4fa4-a97d-d965ccfc6d4b" outcome="Passed" testListId="8c84fa94-04c1-424b-9868-57a2d4851a1d" relativeResultsDirectory="b63cc5ae-1841-495c-b704-f16af9b4e4bd" />
    <UnitTestResult executionId="b524df87-eb22-4c91-a857-002b4bc6f735" testId="87295626-219b-4a10-80dd-5ef2b7ebe912" testName="OperatorEqual_Passing_Valid_Distinct_Values_Returns_False (Españá)" computerName="PC-SFERRARI" duration="00:00:00.0000237" startTime="2021-07-26T13:19:43.4478404+02:00" endTime="2021-07-26T13:19:43.4479948+02:00" testType="13cdc9d9-ddb5-4fa4-a97d-d965ccfc6d4b" outcome="Passed" testListId="8c84fa94-04c1-424b-9868-57a2d4851a1d" relativeResultsDirectory="b524df87-eb22-4c91-a857-002b4bc6f735" />
    <UnitTestResult executionId="7f8e1cca-e73c-4139-a5b9-ce5b944e4613" testId="633592bd-dfbf-42ed-b8c0-35af1c6f6d1b" testName="OperatorNotEqual_Passing_Valid_Values_Returns_False (www.hackerone-com)" computerName="PC-SFERRARI" duration="00:00:00.0000193" startTime="2021-07-26T13:19:43.5040146+02:00" endTime="2021-07-26T13:19:43.5041094+02:00" testType="13cdc9d9-ddb5-4fa4-a97d-d965ccfc6d4b" outcome="Passed" testListId="8c84fa94-04c1-424b-9868-57a2d4851a1d" relativeResultsDirectory="7f8e1cca-e73c-4139-a5b9-ce5b944e4613" />
    <UnitTestResult executionId="bf9fc15e-751c-4ec8-a93d-565956b6c842" testId="dceef07e-fe30-4ea6-a3a3-d41eed2dfaea" testName="Create_Passing_InvalidOrNull_Value_Returns_ApplicationException ()" computerName="PC-SFERRARI" duration="00:00:00.0000615" startTime="2021-07-26T13:19:43.2422114+02:00" endTime="2021-07-26T13:19:43.2423513+02:00" testType="13cdc9d9-ddb5-4fa4-a97d-d965ccfc6d4b" outcome="Passed" testListId="8c84fa94-04c1-424b-9868-57a2d4851a1d" relativeResultsDirectory="bf9fc15e-751c-4ec8-a93d-565956b6c842" />
    <UnitTestResult executionId="980ff631-3d90-4744-ab4f-c7dc7a40da5e" testId="2df1f5a5-fd8e-4492-b711-2d3923ad21bd" testName="GetAll_Passing_Nothing_Returns_Enumeracion_List" computerName="PC-SFERRARI" duration="00:00:00.0002403" startTime="2021-07-26T13:19:43.6443216+02:00" endTime="2021-07-26T13:19:43.6446414+02:00" testType="13cdc9d9-ddb5-4fa4-a97d-d965ccfc6d4b" outcome="Passed" testListId="8c84fa94-04c1-424b-9868-57a2d4851a1d" relativeResultsDirectory="980ff631-3d90-4744-ab4f-c7dc7a40da5e" />
    <UnitTestResult executionId="e40b8744-6f49-4f00-ac56-6e739dbb059e" testId="7a0b5964-17e4-4d17-8a64-95c94d68f07a" testName="ToBool_Passing_Valid_String_Active_Value_Returns_True" computerName="PC-SFERRARI" duration="00:00:00.0007918" startTime="2021-07-26T13:19:43.6370660+02:00" endTime="2021-07-26T13:19:43.6379461+02:00" testType="13cdc9d9-ddb5-4fa4-a97d-d965ccfc6d4b" outcome="Passed" testListId="8c84fa94-04c1-424b-9868-57a2d4851a1d" relativeResultsDirectory="e40b8744-6f49-4f00-ac56-6e739dbb059e" />
    <UnitTestResult executionId="3c52d63b-7839-4b70-bb0d-5f38a5da3baf" testId="cbbffcd2-9dc6-4f2a-8323-b1b6183c9a5a" testName="IsFree_Passing_Nothing_Returns_True" computerName="PC-SFERRARI" duration="00:00:00.0002257" startTime="2021-07-26T13:19:43.6447017+02:00" endTime="2021-07-26T13:19:43.6450111+02:00" testType="13cdc9d9-ddb5-4fa4-a97d-d965ccfc6d4b" outcome="Passed" testListId="8c84fa94-04c1-424b-9868-57a2d4851a1d" relativeResultsDirectory="3c52d63b-7839-4b70-bb0d-5f38a5da3baf" />
    <UnitTestResult executionId="c9c6e081-7c28-4ae8-b619-015077e6a26e" testId="3a59fa86-da0b-43ea-9130-37c7a149d0d7" testName="OperatorEqual_Passing_Valid_Distinct_Values_Returns_False (Tenant1)" computerName="PC-SFERRARI" duration="00:00:00.0000138" startTime="2021-07-26T13:19:43.5818420+02:00" endTime="2021-07-26T13:19:43.5819336+02:00" testType="13cdc9d9-ddb5-4fa4-a97d-d965ccfc6d4b" outcome="Passed" testListId="8c84fa94-04c1-424b-9868-57a2d4851a1d" relativeResultsDirectory="c9c6e081-7c28-4ae8-b619-015077e6a26e" />
    <UnitTestResult executionId="87d1d515-876e-4811-9990-234054a8c0dd" testId="314aee83-b148-4553-9650-ea42d8ae724f" testName="OperatorNotEqual_Passing_Valid_Values_Returns_True (Españã)" computerName="PC-SFERRARI" duration="00:00:00.0000183" startTime="2021-07-26T13:19:43.4589658+02:00" endTime="2021-07-26T13:19:43.4590715+02:00" testType="13cdc9d9-ddb5-4fa4-a97d-d965ccfc6d4b" outcome="Passed" testListId="8c84fa94-04c1-424b-9868-57a2d4851a1d" relativeResultsDirectory="87d1d515-876e-4811-9990-234054a8c0dd" />
    <UnitTestResult executionId="60735406-ae0d-467c-9c9a-877eb55da96c" testId="ec5bfb66-9824-4a0b-9e1d-5e4d4b323483" testName="Equals_Passing_Valid_Values_Returns_True (Españħ)" computerName="PC-SFERRARI" duration="00:00:00.0000181" startTime="2021-07-26T13:19:43.4311099+02:00" endTime="2021-07-26T13:19:43.4311909+02:00" testType="13cdc9d9-ddb5-4fa4-a97d-d965ccfc6d4b" outcome="Passed" testListId="8c84fa94-04c1-424b-9868-57a2d4851a1d" relativeResultsDirectory="60735406-ae0d-467c-9c9a-877eb55da96c" />
    <UnitTestResult executionId="0eb2aff4-29c7-4f0e-9e7a-223c343d57e7" testId="63a036f0-05c6-4eb8-a373-4628756ea0f6" testName="Create_Passing_Valid_Value_Returns_Email (dasdasd@dsasd.ff)" computerName="PC-SFERRARI" duration="00:00:00.0001463" startTime="2021-07-26T13:19:43.2334000+02:00" endTime="2021-07-26T13:19:43.2336386+02:00" testType="13cdc9d9-ddb5-4fa4-a97d-d965ccfc6d4b" outcome="Passed" testListId="8c84fa94-04c1-424b-9868-57a2d4851a1d" relativeResultsDirectory="0eb2aff4-29c7-4f0e-9e7a-223c343d57e7" />
    <UnitTestResult executionId="0d0d2daa-bf89-45b6-af2e-5640fb17071e" testId="09f9ac26-1d06-4f61-8e68-a3dccd813b27" testName="ToEnum_Passing_Invalid_Int_Value_Returns_Null" computerName="PC-SFERRARI" duration="00:00:00.0001732" startTime="2021-07-26T13:19:43.6320080+02:00" endTime="2021-07-26T13:19:43.6322685+02:00" testType="13cdc9d9-ddb5-4fa4-a97d-d965ccfc6d4b" outcome="Passed" testListId="8c84fa94-04c1-424b-9868-57a2d4851a1d" relativeResultsDirectory="0d0d2daa-bf89-45b6-af2e-5640fb17071e" />
    <UnitTestResult executionId="37719759-21db-47bc-aff9-b9a48c875c90" testId="eab3444b-d2ff-4e63-9065-a66b3b59c973" testName="ToNormalize_Passing_Valid_Values_Returns_Name_String_Format (Españâ,Espana)" computerName="PC-SFERRARI" duration="00:00:00.0000394" startTime="2021-07-26T13:19:43.4672714+02:00" endTime="2021-07-26T13:19:43.4673825+02:00" testType="13cdc9d9-ddb5-4fa4-a97d-d965ccfc6d4b" outcome="Passed" testListId="8c84fa94-04c1-424b-9868-57a2d4851a1d" relativeResultsDirectory="37719759-21db-47bc-aff9-b9a48c875c90" />
    <UnitTestResult executionId="215398af-1ecf-4ad0-a9f4-820112ab8be1" testId="a2d7f48a-24f6-4fb6-a4f0-7e51728be385" testName="Create_Passing_InvalidOrNull_Value_Returns_ApplicationException ()" computerName="PC-SFERRARI" duration="00:00:00.0004672" startTime="2021-07-26T13:19:43.4912124+02:00" endTime="2021-07-26T13:19:43.4917501+02:00" testType="13cdc9d9-ddb5-4fa4-a97d-d965ccfc6d4b" outcome="Passed" testListId="8c84fa94-04c1-424b-9868-57a2d4851a1d" relativeResultsDirectory="215398af-1ecf-4ad0-a9f4-820112ab8be1" />
    <UnitTestResult executionId="8a48927f-cc86-4f04-b0b2-edf211147568" testId="a6e7b5f7-a402-4250-8040-62616c1bd907" testName="Equals_Passing_Valid_Distinct_Values_Returns_False (TENANT_1)" computerName="PC-SFERRARI" duration="00:00:00.0000308" startTime="2021-07-26T13:19:43.5706460+02:00" endTime="2021-07-26T13:19:43.5708519+02:00" testType="13cdc9d9-ddb5-4fa4-a97d-d965ccfc6d4b" outcome="Passed" testListId="8c84fa94-04c1-424b-9868-57a2d4851a1d" relativeResultsDirectory="8a48927f-cc86-4f04-b0b2-edf211147568" />
    <UnitTestResult executionId="627d39d2-2053-4498-879d-09439ee360ea" testId="3f14bfd2-f2df-40a5-9b53-11ba5991608e" testName="OperatorEqual_Passing_Valid_Values_Returns_True (200,EUR,4)" computerName="PC-SFERRARI" duration="00:00:00.0003177" startTime="2021-07-26T13:19:43.3517932+02:00" endTime="2021-07-26T13:19:43.3522051+02:00" testType="13cdc9d9-ddb5-4fa4-a97d-d965ccfc6d4b" outcome="Passed" testListId="8c84fa94-04c1-424b-9868-57a2d4851a1d" relativeResultsDirectory="627d39d2-2053-4498-879d-09439ee360ea" />
    <UnitTestResult executionId="0de17061-f6f2-4979-9347-41696fe20f7c" testId="cd45a82c-a1db-44df-aac5-8e36b644a4f1" testName="OperatorEqual_Passing_Valid_Distinct_Values_Returns_False (Españç)" computerName="PC-SFERRARI" duration="00:00:00.0000303" startTime="2021-07-26T13:19:43.4487838+02:00" endTime="2021-07-26T13:19:43.4489098+02:00" testType="13cdc9d9-ddb5-4fa4-a97d-d965ccfc6d4b" outcome="Passed" testListId="8c84fa94-04c1-424b-9868-57a2d4851a1d" relativeResultsDirectory="0de17061-f6f2-4979-9347-41696fe20f7c" />
    <UnitTestResult executionId="f6f52f19-74f1-4fea-9e7f-05df46d569df" testId="e0b9523c-47d0-4ed6-87c1-e78b0ad8def9" testName="Create_Passing_Valid_Values_Returns_Currency (EUR)" computerName="PC-SFERRARI" duration="00:00:00.0017275" startTime="2021-07-26T13:19:43.1523407+02:00" endTime="2021-07-26T13:19:43.1541967+02:00" testType="13cdc9d9-ddb5-4fa4-a97d-d965ccfc6d4b" outcome="Passed" testListId="8c84fa94-04c1-424b-9868-57a2d4851a1d" relativeResultsDirectory="f6f52f19-74f1-4fea-9e7f-05df46d569df" />
    <UnitTestResult executionId="e2247ea8-08ff-4909-bd34-8eecf9ce4376" testId="5515d23f-7eb3-4765-834a-2e50b5fdf4e4" testName="Create_Passing_InvalidOrNull_Value_Returns_ApplicationException ()" computerName="PC-SFERRARI" duration="00:00:00.0000610" startTime="2021-07-26T13:19:43.5441243+02:00" endTime="2021-07-26T13:19:43.5442741+02:00" testType="13cdc9d9-ddb5-4fa4-a97d-d965ccfc6d4b" outcome="Passed" testListId="8c84fa94-04c1-424b-9868-57a2d4851a1d" relativeResultsDirectory="e2247ea8-08ff-4909-bd34-8eecf9ce4376" />
    <UnitTestResult executionId="df87c82f-1a1f-43af-a773-d5c38e98acb0" testId="8e828379-bdf5-4a1d-b879-bd9b301d310f" testName="OperatorEqual_Passing_Valid_Values_Returns_True (Tenerife,23,34567,San Bartoleme De Tirajana,Las Palmas,España)" computerName="PC-SFERRARI" duration="00:00:00.0002563" startTime="2021-07-26T13:19:43.0990258+02:00" endTime="2021-07-26T13:19:43.0993359+02:00" testType="13cdc9d9-ddb5-4fa4-a97d-d965ccfc6d4b" outcome="Passed" testListId="8c84fa94-04c1-424b-9868-57a2d4851a1d" relativeResultsDirectory="df87c82f-1a1f-43af-a773-d5c38e98acb0" />
    <UnitTestResult executionId="b36a735e-0e5e-4483-ba5d-e1b9b142e81c" testId="245dc144-99f1-4d46-9133-f5d0e4213f42" testName="Create_Passing_InvalidOrNull_Value_Returns_ApplicationException (34fsds@@sdd.f)" computerName="PC-SFERRARI" duration="00:00:00.0000808" startTime="2021-07-26T13:19:43.2419815+02:00" endTime="2021-07-26T13:19:43.2421537+02:00" testType="13cdc9d9-ddb5-4fa4-a97d-d965ccfc6d4b" outcome="Passed" testListId="8c84fa94-04c1-424b-9868-57a2d4851a1d" relativeResultsDirectory="b36a735e-0e5e-4483-ba5d-e1b9b142e81c" />
    <UnitTestResult executionId="80b08abc-a14a-4f30-82f8-c888c5d64a10" testId="4252a684-6e97-49d3-989e-4e08beaed3d1" testName="OperatorEqual_Passing_Valid_Values_Returns_False (Pader,789,DF7956,Sabadell,Barcelona,España)" computerName="PC-SFERRARI" duration="00:00:00.0000237" startTime="2021-07-26T13:19:43.1018755+02:00" endTime="2021-07-26T13:19:43.1020002+02:00" testType="13cdc9d9-ddb5-4fa4-a97d-d965ccfc6d4b" outcome="Passed" testListId="8c84fa94-04c1-424b-9868-57a2d4851a1d" relativeResultsDirectory="80b08abc-a14a-4f30-82f8-c888c5d64a10" />
    <UnitTestResult executionId="5ad191c4-a4f4-43ae-969a-02ef114480b3" testId="e6e4f9b1-b0bb-40ea-8c37-120a5a161a98" testName="OperatorEqual_Passing_Valid_Distinct_Values_Returns_False (dasdasd@dsasd.ff)" computerName="PC-SFERRARI" duration="00:00:00.0001657" startTime="2021-07-26T13:19:43.2507751+02:00" endTime="2021-07-26T13:19:43.2510094+02:00" testType="13cdc9d9-ddb5-4fa4-a97d-d965ccfc6d4b" outcome="Passed" testListId="8c84fa94-04c1-424b-9868-57a2d4851a1d" relativeResultsDirectory="5ad191c4-a4f4-43ae-969a-02ef114480b3" />
    <UnitTestResult executionId="5dcda63f-49a8-4acd-a6b1-92dfe1638e90" testId="51b56147-2bd9-40e2-906f-c96a66af1ff0" testName="OperatorEqual_Passing_Valid_Values_Returns_True (D45,86554654)" computerName="PC-SFERRARI" duration="00:00:00.0000167" startTime="2021-07-26T13:19:43.5198849+02:00" endTime="2021-07-26T13:19:43.5199743+02:00" testType="13cdc9d9-ddb5-4fa4-a97d-d965ccfc6d4b" outcome="Passed" testListId="8c84fa94-04c1-424b-9868-57a2d4851a1d" relativeResultsDirectory="5dcda63f-49a8-4acd-a6b1-92dfe1638e90" />
    <UnitTestResult executionId="755f37d6-e8e3-40c1-904a-7a08058d803f" testId="9261adff-1498-4b18-ac3f-a557615448df" testName="OperatorNotEqual_Passing_Valid_Values_Returns_False (200,EUR,4)" computerName="PC-SFERRARI" duration="00:00:00.0003517" startTime="2021-07-26T13:19:43.3690072+02:00" endTime="2021-07-26T13:19:43.3694957+02:00" testType="13cdc9d9-ddb5-4fa4-a97d-d965ccfc6d4b" outcome="Passed" testListId="8c84fa94-04c1-424b-9868-57a2d4851a1d" relativeResultsDirectory="755f37d6-e8e3-40c1-904a-7a08058d803f" />
    <UnitTestResult executionId="01ba8218-a15f-419c-a2dc-7d777aa77d90" testId="d45c538e-cb48-4d3a-ac64-83726ca65977" testName="Create_Passing_InvalidOrNull_Value_Returns_ApplicationException (___dasfs$·%%$%$$·%$)" computerName="PC-SFERRARI" duration="00:00:00.0000659" startTime="2021-07-26T13:19:43.4920599+02:00" endTime="2021-07-26T13:19:43.4922024+02:00" testType="13cdc9d9-ddb5-4fa4-a97d-d965ccfc6d4b" outcome="Passed" testListId="8c84fa94-04c1-424b-9868-57a2d4851a1d" relativeResultsDirectory="01ba8218-a15f-419c-a2dc-7d777aa77d90" />
    <UnitTestResult executionId="12b5bb6b-1bed-41ab-a388-f0b3039c0b70" testId="a9e3d1c8-bac4-4ef1-aa7e-e0700b024649" testName="OperatorNotEqual_Passing_Valid_Values_Returns_True (34fsds@sdd.fgg)" computerName="PC-SFERRARI" duration="00:00:00.0000355" startTime="2021-07-26T13:19:43.2553288+02:00" endTime="2021-07-26T13:19:43.2554390+02:00" testType="13cdc9d9-ddb5-4fa4-a97d-d965ccfc6d4b" outcome="Passed" testListId="8c84fa94-04c1-424b-9868-57a2d4851a1d" relativeResultsDirectory="12b5bb6b-1bed-41ab-a388-f0b3039c0b70" />
    <UnitTestResult executionId="54b50f16-b365-4beb-8a9f-e4ccb033dc56" testId="f0347ec0-a89c-4fa8-96b0-a74f9270284f" testName="OperatorNotEqual_Passing_Valid_Values_Returns_True (tenant_A)" computerName="PC-SFERRARI" duration="00:00:00.0000121" startTime="2021-07-26T13:19:43.5982619+02:00" endTime="2021-07-26T13:19:43.5983565+02:00" testType="13cdc9d9-ddb5-4fa4-a97d-d965ccfc6d4b" outcome="Passed" testListId="8c84fa94-04c1-424b-9868-57a2d4851a1d" relativeResultsDirectory="54b50f16-b365-4beb-8a9f-e4ccb033dc56" />
    <UnitTestResult executionId="2893eef5-abbc-4f35-8721-fe29adb9fc7b" testId="b4c25b31-9765-460f-a06f-7b4d8e1cee70" testName="ToString_Passing_Valid_Values_Returns_Name (Tenant_A)" computerName="PC-SFERRARI" duration="00:00:00.0000095" startTime="2021-07-26T13:19:43.5517529+02:00" endTime="2021-07-26T13:19:43.5518286+02:00" testType="13cdc9d9-ddb5-4fa4-a97d-d965ccfc6d4b" outcome="Passed" testListId="8c84fa94-04c1-424b-9868-57a2d4851a1d" relativeResultsDirectory="2893eef5-abbc-4f35-8721-fe29adb9fc7b" />
    <UnitTestResult executionId="085e0b9f-807f-4e2d-bae3-06d8e179268d" testId="43997536-0561-49fb-a7ff-a34047a95152" testName="Equals_Passing_Valid_Distinct_Values_Returns_False (TenantA)" computerName="PC-SFERRARI" duration="00:00:00.0000176" startTime="2021-07-26T13:19:43.5711959+02:00" endTime="2021-07-26T13:19:43.5713140+02:00" testType="13cdc9d9-ddb5-4fa4-a97d-d965ccfc6d4b" outcome="Passed" testListId="8c84fa94-04c1-424b-9868-57a2d4851a1d" relativeResultsDirectory="085e0b9f-807f-4e2d-bae3-06d8e179268d" />
    <UnitTestResult executionId="55093013-4b24-4be2-a8aa-c6dba41a84c4" testId="cb619ac5-1ad1-454f-9c9b-e21e865c9565" testName="ToString_Passing_Valid_Values_Returns_Currency_String_Symbol (USD)" computerName="PC-SFERRARI" duration="00:00:00.0009996" startTime="2021-07-26T13:19:43.1915249+02:00" endTime="2021-07-26T13:19:43.1926632+02:00" testType="13cdc9d9-ddb5-4fa4-a97d-d965ccfc6d4b" outcome="Passed" testListId="8c84fa94-04c1-424b-9868-57a2d4851a1d" relativeResultsDirectory="55093013-4b24-4be2-a8aa-c6dba41a84c4" />
    <UnitTestResult executionId="81734d3d-dcd4-44c8-88f1-62b1f42e81c0" testId="0d2fd5f2-b320-4514-aa05-25c86d8688b2" testName="OperatorEqual_Passing_Valid_Distinct_Values_Returns_False (tenantA)" computerName="PC-SFERRARI" duration="00:00:00.0000139" startTime="2021-07-26T13:19:43.5825877+02:00" endTime="2021-07-26T13:19:43.5826947+02:00" testType="13cdc9d9-ddb5-4fa4-a97d-d965ccfc6d4b" outcome="Passed" testListId="8c84fa94-04c1-424b-9868-57a2d4851a1d" relativeResultsDirectory="81734d3d-dcd4-44c8-88f1-62b1f42e81c0" />
    <UnitTestResult executionId="8ec8e021-381c-4101-bf0c-af635aca5073" testId="1a2203c4-52b2-420c-847e-a0ac2953f8b8" testName="Equals_Passing_Valid_Distinct_Values_Returns_False (Españä)" computerName="PC-SFERRARI" duration="00:00:00.0000180" startTime="2021-07-26T13:19:43.4377150+02:00" endTime="2021-07-26T13:19:43.4377981+02:00" testType="13cdc9d9-ddb5-4fa4-a97d-d965ccfc6d4b" outcome="Passed" testListId="8c84fa94-04c1-424b-9868-57a2d4851a1d" relativeResultsDirectory="8ec8e021-381c-4101-bf0c-af635aca5073" />
    <UnitTestResult executionId="26c511f5-fac8-449c-b983-341120f3d5cd" testId="5769394d-c016-4f0b-88cb-ef1873cb07fc" testName="ToString_Passing_Valid_Values_Returns_Address_String_Format (400,USD,8)" computerName="PC-SFERRARI" duration="00:00:00.0005747" startTime="2021-07-26T13:19:43.3347664+02:00" endTime="2021-07-26T13:19:43.3354158+02:00" testType="13cdc9d9-ddb5-4fa4-a97d-d965ccfc6d4b" outcome="Passed" testListId="8c84fa94-04c1-424b-9868-57a2d4851a1d" relativeResultsDirectory="26c511f5-fac8-449c-b983-341120f3d5cd" />
    <UnitTestResult executionId="ab90dcfb-097f-4cc6-a848-1c6ada33a677" testId="96de9289-34ef-4d16-8441-daf5c3a98429" testName="OperatorEqual_Passing_Valid_Distinct_Values_Returns_False (San Bartoleme De Tirajana)" computerName="PC-SFERRARI" duration="00:00:00.0001522" startTime="2021-07-26T13:19:43.4806702+02:00" endTime="2021-07-26T13:19:43.4808837+02:00" testType="13cdc9d9-ddb5-4fa4-a97d-d965ccfc6d4b" outcome="Passed" testListId="8c84fa94-04c1-424b-9868-57a2d4851a1d" relativeResultsDirectory="ab90dcfb-097f-4cc6-a848-1c6ada33a677" />
    <UnitTestResult executionId="9438694a-8cf5-4413-84e7-160d416e5ed1" testId="2ce62030-aada-4000-9afb-a3d26104af47" testName="OperatorEqual_Passing_Valid_Distinct_Values_Returns_False (TENANT1)" computerName="PC-SFERRARI" duration="00:00:00.0000179" startTime="2021-07-26T13:19:43.5819970+02:00" endTime="2021-07-26T13:19:43.5821102+02:00" testType="13cdc9d9-ddb5-4fa4-a97d-d965ccfc6d4b" outcome="Passed" testListId="8c84fa94-04c1-424b-9868-57a2d4851a1d" relativeResultsDirectory="9438694a-8cf5-4413-84e7-160d416e5ed1" />
    <UnitTestResult executionId="afb3cc72-5799-47b4-bb62-0984319e3d41" testId="e2d01b65-6a0e-468c-af3a-a4e6c901afd4" testName="Equals_Passing_Valid_Values_Returns_True (400,USD,8)" computerName="PC-SFERRARI" duration="00:00:00.0032995" startTime="2021-07-26T13:19:43.3399306+02:00" endTime="2021-07-26T13:19:43.3433756+02:00" testType="13cdc9d9-ddb5-4fa4-a97d-d965ccfc6d4b" outcome="Passed" testListId="8c84fa94-04c1-424b-9868-57a2d4851a1d" relativeResultsDirectory="afb3cc72-5799-47b4-bb62-0984319e3d41" />
    <UnitTestResult executionId="333db3df-45e7-46d4-a5da-a733015b748c" testId="ff56ded7-a5eb-408b-9d55-0e2492c73e68" testName="IsNull_Passing_Valid_Value_Returns_False (TENANT_1)" computerName="PC-SFERRARI" duration="00:00:00.0000096" startTime="2021-07-26T13:19:43.5320400+02:00" endTime="2021-07-26T13:19:43.5321282+02:00" testType="13cdc9d9-ddb5-4fa4-a97d-d965ccfc6d4b" outcome="Passed" testListId="8c84fa94-04c1-424b-9868-57a2d4851a1d" relativeResultsDirectory="333db3df-45e7-46d4-a5da-a733015b748c" />
    <UnitTestResult executionId="921d837d-fbc3-48a8-8d61-b9b9568f1d24" testId="1ca69e95-b2a6-4910-857d-608a8ebf186e" testName="OperatorNotEqual_Passing_Valid_Values_Returns_False (app.hackerone1.com)" computerName="PC-SFERRARI" duration="00:00:00.0001595" startTime="2021-07-26T13:19:43.5037298+02:00" endTime="2021-07-26T13:19:43.5039552+02:00" testType="13cdc9d9-ddb5-4fa4-a97d-d965ccfc6d4b" outcome="Passed" testListId="8c84fa94-04c1-424b-9868-57a2d4851a1d" relativeResultsDirectory="921d837d-fbc3-48a8-8d61-b9b9568f1d24" />
    <UnitTestResult executionId="a79b672f-a317-4060-8e4a-0dd414767ad9" testId="6cd86cfa-3b61-4988-835d-726e6130b9da" testName="Create_Passing_InvalidOrNull_Value_Returns_ApplicationException ()" computerName="PC-SFERRARI" duration="00:00:00.0003879" startTime="2021-07-26T13:19:43.4737134+02:00" endTime="2021-07-26T13:19:43.4741709+02:00" testType="13cdc9d9-ddb5-4fa4-a97d-d965ccfc6d4b" outcome="Passed" testListId="8c84fa94-04c1-424b-9868-57a2d4851a1d" relativeResultsDirectory="a79b672f-a317-4060-8e4a-0dd414767ad9" />
    <UnitTestResult executionId="04541281-fbc6-4b9c-b738-534ab6af5f5c" testId="1aab1bc3-6c04-4e5e-a6c9-65e522709a49" testName="ToNormalize_Passing_Valid_Values_Returns_Address_String_Format (ádsads@ggg.cc)" computerName="PC-SFERRARI" duration="00:00:00.0001153" startTime="2021-07-26T13:19:43.2933147+02:00" endTime="2021-07-26T13:19:43.2935415+02:00" testType="13cdc9d9-ddb5-4fa4-a97d-d965ccfc6d4b" outcome="Passed" testListId="8c84fa94-04c1-424b-9868-57a2d4851a1d" relativeResultsDirectory="04541281-fbc6-4b9c-b738-534ab6af5f5c" />
    <UnitTestResult executionId="dba71a09-88d7-4f57-83e1-78ad50a9b14a" testId="c2127a9b-5465-45f4-a01a-3f9e1c9789d4" testName="Equals_Passing_Valid_Values_Returns_True (TENANTA)" computerName="PC-SFERRARI" duration="00:00:00.0000257" startTime="2021-07-26T13:19:43.5637555+02:00" endTime="2021-07-26T13:19:43.5639482+02:00" testType="13cdc9d9-ddb5-4fa4-a97d-d965ccfc6d4b" outcome="Passed" testListId="8c84fa94-04c1-424b-9868-57a2d4851a1d" relativeResultsDirectory="dba71a09-88d7-4f57-83e1-78ad50a9b14a" />
    <UnitTestResult executionId="ca443cf5-7d64-473c-bab8-c7318f91ec5b" testId="618f896f-f415-4b4e-8d28-ae70cb241235" testName="ToEnum_Passing_Valid_Int_value_Returns_Enumeracion" computerName="PC-SFERRARI" duration="00:00:00.0001926" startTime="2021-07-26T13:19:43.6316552+02:00" endTime="2021-07-26T13:19:43.6319512+02:00" testType="13cdc9d9-ddb5-4fa4-a97d-d965ccfc6d4b" outcome="Passed" testListId="8c84fa94-04c1-424b-9868-57a2d4851a1d" relativeResultsDirectory="ca443cf5-7d64-473c-bab8-c7318f91ec5b" />
    <UnitTestResult executionId="9b417169-1a87-49e8-945e-59017e5b5525" testId="7a07630e-1498-4af8-bded-2cf644279d33" testName="IsNull_Passing_Valid_Value_Returns_False (app.hackerone1.com)" computerName="PC-SFERRARI" duration="00:00:00.0018709" startTime="2021-07-26T13:19:43.4847915+02:00" endTime="2021-07-26T13:19:43.4868882+02:00" testType="13cdc9d9-ddb5-4fa4-a97d-d965ccfc6d4b" outcome="Passed" testListId="8c84fa94-04c1-424b-9868-57a2d4851a1d" relativeResultsDirectory="9b417169-1a87-49e8-945e-59017e5b5525" />
    <UnitTestResult executionId="d0d68822-1d8d-476f-9991-42eb000d31ae" testId="1c9955e0-2269-47d4-ad66-ca14b75c192b" testName="IsNull_Passing_Valid_Value_Returns_False (Españç)" computerName="PC-SFERRARI" duration="00:00:00.0000131" startTime="2021-07-26T13:19:43.3819365+02:00" endTime="2021-07-26T13:19:43.3820132+02:00" testType="13cdc9d9-ddb5-4fa4-a97d-d965ccfc6d4b" outcome="Passed" testListId="8c84fa94-04c1-424b-9868-57a2d4851a1d" relativeResultsDirectory="d0d68822-1d8d-476f-9991-42eb000d31ae" />
    <UnitTestResult executionId="9b4eb623-d4e9-420e-b8a0-f810a37a677c" testId="d960ef01-2e55-4f60-838f-11f86f41eb8c" testName="OperatorNotEqual_Passing_Valid_Values_Returns_True (stage_hackerone.com)" computerName="PC-SFERRARI" duration="00:00:00.0000319" startTime="2021-07-26T13:19:43.5077606+02:00" endTime="2021-07-26T13:19:43.5079317+02:00" testType="13cdc9d9-ddb5-4fa4-a97d-d965ccfc6d4b" outcome="Passed" testListId="8c84fa94-04c1-424b-9868-57a2d4851a1d" relativeResultsDirectory="9b4eb623-d4e9-420e-b8a0-f810a37a677c" />
    <UnitTestResult executionId="d5d05191-1443-4344-a9c7-a8f5789957f1" testId="c57cdda6-64f7-428f-b22f-99e40e2fc016" testName="Equals_Passing_Valid_Distinct_Values_Returns_False (San Bartoleme De Tirajana,Las Palmas,España)" computerName="PC-SFERRARI" duration="00:00:00.0002041" startTime="2021-07-26T13:19:43.3116089+02:00" endTime="2021-07-26T13:19:43.3118878+02:00" testType="13cdc9d9-ddb5-4fa4-a97d-d965ccfc6d4b" outcome="Passed" testListId="8c84fa94-04c1-424b-9868-57a2d4851a1d" relativeResultsDirectory="d5d05191-1443-4344-a9c7-a8f5789957f1" />
    <UnitTestResult executionId="3242f168-6d99-462e-8f75-2e630aeb768e" testId="a1b470eb-d7aa-412e-a4ad-cae2af2e15db" testName="ToString_Passing_Valid_Values_Returns_Name (TENANT_A)" computerName="PC-SFERRARI" duration="00:00:00.0000263" startTime="2021-07-26T13:19:43.5547655+02:00" endTime="2021-07-26T13:19:43.5549376+02:00" testType="13cdc9d9-ddb5-4fa4-a97d-d965ccfc6d4b" outcome="Passed" testListId="8c84fa94-04c1-424b-9868-57a2d4851a1d" relativeResultsDirectory="3242f168-6d99-462e-8f75-2e630aeb768e" />
    <UnitTestResult executionId="15ea367c-2131-4e25-9990-70bca678b076" testId="144948fe-856d-4d5e-9b40-aa38f09055ca" testName="OperatorNotEqual_Passing_Valid_Values_Returns_False (tenant_1)" computerName="PC-SFERRARI" duration="00:00:00.0000124" startTime="2021-07-26T13:19:43.5868850+02:00" endTime="2021-07-26T13:19:43.5869789+02:00" testType="13cdc9d9-ddb5-4fa4-a97d-d965ccfc6d4b" outcome="Passed" testListId="8c84fa94-04c1-424b-9868-57a2d4851a1d" relativeResultsDirectory="15ea367c-2131-4e25-9990-70bca678b076" />
    <UnitTestResult executionId="af04ee57-7ffb-4403-b9c7-badbb13850f2" testId="1172fe18-e290-415d-a740-c2e63393d8f6" testName="Equals_Passing_Valid_Distinct_Values_Returns_False (Españá)" computerName="PC-SFERRARI" duration="00:00:00.0000194" startTime="2021-07-26T13:19:43.4374204+02:00" endTime="2021-07-26T13:19:43.4375284+02:00" testType="13cdc9d9-ddb5-4fa4-a97d-d965ccfc6d4b" outcome="Passed" testListId="8c84fa94-04c1-424b-9868-57a2d4851a1d" relativeResultsDirectory="af04ee57-7ffb-4403-b9c7-badbb13850f2" />
    <UnitTestResult executionId="b00a8d3c-30a5-4ebe-8b29-5d7eb470a934" testId="2c4eb181-ac52-4f02-9151-28be319f45b6" testName="OperatorNotEqual_Passing_Valid_Values_Returns_True (dasdasd@dsasd.ff)" computerName="PC-SFERRARI" duration="00:00:00.0002304" startTime="2021-07-26T13:19:43.2549476+02:00" endTime="2021-07-26T13:19:43.2552574+02:00" testType="13cdc9d9-ddb5-4fa4-a97d-d965ccfc6d4b" outcome="Passed" testListId="8c84fa94-04c1-424b-9868-57a2d4851a1d" relativeResultsDirectory="b00a8d3c-30a5-4ebe-8b29-5d7eb470a934" />
    <UnitTestResult executionId="3d96de08-3536-4ded-8e41-822ddb4c6046" testId="1dc05173-1411-4e3d-aaf1-d5ff8c1baf6c" testName="OperatorEqual_Passing_Valid_Values_Returns_True (TENANTA)" computerName="PC-SFERRARI" duration="00:00:00.0000121" startTime="2021-07-26T13:19:43.5782132+02:00" endTime="2021-07-26T13:19:43.5782895+02:00" testType="13cdc9d9-ddb5-4fa4-a97d-d965ccfc6d4b" outcome="Passed" testListId="8c84fa94-04c1-424b-9868-57a2d4851a1d" relativeResultsDirectory="3d96de08-3536-4ded-8e41-822ddb4c6046" />
    <UnitTestResult executionId="181ad80a-2be2-4721-9ecd-dac8731fbe5d" testId="94f7c0b4-c8eb-46ce-afde-3a051855b1b0" testName="ToString_Passing_Valid_Values_Returns_Name (TENANT_1)" computerName="PC-SFERRARI" duration="00:00:00.0000102" startTime="2021-07-26T13:19:43.5510896+02:00" endTime="2021-07-26T13:19:43.5512008+02:00" testType="13cdc9d9-ddb5-4fa4-a97d-d965ccfc6d4b" outcome="Passed" testListId="8c84fa94-04c1-424b-9868-57a2d4851a1d" relativeResultsDirectory="181ad80a-2be2-4721-9ecd-dac8731fbe5d" />
    <UnitTestResult executionId="4dfa431e-3e46-415f-b921-45fdb3243cec" testId="47cb23b9-df83-4dae-8722-16fa7d439f84" testName="OperatorNotEqual_Passing_Valid_Values_Returns_False (San Bartoleme De Tirajana,Las Palmas,España)" computerName="PC-SFERRARI" duration="00:00:00.0002505" startTime="2021-07-26T13:19:43.3159199+02:00" endTime="2021-07-26T13:19:43.3163180+02:00" testType="13cdc9d9-ddb5-4fa4-a97d-d965ccfc6d4b" outcome="Passed" testListId="8c84fa94-04c1-424b-9868-57a2d4851a1d" relativeResultsDirectory="4dfa431e-3e46-415f-b921-45fdb3243cec" />
    <UnitTestResult executionId="45f0e12f-872c-46a8-8774-8c7d10398f2a" testId="e031eb07-63ec-4258-abbb-93aadc2d2a79" testName="OperatorEqual_Passing_Valid_Values_Returns_True (tenant_1)" computerName="PC-SFERRARI" duration="00:00:00.0000162" startTime="2021-07-26T13:19:43.5775625+02:00" endTime="2021-07-26T13:19:43.5776583+02:00" testType="13cdc9d9-ddb5-4fa4-a97d-d965ccfc6d4b" outcome="Passed" testListId="8c84fa94-04c1-424b-9868-57a2d4851a1d" relativeResultsDirectory="45f0e12f-872c-46a8-8774-8c7d10398f2a" />
    <UnitTestResult executionId="6646b9a9-ce73-45c7-a75f-91823dcdb894" testId="4bcbba4b-2851-46d6-bdaf-8d800d7fc4fe" testName="Create_Passing_Valid_Values_Returns_Name (Esp añâ)" computerName="PC-SFERRARI" duration="00:00:00.0000127" startTime="2021-07-26T13:19:43.4195296+02:00" endTime="2021-07-26T13:19:43.4196065+02:00" testType="13cdc9d9-ddb5-4fa4-a97d-d965ccfc6d4b" outcome="Passed" testListId="8c84fa94-04c1-424b-9868-57a2d4851a1d" relativeResultsDirectory="6646b9a9-ce73-45c7-a75f-91823dcdb894" />
    <UnitTestResult executionId="6a37b072-a25b-4d08-8c74-d048afcefe01" testId="def906b4-97ba-4051-b890-34c408279496" testName="OperatorNotEqual_Passing_Valid_Values_Returns_True (Tenant1)" computerName="PC-SFERRARI" duration="00:00:00.0000135" startTime="2021-07-26T13:19:43.5941968+02:00" endTime="2021-07-26T13:19:43.5942864+02:00" testType="13cdc9d9-ddb5-4fa4-a97d-d965ccfc6d4b" outcome="Passed" testListId="8c84fa94-04c1-424b-9868-57a2d4851a1d" relativeResultsDirectory="6a37b072-a25b-4d08-8c74-d048afcefe01" />
    <UnitTestResult executionId="4e74aee5-846d-42ba-b08b-6ad53d2adc0f" testId="d30b79e2-fcbc-4d5b-907d-48aa39663ab8" testName="OperatorNotEqual_Passing_Valid_Values_Returns_True (Españä)" computerName="PC-SFERRARI" duration="00:00:00.0000204" startTime="2021-07-26T13:19:43.4586964+02:00" endTime="2021-07-26T13:19:43.4587862+02:00" testType="13cdc9d9-ddb5-4fa4-a97d-d965ccfc6d4b" outcome="Passed" testListId="8c84fa94-04c1-424b-9868-57a2d4851a1d" relativeResultsDirectory="4e74aee5-846d-42ba-b08b-6ad53d2adc0f" />
    <UnitTestResult executionId="f8a9cdab-72e2-48d4-992f-f8eee1c38703" testId="ee4166c6-3387-4cd9-bdab-dd34902c92ff" testName="ToString_Passing_Valid_Values_Returns_Name (Españá)" computerName="PC-SFERRARI" duration="00:00:00.0000202" startTime="2021-07-26T13:19:43.4246468+02:00" endTime="2021-07-26T13:19:43.4247517+02:00" testType="13cdc9d9-ddb5-4fa4-a97d-d965ccfc6d4b" outcome="Passed" testListId="8c84fa94-04c1-424b-9868-57a2d4851a1d" relativeResultsDirectory="f8a9cdab-72e2-48d4-992f-f8eee1c38703" />
    <UnitTestResult executionId="526ab14c-8a69-4d56-9610-388ee1c5f8dd" testId="dd4f46fc-dd73-4122-9ca5-186245ba89a1" testName="OperatorNotEqual_Passing_Valid_Values_Returns_True (España)" computerName="PC-SFERRARI" duration="00:00:00.0002381" startTime="2021-07-26T13:19:43.4578993+02:00" endTime="2021-07-26T13:19:43.4582822+02:00" testType="13cdc9d9-ddb5-4fa4-a97d-d965ccfc6d4b" outcome="Passed" testListId="8c84fa94-04c1-424b-9868-57a2d4851a1d" relativeResultsDirectory="526ab14c-8a69-4d56-9610-388ee1c5f8dd" />
    <UnitTestResult executionId="49f57299-d659-403f-9179-6af92874886d" testId="ce008dc6-8640-406e-bb6d-6237e497333b" testName="Equals_Passing_Valid_Values_Returns_True (Sabadell,Barcelona,España)" computerName="PC-SFERRARI" duration="00:00:00.0000457" startTime="2021-07-26T13:19:43.3113898+02:00" endTime="2021-07-26T13:19:43.3115393+02:00" testType="13cdc9d9-ddb5-4fa4-a97d-d965ccfc6d4b" outcome="Passed" testListId="8c84fa94-04c1-424b-9868-57a2d4851a1d" relativeResultsDirectory="49f57299-d659-403f-9179-6af92874886d" />
    <UnitTestResult executionId="2b3c7c60-48ff-476e-9401-a4392ac08aad" testId="f78e9c62-690c-4277-b1f5-3d1c73a606a7" testName="OperatorNotEqual_Passing_Valid_Values_Returns_False (Españç)" computerName="PC-SFERRARI" duration="00:00:00.0000179" startTime="2021-07-26T13:19:43.4538760+02:00" endTime="2021-07-26T13:19:43.4539602+02:00" testType="13cdc9d9-ddb5-4fa4-a97d-d965ccfc6d4b" outcome="Passed" testListId="8c84fa94-04c1-424b-9868-57a2d4851a1d" relativeResultsDirectory="2b3c7c60-48ff-476e-9401-a4392ac08aad" />
    <UnitTestResult executionId="4d8c54fa-7063-4fb9-8987-45cc66e63f1b" testId="7f45cfde-8cbc-4560-8b9a-21d5d88337fc" testName="IsNull_Passing_Null_Value_Returns_True" computerName="PC-SFERRARI" duration="00:00:00.0002680" startTime="2021-07-26T13:19:43.2329433+02:00" endTime="2021-07-26T13:19:43.2333080+02:00" testType="13cdc9d9-ddb5-4fa4-a97d-d965ccfc6d4b" outcome="Passed" testListId="8c84fa94-04c1-424b-9868-57a2d4851a1d" relativeResultsDirectory="4d8c54fa-7063-4fb9-8987-45cc66e63f1b" />
    <UnitTestResult executionId="363f6faa-a1a0-4399-a6f6-7b6cbc432c86" testId="61b9e645-3bdf-43a1-952c-90e361e1b24f" testName="Create_Passing_InvalidOrNull_Value_Returns_ApplicationException ()" computerName="PC-SFERRARI" duration="00:00:00.0000584" startTime="2021-07-26T13:19:43.4742380+02:00" endTime="2021-07-26T13:19:43.4743714+02:00" testType="13cdc9d9-ddb5-4fa4-a97d-d965ccfc6d4b" outcome="Passed" testListId="8c84fa94-04c1-424b-9868-57a2d4851a1d" relativeResultsDirectory="363f6faa-a1a0-4399-a6f6-7b6cbc432c86" />
    <UnitTestResult executionId="b799f3c9-5134-4f16-bbef-494b15885ac9" testId="be8fbaa1-ca2e-47e9-ba00-e5513a6e8b7b" testName="Create_Passing_Valid_Values_Returns_Name (Españħ)" computerName="PC-SFERRARI" duration="00:00:00.0000124" startTime="2021-07-26T13:19:43.4194063+02:00" endTime="2021-07-26T13:19:43.4194819+02:00" testType="13cdc9d9-ddb5-4fa4-a97d-d965ccfc6d4b" outcome="Passed" testListId="8c84fa94-04c1-424b-9868-57a2d4851a1d" relativeResultsDirectory="b799f3c9-5134-4f16-bbef-494b15885ac9" />
    <UnitTestResult executionId="c0675486-0b8b-44b0-8053-87992d446a45" testId="3fd96e5b-4851-44e5-8c55-83b038cc6a59" testName="Create_Passing_Valid_Values_Returns_Name (Españç)" computerName="PC-SFERRARI" duration="00:00:00.0000127" startTime="2021-07-26T13:19:43.4192811+02:00" endTime="2021-07-26T13:19:43.4193590+02:00" testType="13cdc9d9-ddb5-4fa4-a97d-d965ccfc6d4b" outcome="Passed" testListId="8c84fa94-04c1-424b-9868-57a2d4851a1d" relativeResultsDirectory="c0675486-0b8b-44b0-8053-87992d446a45" />
    <UnitTestResult executionId="7f92d1ed-8399-4090-80de-ffa4824f4251" testId="598347b1-0aa7-466d-b1be-dc5f775f4e3f" testName="OperatorNotEqual_Passing_Valid_Values_Returns_True (San Bartoleme De Tirajana)" computerName="PC-SFERRARI" duration="00:00:00.0001664" startTime="2021-07-26T13:19:43.4843558+02:00" endTime="2021-07-26T13:19:43.4845920+02:00" testType="13cdc9d9-ddb5-4fa4-a97d-d965ccfc6d4b" outcome="Passed" testListId="8c84fa94-04c1-424b-9868-57a2d4851a1d" relativeResultsDirectory="7f92d1ed-8399-4090-80de-ffa4824f4251" />
    <UnitTestResult executionId="16f5ff53-e5ed-4ade-a989-7777bf4d2fdd" testId="f779b864-72c1-4203-ad79-df3d69aba263" testName="Create_Passing_InvalidOrNull_Value_Returns_ApplicationException ()" computerName="PC-SFERRARI" duration="00:00:00.0000757" startTime="2021-07-26T13:19:43.4918284+02:00" endTime="2021-07-26T13:19:43.4919867+02:00" testType="13cdc9d9-ddb5-4fa4-a97d-d965ccfc6d4b" outcome="Passed" testListId="8c84fa94-04c1-424b-9868-57a2d4851a1d" relativeResultsDirectory="16f5ff53-e5ed-4ade-a989-7777bf4d2fdd" />
    <UnitTestResult executionId="067c6052-2494-45a6-ac51-c338c3b1c556" testId="70854579-dc4d-49ce-b553-dd35df7f0ca0" testName="Equals_Passing_Valid_Values_Returns_True (34fsds@sdd.fgg)" computerName="PC-SFERRARI" duration="00:00:00.0000467" startTime="2021-07-26T13:19:43.2485845+02:00" endTime="2021-07-26T13:19:43.2487361+02:00" testType="13cdc9d9-ddb5-4fa4-a97d-d965ccfc6d4b" outcome="Passed" testListId="8c84fa94-04c1-424b-9868-57a2d4851a1d" relativeResultsDirectory="067c6052-2494-45a6-ac51-c338c3b1c556" />
    <UnitTestResult executionId="534ab943-7513-4ee3-b5f7-f1c0c2be9bf8" testId="85fb9872-e17f-4d30-8162-003c4fce6f2a" testName="Equals_Passing_Valid_Values_Returns_True (Tenerife,23,34567,San Bartoleme De Tirajana,Las Palmas,España)" computerName="PC-SFERRARI" duration="00:00:00.0014590" startTime="2021-07-26T13:19:43.0966625+02:00" endTime="2021-07-26T13:19:43.0982130+02:00" testType="13cdc9d9-ddb5-4fa4-a97d-d965ccfc6d4b" outcome="Passed" testListId="8c84fa94-04c1-424b-9868-57a2d4851a1d" relativeResultsDirectory="534ab943-7513-4ee3-b5f7-f1c0c2be9bf8" />
    <UnitTestResult executionId="a4541df6-177f-42b5-82c8-1eb1bd9257f4" testId="bd324550-4fab-4415-a77c-26bb110207a6" testName="Create_Passing_Valid_Values_Returns_Name (Españá)" computerName="PC-SFERRARI" duration="00:00:00.0000133" startTime="2021-07-26T13:19:43.4149260+02:00" endTime="2021-07-26T13:19:43.4150131+02:00" testType="13cdc9d9-ddb5-4fa4-a97d-d965ccfc6d4b" outcome="Passed" testListId="8c84fa94-04c1-424b-9868-57a2d4851a1d" relativeResultsDirectory="a4541df6-177f-42b5-82c8-1eb1bd9257f4" />
    <UnitTestResult executionId="b4cc310c-49fe-41ab-886f-0287ba528ea5" testId="d2bba93a-19b7-42da-9b7a-39f177b75cfa" testName="IsSilver_Passing_Nothing_Returns_True" computerName="PC-SFERRARI" duration="00:00:00.0002754" startTime="2021-07-26T13:19:43.6450585+02:00" endTime="2021-07-26T13:19:43.6454371+02:00" testType="13cdc9d9-ddb5-4fa4-a97d-d965ccfc6d4b" outcome="Passed" testListId="8c84fa94-04c1-424b-9868-57a2d4851a1d" relativeResultsDirectory="b4cc310c-49fe-41ab-886f-0287ba528ea5" />
    <UnitTestResult executionId="47a297e6-40fd-43ef-8ef6-dd4b50fa5147" testId="58405808-1bde-445d-b3be-2238af6bcde7" testName="IsNull_Passing_Valid_Value_Returns_False (Españã)" computerName="PC-SFERRARI" duration="00:00:00.0000136" startTime="2021-07-26T13:19:43.3818018+02:00" endTime="2021-07-26T13:19:43.3818856+02:00" testType="13cdc9d9-ddb5-4fa4-a97d-d965ccfc6d4b" outcome="Passed" testListId="8c84fa94-04c1-424b-9868-57a2d4851a1d" relativeResultsDirectory="47a297e6-40fd-43ef-8ef6-dd4b50fa5147" />
    <UnitTestResult executionId="89e3f68a-e6e8-4568-bf16-be9cac5bb8d7" testId="04993174-5bfd-4493-924f-f33e2309843c" testName="IsNull_Passing_Valid_Value_Returns_False (TENANT1)" computerName="PC-SFERRARI" duration="00:00:00.0000130" startTime="2021-07-26T13:19:43.5271839+02:00" endTime="2021-07-26T13:19:43.5272881+02:00" testType="13cdc9d9-ddb5-4fa4-a97d-d965ccfc6d4b" outcome="Passed" testListId="8c84fa94-04c1-424b-9868-57a2d4851a1d" relativeResultsDirectory="89e3f68a-e6e8-4568-bf16-be9cac5bb8d7" />
    <UnitTestResult executionId="9fdc9695-78b0-4e8c-832a-a39d74571f85" testId="a1a78ee5-4c26-40c7-a1ae-306bdc0ca708" testName="OperatorEqual_Passing_Valid_Values_Returns_True (TENANT1)" computerName="PC-SFERRARI" duration="00:00:00.0000250" startTime="2021-07-26T13:19:43.5772979+02:00" endTime="2021-07-26T13:19:43.5774595+02:00" testType="13cdc9d9-ddb5-4fa4-a97d-d965ccfc6d4b" outcome="Passed" testListId="8c84fa94-04c1-424b-9868-57a2d4851a1d" relativeResultsDirectory="9fdc9695-78b0-4e8c-832a-a39d74571f85" />
    <UnitTestResult executionId="03533b6b-3f72-4c94-967f-9cbc8169558e" testId="e5754764-5e6d-48fa-81de-3473730bec85" testName="ToString_Passing_Valid_Values_Returns_Name (Españã)" computerName="PC-SFERRARI" duration="00:00:00.0000121" startTime="2021-07-26T13:19:43.4251870+02:00" endTime="2021-07-26T13:19:43.4252611+02:00" testType="13cdc9d9-ddb5-4fa4-a97d-d965ccfc6d4b" outcome="Passed" testListId="8c84fa94-04c1-424b-9868-57a2d4851a1d" relativeResultsDirectory="03533b6b-3f72-4c94-967f-9cbc8169558e" />
    <UnitTestResult executionId="20beeba0-617b-49f6-8dd0-330945eba79d" testId="197bcd1d-ad5b-4bbb-9a5f-5ccce3c57893" testName="Equals_Passing_Valid_Values_Returns_True (TENANT_1)" computerName="PC-SFERRARI" duration="00:00:00.0000131" startTime="2021-07-26T13:19:43.5569176+02:00" endTime="2021-07-26T13:19:43.5569993+02:00" testType="13cdc9d9-ddb5-4fa4-a97d-d965ccfc6d4b" outcome="Passed" testListId="8c84fa94-04c1-424b-9868-57a2d4851a1d" relativeResultsDirectory="20beeba0-617b-49f6-8dd0-330945eba79d" />
    <UnitTestResult executionId="9a042927-ab3f-4e0a-988f-b4312db3368b" testId="f3152470-ab0d-4566-ada6-5a1d8d08eaf2" testName="ToEnum_Passing_Valid_String_Name_Returns_Enumeracion" computerName="PC-SFERRARI" duration="00:00:00.0010107" startTime="2021-07-26T13:19:43.6299395+02:00" endTime="2021-07-26T13:19:43.6311891+02:00" testType="13cdc9d9-ddb5-4fa4-a97d-d965ccfc6d4b" outcome="Passed" testListId="8c84fa94-04c1-424b-9868-57a2d4851a1d" relativeResultsDirectory="9a042927-ab3f-4e0a-988f-b4312db3368b" />
    <UnitTestResult executionId="2bce2aa5-9d23-44bf-8f6d-e09fb7e4c584" testId="a660b7c8-4620-4053-adf8-7a1338416b13" testName="OperatorNotEqual_Passing_Valid_Values_Returns_True (D45,86554654)" computerName="PC-SFERRARI" duration="00:00:00.0000207" startTime="2021-07-26T13:19:43.5241323+02:00" endTime="2021-07-26T13:19:43.5242279+02:00" testType="13cdc9d9-ddb5-4fa4-a97d-d965ccfc6d4b" outcome="Passed" testListId="8c84fa94-04c1-424b-9868-57a2d4851a1d" relativeResultsDirectory="2bce2aa5-9d23-44bf-8f6d-e09fb7e4c584" />
    <UnitTestResult executionId="b0ed4456-d734-4b57-9815-1fea8a79966f" testId="ad75d38d-1d88-45fd-8612-af6958483767" testName="OperatorEqual_Passing_Valid_Values_Returns_True (Españà)" computerName="PC-SFERRARI" duration="00:00:00.0000181" startTime="2021-07-26T13:19:43.4424616+02:00" endTime="2021-07-26T13:19:43.4425441+02:00" testType="13cdc9d9-ddb5-4fa4-a97d-d965ccfc6d4b" outcome="Passed" testListId="8c84fa94-04c1-424b-9868-57a2d4851a1d" relativeResultsDirectory="b0ed4456-d734-4b57-9815-1fea8a79966f" />
    <UnitTestResult executionId="bde6ac6b-e671-4af2-93be-570d22fa6976" testId="20cacbc5-19c3-43f9-87f1-c3593318eaee" testName="ToString_Passing_Valid_Values_Returns_Address_String_Format (Pader,789,DF7956,Sabadell,Barcelona,España)" computerName="PC-SFERRARI" duration="00:00:00.0000233" startTime="2021-07-26T13:19:43.0964557+02:00" endTime="2021-07-26T13:19:43.0965812+02:00" testType="13cdc9d9-ddb5-4fa4-a97d-d965ccfc6d4b" outcome="Passed" testListId="8c84fa94-04c1-424b-9868-57a2d4851a1d" relativeResultsDirectory="bde6ac6b-e671-4af2-93be-570d22fa6976" />
    <UnitTestResult executionId="b161d6e0-03dd-4d81-9c96-c83a5af6faaa" testId="9f7a14dd-f87b-47c6-a533-6c2950e49b53" testName="Create_Passing_Valid_Values_Returns_Name (Tenant_A)" computerName="PC-SFERRARI" duration="00:00:00.0000124" startTime="2021-07-26T13:19:43.5417870+02:00" endTime="2021-07-26T13:19:43.5419069+02:00" testType="13cdc9d9-ddb5-4fa4-a97d-d965ccfc6d4b" outcome="Passed" testListId="8c84fa94-04c1-424b-9868-57a2d4851a1d" relativeResultsDirectory="b161d6e0-03dd-4d81-9c96-c83a5af6faaa" />
    <UnitTestResult executionId="adcef778-3b95-4187-9e6c-a9916c92cfa2" testId="793a7436-ded0-4a32-86b4-a316ca1974b9" testName="Create_Passing_InvalidOrNull_Value_Returns_ApplicationException ()" computerName="PC-SFERRARI" duration="00:00:00.0004050" startTime="2021-07-26T13:19:43.5435465+02:00" endTime="2021-07-26T13:19:43.5440426+02:00" testType="13cdc9d9-ddb5-4fa4-a97d-d965ccfc6d4b" outcome="Passed" testListId="8c84fa94-04c1-424b-9868-57a2d4851a1d" relativeResultsDirectory="adcef778-3b95-4187-9e6c-a9916c92cfa2" />
    <UnitTestResult executionId="d73900bc-3837-4177-bc8b-df4a4c987a95" testId="e1390701-c0ef-4835-9fe0-7af66d2647c1" testName="Create_Passing_Valid_Value_Returns_Email (ádsads@ggg.cc)" computerName="PC-SFERRARI" duration="00:00:00.0000265" startTime="2021-07-26T13:19:43.2341926+02:00" endTime="2021-07-26T13:19:43.2343166+02:00" testType="13cdc9d9-ddb5-4fa4-a97d-d965ccfc6d4b" outcome="Passed" testListId="8c84fa94-04c1-424b-9868-57a2d4851a1d" relativeResultsDirectory="d73900bc-3837-4177-bc8b-df4a4c987a95" />
    <UnitTestResult executionId="6a68dc0e-23eb-4985-8646-9de17b90285b" testId="5abcc3a4-0f67-4df3-97c3-deb47b43dc77" testName="Equals_Passing_Valid_Distinct_Values_Returns_False (400,EUR,8)" computerName="PC-SFERRARI" duration="00:00:00.0010908" startTime="2021-07-26T13:19:43.3497074+02:00" endTime="2021-07-26T13:19:43.3509138+02:00" testType="13cdc9d9-ddb5-4fa4-a97d-d965ccfc6d4b" outcome="Passed" testListId="8c84fa94-04c1-424b-9868-57a2d4851a1d" relativeResultsDirectory="6a68dc0e-23eb-4985-8646-9de17b90285b" />
    <UnitTestResult executionId="26069723-2d6b-4917-86e3-54dfa69d4002" testId="d582e926-97fa-4dd7-aaaa-ac4cd4c4df5c" testName="Create_Passing_Valid_Values_Returns_StringId (Tenerife)" computerName="PC-SFERRARI" duration="00:00:00.0001268" startTime="2021-07-26T13:19:43.4733103+02:00" endTime="2021-07-26T13:19:43.4735192+02:00" testType="13cdc9d9-ddb5-4fa4-a97d-d965ccfc6d4b" outcome="Passed" testListId="8c84fa94-04c1-424b-9868-57a2d4851a1d" relativeResultsDirectory="26069723-2d6b-4917-86e3-54dfa69d4002" />
    <UnitTestResult executionId="7c685708-6347-4b94-9d91-d8361f2a0696" testId="6e609019-9db5-4e4b-bfda-54e688202599" testName="OperatorEqual_Passing_Valid_Distinct_Values_Returns_False (TENANTA)" computerName="PC-SFERRARI" duration="00:00:00.0000250" startTime="2021-07-26T13:19:43.5855542+02:00" endTime="2021-07-26T13:19:43.5857195+02:00" testType="13cdc9d9-ddb5-4fa4-a97d-d965ccfc6d4b" outcome="Passed" testListId="8c84fa94-04c1-424b-9868-57a2d4851a1d" relativeResultsDirectory="7c685708-6347-4b94-9d91-d8361f2a0696" />
    <UnitTestResult executionId="e43d6718-5fff-4180-b815-128a92caf5c4" testId="1789cdf9-9970-4aca-a68b-69f83945cf2c" testName="ToEnum_Passing_Valid_IntName_Enumeracion_Returns_Enumeracion" computerName="PC-SFERRARI" duration="00:00:00.0001963" startTime="2021-07-26T13:19:43.6436110+02:00" endTime="2021-07-26T13:19:43.6439552+02:00" testType="13cdc9d9-ddb5-4fa4-a97d-d965ccfc6d4b" outcome="Passed" testListId="8c84fa94-04c1-424b-9868-57a2d4851a1d" relativeResultsDirectory="e43d6718-5fff-4180-b815-128a92caf5c4" />
    <UnitTestResult executionId="d8287f80-3aa3-43d5-8e47-36f654517952" testId="c0533a42-8c38-4ed9-9e88-6b6fea7fb76f" testName="Equals_Passing_Valid_Values_Returns_True (tenant_A)" computerName="PC-SFERRARI" duration="00:00:00.0000137" startTime="2021-07-26T13:19:43.5640525+02:00" endTime="2021-07-26T13:19:43.5641604+02:00" testType="13cdc9d9-ddb5-4fa4-a97d-d965ccfc6d4b" outcome="Passed" testListId="8c84fa94-04c1-424b-9868-57a2d4851a1d" relativeResultsDirectory="d8287f80-3aa3-43d5-8e47-36f654517952" />
    <UnitTestResult executionId="ac93670e-2778-438b-9cc7-415d1403375a" testId="2f8fdd3c-fa08-45b4-beec-3c690f298d92" testName="Equals_Passing_Valid_Values_Returns_True (456,43543543543)" computerName="PC-SFERRARI" duration="00:00:00.0009973" startTime="2021-07-26T13:19:43.5177241+02:00" endTime="2021-07-26T13:19:43.5187953+02:00" testType="13cdc9d9-ddb5-4fa4-a97d-d965ccfc6d4b" outcome="Passed" testListId="8c84fa94-04c1-424b-9868-57a2d4851a1d" relativeResultsDirectory="ac93670e-2778-438b-9cc7-415d1403375a" />
    <UnitTestResult executionId="19aed488-15f7-4da5-8c55-0859517f80d5" testId="1cfdf02e-d1dd-46d7-8bf9-ad94ea8c8183" testName="ToString_Passing_Valid_Values_Returns_StringId (Sabadell)" computerName="PC-SFERRARI" duration="00:00:00.0000120" startTime="2021-07-26T13:19:43.4774663+02:00" endTime="2021-07-26T13:19:43.4775896+02:00" testType="13cdc9d9-ddb5-4fa4-a97d-d965ccfc6d4b" outcome="Passed" testListId="8c84fa94-04c1-424b-9868-57a2d4851a1d" relativeResultsDirectory="19aed488-15f7-4da5-8c55-0859517f80d5" />
    <UnitTestResult executionId="82b6c4e9-3282-4331-85ec-8b4da5aad571" testId="ccd0eacd-d81f-4e71-8233-8a993249c29c" testName="Change_Passing_Valid_Values_Returns_Address (100,EUR,2)" computerName="PC-SFERRARI" duration="00:00:00.0016083" startTime="2021-07-26T13:19:43.3251801+02:00" endTime="2021-07-26T13:19:43.3269183+02:00" testType="13cdc9d9-ddb5-4fa4-a97d-d965ccfc6d4b" outcome="Passed" testListId="8c84fa94-04c1-424b-9868-57a2d4851a1d" relativeResultsDirectory="82b6c4e9-3282-4331-85ec-8b4da5aad571" />
    <UnitTestResult executionId="9815fe05-b615-42f5-ae2b-8605b604b40d" testId="c873a61a-42f9-40fc-a9a3-75217125deaa" testName="OperatorNotEqual_Passing_Valid_Values_Returns_True (Tenant_A)" computerName="PC-SFERRARI" duration="00:00:00.0000120" startTime="2021-07-26T13:19:43.5984065+02:00" endTime="2021-07-26T13:19:43.5984861+02:00" testType="13cdc9d9-ddb5-4fa4-a97d-d965ccfc6d4b" outcome="Passed" testListId="8c84fa94-04c1-424b-9868-57a2d4851a1d" relativeResultsDirectory="9815fe05-b615-42f5-ae2b-8605b604b40d" />
    <UnitTestResult executionId="319344e7-d234-44e6-a1ea-b2aa9aabde64" testId="89ae8383-bff4-4963-823b-173937e48e8f" testName="OperatorEqual_Passing_Valid_Values_Returns_True (Tenant_1)" computerName="PC-SFERRARI" duration="00:00:00.0000117" startTime="2021-07-26T13:19:43.5777120+02:00" endTime="2021-07-26T13:19:43.5777898+02:00" testType="13cdc9d9-ddb5-4fa4-a97d-d965ccfc6d4b" outcome="Passed" testListId="8c84fa94-04c1-424b-9868-57a2d4851a1d" relativeResultsDirectory="319344e7-d234-44e6-a1ea-b2aa9aabde64" />
    <UnitTestResult executionId="f3a876bb-661b-4bda-a531-a450dfe92ed0" testId="8640d22d-4b7f-4d2f-b26a-0114e5634eb9" testName="ToString_Passing_Valid_Values_Returns_Subdomain (stage_hackerone.com)" computerName="PC-SFERRARI" duration="00:00:00.0000268" startTime="2021-07-26T13:19:43.4975322+02:00" endTime="2021-07-26T13:19:43.4976877+02:00" testType="13cdc9d9-ddb5-4fa4-a97d-d965ccfc6d4b" outcome="Passed" testListId="8c84fa94-04c1-424b-9868-57a2d4851a1d" relativeResultsDirectory="f3a876bb-661b-4bda-a531-a450dfe92ed0" />
    <UnitTestResult executionId="23fe1288-c7d4-4af1-bcdc-49644caf6c04" testId="7c894b06-8174-42bd-8e2f-acc80712aeb1" testName="Equals_Passing_Valid_Distinct_Values_Returns_False (www.hackerone-com)" computerName="PC-SFERRARI" duration="00:00:00.0000197" startTime="2021-07-26T13:19:43.4996445+02:00" endTime="2021-07-26T13:19:43.4997274+02:00" testType="13cdc9d9-ddb5-4fa4-a97d-d965ccfc6d4b" outcome="Passed" testListId="8c84fa94-04c1-424b-9868-57a2d4851a1d" relativeResultsDirectory="23fe1288-c7d4-4af1-bcdc-49644caf6c04" />
    <UnitTestResult executionId="19599d37-1d76-4267-a8ec-ae63d6dd6a07" testId="760ac732-a304-447a-92f9-58c429ae4ec0" testName="ToBool_Passing_Valid_Status_Inactive_Returns_False" computerName="PC-SFERRARI" duration="00:00:00.0002852" startTime="2021-07-26T13:19:43.6380060+02:00" endTime="2021-07-26T13:19:43.6383932+02:00" testType="13cdc9d9-ddb5-4fa4-a97d-d965ccfc6d4b" outcome="Passed" testListId="8c84fa94-04c1-424b-9868-57a2d4851a1d" relativeResultsDirectory="19599d37-1d76-4267-a8ec-ae63d6dd6a07" />
    <UnitTestResult executionId="066debc3-1795-4a1f-8510-feae552087f0" testId="a32e632f-dc5d-4a65-aa7a-939fe9f88ed8" testName="Equals_Passing_Valid_Values_Returns_True (Españã)" computerName="PC-SFERRARI" duration="00:00:00.0000181" startTime="2021-07-26T13:19:43.4308527+02:00" endTime="2021-07-26T13:19:43.4309341+02:00" testType="13cdc9d9-ddb5-4fa4-a97d-d965ccfc6d4b" outcome="Passed" testListId="8c84fa94-04c1-424b-9868-57a2d4851a1d" relativeResultsDirectory="066debc3-1795-4a1f-8510-feae552087f0" />
    <UnitTestResult executionId="572bd167-7724-4e68-b4ae-4752a2aa4181" testId="e60e58f5-e94a-4860-aec3-d974c48ebb3e" testName="OperatorNotEqual_Passing_Valid_Values_Returns_False (D45,86554654)" computerName="PC-SFERRARI" duration="00:00:00.0000176" startTime="2021-07-26T13:19:43.5236652+02:00" endTime="2021-07-26T13:19:43.5237569+02:00" testType="13cdc9d9-ddb5-4fa4-a97d-d965ccfc6d4b" outcome="Passed" testListId="8c84fa94-04c1-424b-9868-57a2d4851a1d" relativeResultsDirectory="572bd167-7724-4e68-b4ae-4752a2aa4181" />
    <UnitTestResult executionId="0fb032d0-dbfc-4131-bd06-5b27a5725723" testId="5eab2b62-5393-46f8-801b-fb7da5669e5d" testName="Create_Passing_InvalidOrNull_Value_Returns_ApplicationException ()" computerName="PC-SFERRARI" duration="00:00:00.0000573" startTime="2021-07-26T13:19:43.2423889+02:00" endTime="2021-07-26T13:19:43.2425115+02:00" testType="13cdc9d9-ddb5-4fa4-a97d-d965ccfc6d4b" outcome="Passed" testListId="8c84fa94-04c1-424b-9868-57a2d4851a1d" relativeResultsDirectory="0fb032d0-dbfc-4131-bd06-5b27a5725723" />
    <UnitTestResult executionId="3a0667d6-c3c2-4597-a38b-bf5baf7f3243" testId="51344df2-3242-4672-9fef-3e31224454bc" testName="OperatorNotEqual_Passing_Valid_Values_Returns_False (TenantA)" computerName="PC-SFERRARI" duration="00:00:00.0000125" startTime="2021-07-26T13:19:43.5931925+02:00" endTime="2021-07-26T13:19:43.5932752+02:00" testType="13cdc9d9-ddb5-4fa4-a97d-d965ccfc6d4b" outcome="Passed" testListId="8c84fa94-04c1-424b-9868-57a2d4851a1d" relativeResultsDirectory="3a0667d6-c3c2-4597-a38b-bf5baf7f3243" />
    <UnitTestResult executionId="db2848be-84bd-42cf-b9f6-b4b74ec1e260" testId="757a1528-25ed-47a1-98ea-7758a11fc436" testName="OperatorNotEqual_Passing_Valid_Values_Returns_True (200,EUR,4)" computerName="PC-SFERRARI" duration="00:00:00.0011189" startTime="2021-07-26T13:19:43.3738027+02:00" endTime="2021-07-26T13:19:43.3750494+02:00" testType="13cdc9d9-ddb5-4fa4-a97d-d965ccfc6d4b" outcome="Passed" testListId="8c84fa94-04c1-424b-9868-57a2d4851a1d" relativeResultsDirectory="db2848be-84bd-42cf-b9f6-b4b74ec1e260" />
    <UnitTestResult executionId="b82d8e63-ca18-4067-9650-1c168af6ac54" testId="b5104ff2-15c0-47d4-87d6-dcef84b565ad" testName="OperatorNotEqual_Passing_Valid_Values_Returns_False (Sabadell)" computerName="PC-SFERRARI" duration="00:00:00.0000101" startTime="2021-07-26T13:19:43.4842094+02:00" endTime="2021-07-26T13:19:43.4842969+02:00" testType="13cdc9d9-ddb5-4fa4-a97d-d965ccfc6d4b" outcome="Passed" testListId="8c84fa94-04c1-424b-9868-57a2d4851a1d" relativeResultsDirectory="b82d8e63-ca18-4067-9650-1c168af6ac54" />
    <UnitTestResult executionId="8d55134a-7653-4dd7-bf04-cbdf8855a897" testId="94dfa163-2381-495a-b492-30215cf77a99" testName="OperatorEqual_Passing_Valid_Values_Returns_True (EUR)" computerName="PC-SFERRARI" duration="00:00:00.0004948" startTime="2021-07-26T13:19:43.1962047+02:00" endTime="2021-07-26T13:19:43.1967782+02:00" testType="13cdc9d9-ddb5-4fa4-a97d-d965ccfc6d4b" outcome="Passed" testListId="8c84fa94-04c1-424b-9868-57a2d4851a1d" relativeResultsDirectory="8d55134a-7653-4dd7-bf04-cbdf8855a897" />
    <UnitTestResult executionId="041bd21d-527d-4679-a955-d296893e64ee" testId="193c6680-35f1-4d27-984a-601ba8c55a6e" testName="OperatorNotEqual_Passing_Valid_Values_Returns_False (España)" computerName="PC-SFERRARI" duration="00:00:00.0002342" startTime="2021-07-26T13:19:43.4524377+02:00" endTime="2021-07-26T13:19:43.4528171+02:00" testType="13cdc9d9-ddb5-4fa4-a97d-d965ccfc6d4b" outcome="Passed" testListId="8c84fa94-04c1-424b-9868-57a2d4851a1d" relativeResultsDirectory="041bd21d-527d-4679-a955-d296893e64ee" />
    <UnitTestResult executionId="78f13b0b-2be0-4792-b37c-5378490de0ff" testId="f5148f23-94aa-40fb-bc5a-a86a55ec0c4b" testName="OperatorEqual_Passing_Valid_Distinct_Values_Returns_False (TENANT_1)" computerName="PC-SFERRARI" duration="00:00:00.0000135" startTime="2021-07-26T13:19:43.5824255+02:00" endTime="2021-07-26T13:19:43.5825290+02:00" testType="13cdc9d9-ddb5-4fa4-a97d-d965ccfc6d4b" outcome="Passed" testListId="8c84fa94-04c1-424b-9868-57a2d4851a1d" relativeResultsDirectory="78f13b0b-2be0-4792-b37c-5378490de0ff" />
    <UnitTestResult executionId="38380553-471a-44ea-8914-a177acfbc664" testId="9b76a77d-7cd2-4703-b96d-098928d2dfde" testName="Create_Passing_Valid_Values_Returns_Name (TENANT_A)" computerName="PC-SFERRARI" duration="00:00:00.0000231" startTime="2021-07-26T13:19:43.5433250+02:00" endTime="2021-07-26T13:19:43.5434818+02:00" testType="13cdc9d9-ddb5-4fa4-a97d-d965ccfc6d4b" outcome="Passed" testListId="8c84fa94-04c1-424b-9868-57a2d4851a1d" relativeResultsDirectory="38380553-471a-44ea-8914-a177acfbc664" />
    <UnitTestResult executionId="224ede66-e6bc-4796-8006-5de68d7fd48a" testId="d206e318-e47d-4e06-9569-3e85849e050a" testName="Equals_Passing_Valid_Distinct_Values_Returns_False (TENANT1)" computerName="PC-SFERRARI" duration="00:00:00.0000163" startTime="2021-07-26T13:19:43.5649654+02:00" endTime="2021-07-26T13:19:43.5650763+02:00" testType="13cdc9d9-ddb5-4fa4-a97d-d965ccfc6d4b" outcome="Passed" testListId="8c84fa94-04c1-424b-9868-57a2d4851a1d" relativeResultsDirectory="224ede66-e6bc-4796-8006-5de68d7fd48a" />
    <UnitTestResult executionId="544d5b43-0438-4d1c-a90e-8cb852f9942b" testId="af57bd3b-828e-4aff-94c7-0b0c4499e11a" testName="Equals_Passing_Valid_Distinct_Values_Returns_False (456,43543543543)" computerName="PC-SFERRARI" duration="00:00:00.0001743" startTime="2021-07-26T13:19:43.5191131+02:00" endTime="2021-07-26T13:19:43.5193593+02:00" testType="13cdc9d9-ddb5-4fa4-a97d-d965ccfc6d4b" outcome="Passed" testListId="8c84fa94-04c1-424b-9868-57a2d4851a1d" relativeResultsDirectory="544d5b43-0438-4d1c-a90e-8cb852f9942b" />
    <UnitTestResult executionId="c6fe5b5e-15f7-4ce8-a3af-afb967f419c3" testId="585b2e63-586f-408b-8532-1b086f841f98" testName="OperatorEqual_Passing_Valid_Values_Returns_True (Sabadell,Barcelona,España)" computerName="PC-SFERRARI" duration="00:00:00.0000389" startTime="2021-07-26T13:19:43.3124734+02:00" endTime="2021-07-26T13:19:43.3125866+02:00" testType="13cdc9d9-ddb5-4fa4-a97d-d965ccfc6d4b" outcome="Passed" testListId="8c84fa94-04c1-424b-9868-57a2d4851a1d" relativeResultsDirectory="c6fe5b5e-15f7-4ce8-a3af-afb967f419c3" />
    <UnitTestResult executionId="fecd9d4a-2e84-4f15-a53e-fa0cc11f1eac" testId="e49305be-ae60-42df-9bff-557ee6f5ef3a" testName="Equals_Passing_Valid_Values_Returns_True (Tenant_A)" computerName="PC-SFERRARI" duration="00:00:00.0000129" startTime="2021-07-26T13:19:43.5642213+02:00" endTime="2021-07-26T13:19:43.5643044+02:00" testType="13cdc9d9-ddb5-4fa4-a97d-d965ccfc6d4b" outcome="Passed" testListId="8c84fa94-04c1-424b-9868-57a2d4851a1d" relativeResultsDirectory="fecd9d4a-2e84-4f15-a53e-fa0cc11f1eac" />
    <UnitTestResult executionId="a3399642-a12f-45b2-939d-055fdadf78b6" testId="b54379dc-5023-4dc1-9cd6-ab8f0d45a0bc" testName="OperatorNotEqual_Passing_Valid_Values_Returns_False (100,EUR,2)" computerName="PC-SFERRARI" duration="00:00:00.0006307" startTime="2021-07-26T13:19:43.3651374+02:00" endTime="2021-07-26T13:19:43.3659232+02:00" testType="13cdc9d9-ddb5-4fa4-a97d-d965ccfc6d4b" outcome="Passed" testListId="8c84fa94-04c1-424b-9868-57a2d4851a1d" relativeResultsDirectory="a3399642-a12f-45b2-939d-055fdadf78b6" />
    <UnitTestResult executionId="1b2d93a5-9b4e-4fdb-9d50-17274f68c666" testId="c3fead02-39d2-4cd5-a243-4abdf8f2b9a6" testName="Create_Passing_Valid_Values_Returns_Name (TENANT_1)" computerName="PC-SFERRARI" duration="00:00:00.0000097" startTime="2021-07-26T13:19:43.5378194+02:00" endTime="2021-07-26T13:19:43.5378989+02:00" testType="13cdc9d9-ddb5-4fa4-a97d-d965ccfc6d4b" outcome="Passed" testListId="8c84fa94-04c1-424b-9868-57a2d4851a1d" relativeResultsDirectory="1b2d93a5-9b4e-4fdb-9d50-17274f68c666" />
    <UnitTestResult executionId="61d90aea-0208-41a0-8690-21b52e421720" testId="557beaed-d7f9-4fad-9a1a-127dc7fdfd0d" testName="Equals_Passing_Valid_Distinct_Values_Returns_False (Sabadell,Barcelona,España)" computerName="PC-SFERRARI" duration="00:00:00.0000437" startTime="2021-07-26T13:19:43.3119606+02:00" endTime="2021-07-26T13:19:43.3120830+02:00" testType="13cdc9d9-ddb5-4fa4-a97d-d965ccfc6d4b" outcome="Passed" testListId="8c84fa94-04c1-424b-9868-57a2d4851a1d" relativeResultsDirectory="61d90aea-0208-41a0-8690-21b52e421720" />
    <UnitTestResult executionId="98f4c28e-8d66-405b-9ea1-dab63609ea36" testId="a1e2d391-280d-473e-be3f-962ce7728c4f" testName="OperatorNotEqual_Passing_Valid_Values_Returns_False (San Bartoleme De Tirajana)" computerName="PC-SFERRARI" duration="00:00:00.0001955" startTime="2021-07-26T13:19:43.4837981+02:00" endTime="2021-07-26T13:19:43.4841174+02:00" testType="13cdc9d9-ddb5-4fa4-a97d-d965ccfc6d4b" outcome="Passed" testListId="8c84fa94-04c1-424b-9868-57a2d4851a1d" relativeResultsDirectory="98f4c28e-8d66-405b-9ea1-dab63609ea36" />
    <UnitTestResult executionId="bb4ddca0-58a7-4219-8011-93dec49e1ef9" testId="f8fbd9e6-65bc-44d6-82a9-2f49424c084c" testName="Change_Passing_Valid_Values_Returns_Telephone" computerName="PC-SFERRARI" duration="00:00:00.0003052" startTime="2021-07-26T13:19:43.5165117+02:00" endTime="2021-07-26T13:19:43.5169549+02:00" testType="13cdc9d9-ddb5-4fa4-a97d-d965ccfc6d4b" outcome="Passed" testListId="8c84fa94-04c1-424b-9868-57a2d4851a1d" relativeResultsDirectory="bb4ddca0-58a7-4219-8011-93dec49e1ef9" />
    <UnitTestResult executionId="45922b1e-431c-41c6-8e5e-8ff45b495e32" testId="3612c126-7dcb-40e4-aed1-c1a7e3d0352d" testName="Equals_Passing_Valid_Values_Returns_True (TenantA)" computerName="PC-SFERRARI" duration="00:00:00.0000128" startTime="2021-07-26T13:19:43.5571807+02:00" endTime="2021-07-26T13:19:43.5572749+02:00" testType="13cdc9d9-ddb5-4fa4-a97d-d965ccfc6d4b" outcome="Passed" testListId="8c84fa94-04c1-424b-9868-57a2d4851a1d" relativeResultsDirectory="45922b1e-431c-41c6-8e5e-8ff45b495e32" />
    <UnitTestResult executionId="b8bd2775-c629-45d2-9fa5-9e1732a59e0d" testId="b8f6ebd6-8c89-45ed-9311-68520606871e" testName="OperatorEqual_Passing_Valid_Values_Returns_True (Españç)" computerName="PC-SFERRARI" duration="00:00:00.0000181" startTime="2021-07-26T13:19:43.4429867+02:00" endTime="2021-07-26T13:19:43.4430672+02:00" testType="13cdc9d9-ddb5-4fa4-a97d-d965ccfc6d4b" outcome="Passed" testListId="8c84fa94-04c1-424b-9868-57a2d4851a1d" relativeResultsDirectory="b8bd2775-c629-45d2-9fa5-9e1732a59e0d" />
    <UnitTestResult executionId="c9b81e22-d0d0-46f1-be11-8abb68cfd745" testId="e70e6c6e-4723-414a-954e-46ace791d363" testName="OperatorNotEqual_Passing_Valid_Values_Returns_False (400,USD,8)" computerName="PC-SFERRARI" duration="00:00:00.0022055" startTime="2021-07-26T13:19:43.3696294+02:00" endTime="2021-07-26T13:19:43.3719382+02:00" testType="13cdc9d9-ddb5-4fa4-a97d-d965ccfc6d4b" outcome="Passed" testListId="8c84fa94-04c1-424b-9868-57a2d4851a1d" relativeResultsDirectory="c9b81e22-d0d0-46f1-be11-8abb68cfd745" />
    <UnitTestResult executionId="27472bf1-3563-404e-885e-b5e634cc4f43" testId="4f5b2a6e-4cd7-4c27-aa54-fa5c81115f80" testName="Create_Passing_Valid_Values_Returns_Name (Españã)" computerName="PC-SFERRARI" duration="00:00:00.0000126" startTime="2021-07-26T13:19:43.4191420+02:00" endTime="2021-07-26T13:19:43.4192213+02:00" testType="13cdc9d9-ddb5-4fa4-a97d-d965ccfc6d4b" outcome="Passed" testListId="8c84fa94-04c1-424b-9868-57a2d4851a1d" relativeResultsDirectory="27472bf1-3563-404e-885e-b5e634cc4f43" />
    <UnitTestResult executionId="67b65b78-2d51-4388-99fc-5f0ff6090dda" testId="11d8ecf8-7ff5-4e87-9e4d-4a5b711d8b93" testName="IsNull_Passing_Valid_Value_Returns_False (www.hackerone-com)" computerName="PC-SFERRARI" duration="00:00:00.0000203" startTime="2021-07-26T13:19:43.4869924+02:00" endTime="2021-07-26T13:19:43.4871359+02:00" testType="13cdc9d9-ddb5-4fa4-a97d-d965ccfc6d4b" outcome="Passed" testListId="8c84fa94-04c1-424b-9868-57a2d4851a1d" relativeResultsDirectory="67b65b78-2d51-4388-99fc-5f0ff6090dda" />
    <UnitTestResult executionId="b0ffb47a-e61b-448f-92a5-638c79d78c6b" testId="2a71f060-f7c0-4fbe-bc50-18f7a7e7708f" testName="IsNull_Passing_Valid_Address_Returns_False (Pader,789,DF7956,Sabadell,Barcelona,España)" computerName="PC-SFERRARI" duration="00:00:00.0000378" startTime="2021-07-26T13:19:43.0004789+02:00" endTime="2021-07-26T13:19:43.0006722+02:00" testType="13cdc9d9-ddb5-4fa4-a97d-d965ccfc6d4b" outcome="Passed" testListId="8c84fa94-04c1-424b-9868-57a2d4851a1d" relativeResultsDirectory="b0ffb47a-e61b-448f-92a5-638c79d78c6b" />
    <UnitTestResult executionId="e4c89c27-82c3-4fc5-a99b-815a9dd14a97" testId="b3529555-cf6f-4570-b2eb-bde7482314b1" testName="OperatorNotEqual_Passing_Valid_Values_Returns_True (tenantA)" computerName="PC-SFERRARI" duration="00:00:00.0000133" startTime="2021-07-26T13:19:43.5978561+02:00" endTime="2021-07-26T13:19:43.5979467+02:00" testType="13cdc9d9-ddb5-4fa4-a97d-d965ccfc6d4b" outcome="Passed" testListId="8c84fa94-04c1-424b-9868-57a2d4851a1d" relativeResultsDirectory="e4c89c27-82c3-4fc5-a99b-815a9dd14a97" />
    <UnitTestResult executionId="e9e56993-17d6-453a-9a46-b99adde7bf7c" testId="c4accd41-207c-4408-9cd7-0e624a2cbb4c" testName="IsFemale_Passing_Nothing_Returns_True" computerName="PC-SFERRARI" duration="00:00:00.0002057" startTime="2021-07-26T13:19:43.6219547+02:00" endTime="2021-07-26T13:19:43.6222369+02:00" testType="13cdc9d9-ddb5-4fa4-a97d-d965ccfc6d4b" outcome="Passed" testListId="8c84fa94-04c1-424b-9868-57a2d4851a1d" relativeResultsDirectory="e9e56993-17d6-453a-9a46-b99adde7bf7c" />
    <UnitTestResult executionId="a6126cdb-f5b9-487b-a61c-7fbc0b9a874b" testId="dbe9d838-cf55-4d4c-801b-bc61f14285e8" testName="OperatorEqual_Passing_Valid_Distinct_Values_Returns_False (100,EUR,2)" computerName="PC-SFERRARI" duration="00:00:00.0019275" startTime="2021-07-26T13:19:43.3532055+02:00" endTime="2021-07-26T13:19:43.3552569+02:00" testType="13cdc9d9-ddb5-4fa4-a97d-d965ccfc6d4b" outcome="Passed" testListId="8c84fa94-04c1-424b-9868-57a2d4851a1d" relativeResultsDirectory="a6126cdb-f5b9-487b-a61c-7fbc0b9a874b" />
    <UnitTestResult executionId="3a4a098c-01b7-47af-a535-7884770e2577" testId="dd301310-db67-49b1-87e4-d9641861357f" testName="OperatorEqual_Passing_Valid_Values_Returns_True (tenant1)" computerName="PC-SFERRARI" duration="00:00:00.0002232" startTime="2021-07-26T13:19:43.5720869+02:00" endTime="2021-07-26T13:19:43.5724350+02:00" testType="13cdc9d9-ddb5-4fa4-a97d-d965ccfc6d4b" outcome="Passed" testListId="8c84fa94-04c1-424b-9868-57a2d4851a1d" relativeResultsDirectory="3a4a098c-01b7-47af-a535-7884770e2577" />
    <UnitTestResult executionId="17478130-2c13-48e6-89de-6802d5d919b7" testId="0ed19c85-b927-4b17-b583-527a9fc72e08" testName="OperatorEqual_Passing_Valid_Values_Returns_True (TenantA)" computerName="PC-SFERRARI" duration="00:00:00.0000111" startTime="2021-07-26T13:19:43.5780900+02:00" endTime="2021-07-26T13:19:43.5781663+02:00" testType="13cdc9d9-ddb5-4fa4-a97d-d965ccfc6d4b" outcome="Passed" testListId="8c84fa94-04c1-424b-9868-57a2d4851a1d" relativeResultsDirectory="17478130-2c13-48e6-89de-6802d5d919b7" />
    <UnitTestResult executionId="d3dc6a6b-f9ad-4744-aa55-9f2c7aa5c34c" testId="9a340b03-a1e9-45d5-959f-32e4238cafe4" testName="Change_Passing_Valid_Values_Returns_Name" computerName="PC-SFERRARI" duration="00:00:00.0002037" startTime="2021-07-26T13:19:43.4204609+02:00" endTime="2021-07-26T13:19:43.4207494+02:00" testType="13cdc9d9-ddb5-4fa4-a97d-d965ccfc6d4b" outcome="Passed" testListId="8c84fa94-04c1-424b-9868-57a2d4851a1d" relativeResultsDirectory="d3dc6a6b-f9ad-4744-aa55-9f2c7aa5c34c" />
    <UnitTestResult executionId="8a9cca79-a377-451b-8915-c1d4698e4522" testId="ccb1b52f-dce8-4810-b2f1-e38b5117bde6" testName="Create_Passing_Valid_Values_Returns_StringId (Espania)" computerName="PC-SFERRARI" duration="00:00:00.0000076" startTime="2021-07-26T13:19:43.4735817+02:00" endTime="2021-07-26T13:19:43.4736688+02:00" testType="13cdc9d9-ddb5-4fa4-a97d-d965ccfc6d4b" outcome="Passed" testListId="8c84fa94-04c1-424b-9868-57a2d4851a1d" relativeResultsDirectory="8a9cca79-a377-451b-8915-c1d4698e4522" />
    <UnitTestResult executionId="f132fb32-77e9-455c-bb4a-30e41cb934ca" testId="a044f495-0d01-4645-a441-59b242ced1d2" testName="OperatorNotEqual_Passing_Valid_Values_Returns_True (456,43543543543)" computerName="PC-SFERRARI" duration="00:00:00.0001624" startTime="2021-07-26T13:19:43.5238194+02:00" endTime="2021-07-26T13:19:43.5240536+02:00" testType="13cdc9d9-ddb5-4fa4-a97d-d965ccfc6d4b" outcome="Passed" testListId="8c84fa94-04c1-424b-9868-57a2d4851a1d" relativeResultsDirectory="f132fb32-77e9-455c-bb4a-30e41cb934ca" />
    <UnitTestResult executionId="777ceede-768c-4705-a1ef-af9d4e4b00ba" testId="39129ee9-0241-4c6d-b7f7-46af99e7be2d" testName="IsActive_Passing_Nothing_Returns_True" computerName="PC-SFERRARI" duration="00:00:00.0002110" startTime="2021-07-26T13:19:43.6387876+02:00" endTime="2021-07-26T13:19:43.6390749+02:00" testType="13cdc9d9-ddb5-4fa4-a97d-d965ccfc6d4b" outcome="Passed" testListId="8c84fa94-04c1-424b-9868-57a2d4851a1d" relativeResultsDirectory="777ceede-768c-4705-a1ef-af9d4e4b00ba" />
    <UnitTestResult executionId="0c0ef3dd-5088-4738-90ec-d450b1168ec8" testId="9f9ffb52-37f7-4a8d-a0cb-970ee663d3a3" testName="OperatorNotEqual_Passing_Valid_Values_Returns_False (Tenant1)" computerName="PC-SFERRARI" duration="00:00:00.0000139" startTime="2021-07-26T13:19:43.5866010+02:00" endTime="2021-07-26T13:19:43.5866979+02:00" testType="13cdc9d9-ddb5-4fa4-a97d-d965ccfc6d4b" outcome="Passed" testListId="8c84fa94-04c1-424b-9868-57a2d4851a1d" relativeResultsDirectory="0c0ef3dd-5088-4738-90ec-d450b1168ec8" />
    <UnitTestResult executionId="7d36a762-45a1-4427-ac56-67a68f43a9e1" testId="4a3be50e-9f29-4c21-819e-4a388b726b0b" testName="Equals_Passing_Valid_Values_Returns_True (Pader,789,DF7956,Sabadell,Barcelona,España)" computerName="PC-SFERRARI" duration="00:00:00.0000204" startTime="2021-07-26T13:19:43.0983288+02:00" endTime="2021-07-26T13:19:43.0984364+02:00" testType="13cdc9d9-ddb5-4fa4-a97d-d965ccfc6d4b" outcome="Passed" testListId="8c84fa94-04c1-424b-9868-57a2d4851a1d" relativeResultsDirectory="7d36a762-45a1-4427-ac56-67a68f43a9e1" />
    <UnitTestResult executionId="176399fa-64af-48c9-91e0-6dd135e33972" testId="925efce4-c26b-46d0-83f8-09cf665eb940" testName="Equals_Passing_Valid_Values_Returns_True (tenantA)" computerName="PC-SFERRARI" duration="00:00:00.0000135" startTime="2021-07-26T13:19:43.5570492+02:00" endTime="2021-07-26T13:19:43.5571307+02:00" testType="13cdc9d9-ddb5-4fa4-a97d-d965ccfc6d4b" outcome="Passed" testListId="8c84fa94-04c1-424b-9868-57a2d4851a1d" relativeResultsDirectory="176399fa-64af-48c9-91e0-6dd135e33972" />
    <UnitTestResult executionId="c6d20a00-13e1-45d0-8712-99438cc2543c" testId="9f8c5d75-6312-4d59-a041-817e8a46820b" testName="ToEnum_Passing_Invalid_Int_Name_Enumeracion_Returns_Null" computerName="PC-SFERRARI" duration="00:00:00.0001804" startTime="2021-07-26T13:19:43.6092719+02:00" endTime="2021-07-26T13:19:43.6095463+02:00" testType="13cdc9d9-ddb5-4fa4-a97d-d965ccfc6d4b" outcome="Passed" testListId="8c84fa94-04c1-424b-9868-57a2d4851a1d" relativeResultsDirectory="c6d20a00-13e1-45d0-8712-99438cc2543c" />
    <UnitTestResult executionId="5dbca2b9-e7df-43d3-9bdb-c2e41b192c25" testId="c5acd6ab-30e6-4c93-96b6-4d0b093e3442" testName="Equals_Passing_Valid_Distinct_Values_Returns_False (100,EUR,2)" computerName="PC-SFERRARI" duration="00:00:00.0016500" startTime="2021-07-26T13:19:43.3435007+02:00" endTime="2021-07-26T13:19:43.3453034+02:00" testType="13cdc9d9-ddb5-4fa4-a97d-d965ccfc6d4b" outcome="Passed" testListId="8c84fa94-04c1-424b-9868-57a2d4851a1d" relativeResultsDirectory="5dbca2b9-e7df-43d3-9bdb-c2e41b192c25" />
    <UnitTestResult executionId="64a3d99d-29f9-4a57-a1ca-74e2c456e7df" testId="1dfd5854-e9a3-47c2-9300-9fbfdb826192" testName="Create_Passing_Valid_Values_Returns_Telephone (D45,86554654)" computerName="PC-SFERRARI" duration="00:00:00.0000187" startTime="2021-07-26T13:19:43.5129127+02:00" endTime="2021-07-26T13:19:43.5130287+02:00" testType="13cdc9d9-ddb5-4fa4-a97d-d965ccfc6d4b" outcome="Passed" testListId="8c84fa94-04c1-424b-9868-57a2d4851a1d" relativeResultsDirectory="64a3d99d-29f9-4a57-a1ca-74e2c456e7df" />
    <UnitTestResult executionId="7d13182c-db50-4fa8-bb41-b0f2e2a67d84" testId="2e5914d3-65ce-4cbb-bcfc-b55f89302edd" testName="ToString_Passing_Valid_Values_Returns_Value_String_Format (456,43543543543)" computerName="PC-SFERRARI" duration="00:00:00.0003212" startTime="2021-07-26T13:19:43.5170890+02:00" endTime="2021-07-26T13:19:43.5175005+02:00" testType="13cdc9d9-ddb5-4fa4-a97d-d965ccfc6d4b" outcome="Passed" testListId="8c84fa94-04c1-424b-9868-57a2d4851a1d" relativeResultsDirectory="7d13182c-db50-4fa8-bb41-b0f2e2a67d84" />
    <UnitTestResult executionId="d1cd1e87-5666-4962-9418-dae2996a75bd" testId="2fc5000b-e49f-4d78-ab37-6c76466cf5f1" testName="ToString_Passing_Valid_Values_Returns_Subdomain (www.hackerone-com)" computerName="PC-SFERRARI" duration="00:00:00.0000147" startTime="2021-07-26T13:19:43.4931646+02:00" endTime="2021-07-26T13:19:43.4932514+02:00" testType="13cdc9d9-ddb5-4fa4-a97d-d965ccfc6d4b" outcome="Passed" testListId="8c84fa94-04c1-424b-9868-57a2d4851a1d" relativeResultsDirectory="d1cd1e87-5666-4962-9418-dae2996a75bd" />
    <UnitTestResult executionId="0efa7799-5534-4f5d-8693-3b3493c476c5" testId="09d22274-e38a-4e51-83f3-7e1f774c47d5" testName="Create_Passing_Valid_Values_Returns_Name (Españà)" computerName="PC-SFERRARI" duration="00:00:00.0000121" startTime="2021-07-26T13:19:43.4150647+02:00" endTime="2021-07-26T13:19:43.4151413+02:00" testType="13cdc9d9-ddb5-4fa4-a97d-d965ccfc6d4b" outcome="Passed" testListId="8c84fa94-04c1-424b-9868-57a2d4851a1d" relativeResultsDirectory="0efa7799-5534-4f5d-8693-3b3493c476c5" />
    <UnitTestResult executionId="baecef94-bc53-4425-a9a1-6aa80299980f" testId="a89963fb-4aa2-4d4d-956f-f45de25d51d6" testName="Create_Passing_Valid_Values_Returns_Telephone (456,43543543543)" computerName="PC-SFERRARI" duration="00:00:00.0008037" startTime="2021-07-26T13:19:43.5118995+02:00" endTime="2021-07-26T13:19:43.5128025+02:00" testType="13cdc9d9-ddb5-4fa4-a97d-d965ccfc6d4b" outcome="Passed" testListId="8c84fa94-04c1-424b-9868-57a2d4851a1d" relativeResultsDirectory="baecef94-bc53-4425-a9a1-6aa80299980f" />
    <UnitTestResult executionId="cb309255-291e-44ce-a442-055d46bd3277" testId="f133bfd2-3b28-482d-a333-935d788a1194" testName="OperatorEqual_Passing_Valid_Distinct_Values_Returns_False (D45,86554654)" computerName="PC-SFERRARI" duration="00:00:00.0000183" startTime="2021-07-26T13:19:43.5231805+02:00" endTime="2021-07-26T13:19:43.5232845+02:00" testType="13cdc9d9-ddb5-4fa4-a97d-d965ccfc6d4b" outcome="Passed" testListId="8c84fa94-04c1-424b-9868-57a2d4851a1d" relativeResultsDirectory="cb309255-291e-44ce-a442-055d46bd3277" />
    <UnitTestResult executionId="13026c71-2a9e-485e-9899-73486da8f7dd" testId="4134ec36-4bae-4f8b-9856-e905f59b089e" testName="OperatorEqual_Passing_Valid_Values_Returns_True (dasdasd@dsasd.ff)" computerName="PC-SFERRARI" duration="00:00:00.0001785" startTime="2021-07-26T13:19:43.2502955+02:00" endTime="2021-07-26T13:19:43.2505455+02:00" testType="13cdc9d9-ddb5-4fa4-a97d-d965ccfc6d4b" outcome="Passed" testListId="8c84fa94-04c1-424b-9868-57a2d4851a1d" relativeResultsDirectory="13026c71-2a9e-485e-9899-73486da8f7dd" />
    <UnitTestResult executionId="4caa0a4e-9955-458d-947f-0b30ac09f94c" testId="d9e4a221-2ba5-4877-8989-1a4920be1139" testName="OperatorEqual_Passing_Valid_Values_Returns_True (TENANT_1)" computerName="PC-SFERRARI" duration="00:00:00.0000111" startTime="2021-07-26T13:19:43.5778395+02:00" endTime="2021-07-26T13:19:43.5779183+02:00" testType="13cdc9d9-ddb5-4fa4-a97d-d965ccfc6d4b" outcome="Passed" testListId="8c84fa94-04c1-424b-9868-57a2d4851a1d" relativeResultsDirectory="4caa0a4e-9955-458d-947f-0b30ac09f94c" />
    <UnitTestResult executionId="48e3d5e3-f5f3-4e25-9800-7aac0f4354a7" testId="17f64b2e-2536-4fc4-9a25-ff3f732f656c" testName="IsNull_Passing_Valid_Value_Returns_False (TenantA)" computerName="PC-SFERRARI" duration="00:00:00.0000093" startTime="2021-07-26T13:19:43.5322945+02:00" endTime="2021-07-26T13:19:43.5323755+02:00" testType="13cdc9d9-ddb5-4fa4-a97d-d965ccfc6d4b" outcome="Passed" testListId="8c84fa94-04c1-424b-9868-57a2d4851a1d" relativeResultsDirectory="48e3d5e3-f5f3-4e25-9800-7aac0f4354a7" />
    <UnitTestResult executionId="1370c9f2-f828-4836-a658-259fec2e40e4" testId="0909dc52-0ce9-487d-ab5c-2c34116a520a" testName="OperatorEqual_Passing_Valid_Values_Returns_True (stage_hackerone.com)" computerName="PC-SFERRARI" duration="00:00:00.0000326" startTime="2021-07-26T13:19:43.5027974+02:00" endTime="2021-07-26T13:19:43.5029683+02:00" testType="13cdc9d9-ddb5-4fa4-a97d-d965ccfc6d4b" outcome="Passed" testListId="8c84fa94-04c1-424b-9868-57a2d4851a1d" relativeResultsDirectory="1370c9f2-f828-4836-a658-259fec2e40e4" />
    <UnitTestResult executionId="57407e85-54bc-4ae6-967c-88b386795264" testId="5c1c1313-5a54-434b-8d2a-328cdf225d0c" testName="Equals_Passing_Valid_Values_Returns_True (www.hackerone-com)" computerName="PC-SFERRARI" duration="00:00:00.0000289" startTime="2021-07-26T13:19:43.4990113+02:00" endTime="2021-07-26T13:19:43.4991548+02:00" testType="13cdc9d9-ddb5-4fa4-a97d-d965ccfc6d4b" outcome="Passed" testListId="8c84fa94-04c1-424b-9868-57a2d4851a1d" relativeResultsDirectory="57407e85-54bc-4ae6-967c-88b386795264" />
    <UnitTestResult executionId="25066ba6-7944-4d0f-af03-66228218184d" testId="2cef0172-02b5-4bdc-83a5-24dabf2f72ff" testName="OperatorNotEqual_Passing_Valid_Values_Returns_False (tenant_A)" computerName="PC-SFERRARI" duration="00:00:00.0000128" startTime="2021-07-26T13:19:43.5934583+02:00" endTime="2021-07-26T13:19:43.5935484+02:00" testType="13cdc9d9-ddb5-4fa4-a97d-d965ccfc6d4b" outcome="Passed" testListId="8c84fa94-04c1-424b-9868-57a2d4851a1d" relativeResultsDirectory="25066ba6-7944-4d0f-af03-66228218184d" />
    <UnitTestResult executionId="85227b19-3d3a-46ce-9384-e9e8b9e4fca0" testId="1c5f181f-a3c7-4215-80d6-e127b69e4772" testName="Change_Passing_Valid_Values_Returns_FullName" computerName="PC-SFERRARI" duration="00:00:00.0002773" startTime="2021-07-26T13:19:43.3044580+02:00" endTime="2021-07-26T13:19:43.3048382+02:00" testType="13cdc9d9-ddb5-4fa4-a97d-d965ccfc6d4b" outcome="Passed" testListId="8c84fa94-04c1-424b-9868-57a2d4851a1d" relativeResultsDirectory="85227b19-3d3a-46ce-9384-e9e8b9e4fca0" />
    <UnitTestResult executionId="c1110b3e-c18f-49e7-9d7a-87d866e7747f" testId="9bace9b1-1cfc-4eff-8946-637819f47486" testName="Equals_Passing_Valid_Distinct_Values_Returns_False (tenantA)" computerName="PC-SFERRARI" duration="00:00:00.0000169" startTime="2021-07-26T13:19:43.5709871+02:00" endTime="2021-07-26T13:19:43.5711116+02:00" testType="13cdc9d9-ddb5-4fa4-a97d-d965ccfc6d4b" outcome="Passed" testListId="8c84fa94-04c1-424b-9868-57a2d4851a1d" relativeResultsDirectory="c1110b3e-c18f-49e7-9d7a-87d866e7747f" />
    <UnitTestResult executionId="0ccfde85-d976-4ff9-9eb3-f0c3b7bb6999" testId="5513dbc2-9fe5-41e5-b1a6-72552ad513e7" testName="Equals_Passing_Valid_Distinct_Values_Returns_False (D45,86554654)" computerName="PC-SFERRARI" duration="00:00:00.0000177" startTime="2021-07-26T13:19:43.5194306+02:00" endTime="2021-07-26T13:19:43.5195271+02:00" testType="13cdc9d9-ddb5-4fa4-a97d-d965ccfc6d4b" outcome="Passed" testListId="8c84fa94-04c1-424b-9868-57a2d4851a1d" relativeResultsDirectory="0ccfde85-d976-4ff9-9eb3-f0c3b7bb6999" />
    <UnitTestResult executionId="6180b18a-fd85-49f1-896d-69222f771e95" testId="4aa77f53-a321-478b-8d64-5d0869ba968e" testName="IsNull_Passing_Valid_Value_Returns_False (Españħ)" computerName="PC-SFERRARI" duration="00:00:00.0000129" startTime="2021-07-26T13:19:43.3820706+02:00" endTime="2021-07-26T13:19:43.3821472+02:00" testType="13cdc9d9-ddb5-4fa4-a97d-d965ccfc6d4b" outcome="Passed" testListId="8c84fa94-04c1-424b-9868-57a2d4851a1d" relativeResultsDirectory="6180b18a-fd85-49f1-896d-69222f771e95" />
    <UnitTestResult executionId="e754793a-de93-4187-b16a-987e34817303" testId="ebbb82b9-ed17-4c9e-88d7-83b6bb038626" testName="OperatorNotEqual_Passing_Valid_Values_Returns_True (TenantA)" computerName="PC-SFERRARI" duration="00:00:00.0000120" startTime="2021-07-26T13:19:43.5980014+02:00" endTime="2021-07-26T13:19:43.5980841+02:00" testType="13cdc9d9-ddb5-4fa4-a97d-d965ccfc6d4b" outcome="Passed" testListId="8c84fa94-04c1-424b-9868-57a2d4851a1d" relativeResultsDirectory="e754793a-de93-4187-b16a-987e34817303" />
    <UnitTestResult executionId="8c822714-385b-4e39-92a6-fbf82e71dd32" testId="ef327693-2c6c-40eb-b9ee-230182f0ae6a" testName="ToEnum_Passing_Invalid_String_Name_Enumeracion_Returns_Null" computerName="PC-SFERRARI" duration="00:00:00.0001679" startTime="2021-07-26T13:19:43.6080455+02:00" endTime="2021-07-26T13:19:43.6082922+02:00" testType="13cdc9d9-ddb5-4fa4-a97d-d965ccfc6d4b" outcome="Passed" testListId="8c84fa94-04c1-424b-9868-57a2d4851a1d" relativeResultsDirectory="8c822714-385b-4e39-92a6-fbf82e71dd32" />
    <UnitTestResult executionId="92e80924-c3d6-4512-a28a-479b4e1f90e7" testId="d6ba962a-86ad-4861-9f6a-3c94f3bbd3e3" testName="OperatorEqual_Passing_Valid_Distinct_Values_Returns_False (EUR)" computerName="PC-SFERRARI" duration="00:00:00.0023784" startTime="2021-07-26T13:19:43.1979070+02:00" endTime="2021-07-26T13:19:43.2003758+02:00" testType="13cdc9d9-ddb5-4fa4-a97d-d965ccfc6d4b" outcome="Passed" testListId="8c84fa94-04c1-424b-9868-57a2d4851a1d" relativeResultsDirectory="92e80924-c3d6-4512-a28a-479b4e1f90e7" />
    <UnitTestResult executionId="cd4c5f18-3d34-40f8-9381-dd60a7a87a81" testId="0281f279-5a60-4f91-a112-337704687f6f" testName="Create_Passing_Valid_Value_Returns_Email (ñandu@gmail.com)" computerName="PC-SFERRARI" duration="00:00:00.0001448" startTime="2021-07-26T13:19:43.2338977+02:00" endTime="2021-07-26T13:19:43.2341185+02:00" testType="13cdc9d9-ddb5-4fa4-a97d-d965ccfc6d4b" outcome="Passed" testListId="8c84fa94-04c1-424b-9868-57a2d4851a1d" relativeResultsDirectory="cd4c5f18-3d34-40f8-9381-dd60a7a87a81" />
    <UnitTestResult executionId="1fee981f-4526-437e-80cd-254b91bc41d6" testId="fd366b19-2416-4b61-a2fc-3323b78ba58f" testName="OperatorEqual_Passing_Valid_Values_Returns_True (Españâ)" computerName="PC-SFERRARI" duration="00:00:00.0000184" startTime="2021-07-26T13:19:43.4427257+02:00" endTime="2021-07-26T13:19:43.4428093+02:00" testType="13cdc9d9-ddb5-4fa4-a97d-d965ccfc6d4b" outcome="Passed" testListId="8c84fa94-04c1-424b-9868-57a2d4851a1d" relativeResultsDirectory="1fee981f-4526-437e-80cd-254b91bc41d6" />
    <UnitTestResult executionId="029ac2d6-1e93-4e69-9995-1a89345194c6" testId="4e79b50e-7945-4984-a45f-51990f61f819" testName="Create_Passing_Valid_Values_Returns_Name (Españâ)" computerName="PC-SFERRARI" duration="00:00:00.0000136" startTime="2021-07-26T13:19:43.4189940+02:00" endTime="2021-07-26T13:19:43.4190830+02:00" testType="13cdc9d9-ddb5-4fa4-a97d-d965ccfc6d4b" outcome="Passed" testListId="8c84fa94-04c1-424b-9868-57a2d4851a1d" relativeResultsDirectory="029ac2d6-1e93-4e69-9995-1a89345194c6" />
    <UnitTestResult executionId="56b08fb8-c8a3-4a59-8df0-efe9f10f8104" testId="5381506e-db96-4098-aab2-ae179ffde50e" testName="Create_Passing_Valid_Values_Returns_Name (Españä)" computerName="PC-SFERRARI" duration="00:00:00.0000262" startTime="2021-07-26T13:19:43.4187399+02:00" endTime="2021-07-26T13:19:43.4189024+02:00" testType="13cdc9d9-ddb5-4fa4-a97d-d965ccfc6d4b" outcome="Passed" testListId="8c84fa94-04c1-424b-9868-57a2d4851a1d" relativeResultsDirectory="56b08fb8-c8a3-4a59-8df0-efe9f10f8104" />
    <UnitTestResult executionId="3b9c0c1f-7a5c-4e92-afb8-371fd51fa72b" testId="58d39038-8efc-47f1-8a4c-295bc6988984" testName="ToNormalize_Passing_Valid_Values_Returns_Name_String_Format (Españç,Espanc)" computerName="PC-SFERRARI" duration="00:00:00.0000397" startTime="2021-07-26T13:19:43.4676092+02:00" endTime="2021-07-26T13:19:43.4677208+02:00" testType="13cdc9d9-ddb5-4fa4-a97d-d965ccfc6d4b" outcome="Passed" testListId="8c84fa94-04c1-424b-9868-57a2d4851a1d" relativeResultsDirectory="3b9c0c1f-7a5c-4e92-afb8-371fd51fa72b" />
    <UnitTestResult executionId="556c0c5b-fe45-4e12-9b2d-1d0b76aad2f0" testId="9599015b-53a3-4305-8666-14e978cc8fad" testName="ToNormalize_Passing_Valid_Values_Returns_Address_String_Format (aaads@ggg.cc)" computerName="PC-SFERRARI" duration="00:00:00.0001225" startTime="2021-07-26T13:19:43.2936155+02:00" endTime="2021-07-26T13:19:43.2938195+02:00" testType="13cdc9d9-ddb5-4fa4-a97d-d965ccfc6d4b" outcome="Passed" testListId="8c84fa94-04c1-424b-9868-57a2d4851a1d" relativeResultsDirectory="556c0c5b-fe45-4e12-9b2d-1d0b76aad2f0" />
    <UnitTestResult executionId="7cdd0f77-448f-4919-baba-c4216c02c5b7" testId="4e8f9e58-b2dd-4b80-b6a8-9ddf9e04887a" testName="ToString_Passing_Valid_Values_Returns_Value_String_Format (Sabadell,Barcelona)" computerName="PC-SFERRARI" duration="00:00:00.0000262" startTime="2021-07-26T13:19:43.3054623+02:00" endTime="2021-07-26T13:19:43.3055958+02:00" testType="13cdc9d9-ddb5-4fa4-a97d-d965ccfc6d4b" outcome="Passed" testListId="8c84fa94-04c1-424b-9868-57a2d4851a1d" relativeResultsDirectory="7cdd0f77-448f-4919-baba-c4216c02c5b7" />
    <UnitTestResult executionId="cb260abd-0092-4786-ade4-3d218f6038a8" testId="2c7faa65-39e0-4512-949d-d3aa727da1b6" testName="OperatorEqual_Passing_Valid_Distinct_Values_Returns_False (Tenant_A)" computerName="PC-SFERRARI" duration="00:00:00.0000122" startTime="2021-07-26T13:19:43.5859843+02:00" endTime="2021-07-26T13:19:43.5860655+02:00" testType="13cdc9d9-ddb5-4fa4-a97d-d965ccfc6d4b" outcome="Passed" testListId="8c84fa94-04c1-424b-9868-57a2d4851a1d" relativeResultsDirectory="cb260abd-0092-4786-ade4-3d218f6038a8" />
    <UnitTestResult executionId="a2221c06-77c3-4c55-a36f-40d88a9db4a3" testId="527ae248-e721-4444-b6fd-774263962ddc" testName="OperatorEqual_Passing_Valid_Values_Returns_True (Pader,789,DF7956,Sabadell,Barcelona,España)" computerName="PC-SFERRARI" duration="00:00:00.0000216" startTime="2021-07-26T13:19:43.0994214+02:00" endTime="2021-07-26T13:19:43.0995226+02:00" testType="13cdc9d9-ddb5-4fa4-a97d-d965ccfc6d4b" outcome="Passed" testListId="8c84fa94-04c1-424b-9868-57a2d4851a1d" relativeResultsDirectory="a2221c06-77c3-4c55-a36f-40d88a9db4a3" />
    <UnitTestResult executionId="3a5f72c3-3619-4246-86a2-ecdd31b1614a" testId="b1194029-6449-4a8c-87c6-dbc9de21f6e4" testName="IsNull_Passing_Null_Value_Returns_True" computerName="PC-SFERRARI" duration="00:00:00.0003645" startTime="2021-07-26T13:19:43.5113566+02:00" endTime="2021-07-26T13:19:43.5118041+02:00" testType="13cdc9d9-ddb5-4fa4-a97d-d965ccfc6d4b" outcome="Passed" testListId="8c84fa94-04c1-424b-9868-57a2d4851a1d" relativeResultsDirectory="3a5f72c3-3619-4246-86a2-ecdd31b1614a" />
    <UnitTestResult executionId="1c12340c-b0d4-4180-8078-b835bc27f473" testId="c8d7a346-f6a7-4892-bc97-6827b5b5bc26" testName="ToString_Passing_Valid_Values_Returns_Name (tenant1)" computerName="PC-SFERRARI" duration="00:00:00.0002449" startTime="2021-07-26T13:19:43.5446482+02:00" endTime="2021-07-26T13:19:43.5449823+02:00" testType="13cdc9d9-ddb5-4fa4-a97d-d965ccfc6d4b" outcome="Passed" testListId="8c84fa94-04c1-424b-9868-57a2d4851a1d" relativeResultsDirectory="1c12340c-b0d4-4180-8078-b835bc27f473" />
    <UnitTestResult executionId="3c140a5b-2377-4a82-a820-d6a20998502f" testId="d84e03f9-cd91-4644-8526-96b7a3c820d8" testName="OperatorEqual_Passing_Valid_Values_Returns_True (34fsds@sdd.fgg)" computerName="PC-SFERRARI" duration="00:00:00.0000325" startTime="2021-07-26T13:19:43.2506076+02:00" endTime="2021-07-26T13:19:43.2507123+02:00" testType="13cdc9d9-ddb5-4fa4-a97d-d965ccfc6d4b" outcome="Passed" testListId="8c84fa94-04c1-424b-9868-57a2d4851a1d" relativeResultsDirectory="3c140a5b-2377-4a82-a820-d6a20998502f" />
    <UnitTestResult executionId="02e99cbe-e881-48c5-b5b8-a6dbf79acd41" testId="5fd61640-4f0c-498e-ace7-c73700ef8d4a" testName="ToEnum_Passing_Valid_IntName_Enumeracion_Returns_Enumeracion" computerName="PC-SFERRARI" duration="00:00:00.0007944" startTime="2021-07-26T13:19:43.6083352+02:00" endTime="2021-07-26T13:19:43.6092130+02:00" testType="13cdc9d9-ddb5-4fa4-a97d-d965ccfc6d4b" outcome="Passed" testListId="8c84fa94-04c1-424b-9868-57a2d4851a1d" relativeResultsDirectory="02e99cbe-e881-48c5-b5b8-a6dbf79acd41" />
    <UnitTestResult executionId="589ca073-17df-437c-8050-c975190b38fc" testId="6aef4e2b-bb75-48d0-b75e-a7eecd633630" testName="IsNull_Passing_Valid_Value_Returns_False (Tenant1)" computerName="PC-SFERRARI" duration="00:00:00.0000265" startTime="2021-07-26T13:19:43.5261384+02:00" endTime="2021-07-26T13:19:43.5270796+02:00" testType="13cdc9d9-ddb5-4fa4-a97d-d965ccfc6d4b" outcome="Passed" testListId="8c84fa94-04c1-424b-9868-57a2d4851a1d" relativeResultsDirectory="589ca073-17df-437c-8050-c975190b38fc" />
    <UnitTestResult executionId="69298ec8-ba0c-463a-b866-31279c390a1d" testId="f07fd477-1b6c-4617-9366-ac9c55e61ad3" testName="OperatorNotEqual_Passing_Valid_Values_Returns_True (Sabadell,Barcelona,España)" computerName="PC-SFERRARI" duration="00:00:00.0000430" startTime="2021-07-26T13:19:43.3170035+02:00" endTime="2021-07-26T13:19:43.3171297+02:00" testType="13cdc9d9-ddb5-4fa4-a97d-d965ccfc6d4b" outcome="Passed" testListId="8c84fa94-04c1-424b-9868-57a2d4851a1d" relativeResultsDirectory="69298ec8-ba0c-463a-b866-31279c390a1d" />
    <UnitTestResult executionId="533697a6-219c-43cf-b80e-242e43eee9e5" testId="4ebc27ba-6d76-44be-ac79-4a9e1ea38d50" testName="IsNull_Passing_Valid_Value_Returns_False (tenant_1)" computerName="PC-SFERRARI" duration="00:00:00.0000270" startTime="2021-07-26T13:19:43.5316139+02:00" endTime="2021-07-26T13:19:43.5317947+02:00" testType="13cdc9d9-ddb5-4fa4-a97d-d965ccfc6d4b" outcome="Passed" testListId="8c84fa94-04c1-424b-9868-57a2d4851a1d" relativeResultsDirectory="533697a6-219c-43cf-b80e-242e43eee9e5" />
    <UnitTestResult executionId="0ed25b09-8f30-4cd3-bde9-344eadec22e2" testId="123ac62f-e548-4027-9c41-85134b09f4dd" testName="Equals_Passing_Valid_Values_Returns_True (Esp añâ)" computerName="PC-SFERRARI" duration="00:00:00.0000193" startTime="2021-07-26T13:19:43.4312425+02:00" endTime="2021-07-26T13:19:43.4313379+02:00" testType="13cdc9d9-ddb5-4fa4-a97d-d965ccfc6d4b" outcome="Passed" testListId="8c84fa94-04c1-424b-9868-57a2d4851a1d" relativeResultsDirectory="0ed25b09-8f30-4cd3-bde9-344eadec22e2" />
    <UnitTestResult executionId="9464d1b9-94c3-486f-8739-a64e06ee64e7" testId="74c481cf-7bd9-468d-9b29-fdd6d1f5889e" testName="Equals_Passing_Valid_Distinct_Values_Returns_False (TENANTA)" computerName="PC-SFERRARI" duration="00:00:00.0000157" startTime="2021-07-26T13:19:43.5713789+02:00" endTime="2021-07-26T13:19:43.5714952+02:00" testType="13cdc9d9-ddb5-4fa4-a97d-d965ccfc6d4b" outcome="Passed" testListId="8c84fa94-04c1-424b-9868-57a2d4851a1d" relativeResultsDirectory="9464d1b9-94c3-486f-8739-a64e06ee64e7" />
    <UnitTestResult executionId="2b47039b-6056-495e-a5cc-097096d07ef8" testId="52bd6a57-50b1-4590-947f-b778f7485f2d" testName="Create_Passing_InvalidOrNull_Value_Returns_ApplicationException (34?fsds@sdd.yy)" computerName="PC-SFERRARI" duration="00:00:00.0000690" startTime="2021-07-26T13:19:43.2425651+02:00" endTime="2021-07-26T13:19:43.2427158+02:00" testType="13cdc9d9-ddb5-4fa4-a97d-d965ccfc6d4b" outcome="Passed" testListId="8c84fa94-04c1-424b-9868-57a2d4851a1d" relativeResultsDirectory="2b47039b-6056-495e-a5cc-097096d07ef8" />
    <UnitTestResult executionId="c3275268-b895-48ed-82a9-6a996d461836" testId="801743ff-a405-4e84-8b76-d0b2aa2037a3" testName="OperatorNotEqual_Passing_Valid_Values_Returns_False (TENANT_1)" computerName="PC-SFERRARI" duration="00:00:00.0000280" startTime="2021-07-26T13:19:43.5927357+02:00" endTime="2021-07-26T13:19:43.5929320+02:00" testType="13cdc9d9-ddb5-4fa4-a97d-d965ccfc6d4b" outcome="Passed" testListId="8c84fa94-04c1-424b-9868-57a2d4851a1d" relativeResultsDirectory="c3275268-b895-48ed-82a9-6a996d461836" />
    <UnitTestResult executionId="c6baa346-326b-4cfb-bc71-c48d0e2683aa" testId="18319d73-b334-4f81-a03a-605f95472e7d" testName="Change_Passing_Valid_Values_Returns_Subdomain" computerName="PC-SFERRARI" duration="00:00:00.0001920" startTime="2021-07-26T13:19:43.4924240+02:00" endTime="2021-07-26T13:19:43.4927061+02:00" testType="13cdc9d9-ddb5-4fa4-a97d-d965ccfc6d4b" outcome="Passed" testListId="8c84fa94-04c1-424b-9868-57a2d4851a1d" relativeResultsDirectory="c6baa346-326b-4cfb-bc71-c48d0e2683aa" />
    <UnitTestResult executionId="e1c8a927-15cc-4080-bd6e-7a09d5719ea1" testId="da0ae188-28a9-4977-8842-f2f7364f4cf5" testName="Create_Passing_Valid_Values_Returns_Name (Tenant1)" computerName="PC-SFERRARI" duration="00:00:00.0000119" startTime="2021-07-26T13:19:43.5372391+02:00" endTime="2021-07-26T13:19:43.5373395+02:00" testType="13cdc9d9-ddb5-4fa4-a97d-d965ccfc6d4b" outcome="Passed" testListId="8c84fa94-04c1-424b-9868-57a2d4851a1d" relativeResultsDirectory="e1c8a927-15cc-4080-bd6e-7a09d5719ea1" />
    <UnitTestResult executionId="65ead17d-5d3a-4b07-b440-b67600e79e25" testId="61327cb0-2707-4b6a-88ac-a051adfd9f3b" testName="OperatorNotEqual_Passing_Valid_Values_Returns_True (Tenant_1)" computerName="PC-SFERRARI" duration="00:00:00.0000126" startTime="2021-07-26T13:19:43.5975393+02:00" endTime="2021-07-26T13:19:43.5976246+02:00" testType="13cdc9d9-ddb5-4fa4-a97d-d965ccfc6d4b" outcome="Passed" testListId="8c84fa94-04c1-424b-9868-57a2d4851a1d" relativeResultsDirectory="65ead17d-5d3a-4b07-b440-b67600e79e25" />
    <UnitTestResult executionId="9d13c9ba-7eef-410b-82cc-ff045124306e" testId="b73f2046-30aa-47d7-aff5-1a72019535eb" testName="GetAll_Passing_Nothing_Returns_Enumeracion_List" computerName="PC-SFERRARI" duration="00:00:00.0002559" startTime="2021-07-26T13:19:43.6295562+02:00" endTime="2021-07-26T13:19:43.6298901+02:00" testType="13cdc9d9-ddb5-4fa4-a97d-d965ccfc6d4b" outcome="Passed" testListId="8c84fa94-04c1-424b-9868-57a2d4851a1d" relativeResultsDirectory="9d13c9ba-7eef-410b-82cc-ff045124306e" />
    <UnitTestResult executionId="bcc60e3f-01af-4bdd-a7b5-c39d77dd4343" testId="64d5f015-f55e-4554-b32c-4e9fa11df85f" testName="OperatorNotEqual_Passing_Valid_Values_Returns_True (TENANTA)" computerName="PC-SFERRARI" duration="00:00:00.0000122" startTime="2021-07-26T13:19:43.5981343+02:00" endTime="2021-07-26T13:19:43.5982144+02:00" testType="13cdc9d9-ddb5-4fa4-a97d-d965ccfc6d4b" outcome="Passed" testListId="8c84fa94-04c1-424b-9868-57a2d4851a1d" relativeResultsDirectory="bcc60e3f-01af-4bdd-a7b5-c39d77dd4343" />
    <UnitTestResult executionId="5bafee2a-6250-4b87-a087-cfe7c5327d35" testId="033de658-d3fd-41e1-812a-d0f9a81e8002" testName="Equals_Passing_Valid_Values_Returns_True (San Bartoleme De Tirajana,Las Palmas,España)" computerName="PC-SFERRARI" duration="00:00:00.0010305" startTime="2021-07-26T13:19:43.3101244+02:00" endTime="2021-07-26T13:19:43.3112506+02:00" testType="13cdc9d9-ddb5-4fa4-a97d-d965ccfc6d4b" outcome="Passed" testListId="8c84fa94-04c1-424b-9868-57a2d4851a1d" relativeResultsDirectory="5bafee2a-6250-4b87-a087-cfe7c5327d35" />
    <UnitTestResult executionId="307a3fcc-7229-4690-a304-8ace087860d7" testId="3d6ae6e4-92c0-442a-8522-8e7bae719377" testName="GetAll_Passing_Nothing_Returns_Enumeracion_List" computerName="PC-SFERRARI" duration="00:00:00.0021643" startTime="2021-07-26T13:19:43.6095921+02:00" endTime="2021-07-26T13:19:43.6118526+02:00" testType="13cdc9d9-ddb5-4fa4-a97d-d965ccfc6d4b" outcome="Passed" testListId="8c84fa94-04c1-424b-9868-57a2d4851a1d" relativeResultsDirectory="307a3fcc-7229-4690-a304-8ace087860d7" />
    <UnitTestResult executionId="d22bc6b7-6136-4492-8d5f-ff2e75eeac47" testId="3216005f-7bc1-4812-8dd7-6dc452918fa2" testName="Create_Passing_Valid_Values_Returns_Name (tenant1)" computerName="PC-SFERRARI" duration="00:00:00.0001351" startTime="2021-07-26T13:19:43.5369193+02:00" endTime="2021-07-26T13:19:43.5371694+02:00" testType="13cdc9d9-ddb5-4fa4-a97d-d965ccfc6d4b" outcome="Passed" testListId="8c84fa94-04c1-424b-9868-57a2d4851a1d" relativeResultsDirectory="d22bc6b7-6136-4492-8d5f-ff2e75eeac47" />
    <UnitTestResult executionId="a3a40329-92bd-4743-93ee-ae85c524ee42" testId="9c0eb0b4-ff38-41b5-b010-b42aa2c05792" testName="Create_Passing_Valid_Value_Returns_Email (bb_ads@ggg.cc)" computerName="PC-SFERRARI" duration="00:00:00.0000326" startTime="2021-07-26T13:19:43.2412030+02:00" endTime="2021-07-26T13:19:43.2413204+02:00" testType="13cdc9d9-ddb5-4fa4-a97d-d965ccfc6d4b" outcome="Passed" testListId="8c84fa94-04c1-424b-9868-57a2d4851a1d" relativeResultsDirectory="a3a40329-92bd-4743-93ee-ae85c524ee42" />
    <UnitTestResult executionId="2a4c93ac-904f-4e87-979d-3555e3081938" testId="65226cbb-8867-4a03-8f0c-adf2364c7e15" testName="Equals_Passing_Valid_Distinct_Values_Returns_False (Españã)" computerName="PC-SFERRARI" duration="00:00:00.0000176" startTime="2021-07-26T13:19:43.4379759+02:00" endTime="2021-07-26T13:19:43.4380565+02:00" testType="13cdc9d9-ddb5-4fa4-a97d-d965ccfc6d4b" outcome="Passed" testListId="8c84fa94-04c1-424b-9868-57a2d4851a1d" relativeResultsDirectory="2a4c93ac-904f-4e87-979d-3555e3081938" />
    <UnitTestResult executionId="b6de7dcb-ceda-4d50-80e6-ac735888499c" testId="d754ce74-ec61-4f20-8cdd-3afeaf3d229f" testName="Create_Default_Passing_Valid_Values_Returns_StringId" computerName="PC-SFERRARI" duration="00:00:00.0003919" startTime="2021-07-26T13:19:43.4727564+02:00" endTime="2021-07-26T13:19:43.4732351+02:00" testType="13cdc9d9-ddb5-4fa4-a97d-d965ccfc6d4b" outcome="Passed" testListId="8c84fa94-04c1-424b-9868-57a2d4851a1d" relativeResultsDirectory="b6de7dcb-ceda-4d50-80e6-ac735888499c" />
    <UnitTestResult executionId="a3c3d8d8-801b-4857-8b2e-c5b2d8e022dd" testId="8babc5e7-0dda-40b9-941c-86e0026597fb" testName="Equals_Passing_Valid_Distinct_Values_Returns_False (TENANT_A)" computerName="PC-SFERRARI" duration="00:00:00.0000156" startTime="2021-07-26T13:19:43.5719159+02:00" endTime="2021-07-26T13:19:43.5720237+02:00" testType="13cdc9d9-ddb5-4fa4-a97d-d965ccfc6d4b" outcome="Passed" testListId="8c84fa94-04c1-424b-9868-57a2d4851a1d" relativeResultsDirectory="a3c3d8d8-801b-4857-8b2e-c5b2d8e022dd" />
    <UnitTestResult executionId="04ea50e6-a7bd-4914-abd6-14c9613632d4" testId="72342fd2-e26e-42c7-836e-5a4f0e9f713b" testName="Equals_Passing_Valid_Values_Returns_True (Tenant_1)" computerName="PC-SFERRARI" duration="00:00:00.0000120" startTime="2021-07-26T13:19:43.5567833+02:00" endTime="2021-07-26T13:19:43.5568641+02:00" testType="13cdc9d9-ddb5-4fa4-a97d-d965ccfc6d4b" outcome="Passed" testListId="8c84fa94-04c1-424b-9868-57a2d4851a1d" relativeResultsDirectory="04ea50e6-a7bd-4914-abd6-14c9613632d4" />
    <UnitTestResult executionId="987131ba-347f-43e1-bd5b-ffeaf5b991df" testId="80183a09-2347-4186-885c-ec0c879e2251" testName="OperatorNotEqual_Passing_Valid_Values_Returns_False (Esp añâ)" computerName="PC-SFERRARI" duration="00:00:00.0000287" startTime="2021-07-26T13:19:43.4541431+02:00" endTime="2021-07-26T13:19:43.4542486+02:00" testType="13cdc9d9-ddb5-4fa4-a97d-d965ccfc6d4b" outcome="Passed" testListId="8c84fa94-04c1-424b-9868-57a2d4851a1d" relativeResultsDirectory="987131ba-347f-43e1-bd5b-ffeaf5b991df" />
    <UnitTestResult executionId="dba9bb77-7893-435b-b414-7cdec50ded13" testId="c41ddca9-55f8-4ee8-ade4-d9d5be804dfc" testName="OperatorEqual_Passing_Valid_Distinct_Values_Returns_False (456,43543543543)" computerName="PC-SFERRARI" duration="00:00:00.0002205" startTime="2021-07-26T13:19:43.5227211+02:00" endTime="2021-07-26T13:19:43.5230788+02:00" testType="13cdc9d9-ddb5-4fa4-a97d-d965ccfc6d4b" outcome="Passed" testListId="8c84fa94-04c1-424b-9868-57a2d4851a1d" relativeResultsDirectory="dba9bb77-7893-435b-b414-7cdec50ded13" />
    <UnitTestResult executionId="4dda0f92-4afe-4209-9547-f62c8642456a" testId="f2bf9198-2110-419b-989f-c2fbc53d2a82" testName="Equals_Passing_Valid_Distinct_Values_Returns_False (Españâ)" computerName="PC-SFERRARI" duration="00:00:00.0000179" startTime="2021-07-26T13:19:43.4378458+02:00" endTime="2021-07-26T13:19:43.4379288+02:00" testType="13cdc9d9-ddb5-4fa4-a97d-d965ccfc6d4b" outcome="Passed" testListId="8c84fa94-04c1-424b-9868-57a2d4851a1d" relativeResultsDirectory="4dda0f92-4afe-4209-9547-f62c8642456a" />
    <UnitTestResult executionId="523e5758-7f7a-4d6f-8bca-05d7f6950d38" testId="5258c6d9-cc5f-4e51-9ba7-28fcac48e6b1" testName="OperatorNotEqual_Passing_Valid_Values_Returns_True (Pader,789,DF7956,Sabadell,Barcelona,España)" computerName="PC-SFERRARI" duration="00:00:00.0000132" startTime="2021-07-26T13:19:43.1028185+02:00" endTime="2021-07-26T13:19:43.1028837+02:00" testType="13cdc9d9-ddb5-4fa4-a97d-d965ccfc6d4b" outcome="Passed" testListId="8c84fa94-04c1-424b-9868-57a2d4851a1d" relativeResultsDirectory="523e5758-7f7a-4d6f-8bca-05d7f6950d38" />
    <UnitTestResult executionId="325abdbe-d0ec-47bc-b7a2-c074b65492d8" testId="1410a405-4503-4cc9-843d-a1b7f446f533" testName="IsNull_Passing_Valid_Value_Returns_False (Tenerife)" computerName="PC-SFERRARI" duration="00:00:00.0007445" startTime="2021-07-26T13:19:43.4710660+02:00" endTime="2021-07-26T13:19:43.4721190+02:00" testType="13cdc9d9-ddb5-4fa4-a97d-d965ccfc6d4b" outcome="Passed" testListId="8c84fa94-04c1-424b-9868-57a2d4851a1d" relativeResultsDirectory="325abdbe-d0ec-47bc-b7a2-c074b65492d8" />
    <UnitTestResult executionId="6d79a2c4-0a73-4520-91a5-91a4ed0bbf7c" testId="e629772a-57fa-46ee-9b3a-44663384305c" testName="ToEnum_Passing_Invalid_String_Name_Enumeracion_Returns_Null" computerName="PC-SFERRARI" duration="00:00:00.0001693" startTime="2021-07-26T13:19:43.6406755+02:00" endTime="2021-07-26T13:19:43.6409664+02:00" testType="13cdc9d9-ddb5-4fa4-a97d-d965ccfc6d4b" outcome="Passed" testListId="8c84fa94-04c1-424b-9868-57a2d4851a1d" relativeResultsDirectory="6d79a2c4-0a73-4520-91a5-91a4ed0bbf7c" />
    <UnitTestResult executionId="a1798ee9-9711-49b3-958e-5b2fb786ee71" testId="e846a0ac-a64a-4994-8aef-4273b8885554" testName="ToString_Passing_Valid_Values_Returns_Name (Españâ)" computerName="PC-SFERRARI" duration="00:00:00.0000125" startTime="2021-07-26T13:19:43.4250644+02:00" endTime="2021-07-26T13:19:43.4251398+02:00" testType="13cdc9d9-ddb5-4fa4-a97d-d965ccfc6d4b" outcome="Passed" testListId="8c84fa94-04c1-424b-9868-57a2d4851a1d" relativeResultsDirectory="a1798ee9-9711-49b3-958e-5b2fb786ee71" />
    <UnitTestResult executionId="03647896-a42e-4a9e-a858-6ae43897e11b" testId="8d079aad-0f48-42c4-87f5-88335fcf55f9" testName="OperatorEqual_Passing_Valid_Distinct_Values_Returns_False (400,EUR,8)" computerName="PC-SFERRARI" duration="00:00:00.0080242" startTime="2021-07-26T13:19:43.3568436+02:00" endTime="2021-07-26T13:19:43.3650022+02:00" testType="13cdc9d9-ddb5-4fa4-a97d-d965ccfc6d4b" outcome="Passed" testListId="8c84fa94-04c1-424b-9868-57a2d4851a1d" relativeResultsDirectory="03647896-a42e-4a9e-a858-6ae43897e11b" />
    <UnitTestResult executionId="caabbe1d-554e-4d05-8a97-501a1244452d" testId="d3863895-e267-49dd-bf5d-108d052c7b60" testName="OperatorEqual_Passing_Valid_Distinct_Values_Returns_False (Esp añâ)" computerName="PC-SFERRARI" duration="00:00:00.0000316" startTime="2021-07-26T13:19:43.4491076+02:00" endTime="2021-07-26T13:19:43.4492125+02:00" testType="13cdc9d9-ddb5-4fa4-a97d-d965ccfc6d4b" outcome="Passed" testListId="8c84fa94-04c1-424b-9868-57a2d4851a1d" relativeResultsDirectory="caabbe1d-554e-4d05-8a97-501a1244452d" />
    <UnitTestResult executionId="fe6cf28e-f322-4538-9576-e1e41b6a7e8b" testId="e91881f8-c7c6-42cc-8ee6-e55bd6831790" testName="GetAll_Passing_Nothing_Returns_Enumeracion_List" computerName="PC-SFERRARI" duration="00:00:00.0002241" startTime="2021-07-26T13:19:43.6384382+02:00" endTime="2021-07-26T13:19:43.6387439+02:00" testType="13cdc9d9-ddb5-4fa4-a97d-d965ccfc6d4b" outcome="Passed" testListId="8c84fa94-04c1-424b-9868-57a2d4851a1d" relativeResultsDirectory="fe6cf28e-f322-4538-9576-e1e41b6a7e8b" />
    <UnitTestResult executionId="553cdfb6-1341-4294-8075-b32a02e7d152" testId="4b44298c-5678-41a2-9388-cb1b1d0a952d" testName="ToNormalize_Passing_Valid_Values_Returns_Name_String_Format (España,Espana)" computerName="PC-SFERRARI" duration="00:00:00.0005197" startTime="2021-07-26T13:19:43.4658892+02:00" endTime="2021-07-26T13:19:43.4665778+02:00" testType="13cdc9d9-ddb5-4fa4-a97d-d965ccfc6d4b" outcome="Passed" testListId="8c84fa94-04c1-424b-9868-57a2d4851a1d" relativeResultsDirectory="553cdfb6-1341-4294-8075-b32a02e7d152" />
    <UnitTestResult executionId="898ca690-6465-469b-a4f4-d69f769636b4" testId="61b07df1-00d1-47a1-9206-33d52cc7b9c3" testName="OperatorNotEqual_Passing_Valid_Values_Returns_True (app.hackerone1.com)" computerName="PC-SFERRARI" duration="00:00:00.0001790" startTime="2021-07-26T13:19:43.5043060+02:00" endTime="2021-07-26T13:19:43.5045496+02:00" testType="13cdc9d9-ddb5-4fa4-a97d-d965ccfc6d4b" outcome="Passed" testListId="8c84fa94-04c1-424b-9868-57a2d4851a1d" relativeResultsDirectory="898ca690-6465-469b-a4f4-d69f769636b4" />
    <UnitTestResult executionId="c2b15c8e-5e33-4614-90a7-52fc5bbff7d9" testId="89181340-d212-4bcd-906b-ec383e032702" testName="Change_Passing_Valid_Values_Returns_Address (200,EUR,4)" computerName="PC-SFERRARI" duration="00:00:00.0010355" startTime="2021-07-26T13:19:43.3300849+02:00" endTime="2021-07-26T13:19:43.3312505+02:00" testType="13cdc9d9-ddb5-4fa4-a97d-d965ccfc6d4b" outcome="Passed" testListId="8c84fa94-04c1-424b-9868-57a2d4851a1d" relativeResultsDirectory="c2b15c8e-5e33-4614-90a7-52fc5bbff7d9" />
    <UnitTestResult executionId="d35168e5-bc71-41f1-94e1-205481f3c751" testId="9fadca4d-78b0-45b7-ac73-a751c23fea85" testName="Create_Passing_Valid_Values_Returns_Address (100,EUR,2)" computerName="PC-SFERRARI" duration="00:00:00.0035915" startTime="2021-07-26T13:19:43.3171976+02:00" endTime="2021-07-26T13:19:43.3210349+02:00" testType="13cdc9d9-ddb5-4fa4-a97d-d965ccfc6d4b" outcome="Passed" testListId="8c84fa94-04c1-424b-9868-57a2d4851a1d" relativeResultsDirectory="d35168e5-bc71-41f1-94e1-205481f3c751" />
    <UnitTestResult executionId="1dc04cee-e22e-4548-a12f-5988496c5169" testId="7ec62a1f-7d2b-4503-ac43-9fc815f3056a" testName="Create_Passing_Valid_Value_Returns_Email (aaads@ggg.cc)" computerName="PC-SFERRARI" duration="00:00:00.0000404" startTime="2021-07-26T13:19:43.2409068+02:00" endTime="2021-07-26T13:19:43.2410990+02:00" testType="13cdc9d9-ddb5-4fa4-a97d-d965ccfc6d4b" outcome="Passed" testListId="8c84fa94-04c1-424b-9868-57a2d4851a1d" relativeResultsDirectory="1dc04cee-e22e-4548-a12f-5988496c5169" />
    <UnitTestResult executionId="6b3fc35a-af19-4cff-9f39-250827308750" testId="3cdcff12-be4c-494a-8968-68308244167f" testName="OperatorEqual_Passing_Valid_Values_Returns_True (Españã)" computerName="PC-SFERRARI" duration="00:00:00.0000180" startTime="2021-07-26T13:19:43.4428582+02:00" endTime="2021-07-26T13:19:43.4429399+02:00" testType="13cdc9d9-ddb5-4fa4-a97d-d965ccfc6d4b" outcome="Passed" testListId="8c84fa94-04c1-424b-9868-57a2d4851a1d" relativeResultsDirectory="6b3fc35a-af19-4cff-9f39-250827308750" />
    <UnitTestResult executionId="c656fd58-b4ef-4f46-9906-3c72159001e9" testId="d8b03848-3510-460f-8acc-7f5d50539dd2" testName="OperatorNotEqual_Passing_Valid_Values_Returns_True (Españâ)" computerName="PC-SFERRARI" duration="00:00:00.0000184" startTime="2021-07-26T13:19:43.4588348+02:00" endTime="2021-07-26T13:19:43.4589181+02:00" testType="13cdc9d9-ddb5-4fa4-a97d-d965ccfc6d4b" outcome="Passed" testListId="8c84fa94-04c1-424b-9868-57a2d4851a1d" relativeResultsDirectory="c656fd58-b4ef-4f46-9906-3c72159001e9" />
    <UnitTestResult executionId="58f323da-0f37-4128-b728-193ba4820053" testId="ab70fd26-4bb2-4194-a99e-b34d2d76abf4" testName="OperatorNotEqual_Passing_Valid_Values_Returns_True (Esp añâ)" computerName="PC-SFERRARI" duration="00:00:00.0000189" startTime="2021-07-26T13:19:43.4593948+02:00" endTime="2021-07-26T13:19:43.4594750+02:00" testType="13cdc9d9-ddb5-4fa4-a97d-d965ccfc6d4b" outcome="Passed" testListId="8c84fa94-04c1-424b-9868-57a2d4851a1d" relativeResultsDirectory="58f323da-0f37-4128-b728-193ba4820053" />
    <UnitTestResult executionId="6bbb72ec-7dba-4e44-b266-3652ebbb015a" testId="e8c78c1b-2082-4231-a62c-ebe07b9256ad" testName="OperatorNotEqual_Passing_Valid_Values_Returns_True (Españá)" computerName="PC-SFERRARI" duration="00:00:00.0000211" startTime="2021-07-26T13:19:43.4583876+02:00" endTime="2021-07-26T13:19:43.4584988+02:00" testType="13cdc9d9-ddb5-4fa4-a97d-d965ccfc6d4b" outcome="Passed" testListId="8c84fa94-04c1-424b-9868-57a2d4851a1d" relativeResultsDirectory="6bbb72ec-7dba-4e44-b266-3652ebbb015a" />
    <UnitTestResult executionId="09ec3144-d662-45eb-b646-acb4e78b2010" testId="da2827cc-0701-470e-a448-7099c588d02e" testName="OperatorEqual_Passing_Valid_Values_Returns_True (Tenant1)" computerName="PC-SFERRARI" duration="00:00:00.0000172" startTime="2021-07-26T13:19:43.5725111+02:00" endTime="2021-07-26T13:19:43.5726375+02:00" testType="13cdc9d9-ddb5-4fa4-a97d-d965ccfc6d4b" outcome="Passed" testListId="8c84fa94-04c1-424b-9868-57a2d4851a1d" relativeResultsDirectory="09ec3144-d662-45eb-b646-acb4e78b2010" />
    <UnitTestResult executionId="ea075c68-1264-435e-b970-01cec52e82e2" testId="612cdde2-e961-4120-b608-f20b8688e47a" testName="ToString_Passing_Valid_Values_Returns_Currency_String_Symbol (EUR)" computerName="PC-SFERRARI" duration="00:00:00.0010685" startTime="2021-07-26T13:19:43.1901730+02:00" endTime="2021-07-26T13:19:43.1914013+02:00" testType="13cdc9d9-ddb5-4fa4-a97d-d965ccfc6d4b" outcome="Passed" testListId="8c84fa94-04c1-424b-9868-57a2d4851a1d" relativeResultsDirectory="ea075c68-1264-435e-b970-01cec52e82e2" />
    <UnitTestResult executionId="fc71fdfd-4fde-43b5-b1db-0448f3047604" testId="6591533c-db79-4d13-bf41-79361561c481" testName="Equals_Passing_Valid_Values_Returns_True (Españâ)" computerName="PC-SFERRARI" duration="00:00:00.0000186" startTime="2021-07-26T13:19:43.4307122+02:00" endTime="2021-07-26T13:19:43.4308033+02:00" testType="13cdc9d9-ddb5-4fa4-a97d-d965ccfc6d4b" outcome="Passed" testListId="8c84fa94-04c1-424b-9868-57a2d4851a1d" relativeResultsDirectory="fc71fdfd-4fde-43b5-b1db-0448f3047604" />
    <UnitTestResult executionId="8488681b-3214-4ea5-bc4f-031974fa24c5" testId="58c5ae03-5f49-4097-8252-3b6abb42d4c4" testName="Equals_Passing_Valid_Values_Returns_True (dasdasd@dsasd.ff)" computerName="PC-SFERRARI" duration="00:00:00.0011101" startTime="2021-07-26T13:19:43.2471812+02:00" endTime="2021-07-26T13:19:43.2484712+02:00" testType="13cdc9d9-ddb5-4fa4-a97d-d965ccfc6d4b" outcome="Passed" testListId="8c84fa94-04c1-424b-9868-57a2d4851a1d" relativeResultsDirectory="8488681b-3214-4ea5-bc4f-031974fa24c5" />
    <UnitTestResult executionId="b3e1a3c4-5411-490c-a318-167ba860166c" testId="7216697d-13e2-4003-ba32-f144cb611d8a" testName="OperatorEqual_Passing_Valid_Values_Returns_True (Esp añâ)" computerName="PC-SFERRARI" duration="00:00:00.0000189" startTime="2021-07-26T13:19:43.4432517+02:00" endTime="2021-07-26T13:19:43.4433331+02:00" testType="13cdc9d9-ddb5-4fa4-a97d-d965ccfc6d4b" outcome="Passed" testListId="8c84fa94-04c1-424b-9868-57a2d4851a1d" relativeResultsDirectory="b3e1a3c4-5411-490c-a318-167ba860166c" />
    <UnitTestResult executionId="e659b654-2d1e-46ff-bcc0-fe4e3c89181e" testId="5f71527a-227b-456c-b5c1-c02cb2038a57" testName="OperatorNotEqual_Passing_Valid_Values_Returns_True (Tenerife,23,34567,San Bartoleme De Tirajana,Las Palmas,España)" computerName="PC-SFERRARI" duration="00:00:00.0001422" startTime="2021-07-26T13:19:43.1025692+02:00" endTime="2021-07-26T13:19:43.1027619+02:00" testType="13cdc9d9-ddb5-4fa4-a97d-d965ccfc6d4b" outcome="Passed" testListId="8c84fa94-04c1-424b-9868-57a2d4851a1d" relativeResultsDirectory="e659b654-2d1e-46ff-bcc0-fe4e3c89181e" />
    <UnitTestResult executionId="a8ac79c6-ef66-498e-a639-794f3aa85139" testId="b05df6af-e460-4aeb-aae5-be63183e7d7c" testName="Change_Passing_Valid_Values_Returns_Name" computerName="PC-SFERRARI" duration="00:00:00.0001653" startTime="2021-07-26T13:19:43.5443171+02:00" endTime="2021-07-26T13:19:43.5445716+02:00" testType="13cdc9d9-ddb5-4fa4-a97d-d965ccfc6d4b" outcome="Passed" testListId="8c84fa94-04c1-424b-9868-57a2d4851a1d" relativeResultsDirectory="a8ac79c6-ef66-498e-a639-794f3aa85139" />
    <UnitTestResult executionId="722f7947-9dec-4583-84f2-be784d9caa72" testId="46505462-7d1e-42c9-afc2-272d71161bd2" testName="Create_Passing_InvalidOrNull_Value_Returns_ApplicationException (,43543543543)" computerName="PC-SFERRARI" duration="00:00:00.0004252" startTime="2021-07-26T13:19:43.5130861+02:00" endTime="2021-07-26T13:19:43.5135876+02:00" testType="13cdc9d9-ddb5-4fa4-a97d-d965ccfc6d4b" outcome="Passed" testListId="8c84fa94-04c1-424b-9868-57a2d4851a1d" relativeResultsDirectory="722f7947-9dec-4583-84f2-be784d9caa72" />
    <UnitTestResult executionId="265ba5be-a12e-4e78-a5a3-12fb4f698ff2" testId="df259da7-5dcd-491b-9aab-d87b023cff0c" testName="ToNormalize_Passing_Valid_Values_Returns_Name_String_Format (Españà,Espana)" computerName="PC-SFERRARI" duration="00:00:00.0000403" startTime="2021-07-26T13:19:43.4669023+02:00" endTime="2021-07-26T13:19:43.4670225+02:00" testType="13cdc9d9-ddb5-4fa4-a97d-d965ccfc6d4b" outcome="Passed" testListId="8c84fa94-04c1-424b-9868-57a2d4851a1d" relativeResultsDirectory="265ba5be-a12e-4e78-a5a3-12fb4f698ff2" />
    <UnitTestResult executionId="7b72d963-8f22-4adf-9a68-f8986c07a3ef" testId="ac5216b9-69d3-4ccf-9e81-60dcc21f6b5f" testName="OperatorNotEqual_Passing_Valid_Values_Returns_False (tenantA)" computerName="PC-SFERRARI" duration="00:00:00.0000135" startTime="2021-07-26T13:19:43.5930436+02:00" endTime="2021-07-26T13:19:43.5931363+02:00" testType="13cdc9d9-ddb5-4fa4-a97d-d965ccfc6d4b" outcome="Passed" testListId="8c84fa94-04c1-424b-9868-57a2d4851a1d" relativeResultsDirectory="7b72d963-8f22-4adf-9a68-f8986c07a3ef" />
    <UnitTestResult executionId="c4d39c42-bade-4ae2-ad07-2343ca269555" testId="5305991f-b432-4b1b-9c4e-7e46faba50c7" testName="ToString_Passing_Valid_Values_Returns_Name (TENANTA)" computerName="PC-SFERRARI" duration="00:00:00.0000090" startTime="2021-07-26T13:19:43.5515086+02:00" endTime="2021-07-26T13:19:43.5515840+02:00" testType="13cdc9d9-ddb5-4fa4-a97d-d965ccfc6d4b" outcome="Passed" testListId="8c84fa94-04c1-424b-9868-57a2d4851a1d" relativeResultsDirectory="c4d39c42-bade-4ae2-ad07-2343ca269555" />
    <UnitTestResult executionId="d8f561ea-9603-4391-856f-b97ef832a60a" testId="312c0293-b125-49c7-981c-3bc72bb424f2" testName="OperatorNotEqual_Passing_Valid_Values_Returns_True (Sabadell)" computerName="PC-SFERRARI" duration="00:00:00.0000096" startTime="2021-07-26T13:19:43.4846563+02:00" endTime="2021-07-26T13:19:43.4847366+02:00" testType="13cdc9d9-ddb5-4fa4-a97d-d965ccfc6d4b" outcome="Passed" testListId="8c84fa94-04c1-424b-9868-57a2d4851a1d" relativeResultsDirectory="d8f561ea-9603-4391-856f-b97ef832a60a" />
    <UnitTestResult executionId="dec63e3f-7c7e-4e95-ad22-1ea47ea665d0" testId="b8ccb4e1-ad1a-4b98-aad5-71e5ab02489e" testName="ToString_Passing_Valid_Values_Returns_Name (Tenant1)" computerName="PC-SFERRARI" duration="00:00:00.0000126" startTime="2021-07-26T13:19:43.5450569+02:00" endTime="2021-07-26T13:19:43.5451708+02:00" testType="13cdc9d9-ddb5-4fa4-a97d-d965ccfc6d4b" outcome="Passed" testListId="8c84fa94-04c1-424b-9868-57a2d4851a1d" relativeResultsDirectory="dec63e3f-7c7e-4e95-ad22-1ea47ea665d0" />
    <UnitTestResult executionId="8275ecc8-80e9-47f5-acfa-a0d3a513a30d" testId="290758c5-e585-4a76-8b6e-b56ae0964d6d" testName="OperatorEqual_Passing_Valid_Values_Returns_True (San Bartoleme De Tirajana)" computerName="PC-SFERRARI" duration="00:00:00.0001230" startTime="2021-07-26T13:19:43.4802910+02:00" endTime="2021-07-26T13:19:43.4804796+02:00" testType="13cdc9d9-ddb5-4fa4-a97d-d965ccfc6d4b" outcome="Passed" testListId="8c84fa94-04c1-424b-9868-57a2d4851a1d" relativeResultsDirectory="8275ecc8-80e9-47f5-acfa-a0d3a513a30d" />
    <UnitTestResult executionId="b04ebd6a-d54c-4fb6-a3a5-9982de35fc5f" testId="88e59bb7-9296-427b-b767-057d0e29a3a8" testName="IsNull_Passing_Valid_Value_Returns_False (Espania)" computerName="PC-SFERRARI" duration="00:00:00.0000093" startTime="2021-07-26T13:19:43.4722272+02:00" endTime="2021-07-26T13:19:43.4723226+02:00" testType="13cdc9d9-ddb5-4fa4-a97d-d965ccfc6d4b" outcome="Passed" testListId="8c84fa94-04c1-424b-9868-57a2d4851a1d" relativeResultsDirectory="b04ebd6a-d54c-4fb6-a3a5-9982de35fc5f" />
    <UnitTestResult executionId="f018401f-7bb6-4a8f-ae85-66fab5c1ba69" testId="51c458cc-8b8c-4698-ab68-437a2f0b794e" testName="IsNull_Passing_Valid_Value_Returns_False (Españá)" computerName="PC-SFERRARI" duration="00:00:00.0000201" startTime="2021-07-26T13:19:43.3776990+02:00" endTime="2021-07-26T13:19:43.3778258+02:00" testType="13cdc9d9-ddb5-4fa4-a97d-d965ccfc6d4b" outcome="Passed" testListId="8c84fa94-04c1-424b-9868-57a2d4851a1d" relativeResultsDirectory="f018401f-7bb6-4a8f-ae85-66fab5c1ba69" />
    <UnitTestResult executionId="0a354530-35aa-431f-aa6c-6eda053ee94a" testId="270b3cf7-e3eb-4e9b-92be-72797c46bfdc" testName="IsNull_Passing_Valid_Value_Returns_False (tenantA)" computerName="PC-SFERRARI" duration="00:00:00.0000093" startTime="2021-07-26T13:19:43.5321755+02:00" endTime="2021-07-26T13:19:43.5322466+02:00" testType="13cdc9d9-ddb5-4fa4-a97d-d965ccfc6d4b" outcome="Passed" testListId="8c84fa94-04c1-424b-9868-57a2d4851a1d" relativeResultsDirectory="0a354530-35aa-431f-aa6c-6eda053ee94a" />
    <UnitTestResult executionId="f3ef68ea-7515-4494-b5ef-ca4d12dc6717" testId="0c399733-dd67-4276-ac44-c160c44065d2" testName="OperatorNotEqual_Passing_Valid_Values_Returns_False (Españá)" computerName="PC-SFERRARI" duration="00:00:00.0000423" startTime="2021-07-26T13:19:43.4529380+02:00" endTime="2021-07-26T13:19:43.4531169+02:00" testType="13cdc9d9-ddb5-4fa4-a97d-d965ccfc6d4b" outcome="Passed" testListId="8c84fa94-04c1-424b-9868-57a2d4851a1d" relativeResultsDirectory="f3ef68ea-7515-4494-b5ef-ca4d12dc6717" />
    <UnitTestResult executionId="628f33d5-cdc4-4ee4-85cf-2d79b035d3a9" testId="483453c7-fe7c-440e-a53e-ba70bb31b720" testName="OperatorEqual_Passing_Valid_Distinct_Values_Returns_False (tenant1)" computerName="PC-SFERRARI" duration="00:00:00.0001620" startTime="2021-07-26T13:19:43.5815289+02:00" endTime="2021-07-26T13:19:43.5817753+02:00" testType="13cdc9d9-ddb5-4fa4-a97d-d965ccfc6d4b" outcome="Passed" testListId="8c84fa94-04c1-424b-9868-57a2d4851a1d" relativeResultsDirectory="628f33d5-cdc4-4ee4-85cf-2d79b035d3a9" />
    <UnitTestResult executionId="5ce887e0-de8b-4fb0-a048-a9d1d2806907" testId="08be437a-5470-409a-b26a-fac536169f55" testName="Create_Passing_Valid_Values_Returns_FullName (San Bartoleme De Tirajana,Las Palmas,España)" computerName="PC-SFERRARI" duration="00:00:00.0003635" startTime="2021-07-26T13:19:43.3027562+02:00" endTime="2021-07-26T13:19:43.3032298+02:00" testType="13cdc9d9-ddb5-4fa4-a97d-d965ccfc6d4b" outcome="Passed" testListId="8c84fa94-04c1-424b-9868-57a2d4851a1d" relativeResultsDirectory="5ce887e0-de8b-4fb0-a048-a9d1d2806907" />
    <UnitTestResult executionId="74a4b7f2-d5e0-4aca-a540-8efef84c4e19" testId="df078fdf-ad8c-4618-a1f9-a9cad294bcc2" testName="OperatorNotEqual_Passing_Valid_Values_Returns_True (TENANT_1)" computerName="PC-SFERRARI" duration="00:00:00.0000122" startTime="2021-07-26T13:19:43.5976765+02:00" endTime="2021-07-26T13:19:43.5977556+02:00" testType="13cdc9d9-ddb5-4fa4-a97d-d965ccfc6d4b" outcome="Passed" testListId="8c84fa94-04c1-424b-9868-57a2d4851a1d" relativeResultsDirectory="74a4b7f2-d5e0-4aca-a540-8efef84c4e19" />
    <UnitTestResult executionId="f124d772-ee62-4346-bf90-a6562c0f5d27" testId="94a29ed5-4c4a-4400-9041-c88fecf59187" testName="OperatorEqual_Passing_Valid_Distinct_Values_Returns_False (tenant_A)" computerName="PC-SFERRARI" duration="00:00:00.0000136" startTime="2021-07-26T13:19:43.5858339+02:00" endTime="2021-07-26T13:19:43.5859270+02:00" testType="13cdc9d9-ddb5-4fa4-a97d-d965ccfc6d4b" outcome="Passed" testListId="8c84fa94-04c1-424b-9868-57a2d4851a1d" relativeResultsDirectory="f124d772-ee62-4346-bf90-a6562c0f5d27" />
    <UnitTestResult executionId="3ad284e3-3cfe-40fa-afd6-3957384fab0f" testId="07f11813-3ba1-4282-ad0f-a6832cebe3d5" testName="IsMale_Passing_Nothing_Returns_True" computerName="PC-SFERRARI" duration="00:00:00.0002289" startTime="2021-07-26T13:19:43.6216000+02:00" endTime="2021-07-26T13:19:43.6219074+02:00" testType="13cdc9d9-ddb5-4fa4-a97d-d965ccfc6d4b" outcome="Passed" testListId="8c84fa94-04c1-424b-9868-57a2d4851a1d" relativeResultsDirectory="3ad284e3-3cfe-40fa-afd6-3957384fab0f" />
    <UnitTestResult executionId="7a11c8fd-51bd-4260-8b87-47fe317ec49e" testId="b8a255f8-fdd7-497f-8990-8b297196528e" testName="OperatorEqual_Passing_Valid_Values_Returns_True (400,USD,8)" computerName="PC-SFERRARI" duration="00:00:00.0007466" startTime="2021-07-26T13:19:43.3522817+02:00" endTime="2021-07-26T13:19:43.3531124+02:00" testType="13cdc9d9-ddb5-4fa4-a97d-d965ccfc6d4b" outcome="Passed" testListId="8c84fa94-04c1-424b-9868-57a2d4851a1d" relativeResultsDirectory="7a11c8fd-51bd-4260-8b87-47fe317ec49e" />
    <UnitTestResult executionId="c7e0c22e-0eb1-4c51-aa2b-3edec246bc55" testId="a41b27ee-daee-40ab-a29e-cdb10eb80d50" testName="OperatorNotEqual_Passing_Valid_Values_Returns_False (Sabadell,Barcelona,España)" computerName="PC-SFERRARI" duration="00:00:00.0000419" startTime="2021-07-26T13:19:43.3164361+02:00" endTime="2021-07-26T13:19:43.3165834+02:00" testType="13cdc9d9-ddb5-4fa4-a97d-d965ccfc6d4b" outcome="Passed" testListId="8c84fa94-04c1-424b-9868-57a2d4851a1d" relativeResultsDirectory="c7e0c22e-0eb1-4c51-aa2b-3edec246bc55" />
    <UnitTestResult executionId="c74c4a89-61f9-4723-82db-5833a4144c2e" testId="0f6e0c89-d585-4821-8a78-bce0385b6a9d" testName="Equals_Passing_Valid_Distinct_Values_Returns_False (San Bartoleme De Tirajana)" computerName="PC-SFERRARI" duration="00:00:00.0001456" startTime="2021-07-26T13:19:43.4798873+02:00" endTime="2021-07-26T13:19:43.4800990+02:00" testType="13cdc9d9-ddb5-4fa4-a97d-d965ccfc6d4b" outcome="Passed" testListId="8c84fa94-04c1-424b-9868-57a2d4851a1d" relativeResultsDirectory="c74c4a89-61f9-4723-82db-5833a4144c2e" />
    <UnitTestResult executionId="b7854f55-d6a6-491d-91f9-44c31920e039" testId="d51b7a3a-cbce-46c7-af70-b6d2b617c0eb" testName="Change_Passing_Valid_Values_Returns_Currency (EUR)" computerName="PC-SFERRARI" duration="00:00:00.0013992" startTime="2021-07-26T13:19:43.1851994+02:00" endTime="2021-07-26T13:19:43.1867286+02:00" testType="13cdc9d9-ddb5-4fa4-a97d-d965ccfc6d4b" outcome="Passed" testListId="8c84fa94-04c1-424b-9868-57a2d4851a1d" relativeResultsDirectory="b7854f55-d6a6-491d-91f9-44c31920e039" />
    <UnitTestResult executionId="cac6a160-8da8-4ffc-be4e-a99e8b971910" testId="31570856-80fb-4bcf-a157-dc7f6d74e7ca" testName="IsNull_Passing_Null_Value_Returns_True" computerName="PC-SFERRARI" duration="00:00:00.0002659" startTime="2021-07-26T13:19:43.4723628+02:00" endTime="2021-07-26T13:19:43.4727138+02:00" testType="13cdc9d9-ddb5-4fa4-a97d-d965ccfc6d4b" outcome="Passed" testListId="8c84fa94-04c1-424b-9868-57a2d4851a1d" relativeResultsDirectory="cac6a160-8da8-4ffc-be4e-a99e8b971910" />
    <UnitTestResult executionId="55dbf6e5-246e-4237-b65c-84120f8ab753" testId="40b9b264-8f83-4c1e-8c16-b98d9bfef2df" testName="Equals_Passing_Valid_Values_Returns_True (tenant_1)" computerName="PC-SFERRARI" duration="00:00:00.0000123" startTime="2021-07-26T13:19:43.5566497+02:00" endTime="2021-07-26T13:19:43.5567311+02:00" testType="13cdc9d9-ddb5-4fa4-a97d-d965ccfc6d4b" outcome="Passed" testListId="8c84fa94-04c1-424b-9868-57a2d4851a1d" relativeResultsDirectory="55dbf6e5-246e-4237-b65c-84120f8ab753" />
    <UnitTestResult executionId="1a907965-77d2-403d-a439-537e586c62aa" testId="5fedea4d-07d4-472d-8574-7acbcd79d27f" testName="OperatorEqual_Passing_Valid_Distinct_Values_Returns_False (España)" computerName="PC-SFERRARI" duration="00:00:00.0008121" startTime="2021-07-26T13:19:43.4466610+02:00" endTime="2021-07-26T13:19:43.4477270+02:00" testType="13cdc9d9-ddb5-4fa4-a97d-d965ccfc6d4b" outcome="Passed" testListId="8c84fa94-04c1-424b-9868-57a2d4851a1d" relativeResultsDirectory="1a907965-77d2-403d-a439-537e586c62aa" />
    <UnitTestResult executionId="e18a2996-a4d9-45c5-af4f-b8f9495d78e0" testId="1dcbffee-fb01-48d3-b707-7eb7618a806e" testName="OperatorEqual_Passing_Valid_Distinct_Values_Returns_False (Españä)" computerName="PC-SFERRARI" duration="00:00:00.0000226" startTime="2021-07-26T13:19:43.4482254+02:00" endTime="2021-07-26T13:19:43.4483412+02:00" testType="13cdc9d9-ddb5-4fa4-a97d-d965ccfc6d4b" outcome="Passed" testListId="8c84fa94-04c1-424b-9868-57a2d4851a1d" relativeResultsDirectory="e18a2996-a4d9-45c5-af4f-b8f9495d78e0" />
    <UnitTestResult executionId="f9406011-e02b-4db2-8508-83c617fdda8a" testId="fba238d6-7ade-4e85-b375-c2c60280b988" testName="ToEnum_Passing_Invalid_String_Name_Returns_Null" computerName="PC-SFERRARI" duration="00:00:00.0001963" startTime="2021-07-26T13:19:43.6312717+02:00" endTime="2021-07-26T13:19:43.6315985+02:00" testType="13cdc9d9-ddb5-4fa4-a97d-d965ccfc6d4b" outcome="Passed" testListId="8c84fa94-04c1-424b-9868-57a2d4851a1d" relativeResultsDirectory="f9406011-e02b-4db2-8508-83c617fdda8a" />
    <UnitTestResult executionId="3ce4d1c0-163b-4441-a8c4-8165bea4e5de" testId="3e78c7a7-12b9-44cb-b5d6-05425a52edb6" testName="OperatorNotEqual_Passing_Valid_Values_Returns_False (Españħ)" computerName="PC-SFERRARI" duration="00:00:00.0000180" startTime="2021-07-26T13:19:43.4540101+02:00" endTime="2021-07-26T13:19:43.4540959+02:00" testType="13cdc9d9-ddb5-4fa4-a97d-d965ccfc6d4b" outcome="Passed" testListId="8c84fa94-04c1-424b-9868-57a2d4851a1d" relativeResultsDirectory="3ce4d1c0-163b-4441-a8c4-8165bea4e5de" />
    <UnitTestResult executionId="b883b8e4-c287-414d-a032-ca4c6bc16f6e" testId="f8676b0b-8faa-467d-98ed-4112c9b7f625" testName="ToFullString_Passing_Valid_Values_Returns_Value_String_Format (San Bartoleme De Tirajana,Las Palmas,España)" computerName="PC-SFERRARI" duration="00:00:00.0003734" startTime="2021-07-26T13:19:43.3056652+02:00" endTime="2021-07-26T13:19:43.3061273+02:00" testType="13cdc9d9-ddb5-4fa4-a97d-d965ccfc6d4b" outcome="Passed" testListId="8c84fa94-04c1-424b-9868-57a2d4851a1d" relativeResultsDirectory="b883b8e4-c287-414d-a032-ca4c6bc16f6e" />
    <UnitTestResult executionId="f0dca9ec-005d-44d4-812d-8db3f76852c9" testId="a3c2c13e-9740-4db4-b1bd-94e338b04b81" testName="OperatorEqual_Passing_Valid_Values_Returns_True (app.hackerone1.com)" computerName="PC-SFERRARI" duration="00:00:00.0001557" startTime="2021-07-26T13:19:43.4999147+02:00" endTime="2021-07-26T13:19:43.5001302+02:00" testType="13cdc9d9-ddb5-4fa4-a97d-d965ccfc6d4b" outcome="Passed" testListId="8c84fa94-04c1-424b-9868-57a2d4851a1d" relativeResultsDirectory="f0dca9ec-005d-44d4-812d-8db3f76852c9" />
    <UnitTestResult executionId="75e62fb6-25fc-4791-8037-a9bebe04e0dd" testId="bb29d84b-410d-47bd-92a3-56346449dbc9" testName="Create_Passing_InvalidOrNull_Value_Returns_ApplicationException ()" computerName="PC-SFERRARI" duration="00:00:00.0306718" startTime="2021-07-26T13:19:43.1542748+02:00" endTime="2021-07-26T13:19:43.1850779+02:00" testType="13cdc9d9-ddb5-4fa4-a97d-d965ccfc6d4b" outcome="Passed" testListId="8c84fa94-04c1-424b-9868-57a2d4851a1d" relativeResultsDirectory="75e62fb6-25fc-4791-8037-a9bebe04e0dd" />
    <UnitTestResult executionId="f904b6ab-790b-44ad-a399-64312aaffa4a" testId="930c3161-de61-47e0-be38-1b521b35afa9" testName="ToEnum_Passing_Valid_String_ShortName_Enumeracion_Returns_Enumeracion" computerName="PC-SFERRARI" duration="00:00:00.0002892" startTime="2021-07-26T13:19:43.6176183+02:00" endTime="2021-07-26T13:19:43.6180981+02:00" testType="13cdc9d9-ddb5-4fa4-a97d-d965ccfc6d4b" outcome="Passed" testListId="8c84fa94-04c1-424b-9868-57a2d4851a1d" relativeResultsDirectory="f904b6ab-790b-44ad-a399-64312aaffa4a" />
    <UnitTestResult executionId="d7fe5e05-7321-4575-b8f4-1f51ab753a71" testId="ce040d8d-e9b6-44fb-b5ed-8a6ac98f2be0" testName="OperatorNotEqual_Passing_Valid_Values_Returns_True (TENANT_A)" computerName="PC-SFERRARI" duration="00:00:00.0000254" startTime="2021-07-26T13:19:43.6015805+02:00" endTime="2021-07-26T13:19:43.6017457+02:00" testType="13cdc9d9-ddb5-4fa4-a97d-d965ccfc6d4b" outcome="Passed" testListId="8c84fa94-04c1-424b-9868-57a2d4851a1d" relativeResultsDirectory="d7fe5e05-7321-4575-b8f4-1f51ab753a71" />
    <UnitTestResult executionId="5d32f3f6-f3b5-4b80-a8b3-cc8dd3e3813d" testId="a3cfbd5b-eb40-4eda-9051-ce5a8e665cde" testName="OperatorNotEqual_Passing_Valid_Values_Returns_False (TENANT_A)" computerName="PC-SFERRARI" duration="00:00:00.0000131" startTime="2021-07-26T13:19:43.5937474+02:00" endTime="2021-07-26T13:19:43.5938373+02:00" testType="13cdc9d9-ddb5-4fa4-a97d-d965ccfc6d4b" outcome="Passed" testListId="8c84fa94-04c1-424b-9868-57a2d4851a1d" relativeResultsDirectory="5d32f3f6-f3b5-4b80-a8b3-cc8dd3e3813d" />
    <UnitTestResult executionId="d984160c-9c71-4cd5-8048-f49ce07ff4a4" testId="2f77c6db-7840-42c6-98c8-a675e49959fe" testName="ToNormalize_Passing_Valid_Values_Returns_Name_String_Format (Españã,Espana)" computerName="PC-SFERRARI" duration="00:00:00.0000389" startTime="2021-07-26T13:19:43.4674402+02:00" endTime="2021-07-26T13:19:43.4675521+02:00" testType="13cdc9d9-ddb5-4fa4-a97d-d965ccfc6d4b" outcome="Passed" testListId="8c84fa94-04c1-424b-9868-57a2d4851a1d" relativeResultsDirectory="d984160c-9c71-4cd5-8048-f49ce07ff4a4" />
    <UnitTestResult executionId="f424cfc2-a219-4adb-ad2a-d8261c71f8dc" testId="f8b0a095-b1af-4d34-9d86-f4a4d66cce71" testName="Equals_Passing_Valid_Distinct_Values_Returns_False (34fsds@sdd.fgg)" computerName="PC-SFERRARI" duration="00:00:00.0000481" startTime="2021-07-26T13:19:43.2500731+02:00" endTime="2021-07-26T13:19:43.2502227+02:00" testType="13cdc9d9-ddb5-4fa4-a97d-d965ccfc6d4b" outcome="Passed" testListId="8c84fa94-04c1-424b-9868-57a2d4851a1d" relativeResultsDirectory="f424cfc2-a219-4adb-ad2a-d8261c71f8dc" />
    <UnitTestResult executionId="76bc6771-f5eb-4303-bd84-d9b380421869" testId="870f943b-ad12-47cf-b550-0d1efb30c40f" testName="OperatorEqual_Passing_Valid_Values_Returns_True (España)" computerName="PC-SFERRARI" duration="00:00:00.0002302" startTime="2021-07-26T13:19:43.4418373+02:00" endTime="2021-07-26T13:19:43.4421995+02:00" testType="13cdc9d9-ddb5-4fa4-a97d-d965ccfc6d4b" outcome="Passed" testListId="8c84fa94-04c1-424b-9868-57a2d4851a1d" relativeResultsDirectory="76bc6771-f5eb-4303-bd84-d9b380421869" />
    <UnitTestResult executionId="d34f56ee-9be5-488d-b0c1-1fecd43592a0" testId="a62bb677-355b-4f05-b232-11f9f8e7c0e3" testName="ToEnum_Passing_Valid_IntName_Enumeracion_Returns_Enumeracion" computerName="PC-SFERRARI" duration="00:00:00.0001576" startTime="2021-07-26T13:19:43.6289869+02:00" endTime="2021-07-26T13:19:43.6292280+02:00" testType="13cdc9d9-ddb5-4fa4-a97d-d965ccfc6d4b" outcome="Passed" testListId="8c84fa94-04c1-424b-9868-57a2d4851a1d" relativeResultsDirectory="d34f56ee-9be5-488d-b0c1-1fecd43592a0" />
    <UnitTestResult executionId="3ea27b7f-113f-4add-9190-c7cf3973a0d3" testId="6edfbb48-6e0c-4427-b130-8335423d38fc" testName="ToString_Passing_Valid_Values_Returns_Name (TenantA)" computerName="PC-SFERRARI" duration="00:00:00.0000091" startTime="2021-07-26T13:19:43.5513814+02:00" endTime="2021-07-26T13:19:43.5514596+02:00" testType="13cdc9d9-ddb5-4fa4-a97d-d965ccfc6d4b" outcome="Passed" testListId="8c84fa94-04c1-424b-9868-57a2d4851a1d" relativeResultsDirectory="3ea27b7f-113f-4add-9190-c7cf3973a0d3" />
    <UnitTestResult executionId="1b9c8eed-2be1-4571-bd20-818ae24ad1cc" testId="7cbb96b5-2de5-43bf-9ae9-30ac140d38ff" testName="ToString_Passing_Valid_Values_Returns_Name (tenant_1)" computerName="PC-SFERRARI" duration="00:00:00.0000111" startTime="2021-07-26T13:19:43.5497334+02:00" endTime="2021-07-26T13:19:43.5498267+02:00" testType="13cdc9d9-ddb5-4fa4-a97d-d965ccfc6d4b" outcome="Passed" testListId="8c84fa94-04c1-424b-9868-57a2d4851a1d" relativeResultsDirectory="1b9c8eed-2be1-4571-bd20-818ae24ad1cc" />
    <UnitTestResult executionId="f67b416c-de8d-4821-8dec-458dfa7f1bef" testId="661dc10f-72ef-482d-b6ee-7b862654fcdf" testName="OperatorEqual_Passing_Valid_Distinct_Values_Returns_False (Tenant_1)" computerName="PC-SFERRARI" duration="00:00:00.0000113" startTime="2021-07-26T13:19:43.5822983+02:00" endTime="2021-07-26T13:19:43.5823708+02:00" testType="13cdc9d9-ddb5-4fa4-a97d-d965ccfc6d4b" outcome="Passed" testListId="8c84fa94-04c1-424b-9868-57a2d4851a1d" relativeResultsDirectory="f67b416c-de8d-4821-8dec-458dfa7f1bef" />
    <UnitTestResult executionId="ac07c390-2f85-4114-a902-758d29c302ae" testId="474b4b9a-1920-4f8b-8df3-3b96a41a6a2d" testName="Create_Passing_InvalidOrNull_Value_Returns_ApplicationException (4324324,0)" computerName="PC-SFERRARI" duration="00:00:00.0000653" startTime="2021-07-26T13:19:43.5138859+02:00" endTime="2021-07-26T13:19:43.5140287+02:00" testType="13cdc9d9-ddb5-4fa4-a97d-d965ccfc6d4b" outcome="Passed" testListId="8c84fa94-04c1-424b-9868-57a2d4851a1d" relativeResultsDirectory="ac07c390-2f85-4114-a902-758d29c302ae" />
    <UnitTestResult executionId="a079a0c6-7337-4c0d-9ef3-923692fb8413" testId="d09f6a6b-fe89-47c4-8000-4c1d4dee873b" testName="OperatorEqual_Passing_Valid_Values_Returns_True (San Bartoleme De Tirajana,Las Palmas,España)" computerName="PC-SFERRARI" duration="00:00:00.0001736" startTime="2021-07-26T13:19:43.3121593+02:00" endTime="2021-07-26T13:19:43.3124027+02:00" testType="13cdc9d9-ddb5-4fa4-a97d-d965ccfc6d4b" outcome="Passed" testListId="8c84fa94-04c1-424b-9868-57a2d4851a1d" relativeResultsDirectory="a079a0c6-7337-4c0d-9ef3-923692fb8413" />
    <UnitTestResult executionId="04acbc76-87e8-45cf-be86-2c884838ecf7" testId="dc9ccd20-7967-48a1-a88a-d5806626911b" testName="ToString_Passing_Valid_Values_Returns_Name (tenantA)" computerName="PC-SFERRARI" duration="00:00:00.0000093" startTime="2021-07-26T13:19:43.5512549+02:00" endTime="2021-07-26T13:19:43.5513319+02:00" testType="13cdc9d9-ddb5-4fa4-a97d-d965ccfc6d4b" outcome="Passed" testListId="8c84fa94-04c1-424b-9868-57a2d4851a1d" relativeResultsDirectory="04acbc76-87e8-45cf-be86-2c884838ecf7" />
    <UnitTestResult executionId="8b976d0c-f170-4a8a-989d-b308317f4560" testId="982401a5-fef3-45fd-b5fb-d18f7d522953" testName="Equals_Passing_Valid_Values_Returns_True (D45,86554654)" computerName="PC-SFERRARI" duration="00:00:00.0000275" startTime="2021-07-26T13:19:43.5189017+02:00" endTime="2021-07-26T13:19:43.5190339+02:00" testType="13cdc9d9-ddb5-4fa4-a97d-d965ccfc6d4b" outcome="Passed" testListId="8c84fa94-04c1-424b-9868-57a2d4851a1d" relativeResultsDirectory="8b976d0c-f170-4a8a-989d-b308317f4560" />
    <UnitTestResult executionId="bce3a4a3-965a-4cf2-a307-1665e7ca4ad7" testId="3605a02d-8bbb-40a0-aeea-968426810b5f" testName="OperatorNotEqual_Passing_Valid_Values_Returns_True (tenant_1)" computerName="PC-SFERRARI" duration="00:00:00.0000140" startTime="2021-07-26T13:19:43.5973878+02:00" endTime="2021-07-26T13:19:43.5974806+02:00" testType="13cdc9d9-ddb5-4fa4-a97d-d965ccfc6d4b" outcome="Passed" testListId="8c84fa94-04c1-424b-9868-57a2d4851a1d" relativeResultsDirectory="bce3a4a3-965a-4cf2-a307-1665e7ca4ad7" />
    <UnitTestResult executionId="bbb04280-2d44-4d90-bba9-3a1c8f5857f0" testId="caad6365-f06e-4493-8ff3-e5dc4c29f8c9" testName="OperatorNotEqual_Passing_Valid_Values_Returns_False (TENANTA)" computerName="PC-SFERRARI" duration="00:00:00.0000120" startTime="2021-07-26T13:19:43.5933262+02:00" endTime="2021-07-26T13:19:43.5934081+02:00" testType="13cdc9d9-ddb5-4fa4-a97d-d965ccfc6d4b" outcome="Passed" testListId="8c84fa94-04c1-424b-9868-57a2d4851a1d" relativeResultsDirectory="bbb04280-2d44-4d90-bba9-3a1c8f5857f0" />
    <UnitTestResult executionId="40e7b474-892d-4295-b80e-48597c1d2d39" testId="e12609c2-b5cf-48a0-b040-ba4a16dda52e" testName="OperatorNotEqual_Passing_Valid_Values_Returns_False (Españâ)" computerName="PC-SFERRARI" duration="00:00:00.0000186" startTime="2021-07-26T13:19:43.4535755+02:00" endTime="2021-07-26T13:19:43.4536640+02:00" testType="13cdc9d9-ddb5-4fa4-a97d-d965ccfc6d4b" outcome="Passed" testListId="8c84fa94-04c1-424b-9868-57a2d4851a1d" relativeResultsDirectory="40e7b474-892d-4295-b80e-48597c1d2d39" />
    <UnitTestResult executionId="997e7320-be75-458c-9ac9-420cff60f329" testId="db67125c-5805-4474-b268-3b93887d7ca9" testName="OperatorNotEqual_Passing_Valid_Values_Returns_False (Pader,789,DF7956,Sabadell,Barcelona,España)" computerName="PC-SFERRARI" duration="00:00:00.0000136" startTime="2021-07-26T13:19:43.1024452+02:00" endTime="2021-07-26T13:19:43.1025134+02:00" testType="13cdc9d9-ddb5-4fa4-a97d-d965ccfc6d4b" outcome="Passed" testListId="8c84fa94-04c1-424b-9868-57a2d4851a1d" relativeResultsDirectory="997e7320-be75-458c-9ac9-420cff60f329" />
    <UnitTestResult executionId="667b6bea-cc3c-4a19-a378-ad2353d738d7" testId="22750bdc-4529-4a1b-acee-dbb45410852d" testName="ToString_Passing_Valid_Values_Returns_Name (Tenant_1)" computerName="PC-SFERRARI" duration="00:00:00.0000209" startTime="2021-07-26T13:19:43.5498824+02:00" endTime="2021-07-26T13:19:43.5509816+02:00" testType="13cdc9d9-ddb5-4fa4-a97d-d965ccfc6d4b" outcome="Passed" testListId="8c84fa94-04c1-424b-9868-57a2d4851a1d" relativeResultsDirectory="667b6bea-cc3c-4a19-a378-ad2353d738d7" />
    <UnitTestResult executionId="03cb799c-895f-4cad-aa49-420085301bb5" testId="ce5cec2d-520a-4514-a153-865b66b46a6c" testName="OperatorNotEqual_Passing_Valid_Values_Returns_False (tenant1)" computerName="PC-SFERRARI" duration="00:00:00.0002115" startTime="2021-07-26T13:19:43.5862464+02:00" endTime="2021-07-26T13:19:43.5865303+02:00" testType="13cdc9d9-ddb5-4fa4-a97d-d965ccfc6d4b" outcome="Passed" testListId="8c84fa94-04c1-424b-9868-57a2d4851a1d" relativeResultsDirectory="03cb799c-895f-4cad-aa49-420085301bb5" />
    <UnitTestResult executionId="24d6b9e7-bb48-4097-80b9-ebd5ffa7b021" testId="4db2faf6-21bc-4e8c-ba91-f4ca6bb08e6c" testName="OperatorEqual_Passing_Valid_Values_Returns_True (Sabadell)" computerName="PC-SFERRARI" duration="00:00:00.0000093" startTime="2021-07-26T13:19:43.4805356+02:00" endTime="2021-07-26T13:19:43.4806194+02:00" testType="13cdc9d9-ddb5-4fa4-a97d-d965ccfc6d4b" outcome="Passed" testListId="8c84fa94-04c1-424b-9868-57a2d4851a1d" relativeResultsDirectory="24d6b9e7-bb48-4097-80b9-ebd5ffa7b021" />
    <UnitTestResult executionId="d6071ad6-f3b3-4ce3-b5b4-4ee354434a68" testId="91d7f01f-3b39-49f6-afae-42cc6e77cb00" testName="Equals_Passing_Valid_Values_Returns_True (app.hackerone1.com)" computerName="PC-SFERRARI" duration="00:00:00.0010039" startTime="2021-07-26T13:19:43.4977866+02:00" endTime="2021-07-26T13:19:43.4988815+02:00" testType="13cdc9d9-ddb5-4fa4-a97d-d965ccfc6d4b" outcome="Passed" testListId="8c84fa94-04c1-424b-9868-57a2d4851a1d" relativeResultsDirectory="d6071ad6-f3b3-4ce3-b5b4-4ee354434a68" />
    <UnitTestResult executionId="434eadaf-b840-4339-80b0-8162df5c452c" testId="4b005676-e632-46d2-b11e-dbf65b4f64f0" testName="Create_Passing_Valid_Values_Returns_Name (España)" computerName="PC-SFERRARI" duration="00:00:00.0001376" startTime="2021-07-26T13:19:43.4146465+02:00" endTime="2021-07-26T13:19:43.4148661+02:00" testType="13cdc9d9-ddb5-4fa4-a97d-d965ccfc6d4b" outcome="Passed" testListId="8c84fa94-04c1-424b-9868-57a2d4851a1d" relativeResultsDirectory="434eadaf-b840-4339-80b0-8162df5c452c" />
    <UnitTestResult executionId="a3a8bacd-807a-4a49-9baa-db05461a9c4c" testId="b85fe71e-0a05-4130-b649-96300880f92d" testName="OperatorEqual_Passing_Valid_Distinct_Values_Returns_False (Españâ)" computerName="PC-SFERRARI" duration="00:00:00.0000244" startTime="2021-07-26T13:19:43.4483985+02:00" endTime="2021-07-26T13:19:43.4485074+02:00" testType="13cdc9d9-ddb5-4fa4-a97d-d965ccfc6d4b" outcome="Passed" testListId="8c84fa94-04c1-424b-9868-57a2d4851a1d" relativeResultsDirectory="a3a8bacd-807a-4a49-9baa-db05461a9c4c" />
    <UnitTestResult executionId="aff18123-f52b-4efb-8d01-e9987a02d654" testId="6038de00-f3dd-48fd-bc3d-6326fca4c4d3" testName="OperatorNotEqual_Passing_Valid_Values_Returns_True (100,EUR,2)" computerName="PC-SFERRARI" duration="00:00:00.0014547" startTime="2021-07-26T13:19:43.3720826+02:00" endTime="2021-07-26T13:19:43.3736714+02:00" testType="13cdc9d9-ddb5-4fa4-a97d-d965ccfc6d4b" outcome="Passed" testListId="8c84fa94-04c1-424b-9868-57a2d4851a1d" relativeResultsDirectory="aff18123-f52b-4efb-8d01-e9987a02d654" />
    <UnitTestResult executionId="b76347b6-f214-49bb-b287-595cc1321ab8" testId="4a78756c-ccf3-486f-814e-f6da825b247e" testName="IsNull_Passing_Valid_Value_Returns_False (tenant_A)" computerName="PC-SFERRARI" duration="00:00:00.0000137" startTime="2021-07-26T13:19:43.5325600+02:00" endTime="2021-07-26T13:19:43.5326696+02:00" testType="13cdc9d9-ddb5-4fa4-a97d-d965ccfc6d4b" outcome="Passed" testListId="8c84fa94-04c1-424b-9868-57a2d4851a1d" relativeResultsDirectory="b76347b6-f214-49bb-b287-595cc1321ab8" />
    <UnitTestResult executionId="999104ea-1e1d-40a5-972d-c28c3b1e4776" testId="3d0e7b0c-624c-4b1c-9f23-919804db8e14" testName="OperatorNotEqual_Passing_Valid_Values_Returns_True (TENANT1)" computerName="PC-SFERRARI" duration="00:00:00.0000263" startTime="2021-07-26T13:19:43.5971223+02:00" endTime="2021-07-26T13:19:43.5972827+02:00" testType="13cdc9d9-ddb5-4fa4-a97d-d965ccfc6d4b" outcome="Passed" testListId="8c84fa94-04c1-424b-9868-57a2d4851a1d" relativeResultsDirectory="999104ea-1e1d-40a5-972d-c28c3b1e4776" />
    <UnitTestResult executionId="9293b0bf-f16d-4adc-82da-3fc8d3cd1613" testId="50efbd5d-f684-4b45-85e6-70ea78ca83af" testName="ToEnum_Passing_Valid_String_Name_Enumeracion_Returns_Enumeracion" computerName="PC-SFERRARI" duration="00:00:00.0054442" startTime="2021-07-26T13:19:43.6018124+02:00" endTime="2021-07-26T13:19:43.6075378+02:00" testType="13cdc9d9-ddb5-4fa4-a97d-d965ccfc6d4b" outcome="Passed" testListId="8c84fa94-04c1-424b-9868-57a2d4851a1d" relativeResultsDirectory="9293b0bf-f16d-4adc-82da-3fc8d3cd1613" />
    <UnitTestResult executionId="3f244510-46a6-4c3d-9595-e705c6191037" testId="c85e989a-4c49-4465-8829-9b4674a1efbb" testName="OperatorEqual_Passing_Valid_Distinct_Values_Returns_False (app.hackerone1.com)" computerName="PC-SFERRARI" duration="00:00:00.0002280" startTime="2021-07-26T13:19:43.5030636+02:00" endTime="2021-07-26T13:19:43.5033681+02:00" testType="13cdc9d9-ddb5-4fa4-a97d-d965ccfc6d4b" outcome="Passed" testListId="8c84fa94-04c1-424b-9868-57a2d4851a1d" relativeResultsDirectory="3f244510-46a6-4c3d-9595-e705c6191037" />
    <UnitTestResult executionId="1fdb6639-f370-4342-81c3-edce685017e3" testId="15ddca6d-4c4f-442d-a6a1-8ef6a56b1e35" testName="IsNull_Passing_Null_Address_Returns_True" computerName="PC-SFERRARI" duration="00:00:00.0001879" startTime="2021-07-26T13:19:43.0007253+02:00" endTime="2021-07-26T13:19:43.0037100+02:00" testType="13cdc9d9-ddb5-4fa4-a97d-d965ccfc6d4b" outcome="Passed" testListId="8c84fa94-04c1-424b-9868-57a2d4851a1d" relativeResultsDirectory="1fdb6639-f370-4342-81c3-edce685017e3" />
    <UnitTestResult executionId="9a86a879-bb25-42e1-92c9-f0a06f438412" testId="86fb212f-2e91-45a1-8083-5f927a3f14e5" testName="Equals_Passing_Valid_Distinct_Values_Returns_False (Españħ)" computerName="PC-SFERRARI" duration="00:00:00.0000195" startTime="2021-07-26T13:19:43.4382313+02:00" endTime="2021-07-26T13:19:43.4383268+02:00" testType="13cdc9d9-ddb5-4fa4-a97d-d965ccfc6d4b" outcome="Passed" testListId="8c84fa94-04c1-424b-9868-57a2d4851a1d" relativeResultsDirectory="9a86a879-bb25-42e1-92c9-f0a06f438412" />
    <UnitTestResult executionId="3717e45d-10ed-4247-95a9-4c02b43bc477" testId="3bce5f23-b532-4fcd-b130-570a03fccb46" testName="Equals_Passing_Valid_Distinct_Values_Returns_False (Españà)" computerName="PC-SFERRARI" duration="00:00:00.0000186" startTime="2021-07-26T13:19:43.4375808+02:00" endTime="2021-07-26T13:19:43.4376649+02:00" testType="13cdc9d9-ddb5-4fa4-a97d-d965ccfc6d4b" outcome="Passed" testListId="8c84fa94-04c1-424b-9868-57a2d4851a1d" relativeResultsDirectory="3717e45d-10ed-4247-95a9-4c02b43bc477" />
    <UnitTestResult executionId="70dc987c-8a01-4407-bc43-71f348bed93d" testId="1c167135-9cdd-443b-95c3-6f24d1eda8f2" testName="OperatorNotEqual_Passing_Valid_Values_Returns_False (Tenerife,23,34567,San Bartoleme De Tirajana,Las Palmas,España)" computerName="PC-SFERRARI" duration="00:00:00.0002297" startTime="2021-07-26T13:19:43.1020884+02:00" endTime="2021-07-26T13:19:43.1023816+02:00" testType="13cdc9d9-ddb5-4fa4-a97d-d965ccfc6d4b" outcome="Passed" testListId="8c84fa94-04c1-424b-9868-57a2d4851a1d" relativeResultsDirectory="70dc987c-8a01-4407-bc43-71f348bed93d" />
    <UnitTestResult executionId="2d9119a6-8163-4956-97c3-e48df719e07a" testId="3aedd799-f484-41aa-9894-d54de2744e39" testName="OperatorNotEqual_Passing_Valid_Values_Returns_False (Españã)" computerName="PC-SFERRARI" duration="00:00:00.0000186" startTime="2021-07-26T13:19:43.4537254+02:00" endTime="2021-07-26T13:19:43.4538115+02:00" testType="13cdc9d9-ddb5-4fa4-a97d-d965ccfc6d4b" outcome="Passed" testListId="8c84fa94-04c1-424b-9868-57a2d4851a1d" relativeResultsDirectory="2d9119a6-8163-4956-97c3-e48df719e07a" />
    <UnitTestResult executionId="ded7bedd-0b6f-4c99-93fd-f460ef38bbd1" testId="054de93b-876a-468f-be9a-880ddfd8165f" testName="IsInactive_Passing_Nothing_Returns_True" computerName="PC-SFERRARI" duration="00:00:00.0002055" startTime="2021-07-26T13:19:43.6391170+02:00" endTime="2021-07-26T13:19:43.6393970+02:00" testType="13cdc9d9-ddb5-4fa4-a97d-d965ccfc6d4b" outcome="Passed" testListId="8c84fa94-04c1-424b-9868-57a2d4851a1d" relativeResultsDirectory="ded7bedd-0b6f-4c99-93fd-f460ef38bbd1" />
    <UnitTestResult executionId="5af3ae1b-8c1d-40d7-982c-efb3ff4585df" testId="29d49da9-71f9-4ffc-b4f6-6761d3b9dacb" testName="OperatorNotEqual_Passing_Valid_Values_Returns_False (Españà)" computerName="PC-SFERRARI" duration="00:00:00.0000205" startTime="2021-07-26T13:19:43.4532187+02:00" endTime="2021-07-26T13:19:43.4533455+02:00" testType="13cdc9d9-ddb5-4fa4-a97d-d965ccfc6d4b" outcome="Passed" testListId="8c84fa94-04c1-424b-9868-57a2d4851a1d" relativeResultsDirectory="5af3ae1b-8c1d-40d7-982c-efb3ff4585df" />
    <UnitTestResult executionId="aa4cbfd1-b27d-4fbd-a020-0ab16e06a3c4" testId="3d33b785-74d3-44f6-be28-58e63082654e" testName="OperatorEqual_Passing_Valid_Values_Returns_True (USD)" computerName="PC-SFERRARI" duration="00:00:00.0009115" startTime="2021-07-26T13:19:43.1968477+02:00" endTime="2021-07-26T13:19:43.1978366+02:00" testType="13cdc9d9-ddb5-4fa4-a97d-d965ccfc6d4b" outcome="Passed" testListId="8c84fa94-04c1-424b-9868-57a2d4851a1d" relativeResultsDirectory="aa4cbfd1-b27d-4fbd-a020-0ab16e06a3c4" />
    <UnitTestResult executionId="06fc2706-783f-442c-bafe-8306d7fce5b7" testId="d0908d89-9aad-41db-ba1b-71819a5f034f" testName="Create_Passing_InvalidOrNull_Value_Returns_ApplicationException (,789,DF7956,Sabadell,Barcelona,España)" computerName="PC-SFERRARI" duration="00:00:00.0000504" startTime="2021-07-26T13:19:43.0162417+02:00" endTime="2021-07-26T13:19:43.0163912+02:00" testType="13cdc9d9-ddb5-4fa4-a97d-d965ccfc6d4b" outcome="Passed" testListId="8c84fa94-04c1-424b-9868-57a2d4851a1d" relativeResultsDirectory="06fc2706-783f-442c-bafe-8306d7fce5b7" />
    <UnitTestResult executionId="64eed123-01a9-48ab-b1a7-3eb950ece412" testId="caf4a02a-df47-44ed-881c-fbba054466c8" testName="Create_Passing_InvalidOrNull_Value_Returns_ApplicationException (..¬¬¬sdffdsfdssd.dd)" computerName="PC-SFERRARI" duration="00:00:00.0000586" startTime="2021-07-26T13:19:43.4922581+02:00" endTime="2021-07-26T13:19:43.4923871+02:00" testType="13cdc9d9-ddb5-4fa4-a97d-d965ccfc6d4b" outcome="Passed" testListId="8c84fa94-04c1-424b-9868-57a2d4851a1d" relativeResultsDirectory="64eed123-01a9-48ab-b1a7-3eb950ece412" />
    <UnitTestResult executionId="187ef120-981f-4c06-a3e6-5e634ad19c1e" testId="6126d12b-5a14-4fa4-bf60-b5285fcc226e" testName="IsNull_Passing_Valid_Values_Returns_False (D45,86554654)" computerName="PC-SFERRARI" duration="00:00:00.0000242" startTime="2021-07-26T13:19:43.5111473+02:00" endTime="2021-07-26T13:19:43.5113099+02:00" testType="13cdc9d9-ddb5-4fa4-a97d-d965ccfc6d4b" outcome="Passed" testListId="8c84fa94-04c1-424b-9868-57a2d4851a1d" relativeResultsDirectory="187ef120-981f-4c06-a3e6-5e634ad19c1e" />
    <UnitTestResult executionId="6f911344-5496-47a0-bd8a-fef742edc3f4" testId="61062860-f1fc-416f-be2d-ec48424765bc" testName="GetAll_Passing_Nothing_Returns_Enumeracion_List" computerName="PC-SFERRARI" duration="00:00:00.0002384" startTime="2021-07-26T13:19:43.6212364+02:00" endTime="2021-07-26T13:19:43.6215531+02:00" testType="13cdc9d9-ddb5-4fa4-a97d-d965ccfc6d4b" outcome="Passed" testListId="8c84fa94-04c1-424b-9868-57a2d4851a1d" relativeResultsDirectory="6f911344-5496-47a0-bd8a-fef742edc3f4" />
    <UnitTestResult executionId="bc03156f-dd88-446f-b548-e7d451fcf3d8" testId="2fd938b5-4a29-4e11-b8bf-e0157804af80" testName="Equals_Passing_Valid_Distinct_Values_Returns_False (tenant_1)" computerName="PC-SFERRARI" duration="00:00:00.0000165" startTime="2021-07-26T13:19:43.5651486+02:00" endTime="2021-07-26T13:19:43.5652766+02:00" testType="13cdc9d9-ddb5-4fa4-a97d-d965ccfc6d4b" outcome="Passed" testListId="8c84fa94-04c1-424b-9868-57a2d4851a1d" relativeResultsDirectory="bc03156f-dd88-446f-b548-e7d451fcf3d8" />
    <UnitTestResult executionId="92c6a2bf-f7e1-4b33-833d-da278f2517aa" testId="ff83305d-365b-40e1-af19-51b9ed0a7f49" testName="Create_Passing_Valid_Values_Returns_Name (TENANTA)" computerName="PC-SFERRARI" duration="00:00:00.0000248" startTime="2021-07-26T13:19:43.5410512+02:00" endTime="2021-07-26T13:19:43.5412368+02:00" testType="13cdc9d9-ddb5-4fa4-a97d-d965ccfc6d4b" outcome="Passed" testListId="8c84fa94-04c1-424b-9868-57a2d4851a1d" relativeResultsDirectory="92c6a2bf-f7e1-4b33-833d-da278f2517aa" />
    <UnitTestResult executionId="d8c999e4-0067-4847-9155-1c6fda6110fa" testId="6c26aad9-a046-4485-bb81-e05f62c4e05d" testName="ToString_Passing_Valid_Values_Returns_Value_String_Format (San Bartoleme De Tirajana,Las Palmas)" computerName="PC-SFERRARI" duration="00:00:00.0003486" startTime="2021-07-26T13:19:43.3049225+02:00" endTime="2021-07-26T13:19:43.3053651+02:00" testType="13cdc9d9-ddb5-4fa4-a97d-d965ccfc6d4b" outcome="Passed" testListId="8c84fa94-04c1-424b-9868-57a2d4851a1d" relativeResultsDirectory="d8c999e4-0067-4847-9155-1c6fda6110fa" />
    <UnitTestResult executionId="40a9f65c-2ae3-4297-b72d-53302e2fc10e" testId="ec1e58a0-902b-4ead-81ef-9a30ed162259" testName="Equals_Passing_Valid_Values_Returns_True (100,EUR,2)" computerName="PC-SFERRARI" duration="00:00:00.0016834" startTime="2021-07-26T13:19:43.3354934+02:00" endTime="2021-07-26T13:19:43.3372608+02:00" testType="13cdc9d9-ddb5-4fa4-a97d-d965ccfc6d4b" outcome="Passed" testListId="8c84fa94-04c1-424b-9868-57a2d4851a1d" relativeResultsDirectory="40a9f65c-2ae3-4297-b72d-53302e2fc10e" />
    <UnitTestResult executionId="3b531bbb-deaf-4276-be2a-efd64b72c30a" testId="7798a565-d2db-4bd9-a6e4-2bb4d0bcfeaf" testName="IsNull_Passing_Valid_Values_Returns_False (Tenerife,San Bartoleme De Tirajana,Las Palmas)" computerName="PC-SFERRARI" duration="00:00:00.0040564" startTime="2021-07-26T13:19:43.2940894+02:00" endTime="2021-07-26T13:19:43.2984106+02:00" testType="13cdc9d9-ddb5-4fa4-a97d-d965ccfc6d4b" outcome="Passed" testListId="8c84fa94-04c1-424b-9868-57a2d4851a1d" relativeResultsDirectory="3b531bbb-deaf-4276-be2a-efd64b72c30a" />
    <UnitTestResult executionId="3dd2caa9-21fb-4afd-aeb0-3ac615c50536" testId="0c4d45c1-3b67-4029-91bd-ab16c355eccc" testName="OperatorEqual_Passing_Valid_Distinct_Values_Returns_False (34fsds@sdd.fgg)" computerName="PC-SFERRARI" duration="00:00:00.0000331" startTime="2021-07-26T13:19:43.2510652+02:00" endTime="2021-07-26T13:19:43.2511649+02:00" testType="13cdc9d9-ddb5-4fa4-a97d-d965ccfc6d4b" outcome="Passed" testListId="8c84fa94-04c1-424b-9868-57a2d4851a1d" relativeResultsDirectory="3dd2caa9-21fb-4afd-aeb0-3ac615c50536" />
    <UnitTestResult executionId="56548423-e8cc-432e-ac07-b2f2b8d4f837" testId="c59532fc-8cea-47ec-b779-c4d3f84f9aa9" testName="OperatorEqual_Passing_Valid_Distinct_Values_Returns_False (TenantA)" computerName="PC-SFERRARI" duration="00:00:00.0000156" startTime="2021-07-26T13:19:43.5827571+02:00" endTime="2021-07-26T13:19:43.5828642+02:00" testType="13cdc9d9-ddb5-4fa4-a97d-d965ccfc6d4b" outcome="Passed" testListId="8c84fa94-04c1-424b-9868-57a2d4851a1d" relativeResultsDirectory="56548423-e8cc-432e-ac07-b2f2b8d4f837" />
    <UnitTestResult executionId="4882b485-c548-4dc5-9891-17b698297bab" testId="24ae2eb5-40da-4fdd-87f5-bc6d24601945" testName="Create_Passing_Valid_Values_Returns_Address (Pader,789,DF7956,Sabadell,Barcelona,España)" computerName="PC-SFERRARI" duration="00:00:00.0000141" startTime="2021-07-26T13:19:43.0050164+02:00" endTime="2021-07-26T13:19:43.0051033+02:00" testType="13cdc9d9-ddb5-4fa4-a97d-d965ccfc6d4b" outcome="Passed" testListId="8c84fa94-04c1-424b-9868-57a2d4851a1d" relativeResultsDirectory="4882b485-c548-4dc5-9891-17b698297bab" />
    <UnitTestResult executionId="ff7ff822-9d88-4a89-b3df-8cf55303b0d0" testId="dac1e32a-d6a0-4975-a587-965db3aa720c" testName="Equals_Passing_Valid_Distinct_Values_Returns_False (tenant1)" computerName="PC-SFERRARI" duration="00:00:00.0001751" startTime="2021-07-26T13:19:43.5644865+02:00" endTime="2021-07-26T13:19:43.5647481+02:00" testType="13cdc9d9-ddb5-4fa4-a97d-d965ccfc6d4b" outcome="Passed" testListId="8c84fa94-04c1-424b-9868-57a2d4851a1d" relativeResultsDirectory="ff7ff822-9d88-4a89-b3df-8cf55303b0d0" />
    <UnitTestResult executionId="7274b91d-5215-441c-8694-61859b71f08f" testId="98853cee-dda3-4948-9052-0460b4658f6b" testName="ToString_Passing_Valid_Values_Returns_Name (Españħ)" computerName="PC-SFERRARI" duration="00:00:00.0000131" startTime="2021-07-26T13:19:43.4254277+02:00" endTime="2021-07-26T13:19:43.4255027+02:00" testType="13cdc9d9-ddb5-4fa4-a97d-d965ccfc6d4b" outcome="Passed" testListId="8c84fa94-04c1-424b-9868-57a2d4851a1d" relativeResultsDirectory="7274b91d-5215-441c-8694-61859b71f08f" />
    <UnitTestResult executionId="13283e3e-d0cc-4130-83ad-5d2a334920d8" testId="d4e8ded8-581e-43af-9854-66867a837909" testName="Change_Passing_Valid_Values_Returns_Address (400,EUR,8)" computerName="PC-SFERRARI" duration="00:00:00.0013103" startTime="2021-07-26T13:19:43.3313986+02:00" endTime="2021-07-26T13:19:43.3328371+02:00" testType="13cdc9d9-ddb5-4fa4-a97d-d965ccfc6d4b" outcome="Passed" testListId="8c84fa94-04c1-424b-9868-57a2d4851a1d" relativeResultsDirectory="13283e3e-d0cc-4130-83ad-5d2a334920d8" />
    <UnitTestResult executionId="8b8cd2f0-4622-47b9-9f88-cf3f0beaadab" testId="9d648b57-33b9-4ee4-9b09-4d2db0b7b9c8" testName="Create_Passing_Valid_Values_Returns_Name (TenantA)" computerName="PC-SFERRARI" duration="00:00:00.0000098" startTime="2021-07-26T13:19:43.5380979+02:00" endTime="2021-07-26T13:19:43.5381800+02:00" testType="13cdc9d9-ddb5-4fa4-a97d-d965ccfc6d4b" outcome="Passed" testListId="8c84fa94-04c1-424b-9868-57a2d4851a1d" relativeResultsDirectory="8b8cd2f0-4622-47b9-9f88-cf3f0beaadab" />
    <UnitTestResult executionId="fd366fec-7baa-4382-b7a2-ecdb6197b26e" testId="0c8f6ba9-e6e8-486e-8037-f50d11a374ca" testName="ToString_Passing_Valid_Values_Returns_Name (Españç)" computerName="PC-SFERRARI" duration="00:00:00.0000122" startTime="2021-07-26T13:19:43.4253079+02:00" endTime="2021-07-26T13:19:43.4253823+02:00" testType="13cdc9d9-ddb5-4fa4-a97d-d965ccfc6d4b" outcome="Passed" testListId="8c84fa94-04c1-424b-9868-57a2d4851a1d" relativeResultsDirectory="fd366fec-7baa-4382-b7a2-ecdb6197b26e" />
    <UnitTestResult executionId="c84e9d4d-2bd9-4539-9b02-24f18a8fe20e" testId="fe4d864e-64ad-4b0c-ade4-891336a3309b" testName="ToNormalize_Passing_Valid_Values_Returns_Address_String_Format (bb_ads@ggg.cc)" computerName="PC-SFERRARI" duration="00:00:00.0000813" startTime="2021-07-26T13:19:43.2938757+02:00" endTime="2021-07-26T13:19:43.2940250+02:00" testType="13cdc9d9-ddb5-4fa4-a97d-d965ccfc6d4b" outcome="Passed" testListId="8c84fa94-04c1-424b-9868-57a2d4851a1d" relativeResultsDirectory="c84e9d4d-2bd9-4539-9b02-24f18a8fe20e" />
    <UnitTestResult executionId="7d860519-b842-451c-8d45-a0e63fc6b467" testId="3f7c59cb-2bb6-4aa7-89cf-730d5f917e48" testName="Create_Passing_InvalidOrNull_Value_Returns_ApplicationException (,8768768768)" computerName="PC-SFERRARI" duration="00:00:00.0000630" startTime="2021-07-26T13:19:43.5136742+02:00" endTime="2021-07-26T13:19:43.5138220+02:00" testType="13cdc9d9-ddb5-4fa4-a97d-d965ccfc6d4b" outcome="Passed" testListId="8c84fa94-04c1-424b-9868-57a2d4851a1d" relativeResultsDirectory="7d860519-b842-451c-8d45-a0e63fc6b467" />
    <UnitTestResult executionId="06352dab-dda0-4b08-8f72-b3ea0c979b63" testId="fccb84cb-5a0d-4ba6-b831-bef46c334216" testName="OperatorNotEqual_Passing_Valid_Values_Returns_True (Españç)" computerName="PC-SFERRARI" duration="00:00:00.0000183" startTime="2021-07-26T13:19:43.4591375+02:00" endTime="2021-07-26T13:19:43.4592212+02:00" testType="13cdc9d9-ddb5-4fa4-a97d-d965ccfc6d4b" outcome="Passed" testListId="8c84fa94-04c1-424b-9868-57a2d4851a1d" relativeResultsDirectory="06352dab-dda0-4b08-8f72-b3ea0c979b63" />
    <UnitTestResult executionId="e59a38b6-da1c-4162-a3b6-2d1a043306f5" testId="17aae640-2b89-4da4-b549-76419e6be22f" testName="Equals_Passing_Valid_Distinct_Values_Returns_False (Sabadell)" computerName="PC-SFERRARI" duration="00:00:00.0000098" startTime="2021-07-26T13:19:43.4801610+02:00" endTime="2021-07-26T13:19:43.4802380+02:00" testType="13cdc9d9-ddb5-4fa4-a97d-d965ccfc6d4b" outcome="Passed" testListId="8c84fa94-04c1-424b-9868-57a2d4851a1d" relativeResultsDirectory="e59a38b6-da1c-4162-a3b6-2d1a043306f5" />
    <UnitTestResult executionId="901b0971-f4f4-43b1-87dd-cd070bf6f075" testId="017beeb0-a826-4b65-a631-9217e386d155" testName="Create_Passing_Valid_Values_Returns_Name (Tenant_1)" computerName="PC-SFERRARI" duration="00:00:00.0000097" startTime="2021-07-26T13:19:43.5376783+02:00" endTime="2021-07-26T13:19:43.5377655+02:00" testType="13cdc9d9-ddb5-4fa4-a97d-d965ccfc6d4b" outcome="Passed" testListId="8c84fa94-04c1-424b-9868-57a2d4851a1d" relativeResultsDirectory="901b0971-f4f4-43b1-87dd-cd070bf6f075" />
    <UnitTestResult executionId="bc38a751-9b30-4dae-999a-4124275e7e90" testId="3da59c05-d1f2-4873-aae0-5e0aceceafa8" testName="ToString_Passing_Valid_Values_Returns_Name (España)" computerName="PC-SFERRARI" duration="00:00:00.0003227" startTime="2021-07-26T13:19:43.4240728+02:00" endTime="2021-07-26T13:19:43.4245305+02:00" testType="13cdc9d9-ddb5-4fa4-a97d-d965ccfc6d4b" outcome="Passed" testListId="8c84fa94-04c1-424b-9868-57a2d4851a1d" relativeResultsDirectory="bc38a751-9b30-4dae-999a-4124275e7e90" />
    <UnitTestResult executionId="a13e7cf0-9b49-4036-a198-3b4e7aad4936" testId="91f209ab-075f-4159-bd70-1383f0ee685c" testName="IsNull_Passing_Valid_Value_Returns_False (TENANTA)" computerName="PC-SFERRARI" duration="00:00:00.0000105" startTime="2021-07-26T13:19:43.5324253+02:00" endTime="2021-07-26T13:19:43.5325018+02:00" testType="13cdc9d9-ddb5-4fa4-a97d-d965ccfc6d4b" outcome="Passed" testListId="8c84fa94-04c1-424b-9868-57a2d4851a1d" relativeResultsDirectory="a13e7cf0-9b49-4036-a198-3b4e7aad4936" />
    <UnitTestResult executionId="90383f23-a724-49a2-8fdf-d3717858ea66" testId="cbdb83a1-83cb-4b91-9b3d-ae06921dfe01" testName="IsMasterCard_Passing_Nothing_Returns_True" computerName="PC-SFERRARI" duration="00:00:00.0002781" startTime="2021-07-26T13:19:43.6150544+02:00" endTime="2021-07-26T13:19:43.6154731+02:00" testType="13cdc9d9-ddb5-4fa4-a97d-d965ccfc6d4b" outcome="Passed" testListId="8c84fa94-04c1-424b-9868-57a2d4851a1d" relativeResultsDirectory="90383f23-a724-49a2-8fdf-d3717858ea66" />
    <UnitTestResult executionId="a55ec431-902f-4c5f-a5ee-f07d292aaa37" testId="868bfc7b-c4f9-4613-ab6f-81b94ea26eac" testName="Create_Passing_InvalidOrNull_Value_Returns_ApplicationException (,Sabadell,España)" computerName="PC-SFERRARI" duration="00:00:00.0000727" startTime="2021-07-26T13:19:43.3042256+02:00" endTime="2021-07-26T13:19:43.3044119+02:00" testType="13cdc9d9-ddb5-4fa4-a97d-d965ccfc6d4b" outcome="Passed" testListId="8c84fa94-04c1-424b-9868-57a2d4851a1d" relativeResultsDirectory="a55ec431-902f-4c5f-a5ee-f07d292aaa37" />
    <UnitTestResult executionId="80511deb-ba90-4417-9291-d587bdd192e6" testId="94e987bd-b083-40d3-ba79-a692d42ded8c" testName="Equals_Passing_Valid_Values_Returns_True (Españç)" computerName="PC-SFERRARI" duration="00:00:00.0000180" startTime="2021-07-26T13:19:43.4309813+02:00" endTime="2021-07-26T13:19:43.4310629+02:00" testType="13cdc9d9-ddb5-4fa4-a97d-d965ccfc6d4b" outcome="Passed" testListId="8c84fa94-04c1-424b-9868-57a2d4851a1d" relativeResultsDirectory="80511deb-ba90-4417-9291-d587bdd192e6" />
    <UnitTestResult executionId="5941de45-c494-41f7-9b10-ebc73711700d" testId="0b9ad176-d17a-4ef1-bb57-a5a93f8200d8" testName="IsNull_Passing_Valid_Value_Returns_False (34fsds@sdd.fgg)" computerName="PC-SFERRARI" duration="00:00:00.0000414" startTime="2021-07-26T13:19:43.2327415+02:00" endTime="2021-07-26T13:19:43.2329008+02:00" testType="13cdc9d9-ddb5-4fa4-a97d-d965ccfc6d4b" outcome="Passed" testListId="8c84fa94-04c1-424b-9868-57a2d4851a1d" relativeResultsDirectory="5941de45-c494-41f7-9b10-ebc73711700d" />
    <UnitTestResult executionId="56a9bf95-6141-40a3-ae04-c1e9540c4950" testId="569ad122-8f0c-4362-a192-c738ca7283a7" testName="OperatorNotEqual_Passing_Valid_Values_Returns_True (www.hackerone-com)" computerName="PC-SFERRARI" duration="00:00:00.0000289" startTime="2021-07-26T13:19:43.5046081+02:00" endTime="2021-07-26T13:19:43.5047190+02:00" testType="13cdc9d9-ddb5-4fa4-a97d-d965ccfc6d4b" outcome="Passed" testListId="8c84fa94-04c1-424b-9868-57a2d4851a1d" relativeResultsDirectory="56a9bf95-6141-40a3-ae04-c1e9540c4950" />
    <UnitTestResult executionId="d4ad18c8-3a1d-4102-a0f3-f1bbe06957c2" testId="77c57790-c543-4141-9dbf-56ad451e087e" testName="OperatorEqual_Passing_Valid_Distinct_Values_Returns_False (Españà)" computerName="PC-SFERRARI" duration="00:00:00.0000310" startTime="2021-07-26T13:19:43.4480525+02:00" endTime="2021-07-26T13:19:43.4481689+02:00" testType="13cdc9d9-ddb5-4fa4-a97d-d965ccfc6d4b" outcome="Passed" testListId="8c84fa94-04c1-424b-9868-57a2d4851a1d" relativeResultsDirectory="d4ad18c8-3a1d-4102-a0f3-f1bbe06957c2" />
    <UnitTestResult executionId="4071e08d-7560-4ee0-9cf5-02eeb5b7b350" testId="fce3f547-79c0-4bf4-9ff0-b78189242e4f" testName="OperatorNotEqual_Passing_Valid_Values_Returns_False (TENANT1)" computerName="PC-SFERRARI" duration="00:00:00.0000175" startTime="2021-07-26T13:19:43.5867505+02:00" endTime="2021-07-26T13:19:43.5868369+02:00" testType="13cdc9d9-ddb5-4fa4-a97d-d965ccfc6d4b" outcome="Passed" testListId="8c84fa94-04c1-424b-9868-57a2d4851a1d" relativeResultsDirectory="4071e08d-7560-4ee0-9cf5-02eeb5b7b350" />
    <UnitTestResult executionId="1fd4e96e-1ae0-4ed7-94eb-061bddca7b88" testId="2fb9a16a-4f4f-466f-a77d-debdfcd172e2" testName="Equals_Passing_Valid_Values_Returns_True (Sabadell)" computerName="PC-SFERRARI" duration="00:00:00.0000141" startTime="2021-07-26T13:19:43.4796992+02:00" endTime="2021-07-26T13:19:43.4798285+02:00" testType="13cdc9d9-ddb5-4fa4-a97d-d965ccfc6d4b" outcome="Passed" testListId="8c84fa94-04c1-424b-9868-57a2d4851a1d" relativeResultsDirectory="1fd4e96e-1ae0-4ed7-94eb-061bddca7b88" />
    <UnitTestResult executionId="a5b04c46-7b6e-4d0c-ba4f-faa24a6094b4" testId="108a982e-ae8a-43ed-9000-be3667ae6ee8" testName="Equals_Passing_Valid_Values_Returns_True (Españà)" computerName="PC-SFERRARI" duration="00:00:00.0000186" startTime="2021-07-26T13:19:43.4304348+02:00" endTime="2021-07-26T13:19:43.4305316+02:00" testType="13cdc9d9-ddb5-4fa4-a97d-d965ccfc6d4b" outcome="Passed" testListId="8c84fa94-04c1-424b-9868-57a2d4851a1d" relativeResultsDirectory="a5b04c46-7b6e-4d0c-ba4f-faa24a6094b4" />
    <UnitTestResult executionId="be10a3ae-d43b-4f37-911b-f5e4000e04ce" testId="2b418a6b-d082-4533-91e4-154a7b1ee249" testName="ToNormalize_Passing_Valid_Values_Returns_Name_String_Format (Españä,Espana)" computerName="PC-SFERRARI" duration="00:00:00.0000402" startTime="2021-07-26T13:19:43.4670834+02:00" endTime="2021-07-26T13:19:43.4672009+02:00" testType="13cdc9d9-ddb5-4fa4-a97d-d965ccfc6d4b" outcome="Passed" testListId="8c84fa94-04c1-424b-9868-57a2d4851a1d" relativeResultsDirectory="be10a3ae-d43b-4f37-911b-f5e4000e04ce" />
    <UnitTestResult executionId="2095297d-c081-4df6-a05f-e294814aca1e" testId="248b922a-7257-440f-9f19-d375153bfe69" testName="IsVisa_Passing_Nothing_Returns_True" computerName="PC-SFERRARI" duration="00:00:00.0002367" startTime="2021-07-26T13:19:43.6119314+02:00" endTime="2021-07-26T13:19:43.6123027+02:00" testType="13cdc9d9-ddb5-4fa4-a97d-d965ccfc6d4b" outcome="Passed" testListId="8c84fa94-04c1-424b-9868-57a2d4851a1d" relativeResultsDirectory="2095297d-c081-4df6-a05f-e294814aca1e" />
    <UnitTestResult executionId="b52644b1-a9dc-4223-8dcd-b25bca564393" testId="cb7114cd-7d53-4603-899c-3e15c6892999" testName="ToEnum_Passing_Invalid_Int_Name_Enumeracion_Returns_Null" computerName="PC-SFERRARI" duration="00:00:00.0001690" startTime="2021-07-26T13:19:43.6440199+02:00" endTime="2021-07-26T13:19:43.6442734+02:00" testType="13cdc9d9-ddb5-4fa4-a97d-d965ccfc6d4b" outcome="Passed" testListId="8c84fa94-04c1-424b-9868-57a2d4851a1d" relativeResultsDirectory="b52644b1-a9dc-4223-8dcd-b25bca564393" />
    <UnitTestResult executionId="92d55aa8-f64e-4f79-ae04-f90b2927dab0" testId="5e5ee150-dbda-4f65-87ab-21230018811d" testName="Equals_Passing_Valid_Distinct_Values_Returns_False (tenant_A)" computerName="PC-SFERRARI" duration="00:00:00.0000165" startTime="2021-07-26T13:19:43.5715631+02:00" endTime="2021-07-26T13:19:43.5716749+02:00" testType="13cdc9d9-ddb5-4fa4-a97d-d965ccfc6d4b" outcome="Passed" testListId="8c84fa94-04c1-424b-9868-57a2d4851a1d" relativeResultsDirectory="92d55aa8-f64e-4f79-ae04-f90b2927dab0" />
    <UnitTestResult executionId="270bd943-267c-475d-848a-3c867107e4e5" testId="35e284ff-3f04-4b6e-98a2-f06e7f3fc5a9" testName="OperatorNotEqual_Passing_Valid_Values_Returns_True (tenant1)" computerName="PC-SFERRARI" duration="00:00:00.0001592" startTime="2021-07-26T13:19:43.5938886+02:00" endTime="2021-07-26T13:19:43.5941362+02:00" testType="13cdc9d9-ddb5-4fa4-a97d-d965ccfc6d4b" outcome="Passed" testListId="8c84fa94-04c1-424b-9868-57a2d4851a1d" relativeResultsDirectory="270bd943-267c-475d-848a-3c867107e4e5" />
    <UnitTestResult executionId="3e6c1564-2a05-4246-9645-3262161e9de3" testId="6c416f23-852d-4d58-b75e-15168aa47a15" testName="IsNull_Passing_Valid_Value_Returns_False (Tenant_A)" computerName="PC-SFERRARI" duration="00:00:00.0000105" startTime="2021-07-26T13:19:43.5327335+02:00" endTime="2021-07-26T13:19:43.5328184+02:00" testType="13cdc9d9-ddb5-4fa4-a97d-d965ccfc6d4b" outcome="Passed" testListId="8c84fa94-04c1-424b-9868-57a2d4851a1d" relativeResultsDirectory="3e6c1564-2a05-4246-9645-3262161e9de3" />
    <UnitTestResult executionId="16abe37c-a5c4-494c-bcf0-7122febfcb08" testId="339ae463-0004-402a-8849-9f802216d4d1" testName="OperatorEqual_Passing_Valid_Distinct_Values_Returns_False (stage_hackerone.com)" computerName="PC-SFERRARI" duration="00:00:00.0000211" startTime="2021-07-26T13:19:43.5035940+02:00" endTime="2021-07-26T13:19:43.5036796+02:00" testType="13cdc9d9-ddb5-4fa4-a97d-d965ccfc6d4b" outcome="Passed" testListId="8c84fa94-04c1-424b-9868-57a2d4851a1d" relativeResultsDirectory="16abe37c-a5c4-494c-bcf0-7122febfcb08" />
    <UnitTestResult executionId="f761a4c6-0f96-4a9b-9b1f-a0de72ef88e6" testId="a69587f5-7221-4d4d-b6f7-efdbe292ca5c" testName="IsNull_Passing_Null_Value_Returns_True" computerName="PC-SFERRARI" duration="00:00:00.0003370" startTime="2021-07-26T13:19:43.3021441+02:00" endTime="2021-07-26T13:19:43.3026404+02:00" testType="13cdc9d9-ddb5-4fa4-a97d-d965ccfc6d4b" outcome="Passed" testListId="8c84fa94-04c1-424b-9868-57a2d4851a1d" relativeResultsDirectory="f761a4c6-0f96-4a9b-9b1f-a0de72ef88e6" />
    <UnitTestResult executionId="f2ec7e99-7cde-46f2-a27b-b91880f6e8c2" testId="0a88ec50-6643-455a-9d68-3368b1e83aa8" testName="Create_Passing_InvalidOrNull_Value_Returns_ApplicationException ()" computerName="PC-SFERRARI" duration="00:00:00.0004704" startTime="2021-07-26T13:19:43.4196427+02:00" endTime="2021-07-26T13:19:43.4201807+02:00" testType="13cdc9d9-ddb5-4fa4-a97d-d965ccfc6d4b" outcome="Passed" testListId="8c84fa94-04c1-424b-9868-57a2d4851a1d" relativeResultsDirectory="f2ec7e99-7cde-46f2-a27b-b91880f6e8c2" />
    <UnitTestResult executionId="0faa0606-b6a0-411c-a53b-f09477f9f6d1" testId="5edf3b59-8c1b-4cc5-93a4-098503104101" testName="IsNull_Passing_Valid_Value_Returns_False (Tenant_1)" computerName="PC-SFERRARI" duration="00:00:00.0000160" startTime="2021-07-26T13:19:43.5318952+02:00" endTime="2021-07-26T13:19:43.5319877+02:00" testType="13cdc9d9-ddb5-4fa4-a97d-d965ccfc6d4b" outcome="Passed" testListId="8c84fa94-04c1-424b-9868-57a2d4851a1d" relativeResultsDirectory="0faa0606-b6a0-411c-a53b-f09477f9f6d1" />
    <UnitTestResult executionId="c5b1f0ca-3952-4bb8-82ba-234487a89bbe" testId="7c4f84b6-e5c0-418b-affd-4fd4be87f76d" testName="ToString_Passing_Valid_Values_Returns_Name (TENANT1)" computerName="PC-SFERRARI" duration="00:00:00.0000240" startTime="2021-07-26T13:19:43.5494582+02:00" endTime="2021-07-26T13:19:43.5496282+02:00" testType="13cdc9d9-ddb5-4fa4-a97d-d965ccfc6d4b" outcome="Passed" testListId="8c84fa94-04c1-424b-9868-57a2d4851a1d" relativeResultsDirectory="c5b1f0ca-3952-4bb8-82ba-234487a89bbe" />
    <UnitTestResult executionId="e935a438-29b5-4982-92dd-6d02d8563e5a" testId="a5996b3f-c54d-4e7b-97df-df5809c9970b" testName="OperatorEqual_Passing_Valid_Values_Returns_True (www.hackerone-com)" computerName="PC-SFERRARI" duration="00:00:00.0000187" startTime="2021-07-26T13:19:43.5001872+02:00" endTime="2021-07-26T13:19:43.5002696+02:00" testType="13cdc9d9-ddb5-4fa4-a97d-d965ccfc6d4b" outcome="Passed" testListId="8c84fa94-04c1-424b-9868-57a2d4851a1d" relativeResultsDirectory="e935a438-29b5-4982-92dd-6d02d8563e5a" />
    <UnitTestResult executionId="c1da69b1-a0bf-44fb-93da-1c2a11c6b017" testId="e7ad7dd8-30a5-40eb-81e9-acee45ec60a2" testName="ToEnum_Passing_Valid_IntName_Enumeracion_Returns_Enumeracion" computerName="PC-SFERRARI" duration="00:00:00.0021531" startTime="2021-07-26T13:19:43.6185037+02:00" endTime="2021-07-26T13:19:43.6207700+02:00" testType="13cdc9d9-ddb5-4fa4-a97d-d965ccfc6d4b" outcome="Passed" testListId="8c84fa94-04c1-424b-9868-57a2d4851a1d" relativeResultsDirectory="c1da69b1-a0bf-44fb-93da-1c2a11c6b017" />
    <UnitTestResult executionId="fb9f852d-9e9e-4f40-b05e-09b40f24f747" testId="2d85b3ac-88f6-4b0a-a084-154552b6c135" testName="IsNull_Passing_Valid_Value_Returns_False (stage_hackerone.com)" computerName="PC-SFERRARI" duration="00:00:00.0000150" startTime="2021-07-26T13:19:43.4871931+02:00" endTime="2021-07-26T13:19:43.4872738+02:00" testType="13cdc9d9-ddb5-4fa4-a97d-d965ccfc6d4b" outcome="Passed" testListId="8c84fa94-04c1-424b-9868-57a2d4851a1d" relativeResultsDirectory="fb9f852d-9e9e-4f40-b05e-09b40f24f747" />
    <UnitTestResult executionId="ea1b6837-15a7-4b85-8e22-b97707f9dcda" testId="7247c1ee-5272-4663-9c07-fa7b1e773a22" testName="Create_Passing_InvalidOrNull_Value_Returns_ApplicationException (,Barcelona,España)" computerName="PC-SFERRARI" duration="00:00:00.0004875" startTime="2021-07-26T13:19:43.3035395+02:00" endTime="2021-07-26T13:19:43.3041161+02:00" testType="13cdc9d9-ddb5-4fa4-a97d-d965ccfc6d4b" outcome="Passed" testListId="8c84fa94-04c1-424b-9868-57a2d4851a1d" relativeResultsDirectory="ea1b6837-15a7-4b85-8e22-b97707f9dcda" />
    <UnitTestResult executionId="29da4bfc-6be3-421a-86ef-d097e8b4d999" testId="3b402f9a-4ac2-42af-94bc-11b9675577c4" testName="OperatorEqual_Passing_Valid_Values_Returns_True (100,EUR,2)" computerName="PC-SFERRARI" duration="00:00:00.0005758" startTime="2021-07-26T13:19:43.3510176+02:00" endTime="2021-07-26T13:19:43.3517001+02:00" testType="13cdc9d9-ddb5-4fa4-a97d-d965ccfc6d4b" outcome="Passed" testListId="8c84fa94-04c1-424b-9868-57a2d4851a1d" relativeResultsDirectory="29da4bfc-6be3-421a-86ef-d097e8b4d999" />
    <UnitTestResult executionId="c8746f16-4489-4e50-a15d-ef55594457ac" testId="33240424-a93b-4394-b9e1-836be8e00e96" testName="ToString_Passing_Valid_Values_Returns_Name (Esp añâ)" computerName="PC-SFERRARI" duration="00:00:00.0000130" startTime="2021-07-26T13:19:43.4255483+02:00" endTime="2021-07-26T13:19:43.4256230+02:00" testType="13cdc9d9-ddb5-4fa4-a97d-d965ccfc6d4b" outcome="Passed" testListId="8c84fa94-04c1-424b-9868-57a2d4851a1d" relativeResultsDirectory="c8746f16-4489-4e50-a15d-ef55594457ac" />
    <UnitTestResult executionId="7d7f0358-d0e4-43b6-80e9-a1e819980bde" testId="fbd4fe4b-f384-41a2-9883-5742165a9287" testName="IsNull_Passing_Valid_Value_Returns_False (tenant1)" computerName="PC-SFERRARI" duration="00:00:00.0013059" startTime="2021-07-26T13:19:43.5242984+02:00" endTime="2021-07-26T13:19:43.5259236+02:00" testType="13cdc9d9-ddb5-4fa4-a97d-d965ccfc6d4b" outcome="Passed" testListId="8c84fa94-04c1-424b-9868-57a2d4851a1d" relativeResultsDirectory="7d7f0358-d0e4-43b6-80e9-a1e819980bde" />
    <UnitTestResult executionId="1f5b31dd-a3cf-4dc8-8914-c9f0bd8a0cdc" testId="f0554222-a3d7-45c7-b477-c5316fa0c09d" testName="IsNull_Passing_Valid_Value_Returns_False (Españà)" computerName="PC-SFERRARI" duration="00:00:00.0000139" startTime="2021-07-26T13:19:43.3778862+02:00" endTime="2021-07-26T13:19:43.3779745+02:00" testType="13cdc9d9-ddb5-4fa4-a97d-d965ccfc6d4b" outcome="Passed" testListId="8c84fa94-04c1-424b-9868-57a2d4851a1d" relativeResultsDirectory="1f5b31dd-a3cf-4dc8-8914-c9f0bd8a0cdc" />
    <UnitTestResult executionId="65cd778c-48c4-4d32-992c-fae3b5e300f3" testId="ae1e45f7-5041-449a-aee6-64c31ddef8d5" testName="IsNull_Passing_Valid_Value_Returns_False (Españä)" computerName="PC-SFERRARI" duration="00:00:00.0000136" startTime="2021-07-26T13:19:43.3780254+02:00" endTime="2021-07-26T13:19:43.3781020+02:00" testType="13cdc9d9-ddb5-4fa4-a97d-d965ccfc6d4b" outcome="Passed" testListId="8c84fa94-04c1-424b-9868-57a2d4851a1d" relativeResultsDirectory="65cd778c-48c4-4d32-992c-fae3b5e300f3" />
    <UnitTestResult executionId="84111406-5a66-459f-8696-11b21d417895" testId="2cae7ae7-670a-4e8c-86e0-d915b0a5b6a3" testName="Equals_Passing_Valid_Distinct_Values_Returns_False (200,EUR,4)" computerName="PC-SFERRARI" duration="00:00:00.0011630" startTime="2021-07-26T13:19:43.3482800+02:00" endTime="2021-07-26T13:19:43.3495899+02:00" testType="13cdc9d9-ddb5-4fa4-a97d-d965ccfc6d4b" outcome="Passed" testListId="8c84fa94-04c1-424b-9868-57a2d4851a1d" relativeResultsDirectory="84111406-5a66-459f-8696-11b21d417895" />
    <UnitTestResult executionId="6cc01b5a-5887-4614-9b58-d9c055ebfabf" testId="ed8e9898-9d7b-4145-8410-067443ce23e6" testName="Equals_Passing_Valid_Distinct_Values_Returns_False (EUR)" computerName="PC-SFERRARI" duration="00:00:00.0008274" startTime="2021-07-26T13:19:43.1952163+02:00" endTime="2021-07-26T13:19:43.1961289+02:00" testType="13cdc9d9-ddb5-4fa4-a97d-d965ccfc6d4b" outcome="Passed" testListId="8c84fa94-04c1-424b-9868-57a2d4851a1d" relativeResultsDirectory="6cc01b5a-5887-4614-9b58-d9c055ebfabf" />
    <UnitTestResult executionId="a1789741-4fa0-49c3-9396-202d6b130be6" testId="d924662d-8651-47b6-adb2-cb59f10c8356" testName="IsNull_Passing_Valid_Value_Returns_False (Españâ)" computerName="PC-SFERRARI" duration="00:00:00.0000256" startTime="2021-07-26T13:19:43.3815536+02:00" endTime="2021-07-26T13:19:43.3817062+02:00" testType="13cdc9d9-ddb5-4fa4-a97d-d965ccfc6d4b" outcome="Passed" testListId="8c84fa94-04c1-424b-9868-57a2d4851a1d" relativeResultsDirectory="a1789741-4fa0-49c3-9396-202d6b130be6" />
    <UnitTestResult executionId="9da85cae-9e4f-4d2b-898c-71b7bfe2565c" testId="019c40b7-3889-494c-adc7-074dfdc0540a" testName="OperatorNotEqual_Passing_Valid_Values_Returns_True (400,EUR,8)" computerName="PC-SFERRARI" duration="00:00:00.0011405" startTime="2021-07-26T13:19:43.3751566+02:00" endTime="2021-07-26T13:19:43.3764188+02:00" testType="13cdc9d9-ddb5-4fa4-a97d-d965ccfc6d4b" outcome="Passed" testListId="8c84fa94-04c1-424b-9868-57a2d4851a1d" relativeResultsDirectory="9da85cae-9e4f-4d2b-898c-71b7bfe2565c" />
    <UnitTestResult executionId="1e519712-64f4-4b89-ba6f-a8a892270997" testId="96d7dee1-84c5-489e-bb89-99f28383d95d" testName="Equals_Passing_Valid_Distinct_Values_Returns_False (Españç)" computerName="PC-SFERRARI" duration="00:00:00.0000176" startTime="2021-07-26T13:19:43.4381036+02:00" endTime="2021-07-26T13:19:43.4381854+02:00" testType="13cdc9d9-ddb5-4fa4-a97d-d965ccfc6d4b" outcome="Passed" testListId="8c84fa94-04c1-424b-9868-57a2d4851a1d" relativeResultsDirectory="1e519712-64f4-4b89-ba6f-a8a892270997" />
    <UnitTestResult executionId="fcb9345d-8add-420d-990c-2766553ca8a5" testId="0662a7e5-e1de-49b6-8555-2e6a63e50f56" testName="Create_Passing_InvalidOrNull_Value_Returns_ApplicationException (Tenerife,23,34567,San Bartoleme De Tirajana,Las Palmas,)" computerName="PC-SFERRARI" duration="00:00:00.0108652" startTime="2021-07-26T13:19:43.0051532+02:00" endTime="2021-07-26T13:19:43.0161202+02:00" testType="13cdc9d9-ddb5-4fa4-a97d-d965ccfc6d4b" outcome="Passed" testListId="8c84fa94-04c1-424b-9868-57a2d4851a1d" relativeResultsDirectory="fcb9345d-8add-420d-990c-2766553ca8a5" />
    <UnitTestResult executionId="db01e564-9fd0-4d20-a0b5-ef0f8a4736e1" testId="a80b00ef-a4a7-4719-96e0-fb1b22341b40" testName="ToEnum_Passing_Null_Bool_Value_Returns_Inactive_Status" computerName="PC-SFERRARI" duration="00:00:00.0002473" startTime="2021-07-26T13:19:43.6366776+02:00" endTime="2021-07-26T13:19:43.6370158+02:00" testType="13cdc9d9-ddb5-4fa4-a97d-d965ccfc6d4b" outcome="Passed" testListId="8c84fa94-04c1-424b-9868-57a2d4851a1d" relativeResultsDirectory="db01e564-9fd0-4d20-a0b5-ef0f8a4736e1" />
    <UnitTestResult executionId="08371af3-969a-430a-861a-b92e0816d5d1" testId="ea4a5e9d-0a22-43c5-afc5-bd7f0a82242f" testName="OperatorEqual_Passing_Valid_Values_Returns_True (456,43543543543)" computerName="PC-SFERRARI" duration="00:00:00.0001559" startTime="2021-07-26T13:19:43.5195897+02:00" endTime="2021-07-26T13:19:43.5198148+02:00" testType="13cdc9d9-ddb5-4fa4-a97d-d965ccfc6d4b" outcome="Passed" testListId="8c84fa94-04c1-424b-9868-57a2d4851a1d" relativeResultsDirectory="08371af3-969a-430a-861a-b92e0816d5d1" />
    <UnitTestResult executionId="222c114c-aba0-4f36-979e-3916a848d0d9" testId="7fd0df3d-4595-4ca6-b88f-c6e9aec041f4" testName="Equals_Passing_Valid_Distinct_Values_Returns_False (España)" computerName="PC-SFERRARI" duration="00:00:00.0002339" startTime="2021-07-26T13:19:43.4369195+02:00" endTime="2021-07-26T13:19:43.4373176+02:00" testType="13cdc9d9-ddb5-4fa4-a97d-d965ccfc6d4b" outcome="Passed" testListId="8c84fa94-04c1-424b-9868-57a2d4851a1d" relativeResultsDirectory="222c114c-aba0-4f36-979e-3916a848d0d9" />
    <UnitTestResult executionId="6186efc7-b50c-474b-8960-27b09db31344" testId="ec51b7ef-5551-46a0-a3a8-eb638d744cb7" testName="IsNull_Passing_Valid_Values_Returns_False (Sabadell,Barcelona,España)" computerName="PC-SFERRARI" duration="00:00:00.0000314" startTime="2021-07-26T13:19:43.2985422+02:00" endTime="2021-07-26T13:19:43.2986859+02:00" testType="13cdc9d9-ddb5-4fa4-a97d-d965ccfc6d4b" outcome="Passed" testListId="8c84fa94-04c1-424b-9868-57a2d4851a1d" relativeResultsDirectory="6186efc7-b50c-474b-8960-27b09db31344" />
    <UnitTestResult executionId="81f707d4-ea35-4293-a0fc-4248c9df232c" testId="9606eb54-a00c-4c11-8425-dc079ae1b06e" testName="OperatorEqual_Passing_Valid_Values_Returns_False (Tenerife,23,34567,San Bartoleme De Tirajana,Las Palmas,España)" computerName="PC-SFERRARI" duration="00:00:00.0001983" startTime="2021-07-26T13:19:43.0995941+02:00" endTime="2021-07-26T13:19:43.0998740+02:00" testType="13cdc9d9-ddb5-4fa4-a97d-d965ccfc6d4b" outcome="Passed" testListId="8c84fa94-04c1-424b-9868-57a2d4851a1d" relativeResultsDirectory="81f707d4-ea35-4293-a0fc-4248c9df232c" />
    <UnitTestResult executionId="7c6558cd-bf9e-4e2f-b413-ff598c78c3d5" testId="b1dc1ab0-606d-4369-b0e6-7d48f9e11a40" testName="Equals_Passing_Valid_Values_Returns_True (San Bartoleme De Tirajana)" computerName="PC-SFERRARI" duration="00:00:00.0018137" startTime="2021-07-26T13:19:43.4776797+02:00" endTime="2021-07-26T13:19:43.4795823+02:00" testType="13cdc9d9-ddb5-4fa4-a97d-d965ccfc6d4b" outcome="Passed" testListId="8c84fa94-04c1-424b-9868-57a2d4851a1d" relativeResultsDirectory="7c6558cd-bf9e-4e2f-b413-ff598c78c3d5" />
    <UnitTestResult executionId="abaabd74-7ab0-44c9-91a2-aa8dc6e0cdbb" testId="d6564106-4b83-44e3-9c46-f5ae62975641" testName="Create_Passing_Valid_Values_Returns_Subdomain (www.hackerone1-com)" computerName="PC-SFERRARI" duration="00:00:00.0000242" startTime="2021-07-26T13:19:43.4908205+02:00" endTime="2021-07-26T13:19:43.4909637+02:00" testType="13cdc9d9-ddb5-4fa4-a97d-d965ccfc6d4b" outcome="Passed" testListId="8c84fa94-04c1-424b-9868-57a2d4851a1d" relativeResultsDirectory="abaabd74-7ab0-44c9-91a2-aa8dc6e0cdbb" />
    <UnitTestResult executionId="3d3523a4-582a-467b-afdf-8465d2354e93" testId="5a49065f-2c33-46b3-847f-846e23d7f12c" testName="OperatorEqual_Passing_Valid_Distinct_Values_Returns_False (200,EUR,4)" computerName="PC-SFERRARI" duration="00:00:00.0011954" startTime="2021-07-26T13:19:43.3553883+02:00" endTime="2021-07-26T13:19:43.3567343+02:00" testType="13cdc9d9-ddb5-4fa4-a97d-d965ccfc6d4b" outcome="Passed" testListId="8c84fa94-04c1-424b-9868-57a2d4851a1d" relativeResultsDirectory="3d3523a4-582a-467b-afdf-8465d2354e93" />
    <UnitTestResult executionId="0f6a1b7f-dc35-44bd-8914-1180258d9f14" testId="1f876fa1-bba9-4c91-8156-854841f9362a" testName="ToString_Passing_Valid_Values_Returns_Subdomain (app.hackerone1.com)" computerName="PC-SFERRARI" duration="00:00:00.0002548" startTime="2021-07-26T13:19:43.4927677+02:00" endTime="2021-07-26T13:19:43.4931003+02:00" testType="13cdc9d9-ddb5-4fa4-a97d-d965ccfc6d4b" outcome="Passed" testListId="8c84fa94-04c1-424b-9868-57a2d4851a1d" relativeResultsDirectory="0f6a1b7f-dc35-44bd-8914-1180258d9f14" />
    <UnitTestResult executionId="daf77438-2728-4a2b-b0c3-3473f5530a72" testId="6c64b01b-e7a5-441d-88f1-254aac7bb412" testName="OperatorEqual_Passing_Valid_Values_Returns_True (Tenant_A)" computerName="PC-SFERRARI" duration="00:00:00.0000112" startTime="2021-07-26T13:19:43.5784733+02:00" endTime="2021-07-26T13:19:43.5785489+02:00" testType="13cdc9d9-ddb5-4fa4-a97d-d965ccfc6d4b" outcome="Passed" testListId="8c84fa94-04c1-424b-9868-57a2d4851a1d" relativeResultsDirectory="daf77438-2728-4a2b-b0c3-3473f5530a72" />
    <UnitTestResult executionId="628dc67f-faaa-4464-ac77-9e18b6374f19" testId="78daf5f2-8503-4dde-a09b-422aaf723200" testName="OperatorNotEqual_Passing_Valid_Values_Returns_False (456,43543543543)" computerName="PC-SFERRARI" duration="00:00:00.0001597" startTime="2021-07-26T13:19:43.5233558+02:00" endTime="2021-07-26T13:19:43.5235871+02:00" testType="13cdc9d9-ddb5-4fa4-a97d-d965ccfc6d4b" outcome="Passed" testListId="8c84fa94-04c1-424b-9868-57a2d4851a1d" relativeResultsDirectory="628dc67f-faaa-4464-ac77-9e18b6374f19" />
    <UnitTestResult executionId="79ddd20a-110c-4271-bb65-aee502358acc" testId="c70d2a45-073c-4015-bc95-4d3b78dd62d3" testName="ToEnum_Passing_Invalid_Int_Name_Enumeracion_Returns_Null" computerName="PC-SFERRARI" duration="00:00:00.0001654" startTime="2021-07-26T13:19:43.6292713+02:00" endTime="2021-07-26T13:19:43.6295137+02:00" testType="13cdc9d9-ddb5-4fa4-a97d-d965ccfc6d4b" outcome="Passed" testListId="8c84fa94-04c1-424b-9868-57a2d4851a1d" relativeResultsDirectory="79ddd20a-110c-4271-bb65-aee502358acc" />
    <UnitTestResult executionId="01a26de4-d76a-4a62-9a83-fd9f6de74873" testId="98f397b1-0904-41a5-a8a6-a39a406b50f9" testName="Equals_Passing_Valid_Values_Returns_True (200,EUR,4)" computerName="PC-SFERRARI" duration="00:00:00.0022462" startTime="2021-07-26T13:19:43.3373874+02:00" endTime="2021-07-26T13:19:43.3397774+02:00" testType="13cdc9d9-ddb5-4fa4-a97d-d965ccfc6d4b" outcome="Passed" testListId="8c84fa94-04c1-424b-9868-57a2d4851a1d" relativeResultsDirectory="01a26de4-d76a-4a62-9a83-fd9f6de74873" />
    <UnitTestResult executionId="29dd06c0-339c-4e1b-931f-abe6f698a196" testId="76050f18-46a4-4c17-a017-3ff12b05110e" testName="OperatorEqual_Passing_Valid_Distinct_Values_Returns_False (TENANT_A)" computerName="PC-SFERRARI" duration="00:00:00.0000120" startTime="2021-07-26T13:19:43.5861160+02:00" endTime="2021-07-26T13:19:43.5861965+02:00" testType="13cdc9d9-ddb5-4fa4-a97d-d965ccfc6d4b" outcome="Passed" testListId="8c84fa94-04c1-424b-9868-57a2d4851a1d" relativeResultsDirectory="29dd06c0-339c-4e1b-931f-abe6f698a196" />
    <UnitTestResult executionId="356eaae0-02db-4d53-95d5-67dc106f794d" testId="633dd304-effe-4d9f-881c-f44f4cf3141e" testName="Equals_Passing_Valid_Values_Returns_True (stage_hackerone.com)" computerName="PC-SFERRARI" duration="00:00:00.0000170" startTime="2021-07-26T13:19:43.4992167+02:00" endTime="2021-07-26T13:19:43.4992933+02:00" testType="13cdc9d9-ddb5-4fa4-a97d-d965ccfc6d4b" outcome="Passed" testListId="8c84fa94-04c1-424b-9868-57a2d4851a1d" relativeResultsDirectory="356eaae0-02db-4d53-95d5-67dc106f794d" />
    <UnitTestResult executionId="d1b7d6e6-a549-4fc4-973c-97f5346487c3" testId="beae4b1b-2e43-4229-b4d5-82d7fdc14af6" testName="OperatorEqual_Passing_Valid_Distinct_Values_Returns_False (Sabadell)" computerName="PC-SFERRARI" duration="00:00:00.0000092" startTime="2021-07-26T13:19:43.4809426+02:00" endTime="2021-07-26T13:19:43.4810172+02:00" testType="13cdc9d9-ddb5-4fa4-a97d-d965ccfc6d4b" outcome="Passed" testListId="8c84fa94-04c1-424b-9868-57a2d4851a1d" relativeResultsDirectory="d1b7d6e6-a549-4fc4-973c-97f5346487c3" />
    <UnitTestResult executionId="b80a2a74-aa14-4d68-923c-86a1f18c3642" testId="e951afee-68bc-40c3-83c1-be6dca42af7f" testName="OperatorEqual_Passing_Valid_Values_Returns_True (tenantA)" computerName="PC-SFERRARI" duration="00:00:00.0000113" startTime="2021-07-26T13:19:43.5779654+02:00" endTime="2021-07-26T13:19:43.5780413+02:00" testType="13cdc9d9-ddb5-4fa4-a97d-d965ccfc6d4b" outcome="Passed" testListId="8c84fa94-04c1-424b-9868-57a2d4851a1d" relativeResultsDirectory="b80a2a74-aa14-4d68-923c-86a1f18c3642" />
    <UnitTestResult executionId="ae3af98d-e0ee-4e53-9581-4b4743817115" testId="722cf4dd-b880-4a3d-b4f6-67cb0204e87c" testName="IsNull_Passing_Valid_Value_Returns_False (dasdasd@dsasd.ff)" computerName="PC-SFERRARI" duration="00:00:00.0238064" startTime="2021-07-26T13:19:43.2085066+02:00" endTime="2021-07-26T13:19:43.2326276+02:00" testType="13cdc9d9-ddb5-4fa4-a97d-d965ccfc6d4b" outcome="Passed" testListId="8c84fa94-04c1-424b-9868-57a2d4851a1d" relativeResultsDirectory="ae3af98d-e0ee-4e53-9581-4b4743817115" />
    <UnitTestResult executionId="b15d289e-6dd6-42b4-8df0-239105cebd9a" testId="7c59c336-0e40-4acf-9946-d3b873bb74e6" testName="Create_Passing_Valid_Values_Returns_Name (tenantA)" computerName="PC-SFERRARI" duration="00:00:00.0000107" startTime="2021-07-26T13:19:43.5379501+02:00" endTime="2021-07-26T13:19:43.5380437+02:00" testType="13cdc9d9-ddb5-4fa4-a97d-d965ccfc6d4b" outcome="Passed" testListId="8c84fa94-04c1-424b-9868-57a2d4851a1d" relativeResultsDirectory="b15d289e-6dd6-42b4-8df0-239105cebd9a" />
    <UnitTestResult executionId="ee157561-01aa-4d26-9d4d-0b67185f9a48" testId="935e9639-1df2-436b-b63e-73b3a1d51d43" testName="Equals_Passing_Valid_Values_Returns_True (TENANT_A)" computerName="PC-SFERRARI" duration="00:00:00.0000122" startTime="2021-07-26T13:19:43.5643556+02:00" endTime="2021-07-26T13:19:43.5644366+02:00" testType="13cdc9d9-ddb5-4fa4-a97d-d965ccfc6d4b" outcome="Passed" testListId="8c84fa94-04c1-424b-9868-57a2d4851a1d" relativeResultsDirectory="ee157561-01aa-4d26-9d4d-0b67185f9a48" />
    <UnitTestResult executionId="d13dbbd9-2840-4f30-9c28-0db61ec0eda9" testId="699c8315-d0cf-44e5-9f6a-b6b0256fdec9" testName="Equals_Passing_Valid_Distinct_Values_Returns_False (app.hackerone1.com)" computerName="PC-SFERRARI" duration="00:00:00.0001843" startTime="2021-07-26T13:19:43.4993406+02:00" endTime="2021-07-26T13:19:43.4995839+02:00" testType="13cdc9d9-ddb5-4fa4-a97d-d965ccfc6d4b" outcome="Passed" testListId="8c84fa94-04c1-424b-9868-57a2d4851a1d" relativeResultsDirectory="d13dbbd9-2840-4f30-9c28-0db61ec0eda9" />
    <UnitTestResult executionId="7426d522-6180-4260-9ca3-710ff24d2991" testId="79634f04-248a-472e-9a3a-8ce9945b5b1f" testName="ToNormalize_Passing_Valid_Values_Returns_Address_String_Format (ñandu@gmail.com)" computerName="PC-SFERRARI" duration="00:00:00.0376062" startTime="2021-07-26T13:19:43.2555006+02:00" endTime="2021-07-26T13:19:43.2931906+02:00" testType="13cdc9d9-ddb5-4fa4-a97d-d965ccfc6d4b" outcome="Passed" testListId="8c84fa94-04c1-424b-9868-57a2d4851a1d" relativeResultsDirectory="7426d522-6180-4260-9ca3-710ff24d2991" />
    <UnitTestResult executionId="df40ac53-d032-49c8-9235-f8ffebf7b169" testId="e6fbc9af-eb75-410b-a053-137e2b8c8abb" testName="Equals_Passing_Valid_Distinct_Values_Returns_False (Tenant_1)" computerName="PC-SFERRARI" duration="00:00:00.0000183" startTime="2021-07-26T13:19:43.5653427+02:00" endTime="2021-07-26T13:19:43.5654616+02:00" testType="13cdc9d9-ddb5-4fa4-a97d-d965ccfc6d4b" outcome="Passed" testListId="8c84fa94-04c1-424b-9868-57a2d4851a1d" relativeResultsDirectory="df40ac53-d032-49c8-9235-f8ffebf7b169" />
    <UnitTestResult executionId="ecbfc849-f8d9-4724-8610-fc06b64e4c8e" testId="b0d53638-f9b0-4080-bf45-607ab01fa9f8" testName="Create_Passing_Valid_Values_Returns_Address (Tenerife,23,34567,San Bartoleme De Tirajana,Las Palmas,España)" computerName="PC-SFERRARI" duration="00:00:00.0010254" startTime="2021-07-26T13:19:43.0038125+02:00" endTime="2021-07-26T13:19:43.0049233+02:00" testType="13cdc9d9-ddb5-4fa4-a97d-d965ccfc6d4b" outcome="Passed" testListId="8c84fa94-04c1-424b-9868-57a2d4851a1d" relativeResultsDirectory="ecbfc849-f8d9-4724-8610-fc06b64e4c8e" />
    <UnitTestResult executionId="787da862-8701-41f5-8f44-c6682461fcdf" testId="16ad10cd-53a9-4ed1-8011-05c276983346" testName="Equals_Passing_Valid_Values_Returns_True (USD)" computerName="PC-SFERRARI" duration="00:00:00.0010027" startTime="2021-07-26T13:19:43.1940468+02:00" endTime="2021-07-26T13:19:43.1951389+02:00" testType="13cdc9d9-ddb5-4fa4-a97d-d965ccfc6d4b" outcome="Passed" testListId="8c84fa94-04c1-424b-9868-57a2d4851a1d" relativeResultsDirectory="787da862-8701-41f5-8f44-c6682461fcdf" />
    <UnitTestResult executionId="1d6b1246-166e-43e0-b8a6-15bb11a96230" testId="4966a52c-3660-4575-927e-8cfbf34dc82e" testName="Create_Passing_Valid_Values_Returns_Address (200,EUR,4)" computerName="PC-SFERRARI" duration="00:00:00.0003622" startTime="2021-07-26T13:19:43.3211647+02:00" endTime="2021-07-26T13:19:43.3216679+02:00" testType="13cdc9d9-ddb5-4fa4-a97d-d965ccfc6d4b" outcome="Passed" testListId="8c84fa94-04c1-424b-9868-57a2d4851a1d" relativeResultsDirectory="1d6b1246-166e-43e0-b8a6-15bb11a96230" />
    <UnitTestResult executionId="9b9e2f9f-7cf2-4ffd-87c6-d41f8db6f4d4" testId="17cf16f7-3ba5-4818-a5f2-eb45aa7681cf" testName="IsNull_Passing_Valid_Value_Returns_False (España)" computerName="PC-SFERRARI" duration="00:00:00.0007943" startTime="2021-07-26T13:19:43.3765123+02:00" endTime="2021-07-26T13:19:43.3775957+02:00" testType="13cdc9d9-ddb5-4fa4-a97d-d965ccfc6d4b" outcome="Passed" testListId="8c84fa94-04c1-424b-9868-57a2d4851a1d" relativeResultsDirectory="9b9e2f9f-7cf2-4ffd-87c6-d41f8db6f4d4" />
    <UnitTestResult executionId="f439650a-9d14-4c46-8ea2-9706c4c9e24d" testId="bfd9d7e6-75be-472f-9841-c3be69d61b9d" testName="ToEnum_Passing_Valid_String_ShortName_Enumeracion_Returns_Enumeracion" computerName="PC-SFERRARI" duration="00:00:00.0002560" startTime="2021-07-26T13:19:43.6076155+02:00" endTime="2021-07-26T13:19:43.6079981+02:00" testType="13cdc9d9-ddb5-4fa4-a97d-d965ccfc6d4b" outcome="Passed" testListId="8c84fa94-04c1-424b-9868-57a2d4851a1d" relativeResultsDirectory="f439650a-9d14-4c46-8ea2-9706c4c9e24d" />
    <UnitTestResult executionId="006a1c22-85ae-4047-a1d0-e37206402429" testId="cd657e51-550c-4072-89d2-28bd7df5a52e" testName="ToNormalize_Passing_Valid_Values_Returns_Name_String_Format (Españħ,Espanh)" computerName="PC-SFERRARI" duration="00:00:00.0000406" startTime="2021-07-26T13:19:43.4677791+02:00" endTime="2021-07-26T13:19:43.4678907+02:00" testType="13cdc9d9-ddb5-4fa4-a97d-d965ccfc6d4b" outcome="Passed" testListId="8c84fa94-04c1-424b-9868-57a2d4851a1d" relativeResultsDirectory="006a1c22-85ae-4047-a1d0-e37206402429" />
    <UnitTestResult executionId="7c1f0d3f-8f0c-4b73-b7fc-f47d2e73c165" testId="f27f2a47-f2be-4fe9-a625-2453c5d92d7a" testName="OperatorNotEqual_Passing_Valid_Values_Returns_False (Españä)" computerName="PC-SFERRARI" duration="00:00:00.0000206" startTime="2021-07-26T13:19:43.4534262+02:00" endTime="2021-07-26T13:19:43.4535213+02:00" testType="13cdc9d9-ddb5-4fa4-a97d-d965ccfc6d4b" outcome="Passed" testListId="8c84fa94-04c1-424b-9868-57a2d4851a1d" relativeResultsDirectory="7c1f0d3f-8f0c-4b73-b7fc-f47d2e73c165" />
    <UnitTestResult executionId="f4e1c4e5-bca8-428a-aa1b-6a6f167dbc30" testId="3aeb15d8-4b42-4876-a28c-57469a3fe5b5" testName="Create_Passing_Valid_Values_Returns_Subdomain (stage_hackerone.com)" computerName="PC-SFERRARI" duration="00:00:00.0000148" startTime="2021-07-26T13:19:43.4910585+02:00" endTime="2021-07-26T13:19:43.4911678+02:00" testType="13cdc9d9-ddb5-4fa4-a97d-d965ccfc6d4b" outcome="Passed" testListId="8c84fa94-04c1-424b-9868-57a2d4851a1d" relativeResultsDirectory="f4e1c4e5-bca8-428a-aa1b-6a6f167dbc30" />
    <UnitTestResult executionId="16d950d0-3da2-4fe4-863e-d3bdff91cec9" testId="17aff4c5-8a6e-48c8-aa4a-172d8d6b5bd9" testName="ToString_Passing_Valid_Values_Returns_StringId (San Bartoleme De Tirajana)" computerName="PC-SFERRARI" duration="00:00:00.0001475" startTime="2021-07-26T13:19:43.4744271+02:00" endTime="2021-07-26T13:19:43.4746424+02:00" testType="13cdc9d9-ddb5-4fa4-a97d-d965ccfc6d4b" outcome="Passed" testListId="8c84fa94-04c1-424b-9868-57a2d4851a1d" relativeResultsDirectory="16d950d0-3da2-4fe4-863e-d3bdff91cec9" />
    <UnitTestResult executionId="d10c7c7a-a069-4006-b601-2bd115226e65" testId="cfebae9b-be2e-432f-8c8d-a75de5701dd0" testName="Change_Passing_Valid_Values_Returns_Address" computerName="PC-SFERRARI" duration="00:00:00.0007549" startTime="2021-07-26T13:19:43.0165884+02:00" endTime="2021-07-26T13:19:43.0174142+02:00" testType="13cdc9d9-ddb5-4fa4-a97d-d965ccfc6d4b" outcome="Passed" testListId="8c84fa94-04c1-424b-9868-57a2d4851a1d" relativeResultsDirectory="d10c7c7a-a069-4006-b601-2bd115226e65" />
    <UnitTestResult executionId="752486bc-8251-4155-bdf3-d1033a4a8e1d" testId="20ae6a99-6347-469d-bdbd-5b9f1c0710bd" testName="OperatorEqual_Passing_Valid_Values_Returns_True (tenant_A)" computerName="PC-SFERRARI" duration="00:00:00.0000114" startTime="2021-07-26T13:19:43.5783362+02:00" endTime="2021-07-26T13:19:43.5784261+02:00" testType="13cdc9d9-ddb5-4fa4-a97d-d965ccfc6d4b" outcome="Passed" testListId="8c84fa94-04c1-424b-9868-57a2d4851a1d" relativeResultsDirectory="752486bc-8251-4155-bdf3-d1033a4a8e1d" />
    <UnitTestResult executionId="961a4b47-8956-4101-aa92-dbec1cc92217" testId="47488eba-dc17-4530-b350-98cfa62bbe3f" testName="OperatorEqual_Passing_Valid_Values_Returns_True (Españá)" computerName="PC-SFERRARI" duration="00:00:00.0000225" startTime="2021-07-26T13:19:43.4423023+02:00" endTime="2021-07-26T13:19:43.4424083+02:00" testType="13cdc9d9-ddb5-4fa4-a97d-d965ccfc6d4b" outcome="Passed" testListId="8c84fa94-04c1-424b-9868-57a2d4851a1d" relativeResultsDirectory="961a4b47-8956-4101-aa92-dbec1cc92217" />
    <UnitTestResult executionId="4944801b-d5d4-4daf-b070-932225797ced" testId="53812d64-dd17-416b-b906-60352d624a63" testName="OperatorNotEqual_Passing_Valid_Values_Returns_False (Tenant_A)" computerName="PC-SFERRARI" duration="00:00:00.0000127" startTime="2021-07-26T13:19:43.5936015+02:00" endTime="2021-07-26T13:19:43.5936956+02:00" testType="13cdc9d9-ddb5-4fa4-a97d-d965ccfc6d4b" outcome="Passed" testListId="8c84fa94-04c1-424b-9868-57a2d4851a1d" relativeResultsDirectory="4944801b-d5d4-4daf-b070-932225797ced" />
    <UnitTestResult executionId="441e9c13-d781-4967-a213-e45d7f1867e1" testId="00c32260-3bac-42e7-b0e5-b8f94d81d59a" testName="Create_Passing_InvalidOrNull_Value_Returns_ApplicationException ()" computerName="PC-SFERRARI" duration="00:00:00.0000721" startTime="2021-07-26T13:19:43.4202635+02:00" endTime="2021-07-26T13:19:43.4204238+02:00" testType="13cdc9d9-ddb5-4fa4-a97d-d965ccfc6d4b" outcome="Passed" testListId="8c84fa94-04c1-424b-9868-57a2d4851a1d" relativeResultsDirectory="441e9c13-d781-4967-a213-e45d7f1867e1" />
    <UnitTestResult executionId="1289d705-03bf-4533-b936-276a49ca88ce" testId="4a0dbf18-ac19-4be4-9793-5c47839b7c05" testName="OperatorNotEqual_Passing_Valid_Values_Returns_False (Tenant_1)" computerName="PC-SFERRARI" duration="00:00:00.0000120" startTime="2021-07-26T13:19:43.5870291+02:00" endTime="2021-07-26T13:19:43.5871086+02:00" testType="13cdc9d9-ddb5-4fa4-a97d-d965ccfc6d4b" outcome="Passed" testListId="8c84fa94-04c1-424b-9868-57a2d4851a1d" relativeResultsDirectory="1289d705-03bf-4533-b936-276a49ca88ce" />
    <UnitTestResult executionId="fd133e74-bcc5-481e-9a44-46dd64066198" testId="04607ba4-0dae-4f8b-878a-9dfc562750e7" testName="Create_Passing_Valid_Values_Returns_Name (tenant_A)" computerName="PC-SFERRARI" duration="00:00:00.0000186" startTime="2021-07-26T13:19:43.5415337+02:00" endTime="2021-07-26T13:19:43.5416957+02:00" testType="13cdc9d9-ddb5-4fa4-a97d-d965ccfc6d4b" outcome="Passed" testListId="8c84fa94-04c1-424b-9868-57a2d4851a1d" relativeResultsDirectory="fd133e74-bcc5-481e-9a44-46dd64066198" />
    <UnitTestResult executionId="2b29732f-f255-4a8e-a9d7-6537da9f6eaa" testId="54a16c56-bc60-4da6-b042-1b65927e3f96" testName="Equals_Passing_Valid_Distinct_Values_Returns_False (Esp añâ)" computerName="PC-SFERRARI" duration="00:00:00.0000185" startTime="2021-07-26T13:19:43.4383744+02:00" endTime="2021-07-26T13:19:43.4384573+02:00" testType="13cdc9d9-ddb5-4fa4-a97d-d965ccfc6d4b" outcome="Passed" testListId="8c84fa94-04c1-424b-9868-57a2d4851a1d" relativeResultsDirectory="2b29732f-f255-4a8e-a9d7-6537da9f6eaa" />
    <UnitTestResult executionId="a51d356c-36bd-45ed-af06-0b00205e98bd" testId="33d46e7c-d773-4aa4-a6e5-3e84e335fb1b" testName="ToString_Passing_Valid_Values_Returns_Name (Españä)" computerName="PC-SFERRARI" duration="00:00:00.0000127" startTime="2021-07-26T13:19:43.4249398+02:00" endTime="2021-07-26T13:19:43.4250165+02:00" testType="13cdc9d9-ddb5-4fa4-a97d-d965ccfc6d4b" outcome="Passed" testListId="8c84fa94-04c1-424b-9868-57a2d4851a1d" relativeResultsDirectory="a51d356c-36bd-45ed-af06-0b00205e98bd" />
    <UnitTestResult executionId="822ab52f-76f2-4f20-9a4a-a6ee092a8ee8" testId="08d60787-ce02-400e-88e7-615c4f716845" testName="OperatorEqual_Passing_Valid_Values_Returns_True (Españħ)" computerName="PC-SFERRARI" duration="00:00:00.0000185" startTime="2021-07-26T13:19:43.4431229+02:00" endTime="2021-07-26T13:19:43.4432050+02:00" testType="13cdc9d9-ddb5-4fa4-a97d-d965ccfc6d4b" outcome="Passed" testListId="8c84fa94-04c1-424b-9868-57a2d4851a1d" relativeResultsDirectory="822ab52f-76f2-4f20-9a4a-a6ee092a8ee8" />
  </Results>
  <TestDefinitions>
    <UnitTest name="GetAll_Passing_Nothing_Returns_Enumeracion_List" storage="d:\sferrari\01 - trabajo\repos\netcore\libs\template-netcore-entities\kitpymes.core.entities.tests\bin\release\net5.0\kitpymes.core.entities.tests.dll" id="61062860-f1fc-416f-be2d-ec48424765bc">
      <Execution id="6f911344-5496-47a0-bd8a-fef742edc3f4" />
      <TestMethod codeBase="D:\SFERRARI\01 - TRABAJO\repos\netcore\libs\template-netcore-entities\Kitpymes.Core.Entities.Tests\bin\Release\net5.0\Kitpymes.Core.Entities.Tests.dll" adapterTypeName="executor://mstestadapter/v2" className="Kitpymes.Core.Entities.Enumerations.Tests.GenderTypeEnumTests" name="GetAll_Passing_Nothing_Returns_Enumeracion_List" />
    </UnitTest>
    <UnitTest name="IsNull_Passing_Valid_Value_Returns_False (Españç)" storage="d:\sferrari\01 - trabajo\repos\netcore\libs\template-netcore-entities\kitpymes.core.entities.tests\bin\release\net5.0\kitpymes.core.entities.tests.dll" id="1c9955e0-2269-47d4-ad66-ca14b75c192b">
      <Execution id="d0d68822-1d8d-476f-9991-42eb000d31ae" />
      <TestMethod codeBase="D:\SFERRARI\01 - TRABAJO\repos\netcore\libs\template-netcore-entities\Kitpymes.Core.Entities.Tests\bin\Release\net5.0\Kitpymes.Core.Entities.Tests.dll" adapterTypeName="executor://mstestadapter/v2" className="Kitpymes.Core.Entities.ValueObjects.Tests.NameTests" name="IsNull_Passing_Valid_Value_Returns_False" />
    </UnitTest>
    <UnitTest name="OperatorEqual_Passing_Valid_Distinct_Values_Returns_False (D45,86554654)" storage="d:\sferrari\01 - trabajo\repos\netcore\libs\template-netcore-entities\kitpymes.core.entities.tests\bin\release\net5.0\kitpymes.core.entities.tests.dll" id="f133bfd2-3b28-482d-a333-935d788a1194">
      <Execution id="cb309255-291e-44ce-a442-055d46bd3277" />
      <TestMethod codeBase="D:\SFERRARI\01 - TRABAJO\repos\netcore\libs\template-netcore-entities\Kitpymes.Core.Entities.Tests\bin\Release\net5.0\Kitpymes.Core.Entities.Tests.dll" adapterTypeName="executor://mstestadapter/v2" className="Kitpymes.Core.Entities.ValueObjects.Tests.TelephoneTests" name="OperatorEqual_Passing_Valid_Distinct_Values_Returns_False" />
    </UnitTest>
    <UnitTest name="Create_Passing_Valid_Values_Returns_Telephone (D45,86554654)" storage="d:\sferrari\01 - trabajo\repos\netcore\libs\template-netcore-entities\kitpymes.core.entities.tests\bin\release\net5.0\kitpymes.core.entities.tests.dll" id="1dfd5854-e9a3-47c2-9300-9fbfdb826192">
      <Execution id="64a3d99d-29f9-4a57-a1ca-74e2c456e7df" />
      <TestMethod codeBase="D:\SFERRARI\01 - TRABAJO\repos\netcore\libs\template-netcore-entities\Kitpymes.Core.Entities.Tests\bin\Release\net5.0\Kitpymes.Core.Entities.Tests.dll" adapterTypeName="executor://mstestadapter/v2" className="Kitpymes.Core.Entities.ValueObjects.Tests.TelephoneTests" name="Create_Passing_Valid_Values_Returns_Telephone" />
    </UnitTest>
    <UnitTest name="ToString_Passing_Valid_Values_Returns_Subdomain (stage_hackerone.com)" storage="d:\sferrari\01 - trabajo\repos\netcore\libs\template-netcore-entities\kitpymes.core.entities.tests\bin\release\net5.0\kitpymes.core.entities.tests.dll" id="8640d22d-4b7f-4d2f-b26a-0114e5634eb9">
      <Execution id="f3a876bb-661b-4bda-a531-a450dfe92ed0" />
      <TestMethod codeBase="D:\SFERRARI\01 - TRABAJO\repos\netcore\libs\template-netcore-entities\Kitpymes.Core.Entities.Tests\bin\Release\net5.0\Kitpymes.Core.Entities.Tests.dll" adapterTypeName="executor://mstestadapter/v2" className="Kitpymes.Core.Entities.ValueObjects.Tests.SubdomainTests" name="ToString_Passing_Valid_Values_Returns_Subdomain" />
    </UnitTest>
    <UnitTest name="IsNull_Passing_Valid_Value_Returns_False (Españá)" storage="d:\sferrari\01 - trabajo\repos\netcore\libs\template-netcore-entities\kitpymes.core.entities.tests\bin\release\net5.0\kitpymes.core.entities.tests.dll" id="51c458cc-8b8c-4698-ab68-437a2f0b794e">
      <Execution id="f018401f-7bb6-4a8f-ae85-66fab5c1ba69" />
      <TestMethod codeBase="D:\SFERRARI\01 - TRABAJO\repos\netcore\libs\template-netcore-entities\Kitpymes.Core.Entities.Tests\bin\Release\net5.0\Kitpymes.Core.Entities.Tests.dll" adapterTypeName="executor://mstestadapter/v2" className="Kitpymes.Core.Entities.ValueObjects.Tests.NameTests" name="IsNull_Passing_Valid_Value_Returns_False" />
    </UnitTest>
    <UnitTest name="IsNull_Passing_Valid_Value_Returns_False (TENANT_A)" storage="d:\sferrari\01 - trabajo\repos\netcore\libs\template-netcore-entities\kitpymes.core.entities.tests\bin\release\net5.0\kitpymes.core.entities.tests.dll" id="d36e7867-507b-42ce-81b5-5160cd1ed8a1">
      <Execution id="767729ff-4821-496c-a4b8-8227244acaf8" />
      <TestMethod codeBase="D:\SFERRARI\01 - TRABAJO\repos\netcore\libs\template-netcore-entities\Kitpymes.Core.Entities.Tests\bin\Release\net5.0\Kitpymes.Core.Entities.Tests.dll" adapterTypeName="executor://mstestadapter/v2" className="Kitpymes.Core.Entities.ValueObjects.Tests.TenantNameTests" name="IsNull_Passing_Valid_Value_Returns_False" />
    </UnitTest>
    <UnitTest name="OperatorEqual_Passing_Valid_Distinct_Values_Returns_False (EUR)" storage="d:\sferrari\01 - trabajo\repos\netcore\libs\template-netcore-entities\kitpymes.core.entities.tests\bin\release\net5.0\kitpymes.core.entities.tests.dll" id="d6ba962a-86ad-4861-9f6a-3c94f3bbd3e3">
      <Execution id="92e80924-c3d6-4512-a28a-479b4e1f90e7" />
      <TestMethod codeBase="D:\SFERRARI\01 - TRABAJO\repos\netcore\libs\template-netcore-entities\Kitpymes.Core.Entities.Tests\bin\Release\net5.0\Kitpymes.Core.Entities.Tests.dll" adapterTypeName="executor://mstestadapter/v2" className="Kitpymes.Core.Entities.ValueObjects.Tests.CurrencyTests" name="OperatorEqual_Passing_Valid_Distinct_Values_Returns_False" />
    </UnitTest>
    <UnitTest name="Create_Passing_Valid_Values_Returns_Name (Españħ)" storage="d:\sferrari\01 - trabajo\repos\netcore\libs\template-netcore-entities\kitpymes.core.entities.tests\bin\release\net5.0\kitpymes.core.entities.tests.dll" id="be8fbaa1-ca2e-47e9-ba00-e5513a6e8b7b">
      <Execution id="b799f3c9-5134-4f16-bbef-494b15885ac9" />
      <TestMethod codeBase="D:\SFERRARI\01 - TRABAJO\repos\netcore\libs\template-netcore-entities\Kitpymes.Core.Entities.Tests\bin\Release\net5.0\Kitpymes.Core.Entities.Tests.dll" adapterTypeName="executor://mstestadapter/v2" className="Kitpymes.Core.Entities.ValueObjects.Tests.NameTests" name="Create_Passing_Valid_Values_Returns_Name" />
    </UnitTest>
    <UnitTest name="OperatorNotEqual_Passing_Valid_Values_Returns_False (tenant1)" storage="d:\sferrari\01 - trabajo\repos\netcore\libs\template-netcore-entities\kitpymes.core.entities.tests\bin\release\net5.0\kitpymes.core.entities.tests.dll" id="ce5cec2d-520a-4514-a153-865b66b46a6c">
      <Execution id="03cb799c-895f-4cad-aa49-420085301bb5" />
      <TestMethod codeBase="D:\SFERRARI\01 - TRABAJO\repos\netcore\libs\template-netcore-entities\Kitpymes.Core.Entities.Tests\bin\Release\net5.0\Kitpymes.Core.Entities.Tests.dll" adapterTypeName="executor://mstestadapter/v2" className="Kitpymes.Core.Entities.ValueObjects.Tests.TenantNameTests" name="OperatorNotEqual_Passing_Valid_Values_Returns_False" />
    </UnitTest>
    <UnitTest name="IsNull_Passing_Null_Value_Returns_True" storage="d:\sferrari\01 - trabajo\repos\netcore\libs\template-netcore-entities\kitpymes.core.entities.tests\bin\release\net5.0\kitpymes.core.entities.tests.dll" id="7f45cfde-8cbc-4560-8b9a-21d5d88337fc">
      <Execution id="4d8c54fa-7063-4fb9-8987-45cc66e63f1b" />
      <TestMethod codeBase="D:\SFERRARI\01 - TRABAJO\repos\netcore\libs\template-netcore-entities\Kitpymes.Core.Entities.Tests\bin\Release\net5.0\Kitpymes.Core.Entities.Tests.dll" adapterTypeName="executor://mstestadapter/v2" className="Kitpymes.Core.Entities.ValueObjects.Tests.EmailTests" name="IsNull_Passing_Null_Value_Returns_True" />
    </UnitTest>
    <UnitTest name="Create_Passing_InvalidOrNull_Value_Returns_ApplicationException ()" storage="d:\sferrari\01 - trabajo\repos\netcore\libs\template-netcore-entities\kitpymes.core.entities.tests\bin\release\net5.0\kitpymes.core.entities.tests.dll" id="f779b864-72c1-4203-ad79-df3d69aba263">
      <Execution id="16f5ff53-e5ed-4ade-a989-7777bf4d2fdd" />
      <TestMethod codeBase="D:\SFERRARI\01 - TRABAJO\repos\netcore\libs\template-netcore-entities\Kitpymes.Core.Entities.Tests\bin\Release\net5.0\Kitpymes.Core.Entities.Tests.dll" adapterTypeName="executor://mstestadapter/v2" className="Kitpymes.Core.Entities.ValueObjects.Tests.SubdomainTests" name="Create_Passing_InvalidOrNull_Value_Returns_ApplicationException" />
    </UnitTest>
    <UnitTest name="IsNull_Passing_Valid_Address_Returns_False (Pader,789,DF7956,Sabadell,Barcelona,España)" storage="d:\sferrari\01 - trabajo\repos\netcore\libs\template-netcore-entities\kitpymes.core.entities.tests\bin\release\net5.0\kitpymes.core.entities.tests.dll" id="2a71f060-f7c0-4fbe-bc50-18f7a7e7708f">
      <Execution id="b0ffb47a-e61b-448f-92a5-638c79d78c6b" />
      <TestMethod codeBase="D:\SFERRARI\01 - TRABAJO\repos\netcore\libs\template-netcore-entities\Kitpymes.Core.Entities.Tests\bin\Release\net5.0\Kitpymes.Core.Entities.Tests.dll" adapterTypeName="executor://mstestadapter/v2" className="Kitpymes.Core.Entities.ValueObjects.Tests.AddressTests" name="IsNull_Passing_Valid_Address_Returns_False" />
    </UnitTest>
    <UnitTest name="IsNull_Passing_Valid_Value_Returns_False (tenant_1)" storage="d:\sferrari\01 - trabajo\repos\netcore\libs\template-netcore-entities\kitpymes.core.entities.tests\bin\release\net5.0\kitpymes.core.entities.tests.dll" id="4ebc27ba-6d76-44be-ac79-4a9e1ea38d50">
      <Execution id="533697a6-219c-43cf-b80e-242e43eee9e5" />
      <TestMethod codeBase="D:\SFERRARI\01 - TRABAJO\repos\netcore\libs\template-netcore-entities\Kitpymes.Core.Entities.Tests\bin\Release\net5.0\Kitpymes.Core.Entities.Tests.dll" adapterTypeName="executor://mstestadapter/v2" className="Kitpymes.Core.Entities.ValueObjects.Tests.TenantNameTests" name="IsNull_Passing_Valid_Value_Returns_False" />
    </UnitTest>
    <UnitTest name="Create_Passing_InvalidOrNull_Value_Returns_ApplicationException ()" storage="d:\sferrari\01 - trabajo\repos\netcore\libs\template-netcore-entities\kitpymes.core.entities.tests\bin\release\net5.0\kitpymes.core.entities.tests.dll" id="61b9e645-3bdf-43a1-952c-90e361e1b24f">
      <Execution id="363f6faa-a1a0-4399-a6f6-7b6cbc432c86" />
      <TestMethod codeBase="D:\SFERRARI\01 - TRABAJO\repos\netcore\libs\template-netcore-entities\Kitpymes.Core.Entities.Tests\bin\Release\net5.0\Kitpymes.Core.Entities.Tests.dll" adapterTypeName="executor://mstestadapter/v2" className="Kitpymes.Core.Entities.ValueObjects.Tests.StringIdTests" name="Create_Passing_InvalidOrNull_Value_Returns_ApplicationException" />
    </UnitTest>
    <UnitTest name="OperatorEqual_Passing_Valid_Values_Returns_False (Pader,789,DF7956,Sabadell,Barcelona,España)" storage="d:\sferrari\01 - trabajo\repos\netcore\libs\template-netcore-entities\kitpymes.core.entities.tests\bin\release\net5.0\kitpymes.core.entities.tests.dll" id="4252a684-6e97-49d3-989e-4e08beaed3d1">
      <Execution id="80b08abc-a14a-4f30-82f8-c888c5d64a10" />
      <TestMethod codeBase="D:\SFERRARI\01 - TRABAJO\repos\netcore\libs\template-netcore-entities\Kitpymes.Core.Entities.Tests\bin\Release\net5.0\Kitpymes.Core.Entities.Tests.dll" adapterTypeName="executor://mstestadapter/v2" className="Kitpymes.Core.Entities.ValueObjects.Tests.AddressTests" name="OperatorEqual_Passing_Valid_Values_Returns_False" />
    </UnitTest>
    <UnitTest name="OperatorEqual_Passing_Valid_Values_Returns_True (Pader,789,DF7956,Sabadell,Barcelona,España)" storage="d:\sferrari\01 - trabajo\repos\netcore\libs\template-netcore-entities\kitpymes.core.entities.tests\bin\release\net5.0\kitpymes.core.entities.tests.dll" id="527ae248-e721-4444-b6fd-774263962ddc">
      <Execution id="a2221c06-77c3-4c55-a36f-40d88a9db4a3" />
      <TestMethod codeBase="D:\SFERRARI\01 - TRABAJO\repos\netcore\libs\template-netcore-entities\Kitpymes.Core.Entities.Tests\bin\Release\net5.0\Kitpymes.Core.Entities.Tests.dll" adapterTypeName="executor://mstestadapter/v2" className="Kitpymes.Core.Entities.ValueObjects.Tests.AddressTests" name="OperatorEqual_Passing_Valid_Values_Returns_True" />
    </UnitTest>
    <UnitTest name="Equals_Passing_Valid_Distinct_Values_Returns_False (España)" storage="d:\sferrari\01 - trabajo\repos\netcore\libs\template-netcore-entities\kitpymes.core.entities.tests\bin\release\net5.0\kitpymes.core.entities.tests.dll" id="7fd0df3d-4595-4ca6-b88f-c6e9aec041f4">
      <Execution id="222c114c-aba0-4f36-979e-3916a848d0d9" />
      <TestMethod codeBase="D:\SFERRARI\01 - TRABAJO\repos\netcore\libs\template-netcore-entities\Kitpymes.Core.Entities.Tests\bin\Release\net5.0\Kitpymes.Core.Entities.Tests.dll" adapterTypeName="executor://mstestadapter/v2" className="Kitpymes.Core.Entities.ValueObjects.Tests.NameTests" name="Equals_Passing_Valid_Distinct_Values_Returns_False" />
    </UnitTest>
    <UnitTest name="ToString_Passing_Valid_Values_Returns_Value_String_Format (San Bartoleme De Tirajana,Las Palmas)" storage="d:\sferrari\01 - trabajo\repos\netcore\libs\template-netcore-entities\kitpymes.core.entities.tests\bin\release\net5.0\kitpymes.core.entities.tests.dll" id="6c26aad9-a046-4485-bb81-e05f62c4e05d">
      <Execution id="d8c999e4-0067-4847-9155-1c6fda6110fa" />
      <TestMethod codeBase="D:\SFERRARI\01 - TRABAJO\repos\netcore\libs\template-netcore-entities\Kitpymes.Core.Entities.Tests\bin\Release\net5.0\Kitpymes.Core.Entities.Tests.dll" adapterTypeName="executor://mstestadapter/v2" className="Kitpymes.Core.Entities.ValueObjects.Tests.FullNameTests" name="ToString_Passing_Valid_Values_Returns_Value_String_Format" />
    </UnitTest>
    <UnitTest name="ToEnum_Passing_Valid_String_ShortName_Enumeracion_Returns_Enumeracion" storage="d:\sferrari\01 - trabajo\repos\netcore\libs\template-netcore-entities\kitpymes.core.entities.tests\bin\release\net5.0\kitpymes.core.entities.tests.dll" id="930c3161-de61-47e0-be38-1b521b35afa9">
      <Execution id="f904b6ab-790b-44ad-a399-64312aaffa4a" />
      <TestMethod codeBase="D:\SFERRARI\01 - TRABAJO\repos\netcore\libs\template-netcore-entities\Kitpymes.Core.Entities.Tests\bin\Release\net5.0\Kitpymes.Core.Entities.Tests.dll" adapterTypeName="executor://mstestadapter/v2" className="Kitpymes.Core.Entities.Enumerations.Tests.GenderTypeEnumTests" name="ToEnum_Passing_Valid_String_ShortName_Enumeracion_Returns_Enumeracion" />
    </UnitTest>
    <UnitTest name="Equals_Passing_Valid_Distinct_Values_Returns_False (100,EUR,2)" storage="d:\sferrari\01 - trabajo\repos\netcore\libs\template-netcore-entities\kitpymes.core.entities.tests\bin\release\net5.0\kitpymes.core.entities.tests.dll" id="c5acd6ab-30e6-4c93-96b6-4d0b093e3442">
      <Execution id="5dbca2b9-e7df-43d3-9bdb-c2e41b192c25" />
      <TestMethod codeBase="D:\SFERRARI\01 - TRABAJO\repos\netcore\libs\template-netcore-entities\Kitpymes.Core.Entities.Tests\bin\Release\net5.0\Kitpymes.Core.Entities.Tests.dll" adapterTypeName="executor://mstestadapter/v2" className="Kitpymes.Core.Entities.ValueObjects.Tests.MoneyTests" name="Equals_Passing_Valid_Distinct_Values_Returns_False" />
    </UnitTest>
    <UnitTest name="ToString_Passing_Valid_Values_Returns_Name (TENANT_A)" storage="d:\sferrari\01 - trabajo\repos\netcore\libs\template-netcore-entities\kitpymes.core.entities.tests\bin\release\net5.0\kitpymes.core.entities.tests.dll" id="a1b470eb-d7aa-412e-a4ad-cae2af2e15db">
      <Execution id="3242f168-6d99-462e-8f75-2e630aeb768e" />
      <TestMethod codeBase="D:\SFERRARI\01 - TRABAJO\repos\netcore\libs\template-netcore-entities\Kitpymes.Core.Entities.Tests\bin\Release\net5.0\Kitpymes.Core.Entities.Tests.dll" adapterTypeName="executor://mstestadapter/v2" className="Kitpymes.Core.Entities.ValueObjects.Tests.TenantNameTests" name="ToString_Passing_Valid_Values_Returns_Name" />
    </UnitTest>
    <UnitTest name="Equals_Passing_Valid_Distinct_Values_Returns_False (D45,86554654)" storage="d:\sferrari\01 - trabajo\repos\netcore\libs\template-netcore-entities\kitpymes.core.entities.tests\bin\release\net5.0\kitpymes.core.entities.tests.dll" id="5513dbc2-9fe5-41e5-b1a6-72552ad513e7">
      <Execution id="0ccfde85-d976-4ff9-9eb3-f0c3b7bb6999" />
      <TestMethod codeBase="D:\SFERRARI\01 - TRABAJO\repos\netcore\libs\template-netcore-entities\Kitpymes.Core.Entities.Tests\bin\Release\net5.0\Kitpymes.Core.Entities.Tests.dll" adapterTypeName="executor://mstestadapter/v2" className="Kitpymes.Core.Entities.ValueObjects.Tests.TelephoneTests" name="Equals_Passing_Valid_Distinct_Values_Returns_False" />
    </UnitTest>
    <UnitTest name="Equals_Passing_Valid_Distinct_Values_Returns_False (TenantA)" storage="d:\sferrari\01 - trabajo\repos\netcore\libs\template-netcore-entities\kitpymes.core.entities.tests\bin\release\net5.0\kitpymes.core.entities.tests.dll" id="43997536-0561-49fb-a7ff-a34047a95152">
      <Execution id="085e0b9f-807f-4e2d-bae3-06d8e179268d" />
      <TestMethod codeBase="D:\SFERRARI\01 - TRABAJO\repos\netcore\libs\template-netcore-entities\Kitpymes.Core.Entities.Tests\bin\Release\net5.0\Kitpymes.Core.Entities.Tests.dll" adapterTypeName="executor://mstestadapter/v2" className="Kitpymes.Core.Entities.ValueObjects.Tests.TenantNameTests" name="Equals_Passing_Valid_Distinct_Values_Returns_False" />
    </UnitTest>
    <UnitTest name="Create_Passing_InvalidOrNull_Value_Returns_ApplicationException (,43543543543)" storage="d:\sferrari\01 - trabajo\repos\netcore\libs\template-netcore-entities\kitpymes.core.entities.tests\bin\release\net5.0\kitpymes.core.entities.tests.dll" id="46505462-7d1e-42c9-afc2-272d71161bd2">
      <Execution id="722f7947-9dec-4583-84f2-be784d9caa72" />
      <TestMethod codeBase="D:\SFERRARI\01 - TRABAJO\repos\netcore\libs\template-netcore-entities\Kitpymes.Core.Entities.Tests\bin\Release\net5.0\Kitpymes.Core.Entities.Tests.dll" adapterTypeName="executor://mstestadapter/v2" className="Kitpymes.Core.Entities.ValueObjects.Tests.TelephoneTests" name="Create_Passing_InvalidOrNull_Value_Returns_ApplicationException" />
    </UnitTest>
    <UnitTest name="IsNull_Passing_Valid_Value_Returns_False (tenant_A)" storage="d:\sferrari\01 - trabajo\repos\netcore\libs\template-netcore-entities\kitpymes.core.entities.tests\bin\release\net5.0\kitpymes.core.entities.tests.dll" id="4a78756c-ccf3-486f-814e-f6da825b247e">
      <Execution id="b76347b6-f214-49bb-b287-595cc1321ab8" />
      <TestMethod codeBase="D:\SFERRARI\01 - TRABAJO\repos\netcore\libs\template-netcore-entities\Kitpymes.Core.Entities.Tests\bin\Release\net5.0\Kitpymes.Core.Entities.Tests.dll" adapterTypeName="executor://mstestadapter/v2" className="Kitpymes.Core.Entities.ValueObjects.Tests.TenantNameTests" name="IsNull_Passing_Valid_Value_Returns_False" />
    </UnitTest>
    <UnitTest name="OperatorEqual_Passing_Valid_Values_Returns_True (tenant1)" storage="d:\sferrari\01 - trabajo\repos\netcore\libs\template-netcore-entities\kitpymes.core.entities.tests\bin\release\net5.0\kitpymes.core.entities.tests.dll" id="dd301310-db67-49b1-87e4-d9641861357f">
      <Execution id="3a4a098c-01b7-47af-a535-7884770e2577" />
      <TestMethod codeBase="D:\SFERRARI\01 - TRABAJO\repos\netcore\libs\template-netcore-entities\Kitpymes.Core.Entities.Tests\bin\Release\net5.0\Kitpymes.Core.Entities.Tests.dll" adapterTypeName="executor://mstestadapter/v2" className="Kitpymes.Core.Entities.ValueObjects.Tests.TenantNameTests" name="OperatorEqual_Passing_Valid_Values_Returns_True" />
    </UnitTest>
    <UnitTest name="OperatorNotEqual_Passing_Valid_Values_Returns_False (456,43543543543)" storage="d:\sferrari\01 - trabajo\repos\netcore\libs\template-netcore-entities\kitpymes.core.entities.tests\bin\release\net5.0\kitpymes.core.entities.tests.dll" id="78daf5f2-8503-4dde-a09b-422aaf723200">
      <Execution id="628dc67f-faaa-4464-ac77-9e18b6374f19" />
      <TestMethod codeBase="D:\SFERRARI\01 - TRABAJO\repos\netcore\libs\template-netcore-entities\Kitpymes.Core.Entities.Tests\bin\Release\net5.0\Kitpymes.Core.Entities.Tests.dll" adapterTypeName="executor://mstestadapter/v2" className="Kitpymes.Core.Entities.ValueObjects.Tests.TelephoneTests" name="OperatorNotEqual_Passing_Valid_Values_Returns_False" />
    </UnitTest>
    <UnitTest name="Equals_Passing_Valid_Distinct_Values_Returns_False (dasdasd@dsasd.ff)" storage="d:\sferrari\01 - trabajo\repos\netcore\libs\template-netcore-entities\kitpymes.core.entities.tests\bin\release\net5.0\kitpymes.core.entities.tests.dll" id="c2664efb-871d-4c9c-9cb2-8cbd3064fe97">
      <Execution id="0775e31e-82a4-41e2-b5bb-2a0b9f900b17" />
      <TestMethod codeBase="D:\SFERRARI\01 - TRABAJO\repos\netcore\libs\template-netcore-entities\Kitpymes.Core.Entities.Tests\bin\Release\net5.0\Kitpymes.Core.Entities.Tests.dll" adapterTypeName="executor://mstestadapter/v2" className="Kitpymes.Core.Entities.ValueObjects.Tests.EmailTests" name="Equals_Passing_Valid_Distinct_Values_Returns_False" />
    </UnitTest>
    <UnitTest name="ToString_Passing_Valid_Values_Returns_Value_String_Format (456,43543543543)" storage="d:\sferrari\01 - trabajo\repos\netcore\libs\template-netcore-entities\kitpymes.core.entities.tests\bin\release\net5.0\kitpymes.core.entities.tests.dll" id="2e5914d3-65ce-4cbb-bcfc-b55f89302edd">
      <Execution id="7d13182c-db50-4fa8-bb41-b0f2e2a67d84" />
      <TestMethod codeBase="D:\SFERRARI\01 - TRABAJO\repos\netcore\libs\template-netcore-entities\Kitpymes.Core.Entities.Tests\bin\Release\net5.0\Kitpymes.Core.Entities.Tests.dll" adapterTypeName="executor://mstestadapter/v2" className="Kitpymes.Core.Entities.ValueObjects.Tests.TelephoneTests" name="ToString_Passing_Valid_Values_Returns_Value_String_Format" />
    </UnitTest>
    <UnitTest name="Create_Passing_Valid_Values_Returns_Name (Españã)" storage="d:\sferrari\01 - trabajo\repos\netcore\libs\template-netcore-entities\kitpymes.core.entities.tests\bin\release\net5.0\kitpymes.core.entities.tests.dll" id="4f5b2a6e-4cd7-4c27-aa54-fa5c81115f80">
      <Execution id="27472bf1-3563-404e-885e-b5e634cc4f43" />
      <TestMethod codeBase="D:\SFERRARI\01 - TRABAJO\repos\netcore\libs\template-netcore-entities\Kitpymes.Core.Entities.Tests\bin\Release\net5.0\Kitpymes.Core.Entities.Tests.dll" adapterTypeName="executor://mstestadapter/v2" className="Kitpymes.Core.Entities.ValueObjects.Tests.NameTests" name="Create_Passing_Valid_Values_Returns_Name" />
    </UnitTest>
    <UnitTest name="IsNull_Passing_Valid_Value_Returns_False (www.hackerone-com)" storage="d:\sferrari\01 - trabajo\repos\netcore\libs\template-netcore-entities\kitpymes.core.entities.tests\bin\release\net5.0\kitpymes.core.entities.tests.dll" id="11d8ecf8-7ff5-4e87-9e4d-4a5b711d8b93">
      <Execution id="67b65b78-2d51-4388-99fc-5f0ff6090dda" />
      <TestMethod codeBase="D:\SFERRARI\01 - TRABAJO\repos\netcore\libs\template-netcore-entities\Kitpymes.Core.Entities.Tests\bin\Release\net5.0\Kitpymes.Core.Entities.Tests.dll" adapterTypeName="executor://mstestadapter/v2" className="Kitpymes.Core.Entities.ValueObjects.Tests.SubdomainTests" name="IsNull_Passing_Valid_Value_Returns_False" />
    </UnitTest>
    <UnitTest name="Equals_Passing_Valid_Distinct_Values_Returns_False (200,EUR,4)" storage="d:\sferrari\01 - trabajo\repos\netcore\libs\template-netcore-entities\kitpymes.core.entities.tests\bin\release\net5.0\kitpymes.core.entities.tests.dll" id="2cae7ae7-670a-4e8c-86e0-d915b0a5b6a3">
      <Execution id="84111406-5a66-459f-8696-11b21d417895" />
      <TestMethod codeBase="D:\SFERRARI\01 - TRABAJO\repos\netcore\libs\template-netcore-entities\Kitpymes.Core.Entities.Tests\bin\Release\net5.0\Kitpymes.Core.Entities.Tests.dll" adapterTypeName="executor://mstestadapter/v2" className="Kitpymes.Core.Entities.ValueObjects.Tests.MoneyTests" name="Equals_Passing_Valid_Distinct_Values_Returns_False" />
    </UnitTest>
    <UnitTest name="Equals_Passing_Valid_Distinct_Values_Returns_False (tenant_1)" storage="d:\sferrari\01 - trabajo\repos\netcore\libs\template-netcore-entities\kitpymes.core.entities.tests\bin\release\net5.0\kitpymes.core.entities.tests.dll" id="2fd938b5-4a29-4e11-b8bf-e0157804af80">
      <Execution id="bc03156f-dd88-446f-b548-e7d451fcf3d8" />
      <TestMethod codeBase="D:\SFERRARI\01 - TRABAJO\repos\netcore\libs\template-netcore-entities\Kitpymes.Core.Entities.Tests\bin\Release\net5.0\Kitpymes.Core.Entities.Tests.dll" adapterTypeName="executor://mstestadapter/v2" className="Kitpymes.Core.Entities.ValueObjects.Tests.TenantNameTests" name="Equals_Passing_Valid_Distinct_Values_Returns_False" />
    </UnitTest>
    <UnitTest name="IsNull_Passing_Valid_Value_Returns_False (TENANT_1)" storage="d:\sferrari\01 - trabajo\repos\netcore\libs\template-netcore-entities\kitpymes.core.entities.tests\bin\release\net5.0\kitpymes.core.entities.tests.dll" id="ff56ded7-a5eb-408b-9d55-0e2492c73e68">
      <Execution id="333db3df-45e7-46d4-a5da-a733015b748c" />
      <TestMethod codeBase="D:\SFERRARI\01 - TRABAJO\repos\netcore\libs\template-netcore-entities\Kitpymes.Core.Entities.Tests\bin\Release\net5.0\Kitpymes.Core.Entities.Tests.dll" adapterTypeName="executor://mstestadapter/v2" className="Kitpymes.Core.Entities.ValueObjects.Tests.TenantNameTests" name="IsNull_Passing_Valid_Value_Returns_False" />
    </UnitTest>
    <UnitTest name="Equals_Passing_Valid_Values_Returns_True (tenant1)" storage="d:\sferrari\01 - trabajo\repos\netcore\libs\template-netcore-entities\kitpymes.core.entities.tests\bin\release\net5.0\kitpymes.core.entities.tests.dll" id="65c52385-c1ec-4ee8-8566-a412abee539a">
      <Execution id="ed4d5d7a-1be2-4a05-afb1-8366b5f990b2" />
      <TestMethod codeBase="D:\SFERRARI\01 - TRABAJO\repos\netcore\libs\template-netcore-entities\Kitpymes.Core.Entities.Tests\bin\Release\net5.0\Kitpymes.Core.Entities.Tests.dll" adapterTypeName="executor://mstestadapter/v2" className="Kitpymes.Core.Entities.ValueObjects.Tests.TenantNameTests" name="Equals_Passing_Valid_Values_Returns_True" />
    </UnitTest>
    <UnitTest name="OperatorEqual_Passing_Valid_Values_Returns_True (USD)" storage="d:\sferrari\01 - trabajo\repos\netcore\libs\template-netcore-entities\kitpymes.core.entities.tests\bin\release\net5.0\kitpymes.core.entities.tests.dll" id="3d33b785-74d3-44f6-be28-58e63082654e">
      <Execution id="aa4cbfd1-b27d-4fbd-a020-0ab16e06a3c4" />
      <TestMethod codeBase="D:\SFERRARI\01 - TRABAJO\repos\netcore\libs\template-netcore-entities\Kitpymes.Core.Entities.Tests\bin\Release\net5.0\Kitpymes.Core.Entities.Tests.dll" adapterTypeName="executor://mstestadapter/v2" className="Kitpymes.Core.Entities.ValueObjects.Tests.CurrencyTests" name="OperatorEqual_Passing_Valid_Values_Returns_True" />
    </UnitTest>
    <UnitTest name="ToNormalize_Passing_Valid_Values_Returns_Address_String_Format (ádsads@ggg.cc)" storage="d:\sferrari\01 - trabajo\repos\netcore\libs\template-netcore-entities\kitpymes.core.entities.tests\bin\release\net5.0\kitpymes.core.entities.tests.dll" id="1aab1bc3-6c04-4e5e-a6c9-65e522709a49">
      <Execution id="04541281-fbc6-4b9c-b738-534ab6af5f5c" />
      <TestMethod codeBase="D:\SFERRARI\01 - TRABAJO\repos\netcore\libs\template-netcore-entities\Kitpymes.Core.Entities.Tests\bin\Release\net5.0\Kitpymes.Core.Entities.Tests.dll" adapterTypeName="executor://mstestadapter/v2" className="Kitpymes.Core.Entities.ValueObjects.Tests.EmailTests" name="ToNormalize_Passing_Valid_Values_Returns_Address_String_Format" />
    </UnitTest>
    <UnitTest name="Equals_Passing_Valid_Values_Returns_True (TENANT1)" storage="d:\sferrari\01 - trabajo\repos\netcore\libs\template-netcore-entities\kitpymes.core.entities.tests\bin\release\net5.0\kitpymes.core.entities.tests.dll" id="d74e72c6-96bb-4787-9cc4-998d2328014b">
      <Execution id="b444049a-ff38-4a57-bc2a-acb3cc6694c6" />
      <TestMethod codeBase="D:\SFERRARI\01 - TRABAJO\repos\netcore\libs\template-netcore-entities\Kitpymes.Core.Entities.Tests\bin\Release\net5.0\Kitpymes.Core.Entities.Tests.dll" adapterTypeName="executor://mstestadapter/v2" className="Kitpymes.Core.Entities.ValueObjects.Tests.TenantNameTests" name="Equals_Passing_Valid_Values_Returns_True" />
    </UnitTest>
    <UnitTest name="ToEnum_Passing_Invalid_Int_Name_Enumeracion_Returns_Null" storage="d:\sferrari\01 - trabajo\repos\netcore\libs\template-netcore-entities\kitpymes.core.entities.tests\bin\release\net5.0\kitpymes.core.entities.tests.dll" id="cb7114cd-7d53-4603-899c-3e15c6892999">
      <Execution id="b52644b1-a9dc-4223-8dcd-b25bca564393" />
      <TestMethod codeBase="D:\SFERRARI\01 - TRABAJO\repos\netcore\libs\template-netcore-entities\Kitpymes.Core.Entities.Tests\bin\Release\net5.0\Kitpymes.Core.Entities.Tests.dll" adapterTypeName="executor://mstestadapter/v2" className="Kitpymes.Core.Entities.Enumerations.Tests.SubscriptionEnumTests" name="ToEnum_Passing_Invalid_Int_Name_Enumeracion_Returns_Null" />
    </UnitTest>
    <UnitTest name="ToEnum_Passing_Invalid_Int_Name_Enumeracion_Returns_Null" storage="d:\sferrari\01 - trabajo\repos\netcore\libs\template-netcore-entities\kitpymes.core.entities.tests\bin\release\net5.0\kitpymes.core.entities.tests.dll" id="a830d7ea-cc04-4890-bf49-5aac931d8177">
      <Execution id="004d99c1-263d-4e7b-b4db-791b9dec74c3" />
      <TestMethod codeBase="D:\SFERRARI\01 - TRABAJO\repos\netcore\libs\template-netcore-entities\Kitpymes.Core.Entities.Tests\bin\Release\net5.0\Kitpymes.Core.Entities.Tests.dll" adapterTypeName="executor://mstestadapter/v2" className="Kitpymes.Core.Entities.Enumerations.Tests.GenderTypeEnumTests" name="ToEnum_Passing_Invalid_Int_Name_Enumeracion_Returns_Null" />
    </UnitTest>
    <UnitTest name="OperatorEqual_Passing_Valid_Values_Returns_True (Tenant1)" storage="d:\sferrari\01 - trabajo\repos\netcore\libs\template-netcore-entities\kitpymes.core.entities.tests\bin\release\net5.0\kitpymes.core.entities.tests.dll" id="da2827cc-0701-470e-a448-7099c588d02e">
      <Execution id="09ec3144-d662-45eb-b646-acb4e78b2010" />
      <TestMethod codeBase="D:\SFERRARI\01 - TRABAJO\repos\netcore\libs\template-netcore-entities\Kitpymes.Core.Entities.Tests\bin\Release\net5.0\Kitpymes.Core.Entities.Tests.dll" adapterTypeName="executor://mstestadapter/v2" className="Kitpymes.Core.Entities.ValueObjects.Tests.TenantNameTests" name="OperatorEqual_Passing_Valid_Values_Returns_True" />
    </UnitTest>
    <UnitTest name="OperatorEqual_Passing_Valid_Values_Returns_True (456,43543543543)" storage="d:\sferrari\01 - trabajo\repos\netcore\libs\template-netcore-entities\kitpymes.core.entities.tests\bin\release\net5.0\kitpymes.core.entities.tests.dll" id="ea4a5e9d-0a22-43c5-afc5-bd7f0a82242f">
      <Execution id="08371af3-969a-430a-861a-b92e0816d5d1" />
      <TestMethod codeBase="D:\SFERRARI\01 - TRABAJO\repos\netcore\libs\template-netcore-entities\Kitpymes.Core.Entities.Tests\bin\Release\net5.0\Kitpymes.Core.Entities.Tests.dll" adapterTypeName="executor://mstestadapter/v2" className="Kitpymes.Core.Entities.ValueObjects.Tests.TelephoneTests" name="OperatorEqual_Passing_Valid_Values_Returns_True" />
    </UnitTest>
    <UnitTest name="Create_Passing_InvalidOrNull_Value_Returns_ApplicationException ()" storage="d:\sferrari\01 - trabajo\repos\netcore\libs\template-netcore-entities\kitpymes.core.entities.tests\bin\release\net5.0\kitpymes.core.entities.tests.dll" id="a2d7f48a-24f6-4fb6-a4f0-7e51728be385">
      <Execution id="215398af-1ecf-4ad0-a9f4-820112ab8be1" />
      <TestMethod codeBase="D:\SFERRARI\01 - TRABAJO\repos\netcore\libs\template-netcore-entities\Kitpymes.Core.Entities.Tests\bin\Release\net5.0\Kitpymes.Core.Entities.Tests.dll" adapterTypeName="executor://mstestadapter/v2" className="Kitpymes.Core.Entities.ValueObjects.Tests.SubdomainTests" name="Create_Passing_InvalidOrNull_Value_Returns_ApplicationException" />
    </UnitTest>
    <UnitTest name="OperatorEqual_Passing_Valid_Distinct_Values_Returns_False (Españä)" storage="d:\sferrari\01 - trabajo\repos\netcore\libs\template-netcore-entities\kitpymes.core.entities.tests\bin\release\net5.0\kitpymes.core.entities.tests.dll" id="1dcbffee-fb01-48d3-b707-7eb7618a806e">
      <Execution id="e18a2996-a4d9-45c5-af4f-b8f9495d78e0" />
      <TestMethod codeBase="D:\SFERRARI\01 - TRABAJO\repos\netcore\libs\template-netcore-entities\Kitpymes.Core.Entities.Tests\bin\Release\net5.0\Kitpymes.Core.Entities.Tests.dll" adapterTypeName="executor://mstestadapter/v2" className="Kitpymes.Core.Entities.ValueObjects.Tests.NameTests" name="OperatorEqual_Passing_Valid_Distinct_Values_Returns_False" />
    </UnitTest>
    <UnitTest name="ToString_Passing_Valid_Values_Returns_Name (tenant_A)" storage="d:\sferrari\01 - trabajo\repos\netcore\libs\template-netcore-entities\kitpymes.core.entities.tests\bin\release\net5.0\kitpymes.core.entities.tests.dll" id="242d62ab-d439-4225-963e-0290b854b484">
      <Execution id="1aeb5211-e9a3-4d3e-ab45-97cafb069a25" />
      <TestMethod codeBase="D:\SFERRARI\01 - TRABAJO\repos\netcore\libs\template-netcore-entities\Kitpymes.Core.Entities.Tests\bin\Release\net5.0\Kitpymes.Core.Entities.Tests.dll" adapterTypeName="executor://mstestadapter/v2" className="Kitpymes.Core.Entities.ValueObjects.Tests.TenantNameTests" name="ToString_Passing_Valid_Values_Returns_Name" />
    </UnitTest>
    <UnitTest name="ToString_Passing_Valid_Values_Returns_Currency_String_Symbol (EUR)" storage="d:\sferrari\01 - trabajo\repos\netcore\libs\template-netcore-entities\kitpymes.core.entities.tests\bin\release\net5.0\kitpymes.core.entities.tests.dll" id="612cdde2-e961-4120-b608-f20b8688e47a">
      <Execution id="ea075c68-1264-435e-b970-01cec52e82e2" />
      <TestMethod codeBase="D:\SFERRARI\01 - TRABAJO\repos\netcore\libs\template-netcore-entities\Kitpymes.Core.Entities.Tests\bin\Release\net5.0\Kitpymes.Core.Entities.Tests.dll" adapterTypeName="executor://mstestadapter/v2" className="Kitpymes.Core.Entities.ValueObjects.Tests.CurrencyTests" name="ToString_Passing_Valid_Values_Returns_Currency_String_Symbol" />
    </UnitTest>
    <UnitTest name="ToString_Passing_Valid_Values_Returns_Name (Españà)" storage="d:\sferrari\01 - trabajo\repos\netcore\libs\template-netcore-entities\kitpymes.core.entities.tests\bin\release\net5.0\kitpymes.core.entities.tests.dll" id="62b2333e-cafe-40e5-baee-2f33b828a83f">
      <Execution id="21826a89-9c8c-4b2a-a536-f00a1e1e896b" />
      <TestMethod codeBase="D:\SFERRARI\01 - TRABAJO\repos\netcore\libs\template-netcore-entities\Kitpymes.Core.Entities.Tests\bin\Release\net5.0\Kitpymes.Core.Entities.Tests.dll" adapterTypeName="executor://mstestadapter/v2" className="Kitpymes.Core.Entities.ValueObjects.Tests.NameTests" name="ToString_Passing_Valid_Values_Returns_Name" />
    </UnitTest>
    <UnitTest name="ToString_Passing_Valid_Values_Returns_Value_String_Format (D45,86554654)" storage="d:\sferrari\01 - trabajo\repos\netcore\libs\template-netcore-entities\kitpymes.core.entities.tests\bin\release\net5.0\kitpymes.core.entities.tests.dll" id="8518230c-df7a-4b82-8c78-4c3112903941">
      <Execution id="f70ed879-3b92-455a-8a1e-e55e008b6b39" />
      <TestMethod codeBase="D:\SFERRARI\01 - TRABAJO\repos\netcore\libs\template-netcore-entities\Kitpymes.Core.Entities.Tests\bin\Release\net5.0\Kitpymes.Core.Entities.Tests.dll" adapterTypeName="executor://mstestadapter/v2" className="Kitpymes.Core.Entities.ValueObjects.Tests.TelephoneTests" name="ToString_Passing_Valid_Values_Returns_Value_String_Format" />
    </UnitTest>
    <UnitTest name="ToEnum_Passing_Valid_IntName_Enumeracion_Returns_Enumeracion" storage="d:\sferrari\01 - trabajo\repos\netcore\libs\template-netcore-entities\kitpymes.core.entities.tests\bin\release\net5.0\kitpymes.core.entities.tests.dll" id="1789cdf9-9970-4aca-a68b-69f83945cf2c">
      <Execution id="e43d6718-5fff-4180-b815-128a92caf5c4" />
      <TestMethod codeBase="D:\SFERRARI\01 - TRABAJO\repos\netcore\libs\template-netcore-entities\Kitpymes.Core.Entities.Tests\bin\Release\net5.0\Kitpymes.Core.Entities.Tests.dll" adapterTypeName="executor://mstestadapter/v2" className="Kitpymes.Core.Entities.Enumerations.Tests.SubscriptionEnumTests" name="ToEnum_Passing_Valid_IntName_Enumeracion_Returns_Enumeracion" />
    </UnitTest>
    <UnitTest name="IsNull_Passing_Valid_Value_Returns_False (Españħ)" storage="d:\sferrari\01 - trabajo\repos\netcore\libs\template-netcore-entities\kitpymes.core.entities.tests\bin\release\net5.0\kitpymes.core.entities.tests.dll" id="4aa77f53-a321-478b-8d64-5d0869ba968e">
      <Execution id="6180b18a-fd85-49f1-896d-69222f771e95" />
      <TestMethod codeBase="D:\SFERRARI\01 - TRABAJO\repos\netcore\libs\template-netcore-entities\Kitpymes.Core.Entities.Tests\bin\Release\net5.0\Kitpymes.Core.Entities.Tests.dll" adapterTypeName="executor://mstestadapter/v2" className="Kitpymes.Core.Entities.ValueObjects.Tests.NameTests" name="IsNull_Passing_Valid_Value_Returns_False" />
    </UnitTest>
    <UnitTest name="ToString_Passing_Valid_Values_Returns_Value_String_Format (Sabadell,Barcelona)" storage="d:\sferrari\01 - trabajo\repos\netcore\libs\template-netcore-entities\kitpymes.core.entities.tests\bin\release\net5.0\kitpymes.core.entities.tests.dll" id="4e8f9e58-b2dd-4b80-b6a8-9ddf9e04887a">
      <Execution id="7cdd0f77-448f-4919-baba-c4216c02c5b7" />
      <TestMethod codeBase="D:\SFERRARI\01 - TRABAJO\repos\netcore\libs\template-netcore-entities\Kitpymes.Core.Entities.Tests\bin\Release\net5.0\Kitpymes.Core.Entities.Tests.dll" adapterTypeName="executor://mstestadapter/v2" className="Kitpymes.Core.Entities.ValueObjects.Tests.FullNameTests" name="ToString_Passing_Valid_Values_Returns_Value_String_Format" />
    </UnitTest>
    <UnitTest name="ToEnum_Passing_Invalid_Int_Value_Returns_Null" storage="d:\sferrari\01 - trabajo\repos\netcore\libs\template-netcore-entities\kitpymes.core.entities.tests\bin\release\net5.0\kitpymes.core.entities.tests.dll" id="09f9ac26-1d06-4f61-8e68-a3dccd813b27">
      <Execution id="0d0d2daa-bf89-45b6-af2e-5640fb17071e" />
      <TestMethod codeBase="D:\SFERRARI\01 - TRABAJO\repos\netcore\libs\template-netcore-entities\Kitpymes.Core.Entities.Tests\bin\Release\net5.0\Kitpymes.Core.Entities.Tests.dll" adapterTypeName="executor://mstestadapter/v2" className="Kitpymes.Core.Entities.Enumerations.Tests.StatusEnumTests" name="ToEnum_Passing_Invalid_Int_Value_Returns_Null" />
    </UnitTest>
    <UnitTest name="ToEnum_Passing_Valid_IntName_Enumeracion_Returns_Enumeracion" storage="d:\sferrari\01 - trabajo\repos\netcore\libs\template-netcore-entities\kitpymes.core.entities.tests\bin\release\net5.0\kitpymes.core.entities.tests.dll" id="5fd61640-4f0c-498e-ace7-c73700ef8d4a">
      <Execution id="02e99cbe-e881-48c5-b5b8-a6dbf79acd41" />
      <TestMethod codeBase="D:\SFERRARI\01 - TRABAJO\repos\netcore\libs\template-netcore-entities\Kitpymes.Core.Entities.Tests\bin\Release\net5.0\Kitpymes.Core.Entities.Tests.dll" adapterTypeName="executor://mstestadapter/v2" className="Kitpymes.Core.Entities.Enumerations.Tests.CardTypeEnumTests" name="ToEnum_Passing_Valid_IntName_Enumeracion_Returns_Enumeracion" />
    </UnitTest>
    <UnitTest name="GetAll_Passing_Nothing_Returns_Enumeracion_List" storage="d:\sferrari\01 - trabajo\repos\netcore\libs\template-netcore-entities\kitpymes.core.entities.tests\bin\release\net5.0\kitpymes.core.entities.tests.dll" id="e91881f8-c7c6-42cc-8ee6-e55bd6831790">
      <Execution id="fe6cf28e-f322-4538-9576-e1e41b6a7e8b" />
      <TestMethod codeBase="D:\SFERRARI\01 - TRABAJO\repos\netcore\libs\template-netcore-entities\Kitpymes.Core.Entities.Tests\bin\Release\net5.0\Kitpymes.Core.Entities.Tests.dll" adapterTypeName="executor://mstestadapter/v2" className="Kitpymes.Core.Entities.Enumerations.Tests.StatusEnumTests" name="GetAll_Passing_Nothing_Returns_Enumeracion_List" />
    </UnitTest>
    <UnitTest name="OperatorEqual_Passing_Valid_Values_Returns_False (Tenerife,23,34567,San Bartoleme De Tirajana,Las Palmas,España)" storage="d:\sferrari\01 - trabajo\repos\netcore\libs\template-netcore-entities\kitpymes.core.entities.tests\bin\release\net5.0\kitpymes.core.entities.tests.dll" id="9606eb54-a00c-4c11-8425-dc079ae1b06e">
      <Execution id="81f707d4-ea35-4293-a0fc-4248c9df232c" />
      <TestMethod codeBase="D:\SFERRARI\01 - TRABAJO\repos\netcore\libs\template-netcore-entities\Kitpymes.Core.Entities.Tests\bin\Release\net5.0\Kitpymes.Core.Entities.Tests.dll" adapterTypeName="executor://mstestadapter/v2" className="Kitpymes.Core.Entities.ValueObjects.Tests.AddressTests" name="OperatorEqual_Passing_Valid_Values_Returns_False" />
    </UnitTest>
    <UnitTest name="ToString_Passing_Valid_Values_Returns_Name (TENANT1)" storage="d:\sferrari\01 - trabajo\repos\netcore\libs\template-netcore-entities\kitpymes.core.entities.tests\bin\release\net5.0\kitpymes.core.entities.tests.dll" id="7c4f84b6-e5c0-418b-affd-4fd4be87f76d">
      <Execution id="c5b1f0ca-3952-4bb8-82ba-234487a89bbe" />
      <TestMethod codeBase="D:\SFERRARI\01 - TRABAJO\repos\netcore\libs\template-netcore-entities\Kitpymes.Core.Entities.Tests\bin\Release\net5.0\Kitpymes.Core.Entities.Tests.dll" adapterTypeName="executor://mstestadapter/v2" className="Kitpymes.Core.Entities.ValueObjects.Tests.TenantNameTests" name="ToString_Passing_Valid_Values_Returns_Name" />
    </UnitTest>
    <UnitTest name="Create_Passing_Valid_Values_Returns_Name (TENANT_A)" storage="d:\sferrari\01 - trabajo\repos\netcore\libs\template-netcore-entities\kitpymes.core.entities.tests\bin\release\net5.0\kitpymes.core.entities.tests.dll" id="9b76a77d-7cd2-4703-b96d-098928d2dfde">
      <Execution id="38380553-471a-44ea-8914-a177acfbc664" />
      <TestMethod codeBase="D:\SFERRARI\01 - TRABAJO\repos\netcore\libs\template-netcore-entities\Kitpymes.Core.Entities.Tests\bin\Release\net5.0\Kitpymes.Core.Entities.Tests.dll" adapterTypeName="executor://mstestadapter/v2" className="Kitpymes.Core.Entities.ValueObjects.Tests.TenantNameTests" name="Create_Passing_Valid_Values_Returns_Name" />
    </UnitTest>
    <UnitTest name="OperatorEqual_Passing_Valid_Distinct_Values_Returns_False (TENANT1)" storage="d:\sferrari\01 - trabajo\repos\netcore\libs\template-netcore-entities\kitpymes.core.entities.tests\bin\release\net5.0\kitpymes.core.entities.tests.dll" id="2ce62030-aada-4000-9afb-a3d26104af47">
      <Execution id="9438694a-8cf5-4413-84e7-160d416e5ed1" />
      <TestMethod codeBase="D:\SFERRARI\01 - TRABAJO\repos\netcore\libs\template-netcore-entities\Kitpymes.Core.Entities.Tests\bin\Release\net5.0\Kitpymes.Core.Entities.Tests.dll" adapterTypeName="executor://mstestadapter/v2" className="Kitpymes.Core.Entities.ValueObjects.Tests.TenantNameTests" name="OperatorEqual_Passing_Valid_Distinct_Values_Returns_False" />
    </UnitTest>
    <UnitTest name="OperatorNotEqual_Passing_Valid_Values_Returns_False (TENANTA)" storage="d:\sferrari\01 - trabajo\repos\netcore\libs\template-netcore-entities\kitpymes.core.entities.tests\bin\release\net5.0\kitpymes.core.entities.tests.dll" id="caad6365-f06e-4493-8ff3-e5dc4c29f8c9">
      <Execution id="bbb04280-2d44-4d90-bba9-3a1c8f5857f0" />
      <TestMethod codeBase="D:\SFERRARI\01 - TRABAJO\repos\netcore\libs\template-netcore-entities\Kitpymes.Core.Entities.Tests\bin\Release\net5.0\Kitpymes.Core.Entities.Tests.dll" adapterTypeName="executor://mstestadapter/v2" className="Kitpymes.Core.Entities.ValueObjects.Tests.TenantNameTests" name="OperatorNotEqual_Passing_Valid_Values_Returns_False" />
    </UnitTest>
    <UnitTest name="Create_Passing_Valid_Values_Returns_Address (100,EUR,2)" storage="d:\sferrari\01 - trabajo\repos\netcore\libs\template-netcore-entities\kitpymes.core.entities.tests\bin\release\net5.0\kitpymes.core.entities.tests.dll" id="9fadca4d-78b0-45b7-ac73-a751c23fea85">
      <Execution id="d35168e5-bc71-41f1-94e1-205481f3c751" />
      <TestMethod codeBase="D:\SFERRARI\01 - TRABAJO\repos\netcore\libs\template-netcore-entities\Kitpymes.Core.Entities.Tests\bin\Release\net5.0\Kitpymes.Core.Entities.Tests.dll" adapterTypeName="executor://mstestadapter/v2" className="Kitpymes.Core.Entities.ValueObjects.Tests.MoneyTests" name="Create_Passing_Valid_Values_Returns_Address" />
    </UnitTest>
    <UnitTest name="Create_Passing_Valid_Values_Returns_Name (Españá)" storage="d:\sferrari\01 - trabajo\repos\netcore\libs\template-netcore-entities\kitpymes.core.entities.tests\bin\release\net5.0\kitpymes.core.entities.tests.dll" id="bd324550-4fab-4415-a77c-26bb110207a6">
      <Execution id="a4541df6-177f-42b5-82c8-1eb1bd9257f4" />
      <TestMethod codeBase="D:\SFERRARI\01 - TRABAJO\repos\netcore\libs\template-netcore-entities\Kitpymes.Core.Entities.Tests\bin\Release\net5.0\Kitpymes.Core.Entities.Tests.dll" adapterTypeName="executor://mstestadapter/v2" className="Kitpymes.Core.Entities.ValueObjects.Tests.NameTests" name="Create_Passing_Valid_Values_Returns_Name" />
    </UnitTest>
    <UnitTest name="Equals_Passing_Valid_Distinct_Values_Returns_False (Españã)" storage="d:\sferrari\01 - trabajo\repos\netcore\libs\template-netcore-entities\kitpymes.core.entities.tests\bin\release\net5.0\kitpymes.core.entities.tests.dll" id="65226cbb-8867-4a03-8f0c-adf2364c7e15">
      <Execution id="2a4c93ac-904f-4e87-979d-3555e3081938" />
      <TestMethod codeBase="D:\SFERRARI\01 - TRABAJO\repos\netcore\libs\template-netcore-entities\Kitpymes.Core.Entities.Tests\bin\Release\net5.0\Kitpymes.Core.Entities.Tests.dll" adapterTypeName="executor://mstestadapter/v2" className="Kitpymes.Core.Entities.ValueObjects.Tests.NameTests" name="Equals_Passing_Valid_Distinct_Values_Returns_False" />
    </UnitTest>
    <UnitTest name="OperatorNotEqual_Passing_Valid_Values_Returns_True (456,43543543543)" storage="d:\sferrari\01 - trabajo\repos\netcore\libs\template-netcore-entities\kitpymes.core.entities.tests\bin\release\net5.0\kitpymes.core.entities.tests.dll" id="a044f495-0d01-4645-a441-59b242ced1d2">
      <Execution id="f132fb32-77e9-455c-bb4a-30e41cb934ca" />
      <TestMethod codeBase="D:\SFERRARI\01 - TRABAJO\repos\netcore\libs\template-netcore-entities\Kitpymes.Core.Entities.Tests\bin\Release\net5.0\Kitpymes.Core.Entities.Tests.dll" adapterTypeName="executor://mstestadapter/v2" className="Kitpymes.Core.Entities.ValueObjects.Tests.TelephoneTests" name="OperatorNotEqual_Passing_Valid_Values_Returns_True" />
    </UnitTest>
    <UnitTest name="ToNormalize_Passing_Valid_Values_Returns_Name_String_Format (Españá,Espana)" storage="d:\sferrari\01 - trabajo\repos\netcore\libs\template-netcore-entities\kitpymes.core.entities.tests\bin\release\net5.0\kitpymes.core.entities.tests.dll" id="470fbd01-adc2-46ac-bee6-3ad6f462d610">
      <Execution id="035761f0-1637-4cdd-87e9-cdbab38b6441" />
      <TestMethod codeBase="D:\SFERRARI\01 - TRABAJO\repos\netcore\libs\template-netcore-entities\Kitpymes.Core.Entities.Tests\bin\Release\net5.0\Kitpymes.Core.Entities.Tests.dll" adapterTypeName="executor://mstestadapter/v2" className="Kitpymes.Core.Entities.ValueObjects.Tests.NameTests" name="ToNormalize_Passing_Valid_Values_Returns_Name_String_Format" />
    </UnitTest>
    <UnitTest name="Create_Passing_Valid_Values_Returns_FullName (San Bartoleme De Tirajana,Las Palmas,España)" storage="d:\sferrari\01 - trabajo\repos\netcore\libs\template-netcore-entities\kitpymes.core.entities.tests\bin\release\net5.0\kitpymes.core.entities.tests.dll" id="08be437a-5470-409a-b26a-fac536169f55">
      <Execution id="5ce887e0-de8b-4fb0-a048-a9d1d2806907" />
      <TestMethod codeBase="D:\SFERRARI\01 - TRABAJO\repos\netcore\libs\template-netcore-entities\Kitpymes.Core.Entities.Tests\bin\Release\net5.0\Kitpymes.Core.Entities.Tests.dll" adapterTypeName="executor://mstestadapter/v2" className="Kitpymes.Core.Entities.ValueObjects.Tests.FullNameTests" name="Create_Passing_Valid_Values_Returns_FullName" />
    </UnitTest>
    <UnitTest name="OperatorEqual_Passing_Valid_Values_Returns_True (stage_hackerone.com)" storage="d:\sferrari\01 - trabajo\repos\netcore\libs\template-netcore-entities\kitpymes.core.entities.tests\bin\release\net5.0\kitpymes.core.entities.tests.dll" id="0909dc52-0ce9-487d-ab5c-2c34116a520a">
      <Execution id="1370c9f2-f828-4836-a658-259fec2e40e4" />
      <TestMethod codeBase="D:\SFERRARI\01 - TRABAJO\repos\netcore\libs\template-netcore-entities\Kitpymes.Core.Entities.Tests\bin\Release\net5.0\Kitpymes.Core.Entities.Tests.dll" adapterTypeName="executor://mstestadapter/v2" className="Kitpymes.Core.Entities.ValueObjects.Tests.SubdomainTests" name="OperatorEqual_Passing_Valid_Values_Returns_True" />
    </UnitTest>
    <UnitTest name="Create_Passing_InvalidOrNull_Value_Returns_ApplicationException ()" storage="d:\sferrari\01 - trabajo\repos\netcore\libs\template-netcore-entities\kitpymes.core.entities.tests\bin\release\net5.0\kitpymes.core.entities.tests.dll" id="793a7436-ded0-4a32-86b4-a316ca1974b9">
      <Execution id="adcef778-3b95-4187-9e6c-a9916c92cfa2" />
      <TestMethod codeBase="D:\SFERRARI\01 - TRABAJO\repos\netcore\libs\template-netcore-entities\Kitpymes.Core.Entities.Tests\bin\Release\net5.0\Kitpymes.Core.Entities.Tests.dll" adapterTypeName="executor://mstestadapter/v2" className="Kitpymes.Core.Entities.ValueObjects.Tests.TenantNameTests" name="Create_Passing_InvalidOrNull_Value_Returns_ApplicationException" />
    </UnitTest>
    <UnitTest name="IsInactive_Passing_Nothing_Returns_True" storage="d:\sferrari\01 - trabajo\repos\netcore\libs\template-netcore-entities\kitpymes.core.entities.tests\bin\release\net5.0\kitpymes.core.entities.tests.dll" id="054de93b-876a-468f-be9a-880ddfd8165f">
      <Execution id="ded7bedd-0b6f-4c99-93fd-f460ef38bbd1" />
      <TestMethod codeBase="D:\SFERRARI\01 - TRABAJO\repos\netcore\libs\template-netcore-entities\Kitpymes.Core.Entities.Tests\bin\Release\net5.0\Kitpymes.Core.Entities.Tests.dll" adapterTypeName="executor://mstestadapter/v2" className="Kitpymes.Core.Entities.Enumerations.Tests.StatusEnumTests" name="IsInactive_Passing_Nothing_Returns_True" />
    </UnitTest>
    <UnitTest name="OperatorNotEqual_Passing_Valid_Values_Returns_False (Tenant_1)" storage="d:\sferrari\01 - trabajo\repos\netcore\libs\template-netcore-entities\kitpymes.core.entities.tests\bin\release\net5.0\kitpymes.core.entities.tests.dll" id="4a0dbf18-ac19-4be4-9793-5c47839b7c05">
      <Execution id="1289d705-03bf-4533-b936-276a49ca88ce" />
      <TestMethod codeBase="D:\SFERRARI\01 - TRABAJO\repos\netcore\libs\template-netcore-entities\Kitpymes.Core.Entities.Tests\bin\Release\net5.0\Kitpymes.Core.Entities.Tests.dll" adapterTypeName="executor://mstestadapter/v2" className="Kitpymes.Core.Entities.ValueObjects.Tests.TenantNameTests" name="OperatorNotEqual_Passing_Valid_Values_Returns_False" />
    </UnitTest>
    <UnitTest name="OperatorNotEqual_Passing_Valid_Values_Returns_False (100,EUR,2)" storage="d:\sferrari\01 - trabajo\repos\netcore\libs\template-netcore-entities\kitpymes.core.entities.tests\bin\release\net5.0\kitpymes.core.entities.tests.dll" id="b54379dc-5023-4dc1-9cd6-ab8f0d45a0bc">
      <Execution id="a3399642-a12f-45b2-939d-055fdadf78b6" />
      <TestMethod codeBase="D:\SFERRARI\01 - TRABAJO\repos\netcore\libs\template-netcore-entities\Kitpymes.Core.Entities.Tests\bin\Release\net5.0\Kitpymes.Core.Entities.Tests.dll" adapterTypeName="executor://mstestadapter/v2" className="Kitpymes.Core.Entities.ValueObjects.Tests.MoneyTests" name="OperatorNotEqual_Passing_Valid_Values_Returns_False" />
    </UnitTest>
    <UnitTest name="OperatorNotEqual_Passing_Valid_Values_Returns_True (Españâ)" storage="d:\sferrari\01 - trabajo\repos\netcore\libs\template-netcore-entities\kitpymes.core.entities.tests\bin\release\net5.0\kitpymes.core.entities.tests.dll" id="d8b03848-3510-460f-8acc-7f5d50539dd2">
      <Execution id="c656fd58-b4ef-4f46-9906-3c72159001e9" />
      <TestMethod codeBase="D:\SFERRARI\01 - TRABAJO\repos\netcore\libs\template-netcore-entities\Kitpymes.Core.Entities.Tests\bin\Release\net5.0\Kitpymes.Core.Entities.Tests.dll" adapterTypeName="executor://mstestadapter/v2" className="Kitpymes.Core.Entities.ValueObjects.Tests.NameTests" name="OperatorNotEqual_Passing_Valid_Values_Returns_True" />
    </UnitTest>
    <UnitTest name="OperatorNotEqual_Passing_Valid_Values_Returns_True (D45,86554654)" storage="d:\sferrari\01 - trabajo\repos\netcore\libs\template-netcore-entities\kitpymes.core.entities.tests\bin\release\net5.0\kitpymes.core.entities.tests.dll" id="a660b7c8-4620-4053-adf8-7a1338416b13">
      <Execution id="2bce2aa5-9d23-44bf-8f6d-e09fb7e4c584" />
      <TestMethod codeBase="D:\SFERRARI\01 - TRABAJO\repos\netcore\libs\template-netcore-entities\Kitpymes.Core.Entities.Tests\bin\Release\net5.0\Kitpymes.Core.Entities.Tests.dll" adapterTypeName="executor://mstestadapter/v2" className="Kitpymes.Core.Entities.ValueObjects.Tests.TelephoneTests" name="OperatorNotEqual_Passing_Valid_Values_Returns_True" />
    </UnitTest>
    <UnitTest name="OperatorNotEqual_Passing_Valid_Values_Returns_False (Españâ)" storage="d:\sferrari\01 - trabajo\repos\netcore\libs\template-netcore-entities\kitpymes.core.entities.tests\bin\release\net5.0\kitpymes.core.entities.tests.dll" id="e12609c2-b5cf-48a0-b040-ba4a16dda52e">
      <Execution id="40e7b474-892d-4295-b80e-48597c1d2d39" />
      <TestMethod codeBase="D:\SFERRARI\01 - TRABAJO\repos\netcore\libs\template-netcore-entities\Kitpymes.Core.Entities.Tests\bin\Release\net5.0\Kitpymes.Core.Entities.Tests.dll" adapterTypeName="executor://mstestadapter/v2" className="Kitpymes.Core.Entities.ValueObjects.Tests.NameTests" name="OperatorNotEqual_Passing_Valid_Values_Returns_False" />
    </UnitTest>
    <UnitTest name="OperatorEqual_Passing_Valid_Distinct_Values_Returns_False (dasdasd@dsasd.ff)" storage="d:\sferrari\01 - trabajo\repos\netcore\libs\template-netcore-entities\kitpymes.core.entities.tests\bin\release\net5.0\kitpymes.core.entities.tests.dll" id="e6e4f9b1-b0bb-40ea-8c37-120a5a161a98">
      <Execution id="5ad191c4-a4f4-43ae-969a-02ef114480b3" />
      <TestMethod codeBase="D:\SFERRARI\01 - TRABAJO\repos\netcore\libs\template-netcore-entities\Kitpymes.Core.Entities.Tests\bin\Release\net5.0\Kitpymes.Core.Entities.Tests.dll" adapterTypeName="executor://mstestadapter/v2" className="Kitpymes.Core.Entities.ValueObjects.Tests.EmailTests" name="OperatorEqual_Passing_Valid_Distinct_Values_Returns_False" />
    </UnitTest>
    <UnitTest name="GetAll_Passing_Nothing_Returns_Enumeracion_List" storage="d:\sferrari\01 - trabajo\repos\netcore\libs\template-netcore-entities\kitpymes.core.entities.tests\bin\release\net5.0\kitpymes.core.entities.tests.dll" id="3d6ae6e4-92c0-442a-8522-8e7bae719377">
      <Execution id="307a3fcc-7229-4690-a304-8ace087860d7" />
      <TestMethod codeBase="D:\SFERRARI\01 - TRABAJO\repos\netcore\libs\template-netcore-entities\Kitpymes.Core.Entities.Tests\bin\Release\net5.0\Kitpymes.Core.Entities.Tests.dll" adapterTypeName="executor://mstestadapter/v2" className="Kitpymes.Core.Entities.Enumerations.Tests.CardTypeEnumTests" name="GetAll_Passing_Nothing_Returns_Enumeracion_List" />
    </UnitTest>
    <UnitTest name="Create_Passing_InvalidOrNull_Value_Returns_ApplicationException (456,USD,-3)" storage="d:\sferrari\01 - trabajo\repos\netcore\libs\template-netcore-entities\kitpymes.core.entities.tests\bin\release\net5.0\kitpymes.core.entities.tests.dll" id="369797b4-9f16-45a3-9c88-106aeb13dbb9">
      <Execution id="d6e0c5d2-3e26-450c-8a7d-ad0dcca2dedf" />
      <TestMethod codeBase="D:\SFERRARI\01 - TRABAJO\repos\netcore\libs\template-netcore-entities\Kitpymes.Core.Entities.Tests\bin\Release\net5.0\Kitpymes.Core.Entities.Tests.dll" adapterTypeName="executor://mstestadapter/v2" className="Kitpymes.Core.Entities.ValueObjects.Tests.MoneyTests" name="Create_Passing_InvalidOrNull_Value_Returns_ApplicationException" />
    </UnitTest>
    <UnitTest name="Equals_Passing_Valid_Values_Returns_True (San Bartoleme De Tirajana,Las Palmas,España)" storage="d:\sferrari\01 - trabajo\repos\netcore\libs\template-netcore-entities\kitpymes.core.entities.tests\bin\release\net5.0\kitpymes.core.entities.tests.dll" id="033de658-d3fd-41e1-812a-d0f9a81e8002">
      <Execution id="5bafee2a-6250-4b87-a087-cfe7c5327d35" />
      <TestMethod codeBase="D:\SFERRARI\01 - TRABAJO\repos\netcore\libs\template-netcore-entities\Kitpymes.Core.Entities.Tests\bin\Release\net5.0\Kitpymes.Core.Entities.Tests.dll" adapterTypeName="executor://mstestadapter/v2" className="Kitpymes.Core.Entities.ValueObjects.Tests.FullNameTests" name="Equals_Passing_Valid_Values_Returns_True" />
    </UnitTest>
    <UnitTest name="OperatorEqual_Passing_Valid_Values_Returns_True (dasdasd@dsasd.ff)" storage="d:\sferrari\01 - trabajo\repos\netcore\libs\template-netcore-entities\kitpymes.core.entities.tests\bin\release\net5.0\kitpymes.core.entities.tests.dll" id="4134ec36-4bae-4f8b-9856-e905f59b089e">
      <Execution id="13026c71-2a9e-485e-9899-73486da8f7dd" />
      <TestMethod codeBase="D:\SFERRARI\01 - TRABAJO\repos\netcore\libs\template-netcore-entities\Kitpymes.Core.Entities.Tests\bin\Release\net5.0\Kitpymes.Core.Entities.Tests.dll" adapterTypeName="executor://mstestadapter/v2" className="Kitpymes.Core.Entities.ValueObjects.Tests.EmailTests" name="OperatorEqual_Passing_Valid_Values_Returns_True" />
    </UnitTest>
    <UnitTest name="Equals_Passing_Valid_Values_Returns_True (USD)" storage="d:\sferrari\01 - trabajo\repos\netcore\libs\template-netcore-entities\kitpymes.core.entities.tests\bin\release\net5.0\kitpymes.core.entities.tests.dll" id="16ad10cd-53a9-4ed1-8011-05c276983346">
      <Execution id="787da862-8701-41f5-8f44-c6682461fcdf" />
      <TestMethod codeBase="D:\SFERRARI\01 - TRABAJO\repos\netcore\libs\template-netcore-entities\Kitpymes.Core.Entities.Tests\bin\Release\net5.0\Kitpymes.Core.Entities.Tests.dll" adapterTypeName="executor://mstestadapter/v2" className="Kitpymes.Core.Entities.ValueObjects.Tests.CurrencyTests" name="Equals_Passing_Valid_Values_Returns_True" />
    </UnitTest>
    <UnitTest name="OperatorEqual_Passing_Valid_Values_Returns_True (www.hackerone-com)" storage="d:\sferrari\01 - trabajo\repos\netcore\libs\template-netcore-entities\kitpymes.core.entities.tests\bin\release\net5.0\kitpymes.core.entities.tests.dll" id="a5996b3f-c54d-4e7b-97df-df5809c9970b">
      <Execution id="e935a438-29b5-4982-92dd-6d02d8563e5a" />
      <TestMethod codeBase="D:\SFERRARI\01 - TRABAJO\repos\netcore\libs\template-netcore-entities\Kitpymes.Core.Entities.Tests\bin\Release\net5.0\Kitpymes.Core.Entities.Tests.dll" adapterTypeName="executor://mstestadapter/v2" className="Kitpymes.Core.Entities.ValueObjects.Tests.SubdomainTests" name="OperatorEqual_Passing_Valid_Values_Returns_True" />
    </UnitTest>
    <UnitTest name="OperatorEqual_Passing_Valid_Values_Returns_True (San Bartoleme De Tirajana,Las Palmas,España)" storage="d:\sferrari\01 - trabajo\repos\netcore\libs\template-netcore-entities\kitpymes.core.entities.tests\bin\release\net5.0\kitpymes.core.entities.tests.dll" id="d09f6a6b-fe89-47c4-8000-4c1d4dee873b">
      <Execution id="a079a0c6-7337-4c0d-9ef3-923692fb8413" />
      <TestMethod codeBase="D:\SFERRARI\01 - TRABAJO\repos\netcore\libs\template-netcore-entities\Kitpymes.Core.Entities.Tests\bin\Release\net5.0\Kitpymes.Core.Entities.Tests.dll" adapterTypeName="executor://mstestadapter/v2" className="Kitpymes.Core.Entities.ValueObjects.Tests.FullNameTests" name="OperatorEqual_Passing_Valid_Values_Returns_True" />
    </UnitTest>
    <UnitTest name="Change_Passing_Valid_Values_Returns_Email (aaa@aaa.aaa,hhh@hhh.hhh)" storage="d:\sferrari\01 - trabajo\repos\netcore\libs\template-netcore-entities\kitpymes.core.entities.tests\bin\release\net5.0\kitpymes.core.entities.tests.dll" id="7f6ed02c-215a-4102-8ed2-c9e7623ce97c">
      <Execution id="aabd3d58-598f-4504-99a7-8ea54384507e" />
      <TestMethod codeBase="D:\SFERRARI\01 - TRABAJO\repos\netcore\libs\template-netcore-entities\Kitpymes.Core.Entities.Tests\bin\Release\net5.0\Kitpymes.Core.Entities.Tests.dll" adapterTypeName="executor://mstestadapter/v2" className="Kitpymes.Core.Entities.ValueObjects.Tests.EmailTests" name="Change_Passing_Valid_Values_Returns_Email" />
    </UnitTest>
    <UnitTest name="OperatorEqual_Passing_Valid_Values_Returns_True (100,EUR,2)" storage="d:\sferrari\01 - trabajo\repos\netcore\libs\template-netcore-entities\kitpymes.core.entities.tests\bin\release\net5.0\kitpymes.core.entities.tests.dll" id="3b402f9a-4ac2-42af-94bc-11b9675577c4">
      <Execution id="29da4bfc-6be3-421a-86ef-d097e8b4d999" />
      <TestMethod codeBase="D:\SFERRARI\01 - TRABAJO\repos\netcore\libs\template-netcore-entities\Kitpymes.Core.Entities.Tests\bin\Release\net5.0\Kitpymes.Core.Entities.Tests.dll" adapterTypeName="executor://mstestadapter/v2" className="Kitpymes.Core.Entities.ValueObjects.Tests.MoneyTests" name="OperatorEqual_Passing_Valid_Values_Returns_True" />
    </UnitTest>
    <UnitTest name="Equals_Passing_Valid_Values_Returns_True (100,EUR,2)" storage="d:\sferrari\01 - trabajo\repos\netcore\libs\template-netcore-entities\kitpymes.core.entities.tests\bin\release\net5.0\kitpymes.core.entities.tests.dll" id="ec1e58a0-902b-4ead-81ef-9a30ed162259">
      <Execution id="40a9f65c-2ae3-4297-b72d-53302e2fc10e" />
      <TestMethod codeBase="D:\SFERRARI\01 - TRABAJO\repos\netcore\libs\template-netcore-entities\Kitpymes.Core.Entities.Tests\bin\Release\net5.0\Kitpymes.Core.Entities.Tests.dll" adapterTypeName="executor://mstestadapter/v2" className="Kitpymes.Core.Entities.ValueObjects.Tests.MoneyTests" name="Equals_Passing_Valid_Values_Returns_True" />
    </UnitTest>
    <UnitTest name="Change_Passing_Valid_Values_Returns_Address (100,EUR,2)" storage="d:\sferrari\01 - trabajo\repos\netcore\libs\template-netcore-entities\kitpymes.core.entities.tests\bin\release\net5.0\kitpymes.core.entities.tests.dll" id="ccd0eacd-d81f-4e71-8233-8a993249c29c">
      <Execution id="82b6c4e9-3282-4331-85ec-8b4da5aad571" />
      <TestMethod codeBase="D:\SFERRARI\01 - TRABAJO\repos\netcore\libs\template-netcore-entities\Kitpymes.Core.Entities.Tests\bin\Release\net5.0\Kitpymes.Core.Entities.Tests.dll" adapterTypeName="executor://mstestadapter/v2" className="Kitpymes.Core.Entities.ValueObjects.Tests.MoneyTests" name="Change_Passing_Valid_Values_Returns_Address" />
    </UnitTest>
    <UnitTest name="OperatorNotEqual_Passing_Valid_Values_Returns_True (stage_hackerone.com)" storage="d:\sferrari\01 - trabajo\repos\netcore\libs\template-netcore-entities\kitpymes.core.entities.tests\bin\release\net5.0\kitpymes.core.entities.tests.dll" id="d960ef01-2e55-4f60-838f-11f86f41eb8c">
      <Execution id="9b4eb623-d4e9-420e-b8a0-f810a37a677c" />
      <TestMethod codeBase="D:\SFERRARI\01 - TRABAJO\repos\netcore\libs\template-netcore-entities\Kitpymes.Core.Entities.Tests\bin\Release\net5.0\Kitpymes.Core.Entities.Tests.dll" adapterTypeName="executor://mstestadapter/v2" className="Kitpymes.Core.Entities.ValueObjects.Tests.SubdomainTests" name="OperatorNotEqual_Passing_Valid_Values_Returns_True" />
    </UnitTest>
    <UnitTest name="Equals_Passing_Valid_Values_Returns_False (Pader,789,DF7956,Sabadell,Barcelona,España)" storage="d:\sferrari\01 - trabajo\repos\netcore\libs\template-netcore-entities\kitpymes.core.entities.tests\bin\release\net5.0\kitpymes.core.entities.tests.dll" id="c742f209-8ae1-43fe-a8b1-2b871bc29733">
      <Execution id="475c2a57-450c-4eaf-805d-b64418169faf" />
      <TestMethod codeBase="D:\SFERRARI\01 - TRABAJO\repos\netcore\libs\template-netcore-entities\Kitpymes.Core.Entities.Tests\bin\Release\net5.0\Kitpymes.Core.Entities.Tests.dll" adapterTypeName="executor://mstestadapter/v2" className="Kitpymes.Core.Entities.ValueObjects.Tests.AddressTests" name="Equals_Passing_Valid_Values_Returns_False" />
    </UnitTest>
    <UnitTest name="OperatorEqual_Passing_Valid_Distinct_Values_Returns_False (456,43543543543)" storage="d:\sferrari\01 - trabajo\repos\netcore\libs\template-netcore-entities\kitpymes.core.entities.tests\bin\release\net5.0\kitpymes.core.entities.tests.dll" id="c41ddca9-55f8-4ee8-ade4-d9d5be804dfc">
      <Execution id="dba9bb77-7893-435b-b414-7cdec50ded13" />
      <TestMethod codeBase="D:\SFERRARI\01 - TRABAJO\repos\netcore\libs\template-netcore-entities\Kitpymes.Core.Entities.Tests\bin\Release\net5.0\Kitpymes.Core.Entities.Tests.dll" adapterTypeName="executor://mstestadapter/v2" className="Kitpymes.Core.Entities.ValueObjects.Tests.TelephoneTests" name="OperatorEqual_Passing_Valid_Distinct_Values_Returns_False" />
    </UnitTest>
    <UnitTest name="ToNormalize_Passing_Valid_Values_Returns_Name_String_Format (Españâ,Espana)" storage="d:\sferrari\01 - trabajo\repos\netcore\libs\template-netcore-entities\kitpymes.core.entities.tests\bin\release\net5.0\kitpymes.core.entities.tests.dll" id="eab3444b-d2ff-4e63-9065-a66b3b59c973">
      <Execution id="37719759-21db-47bc-aff9-b9a48c875c90" />
      <TestMethod codeBase="D:\SFERRARI\01 - TRABAJO\repos\netcore\libs\template-netcore-entities\Kitpymes.Core.Entities.Tests\bin\Release\net5.0\Kitpymes.Core.Entities.Tests.dll" adapterTypeName="executor://mstestadapter/v2" className="Kitpymes.Core.Entities.ValueObjects.Tests.NameTests" name="ToNormalize_Passing_Valid_Values_Returns_Name_String_Format" />
    </UnitTest>
    <UnitTest name="OperatorEqual_Passing_Valid_Distinct_Values_Returns_False (Tenant_1)" storage="d:\sferrari\01 - trabajo\repos\netcore\libs\template-netcore-entities\kitpymes.core.entities.tests\bin\release\net5.0\kitpymes.core.entities.tests.dll" id="661dc10f-72ef-482d-b6ee-7b862654fcdf">
      <Execution id="f67b416c-de8d-4821-8dec-458dfa7f1bef" />
      <TestMethod codeBase="D:\SFERRARI\01 - TRABAJO\repos\netcore\libs\template-netcore-entities\Kitpymes.Core.Entities.Tests\bin\Release\net5.0\Kitpymes.Core.Entities.Tests.dll" adapterTypeName="executor://mstestadapter/v2" className="Kitpymes.Core.Entities.ValueObjects.Tests.TenantNameTests" name="OperatorEqual_Passing_Valid_Distinct_Values_Returns_False" />
    </UnitTest>
    <UnitTest name="OperatorEqual_Passing_Valid_Distinct_Values_Returns_False (TENANT_A)" storage="d:\sferrari\01 - trabajo\repos\netcore\libs\template-netcore-entities\kitpymes.core.entities.tests\bin\release\net5.0\kitpymes.core.entities.tests.dll" id="76050f18-46a4-4c17-a017-3ff12b05110e">
      <Execution id="29dd06c0-339c-4e1b-931f-abe6f698a196" />
      <TestMethod codeBase="D:\SFERRARI\01 - TRABAJO\repos\netcore\libs\template-netcore-entities\Kitpymes.Core.Entities.Tests\bin\Release\net5.0\Kitpymes.Core.Entities.Tests.dll" adapterTypeName="executor://mstestadapter/v2" className="Kitpymes.Core.Entities.ValueObjects.Tests.TenantNameTests" name="OperatorEqual_Passing_Valid_Distinct_Values_Returns_False" />
    </UnitTest>
    <UnitTest name="Equals_Passing_Valid_Values_Returns_True (Españç)" storage="d:\sferrari\01 - trabajo\repos\netcore\libs\template-netcore-entities\kitpymes.core.entities.tests\bin\release\net5.0\kitpymes.core.entities.tests.dll" id="94e987bd-b083-40d3-ba79-a692d42ded8c">
      <Execution id="80511deb-ba90-4417-9291-d587bdd192e6" />
      <TestMethod codeBase="D:\SFERRARI\01 - TRABAJO\repos\netcore\libs\template-netcore-entities\Kitpymes.Core.Entities.Tests\bin\Release\net5.0\Kitpymes.Core.Entities.Tests.dll" adapterTypeName="executor://mstestadapter/v2" className="Kitpymes.Core.Entities.ValueObjects.Tests.NameTests" name="Equals_Passing_Valid_Values_Returns_True" />
    </UnitTest>
    <UnitTest name="Equals_Passing_Valid_Values_Returns_True (400,USD,8)" storage="d:\sferrari\01 - trabajo\repos\netcore\libs\template-netcore-entities\kitpymes.core.entities.tests\bin\release\net5.0\kitpymes.core.entities.tests.dll" id="e2d01b65-6a0e-468c-af3a-a4e6c901afd4">
      <Execution id="afb3cc72-5799-47b4-bb62-0984319e3d41" />
      <TestMethod codeBase="D:\SFERRARI\01 - TRABAJO\repos\netcore\libs\template-netcore-entities\Kitpymes.Core.Entities.Tests\bin\Release\net5.0\Kitpymes.Core.Entities.Tests.dll" adapterTypeName="executor://mstestadapter/v2" className="Kitpymes.Core.Entities.ValueObjects.Tests.MoneyTests" name="Equals_Passing_Valid_Values_Returns_True" />
    </UnitTest>
    <UnitTest name="Create_Passing_InvalidOrNull_Value_Returns_ApplicationException (___dasfs$·%%$%$$·%$)" storage="d:\sferrari\01 - trabajo\repos\netcore\libs\template-netcore-entities\kitpymes.core.entities.tests\bin\release\net5.0\kitpymes.core.entities.tests.dll" id="d45c538e-cb48-4d3a-ac64-83726ca65977">
      <Execution id="01ba8218-a15f-419c-a2dc-7d777aa77d90" />
      <TestMethod codeBase="D:\SFERRARI\01 - TRABAJO\repos\netcore\libs\template-netcore-entities\Kitpymes.Core.Entities.Tests\bin\Release\net5.0\Kitpymes.Core.Entities.Tests.dll" adapterTypeName="executor://mstestadapter/v2" className="Kitpymes.Core.Entities.ValueObjects.Tests.SubdomainTests" name="Create_Passing_InvalidOrNull_Value_Returns_ApplicationException" />
    </UnitTest>
    <UnitTest name="IsNull_Passing_Valid_Value_Returns_False (tenant1)" storage="d:\sferrari\01 - trabajo\repos\netcore\libs\template-netcore-entities\kitpymes.core.entities.tests\bin\release\net5.0\kitpymes.core.entities.tests.dll" id="fbd4fe4b-f384-41a2-9883-5742165a9287">
      <Execution id="7d7f0358-d0e4-43b6-80e9-a1e819980bde" />
      <TestMethod codeBase="D:\SFERRARI\01 - TRABAJO\repos\netcore\libs\template-netcore-entities\Kitpymes.Core.Entities.Tests\bin\Release\net5.0\Kitpymes.Core.Entities.Tests.dll" adapterTypeName="executor://mstestadapter/v2" className="Kitpymes.Core.Entities.ValueObjects.Tests.TenantNameTests" name="IsNull_Passing_Valid_Value_Returns_False" />
    </UnitTest>
    <UnitTest name="Create_Passing_Valid_Values_Returns_Name (Tenant_1)" storage="d:\sferrari\01 - trabajo\repos\netcore\libs\template-netcore-entities\kitpymes.core.entities.tests\bin\release\net5.0\kitpymes.core.entities.tests.dll" id="017beeb0-a826-4b65-a631-9217e386d155">
      <Execution id="901b0971-f4f4-43b1-87dd-cd070bf6f075" />
      <TestMethod codeBase="D:\SFERRARI\01 - TRABAJO\repos\netcore\libs\template-netcore-entities\Kitpymes.Core.Entities.Tests\bin\Release\net5.0\Kitpymes.Core.Entities.Tests.dll" adapterTypeName="executor://mstestadapter/v2" className="Kitpymes.Core.Entities.ValueObjects.Tests.TenantNameTests" name="Create_Passing_Valid_Values_Returns_Name" />
    </UnitTest>
    <UnitTest name="Create_Passing_InvalidOrNull_Value_Returns_ApplicationException ()" storage="d:\sferrari\01 - trabajo\repos\netcore\libs\template-netcore-entities\kitpymes.core.entities.tests\bin\release\net5.0\kitpymes.core.entities.tests.dll" id="6cd86cfa-3b61-4988-835d-726e6130b9da">
      <Execution id="a79b672f-a317-4060-8e4a-0dd414767ad9" />
      <TestMethod codeBase="D:\SFERRARI\01 - TRABAJO\repos\netcore\libs\template-netcore-entities\Kitpymes.Core.Entities.Tests\bin\Release\net5.0\Kitpymes.Core.Entities.Tests.dll" adapterTypeName="executor://mstestadapter/v2" className="Kitpymes.Core.Entities.ValueObjects.Tests.StringIdTests" name="Create_Passing_InvalidOrNull_Value_Returns_ApplicationException" />
    </UnitTest>
    <UnitTest name="IsNull_Passing_Valid_Value_Returns_False (Españã)" storage="d:\sferrari\01 - trabajo\repos\netcore\libs\template-netcore-entities\kitpymes.core.entities.tests\bin\release\net5.0\kitpymes.core.entities.tests.dll" id="58405808-1bde-445d-b3be-2238af6bcde7">
      <Execution id="47a297e6-40fd-43ef-8ef6-dd4b50fa5147" />
      <TestMethod codeBase="D:\SFERRARI\01 - TRABAJO\repos\netcore\libs\template-netcore-entities\Kitpymes.Core.Entities.Tests\bin\Release\net5.0\Kitpymes.Core.Entities.Tests.dll" adapterTypeName="executor://mstestadapter/v2" className="Kitpymes.Core.Entities.ValueObjects.Tests.NameTests" name="IsNull_Passing_Valid_Value_Returns_False" />
    </UnitTest>
    <UnitTest name="OperatorNotEqual_Passing_Valid_Values_Returns_True (TENANT_A)" storage="d:\sferrari\01 - trabajo\repos\netcore\libs\template-netcore-entities\kitpymes.core.entities.tests\bin\release\net5.0\kitpymes.core.entities.tests.dll" id="ce040d8d-e9b6-44fb-b5ed-8a6ac98f2be0">
      <Execution id="d7fe5e05-7321-4575-b8f4-1f51ab753a71" />
      <TestMethod codeBase="D:\SFERRARI\01 - TRABAJO\repos\netcore\libs\template-netcore-entities\Kitpymes.Core.Entities.Tests\bin\Release\net5.0\Kitpymes.Core.Entities.Tests.dll" adapterTypeName="executor://mstestadapter/v2" className="Kitpymes.Core.Entities.ValueObjects.Tests.TenantNameTests" name="OperatorNotEqual_Passing_Valid_Values_Returns_True" />
    </UnitTest>
    <UnitTest name="Create_Passing_Valid_Value_Returns_Email (aaads@ggg.cc)" storage="d:\sferrari\01 - trabajo\repos\netcore\libs\template-netcore-entities\kitpymes.core.entities.tests\bin\release\net5.0\kitpymes.core.entities.tests.dll" id="7ec62a1f-7d2b-4503-ac43-9fc815f3056a">
      <Execution id="1dc04cee-e22e-4548-a12f-5988496c5169" />
      <TestMethod codeBase="D:\SFERRARI\01 - TRABAJO\repos\netcore\libs\template-netcore-entities\Kitpymes.Core.Entities.Tests\bin\Release\net5.0\Kitpymes.Core.Entities.Tests.dll" adapterTypeName="executor://mstestadapter/v2" className="Kitpymes.Core.Entities.ValueObjects.Tests.EmailTests" name="Create_Passing_Valid_Value_Returns_Email" />
    </UnitTest>
    <UnitTest name="OperatorEqual_Passing_Valid_Distinct_Values_Returns_False (tenant1)" storage="d:\sferrari\01 - trabajo\repos\netcore\libs\template-netcore-entities\kitpymes.core.entities.tests\bin\release\net5.0\kitpymes.core.entities.tests.dll" id="483453c7-fe7c-440e-a53e-ba70bb31b720">
      <Execution id="628f33d5-cdc4-4ee4-85cf-2d79b035d3a9" />
      <TestMethod codeBase="D:\SFERRARI\01 - TRABAJO\repos\netcore\libs\template-netcore-entities\Kitpymes.Core.Entities.Tests\bin\Release\net5.0\Kitpymes.Core.Entities.Tests.dll" adapterTypeName="executor://mstestadapter/v2" className="Kitpymes.Core.Entities.ValueObjects.Tests.TenantNameTests" name="OperatorEqual_Passing_Valid_Distinct_Values_Returns_False" />
    </UnitTest>
    <UnitTest name="IsNull_Passing_Valid_Value_Returns_False (tenantA)" storage="d:\sferrari\01 - trabajo\repos\netcore\libs\template-netcore-entities\kitpymes.core.entities.tests\bin\release\net5.0\kitpymes.core.entities.tests.dll" id="270b3cf7-e3eb-4e9b-92be-72797c46bfdc">
      <Execution id="0a354530-35aa-431f-aa6c-6eda053ee94a" />
      <TestMethod codeBase="D:\SFERRARI\01 - TRABAJO\repos\netcore\libs\template-netcore-entities\Kitpymes.Core.Entities.Tests\bin\Release\net5.0\Kitpymes.Core.Entities.Tests.dll" adapterTypeName="executor://mstestadapter/v2" className="Kitpymes.Core.Entities.ValueObjects.Tests.TenantNameTests" name="IsNull_Passing_Valid_Value_Returns_False" />
    </UnitTest>
    <UnitTest name="OperatorNotEqual_Passing_Valid_Values_Returns_True (Españħ)" storage="d:\sferrari\01 - trabajo\repos\netcore\libs\template-netcore-entities\kitpymes.core.entities.tests\bin\release\net5.0\kitpymes.core.entities.tests.dll" id="74869727-c5cf-455a-b926-bba2e2d42831">
      <Execution id="56de0569-ee1b-49a0-98c9-899fe73f243b" />
      <TestMethod codeBase="D:\SFERRARI\01 - TRABAJO\repos\netcore\libs\template-netcore-entities\Kitpymes.Core.Entities.Tests\bin\Release\net5.0\Kitpymes.Core.Entities.Tests.dll" adapterTypeName="executor://mstestadapter/v2" className="Kitpymes.Core.Entities.ValueObjects.Tests.NameTests" name="OperatorNotEqual_Passing_Valid_Values_Returns_True" />
    </UnitTest>
    <UnitTest name="OperatorEqual_Passing_Valid_Distinct_Values_Returns_False (100,EUR,2)" storage="d:\sferrari\01 - trabajo\repos\netcore\libs\template-netcore-entities\kitpymes.core.entities.tests\bin\release\net5.0\kitpymes.core.entities.tests.dll" id="dbe9d838-cf55-4d4c-801b-bc61f14285e8">
      <Execution id="a6126cdb-f5b9-487b-a61c-7fbc0b9a874b" />
      <TestMethod codeBase="D:\SFERRARI\01 - TRABAJO\repos\netcore\libs\template-netcore-entities\Kitpymes.Core.Entities.Tests\bin\Release\net5.0\Kitpymes.Core.Entities.Tests.dll" adapterTypeName="executor://mstestadapter/v2" className="Kitpymes.Core.Entities.ValueObjects.Tests.MoneyTests" name="OperatorEqual_Passing_Valid_Distinct_Values_Returns_False" />
    </UnitTest>
    <UnitTest name="Create_Passing_InvalidOrNull_Value_Returns_ApplicationException (dasdasd@dsasd.._ff)" storage="d:\sferrari\01 - trabajo\repos\netcore\libs\template-netcore-entities\kitpymes.core.entities.tests\bin\release\net5.0\kitpymes.core.entities.tests.dll" id="40838a45-4178-48d9-b10b-78bbf7da6cbc">
      <Execution id="d30255dc-8eb9-45db-b4d6-be505841da14" />
      <TestMethod codeBase="D:\SFERRARI\01 - TRABAJO\repos\netcore\libs\template-netcore-entities\Kitpymes.Core.Entities.Tests\bin\Release\net5.0\Kitpymes.Core.Entities.Tests.dll" adapterTypeName="executor://mstestadapter/v2" className="Kitpymes.Core.Entities.ValueObjects.Tests.EmailTests" name="Create_Passing_InvalidOrNull_Value_Returns_ApplicationException" />
    </UnitTest>
    <UnitTest name="ToEnum_Passing_Valid_String_Name_Enumeracion_Returns_Enumeracion" storage="d:\sferrari\01 - trabajo\repos\netcore\libs\template-netcore-entities\kitpymes.core.entities.tests\bin\release\net5.0\kitpymes.core.entities.tests.dll" id="50efbd5d-f684-4b45-85e6-70ea78ca83af">
      <Execution id="9293b0bf-f16d-4adc-82da-3fc8d3cd1613" />
      <TestMethod codeBase="D:\SFERRARI\01 - TRABAJO\repos\netcore\libs\template-netcore-entities\Kitpymes.Core.Entities.Tests\bin\Release\net5.0\Kitpymes.Core.Entities.Tests.dll" adapterTypeName="executor://mstestadapter/v2" className="Kitpymes.Core.Entities.Enumerations.Tests.CardTypeEnumTests" name="ToEnum_Passing_Valid_String_Name_Enumeracion_Returns_Enumeracion" />
    </UnitTest>
    <UnitTest name="OperatorEqual_Passing_Valid_Distinct_Values_Returns_False (Españâ)" storage="d:\sferrari\01 - trabajo\repos\netcore\libs\template-netcore-entities\kitpymes.core.entities.tests\bin\release\net5.0\kitpymes.core.entities.tests.dll" id="b85fe71e-0a05-4130-b649-96300880f92d">
      <Execution id="a3a8bacd-807a-4a49-9baa-db05461a9c4c" />
      <TestMethod codeBase="D:\SFERRARI\01 - TRABAJO\repos\netcore\libs\template-netcore-entities\Kitpymes.Core.Entities.Tests\bin\Release\net5.0\Kitpymes.Core.Entities.Tests.dll" adapterTypeName="executor://mstestadapter/v2" className="Kitpymes.Core.Entities.ValueObjects.Tests.NameTests" name="OperatorEqual_Passing_Valid_Distinct_Values_Returns_False" />
    </UnitTest>
    <UnitTest name="ToEnum_Passing_Invalid_String_Name_Enumeracion_Returns_Null" storage="d:\sferrari\01 - trabajo\repos\netcore\libs\template-netcore-entities\kitpymes.core.entities.tests\bin\release\net5.0\kitpymes.core.entities.tests.dll" id="45adbed0-34e3-43f6-a3c7-91e32ec2a81b">
      <Execution id="c4152d6d-b7f3-40fe-8adc-7af5c67b7d8d" />
      <TestMethod codeBase="D:\SFERRARI\01 - TRABAJO\repos\netcore\libs\template-netcore-entities\Kitpymes.Core.Entities.Tests\bin\Release\net5.0\Kitpymes.Core.Entities.Tests.dll" adapterTypeName="executor://mstestadapter/v2" className="Kitpymes.Core.Entities.Enumerations.Tests.LogTypeEnumTests" name="ToEnum_Passing_Invalid_String_Name_Enumeracion_Returns_Null" />
    </UnitTest>
    <UnitTest name="OperatorEqual_Passing_Valid_Values_Returns_True (TENANT_1)" storage="d:\sferrari\01 - trabajo\repos\netcore\libs\template-netcore-entities\kitpymes.core.entities.tests\bin\release\net5.0\kitpymes.core.entities.tests.dll" id="d9e4a221-2ba5-4877-8989-1a4920be1139">
      <Execution id="4caa0a4e-9955-458d-947f-0b30ac09f94c" />
      <TestMethod codeBase="D:\SFERRARI\01 - TRABAJO\repos\netcore\libs\template-netcore-entities\Kitpymes.Core.Entities.Tests\bin\Release\net5.0\Kitpymes.Core.Entities.Tests.dll" adapterTypeName="executor://mstestadapter/v2" className="Kitpymes.Core.Entities.ValueObjects.Tests.TenantNameTests" name="OperatorEqual_Passing_Valid_Values_Returns_True" />
    </UnitTest>
    <UnitTest name="OperatorNotEqual_Passing_Valid_Values_Returns_False (Sabadell)" storage="d:\sferrari\01 - trabajo\repos\netcore\libs\template-netcore-entities\kitpymes.core.entities.tests\bin\release\net5.0\kitpymes.core.entities.tests.dll" id="b5104ff2-15c0-47d4-87d6-dcef84b565ad">
      <Execution id="b82d8e63-ca18-4067-9650-1c168af6ac54" />
      <TestMethod codeBase="D:\SFERRARI\01 - TRABAJO\repos\netcore\libs\template-netcore-entities\Kitpymes.Core.Entities.Tests\bin\Release\net5.0\Kitpymes.Core.Entities.Tests.dll" adapterTypeName="executor://mstestadapter/v2" className="Kitpymes.Core.Entities.ValueObjects.Tests.StringIdTests" name="OperatorNotEqual_Passing_Valid_Values_Returns_False" />
    </UnitTest>
    <UnitTest name="Equals_Passing_Valid_Distinct_Values_Returns_False (app.hackerone1.com)" storage="d:\sferrari\01 - trabajo\repos\netcore\libs\template-netcore-entities\kitpymes.core.entities.tests\bin\release\net5.0\kitpymes.core.entities.tests.dll" id="699c8315-d0cf-44e5-9f6a-b6b0256fdec9">
      <Execution id="d13dbbd9-2840-4f30-9c28-0db61ec0eda9" />
      <TestMethod codeBase="D:\SFERRARI\01 - TRABAJO\repos\netcore\libs\template-netcore-entities\Kitpymes.Core.Entities.Tests\bin\Release\net5.0\Kitpymes.Core.Entities.Tests.dll" adapterTypeName="executor://mstestadapter/v2" className="Kitpymes.Core.Entities.ValueObjects.Tests.SubdomainTests" name="Equals_Passing_Valid_Distinct_Values_Returns_False" />
    </UnitTest>
    <UnitTest name="Create_Passing_InvalidOrNull_Value_Returns_ApplicationException (Tenerife,23,34567,San Bartoleme De Tirajana,Las Palmas,)" storage="d:\sferrari\01 - trabajo\repos\netcore\libs\template-netcore-entities\kitpymes.core.entities.tests\bin\release\net5.0\kitpymes.core.entities.tests.dll" id="0662a7e5-e1de-49b6-8555-2e6a63e50f56">
      <Execution id="fcb9345d-8add-420d-990c-2766553ca8a5" />
      <TestMethod codeBase="D:\SFERRARI\01 - TRABAJO\repos\netcore\libs\template-netcore-entities\Kitpymes.Core.Entities.Tests\bin\Release\net5.0\Kitpymes.Core.Entities.Tests.dll" adapterTypeName="executor://mstestadapter/v2" className="Kitpymes.Core.Entities.ValueObjects.Tests.AddressTests" name="Create_Passing_InvalidOrNull_Value_Returns_ApplicationException" />
    </UnitTest>
    <UnitTest name="Equals_Passing_Valid_Values_Returns_True (tenantA)" storage="d:\sferrari\01 - trabajo\repos\netcore\libs\template-netcore-entities\kitpymes.core.entities.tests\bin\release\net5.0\kitpymes.core.entities.tests.dll" id="925efce4-c26b-46d0-83f8-09cf665eb940">
      <Execution id="176399fa-64af-48c9-91e0-6dd135e33972" />
      <TestMethod codeBase="D:\SFERRARI\01 - TRABAJO\repos\netcore\libs\template-netcore-entities\Kitpymes.Core.Entities.Tests\bin\Release\net5.0\Kitpymes.Core.Entities.Tests.dll" adapterTypeName="executor://mstestadapter/v2" className="Kitpymes.Core.Entities.ValueObjects.Tests.TenantNameTests" name="Equals_Passing_Valid_Values_Returns_True" />
    </UnitTest>
    <UnitTest name="Create_Passing_Valid_Values_Returns_Name (tenant_A)" storage="d:\sferrari\01 - trabajo\repos\netcore\libs\template-netcore-entities\kitpymes.core.entities.tests\bin\release\net5.0\kitpymes.core.entities.tests.dll" id="04607ba4-0dae-4f8b-878a-9dfc562750e7">
      <Execution id="fd133e74-bcc5-481e-9a44-46dd64066198" />
      <TestMethod codeBase="D:\SFERRARI\01 - TRABAJO\repos\netcore\libs\template-netcore-entities\Kitpymes.Core.Entities.Tests\bin\Release\net5.0\Kitpymes.Core.Entities.Tests.dll" adapterTypeName="executor://mstestadapter/v2" className="Kitpymes.Core.Entities.ValueObjects.Tests.TenantNameTests" name="Create_Passing_Valid_Values_Returns_Name" />
    </UnitTest>
    <UnitTest name="OperatorNotEqual_Passing_Valid_Values_Returns_False (San Bartoleme De Tirajana,Las Palmas,España)" storage="d:\sferrari\01 - trabajo\repos\netcore\libs\template-netcore-entities\kitpymes.core.entities.tests\bin\release\net5.0\kitpymes.core.entities.tests.dll" id="47cb23b9-df83-4dae-8722-16fa7d439f84">
      <Execution id="4dfa431e-3e46-415f-b921-45fdb3243cec" />
      <TestMethod codeBase="D:\SFERRARI\01 - TRABAJO\repos\netcore\libs\template-netcore-entities\Kitpymes.Core.Entities.Tests\bin\Release\net5.0\Kitpymes.Core.Entities.Tests.dll" adapterTypeName="executor://mstestadapter/v2" className="Kitpymes.Core.Entities.ValueObjects.Tests.FullNameTests" name="OperatorNotEqual_Passing_Valid_Values_Returns_False" />
    </UnitTest>
    <UnitTest name="IsNull_Passing_Valid_Value_Returns_False (Españä)" storage="d:\sferrari\01 - trabajo\repos\netcore\libs\template-netcore-entities\kitpymes.core.entities.tests\bin\release\net5.0\kitpymes.core.entities.tests.dll" id="ae1e45f7-5041-449a-aee6-64c31ddef8d5">
      <Execution id="65cd778c-48c4-4d32-992c-fae3b5e300f3" />
      <TestMethod codeBase="D:\SFERRARI\01 - TRABAJO\repos\netcore\libs\template-netcore-entities\Kitpymes.Core.Entities.Tests\bin\Release\net5.0\Kitpymes.Core.Entities.Tests.dll" adapterTypeName="executor://mstestadapter/v2" className="Kitpymes.Core.Entities.ValueObjects.Tests.NameTests" name="IsNull_Passing_Valid_Value_Returns_False" />
    </UnitTest>
    <UnitTest name="IsMasterCard_Passing_Nothing_Returns_True" storage="d:\sferrari\01 - trabajo\repos\netcore\libs\template-netcore-entities\kitpymes.core.entities.tests\bin\release\net5.0\kitpymes.core.entities.tests.dll" id="cbdb83a1-83cb-4b91-9b3d-ae06921dfe01">
      <Execution id="90383f23-a724-49a2-8fdf-d3717858ea66" />
      <TestMethod codeBase="D:\SFERRARI\01 - TRABAJO\repos\netcore\libs\template-netcore-entities\Kitpymes.Core.Entities.Tests\bin\Release\net5.0\Kitpymes.Core.Entities.Tests.dll" adapterTypeName="executor://mstestadapter/v2" className="Kitpymes.Core.Entities.Enumerations.Tests.CardTypeEnumTests" name="IsMasterCard_Passing_Nothing_Returns_True" />
    </UnitTest>
    <UnitTest name="Equals_Passing_Valid_Values_Returns_True (Tenant_1)" storage="d:\sferrari\01 - trabajo\repos\netcore\libs\template-netcore-entities\kitpymes.core.entities.tests\bin\release\net5.0\kitpymes.core.entities.tests.dll" id="72342fd2-e26e-42c7-836e-5a4f0e9f713b">
      <Execution id="04ea50e6-a7bd-4914-abd6-14c9613632d4" />
      <TestMethod codeBase="D:\SFERRARI\01 - TRABAJO\repos\netcore\libs\template-netcore-entities\Kitpymes.Core.Entities.Tests\bin\Release\net5.0\Kitpymes.Core.Entities.Tests.dll" adapterTypeName="executor://mstestadapter/v2" className="Kitpymes.Core.Entities.ValueObjects.Tests.TenantNameTests" name="Equals_Passing_Valid_Values_Returns_True" />
    </UnitTest>
    <UnitTest name="ToBool_Passing_Valid_Status_Inactive_Returns_False" storage="d:\sferrari\01 - trabajo\repos\netcore\libs\template-netcore-entities\kitpymes.core.entities.tests\bin\release\net5.0\kitpymes.core.entities.tests.dll" id="760ac732-a304-447a-92f9-58c429ae4ec0">
      <Execution id="19599d37-1d76-4267-a8ec-ae63d6dd6a07" />
      <TestMethod codeBase="D:\SFERRARI\01 - TRABAJO\repos\netcore\libs\template-netcore-entities\Kitpymes.Core.Entities.Tests\bin\Release\net5.0\Kitpymes.Core.Entities.Tests.dll" adapterTypeName="executor://mstestadapter/v2" className="Kitpymes.Core.Entities.Enumerations.Tests.StatusEnumTests" name="ToBool_Passing_Valid_Status_Inactive_Returns_False" />
    </UnitTest>
    <UnitTest name="OperatorEqual_Passing_Valid_Values_Returns_True (400,USD,8)" storage="d:\sferrari\01 - trabajo\repos\netcore\libs\template-netcore-entities\kitpymes.core.entities.tests\bin\release\net5.0\kitpymes.core.entities.tests.dll" id="b8a255f8-fdd7-497f-8990-8b297196528e">
      <Execution id="7a11c8fd-51bd-4260-8b87-47fe317ec49e" />
      <TestMethod codeBase="D:\SFERRARI\01 - TRABAJO\repos\netcore\libs\template-netcore-entities\Kitpymes.Core.Entities.Tests\bin\Release\net5.0\Kitpymes.Core.Entities.Tests.dll" adapterTypeName="executor://mstestadapter/v2" className="Kitpymes.Core.Entities.ValueObjects.Tests.MoneyTests" name="OperatorEqual_Passing_Valid_Values_Returns_True" />
    </UnitTest>
    <UnitTest name="OperatorEqual_Passing_Valid_Distinct_Values_Returns_False (TENANT_1)" storage="d:\sferrari\01 - trabajo\repos\netcore\libs\template-netcore-entities\kitpymes.core.entities.tests\bin\release\net5.0\kitpymes.core.entities.tests.dll" id="f5148f23-94aa-40fb-bc5a-a86a55ec0c4b">
      <Execution id="78f13b0b-2be0-4792-b37c-5378490de0ff" />
      <TestMethod codeBase="D:\SFERRARI\01 - TRABAJO\repos\netcore\libs\template-netcore-entities\Kitpymes.Core.Entities.Tests\bin\Release\net5.0\Kitpymes.Core.Entities.Tests.dll" adapterTypeName="executor://mstestadapter/v2" className="Kitpymes.Core.Entities.ValueObjects.Tests.TenantNameTests" name="OperatorEqual_Passing_Valid_Distinct_Values_Returns_False" />
    </UnitTest>
    <UnitTest name="ToNormalize_Passing_Valid_Values_Returns_Name_String_Format (Españħ,Espanh)" storage="d:\sferrari\01 - trabajo\repos\netcore\libs\template-netcore-entities\kitpymes.core.entities.tests\bin\release\net5.0\kitpymes.core.entities.tests.dll" id="cd657e51-550c-4072-89d2-28bd7df5a52e">
      <Execution id="006a1c22-85ae-4047-a1d0-e37206402429" />
      <TestMethod codeBase="D:\SFERRARI\01 - TRABAJO\repos\netcore\libs\template-netcore-entities\Kitpymes.Core.Entities.Tests\bin\Release\net5.0\Kitpymes.Core.Entities.Tests.dll" adapterTypeName="executor://mstestadapter/v2" className="Kitpymes.Core.Entities.ValueObjects.Tests.NameTests" name="ToNormalize_Passing_Valid_Values_Returns_Name_String_Format" />
    </UnitTest>
    <UnitTest name="IsNull_Passing_Valid_Value_Returns_False (stage_hackerone.com)" storage="d:\sferrari\01 - trabajo\repos\netcore\libs\template-netcore-entities\kitpymes.core.entities.tests\bin\release\net5.0\kitpymes.core.entities.tests.dll" id="2d85b3ac-88f6-4b0a-a084-154552b6c135">
      <Execution id="fb9f852d-9e9e-4f40-b05e-09b40f24f747" />
      <TestMethod codeBase="D:\SFERRARI\01 - TRABAJO\repos\netcore\libs\template-netcore-entities\Kitpymes.Core.Entities.Tests\bin\Release\net5.0\Kitpymes.Core.Entities.Tests.dll" adapterTypeName="executor://mstestadapter/v2" className="Kitpymes.Core.Entities.ValueObjects.Tests.SubdomainTests" name="IsNull_Passing_Valid_Value_Returns_False" />
    </UnitTest>
    <UnitTest name="Equals_Passing_Valid_Distinct_Values_Returns_False (Españá)" storage="d:\sferrari\01 - trabajo\repos\netcore\libs\template-netcore-entities\kitpymes.core.entities.tests\bin\release\net5.0\kitpymes.core.entities.tests.dll" id="1172fe18-e290-415d-a740-c2e63393d8f6">
      <Execution id="af04ee57-7ffb-4403-b9c7-badbb13850f2" />
      <TestMethod codeBase="D:\SFERRARI\01 - TRABAJO\repos\netcore\libs\template-netcore-entities\Kitpymes.Core.Entities.Tests\bin\Release\net5.0\Kitpymes.Core.Entities.Tests.dll" adapterTypeName="executor://mstestadapter/v2" className="Kitpymes.Core.Entities.ValueObjects.Tests.NameTests" name="Equals_Passing_Valid_Distinct_Values_Returns_False" />
    </UnitTest>
    <UnitTest name="OperatorEqual_Passing_Valid_Distinct_Values_Returns_False (Sabadell)" storage="d:\sferrari\01 - trabajo\repos\netcore\libs\template-netcore-entities\kitpymes.core.entities.tests\bin\release\net5.0\kitpymes.core.entities.tests.dll" id="beae4b1b-2e43-4229-b4d5-82d7fdc14af6">
      <Execution id="d1b7d6e6-a549-4fc4-973c-97f5346487c3" />
      <TestMethod codeBase="D:\SFERRARI\01 - TRABAJO\repos\netcore\libs\template-netcore-entities\Kitpymes.Core.Entities.Tests\bin\Release\net5.0\Kitpymes.Core.Entities.Tests.dll" adapterTypeName="executor://mstestadapter/v2" className="Kitpymes.Core.Entities.ValueObjects.Tests.StringIdTests" name="OperatorEqual_Passing_Valid_Distinct_Values_Returns_False" />
    </UnitTest>
    <UnitTest name="Create_Passing_Valid_Values_Returns_Name (TenantA)" storage="d:\sferrari\01 - trabajo\repos\netcore\libs\template-netcore-entities\kitpymes.core.entities.tests\bin\release\net5.0\kitpymes.core.entities.tests.dll" id="9d648b57-33b9-4ee4-9b09-4d2db0b7b9c8">
      <Execution id="8b8cd2f0-4622-47b9-9f88-cf3f0beaadab" />
      <TestMethod codeBase="D:\SFERRARI\01 - TRABAJO\repos\netcore\libs\template-netcore-entities\Kitpymes.Core.Entities.Tests\bin\Release\net5.0\Kitpymes.Core.Entities.Tests.dll" adapterTypeName="executor://mstestadapter/v2" className="Kitpymes.Core.Entities.ValueObjects.Tests.TenantNameTests" name="Create_Passing_Valid_Values_Returns_Name" />
    </UnitTest>
    <UnitTest name="Equals_Passing_Valid_Values_Returns_True (TenantA)" storage="d:\sferrari\01 - trabajo\repos\netcore\libs\template-netcore-entities\kitpymes.core.entities.tests\bin\release\net5.0\kitpymes.core.entities.tests.dll" id="3612c126-7dcb-40e4-aed1-c1a7e3d0352d">
      <Execution id="45922b1e-431c-41c6-8e5e-8ff45b495e32" />
      <TestMethod codeBase="D:\SFERRARI\01 - TRABAJO\repos\netcore\libs\template-netcore-entities\Kitpymes.Core.Entities.Tests\bin\Release\net5.0\Kitpymes.Core.Entities.Tests.dll" adapterTypeName="executor://mstestadapter/v2" className="Kitpymes.Core.Entities.ValueObjects.Tests.TenantNameTests" name="Equals_Passing_Valid_Values_Returns_True" />
    </UnitTest>
    <UnitTest name="IsNull_Passing_Valid_Value_Returns_False (TENANTA)" storage="d:\sferrari\01 - trabajo\repos\netcore\libs\template-netcore-entities\kitpymes.core.entities.tests\bin\release\net5.0\kitpymes.core.entities.tests.dll" id="91f209ab-075f-4159-bd70-1383f0ee685c">
      <Execution id="a13e7cf0-9b49-4036-a198-3b4e7aad4936" />
      <TestMethod codeBase="D:\SFERRARI\01 - TRABAJO\repos\netcore\libs\template-netcore-entities\Kitpymes.Core.Entities.Tests\bin\Release\net5.0\Kitpymes.Core.Entities.Tests.dll" adapterTypeName="executor://mstestadapter/v2" className="Kitpymes.Core.Entities.ValueObjects.Tests.TenantNameTests" name="IsNull_Passing_Valid_Value_Returns_False" />
    </UnitTest>
    <UnitTest name="OperatorEqual_Passing_Valid_Values_Returns_True (TenantA)" storage="d:\sferrari\01 - trabajo\repos\netcore\libs\template-netcore-entities\kitpymes.core.entities.tests\bin\release\net5.0\kitpymes.core.entities.tests.dll" id="0ed19c85-b927-4b17-b583-527a9fc72e08">
      <Execution id="17478130-2c13-48e6-89de-6802d5d919b7" />
      <TestMethod codeBase="D:\SFERRARI\01 - TRABAJO\repos\netcore\libs\template-netcore-entities\Kitpymes.Core.Entities.Tests\bin\Release\net5.0\Kitpymes.Core.Entities.Tests.dll" adapterTypeName="executor://mstestadapter/v2" className="Kitpymes.Core.Entities.ValueObjects.Tests.TenantNameTests" name="OperatorEqual_Passing_Valid_Values_Returns_True" />
    </UnitTest>
    <UnitTest name="Equals_Passing_Valid_Distinct_Values_Returns_False (Tenant_A)" storage="d:\sferrari\01 - trabajo\repos\netcore\libs\template-netcore-entities\kitpymes.core.entities.tests\bin\release\net5.0\kitpymes.core.entities.tests.dll" id="27213374-5342-410b-8aa7-fb588101b4e1">
      <Execution id="75fd4459-e82b-46cd-8817-5ecd64761b96" />
      <TestMethod codeBase="D:\SFERRARI\01 - TRABAJO\repos\netcore\libs\template-netcore-entities\Kitpymes.Core.Entities.Tests\bin\Release\net5.0\Kitpymes.Core.Entities.Tests.dll" adapterTypeName="executor://mstestadapter/v2" className="Kitpymes.Core.Entities.ValueObjects.Tests.TenantNameTests" name="Equals_Passing_Valid_Distinct_Values_Returns_False" />
    </UnitTest>
    <UnitTest name="OperatorEqual_Passing_Valid_Distinct_Values_Returns_False (400,EUR,8)" storage="d:\sferrari\01 - trabajo\repos\netcore\libs\template-netcore-entities\kitpymes.core.entities.tests\bin\release\net5.0\kitpymes.core.entities.tests.dll" id="8d079aad-0f48-42c4-87f5-88335fcf55f9">
      <Execution id="03647896-a42e-4a9e-a858-6ae43897e11b" />
      <TestMethod codeBase="D:\SFERRARI\01 - TRABAJO\repos\netcore\libs\template-netcore-entities\Kitpymes.Core.Entities.Tests\bin\Release\net5.0\Kitpymes.Core.Entities.Tests.dll" adapterTypeName="executor://mstestadapter/v2" className="Kitpymes.Core.Entities.ValueObjects.Tests.MoneyTests" name="OperatorEqual_Passing_Valid_Distinct_Values_Returns_False" />
    </UnitTest>
    <UnitTest name="Create_Passing_InvalidOrNull_Value_Returns_ApplicationException (,Sabadell,España)" storage="d:\sferrari\01 - trabajo\repos\netcore\libs\template-netcore-entities\kitpymes.core.entities.tests\bin\release\net5.0\kitpymes.core.entities.tests.dll" id="868bfc7b-c4f9-4613-ab6f-81b94ea26eac">
      <Execution id="a55ec431-902f-4c5f-a5ee-f07d292aaa37" />
      <TestMethod codeBase="D:\SFERRARI\01 - TRABAJO\repos\netcore\libs\template-netcore-entities\Kitpymes.Core.Entities.Tests\bin\Release\net5.0\Kitpymes.Core.Entities.Tests.dll" adapterTypeName="executor://mstestadapter/v2" className="Kitpymes.Core.Entities.ValueObjects.Tests.FullNameTests" name="Create_Passing_InvalidOrNull_Value_Returns_ApplicationException" />
    </UnitTest>
    <UnitTest name="OperatorNotEqual_Passing_Valid_Values_Returns_False (Tenant_A)" storage="d:\sferrari\01 - trabajo\repos\netcore\libs\template-netcore-entities\kitpymes.core.entities.tests\bin\release\net5.0\kitpymes.core.entities.tests.dll" id="53812d64-dd17-416b-b906-60352d624a63">
      <Execution id="4944801b-d5d4-4daf-b070-932225797ced" />
      <TestMethod codeBase="D:\SFERRARI\01 - TRABAJO\repos\netcore\libs\template-netcore-entities\Kitpymes.Core.Entities.Tests\bin\Release\net5.0\Kitpymes.Core.Entities.Tests.dll" adapterTypeName="executor://mstestadapter/v2" className="Kitpymes.Core.Entities.ValueObjects.Tests.TenantNameTests" name="OperatorNotEqual_Passing_Valid_Values_Returns_False" />
    </UnitTest>
    <UnitTest name="ToEnum_Passing_Valid_String_Name_Returns_Enumeracion" storage="d:\sferrari\01 - trabajo\repos\netcore\libs\template-netcore-entities\kitpymes.core.entities.tests\bin\release\net5.0\kitpymes.core.entities.tests.dll" id="f3152470-ab0d-4566-ada6-5a1d8d08eaf2">
      <Execution id="9a042927-ab3f-4e0a-988f-b4312db3368b" />
      <TestMethod codeBase="D:\SFERRARI\01 - TRABAJO\repos\netcore\libs\template-netcore-entities\Kitpymes.Core.Entities.Tests\bin\Release\net5.0\Kitpymes.Core.Entities.Tests.dll" adapterTypeName="executor://mstestadapter/v2" className="Kitpymes.Core.Entities.Enumerations.Tests.StatusEnumTests" name="ToEnum_Passing_Valid_String_Name_Returns_Enumeracion" />
    </UnitTest>
    <UnitTest name="ToString_Passing_Valid_Values_Returns_Name (tenant1)" storage="d:\sferrari\01 - trabajo\repos\netcore\libs\template-netcore-entities\kitpymes.core.entities.tests\bin\release\net5.0\kitpymes.core.entities.tests.dll" id="c8d7a346-f6a7-4892-bc97-6827b5b5bc26">
      <Execution id="1c12340c-b0d4-4180-8078-b835bc27f473" />
      <TestMethod codeBase="D:\SFERRARI\01 - TRABAJO\repos\netcore\libs\template-netcore-entities\Kitpymes.Core.Entities.Tests\bin\Release\net5.0\Kitpymes.Core.Entities.Tests.dll" adapterTypeName="executor://mstestadapter/v2" className="Kitpymes.Core.Entities.ValueObjects.Tests.TenantNameTests" name="ToString_Passing_Valid_Values_Returns_Name" />
    </UnitTest>
    <UnitTest name="OperatorNotEqual_Passing_Valid_Values_Returns_False (Españħ)" storage="d:\sferrari\01 - trabajo\repos\netcore\libs\template-netcore-entities\kitpymes.core.entities.tests\bin\release\net5.0\kitpymes.core.entities.tests.dll" id="3e78c7a7-12b9-44cb-b5d6-05425a52edb6">
      <Execution id="3ce4d1c0-163b-4441-a8c4-8165bea4e5de" />
      <TestMethod codeBase="D:\SFERRARI\01 - TRABAJO\repos\netcore\libs\template-netcore-entities\Kitpymes.Core.Entities.Tests\bin\Release\net5.0\Kitpymes.Core.Entities.Tests.dll" adapterTypeName="executor://mstestadapter/v2" className="Kitpymes.Core.Entities.ValueObjects.Tests.NameTests" name="OperatorNotEqual_Passing_Valid_Values_Returns_False" />
    </UnitTest>
    <UnitTest name="Change_Passing_Valid_Values_Returns_Address (400,EUR,8)" storage="d:\sferrari\01 - trabajo\repos\netcore\libs\template-netcore-entities\kitpymes.core.entities.tests\bin\release\net5.0\kitpymes.core.entities.tests.dll" id="d4e8ded8-581e-43af-9854-66867a837909">
      <Execution id="13283e3e-d0cc-4130-83ad-5d2a334920d8" />
      <TestMethod codeBase="D:\SFERRARI\01 - TRABAJO\repos\netcore\libs\template-netcore-entities\Kitpymes.Core.Entities.Tests\bin\Release\net5.0\Kitpymes.Core.Entities.Tests.dll" adapterTypeName="executor://mstestadapter/v2" className="Kitpymes.Core.Entities.ValueObjects.Tests.MoneyTests" name="Change_Passing_Valid_Values_Returns_Address" />
    </UnitTest>
    <UnitTest name="OperatorEqual_Passing_Valid_Values_Returns_True (Españâ)" storage="d:\sferrari\01 - trabajo\repos\netcore\libs\template-netcore-entities\kitpymes.core.entities.tests\bin\release\net5.0\kitpymes.core.entities.tests.dll" id="fd366b19-2416-4b61-a2fc-3323b78ba58f">
      <Execution id="1fee981f-4526-437e-80cd-254b91bc41d6" />
      <TestMethod codeBase="D:\SFERRARI\01 - TRABAJO\repos\netcore\libs\template-netcore-entities\Kitpymes.Core.Entities.Tests\bin\Release\net5.0\Kitpymes.Core.Entities.Tests.dll" adapterTypeName="executor://mstestadapter/v2" className="Kitpymes.Core.Entities.ValueObjects.Tests.NameTests" name="OperatorEqual_Passing_Valid_Values_Returns_True" />
    </UnitTest>
    <UnitTest name="OperatorNotEqual_Passing_Valid_Values_Returns_False (USD)" storage="d:\sferrari\01 - trabajo\repos\netcore\libs\template-netcore-entities\kitpymes.core.entities.tests\bin\release\net5.0\kitpymes.core.entities.tests.dll" id="b5992593-ae4d-4a9b-834a-3254d1ba1412">
      <Execution id="44b60f21-645c-49f8-a3a4-f050ed391451" />
      <TestMethod codeBase="D:\SFERRARI\01 - TRABAJO\repos\netcore\libs\template-netcore-entities\Kitpymes.Core.Entities.Tests\bin\Release\net5.0\Kitpymes.Core.Entities.Tests.dll" adapterTypeName="executor://mstestadapter/v2" className="Kitpymes.Core.Entities.ValueObjects.Tests.CurrencyTests" name="OperatorNotEqual_Passing_Valid_Values_Returns_False" />
    </UnitTest>
    <UnitTest name="OperatorNotEqual_Passing_Valid_Values_Returns_True (Sabadell,Barcelona,España)" storage="d:\sferrari\01 - trabajo\repos\netcore\libs\template-netcore-entities\kitpymes.core.entities.tests\bin\release\net5.0\kitpymes.core.entities.tests.dll" id="f07fd477-1b6c-4617-9366-ac9c55e61ad3">
      <Execution id="69298ec8-ba0c-463a-b866-31279c390a1d" />
      <TestMethod codeBase="D:\SFERRARI\01 - TRABAJO\repos\netcore\libs\template-netcore-entities\Kitpymes.Core.Entities.Tests\bin\Release\net5.0\Kitpymes.Core.Entities.Tests.dll" adapterTypeName="executor://mstestadapter/v2" className="Kitpymes.Core.Entities.ValueObjects.Tests.FullNameTests" name="OperatorNotEqual_Passing_Valid_Values_Returns_True" />
    </UnitTest>
    <UnitTest name="OperatorEqual_Passing_Valid_Distinct_Values_Returns_False (tenantA)" storage="d:\sferrari\01 - trabajo\repos\netcore\libs\template-netcore-entities\kitpymes.core.entities.tests\bin\release\net5.0\kitpymes.core.entities.tests.dll" id="0d2fd5f2-b320-4514-aa05-25c86d8688b2">
      <Execution id="81734d3d-dcd4-44c8-88f1-62b1f42e81c0" />
      <TestMethod codeBase="D:\SFERRARI\01 - TRABAJO\repos\netcore\libs\template-netcore-entities\Kitpymes.Core.Entities.Tests\bin\Release\net5.0\Kitpymes.Core.Entities.Tests.dll" adapterTypeName="executor://mstestadapter/v2" className="Kitpymes.Core.Entities.ValueObjects.Tests.TenantNameTests" name="OperatorEqual_Passing_Valid_Distinct_Values_Returns_False" />
    </UnitTest>
    <UnitTest name="OperatorNotEqual_Passing_Valid_Values_Returns_True (San Bartoleme De Tirajana,Las Palmas,España)" storage="d:\sferrari\01 - trabajo\repos\netcore\libs\template-netcore-entities\kitpymes.core.entities.tests\bin\release\net5.0\kitpymes.core.entities.tests.dll" id="d2a8d953-4f96-4169-b019-ae4999b47b32">
      <Execution id="df67c924-3057-46ef-a432-83eb67f61809" />
      <TestMethod codeBase="D:\SFERRARI\01 - TRABAJO\repos\netcore\libs\template-netcore-entities\Kitpymes.Core.Entities.Tests\bin\Release\net5.0\Kitpymes.Core.Entities.Tests.dll" adapterTypeName="executor://mstestadapter/v2" className="Kitpymes.Core.Entities.ValueObjects.Tests.FullNameTests" name="OperatorNotEqual_Passing_Valid_Values_Returns_True" />
    </UnitTest>
    <UnitTest name="ToNormalize_Passing_Valid_Values_Returns_Name_String_Format (Españç,Espanc)" storage="d:\sferrari\01 - trabajo\repos\netcore\libs\template-netcore-entities\kitpymes.core.entities.tests\bin\release\net5.0\kitpymes.core.entities.tests.dll" id="58d39038-8efc-47f1-8a4c-295bc6988984">
      <Execution id="3b9c0c1f-7a5c-4e92-afb8-371fd51fa72b" />
      <TestMethod codeBase="D:\SFERRARI\01 - TRABAJO\repos\netcore\libs\template-netcore-entities\Kitpymes.Core.Entities.Tests\bin\Release\net5.0\Kitpymes.Core.Entities.Tests.dll" adapterTypeName="executor://mstestadapter/v2" className="Kitpymes.Core.Entities.ValueObjects.Tests.NameTests" name="ToNormalize_Passing_Valid_Values_Returns_Name_String_Format" />
    </UnitTest>
    <UnitTest name="Create_Passing_InvalidOrNull_Value_Returns_ApplicationException (,789,DF7956,Sabadell,Barcelona,España)" storage="d:\sferrari\01 - trabajo\repos\netcore\libs\template-netcore-entities\kitpymes.core.entities.tests\bin\release\net5.0\kitpymes.core.entities.tests.dll" id="d0908d89-9aad-41db-ba1b-71819a5f034f">
      <Execution id="06fc2706-783f-442c-bafe-8306d7fce5b7" />
      <TestMethod codeBase="D:\SFERRARI\01 - TRABAJO\repos\netcore\libs\template-netcore-entities\Kitpymes.Core.Entities.Tests\bin\Release\net5.0\Kitpymes.Core.Entities.Tests.dll" adapterTypeName="executor://mstestadapter/v2" className="Kitpymes.Core.Entities.ValueObjects.Tests.AddressTests" name="Create_Passing_InvalidOrNull_Value_Returns_ApplicationException" />
    </UnitTest>
    <UnitTest name="OperatorNotEqual_Passing_Valid_Values_Returns_False (tenant_A)" storage="d:\sferrari\01 - trabajo\repos\netcore\libs\template-netcore-entities\kitpymes.core.entities.tests\bin\release\net5.0\kitpymes.core.entities.tests.dll" id="2cef0172-02b5-4bdc-83a5-24dabf2f72ff">
      <Execution id="25066ba6-7944-4d0f-af03-66228218184d" />
      <TestMethod codeBase="D:\SFERRARI\01 - TRABAJO\repos\netcore\libs\template-netcore-entities\Kitpymes.Core.Entities.Tests\bin\Release\net5.0\Kitpymes.Core.Entities.Tests.dll" adapterTypeName="executor://mstestadapter/v2" className="Kitpymes.Core.Entities.ValueObjects.Tests.TenantNameTests" name="OperatorNotEqual_Passing_Valid_Values_Returns_False" />
    </UnitTest>
    <UnitTest name="OperatorNotEqual_Passing_Valid_Values_Returns_True (Españã)" storage="d:\sferrari\01 - trabajo\repos\netcore\libs\template-netcore-entities\kitpymes.core.entities.tests\bin\release\net5.0\kitpymes.core.entities.tests.dll" id="314aee83-b148-4553-9650-ea42d8ae724f">
      <Execution id="87d1d515-876e-4811-9990-234054a8c0dd" />
      <TestMethod codeBase="D:\SFERRARI\01 - TRABAJO\repos\netcore\libs\template-netcore-entities\Kitpymes.Core.Entities.Tests\bin\Release\net5.0\Kitpymes.Core.Entities.Tests.dll" adapterTypeName="executor://mstestadapter/v2" className="Kitpymes.Core.Entities.ValueObjects.Tests.NameTests" name="OperatorNotEqual_Passing_Valid_Values_Returns_True" />
    </UnitTest>
    <UnitTest name="IsNull_Passing_Valid_Value_Returns_False (España)" storage="d:\sferrari\01 - trabajo\repos\netcore\libs\template-netcore-entities\kitpymes.core.entities.tests\bin\release\net5.0\kitpymes.core.entities.tests.dll" id="17cf16f7-3ba5-4818-a5f2-eb45aa7681cf">
      <Execution id="9b9e2f9f-7cf2-4ffd-87c6-d41f8db6f4d4" />
      <TestMethod codeBase="D:\SFERRARI\01 - TRABAJO\repos\netcore\libs\template-netcore-entities\Kitpymes.Core.Entities.Tests\bin\Release\net5.0\Kitpymes.Core.Entities.Tests.dll" adapterTypeName="executor://mstestadapter/v2" className="Kitpymes.Core.Entities.ValueObjects.Tests.NameTests" name="IsNull_Passing_Valid_Value_Returns_False" />
    </UnitTest>
    <UnitTest name="IsNull_Passing_Null_Value_Returns_True" storage="d:\sferrari\01 - trabajo\repos\netcore\libs\template-netcore-entities\kitpymes.core.entities.tests\bin\release\net5.0\kitpymes.core.entities.tests.dll" id="0595615c-b579-40c8-9ab0-da3e13275165">
      <Execution id="5f7238de-b81d-409e-b3fd-237d9f5a4089" />
      <TestMethod codeBase="D:\SFERRARI\01 - TRABAJO\repos\netcore\libs\template-netcore-entities\Kitpymes.Core.Entities.Tests\bin\Release\net5.0\Kitpymes.Core.Entities.Tests.dll" adapterTypeName="executor://mstestadapter/v2" className="Kitpymes.Core.Entities.ValueObjects.Tests.SubdomainTests" name="IsNull_Passing_Null_Value_Returns_True" />
    </UnitTest>
    <UnitTest name="OperatorEqual_Passing_Valid_Distinct_Values_Returns_False (San Bartoleme De Tirajana,Las Palmas,España)" storage="d:\sferrari\01 - trabajo\repos\netcore\libs\template-netcore-entities\kitpymes.core.entities.tests\bin\release\net5.0\kitpymes.core.entities.tests.dll" id="c9afbb55-1be6-4396-96f2-b4543ef96662">
      <Execution id="ffc202d0-d9a5-419d-ab55-09c89b0fc4cb" />
      <TestMethod codeBase="D:\SFERRARI\01 - TRABAJO\repos\netcore\libs\template-netcore-entities\Kitpymes.Core.Entities.Tests\bin\Release\net5.0\Kitpymes.Core.Entities.Tests.dll" adapterTypeName="executor://mstestadapter/v2" className="Kitpymes.Core.Entities.ValueObjects.Tests.FullNameTests" name="OperatorEqual_Passing_Valid_Distinct_Values_Returns_False" />
    </UnitTest>
    <UnitTest name="OperatorEqual_Passing_Valid_Values_Returns_True (España)" storage="d:\sferrari\01 - trabajo\repos\netcore\libs\template-netcore-entities\kitpymes.core.entities.tests\bin\release\net5.0\kitpymes.core.entities.tests.dll" id="870f943b-ad12-47cf-b550-0d1efb30c40f">
      <Execution id="76bc6771-f5eb-4303-bd84-d9b380421869" />
      <TestMethod codeBase="D:\SFERRARI\01 - TRABAJO\repos\netcore\libs\template-netcore-entities\Kitpymes.Core.Entities.Tests\bin\Release\net5.0\Kitpymes.Core.Entities.Tests.dll" adapterTypeName="executor://mstestadapter/v2" className="Kitpymes.Core.Entities.ValueObjects.Tests.NameTests" name="OperatorEqual_Passing_Valid_Values_Returns_True" />
    </UnitTest>
    <UnitTest name="Equals_Passing_Valid_Values_Returns_True (TENANTA)" storage="d:\sferrari\01 - trabajo\repos\netcore\libs\template-netcore-entities\kitpymes.core.entities.tests\bin\release\net5.0\kitpymes.core.entities.tests.dll" id="c2127a9b-5465-45f4-a01a-3f9e1c9789d4">
      <Execution id="dba71a09-88d7-4f57-83e1-78ad50a9b14a" />
      <TestMethod codeBase="D:\SFERRARI\01 - TRABAJO\repos\netcore\libs\template-netcore-entities\Kitpymes.Core.Entities.Tests\bin\Release\net5.0\Kitpymes.Core.Entities.Tests.dll" adapterTypeName="executor://mstestadapter/v2" className="Kitpymes.Core.Entities.ValueObjects.Tests.TenantNameTests" name="Equals_Passing_Valid_Values_Returns_True" />
    </UnitTest>
    <UnitTest name="OperatorNotEqual_Passing_Valid_Values_Returns_True (Españç)" storage="d:\sferrari\01 - trabajo\repos\netcore\libs\template-netcore-entities\kitpymes.core.entities.tests\bin\release\net5.0\kitpymes.core.entities.tests.dll" id="fccb84cb-5a0d-4ba6-b831-bef46c334216">
      <Execution id="06352dab-dda0-4b08-8f72-b3ea0c979b63" />
      <TestMethod codeBase="D:\SFERRARI\01 - TRABAJO\repos\netcore\libs\template-netcore-entities\Kitpymes.Core.Entities.Tests\bin\Release\net5.0\Kitpymes.Core.Entities.Tests.dll" adapterTypeName="executor://mstestadapter/v2" className="Kitpymes.Core.Entities.ValueObjects.Tests.NameTests" name="OperatorNotEqual_Passing_Valid_Values_Returns_True" />
    </UnitTest>
    <UnitTest name="Equals_Passing_Valid_Distinct_Values_Returns_False (www.hackerone-com)" storage="d:\sferrari\01 - trabajo\repos\netcore\libs\template-netcore-entities\kitpymes.core.entities.tests\bin\release\net5.0\kitpymes.core.entities.tests.dll" id="7c894b06-8174-42bd-8e2f-acc80712aeb1">
      <Execution id="23fe1288-c7d4-4af1-bcdc-49644caf6c04" />
      <TestMethod codeBase="D:\SFERRARI\01 - TRABAJO\repos\netcore\libs\template-netcore-entities\Kitpymes.Core.Entities.Tests\bin\Release\net5.0\Kitpymes.Core.Entities.Tests.dll" adapterTypeName="executor://mstestadapter/v2" className="Kitpymes.Core.Entities.ValueObjects.Tests.SubdomainTests" name="Equals_Passing_Valid_Distinct_Values_Returns_False" />
    </UnitTest>
    <UnitTest name="ToNormalize_Passing_Valid_Values_Returns_Name_String_Format (Españã,Espana)" storage="d:\sferrari\01 - trabajo\repos\netcore\libs\template-netcore-entities\kitpymes.core.entities.tests\bin\release\net5.0\kitpymes.core.entities.tests.dll" id="2f77c6db-7840-42c6-98c8-a675e49959fe">
      <Execution id="d984160c-9c71-4cd5-8048-f49ce07ff4a4" />
      <TestMethod codeBase="D:\SFERRARI\01 - TRABAJO\repos\netcore\libs\template-netcore-entities\Kitpymes.Core.Entities.Tests\bin\Release\net5.0\Kitpymes.Core.Entities.Tests.dll" adapterTypeName="executor://mstestadapter/v2" className="Kitpymes.Core.Entities.ValueObjects.Tests.NameTests" name="ToNormalize_Passing_Valid_Values_Returns_Name_String_Format" />
    </UnitTest>
    <UnitTest name="Create_Passing_Valid_Values_Returns_StringId (Espania)" storage="d:\sferrari\01 - trabajo\repos\netcore\libs\template-netcore-entities\kitpymes.core.entities.tests\bin\release\net5.0\kitpymes.core.entities.tests.dll" id="ccb1b52f-dce8-4810-b2f1-e38b5117bde6">
      <Execution id="8a9cca79-a377-451b-8915-c1d4698e4522" />
      <TestMethod codeBase="D:\SFERRARI\01 - TRABAJO\repos\netcore\libs\template-netcore-entities\Kitpymes.Core.Entities.Tests\bin\Release\net5.0\Kitpymes.Core.Entities.Tests.dll" adapterTypeName="executor://mstestadapter/v2" className="Kitpymes.Core.Entities.ValueObjects.Tests.StringIdTests" name="Create_Passing_Valid_Values_Returns_StringId" />
    </UnitTest>
    <UnitTest name="IsNull_Passing_Valid_Values_Returns_False (Tenerife,San Bartoleme De Tirajana,Las Palmas)" storage="d:\sferrari\01 - trabajo\repos\netcore\libs\template-netcore-entities\kitpymes.core.entities.tests\bin\release\net5.0\kitpymes.core.entities.tests.dll" id="7798a565-d2db-4bd9-a6e4-2bb4d0bcfeaf">
      <Execution id="3b531bbb-deaf-4276-be2a-efd64b72c30a" />
      <TestMethod codeBase="D:\SFERRARI\01 - TRABAJO\repos\netcore\libs\template-netcore-entities\Kitpymes.Core.Entities.Tests\bin\Release\net5.0\Kitpymes.Core.Entities.Tests.dll" adapterTypeName="executor://mstestadapter/v2" className="Kitpymes.Core.Entities.ValueObjects.Tests.FullNameTests" name="IsNull_Passing_Valid_Values_Returns_False" />
    </UnitTest>
    <UnitTest name="ToEnum_Passing_Valid_IntName_Enumeracion_Returns_Enumeracion" storage="d:\sferrari\01 - trabajo\repos\netcore\libs\template-netcore-entities\kitpymes.core.entities.tests\bin\release\net5.0\kitpymes.core.entities.tests.dll" id="e7ad7dd8-30a5-40eb-81e9-acee45ec60a2">
      <Execution id="c1da69b1-a0bf-44fb-93da-1c2a11c6b017" />
      <TestMethod codeBase="D:\SFERRARI\01 - TRABAJO\repos\netcore\libs\template-netcore-entities\Kitpymes.Core.Entities.Tests\bin\Release\net5.0\Kitpymes.Core.Entities.Tests.dll" adapterTypeName="executor://mstestadapter/v2" className="Kitpymes.Core.Entities.Enumerations.Tests.GenderTypeEnumTests" name="ToEnum_Passing_Valid_IntName_Enumeracion_Returns_Enumeracion" />
    </UnitTest>
    <UnitTest name="IsMale_Passing_Nothing_Returns_True" storage="d:\sferrari\01 - trabajo\repos\netcore\libs\template-netcore-entities\kitpymes.core.entities.tests\bin\release\net5.0\kitpymes.core.entities.tests.dll" id="07f11813-3ba1-4282-ad0f-a6832cebe3d5">
      <Execution id="3ad284e3-3cfe-40fa-afd6-3957384fab0f" />
      <TestMethod codeBase="D:\SFERRARI\01 - TRABAJO\repos\netcore\libs\template-netcore-entities\Kitpymes.Core.Entities.Tests\bin\Release\net5.0\Kitpymes.Core.Entities.Tests.dll" adapterTypeName="executor://mstestadapter/v2" className="Kitpymes.Core.Entities.Enumerations.Tests.GenderTypeEnumTests" name="IsMale_Passing_Nothing_Returns_True" />
    </UnitTest>
    <UnitTest name="Equals_Passing_Valid_Distinct_Values_Returns_False (Tenant1)" storage="d:\sferrari\01 - trabajo\repos\netcore\libs\template-netcore-entities\kitpymes.core.entities.tests\bin\release\net5.0\kitpymes.core.entities.tests.dll" id="d4777fb9-3f7c-4d6a-9733-eba063fdcff2">
      <Execution id="a484a9f9-6c98-4e22-a650-41ad01124019" />
      <TestMethod codeBase="D:\SFERRARI\01 - TRABAJO\repos\netcore\libs\template-netcore-entities\Kitpymes.Core.Entities.Tests\bin\Release\net5.0\Kitpymes.Core.Entities.Tests.dll" adapterTypeName="executor://mstestadapter/v2" className="Kitpymes.Core.Entities.ValueObjects.Tests.TenantNameTests" name="Equals_Passing_Valid_Distinct_Values_Returns_False" />
    </UnitTest>
    <UnitTest name="OperatorNotEqual_Passing_Valid_Values_Returns_True (dasdasd@dsasd.ff)" storage="d:\sferrari\01 - trabajo\repos\netcore\libs\template-netcore-entities\kitpymes.core.entities.tests\bin\release\net5.0\kitpymes.core.entities.tests.dll" id="2c4eb181-ac52-4f02-9151-28be319f45b6">
      <Execution id="b00a8d3c-30a5-4ebe-8b29-5d7eb470a934" />
      <TestMethod codeBase="D:\SFERRARI\01 - TRABAJO\repos\netcore\libs\template-netcore-entities\Kitpymes.Core.Entities.Tests\bin\Release\net5.0\Kitpymes.Core.Entities.Tests.dll" adapterTypeName="executor://mstestadapter/v2" className="Kitpymes.Core.Entities.ValueObjects.Tests.EmailTests" name="OperatorNotEqual_Passing_Valid_Values_Returns_True" />
    </UnitTest>
    <UnitTest name="IsNull_Passing_Null_Value_Returns_True" storage="d:\sferrari\01 - trabajo\repos\netcore\libs\template-netcore-entities\kitpymes.core.entities.tests\bin\release\net5.0\kitpymes.core.entities.tests.dll" id="b154c7e1-0b59-4557-9cfe-8525e90eeb2a">
      <Execution id="d1a5c046-34a0-4676-aeec-b9adccaaf97c" />
      <TestMethod codeBase="D:\SFERRARI\01 - TRABAJO\repos\netcore\libs\template-netcore-entities\Kitpymes.Core.Entities.Tests\bin\Release\net5.0\Kitpymes.Core.Entities.Tests.dll" adapterTypeName="executor://mstestadapter/v2" className="Kitpymes.Core.Entities.ValueObjects.Tests.TenantNameTests" name="IsNull_Passing_Null_Value_Returns_True" />
    </UnitTest>
    <UnitTest name="Change_Passing_Valid_Values_Returns_Currency (EUR)" storage="d:\sferrari\01 - trabajo\repos\netcore\libs\template-netcore-entities\kitpymes.core.entities.tests\bin\release\net5.0\kitpymes.core.entities.tests.dll" id="d51b7a3a-cbce-46c7-af70-b6d2b617c0eb">
      <Execution id="b7854f55-d6a6-491d-91f9-44c31920e039" />
      <TestMethod codeBase="D:\SFERRARI\01 - TRABAJO\repos\netcore\libs\template-netcore-entities\Kitpymes.Core.Entities.Tests\bin\Release\net5.0\Kitpymes.Core.Entities.Tests.dll" adapterTypeName="executor://mstestadapter/v2" className="Kitpymes.Core.Entities.ValueObjects.Tests.CurrencyTests" name="Change_Passing_Valid_Values_Returns_Currency" />
    </UnitTest>
    <UnitTest name="Equals_Passing_Valid_Values_Returns_True (Españã)" storage="d:\sferrari\01 - trabajo\repos\netcore\libs\template-netcore-entities\kitpymes.core.entities.tests\bin\release\net5.0\kitpymes.core.entities.tests.dll" id="a32e632f-dc5d-4a65-aa7a-939fe9f88ed8">
      <Execution id="066debc3-1795-4a1f-8510-feae552087f0" />
      <TestMethod codeBase="D:\SFERRARI\01 - TRABAJO\repos\netcore\libs\template-netcore-entities\Kitpymes.Core.Entities.Tests\bin\Release\net5.0\Kitpymes.Core.Entities.Tests.dll" adapterTypeName="executor://mstestadapter/v2" className="Kitpymes.Core.Entities.ValueObjects.Tests.NameTests" name="Equals_Passing_Valid_Values_Returns_True" />
    </UnitTest>
    <UnitTest name="Create_Passing_Valid_Values_Returns_FullName (Sabadell,Barcelona,España)" storage="d:\sferrari\01 - trabajo\repos\netcore\libs\template-netcore-entities\kitpymes.core.entities.tests\bin\release\net5.0\kitpymes.core.entities.tests.dll" id="c68f792c-8d21-41de-bacc-d775c062d3ba">
      <Execution id="93fed868-dca3-47bd-bfd7-c57c762c05f6" />
      <TestMethod codeBase="D:\SFERRARI\01 - TRABAJO\repos\netcore\libs\template-netcore-entities\Kitpymes.Core.Entities.Tests\bin\Release\net5.0\Kitpymes.Core.Entities.Tests.dll" adapterTypeName="executor://mstestadapter/v2" className="Kitpymes.Core.Entities.ValueObjects.Tests.FullNameTests" name="Create_Passing_Valid_Values_Returns_FullName" />
    </UnitTest>
    <UnitTest name="OperatorNotEqual_Passing_Valid_Values_Returns_True (San Bartoleme De Tirajana)" storage="d:\sferrari\01 - trabajo\repos\netcore\libs\template-netcore-entities\kitpymes.core.entities.tests\bin\release\net5.0\kitpymes.core.entities.tests.dll" id="598347b1-0aa7-466d-b1be-dc5f775f4e3f">
      <Execution id="7f92d1ed-8399-4090-80de-ffa4824f4251" />
      <TestMethod codeBase="D:\SFERRARI\01 - TRABAJO\repos\netcore\libs\template-netcore-entities\Kitpymes.Core.Entities.Tests\bin\Release\net5.0\Kitpymes.Core.Entities.Tests.dll" adapterTypeName="executor://mstestadapter/v2" className="Kitpymes.Core.Entities.ValueObjects.Tests.StringIdTests" name="OperatorNotEqual_Passing_Valid_Values_Returns_True" />
    </UnitTest>
    <UnitTest name="ToString_Passing_Valid_Values_Returns_Currency_String_Symbol (USD)" storage="d:\sferrari\01 - trabajo\repos\netcore\libs\template-netcore-entities\kitpymes.core.entities.tests\bin\release\net5.0\kitpymes.core.entities.tests.dll" id="cb619ac5-1ad1-454f-9c9b-e21e865c9565">
      <Execution id="55093013-4b24-4be2-a8aa-c6dba41a84c4" />
      <TestMethod codeBase="D:\SFERRARI\01 - TRABAJO\repos\netcore\libs\template-netcore-entities\Kitpymes.Core.Entities.Tests\bin\Release\net5.0\Kitpymes.Core.Entities.Tests.dll" adapterTypeName="executor://mstestadapter/v2" className="Kitpymes.Core.Entities.ValueObjects.Tests.CurrencyTests" name="ToString_Passing_Valid_Values_Returns_Currency_String_Symbol" />
    </UnitTest>
    <UnitTest name="Equals_Passing_Valid_Values_Returns_True (456,43543543543)" storage="d:\sferrari\01 - trabajo\repos\netcore\libs\template-netcore-entities\kitpymes.core.entities.tests\bin\release\net5.0\kitpymes.core.entities.tests.dll" id="2f8fdd3c-fa08-45b4-beec-3c690f298d92">
      <Execution id="ac93670e-2778-438b-9cc7-415d1403375a" />
      <TestMethod codeBase="D:\SFERRARI\01 - TRABAJO\repos\netcore\libs\template-netcore-entities\Kitpymes.Core.Entities.Tests\bin\Release\net5.0\Kitpymes.Core.Entities.Tests.dll" adapterTypeName="executor://mstestadapter/v2" className="Kitpymes.Core.Entities.ValueObjects.Tests.TelephoneTests" name="Equals_Passing_Valid_Values_Returns_True" />
    </UnitTest>
    <UnitTest name="Equals_Passing_Valid_Values_Returns_True (app.hackerone1.com)" storage="d:\sferrari\01 - trabajo\repos\netcore\libs\template-netcore-entities\kitpymes.core.entities.tests\bin\release\net5.0\kitpymes.core.entities.tests.dll" id="91d7f01f-3b39-49f6-afae-42cc6e77cb00">
      <Execution id="d6071ad6-f3b3-4ce3-b5b4-4ee354434a68" />
      <TestMethod codeBase="D:\SFERRARI\01 - TRABAJO\repos\netcore\libs\template-netcore-entities\Kitpymes.Core.Entities.Tests\bin\Release\net5.0\Kitpymes.Core.Entities.Tests.dll" adapterTypeName="executor://mstestadapter/v2" className="Kitpymes.Core.Entities.ValueObjects.Tests.SubdomainTests" name="Equals_Passing_Valid_Values_Returns_True" />
    </UnitTest>
    <UnitTest name="OperatorEqual_Passing_Valid_Distinct_Values_Returns_False (200,EUR,4)" storage="d:\sferrari\01 - trabajo\repos\netcore\libs\template-netcore-entities\kitpymes.core.entities.tests\bin\release\net5.0\kitpymes.core.entities.tests.dll" id="5a49065f-2c33-46b3-847f-846e23d7f12c">
      <Execution id="3d3523a4-582a-467b-afdf-8465d2354e93" />
      <TestMethod codeBase="D:\SFERRARI\01 - TRABAJO\repos\netcore\libs\template-netcore-entities\Kitpymes.Core.Entities.Tests\bin\Release\net5.0\Kitpymes.Core.Entities.Tests.dll" adapterTypeName="executor://mstestadapter/v2" className="Kitpymes.Core.Entities.ValueObjects.Tests.MoneyTests" name="OperatorEqual_Passing_Valid_Distinct_Values_Returns_False" />
    </UnitTest>
    <UnitTest name="Equals_Passing_Valid_Distinct_Values_Returns_False (Sabadell,Barcelona,España)" storage="d:\sferrari\01 - trabajo\repos\netcore\libs\template-netcore-entities\kitpymes.core.entities.tests\bin\release\net5.0\kitpymes.core.entities.tests.dll" id="557beaed-d7f9-4fad-9a1a-127dc7fdfd0d">
      <Execution id="61d90aea-0208-41a0-8690-21b52e421720" />
      <TestMethod codeBase="D:\SFERRARI\01 - TRABAJO\repos\netcore\libs\template-netcore-entities\Kitpymes.Core.Entities.Tests\bin\Release\net5.0\Kitpymes.Core.Entities.Tests.dll" adapterTypeName="executor://mstestadapter/v2" className="Kitpymes.Core.Entities.ValueObjects.Tests.FullNameTests" name="Equals_Passing_Valid_Distinct_Values_Returns_False" />
    </UnitTest>
    <UnitTest name="OperatorNotEqual_Passing_Valid_Values_Returns_False (TENANT_1)" storage="d:\sferrari\01 - trabajo\repos\netcore\libs\template-netcore-entities\kitpymes.core.entities.tests\bin\release\net5.0\kitpymes.core.entities.tests.dll" id="801743ff-a405-4e84-8b76-d0b2aa2037a3">
      <Execution id="c3275268-b895-48ed-82a9-6a996d461836" />
      <TestMethod codeBase="D:\SFERRARI\01 - TRABAJO\repos\netcore\libs\template-netcore-entities\Kitpymes.Core.Entities.Tests\bin\Release\net5.0\Kitpymes.Core.Entities.Tests.dll" adapterTypeName="executor://mstestadapter/v2" className="Kitpymes.Core.Entities.ValueObjects.Tests.TenantNameTests" name="OperatorNotEqual_Passing_Valid_Values_Returns_False" />
    </UnitTest>
    <UnitTest name="IsGold_Passing_Nothing_Returns_True" storage="d:\sferrari\01 - trabajo\repos\netcore\libs\template-netcore-entities\kitpymes.core.entities.tests\bin\release\net5.0\kitpymes.core.entities.tests.dll" id="9e71b9f6-874f-428c-bb7d-ce337471eccc">
      <Execution id="75d6e9f7-e2c6-4f31-9929-71778b9ad86c" />
      <TestMethod codeBase="D:\SFERRARI\01 - TRABAJO\repos\netcore\libs\template-netcore-entities\Kitpymes.Core.Entities.Tests\bin\Release\net5.0\Kitpymes.Core.Entities.Tests.dll" adapterTypeName="executor://mstestadapter/v2" className="Kitpymes.Core.Entities.Enumerations.Tests.SubscriptionEnumTests" name="IsGold_Passing_Nothing_Returns_True" />
    </UnitTest>
    <UnitTest name="OperatorEqual_Passing_Valid_Values_Returns_True (D45,86554654)" storage="d:\sferrari\01 - trabajo\repos\netcore\libs\template-netcore-entities\kitpymes.core.entities.tests\bin\release\net5.0\kitpymes.core.entities.tests.dll" id="51b56147-2bd9-40e2-906f-c96a66af1ff0">
      <Execution id="5dcda63f-49a8-4acd-a6b1-92dfe1638e90" />
      <TestMethod codeBase="D:\SFERRARI\01 - TRABAJO\repos\netcore\libs\template-netcore-entities\Kitpymes.Core.Entities.Tests\bin\Release\net5.0\Kitpymes.Core.Entities.Tests.dll" adapterTypeName="executor://mstestadapter/v2" className="Kitpymes.Core.Entities.ValueObjects.Tests.TelephoneTests" name="OperatorEqual_Passing_Valid_Values_Returns_True" />
    </UnitTest>
    <UnitTest name="ToEnum_Passing_Invalid_String_Name_Returns_Null" storage="d:\sferrari\01 - trabajo\repos\netcore\libs\template-netcore-entities\kitpymes.core.entities.tests\bin\release\net5.0\kitpymes.core.entities.tests.dll" id="fba238d6-7ade-4e85-b375-c2c60280b988">
      <Execution id="f9406011-e02b-4db2-8508-83c617fdda8a" />
      <TestMethod codeBase="D:\SFERRARI\01 - TRABAJO\repos\netcore\libs\template-netcore-entities\Kitpymes.Core.Entities.Tests\bin\Release\net5.0\Kitpymes.Core.Entities.Tests.dll" adapterTypeName="executor://mstestadapter/v2" className="Kitpymes.Core.Entities.Enumerations.Tests.StatusEnumTests" name="ToEnum_Passing_Invalid_String_Name_Returns_Null" />
    </UnitTest>
    <UnitTest name="Change_Passing_Valid_Values_Returns_Email (bbbs@bbb.bbb,ppp@ppp.ppp)" storage="d:\sferrari\01 - trabajo\repos\netcore\libs\template-netcore-entities\kitpymes.core.entities.tests\bin\release\net5.0\kitpymes.core.entities.tests.dll" id="b203e7f7-ab33-4806-9854-3e7121190116">
      <Execution id="f54c3682-f468-423c-86fb-585c2d2c5660" />
      <TestMethod codeBase="D:\SFERRARI\01 - TRABAJO\repos\netcore\libs\template-netcore-entities\Kitpymes.Core.Entities.Tests\bin\Release\net5.0\Kitpymes.Core.Entities.Tests.dll" adapterTypeName="executor://mstestadapter/v2" className="Kitpymes.Core.Entities.ValueObjects.Tests.EmailTests" name="Change_Passing_Valid_Values_Returns_Email" />
    </UnitTest>
    <UnitTest name="OperatorNotEqual_Passing_Valid_Values_Returns_True (app.hackerone1.com)" storage="d:\sferrari\01 - trabajo\repos\netcore\libs\template-netcore-entities\kitpymes.core.entities.tests\bin\release\net5.0\kitpymes.core.entities.tests.dll" id="61b07df1-00d1-47a1-9206-33d52cc7b9c3">
      <Execution id="898ca690-6465-469b-a4f4-d69f769636b4" />
      <TestMethod codeBase="D:\SFERRARI\01 - TRABAJO\repos\netcore\libs\template-netcore-entities\Kitpymes.Core.Entities.Tests\bin\Release\net5.0\Kitpymes.Core.Entities.Tests.dll" adapterTypeName="executor://mstestadapter/v2" className="Kitpymes.Core.Entities.ValueObjects.Tests.SubdomainTests" name="OperatorNotEqual_Passing_Valid_Values_Returns_True" />
    </UnitTest>
    <UnitTest name="Equals_Passing_Valid_Distinct_Values_Returns_False (Españà)" storage="d:\sferrari\01 - trabajo\repos\netcore\libs\template-netcore-entities\kitpymes.core.entities.tests\bin\release\net5.0\kitpymes.core.entities.tests.dll" id="3bce5f23-b532-4fcd-b130-570a03fccb46">
      <Execution id="3717e45d-10ed-4247-95a9-4c02b43bc477" />
      <TestMethod codeBase="D:\SFERRARI\01 - TRABAJO\repos\netcore\libs\template-netcore-entities\Kitpymes.Core.Entities.Tests\bin\Release\net5.0\Kitpymes.Core.Entities.Tests.dll" adapterTypeName="executor://mstestadapter/v2" className="Kitpymes.Core.Entities.ValueObjects.Tests.NameTests" name="Equals_Passing_Valid_Distinct_Values_Returns_False" />
    </UnitTest>
    <UnitTest name="Create_Passing_Valid_Values_Returns_Address (400,USD,8)" storage="d:\sferrari\01 - trabajo\repos\netcore\libs\template-netcore-entities\kitpymes.core.entities.tests\bin\release\net5.0\kitpymes.core.entities.tests.dll" id="fb852110-65aa-4236-a087-2ae51bf307d9">
      <Execution id="b4002680-fa4d-40c7-9a02-be50dfbe7615" />
      <TestMethod codeBase="D:\SFERRARI\01 - TRABAJO\repos\netcore\libs\template-netcore-entities\Kitpymes.Core.Entities.Tests\bin\Release\net5.0\Kitpymes.Core.Entities.Tests.dll" adapterTypeName="executor://mstestadapter/v2" className="Kitpymes.Core.Entities.ValueObjects.Tests.MoneyTests" name="Create_Passing_Valid_Values_Returns_Address" />
    </UnitTest>
    <UnitTest name="Change_Passing_Valid_Values_Returns_Address" storage="d:\sferrari\01 - trabajo\repos\netcore\libs\template-netcore-entities\kitpymes.core.entities.tests\bin\release\net5.0\kitpymes.core.entities.tests.dll" id="cfebae9b-be2e-432f-8c8d-a75de5701dd0">
      <Execution id="d10c7c7a-a069-4006-b601-2bd115226e65" />
      <TestMethod codeBase="D:\SFERRARI\01 - TRABAJO\repos\netcore\libs\template-netcore-entities\Kitpymes.Core.Entities.Tests\bin\Release\net5.0\Kitpymes.Core.Entities.Tests.dll" adapterTypeName="executor://mstestadapter/v2" className="Kitpymes.Core.Entities.ValueObjects.Tests.AddressTests" name="Change_Passing_Valid_Values_Returns_Address" />
    </UnitTest>
    <UnitTest name="Create_Passing_InvalidOrNull_Value_Returns_ApplicationException (,8768768768)" storage="d:\sferrari\01 - trabajo\repos\netcore\libs\template-netcore-entities\kitpymes.core.entities.tests\bin\release\net5.0\kitpymes.core.entities.tests.dll" id="3f7c59cb-2bb6-4aa7-89cf-730d5f917e48">
      <Execution id="7d860519-b842-451c-8d45-a0e63fc6b467" />
      <TestMethod codeBase="D:\SFERRARI\01 - TRABAJO\repos\netcore\libs\template-netcore-entities\Kitpymes.Core.Entities.Tests\bin\Release\net5.0\Kitpymes.Core.Entities.Tests.dll" adapterTypeName="executor://mstestadapter/v2" className="Kitpymes.Core.Entities.ValueObjects.Tests.TelephoneTests" name="Create_Passing_InvalidOrNull_Value_Returns_ApplicationException" />
    </UnitTest>
    <UnitTest name="Create_Passing_Valid_Values_Returns_Name (Tenant_A)" storage="d:\sferrari\01 - trabajo\repos\netcore\libs\template-netcore-entities\kitpymes.core.entities.tests\bin\release\net5.0\kitpymes.core.entities.tests.dll" id="9f7a14dd-f87b-47c6-a533-6c2950e49b53">
      <Execution id="b161d6e0-03dd-4d81-9c96-c83a5af6faaa" />
      <TestMethod codeBase="D:\SFERRARI\01 - TRABAJO\repos\netcore\libs\template-netcore-entities\Kitpymes.Core.Entities.Tests\bin\Release\net5.0\Kitpymes.Core.Entities.Tests.dll" adapterTypeName="executor://mstestadapter/v2" className="Kitpymes.Core.Entities.ValueObjects.Tests.TenantNameTests" name="Create_Passing_Valid_Values_Returns_Name" />
    </UnitTest>
    <UnitTest name="ToNormalize_Passing_Valid_Values_Returns_Address_String_Format (ñandu@gmail.com)" storage="d:\sferrari\01 - trabajo\repos\netcore\libs\template-netcore-entities\kitpymes.core.entities.tests\bin\release\net5.0\kitpymes.core.entities.tests.dll" id="79634f04-248a-472e-9a3a-8ce9945b5b1f">
      <Execution id="7426d522-6180-4260-9ca3-710ff24d2991" />
      <TestMethod codeBase="D:\SFERRARI\01 - TRABAJO\repos\netcore\libs\template-netcore-entities\Kitpymes.Core.Entities.Tests\bin\Release\net5.0\Kitpymes.Core.Entities.Tests.dll" adapterTypeName="executor://mstestadapter/v2" className="Kitpymes.Core.Entities.ValueObjects.Tests.EmailTests" name="ToNormalize_Passing_Valid_Values_Returns_Address_String_Format" />
    </UnitTest>
    <UnitTest name="IsAmex_Passing_Nothing_Returns_True" storage="d:\sferrari\01 - trabajo\repos\netcore\libs\template-netcore-entities\kitpymes.core.entities.tests\bin\release\net5.0\kitpymes.core.entities.tests.dll" id="4602ad4e-8e6b-4bcd-9e03-08faa28c11a3">
      <Execution id="5a3182a9-3d23-4c93-8e31-3311f9b16932" />
      <TestMethod codeBase="D:\SFERRARI\01 - TRABAJO\repos\netcore\libs\template-netcore-entities\Kitpymes.Core.Entities.Tests\bin\Release\net5.0\Kitpymes.Core.Entities.Tests.dll" adapterTypeName="executor://mstestadapter/v2" className="Kitpymes.Core.Entities.Enumerations.Tests.CardTypeEnumTests" name="IsAmex_Passing_Nothing_Returns_True" />
    </UnitTest>
    <UnitTest name="Change_Passing_Valid_Values_Returns_FullName" storage="d:\sferrari\01 - trabajo\repos\netcore\libs\template-netcore-entities\kitpymes.core.entities.tests\bin\release\net5.0\kitpymes.core.entities.tests.dll" id="1c5f181f-a3c7-4215-80d6-e127b69e4772">
      <Execution id="85227b19-3d3a-46ce-9384-e9e8b9e4fca0" />
      <TestMethod codeBase="D:\SFERRARI\01 - TRABAJO\repos\netcore\libs\template-netcore-entities\Kitpymes.Core.Entities.Tests\bin\Release\net5.0\Kitpymes.Core.Entities.Tests.dll" adapterTypeName="executor://mstestadapter/v2" className="Kitpymes.Core.Entities.ValueObjects.Tests.FullNameTests" name="Change_Passing_Valid_Values_Returns_FullName" />
    </UnitTest>
    <UnitTest name="ToString_Passing_Valid_Values_Returns_Name (Españá)" storage="d:\sferrari\01 - trabajo\repos\netcore\libs\template-netcore-entities\kitpymes.core.entities.tests\bin\release\net5.0\kitpymes.core.entities.tests.dll" id="ee4166c6-3387-4cd9-bdab-dd34902c92ff">
      <Execution id="f8a9cdab-72e2-48d4-992f-f8eee1c38703" />
      <TestMethod codeBase="D:\SFERRARI\01 - TRABAJO\repos\netcore\libs\template-netcore-entities\Kitpymes.Core.Entities.Tests\bin\Release\net5.0\Kitpymes.Core.Entities.Tests.dll" adapterTypeName="executor://mstestadapter/v2" className="Kitpymes.Core.Entities.ValueObjects.Tests.NameTests" name="ToString_Passing_Valid_Values_Returns_Name" />
    </UnitTest>
    <UnitTest name="OperatorEqual_Passing_Valid_Values_Returns_True (tenant_A)" storage="d:\sferrari\01 - trabajo\repos\netcore\libs\template-netcore-entities\kitpymes.core.entities.tests\bin\release\net5.0\kitpymes.core.entities.tests.dll" id="20ae6a99-6347-469d-bdbd-5b9f1c0710bd">
      <Execution id="752486bc-8251-4155-bdf3-d1033a4a8e1d" />
      <TestMethod codeBase="D:\SFERRARI\01 - TRABAJO\repos\netcore\libs\template-netcore-entities\Kitpymes.Core.Entities.Tests\bin\Release\net5.0\Kitpymes.Core.Entities.Tests.dll" adapterTypeName="executor://mstestadapter/v2" className="Kitpymes.Core.Entities.ValueObjects.Tests.TenantNameTests" name="OperatorEqual_Passing_Valid_Values_Returns_True" />
    </UnitTest>
    <UnitTest name="ToString_Passing_Valid_Values_Returns_Address_String_Format (400,USD,8)" storage="d:\sferrari\01 - trabajo\repos\netcore\libs\template-netcore-entities\kitpymes.core.entities.tests\bin\release\net5.0\kitpymes.core.entities.tests.dll" id="5769394d-c016-4f0b-88cb-ef1873cb07fc">
      <Execution id="26c511f5-fac8-449c-b983-341120f3d5cd" />
      <TestMethod codeBase="D:\SFERRARI\01 - TRABAJO\repos\netcore\libs\template-netcore-entities\Kitpymes.Core.Entities.Tests\bin\Release\net5.0\Kitpymes.Core.Entities.Tests.dll" adapterTypeName="executor://mstestadapter/v2" className="Kitpymes.Core.Entities.ValueObjects.Tests.MoneyTests" name="ToString_Passing_Valid_Values_Returns_Address_String_Format" />
    </UnitTest>
    <UnitTest name="OperatorNotEqual_Passing_Valid_Values_Returns_False (tenant_1)" storage="d:\sferrari\01 - trabajo\repos\netcore\libs\template-netcore-entities\kitpymes.core.entities.tests\bin\release\net5.0\kitpymes.core.entities.tests.dll" id="144948fe-856d-4d5e-9b40-aa38f09055ca">
      <Execution id="15ea367c-2131-4e25-9990-70bca678b076" />
      <TestMethod codeBase="D:\SFERRARI\01 - TRABAJO\repos\netcore\libs\template-netcore-entities\Kitpymes.Core.Entities.Tests\bin\Release\net5.0\Kitpymes.Core.Entities.Tests.dll" adapterTypeName="executor://mstestadapter/v2" className="Kitpymes.Core.Entities.ValueObjects.Tests.TenantNameTests" name="OperatorNotEqual_Passing_Valid_Values_Returns_False" />
    </UnitTest>
    <UnitTest name="IsNull_Passing_Valid_Value_Returns_False (Tenant1)" storage="d:\sferrari\01 - trabajo\repos\netcore\libs\template-netcore-entities\kitpymes.core.entities.tests\bin\release\net5.0\kitpymes.core.entities.tests.dll" id="6aef4e2b-bb75-48d0-b75e-a7eecd633630">
      <Execution id="589ca073-17df-437c-8050-c975190b38fc" />
      <TestMethod codeBase="D:\SFERRARI\01 - TRABAJO\repos\netcore\libs\template-netcore-entities\Kitpymes.Core.Entities.Tests\bin\Release\net5.0\Kitpymes.Core.Entities.Tests.dll" adapterTypeName="executor://mstestadapter/v2" className="Kitpymes.Core.Entities.ValueObjects.Tests.TenantNameTests" name="IsNull_Passing_Valid_Value_Returns_False" />
    </UnitTest>
    <UnitTest name="Create_Passing_InvalidOrNull_Value_Returns_ApplicationException ()" storage="d:\sferrari\01 - trabajo\repos\netcore\libs\template-netcore-entities\kitpymes.core.entities.tests\bin\release\net5.0\kitpymes.core.entities.tests.dll" id="5515d23f-7eb3-4765-834a-2e50b5fdf4e4">
      <Execution id="e2247ea8-08ff-4909-bd34-8eecf9ce4376" />
      <TestMethod codeBase="D:\SFERRARI\01 - TRABAJO\repos\netcore\libs\template-netcore-entities\Kitpymes.Core.Entities.Tests\bin\Release\net5.0\Kitpymes.Core.Entities.Tests.dll" adapterTypeName="executor://mstestadapter/v2" className="Kitpymes.Core.Entities.ValueObjects.Tests.TenantNameTests" name="Create_Passing_InvalidOrNull_Value_Returns_ApplicationException" />
    </UnitTest>
    <UnitTest name="OperatorNotEqual_Passing_Valid_Values_Returns_False (dasdasd@dsasd.ff)" storage="d:\sferrari\01 - trabajo\repos\netcore\libs\template-netcore-entities\kitpymes.core.entities.tests\bin\release\net5.0\kitpymes.core.entities.tests.dll" id="ba955838-226d-43c0-9e4e-4b20fbaedf2e">
      <Execution id="b63cc5ae-1841-495c-b704-f16af9b4e4bd" />
      <TestMethod codeBase="D:\SFERRARI\01 - TRABAJO\repos\netcore\libs\template-netcore-entities\Kitpymes.Core.Entities.Tests\bin\Release\net5.0\Kitpymes.Core.Entities.Tests.dll" adapterTypeName="executor://mstestadapter/v2" className="Kitpymes.Core.Entities.ValueObjects.Tests.EmailTests" name="OperatorNotEqual_Passing_Valid_Values_Returns_False" />
    </UnitTest>
    <UnitTest name="Equals_Passing_Valid_Values_Returns_True (EUR)" storage="d:\sferrari\01 - trabajo\repos\netcore\libs\template-netcore-entities\kitpymes.core.entities.tests\bin\release\net5.0\kitpymes.core.entities.tests.dll" id="891e3f1f-fd80-4635-92bb-951905a41fda">
      <Execution id="004c19be-088d-414b-b2a0-87fd12a3999f" />
      <TestMethod codeBase="D:\SFERRARI\01 - TRABAJO\repos\netcore\libs\template-netcore-entities\Kitpymes.Core.Entities.Tests\bin\Release\net5.0\Kitpymes.Core.Entities.Tests.dll" adapterTypeName="executor://mstestadapter/v2" className="Kitpymes.Core.Entities.ValueObjects.Tests.CurrencyTests" name="Equals_Passing_Valid_Values_Returns_True" />
    </UnitTest>
    <UnitTest name="Equals_Passing_Valid_Distinct_Values_Returns_False (Españç)" storage="d:\sferrari\01 - trabajo\repos\netcore\libs\template-netcore-entities\kitpymes.core.entities.tests\bin\release\net5.0\kitpymes.core.entities.tests.dll" id="96d7dee1-84c5-489e-bb89-99f28383d95d">
      <Execution id="1e519712-64f4-4b89-ba6f-a8a892270997" />
      <TestMethod codeBase="D:\SFERRARI\01 - TRABAJO\repos\netcore\libs\template-netcore-entities\Kitpymes.Core.Entities.Tests\bin\Release\net5.0\Kitpymes.Core.Entities.Tests.dll" adapterTypeName="executor://mstestadapter/v2" className="Kitpymes.Core.Entities.ValueObjects.Tests.NameTests" name="Equals_Passing_Valid_Distinct_Values_Returns_False" />
    </UnitTest>
    <UnitTest name="Equals_Passing_Valid_Distinct_Values_Returns_False (Sabadell)" storage="d:\sferrari\01 - trabajo\repos\netcore\libs\template-netcore-entities\kitpymes.core.entities.tests\bin\release\net5.0\kitpymes.core.entities.tests.dll" id="17aae640-2b89-4da4-b549-76419e6be22f">
      <Execution id="e59a38b6-da1c-4162-a3b6-2d1a043306f5" />
      <TestMethod codeBase="D:\SFERRARI\01 - TRABAJO\repos\netcore\libs\template-netcore-entities\Kitpymes.Core.Entities.Tests\bin\Release\net5.0\Kitpymes.Core.Entities.Tests.dll" adapterTypeName="executor://mstestadapter/v2" className="Kitpymes.Core.Entities.ValueObjects.Tests.StringIdTests" name="Equals_Passing_Valid_Distinct_Values_Returns_False" />
    </UnitTest>
    <UnitTest name="GetAll_Passing_Nothing_Returns_Enumeracion_List" storage="d:\sferrari\01 - trabajo\repos\netcore\libs\template-netcore-entities\kitpymes.core.entities.tests\bin\release\net5.0\kitpymes.core.entities.tests.dll" id="2df1f5a5-fd8e-4492-b711-2d3923ad21bd">
      <Execution id="980ff631-3d90-4744-ab4f-c7dc7a40da5e" />
      <TestMethod codeBase="D:\SFERRARI\01 - TRABAJO\repos\netcore\libs\template-netcore-entities\Kitpymes.Core.Entities.Tests\bin\Release\net5.0\Kitpymes.Core.Entities.Tests.dll" adapterTypeName="executor://mstestadapter/v2" className="Kitpymes.Core.Entities.Enumerations.Tests.SubscriptionEnumTests" name="GetAll_Passing_Nothing_Returns_Enumeracion_List" />
    </UnitTest>
    <UnitTest name="ToString_Passing_Valid_Values_Returns_Name (Españä)" storage="d:\sferrari\01 - trabajo\repos\netcore\libs\template-netcore-entities\kitpymes.core.entities.tests\bin\release\net5.0\kitpymes.core.entities.tests.dll" id="33d46e7c-d773-4aa4-a6e5-3e84e335fb1b">
      <Execution id="a51d356c-36bd-45ed-af06-0b00205e98bd" />
      <TestMethod codeBase="D:\SFERRARI\01 - TRABAJO\repos\netcore\libs\template-netcore-entities\Kitpymes.Core.Entities.Tests\bin\Release\net5.0\Kitpymes.Core.Entities.Tests.dll" adapterTypeName="executor://mstestadapter/v2" className="Kitpymes.Core.Entities.ValueObjects.Tests.NameTests" name="ToString_Passing_Valid_Values_Returns_Name" />
    </UnitTest>
    <UnitTest name="Equals_Passing_Valid_Values_Returns_True (tenant_1)" storage="d:\sferrari\01 - trabajo\repos\netcore\libs\template-netcore-entities\kitpymes.core.entities.tests\bin\release\net5.0\kitpymes.core.entities.tests.dll" id="40b9b264-8f83-4c1e-8c16-b98d9bfef2df">
      <Execution id="55dbf6e5-246e-4237-b65c-84120f8ab753" />
      <TestMethod codeBase="D:\SFERRARI\01 - TRABAJO\repos\netcore\libs\template-netcore-entities\Kitpymes.Core.Entities.Tests\bin\Release\net5.0\Kitpymes.Core.Entities.Tests.dll" adapterTypeName="executor://mstestadapter/v2" className="Kitpymes.Core.Entities.ValueObjects.Tests.TenantNameTests" name="Equals_Passing_Valid_Values_Returns_True" />
    </UnitTest>
    <UnitTest name="OperatorEqual_Passing_Valid_Distinct_Values_Returns_False (tenant_1)" storage="d:\sferrari\01 - trabajo\repos\netcore\libs\template-netcore-entities\kitpymes.core.entities.tests\bin\release\net5.0\kitpymes.core.entities.tests.dll" id="2fb851eb-d98f-42b1-80de-971b29e3565a">
      <Execution id="fecb229e-20a5-4953-ad8e-e47ff8397a30" />
      <TestMethod codeBase="D:\SFERRARI\01 - TRABAJO\repos\netcore\libs\template-netcore-entities\Kitpymes.Core.Entities.Tests\bin\Release\net5.0\Kitpymes.Core.Entities.Tests.dll" adapterTypeName="executor://mstestadapter/v2" className="Kitpymes.Core.Entities.ValueObjects.Tests.TenantNameTests" name="OperatorEqual_Passing_Valid_Distinct_Values_Returns_False" />
    </UnitTest>
    <UnitTest name="OperatorNotEqual_Passing_Valid_Values_Returns_True (Españä)" storage="d:\sferrari\01 - trabajo\repos\netcore\libs\template-netcore-entities\kitpymes.core.entities.tests\bin\release\net5.0\kitpymes.core.entities.tests.dll" id="d30b79e2-fcbc-4d5b-907d-48aa39663ab8">
      <Execution id="4e74aee5-846d-42ba-b08b-6ad53d2adc0f" />
      <TestMethod codeBase="D:\SFERRARI\01 - TRABAJO\repos\netcore\libs\template-netcore-entities\Kitpymes.Core.Entities.Tests\bin\Release\net5.0\Kitpymes.Core.Entities.Tests.dll" adapterTypeName="executor://mstestadapter/v2" className="Kitpymes.Core.Entities.ValueObjects.Tests.NameTests" name="OperatorNotEqual_Passing_Valid_Values_Returns_True" />
    </UnitTest>
    <UnitTest name="ToString_Passing_Valid_Values_Returns_Address_String_Format (100,EUR,2)" storage="d:\sferrari\01 - trabajo\repos\netcore\libs\template-netcore-entities\kitpymes.core.entities.tests\bin\release\net5.0\kitpymes.core.entities.tests.dll" id="5321d1b4-3a04-4ed1-9eb5-a06bf6f9d49d">
      <Execution id="5f62b24f-4286-41d3-82bc-fdc36fc4639f" />
      <TestMethod codeBase="D:\SFERRARI\01 - TRABAJO\repos\netcore\libs\template-netcore-entities\Kitpymes.Core.Entities.Tests\bin\Release\net5.0\Kitpymes.Core.Entities.Tests.dll" adapterTypeName="executor://mstestadapter/v2" className="Kitpymes.Core.Entities.ValueObjects.Tests.MoneyTests" name="ToString_Passing_Valid_Values_Returns_Address_String_Format" />
    </UnitTest>
    <UnitTest name="GetAll_Passing_Nothing_Returns_Enumeracion_List" storage="d:\sferrari\01 - trabajo\repos\netcore\libs\template-netcore-entities\kitpymes.core.entities.tests\bin\release\net5.0\kitpymes.core.entities.tests.dll" id="b73f2046-30aa-47d7-aff5-1a72019535eb">
      <Execution id="9d13c9ba-7eef-410b-82cc-ff045124306e" />
      <TestMethod codeBase="D:\SFERRARI\01 - TRABAJO\repos\netcore\libs\template-netcore-entities\Kitpymes.Core.Entities.Tests\bin\Release\net5.0\Kitpymes.Core.Entities.Tests.dll" adapterTypeName="executor://mstestadapter/v2" className="Kitpymes.Core.Entities.Enumerations.Tests.LogTypeEnumTests" name="GetAll_Passing_Nothing_Returns_Enumeracion_List" />
    </UnitTest>
    <UnitTest name="ToEnum_Passing_Valid_String_Name_Enumeracion_Returns_Enumeracion" storage="d:\sferrari\01 - trabajo\repos\netcore\libs\template-netcore-entities\kitpymes.core.entities.tests\bin\release\net5.0\kitpymes.core.entities.tests.dll" id="fa054159-b1fd-4f7d-9a71-1e5b9b67acab">
      <Execution id="dd48420a-68a6-478f-b358-2c2b744d3d13" />
      <TestMethod codeBase="D:\SFERRARI\01 - TRABAJO\repos\netcore\libs\template-netcore-entities\Kitpymes.Core.Entities.Tests\bin\Release\net5.0\Kitpymes.Core.Entities.Tests.dll" adapterTypeName="executor://mstestadapter/v2" className="Kitpymes.Core.Entities.Enumerations.Tests.GenderTypeEnumTests" name="ToEnum_Passing_Valid_String_Name_Enumeracion_Returns_Enumeracion" />
    </UnitTest>
    <UnitTest name="OperatorNotEqual_Passing_Valid_Values_Returns_True (400,EUR,8)" storage="d:\sferrari\01 - trabajo\repos\netcore\libs\template-netcore-entities\kitpymes.core.entities.tests\bin\release\net5.0\kitpymes.core.entities.tests.dll" id="019c40b7-3889-494c-adc7-074dfdc0540a">
      <Execution id="9da85cae-9e4f-4d2b-898c-71b7bfe2565c" />
      <TestMethod codeBase="D:\SFERRARI\01 - TRABAJO\repos\netcore\libs\template-netcore-entities\Kitpymes.Core.Entities.Tests\bin\Release\net5.0\Kitpymes.Core.Entities.Tests.dll" adapterTypeName="executor://mstestadapter/v2" className="Kitpymes.Core.Entities.ValueObjects.Tests.MoneyTests" name="OperatorNotEqual_Passing_Valid_Values_Returns_True" />
    </UnitTest>
    <UnitTest name="ToString_Passing_Valid_Values_Returns_Subdomain (www.hackerone-com)" storage="d:\sferrari\01 - trabajo\repos\netcore\libs\template-netcore-entities\kitpymes.core.entities.tests\bin\release\net5.0\kitpymes.core.entities.tests.dll" id="2fc5000b-e49f-4d78-ab37-6c76466cf5f1">
      <Execution id="d1cd1e87-5666-4962-9418-dae2996a75bd" />
      <TestMethod codeBase="D:\SFERRARI\01 - TRABAJO\repos\netcore\libs\template-netcore-entities\Kitpymes.Core.Entities.Tests\bin\Release\net5.0\Kitpymes.Core.Entities.Tests.dll" adapterTypeName="executor://mstestadapter/v2" className="Kitpymes.Core.Entities.ValueObjects.Tests.SubdomainTests" name="ToString_Passing_Valid_Values_Returns_Subdomain" />
    </UnitTest>
    <UnitTest name="OperatorEqual_Passing_Valid_Distinct_Values_Returns_False (San Bartoleme De Tirajana)" storage="d:\sferrari\01 - trabajo\repos\netcore\libs\template-netcore-entities\kitpymes.core.entities.tests\bin\release\net5.0\kitpymes.core.entities.tests.dll" id="96de9289-34ef-4d16-8441-daf5c3a98429">
      <Execution id="ab90dcfb-097f-4cc6-a848-1c6ada33a677" />
      <TestMethod codeBase="D:\SFERRARI\01 - TRABAJO\repos\netcore\libs\template-netcore-entities\Kitpymes.Core.Entities.Tests\bin\Release\net5.0\Kitpymes.Core.Entities.Tests.dll" adapterTypeName="executor://mstestadapter/v2" className="Kitpymes.Core.Entities.ValueObjects.Tests.StringIdTests" name="OperatorEqual_Passing_Valid_Distinct_Values_Returns_False" />
    </UnitTest>
    <UnitTest name="IsNull_Passing_Valid_Value_Returns_False (Tenant_A)" storage="d:\sferrari\01 - trabajo\repos\netcore\libs\template-netcore-entities\kitpymes.core.entities.tests\bin\release\net5.0\kitpymes.core.entities.tests.dll" id="6c416f23-852d-4d58-b75e-15168aa47a15">
      <Execution id="3e6c1564-2a05-4246-9645-3262161e9de3" />
      <TestMethod codeBase="D:\SFERRARI\01 - TRABAJO\repos\netcore\libs\template-netcore-entities\Kitpymes.Core.Entities.Tests\bin\Release\net5.0\Kitpymes.Core.Entities.Tests.dll" adapterTypeName="executor://mstestadapter/v2" className="Kitpymes.Core.Entities.ValueObjects.Tests.TenantNameTests" name="IsNull_Passing_Valid_Value_Returns_False" />
    </UnitTest>
    <UnitTest name="IsNull_Passing_Valid_Value_Returns_False (dasdasd@dsasd.ff)" storage="d:\sferrari\01 - trabajo\repos\netcore\libs\template-netcore-entities\kitpymes.core.entities.tests\bin\release\net5.0\kitpymes.core.entities.tests.dll" id="722cf4dd-b880-4a3d-b4f6-67cb0204e87c">
      <Execution id="ae3af98d-e0ee-4e53-9581-4b4743817115" />
      <TestMethod codeBase="D:\SFERRARI\01 - TRABAJO\repos\netcore\libs\template-netcore-entities\Kitpymes.Core.Entities.Tests\bin\Release\net5.0\Kitpymes.Core.Entities.Tests.dll" adapterTypeName="executor://mstestadapter/v2" className="Kitpymes.Core.Entities.ValueObjects.Tests.EmailTests" name="IsNull_Passing_Valid_Value_Returns_False" />
    </UnitTest>
    <UnitTest name="Create_Passing_InvalidOrNull_Value_Returns_ApplicationException ()" storage="d:\sferrari\01 - trabajo\repos\netcore\libs\template-netcore-entities\kitpymes.core.entities.tests\bin\release\net5.0\kitpymes.core.entities.tests.dll" id="bb29d84b-410d-47bd-92a3-56346449dbc9">
      <Execution id="75e62fb6-25fc-4791-8037-a9bebe04e0dd" />
      <TestMethod codeBase="D:\SFERRARI\01 - TRABAJO\repos\netcore\libs\template-netcore-entities\Kitpymes.Core.Entities.Tests\bin\Release\net5.0\Kitpymes.Core.Entities.Tests.dll" adapterTypeName="executor://mstestadapter/v2" className="Kitpymes.Core.Entities.ValueObjects.Tests.CurrencyTests" name="Create_Passing_InvalidOrNull_Value_Returns_ApplicationException" />
    </UnitTest>
    <UnitTest name="OperatorNotEqual_Passing_Valid_Values_Returns_False (Españä)" storage="d:\sferrari\01 - trabajo\repos\netcore\libs\template-netcore-entities\kitpymes.core.entities.tests\bin\release\net5.0\kitpymes.core.entities.tests.dll" id="f27f2a47-f2be-4fe9-a625-2453c5d92d7a">
      <Execution id="7c1f0d3f-8f0c-4b73-b7fc-f47d2e73c165" />
      <TestMethod codeBase="D:\SFERRARI\01 - TRABAJO\repos\netcore\libs\template-netcore-entities\Kitpymes.Core.Entities.Tests\bin\Release\net5.0\Kitpymes.Core.Entities.Tests.dll" adapterTypeName="executor://mstestadapter/v2" className="Kitpymes.Core.Entities.ValueObjects.Tests.NameTests" name="OperatorNotEqual_Passing_Valid_Values_Returns_False" />
    </UnitTest>
    <UnitTest name="Create_Passing_Valid_Values_Returns_Name (TENANT_1)" storage="d:\sferrari\01 - trabajo\repos\netcore\libs\template-netcore-entities\kitpymes.core.entities.tests\bin\release\net5.0\kitpymes.core.entities.tests.dll" id="c3fead02-39d2-4cd5-a243-4abdf8f2b9a6">
      <Execution id="1b2d93a5-9b4e-4fdb-9d50-17274f68c666" />
      <TestMethod codeBase="D:\SFERRARI\01 - TRABAJO\repos\netcore\libs\template-netcore-entities\Kitpymes.Core.Entities.Tests\bin\Release\net5.0\Kitpymes.Core.Entities.Tests.dll" adapterTypeName="executor://mstestadapter/v2" className="Kitpymes.Core.Entities.ValueObjects.Tests.TenantNameTests" name="Create_Passing_Valid_Values_Returns_Name" />
    </UnitTest>
    <UnitTest name="Create_Passing_Valid_Value_Returns_Email (bb_ads@ggg.cc)" storage="d:\sferrari\01 - trabajo\repos\netcore\libs\template-netcore-entities\kitpymes.core.entities.tests\bin\release\net5.0\kitpymes.core.entities.tests.dll" id="9c0eb0b4-ff38-41b5-b010-b42aa2c05792">
      <Execution id="a3a40329-92bd-4743-93ee-ae85c524ee42" />
      <TestMethod codeBase="D:\SFERRARI\01 - TRABAJO\repos\netcore\libs\template-netcore-entities\Kitpymes.Core.Entities.Tests\bin\Release\net5.0\Kitpymes.Core.Entities.Tests.dll" adapterTypeName="executor://mstestadapter/v2" className="Kitpymes.Core.Entities.ValueObjects.Tests.EmailTests" name="Create_Passing_Valid_Value_Returns_Email" />
    </UnitTest>
    <UnitTest name="Equals_Passing_Valid_Values_Returns_True (Esp añâ)" storage="d:\sferrari\01 - trabajo\repos\netcore\libs\template-netcore-entities\kitpymes.core.entities.tests\bin\release\net5.0\kitpymes.core.entities.tests.dll" id="123ac62f-e548-4027-9c41-85134b09f4dd">
      <Execution id="0ed25b09-8f30-4cd3-bde9-344eadec22e2" />
      <TestMethod codeBase="D:\SFERRARI\01 - TRABAJO\repos\netcore\libs\template-netcore-entities\Kitpymes.Core.Entities.Tests\bin\Release\net5.0\Kitpymes.Core.Entities.Tests.dll" adapterTypeName="executor://mstestadapter/v2" className="Kitpymes.Core.Entities.ValueObjects.Tests.NameTests" name="Equals_Passing_Valid_Values_Returns_True" />
    </UnitTest>
    <UnitTest name="OperatorNotEqual_Passing_Valid_Values_Returns_True (Tenant_A)" storage="d:\sferrari\01 - trabajo\repos\netcore\libs\template-netcore-entities\kitpymes.core.entities.tests\bin\release\net5.0\kitpymes.core.entities.tests.dll" id="c873a61a-42f9-40fc-a9a3-75217125deaa">
      <Execution id="9815fe05-b615-42f5-ae2b-8605b604b40d" />
      <TestMethod codeBase="D:\SFERRARI\01 - TRABAJO\repos\netcore\libs\template-netcore-entities\Kitpymes.Core.Entities.Tests\bin\Release\net5.0\Kitpymes.Core.Entities.Tests.dll" adapterTypeName="executor://mstestadapter/v2" className="Kitpymes.Core.Entities.ValueObjects.Tests.TenantNameTests" name="OperatorNotEqual_Passing_Valid_Values_Returns_True" />
    </UnitTest>
    <UnitTest name="Equals_Passing_Valid_Distinct_Values_Returns_False (TENANT_1)" storage="d:\sferrari\01 - trabajo\repos\netcore\libs\template-netcore-entities\kitpymes.core.entities.tests\bin\release\net5.0\kitpymes.core.entities.tests.dll" id="a6e7b5f7-a402-4250-8040-62616c1bd907">
      <Execution id="8a48927f-cc86-4f04-b0b2-edf211147568" />
      <TestMethod codeBase="D:\SFERRARI\01 - TRABAJO\repos\netcore\libs\template-netcore-entities\Kitpymes.Core.Entities.Tests\bin\Release\net5.0\Kitpymes.Core.Entities.Tests.dll" adapterTypeName="executor://mstestadapter/v2" className="Kitpymes.Core.Entities.ValueObjects.Tests.TenantNameTests" name="Equals_Passing_Valid_Distinct_Values_Returns_False" />
    </UnitTest>
    <UnitTest name="IsNull_Passing_Valid_Value_Returns_False (Tenerife)" storage="d:\sferrari\01 - trabajo\repos\netcore\libs\template-netcore-entities\kitpymes.core.entities.tests\bin\release\net5.0\kitpymes.core.entities.tests.dll" id="1410a405-4503-4cc9-843d-a1b7f446f533">
      <Execution id="325abdbe-d0ec-47bc-b7a2-c074b65492d8" />
      <TestMethod codeBase="D:\SFERRARI\01 - TRABAJO\repos\netcore\libs\template-netcore-entities\Kitpymes.Core.Entities.Tests\bin\Release\net5.0\Kitpymes.Core.Entities.Tests.dll" adapterTypeName="executor://mstestadapter/v2" className="Kitpymes.Core.Entities.ValueObjects.Tests.StringIdTests" name="IsNull_Passing_Valid_Value_Returns_False" />
    </UnitTest>
    <UnitTest name="Create_Passing_Valid_Values_Returns_Name (Españç)" storage="d:\sferrari\01 - trabajo\repos\netcore\libs\template-netcore-entities\kitpymes.core.entities.tests\bin\release\net5.0\kitpymes.core.entities.tests.dll" id="3fd96e5b-4851-44e5-8c55-83b038cc6a59">
      <Execution id="c0675486-0b8b-44b0-8053-87992d446a45" />
      <TestMethod codeBase="D:\SFERRARI\01 - TRABAJO\repos\netcore\libs\template-netcore-entities\Kitpymes.Core.Entities.Tests\bin\Release\net5.0\Kitpymes.Core.Entities.Tests.dll" adapterTypeName="executor://mstestadapter/v2" className="Kitpymes.Core.Entities.ValueObjects.Tests.NameTests" name="Create_Passing_Valid_Values_Returns_Name" />
    </UnitTest>
    <UnitTest name="OperatorEqual_Passing_Valid_Distinct_Values_Returns_False (Tenant_A)" storage="d:\sferrari\01 - trabajo\repos\netcore\libs\template-netcore-entities\kitpymes.core.entities.tests\bin\release\net5.0\kitpymes.core.entities.tests.dll" id="2c7faa65-39e0-4512-949d-d3aa727da1b6">
      <Execution id="cb260abd-0092-4786-ade4-3d218f6038a8" />
      <TestMethod codeBase="D:\SFERRARI\01 - TRABAJO\repos\netcore\libs\template-netcore-entities\Kitpymes.Core.Entities.Tests\bin\Release\net5.0\Kitpymes.Core.Entities.Tests.dll" adapterTypeName="executor://mstestadapter/v2" className="Kitpymes.Core.Entities.ValueObjects.Tests.TenantNameTests" name="OperatorEqual_Passing_Valid_Distinct_Values_Returns_False" />
    </UnitTest>
    <UnitTest name="OperatorNotEqual_Passing_Valid_Values_Returns_False (34fsds@sdd.fgg)" storage="d:\sferrari\01 - trabajo\repos\netcore\libs\template-netcore-entities\kitpymes.core.entities.tests\bin\release\net5.0\kitpymes.core.entities.tests.dll" id="4215b8e7-7622-4920-9733-92c46652c723">
      <Execution id="db120c7e-4d73-4dbc-9fb5-63cb37eb99a5" />
      <TestMethod codeBase="D:\SFERRARI\01 - TRABAJO\repos\netcore\libs\template-netcore-entities\Kitpymes.Core.Entities.Tests\bin\Release\net5.0\Kitpymes.Core.Entities.Tests.dll" adapterTypeName="executor://mstestadapter/v2" className="Kitpymes.Core.Entities.ValueObjects.Tests.EmailTests" name="OperatorNotEqual_Passing_Valid_Values_Returns_False" />
    </UnitTest>
    <UnitTest name="OperatorNotEqual_Passing_Valid_Values_Returns_False (D45,86554654)" storage="d:\sferrari\01 - trabajo\repos\netcore\libs\template-netcore-entities\kitpymes.core.entities.tests\bin\release\net5.0\kitpymes.core.entities.tests.dll" id="e60e58f5-e94a-4860-aec3-d974c48ebb3e">
      <Execution id="572bd167-7724-4e68-b4ae-4752a2aa4181" />
      <TestMethod codeBase="D:\SFERRARI\01 - TRABAJO\repos\netcore\libs\template-netcore-entities\Kitpymes.Core.Entities.Tests\bin\Release\net5.0\Kitpymes.Core.Entities.Tests.dll" adapterTypeName="executor://mstestadapter/v2" className="Kitpymes.Core.Entities.ValueObjects.Tests.TelephoneTests" name="OperatorNotEqual_Passing_Valid_Values_Returns_False" />
    </UnitTest>
    <UnitTest name="Create_Passing_Valid_Values_Returns_Name (Españâ)" storage="d:\sferrari\01 - trabajo\repos\netcore\libs\template-netcore-entities\kitpymes.core.entities.tests\bin\release\net5.0\kitpymes.core.entities.tests.dll" id="4e79b50e-7945-4984-a45f-51990f61f819">
      <Execution id="029ac2d6-1e93-4e69-9995-1a89345194c6" />
      <TestMethod codeBase="D:\SFERRARI\01 - TRABAJO\repos\netcore\libs\template-netcore-entities\Kitpymes.Core.Entities.Tests\bin\Release\net5.0\Kitpymes.Core.Entities.Tests.dll" adapterTypeName="executor://mstestadapter/v2" className="Kitpymes.Core.Entities.ValueObjects.Tests.NameTests" name="Create_Passing_Valid_Values_Returns_Name" />
    </UnitTest>
    <UnitTest name="Create_Passing_InvalidOrNull_Value_Returns_ApplicationException (34?fsds@sdd.yy)" storage="d:\sferrari\01 - trabajo\repos\netcore\libs\template-netcore-entities\kitpymes.core.entities.tests\bin\release\net5.0\kitpymes.core.entities.tests.dll" id="52bd6a57-50b1-4590-947f-b778f7485f2d">
      <Execution id="2b47039b-6056-495e-a5cc-097096d07ef8" />
      <TestMethod codeBase="D:\SFERRARI\01 - TRABAJO\repos\netcore\libs\template-netcore-entities\Kitpymes.Core.Entities.Tests\bin\Release\net5.0\Kitpymes.Core.Entities.Tests.dll" adapterTypeName="executor://mstestadapter/v2" className="Kitpymes.Core.Entities.ValueObjects.Tests.EmailTests" name="Create_Passing_InvalidOrNull_Value_Returns_ApplicationException" />
    </UnitTest>
    <UnitTest name="Create_Passing_Valid_Values_Returns_Name (Españä)" storage="d:\sferrari\01 - trabajo\repos\netcore\libs\template-netcore-entities\kitpymes.core.entities.tests\bin\release\net5.0\kitpymes.core.entities.tests.dll" id="5381506e-db96-4098-aab2-ae179ffde50e">
      <Execution id="56b08fb8-c8a3-4a59-8df0-efe9f10f8104" />
      <TestMethod codeBase="D:\SFERRARI\01 - TRABAJO\repos\netcore\libs\template-netcore-entities\Kitpymes.Core.Entities.Tests\bin\Release\net5.0\Kitpymes.Core.Entities.Tests.dll" adapterTypeName="executor://mstestadapter/v2" className="Kitpymes.Core.Entities.ValueObjects.Tests.NameTests" name="Create_Passing_Valid_Values_Returns_Name" />
    </UnitTest>
    <UnitTest name="OperatorEqual_Passing_Valid_Values_Returns_True (Españħ)" storage="d:\sferrari\01 - trabajo\repos\netcore\libs\template-netcore-entities\kitpymes.core.entities.tests\bin\release\net5.0\kitpymes.core.entities.tests.dll" id="08d60787-ce02-400e-88e7-615c4f716845">
      <Execution id="822ab52f-76f2-4f20-9a4a-a6ee092a8ee8" />
      <TestMethod codeBase="D:\SFERRARI\01 - TRABAJO\repos\netcore\libs\template-netcore-entities\Kitpymes.Core.Entities.Tests\bin\Release\net5.0\Kitpymes.Core.Entities.Tests.dll" adapterTypeName="executor://mstestadapter/v2" className="Kitpymes.Core.Entities.ValueObjects.Tests.NameTests" name="OperatorEqual_Passing_Valid_Values_Returns_True" />
    </UnitTest>
    <UnitTest name="Equals_Passing_Valid_Values_Returns_True (34fsds@sdd.fgg)" storage="d:\sferrari\01 - trabajo\repos\netcore\libs\template-netcore-entities\kitpymes.core.entities.tests\bin\release\net5.0\kitpymes.core.entities.tests.dll" id="70854579-dc4d-49ce-b553-dd35df7f0ca0">
      <Execution id="067c6052-2494-45a6-ac51-c338c3b1c556" />
      <TestMethod codeBase="D:\SFERRARI\01 - TRABAJO\repos\netcore\libs\template-netcore-entities\Kitpymes.Core.Entities.Tests\bin\Release\net5.0\Kitpymes.Core.Entities.Tests.dll" adapterTypeName="executor://mstestadapter/v2" className="Kitpymes.Core.Entities.ValueObjects.Tests.EmailTests" name="Equals_Passing_Valid_Values_Returns_True" />
    </UnitTest>
    <UnitTest name="OperatorNotEqual_Passing_Valid_Values_Returns_True (Españà)" storage="d:\sferrari\01 - trabajo\repos\netcore\libs\template-netcore-entities\kitpymes.core.entities.tests\bin\release\net5.0\kitpymes.core.entities.tests.dll" id="9b284602-9cd5-4075-aaf4-7ea716803334">
      <Execution id="3132f163-2645-425d-a625-75a3ed360aa7" />
      <TestMethod codeBase="D:\SFERRARI\01 - TRABAJO\repos\netcore\libs\template-netcore-entities\Kitpymes.Core.Entities.Tests\bin\Release\net5.0\Kitpymes.Core.Entities.Tests.dll" adapterTypeName="executor://mstestadapter/v2" className="Kitpymes.Core.Entities.ValueObjects.Tests.NameTests" name="OperatorNotEqual_Passing_Valid_Values_Returns_True" />
    </UnitTest>
    <UnitTest name="Equals_Passing_Valid_Values_Returns_True (TENANT_1)" storage="d:\sferrari\01 - trabajo\repos\netcore\libs\template-netcore-entities\kitpymes.core.entities.tests\bin\release\net5.0\kitpymes.core.entities.tests.dll" id="197bcd1d-ad5b-4bbb-9a5f-5ccce3c57893">
      <Execution id="20beeba0-617b-49f6-8dd0-330945eba79d" />
      <TestMethod codeBase="D:\SFERRARI\01 - TRABAJO\repos\netcore\libs\template-netcore-entities\Kitpymes.Core.Entities.Tests\bin\Release\net5.0\Kitpymes.Core.Entities.Tests.dll" adapterTypeName="executor://mstestadapter/v2" className="Kitpymes.Core.Entities.ValueObjects.Tests.TenantNameTests" name="Equals_Passing_Valid_Values_Returns_True" />
    </UnitTest>
    <UnitTest name="Create_Passing_InvalidOrNull_Value_Returns_ApplicationException ()" storage="d:\sferrari\01 - trabajo\repos\netcore\libs\template-netcore-entities\kitpymes.core.entities.tests\bin\release\net5.0\kitpymes.core.entities.tests.dll" id="5eab2b62-5393-46f8-801b-fb7da5669e5d">
      <Execution id="0fb032d0-dbfc-4131-bd06-5b27a5725723" />
      <TestMethod codeBase="D:\SFERRARI\01 - TRABAJO\repos\netcore\libs\template-netcore-entities\Kitpymes.Core.Entities.Tests\bin\Release\net5.0\Kitpymes.Core.Entities.Tests.dll" adapterTypeName="executor://mstestadapter/v2" className="Kitpymes.Core.Entities.ValueObjects.Tests.EmailTests" name="Create_Passing_InvalidOrNull_Value_Returns_ApplicationException" />
    </UnitTest>
    <UnitTest name="OperatorNotEqual_Passing_Valid_Values_Returns_False (400,USD,8)" storage="d:\sferrari\01 - trabajo\repos\netcore\libs\template-netcore-entities\kitpymes.core.entities.tests\bin\release\net5.0\kitpymes.core.entities.tests.dll" id="e70e6c6e-4723-414a-954e-46ace791d363">
      <Execution id="c9b81e22-d0d0-46f1-be11-8abb68cfd745" />
      <TestMethod codeBase="D:\SFERRARI\01 - TRABAJO\repos\netcore\libs\template-netcore-entities\Kitpymes.Core.Entities.Tests\bin\Release\net5.0\Kitpymes.Core.Entities.Tests.dll" adapterTypeName="executor://mstestadapter/v2" className="Kitpymes.Core.Entities.ValueObjects.Tests.MoneyTests" name="OperatorNotEqual_Passing_Valid_Values_Returns_False" />
    </UnitTest>
    <UnitTest name="Equals_Passing_Valid_Values_Returns_True (D45,86554654)" storage="d:\sferrari\01 - trabajo\repos\netcore\libs\template-netcore-entities\kitpymes.core.entities.tests\bin\release\net5.0\kitpymes.core.entities.tests.dll" id="982401a5-fef3-45fd-b5fb-d18f7d522953">
      <Execution id="8b976d0c-f170-4a8a-989d-b308317f4560" />
      <TestMethod codeBase="D:\SFERRARI\01 - TRABAJO\repos\netcore\libs\template-netcore-entities\Kitpymes.Core.Entities.Tests\bin\Release\net5.0\Kitpymes.Core.Entities.Tests.dll" adapterTypeName="executor://mstestadapter/v2" className="Kitpymes.Core.Entities.ValueObjects.Tests.TelephoneTests" name="Equals_Passing_Valid_Values_Returns_True" />
    </UnitTest>
    <UnitTest name="Create_Passing_Valid_Values_Returns_Address (200,EUR,4)" storage="d:\sferrari\01 - trabajo\repos\netcore\libs\template-netcore-entities\kitpymes.core.entities.tests\bin\release\net5.0\kitpymes.core.entities.tests.dll" id="4966a52c-3660-4575-927e-8cfbf34dc82e">
      <Execution id="1d6b1246-166e-43e0-b8a6-15bb11a96230" />
      <TestMethod codeBase="D:\SFERRARI\01 - TRABAJO\repos\netcore\libs\template-netcore-entities\Kitpymes.Core.Entities.Tests\bin\Release\net5.0\Kitpymes.Core.Entities.Tests.dll" adapterTypeName="executor://mstestadapter/v2" className="Kitpymes.Core.Entities.ValueObjects.Tests.MoneyTests" name="Create_Passing_Valid_Values_Returns_Address" />
    </UnitTest>
    <UnitTest name="OperatorEqual_Passing_Valid_Distinct_Values_Returns_False (stage_hackerone.com)" storage="d:\sferrari\01 - trabajo\repos\netcore\libs\template-netcore-entities\kitpymes.core.entities.tests\bin\release\net5.0\kitpymes.core.entities.tests.dll" id="339ae463-0004-402a-8849-9f802216d4d1">
      <Execution id="16abe37c-a5c4-494c-bcf0-7122febfcb08" />
      <TestMethod codeBase="D:\SFERRARI\01 - TRABAJO\repos\netcore\libs\template-netcore-entities\Kitpymes.Core.Entities.Tests\bin\Release\net5.0\Kitpymes.Core.Entities.Tests.dll" adapterTypeName="executor://mstestadapter/v2" className="Kitpymes.Core.Entities.ValueObjects.Tests.SubdomainTests" name="OperatorEqual_Passing_Valid_Distinct_Values_Returns_False" />
    </UnitTest>
    <UnitTest name="ToString_Passing_Valid_Values_Returns_Name (Españâ)" storage="d:\sferrari\01 - trabajo\repos\netcore\libs\template-netcore-entities\kitpymes.core.entities.tests\bin\release\net5.0\kitpymes.core.entities.tests.dll" id="e846a0ac-a64a-4994-8aef-4273b8885554">
      <Execution id="a1798ee9-9711-49b3-958e-5b2fb786ee71" />
      <TestMethod codeBase="D:\SFERRARI\01 - TRABAJO\repos\netcore\libs\template-netcore-entities\Kitpymes.Core.Entities.Tests\bin\Release\net5.0\Kitpymes.Core.Entities.Tests.dll" adapterTypeName="executor://mstestadapter/v2" className="Kitpymes.Core.Entities.ValueObjects.Tests.NameTests" name="ToString_Passing_Valid_Values_Returns_Name" />
    </UnitTest>
    <UnitTest name="IsFemale_Passing_Nothing_Returns_True" storage="d:\sferrari\01 - trabajo\repos\netcore\libs\template-netcore-entities\kitpymes.core.entities.tests\bin\release\net5.0\kitpymes.core.entities.tests.dll" id="c4accd41-207c-4408-9cd7-0e624a2cbb4c">
      <Execution id="e9e56993-17d6-453a-9a46-b99adde7bf7c" />
      <TestMethod codeBase="D:\SFERRARI\01 - TRABAJO\repos\netcore\libs\template-netcore-entities\Kitpymes.Core.Entities.Tests\bin\Release\net5.0\Kitpymes.Core.Entities.Tests.dll" adapterTypeName="executor://mstestadapter/v2" className="Kitpymes.Core.Entities.Enumerations.Tests.GenderTypeEnumTests" name="IsFemale_Passing_Nothing_Returns_True" />
    </UnitTest>
    <UnitTest name="OperatorEqual_Passing_Valid_Values_Returns_True (Españà)" storage="d:\sferrari\01 - trabajo\repos\netcore\libs\template-netcore-entities\kitpymes.core.entities.tests\bin\release\net5.0\kitpymes.core.entities.tests.dll" id="ad75d38d-1d88-45fd-8612-af6958483767">
      <Execution id="b0ed4456-d734-4b57-9815-1fea8a79966f" />
      <TestMethod codeBase="D:\SFERRARI\01 - TRABAJO\repos\netcore\libs\template-netcore-entities\Kitpymes.Core.Entities.Tests\bin\Release\net5.0\Kitpymes.Core.Entities.Tests.dll" adapterTypeName="executor://mstestadapter/v2" className="Kitpymes.Core.Entities.ValueObjects.Tests.NameTests" name="OperatorEqual_Passing_Valid_Values_Returns_True" />
    </UnitTest>
    <UnitTest name="Create_Passing_Valid_Values_Returns_Subdomain (google)" storage="d:\sferrari\01 - trabajo\repos\netcore\libs\template-netcore-entities\kitpymes.core.entities.tests\bin\release\net5.0\kitpymes.core.entities.tests.dll" id="4f779c3e-462b-4f81-8b15-18985087ffcd">
      <Execution id="240392c9-bd73-45b2-b912-a7500b08d18c" />
      <TestMethod codeBase="D:\SFERRARI\01 - TRABAJO\repos\netcore\libs\template-netcore-entities\Kitpymes.Core.Entities.Tests\bin\Release\net5.0\Kitpymes.Core.Entities.Tests.dll" adapterTypeName="executor://mstestadapter/v2" className="Kitpymes.Core.Entities.ValueObjects.Tests.SubdomainTests" name="Create_Passing_Valid_Values_Returns_Subdomain" />
    </UnitTest>
    <UnitTest name="IsNull_Passing_Valid_Values_Returns_False (D45,86554654)" storage="d:\sferrari\01 - trabajo\repos\netcore\libs\template-netcore-entities\kitpymes.core.entities.tests\bin\release\net5.0\kitpymes.core.entities.tests.dll" id="6126d12b-5a14-4fa4-bf60-b5285fcc226e">
      <Execution id="187ef120-981f-4c06-a3e6-5e634ad19c1e" />
      <TestMethod codeBase="D:\SFERRARI\01 - TRABAJO\repos\netcore\libs\template-netcore-entities\Kitpymes.Core.Entities.Tests\bin\Release\net5.0\Kitpymes.Core.Entities.Tests.dll" adapterTypeName="executor://mstestadapter/v2" className="Kitpymes.Core.Entities.ValueObjects.Tests.TelephoneTests" name="IsNull_Passing_Valid_Values_Returns_False" />
    </UnitTest>
    <UnitTest name="OperatorEqual_Passing_Valid_Values_Returns_True (Españä)" storage="d:\sferrari\01 - trabajo\repos\netcore\libs\template-netcore-entities\kitpymes.core.entities.tests\bin\release\net5.0\kitpymes.core.entities.tests.dll" id="a8861edd-9ed4-4134-999a-cd3a6605f49a">
      <Execution id="e9fd9b8d-2ec0-4c9f-855b-082513536443" />
      <TestMethod codeBase="D:\SFERRARI\01 - TRABAJO\repos\netcore\libs\template-netcore-entities\Kitpymes.Core.Entities.Tests\bin\Release\net5.0\Kitpymes.Core.Entities.Tests.dll" adapterTypeName="executor://mstestadapter/v2" className="Kitpymes.Core.Entities.ValueObjects.Tests.NameTests" name="OperatorEqual_Passing_Valid_Values_Returns_True" />
    </UnitTest>
    <UnitTest name="Create_Passing_Valid_Value_Returns_Email (34fsds@sdd.fgg)" storage="d:\sferrari\01 - trabajo\repos\netcore\libs\template-netcore-entities\kitpymes.core.entities.tests\bin\release\net5.0\kitpymes.core.entities.tests.dll" id="2c54ef70-5c87-4023-8897-bb34c13f1cae">
      <Execution id="14a10f2f-e1d3-46ed-914a-09d3d8cc7226" />
      <TestMethod codeBase="D:\SFERRARI\01 - TRABAJO\repos\netcore\libs\template-netcore-entities\Kitpymes.Core.Entities.Tests\bin\Release\net5.0\Kitpymes.Core.Entities.Tests.dll" adapterTypeName="executor://mstestadapter/v2" className="Kitpymes.Core.Entities.ValueObjects.Tests.EmailTests" name="Create_Passing_Valid_Value_Returns_Email" />
    </UnitTest>
    <UnitTest name="Create_Passing_Valid_Value_Returns_Email (ádsads@ggg.cc)" storage="d:\sferrari\01 - trabajo\repos\netcore\libs\template-netcore-entities\kitpymes.core.entities.tests\bin\release\net5.0\kitpymes.core.entities.tests.dll" id="e1390701-c0ef-4835-9fe0-7af66d2647c1">
      <Execution id="d73900bc-3837-4177-bc8b-df4a4c987a95" />
      <TestMethod codeBase="D:\SFERRARI\01 - TRABAJO\repos\netcore\libs\template-netcore-entities\Kitpymes.Core.Entities.Tests\bin\Release\net5.0\Kitpymes.Core.Entities.Tests.dll" adapterTypeName="executor://mstestadapter/v2" className="Kitpymes.Core.Entities.ValueObjects.Tests.EmailTests" name="Create_Passing_Valid_Value_Returns_Email" />
    </UnitTest>
    <UnitTest name="Equals_Passing_Valid_Distinct_Values_Returns_False (TENANT1)" storage="d:\sferrari\01 - trabajo\repos\netcore\libs\template-netcore-entities\kitpymes.core.entities.tests\bin\release\net5.0\kitpymes.core.entities.tests.dll" id="d206e318-e47d-4e06-9569-3e85849e050a">
      <Execution id="224ede66-e6bc-4796-8006-5de68d7fd48a" />
      <TestMethod codeBase="D:\SFERRARI\01 - TRABAJO\repos\netcore\libs\template-netcore-entities\Kitpymes.Core.Entities.Tests\bin\Release\net5.0\Kitpymes.Core.Entities.Tests.dll" adapterTypeName="executor://mstestadapter/v2" className="Kitpymes.Core.Entities.ValueObjects.Tests.TenantNameTests" name="Equals_Passing_Valid_Distinct_Values_Returns_False" />
    </UnitTest>
    <UnitTest name="IsFree_Passing_Nothing_Returns_True" storage="d:\sferrari\01 - trabajo\repos\netcore\libs\template-netcore-entities\kitpymes.core.entities.tests\bin\release\net5.0\kitpymes.core.entities.tests.dll" id="cbbffcd2-9dc6-4f2a-8323-b1b6183c9a5a">
      <Execution id="3c52d63b-7839-4b70-bb0d-5f38a5da3baf" />
      <TestMethod codeBase="D:\SFERRARI\01 - TRABAJO\repos\netcore\libs\template-netcore-entities\Kitpymes.Core.Entities.Tests\bin\Release\net5.0\Kitpymes.Core.Entities.Tests.dll" adapterTypeName="executor://mstestadapter/v2" className="Kitpymes.Core.Entities.Enumerations.Tests.SubscriptionEnumTests" name="IsFree_Passing_Nothing_Returns_True" />
    </UnitTest>
    <UnitTest name="Create_Passing_Valid_Value_Returns_Email (ñandu@gmail.com)" storage="d:\sferrari\01 - trabajo\repos\netcore\libs\template-netcore-entities\kitpymes.core.entities.tests\bin\release\net5.0\kitpymes.core.entities.tests.dll" id="0281f279-5a60-4f91-a112-337704687f6f">
      <Execution id="cd4c5f18-3d34-40f8-9381-dd60a7a87a81" />
      <TestMethod codeBase="D:\SFERRARI\01 - TRABAJO\repos\netcore\libs\template-netcore-entities\Kitpymes.Core.Entities.Tests\bin\Release\net5.0\Kitpymes.Core.Entities.Tests.dll" adapterTypeName="executor://mstestadapter/v2" className="Kitpymes.Core.Entities.ValueObjects.Tests.EmailTests" name="Create_Passing_Valid_Value_Returns_Email" />
    </UnitTest>
    <UnitTest name="OperatorEqual_Passing_Valid_Values_Returns_True (Esp añâ)" storage="d:\sferrari\01 - trabajo\repos\netcore\libs\template-netcore-entities\kitpymes.core.entities.tests\bin\release\net5.0\kitpymes.core.entities.tests.dll" id="7216697d-13e2-4003-ba32-f144cb611d8a">
      <Execution id="b3e1a3c4-5411-490c-a318-167ba860166c" />
      <TestMethod codeBase="D:\SFERRARI\01 - TRABAJO\repos\netcore\libs\template-netcore-entities\Kitpymes.Core.Entities.Tests\bin\Release\net5.0\Kitpymes.Core.Entities.Tests.dll" adapterTypeName="executor://mstestadapter/v2" className="Kitpymes.Core.Entities.ValueObjects.Tests.NameTests" name="OperatorEqual_Passing_Valid_Values_Returns_True" />
    </UnitTest>
    <UnitTest name="Equals_Passing_Valid_Values_Returns_True (Tenant1)" storage="d:\sferrari\01 - trabajo\repos\netcore\libs\template-netcore-entities\kitpymes.core.entities.tests\bin\release\net5.0\kitpymes.core.entities.tests.dll" id="938a2cd9-938c-4824-8504-3ccc99f6fbaf">
      <Execution id="dd5077c0-df0b-48fb-a983-efccce08552f" />
      <TestMethod codeBase="D:\SFERRARI\01 - TRABAJO\repos\netcore\libs\template-netcore-entities\Kitpymes.Core.Entities.Tests\bin\Release\net5.0\Kitpymes.Core.Entities.Tests.dll" adapterTypeName="executor://mstestadapter/v2" className="Kitpymes.Core.Entities.ValueObjects.Tests.TenantNameTests" name="Equals_Passing_Valid_Values_Returns_True" />
    </UnitTest>
    <UnitTest name="OperatorEqual_Passing_Valid_Distinct_Values_Returns_False (34fsds@sdd.fgg)" storage="d:\sferrari\01 - trabajo\repos\netcore\libs\template-netcore-entities\kitpymes.core.entities.tests\bin\release\net5.0\kitpymes.core.entities.tests.dll" id="0c4d45c1-3b67-4029-91bd-ab16c355eccc">
      <Execution id="3dd2caa9-21fb-4afd-aeb0-3ac615c50536" />
      <TestMethod codeBase="D:\SFERRARI\01 - TRABAJO\repos\netcore\libs\template-netcore-entities\Kitpymes.Core.Entities.Tests\bin\Release\net5.0\Kitpymes.Core.Entities.Tests.dll" adapterTypeName="executor://mstestadapter/v2" className="Kitpymes.Core.Entities.ValueObjects.Tests.EmailTests" name="OperatorEqual_Passing_Valid_Distinct_Values_Returns_False" />
    </UnitTest>
    <UnitTest name="OperatorEqual_Passing_Valid_Distinct_Values_Returns_False (Españã)" storage="d:\sferrari\01 - trabajo\repos\netcore\libs\template-netcore-entities\kitpymes.core.entities.tests\bin\release\net5.0\kitpymes.core.entities.tests.dll" id="0fc4bde7-847a-4971-8779-ba56bb135a40">
      <Execution id="39160afe-0e89-4abb-b1f9-4c87639466bb" />
      <TestMethod codeBase="D:\SFERRARI\01 - TRABAJO\repos\netcore\libs\template-netcore-entities\Kitpymes.Core.Entities.Tests\bin\Release\net5.0\Kitpymes.Core.Entities.Tests.dll" adapterTypeName="executor://mstestadapter/v2" className="Kitpymes.Core.Entities.ValueObjects.Tests.NameTests" name="OperatorEqual_Passing_Valid_Distinct_Values_Returns_False" />
    </UnitTest>
    <UnitTest name="ToString_Passing_Valid_Values_Returns_Name (Españħ)" storage="d:\sferrari\01 - trabajo\repos\netcore\libs\template-netcore-entities\kitpymes.core.entities.tests\bin\release\net5.0\kitpymes.core.entities.tests.dll" id="98853cee-dda3-4948-9052-0460b4658f6b">
      <Execution id="7274b91d-5215-441c-8694-61859b71f08f" />
      <TestMethod codeBase="D:\SFERRARI\01 - TRABAJO\repos\netcore\libs\template-netcore-entities\Kitpymes.Core.Entities.Tests\bin\Release\net5.0\Kitpymes.Core.Entities.Tests.dll" adapterTypeName="executor://mstestadapter/v2" className="Kitpymes.Core.Entities.ValueObjects.Tests.NameTests" name="ToString_Passing_Valid_Values_Returns_Name" />
    </UnitTest>
    <UnitTest name="OperatorNotEqual_Passing_Valid_Values_Returns_False (Españá)" storage="d:\sferrari\01 - trabajo\repos\netcore\libs\template-netcore-entities\kitpymes.core.entities.tests\bin\release\net5.0\kitpymes.core.entities.tests.dll" id="0c399733-dd67-4276-ac44-c160c44065d2">
      <Execution id="f3ef68ea-7515-4494-b5ef-ca4d12dc6717" />
      <TestMethod codeBase="D:\SFERRARI\01 - TRABAJO\repos\netcore\libs\template-netcore-entities\Kitpymes.Core.Entities.Tests\bin\Release\net5.0\Kitpymes.Core.Entities.Tests.dll" adapterTypeName="executor://mstestadapter/v2" className="Kitpymes.Core.Entities.ValueObjects.Tests.NameTests" name="OperatorNotEqual_Passing_Valid_Values_Returns_False" />
    </UnitTest>
    <UnitTest name="OperatorNotEqual_Passing_Valid_Values_Returns_True (TENANT_1)" storage="d:\sferrari\01 - trabajo\repos\netcore\libs\template-netcore-entities\kitpymes.core.entities.tests\bin\release\net5.0\kitpymes.core.entities.tests.dll" id="df078fdf-ad8c-4618-a1f9-a9cad294bcc2">
      <Execution id="74a4b7f2-d5e0-4aca-a540-8efef84c4e19" />
      <TestMethod codeBase="D:\SFERRARI\01 - TRABAJO\repos\netcore\libs\template-netcore-entities\Kitpymes.Core.Entities.Tests\bin\Release\net5.0\Kitpymes.Core.Entities.Tests.dll" adapterTypeName="executor://mstestadapter/v2" className="Kitpymes.Core.Entities.ValueObjects.Tests.TenantNameTests" name="OperatorNotEqual_Passing_Valid_Values_Returns_True" />
    </UnitTest>
    <UnitTest name="OperatorNotEqual_Passing_Valid_Values_Returns_True (Tenant_1)" storage="d:\sferrari\01 - trabajo\repos\netcore\libs\template-netcore-entities\kitpymes.core.entities.tests\bin\release\net5.0\kitpymes.core.entities.tests.dll" id="61327cb0-2707-4b6a-88ac-a051adfd9f3b">
      <Execution id="65ead17d-5d3a-4b07-b440-b67600e79e25" />
      <TestMethod codeBase="D:\SFERRARI\01 - TRABAJO\repos\netcore\libs\template-netcore-entities\Kitpymes.Core.Entities.Tests\bin\Release\net5.0\Kitpymes.Core.Entities.Tests.dll" adapterTypeName="executor://mstestadapter/v2" className="Kitpymes.Core.Entities.ValueObjects.Tests.TenantNameTests" name="OperatorNotEqual_Passing_Valid_Values_Returns_True" />
    </UnitTest>
    <UnitTest name="Equals_Passing_Valid_Values_Returns_True (stage_hackerone.com)" storage="d:\sferrari\01 - trabajo\repos\netcore\libs\template-netcore-entities\kitpymes.core.entities.tests\bin\release\net5.0\kitpymes.core.entities.tests.dll" id="633dd304-effe-4d9f-881c-f44f4cf3141e">
      <Execution id="356eaae0-02db-4d53-95d5-67dc106f794d" />
      <TestMethod codeBase="D:\SFERRARI\01 - TRABAJO\repos\netcore\libs\template-netcore-entities\Kitpymes.Core.Entities.Tests\bin\Release\net5.0\Kitpymes.Core.Entities.Tests.dll" adapterTypeName="executor://mstestadapter/v2" className="Kitpymes.Core.Entities.ValueObjects.Tests.SubdomainTests" name="Equals_Passing_Valid_Values_Returns_True" />
    </UnitTest>
    <UnitTest name="Equals_Passing_Valid_Distinct_Values_Returns_False (Españä)" storage="d:\sferrari\01 - trabajo\repos\netcore\libs\template-netcore-entities\kitpymes.core.entities.tests\bin\release\net5.0\kitpymes.core.entities.tests.dll" id="1a2203c4-52b2-420c-847e-a0ac2953f8b8">
      <Execution id="8ec8e021-381c-4101-bf0c-af635aca5073" />
      <TestMethod codeBase="D:\SFERRARI\01 - TRABAJO\repos\netcore\libs\template-netcore-entities\Kitpymes.Core.Entities.Tests\bin\Release\net5.0\Kitpymes.Core.Entities.Tests.dll" adapterTypeName="executor://mstestadapter/v2" className="Kitpymes.Core.Entities.ValueObjects.Tests.NameTests" name="Equals_Passing_Valid_Distinct_Values_Returns_False" />
    </UnitTest>
    <UnitTest name="ToString_Passing_Valid_Values_Returns_Address_String_Format (Tenerife,23,34567,San Bartoleme De Tirajana,Las Palmas,España)" storage="d:\sferrari\01 - trabajo\repos\netcore\libs\template-netcore-entities\kitpymes.core.entities.tests\bin\release\net5.0\kitpymes.core.entities.tests.dll" id="72e62c47-7152-4a4d-be01-c53c3eec8fcb">
      <Execution id="21353435-8ef4-46d7-a423-6c104a33490e" />
      <TestMethod codeBase="D:\SFERRARI\01 - TRABAJO\repos\netcore\libs\template-netcore-entities\Kitpymes.Core.Entities.Tests\bin\Release\net5.0\Kitpymes.Core.Entities.Tests.dll" adapterTypeName="executor://mstestadapter/v2" className="Kitpymes.Core.Entities.ValueObjects.Tests.AddressTests" name="ToString_Passing_Valid_Values_Returns_Address_String_Format" />
    </UnitTest>
    <UnitTest name="ToEnum_Passing_Valid_IntName_Enumeracion_Returns_Enumeracion" storage="d:\sferrari\01 - trabajo\repos\netcore\libs\template-netcore-entities\kitpymes.core.entities.tests\bin\release\net5.0\kitpymes.core.entities.tests.dll" id="a62bb677-355b-4f05-b232-11f9f8e7c0e3">
      <Execution id="d34f56ee-9be5-488d-b0c1-1fecd43592a0" />
      <TestMethod codeBase="D:\SFERRARI\01 - TRABAJO\repos\netcore\libs\template-netcore-entities\Kitpymes.Core.Entities.Tests\bin\Release\net5.0\Kitpymes.Core.Entities.Tests.dll" adapterTypeName="executor://mstestadapter/v2" className="Kitpymes.Core.Entities.Enumerations.Tests.LogTypeEnumTests" name="ToEnum_Passing_Valid_IntName_Enumeracion_Returns_Enumeracion" />
    </UnitTest>
    <UnitTest name="ToEnum_Passing_Valid_String_Name_Enumeracion_Returns_Enumeracion" storage="d:\sferrari\01 - trabajo\repos\netcore\libs\template-netcore-entities\kitpymes.core.entities.tests\bin\release\net5.0\kitpymes.core.entities.tests.dll" id="40b663bf-7858-40f2-8096-66f1fe6b6172">
      <Execution id="72ad0012-4c4b-451c-9c05-b34279cfc5bd" />
      <TestMethod codeBase="D:\SFERRARI\01 - TRABAJO\repos\netcore\libs\template-netcore-entities\Kitpymes.Core.Entities.Tests\bin\Release\net5.0\Kitpymes.Core.Entities.Tests.dll" adapterTypeName="executor://mstestadapter/v2" className="Kitpymes.Core.Entities.Enumerations.Tests.LogTypeEnumTests" name="ToEnum_Passing_Valid_String_Name_Enumeracion_Returns_Enumeracion" />
    </UnitTest>
    <UnitTest name="OperatorEqual_Passing_Valid_Distinct_Values_Returns_False (app.hackerone1.com)" storage="d:\sferrari\01 - trabajo\repos\netcore\libs\template-netcore-entities\kitpymes.core.entities.tests\bin\release\net5.0\kitpymes.core.entities.tests.dll" id="c85e989a-4c49-4465-8829-9b4674a1efbb">
      <Execution id="3f244510-46a6-4c3d-9595-e705c6191037" />
      <TestMethod codeBase="D:\SFERRARI\01 - TRABAJO\repos\netcore\libs\template-netcore-entities\Kitpymes.Core.Entities.Tests\bin\Release\net5.0\Kitpymes.Core.Entities.Tests.dll" adapterTypeName="executor://mstestadapter/v2" className="Kitpymes.Core.Entities.ValueObjects.Tests.SubdomainTests" name="OperatorEqual_Passing_Valid_Distinct_Values_Returns_False" />
    </UnitTest>
    <UnitTest name="Create_Default_Passing_Valid_Values_Returns_StringId" storage="d:\sferrari\01 - trabajo\repos\netcore\libs\template-netcore-entities\kitpymes.core.entities.tests\bin\release\net5.0\kitpymes.core.entities.tests.dll" id="d754ce74-ec61-4f20-8cdd-3afeaf3d229f">
      <Execution id="b6de7dcb-ceda-4d50-80e6-ac735888499c" />
      <TestMethod codeBase="D:\SFERRARI\01 - TRABAJO\repos\netcore\libs\template-netcore-entities\Kitpymes.Core.Entities.Tests\bin\Release\net5.0\Kitpymes.Core.Entities.Tests.dll" adapterTypeName="executor://mstestadapter/v2" className="Kitpymes.Core.Entities.ValueObjects.Tests.StringIdTests" name="Create_Default_Passing_Valid_Values_Returns_StringId" />
    </UnitTest>
    <UnitTest name="Create_Passing_Valid_Values_Returns_Name (tenant1)" storage="d:\sferrari\01 - trabajo\repos\netcore\libs\template-netcore-entities\kitpymes.core.entities.tests\bin\release\net5.0\kitpymes.core.entities.tests.dll" id="3216005f-7bc1-4812-8dd7-6dc452918fa2">
      <Execution id="d22bc6b7-6136-4492-8d5f-ff2e75eeac47" />
      <TestMethod codeBase="D:\SFERRARI\01 - TRABAJO\repos\netcore\libs\template-netcore-entities\Kitpymes.Core.Entities.Tests\bin\Release\net5.0\Kitpymes.Core.Entities.Tests.dll" adapterTypeName="executor://mstestadapter/v2" className="Kitpymes.Core.Entities.ValueObjects.Tests.TenantNameTests" name="Create_Passing_Valid_Values_Returns_Name" />
    </UnitTest>
    <UnitTest name="ToString_Passing_Valid_Values_Returns_Address_String_Format (Pader,789,DF7956,Sabadell,Barcelona,España)" storage="d:\sferrari\01 - trabajo\repos\netcore\libs\template-netcore-entities\kitpymes.core.entities.tests\bin\release\net5.0\kitpymes.core.entities.tests.dll" id="20cacbc5-19c3-43f9-87f1-c3593318eaee">
      <Execution id="bde6ac6b-e671-4af2-93be-570d22fa6976" />
      <TestMethod codeBase="D:\SFERRARI\01 - TRABAJO\repos\netcore\libs\template-netcore-entities\Kitpymes.Core.Entities.Tests\bin\Release\net5.0\Kitpymes.Core.Entities.Tests.dll" adapterTypeName="executor://mstestadapter/v2" className="Kitpymes.Core.Entities.ValueObjects.Tests.AddressTests" name="ToString_Passing_Valid_Values_Returns_Address_String_Format" />
    </UnitTest>
    <UnitTest name="Equals_Passing_Valid_Distinct_Values_Returns_False (400,EUR,8)" storage="d:\sferrari\01 - trabajo\repos\netcore\libs\template-netcore-entities\kitpymes.core.entities.tests\bin\release\net5.0\kitpymes.core.entities.tests.dll" id="5abcc3a4-0f67-4df3-97c3-deb47b43dc77">
      <Execution id="6a68dc0e-23eb-4985-8646-9de17b90285b" />
      <TestMethod codeBase="D:\SFERRARI\01 - TRABAJO\repos\netcore\libs\template-netcore-entities\Kitpymes.Core.Entities.Tests\bin\Release\net5.0\Kitpymes.Core.Entities.Tests.dll" adapterTypeName="executor://mstestadapter/v2" className="Kitpymes.Core.Entities.ValueObjects.Tests.MoneyTests" name="Equals_Passing_Valid_Distinct_Values_Returns_False" />
    </UnitTest>
    <UnitTest name="IsNull_Passing_Null_Address_Returns_True" storage="d:\sferrari\01 - trabajo\repos\netcore\libs\template-netcore-entities\kitpymes.core.entities.tests\bin\release\net5.0\kitpymes.core.entities.tests.dll" id="15ddca6d-4c4f-442d-a6a1-8ef6a56b1e35">
      <Execution id="1fdb6639-f370-4342-81c3-edce685017e3" />
      <TestMethod codeBase="D:\SFERRARI\01 - TRABAJO\repos\netcore\libs\template-netcore-entities\Kitpymes.Core.Entities.Tests\bin\Release\net5.0\Kitpymes.Core.Entities.Tests.dll" adapterTypeName="executor://mstestadapter/v2" className="Kitpymes.Core.Entities.ValueObjects.Tests.AddressTests" name="IsNull_Passing_Null_Address_Returns_True" />
    </UnitTest>
    <UnitTest name="Create_Passing_InvalidOrNull_Value_Returns_ApplicationException (34fsds@@sdd.f)" storage="d:\sferrari\01 - trabajo\repos\netcore\libs\template-netcore-entities\kitpymes.core.entities.tests\bin\release\net5.0\kitpymes.core.entities.tests.dll" id="245dc144-99f1-4d46-9133-f5d0e4213f42">
      <Execution id="b36a735e-0e5e-4483-ba5d-e1b9b142e81c" />
      <TestMethod codeBase="D:\SFERRARI\01 - TRABAJO\repos\netcore\libs\template-netcore-entities\Kitpymes.Core.Entities.Tests\bin\Release\net5.0\Kitpymes.Core.Entities.Tests.dll" adapterTypeName="executor://mstestadapter/v2" className="Kitpymes.Core.Entities.ValueObjects.Tests.EmailTests" name="Create_Passing_InvalidOrNull_Value_Returns_ApplicationException" />
    </UnitTest>
    <UnitTest name="OperatorNotEqual_Passing_Valid_Values_Returns_True (Sabadell)" storage="d:\sferrari\01 - trabajo\repos\netcore\libs\template-netcore-entities\kitpymes.core.entities.tests\bin\release\net5.0\kitpymes.core.entities.tests.dll" id="312c0293-b125-49c7-981c-3bc72bb424f2">
      <Execution id="d8f561ea-9603-4391-856f-b97ef832a60a" />
      <TestMethod codeBase="D:\SFERRARI\01 - TRABAJO\repos\netcore\libs\template-netcore-entities\Kitpymes.Core.Entities.Tests\bin\Release\net5.0\Kitpymes.Core.Entities.Tests.dll" adapterTypeName="executor://mstestadapter/v2" className="Kitpymes.Core.Entities.ValueObjects.Tests.StringIdTests" name="OperatorNotEqual_Passing_Valid_Values_Returns_True" />
    </UnitTest>
    <UnitTest name="ToEnum_Passing_Invalid_String_Name_Enumeracion_Returns_Null" storage="d:\sferrari\01 - trabajo\repos\netcore\libs\template-netcore-entities\kitpymes.core.entities.tests\bin\release\net5.0\kitpymes.core.entities.tests.dll" id="e629772a-57fa-46ee-9b3a-44663384305c">
      <Execution id="6d79a2c4-0a73-4520-91a5-91a4ed0bbf7c" />
      <TestMethod codeBase="D:\SFERRARI\01 - TRABAJO\repos\netcore\libs\template-netcore-entities\Kitpymes.Core.Entities.Tests\bin\Release\net5.0\Kitpymes.Core.Entities.Tests.dll" adapterTypeName="executor://mstestadapter/v2" className="Kitpymes.Core.Entities.Enumerations.Tests.SubscriptionEnumTests" name="ToEnum_Passing_Invalid_String_Name_Enumeracion_Returns_Null" />
    </UnitTest>
    <UnitTest name="Create_Passing_Valid_Values_Returns_Telephone (456,43543543543)" storage="d:\sferrari\01 - trabajo\repos\netcore\libs\template-netcore-entities\kitpymes.core.entities.tests\bin\release\net5.0\kitpymes.core.entities.tests.dll" id="a89963fb-4aa2-4d4d-956f-f45de25d51d6">
      <Execution id="baecef94-bc53-4425-a9a1-6aa80299980f" />
      <TestMethod codeBase="D:\SFERRARI\01 - TRABAJO\repos\netcore\libs\template-netcore-entities\Kitpymes.Core.Entities.Tests\bin\Release\net5.0\Kitpymes.Core.Entities.Tests.dll" adapterTypeName="executor://mstestadapter/v2" className="Kitpymes.Core.Entities.ValueObjects.Tests.TelephoneTests" name="Create_Passing_Valid_Values_Returns_Telephone" />
    </UnitTest>
    <UnitTest name="Equals_Passing_Valid_Values_Returns_True (España)" storage="d:\sferrari\01 - trabajo\repos\netcore\libs\template-netcore-entities\kitpymes.core.entities.tests\bin\release\net5.0\kitpymes.core.entities.tests.dll" id="bd4b79b5-572e-4bc7-be93-73cb8c3a9796">
      <Execution id="d39153dd-8aa7-46d0-a173-5e2933768f92" />
      <TestMethod codeBase="D:\SFERRARI\01 - TRABAJO\repos\netcore\libs\template-netcore-entities\Kitpymes.Core.Entities.Tests\bin\Release\net5.0\Kitpymes.Core.Entities.Tests.dll" adapterTypeName="executor://mstestadapter/v2" className="Kitpymes.Core.Entities.ValueObjects.Tests.NameTests" name="Equals_Passing_Valid_Values_Returns_True" />
    </UnitTest>
    <UnitTest name="Equals_Passing_Valid_Values_Returns_True (Españä)" storage="d:\sferrari\01 - trabajo\repos\netcore\libs\template-netcore-entities\kitpymes.core.entities.tests\bin\release\net5.0\kitpymes.core.entities.tests.dll" id="a2aaf107-53e8-4de8-b6af-9f1b1b2b524a">
      <Execution id="07140a38-5995-4757-8afa-08fcc20a3ea6" />
      <TestMethod codeBase="D:\SFERRARI\01 - TRABAJO\repos\netcore\libs\template-netcore-entities\Kitpymes.Core.Entities.Tests\bin\Release\net5.0\Kitpymes.Core.Entities.Tests.dll" adapterTypeName="executor://mstestadapter/v2" className="Kitpymes.Core.Entities.ValueObjects.Tests.NameTests" name="Equals_Passing_Valid_Values_Returns_True" />
    </UnitTest>
    <UnitTest name="OperatorEqual_Passing_Valid_Values_Returns_True (Sabadell,Barcelona,España)" storage="d:\sferrari\01 - trabajo\repos\netcore\libs\template-netcore-entities\kitpymes.core.entities.tests\bin\release\net5.0\kitpymes.core.entities.tests.dll" id="585b2e63-586f-408b-8532-1b086f841f98">
      <Execution id="c6fe5b5e-15f7-4ce8-a3af-afb967f419c3" />
      <TestMethod codeBase="D:\SFERRARI\01 - TRABAJO\repos\netcore\libs\template-netcore-entities\Kitpymes.Core.Entities.Tests\bin\Release\net5.0\Kitpymes.Core.Entities.Tests.dll" adapterTypeName="executor://mstestadapter/v2" className="Kitpymes.Core.Entities.ValueObjects.Tests.FullNameTests" name="OperatorEqual_Passing_Valid_Values_Returns_True" />
    </UnitTest>
    <UnitTest name="IsNull_Passing_Null_Value_Returns_True" storage="d:\sferrari\01 - trabajo\repos\netcore\libs\template-netcore-entities\kitpymes.core.entities.tests\bin\release\net5.0\kitpymes.core.entities.tests.dll" id="31570856-80fb-4bcf-a157-dc7f6d74e7ca">
      <Execution id="cac6a160-8da8-4ffc-be4e-a99e8b971910" />
      <TestMethod codeBase="D:\SFERRARI\01 - TRABAJO\repos\netcore\libs\template-netcore-entities\Kitpymes.Core.Entities.Tests\bin\Release\net5.0\Kitpymes.Core.Entities.Tests.dll" adapterTypeName="executor://mstestadapter/v2" className="Kitpymes.Core.Entities.ValueObjects.Tests.StringIdTests" name="IsNull_Passing_Null_Value_Returns_True" />
    </UnitTest>
    <UnitTest name="ToFullString_Passing_Valid_Values_Returns_Value_String_Format (Sabadell,Barcelona,España)" storage="d:\sferrari\01 - trabajo\repos\netcore\libs\template-netcore-entities\kitpymes.core.entities.tests\bin\release\net5.0\kitpymes.core.entities.tests.dll" id="39143dfe-eea3-44fc-9461-04b9cf5be334">
      <Execution id="6ab7755c-e744-480f-8ae4-9aeeea6d3dee" />
      <TestMethod codeBase="D:\SFERRARI\01 - TRABAJO\repos\netcore\libs\template-netcore-entities\Kitpymes.Core.Entities.Tests\bin\Release\net5.0\Kitpymes.Core.Entities.Tests.dll" adapterTypeName="executor://mstestadapter/v2" className="Kitpymes.Core.Entities.ValueObjects.Tests.FullNameTests" name="ToFullString_Passing_Valid_Values_Returns_Value_String_Format" />
    </UnitTest>
    <UnitTest name="Create_Passing_Valid_Values_Returns_Name (Españà)" storage="d:\sferrari\01 - trabajo\repos\netcore\libs\template-netcore-entities\kitpymes.core.entities.tests\bin\release\net5.0\kitpymes.core.entities.tests.dll" id="09d22274-e38a-4e51-83f3-7e1f774c47d5">
      <Execution id="0efa7799-5534-4f5d-8693-3b3493c476c5" />
      <TestMethod codeBase="D:\SFERRARI\01 - TRABAJO\repos\netcore\libs\template-netcore-entities\Kitpymes.Core.Entities.Tests\bin\Release\net5.0\Kitpymes.Core.Entities.Tests.dll" adapterTypeName="executor://mstestadapter/v2" className="Kitpymes.Core.Entities.ValueObjects.Tests.NameTests" name="Create_Passing_Valid_Values_Returns_Name" />
    </UnitTest>
    <UnitTest name="IsNull_Passing_Valid_Values_Returns_False (Sabadell,Barcelona,España)" storage="d:\sferrari\01 - trabajo\repos\netcore\libs\template-netcore-entities\kitpymes.core.entities.tests\bin\release\net5.0\kitpymes.core.entities.tests.dll" id="ec51b7ef-5551-46a0-a3a8-eb638d744cb7">
      <Execution id="6186efc7-b50c-474b-8960-27b09db31344" />
      <TestMethod codeBase="D:\SFERRARI\01 - TRABAJO\repos\netcore\libs\template-netcore-entities\Kitpymes.Core.Entities.Tests\bin\Release\net5.0\Kitpymes.Core.Entities.Tests.dll" adapterTypeName="executor://mstestadapter/v2" className="Kitpymes.Core.Entities.ValueObjects.Tests.FullNameTests" name="IsNull_Passing_Valid_Values_Returns_False" />
    </UnitTest>
    <UnitTest name="Change_Passing_Valid_Values_Returns_Name" storage="d:\sferrari\01 - trabajo\repos\netcore\libs\template-netcore-entities\kitpymes.core.entities.tests\bin\release\net5.0\kitpymes.core.entities.tests.dll" id="9a340b03-a1e9-45d5-959f-32e4238cafe4">
      <Execution id="d3dc6a6b-f9ad-4744-aa55-9f2c7aa5c34c" />
      <TestMethod codeBase="D:\SFERRARI\01 - TRABAJO\repos\netcore\libs\template-netcore-entities\Kitpymes.Core.Entities.Tests\bin\Release\net5.0\Kitpymes.Core.Entities.Tests.dll" adapterTypeName="executor://mstestadapter/v2" className="Kitpymes.Core.Entities.ValueObjects.Tests.NameTests" name="Change_Passing_Valid_Values_Returns_Name" />
    </UnitTest>
    <UnitTest name="Equals_Passing_Valid_Distinct_Values_Returns_False (tenant_A)" storage="d:\sferrari\01 - trabajo\repos\netcore\libs\template-netcore-entities\kitpymes.core.entities.tests\bin\release\net5.0\kitpymes.core.entities.tests.dll" id="5e5ee150-dbda-4f65-87ab-21230018811d">
      <Execution id="92d55aa8-f64e-4f79-ae04-f90b2927dab0" />
      <TestMethod codeBase="D:\SFERRARI\01 - TRABAJO\repos\netcore\libs\template-netcore-entities\Kitpymes.Core.Entities.Tests\bin\Release\net5.0\Kitpymes.Core.Entities.Tests.dll" adapterTypeName="executor://mstestadapter/v2" className="Kitpymes.Core.Entities.ValueObjects.Tests.TenantNameTests" name="Equals_Passing_Valid_Distinct_Values_Returns_False" />
    </UnitTest>
    <UnitTest name="IsVisa_Passing_Nothing_Returns_True" storage="d:\sferrari\01 - trabajo\repos\netcore\libs\template-netcore-entities\kitpymes.core.entities.tests\bin\release\net5.0\kitpymes.core.entities.tests.dll" id="248b922a-7257-440f-9f19-d375153bfe69">
      <Execution id="2095297d-c081-4df6-a05f-e294814aca1e" />
      <TestMethod codeBase="D:\SFERRARI\01 - TRABAJO\repos\netcore\libs\template-netcore-entities\Kitpymes.Core.Entities.Tests\bin\Release\net5.0\Kitpymes.Core.Entities.Tests.dll" adapterTypeName="executor://mstestadapter/v2" className="Kitpymes.Core.Entities.Enumerations.Tests.CardTypeEnumTests" name="IsVisa_Passing_Nothing_Returns_True" />
    </UnitTest>
    <UnitTest name="OperatorNotEqual_Passing_Valid_Values_Returns_True (100,EUR,2)" storage="d:\sferrari\01 - trabajo\repos\netcore\libs\template-netcore-entities\kitpymes.core.entities.tests\bin\release\net5.0\kitpymes.core.entities.tests.dll" id="6038de00-f3dd-48fd-bc3d-6326fca4c4d3">
      <Execution id="aff18123-f52b-4efb-8d01-e9987a02d654" />
      <TestMethod codeBase="D:\SFERRARI\01 - TRABAJO\repos\netcore\libs\template-netcore-entities\Kitpymes.Core.Entities.Tests\bin\Release\net5.0\Kitpymes.Core.Entities.Tests.dll" adapterTypeName="executor://mstestadapter/v2" className="Kitpymes.Core.Entities.ValueObjects.Tests.MoneyTests" name="OperatorNotEqual_Passing_Valid_Values_Returns_True" />
    </UnitTest>
    <UnitTest name="Create_Passing_Valid_Values_Returns_Currency (USD)" storage="d:\sferrari\01 - trabajo\repos\netcore\libs\template-netcore-entities\kitpymes.core.entities.tests\bin\release\net5.0\kitpymes.core.entities.tests.dll" id="d74374d7-9ebc-4495-8dd6-dfe8e11a9b15">
      <Execution id="49514f67-cbd1-4d0e-a7e5-27fb3cc349c8" />
      <TestMethod codeBase="D:\SFERRARI\01 - TRABAJO\repos\netcore\libs\template-netcore-entities\Kitpymes.Core.Entities.Tests\bin\Release\net5.0\Kitpymes.Core.Entities.Tests.dll" adapterTypeName="executor://mstestadapter/v2" className="Kitpymes.Core.Entities.ValueObjects.Tests.CurrencyTests" name="Create_Passing_Valid_Values_Returns_Currency" />
    </UnitTest>
    <UnitTest name="ToString_Passing_Valid_Values_Returns_Name (España)" storage="d:\sferrari\01 - trabajo\repos\netcore\libs\template-netcore-entities\kitpymes.core.entities.tests\bin\release\net5.0\kitpymes.core.entities.tests.dll" id="3da59c05-d1f2-4873-aae0-5e0aceceafa8">
      <Execution id="bc38a751-9b30-4dae-999a-4124275e7e90" />
      <TestMethod codeBase="D:\SFERRARI\01 - TRABAJO\repos\netcore\libs\template-netcore-entities\Kitpymes.Core.Entities.Tests\bin\Release\net5.0\Kitpymes.Core.Entities.Tests.dll" adapterTypeName="executor://mstestadapter/v2" className="Kitpymes.Core.Entities.ValueObjects.Tests.NameTests" name="ToString_Passing_Valid_Values_Returns_Name" />
    </UnitTest>
    <UnitTest name="OperatorNotEqual_Passing_Valid_Values_Returns_False (Españã)" storage="d:\sferrari\01 - trabajo\repos\netcore\libs\template-netcore-entities\kitpymes.core.entities.tests\bin\release\net5.0\kitpymes.core.entities.tests.dll" id="3aedd799-f484-41aa-9894-d54de2744e39">
      <Execution id="2d9119a6-8163-4956-97c3-e48df719e07a" />
      <TestMethod codeBase="D:\SFERRARI\01 - TRABAJO\repos\netcore\libs\template-netcore-entities\Kitpymes.Core.Entities.Tests\bin\Release\net5.0\Kitpymes.Core.Entities.Tests.dll" adapterTypeName="executor://mstestadapter/v2" className="Kitpymes.Core.Entities.ValueObjects.Tests.NameTests" name="OperatorNotEqual_Passing_Valid_Values_Returns_False" />
    </UnitTest>
    <UnitTest name="OperatorNotEqual_Passing_Valid_Values_Returns_False (tenantA)" storage="d:\sferrari\01 - trabajo\repos\netcore\libs\template-netcore-entities\kitpymes.core.entities.tests\bin\release\net5.0\kitpymes.core.entities.tests.dll" id="ac5216b9-69d3-4ccf-9e81-60dcc21f6b5f">
      <Execution id="7b72d963-8f22-4adf-9a68-f8986c07a3ef" />
      <TestMethod codeBase="D:\SFERRARI\01 - TRABAJO\repos\netcore\libs\template-netcore-entities\Kitpymes.Core.Entities.Tests\bin\Release\net5.0\Kitpymes.Core.Entities.Tests.dll" adapterTypeName="executor://mstestadapter/v2" className="Kitpymes.Core.Entities.ValueObjects.Tests.TenantNameTests" name="OperatorNotEqual_Passing_Valid_Values_Returns_False" />
    </UnitTest>
    <UnitTest name="Change_Passing_Valid_Values_Returns_Name" storage="d:\sferrari\01 - trabajo\repos\netcore\libs\template-netcore-entities\kitpymes.core.entities.tests\bin\release\net5.0\kitpymes.core.entities.tests.dll" id="b05df6af-e460-4aeb-aae5-be63183e7d7c">
      <Execution id="a8ac79c6-ef66-498e-a639-794f3aa85139" />
      <TestMethod codeBase="D:\SFERRARI\01 - TRABAJO\repos\netcore\libs\template-netcore-entities\Kitpymes.Core.Entities.Tests\bin\Release\net5.0\Kitpymes.Core.Entities.Tests.dll" adapterTypeName="executor://mstestadapter/v2" className="Kitpymes.Core.Entities.ValueObjects.Tests.TenantNameTests" name="Change_Passing_Valid_Values_Returns_Name" />
    </UnitTest>
    <UnitTest name="Equals_Passing_Valid_Distinct_Values_Returns_False (Tenant_1)" storage="d:\sferrari\01 - trabajo\repos\netcore\libs\template-netcore-entities\kitpymes.core.entities.tests\bin\release\net5.0\kitpymes.core.entities.tests.dll" id="e6fbc9af-eb75-410b-a053-137e2b8c8abb">
      <Execution id="df40ac53-d032-49c8-9235-f8ffebf7b169" />
      <TestMethod codeBase="D:\SFERRARI\01 - TRABAJO\repos\netcore\libs\template-netcore-entities\Kitpymes.Core.Entities.Tests\bin\Release\net5.0\Kitpymes.Core.Entities.Tests.dll" adapterTypeName="executor://mstestadapter/v2" className="Kitpymes.Core.Entities.ValueObjects.Tests.TenantNameTests" name="Equals_Passing_Valid_Distinct_Values_Returns_False" />
    </UnitTest>
    <UnitTest name="OperatorNotEqual_Passing_Valid_Values_Returns_True (EUR)" storage="d:\sferrari\01 - trabajo\repos\netcore\libs\template-netcore-entities\kitpymes.core.entities.tests\bin\release\net5.0\kitpymes.core.entities.tests.dll" id="6415b973-5ba9-401a-a3d5-964ba7ed0174">
      <Execution id="a0c93b89-9a46-4896-be51-0b7643f66aa1" />
      <TestMethod codeBase="D:\SFERRARI\01 - TRABAJO\repos\netcore\libs\template-netcore-entities\Kitpymes.Core.Entities.Tests\bin\Release\net5.0\Kitpymes.Core.Entities.Tests.dll" adapterTypeName="executor://mstestadapter/v2" className="Kitpymes.Core.Entities.ValueObjects.Tests.CurrencyTests" name="OperatorNotEqual_Passing_Valid_Values_Returns_True" />
    </UnitTest>
    <UnitTest name="ToString_Passing_Valid_Values_Returns_Name (TENANTA)" storage="d:\sferrari\01 - trabajo\repos\netcore\libs\template-netcore-entities\kitpymes.core.entities.tests\bin\release\net5.0\kitpymes.core.entities.tests.dll" id="5305991f-b432-4b1b-9c4e-7e46faba50c7">
      <Execution id="c4d39c42-bade-4ae2-ad07-2343ca269555" />
      <TestMethod codeBase="D:\SFERRARI\01 - TRABAJO\repos\netcore\libs\template-netcore-entities\Kitpymes.Core.Entities.Tests\bin\Release\net5.0\Kitpymes.Core.Entities.Tests.dll" adapterTypeName="executor://mstestadapter/v2" className="Kitpymes.Core.Entities.ValueObjects.Tests.TenantNameTests" name="ToString_Passing_Valid_Values_Returns_Name" />
    </UnitTest>
    <UnitTest name="Equals_Passing_Valid_Values_Returns_True (Españá)" storage="d:\sferrari\01 - trabajo\repos\netcore\libs\template-netcore-entities\kitpymes.core.entities.tests\bin\release\net5.0\kitpymes.core.entities.tests.dll" id="b74db00c-5c53-429d-a9af-58ad7b42459f">
      <Execution id="956532c7-304d-48d6-9121-8983d8577f8d" />
      <TestMethod codeBase="D:\SFERRARI\01 - TRABAJO\repos\netcore\libs\template-netcore-entities\Kitpymes.Core.Entities.Tests\bin\Release\net5.0\Kitpymes.Core.Entities.Tests.dll" adapterTypeName="executor://mstestadapter/v2" className="Kitpymes.Core.Entities.ValueObjects.Tests.NameTests" name="Equals_Passing_Valid_Values_Returns_True" />
    </UnitTest>
    <UnitTest name="OperatorNotEqual_Passing_Valid_Values_Returns_False (stage_hackerone.com)" storage="d:\sferrari\01 - trabajo\repos\netcore\libs\template-netcore-entities\kitpymes.core.entities.tests\bin\release\net5.0\kitpymes.core.entities.tests.dll" id="c6dc1e46-5b14-441f-a6b6-2ecce3cb4f0b">
      <Execution id="9c7bca1d-8ddc-4834-b2fa-7f77a6909556" />
      <TestMethod codeBase="D:\SFERRARI\01 - TRABAJO\repos\netcore\libs\template-netcore-entities\Kitpymes.Core.Entities.Tests\bin\Release\net5.0\Kitpymes.Core.Entities.Tests.dll" adapterTypeName="executor://mstestadapter/v2" className="Kitpymes.Core.Entities.ValueObjects.Tests.SubdomainTests" name="OperatorNotEqual_Passing_Valid_Values_Returns_False" />
    </UnitTest>
    <UnitTest name="OperatorEqual_Passing_Valid_Distinct_Values_Returns_False (TenantA)" storage="d:\sferrari\01 - trabajo\repos\netcore\libs\template-netcore-entities\kitpymes.core.entities.tests\bin\release\net5.0\kitpymes.core.entities.tests.dll" id="c59532fc-8cea-47ec-b779-c4d3f84f9aa9">
      <Execution id="56548423-e8cc-432e-ac07-b2f2b8d4f837" />
      <TestMethod codeBase="D:\SFERRARI\01 - TRABAJO\repos\netcore\libs\template-netcore-entities\Kitpymes.Core.Entities.Tests\bin\Release\net5.0\Kitpymes.Core.Entities.Tests.dll" adapterTypeName="executor://mstestadapter/v2" className="Kitpymes.Core.Entities.ValueObjects.Tests.TenantNameTests" name="OperatorEqual_Passing_Valid_Distinct_Values_Returns_False" />
    </UnitTest>
    <UnitTest name="Equals_Passing_Valid_Distinct_Values_Returns_False (San Bartoleme De Tirajana)" storage="d:\sferrari\01 - trabajo\repos\netcore\libs\template-netcore-entities\kitpymes.core.entities.tests\bin\release\net5.0\kitpymes.core.entities.tests.dll" id="0f6e0c89-d585-4821-8a78-bce0385b6a9d">
      <Execution id="c74c4a89-61f9-4723-82db-5833a4144c2e" />
      <TestMethod codeBase="D:\SFERRARI\01 - TRABAJO\repos\netcore\libs\template-netcore-entities\Kitpymes.Core.Entities.Tests\bin\Release\net5.0\Kitpymes.Core.Entities.Tests.dll" adapterTypeName="executor://mstestadapter/v2" className="Kitpymes.Core.Entities.ValueObjects.Tests.StringIdTests" name="Equals_Passing_Valid_Distinct_Values_Returns_False" />
    </UnitTest>
    <UnitTest name="OperatorNotEqual_Passing_Valid_Values_Returns_True (tenantA)" storage="d:\sferrari\01 - trabajo\repos\netcore\libs\template-netcore-entities\kitpymes.core.entities.tests\bin\release\net5.0\kitpymes.core.entities.tests.dll" id="b3529555-cf6f-4570-b2eb-bde7482314b1">
      <Execution id="e4c89c27-82c3-4fc5-a99b-815a9dd14a97" />
      <TestMethod codeBase="D:\SFERRARI\01 - TRABAJO\repos\netcore\libs\template-netcore-entities\Kitpymes.Core.Entities.Tests\bin\Release\net5.0\Kitpymes.Core.Entities.Tests.dll" adapterTypeName="executor://mstestadapter/v2" className="Kitpymes.Core.Entities.ValueObjects.Tests.TenantNameTests" name="OperatorNotEqual_Passing_Valid_Values_Returns_True" />
    </UnitTest>
    <UnitTest name="ToString_Passing_Valid_Values_Returns_StringId (Sabadell)" storage="d:\sferrari\01 - trabajo\repos\netcore\libs\template-netcore-entities\kitpymes.core.entities.tests\bin\release\net5.0\kitpymes.core.entities.tests.dll" id="1cfdf02e-d1dd-46d7-8bf9-ad94ea8c8183">
      <Execution id="19aed488-15f7-4da5-8c55-0859517f80d5" />
      <TestMethod codeBase="D:\SFERRARI\01 - TRABAJO\repos\netcore\libs\template-netcore-entities\Kitpymes.Core.Entities.Tests\bin\Release\net5.0\Kitpymes.Core.Entities.Tests.dll" adapterTypeName="executor://mstestadapter/v2" className="Kitpymes.Core.Entities.ValueObjects.Tests.StringIdTests" name="ToString_Passing_Valid_Values_Returns_StringId" />
    </UnitTest>
    <UnitTest name="Equals_Passing_Valid_Distinct_Values_Returns_False (Esp añâ)" storage="d:\sferrari\01 - trabajo\repos\netcore\libs\template-netcore-entities\kitpymes.core.entities.tests\bin\release\net5.0\kitpymes.core.entities.tests.dll" id="54a16c56-bc60-4da6-b042-1b65927e3f96">
      <Execution id="2b29732f-f255-4a8e-a9d7-6537da9f6eaa" />
      <TestMethod codeBase="D:\SFERRARI\01 - TRABAJO\repos\netcore\libs\template-netcore-entities\Kitpymes.Core.Entities.Tests\bin\Release\net5.0\Kitpymes.Core.Entities.Tests.dll" adapterTypeName="executor://mstestadapter/v2" className="Kitpymes.Core.Entities.ValueObjects.Tests.NameTests" name="Equals_Passing_Valid_Distinct_Values_Returns_False" />
    </UnitTest>
    <UnitTest name="Equals_Passing_Valid_Distinct_Values_Returns_False (TENANTA)" storage="d:\sferrari\01 - trabajo\repos\netcore\libs\template-netcore-entities\kitpymes.core.entities.tests\bin\release\net5.0\kitpymes.core.entities.tests.dll" id="74c481cf-7bd9-468d-9b29-fdd6d1f5889e">
      <Execution id="9464d1b9-94c3-486f-8739-a64e06ee64e7" />
      <TestMethod codeBase="D:\SFERRARI\01 - TRABAJO\repos\netcore\libs\template-netcore-entities\Kitpymes.Core.Entities.Tests\bin\Release\net5.0\Kitpymes.Core.Entities.Tests.dll" adapterTypeName="executor://mstestadapter/v2" className="Kitpymes.Core.Entities.ValueObjects.Tests.TenantNameTests" name="Equals_Passing_Valid_Distinct_Values_Returns_False" />
    </UnitTest>
    <UnitTest name="OperatorEqual_Passing_Valid_Distinct_Values_Returns_False (Sabadell,Barcelona,España)" storage="d:\sferrari\01 - trabajo\repos\netcore\libs\template-netcore-entities\kitpymes.core.entities.tests\bin\release\net5.0\kitpymes.core.entities.tests.dll" id="df9d7b54-cd9f-495d-8a64-d1d994478d6a">
      <Execution id="72ef7455-0504-46c7-9028-734743cf5999" />
      <TestMethod codeBase="D:\SFERRARI\01 - TRABAJO\repos\netcore\libs\template-netcore-entities\Kitpymes.Core.Entities.Tests\bin\Release\net5.0\Kitpymes.Core.Entities.Tests.dll" adapterTypeName="executor://mstestadapter/v2" className="Kitpymes.Core.Entities.ValueObjects.Tests.FullNameTests" name="OperatorEqual_Passing_Valid_Distinct_Values_Returns_False" />
    </UnitTest>
    <UnitTest name="ToBool_Passing_Valid_String_Active_Value_Returns_True" storage="d:\sferrari\01 - trabajo\repos\netcore\libs\template-netcore-entities\kitpymes.core.entities.tests\bin\release\net5.0\kitpymes.core.entities.tests.dll" id="7a0b5964-17e4-4d17-8a64-95c94d68f07a">
      <Execution id="e40b8744-6f49-4f00-ac56-6e739dbb059e" />
      <TestMethod codeBase="D:\SFERRARI\01 - TRABAJO\repos\netcore\libs\template-netcore-entities\Kitpymes.Core.Entities.Tests\bin\Release\net5.0\Kitpymes.Core.Entities.Tests.dll" adapterTypeName="executor://mstestadapter/v2" className="Kitpymes.Core.Entities.Enumerations.Tests.StatusEnumTests" name="ToBool_Passing_Valid_String_Active_Value_Returns_True" />
    </UnitTest>
    <UnitTest name="OperatorNotEqual_Passing_Valid_Values_Returns_False (200,EUR,4)" storage="d:\sferrari\01 - trabajo\repos\netcore\libs\template-netcore-entities\kitpymes.core.entities.tests\bin\release\net5.0\kitpymes.core.entities.tests.dll" id="9261adff-1498-4b18-ac3f-a557615448df">
      <Execution id="755f37d6-e8e3-40c1-904a-7a08058d803f" />
      <TestMethod codeBase="D:\SFERRARI\01 - TRABAJO\repos\netcore\libs\template-netcore-entities\Kitpymes.Core.Entities.Tests\bin\Release\net5.0\Kitpymes.Core.Entities.Tests.dll" adapterTypeName="executor://mstestadapter/v2" className="Kitpymes.Core.Entities.ValueObjects.Tests.MoneyTests" name="OperatorNotEqual_Passing_Valid_Values_Returns_False" />
    </UnitTest>
    <UnitTest name="ToString_Passing_Valid_Values_Returns_Name (Españã)" storage="d:\sferrari\01 - trabajo\repos\netcore\libs\template-netcore-entities\kitpymes.core.entities.tests\bin\release\net5.0\kitpymes.core.entities.tests.dll" id="e5754764-5e6d-48fa-81de-3473730bec85">
      <Execution id="03533b6b-3f72-4c94-967f-9cbc8169558e" />
      <TestMethod codeBase="D:\SFERRARI\01 - TRABAJO\repos\netcore\libs\template-netcore-entities\Kitpymes.Core.Entities.Tests\bin\Release\net5.0\Kitpymes.Core.Entities.Tests.dll" adapterTypeName="executor://mstestadapter/v2" className="Kitpymes.Core.Entities.ValueObjects.Tests.NameTests" name="ToString_Passing_Valid_Values_Returns_Name" />
    </UnitTest>
    <UnitTest name="IsNull_Passing_Valid_Value_Returns_False (app.hackerone1.com)" storage="d:\sferrari\01 - trabajo\repos\netcore\libs\template-netcore-entities\kitpymes.core.entities.tests\bin\release\net5.0\kitpymes.core.entities.tests.dll" id="7a07630e-1498-4af8-bded-2cf644279d33">
      <Execution id="9b417169-1a87-49e8-945e-59017e5b5525" />
      <TestMethod codeBase="D:\SFERRARI\01 - TRABAJO\repos\netcore\libs\template-netcore-entities\Kitpymes.Core.Entities.Tests\bin\Release\net5.0\Kitpymes.Core.Entities.Tests.dll" adapterTypeName="executor://mstestadapter/v2" className="Kitpymes.Core.Entities.ValueObjects.Tests.SubdomainTests" name="IsNull_Passing_Valid_Value_Returns_False" />
    </UnitTest>
    <UnitTest name="Create_Passing_InvalidOrNull_Value_Returns_ApplicationException (..¬¬¬sdffdsfdssd.dd)" storage="d:\sferrari\01 - trabajo\repos\netcore\libs\template-netcore-entities\kitpymes.core.entities.tests\bin\release\net5.0\kitpymes.core.entities.tests.dll" id="caf4a02a-df47-44ed-881c-fbba054466c8">
      <Execution id="64eed123-01a9-48ab-b1a7-3eb950ece412" />
      <TestMethod codeBase="D:\SFERRARI\01 - TRABAJO\repos\netcore\libs\template-netcore-entities\Kitpymes.Core.Entities.Tests\bin\Release\net5.0\Kitpymes.Core.Entities.Tests.dll" adapterTypeName="executor://mstestadapter/v2" className="Kitpymes.Core.Entities.ValueObjects.Tests.SubdomainTests" name="Create_Passing_InvalidOrNull_Value_Returns_ApplicationException" />
    </UnitTest>
    <UnitTest name="OperatorEqual_Passing_Valid_Values_Returns_True (TENANTA)" storage="d:\sferrari\01 - trabajo\repos\netcore\libs\template-netcore-entities\kitpymes.core.entities.tests\bin\release\net5.0\kitpymes.core.entities.tests.dll" id="1dc05173-1411-4e3d-aaf1-d5ff8c1baf6c">
      <Execution id="3d96de08-3536-4ded-8e41-822ddb4c6046" />
      <TestMethod codeBase="D:\SFERRARI\01 - TRABAJO\repos\netcore\libs\template-netcore-entities\Kitpymes.Core.Entities.Tests\bin\Release\net5.0\Kitpymes.Core.Entities.Tests.dll" adapterTypeName="executor://mstestadapter/v2" className="Kitpymes.Core.Entities.ValueObjects.Tests.TenantNameTests" name="OperatorEqual_Passing_Valid_Values_Returns_True" />
    </UnitTest>
    <UnitTest name="ToNormalize_Passing_Valid_Values_Returns_Address_String_Format (bb_ads@ggg.cc)" storage="d:\sferrari\01 - trabajo\repos\netcore\libs\template-netcore-entities\kitpymes.core.entities.tests\bin\release\net5.0\kitpymes.core.entities.tests.dll" id="fe4d864e-64ad-4b0c-ade4-891336a3309b">
      <Execution id="c84e9d4d-2bd9-4539-9b02-24f18a8fe20e" />
      <TestMethod codeBase="D:\SFERRARI\01 - TRABAJO\repos\netcore\libs\template-netcore-entities\Kitpymes.Core.Entities.Tests\bin\Release\net5.0\Kitpymes.Core.Entities.Tests.dll" adapterTypeName="executor://mstestadapter/v2" className="Kitpymes.Core.Entities.ValueObjects.Tests.EmailTests" name="ToNormalize_Passing_Valid_Values_Returns_Address_String_Format" />
    </UnitTest>
    <UnitTest name="IsNull_Passing_Valid_Value_Returns_False (Tenant_1)" storage="d:\sferrari\01 - trabajo\repos\netcore\libs\template-netcore-entities\kitpymes.core.entities.tests\bin\release\net5.0\kitpymes.core.entities.tests.dll" id="5edf3b59-8c1b-4cc5-93a4-098503104101">
      <Execution id="0faa0606-b6a0-411c-a53b-f09477f9f6d1" />
      <TestMethod codeBase="D:\SFERRARI\01 - TRABAJO\repos\netcore\libs\template-netcore-entities\Kitpymes.Core.Entities.Tests\bin\Release\net5.0\Kitpymes.Core.Entities.Tests.dll" adapterTypeName="executor://mstestadapter/v2" className="Kitpymes.Core.Entities.ValueObjects.Tests.TenantNameTests" name="IsNull_Passing_Valid_Value_Returns_False" />
    </UnitTest>
    <UnitTest name="OperatorNotEqual_Passing_Valid_Values_Returns_False (Sabadell,Barcelona,España)" storage="d:\sferrari\01 - trabajo\repos\netcore\libs\template-netcore-entities\kitpymes.core.entities.tests\bin\release\net5.0\kitpymes.core.entities.tests.dll" id="a41b27ee-daee-40ab-a29e-cdb10eb80d50">
      <Execution id="c7e0c22e-0eb1-4c51-aa2b-3edec246bc55" />
      <TestMethod codeBase="D:\SFERRARI\01 - TRABAJO\repos\netcore\libs\template-netcore-entities\Kitpymes.Core.Entities.Tests\bin\Release\net5.0\Kitpymes.Core.Entities.Tests.dll" adapterTypeName="executor://mstestadapter/v2" className="Kitpymes.Core.Entities.ValueObjects.Tests.FullNameTests" name="OperatorNotEqual_Passing_Valid_Values_Returns_False" />
    </UnitTest>
    <UnitTest name="Equals_Passing_Valid_Distinct_Values_Returns_False (Españħ)" storage="d:\sferrari\01 - trabajo\repos\netcore\libs\template-netcore-entities\kitpymes.core.entities.tests\bin\release\net5.0\kitpymes.core.entities.tests.dll" id="86fb212f-2e91-45a1-8083-5f927a3f14e5">
      <Execution id="9a86a879-bb25-42e1-92c9-f0a06f438412" />
      <TestMethod codeBase="D:\SFERRARI\01 - TRABAJO\repos\netcore\libs\template-netcore-entities\Kitpymes.Core.Entities.Tests\bin\Release\net5.0\Kitpymes.Core.Entities.Tests.dll" adapterTypeName="executor://mstestadapter/v2" className="Kitpymes.Core.Entities.ValueObjects.Tests.NameTests" name="Equals_Passing_Valid_Distinct_Values_Returns_False" />
    </UnitTest>
    <UnitTest name="IsNull_Passing_Valid_Address_Returns_False (Tenerife,23,34567,San Bartoleme De Tirajana,Las Palmas,España)" storage="d:\sferrari\01 - trabajo\repos\netcore\libs\template-netcore-entities\kitpymes.core.entities.tests\bin\release\net5.0\kitpymes.core.entities.tests.dll" id="273ae62c-136d-4b94-962d-3b11289e6945">
      <Execution id="e278d809-e83c-458b-b2d0-53b556a7e0ff" />
      <TestMethod codeBase="D:\SFERRARI\01 - TRABAJO\repos\netcore\libs\template-netcore-entities\Kitpymes.Core.Entities.Tests\bin\Release\net5.0\Kitpymes.Core.Entities.Tests.dll" adapterTypeName="executor://mstestadapter/v2" className="Kitpymes.Core.Entities.ValueObjects.Tests.AddressTests" name="IsNull_Passing_Valid_Address_Returns_False" />
    </UnitTest>
    <UnitTest name="OperatorNotEqual_Passing_Valid_Values_Returns_True (tenant1)" storage="d:\sferrari\01 - trabajo\repos\netcore\libs\template-netcore-entities\kitpymes.core.entities.tests\bin\release\net5.0\kitpymes.core.entities.tests.dll" id="35e284ff-3f04-4b6e-98a2-f06e7f3fc5a9">
      <Execution id="270bd943-267c-475d-848a-3c867107e4e5" />
      <TestMethod codeBase="D:\SFERRARI\01 - TRABAJO\repos\netcore\libs\template-netcore-entities\Kitpymes.Core.Entities.Tests\bin\Release\net5.0\Kitpymes.Core.Entities.Tests.dll" adapterTypeName="executor://mstestadapter/v2" className="Kitpymes.Core.Entities.ValueObjects.Tests.TenantNameTests" name="OperatorNotEqual_Passing_Valid_Values_Returns_True" />
    </UnitTest>
    <UnitTest name="IsNull_Passing_Null_Value_Returns_True" storage="d:\sferrari\01 - trabajo\repos\netcore\libs\template-netcore-entities\kitpymes.core.entities.tests\bin\release\net5.0\kitpymes.core.entities.tests.dll" id="b1194029-6449-4a8c-87c6-dbc9de21f6e4">
      <Execution id="3a5f72c3-3619-4246-86a2-ecdd31b1614a" />
      <TestMethod codeBase="D:\SFERRARI\01 - TRABAJO\repos\netcore\libs\template-netcore-entities\Kitpymes.Core.Entities.Tests\bin\Release\net5.0\Kitpymes.Core.Entities.Tests.dll" adapterTypeName="executor://mstestadapter/v2" className="Kitpymes.Core.Entities.ValueObjects.Tests.TelephoneTests" name="IsNull_Passing_Null_Value_Returns_True" />
    </UnitTest>
    <UnitTest name="ToEnum_Passing_Valid_String_Name_Returns_Enumeracion" storage="d:\sferrari\01 - trabajo\repos\netcore\libs\template-netcore-entities\kitpymes.core.entities.tests\bin\release\net5.0\kitpymes.core.entities.tests.dll" id="e1f1a058-98c2-4616-a9b3-4e3cc78016d2">
      <Execution id="958f5a26-0c36-44a3-ad38-d06ab04849ed" />
      <TestMethod codeBase="D:\SFERRARI\01 - TRABAJO\repos\netcore\libs\template-netcore-entities\Kitpymes.Core.Entities.Tests\bin\Release\net5.0\Kitpymes.Core.Entities.Tests.dll" adapterTypeName="executor://mstestadapter/v2" className="Kitpymes.Core.Entities.Enumerations.Tests.SubscriptionEnumTests" name="ToEnum_Passing_Valid_String_Name_Returns_Enumeracion" />
    </UnitTest>
    <UnitTest name="Equals_Passing_Valid_Values_Returns_True (dasdasd@dsasd.ff)" storage="d:\sferrari\01 - trabajo\repos\netcore\libs\template-netcore-entities\kitpymes.core.entities.tests\bin\release\net5.0\kitpymes.core.entities.tests.dll" id="58c5ae03-5f49-4097-8252-3b6abb42d4c4">
      <Execution id="8488681b-3214-4ea5-bc4f-031974fa24c5" />
      <TestMethod codeBase="D:\SFERRARI\01 - TRABAJO\repos\netcore\libs\template-netcore-entities\Kitpymes.Core.Entities.Tests\bin\Release\net5.0\Kitpymes.Core.Entities.Tests.dll" adapterTypeName="executor://mstestadapter/v2" className="Kitpymes.Core.Entities.ValueObjects.Tests.EmailTests" name="Equals_Passing_Valid_Values_Returns_True" />
    </UnitTest>
    <UnitTest name="ToString_Passing_Valid_Values_Returns_Name (Tenant_A)" storage="d:\sferrari\01 - trabajo\repos\netcore\libs\template-netcore-entities\kitpymes.core.entities.tests\bin\release\net5.0\kitpymes.core.entities.tests.dll" id="b4c25b31-9765-460f-a06f-7b4d8e1cee70">
      <Execution id="2893eef5-abbc-4f35-8721-fe29adb9fc7b" />
      <TestMethod codeBase="D:\SFERRARI\01 - TRABAJO\repos\netcore\libs\template-netcore-entities\Kitpymes.Core.Entities.Tests\bin\Release\net5.0\Kitpymes.Core.Entities.Tests.dll" adapterTypeName="executor://mstestadapter/v2" className="Kitpymes.Core.Entities.ValueObjects.Tests.TenantNameTests" name="ToString_Passing_Valid_Values_Returns_Name" />
    </UnitTest>
    <UnitTest name="OperatorNotEqual_Passing_Valid_Values_Returns_False (San Bartoleme De Tirajana)" storage="d:\sferrari\01 - trabajo\repos\netcore\libs\template-netcore-entities\kitpymes.core.entities.tests\bin\release\net5.0\kitpymes.core.entities.tests.dll" id="a1e2d391-280d-473e-be3f-962ce7728c4f">
      <Execution id="98f4c28e-8d66-405b-9ea1-dab63609ea36" />
      <TestMethod codeBase="D:\SFERRARI\01 - TRABAJO\repos\netcore\libs\template-netcore-entities\Kitpymes.Core.Entities.Tests\bin\Release\net5.0\Kitpymes.Core.Entities.Tests.dll" adapterTypeName="executor://mstestadapter/v2" className="Kitpymes.Core.Entities.ValueObjects.Tests.StringIdTests" name="OperatorNotEqual_Passing_Valid_Values_Returns_False" />
    </UnitTest>
    <UnitTest name="Equals_Passing_Valid_Values_Returns_True (Tenant_A)" storage="d:\sferrari\01 - trabajo\repos\netcore\libs\template-netcore-entities\kitpymes.core.entities.tests\bin\release\net5.0\kitpymes.core.entities.tests.dll" id="e49305be-ae60-42df-9bff-557ee6f5ef3a">
      <Execution id="fecd9d4a-2e84-4f15-a53e-fa0cc11f1eac" />
      <TestMethod codeBase="D:\SFERRARI\01 - TRABAJO\repos\netcore\libs\template-netcore-entities\Kitpymes.Core.Entities.Tests\bin\Release\net5.0\Kitpymes.Core.Entities.Tests.dll" adapterTypeName="executor://mstestadapter/v2" className="Kitpymes.Core.Entities.ValueObjects.Tests.TenantNameTests" name="Equals_Passing_Valid_Values_Returns_True" />
    </UnitTest>
    <UnitTest name="OperatorEqual_Passing_Valid_Distinct_Values_Returns_False (España)" storage="d:\sferrari\01 - trabajo\repos\netcore\libs\template-netcore-entities\kitpymes.core.entities.tests\bin\release\net5.0\kitpymes.core.entities.tests.dll" id="5fedea4d-07d4-472d-8574-7acbcd79d27f">
      <Execution id="1a907965-77d2-403d-a439-537e586c62aa" />
      <TestMethod codeBase="D:\SFERRARI\01 - TRABAJO\repos\netcore\libs\template-netcore-entities\Kitpymes.Core.Entities.Tests\bin\Release\net5.0\Kitpymes.Core.Entities.Tests.dll" adapterTypeName="executor://mstestadapter/v2" className="Kitpymes.Core.Entities.ValueObjects.Tests.NameTests" name="OperatorEqual_Passing_Valid_Distinct_Values_Returns_False" />
    </UnitTest>
    <UnitTest name="Create_Passing_InvalidOrNull_Value_Returns_ApplicationException (4324324,0)" storage="d:\sferrari\01 - trabajo\repos\netcore\libs\template-netcore-entities\kitpymes.core.entities.tests\bin\release\net5.0\kitpymes.core.entities.tests.dll" id="474b4b9a-1920-4f8b-8df3-3b96a41a6a2d">
      <Execution id="ac07c390-2f85-4114-a902-758d29c302ae" />
      <TestMethod codeBase="D:\SFERRARI\01 - TRABAJO\repos\netcore\libs\template-netcore-entities\Kitpymes.Core.Entities.Tests\bin\Release\net5.0\Kitpymes.Core.Entities.Tests.dll" adapterTypeName="executor://mstestadapter/v2" className="Kitpymes.Core.Entities.ValueObjects.Tests.TelephoneTests" name="Create_Passing_InvalidOrNull_Value_Returns_ApplicationException" />
    </UnitTest>
    <UnitTest name="OperatorEqual_Passing_Valid_Distinct_Values_Returns_False (Españà)" storage="d:\sferrari\01 - trabajo\repos\netcore\libs\template-netcore-entities\kitpymes.core.entities.tests\bin\release\net5.0\kitpymes.core.entities.tests.dll" id="77c57790-c543-4141-9dbf-56ad451e087e">
      <Execution id="d4ad18c8-3a1d-4102-a0f3-f1bbe06957c2" />
      <TestMethod codeBase="D:\SFERRARI\01 - TRABAJO\repos\netcore\libs\template-netcore-entities\Kitpymes.Core.Entities.Tests\bin\Release\net5.0\Kitpymes.Core.Entities.Tests.dll" adapterTypeName="executor://mstestadapter/v2" className="Kitpymes.Core.Entities.ValueObjects.Tests.NameTests" name="OperatorEqual_Passing_Valid_Distinct_Values_Returns_False" />
    </UnitTest>
    <UnitTest name="OperatorNotEqual_Passing_Valid_Values_Returns_False (Tenerife,23,34567,San Bartoleme De Tirajana,Las Palmas,España)" storage="d:\sferrari\01 - trabajo\repos\netcore\libs\template-netcore-entities\kitpymes.core.entities.tests\bin\release\net5.0\kitpymes.core.entities.tests.dll" id="1c167135-9cdd-443b-95c3-6f24d1eda8f2">
      <Execution id="70dc987c-8a01-4407-bc43-71f348bed93d" />
      <TestMethod codeBase="D:\SFERRARI\01 - TRABAJO\repos\netcore\libs\template-netcore-entities\Kitpymes.Core.Entities.Tests\bin\Release\net5.0\Kitpymes.Core.Entities.Tests.dll" adapterTypeName="executor://mstestadapter/v2" className="Kitpymes.Core.Entities.ValueObjects.Tests.AddressTests" name="OperatorNotEqual_Passing_Valid_Values_Returns_False" />
    </UnitTest>
    <UnitTest name="OperatorEqual_Passing_Valid_Distinct_Values_Returns_False (Esp añâ)" storage="d:\sferrari\01 - trabajo\repos\netcore\libs\template-netcore-entities\kitpymes.core.entities.tests\bin\release\net5.0\kitpymes.core.entities.tests.dll" id="d3863895-e267-49dd-bf5d-108d052c7b60">
      <Execution id="caabbe1d-554e-4d05-8a97-501a1244452d" />
      <TestMethod codeBase="D:\SFERRARI\01 - TRABAJO\repos\netcore\libs\template-netcore-entities\Kitpymes.Core.Entities.Tests\bin\Release\net5.0\Kitpymes.Core.Entities.Tests.dll" adapterTypeName="executor://mstestadapter/v2" className="Kitpymes.Core.Entities.ValueObjects.Tests.NameTests" name="OperatorEqual_Passing_Valid_Distinct_Values_Returns_False" />
    </UnitTest>
    <UnitTest name="ToString_Passing_Valid_Values_Returns_Name (Tenant1)" storage="d:\sferrari\01 - trabajo\repos\netcore\libs\template-netcore-entities\kitpymes.core.entities.tests\bin\release\net5.0\kitpymes.core.entities.tests.dll" id="b8ccb4e1-ad1a-4b98-aad5-71e5ab02489e">
      <Execution id="dec63e3f-7c7e-4e95-ad22-1ea47ea665d0" />
      <TestMethod codeBase="D:\SFERRARI\01 - TRABAJO\repos\netcore\libs\template-netcore-entities\Kitpymes.Core.Entities.Tests\bin\Release\net5.0\Kitpymes.Core.Entities.Tests.dll" adapterTypeName="executor://mstestadapter/v2" className="Kitpymes.Core.Entities.ValueObjects.Tests.TenantNameTests" name="ToString_Passing_Valid_Values_Returns_Name" />
    </UnitTest>
    <UnitTest name="OperatorNotEqual_Passing_Valid_Values_Returns_True (TENANTA)" storage="d:\sferrari\01 - trabajo\repos\netcore\libs\template-netcore-entities\kitpymes.core.entities.tests\bin\release\net5.0\kitpymes.core.entities.tests.dll" id="64d5f015-f55e-4554-b32c-4e9fa11df85f">
      <Execution id="bcc60e3f-01af-4bdd-a7b5-c39d77dd4343" />
      <TestMethod codeBase="D:\SFERRARI\01 - TRABAJO\repos\netcore\libs\template-netcore-entities\Kitpymes.Core.Entities.Tests\bin\Release\net5.0\Kitpymes.Core.Entities.Tests.dll" adapterTypeName="executor://mstestadapter/v2" className="Kitpymes.Core.Entities.ValueObjects.Tests.TenantNameTests" name="OperatorNotEqual_Passing_Valid_Values_Returns_True" />
    </UnitTest>
    <UnitTest name="Create_Passing_InvalidOrNull_Value_Returns_ApplicationException (,Barcelona,España)" storage="d:\sferrari\01 - trabajo\repos\netcore\libs\template-netcore-entities\kitpymes.core.entities.tests\bin\release\net5.0\kitpymes.core.entities.tests.dll" id="7247c1ee-5272-4663-9c07-fa7b1e773a22">
      <Execution id="ea1b6837-15a7-4b85-8e22-b97707f9dcda" />
      <TestMethod codeBase="D:\SFERRARI\01 - TRABAJO\repos\netcore\libs\template-netcore-entities\Kitpymes.Core.Entities.Tests\bin\Release\net5.0\Kitpymes.Core.Entities.Tests.dll" adapterTypeName="executor://mstestadapter/v2" className="Kitpymes.Core.Entities.ValueObjects.Tests.FullNameTests" name="Create_Passing_InvalidOrNull_Value_Returns_ApplicationException" />
    </UnitTest>
    <UnitTest name="IsNull_Passing_Valid_Value_Returns_False (TENANT1)" storage="d:\sferrari\01 - trabajo\repos\netcore\libs\template-netcore-entities\kitpymes.core.entities.tests\bin\release\net5.0\kitpymes.core.entities.tests.dll" id="04993174-5bfd-4493-924f-f33e2309843c">
      <Execution id="89e3f68a-e6e8-4568-bf16-be9cac5bb8d7" />
      <TestMethod codeBase="D:\SFERRARI\01 - TRABAJO\repos\netcore\libs\template-netcore-entities\Kitpymes.Core.Entities.Tests\bin\Release\net5.0\Kitpymes.Core.Entities.Tests.dll" adapterTypeName="executor://mstestadapter/v2" className="Kitpymes.Core.Entities.ValueObjects.Tests.TenantNameTests" name="IsNull_Passing_Valid_Value_Returns_False" />
    </UnitTest>
    <UnitTest name="Change_Passing_Valid_Values_Returns_Telephone" storage="d:\sferrari\01 - trabajo\repos\netcore\libs\template-netcore-entities\kitpymes.core.entities.tests\bin\release\net5.0\kitpymes.core.entities.tests.dll" id="f8fbd9e6-65bc-44d6-82a9-2f49424c084c">
      <Execution id="bb4ddca0-58a7-4219-8011-93dec49e1ef9" />
      <TestMethod codeBase="D:\SFERRARI\01 - TRABAJO\repos\netcore\libs\template-netcore-entities\Kitpymes.Core.Entities.Tests\bin\Release\net5.0\Kitpymes.Core.Entities.Tests.dll" adapterTypeName="executor://mstestadapter/v2" className="Kitpymes.Core.Entities.ValueObjects.Tests.TelephoneTests" name="Change_Passing_Valid_Values_Returns_Telephone" />
    </UnitTest>
    <UnitTest name="ToFullString_Passing_Valid_Values_Returns_Value_String_Format (San Bartoleme De Tirajana,Las Palmas,España)" storage="d:\sferrari\01 - trabajo\repos\netcore\libs\template-netcore-entities\kitpymes.core.entities.tests\bin\release\net5.0\kitpymes.core.entities.tests.dll" id="f8676b0b-8faa-467d-98ed-4112c9b7f625">
      <Execution id="b883b8e4-c287-414d-a032-ca4c6bc16f6e" />
      <TestMethod codeBase="D:\SFERRARI\01 - TRABAJO\repos\netcore\libs\template-netcore-entities\Kitpymes.Core.Entities.Tests\bin\Release\net5.0\Kitpymes.Core.Entities.Tests.dll" adapterTypeName="executor://mstestadapter/v2" className="Kitpymes.Core.Entities.ValueObjects.Tests.FullNameTests" name="ToFullString_Passing_Valid_Values_Returns_Value_String_Format" />
    </UnitTest>
    <UnitTest name="OperatorEqual_Passing_Valid_Distinct_Values_Returns_False (www.hackerone-com)" storage="d:\sferrari\01 - trabajo\repos\netcore\libs\template-netcore-entities\kitpymes.core.entities.tests\bin\release\net5.0\kitpymes.core.entities.tests.dll" id="11170b85-1a99-45f5-a52a-d5634b22d9bb">
      <Execution id="268e1c74-026f-4836-a5ef-b2ab78245782" />
      <TestMethod codeBase="D:\SFERRARI\01 - TRABAJO\repos\netcore\libs\template-netcore-entities\Kitpymes.Core.Entities.Tests\bin\Release\net5.0\Kitpymes.Core.Entities.Tests.dll" adapterTypeName="executor://mstestadapter/v2" className="Kitpymes.Core.Entities.ValueObjects.Tests.SubdomainTests" name="OperatorEqual_Passing_Valid_Distinct_Values_Returns_False" />
    </UnitTest>
    <UnitTest name="IsActive_Passing_Nothing_Returns_True" storage="d:\sferrari\01 - trabajo\repos\netcore\libs\template-netcore-entities\kitpymes.core.entities.tests\bin\release\net5.0\kitpymes.core.entities.tests.dll" id="39129ee9-0241-4c6d-b7f7-46af99e7be2d">
      <Execution id="777ceede-768c-4705-a1ef-af9d4e4b00ba" />
      <TestMethod codeBase="D:\SFERRARI\01 - TRABAJO\repos\netcore\libs\template-netcore-entities\Kitpymes.Core.Entities.Tests\bin\Release\net5.0\Kitpymes.Core.Entities.Tests.dll" adapterTypeName="executor://mstestadapter/v2" className="Kitpymes.Core.Entities.Enumerations.Tests.StatusEnumTests" name="IsActive_Passing_Nothing_Returns_True" />
    </UnitTest>
    <UnitTest name="Create_Passing_Valid_Values_Returns_Address (Pader,789,DF7956,Sabadell,Barcelona,España)" storage="d:\sferrari\01 - trabajo\repos\netcore\libs\template-netcore-entities\kitpymes.core.entities.tests\bin\release\net5.0\kitpymes.core.entities.tests.dll" id="24ae2eb5-40da-4fdd-87f5-bc6d24601945">
      <Execution id="4882b485-c548-4dc5-9891-17b698297bab" />
      <TestMethod codeBase="D:\SFERRARI\01 - TRABAJO\repos\netcore\libs\template-netcore-entities\Kitpymes.Core.Entities.Tests\bin\Release\net5.0\Kitpymes.Core.Entities.Tests.dll" adapterTypeName="executor://mstestadapter/v2" className="Kitpymes.Core.Entities.ValueObjects.Tests.AddressTests" name="Create_Passing_Valid_Values_Returns_Address" />
    </UnitTest>
    <UnitTest name="Create_Passing_Valid_Values_Returns_Name (España)" storage="d:\sferrari\01 - trabajo\repos\netcore\libs\template-netcore-entities\kitpymes.core.entities.tests\bin\release\net5.0\kitpymes.core.entities.tests.dll" id="4b005676-e632-46d2-b11e-dbf65b4f64f0">
      <Execution id="434eadaf-b840-4339-80b0-8162df5c452c" />
      <TestMethod codeBase="D:\SFERRARI\01 - TRABAJO\repos\netcore\libs\template-netcore-entities\Kitpymes.Core.Entities.Tests\bin\Release\net5.0\Kitpymes.Core.Entities.Tests.dll" adapterTypeName="executor://mstestadapter/v2" className="Kitpymes.Core.Entities.ValueObjects.Tests.NameTests" name="Create_Passing_Valid_Values_Returns_Name" />
    </UnitTest>
    <UnitTest name="Create_Passing_Valid_Values_Returns_Name (TENANT1)" storage="d:\sferrari\01 - trabajo\repos\netcore\libs\template-netcore-entities\kitpymes.core.entities.tests\bin\release\net5.0\kitpymes.core.entities.tests.dll" id="7fc3be10-f009-4337-9375-3d8309a1cdff">
      <Execution id="9945c8d7-5fcf-4e2c-a9eb-2434565a9e10" />
      <TestMethod codeBase="D:\SFERRARI\01 - TRABAJO\repos\netcore\libs\template-netcore-entities\Kitpymes.Core.Entities.Tests\bin\Release\net5.0\Kitpymes.Core.Entities.Tests.dll" adapterTypeName="executor://mstestadapter/v2" className="Kitpymes.Core.Entities.ValueObjects.Tests.TenantNameTests" name="Create_Passing_Valid_Values_Returns_Name" />
    </UnitTest>
    <UnitTest name="OperatorEqual_Passing_Valid_Distinct_Values_Returns_False (tenant_A)" storage="d:\sferrari\01 - trabajo\repos\netcore\libs\template-netcore-entities\kitpymes.core.entities.tests\bin\release\net5.0\kitpymes.core.entities.tests.dll" id="94a29ed5-4c4a-4400-9041-c88fecf59187">
      <Execution id="f124d772-ee62-4346-bf90-a6562c0f5d27" />
      <TestMethod codeBase="D:\SFERRARI\01 - TRABAJO\repos\netcore\libs\template-netcore-entities\Kitpymes.Core.Entities.Tests\bin\Release\net5.0\Kitpymes.Core.Entities.Tests.dll" adapterTypeName="executor://mstestadapter/v2" className="Kitpymes.Core.Entities.ValueObjects.Tests.TenantNameTests" name="OperatorEqual_Passing_Valid_Distinct_Values_Returns_False" />
    </UnitTest>
    <UnitTest name="OperatorEqual_Passing_Valid_Distinct_Values_Returns_False (Españħ)" storage="d:\sferrari\01 - trabajo\repos\netcore\libs\template-netcore-entities\kitpymes.core.entities.tests\bin\release\net5.0\kitpymes.core.entities.tests.dll" id="4d461b4d-9a79-4a36-8492-2a949b2e50a2">
      <Execution id="f6ee1e5b-8cd2-4f9b-9c06-d5ef0fa11ba6" />
      <TestMethod codeBase="D:\SFERRARI\01 - TRABAJO\repos\netcore\libs\template-netcore-entities\Kitpymes.Core.Entities.Tests\bin\Release\net5.0\Kitpymes.Core.Entities.Tests.dll" adapterTypeName="executor://mstestadapter/v2" className="Kitpymes.Core.Entities.ValueObjects.Tests.NameTests" name="OperatorEqual_Passing_Valid_Distinct_Values_Returns_False" />
    </UnitTest>
    <UnitTest name="Equals_Passing_Valid_Distinct_Values_Returns_False (EUR)" storage="d:\sferrari\01 - trabajo\repos\netcore\libs\template-netcore-entities\kitpymes.core.entities.tests\bin\release\net5.0\kitpymes.core.entities.tests.dll" id="ed8e9898-9d7b-4145-8410-067443ce23e6">
      <Execution id="6cc01b5a-5887-4614-9b58-d9c055ebfabf" />
      <TestMethod codeBase="D:\SFERRARI\01 - TRABAJO\repos\netcore\libs\template-netcore-entities\Kitpymes.Core.Entities.Tests\bin\Release\net5.0\Kitpymes.Core.Entities.Tests.dll" adapterTypeName="executor://mstestadapter/v2" className="Kitpymes.Core.Entities.ValueObjects.Tests.CurrencyTests" name="Equals_Passing_Valid_Distinct_Values_Returns_False" />
    </UnitTest>
    <UnitTest name="Create_Passing_Valid_Values_Returns_Subdomain (stage_hackerone.com)" storage="d:\sferrari\01 - trabajo\repos\netcore\libs\template-netcore-entities\kitpymes.core.entities.tests\bin\release\net5.0\kitpymes.core.entities.tests.dll" id="3aeb15d8-4b42-4876-a28c-57469a3fe5b5">
      <Execution id="f4e1c4e5-bca8-428a-aa1b-6a6f167dbc30" />
      <TestMethod codeBase="D:\SFERRARI\01 - TRABAJO\repos\netcore\libs\template-netcore-entities\Kitpymes.Core.Entities.Tests\bin\Release\net5.0\Kitpymes.Core.Entities.Tests.dll" adapterTypeName="executor://mstestadapter/v2" className="Kitpymes.Core.Entities.ValueObjects.Tests.SubdomainTests" name="Create_Passing_Valid_Values_Returns_Subdomain" />
    </UnitTest>
    <UnitTest name="Equals_Passing_Valid_Values_Returns_True (Españħ)" storage="d:\sferrari\01 - trabajo\repos\netcore\libs\template-netcore-entities\kitpymes.core.entities.tests\bin\release\net5.0\kitpymes.core.entities.tests.dll" id="ec5bfb66-9824-4a0b-9e1d-5e4d4b323483">
      <Execution id="60735406-ae0d-467c-9c9a-877eb55da96c" />
      <TestMethod codeBase="D:\SFERRARI\01 - TRABAJO\repos\netcore\libs\template-netcore-entities\Kitpymes.Core.Entities.Tests\bin\Release\net5.0\Kitpymes.Core.Entities.Tests.dll" adapterTypeName="executor://mstestadapter/v2" className="Kitpymes.Core.Entities.ValueObjects.Tests.NameTests" name="Equals_Passing_Valid_Values_Returns_True" />
    </UnitTest>
    <UnitTest name="OperatorEqual_Passing_Valid_Values_Returns_True (Españç)" storage="d:\sferrari\01 - trabajo\repos\netcore\libs\template-netcore-entities\kitpymes.core.entities.tests\bin\release\net5.0\kitpymes.core.entities.tests.dll" id="b8f6ebd6-8c89-45ed-9311-68520606871e">
      <Execution id="b8bd2775-c629-45d2-9fa5-9e1732a59e0d" />
      <TestMethod codeBase="D:\SFERRARI\01 - TRABAJO\repos\netcore\libs\template-netcore-entities\Kitpymes.Core.Entities.Tests\bin\Release\net5.0\Kitpymes.Core.Entities.Tests.dll" adapterTypeName="executor://mstestadapter/v2" className="Kitpymes.Core.Entities.ValueObjects.Tests.NameTests" name="OperatorEqual_Passing_Valid_Values_Returns_True" />
    </UnitTest>
    <UnitTest name="OperatorNotEqual_Passing_Valid_Values_Returns_False (EUR)" storage="d:\sferrari\01 - trabajo\repos\netcore\libs\template-netcore-entities\kitpymes.core.entities.tests\bin\release\net5.0\kitpymes.core.entities.tests.dll" id="56f454ce-1394-4439-8c01-50fa15888de5">
      <Execution id="017ebc97-909c-498c-bb1f-3efd2fac46b4" />
      <TestMethod codeBase="D:\SFERRARI\01 - TRABAJO\repos\netcore\libs\template-netcore-entities\Kitpymes.Core.Entities.Tests\bin\Release\net5.0\Kitpymes.Core.Entities.Tests.dll" adapterTypeName="executor://mstestadapter/v2" className="Kitpymes.Core.Entities.ValueObjects.Tests.CurrencyTests" name="OperatorNotEqual_Passing_Valid_Values_Returns_False" />
    </UnitTest>
    <UnitTest name="OperatorNotEqual_Passing_Valid_Values_Returns_False (TenantA)" storage="d:\sferrari\01 - trabajo\repos\netcore\libs\template-netcore-entities\kitpymes.core.entities.tests\bin\release\net5.0\kitpymes.core.entities.tests.dll" id="51344df2-3242-4672-9fef-3e31224454bc">
      <Execution id="3a0667d6-c3c2-4597-a38b-bf5baf7f3243" />
      <TestMethod codeBase="D:\SFERRARI\01 - TRABAJO\repos\netcore\libs\template-netcore-entities\Kitpymes.Core.Entities.Tests\bin\Release\net5.0\Kitpymes.Core.Entities.Tests.dll" adapterTypeName="executor://mstestadapter/v2" className="Kitpymes.Core.Entities.ValueObjects.Tests.TenantNameTests" name="OperatorNotEqual_Passing_Valid_Values_Returns_False" />
    </UnitTest>
    <UnitTest name="ToString_Passing_Valid_Values_Returns_Name (tenantA)" storage="d:\sferrari\01 - trabajo\repos\netcore\libs\template-netcore-entities\kitpymes.core.entities.tests\bin\release\net5.0\kitpymes.core.entities.tests.dll" id="dc9ccd20-7967-48a1-a88a-d5806626911b">
      <Execution id="04acbc76-87e8-45cf-be86-2c884838ecf7" />
      <TestMethod codeBase="D:\SFERRARI\01 - TRABAJO\repos\netcore\libs\template-netcore-entities\Kitpymes.Core.Entities.Tests\bin\Release\net5.0\Kitpymes.Core.Entities.Tests.dll" adapterTypeName="executor://mstestadapter/v2" className="Kitpymes.Core.Entities.ValueObjects.Tests.TenantNameTests" name="ToString_Passing_Valid_Values_Returns_Name" />
    </UnitTest>
    <UnitTest name="Create_Passing_Valid_Values_Returns_Subdomain (www.hackerone1-com)" storage="d:\sferrari\01 - trabajo\repos\netcore\libs\template-netcore-entities\kitpymes.core.entities.tests\bin\release\net5.0\kitpymes.core.entities.tests.dll" id="d6564106-4b83-44e3-9c46-f5ae62975641">
      <Execution id="abaabd74-7ab0-44c9-91a2-aa8dc6e0cdbb" />
      <TestMethod codeBase="D:\SFERRARI\01 - TRABAJO\repos\netcore\libs\template-netcore-entities\Kitpymes.Core.Entities.Tests\bin\Release\net5.0\Kitpymes.Core.Entities.Tests.dll" adapterTypeName="executor://mstestadapter/v2" className="Kitpymes.Core.Entities.ValueObjects.Tests.SubdomainTests" name="Create_Passing_Valid_Values_Returns_Subdomain" />
    </UnitTest>
    <UnitTest name="Equals_Passing_Valid_Values_Returns_True (Españà)" storage="d:\sferrari\01 - trabajo\repos\netcore\libs\template-netcore-entities\kitpymes.core.entities.tests\bin\release\net5.0\kitpymes.core.entities.tests.dll" id="108a982e-ae8a-43ed-9000-be3667ae6ee8">
      <Execution id="a5b04c46-7b6e-4d0c-ba4f-faa24a6094b4" />
      <TestMethod codeBase="D:\SFERRARI\01 - TRABAJO\repos\netcore\libs\template-netcore-entities\Kitpymes.Core.Entities.Tests\bin\Release\net5.0\Kitpymes.Core.Entities.Tests.dll" adapterTypeName="executor://mstestadapter/v2" className="Kitpymes.Core.Entities.ValueObjects.Tests.NameTests" name="Equals_Passing_Valid_Values_Returns_True" />
    </UnitTest>
    <UnitTest name="OperatorNotEqual_Passing_Valid_Values_Returns_True (España)" storage="d:\sferrari\01 - trabajo\repos\netcore\libs\template-netcore-entities\kitpymes.core.entities.tests\bin\release\net5.0\kitpymes.core.entities.tests.dll" id="dd4f46fc-dd73-4122-9ca5-186245ba89a1">
      <Execution id="526ab14c-8a69-4d56-9610-388ee1c5f8dd" />
      <TestMethod codeBase="D:\SFERRARI\01 - TRABAJO\repos\netcore\libs\template-netcore-entities\Kitpymes.Core.Entities.Tests\bin\Release\net5.0\Kitpymes.Core.Entities.Tests.dll" adapterTypeName="executor://mstestadapter/v2" className="Kitpymes.Core.Entities.ValueObjects.Tests.NameTests" name="OperatorNotEqual_Passing_Valid_Values_Returns_True" />
    </UnitTest>
    <UnitTest name="OperatorEqual_Passing_Valid_Values_Returns_True (TENANT1)" storage="d:\sferrari\01 - trabajo\repos\netcore\libs\template-netcore-entities\kitpymes.core.entities.tests\bin\release\net5.0\kitpymes.core.entities.tests.dll" id="a1a78ee5-4c26-40c7-a1ae-306bdc0ca708">
      <Execution id="9fdc9695-78b0-4e8c-832a-a39d74571f85" />
      <TestMethod codeBase="D:\SFERRARI\01 - TRABAJO\repos\netcore\libs\template-netcore-entities\Kitpymes.Core.Entities.Tests\bin\Release\net5.0\Kitpymes.Core.Entities.Tests.dll" adapterTypeName="executor://mstestadapter/v2" className="Kitpymes.Core.Entities.ValueObjects.Tests.TenantNameTests" name="OperatorEqual_Passing_Valid_Values_Returns_True" />
    </UnitTest>
    <UnitTest name="Create_Passing_InvalidOrNull_Value_Returns_ApplicationException ()" storage="d:\sferrari\01 - trabajo\repos\netcore\libs\template-netcore-entities\kitpymes.core.entities.tests\bin\release\net5.0\kitpymes.core.entities.tests.dll" id="00c32260-3bac-42e7-b0e5-b8f94d81d59a">
      <Execution id="441e9c13-d781-4967-a213-e45d7f1867e1" />
      <TestMethod codeBase="D:\SFERRARI\01 - TRABAJO\repos\netcore\libs\template-netcore-entities\Kitpymes.Core.Entities.Tests\bin\Release\net5.0\Kitpymes.Core.Entities.Tests.dll" adapterTypeName="executor://mstestadapter/v2" className="Kitpymes.Core.Entities.ValueObjects.Tests.NameTests" name="Create_Passing_InvalidOrNull_Value_Returns_ApplicationException" />
    </UnitTest>
    <UnitTest name="ToString_Passing_Valid_Values_Returns_Name (TENANT_1)" storage="d:\sferrari\01 - trabajo\repos\netcore\libs\template-netcore-entities\kitpymes.core.entities.tests\bin\release\net5.0\kitpymes.core.entities.tests.dll" id="94f7c0b4-c8eb-46ce-afde-3a051855b1b0">
      <Execution id="181ad80a-2be2-4721-9ecd-dac8731fbe5d" />
      <TestMethod codeBase="D:\SFERRARI\01 - TRABAJO\repos\netcore\libs\template-netcore-entities\Kitpymes.Core.Entities.Tests\bin\Release\net5.0\Kitpymes.Core.Entities.Tests.dll" adapterTypeName="executor://mstestadapter/v2" className="Kitpymes.Core.Entities.ValueObjects.Tests.TenantNameTests" name="ToString_Passing_Valid_Values_Returns_Name" />
    </UnitTest>
    <UnitTest name="ToString_Passing_Valid_Values_Returns_Name (Españç)" storage="d:\sferrari\01 - trabajo\repos\netcore\libs\template-netcore-entities\kitpymes.core.entities.tests\bin\release\net5.0\kitpymes.core.entities.tests.dll" id="0c8f6ba9-e6e8-486e-8037-f50d11a374ca">
      <Execution id="fd366fec-7baa-4382-b7a2-ecdb6197b26e" />
      <TestMethod codeBase="D:\SFERRARI\01 - TRABAJO\repos\netcore\libs\template-netcore-entities\Kitpymes.Core.Entities.Tests\bin\Release\net5.0\Kitpymes.Core.Entities.Tests.dll" adapterTypeName="executor://mstestadapter/v2" className="Kitpymes.Core.Entities.ValueObjects.Tests.NameTests" name="ToString_Passing_Valid_Values_Returns_Name" />
    </UnitTest>
    <UnitTest name="OperatorEqual_Passing_Valid_Values_Returns_True (Tenerife,23,34567,San Bartoleme De Tirajana,Las Palmas,España)" storage="d:\sferrari\01 - trabajo\repos\netcore\libs\template-netcore-entities\kitpymes.core.entities.tests\bin\release\net5.0\kitpymes.core.entities.tests.dll" id="8e828379-bdf5-4a1d-b879-bd9b301d310f">
      <Execution id="df87c82f-1a1f-43af-a773-d5c38e98acb0" />
      <TestMethod codeBase="D:\SFERRARI\01 - TRABAJO\repos\netcore\libs\template-netcore-entities\Kitpymes.Core.Entities.Tests\bin\Release\net5.0\Kitpymes.Core.Entities.Tests.dll" adapterTypeName="executor://mstestadapter/v2" className="Kitpymes.Core.Entities.ValueObjects.Tests.AddressTests" name="OperatorEqual_Passing_Valid_Values_Returns_True" />
    </UnitTest>
    <UnitTest name="ToString_Passing_Valid_Values_Returns_Name (Tenant_1)" storage="d:\sferrari\01 - trabajo\repos\netcore\libs\template-netcore-entities\kitpymes.core.entities.tests\bin\release\net5.0\kitpymes.core.entities.tests.dll" id="22750bdc-4529-4a1b-acee-dbb45410852d">
      <Execution id="667b6bea-cc3c-4a19-a378-ad2353d738d7" />
      <TestMethod codeBase="D:\SFERRARI\01 - TRABAJO\repos\netcore\libs\template-netcore-entities\Kitpymes.Core.Entities.Tests\bin\Release\net5.0\Kitpymes.Core.Entities.Tests.dll" adapterTypeName="executor://mstestadapter/v2" className="Kitpymes.Core.Entities.ValueObjects.Tests.TenantNameTests" name="ToString_Passing_Valid_Values_Returns_Name" />
    </UnitTest>
    <UnitTest name="ToNormalize_Passing_Valid_Values_Returns_Name_String_Format (Esp añâ,Esp ana)" storage="d:\sferrari\01 - trabajo\repos\netcore\libs\template-netcore-entities\kitpymes.core.entities.tests\bin\release\net5.0\kitpymes.core.entities.tests.dll" id="f131d661-276f-49a3-ac9e-11088c544063">
      <Execution id="adb8befb-fec2-4b29-be51-608d0103613e" />
      <TestMethod codeBase="D:\SFERRARI\01 - TRABAJO\repos\netcore\libs\template-netcore-entities\Kitpymes.Core.Entities.Tests\bin\Release\net5.0\Kitpymes.Core.Entities.Tests.dll" adapterTypeName="executor://mstestadapter/v2" className="Kitpymes.Core.Entities.ValueObjects.Tests.NameTests" name="ToNormalize_Passing_Valid_Values_Returns_Name_String_Format" />
    </UnitTest>
    <UnitTest name="ToString_Passing_Valid_Values_Returns_Address_String_Format (200,EUR,4)" storage="d:\sferrari\01 - trabajo\repos\netcore\libs\template-netcore-entities\kitpymes.core.entities.tests\bin\release\net5.0\kitpymes.core.entities.tests.dll" id="31362e34-401e-4fbc-b267-a760fb0d7715">
      <Execution id="0db4dc27-f888-4f88-b0d7-b466d8058067" />
      <TestMethod codeBase="D:\SFERRARI\01 - TRABAJO\repos\netcore\libs\template-netcore-entities\Kitpymes.Core.Entities.Tests\bin\Release\net5.0\Kitpymes.Core.Entities.Tests.dll" adapterTypeName="executor://mstestadapter/v2" className="Kitpymes.Core.Entities.ValueObjects.Tests.MoneyTests" name="ToString_Passing_Valid_Values_Returns_Address_String_Format" />
    </UnitTest>
    <UnitTest name="IsNull_Passing_Valid_Value_Returns_False (Españà)" storage="d:\sferrari\01 - trabajo\repos\netcore\libs\template-netcore-entities\kitpymes.core.entities.tests\bin\release\net5.0\kitpymes.core.entities.tests.dll" id="f0554222-a3d7-45c7-b477-c5316fa0c09d">
      <Execution id="1f5b31dd-a3cf-4dc8-8914-c9f0bd8a0cdc" />
      <TestMethod codeBase="D:\SFERRARI\01 - TRABAJO\repos\netcore\libs\template-netcore-entities\Kitpymes.Core.Entities.Tests\bin\Release\net5.0\Kitpymes.Core.Entities.Tests.dll" adapterTypeName="executor://mstestadapter/v2" className="Kitpymes.Core.Entities.ValueObjects.Tests.NameTests" name="IsNull_Passing_Valid_Value_Returns_False" />
    </UnitTest>
    <UnitTest name="ToEnum_Passing_Invalid_Int_Name_Enumeracion_Returns_Null" storage="d:\sferrari\01 - trabajo\repos\netcore\libs\template-netcore-entities\kitpymes.core.entities.tests\bin\release\net5.0\kitpymes.core.entities.tests.dll" id="9f8c5d75-6312-4d59-a041-817e8a46820b">
      <Execution id="c6d20a00-13e1-45d0-8712-99438cc2543c" />
      <TestMethod codeBase="D:\SFERRARI\01 - TRABAJO\repos\netcore\libs\template-netcore-entities\Kitpymes.Core.Entities.Tests\bin\Release\net5.0\Kitpymes.Core.Entities.Tests.dll" adapterTypeName="executor://mstestadapter/v2" className="Kitpymes.Core.Entities.Enumerations.Tests.CardTypeEnumTests" name="ToEnum_Passing_Invalid_Int_Name_Enumeracion_Returns_Null" />
    </UnitTest>
    <UnitTest name="OperatorNotEqual_Passing_Valid_Values_Returns_False (TENANT_A)" storage="d:\sferrari\01 - trabajo\repos\netcore\libs\template-netcore-entities\kitpymes.core.entities.tests\bin\release\net5.0\kitpymes.core.entities.tests.dll" id="a3cfbd5b-eb40-4eda-9051-ce5a8e665cde">
      <Execution id="5d32f3f6-f3b5-4b80-a8b3-cc8dd3e3813d" />
      <TestMethod codeBase="D:\SFERRARI\01 - TRABAJO\repos\netcore\libs\template-netcore-entities\Kitpymes.Core.Entities.Tests\bin\Release\net5.0\Kitpymes.Core.Entities.Tests.dll" adapterTypeName="executor://mstestadapter/v2" className="Kitpymes.Core.Entities.ValueObjects.Tests.TenantNameTests" name="OperatorNotEqual_Passing_Valid_Values_Returns_False" />
    </UnitTest>
    <UnitTest name="Create_Passing_InvalidOrNull_Value_Returns_ApplicationException (Tenerife,-10,DF7956,Sabadell,Barcelona,España)" storage="d:\sferrari\01 - trabajo\repos\netcore\libs\template-netcore-entities\kitpymes.core.entities.tests\bin\release\net5.0\kitpymes.core.entities.tests.dll" id="b02db67d-1ef1-459b-b343-252d572cc322">
      <Execution id="b285a4bf-54c4-4106-a3c6-8ee8d38310ed" />
      <TestMethod codeBase="D:\SFERRARI\01 - TRABAJO\repos\netcore\libs\template-netcore-entities\Kitpymes.Core.Entities.Tests\bin\Release\net5.0\Kitpymes.Core.Entities.Tests.dll" adapterTypeName="executor://mstestadapter/v2" className="Kitpymes.Core.Entities.ValueObjects.Tests.AddressTests" name="Create_Passing_InvalidOrNull_Value_Returns_ApplicationException" />
    </UnitTest>
    <UnitTest name="ToEnum_Passing_Valid_Bool_Value_Returns_Enumeracion" storage="d:\sferrari\01 - trabajo\repos\netcore\libs\template-netcore-entities\kitpymes.core.entities.tests\bin\release\net5.0\kitpymes.core.entities.tests.dll" id="0e56a061-357b-462d-981d-4031b5f9f0d1">
      <Execution id="6d25acf7-d72e-4ce1-97f0-2e7f3d29ceb0" />
      <TestMethod codeBase="D:\SFERRARI\01 - TRABAJO\repos\netcore\libs\template-netcore-entities\Kitpymes.Core.Entities.Tests\bin\Release\net5.0\Kitpymes.Core.Entities.Tests.dll" adapterTypeName="executor://mstestadapter/v2" className="Kitpymes.Core.Entities.Enumerations.Tests.StatusEnumTests" name="ToEnum_Passing_Valid_Bool_Value_Returns_Enumeracion" />
    </UnitTest>
    <UnitTest name="OperatorNotEqual_Passing_Valid_Values_Returns_False (Españç)" storage="d:\sferrari\01 - trabajo\repos\netcore\libs\template-netcore-entities\kitpymes.core.entities.tests\bin\release\net5.0\kitpymes.core.entities.tests.dll" id="f78e9c62-690c-4277-b1f5-3d1c73a606a7">
      <Execution id="2b3c7c60-48ff-476e-9401-a4392ac08aad" />
      <TestMethod codeBase="D:\SFERRARI\01 - TRABAJO\repos\netcore\libs\template-netcore-entities\Kitpymes.Core.Entities.Tests\bin\Release\net5.0\Kitpymes.Core.Entities.Tests.dll" adapterTypeName="executor://mstestadapter/v2" className="Kitpymes.Core.Entities.ValueObjects.Tests.NameTests" name="OperatorNotEqual_Passing_Valid_Values_Returns_False" />
    </UnitTest>
    <UnitTest name="Create_Passing_Valid_Value_Returns_Email (dasdasd@dsasd.ff)" storage="d:\sferrari\01 - trabajo\repos\netcore\libs\template-netcore-entities\kitpymes.core.entities.tests\bin\release\net5.0\kitpymes.core.entities.tests.dll" id="63a036f0-05c6-4eb8-a373-4628756ea0f6">
      <Execution id="0eb2aff4-29c7-4f0e-9e7a-223c343d57e7" />
      <TestMethod codeBase="D:\SFERRARI\01 - TRABAJO\repos\netcore\libs\template-netcore-entities\Kitpymes.Core.Entities.Tests\bin\Release\net5.0\Kitpymes.Core.Entities.Tests.dll" adapterTypeName="executor://mstestadapter/v2" className="Kitpymes.Core.Entities.ValueObjects.Tests.EmailTests" name="Create_Passing_Valid_Value_Returns_Email" />
    </UnitTest>
    <UnitTest name="OperatorNotEqual_Passing_Valid_Values_Returns_False (España)" storage="d:\sferrari\01 - trabajo\repos\netcore\libs\template-netcore-entities\kitpymes.core.entities.tests\bin\release\net5.0\kitpymes.core.entities.tests.dll" id="193c6680-35f1-4d27-984a-601ba8c55a6e">
      <Execution id="041bd21d-527d-4679-a955-d296893e64ee" />
      <TestMethod codeBase="D:\SFERRARI\01 - TRABAJO\repos\netcore\libs\template-netcore-entities\Kitpymes.Core.Entities.Tests\bin\Release\net5.0\Kitpymes.Core.Entities.Tests.dll" adapterTypeName="executor://mstestadapter/v2" className="Kitpymes.Core.Entities.ValueObjects.Tests.NameTests" name="OperatorNotEqual_Passing_Valid_Values_Returns_False" />
    </UnitTest>
    <UnitTest name="OperatorNotEqual_Passing_Valid_Values_Returns_False (Tenant1)" storage="d:\sferrari\01 - trabajo\repos\netcore\libs\template-netcore-entities\kitpymes.core.entities.tests\bin\release\net5.0\kitpymes.core.entities.tests.dll" id="9f9ffb52-37f7-4a8d-a0cb-970ee663d3a3">
      <Execution id="0c0ef3dd-5088-4738-90ec-d450b1168ec8" />
      <TestMethod codeBase="D:\SFERRARI\01 - TRABAJO\repos\netcore\libs\template-netcore-entities\Kitpymes.Core.Entities.Tests\bin\Release\net5.0\Kitpymes.Core.Entities.Tests.dll" adapterTypeName="executor://mstestadapter/v2" className="Kitpymes.Core.Entities.ValueObjects.Tests.TenantNameTests" name="OperatorNotEqual_Passing_Valid_Values_Returns_False" />
    </UnitTest>
    <UnitTest name="OperatorNotEqual_Passing_Valid_Values_Returns_True (200,EUR,4)" storage="d:\sferrari\01 - trabajo\repos\netcore\libs\template-netcore-entities\kitpymes.core.entities.tests\bin\release\net5.0\kitpymes.core.entities.tests.dll" id="757a1528-25ed-47a1-98ea-7758a11fc436">
      <Execution id="db2848be-84bd-42cf-b9f6-b4b74ec1e260" />
      <TestMethod codeBase="D:\SFERRARI\01 - TRABAJO\repos\netcore\libs\template-netcore-entities\Kitpymes.Core.Entities.Tests\bin\Release\net5.0\Kitpymes.Core.Entities.Tests.dll" adapterTypeName="executor://mstestadapter/v2" className="Kitpymes.Core.Entities.ValueObjects.Tests.MoneyTests" name="OperatorNotEqual_Passing_Valid_Values_Returns_True" />
    </UnitTest>
    <UnitTest name="ToEnum_Passing_Null_Bool_Value_Returns_Inactive_Status" storage="d:\sferrari\01 - trabajo\repos\netcore\libs\template-netcore-entities\kitpymes.core.entities.tests\bin\release\net5.0\kitpymes.core.entities.tests.dll" id="a80b00ef-a4a7-4719-96e0-fb1b22341b40">
      <Execution id="db01e564-9fd0-4d20-a0b5-ef0f8a4736e1" />
      <TestMethod codeBase="D:\SFERRARI\01 - TRABAJO\repos\netcore\libs\template-netcore-entities\Kitpymes.Core.Entities.Tests\bin\Release\net5.0\Kitpymes.Core.Entities.Tests.dll" adapterTypeName="executor://mstestadapter/v2" className="Kitpymes.Core.Entities.Enumerations.Tests.StatusEnumTests" name="ToEnum_Passing_Null_Bool_Value_Returns_Inactive_Status" />
    </UnitTest>
    <UnitTest name="IsNull_Passing_Null_Value_Returns_True" storage="d:\sferrari\01 - trabajo\repos\netcore\libs\template-netcore-entities\kitpymes.core.entities.tests\bin\release\net5.0\kitpymes.core.entities.tests.dll" id="b9c3f948-7f55-48dc-a61c-da5af456eaaf">
      <Execution id="3c8577be-5515-406d-b892-a84ab1f4e8d7" />
      <TestMethod codeBase="D:\SFERRARI\01 - TRABAJO\repos\netcore\libs\template-netcore-entities\Kitpymes.Core.Entities.Tests\bin\Release\net5.0\Kitpymes.Core.Entities.Tests.dll" adapterTypeName="executor://mstestadapter/v2" className="Kitpymes.Core.Entities.ValueObjects.Tests.NameTests" name="IsNull_Passing_Null_Value_Returns_True" />
    </UnitTest>
    <UnitTest name="OperatorEqual_Passing_Valid_Values_Returns_True (tenant_1)" storage="d:\sferrari\01 - trabajo\repos\netcore\libs\template-netcore-entities\kitpymes.core.entities.tests\bin\release\net5.0\kitpymes.core.entities.tests.dll" id="e031eb07-63ec-4258-abbb-93aadc2d2a79">
      <Execution id="45f0e12f-872c-46a8-8774-8c7d10398f2a" />
      <TestMethod codeBase="D:\SFERRARI\01 - TRABAJO\repos\netcore\libs\template-netcore-entities\Kitpymes.Core.Entities.Tests\bin\Release\net5.0\Kitpymes.Core.Entities.Tests.dll" adapterTypeName="executor://mstestadapter/v2" className="Kitpymes.Core.Entities.ValueObjects.Tests.TenantNameTests" name="OperatorEqual_Passing_Valid_Values_Returns_True" />
    </UnitTest>
    <UnitTest name="Equals_Passing_Valid_Distinct_Values_Returns_False (San Bartoleme De Tirajana,Las Palmas,España)" storage="d:\sferrari\01 - trabajo\repos\netcore\libs\template-netcore-entities\kitpymes.core.entities.tests\bin\release\net5.0\kitpymes.core.entities.tests.dll" id="c57cdda6-64f7-428f-b22f-99e40e2fc016">
      <Execution id="d5d05191-1443-4344-a9c7-a8f5789957f1" />
      <TestMethod codeBase="D:\SFERRARI\01 - TRABAJO\repos\netcore\libs\template-netcore-entities\Kitpymes.Core.Entities.Tests\bin\Release\net5.0\Kitpymes.Core.Entities.Tests.dll" adapterTypeName="executor://mstestadapter/v2" className="Kitpymes.Core.Entities.ValueObjects.Tests.FullNameTests" name="Equals_Passing_Valid_Distinct_Values_Returns_False" />
    </UnitTest>
    <UnitTest name="IsNull_Passing_Null_Value_Returns_True" storage="d:\sferrari\01 - trabajo\repos\netcore\libs\template-netcore-entities\kitpymes.core.entities.tests\bin\release\net5.0\kitpymes.core.entities.tests.dll" id="a69587f5-7221-4d4d-b6f7-efdbe292ca5c">
      <Execution id="f761a4c6-0f96-4a9b-9b1f-a0de72ef88e6" />
      <TestMethod codeBase="D:\SFERRARI\01 - TRABAJO\repos\netcore\libs\template-netcore-entities\Kitpymes.Core.Entities.Tests\bin\Release\net5.0\Kitpymes.Core.Entities.Tests.dll" adapterTypeName="executor://mstestadapter/v2" className="Kitpymes.Core.Entities.ValueObjects.Tests.FullNameTests" name="IsNull_Passing_Null_Value_Returns_True" />
    </UnitTest>
    <UnitTest name="Create_Passing_Valid_Values_Returns_Name (tenant_1)" storage="d:\sferrari\01 - trabajo\repos\netcore\libs\template-netcore-entities\kitpymes.core.entities.tests\bin\release\net5.0\kitpymes.core.entities.tests.dll" id="1258e4e2-b828-46d4-9a2c-731dc3eac682">
      <Execution id="63e829da-4905-47ac-b4a4-1724489d4a82" />
      <TestMethod codeBase="D:\SFERRARI\01 - TRABAJO\repos\netcore\libs\template-netcore-entities\Kitpymes.Core.Entities.Tests\bin\Release\net5.0\Kitpymes.Core.Entities.Tests.dll" adapterTypeName="executor://mstestadapter/v2" className="Kitpymes.Core.Entities.ValueObjects.Tests.TenantNameTests" name="Create_Passing_Valid_Values_Returns_Name" />
    </UnitTest>
    <UnitTest name="IsNull_Passing_Valid_Value_Returns_False (Esp añâ)" storage="d:\sferrari\01 - trabajo\repos\netcore\libs\template-netcore-entities\kitpymes.core.entities.tests\bin\release\net5.0\kitpymes.core.entities.tests.dll" id="d5e8cc3f-7697-4180-8a62-577e4b3f567e">
      <Execution id="f97a240f-fb28-457a-8b31-e0c084443df9" />
      <TestMethod codeBase="D:\SFERRARI\01 - TRABAJO\repos\netcore\libs\template-netcore-entities\Kitpymes.Core.Entities.Tests\bin\Release\net5.0\Kitpymes.Core.Entities.Tests.dll" adapterTypeName="executor://mstestadapter/v2" className="Kitpymes.Core.Entities.ValueObjects.Tests.NameTests" name="IsNull_Passing_Valid_Value_Returns_False" />
    </UnitTest>
    <UnitTest name="Equals_Passing_Valid_Distinct_Values_Returns_False (TENANT_A)" storage="d:\sferrari\01 - trabajo\repos\netcore\libs\template-netcore-entities\kitpymes.core.entities.tests\bin\release\net5.0\kitpymes.core.entities.tests.dll" id="8babc5e7-0dda-40b9-941c-86e0026597fb">
      <Execution id="a3c3d8d8-801b-4857-8b2e-c5b2d8e022dd" />
      <TestMethod codeBase="D:\SFERRARI\01 - TRABAJO\repos\netcore\libs\template-netcore-entities\Kitpymes.Core.Entities.Tests\bin\Release\net5.0\Kitpymes.Core.Entities.Tests.dll" adapterTypeName="executor://mstestadapter/v2" className="Kitpymes.Core.Entities.ValueObjects.Tests.TenantNameTests" name="Equals_Passing_Valid_Distinct_Values_Returns_False" />
    </UnitTest>
    <UnitTest name="Equals_Passing_Valid_Distinct_Values_Returns_False (stage_hackerone.com)" storage="d:\sferrari\01 - trabajo\repos\netcore\libs\template-netcore-entities\kitpymes.core.entities.tests\bin\release\net5.0\kitpymes.core.entities.tests.dll" id="9569cc4b-cab2-4c50-8221-ba64f43b5b0c">
      <Execution id="8860ca9d-9231-4263-9e8f-ad3678266660" />
      <TestMethod codeBase="D:\SFERRARI\01 - TRABAJO\repos\netcore\libs\template-netcore-entities\Kitpymes.Core.Entities.Tests\bin\Release\net5.0\Kitpymes.Core.Entities.Tests.dll" adapterTypeName="executor://mstestadapter/v2" className="Kitpymes.Core.Entities.ValueObjects.Tests.SubdomainTests" name="Equals_Passing_Valid_Distinct_Values_Returns_False" />
    </UnitTest>
    <UnitTest name="ToString_Passing_Valid_Values_Returns_Name (tenant_1)" storage="d:\sferrari\01 - trabajo\repos\netcore\libs\template-netcore-entities\kitpymes.core.entities.tests\bin\release\net5.0\kitpymes.core.entities.tests.dll" id="7cbb96b5-2de5-43bf-9ae9-30ac140d38ff">
      <Execution id="1b9c8eed-2be1-4571-bd20-818ae24ad1cc" />
      <TestMethod codeBase="D:\SFERRARI\01 - TRABAJO\repos\netcore\libs\template-netcore-entities\Kitpymes.Core.Entities.Tests\bin\Release\net5.0\Kitpymes.Core.Entities.Tests.dll" adapterTypeName="executor://mstestadapter/v2" className="Kitpymes.Core.Entities.ValueObjects.Tests.TenantNameTests" name="ToString_Passing_Valid_Values_Returns_Name" />
    </UnitTest>
    <UnitTest name="Equals_Passing_Valid_Values_Returns_True (Españâ)" storage="d:\sferrari\01 - trabajo\repos\netcore\libs\template-netcore-entities\kitpymes.core.entities.tests\bin\release\net5.0\kitpymes.core.entities.tests.dll" id="6591533c-db79-4d13-bf41-79361561c481">
      <Execution id="fc71fdfd-4fde-43b5-b1db-0448f3047604" />
      <TestMethod codeBase="D:\SFERRARI\01 - TRABAJO\repos\netcore\libs\template-netcore-entities\Kitpymes.Core.Entities.Tests\bin\Release\net5.0\Kitpymes.Core.Entities.Tests.dll" adapterTypeName="executor://mstestadapter/v2" className="Kitpymes.Core.Entities.ValueObjects.Tests.NameTests" name="Equals_Passing_Valid_Values_Returns_True" />
    </UnitTest>
    <UnitTest name="OperatorEqual_Passing_Valid_Values_Returns_True (34fsds@sdd.fgg)" storage="d:\sferrari\01 - trabajo\repos\netcore\libs\template-netcore-entities\kitpymes.core.entities.tests\bin\release\net5.0\kitpymes.core.entities.tests.dll" id="d84e03f9-cd91-4644-8526-96b7a3c820d8">
      <Execution id="3c140a5b-2377-4a82-a820-d6a20998502f" />
      <TestMethod codeBase="D:\SFERRARI\01 - TRABAJO\repos\netcore\libs\template-netcore-entities\Kitpymes.Core.Entities.Tests\bin\Release\net5.0\Kitpymes.Core.Entities.Tests.dll" adapterTypeName="executor://mstestadapter/v2" className="Kitpymes.Core.Entities.ValueObjects.Tests.EmailTests" name="OperatorEqual_Passing_Valid_Values_Returns_True" />
    </UnitTest>
    <UnitTest name="OperatorEqual_Passing_Valid_Values_Returns_True (San Bartoleme De Tirajana)" storage="d:\sferrari\01 - trabajo\repos\netcore\libs\template-netcore-entities\kitpymes.core.entities.tests\bin\release\net5.0\kitpymes.core.entities.tests.dll" id="290758c5-e585-4a76-8b6e-b56ae0964d6d">
      <Execution id="8275ecc8-80e9-47f5-acfa-a0d3a513a30d" />
      <TestMethod codeBase="D:\SFERRARI\01 - TRABAJO\repos\netcore\libs\template-netcore-entities\Kitpymes.Core.Entities.Tests\bin\Release\net5.0\Kitpymes.Core.Entities.Tests.dll" adapterTypeName="executor://mstestadapter/v2" className="Kitpymes.Core.Entities.ValueObjects.Tests.StringIdTests" name="OperatorEqual_Passing_Valid_Values_Returns_True" />
    </UnitTest>
    <UnitTest name="Equals_Passing_Valid_Values_Returns_True (200,EUR,4)" storage="d:\sferrari\01 - trabajo\repos\netcore\libs\template-netcore-entities\kitpymes.core.entities.tests\bin\release\net5.0\kitpymes.core.entities.tests.dll" id="98f397b1-0904-41a5-a8a6-a39a406b50f9">
      <Execution id="01a26de4-d76a-4a62-9a83-fd9f6de74873" />
      <TestMethod codeBase="D:\SFERRARI\01 - TRABAJO\repos\netcore\libs\template-netcore-entities\Kitpymes.Core.Entities.Tests\bin\Release\net5.0\Kitpymes.Core.Entities.Tests.dll" adapterTypeName="executor://mstestadapter/v2" className="Kitpymes.Core.Entities.ValueObjects.Tests.MoneyTests" name="Equals_Passing_Valid_Values_Returns_True" />
    </UnitTest>
    <UnitTest name="OperatorEqual_Passing_Valid_Distinct_Values_Returns_False (Tenant1)" storage="d:\sferrari\01 - trabajo\repos\netcore\libs\template-netcore-entities\kitpymes.core.entities.tests\bin\release\net5.0\kitpymes.core.entities.tests.dll" id="3a59fa86-da0b-43ea-9130-37c7a149d0d7">
      <Execution id="c9c6e081-7c28-4ae8-b619-015077e6a26e" />
      <TestMethod codeBase="D:\SFERRARI\01 - TRABAJO\repos\netcore\libs\template-netcore-entities\Kitpymes.Core.Entities.Tests\bin\Release\net5.0\Kitpymes.Core.Entities.Tests.dll" adapterTypeName="executor://mstestadapter/v2" className="Kitpymes.Core.Entities.ValueObjects.Tests.TenantNameTests" name="OperatorEqual_Passing_Valid_Distinct_Values_Returns_False" />
    </UnitTest>
    <UnitTest name="OperatorEqual_Passing_Valid_Values_Returns_True (app.hackerone1.com)" storage="d:\sferrari\01 - trabajo\repos\netcore\libs\template-netcore-entities\kitpymes.core.entities.tests\bin\release\net5.0\kitpymes.core.entities.tests.dll" id="a3c2c13e-9740-4db4-b1bd-94e338b04b81">
      <Execution id="f0dca9ec-005d-44d4-812d-8db3f76852c9" />
      <TestMethod codeBase="D:\SFERRARI\01 - TRABAJO\repos\netcore\libs\template-netcore-entities\Kitpymes.Core.Entities.Tests\bin\Release\net5.0\Kitpymes.Core.Entities.Tests.dll" adapterTypeName="executor://mstestadapter/v2" className="Kitpymes.Core.Entities.ValueObjects.Tests.SubdomainTests" name="OperatorEqual_Passing_Valid_Values_Returns_True" />
    </UnitTest>
    <UnitTest name="ToString_Passing_Valid_Values_Returns_Name (TenantA)" storage="d:\sferrari\01 - trabajo\repos\netcore\libs\template-netcore-entities\kitpymes.core.entities.tests\bin\release\net5.0\kitpymes.core.entities.tests.dll" id="6edfbb48-6e0c-4427-b130-8335423d38fc">
      <Execution id="3ea27b7f-113f-4add-9190-c7cf3973a0d3" />
      <TestMethod codeBase="D:\SFERRARI\01 - TRABAJO\repos\netcore\libs\template-netcore-entities\Kitpymes.Core.Entities.Tests\bin\Release\net5.0\Kitpymes.Core.Entities.Tests.dll" adapterTypeName="executor://mstestadapter/v2" className="Kitpymes.Core.Entities.ValueObjects.Tests.TenantNameTests" name="ToString_Passing_Valid_Values_Returns_Name" />
    </UnitTest>
    <UnitTest name="OperatorEqual_Passing_Valid_Values_Returns_True (200,EUR,4)" storage="d:\sferrari\01 - trabajo\repos\netcore\libs\template-netcore-entities\kitpymes.core.entities.tests\bin\release\net5.0\kitpymes.core.entities.tests.dll" id="3f14bfd2-f2df-40a5-9b53-11ba5991608e">
      <Execution id="627d39d2-2053-4498-879d-09439ee360ea" />
      <TestMethod codeBase="D:\SFERRARI\01 - TRABAJO\repos\netcore\libs\template-netcore-entities\Kitpymes.Core.Entities.Tests\bin\Release\net5.0\Kitpymes.Core.Entities.Tests.dll" adapterTypeName="executor://mstestadapter/v2" className="Kitpymes.Core.Entities.ValueObjects.Tests.MoneyTests" name="OperatorEqual_Passing_Valid_Values_Returns_True" />
    </UnitTest>
    <UnitTest name="OperatorNotEqual_Passing_Valid_Values_Returns_True (Tenerife,23,34567,San Bartoleme De Tirajana,Las Palmas,España)" storage="d:\sferrari\01 - trabajo\repos\netcore\libs\template-netcore-entities\kitpymes.core.entities.tests\bin\release\net5.0\kitpymes.core.entities.tests.dll" id="5f71527a-227b-456c-b5c1-c02cb2038a57">
      <Execution id="e659b654-2d1e-46ff-bcc0-fe4e3c89181e" />
      <TestMethod codeBase="D:\SFERRARI\01 - TRABAJO\repos\netcore\libs\template-netcore-entities\Kitpymes.Core.Entities.Tests\bin\Release\net5.0\Kitpymes.Core.Entities.Tests.dll" adapterTypeName="executor://mstestadapter/v2" className="Kitpymes.Core.Entities.ValueObjects.Tests.AddressTests" name="OperatorNotEqual_Passing_Valid_Values_Returns_True" />
    </UnitTest>
    <UnitTest name="Equals_Passing_Valid_Values_Returns_True (Sabadell,Barcelona,España)" storage="d:\sferrari\01 - trabajo\repos\netcore\libs\template-netcore-entities\kitpymes.core.entities.tests\bin\release\net5.0\kitpymes.core.entities.tests.dll" id="ce008dc6-8640-406e-bb6d-6237e497333b">
      <Execution id="49f57299-d659-403f-9179-6af92874886d" />
      <TestMethod codeBase="D:\SFERRARI\01 - TRABAJO\repos\netcore\libs\template-netcore-entities\Kitpymes.Core.Entities.Tests\bin\Release\net5.0\Kitpymes.Core.Entities.Tests.dll" adapterTypeName="executor://mstestadapter/v2" className="Kitpymes.Core.Entities.ValueObjects.Tests.FullNameTests" name="Equals_Passing_Valid_Values_Returns_True" />
    </UnitTest>
    <UnitTest name="OperatorNotEqual_Passing_Valid_Values_Returns_False (app.hackerone1.com)" storage="d:\sferrari\01 - trabajo\repos\netcore\libs\template-netcore-entities\kitpymes.core.entities.tests\bin\release\net5.0\kitpymes.core.entities.tests.dll" id="1ca69e95-b2a6-4910-857d-608a8ebf186e">
      <Execution id="921d837d-fbc3-48a8-8d61-b9b9568f1d24" />
      <TestMethod codeBase="D:\SFERRARI\01 - TRABAJO\repos\netcore\libs\template-netcore-entities\Kitpymes.Core.Entities.Tests\bin\Release\net5.0\Kitpymes.Core.Entities.Tests.dll" adapterTypeName="executor://mstestadapter/v2" className="Kitpymes.Core.Entities.ValueObjects.Tests.SubdomainTests" name="OperatorNotEqual_Passing_Valid_Values_Returns_False" />
    </UnitTest>
    <UnitTest name="ToString_Passing_Valid_Values_Returns_Subdomain (app.hackerone1.com)" storage="d:\sferrari\01 - trabajo\repos\netcore\libs\template-netcore-entities\kitpymes.core.entities.tests\bin\release\net5.0\kitpymes.core.entities.tests.dll" id="1f876fa1-bba9-4c91-8156-854841f9362a">
      <Execution id="0f6a1b7f-dc35-44bd-8914-1180258d9f14" />
      <TestMethod codeBase="D:\SFERRARI\01 - TRABAJO\repos\netcore\libs\template-netcore-entities\Kitpymes.Core.Entities.Tests\bin\Release\net5.0\Kitpymes.Core.Entities.Tests.dll" adapterTypeName="executor://mstestadapter/v2" className="Kitpymes.Core.Entities.ValueObjects.Tests.SubdomainTests" name="ToString_Passing_Valid_Values_Returns_Subdomain" />
    </UnitTest>
    <UnitTest name="ToEnum_Passing_Invalid_Int_Name_Enumeracion_Returns_Null" storage="d:\sferrari\01 - trabajo\repos\netcore\libs\template-netcore-entities\kitpymes.core.entities.tests\bin\release\net5.0\kitpymes.core.entities.tests.dll" id="c70d2a45-073c-4015-bc95-4d3b78dd62d3">
      <Execution id="79ddd20a-110c-4271-bb65-aee502358acc" />
      <TestMethod codeBase="D:\SFERRARI\01 - TRABAJO\repos\netcore\libs\template-netcore-entities\Kitpymes.Core.Entities.Tests\bin\Release\net5.0\Kitpymes.Core.Entities.Tests.dll" adapterTypeName="executor://mstestadapter/v2" className="Kitpymes.Core.Entities.Enumerations.Tests.LogTypeEnumTests" name="ToEnum_Passing_Invalid_Int_Name_Enumeracion_Returns_Null" />
    </UnitTest>
    <UnitTest name="IsNull_Passing_Valid_Value_Returns_False (Espania)" storage="d:\sferrari\01 - trabajo\repos\netcore\libs\template-netcore-entities\kitpymes.core.entities.tests\bin\release\net5.0\kitpymes.core.entities.tests.dll" id="88e59bb7-9296-427b-b767-057d0e29a3a8">
      <Execution id="b04ebd6a-d54c-4fb6-a3a5-9982de35fc5f" />
      <TestMethod codeBase="D:\SFERRARI\01 - TRABAJO\repos\netcore\libs\template-netcore-entities\Kitpymes.Core.Entities.Tests\bin\Release\net5.0\Kitpymes.Core.Entities.Tests.dll" adapterTypeName="executor://mstestadapter/v2" className="Kitpymes.Core.Entities.ValueObjects.Tests.StringIdTests" name="IsNull_Passing_Valid_Value_Returns_False" />
    </UnitTest>
    <UnitTest name="IsSilver_Passing_Nothing_Returns_True" storage="d:\sferrari\01 - trabajo\repos\netcore\libs\template-netcore-entities\kitpymes.core.entities.tests\bin\release\net5.0\kitpymes.core.entities.tests.dll" id="d2bba93a-19b7-42da-9b7a-39f177b75cfa">
      <Execution id="b4cc310c-49fe-41ab-886f-0287ba528ea5" />
      <TestMethod codeBase="D:\SFERRARI\01 - TRABAJO\repos\netcore\libs\template-netcore-entities\Kitpymes.Core.Entities.Tests\bin\Release\net5.0\Kitpymes.Core.Entities.Tests.dll" adapterTypeName="executor://mstestadapter/v2" className="Kitpymes.Core.Entities.Enumerations.Tests.SubscriptionEnumTests" name="IsSilver_Passing_Nothing_Returns_True" />
    </UnitTest>
    <UnitTest name="Equals_Passing_Valid_Distinct_Values_Returns_False (456,43543543543)" storage="d:\sferrari\01 - trabajo\repos\netcore\libs\template-netcore-entities\kitpymes.core.entities.tests\bin\release\net5.0\kitpymes.core.entities.tests.dll" id="af57bd3b-828e-4aff-94c7-0b0c4499e11a">
      <Execution id="544d5b43-0438-4d1c-a90e-8cb852f9942b" />
      <TestMethod codeBase="D:\SFERRARI\01 - TRABAJO\repos\netcore\libs\template-netcore-entities\Kitpymes.Core.Entities.Tests\bin\Release\net5.0\Kitpymes.Core.Entities.Tests.dll" adapterTypeName="executor://mstestadapter/v2" className="Kitpymes.Core.Entities.ValueObjects.Tests.TelephoneTests" name="Equals_Passing_Valid_Distinct_Values_Returns_False" />
    </UnitTest>
    <UnitTest name="Equals_Passing_Valid_Values_Returns_True (www.hackerone-com)" storage="d:\sferrari\01 - trabajo\repos\netcore\libs\template-netcore-entities\kitpymes.core.entities.tests\bin\release\net5.0\kitpymes.core.entities.tests.dll" id="5c1c1313-5a54-434b-8d2a-328cdf225d0c">
      <Execution id="57407e85-54bc-4ae6-967c-88b386795264" />
      <TestMethod codeBase="D:\SFERRARI\01 - TRABAJO\repos\netcore\libs\template-netcore-entities\Kitpymes.Core.Entities.Tests\bin\Release\net5.0\Kitpymes.Core.Entities.Tests.dll" adapterTypeName="executor://mstestadapter/v2" className="Kitpymes.Core.Entities.ValueObjects.Tests.SubdomainTests" name="Equals_Passing_Valid_Values_Returns_True" />
    </UnitTest>
    <UnitTest name="Change_Passing_Valid_Values_Returns_Address (200,EUR,4)" storage="d:\sferrari\01 - trabajo\repos\netcore\libs\template-netcore-entities\kitpymes.core.entities.tests\bin\release\net5.0\kitpymes.core.entities.tests.dll" id="89181340-d212-4bcd-906b-ec383e032702">
      <Execution id="c2b15c8e-5e33-4614-90a7-52fc5bbff7d9" />
      <TestMethod codeBase="D:\SFERRARI\01 - TRABAJO\repos\netcore\libs\template-netcore-entities\Kitpymes.Core.Entities.Tests\bin\Release\net5.0\Kitpymes.Core.Entities.Tests.dll" adapterTypeName="executor://mstestadapter/v2" className="Kitpymes.Core.Entities.ValueObjects.Tests.MoneyTests" name="Change_Passing_Valid_Values_Returns_Address" />
    </UnitTest>
    <UnitTest name="OperatorNotEqual_Passing_Valid_Values_Returns_False (TENANT1)" storage="d:\sferrari\01 - trabajo\repos\netcore\libs\template-netcore-entities\kitpymes.core.entities.tests\bin\release\net5.0\kitpymes.core.entities.tests.dll" id="fce3f547-79c0-4bf4-9ff0-b78189242e4f">
      <Execution id="4071e08d-7560-4ee0-9cf5-02eeb5b7b350" />
      <TestMethod codeBase="D:\SFERRARI\01 - TRABAJO\repos\netcore\libs\template-netcore-entities\Kitpymes.Core.Entities.Tests\bin\Release\net5.0\Kitpymes.Core.Entities.Tests.dll" adapterTypeName="executor://mstestadapter/v2" className="Kitpymes.Core.Entities.ValueObjects.Tests.TenantNameTests" name="OperatorNotEqual_Passing_Valid_Values_Returns_False" />
    </UnitTest>
    <UnitTest name="OperatorNotEqual_Passing_Valid_Values_Returns_False (Pader,789,DF7956,Sabadell,Barcelona,España)" storage="d:\sferrari\01 - trabajo\repos\netcore\libs\template-netcore-entities\kitpymes.core.entities.tests\bin\release\net5.0\kitpymes.core.entities.tests.dll" id="db67125c-5805-4474-b268-3b93887d7ca9">
      <Execution id="997e7320-be75-458c-9ac9-420cff60f329" />
      <TestMethod codeBase="D:\SFERRARI\01 - TRABAJO\repos\netcore\libs\template-netcore-entities\Kitpymes.Core.Entities.Tests\bin\Release\net5.0\Kitpymes.Core.Entities.Tests.dll" adapterTypeName="executor://mstestadapter/v2" className="Kitpymes.Core.Entities.ValueObjects.Tests.AddressTests" name="OperatorNotEqual_Passing_Valid_Values_Returns_False" />
    </UnitTest>
    <UnitTest name="Equals_Passing_Valid_Values_Returns_True (San Bartoleme De Tirajana)" storage="d:\sferrari\01 - trabajo\repos\netcore\libs\template-netcore-entities\kitpymes.core.entities.tests\bin\release\net5.0\kitpymes.core.entities.tests.dll" id="b1dc1ab0-606d-4369-b0e6-7d48f9e11a40">
      <Execution id="7c6558cd-bf9e-4e2f-b413-ff598c78c3d5" />
      <TestMethod codeBase="D:\SFERRARI\01 - TRABAJO\repos\netcore\libs\template-netcore-entities\Kitpymes.Core.Entities.Tests\bin\Release\net5.0\Kitpymes.Core.Entities.Tests.dll" adapterTypeName="executor://mstestadapter/v2" className="Kitpymes.Core.Entities.ValueObjects.Tests.StringIdTests" name="Equals_Passing_Valid_Values_Returns_True" />
    </UnitTest>
    <UnitTest name="OperatorEqual_Passing_Valid_Distinct_Values_Returns_False (Españá)" storage="d:\sferrari\01 - trabajo\repos\netcore\libs\template-netcore-entities\kitpymes.core.entities.tests\bin\release\net5.0\kitpymes.core.entities.tests.dll" id="87295626-219b-4a10-80dd-5ef2b7ebe912">
      <Execution id="b524df87-eb22-4c91-a857-002b4bc6f735" />
      <TestMethod codeBase="D:\SFERRARI\01 - TRABAJO\repos\netcore\libs\template-netcore-entities\Kitpymes.Core.Entities.Tests\bin\Release\net5.0\Kitpymes.Core.Entities.Tests.dll" adapterTypeName="executor://mstestadapter/v2" className="Kitpymes.Core.Entities.ValueObjects.Tests.NameTests" name="OperatorEqual_Passing_Valid_Distinct_Values_Returns_False" />
    </UnitTest>
    <UnitTest name="OperatorNotEqual_Passing_Valid_Values_Returns_True (34fsds@sdd.fgg)" storage="d:\sferrari\01 - trabajo\repos\netcore\libs\template-netcore-entities\kitpymes.core.entities.tests\bin\release\net5.0\kitpymes.core.entities.tests.dll" id="a9e3d1c8-bac4-4ef1-aa7e-e0700b024649">
      <Execution id="12b5bb6b-1bed-41ab-a388-f0b3039c0b70" />
      <TestMethod codeBase="D:\SFERRARI\01 - TRABAJO\repos\netcore\libs\template-netcore-entities\Kitpymes.Core.Entities.Tests\bin\Release\net5.0\Kitpymes.Core.Entities.Tests.dll" adapterTypeName="executor://mstestadapter/v2" className="Kitpymes.Core.Entities.ValueObjects.Tests.EmailTests" name="OperatorNotEqual_Passing_Valid_Values_Returns_True" />
    </UnitTest>
    <UnitTest name="Create_Passing_Valid_Values_Returns_Address (Tenerife,23,34567,San Bartoleme De Tirajana,Las Palmas,España)" storage="d:\sferrari\01 - trabajo\repos\netcore\libs\template-netcore-entities\kitpymes.core.entities.tests\bin\release\net5.0\kitpymes.core.entities.tests.dll" id="b0d53638-f9b0-4080-bf45-607ab01fa9f8">
      <Execution id="ecbfc849-f8d9-4724-8610-fc06b64e4c8e" />
      <TestMethod codeBase="D:\SFERRARI\01 - TRABAJO\repos\netcore\libs\template-netcore-entities\Kitpymes.Core.Entities.Tests\bin\Release\net5.0\Kitpymes.Core.Entities.Tests.dll" adapterTypeName="executor://mstestadapter/v2" className="Kitpymes.Core.Entities.ValueObjects.Tests.AddressTests" name="Create_Passing_Valid_Values_Returns_Address" />
    </UnitTest>
    <UnitTest name="OperatorEqual_Passing_Valid_Values_Returns_True (tenantA)" storage="d:\sferrari\01 - trabajo\repos\netcore\libs\template-netcore-entities\kitpymes.core.entities.tests\bin\release\net5.0\kitpymes.core.entities.tests.dll" id="e951afee-68bc-40c3-83c1-be6dca42af7f">
      <Execution id="b80a2a74-aa14-4d68-923c-86a1f18c3642" />
      <TestMethod codeBase="D:\SFERRARI\01 - TRABAJO\repos\netcore\libs\template-netcore-entities\Kitpymes.Core.Entities.Tests\bin\Release\net5.0\Kitpymes.Core.Entities.Tests.dll" adapterTypeName="executor://mstestadapter/v2" className="Kitpymes.Core.Entities.ValueObjects.Tests.TenantNameTests" name="OperatorEqual_Passing_Valid_Values_Returns_True" />
    </UnitTest>
    <UnitTest name="OperatorEqual_Passing_Valid_Values_Returns_True (TENANT_A)" storage="d:\sferrari\01 - trabajo\repos\netcore\libs\template-netcore-entities\kitpymes.core.entities.tests\bin\release\net5.0\kitpymes.core.entities.tests.dll" id="1b7c63dd-f362-4864-8281-e2839e97275e">
      <Execution id="20f357bf-d10d-46ce-8bc5-1d6b176947e2" />
      <TestMethod codeBase="D:\SFERRARI\01 - TRABAJO\repos\netcore\libs\template-netcore-entities\Kitpymes.Core.Entities.Tests\bin\Release\net5.0\Kitpymes.Core.Entities.Tests.dll" adapterTypeName="executor://mstestadapter/v2" className="Kitpymes.Core.Entities.ValueObjects.Tests.TenantNameTests" name="OperatorEqual_Passing_Valid_Values_Returns_True" />
    </UnitTest>
    <UnitTest name="ToEnum_Passing_Invalid_String_Name_Enumeracion_Returns_Null" storage="d:\sferrari\01 - trabajo\repos\netcore\libs\template-netcore-entities\kitpymes.core.entities.tests\bin\release\net5.0\kitpymes.core.entities.tests.dll" id="ef327693-2c6c-40eb-b9ee-230182f0ae6a">
      <Execution id="8c822714-385b-4e39-92a6-fbf82e71dd32" />
      <TestMethod codeBase="D:\SFERRARI\01 - TRABAJO\repos\netcore\libs\template-netcore-entities\Kitpymes.Core.Entities.Tests\bin\Release\net5.0\Kitpymes.Core.Entities.Tests.dll" adapterTypeName="executor://mstestadapter/v2" className="Kitpymes.Core.Entities.Enumerations.Tests.CardTypeEnumTests" name="ToEnum_Passing_Invalid_String_Name_Enumeracion_Returns_Null" />
    </UnitTest>
    <UnitTest name="Create_Passing_Valid_Values_Returns_Name (tenantA)" storage="d:\sferrari\01 - trabajo\repos\netcore\libs\template-netcore-entities\kitpymes.core.entities.tests\bin\release\net5.0\kitpymes.core.entities.tests.dll" id="7c59c336-0e40-4acf-9946-d3b873bb74e6">
      <Execution id="b15d289e-6dd6-42b4-8df0-239105cebd9a" />
      <TestMethod codeBase="D:\SFERRARI\01 - TRABAJO\repos\netcore\libs\template-netcore-entities\Kitpymes.Core.Entities.Tests\bin\Release\net5.0\Kitpymes.Core.Entities.Tests.dll" adapterTypeName="executor://mstestadapter/v2" className="Kitpymes.Core.Entities.ValueObjects.Tests.TenantNameTests" name="Create_Passing_Valid_Values_Returns_Name" />
    </UnitTest>
    <UnitTest name="Equals_Passing_Valid_Values_Returns_True (Tenerife,23,34567,San Bartoleme De Tirajana,Las Palmas,España)" storage="d:\sferrari\01 - trabajo\repos\netcore\libs\template-netcore-entities\kitpymes.core.entities.tests\bin\release\net5.0\kitpymes.core.entities.tests.dll" id="85fb9872-e17f-4d30-8162-003c4fce6f2a">
      <Execution id="534ab943-7513-4ee3-b5f7-f1c0c2be9bf8" />
      <TestMethod codeBase="D:\SFERRARI\01 - TRABAJO\repos\netcore\libs\template-netcore-entities\Kitpymes.Core.Entities.Tests\bin\Release\net5.0\Kitpymes.Core.Entities.Tests.dll" adapterTypeName="executor://mstestadapter/v2" className="Kitpymes.Core.Entities.ValueObjects.Tests.AddressTests" name="Equals_Passing_Valid_Values_Returns_True" />
    </UnitTest>
    <UnitTest name="OperatorEqual_Passing_Valid_Values_Returns_True (Sabadell)" storage="d:\sferrari\01 - trabajo\repos\netcore\libs\template-netcore-entities\kitpymes.core.entities.tests\bin\release\net5.0\kitpymes.core.entities.tests.dll" id="4db2faf6-21bc-4e8c-ba91-f4ca6bb08e6c">
      <Execution id="24d6b9e7-bb48-4097-80b9-ebd5ffa7b021" />
      <TestMethod codeBase="D:\SFERRARI\01 - TRABAJO\repos\netcore\libs\template-netcore-entities\Kitpymes.Core.Entities.Tests\bin\Release\net5.0\Kitpymes.Core.Entities.Tests.dll" adapterTypeName="executor://mstestadapter/v2" className="Kitpymes.Core.Entities.ValueObjects.Tests.StringIdTests" name="OperatorEqual_Passing_Valid_Values_Returns_True" />
    </UnitTest>
    <UnitTest name="Create_Passing_Valid_Values_Returns_Name (Tenant1)" storage="d:\sferrari\01 - trabajo\repos\netcore\libs\template-netcore-entities\kitpymes.core.entities.tests\bin\release\net5.0\kitpymes.core.entities.tests.dll" id="da0ae188-28a9-4977-8842-f2f7364f4cf5">
      <Execution id="e1c8a927-15cc-4080-bd6e-7a09d5719ea1" />
      <TestMethod codeBase="D:\SFERRARI\01 - TRABAJO\repos\netcore\libs\template-netcore-entities\Kitpymes.Core.Entities.Tests\bin\Release\net5.0\Kitpymes.Core.Entities.Tests.dll" adapterTypeName="executor://mstestadapter/v2" className="Kitpymes.Core.Entities.ValueObjects.Tests.TenantNameTests" name="Create_Passing_Valid_Values_Returns_Name" />
    </UnitTest>
    <UnitTest name="IsNull_Passing_Valid_Value_Returns_False (34fsds@sdd.fgg)" storage="d:\sferrari\01 - trabajo\repos\netcore\libs\template-netcore-entities\kitpymes.core.entities.tests\bin\release\net5.0\kitpymes.core.entities.tests.dll" id="0b9ad176-d17a-4ef1-bb57-a5a93f8200d8">
      <Execution id="5941de45-c494-41f7-9b10-ebc73711700d" />
      <TestMethod codeBase="D:\SFERRARI\01 - TRABAJO\repos\netcore\libs\template-netcore-entities\Kitpymes.Core.Entities.Tests\bin\Release\net5.0\Kitpymes.Core.Entities.Tests.dll" adapterTypeName="executor://mstestadapter/v2" className="Kitpymes.Core.Entities.ValueObjects.Tests.EmailTests" name="IsNull_Passing_Valid_Value_Returns_False" />
    </UnitTest>
    <UnitTest name="IsNull_Passing_Valid_Values_Returns_False (456,43543543543)" storage="d:\sferrari\01 - trabajo\repos\netcore\libs\template-netcore-entities\kitpymes.core.entities.tests\bin\release\net5.0\kitpymes.core.entities.tests.dll" id="286e3925-028d-489d-90c0-228879cf3404">
      <Execution id="6f8c0975-4e99-48b6-900d-7ab66c4ef692" />
      <TestMethod codeBase="D:\SFERRARI\01 - TRABAJO\repos\netcore\libs\template-netcore-entities\Kitpymes.Core.Entities.Tests\bin\Release\net5.0\Kitpymes.Core.Entities.Tests.dll" adapterTypeName="executor://mstestadapter/v2" className="Kitpymes.Core.Entities.ValueObjects.Tests.TelephoneTests" name="IsNull_Passing_Valid_Values_Returns_False" />
    </UnitTest>
    <UnitTest name="ToNormalize_Passing_Valid_Values_Returns_Name_String_Format (Españä,Espana)" storage="d:\sferrari\01 - trabajo\repos\netcore\libs\template-netcore-entities\kitpymes.core.entities.tests\bin\release\net5.0\kitpymes.core.entities.tests.dll" id="2b418a6b-d082-4533-91e4-154a7b1ee249">
      <Execution id="be10a3ae-d43b-4f37-911b-f5e4000e04ce" />
      <TestMethod codeBase="D:\SFERRARI\01 - TRABAJO\repos\netcore\libs\template-netcore-entities\Kitpymes.Core.Entities.Tests\bin\Release\net5.0\Kitpymes.Core.Entities.Tests.dll" adapterTypeName="executor://mstestadapter/v2" className="Kitpymes.Core.Entities.ValueObjects.Tests.NameTests" name="ToNormalize_Passing_Valid_Values_Returns_Name_String_Format" />
    </UnitTest>
    <UnitTest name="ToString_Passing_Valid_Values_Returns_Name (Esp añâ)" storage="d:\sferrari\01 - trabajo\repos\netcore\libs\template-netcore-entities\kitpymes.core.entities.tests\bin\release\net5.0\kitpymes.core.entities.tests.dll" id="33240424-a93b-4394-b9e1-836be8e00e96">
      <Execution id="c8746f16-4489-4e50-a15d-ef55594457ac" />
      <TestMethod codeBase="D:\SFERRARI\01 - TRABAJO\repos\netcore\libs\template-netcore-entities\Kitpymes.Core.Entities.Tests\bin\Release\net5.0\Kitpymes.Core.Entities.Tests.dll" adapterTypeName="executor://mstestadapter/v2" className="Kitpymes.Core.Entities.ValueObjects.Tests.NameTests" name="ToString_Passing_Valid_Values_Returns_Name" />
    </UnitTest>
    <UnitTest name="Equals_Passing_Valid_Distinct_Values_Returns_False (tenant1)" storage="d:\sferrari\01 - trabajo\repos\netcore\libs\template-netcore-entities\kitpymes.core.entities.tests\bin\release\net5.0\kitpymes.core.entities.tests.dll" id="dac1e32a-d6a0-4975-a587-965db3aa720c">
      <Execution id="ff7ff822-9d88-4a89-b3df-8cf55303b0d0" />
      <TestMethod codeBase="D:\SFERRARI\01 - TRABAJO\repos\netcore\libs\template-netcore-entities\Kitpymes.Core.Entities.Tests\bin\Release\net5.0\Kitpymes.Core.Entities.Tests.dll" adapterTypeName="executor://mstestadapter/v2" className="Kitpymes.Core.Entities.ValueObjects.Tests.TenantNameTests" name="Equals_Passing_Valid_Distinct_Values_Returns_False" />
    </UnitTest>
    <UnitTest name="Equals_Passing_Valid_Distinct_Values_Returns_False (34fsds@sdd.fgg)" storage="d:\sferrari\01 - trabajo\repos\netcore\libs\template-netcore-entities\kitpymes.core.entities.tests\bin\release\net5.0\kitpymes.core.entities.tests.dll" id="f8b0a095-b1af-4d34-9d86-f4a4d66cce71">
      <Execution id="f424cfc2-a219-4adb-ad2a-d8261c71f8dc" />
      <TestMethod codeBase="D:\SFERRARI\01 - TRABAJO\repos\netcore\libs\template-netcore-entities\Kitpymes.Core.Entities.Tests\bin\Release\net5.0\Kitpymes.Core.Entities.Tests.dll" adapterTypeName="executor://mstestadapter/v2" className="Kitpymes.Core.Entities.ValueObjects.Tests.EmailTests" name="Equals_Passing_Valid_Distinct_Values_Returns_False" />
    </UnitTest>
    <UnitTest name="Create_Passing_Valid_Values_Returns_StringId (Tenerife)" storage="d:\sferrari\01 - trabajo\repos\netcore\libs\template-netcore-entities\kitpymes.core.entities.tests\bin\release\net5.0\kitpymes.core.entities.tests.dll" id="d582e926-97fa-4dd7-aaaa-ac4cd4c4df5c">
      <Execution id="26069723-2d6b-4917-86e3-54dfa69d4002" />
      <TestMethod codeBase="D:\SFERRARI\01 - TRABAJO\repos\netcore\libs\template-netcore-entities\Kitpymes.Core.Entities.Tests\bin\Release\net5.0\Kitpymes.Core.Entities.Tests.dll" adapterTypeName="executor://mstestadapter/v2" className="Kitpymes.Core.Entities.ValueObjects.Tests.StringIdTests" name="Create_Passing_Valid_Values_Returns_StringId" />
    </UnitTest>
    <UnitTest name="OperatorEqual_Passing_Valid_Values_Returns_True (Tenant_A)" storage="d:\sferrari\01 - trabajo\repos\netcore\libs\template-netcore-entities\kitpymes.core.entities.tests\bin\release\net5.0\kitpymes.core.entities.tests.dll" id="6c64b01b-e7a5-441d-88f1-254aac7bb412">
      <Execution id="daf77438-2728-4a2b-b0c3-3473f5530a72" />
      <TestMethod codeBase="D:\SFERRARI\01 - TRABAJO\repos\netcore\libs\template-netcore-entities\Kitpymes.Core.Entities.Tests\bin\Release\net5.0\Kitpymes.Core.Entities.Tests.dll" adapterTypeName="executor://mstestadapter/v2" className="Kitpymes.Core.Entities.ValueObjects.Tests.TenantNameTests" name="OperatorEqual_Passing_Valid_Values_Returns_True" />
    </UnitTest>
    <UnitTest name="OperatorNotEqual_Passing_Valid_Values_Returns_True (Tenant1)" storage="d:\sferrari\01 - trabajo\repos\netcore\libs\template-netcore-entities\kitpymes.core.entities.tests\bin\release\net5.0\kitpymes.core.entities.tests.dll" id="def906b4-97ba-4051-b890-34c408279496">
      <Execution id="6a37b072-a25b-4d08-8c74-d048afcefe01" />
      <TestMethod codeBase="D:\SFERRARI\01 - TRABAJO\repos\netcore\libs\template-netcore-entities\Kitpymes.Core.Entities.Tests\bin\Release\net5.0\Kitpymes.Core.Entities.Tests.dll" adapterTypeName="executor://mstestadapter/v2" className="Kitpymes.Core.Entities.ValueObjects.Tests.TenantNameTests" name="OperatorNotEqual_Passing_Valid_Values_Returns_True" />
    </UnitTest>
    <UnitTest name="Equals_Passing_Valid_Values_Returns_True (tenant_A)" storage="d:\sferrari\01 - trabajo\repos\netcore\libs\template-netcore-entities\kitpymes.core.entities.tests\bin\release\net5.0\kitpymes.core.entities.tests.dll" id="c0533a42-8c38-4ed9-9e88-6b6fea7fb76f">
      <Execution id="d8287f80-3aa3-43d5-8e47-36f654517952" />
      <TestMethod codeBase="D:\SFERRARI\01 - TRABAJO\repos\netcore\libs\template-netcore-entities\Kitpymes.Core.Entities.Tests\bin\Release\net5.0\Kitpymes.Core.Entities.Tests.dll" adapterTypeName="executor://mstestadapter/v2" className="Kitpymes.Core.Entities.ValueObjects.Tests.TenantNameTests" name="Equals_Passing_Valid_Values_Returns_True" />
    </UnitTest>
    <UnitTest name="OperatorEqual_Passing_Valid_Values_Returns_True (Españã)" storage="d:\sferrari\01 - trabajo\repos\netcore\libs\template-netcore-entities\kitpymes.core.entities.tests\bin\release\net5.0\kitpymes.core.entities.tests.dll" id="3cdcff12-be4c-494a-8968-68308244167f">
      <Execution id="6b3fc35a-af19-4cff-9f39-250827308750" />
      <TestMethod codeBase="D:\SFERRARI\01 - TRABAJO\repos\netcore\libs\template-netcore-entities\Kitpymes.Core.Entities.Tests\bin\Release\net5.0\Kitpymes.Core.Entities.Tests.dll" adapterTypeName="executor://mstestadapter/v2" className="Kitpymes.Core.Entities.ValueObjects.Tests.NameTests" name="OperatorEqual_Passing_Valid_Values_Returns_True" />
    </UnitTest>
    <UnitTest name="ToNormalize_Passing_Valid_Values_Returns_Name_String_Format (Españà,Espana)" storage="d:\sferrari\01 - trabajo\repos\netcore\libs\template-netcore-entities\kitpymes.core.entities.tests\bin\release\net5.0\kitpymes.core.entities.tests.dll" id="df259da7-5dcd-491b-9aab-d87b023cff0c">
      <Execution id="265ba5be-a12e-4e78-a5a3-12fb4f698ff2" />
      <TestMethod codeBase="D:\SFERRARI\01 - TRABAJO\repos\netcore\libs\template-netcore-entities\Kitpymes.Core.Entities.Tests\bin\Release\net5.0\Kitpymes.Core.Entities.Tests.dll" adapterTypeName="executor://mstestadapter/v2" className="Kitpymes.Core.Entities.ValueObjects.Tests.NameTests" name="ToNormalize_Passing_Valid_Values_Returns_Name_String_Format" />
    </UnitTest>
    <UnitTest name="Equals_Passing_Valid_Values_Returns_False (Tenerife,23,34567,San Bartoleme De Tirajana,Las Palmas,España)" storage="d:\sferrari\01 - trabajo\repos\netcore\libs\template-netcore-entities\kitpymes.core.entities.tests\bin\release\net5.0\kitpymes.core.entities.tests.dll" id="a15eb62b-3c72-4ac1-83f1-2184d73f5499">
      <Execution id="4ff002d0-ae65-4866-9e64-d2537b882ec7" />
      <TestMethod codeBase="D:\SFERRARI\01 - TRABAJO\repos\netcore\libs\template-netcore-entities\Kitpymes.Core.Entities.Tests\bin\Release\net5.0\Kitpymes.Core.Entities.Tests.dll" adapterTypeName="executor://mstestadapter/v2" className="Kitpymes.Core.Entities.ValueObjects.Tests.AddressTests" name="Equals_Passing_Valid_Values_Returns_False" />
    </UnitTest>
    <UnitTest name="OperatorEqual_Passing_Valid_Values_Returns_True (Españá)" storage="d:\sferrari\01 - trabajo\repos\netcore\libs\template-netcore-entities\kitpymes.core.entities.tests\bin\release\net5.0\kitpymes.core.entities.tests.dll" id="47488eba-dc17-4530-b350-98cfa62bbe3f">
      <Execution id="961a4b47-8956-4101-aa92-dbec1cc92217" />
      <TestMethod codeBase="D:\SFERRARI\01 - TRABAJO\repos\netcore\libs\template-netcore-entities\Kitpymes.Core.Entities.Tests\bin\Release\net5.0\Kitpymes.Core.Entities.Tests.dll" adapterTypeName="executor://mstestadapter/v2" className="Kitpymes.Core.Entities.ValueObjects.Tests.NameTests" name="OperatorEqual_Passing_Valid_Values_Returns_True" />
    </UnitTest>
    <UnitTest name="Equals_Passing_Valid_Values_Returns_True (Sabadell)" storage="d:\sferrari\01 - trabajo\repos\netcore\libs\template-netcore-entities\kitpymes.core.entities.tests\bin\release\net5.0\kitpymes.core.entities.tests.dll" id="2fb9a16a-4f4f-466f-a77d-debdfcd172e2">
      <Execution id="1fd4e96e-1ae0-4ed7-94eb-061bddca7b88" />
      <TestMethod codeBase="D:\SFERRARI\01 - TRABAJO\repos\netcore\libs\template-netcore-entities\Kitpymes.Core.Entities.Tests\bin\Release\net5.0\Kitpymes.Core.Entities.Tests.dll" adapterTypeName="executor://mstestadapter/v2" className="Kitpymes.Core.Entities.ValueObjects.Tests.StringIdTests" name="Equals_Passing_Valid_Values_Returns_True" />
    </UnitTest>
    <UnitTest name="ToEnum_Passing_Valid_Int_value_Returns_Enumeracion" storage="d:\sferrari\01 - trabajo\repos\netcore\libs\template-netcore-entities\kitpymes.core.entities.tests\bin\release\net5.0\kitpymes.core.entities.tests.dll" id="618f896f-f415-4b4e-8d28-ae70cb241235">
      <Execution id="ca443cf5-7d64-473c-bab8-c7318f91ec5b" />
      <TestMethod codeBase="D:\SFERRARI\01 - TRABAJO\repos\netcore\libs\template-netcore-entities\Kitpymes.Core.Entities.Tests\bin\Release\net5.0\Kitpymes.Core.Entities.Tests.dll" adapterTypeName="executor://mstestadapter/v2" className="Kitpymes.Core.Entities.Enumerations.Tests.StatusEnumTests" name="ToEnum_Passing_Valid_Int_value_Returns_Enumeracion" />
    </UnitTest>
    <UnitTest name="OperatorNotEqual_Passing_Valid_Values_Returns_True (Esp añâ)" storage="d:\sferrari\01 - trabajo\repos\netcore\libs\template-netcore-entities\kitpymes.core.entities.tests\bin\release\net5.0\kitpymes.core.entities.tests.dll" id="ab70fd26-4bb2-4194-a99e-b34d2d76abf4">
      <Execution id="58f323da-0f37-4128-b728-193ba4820053" />
      <TestMethod codeBase="D:\SFERRARI\01 - TRABAJO\repos\netcore\libs\template-netcore-entities\Kitpymes.Core.Entities.Tests\bin\Release\net5.0\Kitpymes.Core.Entities.Tests.dll" adapterTypeName="executor://mstestadapter/v2" className="Kitpymes.Core.Entities.ValueObjects.Tests.NameTests" name="OperatorNotEqual_Passing_Valid_Values_Returns_True" />
    </UnitTest>
    <UnitTest name="Equals_Passing_Valid_Distinct_Values_Returns_False (tenantA)" storage="d:\sferrari\01 - trabajo\repos\netcore\libs\template-netcore-entities\kitpymes.core.entities.tests\bin\release\net5.0\kitpymes.core.entities.tests.dll" id="9bace9b1-1cfc-4eff-8946-637819f47486">
      <Execution id="c1110b3e-c18f-49e7-9d7a-87d866e7747f" />
      <TestMethod codeBase="D:\SFERRARI\01 - TRABAJO\repos\netcore\libs\template-netcore-entities\Kitpymes.Core.Entities.Tests\bin\Release\net5.0\Kitpymes.Core.Entities.Tests.dll" adapterTypeName="executor://mstestadapter/v2" className="Kitpymes.Core.Entities.ValueObjects.Tests.TenantNameTests" name="Equals_Passing_Valid_Distinct_Values_Returns_False" />
    </UnitTest>
    <UnitTest name="ToNormalize_Passing_Valid_Values_Returns_Address_String_Format (aaads@ggg.cc)" storage="d:\sferrari\01 - trabajo\repos\netcore\libs\template-netcore-entities\kitpymes.core.entities.tests\bin\release\net5.0\kitpymes.core.entities.tests.dll" id="9599015b-53a3-4305-8666-14e978cc8fad">
      <Execution id="556c0c5b-fe45-4e12-9b2d-1d0b76aad2f0" />
      <TestMethod codeBase="D:\SFERRARI\01 - TRABAJO\repos\netcore\libs\template-netcore-entities\Kitpymes.Core.Entities.Tests\bin\Release\net5.0\Kitpymes.Core.Entities.Tests.dll" adapterTypeName="executor://mstestadapter/v2" className="Kitpymes.Core.Entities.ValueObjects.Tests.EmailTests" name="ToNormalize_Passing_Valid_Values_Returns_Address_String_Format" />
    </UnitTest>
    <UnitTest name="ToNormalize_Passing_Valid_Values_Returns_Name_String_Format (España,Espana)" storage="d:\sferrari\01 - trabajo\repos\netcore\libs\template-netcore-entities\kitpymes.core.entities.tests\bin\release\net5.0\kitpymes.core.entities.tests.dll" id="4b44298c-5678-41a2-9388-cb1b1d0a952d">
      <Execution id="553cdfb6-1341-4294-8075-b32a02e7d152" />
      <TestMethod codeBase="D:\SFERRARI\01 - TRABAJO\repos\netcore\libs\template-netcore-entities\Kitpymes.Core.Entities.Tests\bin\Release\net5.0\Kitpymes.Core.Entities.Tests.dll" adapterTypeName="executor://mstestadapter/v2" className="Kitpymes.Core.Entities.ValueObjects.Tests.NameTests" name="ToNormalize_Passing_Valid_Values_Returns_Name_String_Format" />
    </UnitTest>
    <UnitTest name="Create_Passing_Valid_Values_Returns_Name (Esp añâ)" storage="d:\sferrari\01 - trabajo\repos\netcore\libs\template-netcore-entities\kitpymes.core.entities.tests\bin\release\net5.0\kitpymes.core.entities.tests.dll" id="4bcbba4b-2851-46d6-bdaf-8d800d7fc4fe">
      <Execution id="6646b9a9-ce73-45c7-a75f-91823dcdb894" />
      <TestMethod codeBase="D:\SFERRARI\01 - TRABAJO\repos\netcore\libs\template-netcore-entities\Kitpymes.Core.Entities.Tests\bin\Release\net5.0\Kitpymes.Core.Entities.Tests.dll" adapterTypeName="executor://mstestadapter/v2" className="Kitpymes.Core.Entities.ValueObjects.Tests.NameTests" name="Create_Passing_Valid_Values_Returns_Name" />
    </UnitTest>
    <UnitTest name="Create_Passing_InvalidOrNull_Value_Returns_ApplicationException ()" storage="d:\sferrari\01 - trabajo\repos\netcore\libs\template-netcore-entities\kitpymes.core.entities.tests\bin\release\net5.0\kitpymes.core.entities.tests.dll" id="0a88ec50-6643-455a-9d68-3368b1e83aa8">
      <Execution id="f2ec7e99-7cde-46f2-a27b-b91880f6e8c2" />
      <TestMethod codeBase="D:\SFERRARI\01 - TRABAJO\repos\netcore\libs\template-netcore-entities\Kitpymes.Core.Entities.Tests\bin\Release\net5.0\Kitpymes.Core.Entities.Tests.dll" adapterTypeName="executor://mstestadapter/v2" className="Kitpymes.Core.Entities.ValueObjects.Tests.NameTests" name="Create_Passing_InvalidOrNull_Value_Returns_ApplicationException" />
    </UnitTest>
    <UnitTest name="OperatorEqual_Passing_Valid_Distinct_Values_Returns_False (Españç)" storage="d:\sferrari\01 - trabajo\repos\netcore\libs\template-netcore-entities\kitpymes.core.entities.tests\bin\release\net5.0\kitpymes.core.entities.tests.dll" id="cd45a82c-a1db-44df-aac5-8e36b644a4f1">
      <Execution id="0de17061-f6f2-4979-9347-41696fe20f7c" />
      <TestMethod codeBase="D:\SFERRARI\01 - TRABAJO\repos\netcore\libs\template-netcore-entities\Kitpymes.Core.Entities.Tests\bin\Release\net5.0\Kitpymes.Core.Entities.Tests.dll" adapterTypeName="executor://mstestadapter/v2" className="Kitpymes.Core.Entities.ValueObjects.Tests.NameTests" name="OperatorEqual_Passing_Valid_Distinct_Values_Returns_False" />
    </UnitTest>
    <UnitTest name="Create_Passing_Valid_Values_Returns_Name (TENANTA)" storage="d:\sferrari\01 - trabajo\repos\netcore\libs\template-netcore-entities\kitpymes.core.entities.tests\bin\release\net5.0\kitpymes.core.entities.tests.dll" id="ff83305d-365b-40e1-af19-51b9ed0a7f49">
      <Execution id="92c6a2bf-f7e1-4b33-833d-da278f2517aa" />
      <TestMethod codeBase="D:\SFERRARI\01 - TRABAJO\repos\netcore\libs\template-netcore-entities\Kitpymes.Core.Entities.Tests\bin\Release\net5.0\Kitpymes.Core.Entities.Tests.dll" adapterTypeName="executor://mstestadapter/v2" className="Kitpymes.Core.Entities.ValueObjects.Tests.TenantNameTests" name="Create_Passing_Valid_Values_Returns_Name" />
    </UnitTest>
    <UnitTest name="Create_Passing_InvalidOrNull_Value_Returns_ApplicationException ()" storage="d:\sferrari\01 - trabajo\repos\netcore\libs\template-netcore-entities\kitpymes.core.entities.tests\bin\release\net5.0\kitpymes.core.entities.tests.dll" id="dceef07e-fe30-4ea6-a3a3-d41eed2dfaea">
      <Execution id="bf9fc15e-751c-4ec8-a93d-565956b6c842" />
      <TestMethod codeBase="D:\SFERRARI\01 - TRABAJO\repos\netcore\libs\template-netcore-entities\Kitpymes.Core.Entities.Tests\bin\Release\net5.0\Kitpymes.Core.Entities.Tests.dll" adapterTypeName="executor://mstestadapter/v2" className="Kitpymes.Core.Entities.ValueObjects.Tests.EmailTests" name="Create_Passing_InvalidOrNull_Value_Returns_ApplicationException" />
    </UnitTest>
    <UnitTest name="OperatorNotEqual_Passing_Valid_Values_Returns_True (tenant_A)" storage="d:\sferrari\01 - trabajo\repos\netcore\libs\template-netcore-entities\kitpymes.core.entities.tests\bin\release\net5.0\kitpymes.core.entities.tests.dll" id="f0347ec0-a89c-4fa8-96b0-a74f9270284f">
      <Execution id="54b50f16-b365-4beb-8a9f-e4ccb033dc56" />
      <TestMethod codeBase="D:\SFERRARI\01 - TRABAJO\repos\netcore\libs\template-netcore-entities\Kitpymes.Core.Entities.Tests\bin\Release\net5.0\Kitpymes.Core.Entities.Tests.dll" adapterTypeName="executor://mstestadapter/v2" className="Kitpymes.Core.Entities.ValueObjects.Tests.TenantNameTests" name="OperatorNotEqual_Passing_Valid_Values_Returns_True" />
    </UnitTest>
    <UnitTest name="OperatorNotEqual_Passing_Valid_Values_Returns_False (Españà)" storage="d:\sferrari\01 - trabajo\repos\netcore\libs\template-netcore-entities\kitpymes.core.entities.tests\bin\release\net5.0\kitpymes.core.entities.tests.dll" id="29d49da9-71f9-4ffc-b4f6-6761d3b9dacb">
      <Execution id="5af3ae1b-8c1d-40d7-982c-efb3ff4585df" />
      <TestMethod codeBase="D:\SFERRARI\01 - TRABAJO\repos\netcore\libs\template-netcore-entities\Kitpymes.Core.Entities.Tests\bin\Release\net5.0\Kitpymes.Core.Entities.Tests.dll" adapterTypeName="executor://mstestadapter/v2" className="Kitpymes.Core.Entities.ValueObjects.Tests.NameTests" name="OperatorNotEqual_Passing_Valid_Values_Returns_False" />
    </UnitTest>
    <UnitTest name="Equals_Passing_Valid_Values_Returns_True (Pader,789,DF7956,Sabadell,Barcelona,España)" storage="d:\sferrari\01 - trabajo\repos\netcore\libs\template-netcore-entities\kitpymes.core.entities.tests\bin\release\net5.0\kitpymes.core.entities.tests.dll" id="4a3be50e-9f29-4c21-819e-4a388b726b0b">
      <Execution id="7d36a762-45a1-4427-ac56-67a68f43a9e1" />
      <TestMethod codeBase="D:\SFERRARI\01 - TRABAJO\repos\netcore\libs\template-netcore-entities\Kitpymes.Core.Entities.Tests\bin\Release\net5.0\Kitpymes.Core.Entities.Tests.dll" adapterTypeName="executor://mstestadapter/v2" className="Kitpymes.Core.Entities.ValueObjects.Tests.AddressTests" name="Equals_Passing_Valid_Values_Returns_True" />
    </UnitTest>
    <UnitTest name="IsNull_Passing_Valid_Value_Returns_False (TenantA)" storage="d:\sferrari\01 - trabajo\repos\netcore\libs\template-netcore-entities\kitpymes.core.entities.tests\bin\release\net5.0\kitpymes.core.entities.tests.dll" id="17f64b2e-2536-4fc4-9a25-ff3f732f656c">
      <Execution id="48e3d5e3-f5f3-4e25-9800-7aac0f4354a7" />
      <TestMethod codeBase="D:\SFERRARI\01 - TRABAJO\repos\netcore\libs\template-netcore-entities\Kitpymes.Core.Entities.Tests\bin\Release\net5.0\Kitpymes.Core.Entities.Tests.dll" adapterTypeName="executor://mstestadapter/v2" className="Kitpymes.Core.Entities.ValueObjects.Tests.TenantNameTests" name="IsNull_Passing_Valid_Value_Returns_False" />
    </UnitTest>
    <UnitTest name="OperatorEqual_Passing_Valid_Distinct_Values_Returns_False (TENANTA)" storage="d:\sferrari\01 - trabajo\repos\netcore\libs\template-netcore-entities\kitpymes.core.entities.tests\bin\release\net5.0\kitpymes.core.entities.tests.dll" id="6e609019-9db5-4e4b-bfda-54e688202599">
      <Execution id="7c685708-6347-4b94-9d91-d8361f2a0696" />
      <TestMethod codeBase="D:\SFERRARI\01 - TRABAJO\repos\netcore\libs\template-netcore-entities\Kitpymes.Core.Entities.Tests\bin\Release\net5.0\Kitpymes.Core.Entities.Tests.dll" adapterTypeName="executor://mstestadapter/v2" className="Kitpymes.Core.Entities.ValueObjects.Tests.TenantNameTests" name="OperatorEqual_Passing_Valid_Distinct_Values_Returns_False" />
    </UnitTest>
    <UnitTest name="ToEnum_Passing_Invalid_String_Name_Enumeracion_Returns_Null" storage="d:\sferrari\01 - trabajo\repos\netcore\libs\template-netcore-entities\kitpymes.core.entities.tests\bin\release\net5.0\kitpymes.core.entities.tests.dll" id="84fb3ac5-aa90-4d6a-862a-0700147207f6">
      <Execution id="e4f1b1ed-77e7-476d-a799-d536297af0eb" />
      <TestMethod codeBase="D:\SFERRARI\01 - TRABAJO\repos\netcore\libs\template-netcore-entities\Kitpymes.Core.Entities.Tests\bin\Release\net5.0\Kitpymes.Core.Entities.Tests.dll" adapterTypeName="executor://mstestadapter/v2" className="Kitpymes.Core.Entities.Enumerations.Tests.GenderTypeEnumTests" name="ToEnum_Passing_Invalid_String_Name_Enumeracion_Returns_Null" />
    </UnitTest>
    <UnitTest name="OperatorNotEqual_Passing_Valid_Values_Returns_False (www.hackerone-com)" storage="d:\sferrari\01 - trabajo\repos\netcore\libs\template-netcore-entities\kitpymes.core.entities.tests\bin\release\net5.0\kitpymes.core.entities.tests.dll" id="633592bd-dfbf-42ed-b8c0-35af1c6f6d1b">
      <Execution id="7f8e1cca-e73c-4139-a5b9-ce5b944e4613" />
      <TestMethod codeBase="D:\SFERRARI\01 - TRABAJO\repos\netcore\libs\template-netcore-entities\Kitpymes.Core.Entities.Tests\bin\Release\net5.0\Kitpymes.Core.Entities.Tests.dll" adapterTypeName="executor://mstestadapter/v2" className="Kitpymes.Core.Entities.ValueObjects.Tests.SubdomainTests" name="OperatorNotEqual_Passing_Valid_Values_Returns_False" />
    </UnitTest>
    <UnitTest name="OperatorNotEqual_Passing_Valid_Values_Returns_True (TENANT1)" storage="d:\sferrari\01 - trabajo\repos\netcore\libs\template-netcore-entities\kitpymes.core.entities.tests\bin\release\net5.0\kitpymes.core.entities.tests.dll" id="3d0e7b0c-624c-4b1c-9f23-919804db8e14">
      <Execution id="999104ea-1e1d-40a5-972d-c28c3b1e4776" />
      <TestMethod codeBase="D:\SFERRARI\01 - TRABAJO\repos\netcore\libs\template-netcore-entities\Kitpymes.Core.Entities.Tests\bin\Release\net5.0\Kitpymes.Core.Entities.Tests.dll" adapterTypeName="executor://mstestadapter/v2" className="Kitpymes.Core.Entities.ValueObjects.Tests.TenantNameTests" name="OperatorNotEqual_Passing_Valid_Values_Returns_True" />
    </UnitTest>
    <UnitTest name="OperatorEqual_Passing_Valid_Values_Returns_True (EUR)" storage="d:\sferrari\01 - trabajo\repos\netcore\libs\template-netcore-entities\kitpymes.core.entities.tests\bin\release\net5.0\kitpymes.core.entities.tests.dll" id="94dfa163-2381-495a-b492-30215cf77a99">
      <Execution id="8d55134a-7653-4dd7-bf04-cbdf8855a897" />
      <TestMethod codeBase="D:\SFERRARI\01 - TRABAJO\repos\netcore\libs\template-netcore-entities\Kitpymes.Core.Entities.Tests\bin\Release\net5.0\Kitpymes.Core.Entities.Tests.dll" adapterTypeName="executor://mstestadapter/v2" className="Kitpymes.Core.Entities.ValueObjects.Tests.CurrencyTests" name="OperatorEqual_Passing_Valid_Values_Returns_True" />
    </UnitTest>
    <UnitTest name="ToString_Passing_Valid_Values_Returns_StringId (San Bartoleme De Tirajana)" storage="d:\sferrari\01 - trabajo\repos\netcore\libs\template-netcore-entities\kitpymes.core.entities.tests\bin\release\net5.0\kitpymes.core.entities.tests.dll" id="17aff4c5-8a6e-48c8-aa4a-172d8d6b5bd9">
      <Execution id="16d950d0-3da2-4fe4-863e-d3bdff91cec9" />
      <TestMethod codeBase="D:\SFERRARI\01 - TRABAJO\repos\netcore\libs\template-netcore-entities\Kitpymes.Core.Entities.Tests\bin\Release\net5.0\Kitpymes.Core.Entities.Tests.dll" adapterTypeName="executor://mstestadapter/v2" className="Kitpymes.Core.Entities.ValueObjects.Tests.StringIdTests" name="ToString_Passing_Valid_Values_Returns_StringId" />
    </UnitTest>
    <UnitTest name="ToEnum_Passing_Valid_String_ShortName_Enumeracion_Returns_Enumeracion" storage="d:\sferrari\01 - trabajo\repos\netcore\libs\template-netcore-entities\kitpymes.core.entities.tests\bin\release\net5.0\kitpymes.core.entities.tests.dll" id="bfd9d7e6-75be-472f-9841-c3be69d61b9d">
      <Execution id="f439650a-9d14-4c46-8ea2-9706c4c9e24d" />
      <TestMethod codeBase="D:\SFERRARI\01 - TRABAJO\repos\netcore\libs\template-netcore-entities\Kitpymes.Core.Entities.Tests\bin\Release\net5.0\Kitpymes.Core.Entities.Tests.dll" adapterTypeName="executor://mstestadapter/v2" className="Kitpymes.Core.Entities.Enumerations.Tests.CardTypeEnumTests" name="ToEnum_Passing_Valid_String_ShortName_Enumeracion_Returns_Enumeracion" />
    </UnitTest>
    <UnitTest name="OperatorNotEqual_Passing_Valid_Values_Returns_True (tenant_1)" storage="d:\sferrari\01 - trabajo\repos\netcore\libs\template-netcore-entities\kitpymes.core.entities.tests\bin\release\net5.0\kitpymes.core.entities.tests.dll" id="3605a02d-8bbb-40a0-aeea-968426810b5f">
      <Execution id="bce3a4a3-965a-4cf2-a307-1665e7ca4ad7" />
      <TestMethod codeBase="D:\SFERRARI\01 - TRABAJO\repos\netcore\libs\template-netcore-entities\Kitpymes.Core.Entities.Tests\bin\Release\net5.0\Kitpymes.Core.Entities.Tests.dll" adapterTypeName="executor://mstestadapter/v2" className="Kitpymes.Core.Entities.ValueObjects.Tests.TenantNameTests" name="OperatorNotEqual_Passing_Valid_Values_Returns_True" />
    </UnitTest>
    <UnitTest name="Equals_Passing_Valid_Distinct_Values_Returns_False (Españâ)" storage="d:\sferrari\01 - trabajo\repos\netcore\libs\template-netcore-entities\kitpymes.core.entities.tests\bin\release\net5.0\kitpymes.core.entities.tests.dll" id="f2bf9198-2110-419b-989f-c2fbc53d2a82">
      <Execution id="4dda0f92-4afe-4209-9547-f62c8642456a" />
      <TestMethod codeBase="D:\SFERRARI\01 - TRABAJO\repos\netcore\libs\template-netcore-entities\Kitpymes.Core.Entities.Tests\bin\Release\net5.0\Kitpymes.Core.Entities.Tests.dll" adapterTypeName="executor://mstestadapter/v2" className="Kitpymes.Core.Entities.ValueObjects.Tests.NameTests" name="Equals_Passing_Valid_Distinct_Values_Returns_False" />
    </UnitTest>
    <UnitTest name="OperatorNotEqual_Passing_Valid_Values_Returns_True (TenantA)" storage="d:\sferrari\01 - trabajo\repos\netcore\libs\template-netcore-entities\kitpymes.core.entities.tests\bin\release\net5.0\kitpymes.core.entities.tests.dll" id="ebbb82b9-ed17-4c9e-88d7-83b6bb038626">
      <Execution id="e754793a-de93-4187-b16a-987e34817303" />
      <TestMethod codeBase="D:\SFERRARI\01 - TRABAJO\repos\netcore\libs\template-netcore-entities\Kitpymes.Core.Entities.Tests\bin\Release\net5.0\Kitpymes.Core.Entities.Tests.dll" adapterTypeName="executor://mstestadapter/v2" className="Kitpymes.Core.Entities.ValueObjects.Tests.TenantNameTests" name="OperatorNotEqual_Passing_Valid_Values_Returns_True" />
    </UnitTest>
    <UnitTest name="IsNull_Passing_Valid_Value_Returns_False (Españâ)" storage="d:\sferrari\01 - trabajo\repos\netcore\libs\template-netcore-entities\kitpymes.core.entities.tests\bin\release\net5.0\kitpymes.core.entities.tests.dll" id="d924662d-8651-47b6-adb2-cb59f10c8356">
      <Execution id="a1789741-4fa0-49c3-9396-202d6b130be6" />
      <TestMethod codeBase="D:\SFERRARI\01 - TRABAJO\repos\netcore\libs\template-netcore-entities\Kitpymes.Core.Entities.Tests\bin\Release\net5.0\Kitpymes.Core.Entities.Tests.dll" adapterTypeName="executor://mstestadapter/v2" className="Kitpymes.Core.Entities.ValueObjects.Tests.NameTests" name="IsNull_Passing_Valid_Value_Returns_False" />
    </UnitTest>
    <UnitTest name="OperatorNotEqual_Passing_Valid_Values_Returns_True (www.hackerone-com)" storage="d:\sferrari\01 - trabajo\repos\netcore\libs\template-netcore-entities\kitpymes.core.entities.tests\bin\release\net5.0\kitpymes.core.entities.tests.dll" id="569ad122-8f0c-4362-a192-c738ca7283a7">
      <Execution id="56a9bf95-6141-40a3-ae04-c1e9540c4950" />
      <TestMethod codeBase="D:\SFERRARI\01 - TRABAJO\repos\netcore\libs\template-netcore-entities\Kitpymes.Core.Entities.Tests\bin\Release\net5.0\Kitpymes.Core.Entities.Tests.dll" adapterTypeName="executor://mstestadapter/v2" className="Kitpymes.Core.Entities.ValueObjects.Tests.SubdomainTests" name="OperatorNotEqual_Passing_Valid_Values_Returns_True" />
    </UnitTest>
    <UnitTest name="Create_Passing_Valid_Values_Returns_Currency (EUR)" storage="d:\sferrari\01 - trabajo\repos\netcore\libs\template-netcore-entities\kitpymes.core.entities.tests\bin\release\net5.0\kitpymes.core.entities.tests.dll" id="e0b9523c-47d0-4ed6-87c1-e78b0ad8def9">
      <Execution id="f6f52f19-74f1-4fea-9e7f-05df46d569df" />
      <TestMethod codeBase="D:\SFERRARI\01 - TRABAJO\repos\netcore\libs\template-netcore-entities\Kitpymes.Core.Entities.Tests\bin\Release\net5.0\Kitpymes.Core.Entities.Tests.dll" adapterTypeName="executor://mstestadapter/v2" className="Kitpymes.Core.Entities.ValueObjects.Tests.CurrencyTests" name="Create_Passing_Valid_Values_Returns_Currency" />
    </UnitTest>
    <UnitTest name="Change_Passing_Valid_Values_Returns_Subdomain" storage="d:\sferrari\01 - trabajo\repos\netcore\libs\template-netcore-entities\kitpymes.core.entities.tests\bin\release\net5.0\kitpymes.core.entities.tests.dll" id="18319d73-b334-4f81-a03a-605f95472e7d">
      <Execution id="c6baa346-326b-4cfb-bc71-c48d0e2683aa" />
      <TestMethod codeBase="D:\SFERRARI\01 - TRABAJO\repos\netcore\libs\template-netcore-entities\Kitpymes.Core.Entities.Tests\bin\Release\net5.0\Kitpymes.Core.Entities.Tests.dll" adapterTypeName="executor://mstestadapter/v2" className="Kitpymes.Core.Entities.ValueObjects.Tests.SubdomainTests" name="Change_Passing_Valid_Values_Returns_Subdomain" />
    </UnitTest>
    <UnitTest name="OperatorEqual_Passing_Valid_Values_Returns_True (Tenant_1)" storage="d:\sferrari\01 - trabajo\repos\netcore\libs\template-netcore-entities\kitpymes.core.entities.tests\bin\release\net5.0\kitpymes.core.entities.tests.dll" id="89ae8383-bff4-4963-823b-173937e48e8f">
      <Execution id="319344e7-d234-44e6-a1ea-b2aa9aabde64" />
      <TestMethod codeBase="D:\SFERRARI\01 - TRABAJO\repos\netcore\libs\template-netcore-entities\Kitpymes.Core.Entities.Tests\bin\Release\net5.0\Kitpymes.Core.Entities.Tests.dll" adapterTypeName="executor://mstestadapter/v2" className="Kitpymes.Core.Entities.ValueObjects.Tests.TenantNameTests" name="OperatorEqual_Passing_Valid_Values_Returns_True" />
    </UnitTest>
    <UnitTest name="OperatorNotEqual_Passing_Valid_Values_Returns_True (Pader,789,DF7956,Sabadell,Barcelona,España)" storage="d:\sferrari\01 - trabajo\repos\netcore\libs\template-netcore-entities\kitpymes.core.entities.tests\bin\release\net5.0\kitpymes.core.entities.tests.dll" id="5258c6d9-cc5f-4e51-9ba7-28fcac48e6b1">
      <Execution id="523e5758-7f7a-4d6f-8bca-05d7f6950d38" />
      <TestMethod codeBase="D:\SFERRARI\01 - TRABAJO\repos\netcore\libs\template-netcore-entities\Kitpymes.Core.Entities.Tests\bin\Release\net5.0\Kitpymes.Core.Entities.Tests.dll" adapterTypeName="executor://mstestadapter/v2" className="Kitpymes.Core.Entities.ValueObjects.Tests.AddressTests" name="OperatorNotEqual_Passing_Valid_Values_Returns_True" />
    </UnitTest>
    <UnitTest name="OperatorNotEqual_Passing_Valid_Values_Returns_True (Españá)" storage="d:\sferrari\01 - trabajo\repos\netcore\libs\template-netcore-entities\kitpymes.core.entities.tests\bin\release\net5.0\kitpymes.core.entities.tests.dll" id="e8c78c1b-2082-4231-a62c-ebe07b9256ad">
      <Execution id="6bbb72ec-7dba-4e44-b266-3652ebbb015a" />
      <TestMethod codeBase="D:\SFERRARI\01 - TRABAJO\repos\netcore\libs\template-netcore-entities\Kitpymes.Core.Entities.Tests\bin\Release\net5.0\Kitpymes.Core.Entities.Tests.dll" adapterTypeName="executor://mstestadapter/v2" className="Kitpymes.Core.Entities.ValueObjects.Tests.NameTests" name="OperatorNotEqual_Passing_Valid_Values_Returns_True" />
    </UnitTest>
    <UnitTest name="Equals_Passing_Valid_Values_Returns_True (TENANT_A)" storage="d:\sferrari\01 - trabajo\repos\netcore\libs\template-netcore-entities\kitpymes.core.entities.tests\bin\release\net5.0\kitpymes.core.entities.tests.dll" id="935e9639-1df2-436b-b63e-73b3a1d51d43">
      <Execution id="ee157561-01aa-4d26-9d4d-0b67185f9a48" />
      <TestMethod codeBase="D:\SFERRARI\01 - TRABAJO\repos\netcore\libs\template-netcore-entities\Kitpymes.Core.Entities.Tests\bin\Release\net5.0\Kitpymes.Core.Entities.Tests.dll" adapterTypeName="executor://mstestadapter/v2" className="Kitpymes.Core.Entities.ValueObjects.Tests.TenantNameTests" name="Equals_Passing_Valid_Values_Returns_True" />
    </UnitTest>
    <UnitTest name="OperatorNotEqual_Passing_Valid_Values_Returns_False (Esp añâ)" storage="d:\sferrari\01 - trabajo\repos\netcore\libs\template-netcore-entities\kitpymes.core.entities.tests\bin\release\net5.0\kitpymes.core.entities.tests.dll" id="80183a09-2347-4186-885c-ec0c879e2251">
      <Execution id="987131ba-347f-43e1-bd5b-ffeaf5b991df" />
      <TestMethod codeBase="D:\SFERRARI\01 - TRABAJO\repos\netcore\libs\template-netcore-entities\Kitpymes.Core.Entities.Tests\bin\Release\net5.0\Kitpymes.Core.Entities.Tests.dll" adapterTypeName="executor://mstestadapter/v2" className="Kitpymes.Core.Entities.ValueObjects.Tests.NameTests" name="OperatorNotEqual_Passing_Valid_Values_Returns_False" />
    </UnitTest>
  </TestDefinitions>
  <TestEntries>
    <TestEntry testId="9e71b9f6-874f-428c-bb7d-ce337471eccc" executionId="75d6e9f7-e2c6-4f31-9929-71778b9ad86c" testListId="8c84fa94-04c1-424b-9868-57a2d4851a1d" />
    <TestEntry testId="27213374-5342-410b-8aa7-fb588101b4e1" executionId="75fd4459-e82b-46cd-8817-5ecd64761b96" testListId="8c84fa94-04c1-424b-9868-57a2d4851a1d" />
    <TestEntry testId="40b663bf-7858-40f2-8096-66f1fe6b6172" executionId="72ad0012-4c4b-451c-9c05-b34279cfc5bd" testListId="8c84fa94-04c1-424b-9868-57a2d4851a1d" />
    <TestEntry testId="f131d661-276f-49a3-ac9e-11088c544063" executionId="adb8befb-fec2-4b29-be51-608d0103613e" testListId="8c84fa94-04c1-424b-9868-57a2d4851a1d" />
    <TestEntry testId="1b7c63dd-f362-4864-8281-e2839e97275e" executionId="20f357bf-d10d-46ce-8bc5-1d6b176947e2" testListId="8c84fa94-04c1-424b-9868-57a2d4851a1d" />
    <TestEntry testId="11170b85-1a99-45f5-a52a-d5634b22d9bb" executionId="268e1c74-026f-4836-a5ef-b2ab78245782" testListId="8c84fa94-04c1-424b-9868-57a2d4851a1d" />
    <TestEntry testId="39143dfe-eea3-44fc-9461-04b9cf5be334" executionId="6ab7755c-e744-480f-8ae4-9aeeea6d3dee" testListId="8c84fa94-04c1-424b-9868-57a2d4851a1d" />
    <TestEntry testId="fb852110-65aa-4236-a087-2ae51bf307d9" executionId="b4002680-fa4d-40c7-9a02-be50dfbe7615" testListId="8c84fa94-04c1-424b-9868-57a2d4851a1d" />
    <TestEntry testId="b74db00c-5c53-429d-a9af-58ad7b42459f" executionId="956532c7-304d-48d6-9121-8983d8577f8d" testListId="8c84fa94-04c1-424b-9868-57a2d4851a1d" />
    <TestEntry testId="286e3925-028d-489d-90c0-228879cf3404" executionId="6f8c0975-4e99-48b6-900d-7ab66c4ef692" testListId="8c84fa94-04c1-424b-9868-57a2d4851a1d" />
    <TestEntry testId="d36e7867-507b-42ce-81b5-5160cd1ed8a1" executionId="767729ff-4821-496c-a4b8-8227244acaf8" testListId="8c84fa94-04c1-424b-9868-57a2d4851a1d" />
    <TestEntry testId="45adbed0-34e3-43f6-a3c7-91e32ec2a81b" executionId="c4152d6d-b7f3-40fe-8adc-7af5c67b7d8d" testListId="8c84fa94-04c1-424b-9868-57a2d4851a1d" />
    <TestEntry testId="4d461b4d-9a79-4a36-8492-2a949b2e50a2" executionId="f6ee1e5b-8cd2-4f9b-9c06-d5ef0fa11ba6" testListId="8c84fa94-04c1-424b-9868-57a2d4851a1d" />
    <TestEntry testId="65c52385-c1ec-4ee8-8566-a412abee539a" executionId="ed4d5d7a-1be2-4a05-afb1-8366b5f990b2" testListId="8c84fa94-04c1-424b-9868-57a2d4851a1d" />
    <TestEntry testId="4215b8e7-7622-4920-9733-92c46652c723" executionId="db120c7e-4d73-4dbc-9fb5-63cb37eb99a5" testListId="8c84fa94-04c1-424b-9868-57a2d4851a1d" />
    <TestEntry testId="470fbd01-adc2-46ac-bee6-3ad6f462d610" executionId="035761f0-1637-4cdd-87e9-cdbab38b6441" testListId="8c84fa94-04c1-424b-9868-57a2d4851a1d" />
    <TestEntry testId="b5992593-ae4d-4a9b-834a-3254d1ba1412" executionId="44b60f21-645c-49f8-a3a4-f050ed391451" testListId="8c84fa94-04c1-424b-9868-57a2d4851a1d" />
    <TestEntry testId="62b2333e-cafe-40e5-baee-2f33b828a83f" executionId="21826a89-9c8c-4b2a-a536-f00a1e1e896b" testListId="8c84fa94-04c1-424b-9868-57a2d4851a1d" />
    <TestEntry testId="56f454ce-1394-4439-8c01-50fa15888de5" executionId="017ebc97-909c-498c-bb1f-3efd2fac46b4" testListId="8c84fa94-04c1-424b-9868-57a2d4851a1d" />
    <TestEntry testId="c6dc1e46-5b14-441f-a6b6-2ecce3cb4f0b" executionId="9c7bca1d-8ddc-4834-b2fa-7f77a6909556" testListId="8c84fa94-04c1-424b-9868-57a2d4851a1d" />
    <TestEntry testId="0e56a061-357b-462d-981d-4031b5f9f0d1" executionId="6d25acf7-d72e-4ce1-97f0-2e7f3d29ceb0" testListId="8c84fa94-04c1-424b-9868-57a2d4851a1d" />
    <TestEntry testId="c2664efb-871d-4c9c-9cb2-8cbd3064fe97" executionId="0775e31e-82a4-41e2-b5bb-2a0b9f900b17" testListId="8c84fa94-04c1-424b-9868-57a2d4851a1d" />
    <TestEntry testId="4f779c3e-462b-4f81-8b15-18985087ffcd" executionId="240392c9-bd73-45b2-b912-a7500b08d18c" testListId="8c84fa94-04c1-424b-9868-57a2d4851a1d" />
    <TestEntry testId="2fb851eb-d98f-42b1-80de-971b29e3565a" executionId="fecb229e-20a5-4953-ad8e-e47ff8397a30" testListId="8c84fa94-04c1-424b-9868-57a2d4851a1d" />
    <TestEntry testId="7f6ed02c-215a-4102-8ed2-c9e7623ce97c" executionId="aabd3d58-598f-4504-99a7-8ea54384507e" testListId="8c84fa94-04c1-424b-9868-57a2d4851a1d" />
    <TestEntry testId="c9afbb55-1be6-4396-96f2-b4543ef96662" executionId="ffc202d0-d9a5-419d-ab55-09c89b0fc4cb" testListId="8c84fa94-04c1-424b-9868-57a2d4851a1d" />
    <TestEntry testId="369797b4-9f16-45a3-9c88-106aeb13dbb9" executionId="d6e0c5d2-3e26-450c-8a7d-ad0dcca2dedf" testListId="8c84fa94-04c1-424b-9868-57a2d4851a1d" />
    <TestEntry testId="0fc4bde7-847a-4971-8779-ba56bb135a40" executionId="39160afe-0e89-4abb-b1f9-4c87639466bb" testListId="8c84fa94-04c1-424b-9868-57a2d4851a1d" />
    <TestEntry testId="c68f792c-8d21-41de-bacc-d775c062d3ba" executionId="93fed868-dca3-47bd-bfd7-c57c762c05f6" testListId="8c84fa94-04c1-424b-9868-57a2d4851a1d" />
    <TestEntry testId="d2a8d953-4f96-4169-b019-ae4999b47b32" executionId="df67c924-3057-46ef-a432-83eb67f61809" testListId="8c84fa94-04c1-424b-9868-57a2d4851a1d" />
    <TestEntry testId="e1f1a058-98c2-4616-a9b3-4e3cc78016d2" executionId="958f5a26-0c36-44a3-ad38-d06ab04849ed" testListId="8c84fa94-04c1-424b-9868-57a2d4851a1d" />
    <TestEntry testId="b9c3f948-7f55-48dc-a61c-da5af456eaaf" executionId="3c8577be-5515-406d-b892-a84ab1f4e8d7" testListId="8c84fa94-04c1-424b-9868-57a2d4851a1d" />
    <TestEntry testId="2c54ef70-5c87-4023-8897-bb34c13f1cae" executionId="14a10f2f-e1d3-46ed-914a-09d3d8cc7226" testListId="8c84fa94-04c1-424b-9868-57a2d4851a1d" />
    <TestEntry testId="b02db67d-1ef1-459b-b343-252d572cc322" executionId="b285a4bf-54c4-4106-a3c6-8ee8d38310ed" testListId="8c84fa94-04c1-424b-9868-57a2d4851a1d" />
    <TestEntry testId="9569cc4b-cab2-4c50-8221-ba64f43b5b0c" executionId="8860ca9d-9231-4263-9e8f-ad3678266660" testListId="8c84fa94-04c1-424b-9868-57a2d4851a1d" />
    <TestEntry testId="6415b973-5ba9-401a-a3d5-964ba7ed0174" executionId="a0c93b89-9a46-4896-be51-0b7643f66aa1" testListId="8c84fa94-04c1-424b-9868-57a2d4851a1d" />
    <TestEntry testId="d5e8cc3f-7697-4180-8a62-577e4b3f567e" executionId="f97a240f-fb28-457a-8b31-e0c084443df9" testListId="8c84fa94-04c1-424b-9868-57a2d4851a1d" />
    <TestEntry testId="891e3f1f-fd80-4635-92bb-951905a41fda" executionId="004c19be-088d-414b-b2a0-87fd12a3999f" testListId="8c84fa94-04c1-424b-9868-57a2d4851a1d" />
    <TestEntry testId="72e62c47-7152-4a4d-be01-c53c3eec8fcb" executionId="21353435-8ef4-46d7-a423-6c104a33490e" testListId="8c84fa94-04c1-424b-9868-57a2d4851a1d" />
    <TestEntry testId="4602ad4e-8e6b-4bcd-9e03-08faa28c11a3" executionId="5a3182a9-3d23-4c93-8e31-3311f9b16932" testListId="8c84fa94-04c1-424b-9868-57a2d4851a1d" />
    <TestEntry testId="273ae62c-136d-4b94-962d-3b11289e6945" executionId="e278d809-e83c-458b-b2d0-53b556a7e0ff" testListId="8c84fa94-04c1-424b-9868-57a2d4851a1d" />
    <TestEntry testId="d74374d7-9ebc-4495-8dd6-dfe8e11a9b15" executionId="49514f67-cbd1-4d0e-a7e5-27fb3cc349c8" testListId="8c84fa94-04c1-424b-9868-57a2d4851a1d" />
    <TestEntry testId="d4777fb9-3f7c-4d6a-9733-eba063fdcff2" executionId="a484a9f9-6c98-4e22-a650-41ad01124019" testListId="8c84fa94-04c1-424b-9868-57a2d4851a1d" />
    <TestEntry testId="a830d7ea-cc04-4890-bf49-5aac931d8177" executionId="004d99c1-263d-4e7b-b4db-791b9dec74c3" testListId="8c84fa94-04c1-424b-9868-57a2d4851a1d" />
    <TestEntry testId="1258e4e2-b828-46d4-9a2c-731dc3eac682" executionId="63e829da-4905-47ac-b4a4-1724489d4a82" testListId="8c84fa94-04c1-424b-9868-57a2d4851a1d" />
    <TestEntry testId="31362e34-401e-4fbc-b267-a760fb0d7715" executionId="0db4dc27-f888-4f88-b0d7-b466d8058067" testListId="8c84fa94-04c1-424b-9868-57a2d4851a1d" />
    <TestEntry testId="df9d7b54-cd9f-495d-8a64-d1d994478d6a" executionId="72ef7455-0504-46c7-9028-734743cf5999" testListId="8c84fa94-04c1-424b-9868-57a2d4851a1d" />
    <TestEntry testId="b154c7e1-0b59-4557-9cfe-8525e90eeb2a" executionId="d1a5c046-34a0-4676-aeec-b9adccaaf97c" testListId="8c84fa94-04c1-424b-9868-57a2d4851a1d" />
    <TestEntry testId="9b284602-9cd5-4075-aaf4-7ea716803334" executionId="3132f163-2645-425d-a625-75a3ed360aa7" testListId="8c84fa94-04c1-424b-9868-57a2d4851a1d" />
    <TestEntry testId="a15eb62b-3c72-4ac1-83f1-2184d73f5499" executionId="4ff002d0-ae65-4866-9e64-d2537b882ec7" testListId="8c84fa94-04c1-424b-9868-57a2d4851a1d" />
    <TestEntry testId="40838a45-4178-48d9-b10b-78bbf7da6cbc" executionId="d30255dc-8eb9-45db-b4d6-be505841da14" testListId="8c84fa94-04c1-424b-9868-57a2d4851a1d" />
    <TestEntry testId="fa054159-b1fd-4f7d-9a71-1e5b9b67acab" executionId="dd48420a-68a6-478f-b358-2c2b744d3d13" testListId="8c84fa94-04c1-424b-9868-57a2d4851a1d" />
    <TestEntry testId="8518230c-df7a-4b82-8c78-4c3112903941" executionId="f70ed879-3b92-455a-8a1e-e55e008b6b39" testListId="8c84fa94-04c1-424b-9868-57a2d4851a1d" />
    <TestEntry testId="0595615c-b579-40c8-9ab0-da3e13275165" executionId="5f7238de-b81d-409e-b3fd-237d9f5a4089" testListId="8c84fa94-04c1-424b-9868-57a2d4851a1d" />
    <TestEntry testId="bd4b79b5-572e-4bc7-be93-73cb8c3a9796" executionId="d39153dd-8aa7-46d0-a173-5e2933768f92" testListId="8c84fa94-04c1-424b-9868-57a2d4851a1d" />
    <TestEntry testId="74869727-c5cf-455a-b926-bba2e2d42831" executionId="56de0569-ee1b-49a0-98c9-899fe73f243b" testListId="8c84fa94-04c1-424b-9868-57a2d4851a1d" />
    <TestEntry testId="a8861edd-9ed4-4134-999a-cd3a6605f49a" executionId="e9fd9b8d-2ec0-4c9f-855b-082513536443" testListId="8c84fa94-04c1-424b-9868-57a2d4851a1d" />
    <TestEntry testId="c742f209-8ae1-43fe-a8b1-2b871bc29733" executionId="475c2a57-450c-4eaf-805d-b64418169faf" testListId="8c84fa94-04c1-424b-9868-57a2d4851a1d" />
    <TestEntry testId="84fb3ac5-aa90-4d6a-862a-0700147207f6" executionId="e4f1b1ed-77e7-476d-a799-d536297af0eb" testListId="8c84fa94-04c1-424b-9868-57a2d4851a1d" />
    <TestEntry testId="b203e7f7-ab33-4806-9854-3e7121190116" executionId="f54c3682-f468-423c-86fb-585c2d2c5660" testListId="8c84fa94-04c1-424b-9868-57a2d4851a1d" />
    <TestEntry testId="5321d1b4-3a04-4ed1-9eb5-a06bf6f9d49d" executionId="5f62b24f-4286-41d3-82bc-fdc36fc4639f" testListId="8c84fa94-04c1-424b-9868-57a2d4851a1d" />
    <TestEntry testId="a2aaf107-53e8-4de8-b6af-9f1b1b2b524a" executionId="07140a38-5995-4757-8afa-08fcc20a3ea6" testListId="8c84fa94-04c1-424b-9868-57a2d4851a1d" />
    <TestEntry testId="d74e72c6-96bb-4787-9cc4-998d2328014b" executionId="b444049a-ff38-4a57-bc2a-acb3cc6694c6" testListId="8c84fa94-04c1-424b-9868-57a2d4851a1d" />
    <TestEntry testId="7fc3be10-f009-4337-9375-3d8309a1cdff" executionId="9945c8d7-5fcf-4e2c-a9eb-2434565a9e10" testListId="8c84fa94-04c1-424b-9868-57a2d4851a1d" />
    <TestEntry testId="242d62ab-d439-4225-963e-0290b854b484" executionId="1aeb5211-e9a3-4d3e-ab45-97cafb069a25" testListId="8c84fa94-04c1-424b-9868-57a2d4851a1d" />
    <TestEntry testId="938a2cd9-938c-4824-8504-3ccc99f6fbaf" executionId="dd5077c0-df0b-48fb-a983-efccce08552f" testListId="8c84fa94-04c1-424b-9868-57a2d4851a1d" />
    <TestEntry testId="ba955838-226d-43c0-9e4e-4b20fbaedf2e" executionId="b63cc5ae-1841-495c-b704-f16af9b4e4bd" testListId="8c84fa94-04c1-424b-9868-57a2d4851a1d" />
    <TestEntry testId="87295626-219b-4a10-80dd-5ef2b7ebe912" executionId="b524df87-eb22-4c91-a857-002b4bc6f735" testListId="8c84fa94-04c1-424b-9868-57a2d4851a1d" />
    <TestEntry testId="633592bd-dfbf-42ed-b8c0-35af1c6f6d1b" executionId="7f8e1cca-e73c-4139-a5b9-ce5b944e4613" testListId="8c84fa94-04c1-424b-9868-57a2d4851a1d" />
    <TestEntry testId="dceef07e-fe30-4ea6-a3a3-d41eed2dfaea" executionId="bf9fc15e-751c-4ec8-a93d-565956b6c842" testListId="8c84fa94-04c1-424b-9868-57a2d4851a1d" />
    <TestEntry testId="2df1f5a5-fd8e-4492-b711-2d3923ad21bd" executionId="980ff631-3d90-4744-ab4f-c7dc7a40da5e" testListId="8c84fa94-04c1-424b-9868-57a2d4851a1d" />
    <TestEntry testId="7a0b5964-17e4-4d17-8a64-95c94d68f07a" executionId="e40b8744-6f49-4f00-ac56-6e739dbb059e" testListId="8c84fa94-04c1-424b-9868-57a2d4851a1d" />
    <TestEntry testId="cbbffcd2-9dc6-4f2a-8323-b1b6183c9a5a" executionId="3c52d63b-7839-4b70-bb0d-5f38a5da3baf" testListId="8c84fa94-04c1-424b-9868-57a2d4851a1d" />
    <TestEntry testId="3a59fa86-da0b-43ea-9130-37c7a149d0d7" executionId="c9c6e081-7c28-4ae8-b619-015077e6a26e" testListId="8c84fa94-04c1-424b-9868-57a2d4851a1d" />
    <TestEntry testId="314aee83-b148-4553-9650-ea42d8ae724f" executionId="87d1d515-876e-4811-9990-234054a8c0dd" testListId="8c84fa94-04c1-424b-9868-57a2d4851a1d" />
    <TestEntry testId="ec5bfb66-9824-4a0b-9e1d-5e4d4b323483" executionId="60735406-ae0d-467c-9c9a-877eb55da96c" testListId="8c84fa94-04c1-424b-9868-57a2d4851a1d" />
    <TestEntry testId="63a036f0-05c6-4eb8-a373-4628756ea0f6" executionId="0eb2aff4-29c7-4f0e-9e7a-223c343d57e7" testListId="8c84fa94-04c1-424b-9868-57a2d4851a1d" />
    <TestEntry testId="09f9ac26-1d06-4f61-8e68-a3dccd813b27" executionId="0d0d2daa-bf89-45b6-af2e-5640fb17071e" testListId="8c84fa94-04c1-424b-9868-57a2d4851a1d" />
    <TestEntry testId="eab3444b-d2ff-4e63-9065-a66b3b59c973" executionId="37719759-21db-47bc-aff9-b9a48c875c90" testListId="8c84fa94-04c1-424b-9868-57a2d4851a1d" />
    <TestEntry testId="a2d7f48a-24f6-4fb6-a4f0-7e51728be385" executionId="215398af-1ecf-4ad0-a9f4-820112ab8be1" testListId="8c84fa94-04c1-424b-9868-57a2d4851a1d" />
    <TestEntry testId="a6e7b5f7-a402-4250-8040-62616c1bd907" executionId="8a48927f-cc86-4f04-b0b2-edf211147568" testListId="8c84fa94-04c1-424b-9868-57a2d4851a1d" />
    <TestEntry testId="3f14bfd2-f2df-40a5-9b53-11ba5991608e" executionId="627d39d2-2053-4498-879d-09439ee360ea" testListId="8c84fa94-04c1-424b-9868-57a2d4851a1d" />
    <TestEntry testId="cd45a82c-a1db-44df-aac5-8e36b644a4f1" executionId="0de17061-f6f2-4979-9347-41696fe20f7c" testListId="8c84fa94-04c1-424b-9868-57a2d4851a1d" />
    <TestEntry testId="e0b9523c-47d0-4ed6-87c1-e78b0ad8def9" executionId="f6f52f19-74f1-4fea-9e7f-05df46d569df" testListId="8c84fa94-04c1-424b-9868-57a2d4851a1d" />
    <TestEntry testId="5515d23f-7eb3-4765-834a-2e50b5fdf4e4" executionId="e2247ea8-08ff-4909-bd34-8eecf9ce4376" testListId="8c84fa94-04c1-424b-9868-57a2d4851a1d" />
    <TestEntry testId="8e828379-bdf5-4a1d-b879-bd9b301d310f" executionId="df87c82f-1a1f-43af-a773-d5c38e98acb0" testListId="8c84fa94-04c1-424b-9868-57a2d4851a1d" />
    <TestEntry testId="245dc144-99f1-4d46-9133-f5d0e4213f42" executionId="b36a735e-0e5e-4483-ba5d-e1b9b142e81c" testListId="8c84fa94-04c1-424b-9868-57a2d4851a1d" />
    <TestEntry testId="4252a684-6e97-49d3-989e-4e08beaed3d1" executionId="80b08abc-a14a-4f30-82f8-c888c5d64a10" testListId="8c84fa94-04c1-424b-9868-57a2d4851a1d" />
    <TestEntry testId="e6e4f9b1-b0bb-40ea-8c37-120a5a161a98" executionId="5ad191c4-a4f4-43ae-969a-02ef114480b3" testListId="8c84fa94-04c1-424b-9868-57a2d4851a1d" />
    <TestEntry testId="51b56147-2bd9-40e2-906f-c96a66af1ff0" executionId="5dcda63f-49a8-4acd-a6b1-92dfe1638e90" testListId="8c84fa94-04c1-424b-9868-57a2d4851a1d" />
    <TestEntry testId="9261adff-1498-4b18-ac3f-a557615448df" executionId="755f37d6-e8e3-40c1-904a-7a08058d803f" testListId="8c84fa94-04c1-424b-9868-57a2d4851a1d" />
    <TestEntry testId="d45c538e-cb48-4d3a-ac64-83726ca65977" executionId="01ba8218-a15f-419c-a2dc-7d777aa77d90" testListId="8c84fa94-04c1-424b-9868-57a2d4851a1d" />
    <TestEntry testId="a9e3d1c8-bac4-4ef1-aa7e-e0700b024649" executionId="12b5bb6b-1bed-41ab-a388-f0b3039c0b70" testListId="8c84fa94-04c1-424b-9868-57a2d4851a1d" />
    <TestEntry testId="f0347ec0-a89c-4fa8-96b0-a74f9270284f" executionId="54b50f16-b365-4beb-8a9f-e4ccb033dc56" testListId="8c84fa94-04c1-424b-9868-57a2d4851a1d" />
    <TestEntry testId="b4c25b31-9765-460f-a06f-7b4d8e1cee70" executionId="2893eef5-abbc-4f35-8721-fe29adb9fc7b" testListId="8c84fa94-04c1-424b-9868-57a2d4851a1d" />
    <TestEntry testId="43997536-0561-49fb-a7ff-a34047a95152" executionId="085e0b9f-807f-4e2d-bae3-06d8e179268d" testListId="8c84fa94-04c1-424b-9868-57a2d4851a1d" />
    <TestEntry testId="cb619ac5-1ad1-454f-9c9b-e21e865c9565" executionId="55093013-4b24-4be2-a8aa-c6dba41a84c4" testListId="8c84fa94-04c1-424b-9868-57a2d4851a1d" />
    <TestEntry testId="0d2fd5f2-b320-4514-aa05-25c86d8688b2" executionId="81734d3d-dcd4-44c8-88f1-62b1f42e81c0" testListId="8c84fa94-04c1-424b-9868-57a2d4851a1d" />
    <TestEntry testId="1a2203c4-52b2-420c-847e-a0ac2953f8b8" executionId="8ec8e021-381c-4101-bf0c-af635aca5073" testListId="8c84fa94-04c1-424b-9868-57a2d4851a1d" />
    <TestEntry testId="5769394d-c016-4f0b-88cb-ef1873cb07fc" executionId="26c511f5-fac8-449c-b983-341120f3d5cd" testListId="8c84fa94-04c1-424b-9868-57a2d4851a1d" />
    <TestEntry testId="96de9289-34ef-4d16-8441-daf5c3a98429" executionId="ab90dcfb-097f-4cc6-a848-1c6ada33a677" testListId="8c84fa94-04c1-424b-9868-57a2d4851a1d" />
    <TestEntry testId="2ce62030-aada-4000-9afb-a3d26104af47" executionId="9438694a-8cf5-4413-84e7-160d416e5ed1" testListId="8c84fa94-04c1-424b-9868-57a2d4851a1d" />
    <TestEntry testId="e2d01b65-6a0e-468c-af3a-a4e6c901afd4" executionId="afb3cc72-5799-47b4-bb62-0984319e3d41" testListId="8c84fa94-04c1-424b-9868-57a2d4851a1d" />
    <TestEntry testId="ff56ded7-a5eb-408b-9d55-0e2492c73e68" executionId="333db3df-45e7-46d4-a5da-a733015b748c" testListId="8c84fa94-04c1-424b-9868-57a2d4851a1d" />
    <TestEntry testId="1ca69e95-b2a6-4910-857d-608a8ebf186e" executionId="921d837d-fbc3-48a8-8d61-b9b9568f1d24" testListId="8c84fa94-04c1-424b-9868-57a2d4851a1d" />
    <TestEntry testId="6cd86cfa-3b61-4988-835d-726e6130b9da" executionId="a79b672f-a317-4060-8e4a-0dd414767ad9" testListId="8c84fa94-04c1-424b-9868-57a2d4851a1d" />
    <TestEntry testId="1aab1bc3-6c04-4e5e-a6c9-65e522709a49" executionId="04541281-fbc6-4b9c-b738-534ab6af5f5c" testListId="8c84fa94-04c1-424b-9868-57a2d4851a1d" />
    <TestEntry testId="c2127a9b-5465-45f4-a01a-3f9e1c9789d4" executionId="dba71a09-88d7-4f57-83e1-78ad50a9b14a" testListId="8c84fa94-04c1-424b-9868-57a2d4851a1d" />
    <TestEntry testId="618f896f-f415-4b4e-8d28-ae70cb241235" executionId="ca443cf5-7d64-473c-bab8-c7318f91ec5b" testListId="8c84fa94-04c1-424b-9868-57a2d4851a1d" />
    <TestEntry testId="7a07630e-1498-4af8-bded-2cf644279d33" executionId="9b417169-1a87-49e8-945e-59017e5b5525" testListId="8c84fa94-04c1-424b-9868-57a2d4851a1d" />
    <TestEntry testId="1c9955e0-2269-47d4-ad66-ca14b75c192b" executionId="d0d68822-1d8d-476f-9991-42eb000d31ae" testListId="8c84fa94-04c1-424b-9868-57a2d4851a1d" />
    <TestEntry testId="d960ef01-2e55-4f60-838f-11f86f41eb8c" executionId="9b4eb623-d4e9-420e-b8a0-f810a37a677c" testListId="8c84fa94-04c1-424b-9868-57a2d4851a1d" />
    <TestEntry testId="c57cdda6-64f7-428f-b22f-99e40e2fc016" executionId="d5d05191-1443-4344-a9c7-a8f5789957f1" testListId="8c84fa94-04c1-424b-9868-57a2d4851a1d" />
    <TestEntry testId="a1b470eb-d7aa-412e-a4ad-cae2af2e15db" executionId="3242f168-6d99-462e-8f75-2e630aeb768e" testListId="8c84fa94-04c1-424b-9868-57a2d4851a1d" />
    <TestEntry testId="144948fe-856d-4d5e-9b40-aa38f09055ca" executionId="15ea367c-2131-4e25-9990-70bca678b076" testListId="8c84fa94-04c1-424b-9868-57a2d4851a1d" />
    <TestEntry testId="1172fe18-e290-415d-a740-c2e63393d8f6" executionId="af04ee57-7ffb-4403-b9c7-badbb13850f2" testListId="8c84fa94-04c1-424b-9868-57a2d4851a1d" />
    <TestEntry testId="2c4eb181-ac52-4f02-9151-28be319f45b6" executionId="b00a8d3c-30a5-4ebe-8b29-5d7eb470a934" testListId="8c84fa94-04c1-424b-9868-57a2d4851a1d" />
    <TestEntry testId="1dc05173-1411-4e3d-aaf1-d5ff8c1baf6c" executionId="3d96de08-3536-4ded-8e41-822ddb4c6046" testListId="8c84fa94-04c1-424b-9868-57a2d4851a1d" />
    <TestEntry testId="94f7c0b4-c8eb-46ce-afde-3a051855b1b0" executionId="181ad80a-2be2-4721-9ecd-dac8731fbe5d" testListId="8c84fa94-04c1-424b-9868-57a2d4851a1d" />
    <TestEntry testId="47cb23b9-df83-4dae-8722-16fa7d439f84" executionId="4dfa431e-3e46-415f-b921-45fdb3243cec" testListId="8c84fa94-04c1-424b-9868-57a2d4851a1d" />
    <TestEntry testId="e031eb07-63ec-4258-abbb-93aadc2d2a79" executionId="45f0e12f-872c-46a8-8774-8c7d10398f2a" testListId="8c84fa94-04c1-424b-9868-57a2d4851a1d" />
    <TestEntry testId="4bcbba4b-2851-46d6-bdaf-8d800d7fc4fe" executionId="6646b9a9-ce73-45c7-a75f-91823dcdb894" testListId="8c84fa94-04c1-424b-9868-57a2d4851a1d" />
    <TestEntry testId="def906b4-97ba-4051-b890-34c408279496" executionId="6a37b072-a25b-4d08-8c74-d048afcefe01" testListId="8c84fa94-04c1-424b-9868-57a2d4851a1d" />
    <TestEntry testId="d30b79e2-fcbc-4d5b-907d-48aa39663ab8" executionId="4e74aee5-846d-42ba-b08b-6ad53d2adc0f" testListId="8c84fa94-04c1-424b-9868-57a2d4851a1d" />
    <TestEntry testId="ee4166c6-3387-4cd9-bdab-dd34902c92ff" executionId="f8a9cdab-72e2-48d4-992f-f8eee1c38703" testListId="8c84fa94-04c1-424b-9868-57a2d4851a1d" />
    <TestEntry testId="dd4f46fc-dd73-4122-9ca5-186245ba89a1" executionId="526ab14c-8a69-4d56-9610-388ee1c5f8dd" testListId="8c84fa94-04c1-424b-9868-57a2d4851a1d" />
    <TestEntry testId="ce008dc6-8640-406e-bb6d-6237e497333b" executionId="49f57299-d659-403f-9179-6af92874886d" testListId="8c84fa94-04c1-424b-9868-57a2d4851a1d" />
    <TestEntry testId="f78e9c62-690c-4277-b1f5-3d1c73a606a7" executionId="2b3c7c60-48ff-476e-9401-a4392ac08aad" testListId="8c84fa94-04c1-424b-9868-57a2d4851a1d" />
    <TestEntry testId="7f45cfde-8cbc-4560-8b9a-21d5d88337fc" executionId="4d8c54fa-7063-4fb9-8987-45cc66e63f1b" testListId="8c84fa94-04c1-424b-9868-57a2d4851a1d" />
    <TestEntry testId="61b9e645-3bdf-43a1-952c-90e361e1b24f" executionId="363f6faa-a1a0-4399-a6f6-7b6cbc432c86" testListId="8c84fa94-04c1-424b-9868-57a2d4851a1d" />
    <TestEntry testId="be8fbaa1-ca2e-47e9-ba00-e5513a6e8b7b" executionId="b799f3c9-5134-4f16-bbef-494b15885ac9" testListId="8c84fa94-04c1-424b-9868-57a2d4851a1d" />
    <TestEntry testId="3fd96e5b-4851-44e5-8c55-83b038cc6a59" executionId="c0675486-0b8b-44b0-8053-87992d446a45" testListId="8c84fa94-04c1-424b-9868-57a2d4851a1d" />
    <TestEntry testId="598347b1-0aa7-466d-b1be-dc5f775f4e3f" executionId="7f92d1ed-8399-4090-80de-ffa4824f4251" testListId="8c84fa94-04c1-424b-9868-57a2d4851a1d" />
    <TestEntry testId="f779b864-72c1-4203-ad79-df3d69aba263" executionId="16f5ff53-e5ed-4ade-a989-7777bf4d2fdd" testListId="8c84fa94-04c1-424b-9868-57a2d4851a1d" />
    <TestEntry testId="70854579-dc4d-49ce-b553-dd35df7f0ca0" executionId="067c6052-2494-45a6-ac51-c338c3b1c556" testListId="8c84fa94-04c1-424b-9868-57a2d4851a1d" />
    <TestEntry testId="85fb9872-e17f-4d30-8162-003c4fce6f2a" executionId="534ab943-7513-4ee3-b5f7-f1c0c2be9bf8" testListId="8c84fa94-04c1-424b-9868-57a2d4851a1d" />
    <TestEntry testId="bd324550-4fab-4415-a77c-26bb110207a6" executionId="a4541df6-177f-42b5-82c8-1eb1bd9257f4" testListId="8c84fa94-04c1-424b-9868-57a2d4851a1d" />
    <TestEntry testId="d2bba93a-19b7-42da-9b7a-39f177b75cfa" executionId="b4cc310c-49fe-41ab-886f-0287ba528ea5" testListId="8c84fa94-04c1-424b-9868-57a2d4851a1d" />
    <TestEntry testId="58405808-1bde-445d-b3be-2238af6bcde7" executionId="47a297e6-40fd-43ef-8ef6-dd4b50fa5147" testListId="8c84fa94-04c1-424b-9868-57a2d4851a1d" />
    <TestEntry testId="04993174-5bfd-4493-924f-f33e2309843c" executionId="89e3f68a-e6e8-4568-bf16-be9cac5bb8d7" testListId="8c84fa94-04c1-424b-9868-57a2d4851a1d" />
    <TestEntry testId="a1a78ee5-4c26-40c7-a1ae-306bdc0ca708" executionId="9fdc9695-78b0-4e8c-832a-a39d74571f85" testListId="8c84fa94-04c1-424b-9868-57a2d4851a1d" />
    <TestEntry testId="e5754764-5e6d-48fa-81de-3473730bec85" executionId="03533b6b-3f72-4c94-967f-9cbc8169558e" testListId="8c84fa94-04c1-424b-9868-57a2d4851a1d" />
    <TestEntry testId="197bcd1d-ad5b-4bbb-9a5f-5ccce3c57893" executionId="20beeba0-617b-49f6-8dd0-330945eba79d" testListId="8c84fa94-04c1-424b-9868-57a2d4851a1d" />
    <TestEntry testId="f3152470-ab0d-4566-ada6-5a1d8d08eaf2" executionId="9a042927-ab3f-4e0a-988f-b4312db3368b" testListId="8c84fa94-04c1-424b-9868-57a2d4851a1d" />
    <TestEntry testId="a660b7c8-4620-4053-adf8-7a1338416b13" executionId="2bce2aa5-9d23-44bf-8f6d-e09fb7e4c584" testListId="8c84fa94-04c1-424b-9868-57a2d4851a1d" />
    <TestEntry testId="ad75d38d-1d88-45fd-8612-af6958483767" executionId="b0ed4456-d734-4b57-9815-1fea8a79966f" testListId="8c84fa94-04c1-424b-9868-57a2d4851a1d" />
    <TestEntry testId="20cacbc5-19c3-43f9-87f1-c3593318eaee" executionId="bde6ac6b-e671-4af2-93be-570d22fa6976" testListId="8c84fa94-04c1-424b-9868-57a2d4851a1d" />
    <TestEntry testId="9f7a14dd-f87b-47c6-a533-6c2950e49b53" executionId="b161d6e0-03dd-4d81-9c96-c83a5af6faaa" testListId="8c84fa94-04c1-424b-9868-57a2d4851a1d" />
    <TestEntry testId="793a7436-ded0-4a32-86b4-a316ca1974b9" executionId="adcef778-3b95-4187-9e6c-a9916c92cfa2" testListId="8c84fa94-04c1-424b-9868-57a2d4851a1d" />
    <TestEntry testId="e1390701-c0ef-4835-9fe0-7af66d2647c1" executionId="d73900bc-3837-4177-bc8b-df4a4c987a95" testListId="8c84fa94-04c1-424b-9868-57a2d4851a1d" />
    <TestEntry testId="5abcc3a4-0f67-4df3-97c3-deb47b43dc77" executionId="6a68dc0e-23eb-4985-8646-9de17b90285b" testListId="8c84fa94-04c1-424b-9868-57a2d4851a1d" />
    <TestEntry testId="d582e926-97fa-4dd7-aaaa-ac4cd4c4df5c" executionId="26069723-2d6b-4917-86e3-54dfa69d4002" testListId="8c84fa94-04c1-424b-9868-57a2d4851a1d" />
    <TestEntry testId="6e609019-9db5-4e4b-bfda-54e688202599" executionId="7c685708-6347-4b94-9d91-d8361f2a0696" testListId="8c84fa94-04c1-424b-9868-57a2d4851a1d" />
    <TestEntry testId="1789cdf9-9970-4aca-a68b-69f83945cf2c" executionId="e43d6718-5fff-4180-b815-128a92caf5c4" testListId="8c84fa94-04c1-424b-9868-57a2d4851a1d" />
    <TestEntry testId="c0533a42-8c38-4ed9-9e88-6b6fea7fb76f" executionId="d8287f80-3aa3-43d5-8e47-36f654517952" testListId="8c84fa94-04c1-424b-9868-57a2d4851a1d" />
    <TestEntry testId="2f8fdd3c-fa08-45b4-beec-3c690f298d92" executionId="ac93670e-2778-438b-9cc7-415d1403375a" testListId="8c84fa94-04c1-424b-9868-57a2d4851a1d" />
    <TestEntry testId="1cfdf02e-d1dd-46d7-8bf9-ad94ea8c8183" executionId="19aed488-15f7-4da5-8c55-0859517f80d5" testListId="8c84fa94-04c1-424b-9868-57a2d4851a1d" />
    <TestEntry testId="ccd0eacd-d81f-4e71-8233-8a993249c29c" executionId="82b6c4e9-3282-4331-85ec-8b4da5aad571" testListId="8c84fa94-04c1-424b-9868-57a2d4851a1d" />
    <TestEntry testId="c873a61a-42f9-40fc-a9a3-75217125deaa" executionId="9815fe05-b615-42f5-ae2b-8605b604b40d" testListId="8c84fa94-04c1-424b-9868-57a2d4851a1d" />
    <TestEntry testId="89ae8383-bff4-4963-823b-173937e48e8f" executionId="319344e7-d234-44e6-a1ea-b2aa9aabde64" testListId="8c84fa94-04c1-424b-9868-57a2d4851a1d" />
    <TestEntry testId="8640d22d-4b7f-4d2f-b26a-0114e5634eb9" executionId="f3a876bb-661b-4bda-a531-a450dfe92ed0" testListId="8c84fa94-04c1-424b-9868-57a2d4851a1d" />
    <TestEntry testId="7c894b06-8174-42bd-8e2f-acc80712aeb1" executionId="23fe1288-c7d4-4af1-bcdc-49644caf6c04" testListId="8c84fa94-04c1-424b-9868-57a2d4851a1d" />
    <TestEntry testId="760ac732-a304-447a-92f9-58c429ae4ec0" executionId="19599d37-1d76-4267-a8ec-ae63d6dd6a07" testListId="8c84fa94-04c1-424b-9868-57a2d4851a1d" />
    <TestEntry testId="a32e632f-dc5d-4a65-aa7a-939fe9f88ed8" executionId="066debc3-1795-4a1f-8510-feae552087f0" testListId="8c84fa94-04c1-424b-9868-57a2d4851a1d" />
    <TestEntry testId="e60e58f5-e94a-4860-aec3-d974c48ebb3e" executionId="572bd167-7724-4e68-b4ae-4752a2aa4181" testListId="8c84fa94-04c1-424b-9868-57a2d4851a1d" />
    <TestEntry testId="5eab2b62-5393-46f8-801b-fb7da5669e5d" executionId="0fb032d0-dbfc-4131-bd06-5b27a5725723" testListId="8c84fa94-04c1-424b-9868-57a2d4851a1d" />
    <TestEntry testId="51344df2-3242-4672-9fef-3e31224454bc" executionId="3a0667d6-c3c2-4597-a38b-bf5baf7f3243" testListId="8c84fa94-04c1-424b-9868-57a2d4851a1d" />
    <TestEntry testId="757a1528-25ed-47a1-98ea-7758a11fc436" executionId="db2848be-84bd-42cf-b9f6-b4b74ec1e260" testListId="8c84fa94-04c1-424b-9868-57a2d4851a1d" />
    <TestEntry testId="b5104ff2-15c0-47d4-87d6-dcef84b565ad" executionId="b82d8e63-ca18-4067-9650-1c168af6ac54" testListId="8c84fa94-04c1-424b-9868-57a2d4851a1d" />
    <TestEntry testId="94dfa163-2381-495a-b492-30215cf77a99" executionId="8d55134a-7653-4dd7-bf04-cbdf8855a897" testListId="8c84fa94-04c1-424b-9868-57a2d4851a1d" />
    <TestEntry testId="193c6680-35f1-4d27-984a-601ba8c55a6e" executionId="041bd21d-527d-4679-a955-d296893e64ee" testListId="8c84fa94-04c1-424b-9868-57a2d4851a1d" />
    <TestEntry testId="f5148f23-94aa-40fb-bc5a-a86a55ec0c4b" executionId="78f13b0b-2be0-4792-b37c-5378490de0ff" testListId="8c84fa94-04c1-424b-9868-57a2d4851a1d" />
    <TestEntry testId="9b76a77d-7cd2-4703-b96d-098928d2dfde" executionId="38380553-471a-44ea-8914-a177acfbc664" testListId="8c84fa94-04c1-424b-9868-57a2d4851a1d" />
    <TestEntry testId="d206e318-e47d-4e06-9569-3e85849e050a" executionId="224ede66-e6bc-4796-8006-5de68d7fd48a" testListId="8c84fa94-04c1-424b-9868-57a2d4851a1d" />
    <TestEntry testId="af57bd3b-828e-4aff-94c7-0b0c4499e11a" executionId="544d5b43-0438-4d1c-a90e-8cb852f9942b" testListId="8c84fa94-04c1-424b-9868-57a2d4851a1d" />
    <TestEntry testId="585b2e63-586f-408b-8532-1b086f841f98" executionId="c6fe5b5e-15f7-4ce8-a3af-afb967f419c3" testListId="8c84fa94-04c1-424b-9868-57a2d4851a1d" />
    <TestEntry testId="e49305be-ae60-42df-9bff-557ee6f5ef3a" executionId="fecd9d4a-2e84-4f15-a53e-fa0cc11f1eac" testListId="8c84fa94-04c1-424b-9868-57a2d4851a1d" />
    <TestEntry testId="b54379dc-5023-4dc1-9cd6-ab8f0d45a0bc" executionId="a3399642-a12f-45b2-939d-055fdadf78b6" testListId="8c84fa94-04c1-424b-9868-57a2d4851a1d" />
    <TestEntry testId="c3fead02-39d2-4cd5-a243-4abdf8f2b9a6" executionId="1b2d93a5-9b4e-4fdb-9d50-17274f68c666" testListId="8c84fa94-04c1-424b-9868-57a2d4851a1d" />
    <TestEntry testId="557beaed-d7f9-4fad-9a1a-127dc7fdfd0d" executionId="61d90aea-0208-41a0-8690-21b52e421720" testListId="8c84fa94-04c1-424b-9868-57a2d4851a1d" />
    <TestEntry testId="a1e2d391-280d-473e-be3f-962ce7728c4f" executionId="98f4c28e-8d66-405b-9ea1-dab63609ea36" testListId="8c84fa94-04c1-424b-9868-57a2d4851a1d" />
    <TestEntry testId="f8fbd9e6-65bc-44d6-82a9-2f49424c084c" executionId="bb4ddca0-58a7-4219-8011-93dec49e1ef9" testListId="8c84fa94-04c1-424b-9868-57a2d4851a1d" />
    <TestEntry testId="3612c126-7dcb-40e4-aed1-c1a7e3d0352d" executionId="45922b1e-431c-41c6-8e5e-8ff45b495e32" testListId="8c84fa94-04c1-424b-9868-57a2d4851a1d" />
    <TestEntry testId="b8f6ebd6-8c89-45ed-9311-68520606871e" executionId="b8bd2775-c629-45d2-9fa5-9e1732a59e0d" testListId="8c84fa94-04c1-424b-9868-57a2d4851a1d" />
    <TestEntry testId="e70e6c6e-4723-414a-954e-46ace791d363" executionId="c9b81e22-d0d0-46f1-be11-8abb68cfd745" testListId="8c84fa94-04c1-424b-9868-57a2d4851a1d" />
    <TestEntry testId="4f5b2a6e-4cd7-4c27-aa54-fa5c81115f80" executionId="27472bf1-3563-404e-885e-b5e634cc4f43" testListId="8c84fa94-04c1-424b-9868-57a2d4851a1d" />
    <TestEntry testId="11d8ecf8-7ff5-4e87-9e4d-4a5b711d8b93" executionId="67b65b78-2d51-4388-99fc-5f0ff6090dda" testListId="8c84fa94-04c1-424b-9868-57a2d4851a1d" />
    <TestEntry testId="2a71f060-f7c0-4fbe-bc50-18f7a7e7708f" executionId="b0ffb47a-e61b-448f-92a5-638c79d78c6b" testListId="8c84fa94-04c1-424b-9868-57a2d4851a1d" />
    <TestEntry testId="b3529555-cf6f-4570-b2eb-bde7482314b1" executionId="e4c89c27-82c3-4fc5-a99b-815a9dd14a97" testListId="8c84fa94-04c1-424b-9868-57a2d4851a1d" />
    <TestEntry testId="c4accd41-207c-4408-9cd7-0e624a2cbb4c" executionId="e9e56993-17d6-453a-9a46-b99adde7bf7c" testListId="8c84fa94-04c1-424b-9868-57a2d4851a1d" />
    <TestEntry testId="dbe9d838-cf55-4d4c-801b-bc61f14285e8" executionId="a6126cdb-f5b9-487b-a61c-7fbc0b9a874b" testListId="8c84fa94-04c1-424b-9868-57a2d4851a1d" />
    <TestEntry testId="dd301310-db67-49b1-87e4-d9641861357f" executionId="3a4a098c-01b7-47af-a535-7884770e2577" testListId="8c84fa94-04c1-424b-9868-57a2d4851a1d" />
    <TestEntry testId="0ed19c85-b927-4b17-b583-527a9fc72e08" executionId="17478130-2c13-48e6-89de-6802d5d919b7" testListId="8c84fa94-04c1-424b-9868-57a2d4851a1d" />
    <TestEntry testId="9a340b03-a1e9-45d5-959f-32e4238cafe4" executionId="d3dc6a6b-f9ad-4744-aa55-9f2c7aa5c34c" testListId="8c84fa94-04c1-424b-9868-57a2d4851a1d" />
    <TestEntry testId="ccb1b52f-dce8-4810-b2f1-e38b5117bde6" executionId="8a9cca79-a377-451b-8915-c1d4698e4522" testListId="8c84fa94-04c1-424b-9868-57a2d4851a1d" />
    <TestEntry testId="a044f495-0d01-4645-a441-59b242ced1d2" executionId="f132fb32-77e9-455c-bb4a-30e41cb934ca" testListId="8c84fa94-04c1-424b-9868-57a2d4851a1d" />
    <TestEntry testId="39129ee9-0241-4c6d-b7f7-46af99e7be2d" executionId="777ceede-768c-4705-a1ef-af9d4e4b00ba" testListId="8c84fa94-04c1-424b-9868-57a2d4851a1d" />
    <TestEntry testId="9f9ffb52-37f7-4a8d-a0cb-970ee663d3a3" executionId="0c0ef3dd-5088-4738-90ec-d450b1168ec8" testListId="8c84fa94-04c1-424b-9868-57a2d4851a1d" />
    <TestEntry testId="4a3be50e-9f29-4c21-819e-4a388b726b0b" executionId="7d36a762-45a1-4427-ac56-67a68f43a9e1" testListId="8c84fa94-04c1-424b-9868-57a2d4851a1d" />
    <TestEntry testId="925efce4-c26b-46d0-83f8-09cf665eb940" executionId="176399fa-64af-48c9-91e0-6dd135e33972" testListId="8c84fa94-04c1-424b-9868-57a2d4851a1d" />
    <TestEntry testId="9f8c5d75-6312-4d59-a041-817e8a46820b" executionId="c6d20a00-13e1-45d0-8712-99438cc2543c" testListId="8c84fa94-04c1-424b-9868-57a2d4851a1d" />
    <TestEntry testId="c5acd6ab-30e6-4c93-96b6-4d0b093e3442" executionId="5dbca2b9-e7df-43d3-9bdb-c2e41b192c25" testListId="8c84fa94-04c1-424b-9868-57a2d4851a1d" />
    <TestEntry testId="1dfd5854-e9a3-47c2-9300-9fbfdb826192" executionId="64a3d99d-29f9-4a57-a1ca-74e2c456e7df" testListId="8c84fa94-04c1-424b-9868-57a2d4851a1d" />
    <TestEntry testId="2e5914d3-65ce-4cbb-bcfc-b55f89302edd" executionId="7d13182c-db50-4fa8-bb41-b0f2e2a67d84" testListId="8c84fa94-04c1-424b-9868-57a2d4851a1d" />
    <TestEntry testId="2fc5000b-e49f-4d78-ab37-6c76466cf5f1" executionId="d1cd1e87-5666-4962-9418-dae2996a75bd" testListId="8c84fa94-04c1-424b-9868-57a2d4851a1d" />
    <TestEntry testId="09d22274-e38a-4e51-83f3-7e1f774c47d5" executionId="0efa7799-5534-4f5d-8693-3b3493c476c5" testListId="8c84fa94-04c1-424b-9868-57a2d4851a1d" />
    <TestEntry testId="a89963fb-4aa2-4d4d-956f-f45de25d51d6" executionId="baecef94-bc53-4425-a9a1-6aa80299980f" testListId="8c84fa94-04c1-424b-9868-57a2d4851a1d" />
    <TestEntry testId="f133bfd2-3b28-482d-a333-935d788a1194" executionId="cb309255-291e-44ce-a442-055d46bd3277" testListId="8c84fa94-04c1-424b-9868-57a2d4851a1d" />
    <TestEntry testId="4134ec36-4bae-4f8b-9856-e905f59b089e" executionId="13026c71-2a9e-485e-9899-73486da8f7dd" testListId="8c84fa94-04c1-424b-9868-57a2d4851a1d" />
    <TestEntry testId="d9e4a221-2ba5-4877-8989-1a4920be1139" executionId="4caa0a4e-9955-458d-947f-0b30ac09f94c" testListId="8c84fa94-04c1-424b-9868-57a2d4851a1d" />
    <TestEntry testId="17f64b2e-2536-4fc4-9a25-ff3f732f656c" executionId="48e3d5e3-f5f3-4e25-9800-7aac0f4354a7" testListId="8c84fa94-04c1-424b-9868-57a2d4851a1d" />
    <TestEntry testId="0909dc52-0ce9-487d-ab5c-2c34116a520a" executionId="1370c9f2-f828-4836-a658-259fec2e40e4" testListId="8c84fa94-04c1-424b-9868-57a2d4851a1d" />
    <TestEntry testId="5c1c1313-5a54-434b-8d2a-328cdf225d0c" executionId="57407e85-54bc-4ae6-967c-88b386795264" testListId="8c84fa94-04c1-424b-9868-57a2d4851a1d" />
    <TestEntry testId="2cef0172-02b5-4bdc-83a5-24dabf2f72ff" executionId="25066ba6-7944-4d0f-af03-66228218184d" testListId="8c84fa94-04c1-424b-9868-57a2d4851a1d" />
    <TestEntry testId="1c5f181f-a3c7-4215-80d6-e127b69e4772" executionId="85227b19-3d3a-46ce-9384-e9e8b9e4fca0" testListId="8c84fa94-04c1-424b-9868-57a2d4851a1d" />
    <TestEntry testId="9bace9b1-1cfc-4eff-8946-637819f47486" executionId="c1110b3e-c18f-49e7-9d7a-87d866e7747f" testListId="8c84fa94-04c1-424b-9868-57a2d4851a1d" />
    <TestEntry testId="5513dbc2-9fe5-41e5-b1a6-72552ad513e7" executionId="0ccfde85-d976-4ff9-9eb3-f0c3b7bb6999" testListId="8c84fa94-04c1-424b-9868-57a2d4851a1d" />
    <TestEntry testId="4aa77f53-a321-478b-8d64-5d0869ba968e" executionId="6180b18a-fd85-49f1-896d-69222f771e95" testListId="8c84fa94-04c1-424b-9868-57a2d4851a1d" />
    <TestEntry testId="ebbb82b9-ed17-4c9e-88d7-83b6bb038626" executionId="e754793a-de93-4187-b16a-987e34817303" testListId="8c84fa94-04c1-424b-9868-57a2d4851a1d" />
    <TestEntry testId="ef327693-2c6c-40eb-b9ee-230182f0ae6a" executionId="8c822714-385b-4e39-92a6-fbf82e71dd32" testListId="8c84fa94-04c1-424b-9868-57a2d4851a1d" />
    <TestEntry testId="d6ba962a-86ad-4861-9f6a-3c94f3bbd3e3" executionId="92e80924-c3d6-4512-a28a-479b4e1f90e7" testListId="8c84fa94-04c1-424b-9868-57a2d4851a1d" />
    <TestEntry testId="0281f279-5a60-4f91-a112-337704687f6f" executionId="cd4c5f18-3d34-40f8-9381-dd60a7a87a81" testListId="8c84fa94-04c1-424b-9868-57a2d4851a1d" />
    <TestEntry testId="fd366b19-2416-4b61-a2fc-3323b78ba58f" executionId="1fee981f-4526-437e-80cd-254b91bc41d6" testListId="8c84fa94-04c1-424b-9868-57a2d4851a1d" />
    <TestEntry testId="4e79b50e-7945-4984-a45f-51990f61f819" executionId="029ac2d6-1e93-4e69-9995-1a89345194c6" testListId="8c84fa94-04c1-424b-9868-57a2d4851a1d" />
    <TestEntry testId="5381506e-db96-4098-aab2-ae179ffde50e" executionId="56b08fb8-c8a3-4a59-8df0-efe9f10f8104" testListId="8c84fa94-04c1-424b-9868-57a2d4851a1d" />
    <TestEntry testId="58d39038-8efc-47f1-8a4c-295bc6988984" executionId="3b9c0c1f-7a5c-4e92-afb8-371fd51fa72b" testListId="8c84fa94-04c1-424b-9868-57a2d4851a1d" />
    <TestEntry testId="9599015b-53a3-4305-8666-14e978cc8fad" executionId="556c0c5b-fe45-4e12-9b2d-1d0b76aad2f0" testListId="8c84fa94-04c1-424b-9868-57a2d4851a1d" />
    <TestEntry testId="4e8f9e58-b2dd-4b80-b6a8-9ddf9e04887a" executionId="7cdd0f77-448f-4919-baba-c4216c02c5b7" testListId="8c84fa94-04c1-424b-9868-57a2d4851a1d" />
    <TestEntry testId="2c7faa65-39e0-4512-949d-d3aa727da1b6" executionId="cb260abd-0092-4786-ade4-3d218f6038a8" testListId="8c84fa94-04c1-424b-9868-57a2d4851a1d" />
    <TestEntry testId="527ae248-e721-4444-b6fd-774263962ddc" executionId="a2221c06-77c3-4c55-a36f-40d88a9db4a3" testListId="8c84fa94-04c1-424b-9868-57a2d4851a1d" />
    <TestEntry testId="b1194029-6449-4a8c-87c6-dbc9de21f6e4" executionId="3a5f72c3-3619-4246-86a2-ecdd31b1614a" testListId="8c84fa94-04c1-424b-9868-57a2d4851a1d" />
    <TestEntry testId="c8d7a346-f6a7-4892-bc97-6827b5b5bc26" executionId="1c12340c-b0d4-4180-8078-b835bc27f473" testListId="8c84fa94-04c1-424b-9868-57a2d4851a1d" />
    <TestEntry testId="d84e03f9-cd91-4644-8526-96b7a3c820d8" executionId="3c140a5b-2377-4a82-a820-d6a20998502f" testListId="8c84fa94-04c1-424b-9868-57a2d4851a1d" />
    <TestEntry testId="5fd61640-4f0c-498e-ace7-c73700ef8d4a" executionId="02e99cbe-e881-48c5-b5b8-a6dbf79acd41" testListId="8c84fa94-04c1-424b-9868-57a2d4851a1d" />
    <TestEntry testId="6aef4e2b-bb75-48d0-b75e-a7eecd633630" executionId="589ca073-17df-437c-8050-c975190b38fc" testListId="8c84fa94-04c1-424b-9868-57a2d4851a1d" />
    <TestEntry testId="f07fd477-1b6c-4617-9366-ac9c55e61ad3" executionId="69298ec8-ba0c-463a-b866-31279c390a1d" testListId="8c84fa94-04c1-424b-9868-57a2d4851a1d" />
    <TestEntry testId="4ebc27ba-6d76-44be-ac79-4a9e1ea38d50" executionId="533697a6-219c-43cf-b80e-242e43eee9e5" testListId="8c84fa94-04c1-424b-9868-57a2d4851a1d" />
    <TestEntry testId="123ac62f-e548-4027-9c41-85134b09f4dd" executionId="0ed25b09-8f30-4cd3-bde9-344eadec22e2" testListId="8c84fa94-04c1-424b-9868-57a2d4851a1d" />
    <TestEntry testId="74c481cf-7bd9-468d-9b29-fdd6d1f5889e" executionId="9464d1b9-94c3-486f-8739-a64e06ee64e7" testListId="8c84fa94-04c1-424b-9868-57a2d4851a1d" />
    <TestEntry testId="52bd6a57-50b1-4590-947f-b778f7485f2d" executionId="2b47039b-6056-495e-a5cc-097096d07ef8" testListId="8c84fa94-04c1-424b-9868-57a2d4851a1d" />
    <TestEntry testId="801743ff-a405-4e84-8b76-d0b2aa2037a3" executionId="c3275268-b895-48ed-82a9-6a996d461836" testListId="8c84fa94-04c1-424b-9868-57a2d4851a1d" />
    <TestEntry testId="18319d73-b334-4f81-a03a-605f95472e7d" executionId="c6baa346-326b-4cfb-bc71-c48d0e2683aa" testListId="8c84fa94-04c1-424b-9868-57a2d4851a1d" />
    <TestEntry testId="da0ae188-28a9-4977-8842-f2f7364f4cf5" executionId="e1c8a927-15cc-4080-bd6e-7a09d5719ea1" testListId="8c84fa94-04c1-424b-9868-57a2d4851a1d" />
    <TestEntry testId="61327cb0-2707-4b6a-88ac-a051adfd9f3b" executionId="65ead17d-5d3a-4b07-b440-b67600e79e25" testListId="8c84fa94-04c1-424b-9868-57a2d4851a1d" />
    <TestEntry testId="b73f2046-30aa-47d7-aff5-1a72019535eb" executionId="9d13c9ba-7eef-410b-82cc-ff045124306e" testListId="8c84fa94-04c1-424b-9868-57a2d4851a1d" />
    <TestEntry testId="64d5f015-f55e-4554-b32c-4e9fa11df85f" executionId="bcc60e3f-01af-4bdd-a7b5-c39d77dd4343" testListId="8c84fa94-04c1-424b-9868-57a2d4851a1d" />
    <TestEntry testId="033de658-d3fd-41e1-812a-d0f9a81e8002" executionId="5bafee2a-6250-4b87-a087-cfe7c5327d35" testListId="8c84fa94-04c1-424b-9868-57a2d4851a1d" />
    <TestEntry testId="3d6ae6e4-92c0-442a-8522-8e7bae719377" executionId="307a3fcc-7229-4690-a304-8ace087860d7" testListId="8c84fa94-04c1-424b-9868-57a2d4851a1d" />
    <TestEntry testId="3216005f-7bc1-4812-8dd7-6dc452918fa2" executionId="d22bc6b7-6136-4492-8d5f-ff2e75eeac47" testListId="8c84fa94-04c1-424b-9868-57a2d4851a1d" />
    <TestEntry testId="9c0eb0b4-ff38-41b5-b010-b42aa2c05792" executionId="a3a40329-92bd-4743-93ee-ae85c524ee42" testListId="8c84fa94-04c1-424b-9868-57a2d4851a1d" />
    <TestEntry testId="65226cbb-8867-4a03-8f0c-adf2364c7e15" executionId="2a4c93ac-904f-4e87-979d-3555e3081938" testListId="8c84fa94-04c1-424b-9868-57a2d4851a1d" />
    <TestEntry testId="d754ce74-ec61-4f20-8cdd-3afeaf3d229f" executionId="b6de7dcb-ceda-4d50-80e6-ac735888499c" testListId="8c84fa94-04c1-424b-9868-57a2d4851a1d" />
    <TestEntry testId="8babc5e7-0dda-40b9-941c-86e0026597fb" executionId="a3c3d8d8-801b-4857-8b2e-c5b2d8e022dd" testListId="8c84fa94-04c1-424b-9868-57a2d4851a1d" />
    <TestEntry testId="72342fd2-e26e-42c7-836e-5a4f0e9f713b" executionId="04ea50e6-a7bd-4914-abd6-14c9613632d4" testListId="8c84fa94-04c1-424b-9868-57a2d4851a1d" />
    <TestEntry testId="80183a09-2347-4186-885c-ec0c879e2251" executionId="987131ba-347f-43e1-bd5b-ffeaf5b991df" testListId="8c84fa94-04c1-424b-9868-57a2d4851a1d" />
    <TestEntry testId="c41ddca9-55f8-4ee8-ade4-d9d5be804dfc" executionId="dba9bb77-7893-435b-b414-7cdec50ded13" testListId="8c84fa94-04c1-424b-9868-57a2d4851a1d" />
    <TestEntry testId="f2bf9198-2110-419b-989f-c2fbc53d2a82" executionId="4dda0f92-4afe-4209-9547-f62c8642456a" testListId="8c84fa94-04c1-424b-9868-57a2d4851a1d" />
    <TestEntry testId="5258c6d9-cc5f-4e51-9ba7-28fcac48e6b1" executionId="523e5758-7f7a-4d6f-8bca-05d7f6950d38" testListId="8c84fa94-04c1-424b-9868-57a2d4851a1d" />
    <TestEntry testId="1410a405-4503-4cc9-843d-a1b7f446f533" executionId="325abdbe-d0ec-47bc-b7a2-c074b65492d8" testListId="8c84fa94-04c1-424b-9868-57a2d4851a1d" />
    <TestEntry testId="e629772a-57fa-46ee-9b3a-44663384305c" executionId="6d79a2c4-0a73-4520-91a5-91a4ed0bbf7c" testListId="8c84fa94-04c1-424b-9868-57a2d4851a1d" />
    <TestEntry testId="e846a0ac-a64a-4994-8aef-4273b8885554" executionId="a1798ee9-9711-49b3-958e-5b2fb786ee71" testListId="8c84fa94-04c1-424b-9868-57a2d4851a1d" />
    <TestEntry testId="8d079aad-0f48-42c4-87f5-88335fcf55f9" executionId="03647896-a42e-4a9e-a858-6ae43897e11b" testListId="8c84fa94-04c1-424b-9868-57a2d4851a1d" />
    <TestEntry testId="d3863895-e267-49dd-bf5d-108d052c7b60" executionId="caabbe1d-554e-4d05-8a97-501a1244452d" testListId="8c84fa94-04c1-424b-9868-57a2d4851a1d" />
    <TestEntry testId="e91881f8-c7c6-42cc-8ee6-e55bd6831790" executionId="fe6cf28e-f322-4538-9576-e1e41b6a7e8b" testListId="8c84fa94-04c1-424b-9868-57a2d4851a1d" />
    <TestEntry testId="4b44298c-5678-41a2-9388-cb1b1d0a952d" executionId="553cdfb6-1341-4294-8075-b32a02e7d152" testListId="8c84fa94-04c1-424b-9868-57a2d4851a1d" />
    <TestEntry testId="61b07df1-00d1-47a1-9206-33d52cc7b9c3" executionId="898ca690-6465-469b-a4f4-d69f769636b4" testListId="8c84fa94-04c1-424b-9868-57a2d4851a1d" />
    <TestEntry testId="89181340-d212-4bcd-906b-ec383e032702" executionId="c2b15c8e-5e33-4614-90a7-52fc5bbff7d9" testListId="8c84fa94-04c1-424b-9868-57a2d4851a1d" />
    <TestEntry testId="9fadca4d-78b0-45b7-ac73-a751c23fea85" executionId="d35168e5-bc71-41f1-94e1-205481f3c751" testListId="8c84fa94-04c1-424b-9868-57a2d4851a1d" />
    <TestEntry testId="7ec62a1f-7d2b-4503-ac43-9fc815f3056a" executionId="1dc04cee-e22e-4548-a12f-5988496c5169" testListId="8c84fa94-04c1-424b-9868-57a2d4851a1d" />
    <TestEntry testId="3cdcff12-be4c-494a-8968-68308244167f" executionId="6b3fc35a-af19-4cff-9f39-250827308750" testListId="8c84fa94-04c1-424b-9868-57a2d4851a1d" />
    <TestEntry testId="d8b03848-3510-460f-8acc-7f5d50539dd2" executionId="c656fd58-b4ef-4f46-9906-3c72159001e9" testListId="8c84fa94-04c1-424b-9868-57a2d4851a1d" />
    <TestEntry testId="ab70fd26-4bb2-4194-a99e-b34d2d76abf4" executionId="58f323da-0f37-4128-b728-193ba4820053" testListId="8c84fa94-04c1-424b-9868-57a2d4851a1d" />
    <TestEntry testId="e8c78c1b-2082-4231-a62c-ebe07b9256ad" executionId="6bbb72ec-7dba-4e44-b266-3652ebbb015a" testListId="8c84fa94-04c1-424b-9868-57a2d4851a1d" />
    <TestEntry testId="da2827cc-0701-470e-a448-7099c588d02e" executionId="09ec3144-d662-45eb-b646-acb4e78b2010" testListId="8c84fa94-04c1-424b-9868-57a2d4851a1d" />
    <TestEntry testId="612cdde2-e961-4120-b608-f20b8688e47a" executionId="ea075c68-1264-435e-b970-01cec52e82e2" testListId="8c84fa94-04c1-424b-9868-57a2d4851a1d" />
    <TestEntry testId="6591533c-db79-4d13-bf41-79361561c481" executionId="fc71fdfd-4fde-43b5-b1db-0448f3047604" testListId="8c84fa94-04c1-424b-9868-57a2d4851a1d" />
    <TestEntry testId="58c5ae03-5f49-4097-8252-3b6abb42d4c4" executionId="8488681b-3214-4ea5-bc4f-031974fa24c5" testListId="8c84fa94-04c1-424b-9868-57a2d4851a1d" />
    <TestEntry testId="7216697d-13e2-4003-ba32-f144cb611d8a" executionId="b3e1a3c4-5411-490c-a318-167ba860166c" testListId="8c84fa94-04c1-424b-9868-57a2d4851a1d" />
    <TestEntry testId="5f71527a-227b-456c-b5c1-c02cb2038a57" executionId="e659b654-2d1e-46ff-bcc0-fe4e3c89181e" testListId="8c84fa94-04c1-424b-9868-57a2d4851a1d" />
    <TestEntry testId="b05df6af-e460-4aeb-aae5-be63183e7d7c" executionId="a8ac79c6-ef66-498e-a639-794f3aa85139" testListId="8c84fa94-04c1-424b-9868-57a2d4851a1d" />
    <TestEntry testId="46505462-7d1e-42c9-afc2-272d71161bd2" executionId="722f7947-9dec-4583-84f2-be784d9caa72" testListId="8c84fa94-04c1-424b-9868-57a2d4851a1d" />
    <TestEntry testId="df259da7-5dcd-491b-9aab-d87b023cff0c" executionId="265ba5be-a12e-4e78-a5a3-12fb4f698ff2" testListId="8c84fa94-04c1-424b-9868-57a2d4851a1d" />
    <TestEntry testId="ac5216b9-69d3-4ccf-9e81-60dcc21f6b5f" executionId="7b72d963-8f22-4adf-9a68-f8986c07a3ef" testListId="8c84fa94-04c1-424b-9868-57a2d4851a1d" />
    <TestEntry testId="5305991f-b432-4b1b-9c4e-7e46faba50c7" executionId="c4d39c42-bade-4ae2-ad07-2343ca269555" testListId="8c84fa94-04c1-424b-9868-57a2d4851a1d" />
    <TestEntry testId="312c0293-b125-49c7-981c-3bc72bb424f2" executionId="d8f561ea-9603-4391-856f-b97ef832a60a" testListId="8c84fa94-04c1-424b-9868-57a2d4851a1d" />
    <TestEntry testId="b8ccb4e1-ad1a-4b98-aad5-71e5ab02489e" executionId="dec63e3f-7c7e-4e95-ad22-1ea47ea665d0" testListId="8c84fa94-04c1-424b-9868-57a2d4851a1d" />
    <TestEntry testId="290758c5-e585-4a76-8b6e-b56ae0964d6d" executionId="8275ecc8-80e9-47f5-acfa-a0d3a513a30d" testListId="8c84fa94-04c1-424b-9868-57a2d4851a1d" />
    <TestEntry testId="88e59bb7-9296-427b-b767-057d0e29a3a8" executionId="b04ebd6a-d54c-4fb6-a3a5-9982de35fc5f" testListId="8c84fa94-04c1-424b-9868-57a2d4851a1d" />
    <TestEntry testId="51c458cc-8b8c-4698-ab68-437a2f0b794e" executionId="f018401f-7bb6-4a8f-ae85-66fab5c1ba69" testListId="8c84fa94-04c1-424b-9868-57a2d4851a1d" />
    <TestEntry testId="270b3cf7-e3eb-4e9b-92be-72797c46bfdc" executionId="0a354530-35aa-431f-aa6c-6eda053ee94a" testListId="8c84fa94-04c1-424b-9868-57a2d4851a1d" />
    <TestEntry testId="0c399733-dd67-4276-ac44-c160c44065d2" executionId="f3ef68ea-7515-4494-b5ef-ca4d12dc6717" testListId="8c84fa94-04c1-424b-9868-57a2d4851a1d" />
    <TestEntry testId="483453c7-fe7c-440e-a53e-ba70bb31b720" executionId="628f33d5-cdc4-4ee4-85cf-2d79b035d3a9" testListId="8c84fa94-04c1-424b-9868-57a2d4851a1d" />
    <TestEntry testId="08be437a-5470-409a-b26a-fac536169f55" executionId="5ce887e0-de8b-4fb0-a048-a9d1d2806907" testListId="8c84fa94-04c1-424b-9868-57a2d4851a1d" />
    <TestEntry testId="df078fdf-ad8c-4618-a1f9-a9cad294bcc2" executionId="74a4b7f2-d5e0-4aca-a540-8efef84c4e19" testListId="8c84fa94-04c1-424b-9868-57a2d4851a1d" />
    <TestEntry testId="94a29ed5-4c4a-4400-9041-c88fecf59187" executionId="f124d772-ee62-4346-bf90-a6562c0f5d27" testListId="8c84fa94-04c1-424b-9868-57a2d4851a1d" />
    <TestEntry testId="07f11813-3ba1-4282-ad0f-a6832cebe3d5" executionId="3ad284e3-3cfe-40fa-afd6-3957384fab0f" testListId="8c84fa94-04c1-424b-9868-57a2d4851a1d" />
    <TestEntry testId="b8a255f8-fdd7-497f-8990-8b297196528e" executionId="7a11c8fd-51bd-4260-8b87-47fe317ec49e" testListId="8c84fa94-04c1-424b-9868-57a2d4851a1d" />
    <TestEntry testId="a41b27ee-daee-40ab-a29e-cdb10eb80d50" executionId="c7e0c22e-0eb1-4c51-aa2b-3edec246bc55" testListId="8c84fa94-04c1-424b-9868-57a2d4851a1d" />
    <TestEntry testId="0f6e0c89-d585-4821-8a78-bce0385b6a9d" executionId="c74c4a89-61f9-4723-82db-5833a4144c2e" testListId="8c84fa94-04c1-424b-9868-57a2d4851a1d" />
    <TestEntry testId="d51b7a3a-cbce-46c7-af70-b6d2b617c0eb" executionId="b7854f55-d6a6-491d-91f9-44c31920e039" testListId="8c84fa94-04c1-424b-9868-57a2d4851a1d" />
    <TestEntry testId="31570856-80fb-4bcf-a157-dc7f6d74e7ca" executionId="cac6a160-8da8-4ffc-be4e-a99e8b971910" testListId="8c84fa94-04c1-424b-9868-57a2d4851a1d" />
    <TestEntry testId="40b9b264-8f83-4c1e-8c16-b98d9bfef2df" executionId="55dbf6e5-246e-4237-b65c-84120f8ab753" testListId="8c84fa94-04c1-424b-9868-57a2d4851a1d" />
    <TestEntry testId="5fedea4d-07d4-472d-8574-7acbcd79d27f" executionId="1a907965-77d2-403d-a439-537e586c62aa" testListId="8c84fa94-04c1-424b-9868-57a2d4851a1d" />
    <TestEntry testId="1dcbffee-fb01-48d3-b707-7eb7618a806e" executionId="e18a2996-a4d9-45c5-af4f-b8f9495d78e0" testListId="8c84fa94-04c1-424b-9868-57a2d4851a1d" />
    <TestEntry testId="fba238d6-7ade-4e85-b375-c2c60280b988" executionId="f9406011-e02b-4db2-8508-83c617fdda8a" testListId="8c84fa94-04c1-424b-9868-57a2d4851a1d" />
    <TestEntry testId="3e78c7a7-12b9-44cb-b5d6-05425a52edb6" executionId="3ce4d1c0-163b-4441-a8c4-8165bea4e5de" testListId="8c84fa94-04c1-424b-9868-57a2d4851a1d" />
    <TestEntry testId="f8676b0b-8faa-467d-98ed-4112c9b7f625" executionId="b883b8e4-c287-414d-a032-ca4c6bc16f6e" testListId="8c84fa94-04c1-424b-9868-57a2d4851a1d" />
    <TestEntry testId="a3c2c13e-9740-4db4-b1bd-94e338b04b81" executionId="f0dca9ec-005d-44d4-812d-8db3f76852c9" testListId="8c84fa94-04c1-424b-9868-57a2d4851a1d" />
    <TestEntry testId="bb29d84b-410d-47bd-92a3-56346449dbc9" executionId="75e62fb6-25fc-4791-8037-a9bebe04e0dd" testListId="8c84fa94-04c1-424b-9868-57a2d4851a1d" />
    <TestEntry testId="930c3161-de61-47e0-be38-1b521b35afa9" executionId="f904b6ab-790b-44ad-a399-64312aaffa4a" testListId="8c84fa94-04c1-424b-9868-57a2d4851a1d" />
    <TestEntry testId="ce040d8d-e9b6-44fb-b5ed-8a6ac98f2be0" executionId="d7fe5e05-7321-4575-b8f4-1f51ab753a71" testListId="8c84fa94-04c1-424b-9868-57a2d4851a1d" />
    <TestEntry testId="a3cfbd5b-eb40-4eda-9051-ce5a8e665cde" executionId="5d32f3f6-f3b5-4b80-a8b3-cc8dd3e3813d" testListId="8c84fa94-04c1-424b-9868-57a2d4851a1d" />
    <TestEntry testId="2f77c6db-7840-42c6-98c8-a675e49959fe" executionId="d984160c-9c71-4cd5-8048-f49ce07ff4a4" testListId="8c84fa94-04c1-424b-9868-57a2d4851a1d" />
    <TestEntry testId="f8b0a095-b1af-4d34-9d86-f4a4d66cce71" executionId="f424cfc2-a219-4adb-ad2a-d8261c71f8dc" testListId="8c84fa94-04c1-424b-9868-57a2d4851a1d" />
    <TestEntry testId="870f943b-ad12-47cf-b550-0d1efb30c40f" executionId="76bc6771-f5eb-4303-bd84-d9b380421869" testListId="8c84fa94-04c1-424b-9868-57a2d4851a1d" />
    <TestEntry testId="a62bb677-355b-4f05-b232-11f9f8e7c0e3" executionId="d34f56ee-9be5-488d-b0c1-1fecd43592a0" testListId="8c84fa94-04c1-424b-9868-57a2d4851a1d" />
    <TestEntry testId="6edfbb48-6e0c-4427-b130-8335423d38fc" executionId="3ea27b7f-113f-4add-9190-c7cf3973a0d3" testListId="8c84fa94-04c1-424b-9868-57a2d4851a1d" />
    <TestEntry testId="7cbb96b5-2de5-43bf-9ae9-30ac140d38ff" executionId="1b9c8eed-2be1-4571-bd20-818ae24ad1cc" testListId="8c84fa94-04c1-424b-9868-57a2d4851a1d" />
    <TestEntry testId="661dc10f-72ef-482d-b6ee-7b862654fcdf" executionId="f67b416c-de8d-4821-8dec-458dfa7f1bef" testListId="8c84fa94-04c1-424b-9868-57a2d4851a1d" />
    <TestEntry testId="474b4b9a-1920-4f8b-8df3-3b96a41a6a2d" executionId="ac07c390-2f85-4114-a902-758d29c302ae" testListId="8c84fa94-04c1-424b-9868-57a2d4851a1d" />
    <TestEntry testId="d09f6a6b-fe89-47c4-8000-4c1d4dee873b" executionId="a079a0c6-7337-4c0d-9ef3-923692fb8413" testListId="8c84fa94-04c1-424b-9868-57a2d4851a1d" />
    <TestEntry testId="dc9ccd20-7967-48a1-a88a-d5806626911b" executionId="04acbc76-87e8-45cf-be86-2c884838ecf7" testListId="8c84fa94-04c1-424b-9868-57a2d4851a1d" />
    <TestEntry testId="982401a5-fef3-45fd-b5fb-d18f7d522953" executionId="8b976d0c-f170-4a8a-989d-b308317f4560" testListId="8c84fa94-04c1-424b-9868-57a2d4851a1d" />
    <TestEntry testId="3605a02d-8bbb-40a0-aeea-968426810b5f" executionId="bce3a4a3-965a-4cf2-a307-1665e7ca4ad7" testListId="8c84fa94-04c1-424b-9868-57a2d4851a1d" />
    <TestEntry testId="caad6365-f06e-4493-8ff3-e5dc4c29f8c9" executionId="bbb04280-2d44-4d90-bba9-3a1c8f5857f0" testListId="8c84fa94-04c1-424b-9868-57a2d4851a1d" />
    <TestEntry testId="e12609c2-b5cf-48a0-b040-ba4a16dda52e" executionId="40e7b474-892d-4295-b80e-48597c1d2d39" testListId="8c84fa94-04c1-424b-9868-57a2d4851a1d" />
    <TestEntry testId="db67125c-5805-4474-b268-3b93887d7ca9" executionId="997e7320-be75-458c-9ac9-420cff60f329" testListId="8c84fa94-04c1-424b-9868-57a2d4851a1d" />
    <TestEntry testId="22750bdc-4529-4a1b-acee-dbb45410852d" executionId="667b6bea-cc3c-4a19-a378-ad2353d738d7" testListId="8c84fa94-04c1-424b-9868-57a2d4851a1d" />
    <TestEntry testId="ce5cec2d-520a-4514-a153-865b66b46a6c" executionId="03cb799c-895f-4cad-aa49-420085301bb5" testListId="8c84fa94-04c1-424b-9868-57a2d4851a1d" />
    <TestEntry testId="4db2faf6-21bc-4e8c-ba91-f4ca6bb08e6c" executionId="24d6b9e7-bb48-4097-80b9-ebd5ffa7b021" testListId="8c84fa94-04c1-424b-9868-57a2d4851a1d" />
    <TestEntry testId="91d7f01f-3b39-49f6-afae-42cc6e77cb00" executionId="d6071ad6-f3b3-4ce3-b5b4-4ee354434a68" testListId="8c84fa94-04c1-424b-9868-57a2d4851a1d" />
    <TestEntry testId="4b005676-e632-46d2-b11e-dbf65b4f64f0" executionId="434eadaf-b840-4339-80b0-8162df5c452c" testListId="8c84fa94-04c1-424b-9868-57a2d4851a1d" />
    <TestEntry testId="b85fe71e-0a05-4130-b649-96300880f92d" executionId="a3a8bacd-807a-4a49-9baa-db05461a9c4c" testListId="8c84fa94-04c1-424b-9868-57a2d4851a1d" />
    <TestEntry testId="6038de00-f3dd-48fd-bc3d-6326fca4c4d3" executionId="aff18123-f52b-4efb-8d01-e9987a02d654" testListId="8c84fa94-04c1-424b-9868-57a2d4851a1d" />
    <TestEntry testId="4a78756c-ccf3-486f-814e-f6da825b247e" executionId="b76347b6-f214-49bb-b287-595cc1321ab8" testListId="8c84fa94-04c1-424b-9868-57a2d4851a1d" />
    <TestEntry testId="3d0e7b0c-624c-4b1c-9f23-919804db8e14" executionId="999104ea-1e1d-40a5-972d-c28c3b1e4776" testListId="8c84fa94-04c1-424b-9868-57a2d4851a1d" />
    <TestEntry testId="50efbd5d-f684-4b45-85e6-70ea78ca83af" executionId="9293b0bf-f16d-4adc-82da-3fc8d3cd1613" testListId="8c84fa94-04c1-424b-9868-57a2d4851a1d" />
    <TestEntry testId="c85e989a-4c49-4465-8829-9b4674a1efbb" executionId="3f244510-46a6-4c3d-9595-e705c6191037" testListId="8c84fa94-04c1-424b-9868-57a2d4851a1d" />
    <TestEntry testId="15ddca6d-4c4f-442d-a6a1-8ef6a56b1e35" executionId="1fdb6639-f370-4342-81c3-edce685017e3" testListId="8c84fa94-04c1-424b-9868-57a2d4851a1d" />
    <TestEntry testId="86fb212f-2e91-45a1-8083-5f927a3f14e5" executionId="9a86a879-bb25-42e1-92c9-f0a06f438412" testListId="8c84fa94-04c1-424b-9868-57a2d4851a1d" />
    <TestEntry testId="3bce5f23-b532-4fcd-b130-570a03fccb46" executionId="3717e45d-10ed-4247-95a9-4c02b43bc477" testListId="8c84fa94-04c1-424b-9868-57a2d4851a1d" />
    <TestEntry testId="1c167135-9cdd-443b-95c3-6f24d1eda8f2" executionId="70dc987c-8a01-4407-bc43-71f348bed93d" testListId="8c84fa94-04c1-424b-9868-57a2d4851a1d" />
    <TestEntry testId="3aedd799-f484-41aa-9894-d54de2744e39" executionId="2d9119a6-8163-4956-97c3-e48df719e07a" testListId="8c84fa94-04c1-424b-9868-57a2d4851a1d" />
    <TestEntry testId="054de93b-876a-468f-be9a-880ddfd8165f" executionId="ded7bedd-0b6f-4c99-93fd-f460ef38bbd1" testListId="8c84fa94-04c1-424b-9868-57a2d4851a1d" />
    <TestEntry testId="29d49da9-71f9-4ffc-b4f6-6761d3b9dacb" executionId="5af3ae1b-8c1d-40d7-982c-efb3ff4585df" testListId="8c84fa94-04c1-424b-9868-57a2d4851a1d" />
    <TestEntry testId="3d33b785-74d3-44f6-be28-58e63082654e" executionId="aa4cbfd1-b27d-4fbd-a020-0ab16e06a3c4" testListId="8c84fa94-04c1-424b-9868-57a2d4851a1d" />
    <TestEntry testId="d0908d89-9aad-41db-ba1b-71819a5f034f" executionId="06fc2706-783f-442c-bafe-8306d7fce5b7" testListId="8c84fa94-04c1-424b-9868-57a2d4851a1d" />
    <TestEntry testId="caf4a02a-df47-44ed-881c-fbba054466c8" executionId="64eed123-01a9-48ab-b1a7-3eb950ece412" testListId="8c84fa94-04c1-424b-9868-57a2d4851a1d" />
    <TestEntry testId="6126d12b-5a14-4fa4-bf60-b5285fcc226e" executionId="187ef120-981f-4c06-a3e6-5e634ad19c1e" testListId="8c84fa94-04c1-424b-9868-57a2d4851a1d" />
    <TestEntry testId="61062860-f1fc-416f-be2d-ec48424765bc" executionId="6f911344-5496-47a0-bd8a-fef742edc3f4" testListId="8c84fa94-04c1-424b-9868-57a2d4851a1d" />
    <TestEntry testId="2fd938b5-4a29-4e11-b8bf-e0157804af80" executionId="bc03156f-dd88-446f-b548-e7d451fcf3d8" testListId="8c84fa94-04c1-424b-9868-57a2d4851a1d" />
    <TestEntry testId="ff83305d-365b-40e1-af19-51b9ed0a7f49" executionId="92c6a2bf-f7e1-4b33-833d-da278f2517aa" testListId="8c84fa94-04c1-424b-9868-57a2d4851a1d" />
    <TestEntry testId="6c26aad9-a046-4485-bb81-e05f62c4e05d" executionId="d8c999e4-0067-4847-9155-1c6fda6110fa" testListId="8c84fa94-04c1-424b-9868-57a2d4851a1d" />
    <TestEntry testId="ec1e58a0-902b-4ead-81ef-9a30ed162259" executionId="40a9f65c-2ae3-4297-b72d-53302e2fc10e" testListId="8c84fa94-04c1-424b-9868-57a2d4851a1d" />
    <TestEntry testId="7798a565-d2db-4bd9-a6e4-2bb4d0bcfeaf" executionId="3b531bbb-deaf-4276-be2a-efd64b72c30a" testListId="8c84fa94-04c1-424b-9868-57a2d4851a1d" />
    <TestEntry testId="0c4d45c1-3b67-4029-91bd-ab16c355eccc" executionId="3dd2caa9-21fb-4afd-aeb0-3ac615c50536" testListId="8c84fa94-04c1-424b-9868-57a2d4851a1d" />
    <TestEntry testId="c59532fc-8cea-47ec-b779-c4d3f84f9aa9" executionId="56548423-e8cc-432e-ac07-b2f2b8d4f837" testListId="8c84fa94-04c1-424b-9868-57a2d4851a1d" />
    <TestEntry testId="24ae2eb5-40da-4fdd-87f5-bc6d24601945" executionId="4882b485-c548-4dc5-9891-17b698297bab" testListId="8c84fa94-04c1-424b-9868-57a2d4851a1d" />
    <TestEntry testId="dac1e32a-d6a0-4975-a587-965db3aa720c" executionId="ff7ff822-9d88-4a89-b3df-8cf55303b0d0" testListId="8c84fa94-04c1-424b-9868-57a2d4851a1d" />
    <TestEntry testId="98853cee-dda3-4948-9052-0460b4658f6b" executionId="7274b91d-5215-441c-8694-61859b71f08f" testListId="8c84fa94-04c1-424b-9868-57a2d4851a1d" />
    <TestEntry testId="d4e8ded8-581e-43af-9854-66867a837909" executionId="13283e3e-d0cc-4130-83ad-5d2a334920d8" testListId="8c84fa94-04c1-424b-9868-57a2d4851a1d" />
    <TestEntry testId="9d648b57-33b9-4ee4-9b09-4d2db0b7b9c8" executionId="8b8cd2f0-4622-47b9-9f88-cf3f0beaadab" testListId="8c84fa94-04c1-424b-9868-57a2d4851a1d" />
    <TestEntry testId="0c8f6ba9-e6e8-486e-8037-f50d11a374ca" executionId="fd366fec-7baa-4382-b7a2-ecdb6197b26e" testListId="8c84fa94-04c1-424b-9868-57a2d4851a1d" />
    <TestEntry testId="fe4d864e-64ad-4b0c-ade4-891336a3309b" executionId="c84e9d4d-2bd9-4539-9b02-24f18a8fe20e" testListId="8c84fa94-04c1-424b-9868-57a2d4851a1d" />
    <TestEntry testId="3f7c59cb-2bb6-4aa7-89cf-730d5f917e48" executionId="7d860519-b842-451c-8d45-a0e63fc6b467" testListId="8c84fa94-04c1-424b-9868-57a2d4851a1d" />
    <TestEntry testId="fccb84cb-5a0d-4ba6-b831-bef46c334216" executionId="06352dab-dda0-4b08-8f72-b3ea0c979b63" testListId="8c84fa94-04c1-424b-9868-57a2d4851a1d" />
    <TestEntry testId="17aae640-2b89-4da4-b549-76419e6be22f" executionId="e59a38b6-da1c-4162-a3b6-2d1a043306f5" testListId="8c84fa94-04c1-424b-9868-57a2d4851a1d" />
    <TestEntry testId="017beeb0-a826-4b65-a631-9217e386d155" executionId="901b0971-f4f4-43b1-87dd-cd070bf6f075" testListId="8c84fa94-04c1-424b-9868-57a2d4851a1d" />
    <TestEntry testId="3da59c05-d1f2-4873-aae0-5e0aceceafa8" executionId="bc38a751-9b30-4dae-999a-4124275e7e90" testListId="8c84fa94-04c1-424b-9868-57a2d4851a1d" />
    <TestEntry testId="91f209ab-075f-4159-bd70-1383f0ee685c" executionId="a13e7cf0-9b49-4036-a198-3b4e7aad4936" testListId="8c84fa94-04c1-424b-9868-57a2d4851a1d" />
    <TestEntry testId="cbdb83a1-83cb-4b91-9b3d-ae06921dfe01" executionId="90383f23-a724-49a2-8fdf-d3717858ea66" testListId="8c84fa94-04c1-424b-9868-57a2d4851a1d" />
    <TestEntry testId="868bfc7b-c4f9-4613-ab6f-81b94ea26eac" executionId="a55ec431-902f-4c5f-a5ee-f07d292aaa37" testListId="8c84fa94-04c1-424b-9868-57a2d4851a1d" />
    <TestEntry testId="94e987bd-b083-40d3-ba79-a692d42ded8c" executionId="80511deb-ba90-4417-9291-d587bdd192e6" testListId="8c84fa94-04c1-424b-9868-57a2d4851a1d" />
    <TestEntry testId="0b9ad176-d17a-4ef1-bb57-a5a93f8200d8" executionId="5941de45-c494-41f7-9b10-ebc73711700d" testListId="8c84fa94-04c1-424b-9868-57a2d4851a1d" />
    <TestEntry testId="569ad122-8f0c-4362-a192-c738ca7283a7" executionId="56a9bf95-6141-40a3-ae04-c1e9540c4950" testListId="8c84fa94-04c1-424b-9868-57a2d4851a1d" />
    <TestEntry testId="77c57790-c543-4141-9dbf-56ad451e087e" executionId="d4ad18c8-3a1d-4102-a0f3-f1bbe06957c2" testListId="8c84fa94-04c1-424b-9868-57a2d4851a1d" />
    <TestEntry testId="fce3f547-79c0-4bf4-9ff0-b78189242e4f" executionId="4071e08d-7560-4ee0-9cf5-02eeb5b7b350" testListId="8c84fa94-04c1-424b-9868-57a2d4851a1d" />
    <TestEntry testId="2fb9a16a-4f4f-466f-a77d-debdfcd172e2" executionId="1fd4e96e-1ae0-4ed7-94eb-061bddca7b88" testListId="8c84fa94-04c1-424b-9868-57a2d4851a1d" />
    <TestEntry testId="108a982e-ae8a-43ed-9000-be3667ae6ee8" executionId="a5b04c46-7b6e-4d0c-ba4f-faa24a6094b4" testListId="8c84fa94-04c1-424b-9868-57a2d4851a1d" />
    <TestEntry testId="2b418a6b-d082-4533-91e4-154a7b1ee249" executionId="be10a3ae-d43b-4f37-911b-f5e4000e04ce" testListId="8c84fa94-04c1-424b-9868-57a2d4851a1d" />
    <TestEntry testId="248b922a-7257-440f-9f19-d375153bfe69" executionId="2095297d-c081-4df6-a05f-e294814aca1e" testListId="8c84fa94-04c1-424b-9868-57a2d4851a1d" />
    <TestEntry testId="cb7114cd-7d53-4603-899c-3e15c6892999" executionId="b52644b1-a9dc-4223-8dcd-b25bca564393" testListId="8c84fa94-04c1-424b-9868-57a2d4851a1d" />
    <TestEntry testId="5e5ee150-dbda-4f65-87ab-21230018811d" executionId="92d55aa8-f64e-4f79-ae04-f90b2927dab0" testListId="8c84fa94-04c1-424b-9868-57a2d4851a1d" />
    <TestEntry testId="35e284ff-3f04-4b6e-98a2-f06e7f3fc5a9" executionId="270bd943-267c-475d-848a-3c867107e4e5" testListId="8c84fa94-04c1-424b-9868-57a2d4851a1d" />
    <TestEntry testId="6c416f23-852d-4d58-b75e-15168aa47a15" executionId="3e6c1564-2a05-4246-9645-3262161e9de3" testListId="8c84fa94-04c1-424b-9868-57a2d4851a1d" />
    <TestEntry testId="339ae463-0004-402a-8849-9f802216d4d1" executionId="16abe37c-a5c4-494c-bcf0-7122febfcb08" testListId="8c84fa94-04c1-424b-9868-57a2d4851a1d" />
    <TestEntry testId="a69587f5-7221-4d4d-b6f7-efdbe292ca5c" executionId="f761a4c6-0f96-4a9b-9b1f-a0de72ef88e6" testListId="8c84fa94-04c1-424b-9868-57a2d4851a1d" />
    <TestEntry testId="0a88ec50-6643-455a-9d68-3368b1e83aa8" executionId="f2ec7e99-7cde-46f2-a27b-b91880f6e8c2" testListId="8c84fa94-04c1-424b-9868-57a2d4851a1d" />
    <TestEntry testId="5edf3b59-8c1b-4cc5-93a4-098503104101" executionId="0faa0606-b6a0-411c-a53b-f09477f9f6d1" testListId="8c84fa94-04c1-424b-9868-57a2d4851a1d" />
    <TestEntry testId="7c4f84b6-e5c0-418b-affd-4fd4be87f76d" executionId="c5b1f0ca-3952-4bb8-82ba-234487a89bbe" testListId="8c84fa94-04c1-424b-9868-57a2d4851a1d" />
    <TestEntry testId="a5996b3f-c54d-4e7b-97df-df5809c9970b" executionId="e935a438-29b5-4982-92dd-6d02d8563e5a" testListId="8c84fa94-04c1-424b-9868-57a2d4851a1d" />
    <TestEntry testId="e7ad7dd8-30a5-40eb-81e9-acee45ec60a2" executionId="c1da69b1-a0bf-44fb-93da-1c2a11c6b017" testListId="8c84fa94-04c1-424b-9868-57a2d4851a1d" />
    <TestEntry testId="2d85b3ac-88f6-4b0a-a084-154552b6c135" executionId="fb9f852d-9e9e-4f40-b05e-09b40f24f747" testListId="8c84fa94-04c1-424b-9868-57a2d4851a1d" />
    <TestEntry testId="7247c1ee-5272-4663-9c07-fa7b1e773a22" executionId="ea1b6837-15a7-4b85-8e22-b97707f9dcda" testListId="8c84fa94-04c1-424b-9868-57a2d4851a1d" />
    <TestEntry testId="3b402f9a-4ac2-42af-94bc-11b9675577c4" executionId="29da4bfc-6be3-421a-86ef-d097e8b4d999" testListId="8c84fa94-04c1-424b-9868-57a2d4851a1d" />
    <TestEntry testId="33240424-a93b-4394-b9e1-836be8e00e96" executionId="c8746f16-4489-4e50-a15d-ef55594457ac" testListId="8c84fa94-04c1-424b-9868-57a2d4851a1d" />
    <TestEntry testId="fbd4fe4b-f384-41a2-9883-5742165a9287" executionId="7d7f0358-d0e4-43b6-80e9-a1e819980bde" testListId="8c84fa94-04c1-424b-9868-57a2d4851a1d" />
    <TestEntry testId="f0554222-a3d7-45c7-b477-c5316fa0c09d" executionId="1f5b31dd-a3cf-4dc8-8914-c9f0bd8a0cdc" testListId="8c84fa94-04c1-424b-9868-57a2d4851a1d" />
    <TestEntry testId="ae1e45f7-5041-449a-aee6-64c31ddef8d5" executionId="65cd778c-48c4-4d32-992c-fae3b5e300f3" testListId="8c84fa94-04c1-424b-9868-57a2d4851a1d" />
    <TestEntry testId="2cae7ae7-670a-4e8c-86e0-d915b0a5b6a3" executionId="84111406-5a66-459f-8696-11b21d417895" testListId="8c84fa94-04c1-424b-9868-57a2d4851a1d" />
    <TestEntry testId="ed8e9898-9d7b-4145-8410-067443ce23e6" executionId="6cc01b5a-5887-4614-9b58-d9c055ebfabf" testListId="8c84fa94-04c1-424b-9868-57a2d4851a1d" />
    <TestEntry testId="d924662d-8651-47b6-adb2-cb59f10c8356" executionId="a1789741-4fa0-49c3-9396-202d6b130be6" testListId="8c84fa94-04c1-424b-9868-57a2d4851a1d" />
    <TestEntry testId="019c40b7-3889-494c-adc7-074dfdc0540a" executionId="9da85cae-9e4f-4d2b-898c-71b7bfe2565c" testListId="8c84fa94-04c1-424b-9868-57a2d4851a1d" />
    <TestEntry testId="96d7dee1-84c5-489e-bb89-99f28383d95d" executionId="1e519712-64f4-4b89-ba6f-a8a892270997" testListId="8c84fa94-04c1-424b-9868-57a2d4851a1d" />
    <TestEntry testId="0662a7e5-e1de-49b6-8555-2e6a63e50f56" executionId="fcb9345d-8add-420d-990c-2766553ca8a5" testListId="8c84fa94-04c1-424b-9868-57a2d4851a1d" />
    <TestEntry testId="a80b00ef-a4a7-4719-96e0-fb1b22341b40" executionId="db01e564-9fd0-4d20-a0b5-ef0f8a4736e1" testListId="8c84fa94-04c1-424b-9868-57a2d4851a1d" />
    <TestEntry testId="ea4a5e9d-0a22-43c5-afc5-bd7f0a82242f" executionId="08371af3-969a-430a-861a-b92e0816d5d1" testListId="8c84fa94-04c1-424b-9868-57a2d4851a1d" />
    <TestEntry testId="7fd0df3d-4595-4ca6-b88f-c6e9aec041f4" executionId="222c114c-aba0-4f36-979e-3916a848d0d9" testListId="8c84fa94-04c1-424b-9868-57a2d4851a1d" />
    <TestEntry testId="ec51b7ef-5551-46a0-a3a8-eb638d744cb7" executionId="6186efc7-b50c-474b-8960-27b09db31344" testListId="8c84fa94-04c1-424b-9868-57a2d4851a1d" />
    <TestEntry testId="9606eb54-a00c-4c11-8425-dc079ae1b06e" executionId="81f707d4-ea35-4293-a0fc-4248c9df232c" testListId="8c84fa94-04c1-424b-9868-57a2d4851a1d" />
    <TestEntry testId="b1dc1ab0-606d-4369-b0e6-7d48f9e11a40" executionId="7c6558cd-bf9e-4e2f-b413-ff598c78c3d5" testListId="8c84fa94-04c1-424b-9868-57a2d4851a1d" />
    <TestEntry testId="d6564106-4b83-44e3-9c46-f5ae62975641" executionId="abaabd74-7ab0-44c9-91a2-aa8dc6e0cdbb" testListId="8c84fa94-04c1-424b-9868-57a2d4851a1d" />
    <TestEntry testId="5a49065f-2c33-46b3-847f-846e23d7f12c" executionId="3d3523a4-582a-467b-afdf-8465d2354e93" testListId="8c84fa94-04c1-424b-9868-57a2d4851a1d" />
    <TestEntry testId="1f876fa1-bba9-4c91-8156-854841f9362a" executionId="0f6a1b7f-dc35-44bd-8914-1180258d9f14" testListId="8c84fa94-04c1-424b-9868-57a2d4851a1d" />
    <TestEntry testId="6c64b01b-e7a5-441d-88f1-254aac7bb412" executionId="daf77438-2728-4a2b-b0c3-3473f5530a72" testListId="8c84fa94-04c1-424b-9868-57a2d4851a1d" />
    <TestEntry testId="78daf5f2-8503-4dde-a09b-422aaf723200" executionId="628dc67f-faaa-4464-ac77-9e18b6374f19" testListId="8c84fa94-04c1-424b-9868-57a2d4851a1d" />
    <TestEntry testId="c70d2a45-073c-4015-bc95-4d3b78dd62d3" executionId="79ddd20a-110c-4271-bb65-aee502358acc" testListId="8c84fa94-04c1-424b-9868-57a2d4851a1d" />
    <TestEntry testId="98f397b1-0904-41a5-a8a6-a39a406b50f9" executionId="01a26de4-d76a-4a62-9a83-fd9f6de74873" testListId="8c84fa94-04c1-424b-9868-57a2d4851a1d" />
    <TestEntry testId="76050f18-46a4-4c17-a017-3ff12b05110e" executionId="29dd06c0-339c-4e1b-931f-abe6f698a196" testListId="8c84fa94-04c1-424b-9868-57a2d4851a1d" />
    <TestEntry testId="633dd304-effe-4d9f-881c-f44f4cf3141e" executionId="356eaae0-02db-4d53-95d5-67dc106f794d" testListId="8c84fa94-04c1-424b-9868-57a2d4851a1d" />
    <TestEntry testId="beae4b1b-2e43-4229-b4d5-82d7fdc14af6" executionId="d1b7d6e6-a549-4fc4-973c-97f5346487c3" testListId="8c84fa94-04c1-424b-9868-57a2d4851a1d" />
    <TestEntry testId="e951afee-68bc-40c3-83c1-be6dca42af7f" executionId="b80a2a74-aa14-4d68-923c-86a1f18c3642" testListId="8c84fa94-04c1-424b-9868-57a2d4851a1d" />
    <TestEntry testId="722cf4dd-b880-4a3d-b4f6-67cb0204e87c" executionId="ae3af98d-e0ee-4e53-9581-4b4743817115" testListId="8c84fa94-04c1-424b-9868-57a2d4851a1d" />
    <TestEntry testId="7c59c336-0e40-4acf-9946-d3b873bb74e6" executionId="b15d289e-6dd6-42b4-8df0-239105cebd9a" testListId="8c84fa94-04c1-424b-9868-57a2d4851a1d" />
    <TestEntry testId="935e9639-1df2-436b-b63e-73b3a1d51d43" executionId="ee157561-01aa-4d26-9d4d-0b67185f9a48" testListId="8c84fa94-04c1-424b-9868-57a2d4851a1d" />
    <TestEntry testId="699c8315-d0cf-44e5-9f6a-b6b0256fdec9" executionId="d13dbbd9-2840-4f30-9c28-0db61ec0eda9" testListId="8c84fa94-04c1-424b-9868-57a2d4851a1d" />
    <TestEntry testId="79634f04-248a-472e-9a3a-8ce9945b5b1f" executionId="7426d522-6180-4260-9ca3-710ff24d2991" testListId="8c84fa94-04c1-424b-9868-57a2d4851a1d" />
    <TestEntry testId="e6fbc9af-eb75-410b-a053-137e2b8c8abb" executionId="df40ac53-d032-49c8-9235-f8ffebf7b169" testListId="8c84fa94-04c1-424b-9868-57a2d4851a1d" />
    <TestEntry testId="b0d53638-f9b0-4080-bf45-607ab01fa9f8" executionId="ecbfc849-f8d9-4724-8610-fc06b64e4c8e" testListId="8c84fa94-04c1-424b-9868-57a2d4851a1d" />
    <TestEntry testId="16ad10cd-53a9-4ed1-8011-05c276983346" executionId="787da862-8701-41f5-8f44-c6682461fcdf" testListId="8c84fa94-04c1-424b-9868-57a2d4851a1d" />
    <TestEntry testId="4966a52c-3660-4575-927e-8cfbf34dc82e" executionId="1d6b1246-166e-43e0-b8a6-15bb11a96230" testListId="8c84fa94-04c1-424b-9868-57a2d4851a1d" />
    <TestEntry testId="17cf16f7-3ba5-4818-a5f2-eb45aa7681cf" executionId="9b9e2f9f-7cf2-4ffd-87c6-d41f8db6f4d4" testListId="8c84fa94-04c1-424b-9868-57a2d4851a1d" />
    <TestEntry testId="bfd9d7e6-75be-472f-9841-c3be69d61b9d" executionId="f439650a-9d14-4c46-8ea2-9706c4c9e24d" testListId="8c84fa94-04c1-424b-9868-57a2d4851a1d" />
    <TestEntry testId="cd657e51-550c-4072-89d2-28bd7df5a52e" executionId="006a1c22-85ae-4047-a1d0-e37206402429" testListId="8c84fa94-04c1-424b-9868-57a2d4851a1d" />
    <TestEntry testId="f27f2a47-f2be-4fe9-a625-2453c5d92d7a" executionId="7c1f0d3f-8f0c-4b73-b7fc-f47d2e73c165" testListId="8c84fa94-04c1-424b-9868-57a2d4851a1d" />
    <TestEntry testId="3aeb15d8-4b42-4876-a28c-57469a3fe5b5" executionId="f4e1c4e5-bca8-428a-aa1b-6a6f167dbc30" testListId="8c84fa94-04c1-424b-9868-57a2d4851a1d" />
    <TestEntry testId="17aff4c5-8a6e-48c8-aa4a-172d8d6b5bd9" executionId="16d950d0-3da2-4fe4-863e-d3bdff91cec9" testListId="8c84fa94-04c1-424b-9868-57a2d4851a1d" />
    <TestEntry testId="cfebae9b-be2e-432f-8c8d-a75de5701dd0" executionId="d10c7c7a-a069-4006-b601-2bd115226e65" testListId="8c84fa94-04c1-424b-9868-57a2d4851a1d" />
    <TestEntry testId="20ae6a99-6347-469d-bdbd-5b9f1c0710bd" executionId="752486bc-8251-4155-bdf3-d1033a4a8e1d" testListId="8c84fa94-04c1-424b-9868-57a2d4851a1d" />
    <TestEntry testId="47488eba-dc17-4530-b350-98cfa62bbe3f" executionId="961a4b47-8956-4101-aa92-dbec1cc92217" testListId="8c84fa94-04c1-424b-9868-57a2d4851a1d" />
    <TestEntry testId="53812d64-dd17-416b-b906-60352d624a63" executionId="4944801b-d5d4-4daf-b070-932225797ced" testListId="8c84fa94-04c1-424b-9868-57a2d4851a1d" />
    <TestEntry testId="00c32260-3bac-42e7-b0e5-b8f94d81d59a" executionId="441e9c13-d781-4967-a213-e45d7f1867e1" testListId="8c84fa94-04c1-424b-9868-57a2d4851a1d" />
    <TestEntry testId="4a0dbf18-ac19-4be4-9793-5c47839b7c05" executionId="1289d705-03bf-4533-b936-276a49ca88ce" testListId="8c84fa94-04c1-424b-9868-57a2d4851a1d" />
    <TestEntry testId="04607ba4-0dae-4f8b-878a-9dfc562750e7" executionId="fd133e74-bcc5-481e-9a44-46dd64066198" testListId="8c84fa94-04c1-424b-9868-57a2d4851a1d" />
    <TestEntry testId="54a16c56-bc60-4da6-b042-1b65927e3f96" executionId="2b29732f-f255-4a8e-a9d7-6537da9f6eaa" testListId="8c84fa94-04c1-424b-9868-57a2d4851a1d" />
    <TestEntry testId="33d46e7c-d773-4aa4-a6e5-3e84e335fb1b" executionId="a51d356c-36bd-45ed-af06-0b00205e98bd" testListId="8c84fa94-04c1-424b-9868-57a2d4851a1d" />
    <TestEntry testId="08d60787-ce02-400e-88e7-615c4f716845" executionId="822ab52f-76f2-4f20-9a4a-a6ee092a8ee8" testListId="8c84fa94-04c1-424b-9868-57a2d4851a1d" />
  </TestEntries>
  <TestLists>
    <TestList name="Resultados sin formato de lista" id="8c84fa94-04c1-424b-9868-57a2d4851a1d" />
    <TestList name="Todos los resultados cargados" id="19431567-8539-422a-85d7-44ee4e166bda" />
  </TestLists>
  <ResultSummary outcome="Completed">
    <Counters total="447" executed="447" passed="447" failed="0" error="0" timeout="0" aborted="0" inconclusive="0" passedButRunAborted="0" notRunnable="0" notExecuted="0" disconnected="0" warning="0" completed="0" inProgress="0" pending="0" />
  </ResultSummary>
</TestRun>