<?xml version="1.0" encoding="utf-8"?>
<TestRun id="c439a110-43c6-4875-b7ea-3a02f183b3ec" name="sferrari@PC-SFERRARI 2021-05-26 06:51:50" runUser="PC-SFERRARI\sferrari" xmlns="http://microsoft.com/schemas/VisualStudio/TeamTest/2010">
  <Times creation="2021-05-26T06:51:50.3035796+02:00" queuing="2021-05-26T06:51:50.3035796+02:00" start="2021-05-26T06:51:49.4349024+02:00" finish="2021-05-26T06:51:51.1164064+02:00" />
  <TestSettings name="default" id="8a8faaff-63a9-4bd7-bc8d-acf4c9b1f86d">
    <Deployment runDeploymentRoot="sferrari_PC-SFERRARI_2021-05-26_06_51_50" />
  </TestSettings>
  <Results>
    <UnitTestResult executionId="f2d6985b-a65d-480a-98e2-da2da58b9d9d" testId="3d5865ea-852b-85ea-4b1e-3b3f757388ec" testName="ToString_Passing_Valid_Values_Returns_Value_String_Format" computerName="PC-SFERRARI" duration="00:00:00.0003751" startTime="2021-05-26T06:51:50.4610071+02:00" endTime="2021-05-26T06:51:50.4614895+02:00" testType="13cdc9d9-ddb5-4fa4-a97d-d965ccfc6d4b" outcome="Passed" testListId="8c84fa94-04c1-424b-9868-57a2d4851a1d" relativeResultsDirectory="f2d6985b-a65d-480a-98e2-da2da58b9d9d" resultType="DataDrivenTest">
      <InnerResults>
        <UnitTestResult executionId="5f93ee6a-edf8-43c7-8bb2-d4ad79aa196b" parentExecutionId="f2d6985b-a65d-480a-98e2-da2da58b9d9d" testId="3d5865ea-852b-85ea-4b1e-3b3f757388ec" testName="ToString_Passing_Valid_Values_Returns_Value_String_Format (San Bartoleme De Tirajana,Las Palmas)" computerName="PC-SFERRARI" duration="00:00:00.0002831" startTime="2021-05-26T06:51:50.4610071+02:00" endTime="2021-05-26T06:51:50.4614895+02:00" testType="13cdc9d9-ddb5-4fa4-a97d-d965ccfc6d4b" outcome="Passed" testListId="8c84fa94-04c1-424b-9868-57a2d4851a1d" relativeResultsDirectory="5f93ee6a-edf8-43c7-8bb2-d4ad79aa196b" dataRowInfo="1" resultType="DataDrivenDataRow" />
        <UnitTestResult executionId="57a3bcaa-eb08-4c50-befd-b9c0db13da2e" parentExecutionId="f2d6985b-a65d-480a-98e2-da2da58b9d9d" testId="3d5865ea-852b-85ea-4b1e-3b3f757388ec" testName="ToString_Passing_Valid_Values_Returns_Value_String_Format (Sabadell,Barcelona)" computerName="PC-SFERRARI" duration="00:00:00.0000295" startTime="2021-05-26T06:51:50.4610071+02:00" endTime="2021-05-26T06:51:50.4614895+02:00" testType="13cdc9d9-ddb5-4fa4-a97d-d965ccfc6d4b" outcome="Passed" testListId="8c84fa94-04c1-424b-9868-57a2d4851a1d" relativeResultsDirectory="57a3bcaa-eb08-4c50-befd-b9c0db13da2e" dataRowInfo="2" resultType="DataDrivenDataRow" />
      </InnerResults>
    </UnitTestResult>
    <UnitTestResult executionId="679ad282-bf04-4038-af4d-8a5e58853141" testId="153dd652-4eeb-f718-2869-b5ccdad8d784" testName="OperatorEqual_Passing_Valid_Values_Returns_True" computerName="PC-SFERRARI" duration="00:00:00.0015329" startTime="2021-05-26T06:51:50.5131267+02:00" endTime="2021-05-26T06:51:50.5148306+02:00" testType="13cdc9d9-ddb5-4fa4-a97d-d965ccfc6d4b" outcome="Passed" testListId="8c84fa94-04c1-424b-9868-57a2d4851a1d" relativeResultsDirectory="679ad282-bf04-4038-af4d-8a5e58853141" resultType="DataDrivenTest">
      <InnerResults>
        <UnitTestResult executionId="f3d6f60d-5731-479b-ada7-0edf87effc1c" parentExecutionId="679ad282-bf04-4038-af4d-8a5e58853141" testId="153dd652-4eeb-f718-2869-b5ccdad8d784" testName="OperatorEqual_Passing_Valid_Values_Returns_True (100,EUR,2)" computerName="PC-SFERRARI" duration="00:00:00.0006812" startTime="2021-05-26T06:51:50.5131267+02:00" endTime="2021-05-26T06:51:50.5148306+02:00" testType="13cdc9d9-ddb5-4fa4-a97d-d965ccfc6d4b" outcome="Passed" testListId="8c84fa94-04c1-424b-9868-57a2d4851a1d" relativeResultsDirectory="f3d6f60d-5731-479b-ada7-0edf87effc1c" dataRowInfo="1" resultType="DataDrivenDataRow" />
        <UnitTestResult executionId="dc0fb928-6497-4178-a2ad-092b26678e0c" parentExecutionId="679ad282-bf04-4038-af4d-8a5e58853141" testId="153dd652-4eeb-f718-2869-b5ccdad8d784" testName="OperatorEqual_Passing_Valid_Values_Returns_True (200,EUR,4)" computerName="PC-SFERRARI" duration="00:00:00.0003703" startTime="2021-05-26T06:51:50.5131267+02:00" endTime="2021-05-26T06:51:50.5148306+02:00" testType="13cdc9d9-ddb5-4fa4-a97d-d965ccfc6d4b" outcome="Passed" testListId="8c84fa94-04c1-424b-9868-57a2d4851a1d" relativeResultsDirectory="dc0fb928-6497-4178-a2ad-092b26678e0c" dataRowInfo="2" resultType="DataDrivenDataRow" />
        <UnitTestResult executionId="3a21aec9-7837-4334-b166-e4e3e1aec5f7" parentExecutionId="679ad282-bf04-4038-af4d-8a5e58853141" testId="153dd652-4eeb-f718-2869-b5ccdad8d784" testName="OperatorEqual_Passing_Valid_Values_Returns_True (400,USD,8)" computerName="PC-SFERRARI" duration="00:00:00.0003491" startTime="2021-05-26T06:51:50.5131267+02:00" endTime="2021-05-26T06:51:50.5148306+02:00" testType="13cdc9d9-ddb5-4fa4-a97d-d965ccfc6d4b" outcome="Passed" testListId="8c84fa94-04c1-424b-9868-57a2d4851a1d" relativeResultsDirectory="3a21aec9-7837-4334-b166-e4e3e1aec5f7" dataRowInfo="3" resultType="DataDrivenDataRow" />
      </InnerResults>
    </UnitTestResult>
    <UnitTestResult executionId="853f8195-b8c0-4518-826d-ce6f9b821324" testId="a50cb7dc-992a-23d1-57a7-839a1118dfa3" testName="GetAll_Passing_Nothing_Returns_Enumeracion_List" computerName="PC-SFERRARI" duration="00:00:00.0010675" startTime="2021-05-26T06:51:50.4656284+02:00" endTime="2021-05-26T06:51:50.4693248+02:00" testType="13cdc9d9-ddb5-4fa4-a97d-d965ccfc6d4b" outcome="Passed" testListId="8c84fa94-04c1-424b-9868-57a2d4851a1d" relativeResultsDirectory="853f8195-b8c0-4518-826d-ce6f9b821324" />
    <UnitTestResult executionId="2e9da6be-e6b2-481b-8e51-1980bb66dda4" testId="96faba19-0bfe-83ba-6e84-9c0321f406c2" testName="IsMale_Passing_Nothing_Returns_True" computerName="PC-SFERRARI" duration="00:00:00.0001888" startTime="2021-05-26T06:51:50.4697483+02:00" endTime="2021-05-26T06:51:50.4700452+02:00" testType="13cdc9d9-ddb5-4fa4-a97d-d965ccfc6d4b" outcome="Passed" testListId="8c84fa94-04c1-424b-9868-57a2d4851a1d" relativeResultsDirectory="2e9da6be-e6b2-481b-8e51-1980bb66dda4" />
    <UnitTestResult executionId="655eaba4-9aed-4fb3-af94-917c6a77800a" testId="dde84323-1f87-22b2-d0f7-2a4a85bad3fd" testName="OperatorNotEqual_Passing_Valid_Values_Returns_True" computerName="PC-SFERRARI" duration="00:00:00.0026433" startTime="2021-05-26T06:51:50.6923604+02:00" endTime="2021-05-26T06:51:50.6951018+02:00" testType="13cdc9d9-ddb5-4fa4-a97d-d965ccfc6d4b" outcome="Passed" testListId="8c84fa94-04c1-424b-9868-57a2d4851a1d" relativeResultsDirectory="655eaba4-9aed-4fb3-af94-917c6a77800a" resultType="DataDrivenTest">
      <InnerResults>
        <UnitTestResult executionId="03fbd799-1f32-4584-828b-1875f1f3dce1" parentExecutionId="655eaba4-9aed-4fb3-af94-917c6a77800a" testId="dde84323-1f87-22b2-d0f7-2a4a85bad3fd" testName="OperatorNotEqual_Passing_Valid_Values_Returns_True (456,43543543543)" computerName="PC-SFERRARI" duration="00:00:00.0025250" startTime="2021-05-26T06:51:50.6923604+02:00" endTime="2021-05-26T06:51:50.6951018+02:00" testType="13cdc9d9-ddb5-4fa4-a97d-d965ccfc6d4b" outcome="Passed" testListId="8c84fa94-04c1-424b-9868-57a2d4851a1d" relativeResultsDirectory="03fbd799-1f32-4584-828b-1875f1f3dce1" dataRowInfo="1" resultType="DataDrivenDataRow" />
        <UnitTestResult executionId="17aa2bb9-9897-42d6-89bb-df0c034ea2e3" parentExecutionId="655eaba4-9aed-4fb3-af94-917c6a77800a" testId="dde84323-1f87-22b2-d0f7-2a4a85bad3fd" testName="OperatorNotEqual_Passing_Valid_Values_Returns_True (D45,86554654)" computerName="PC-SFERRARI" duration="00:00:00.0000205" startTime="2021-05-26T06:51:50.6923604+02:00" endTime="2021-05-26T06:51:50.6951018+02:00" testType="13cdc9d9-ddb5-4fa4-a97d-d965ccfc6d4b" outcome="Passed" testListId="8c84fa94-04c1-424b-9868-57a2d4851a1d" relativeResultsDirectory="17aa2bb9-9897-42d6-89bb-df0c034ea2e3" dataRowInfo="2" resultType="DataDrivenDataRow" />
      </InnerResults>
    </UnitTestResult>
    <UnitTestResult executionId="272c266b-1e44-4c1b-a05b-ad5ffcb8aed9" testId="bc7bdbdf-4891-bf37-8380-e1e4362476c4" testName="OperatorEqual_Passing_Valid_Distinct_Values_Returns_False" computerName="PC-SFERRARI" duration="00:00:00.0025250" startTime="2021-05-26T06:51:50.5102687+02:00" endTime="2021-05-26T06:51:50.5130614+02:00" testType="13cdc9d9-ddb5-4fa4-a97d-d965ccfc6d4b" outcome="Passed" testListId="8c84fa94-04c1-424b-9868-57a2d4851a1d" relativeResultsDirectory="272c266b-1e44-4c1b-a05b-ad5ffcb8aed9" resultType="DataDrivenTest">
      <InnerResults>
        <UnitTestResult executionId="c5182321-b237-4a23-bcec-7eaca90e1887" parentExecutionId="272c266b-1e44-4c1b-a05b-ad5ffcb8aed9" testId="bc7bdbdf-4891-bf37-8380-e1e4362476c4" testName="OperatorEqual_Passing_Valid_Distinct_Values_Returns_False (100,EUR,2)" computerName="PC-SFERRARI" duration="00:00:00.0010987" startTime="2021-05-26T06:51:50.5102687+02:00" endTime="2021-05-26T06:51:50.5130614+02:00" testType="13cdc9d9-ddb5-4fa4-a97d-d965ccfc6d4b" outcome="Passed" testListId="8c84fa94-04c1-424b-9868-57a2d4851a1d" relativeResultsDirectory="c5182321-b237-4a23-bcec-7eaca90e1887" dataRowInfo="1" resultType="DataDrivenDataRow" />
        <UnitTestResult executionId="ad09cd00-74f9-4eec-8a9b-ba0fbf1605f3" parentExecutionId="272c266b-1e44-4c1b-a05b-ad5ffcb8aed9" testId="bc7bdbdf-4891-bf37-8380-e1e4362476c4" testName="OperatorEqual_Passing_Valid_Distinct_Values_Returns_False (200,EUR,4)" computerName="PC-SFERRARI" duration="00:00:00.0005504" startTime="2021-05-26T06:51:50.5102687+02:00" endTime="2021-05-26T06:51:50.5130614+02:00" testType="13cdc9d9-ddb5-4fa4-a97d-d965ccfc6d4b" outcome="Passed" testListId="8c84fa94-04c1-424b-9868-57a2d4851a1d" relativeResultsDirectory="ad09cd00-74f9-4eec-8a9b-ba0fbf1605f3" dataRowInfo="2" resultType="DataDrivenDataRow" />
        <UnitTestResult executionId="33104229-d358-4fbb-b135-bb93530b3560" parentExecutionId="272c266b-1e44-4c1b-a05b-ad5ffcb8aed9" testId="bc7bdbdf-4891-bf37-8380-e1e4362476c4" testName="OperatorEqual_Passing_Valid_Distinct_Values_Returns_False (400,EUR,8)" computerName="PC-SFERRARI" duration="00:00:00.0006950" startTime="2021-05-26T06:51:50.5102687+02:00" endTime="2021-05-26T06:51:50.5130614+02:00" testType="13cdc9d9-ddb5-4fa4-a97d-d965ccfc6d4b" outcome="Passed" testListId="8c84fa94-04c1-424b-9868-57a2d4851a1d" relativeResultsDirectory="33104229-d358-4fbb-b135-bb93530b3560" dataRowInfo="3" resultType="DataDrivenDataRow" />
      </InnerResults>
    </UnitTestResult>
    <UnitTestResult executionId="4f562c51-8f81-48bf-b2f8-9989e585512d" testId="66126db5-a312-c629-a169-f37254601183" testName="OperatorNotEqual_Passing_Valid_Values_Returns_False" computerName="PC-SFERRARI" duration="00:00:00.0002998" startTime="2021-05-26T06:51:50.6918748+02:00" endTime="2021-05-26T06:51:50.6923248+02:00" testType="13cdc9d9-ddb5-4fa4-a97d-d965ccfc6d4b" outcome="Passed" testListId="8c84fa94-04c1-424b-9868-57a2d4851a1d" relativeResultsDirectory="4f562c51-8f81-48bf-b2f8-9989e585512d" resultType="DataDrivenTest">
      <InnerResults>
        <UnitTestResult executionId="bd73bee6-756f-4620-a5bc-a5af42f4d252" parentExecutionId="4f562c51-8f81-48bf-b2f8-9989e585512d" testId="66126db5-a312-c629-a169-f37254601183" testName="OperatorNotEqual_Passing_Valid_Values_Returns_False (456,43543543543)" computerName="PC-SFERRARI" duration="00:00:00.0002149" startTime="2021-05-26T06:51:50.6918748+02:00" endTime="2021-05-26T06:51:50.6923248+02:00" testType="13cdc9d9-ddb5-4fa4-a97d-d965ccfc6d4b" outcome="Passed" testListId="8c84fa94-04c1-424b-9868-57a2d4851a1d" relativeResultsDirectory="bd73bee6-756f-4620-a5bc-a5af42f4d252" dataRowInfo="1" resultType="DataDrivenDataRow" />
        <UnitTestResult executionId="7f62ba6a-e349-4431-8701-cbbdbee35bcc" parentExecutionId="4f562c51-8f81-48bf-b2f8-9989e585512d" testId="66126db5-a312-c629-a169-f37254601183" testName="OperatorNotEqual_Passing_Valid_Values_Returns_False (D45,86554654)" computerName="PC-SFERRARI" duration="00:00:00.0000144" startTime="2021-05-26T06:51:50.6918748+02:00" endTime="2021-05-26T06:51:50.6923248+02:00" testType="13cdc9d9-ddb5-4fa4-a97d-d965ccfc6d4b" outcome="Passed" testListId="8c84fa94-04c1-424b-9868-57a2d4851a1d" relativeResultsDirectory="7f62ba6a-e349-4431-8701-cbbdbee35bcc" dataRowInfo="2" resultType="DataDrivenDataRow" />
      </InnerResults>
    </UnitTestResult>
    <UnitTestResult executionId="1fe76b49-64d9-45cc-92fd-59ff04a1edb8" testId="b10bbd05-c792-3d8c-96c7-1a5f4647c7dd" testName="OperatorEqual_Passing_Valid_Distinct_Values_Returns_False" computerName="PC-SFERRARI" duration="00:00:00.0005485" startTime="2021-05-26T06:51:50.5591774+02:00" endTime="2021-05-26T06:51:50.5599157+02:00" testType="13cdc9d9-ddb5-4fa4-a97d-d965ccfc6d4b" outcome="Passed" testListId="8c84fa94-04c1-424b-9868-57a2d4851a1d" relativeResultsDirectory="1fe76b49-64d9-45cc-92fd-59ff04a1edb8" resultType="DataDrivenTest">
      <InnerResults>
        <UnitTestResult executionId="89c06f67-6e4c-40b9-8739-91d0266aa77b" parentExecutionId="1fe76b49-64d9-45cc-92fd-59ff04a1edb8" testId="b10bbd05-c792-3d8c-96c7-1a5f4647c7dd" testName="OperatorEqual_Passing_Valid_Distinct_Values_Returns_False (España)" computerName="PC-SFERRARI" duration="00:00:00.0002204" startTime="2021-05-26T06:51:50.5591774+02:00" endTime="2021-05-26T06:51:50.5599157+02:00" testType="13cdc9d9-ddb5-4fa4-a97d-d965ccfc6d4b" outcome="Passed" testListId="8c84fa94-04c1-424b-9868-57a2d4851a1d" relativeResultsDirectory="89c06f67-6e4c-40b9-8739-91d0266aa77b" dataRowInfo="1" resultType="DataDrivenDataRow" />
        <UnitTestResult executionId="7fe8c9f9-dc2d-4f75-9597-b7ab06cecac3" parentExecutionId="1fe76b49-64d9-45cc-92fd-59ff04a1edb8" testId="b10bbd05-c792-3d8c-96c7-1a5f4647c7dd" testName="OperatorEqual_Passing_Valid_Distinct_Values_Returns_False (Españá)" computerName="PC-SFERRARI" duration="00:00:00.0000239" startTime="2021-05-26T06:51:50.5591774+02:00" endTime="2021-05-26T06:51:50.5599157+02:00" testType="13cdc9d9-ddb5-4fa4-a97d-d965ccfc6d4b" outcome="Passed" testListId="8c84fa94-04c1-424b-9868-57a2d4851a1d" relativeResultsDirectory="7fe8c9f9-dc2d-4f75-9597-b7ab06cecac3" dataRowInfo="2" resultType="DataDrivenDataRow" />
        <UnitTestResult executionId="0910f3e1-a455-4469-80f4-f3467a43cc13" parentExecutionId="1fe76b49-64d9-45cc-92fd-59ff04a1edb8" testId="b10bbd05-c792-3d8c-96c7-1a5f4647c7dd" testName="OperatorEqual_Passing_Valid_Distinct_Values_Returns_False (Españà)" computerName="PC-SFERRARI" duration="00:00:00.0000200" startTime="2021-05-26T06:51:50.5591774+02:00" endTime="2021-05-26T06:51:50.5599157+02:00" testType="13cdc9d9-ddb5-4fa4-a97d-d965ccfc6d4b" outcome="Passed" testListId="8c84fa94-04c1-424b-9868-57a2d4851a1d" relativeResultsDirectory="0910f3e1-a455-4469-80f4-f3467a43cc13" dataRowInfo="3" resultType="DataDrivenDataRow" />
        <UnitTestResult executionId="83530463-6a10-4ff1-9acc-ea5eca6c819b" parentExecutionId="1fe76b49-64d9-45cc-92fd-59ff04a1edb8" testId="b10bbd05-c792-3d8c-96c7-1a5f4647c7dd" testName="OperatorEqual_Passing_Valid_Distinct_Values_Returns_False (Españä)" computerName="PC-SFERRARI" duration="00:00:00.0000178" startTime="2021-05-26T06:51:50.5591774+02:00" endTime="2021-05-26T06:51:50.5599157+02:00" testType="13cdc9d9-ddb5-4fa4-a97d-d965ccfc6d4b" outcome="Passed" testListId="8c84fa94-04c1-424b-9868-57a2d4851a1d" relativeResultsDirectory="83530463-6a10-4ff1-9acc-ea5eca6c819b" dataRowInfo="4" resultType="DataDrivenDataRow" />
        <UnitTestResult executionId="e07afbfd-b123-4df5-b8fc-9892d453dbb8" parentExecutionId="1fe76b49-64d9-45cc-92fd-59ff04a1edb8" testId="b10bbd05-c792-3d8c-96c7-1a5f4647c7dd" testName="OperatorEqual_Passing_Valid_Distinct_Values_Returns_False (Españâ)" computerName="PC-SFERRARI" duration="00:00:00.0000184" startTime="2021-05-26T06:51:50.5591774+02:00" endTime="2021-05-26T06:51:50.5599157+02:00" testType="13cdc9d9-ddb5-4fa4-a97d-d965ccfc6d4b" outcome="Passed" testListId="8c84fa94-04c1-424b-9868-57a2d4851a1d" relativeResultsDirectory="e07afbfd-b123-4df5-b8fc-9892d453dbb8" dataRowInfo="5" resultType="DataDrivenDataRow" />
        <UnitTestResult executionId="77e803dd-269a-456d-ad30-64f4e0c8afa0" parentExecutionId="1fe76b49-64d9-45cc-92fd-59ff04a1edb8" testId="b10bbd05-c792-3d8c-96c7-1a5f4647c7dd" testName="OperatorEqual_Passing_Valid_Distinct_Values_Returns_False (Españã)" computerName="PC-SFERRARI" duration="00:00:00.0000179" startTime="2021-05-26T06:51:50.5591774+02:00" endTime="2021-05-26T06:51:50.5599157+02:00" testType="13cdc9d9-ddb5-4fa4-a97d-d965ccfc6d4b" outcome="Passed" testListId="8c84fa94-04c1-424b-9868-57a2d4851a1d" relativeResultsDirectory="77e803dd-269a-456d-ad30-64f4e0c8afa0" dataRowInfo="6" resultType="DataDrivenDataRow" />
        <UnitTestResult executionId="fd7fcaa1-19a9-47b4-8f96-fa3134d7f85d" parentExecutionId="1fe76b49-64d9-45cc-92fd-59ff04a1edb8" testId="b10bbd05-c792-3d8c-96c7-1a5f4647c7dd" testName="OperatorEqual_Passing_Valid_Distinct_Values_Returns_False (Españç)" computerName="PC-SFERRARI" duration="00:00:00.0000185" startTime="2021-05-26T06:51:50.5591774+02:00" endTime="2021-05-26T06:51:50.5599157+02:00" testType="13cdc9d9-ddb5-4fa4-a97d-d965ccfc6d4b" outcome="Passed" testListId="8c84fa94-04c1-424b-9868-57a2d4851a1d" relativeResultsDirectory="fd7fcaa1-19a9-47b4-8f96-fa3134d7f85d" dataRowInfo="7" resultType="DataDrivenDataRow" />
        <UnitTestResult executionId="bebe6bd1-8e2f-493e-9c5f-4af2c704925c" parentExecutionId="1fe76b49-64d9-45cc-92fd-59ff04a1edb8" testId="b10bbd05-c792-3d8c-96c7-1a5f4647c7dd" testName="OperatorEqual_Passing_Valid_Distinct_Values_Returns_False (Españħ)" computerName="PC-SFERRARI" duration="00:00:00.0000186" startTime="2021-05-26T06:51:50.5591774+02:00" endTime="2021-05-26T06:51:50.5599157+02:00" testType="13cdc9d9-ddb5-4fa4-a97d-d965ccfc6d4b" outcome="Passed" testListId="8c84fa94-04c1-424b-9868-57a2d4851a1d" relativeResultsDirectory="bebe6bd1-8e2f-493e-9c5f-4af2c704925c" dataRowInfo="8" resultType="DataDrivenDataRow" />
        <UnitTestResult executionId="1040f107-9211-498a-8189-8052411c3023" parentExecutionId="1fe76b49-64d9-45cc-92fd-59ff04a1edb8" testId="b10bbd05-c792-3d8c-96c7-1a5f4647c7dd" testName="OperatorEqual_Passing_Valid_Distinct_Values_Returns_False (Esp añâ)" computerName="PC-SFERRARI" duration="00:00:00.0000178" startTime="2021-05-26T06:51:50.5591774+02:00" endTime="2021-05-26T06:51:50.5599157+02:00" testType="13cdc9d9-ddb5-4fa4-a97d-d965ccfc6d4b" outcome="Passed" testListId="8c84fa94-04c1-424b-9868-57a2d4851a1d" relativeResultsDirectory="1040f107-9211-498a-8189-8052411c3023" dataRowInfo="9" resultType="DataDrivenDataRow" />
      </InnerResults>
    </UnitTestResult>
    <UnitTestResult executionId="e5aea529-d5f5-4ceb-bf6f-75bf5876d937" testId="0394e59d-8e17-d872-c29f-c28ac3eea7b0" testName="OperatorEqual_Passing_Valid_Values_Returns_True" computerName="PC-SFERRARI" duration="00:00:00.0003604" startTime="2021-05-26T06:51:50.2937398+02:00" endTime="2021-05-26T06:51:50.2942548+02:00" testType="13cdc9d9-ddb5-4fa4-a97d-d965ccfc6d4b" outcome="Passed" testListId="8c84fa94-04c1-424b-9868-57a2d4851a1d" relativeResultsDirectory="e5aea529-d5f5-4ceb-bf6f-75bf5876d937" resultType="DataDrivenTest">
      <InnerResults>
        <UnitTestResult executionId="0811d5c2-25b8-4f5a-84b2-d78c26c38174" parentExecutionId="e5aea529-d5f5-4ceb-bf6f-75bf5876d937" testId="0394e59d-8e17-d872-c29f-c28ac3eea7b0" testName="OperatorEqual_Passing_Valid_Values_Returns_True (Tenerife,23,34567,San Bartoleme De Tirajana,Las Palmas,España)" computerName="PC-SFERRARI" duration="00:00:00.0002472" startTime="2021-05-26T06:51:50.2937398+02:00" endTime="2021-05-26T06:51:50.2942548+02:00" testType="13cdc9d9-ddb5-4fa4-a97d-d965ccfc6d4b" outcome="Passed" testListId="8c84fa94-04c1-424b-9868-57a2d4851a1d" relativeResultsDirectory="0811d5c2-25b8-4f5a-84b2-d78c26c38174" dataRowInfo="1" resultType="DataDrivenDataRow" />
        <UnitTestResult executionId="abea44a8-0920-4506-af5e-3e1cfeefdc57" parentExecutionId="e5aea529-d5f5-4ceb-bf6f-75bf5876d937" testId="0394e59d-8e17-d872-c29f-c28ac3eea7b0" testName="OperatorEqual_Passing_Valid_Values_Returns_True (Pader,789,DF7956,Sabadell,Barcelona,España)" computerName="PC-SFERRARI" duration="00:00:00.0000204" startTime="2021-05-26T06:51:50.2937398+02:00" endTime="2021-05-26T06:51:50.2942548+02:00" testType="13cdc9d9-ddb5-4fa4-a97d-d965ccfc6d4b" outcome="Passed" testListId="8c84fa94-04c1-424b-9868-57a2d4851a1d" relativeResultsDirectory="abea44a8-0920-4506-af5e-3e1cfeefdc57" dataRowInfo="2" resultType="DataDrivenDataRow" />
      </InnerResults>
    </UnitTestResult>
    <UnitTestResult executionId="1edc88d8-abe3-4c4d-b2af-02c2e94a6d53" testId="a135e145-a8f1-0965-22d8-18ac186f6fcf" testName="Create_Passing_InvalidOrNull_Value_Returns_ApplicationException" computerName="PC-SFERRARI" duration="00:00:00.0009733" startTime="2021-05-26T06:51:50.4863366+02:00" endTime="2021-05-26T06:51:50.4874700+02:00" testType="13cdc9d9-ddb5-4fa4-a97d-d965ccfc6d4b" outcome="Passed" testListId="8c84fa94-04c1-424b-9868-57a2d4851a1d" relativeResultsDirectory="1edc88d8-abe3-4c4d-b2af-02c2e94a6d53" resultType="DataDrivenTest">
      <InnerResults>
        <UnitTestResult executionId="bc16a7c6-e621-46d7-bf0e-3943bf45a7e9" parentExecutionId="1edc88d8-abe3-4c4d-b2af-02c2e94a6d53" testId="a135e145-a8f1-0965-22d8-18ac186f6fcf" testName="Create_Passing_InvalidOrNull_Value_Returns_ApplicationException (456,USD,-3)" computerName="PC-SFERRARI" duration="00:00:00.0009048" startTime="2021-05-26T06:51:50.4863366+02:00" endTime="2021-05-26T06:51:50.4874700+02:00" testType="13cdc9d9-ddb5-4fa4-a97d-d965ccfc6d4b" outcome="Passed" testListId="8c84fa94-04c1-424b-9868-57a2d4851a1d" relativeResultsDirectory="bc16a7c6-e621-46d7-bf0e-3943bf45a7e9" dataRowInfo="1" resultType="DataDrivenDataRow" />
      </InnerResults>
    </UnitTestResult>
    <UnitTestResult executionId="38e258c3-05b7-4f61-bbcd-4097a8377fe1" testId="4abfc1ff-06cf-dc19-b35f-7c84f2bee2da" testName="IsInactive_Passing_Nothing_Returns_True" computerName="PC-SFERRARI" duration="00:00:00.0002985" startTime="2021-05-26T06:51:50.6024843+02:00" endTime="2021-05-26T06:51:50.6029804+02:00" testType="13cdc9d9-ddb5-4fa4-a97d-d965ccfc6d4b" outcome="Passed" testListId="8c84fa94-04c1-424b-9868-57a2d4851a1d" relativeResultsDirectory="38e258c3-05b7-4f61-bbcd-4097a8377fe1" />
    <UnitTestResult executionId="ca7429be-f9d7-44fd-bf89-2d9da62557fa" testId="145bd153-18cc-3e25-baa5-f3e74b60f467" testName="ToEnum_Passing_Invalid_String_Name_Enumeracion_Returns_Null" computerName="PC-SFERRARI" duration="00:00:00.0001749" startTime="2021-05-26T06:51:50.6691184+02:00" endTime="2021-05-26T06:51:50.6693877+02:00" testType="13cdc9d9-ddb5-4fa4-a97d-d965ccfc6d4b" outcome="Passed" testListId="8c84fa94-04c1-424b-9868-57a2d4851a1d" relativeResultsDirectory="ca7429be-f9d7-44fd-bf89-2d9da62557fa" />
    <UnitTestResult executionId="4180852b-8a1d-4b5f-9167-54b95ddd5b61" testId="eb28919c-10bf-694a-78bc-ac7d54701422" testName="IsNull_Passing_Null_Address_Returns_True" computerName="PC-SFERRARI" duration="00:00:00.0009710" startTime="2021-05-26T06:51:50.2871856+02:00" endTime="2021-05-26T06:51:50.2882712+02:00" testType="13cdc9d9-ddb5-4fa4-a97d-d965ccfc6d4b" outcome="Passed" testListId="8c84fa94-04c1-424b-9868-57a2d4851a1d" relativeResultsDirectory="4180852b-8a1d-4b5f-9167-54b95ddd5b61" />
    <UnitTestResult executionId="edf1c442-2cf3-468e-93e5-2d1e2388e98f" testId="a7b68708-c69e-0ff4-e40e-725b6fe202e8" testName="GetAll_Passing_Nothing_Returns_Enumeracion_List" computerName="PC-SFERRARI" duration="00:00:00.0009863" startTime="2021-05-26T06:51:50.6619572+02:00" endTime="2021-05-26T06:51:50.6632681+02:00" testType="13cdc9d9-ddb5-4fa4-a97d-d965ccfc6d4b" outcome="Passed" testListId="8c84fa94-04c1-424b-9868-57a2d4851a1d" relativeResultsDirectory="edf1c442-2cf3-468e-93e5-2d1e2388e98f" />
    <UnitTestResult executionId="a2ba77a7-12f9-476d-8a38-bed6c0b9f333" testId="1c4770cc-11c0-d015-3996-858274852a92" testName="Create_Passing_Valid_Values_Returns_Subdomain" computerName="PC-SFERRARI" duration="00:00:00.0003079" startTime="2021-05-26T06:51:50.6391908+02:00" endTime="2021-05-26T06:51:50.6396657+02:00" testType="13cdc9d9-ddb5-4fa4-a97d-d965ccfc6d4b" outcome="Passed" testListId="8c84fa94-04c1-424b-9868-57a2d4851a1d" relativeResultsDirectory="a2ba77a7-12f9-476d-8a38-bed6c0b9f333" resultType="DataDrivenTest">
      <InnerResults>
        <UnitTestResult executionId="e5f3d168-d8e3-4c82-830c-3f06b516be91" parentExecutionId="a2ba77a7-12f9-476d-8a38-bed6c0b9f333" testId="1c4770cc-11c0-d015-3996-858274852a92" testName="Create_Passing_Valid_Values_Returns_Subdomain (google)" computerName="PC-SFERRARI" duration="00:00:00.0002039" startTime="2021-05-26T06:51:50.6391908+02:00" endTime="2021-05-26T06:51:50.6396657+02:00" testType="13cdc9d9-ddb5-4fa4-a97d-d965ccfc6d4b" outcome="Passed" testListId="8c84fa94-04c1-424b-9868-57a2d4851a1d" relativeResultsDirectory="e5f3d168-d8e3-4c82-830c-3f06b516be91" dataRowInfo="1" resultType="DataDrivenDataRow" />
        <UnitTestResult executionId="ae2348ba-fe09-4c63-af37-eeb81e6ca79e" parentExecutionId="a2ba77a7-12f9-476d-8a38-bed6c0b9f333" testId="1c4770cc-11c0-d015-3996-858274852a92" testName="Create_Passing_Valid_Values_Returns_Subdomain (www.hackerone1-com)" computerName="PC-SFERRARI" duration="00:00:00.0000150" startTime="2021-05-26T06:51:50.6391908+02:00" endTime="2021-05-26T06:51:50.6396657+02:00" testType="13cdc9d9-ddb5-4fa4-a97d-d965ccfc6d4b" outcome="Passed" testListId="8c84fa94-04c1-424b-9868-57a2d4851a1d" relativeResultsDirectory="ae2348ba-fe09-4c63-af37-eeb81e6ca79e" dataRowInfo="2" resultType="DataDrivenDataRow" />
        <UnitTestResult executionId="43975904-5758-4f44-bed1-1c402938e42a" parentExecutionId="a2ba77a7-12f9-476d-8a38-bed6c0b9f333" testId="1c4770cc-11c0-d015-3996-858274852a92" testName="Create_Passing_Valid_Values_Returns_Subdomain (stage_hackerone.com)" computerName="PC-SFERRARI" duration="00:00:00.0000118" startTime="2021-05-26T06:51:50.6391908+02:00" endTime="2021-05-26T06:51:50.6396657+02:00" testType="13cdc9d9-ddb5-4fa4-a97d-d965ccfc6d4b" outcome="Passed" testListId="8c84fa94-04c1-424b-9868-57a2d4851a1d" relativeResultsDirectory="43975904-5758-4f44-bed1-1c402938e42a" dataRowInfo="3" resultType="DataDrivenDataRow" />
      </InnerResults>
    </UnitTestResult>
    <UnitTestResult executionId="64463b0f-0857-4930-ace9-11b1eed29870" testId="27a0e577-20d6-fabc-02be-7af6a06cb12f" testName="ToEnum_Passing_Valid_IntName_Enumeracion_Returns_Enumeracion" computerName="PC-SFERRARI" duration="00:00:00.0001263" startTime="2021-05-26T06:51:50.4708168+02:00" endTime="2021-05-26T06:51:50.4710414+02:00" testType="13cdc9d9-ddb5-4fa4-a97d-d965ccfc6d4b" outcome="Passed" testListId="8c84fa94-04c1-424b-9868-57a2d4851a1d" relativeResultsDirectory="64463b0f-0857-4930-ace9-11b1eed29870" />
    <UnitTestResult executionId="b5ff4aae-e062-480b-8355-38a91090bdc3" testId="3c5dd30a-14ce-719a-a187-bfc979656176" testName="OperatorEqual_Passing_Valid_Distinct_Values_Returns_False" computerName="PC-SFERRARI" duration="00:00:00.0001864" startTime="2021-05-26T06:51:50.6215717+02:00" endTime="2021-05-26T06:51:50.6218446+02:00" testType="13cdc9d9-ddb5-4fa4-a97d-d965ccfc6d4b" outcome="Passed" testListId="8c84fa94-04c1-424b-9868-57a2d4851a1d" relativeResultsDirectory="b5ff4aae-e062-480b-8355-38a91090bdc3" resultType="DataDrivenTest">
      <InnerResults>
        <UnitTestResult executionId="962fec85-6f8a-4535-b683-7a7e5a985a86" parentExecutionId="b5ff4aae-e062-480b-8355-38a91090bdc3" testId="3c5dd30a-14ce-719a-a187-bfc979656176" testName="OperatorEqual_Passing_Valid_Distinct_Values_Returns_False (San Bartoleme De Tirajana)" computerName="PC-SFERRARI" duration="00:00:00.0001231" startTime="2021-05-26T06:51:50.6215717+02:00" endTime="2021-05-26T06:51:50.6218446+02:00" testType="13cdc9d9-ddb5-4fa4-a97d-d965ccfc6d4b" outcome="Passed" testListId="8c84fa94-04c1-424b-9868-57a2d4851a1d" relativeResultsDirectory="962fec85-6f8a-4535-b683-7a7e5a985a86" dataRowInfo="1" resultType="DataDrivenDataRow" />
        <UnitTestResult executionId="fb980adb-523e-4903-a8f2-aaf1cf03fa5a" parentExecutionId="b5ff4aae-e062-480b-8355-38a91090bdc3" testId="3c5dd30a-14ce-719a-a187-bfc979656176" testName="OperatorEqual_Passing_Valid_Distinct_Values_Returns_False (Sabadell)" computerName="PC-SFERRARI" duration="00:00:00.0000072" startTime="2021-05-26T06:51:50.6215717+02:00" endTime="2021-05-26T06:51:50.6218446+02:00" testType="13cdc9d9-ddb5-4fa4-a97d-d965ccfc6d4b" outcome="Passed" testListId="8c84fa94-04c1-424b-9868-57a2d4851a1d" relativeResultsDirectory="fb980adb-523e-4903-a8f2-aaf1cf03fa5a" dataRowInfo="2" resultType="DataDrivenDataRow" />
      </InnerResults>
    </UnitTestResult>
    <UnitTestResult executionId="e6794435-2639-424b-b74c-682f84bf6e11" testId="76c79f9f-0b75-deaf-c0c8-6849a01fabe5" testName="Change_Passing_Valid_Values_Returns_Name" computerName="PC-SFERRARI" duration="00:00:00.0006845" startTime="2021-05-26T06:51:50.5325388+02:00" endTime="2021-05-26T06:51:50.5336262+02:00" testType="13cdc9d9-ddb5-4fa4-a97d-d965ccfc6d4b" outcome="Passed" testListId="8c84fa94-04c1-424b-9868-57a2d4851a1d" relativeResultsDirectory="e6794435-2639-424b-b74c-682f84bf6e11" />
    <UnitTestResult executionId="617891d7-3039-49d0-88dd-5581e79f9fc7" testId="417ec551-d8d9-9d91-2ce7-f7087778456b" testName="IsNull_Passing_Valid_Value_Returns_False" computerName="PC-SFERRARI" duration="00:00:00.0003781" startTime="2021-05-26T06:51:50.5542897+02:00" endTime="2021-05-26T06:51:50.5548082+02:00" testType="13cdc9d9-ddb5-4fa4-a97d-d965ccfc6d4b" outcome="Passed" testListId="8c84fa94-04c1-424b-9868-57a2d4851a1d" relativeResultsDirectory="617891d7-3039-49d0-88dd-5581e79f9fc7" resultType="DataDrivenTest">
      <InnerResults>
        <UnitTestResult executionId="65456dd7-eb99-4c69-b8b9-da70f919e65d" parentExecutionId="617891d7-3039-49d0-88dd-5581e79f9fc7" testId="417ec551-d8d9-9d91-2ce7-f7087778456b" testName="IsNull_Passing_Valid_Value_Returns_False (España)" computerName="PC-SFERRARI" duration="00:00:00.0001316" startTime="2021-05-26T06:51:50.5542897+02:00" endTime="2021-05-26T06:51:50.5548082+02:00" testType="13cdc9d9-ddb5-4fa4-a97d-d965ccfc6d4b" outcome="Passed" testListId="8c84fa94-04c1-424b-9868-57a2d4851a1d" relativeResultsDirectory="65456dd7-eb99-4c69-b8b9-da70f919e65d" dataRowInfo="1" resultType="DataDrivenDataRow" />
        <UnitTestResult executionId="968c3d01-59b7-4f10-8c86-5d2b7404a983" parentExecutionId="617891d7-3039-49d0-88dd-5581e79f9fc7" testId="417ec551-d8d9-9d91-2ce7-f7087778456b" testName="IsNull_Passing_Valid_Value_Returns_False (Españá)" computerName="PC-SFERRARI" duration="00:00:00.0000120" startTime="2021-05-26T06:51:50.5542897+02:00" endTime="2021-05-26T06:51:50.5548082+02:00" testType="13cdc9d9-ddb5-4fa4-a97d-d965ccfc6d4b" outcome="Passed" testListId="8c84fa94-04c1-424b-9868-57a2d4851a1d" relativeResultsDirectory="968c3d01-59b7-4f10-8c86-5d2b7404a983" dataRowInfo="2" resultType="DataDrivenDataRow" />
        <UnitTestResult executionId="68ea545b-a4e4-45e4-b1e0-cb1ac753af85" parentExecutionId="617891d7-3039-49d0-88dd-5581e79f9fc7" testId="417ec551-d8d9-9d91-2ce7-f7087778456b" testName="IsNull_Passing_Valid_Value_Returns_False (Españà)" computerName="PC-SFERRARI" duration="00:00:00.0000098" startTime="2021-05-26T06:51:50.5542897+02:00" endTime="2021-05-26T06:51:50.5548082+02:00" testType="13cdc9d9-ddb5-4fa4-a97d-d965ccfc6d4b" outcome="Passed" testListId="8c84fa94-04c1-424b-9868-57a2d4851a1d" relativeResultsDirectory="68ea545b-a4e4-45e4-b1e0-cb1ac753af85" dataRowInfo="3" resultType="DataDrivenDataRow" />
        <UnitTestResult executionId="5527a659-09f0-48d8-be56-db86fe4e1951" parentExecutionId="617891d7-3039-49d0-88dd-5581e79f9fc7" testId="417ec551-d8d9-9d91-2ce7-f7087778456b" testName="IsNull_Passing_Valid_Value_Returns_False (Españä)" computerName="PC-SFERRARI" duration="00:00:00.0000096" startTime="2021-05-26T06:51:50.5542897+02:00" endTime="2021-05-26T06:51:50.5548082+02:00" testType="13cdc9d9-ddb5-4fa4-a97d-d965ccfc6d4b" outcome="Passed" testListId="8c84fa94-04c1-424b-9868-57a2d4851a1d" relativeResultsDirectory="5527a659-09f0-48d8-be56-db86fe4e1951" dataRowInfo="4" resultType="DataDrivenDataRow" />
        <UnitTestResult executionId="7708dc47-482a-4f78-8475-0d1f6522e91f" parentExecutionId="617891d7-3039-49d0-88dd-5581e79f9fc7" testId="417ec551-d8d9-9d91-2ce7-f7087778456b" testName="IsNull_Passing_Valid_Value_Returns_False (Españâ)" computerName="PC-SFERRARI" duration="00:00:00.0000102" startTime="2021-05-26T06:51:50.5542897+02:00" endTime="2021-05-26T06:51:50.5548082+02:00" testType="13cdc9d9-ddb5-4fa4-a97d-d965ccfc6d4b" outcome="Passed" testListId="8c84fa94-04c1-424b-9868-57a2d4851a1d" relativeResultsDirectory="7708dc47-482a-4f78-8475-0d1f6522e91f" dataRowInfo="5" resultType="DataDrivenDataRow" />
        <UnitTestResult executionId="b938b538-e65e-4a0a-a7df-b5bfe2a1e4d7" parentExecutionId="617891d7-3039-49d0-88dd-5581e79f9fc7" testId="417ec551-d8d9-9d91-2ce7-f7087778456b" testName="IsNull_Passing_Valid_Value_Returns_False (Españã)" computerName="PC-SFERRARI" duration="00:00:00.0000110" startTime="2021-05-26T06:51:50.5542897+02:00" endTime="2021-05-26T06:51:50.5548082+02:00" testType="13cdc9d9-ddb5-4fa4-a97d-d965ccfc6d4b" outcome="Passed" testListId="8c84fa94-04c1-424b-9868-57a2d4851a1d" relativeResultsDirectory="b938b538-e65e-4a0a-a7df-b5bfe2a1e4d7" dataRowInfo="6" resultType="DataDrivenDataRow" />
        <UnitTestResult executionId="99b1388f-66ad-4c9c-9433-afc558f197bd" parentExecutionId="617891d7-3039-49d0-88dd-5581e79f9fc7" testId="417ec551-d8d9-9d91-2ce7-f7087778456b" testName="IsNull_Passing_Valid_Value_Returns_False (Españç)" computerName="PC-SFERRARI" duration="00:00:00.0000106" startTime="2021-05-26T06:51:50.5542897+02:00" endTime="2021-05-26T06:51:50.5548082+02:00" testType="13cdc9d9-ddb5-4fa4-a97d-d965ccfc6d4b" outcome="Passed" testListId="8c84fa94-04c1-424b-9868-57a2d4851a1d" relativeResultsDirectory="99b1388f-66ad-4c9c-9433-afc558f197bd" dataRowInfo="7" resultType="DataDrivenDataRow" />
        <UnitTestResult executionId="138f115c-29ec-458e-8198-bd0556e40962" parentExecutionId="617891d7-3039-49d0-88dd-5581e79f9fc7" testId="417ec551-d8d9-9d91-2ce7-f7087778456b" testName="IsNull_Passing_Valid_Value_Returns_False (Españħ)" computerName="PC-SFERRARI" duration="00:00:00.0000113" startTime="2021-05-26T06:51:50.5542897+02:00" endTime="2021-05-26T06:51:50.5548082+02:00" testType="13cdc9d9-ddb5-4fa4-a97d-d965ccfc6d4b" outcome="Passed" testListId="8c84fa94-04c1-424b-9868-57a2d4851a1d" relativeResultsDirectory="138f115c-29ec-458e-8198-bd0556e40962" dataRowInfo="8" resultType="DataDrivenDataRow" />
        <UnitTestResult executionId="00d9dcc9-144d-4f6a-ac31-6c1596fc56f7" parentExecutionId="617891d7-3039-49d0-88dd-5581e79f9fc7" testId="417ec551-d8d9-9d91-2ce7-f7087778456b" testName="IsNull_Passing_Valid_Value_Returns_False (Esp añâ)" computerName="PC-SFERRARI" duration="00:00:00.0000119" startTime="2021-05-26T06:51:50.5542897+02:00" endTime="2021-05-26T06:51:50.5548082+02:00" testType="13cdc9d9-ddb5-4fa4-a97d-d965ccfc6d4b" outcome="Passed" testListId="8c84fa94-04c1-424b-9868-57a2d4851a1d" relativeResultsDirectory="00d9dcc9-144d-4f6a-ac31-6c1596fc56f7" dataRowInfo="9" resultType="DataDrivenDataRow" />
      </InnerResults>
    </UnitTestResult>
    <UnitTestResult executionId="1e7a9340-4240-4cd2-9a38-c4fa124d0b1a" testId="02c00e07-1da7-4a26-741f-c10b40cf8def" testName="ToBool_Passing_Valid_String_Active_Value_Returns_True" computerName="PC-SFERRARI" duration="00:00:00.0006520" startTime="2021-05-26T06:51:50.6035820+02:00" endTime="2021-05-26T06:51:50.6046262+02:00" testType="13cdc9d9-ddb5-4fa4-a97d-d965ccfc6d4b" outcome="Passed" testListId="8c84fa94-04c1-424b-9868-57a2d4851a1d" relativeResultsDirectory="1e7a9340-4240-4cd2-9a38-c4fa124d0b1a" />
    <UnitTestResult executionId="5c17c84a-c7ea-46d0-8e6d-f94a770dbd8d" testId="505c974a-abdc-ad26-ef8c-4f699fb49682" testName="IsNull_Passing_Valid_Values_Returns_False" computerName="PC-SFERRARI" duration="00:00:00.0002614" startTime="2021-05-26T06:51:50.4482752+02:00" endTime="2021-05-26T06:51:50.4486279+02:00" testType="13cdc9d9-ddb5-4fa4-a97d-d965ccfc6d4b" outcome="Passed" testListId="8c84fa94-04c1-424b-9868-57a2d4851a1d" relativeResultsDirectory="5c17c84a-c7ea-46d0-8e6d-f94a770dbd8d" resultType="DataDrivenTest">
      <InnerResults>
        <UnitTestResult executionId="dd42d6f9-714a-45ca-8a24-f5768498308f" parentExecutionId="5c17c84a-c7ea-46d0-8e6d-f94a770dbd8d" testId="505c974a-abdc-ad26-ef8c-4f699fb49682" testName="IsNull_Passing_Valid_Values_Returns_False (Tenerife,San Bartoleme De Tirajana,Las Palmas)" computerName="PC-SFERRARI" duration="00:00:00.0001699" startTime="2021-05-26T06:51:50.4482752+02:00" endTime="2021-05-26T06:51:50.4486279+02:00" testType="13cdc9d9-ddb5-4fa4-a97d-d965ccfc6d4b" outcome="Passed" testListId="8c84fa94-04c1-424b-9868-57a2d4851a1d" relativeResultsDirectory="dd42d6f9-714a-45ca-8a24-f5768498308f" dataRowInfo="1" resultType="DataDrivenDataRow" />
        <UnitTestResult executionId="5e4c1959-29db-45df-8969-90da62aa6bb0" parentExecutionId="5c17c84a-c7ea-46d0-8e6d-f94a770dbd8d" testId="505c974a-abdc-ad26-ef8c-4f699fb49682" testName="IsNull_Passing_Valid_Values_Returns_False (Sabadell,Barcelona,España)" computerName="PC-SFERRARI" duration="00:00:00.0000290" startTime="2021-05-26T06:51:50.4482752+02:00" endTime="2021-05-26T06:51:50.4486279+02:00" testType="13cdc9d9-ddb5-4fa4-a97d-d965ccfc6d4b" outcome="Passed" testListId="8c84fa94-04c1-424b-9868-57a2d4851a1d" relativeResultsDirectory="5e4c1959-29db-45df-8969-90da62aa6bb0" dataRowInfo="2" resultType="DataDrivenDataRow" />
      </InnerResults>
    </UnitTestResult>
    <UnitTestResult executionId="e3bc4654-437a-40e3-ad46-0cbdc215843b" testId="2a42fb62-90e3-d0b8-2433-6770585d59ac" testName="ToNormalize_Passing_Valid_Values_Returns_Address_String_Format" computerName="PC-SFERRARI" duration="00:00:00.0058835" startTime="2021-05-26T06:51:50.4134300+02:00" endTime="2021-05-26T06:51:50.4194054+02:00" testType="13cdc9d9-ddb5-4fa4-a97d-d965ccfc6d4b" outcome="Passed" testListId="8c84fa94-04c1-424b-9868-57a2d4851a1d" relativeResultsDirectory="e3bc4654-437a-40e3-ad46-0cbdc215843b" resultType="DataDrivenTest">
      <InnerResults>
        <UnitTestResult executionId="95e159af-22c2-486a-8b90-e3770fb6b856" parentExecutionId="e3bc4654-437a-40e3-ad46-0cbdc215843b" testId="2a42fb62-90e3-d0b8-2433-6770585d59ac" testName="ToNormalize_Passing_Valid_Values_Returns_Address_String_Format (ñandu@gmail.com)" computerName="PC-SFERRARI" duration="00:00:00.0055086" startTime="2021-05-26T06:51:50.4134300+02:00" endTime="2021-05-26T06:51:50.4194054+02:00" testType="13cdc9d9-ddb5-4fa4-a97d-d965ccfc6d4b" outcome="Passed" testListId="8c84fa94-04c1-424b-9868-57a2d4851a1d" relativeResultsDirectory="95e159af-22c2-486a-8b90-e3770fb6b856" dataRowInfo="1" resultType="DataDrivenDataRow" />
        <UnitTestResult executionId="5f05c5ec-80f6-43ff-9d78-54cef70b738c" parentExecutionId="e3bc4654-437a-40e3-ad46-0cbdc215843b" testId="2a42fb62-90e3-d0b8-2433-6770585d59ac" testName="ToNormalize_Passing_Valid_Values_Returns_Address_String_Format (ádsads@ggg.cc)" computerName="PC-SFERRARI" duration="00:00:00.0000975" startTime="2021-05-26T06:51:50.4134300+02:00" endTime="2021-05-26T06:51:50.4194054+02:00" testType="13cdc9d9-ddb5-4fa4-a97d-d965ccfc6d4b" outcome="Passed" testListId="8c84fa94-04c1-424b-9868-57a2d4851a1d" relativeResultsDirectory="5f05c5ec-80f6-43ff-9d78-54cef70b738c" dataRowInfo="2" resultType="DataDrivenDataRow" />
        <UnitTestResult executionId="9735a40e-a1a5-4d9d-9762-aa7a32c422e7" parentExecutionId="e3bc4654-437a-40e3-ad46-0cbdc215843b" testId="2a42fb62-90e3-d0b8-2433-6770585d59ac" testName="ToNormalize_Passing_Valid_Values_Returns_Address_String_Format (aaads@ggg.cc)" computerName="PC-SFERRARI" duration="00:00:00.0000699" startTime="2021-05-26T06:51:50.4134300+02:00" endTime="2021-05-26T06:51:50.4194054+02:00" testType="13cdc9d9-ddb5-4fa4-a97d-d965ccfc6d4b" outcome="Passed" testListId="8c84fa94-04c1-424b-9868-57a2d4851a1d" relativeResultsDirectory="9735a40e-a1a5-4d9d-9762-aa7a32c422e7" dataRowInfo="3" resultType="DataDrivenDataRow" />
        <UnitTestResult executionId="af377071-80ce-4518-bde1-77fb953ef9ce" parentExecutionId="e3bc4654-437a-40e3-ad46-0cbdc215843b" testId="2a42fb62-90e3-d0b8-2433-6770585d59ac" testName="ToNormalize_Passing_Valid_Values_Returns_Address_String_Format (bb_ads@ggg.cc)" computerName="PC-SFERRARI" duration="00:00:00.0000733" startTime="2021-05-26T06:51:50.4134300+02:00" endTime="2021-05-26T06:51:50.4194054+02:00" testType="13cdc9d9-ddb5-4fa4-a97d-d965ccfc6d4b" outcome="Passed" testListId="8c84fa94-04c1-424b-9868-57a2d4851a1d" relativeResultsDirectory="af377071-80ce-4518-bde1-77fb953ef9ce" dataRowInfo="4" resultType="DataDrivenDataRow" />
      </InnerResults>
    </UnitTestResult>
    <UnitTestResult executionId="f024d24f-3aaf-4a04-867d-bd98e49bce94" testId="b0548663-47b3-8c52-226c-9dcd0a8ec50c" testName="ToEnum_Passing_Valid_IntName_Enumeracion_Returns_Enumeracion" computerName="PC-SFERRARI" duration="00:00:00.0001217" startTime="2021-05-26T06:51:50.6694102+02:00" endTime="2021-05-26T06:51:50.6696172+02:00" testType="13cdc9d9-ddb5-4fa4-a97d-d965ccfc6d4b" outcome="Passed" testListId="8c84fa94-04c1-424b-9868-57a2d4851a1d" relativeResultsDirectory="f024d24f-3aaf-4a04-867d-bd98e49bce94" />
    <UnitTestResult executionId="03846ce2-59dd-4fb2-8c08-0c29c42b3e8c" testId="bb27667d-2509-633e-e3c4-28c478f5b41c" testName="Equals_Passing_Valid_Values_Returns_True" computerName="PC-SFERRARI" duration="00:00:00.0036803" startTime="2021-05-26T06:51:50.5001564+02:00" endTime="2021-05-26T06:51:50.5040570+02:00" testType="13cdc9d9-ddb5-4fa4-a97d-d965ccfc6d4b" outcome="Passed" testListId="8c84fa94-04c1-424b-9868-57a2d4851a1d" relativeResultsDirectory="03846ce2-59dd-4fb2-8c08-0c29c42b3e8c" resultType="DataDrivenTest">
      <InnerResults>
        <UnitTestResult executionId="ac8c09cb-5811-4134-ae8a-b9227884d9e6" parentExecutionId="03846ce2-59dd-4fb2-8c08-0c29c42b3e8c" testId="bb27667d-2509-633e-e3c4-28c478f5b41c" testName="Equals_Passing_Valid_Values_Returns_True (100,EUR,2)" computerName="PC-SFERRARI" duration="00:00:00.0010602" startTime="2021-05-26T06:51:50.5001564+02:00" endTime="2021-05-26T06:51:50.5040570+02:00" testType="13cdc9d9-ddb5-4fa4-a97d-d965ccfc6d4b" outcome="Passed" testListId="8c84fa94-04c1-424b-9868-57a2d4851a1d" relativeResultsDirectory="ac8c09cb-5811-4134-ae8a-b9227884d9e6" dataRowInfo="1" resultType="DataDrivenDataRow" />
        <UnitTestResult executionId="c7cb2912-be5e-4a6d-a8e2-467fad9c9e07" parentExecutionId="03846ce2-59dd-4fb2-8c08-0c29c42b3e8c" testId="bb27667d-2509-633e-e3c4-28c478f5b41c" testName="Equals_Passing_Valid_Values_Returns_True (200,EUR,4)" computerName="PC-SFERRARI" duration="00:00:00.0006727" startTime="2021-05-26T06:51:50.5001564+02:00" endTime="2021-05-26T06:51:50.5040570+02:00" testType="13cdc9d9-ddb5-4fa4-a97d-d965ccfc6d4b" outcome="Passed" testListId="8c84fa94-04c1-424b-9868-57a2d4851a1d" relativeResultsDirectory="c7cb2912-be5e-4a6d-a8e2-467fad9c9e07" dataRowInfo="2" resultType="DataDrivenDataRow" />
        <UnitTestResult executionId="4c8a0bbc-c32e-459f-9e07-a44e976db308" parentExecutionId="03846ce2-59dd-4fb2-8c08-0c29c42b3e8c" testId="bb27667d-2509-633e-e3c4-28c478f5b41c" testName="Equals_Passing_Valid_Values_Returns_True (400,USD,8)" computerName="PC-SFERRARI" duration="00:00:00.0017824" startTime="2021-05-26T06:51:50.5001564+02:00" endTime="2021-05-26T06:51:50.5040570+02:00" testType="13cdc9d9-ddb5-4fa4-a97d-d965ccfc6d4b" outcome="Passed" testListId="8c84fa94-04c1-424b-9868-57a2d4851a1d" relativeResultsDirectory="4c8a0bbc-c32e-459f-9e07-a44e976db308" dataRowInfo="3" resultType="DataDrivenDataRow" />
      </InnerResults>
    </UnitTestResult>
    <UnitTestResult executionId="b1b3cd51-a5ed-4c63-9836-5a8ffa79be9a" testId="bf7415ae-45f0-be29-e76d-b41b408fe020" testName="IsNull_Passing_Valid_Value_Returns_False" computerName="PC-SFERRARI" duration="00:00:00.0002509" startTime="2021-05-26T06:51:50.4068154+02:00" endTime="2021-05-26T06:51:50.4071706+02:00" testType="13cdc9d9-ddb5-4fa4-a97d-d965ccfc6d4b" outcome="Passed" testListId="8c84fa94-04c1-424b-9868-57a2d4851a1d" relativeResultsDirectory="b1b3cd51-a5ed-4c63-9836-5a8ffa79be9a" resultType="DataDrivenTest">
      <InnerResults>
        <UnitTestResult executionId="ee4207bb-ca6e-4a34-8e08-6b7eba9fd098" parentExecutionId="b1b3cd51-a5ed-4c63-9836-5a8ffa79be9a" testId="bf7415ae-45f0-be29-e76d-b41b408fe020" testName="IsNull_Passing_Valid_Value_Returns_False (dasdasd@dsasd.ff)" computerName="PC-SFERRARI" duration="00:00:00.0001559" startTime="2021-05-26T06:51:50.4068154+02:00" endTime="2021-05-26T06:51:50.4071706+02:00" testType="13cdc9d9-ddb5-4fa4-a97d-d965ccfc6d4b" outcome="Passed" testListId="8c84fa94-04c1-424b-9868-57a2d4851a1d" relativeResultsDirectory="ee4207bb-ca6e-4a34-8e08-6b7eba9fd098" dataRowInfo="1" resultType="DataDrivenDataRow" />
        <UnitTestResult executionId="e64c2cdd-6099-4294-9594-b416358b7f16" parentExecutionId="b1b3cd51-a5ed-4c63-9836-5a8ffa79be9a" testId="bf7415ae-45f0-be29-e76d-b41b408fe020" testName="IsNull_Passing_Valid_Value_Returns_False (34fsds@sdd.fgg)" computerName="PC-SFERRARI" duration="00:00:00.0000271" startTime="2021-05-26T06:51:50.4068154+02:00" endTime="2021-05-26T06:51:50.4071706+02:00" testType="13cdc9d9-ddb5-4fa4-a97d-d965ccfc6d4b" outcome="Passed" testListId="8c84fa94-04c1-424b-9868-57a2d4851a1d" relativeResultsDirectory="e64c2cdd-6099-4294-9594-b416358b7f16" dataRowInfo="2" resultType="DataDrivenDataRow" />
      </InnerResults>
    </UnitTestResult>
    <UnitTestResult executionId="0c879d50-dcf1-4ed8-a844-1002758d0804" testId="afb94819-d000-5c73-f44b-f1e36fef6d66" testName="Change_Passing_Valid_Values_Returns_Currency" computerName="PC-SFERRARI" duration="00:00:00.0215505" startTime="2021-05-26T06:51:50.3199998+02:00" endTime="2021-05-26T06:51:50.3418219+02:00" testType="13cdc9d9-ddb5-4fa4-a97d-d965ccfc6d4b" outcome="Passed" testListId="8c84fa94-04c1-424b-9868-57a2d4851a1d" relativeResultsDirectory="0c879d50-dcf1-4ed8-a844-1002758d0804" resultType="DataDrivenTest">
      <InnerResults>
        <UnitTestResult executionId="773e490c-4ca2-4426-81bc-2957ef62409e" parentExecutionId="0c879d50-dcf1-4ed8-a844-1002758d0804" testId="afb94819-d000-5c73-f44b-f1e36fef6d66" testName="Change_Passing_Valid_Values_Returns_Currency (EUR)" computerName="PC-SFERRARI" duration="00:00:00.0214789" startTime="2021-05-26T06:51:50.3199998+02:00" endTime="2021-05-26T06:51:50.3418219+02:00" testType="13cdc9d9-ddb5-4fa4-a97d-d965ccfc6d4b" outcome="Passed" testListId="8c84fa94-04c1-424b-9868-57a2d4851a1d" relativeResultsDirectory="773e490c-4ca2-4426-81bc-2957ef62409e" dataRowInfo="1" resultType="DataDrivenDataRow" />
      </InnerResults>
    </UnitTestResult>
    <UnitTestResult executionId="ed6c1f35-a90f-4da3-8d7c-d6c801a269a9" testId="f7330460-b528-23e0-f552-44f6715cd948" testName="OperatorNotEqual_Passing_Valid_Values_Returns_True" computerName="PC-SFERRARI" duration="00:00:00.0005179" startTime="2021-05-26T06:51:50.5749737+02:00" endTime="2021-05-26T06:51:50.5756704+02:00" testType="13cdc9d9-ddb5-4fa4-a97d-d965ccfc6d4b" outcome="Passed" testListId="8c84fa94-04c1-424b-9868-57a2d4851a1d" relativeResultsDirectory="ed6c1f35-a90f-4da3-8d7c-d6c801a269a9" resultType="DataDrivenTest">
      <InnerResults>
        <UnitTestResult executionId="76e204e9-d343-4915-a85d-c02a1cfaf5eb" parentExecutionId="ed6c1f35-a90f-4da3-8d7c-d6c801a269a9" testId="f7330460-b528-23e0-f552-44f6715cd948" testName="OperatorNotEqual_Passing_Valid_Values_Returns_True (España)" computerName="PC-SFERRARI" duration="00:00:00.0002128" startTime="2021-05-26T06:51:50.5749737+02:00" endTime="2021-05-26T06:51:50.5756704+02:00" testType="13cdc9d9-ddb5-4fa4-a97d-d965ccfc6d4b" outcome="Passed" testListId="8c84fa94-04c1-424b-9868-57a2d4851a1d" relativeResultsDirectory="76e204e9-d343-4915-a85d-c02a1cfaf5eb" dataRowInfo="1" resultType="DataDrivenDataRow" />
        <UnitTestResult executionId="b12c23c3-dfec-4cea-a94f-77010e29ee89" parentExecutionId="ed6c1f35-a90f-4da3-8d7c-d6c801a269a9" testId="f7330460-b528-23e0-f552-44f6715cd948" testName="OperatorNotEqual_Passing_Valid_Values_Returns_True (Españá)" computerName="PC-SFERRARI" duration="00:00:00.0000188" startTime="2021-05-26T06:51:50.5749737+02:00" endTime="2021-05-26T06:51:50.5756704+02:00" testType="13cdc9d9-ddb5-4fa4-a97d-d965ccfc6d4b" outcome="Passed" testListId="8c84fa94-04c1-424b-9868-57a2d4851a1d" relativeResultsDirectory="b12c23c3-dfec-4cea-a94f-77010e29ee89" dataRowInfo="2" resultType="DataDrivenDataRow" />
        <UnitTestResult executionId="087b1f73-2d50-4301-b270-df74e41c97be" parentExecutionId="ed6c1f35-a90f-4da3-8d7c-d6c801a269a9" testId="f7330460-b528-23e0-f552-44f6715cd948" testName="OperatorNotEqual_Passing_Valid_Values_Returns_True (Españà)" computerName="PC-SFERRARI" duration="00:00:00.0000162" startTime="2021-05-26T06:51:50.5749737+02:00" endTime="2021-05-26T06:51:50.5756704+02:00" testType="13cdc9d9-ddb5-4fa4-a97d-d965ccfc6d4b" outcome="Passed" testListId="8c84fa94-04c1-424b-9868-57a2d4851a1d" relativeResultsDirectory="087b1f73-2d50-4301-b270-df74e41c97be" dataRowInfo="3" resultType="DataDrivenDataRow" />
        <UnitTestResult executionId="3c488167-4ab4-4879-9064-0cf07c10dc9e" parentExecutionId="ed6c1f35-a90f-4da3-8d7c-d6c801a269a9" testId="f7330460-b528-23e0-f552-44f6715cd948" testName="OperatorNotEqual_Passing_Valid_Values_Returns_True (Españä)" computerName="PC-SFERRARI" duration="00:00:00.0000178" startTime="2021-05-26T06:51:50.5749737+02:00" endTime="2021-05-26T06:51:50.5756704+02:00" testType="13cdc9d9-ddb5-4fa4-a97d-d965ccfc6d4b" outcome="Passed" testListId="8c84fa94-04c1-424b-9868-57a2d4851a1d" relativeResultsDirectory="3c488167-4ab4-4879-9064-0cf07c10dc9e" dataRowInfo="4" resultType="DataDrivenDataRow" />
        <UnitTestResult executionId="6fefc4d9-04aa-4fc6-ba31-e3f910815bd2" parentExecutionId="ed6c1f35-a90f-4da3-8d7c-d6c801a269a9" testId="f7330460-b528-23e0-f552-44f6715cd948" testName="OperatorNotEqual_Passing_Valid_Values_Returns_True (Españâ)" computerName="PC-SFERRARI" duration="00:00:00.0000170" startTime="2021-05-26T06:51:50.5749737+02:00" endTime="2021-05-26T06:51:50.5756704+02:00" testType="13cdc9d9-ddb5-4fa4-a97d-d965ccfc6d4b" outcome="Passed" testListId="8c84fa94-04c1-424b-9868-57a2d4851a1d" relativeResultsDirectory="6fefc4d9-04aa-4fc6-ba31-e3f910815bd2" dataRowInfo="5" resultType="DataDrivenDataRow" />
        <UnitTestResult executionId="73e0e27e-9daf-4bc5-b7a8-ffe05bad524e" parentExecutionId="ed6c1f35-a90f-4da3-8d7c-d6c801a269a9" testId="f7330460-b528-23e0-f552-44f6715cd948" testName="OperatorNotEqual_Passing_Valid_Values_Returns_True (Españã)" computerName="PC-SFERRARI" duration="00:00:00.0000177" startTime="2021-05-26T06:51:50.5749737+02:00" endTime="2021-05-26T06:51:50.5756704+02:00" testType="13cdc9d9-ddb5-4fa4-a97d-d965ccfc6d4b" outcome="Passed" testListId="8c84fa94-04c1-424b-9868-57a2d4851a1d" relativeResultsDirectory="73e0e27e-9daf-4bc5-b7a8-ffe05bad524e" dataRowInfo="6" resultType="DataDrivenDataRow" />
        <UnitTestResult executionId="925eb7e4-3b74-422f-a572-f56c0d42e6ba" parentExecutionId="ed6c1f35-a90f-4da3-8d7c-d6c801a269a9" testId="f7330460-b528-23e0-f552-44f6715cd948" testName="OperatorNotEqual_Passing_Valid_Values_Returns_True (Españç)" computerName="PC-SFERRARI" duration="00:00:00.0000187" startTime="2021-05-26T06:51:50.5749737+02:00" endTime="2021-05-26T06:51:50.5756704+02:00" testType="13cdc9d9-ddb5-4fa4-a97d-d965ccfc6d4b" outcome="Passed" testListId="8c84fa94-04c1-424b-9868-57a2d4851a1d" relativeResultsDirectory="925eb7e4-3b74-422f-a572-f56c0d42e6ba" dataRowInfo="7" resultType="DataDrivenDataRow" />
        <UnitTestResult executionId="493cc6fd-d7d4-429f-96ca-d8ffc2a19458" parentExecutionId="ed6c1f35-a90f-4da3-8d7c-d6c801a269a9" testId="f7330460-b528-23e0-f552-44f6715cd948" testName="OperatorNotEqual_Passing_Valid_Values_Returns_True (Españħ)" computerName="PC-SFERRARI" duration="00:00:00.0000187" startTime="2021-05-26T06:51:50.5749737+02:00" endTime="2021-05-26T06:51:50.5756704+02:00" testType="13cdc9d9-ddb5-4fa4-a97d-d965ccfc6d4b" outcome="Passed" testListId="8c84fa94-04c1-424b-9868-57a2d4851a1d" relativeResultsDirectory="493cc6fd-d7d4-429f-96ca-d8ffc2a19458" dataRowInfo="8" resultType="DataDrivenDataRow" />
        <UnitTestResult executionId="91a04887-d52e-4f4e-b33b-9d54841eb65a" parentExecutionId="ed6c1f35-a90f-4da3-8d7c-d6c801a269a9" testId="f7330460-b528-23e0-f552-44f6715cd948" testName="OperatorNotEqual_Passing_Valid_Values_Returns_True (Esp añâ)" computerName="PC-SFERRARI" duration="00:00:00.0000176" startTime="2021-05-26T06:51:50.5749737+02:00" endTime="2021-05-26T06:51:50.5756704+02:00" testType="13cdc9d9-ddb5-4fa4-a97d-d965ccfc6d4b" outcome="Passed" testListId="8c84fa94-04c1-424b-9868-57a2d4851a1d" relativeResultsDirectory="91a04887-d52e-4f4e-b33b-9d54841eb65a" dataRowInfo="9" resultType="DataDrivenDataRow" />
      </InnerResults>
    </UnitTestResult>
    <UnitTestResult executionId="acaac70a-ebe6-48a6-b719-c5767a1d44b8" testId="f2e092d4-d663-ae2f-6d89-847a0ae86968" testName="ToString_Passing_Valid_Values_Returns_Name" computerName="PC-SFERRARI" duration="00:00:00.0005891" startTime="2021-05-26T06:51:50.5870759+02:00" endTime="2021-05-26T06:51:50.5878648+02:00" testType="13cdc9d9-ddb5-4fa4-a97d-d965ccfc6d4b" outcome="Passed" testListId="8c84fa94-04c1-424b-9868-57a2d4851a1d" relativeResultsDirectory="acaac70a-ebe6-48a6-b719-c5767a1d44b8" resultType="DataDrivenTest">
      <InnerResults>
        <UnitTestResult executionId="f8ad738e-c212-4cbf-83a1-8fd28bb51c4f" parentExecutionId="acaac70a-ebe6-48a6-b719-c5767a1d44b8" testId="f2e092d4-d663-ae2f-6d89-847a0ae86968" testName="ToString_Passing_Valid_Values_Returns_Name (España)" computerName="PC-SFERRARI" duration="00:00:00.0003041" startTime="2021-05-26T06:51:50.5870759+02:00" endTime="2021-05-26T06:51:50.5878648+02:00" testType="13cdc9d9-ddb5-4fa4-a97d-d965ccfc6d4b" outcome="Passed" testListId="8c84fa94-04c1-424b-9868-57a2d4851a1d" relativeResultsDirectory="f8ad738e-c212-4cbf-83a1-8fd28bb51c4f" dataRowInfo="1" resultType="DataDrivenDataRow" />
        <UnitTestResult executionId="cb7528b1-e0ac-476a-b533-12ca42791082" parentExecutionId="acaac70a-ebe6-48a6-b719-c5767a1d44b8" testId="f2e092d4-d663-ae2f-6d89-847a0ae86968" testName="ToString_Passing_Valid_Values_Returns_Name (Españá)" computerName="PC-SFERRARI" duration="00:00:00.0000175" startTime="2021-05-26T06:51:50.5870759+02:00" endTime="2021-05-26T06:51:50.5878648+02:00" testType="13cdc9d9-ddb5-4fa4-a97d-d965ccfc6d4b" outcome="Passed" testListId="8c84fa94-04c1-424b-9868-57a2d4851a1d" relativeResultsDirectory="cb7528b1-e0ac-476a-b533-12ca42791082" dataRowInfo="2" resultType="DataDrivenDataRow" />
        <UnitTestResult executionId="3d1e85bd-bfc3-44ca-a53f-949f29f8eebd" parentExecutionId="acaac70a-ebe6-48a6-b719-c5767a1d44b8" testId="f2e092d4-d663-ae2f-6d89-847a0ae86968" testName="ToString_Passing_Valid_Values_Returns_Name (Españà)" computerName="PC-SFERRARI" duration="00:00:00.0000116" startTime="2021-05-26T06:51:50.5870759+02:00" endTime="2021-05-26T06:51:50.5878648+02:00" testType="13cdc9d9-ddb5-4fa4-a97d-d965ccfc6d4b" outcome="Passed" testListId="8c84fa94-04c1-424b-9868-57a2d4851a1d" relativeResultsDirectory="3d1e85bd-bfc3-44ca-a53f-949f29f8eebd" dataRowInfo="3" resultType="DataDrivenDataRow" />
        <UnitTestResult executionId="6f5f0ae9-f4d6-4556-a8c7-a9df254c031d" parentExecutionId="acaac70a-ebe6-48a6-b719-c5767a1d44b8" testId="f2e092d4-d663-ae2f-6d89-847a0ae86968" testName="ToString_Passing_Valid_Values_Returns_Name (Españä)" computerName="PC-SFERRARI" duration="00:00:00.0000149" startTime="2021-05-26T06:51:50.5870759+02:00" endTime="2021-05-26T06:51:50.5878648+02:00" testType="13cdc9d9-ddb5-4fa4-a97d-d965ccfc6d4b" outcome="Passed" testListId="8c84fa94-04c1-424b-9868-57a2d4851a1d" relativeResultsDirectory="6f5f0ae9-f4d6-4556-a8c7-a9df254c031d" dataRowInfo="4" resultType="DataDrivenDataRow" />
        <UnitTestResult executionId="cd6ef62e-8c07-41b4-8bfc-d2280d831ba4" parentExecutionId="acaac70a-ebe6-48a6-b719-c5767a1d44b8" testId="f2e092d4-d663-ae2f-6d89-847a0ae86968" testName="ToString_Passing_Valid_Values_Returns_Name (Españâ)" computerName="PC-SFERRARI" duration="00:00:00.0000109" startTime="2021-05-26T06:51:50.5870759+02:00" endTime="2021-05-26T06:51:50.5878648+02:00" testType="13cdc9d9-ddb5-4fa4-a97d-d965ccfc6d4b" outcome="Passed" testListId="8c84fa94-04c1-424b-9868-57a2d4851a1d" relativeResultsDirectory="cd6ef62e-8c07-41b4-8bfc-d2280d831ba4" dataRowInfo="5" resultType="DataDrivenDataRow" />
        <UnitTestResult executionId="0ceffc23-3f08-459b-b637-31325b31b0ba" parentExecutionId="acaac70a-ebe6-48a6-b719-c5767a1d44b8" testId="f2e092d4-d663-ae2f-6d89-847a0ae86968" testName="ToString_Passing_Valid_Values_Returns_Name (Españã)" computerName="PC-SFERRARI" duration="00:00:00.0000145" startTime="2021-05-26T06:51:50.5870759+02:00" endTime="2021-05-26T06:51:50.5878648+02:00" testType="13cdc9d9-ddb5-4fa4-a97d-d965ccfc6d4b" outcome="Passed" testListId="8c84fa94-04c1-424b-9868-57a2d4851a1d" relativeResultsDirectory="0ceffc23-3f08-459b-b637-31325b31b0ba" dataRowInfo="6" resultType="DataDrivenDataRow" />
        <UnitTestResult executionId="20b19ec7-0d94-4f5c-be58-6a53b1f6cf06" parentExecutionId="acaac70a-ebe6-48a6-b719-c5767a1d44b8" testId="f2e092d4-d663-ae2f-6d89-847a0ae86968" testName="ToString_Passing_Valid_Values_Returns_Name (Españç)" computerName="PC-SFERRARI" duration="00:00:00.0000105" startTime="2021-05-26T06:51:50.5870759+02:00" endTime="2021-05-26T06:51:50.5878648+02:00" testType="13cdc9d9-ddb5-4fa4-a97d-d965ccfc6d4b" outcome="Passed" testListId="8c84fa94-04c1-424b-9868-57a2d4851a1d" relativeResultsDirectory="20b19ec7-0d94-4f5c-be58-6a53b1f6cf06" dataRowInfo="7" resultType="DataDrivenDataRow" />
        <UnitTestResult executionId="a93631ba-e1fa-4355-8a6d-8abaa4a0c2f2" parentExecutionId="acaac70a-ebe6-48a6-b719-c5767a1d44b8" testId="f2e092d4-d663-ae2f-6d89-847a0ae86968" testName="ToString_Passing_Valid_Values_Returns_Name (Españħ)" computerName="PC-SFERRARI" duration="00:00:00.0000174" startTime="2021-05-26T06:51:50.5870759+02:00" endTime="2021-05-26T06:51:50.5878648+02:00" testType="13cdc9d9-ddb5-4fa4-a97d-d965ccfc6d4b" outcome="Passed" testListId="8c84fa94-04c1-424b-9868-57a2d4851a1d" relativeResultsDirectory="a93631ba-e1fa-4355-8a6d-8abaa4a0c2f2" dataRowInfo="8" resultType="DataDrivenDataRow" />
        <UnitTestResult executionId="951c5d26-7474-4f6a-9840-6edae87c5bf9" parentExecutionId="acaac70a-ebe6-48a6-b719-c5767a1d44b8" testId="f2e092d4-d663-ae2f-6d89-847a0ae86968" testName="ToString_Passing_Valid_Values_Returns_Name (Esp añâ)" computerName="PC-SFERRARI" duration="00:00:00.0000107" startTime="2021-05-26T06:51:50.5870759+02:00" endTime="2021-05-26T06:51:50.5878648+02:00" testType="13cdc9d9-ddb5-4fa4-a97d-d965ccfc6d4b" outcome="Passed" testListId="8c84fa94-04c1-424b-9868-57a2d4851a1d" relativeResultsDirectory="951c5d26-7474-4f6a-9840-6edae87c5bf9" dataRowInfo="9" resultType="DataDrivenDataRow" />
      </InnerResults>
    </UnitTestResult>
    <UnitTestResult executionId="63159c30-c5f9-4faa-9f39-ee6670a4cdd8" testId="fe3ab238-f960-1d99-07e6-892c4c0d0c46" testName="Equals_Passing_Valid_Distinct_Values_Returns_False" computerName="PC-SFERRARI" duration="00:00:00.0033518" startTime="2021-05-26T06:51:50.4964084+02:00" endTime="2021-05-26T06:51:50.4999486+02:00" testType="13cdc9d9-ddb5-4fa4-a97d-d965ccfc6d4b" outcome="Passed" testListId="8c84fa94-04c1-424b-9868-57a2d4851a1d" relativeResultsDirectory="63159c30-c5f9-4faa-9f39-ee6670a4cdd8" resultType="DataDrivenTest">
      <InnerResults>
        <UnitTestResult executionId="acb1ab53-03b8-4e25-a724-a6df7a69be86" parentExecutionId="63159c30-c5f9-4faa-9f39-ee6670a4cdd8" testId="fe3ab238-f960-1d99-07e6-892c4c0d0c46" testName="Equals_Passing_Valid_Distinct_Values_Returns_False (100,EUR,2)" computerName="PC-SFERRARI" duration="00:00:00.0017890" startTime="2021-05-26T06:51:50.4964084+02:00" endTime="2021-05-26T06:51:50.4999486+02:00" testType="13cdc9d9-ddb5-4fa4-a97d-d965ccfc6d4b" outcome="Passed" testListId="8c84fa94-04c1-424b-9868-57a2d4851a1d" relativeResultsDirectory="acb1ab53-03b8-4e25-a724-a6df7a69be86" dataRowInfo="1" resultType="DataDrivenDataRow" />
        <UnitTestResult executionId="a40d54a4-a2f8-47c9-93e7-8e3efc0e2f44" parentExecutionId="63159c30-c5f9-4faa-9f39-ee6670a4cdd8" testId="fe3ab238-f960-1d99-07e6-892c4c0d0c46" testName="Equals_Passing_Valid_Distinct_Values_Returns_False (200,EUR,4)" computerName="PC-SFERRARI" duration="00:00:00.0007355" startTime="2021-05-26T06:51:50.4964084+02:00" endTime="2021-05-26T06:51:50.4999486+02:00" testType="13cdc9d9-ddb5-4fa4-a97d-d965ccfc6d4b" outcome="Passed" testListId="8c84fa94-04c1-424b-9868-57a2d4851a1d" relativeResultsDirectory="a40d54a4-a2f8-47c9-93e7-8e3efc0e2f44" dataRowInfo="2" resultType="DataDrivenDataRow" />
        <UnitTestResult executionId="a3b6caa8-7425-4c6f-a05e-213def74f34b" parentExecutionId="63159c30-c5f9-4faa-9f39-ee6670a4cdd8" testId="fe3ab238-f960-1d99-07e6-892c4c0d0c46" testName="Equals_Passing_Valid_Distinct_Values_Returns_False (400,EUR,8)" computerName="PC-SFERRARI" duration="00:00:00.0006755" startTime="2021-05-26T06:51:50.4964084+02:00" endTime="2021-05-26T06:51:50.4999486+02:00" testType="13cdc9d9-ddb5-4fa4-a97d-d965ccfc6d4b" outcome="Passed" testListId="8c84fa94-04c1-424b-9868-57a2d4851a1d" relativeResultsDirectory="a3b6caa8-7425-4c6f-a05e-213def74f34b" dataRowInfo="3" resultType="DataDrivenDataRow" />
      </InnerResults>
    </UnitTestResult>
    <UnitTestResult executionId="f8a4af95-a639-432a-8a92-20af247c103d" testId="3825a6bf-15ba-3ddd-7270-3610d4ba1398" testName="ToEnum_Passing_Invalid_Int_Name_Enumeracion_Returns_Null" computerName="PC-SFERRARI" duration="00:00:00.0003124" startTime="2021-05-26T06:51:50.6686934+02:00" endTime="2021-05-26T06:51:50.6690959+02:00" testType="13cdc9d9-ddb5-4fa4-a97d-d965ccfc6d4b" outcome="Passed" testListId="8c84fa94-04c1-424b-9868-57a2d4851a1d" relativeResultsDirectory="f8a4af95-a639-432a-8a92-20af247c103d" />
    <UnitTestResult executionId="250bc308-3aad-4829-bf48-1b4f53722aad" testId="b90b8524-89a6-7598-57e6-f81fc0f2da6d" testName="Create_Passing_Valid_Values_Returns_StringId" computerName="PC-SFERRARI" duration="00:00:00.0002041" startTime="2021-05-26T06:51:50.6129603+02:00" endTime="2021-05-26T06:51:50.6132848+02:00" testType="13cdc9d9-ddb5-4fa4-a97d-d965ccfc6d4b" outcome="Passed" testListId="8c84fa94-04c1-424b-9868-57a2d4851a1d" relativeResultsDirectory="250bc308-3aad-4829-bf48-1b4f53722aad" resultType="DataDrivenTest">
      <InnerResults>
        <UnitTestResult executionId="b027e257-479f-4d7d-a529-6b5a581f9525" parentExecutionId="250bc308-3aad-4829-bf48-1b4f53722aad" testId="b90b8524-89a6-7598-57e6-f81fc0f2da6d" testName="Create_Passing_Valid_Values_Returns_StringId (Tenerife)" computerName="PC-SFERRARI" duration="00:00:00.0001350" startTime="2021-05-26T06:51:50.6129603+02:00" endTime="2021-05-26T06:51:50.6132848+02:00" testType="13cdc9d9-ddb5-4fa4-a97d-d965ccfc6d4b" outcome="Passed" testListId="8c84fa94-04c1-424b-9868-57a2d4851a1d" relativeResultsDirectory="b027e257-479f-4d7d-a529-6b5a581f9525" dataRowInfo="1" resultType="DataDrivenDataRow" />
        <UnitTestResult executionId="e3504b69-96cd-45cf-8485-59524fe4bcd4" parentExecutionId="250bc308-3aad-4829-bf48-1b4f53722aad" testId="b90b8524-89a6-7598-57e6-f81fc0f2da6d" testName="Create_Passing_Valid_Values_Returns_StringId (Espania)" computerName="PC-SFERRARI" duration="00:00:00.0000059" startTime="2021-05-26T06:51:50.6129603+02:00" endTime="2021-05-26T06:51:50.6132848+02:00" testType="13cdc9d9-ddb5-4fa4-a97d-d965ccfc6d4b" outcome="Passed" testListId="8c84fa94-04c1-424b-9868-57a2d4851a1d" relativeResultsDirectory="e3504b69-96cd-45cf-8485-59524fe4bcd4" dataRowInfo="2" resultType="DataDrivenDataRow" />
      </InnerResults>
    </UnitTestResult>
    <UnitTestResult executionId="7fe580bf-8d13-41a5-afa0-e05e04c65683" testId="7fd04506-4241-b8b1-2349-8e867be6fbef" testName="ToEnum_Passing_Invalid_Int_Name_Enumeracion_Returns_Null" computerName="PC-SFERRARI" duration="00:00:00.0008249" startTime="2021-05-26T06:51:50.3114878+02:00" endTime="2021-05-26T06:51:50.3124075+02:00" testType="13cdc9d9-ddb5-4fa4-a97d-d965ccfc6d4b" outcome="Passed" testListId="8c84fa94-04c1-424b-9868-57a2d4851a1d" relativeResultsDirectory="7fe580bf-8d13-41a5-afa0-e05e04c65683" />
    <UnitTestResult executionId="060e6ded-7cf5-4976-9a96-52348abe2139" testId="e9f12af5-5c0d-5f0d-b569-bb58f1d198e2" testName="OperatorEqual_Passing_Valid_Values_Returns_True" computerName="PC-SFERRARI" duration="00:00:00.0005512" startTime="2021-05-26T06:51:50.5643310+02:00" endTime="2021-05-26T06:51:50.5650749+02:00" testType="13cdc9d9-ddb5-4fa4-a97d-d965ccfc6d4b" outcome="Passed" testListId="8c84fa94-04c1-424b-9868-57a2d4851a1d" relativeResultsDirectory="060e6ded-7cf5-4976-9a96-52348abe2139" resultType="DataDrivenTest">
      <InnerResults>
        <UnitTestResult executionId="8ade8e1b-5f4f-4716-8cf5-77c7e2b9b8c5" parentExecutionId="060e6ded-7cf5-4976-9a96-52348abe2139" testId="e9f12af5-5c0d-5f0d-b569-bb58f1d198e2" testName="OperatorEqual_Passing_Valid_Values_Returns_True (España)" computerName="PC-SFERRARI" duration="00:00:00.0002198" startTime="2021-05-26T06:51:50.5643310+02:00" endTime="2021-05-26T06:51:50.5650749+02:00" testType="13cdc9d9-ddb5-4fa4-a97d-d965ccfc6d4b" outcome="Passed" testListId="8c84fa94-04c1-424b-9868-57a2d4851a1d" relativeResultsDirectory="8ade8e1b-5f4f-4716-8cf5-77c7e2b9b8c5" dataRowInfo="1" resultType="DataDrivenDataRow" />
        <UnitTestResult executionId="738d9d9d-a665-4cfa-a365-b59731c22743" parentExecutionId="060e6ded-7cf5-4976-9a96-52348abe2139" testId="e9f12af5-5c0d-5f0d-b569-bb58f1d198e2" testName="OperatorEqual_Passing_Valid_Values_Returns_True (Españá)" computerName="PC-SFERRARI" duration="00:00:00.0000201" startTime="2021-05-26T06:51:50.5643310+02:00" endTime="2021-05-26T06:51:50.5650749+02:00" testType="13cdc9d9-ddb5-4fa4-a97d-d965ccfc6d4b" outcome="Passed" testListId="8c84fa94-04c1-424b-9868-57a2d4851a1d" relativeResultsDirectory="738d9d9d-a665-4cfa-a365-b59731c22743" dataRowInfo="2" resultType="DataDrivenDataRow" />
        <UnitTestResult executionId="cbf73fbe-b024-4e54-a742-bcb2d336fb96" parentExecutionId="060e6ded-7cf5-4976-9a96-52348abe2139" testId="e9f12af5-5c0d-5f0d-b569-bb58f1d198e2" testName="OperatorEqual_Passing_Valid_Values_Returns_True (Españà)" computerName="PC-SFERRARI" duration="00:00:00.0000186" startTime="2021-05-26T06:51:50.5643310+02:00" endTime="2021-05-26T06:51:50.5650749+02:00" testType="13cdc9d9-ddb5-4fa4-a97d-d965ccfc6d4b" outcome="Passed" testListId="8c84fa94-04c1-424b-9868-57a2d4851a1d" relativeResultsDirectory="cbf73fbe-b024-4e54-a742-bcb2d336fb96" dataRowInfo="3" resultType="DataDrivenDataRow" />
        <UnitTestResult executionId="cb8faa55-d777-4578-85cf-ce3e37d8a236" parentExecutionId="060e6ded-7cf5-4976-9a96-52348abe2139" testId="e9f12af5-5c0d-5f0d-b569-bb58f1d198e2" testName="OperatorEqual_Passing_Valid_Values_Returns_True (Españä)" computerName="PC-SFERRARI" duration="00:00:00.0000199" startTime="2021-05-26T06:51:50.5643310+02:00" endTime="2021-05-26T06:51:50.5650749+02:00" testType="13cdc9d9-ddb5-4fa4-a97d-d965ccfc6d4b" outcome="Passed" testListId="8c84fa94-04c1-424b-9868-57a2d4851a1d" relativeResultsDirectory="cb8faa55-d777-4578-85cf-ce3e37d8a236" dataRowInfo="4" resultType="DataDrivenDataRow" />
        <UnitTestResult executionId="ca7eaf2d-0dc5-4f2f-a5ca-374655e28da5" parentExecutionId="060e6ded-7cf5-4976-9a96-52348abe2139" testId="e9f12af5-5c0d-5f0d-b569-bb58f1d198e2" testName="OperatorEqual_Passing_Valid_Values_Returns_True (Españâ)" computerName="PC-SFERRARI" duration="00:00:00.0000182" startTime="2021-05-26T06:51:50.5643310+02:00" endTime="2021-05-26T06:51:50.5650749+02:00" testType="13cdc9d9-ddb5-4fa4-a97d-d965ccfc6d4b" outcome="Passed" testListId="8c84fa94-04c1-424b-9868-57a2d4851a1d" relativeResultsDirectory="ca7eaf2d-0dc5-4f2f-a5ca-374655e28da5" dataRowInfo="5" resultType="DataDrivenDataRow" />
        <UnitTestResult executionId="c5d8d301-a19e-4c90-9c8b-dc47013152f4" parentExecutionId="060e6ded-7cf5-4976-9a96-52348abe2139" testId="e9f12af5-5c0d-5f0d-b569-bb58f1d198e2" testName="OperatorEqual_Passing_Valid_Values_Returns_True (Españã)" computerName="PC-SFERRARI" duration="00:00:00.0000191" startTime="2021-05-26T06:51:50.5643310+02:00" endTime="2021-05-26T06:51:50.5650749+02:00" testType="13cdc9d9-ddb5-4fa4-a97d-d965ccfc6d4b" outcome="Passed" testListId="8c84fa94-04c1-424b-9868-57a2d4851a1d" relativeResultsDirectory="c5d8d301-a19e-4c90-9c8b-dc47013152f4" dataRowInfo="6" resultType="DataDrivenDataRow" />
        <UnitTestResult executionId="af2f338b-af2d-40df-8ffd-ffe3f507b20a" parentExecutionId="060e6ded-7cf5-4976-9a96-52348abe2139" testId="e9f12af5-5c0d-5f0d-b569-bb58f1d198e2" testName="OperatorEqual_Passing_Valid_Values_Returns_True (Españç)" computerName="PC-SFERRARI" duration="00:00:00.0000190" startTime="2021-05-26T06:51:50.5643310+02:00" endTime="2021-05-26T06:51:50.5650749+02:00" testType="13cdc9d9-ddb5-4fa4-a97d-d965ccfc6d4b" outcome="Passed" testListId="8c84fa94-04c1-424b-9868-57a2d4851a1d" relativeResultsDirectory="af2f338b-af2d-40df-8ffd-ffe3f507b20a" dataRowInfo="7" resultType="DataDrivenDataRow" />
        <UnitTestResult executionId="44c42b5e-c4b1-4cba-96e6-bd0cf51c05cf" parentExecutionId="060e6ded-7cf5-4976-9a96-52348abe2139" testId="e9f12af5-5c0d-5f0d-b569-bb58f1d198e2" testName="OperatorEqual_Passing_Valid_Values_Returns_True (Españħ)" computerName="PC-SFERRARI" duration="00:00:00.0000160" startTime="2021-05-26T06:51:50.5643310+02:00" endTime="2021-05-26T06:51:50.5650749+02:00" testType="13cdc9d9-ddb5-4fa4-a97d-d965ccfc6d4b" outcome="Passed" testListId="8c84fa94-04c1-424b-9868-57a2d4851a1d" relativeResultsDirectory="44c42b5e-c4b1-4cba-96e6-bd0cf51c05cf" dataRowInfo="8" resultType="DataDrivenDataRow" />
        <UnitTestResult executionId="a1d908b4-5f94-4f31-a2a4-285353e78aaa" parentExecutionId="060e6ded-7cf5-4976-9a96-52348abe2139" testId="e9f12af5-5c0d-5f0d-b569-bb58f1d198e2" testName="OperatorEqual_Passing_Valid_Values_Returns_True (Esp añâ)" computerName="PC-SFERRARI" duration="00:00:00.0000178" startTime="2021-05-26T06:51:50.5643310+02:00" endTime="2021-05-26T06:51:50.5650749+02:00" testType="13cdc9d9-ddb5-4fa4-a97d-d965ccfc6d4b" outcome="Passed" testListId="8c84fa94-04c1-424b-9868-57a2d4851a1d" relativeResultsDirectory="a1d908b4-5f94-4f31-a2a4-285353e78aaa" dataRowInfo="9" resultType="DataDrivenDataRow" />
      </InnerResults>
    </UnitTestResult>
    <UnitTestResult executionId="39936f13-fb2e-4c58-8583-bfebec903cc9" testId="c5c29f75-9d50-53de-8312-18164417d08c" testName="OperatorEqual_Passing_Valid_Distinct_Values_Returns_False" computerName="PC-SFERRARI" duration="00:00:00.0001912" startTime="2021-05-26T06:51:50.6868582+02:00" endTime="2021-05-26T06:51:50.6871287+02:00" testType="13cdc9d9-ddb5-4fa4-a97d-d965ccfc6d4b" outcome="Passed" testListId="8c84fa94-04c1-424b-9868-57a2d4851a1d" relativeResultsDirectory="39936f13-fb2e-4c58-8583-bfebec903cc9" resultType="DataDrivenTest">
      <InnerResults>
        <UnitTestResult executionId="eec309b8-9b69-4a08-b9f6-c7712ad3414f" parentExecutionId="39936f13-fb2e-4c58-8583-bfebec903cc9" testId="c5c29f75-9d50-53de-8312-18164417d08c" testName="OperatorEqual_Passing_Valid_Distinct_Values_Returns_False (456,43543543543)" computerName="PC-SFERRARI" duration="00:00:00.0001250" startTime="2021-05-26T06:51:50.6868582+02:00" endTime="2021-05-26T06:51:50.6871287+02:00" testType="13cdc9d9-ddb5-4fa4-a97d-d965ccfc6d4b" outcome="Passed" testListId="8c84fa94-04c1-424b-9868-57a2d4851a1d" relativeResultsDirectory="eec309b8-9b69-4a08-b9f6-c7712ad3414f" dataRowInfo="1" resultType="DataDrivenDataRow" />
        <UnitTestResult executionId="05037120-0c8d-4808-9725-28ba030305b5" parentExecutionId="39936f13-fb2e-4c58-8583-bfebec903cc9" testId="c5c29f75-9d50-53de-8312-18164417d08c" testName="OperatorEqual_Passing_Valid_Distinct_Values_Returns_False (D45,86554654)" computerName="PC-SFERRARI" duration="00:00:00.0000119" startTime="2021-05-26T06:51:50.6868582+02:00" endTime="2021-05-26T06:51:50.6871287+02:00" testType="13cdc9d9-ddb5-4fa4-a97d-d965ccfc6d4b" outcome="Passed" testListId="8c84fa94-04c1-424b-9868-57a2d4851a1d" relativeResultsDirectory="05037120-0c8d-4808-9725-28ba030305b5" dataRowInfo="2" resultType="DataDrivenDataRow" />
      </InnerResults>
    </UnitTestResult>
    <UnitTestResult executionId="fc100718-ffa9-48f1-bbe9-28784b1b8ce8" testId="fc04751a-29b6-34b0-30bc-db8740bebbfc" testName="Equals_Passing_Valid_Values_Returns_False" computerName="PC-SFERRARI" duration="00:00:00.0018596" startTime="2021-05-26T06:51:50.2189954+02:00" endTime="2021-05-26T06:51:50.2210019+02:00" testType="13cdc9d9-ddb5-4fa4-a97d-d965ccfc6d4b" outcome="Passed" testListId="8c84fa94-04c1-424b-9868-57a2d4851a1d" relativeResultsDirectory="fc100718-ffa9-48f1-bbe9-28784b1b8ce8" resultType="DataDrivenTest">
      <InnerResults>
        <UnitTestResult executionId="498b446f-cb43-4f70-a10c-ccb631eb76ec" parentExecutionId="fc100718-ffa9-48f1-bbe9-28784b1b8ce8" testId="fc04751a-29b6-34b0-30bc-db8740bebbfc" testName="Equals_Passing_Valid_Values_Returns_False (Tenerife,23,34567,San Bartoleme De Tirajana,Las Palmas,España)" computerName="PC-SFERRARI" duration="00:00:00.0017004" startTime="2021-05-26T06:51:50.2189954+02:00" endTime="2021-05-26T06:51:50.2210019+02:00" testType="13cdc9d9-ddb5-4fa4-a97d-d965ccfc6d4b" outcome="Passed" testListId="8c84fa94-04c1-424b-9868-57a2d4851a1d" relativeResultsDirectory="498b446f-cb43-4f70-a10c-ccb631eb76ec" dataRowInfo="1" resultType="DataDrivenDataRow" />
        <UnitTestResult executionId="29812a7a-bae3-46aa-940d-1e78dfdee086" parentExecutionId="fc100718-ffa9-48f1-bbe9-28784b1b8ce8" testId="fc04751a-29b6-34b0-30bc-db8740bebbfc" testName="Equals_Passing_Valid_Values_Returns_False (Pader,789,DF7956,Sabadell,Barcelona,España)" computerName="PC-SFERRARI" duration="00:00:00.0000483" startTime="2021-05-26T06:51:50.2189954+02:00" endTime="2021-05-26T06:51:50.2210019+02:00" testType="13cdc9d9-ddb5-4fa4-a97d-d965ccfc6d4b" outcome="Passed" testListId="8c84fa94-04c1-424b-9868-57a2d4851a1d" relativeResultsDirectory="29812a7a-bae3-46aa-940d-1e78dfdee086" dataRowInfo="2" resultType="DataDrivenDataRow" />
      </InnerResults>
    </UnitTestResult>
    <UnitTestResult executionId="5be9a773-0ea0-4148-a3da-86354950b3e7" testId="5d5bf084-272e-970d-5ff6-6e8097ceab4a" testName="Change_Passing_Valid_Values_Returns_Address" computerName="PC-SFERRARI" duration="00:00:00.0068769" startTime="2021-05-26T06:51:50.4791133+02:00" endTime="2021-05-26T06:51:50.4862873+02:00" testType="13cdc9d9-ddb5-4fa4-a97d-d965ccfc6d4b" outcome="Passed" testListId="8c84fa94-04c1-424b-9868-57a2d4851a1d" relativeResultsDirectory="5be9a773-0ea0-4148-a3da-86354950b3e7" resultType="DataDrivenTest">
      <InnerResults>
        <UnitTestResult executionId="caf74774-6f9a-47f0-829c-387bdde7f251" parentExecutionId="5be9a773-0ea0-4148-a3da-86354950b3e7" testId="5d5bf084-272e-970d-5ff6-6e8097ceab4a" testName="Change_Passing_Valid_Values_Returns_Address (100,EUR,2)" computerName="PC-SFERRARI" duration="00:00:00.0040020" startTime="2021-05-26T06:51:50.4791133+02:00" endTime="2021-05-26T06:51:50.4862873+02:00" testType="13cdc9d9-ddb5-4fa4-a97d-d965ccfc6d4b" outcome="Passed" testListId="8c84fa94-04c1-424b-9868-57a2d4851a1d" relativeResultsDirectory="caf74774-6f9a-47f0-829c-387bdde7f251" dataRowInfo="1" resultType="DataDrivenDataRow" />
        <UnitTestResult executionId="7a9d6acc-0605-439e-b3fc-a7ebea95be97" parentExecutionId="5be9a773-0ea0-4148-a3da-86354950b3e7" testId="5d5bf084-272e-970d-5ff6-6e8097ceab4a" testName="Change_Passing_Valid_Values_Returns_Address (200,EUR,4)" computerName="PC-SFERRARI" duration="00:00:00.0019962" startTime="2021-05-26T06:51:50.4791133+02:00" endTime="2021-05-26T06:51:50.4862873+02:00" testType="13cdc9d9-ddb5-4fa4-a97d-d965ccfc6d4b" outcome="Passed" testListId="8c84fa94-04c1-424b-9868-57a2d4851a1d" relativeResultsDirectory="7a9d6acc-0605-439e-b3fc-a7ebea95be97" dataRowInfo="2" resultType="DataDrivenDataRow" />
        <UnitTestResult executionId="e6b1d7c9-c36d-49b0-b314-8eeeead2ef23" parentExecutionId="5be9a773-0ea0-4148-a3da-86354950b3e7" testId="5d5bf084-272e-970d-5ff6-6e8097ceab4a" testName="Change_Passing_Valid_Values_Returns_Address (400,EUR,8)" computerName="PC-SFERRARI" duration="00:00:00.0006793" startTime="2021-05-26T06:51:50.4791133+02:00" endTime="2021-05-26T06:51:50.4862873+02:00" testType="13cdc9d9-ddb5-4fa4-a97d-d965ccfc6d4b" outcome="Passed" testListId="8c84fa94-04c1-424b-9868-57a2d4851a1d" relativeResultsDirectory="e6b1d7c9-c36d-49b0-b314-8eeeead2ef23" dataRowInfo="3" resultType="DataDrivenDataRow" />
      </InnerResults>
    </UnitTestResult>
    <UnitTestResult executionId="7f3d54bb-81b4-441d-ae96-6f23d764cff6" testId="4c90cf97-db04-0e36-a36a-65b359ec9e59" testName="Equals_Passing_Valid_Distinct_Values_Returns_False" computerName="PC-SFERRARI" duration="00:00:00.0019024" startTime="2021-05-26T06:51:50.3988114+02:00" endTime="2021-05-26T06:51:50.4008922+02:00" testType="13cdc9d9-ddb5-4fa4-a97d-d965ccfc6d4b" outcome="Passed" testListId="8c84fa94-04c1-424b-9868-57a2d4851a1d" relativeResultsDirectory="7f3d54bb-81b4-441d-ae96-6f23d764cff6" resultType="DataDrivenTest">
      <InnerResults>
        <UnitTestResult executionId="698623ed-f913-4d4a-ad9a-800d25e6c975" parentExecutionId="7f3d54bb-81b4-441d-ae96-6f23d764cff6" testId="4c90cf97-db04-0e36-a36a-65b359ec9e59" testName="Equals_Passing_Valid_Distinct_Values_Returns_False (dasdasd@dsasd.ff)" computerName="PC-SFERRARI" duration="00:00:00.0017210" startTime="2021-05-26T06:51:50.3988114+02:00" endTime="2021-05-26T06:51:50.4008922+02:00" testType="13cdc9d9-ddb5-4fa4-a97d-d965ccfc6d4b" outcome="Passed" testListId="8c84fa94-04c1-424b-9868-57a2d4851a1d" relativeResultsDirectory="698623ed-f913-4d4a-ad9a-800d25e6c975" dataRowInfo="1" resultType="DataDrivenDataRow" />
        <UnitTestResult executionId="a68d064c-e5f1-422a-b674-acdc2bed6ffe" parentExecutionId="7f3d54bb-81b4-441d-ae96-6f23d764cff6" testId="4c90cf97-db04-0e36-a36a-65b359ec9e59" testName="Equals_Passing_Valid_Distinct_Values_Returns_False (34fsds@sdd.fgg)" computerName="PC-SFERRARI" duration="00:00:00.0000702" startTime="2021-05-26T06:51:50.3988114+02:00" endTime="2021-05-26T06:51:50.4008922+02:00" testType="13cdc9d9-ddb5-4fa4-a97d-d965ccfc6d4b" outcome="Passed" testListId="8c84fa94-04c1-424b-9868-57a2d4851a1d" relativeResultsDirectory="a68d064c-e5f1-422a-b674-acdc2bed6ffe" dataRowInfo="2" resultType="DataDrivenDataRow" />
      </InnerResults>
    </UnitTestResult>
    <UnitTestResult executionId="e126b904-61fc-46af-8b98-567228da9a6f" testId="7f63e5ba-c44d-59a2-d525-2cb0363ac96c" testName="Create_Passing_InvalidOrNull_Value_Returns_ApplicationException" computerName="PC-SFERRARI" duration="00:00:00.0006791" startTime="2021-05-26T06:51:50.6723891+02:00" endTime="2021-05-26T06:51:50.6732250+02:00" testType="13cdc9d9-ddb5-4fa4-a97d-d965ccfc6d4b" outcome="Passed" testListId="8c84fa94-04c1-424b-9868-57a2d4851a1d" relativeResultsDirectory="e126b904-61fc-46af-8b98-567228da9a6f" resultType="DataDrivenTest">
      <InnerResults>
        <UnitTestResult executionId="4f96ed8a-e18f-4f19-a093-0de05c5145f2" parentExecutionId="e126b904-61fc-46af-8b98-567228da9a6f" testId="7f63e5ba-c44d-59a2-d525-2cb0363ac96c" testName="Create_Passing_InvalidOrNull_Value_Returns_ApplicationException (,43543543543)" computerName="PC-SFERRARI" duration="00:00:00.0003839" startTime="2021-05-26T06:51:50.6723891+02:00" endTime="2021-05-26T06:51:50.6732250+02:00" testType="13cdc9d9-ddb5-4fa4-a97d-d965ccfc6d4b" outcome="Passed" testListId="8c84fa94-04c1-424b-9868-57a2d4851a1d" relativeResultsDirectory="4f96ed8a-e18f-4f19-a093-0de05c5145f2" dataRowInfo="1" resultType="DataDrivenDataRow" />
        <UnitTestResult executionId="be41db6d-73d8-4dee-8139-2276e7536bc5" parentExecutionId="e126b904-61fc-46af-8b98-567228da9a6f" testId="7f63e5ba-c44d-59a2-d525-2cb0363ac96c" testName="Create_Passing_InvalidOrNull_Value_Returns_ApplicationException (,8768768768)" computerName="PC-SFERRARI" duration="00:00:00.0000619" startTime="2021-05-26T06:51:50.6723891+02:00" endTime="2021-05-26T06:51:50.6732250+02:00" testType="13cdc9d9-ddb5-4fa4-a97d-d965ccfc6d4b" outcome="Passed" testListId="8c84fa94-04c1-424b-9868-57a2d4851a1d" relativeResultsDirectory="be41db6d-73d8-4dee-8139-2276e7536bc5" dataRowInfo="2" resultType="DataDrivenDataRow" />
        <UnitTestResult executionId="6b05c7c1-9fb0-43a7-86f9-db4bf0faa394" parentExecutionId="e126b904-61fc-46af-8b98-567228da9a6f" testId="7f63e5ba-c44d-59a2-d525-2cb0363ac96c" testName="Create_Passing_InvalidOrNull_Value_Returns_ApplicationException (4324324,0)" computerName="PC-SFERRARI" duration="00:00:00.0000673" startTime="2021-05-26T06:51:50.6723891+02:00" endTime="2021-05-26T06:51:50.6732250+02:00" testType="13cdc9d9-ddb5-4fa4-a97d-d965ccfc6d4b" outcome="Passed" testListId="8c84fa94-04c1-424b-9868-57a2d4851a1d" relativeResultsDirectory="6b05c7c1-9fb0-43a7-86f9-db4bf0faa394" dataRowInfo="3" resultType="DataDrivenDataRow" />
      </InnerResults>
    </UnitTestResult>
    <UnitTestResult executionId="361abe0c-431c-4d50-9636-6ea1bba6ddbe" testId="9277a601-5bb0-2bc1-982a-ed71c2b000fa" testName="Create_Passing_InvalidOrNull_Value_Returns_ApplicationException" computerName="PC-SFERRARI" duration="00:00:00.0004986" startTime="2021-05-26T06:51:50.6122843+02:00" endTime="2021-05-26T06:51:50.6129207+02:00" testType="13cdc9d9-ddb5-4fa4-a97d-d965ccfc6d4b" outcome="Passed" testListId="8c84fa94-04c1-424b-9868-57a2d4851a1d" relativeResultsDirectory="361abe0c-431c-4d50-9636-6ea1bba6ddbe" resultType="DataDrivenTest">
      <InnerResults>
        <UnitTestResult executionId="af58c8c1-6d70-459f-9121-c5b21888b05e" parentExecutionId="361abe0c-431c-4d50-9636-6ea1bba6ddbe" testId="9277a601-5bb0-2bc1-982a-ed71c2b000fa" testName="Create_Passing_InvalidOrNull_Value_Returns_ApplicationException ()" computerName="PC-SFERRARI" duration="00:00:00.0003548" startTime="2021-05-26T06:51:50.6122843+02:00" endTime="2021-05-26T06:51:50.6129207+02:00" testType="13cdc9d9-ddb5-4fa4-a97d-d965ccfc6d4b" outcome="Passed" testListId="8c84fa94-04c1-424b-9868-57a2d4851a1d" relativeResultsDirectory="af58c8c1-6d70-459f-9121-c5b21888b05e" dataRowInfo="1" resultType="DataDrivenDataRow" />
        <UnitTestResult executionId="bc14f322-64ff-4528-b7cb-9bfc5c551baa" parentExecutionId="361abe0c-431c-4d50-9636-6ea1bba6ddbe" testId="9277a601-5bb0-2bc1-982a-ed71c2b000fa" testName="Create_Passing_InvalidOrNull_Value_Returns_ApplicationException ()" computerName="PC-SFERRARI" duration="00:00:00.0000619" startTime="2021-05-26T06:51:50.6122843+02:00" endTime="2021-05-26T06:51:50.6129207+02:00" testType="13cdc9d9-ddb5-4fa4-a97d-d965ccfc6d4b" outcome="Passed" testListId="8c84fa94-04c1-424b-9868-57a2d4851a1d" relativeResultsDirectory="bc14f322-64ff-4528-b7cb-9bfc5c551baa" dataRowInfo="2" resultType="DataDrivenDataRow" />
      </InnerResults>
    </UnitTestResult>
    <UnitTestResult executionId="b9d39f01-acca-437a-988e-1eda457a51e8" testId="336a4b3f-0900-f7cb-0d00-611a2347544d" testName="ToString_Passing_Valid_Values_Returns_Address_String_Format" computerName="PC-SFERRARI" duration="00:00:00.0025934" startTime="2021-05-26T06:51:50.5253170+02:00" endTime="2021-05-26T06:51:50.5281055+02:00" testType="13cdc9d9-ddb5-4fa4-a97d-d965ccfc6d4b" outcome="Passed" testListId="8c84fa94-04c1-424b-9868-57a2d4851a1d" relativeResultsDirectory="b9d39f01-acca-437a-988e-1eda457a51e8" resultType="DataDrivenTest">
      <InnerResults>
        <UnitTestResult executionId="e62911bc-6b56-4136-96b4-cdb161f70149" parentExecutionId="b9d39f01-acca-437a-988e-1eda457a51e8" testId="336a4b3f-0900-f7cb-0d00-611a2347544d" testName="ToString_Passing_Valid_Values_Returns_Address_String_Format (100,EUR,2)" computerName="PC-SFERRARI" duration="00:00:00.0013990" startTime="2021-05-26T06:51:50.5253170+02:00" endTime="2021-05-26T06:51:50.5281055+02:00" testType="13cdc9d9-ddb5-4fa4-a97d-d965ccfc6d4b" outcome="Passed" testListId="8c84fa94-04c1-424b-9868-57a2d4851a1d" relativeResultsDirectory="e62911bc-6b56-4136-96b4-cdb161f70149" dataRowInfo="1" resultType="DataDrivenDataRow" />
        <UnitTestResult executionId="8989ea48-341c-4483-9d24-757849108220" parentExecutionId="b9d39f01-acca-437a-988e-1eda457a51e8" testId="336a4b3f-0900-f7cb-0d00-611a2347544d" testName="ToString_Passing_Valid_Values_Returns_Address_String_Format (200,EUR,4)" computerName="PC-SFERRARI" duration="00:00:00.0004834" startTime="2021-05-26T06:51:50.5253170+02:00" endTime="2021-05-26T06:51:50.5281055+02:00" testType="13cdc9d9-ddb5-4fa4-a97d-d965ccfc6d4b" outcome="Passed" testListId="8c84fa94-04c1-424b-9868-57a2d4851a1d" relativeResultsDirectory="8989ea48-341c-4483-9d24-757849108220" dataRowInfo="2" resultType="DataDrivenDataRow" />
        <UnitTestResult executionId="00860af1-07f3-43c1-9c6c-6339589eda42" parentExecutionId="b9d39f01-acca-437a-988e-1eda457a51e8" testId="336a4b3f-0900-f7cb-0d00-611a2347544d" testName="ToString_Passing_Valid_Values_Returns_Address_String_Format (400,USD,8)" computerName="PC-SFERRARI" duration="00:00:00.0005289" startTime="2021-05-26T06:51:50.5253170+02:00" endTime="2021-05-26T06:51:50.5281055+02:00" testType="13cdc9d9-ddb5-4fa4-a97d-d965ccfc6d4b" outcome="Passed" testListId="8c84fa94-04c1-424b-9868-57a2d4851a1d" relativeResultsDirectory="00860af1-07f3-43c1-9c6c-6339589eda42" dataRowInfo="3" resultType="DataDrivenDataRow" />
      </InnerResults>
    </UnitTestResult>
    <UnitTestResult executionId="ca1cc2af-337a-46e7-833d-792054707fad" testId="8d7600c8-85e7-f035-9f9f-51a80e994a9a" testName="Change_Passing_Valid_Values_Returns_Subdomain" computerName="PC-SFERRARI" duration="00:00:00.0017724" startTime="2021-05-26T06:51:50.6318196+02:00" endTime="2021-05-26T06:51:50.6339107+02:00" testType="13cdc9d9-ddb5-4fa4-a97d-d965ccfc6d4b" outcome="Passed" testListId="8c84fa94-04c1-424b-9868-57a2d4851a1d" relativeResultsDirectory="ca1cc2af-337a-46e7-833d-792054707fad" />
    <UnitTestResult executionId="d471f274-3d45-43db-bd92-18763668d771" testId="cd159d9c-491e-cea0-3dbb-5894d4cafd31" testName="ToEnum_Passing_Invalid_Int_Name_Enumeracion_Returns_Null" computerName="PC-SFERRARI" duration="00:00:00.0004050" startTime="2021-05-26T06:51:50.4777189+02:00" endTime="2021-05-26T06:51:50.4782991+02:00" testType="13cdc9d9-ddb5-4fa4-a97d-d965ccfc6d4b" outcome="Passed" testListId="8c84fa94-04c1-424b-9868-57a2d4851a1d" relativeResultsDirectory="d471f274-3d45-43db-bd92-18763668d771" />
    <UnitTestResult executionId="2cbc0899-9413-4627-8be2-6e656d6e8f8f" testId="a31fe255-a9f2-dfdc-2937-103680a980ea" testName="Equals_Passing_Valid_Distinct_Values_Returns_False" computerName="PC-SFERRARI" duration="00:00:00.0011368" startTime="2021-05-26T06:51:50.4461151+02:00" endTime="2021-05-26T06:51:50.4474089+02:00" testType="13cdc9d9-ddb5-4fa4-a97d-d965ccfc6d4b" outcome="Passed" testListId="8c84fa94-04c1-424b-9868-57a2d4851a1d" relativeResultsDirectory="2cbc0899-9413-4627-8be2-6e656d6e8f8f" resultType="DataDrivenTest">
      <InnerResults>
        <UnitTestResult executionId="8b3cc601-d958-4e3a-9589-91d2549afc2e" parentExecutionId="2cbc0899-9413-4627-8be2-6e656d6e8f8f" testId="a31fe255-a9f2-dfdc-2937-103680a980ea" testName="Equals_Passing_Valid_Distinct_Values_Returns_False (San Bartoleme De Tirajana,Las Palmas,España)" computerName="PC-SFERRARI" duration="00:00:00.0009776" startTime="2021-05-26T06:51:50.4461151+02:00" endTime="2021-05-26T06:51:50.4474089+02:00" testType="13cdc9d9-ddb5-4fa4-a97d-d965ccfc6d4b" outcome="Passed" testListId="8c84fa94-04c1-424b-9868-57a2d4851a1d" relativeResultsDirectory="8b3cc601-d958-4e3a-9589-91d2549afc2e" dataRowInfo="1" resultType="DataDrivenDataRow" />
        <UnitTestResult executionId="354581fb-37a6-4fcf-a1d3-c3fef7cdb4a2" parentExecutionId="2cbc0899-9413-4627-8be2-6e656d6e8f8f" testId="a31fe255-a9f2-dfdc-2937-103680a980ea" testName="Equals_Passing_Valid_Distinct_Values_Returns_False (Sabadell,Barcelona,España)" computerName="PC-SFERRARI" duration="00:00:00.0000565" startTime="2021-05-26T06:51:50.4461151+02:00" endTime="2021-05-26T06:51:50.4474089+02:00" testType="13cdc9d9-ddb5-4fa4-a97d-d965ccfc6d4b" outcome="Passed" testListId="8c84fa94-04c1-424b-9868-57a2d4851a1d" relativeResultsDirectory="354581fb-37a6-4fcf-a1d3-c3fef7cdb4a2" dataRowInfo="2" resultType="DataDrivenDataRow" />
      </InnerResults>
    </UnitTestResult>
    <UnitTestResult executionId="3b70877b-3f73-472c-bfae-5713be0d7d4d" testId="7d5b42e8-50c6-931f-3951-5d53097abf4e" testName="OperatorNotEqual_Passing_Valid_Values_Returns_True" computerName="PC-SFERRARI" duration="00:00:00.0001764" startTime="2021-05-26T06:51:50.6270782+02:00" endTime="2021-05-26T06:51:50.6273386+02:00" testType="13cdc9d9-ddb5-4fa4-a97d-d965ccfc6d4b" outcome="Passed" testListId="8c84fa94-04c1-424b-9868-57a2d4851a1d" relativeResultsDirectory="3b70877b-3f73-472c-bfae-5713be0d7d4d" resultType="DataDrivenTest">
      <InnerResults>
        <UnitTestResult executionId="75f9c911-39f6-40ee-bcad-8388aea96abf" parentExecutionId="3b70877b-3f73-472c-bfae-5713be0d7d4d" testId="7d5b42e8-50c6-931f-3951-5d53097abf4e" testName="OperatorNotEqual_Passing_Valid_Values_Returns_True (San Bartoleme De Tirajana)" computerName="PC-SFERRARI" duration="00:00:00.0001190" startTime="2021-05-26T06:51:50.6270782+02:00" endTime="2021-05-26T06:51:50.6273386+02:00" testType="13cdc9d9-ddb5-4fa4-a97d-d965ccfc6d4b" outcome="Passed" testListId="8c84fa94-04c1-424b-9868-57a2d4851a1d" relativeResultsDirectory="75f9c911-39f6-40ee-bcad-8388aea96abf" dataRowInfo="1" resultType="DataDrivenDataRow" />
        <UnitTestResult executionId="255916c4-7f88-4f42-97ea-035753250c78" parentExecutionId="3b70877b-3f73-472c-bfae-5713be0d7d4d" testId="7d5b42e8-50c6-931f-3951-5d53097abf4e" testName="OperatorNotEqual_Passing_Valid_Values_Returns_True (Sabadell)" computerName="PC-SFERRARI" duration="00:00:00.0000067" startTime="2021-05-26T06:51:50.6270782+02:00" endTime="2021-05-26T06:51:50.6273386+02:00" testType="13cdc9d9-ddb5-4fa4-a97d-d965ccfc6d4b" outcome="Passed" testListId="8c84fa94-04c1-424b-9868-57a2d4851a1d" relativeResultsDirectory="255916c4-7f88-4f42-97ea-035753250c78" dataRowInfo="2" resultType="DataDrivenDataRow" />
      </InnerResults>
    </UnitTestResult>
    <UnitTestResult executionId="d29a9962-b12d-40a8-9fe5-907b8826c602" testId="f8a148c1-33ab-3f33-4563-51ccfbeb9871" testName="OperatorNotEqual_Passing_Valid_Values_Returns_True" computerName="PC-SFERRARI" duration="00:00:00.0016653" startTime="2021-05-26T06:51:50.6594713+02:00" endTime="2021-05-26T06:51:50.6613011+02:00" testType="13cdc9d9-ddb5-4fa4-a97d-d965ccfc6d4b" outcome="Passed" testListId="8c84fa94-04c1-424b-9868-57a2d4851a1d" relativeResultsDirectory="d29a9962-b12d-40a8-9fe5-907b8826c602" resultType="DataDrivenTest">
      <InnerResults>
        <UnitTestResult executionId="59676ebe-5e2e-410a-913b-ddc3dd363271" parentExecutionId="d29a9962-b12d-40a8-9fe5-907b8826c602" testId="f8a148c1-33ab-3f33-4563-51ccfbeb9871" testName="OperatorNotEqual_Passing_Valid_Values_Returns_True (app.hackerone1.com)" computerName="PC-SFERRARI" duration="00:00:00.0002500" startTime="2021-05-26T06:51:50.6594713+02:00" endTime="2021-05-26T06:51:50.6613011+02:00" testType="13cdc9d9-ddb5-4fa4-a97d-d965ccfc6d4b" outcome="Passed" testListId="8c84fa94-04c1-424b-9868-57a2d4851a1d" relativeResultsDirectory="59676ebe-5e2e-410a-913b-ddc3dd363271" dataRowInfo="1" resultType="DataDrivenDataRow" />
        <UnitTestResult executionId="877c018a-2492-40d1-a0a8-0e42984df789" parentExecutionId="d29a9962-b12d-40a8-9fe5-907b8826c602" testId="f8a148c1-33ab-3f33-4563-51ccfbeb9871" testName="OperatorNotEqual_Passing_Valid_Values_Returns_True (www.hackerone-com)" computerName="PC-SFERRARI" duration="00:00:00.0000209" startTime="2021-05-26T06:51:50.6594713+02:00" endTime="2021-05-26T06:51:50.6613011+02:00" testType="13cdc9d9-ddb5-4fa4-a97d-d965ccfc6d4b" outcome="Passed" testListId="8c84fa94-04c1-424b-9868-57a2d4851a1d" relativeResultsDirectory="877c018a-2492-40d1-a0a8-0e42984df789" dataRowInfo="2" resultType="DataDrivenDataRow" />
        <UnitTestResult executionId="f829d56c-53e4-4150-8c80-0c4f3226d89a" parentExecutionId="d29a9962-b12d-40a8-9fe5-907b8826c602" testId="f8a148c1-33ab-3f33-4563-51ccfbeb9871" testName="OperatorNotEqual_Passing_Valid_Values_Returns_True (stage_hackerone.com)" computerName="PC-SFERRARI" duration="00:00:00.0000521" startTime="2021-05-26T06:51:50.6594713+02:00" endTime="2021-05-26T06:51:50.6613011+02:00" testType="13cdc9d9-ddb5-4fa4-a97d-d965ccfc6d4b" outcome="Passed" testListId="8c84fa94-04c1-424b-9868-57a2d4851a1d" relativeResultsDirectory="f829d56c-53e4-4150-8c80-0c4f3226d89a" dataRowInfo="3" resultType="DataDrivenDataRow" />
      </InnerResults>
    </UnitTestResult>
    <UnitTestResult executionId="e5eda6e5-ed43-4282-8f12-680ff8483746" testId="74b3f1dc-94ca-8be2-33b4-759efaa9b8e8" testName="IsNull_Passing_Valid_Value_Returns_False" computerName="PC-SFERRARI" duration="00:00:00.0001952" startTime="2021-05-26T06:51:50.6212473+02:00" endTime="2021-05-26T06:51:50.6215416+02:00" testType="13cdc9d9-ddb5-4fa4-a97d-d965ccfc6d4b" outcome="Passed" testListId="8c84fa94-04c1-424b-9868-57a2d4851a1d" relativeResultsDirectory="e5eda6e5-ed43-4282-8f12-680ff8483746" resultType="DataDrivenTest">
      <InnerResults>
        <UnitTestResult executionId="8c6396ee-7657-43ea-ad1d-f5ddacbcd4bf" parentExecutionId="e5eda6e5-ed43-4282-8f12-680ff8483746" testId="74b3f1dc-94ca-8be2-33b4-759efaa9b8e8" testName="IsNull_Passing_Valid_Value_Returns_False (Tenerife)" computerName="PC-SFERRARI" duration="00:00:00.0001135" startTime="2021-05-26T06:51:50.6212473+02:00" endTime="2021-05-26T06:51:50.6215416+02:00" testType="13cdc9d9-ddb5-4fa4-a97d-d965ccfc6d4b" outcome="Passed" testListId="8c84fa94-04c1-424b-9868-57a2d4851a1d" relativeResultsDirectory="8c6396ee-7657-43ea-ad1d-f5ddacbcd4bf" dataRowInfo="1" resultType="DataDrivenDataRow" />
        <UnitTestResult executionId="c48b0eb9-ffe9-4739-a70b-51730647b0d8" parentExecutionId="e5eda6e5-ed43-4282-8f12-680ff8483746" testId="74b3f1dc-94ca-8be2-33b4-759efaa9b8e8" testName="IsNull_Passing_Valid_Value_Returns_False (Espania)" computerName="PC-SFERRARI" duration="00:00:00.0000063" startTime="2021-05-26T06:51:50.6212473+02:00" endTime="2021-05-26T06:51:50.6215416+02:00" testType="13cdc9d9-ddb5-4fa4-a97d-d965ccfc6d4b" outcome="Passed" testListId="8c84fa94-04c1-424b-9868-57a2d4851a1d" relativeResultsDirectory="c48b0eb9-ffe9-4739-a70b-51730647b0d8" dataRowInfo="2" resultType="DataDrivenDataRow" />
      </InnerResults>
    </UnitTestResult>
    <UnitTestResult executionId="b14b4779-7706-4b9a-a783-ccd9387e924f" testId="bc0c68a9-1876-bb25-d382-c4c45b27b3d9" testName="ToEnum_Passing_Valid_String_Name_Returns_Enumeracion" computerName="PC-SFERRARI" duration="00:00:00.0001206" startTime="2021-05-26T06:51:50.6065271+02:00" endTime="2021-05-26T06:51:50.6067354+02:00" testType="13cdc9d9-ddb5-4fa4-a97d-d965ccfc6d4b" outcome="Passed" testListId="8c84fa94-04c1-424b-9868-57a2d4851a1d" relativeResultsDirectory="b14b4779-7706-4b9a-a783-ccd9387e924f" />
    <UnitTestResult executionId="cba1a053-5332-44ea-80eb-384d6e3c7e9f" testId="9aa3b6bb-9be5-40ee-3b6d-db8c00e38b15" testName="OperatorNotEqual_Passing_Valid_Values_Returns_False" computerName="PC-SFERRARI" duration="00:00:00.0002586" startTime="2021-05-26T06:51:50.6548939+02:00" endTime="2021-05-26T06:51:50.6552921+02:00" testType="13cdc9d9-ddb5-4fa4-a97d-d965ccfc6d4b" outcome="Passed" testListId="8c84fa94-04c1-424b-9868-57a2d4851a1d" relativeResultsDirectory="cba1a053-5332-44ea-80eb-384d6e3c7e9f" resultType="DataDrivenTest">
      <InnerResults>
        <UnitTestResult executionId="452f7ebe-04f4-4142-bf09-aa7cd0f6b515" parentExecutionId="cba1a053-5332-44ea-80eb-384d6e3c7e9f" testId="9aa3b6bb-9be5-40ee-3b6d-db8c00e38b15" testName="OperatorNotEqual_Passing_Valid_Values_Returns_False (app.hackerone1.com)" computerName="PC-SFERRARI" duration="00:00:00.0001461" startTime="2021-05-26T06:51:50.6548939+02:00" endTime="2021-05-26T06:51:50.6552921+02:00" testType="13cdc9d9-ddb5-4fa4-a97d-d965ccfc6d4b" outcome="Passed" testListId="8c84fa94-04c1-424b-9868-57a2d4851a1d" relativeResultsDirectory="452f7ebe-04f4-4142-bf09-aa7cd0f6b515" dataRowInfo="1" resultType="DataDrivenDataRow" />
        <UnitTestResult executionId="5d18a2e5-bc70-40b3-ae10-3be84e1b91a7" parentExecutionId="cba1a053-5332-44ea-80eb-384d6e3c7e9f" testId="9aa3b6bb-9be5-40ee-3b6d-db8c00e38b15" testName="OperatorNotEqual_Passing_Valid_Values_Returns_False (www.hackerone-com)" computerName="PC-SFERRARI" duration="00:00:00.0000220" startTime="2021-05-26T06:51:50.6548939+02:00" endTime="2021-05-26T06:51:50.6552921+02:00" testType="13cdc9d9-ddb5-4fa4-a97d-d965ccfc6d4b" outcome="Passed" testListId="8c84fa94-04c1-424b-9868-57a2d4851a1d" relativeResultsDirectory="5d18a2e5-bc70-40b3-ae10-3be84e1b91a7" dataRowInfo="2" resultType="DataDrivenDataRow" />
        <UnitTestResult executionId="c691d8a5-93f4-4dc3-9bca-1a023bb7853a" parentExecutionId="cba1a053-5332-44ea-80eb-384d6e3c7e9f" testId="9aa3b6bb-9be5-40ee-3b6d-db8c00e38b15" testName="OperatorNotEqual_Passing_Valid_Values_Returns_False (stage_hackerone.com)" computerName="PC-SFERRARI" duration="00:00:00.0000209" startTime="2021-05-26T06:51:50.6548939+02:00" endTime="2021-05-26T06:51:50.6552921+02:00" testType="13cdc9d9-ddb5-4fa4-a97d-d965ccfc6d4b" outcome="Passed" testListId="8c84fa94-04c1-424b-9868-57a2d4851a1d" relativeResultsDirectory="c691d8a5-93f4-4dc3-9bca-1a023bb7853a" dataRowInfo="3" resultType="DataDrivenDataRow" />
      </InnerResults>
    </UnitTestResult>
    <UnitTestResult executionId="a1e3de1c-7f69-4c17-b394-9eda0953d03c" testId="d8455b90-6045-1e3d-c9de-76db4e3d49ed" testName="OperatorNotEqual_Passing_Valid_Values_Returns_False" computerName="PC-SFERRARI" duration="00:00:00.0002926" startTime="2021-05-26T06:51:50.4552794+02:00" endTime="2021-05-26T06:51:50.4556628+02:00" testType="13cdc9d9-ddb5-4fa4-a97d-d965ccfc6d4b" outcome="Passed" testListId="8c84fa94-04c1-424b-9868-57a2d4851a1d" relativeResultsDirectory="a1e3de1c-7f69-4c17-b394-9eda0953d03c" resultType="DataDrivenTest">
      <InnerResults>
        <UnitTestResult executionId="741f80e4-2a52-413c-a20e-07babd2921af" parentExecutionId="a1e3de1c-7f69-4c17-b394-9eda0953d03c" testId="d8455b90-6045-1e3d-c9de-76db4e3d49ed" testName="OperatorNotEqual_Passing_Valid_Values_Returns_False (San Bartoleme De Tirajana,Las Palmas,España)" computerName="PC-SFERRARI" duration="00:00:00.0001836" startTime="2021-05-26T06:51:50.4552794+02:00" endTime="2021-05-26T06:51:50.4556628+02:00" testType="13cdc9d9-ddb5-4fa4-a97d-d965ccfc6d4b" outcome="Passed" testListId="8c84fa94-04c1-424b-9868-57a2d4851a1d" relativeResultsDirectory="741f80e4-2a52-413c-a20e-07babd2921af" dataRowInfo="1" resultType="DataDrivenDataRow" />
        <UnitTestResult executionId="6874ddf0-028d-4190-8656-c3b24d7a1ddd" parentExecutionId="a1e3de1c-7f69-4c17-b394-9eda0953d03c" testId="d8455b90-6045-1e3d-c9de-76db4e3d49ed" testName="OperatorNotEqual_Passing_Valid_Values_Returns_False (Sabadell,Barcelona,España)" computerName="PC-SFERRARI" duration="00:00:00.0000468" startTime="2021-05-26T06:51:50.4552794+02:00" endTime="2021-05-26T06:51:50.4556628+02:00" testType="13cdc9d9-ddb5-4fa4-a97d-d965ccfc6d4b" outcome="Passed" testListId="8c84fa94-04c1-424b-9868-57a2d4851a1d" relativeResultsDirectory="6874ddf0-028d-4190-8656-c3b24d7a1ddd" dataRowInfo="2" resultType="DataDrivenDataRow" />
      </InnerResults>
    </UnitTestResult>
    <UnitTestResult executionId="4824cc58-fc97-4e6e-9d03-8b2cd86cc270" testId="42204c2d-cae8-e99c-229d-8e372d79bb40" testName="IsMasterCard_Passing_Nothing_Returns_True" computerName="PC-SFERRARI" duration="00:00:00.0001771" startTime="2021-05-26T06:51:50.3109091+02:00" endTime="2021-05-26T06:51:50.3111807+02:00" testType="13cdc9d9-ddb5-4fa4-a97d-d965ccfc6d4b" outcome="Passed" testListId="8c84fa94-04c1-424b-9868-57a2d4851a1d" relativeResultsDirectory="4824cc58-fc97-4e6e-9d03-8b2cd86cc270" />
    <UnitTestResult executionId="35d680f4-e7ba-448f-9528-d23ae8926b3f" testId="84e5d156-9c5d-e299-dfaf-587322c60012" testName="Equals_Passing_Valid_Values_Returns_True" computerName="PC-SFERRARI" duration="00:00:00.0003197" startTime="2021-05-26T06:51:50.6202879+02:00" endTime="2021-05-26T06:51:50.6207800+02:00" testType="13cdc9d9-ddb5-4fa4-a97d-d965ccfc6d4b" outcome="Passed" testListId="8c84fa94-04c1-424b-9868-57a2d4851a1d" relativeResultsDirectory="35d680f4-e7ba-448f-9528-d23ae8926b3f" resultType="DataDrivenTest">
      <InnerResults>
        <UnitTestResult executionId="8d799c34-dd0b-4fa1-a2cf-e92e603f4e26" parentExecutionId="35d680f4-e7ba-448f-9528-d23ae8926b3f" testId="84e5d156-9c5d-e299-dfaf-587322c60012" testName="Equals_Passing_Valid_Values_Returns_True (San Bartoleme De Tirajana)" computerName="PC-SFERRARI" duration="00:00:00.0002243" startTime="2021-05-26T06:51:50.6202879+02:00" endTime="2021-05-26T06:51:50.6207800+02:00" testType="13cdc9d9-ddb5-4fa4-a97d-d965ccfc6d4b" outcome="Passed" testListId="8c84fa94-04c1-424b-9868-57a2d4851a1d" relativeResultsDirectory="8d799c34-dd0b-4fa1-a2cf-e92e603f4e26" dataRowInfo="1" resultType="DataDrivenDataRow" />
        <UnitTestResult executionId="a31e95de-fc4e-499b-b451-4cf32c3e33e1" parentExecutionId="35d680f4-e7ba-448f-9528-d23ae8926b3f" testId="84e5d156-9c5d-e299-dfaf-587322c60012" testName="Equals_Passing_Valid_Values_Returns_True (Sabadell)" computerName="PC-SFERRARI" duration="00:00:00.0000096" startTime="2021-05-26T06:51:50.6202879+02:00" endTime="2021-05-26T06:51:50.6207800+02:00" testType="13cdc9d9-ddb5-4fa4-a97d-d965ccfc6d4b" outcome="Passed" testListId="8c84fa94-04c1-424b-9868-57a2d4851a1d" relativeResultsDirectory="a31e95de-fc4e-499b-b451-4cf32c3e33e1" dataRowInfo="2" resultType="DataDrivenDataRow" />
      </InnerResults>
    </UnitTestResult>
    <UnitTestResult executionId="fd6a3312-6ceb-4cc7-851e-33d52b6764cf" testId="582ef803-3445-a1eb-d630-9b4dabc719d5" testName="ToEnum_Passing_Invalid_Int_Name_Enumeracion_Returns_Null" computerName="PC-SFERRARI" duration="00:00:00.0002963" startTime="2021-05-26T06:51:50.4700687+02:00" endTime="2021-05-26T06:51:50.4704823+02:00" testType="13cdc9d9-ddb5-4fa4-a97d-d965ccfc6d4b" outcome="Passed" testListId="8c84fa94-04c1-424b-9868-57a2d4851a1d" relativeResultsDirectory="fd6a3312-6ceb-4cc7-851e-33d52b6764cf" />
    <UnitTestResult executionId="5cfc4213-10c5-4811-81d4-86889101719b" testId="8010ce30-a236-ec4e-43aa-ea9ebe0ce095" testName="OperatorEqual_Passing_Valid_Values_Returns_True" computerName="PC-SFERRARI" duration="00:00:00.0002568" startTime="2021-05-26T06:51:50.4075880+02:00" endTime="2021-05-26T06:51:50.4079299+02:00" testType="13cdc9d9-ddb5-4fa4-a97d-d965ccfc6d4b" outcome="Passed" testListId="8c84fa94-04c1-424b-9868-57a2d4851a1d" relativeResultsDirectory="5cfc4213-10c5-4811-81d4-86889101719b" resultType="DataDrivenTest">
      <InnerResults>
        <UnitTestResult executionId="c1a0754c-dd6a-44fb-ab17-604c5490b916" parentExecutionId="5cfc4213-10c5-4811-81d4-86889101719b" testId="8010ce30-a236-ec4e-43aa-ea9ebe0ce095" testName="OperatorEqual_Passing_Valid_Values_Returns_True (dasdasd@dsasd.ff)" computerName="PC-SFERRARI" duration="00:00:00.0001589" startTime="2021-05-26T06:51:50.4075880+02:00" endTime="2021-05-26T06:51:50.4079299+02:00" testType="13cdc9d9-ddb5-4fa4-a97d-d965ccfc6d4b" outcome="Passed" testListId="8c84fa94-04c1-424b-9868-57a2d4851a1d" relativeResultsDirectory="c1a0754c-dd6a-44fb-ab17-604c5490b916" dataRowInfo="1" resultType="DataDrivenDataRow" />
        <UnitTestResult executionId="40ac0284-1a0a-4b99-8bbd-24bc72ce26a4" parentExecutionId="5cfc4213-10c5-4811-81d4-86889101719b" testId="8010ce30-a236-ec4e-43aa-ea9ebe0ce095" testName="OperatorEqual_Passing_Valid_Values_Returns_True (34fsds@sdd.fgg)" computerName="PC-SFERRARI" duration="00:00:00.0000414" startTime="2021-05-26T06:51:50.4075880+02:00" endTime="2021-05-26T06:51:50.4079299+02:00" testType="13cdc9d9-ddb5-4fa4-a97d-d965ccfc6d4b" outcome="Passed" testListId="8c84fa94-04c1-424b-9868-57a2d4851a1d" relativeResultsDirectory="40ac0284-1a0a-4b99-8bbd-24bc72ce26a4" dataRowInfo="2" resultType="DataDrivenDataRow" />
      </InnerResults>
    </UnitTestResult>
    <UnitTestResult executionId="92443014-21f7-4453-af0c-afc696cbebc7" testId="37226e78-15f9-d454-011f-5b93613f63ef" testName="IsSilver_Passing_Nothing_Returns_True" computerName="PC-SFERRARI" duration="00:00:00.0001831" startTime="2021-05-26T06:51:50.6683959+02:00" endTime="2021-05-26T06:51:50.6686706+02:00" testType="13cdc9d9-ddb5-4fa4-a97d-d965ccfc6d4b" outcome="Passed" testListId="8c84fa94-04c1-424b-9868-57a2d4851a1d" relativeResultsDirectory="92443014-21f7-4453-af0c-afc696cbebc7" />
    <UnitTestResult executionId="ac784425-aad3-44f4-8d5e-aa88b1fb8fd8" testId="ca869e78-7943-a46b-7927-1a8ff4fe58af" testName="Create_Passing_Valid_Values_Returns_Name" computerName="PC-SFERRARI" duration="00:00:00.0004136" startTime="2021-05-26T06:51:50.5343161+02:00" endTime="2021-05-26T06:51:50.5348705+02:00" testType="13cdc9d9-ddb5-4fa4-a97d-d965ccfc6d4b" outcome="Passed" testListId="8c84fa94-04c1-424b-9868-57a2d4851a1d" relativeResultsDirectory="ac784425-aad3-44f4-8d5e-aa88b1fb8fd8" resultType="DataDrivenTest">
      <InnerResults>
        <UnitTestResult executionId="3ff66a30-5a43-4440-9bd1-93b015848e2e" parentExecutionId="ac784425-aad3-44f4-8d5e-aa88b1fb8fd8" testId="ca869e78-7943-a46b-7927-1a8ff4fe58af" testName="Create_Passing_Valid_Values_Returns_Name (España)" computerName="PC-SFERRARI" duration="00:00:00.0001753" startTime="2021-05-26T06:51:50.5343161+02:00" endTime="2021-05-26T06:51:50.5348705+02:00" testType="13cdc9d9-ddb5-4fa4-a97d-d965ccfc6d4b" outcome="Passed" testListId="8c84fa94-04c1-424b-9868-57a2d4851a1d" relativeResultsDirectory="3ff66a30-5a43-4440-9bd1-93b015848e2e" dataRowInfo="1" resultType="DataDrivenDataRow" />
        <UnitTestResult executionId="e9ac6697-7bc2-4f6c-af55-76fd7ce43158" parentExecutionId="ac784425-aad3-44f4-8d5e-aa88b1fb8fd8" testId="ca869e78-7943-a46b-7927-1a8ff4fe58af" testName="Create_Passing_Valid_Values_Returns_Name (Españá)" computerName="PC-SFERRARI" duration="00:00:00.0000140" startTime="2021-05-26T06:51:50.5343161+02:00" endTime="2021-05-26T06:51:50.5348705+02:00" testType="13cdc9d9-ddb5-4fa4-a97d-d965ccfc6d4b" outcome="Passed" testListId="8c84fa94-04c1-424b-9868-57a2d4851a1d" relativeResultsDirectory="e9ac6697-7bc2-4f6c-af55-76fd7ce43158" dataRowInfo="2" resultType="DataDrivenDataRow" />
        <UnitTestResult executionId="03934773-c360-4414-8b15-4d17d66ae220" parentExecutionId="ac784425-aad3-44f4-8d5e-aa88b1fb8fd8" testId="ca869e78-7943-a46b-7927-1a8ff4fe58af" testName="Create_Passing_Valid_Values_Returns_Name (Españà)" computerName="PC-SFERRARI" duration="00:00:00.0000113" startTime="2021-05-26T06:51:50.5343161+02:00" endTime="2021-05-26T06:51:50.5348705+02:00" testType="13cdc9d9-ddb5-4fa4-a97d-d965ccfc6d4b" outcome="Passed" testListId="8c84fa94-04c1-424b-9868-57a2d4851a1d" relativeResultsDirectory="03934773-c360-4414-8b15-4d17d66ae220" dataRowInfo="3" resultType="DataDrivenDataRow" />
        <UnitTestResult executionId="d7598051-ad1e-47cf-bd41-791a01ca41ec" parentExecutionId="ac784425-aad3-44f4-8d5e-aa88b1fb8fd8" testId="ca869e78-7943-a46b-7927-1a8ff4fe58af" testName="Create_Passing_Valid_Values_Returns_Name (Españä)" computerName="PC-SFERRARI" duration="00:00:00.0000093" startTime="2021-05-26T06:51:50.5343161+02:00" endTime="2021-05-26T06:51:50.5348705+02:00" testType="13cdc9d9-ddb5-4fa4-a97d-d965ccfc6d4b" outcome="Passed" testListId="8c84fa94-04c1-424b-9868-57a2d4851a1d" relativeResultsDirectory="d7598051-ad1e-47cf-bd41-791a01ca41ec" dataRowInfo="4" resultType="DataDrivenDataRow" />
        <UnitTestResult executionId="dd3bf9ef-30d8-4890-bd2d-9be8f4608f90" parentExecutionId="ac784425-aad3-44f4-8d5e-aa88b1fb8fd8" testId="ca869e78-7943-a46b-7927-1a8ff4fe58af" testName="Create_Passing_Valid_Values_Returns_Name (Españâ)" computerName="PC-SFERRARI" duration="00:00:00.0000099" startTime="2021-05-26T06:51:50.5343161+02:00" endTime="2021-05-26T06:51:50.5348705+02:00" testType="13cdc9d9-ddb5-4fa4-a97d-d965ccfc6d4b" outcome="Passed" testListId="8c84fa94-04c1-424b-9868-57a2d4851a1d" relativeResultsDirectory="dd3bf9ef-30d8-4890-bd2d-9be8f4608f90" dataRowInfo="5" resultType="DataDrivenDataRow" />
        <UnitTestResult executionId="85025481-c56f-4d02-8151-32fb9e8250c3" parentExecutionId="ac784425-aad3-44f4-8d5e-aa88b1fb8fd8" testId="ca869e78-7943-a46b-7927-1a8ff4fe58af" testName="Create_Passing_Valid_Values_Returns_Name (Españã)" computerName="PC-SFERRARI" duration="00:00:00.0000101" startTime="2021-05-26T06:51:50.5343161+02:00" endTime="2021-05-26T06:51:50.5348705+02:00" testType="13cdc9d9-ddb5-4fa4-a97d-d965ccfc6d4b" outcome="Passed" testListId="8c84fa94-04c1-424b-9868-57a2d4851a1d" relativeResultsDirectory="85025481-c56f-4d02-8151-32fb9e8250c3" dataRowInfo="6" resultType="DataDrivenDataRow" />
        <UnitTestResult executionId="e8d5f234-91cb-45fb-a660-1fc711e2cb62" parentExecutionId="ac784425-aad3-44f4-8d5e-aa88b1fb8fd8" testId="ca869e78-7943-a46b-7927-1a8ff4fe58af" testName="Create_Passing_Valid_Values_Returns_Name (Españç)" computerName="PC-SFERRARI" duration="00:00:00.0000095" startTime="2021-05-26T06:51:50.5343161+02:00" endTime="2021-05-26T06:51:50.5348705+02:00" testType="13cdc9d9-ddb5-4fa4-a97d-d965ccfc6d4b" outcome="Passed" testListId="8c84fa94-04c1-424b-9868-57a2d4851a1d" relativeResultsDirectory="e8d5f234-91cb-45fb-a660-1fc711e2cb62" dataRowInfo="7" resultType="DataDrivenDataRow" />
        <UnitTestResult executionId="a838393c-b73b-4eeb-bceb-84bc98957efc" parentExecutionId="ac784425-aad3-44f4-8d5e-aa88b1fb8fd8" testId="ca869e78-7943-a46b-7927-1a8ff4fe58af" testName="Create_Passing_Valid_Values_Returns_Name (Españħ)" computerName="PC-SFERRARI" duration="00:00:00.0000108" startTime="2021-05-26T06:51:50.5343161+02:00" endTime="2021-05-26T06:51:50.5348705+02:00" testType="13cdc9d9-ddb5-4fa4-a97d-d965ccfc6d4b" outcome="Passed" testListId="8c84fa94-04c1-424b-9868-57a2d4851a1d" relativeResultsDirectory="a838393c-b73b-4eeb-bceb-84bc98957efc" dataRowInfo="8" resultType="DataDrivenDataRow" />
        <UnitTestResult executionId="4e0a0e8d-90ff-4ba1-af09-2a386920df26" parentExecutionId="ac784425-aad3-44f4-8d5e-aa88b1fb8fd8" testId="ca869e78-7943-a46b-7927-1a8ff4fe58af" testName="Create_Passing_Valid_Values_Returns_Name (Esp añâ)" computerName="PC-SFERRARI" duration="00:00:00.0000104" startTime="2021-05-26T06:51:50.5343161+02:00" endTime="2021-05-26T06:51:50.5348705+02:00" testType="13cdc9d9-ddb5-4fa4-a97d-d965ccfc6d4b" outcome="Passed" testListId="8c84fa94-04c1-424b-9868-57a2d4851a1d" relativeResultsDirectory="4e0a0e8d-90ff-4ba1-af09-2a386920df26" dataRowInfo="9" resultType="DataDrivenDataRow" />
      </InnerResults>
    </UnitTestResult>
    <UnitTestResult executionId="c3291777-34c9-47e9-95b1-d486ef44837b" testId="5b029505-cc20-a753-3d33-0e0e266c8841" testName="ToEnum_Passing_Valid_Bool_Value_Returns_Enumeracion" computerName="PC-SFERRARI" duration="00:00:00.0001881" startTime="2021-05-26T06:51:50.6059810+02:00" endTime="2021-05-26T06:51:50.6062631+02:00" testType="13cdc9d9-ddb5-4fa4-a97d-d965ccfc6d4b" outcome="Passed" testListId="8c84fa94-04c1-424b-9868-57a2d4851a1d" relativeResultsDirectory="c3291777-34c9-47e9-95b1-d486ef44837b" />
    <UnitTestResult executionId="6480beb8-3fa7-4eb9-85da-8486f2831494" testId="f8590f4c-8af0-6c5c-7ae1-fa12731b6342" testName="Create_Passing_InvalidOrNull_Value_Returns_ApplicationException" computerName="PC-SFERRARI" duration="00:00:00.0008560" startTime="2021-05-26T06:51:50.3918537+02:00" endTime="2021-05-26T06:51:50.3928872+02:00" testType="13cdc9d9-ddb5-4fa4-a97d-d965ccfc6d4b" outcome="Passed" testListId="8c84fa94-04c1-424b-9868-57a2d4851a1d" relativeResultsDirectory="6480beb8-3fa7-4eb9-85da-8486f2831494" resultType="DataDrivenTest">
      <InnerResults>
        <UnitTestResult executionId="6ce9e5fb-8580-467c-807e-19fb8cefa511" parentExecutionId="6480beb8-3fa7-4eb9-85da-8486f2831494" testId="f8590f4c-8af0-6c5c-7ae1-fa12731b6342" testName="Create_Passing_InvalidOrNull_Value_Returns_ApplicationException (dasdasd@dsasd.._ff)" computerName="PC-SFERRARI" duration="00:00:00.0004765" startTime="2021-05-26T06:51:50.3918537+02:00" endTime="2021-05-26T06:51:50.3928872+02:00" testType="13cdc9d9-ddb5-4fa4-a97d-d965ccfc6d4b" outcome="Passed" testListId="8c84fa94-04c1-424b-9868-57a2d4851a1d" relativeResultsDirectory="6ce9e5fb-8580-467c-807e-19fb8cefa511" dataRowInfo="1" resultType="DataDrivenDataRow" />
        <UnitTestResult executionId="219ae870-2c5c-475d-bff7-deb703bcad4b" parentExecutionId="6480beb8-3fa7-4eb9-85da-8486f2831494" testId="f8590f4c-8af0-6c5c-7ae1-fa12731b6342" testName="Create_Passing_InvalidOrNull_Value_Returns_ApplicationException (34fsds@@sdd.f)" computerName="PC-SFERRARI" duration="00:00:00.0000854" startTime="2021-05-26T06:51:50.3918537+02:00" endTime="2021-05-26T06:51:50.3928872+02:00" testType="13cdc9d9-ddb5-4fa4-a97d-d965ccfc6d4b" outcome="Passed" testListId="8c84fa94-04c1-424b-9868-57a2d4851a1d" relativeResultsDirectory="219ae870-2c5c-475d-bff7-deb703bcad4b" dataRowInfo="2" resultType="DataDrivenDataRow" />
        <UnitTestResult executionId="3b18c857-e4ed-4cec-8986-c8fff54cf465" parentExecutionId="6480beb8-3fa7-4eb9-85da-8486f2831494" testId="f8590f4c-8af0-6c5c-7ae1-fa12731b6342" testName="Create_Passing_InvalidOrNull_Value_Returns_ApplicationException ()" computerName="PC-SFERRARI" duration="00:00:00.0000493" startTime="2021-05-26T06:51:50.3918537+02:00" endTime="2021-05-26T06:51:50.3928872+02:00" testType="13cdc9d9-ddb5-4fa4-a97d-d965ccfc6d4b" outcome="Passed" testListId="8c84fa94-04c1-424b-9868-57a2d4851a1d" relativeResultsDirectory="3b18c857-e4ed-4cec-8986-c8fff54cf465" dataRowInfo="3" resultType="DataDrivenDataRow" />
        <UnitTestResult executionId="b4856dc0-76e8-4a62-be6d-359aa950499d" parentExecutionId="6480beb8-3fa7-4eb9-85da-8486f2831494" testId="f8590f4c-8af0-6c5c-7ae1-fa12731b6342" testName="Create_Passing_InvalidOrNull_Value_Returns_ApplicationException ()" computerName="PC-SFERRARI" duration="00:00:00.0000435" startTime="2021-05-26T06:51:50.3918537+02:00" endTime="2021-05-26T06:51:50.3928872+02:00" testType="13cdc9d9-ddb5-4fa4-a97d-d965ccfc6d4b" outcome="Passed" testListId="8c84fa94-04c1-424b-9868-57a2d4851a1d" relativeResultsDirectory="b4856dc0-76e8-4a62-be6d-359aa950499d" dataRowInfo="4" resultType="DataDrivenDataRow" />
        <UnitTestResult executionId="37f9e4de-bbc5-465e-8903-2f15eaf21b3d" parentExecutionId="6480beb8-3fa7-4eb9-85da-8486f2831494" testId="f8590f4c-8af0-6c5c-7ae1-fa12731b6342" testName="Create_Passing_InvalidOrNull_Value_Returns_ApplicationException (34?fsds@sdd.yy)" computerName="PC-SFERRARI" duration="00:00:00.0000608" startTime="2021-05-26T06:51:50.3918537+02:00" endTime="2021-05-26T06:51:50.3928872+02:00" testType="13cdc9d9-ddb5-4fa4-a97d-d965ccfc6d4b" outcome="Passed" testListId="8c84fa94-04c1-424b-9868-57a2d4851a1d" relativeResultsDirectory="37f9e4de-bbc5-465e-8903-2f15eaf21b3d" dataRowInfo="5" resultType="DataDrivenDataRow" />
      </InnerResults>
    </UnitTestResult>
    <UnitTestResult executionId="cbcb09b0-8a9c-4fd5-85de-0fd33a91dfe9" testId="3ac8ffbb-30b0-a85d-3e7e-8f2f12c4ed12" testName="IsFree_Passing_Nothing_Returns_True" computerName="PC-SFERRARI" duration="00:00:00.0002786" startTime="2021-05-26T06:51:50.6675945+02:00" endTime="2021-05-26T06:51:50.6680447+02:00" testType="13cdc9d9-ddb5-4fa4-a97d-d965ccfc6d4b" outcome="Passed" testListId="8c84fa94-04c1-424b-9868-57a2d4851a1d" relativeResultsDirectory="cbcb09b0-8a9c-4fd5-85de-0fd33a91dfe9" />
    <UnitTestResult executionId="e9307f92-8ba2-411f-a2b2-428b1eb063b1" testId="383215a1-c7ec-2234-60ab-45389defa320" testName="IsActive_Passing_Nothing_Returns_True" computerName="PC-SFERRARI" duration="00:00:00.0002171" startTime="2021-05-26T06:51:50.5958301+02:00" endTime="2021-05-26T06:51:50.5961883+02:00" testType="13cdc9d9-ddb5-4fa4-a97d-d965ccfc6d4b" outcome="Passed" testListId="8c84fa94-04c1-424b-9868-57a2d4851a1d" relativeResultsDirectory="e9307f92-8ba2-411f-a2b2-428b1eb063b1" />
    <UnitTestResult executionId="c4d087bb-4748-4188-9aa7-a164dedda29d" testId="df298487-0356-51ee-e237-7e10cf339a23" testName="Create_Passing_Valid_Values_Returns_Telephone" computerName="PC-SFERRARI" duration="00:00:00.0003872" startTime="2021-05-26T06:51:50.6792789+02:00" endTime="2021-05-26T06:51:50.6798354+02:00" testType="13cdc9d9-ddb5-4fa4-a97d-d965ccfc6d4b" outcome="Passed" testListId="8c84fa94-04c1-424b-9868-57a2d4851a1d" relativeResultsDirectory="c4d087bb-4748-4188-9aa7-a164dedda29d" resultType="DataDrivenTest">
      <InnerResults>
        <UnitTestResult executionId="2898fe0a-3711-49a6-aa03-26fd466d39a3" parentExecutionId="c4d087bb-4748-4188-9aa7-a164dedda29d" testId="df298487-0356-51ee-e237-7e10cf339a23" testName="Create_Passing_Valid_Values_Returns_Telephone (456,43543543543)" computerName="PC-SFERRARI" duration="00:00:00.0002861" startTime="2021-05-26T06:51:50.6792789+02:00" endTime="2021-05-26T06:51:50.6798354+02:00" testType="13cdc9d9-ddb5-4fa4-a97d-d965ccfc6d4b" outcome="Passed" testListId="8c84fa94-04c1-424b-9868-57a2d4851a1d" relativeResultsDirectory="2898fe0a-3711-49a6-aa03-26fd466d39a3" dataRowInfo="1" resultType="DataDrivenDataRow" />
        <UnitTestResult executionId="242f5866-dc16-4850-a01e-6beaade25971" parentExecutionId="c4d087bb-4748-4188-9aa7-a164dedda29d" testId="df298487-0356-51ee-e237-7e10cf339a23" testName="Create_Passing_Valid_Values_Returns_Telephone (D45,86554654)" computerName="PC-SFERRARI" duration="00:00:00.0000136" startTime="2021-05-26T06:51:50.6792789+02:00" endTime="2021-05-26T06:51:50.6798354+02:00" testType="13cdc9d9-ddb5-4fa4-a97d-d965ccfc6d4b" outcome="Passed" testListId="8c84fa94-04c1-424b-9868-57a2d4851a1d" relativeResultsDirectory="242f5866-dc16-4850-a01e-6beaade25971" dataRowInfo="2" resultType="DataDrivenDataRow" />
      </InnerResults>
    </UnitTestResult>
    <UnitTestResult executionId="2e5a4571-f68f-4a7a-b5bc-5eaa6b60c842" testId="4ffb1e76-cb8e-8152-5127-75a5ccf2e82d" testName="GetAll_Passing_Nothing_Returns_Enumeracion_List" computerName="PC-SFERRARI" duration="00:00:00.0047415" startTime="2021-05-26T06:51:50.3051182+02:00" endTime="2021-05-26T06:51:50.3103570+02:00" testType="13cdc9d9-ddb5-4fa4-a97d-d965ccfc6d4b" outcome="Passed" testListId="8c84fa94-04c1-424b-9868-57a2d4851a1d" relativeResultsDirectory="2e5a4571-f68f-4a7a-b5bc-5eaa6b60c842" />
    <UnitTestResult executionId="acd85260-4eef-42a2-afc8-e93c0b84b41d" testId="9c04e34f-7224-62e2-c837-288675a1ae2d" testName="OperatorEqual_Passing_Valid_Values_Returns_True" computerName="PC-SFERRARI" duration="00:00:00.0002981" startTime="2021-05-26T06:51:50.6262776+02:00" endTime="2021-05-26T06:51:50.6267510+02:00" testType="13cdc9d9-ddb5-4fa4-a97d-d965ccfc6d4b" outcome="Passed" testListId="8c84fa94-04c1-424b-9868-57a2d4851a1d" relativeResultsDirectory="acd85260-4eef-42a2-afc8-e93c0b84b41d" resultType="DataDrivenTest">
      <InnerResults>
        <UnitTestResult executionId="8182633b-1dc3-40d9-ab4e-dc5b8c2d82e0" parentExecutionId="acd85260-4eef-42a2-afc8-e93c0b84b41d" testId="9c04e34f-7224-62e2-c837-288675a1ae2d" testName="OperatorEqual_Passing_Valid_Values_Returns_True (San Bartoleme De Tirajana)" computerName="PC-SFERRARI" duration="00:00:00.0002149" startTime="2021-05-26T06:51:50.6262776+02:00" endTime="2021-05-26T06:51:50.6267510+02:00" testType="13cdc9d9-ddb5-4fa4-a97d-d965ccfc6d4b" outcome="Passed" testListId="8c84fa94-04c1-424b-9868-57a2d4851a1d" relativeResultsDirectory="8182633b-1dc3-40d9-ab4e-dc5b8c2d82e0" dataRowInfo="1" resultType="DataDrivenDataRow" />
        <UnitTestResult executionId="0312bfb0-3c5c-43f1-9edb-5601c3494f65" parentExecutionId="acd85260-4eef-42a2-afc8-e93c0b84b41d" testId="9c04e34f-7224-62e2-c837-288675a1ae2d" testName="OperatorEqual_Passing_Valid_Values_Returns_True (Sabadell)" computerName="PC-SFERRARI" duration="00:00:00.0000079" startTime="2021-05-26T06:51:50.6262776+02:00" endTime="2021-05-26T06:51:50.6267510+02:00" testType="13cdc9d9-ddb5-4fa4-a97d-d965ccfc6d4b" outcome="Passed" testListId="8c84fa94-04c1-424b-9868-57a2d4851a1d" relativeResultsDirectory="0312bfb0-3c5c-43f1-9edb-5601c3494f65" dataRowInfo="2" resultType="DataDrivenDataRow" />
      </InnerResults>
    </UnitTestResult>
    <UnitTestResult executionId="25c372cc-c50a-48ab-9469-dd3ebc490631" testId="0643cd5e-9fb6-9fc5-1c47-3b2be0eeb804" testName="OperatorNotEqual_Passing_Valid_Values_Returns_True" computerName="PC-SFERRARI" duration="00:00:00.0002813" startTime="2021-05-26T06:51:50.4130187+02:00" endTime="2021-05-26T06:51:50.4133994+02:00" testType="13cdc9d9-ddb5-4fa4-a97d-d965ccfc6d4b" outcome="Passed" testListId="8c84fa94-04c1-424b-9868-57a2d4851a1d" relativeResultsDirectory="25c372cc-c50a-48ab-9469-dd3ebc490631" resultType="DataDrivenTest">
      <InnerResults>
        <UnitTestResult executionId="8a808beb-745d-44f3-af4e-fa48f5e3709b" parentExecutionId="25c372cc-c50a-48ab-9469-dd3ebc490631" testId="0643cd5e-9fb6-9fc5-1c47-3b2be0eeb804" testName="OperatorNotEqual_Passing_Valid_Values_Returns_True (dasdasd@dsasd.ff)" computerName="PC-SFERRARI" duration="00:00:00.0001832" startTime="2021-05-26T06:51:50.4130187+02:00" endTime="2021-05-26T06:51:50.4133994+02:00" testType="13cdc9d9-ddb5-4fa4-a97d-d965ccfc6d4b" outcome="Passed" testListId="8c84fa94-04c1-424b-9868-57a2d4851a1d" relativeResultsDirectory="8a808beb-745d-44f3-af4e-fa48f5e3709b" dataRowInfo="1" resultType="DataDrivenDataRow" />
        <UnitTestResult executionId="720dec3f-4df1-4439-8343-3709a823545b" parentExecutionId="25c372cc-c50a-48ab-9469-dd3ebc490631" testId="0643cd5e-9fb6-9fc5-1c47-3b2be0eeb804" testName="OperatorNotEqual_Passing_Valid_Values_Returns_True (34fsds@sdd.fgg)" computerName="PC-SFERRARI" duration="00:00:00.0000380" startTime="2021-05-26T06:51:50.4130187+02:00" endTime="2021-05-26T06:51:50.4133994+02:00" testType="13cdc9d9-ddb5-4fa4-a97d-d965ccfc6d4b" outcome="Passed" testListId="8c84fa94-04c1-424b-9868-57a2d4851a1d" relativeResultsDirectory="720dec3f-4df1-4439-8343-3709a823545b" dataRowInfo="2" resultType="DataDrivenDataRow" />
      </InnerResults>
    </UnitTestResult>
    <UnitTestResult executionId="273a5ce4-641b-45f2-83f9-3813c4a0474b" testId="b64d7059-5563-47f2-0770-51679ab67ac3" testName="IsNull_Passing_Null_Value_Returns_True" computerName="PC-SFERRARI" duration="00:00:00.0002848" startTime="2021-05-26T06:51:50.6208195+02:00" endTime="2021-05-26T06:51:50.6212170+02:00" testType="13cdc9d9-ddb5-4fa4-a97d-d965ccfc6d4b" outcome="Passed" testListId="8c84fa94-04c1-424b-9868-57a2d4851a1d" relativeResultsDirectory="273a5ce4-641b-45f2-83f9-3813c4a0474b" />
    <UnitTestResult executionId="dcf61280-f695-4274-a705-d4b1ece87114" testId="a73a2e63-3dc6-6b14-a467-c57ee0ec7ec7" testName="IsVisa_Passing_Nothing_Returns_True" computerName="PC-SFERRARI" duration="00:00:00.0001696" startTime="2021-05-26T06:51:50.3112057+02:00" endTime="2021-05-26T06:51:50.3114665+02:00" testType="13cdc9d9-ddb5-4fa4-a97d-d965ccfc6d4b" outcome="Passed" testListId="8c84fa94-04c1-424b-9868-57a2d4851a1d" relativeResultsDirectory="dcf61280-f695-4274-a705-d4b1ece87114" />
    <UnitTestResult executionId="e31dbd54-65a1-41d7-a7e2-1c3fe5daccf4" testId="2ea46394-44f6-bdfd-606e-536cc1a2eef1" testName="Create_Passing_Valid_Values_Returns_FullName" computerName="PC-SFERRARI" duration="00:00:00.0002651" startTime="2021-05-26T06:51:50.4413423+02:00" endTime="2021-05-26T06:51:50.4416983+02:00" testType="13cdc9d9-ddb5-4fa4-a97d-d965ccfc6d4b" outcome="Passed" testListId="8c84fa94-04c1-424b-9868-57a2d4851a1d" relativeResultsDirectory="e31dbd54-65a1-41d7-a7e2-1c3fe5daccf4" resultType="DataDrivenTest">
      <InnerResults>
        <UnitTestResult executionId="878ad8e9-6999-429b-97da-9fa53e426bec" parentExecutionId="e31dbd54-65a1-41d7-a7e2-1c3fe5daccf4" testId="2ea46394-44f6-bdfd-606e-536cc1a2eef1" testName="Create_Passing_Valid_Values_Returns_FullName (San Bartoleme De Tirajana,Las Palmas,España)" computerName="PC-SFERRARI" duration="00:00:00.0001809" startTime="2021-05-26T06:51:50.4413423+02:00" endTime="2021-05-26T06:51:50.4416983+02:00" testType="13cdc9d9-ddb5-4fa4-a97d-d965ccfc6d4b" outcome="Passed" testListId="8c84fa94-04c1-424b-9868-57a2d4851a1d" relativeResultsDirectory="878ad8e9-6999-429b-97da-9fa53e426bec" dataRowInfo="1" resultType="DataDrivenDataRow" />
        <UnitTestResult executionId="f85e795c-d185-44c1-aabe-cb533e8c5ad7" parentExecutionId="e31dbd54-65a1-41d7-a7e2-1c3fe5daccf4" testId="2ea46394-44f6-bdfd-606e-536cc1a2eef1" testName="Create_Passing_Valid_Values_Returns_FullName (Sabadell,Barcelona,España)" computerName="PC-SFERRARI" duration="00:00:00.0000246" startTime="2021-05-26T06:51:50.4413423+02:00" endTime="2021-05-26T06:51:50.4416983+02:00" testType="13cdc9d9-ddb5-4fa4-a97d-d965ccfc6d4b" outcome="Passed" testListId="8c84fa94-04c1-424b-9868-57a2d4851a1d" relativeResultsDirectory="f85e795c-d185-44c1-aabe-cb533e8c5ad7" dataRowInfo="2" resultType="DataDrivenDataRow" />
      </InnerResults>
    </UnitTestResult>
    <UnitTestResult executionId="6ae28caf-5a22-41c7-af92-47d9b2858689" testId="b2d1a9e8-2c10-e79d-2a5b-3b612a1cc6ec" testName="ToFullString_Passing_Valid_Values_Returns_Value_String_Format" computerName="PC-SFERRARI" duration="00:00:00.0005490" startTime="2021-05-26T06:51:50.4603114+02:00" endTime="2021-05-26T06:51:50.4609512+02:00" testType="13cdc9d9-ddb5-4fa4-a97d-d965ccfc6d4b" outcome="Passed" testListId="8c84fa94-04c1-424b-9868-57a2d4851a1d" relativeResultsDirectory="6ae28caf-5a22-41c7-af92-47d9b2858689" resultType="DataDrivenTest">
      <InnerResults>
        <UnitTestResult executionId="835cdcd9-e83a-403d-981e-33df904427ba" parentExecutionId="6ae28caf-5a22-41c7-af92-47d9b2858689" testId="b2d1a9e8-2c10-e79d-2a5b-3b612a1cc6ec" testName="ToFullString_Passing_Valid_Values_Returns_Value_String_Format (San Bartoleme De Tirajana,Las Palmas,España)" computerName="PC-SFERRARI" duration="00:00:00.0004500" startTime="2021-05-26T06:51:50.4603114+02:00" endTime="2021-05-26T06:51:50.4609512+02:00" testType="13cdc9d9-ddb5-4fa4-a97d-d965ccfc6d4b" outcome="Passed" testListId="8c84fa94-04c1-424b-9868-57a2d4851a1d" relativeResultsDirectory="835cdcd9-e83a-403d-981e-33df904427ba" dataRowInfo="1" resultType="DataDrivenDataRow" />
        <UnitTestResult executionId="44237054-580e-458d-90fa-eccd16ca27af" parentExecutionId="6ae28caf-5a22-41c7-af92-47d9b2858689" testId="b2d1a9e8-2c10-e79d-2a5b-3b612a1cc6ec" testName="ToFullString_Passing_Valid_Values_Returns_Value_String_Format (Sabadell,Barcelona,España)" computerName="PC-SFERRARI" duration="00:00:00.0000343" startTime="2021-05-26T06:51:50.4603114+02:00" endTime="2021-05-26T06:51:50.4609512+02:00" testType="13cdc9d9-ddb5-4fa4-a97d-d965ccfc6d4b" outcome="Passed" testListId="8c84fa94-04c1-424b-9868-57a2d4851a1d" relativeResultsDirectory="44237054-580e-458d-90fa-eccd16ca27af" dataRowInfo="2" resultType="DataDrivenDataRow" />
      </InnerResults>
    </UnitTestResult>
    <UnitTestResult executionId="5b7b550b-44c2-4c39-98fb-b4e4b5a2e12d" testId="727d300c-09c1-7387-388d-5af13a437f21" testName="OperatorEqual_Passing_Valid_Values_Returns_True" computerName="PC-SFERRARI" duration="00:00:00.0003709" startTime="2021-05-26T06:51:50.6542971+02:00" endTime="2021-05-26T06:51:50.6548541+02:00" testType="13cdc9d9-ddb5-4fa4-a97d-d965ccfc6d4b" outcome="Passed" testListId="8c84fa94-04c1-424b-9868-57a2d4851a1d" relativeResultsDirectory="5b7b550b-44c2-4c39-98fb-b4e4b5a2e12d" resultType="DataDrivenTest">
      <InnerResults>
        <UnitTestResult executionId="0e98e3ce-78f5-4ae7-9a0b-638cf1c08e7d" parentExecutionId="5b7b550b-44c2-4c39-98fb-b4e4b5a2e12d" testId="727d300c-09c1-7387-388d-5af13a437f21" testName="OperatorEqual_Passing_Valid_Values_Returns_True (app.hackerone1.com)" computerName="PC-SFERRARI" duration="00:00:00.0002322" startTime="2021-05-26T06:51:50.6542971+02:00" endTime="2021-05-26T06:51:50.6548541+02:00" testType="13cdc9d9-ddb5-4fa4-a97d-d965ccfc6d4b" outcome="Passed" testListId="8c84fa94-04c1-424b-9868-57a2d4851a1d" relativeResultsDirectory="0e98e3ce-78f5-4ae7-9a0b-638cf1c08e7d" dataRowInfo="1" resultType="DataDrivenDataRow" />
        <UnitTestResult executionId="4b933576-4956-44fa-bb47-cb56741704cd" parentExecutionId="5b7b550b-44c2-4c39-98fb-b4e4b5a2e12d" testId="727d300c-09c1-7387-388d-5af13a437f21" testName="OperatorEqual_Passing_Valid_Values_Returns_True (www.hackerone-com)" computerName="PC-SFERRARI" duration="00:00:00.0000248" startTime="2021-05-26T06:51:50.6542971+02:00" endTime="2021-05-26T06:51:50.6548541+02:00" testType="13cdc9d9-ddb5-4fa4-a97d-d965ccfc6d4b" outcome="Passed" testListId="8c84fa94-04c1-424b-9868-57a2d4851a1d" relativeResultsDirectory="4b933576-4956-44fa-bb47-cb56741704cd" dataRowInfo="2" resultType="DataDrivenDataRow" />
        <UnitTestResult executionId="7d107ce7-ad2c-43f9-abe5-28e78fd065c7" parentExecutionId="5b7b550b-44c2-4c39-98fb-b4e4b5a2e12d" testId="727d300c-09c1-7387-388d-5af13a437f21" testName="OperatorEqual_Passing_Valid_Values_Returns_True (stage_hackerone.com)" computerName="PC-SFERRARI" duration="00:00:00.0000223" startTime="2021-05-26T06:51:50.6542971+02:00" endTime="2021-05-26T06:51:50.6548541+02:00" testType="13cdc9d9-ddb5-4fa4-a97d-d965ccfc6d4b" outcome="Passed" testListId="8c84fa94-04c1-424b-9868-57a2d4851a1d" relativeResultsDirectory="7d107ce7-ad2c-43f9-abe5-28e78fd065c7" dataRowInfo="3" resultType="DataDrivenDataRow" />
      </InnerResults>
    </UnitTestResult>
    <UnitTestResult executionId="37505fd0-ac02-4dbd-83dd-eea5843c370a" testId="7d55952c-7491-2bc1-f80b-6bd31d5146d2" testName="Change_Passing_Valid_Values_Returns_Email" computerName="PC-SFERRARI" duration="00:00:00.0122433" startTime="2021-05-26T06:51:50.3748239+02:00" endTime="2021-05-26T06:51:50.3874401+02:00" testType="13cdc9d9-ddb5-4fa4-a97d-d965ccfc6d4b" outcome="Passed" testListId="8c84fa94-04c1-424b-9868-57a2d4851a1d" relativeResultsDirectory="37505fd0-ac02-4dbd-83dd-eea5843c370a" resultType="DataDrivenTest">
      <InnerResults>
        <UnitTestResult executionId="11603e3b-d91e-4aae-95d9-62a110773308" parentExecutionId="37505fd0-ac02-4dbd-83dd-eea5843c370a" testId="7d55952c-7491-2bc1-f80b-6bd31d5146d2" testName="Change_Passing_Valid_Values_Returns_Email (aaa@aaa.aaa,hhh@hhh.hhh)" computerName="PC-SFERRARI" duration="00:00:00.0118069" startTime="2021-05-26T06:51:50.3748239+02:00" endTime="2021-05-26T06:51:50.3874401+02:00" testType="13cdc9d9-ddb5-4fa4-a97d-d965ccfc6d4b" outcome="Passed" testListId="8c84fa94-04c1-424b-9868-57a2d4851a1d" relativeResultsDirectory="11603e3b-d91e-4aae-95d9-62a110773308" dataRowInfo="1" resultType="DataDrivenDataRow" />
        <UnitTestResult executionId="a8d12b10-c0fe-47da-9443-3fdfed69d90a" parentExecutionId="37505fd0-ac02-4dbd-83dd-eea5843c370a" testId="7d55952c-7491-2bc1-f80b-6bd31d5146d2" testName="Change_Passing_Valid_Values_Returns_Email (bbbs@bbb.bbb,ppp@ppp.ppp)" computerName="PC-SFERRARI" duration="00:00:00.0000956" startTime="2021-05-26T06:51:50.3748239+02:00" endTime="2021-05-26T06:51:50.3874401+02:00" testType="13cdc9d9-ddb5-4fa4-a97d-d965ccfc6d4b" outcome="Passed" testListId="8c84fa94-04c1-424b-9868-57a2d4851a1d" relativeResultsDirectory="a8d12b10-c0fe-47da-9443-3fdfed69d90a" dataRowInfo="2" resultType="DataDrivenDataRow" />
      </InnerResults>
    </UnitTestResult>
    <UnitTestResult executionId="b1514770-bb1b-40b7-b08e-46abeed34bae" testId="28983f02-4f34-fd2a-e2c0-c023f9e83615" testName="OperatorNotEqual_Passing_Valid_Values_Returns_False" computerName="PC-SFERRARI" duration="00:00:00.0003279" startTime="2021-05-26T06:51:50.2942871+02:00" endTime="2021-05-26T06:51:50.2947116+02:00" testType="13cdc9d9-ddb5-4fa4-a97d-d965ccfc6d4b" outcome="Passed" testListId="8c84fa94-04c1-424b-9868-57a2d4851a1d" relativeResultsDirectory="b1514770-bb1b-40b7-b08e-46abeed34bae" resultType="DataDrivenTest">
      <InnerResults>
        <UnitTestResult executionId="03dc4f50-f70f-4da8-bc12-9bd2fe6d6a2d" parentExecutionId="b1514770-bb1b-40b7-b08e-46abeed34bae" testId="28983f02-4f34-fd2a-e2c0-c023f9e83615" testName="OperatorNotEqual_Passing_Valid_Values_Returns_False (Tenerife,23,34567,San Bartoleme De Tirajana,Las Palmas,España)" computerName="PC-SFERRARI" duration="00:00:00.0002281" startTime="2021-05-26T06:51:50.2942871+02:00" endTime="2021-05-26T06:51:50.2947116+02:00" testType="13cdc9d9-ddb5-4fa4-a97d-d965ccfc6d4b" outcome="Passed" testListId="8c84fa94-04c1-424b-9868-57a2d4851a1d" relativeResultsDirectory="03dc4f50-f70f-4da8-bc12-9bd2fe6d6a2d" dataRowInfo="1" resultType="DataDrivenDataRow" />
        <UnitTestResult executionId="839b912b-12de-4e2a-9358-357724ef1447" parentExecutionId="b1514770-bb1b-40b7-b08e-46abeed34bae" testId="28983f02-4f34-fd2a-e2c0-c023f9e83615" testName="OperatorNotEqual_Passing_Valid_Values_Returns_False (Pader,789,DF7956,Sabadell,Barcelona,España)" computerName="PC-SFERRARI" duration="00:00:00.0000254" startTime="2021-05-26T06:51:50.2942871+02:00" endTime="2021-05-26T06:51:50.2947116+02:00" testType="13cdc9d9-ddb5-4fa4-a97d-d965ccfc6d4b" outcome="Passed" testListId="8c84fa94-04c1-424b-9868-57a2d4851a1d" relativeResultsDirectory="839b912b-12de-4e2a-9358-357724ef1447" dataRowInfo="2" resultType="DataDrivenDataRow" />
      </InnerResults>
    </UnitTestResult>
    <UnitTestResult executionId="ab77cdd4-57f7-4f71-a7e2-0284006a5612" testId="39ea45cc-1ad3-df2f-5644-569d0fae9835" testName="Create_Passing_Valid_Values_Returns_Currency" computerName="PC-SFERRARI" duration="00:00:00.0025393" startTime="2021-05-26T06:51:50.3433961+02:00" endTime="2021-05-26T06:51:50.3460947+02:00" testType="13cdc9d9-ddb5-4fa4-a97d-d965ccfc6d4b" outcome="Passed" testListId="8c84fa94-04c1-424b-9868-57a2d4851a1d" relativeResultsDirectory="ab77cdd4-57f7-4f71-a7e2-0284006a5612" resultType="DataDrivenTest">
      <InnerResults>
        <UnitTestResult executionId="2fb36dfe-e9d6-4542-a805-cf30776de222" parentExecutionId="ab77cdd4-57f7-4f71-a7e2-0284006a5612" testId="39ea45cc-1ad3-df2f-5644-569d0fae9835" testName="Create_Passing_Valid_Values_Returns_Currency (USD)" computerName="PC-SFERRARI" duration="00:00:00.0017211" startTime="2021-05-26T06:51:50.3433961+02:00" endTime="2021-05-26T06:51:50.3460947+02:00" testType="13cdc9d9-ddb5-4fa4-a97d-d965ccfc6d4b" outcome="Passed" testListId="8c84fa94-04c1-424b-9868-57a2d4851a1d" relativeResultsDirectory="2fb36dfe-e9d6-4542-a805-cf30776de222" dataRowInfo="1" resultType="DataDrivenDataRow" />
        <UnitTestResult executionId="3ac2e706-f8c1-48c9-af02-a2248f4196cc" parentExecutionId="ab77cdd4-57f7-4f71-a7e2-0284006a5612" testId="39ea45cc-1ad3-df2f-5644-569d0fae9835" testName="Create_Passing_Valid_Values_Returns_Currency (EUR)" computerName="PC-SFERRARI" duration="00:00:00.0007051" startTime="2021-05-26T06:51:50.3433961+02:00" endTime="2021-05-26T06:51:50.3460947+02:00" testType="13cdc9d9-ddb5-4fa4-a97d-d965ccfc6d4b" outcome="Passed" testListId="8c84fa94-04c1-424b-9868-57a2d4851a1d" relativeResultsDirectory="3ac2e706-f8c1-48c9-af02-a2248f4196cc" dataRowInfo="2" resultType="DataDrivenDataRow" />
      </InnerResults>
    </UnitTestResult>
    <UnitTestResult executionId="b21b2544-e48d-449e-a9d8-57274b313d0f" testId="cfc0b506-e5fe-b0db-3d07-04d53340cc58" testName="IsAmex_Passing_Nothing_Returns_True" computerName="PC-SFERRARI" duration="00:00:00.0003158" startTime="2021-05-26T06:51:50.3104101+02:00" endTime="2021-05-26T06:51:50.3108796+02:00" testType="13cdc9d9-ddb5-4fa4-a97d-d965ccfc6d4b" outcome="Passed" testListId="8c84fa94-04c1-424b-9868-57a2d4851a1d" relativeResultsDirectory="b21b2544-e48d-449e-a9d8-57274b313d0f" />
    <UnitTestResult executionId="d12cc9d2-e9f2-4871-869c-3f6d02a9c4cd" testId="99c0f1dd-a954-07f0-474b-96a0626b66a1" testName="ToEnum_Passing_Valid_String_Name_Returns_Enumeracion" computerName="PC-SFERRARI" duration="00:00:00.0001218" startTime="2021-05-26T06:51:50.6696385+02:00" endTime="2021-05-26T06:51:50.6698573+02:00" testType="13cdc9d9-ddb5-4fa4-a97d-d965ccfc6d4b" outcome="Passed" testListId="8c84fa94-04c1-424b-9868-57a2d4851a1d" relativeResultsDirectory="d12cc9d2-e9f2-4871-869c-3f6d02a9c4cd" />
    <UnitTestResult executionId="b3127a88-cc0f-42f4-b9a2-2ae042f463ee" testId="6afaec20-42f3-051a-70dd-dd8272a94d57" testName="ToEnum_Passing_Valid_String_Name_Enumeracion_Returns_Enumeracion" computerName="PC-SFERRARI" duration="00:00:00.0001269" startTime="2021-05-26T06:51:50.4788808+02:00" endTime="2021-05-26T06:51:50.4790911+02:00" testType="13cdc9d9-ddb5-4fa4-a97d-d965ccfc6d4b" outcome="Passed" testListId="8c84fa94-04c1-424b-9868-57a2d4851a1d" relativeResultsDirectory="b3127a88-cc0f-42f4-b9a2-2ae042f463ee" />
    <UnitTestResult executionId="9d42472a-b498-4712-ae4d-43d4755d0a9d" testId="f32c4def-2f6e-3a0b-be76-e606178c7f60" testName="IsNull_Passing_Valid_Address_Returns_False" computerName="PC-SFERRARI" duration="00:00:00.0002543" startTime="2021-05-26T06:51:50.2883010+02:00" endTime="2021-05-26T06:51:50.2886674+02:00" testType="13cdc9d9-ddb5-4fa4-a97d-d965ccfc6d4b" outcome="Passed" testListId="8c84fa94-04c1-424b-9868-57a2d4851a1d" relativeResultsDirectory="9d42472a-b498-4712-ae4d-43d4755d0a9d" resultType="DataDrivenTest">
      <InnerResults>
        <UnitTestResult executionId="66de471a-fd79-45d7-a086-18c0cfaaaf33" parentExecutionId="9d42472a-b498-4712-ae4d-43d4755d0a9d" testId="f32c4def-2f6e-3a0b-be76-e606178c7f60" testName="IsNull_Passing_Valid_Address_Returns_False (Tenerife,23,34567,San Bartoleme De Tirajana,Las Palmas,España)" computerName="PC-SFERRARI" duration="00:00:00.0001581" startTime="2021-05-26T06:51:50.2883010+02:00" endTime="2021-05-26T06:51:50.2886674+02:00" testType="13cdc9d9-ddb5-4fa4-a97d-d965ccfc6d4b" outcome="Passed" testListId="8c84fa94-04c1-424b-9868-57a2d4851a1d" relativeResultsDirectory="66de471a-fd79-45d7-a086-18c0cfaaaf33" dataRowInfo="1" resultType="DataDrivenDataRow" />
        <UnitTestResult executionId="860d68b7-b92c-42c0-badf-17e6bf011c7e" parentExecutionId="9d42472a-b498-4712-ae4d-43d4755d0a9d" testId="f32c4def-2f6e-3a0b-be76-e606178c7f60" testName="IsNull_Passing_Valid_Address_Returns_False (Pader,789,DF7956,Sabadell,Barcelona,España)" computerName="PC-SFERRARI" duration="00:00:00.0000145" startTime="2021-05-26T06:51:50.2883010+02:00" endTime="2021-05-26T06:51:50.2886674+02:00" testType="13cdc9d9-ddb5-4fa4-a97d-d965ccfc6d4b" outcome="Passed" testListId="8c84fa94-04c1-424b-9868-57a2d4851a1d" relativeResultsDirectory="860d68b7-b92c-42c0-badf-17e6bf011c7e" dataRowInfo="2" resultType="DataDrivenDataRow" />
      </InnerResults>
    </UnitTestResult>
    <UnitTestResult executionId="5c2398c8-44d4-4335-9cc5-4ff5dc6be037" testId="13846877-4c93-45de-5e9a-d22d164df494" testName="OperatorEqual_Passing_Valid_Distinct_Values_Returns_False" computerName="PC-SFERRARI" duration="00:00:00.0002567" startTime="2021-05-26T06:51:50.6468609+02:00" endTime="2021-05-26T06:51:50.6472138+02:00" testType="13cdc9d9-ddb5-4fa4-a97d-d965ccfc6d4b" outcome="Passed" testListId="8c84fa94-04c1-424b-9868-57a2d4851a1d" relativeResultsDirectory="5c2398c8-44d4-4335-9cc5-4ff5dc6be037" resultType="DataDrivenTest">
      <InnerResults>
        <UnitTestResult executionId="fa3735ee-7136-4a4b-85b6-e9c094038c74" parentExecutionId="5c2398c8-44d4-4335-9cc5-4ff5dc6be037" testId="13846877-4c93-45de-5e9a-d22d164df494" testName="OperatorEqual_Passing_Valid_Distinct_Values_Returns_False (app.hackerone1.com)" computerName="PC-SFERRARI" duration="00:00:00.0001442" startTime="2021-05-26T06:51:50.6468609+02:00" endTime="2021-05-26T06:51:50.6472138+02:00" testType="13cdc9d9-ddb5-4fa4-a97d-d965ccfc6d4b" outcome="Passed" testListId="8c84fa94-04c1-424b-9868-57a2d4851a1d" relativeResultsDirectory="fa3735ee-7136-4a4b-85b6-e9c094038c74" dataRowInfo="1" resultType="DataDrivenDataRow" />
        <UnitTestResult executionId="ffe121e1-f93d-4580-a7e7-1ccfddca4d63" parentExecutionId="5c2398c8-44d4-4335-9cc5-4ff5dc6be037" testId="13846877-4c93-45de-5e9a-d22d164df494" testName="OperatorEqual_Passing_Valid_Distinct_Values_Returns_False (www.hackerone-com)" computerName="PC-SFERRARI" duration="00:00:00.0000222" startTime="2021-05-26T06:51:50.6468609+02:00" endTime="2021-05-26T06:51:50.6472138+02:00" testType="13cdc9d9-ddb5-4fa4-a97d-d965ccfc6d4b" outcome="Passed" testListId="8c84fa94-04c1-424b-9868-57a2d4851a1d" relativeResultsDirectory="ffe121e1-f93d-4580-a7e7-1ccfddca4d63" dataRowInfo="2" resultType="DataDrivenDataRow" />
        <UnitTestResult executionId="77a918ce-373f-4e4f-8f5a-f961a63291e4" parentExecutionId="5c2398c8-44d4-4335-9cc5-4ff5dc6be037" testId="13846877-4c93-45de-5e9a-d22d164df494" testName="OperatorEqual_Passing_Valid_Distinct_Values_Returns_False (stage_hackerone.com)" computerName="PC-SFERRARI" duration="00:00:00.0000205" startTime="2021-05-26T06:51:50.6468609+02:00" endTime="2021-05-26T06:51:50.6472138+02:00" testType="13cdc9d9-ddb5-4fa4-a97d-d965ccfc6d4b" outcome="Passed" testListId="8c84fa94-04c1-424b-9868-57a2d4851a1d" relativeResultsDirectory="77a918ce-373f-4e4f-8f5a-f961a63291e4" dataRowInfo="3" resultType="DataDrivenDataRow" />
      </InnerResults>
    </UnitTestResult>
    <UnitTestResult executionId="65409b5a-5922-4fb8-ae01-3f15d3fb991d" testId="c00989f1-bbf2-1016-4a5a-81f963501501" testName="Create_Passing_Valid_Values_Returns_Address" computerName="PC-SFERRARI" duration="00:00:00.0003665" startTime="2021-05-26T06:51:50.2184975+02:00" endTime="2021-05-26T06:51:50.2189694+02:00" testType="13cdc9d9-ddb5-4fa4-a97d-d965ccfc6d4b" outcome="Passed" testListId="8c84fa94-04c1-424b-9868-57a2d4851a1d" relativeResultsDirectory="65409b5a-5922-4fb8-ae01-3f15d3fb991d" resultType="DataDrivenTest">
      <InnerResults>
        <UnitTestResult executionId="4b69353b-9173-46e1-922b-6e6356489c2d" parentExecutionId="65409b5a-5922-4fb8-ae01-3f15d3fb991d" testId="c00989f1-bbf2-1016-4a5a-81f963501501" testName="Create_Passing_Valid_Values_Returns_Address (Tenerife,23,34567,San Bartoleme De Tirajana,Las Palmas,España)" computerName="PC-SFERRARI" duration="00:00:00.0002536" startTime="2021-05-26T06:51:50.2184975+02:00" endTime="2021-05-26T06:51:50.2189694+02:00" testType="13cdc9d9-ddb5-4fa4-a97d-d965ccfc6d4b" outcome="Passed" testListId="8c84fa94-04c1-424b-9868-57a2d4851a1d" relativeResultsDirectory="4b69353b-9173-46e1-922b-6e6356489c2d" dataRowInfo="1" resultType="DataDrivenDataRow" />
        <UnitTestResult executionId="9a34842f-074a-4e38-8e2e-174c4013e9fb" parentExecutionId="65409b5a-5922-4fb8-ae01-3f15d3fb991d" testId="c00989f1-bbf2-1016-4a5a-81f963501501" testName="Create_Passing_Valid_Values_Returns_Address (Pader,789,DF7956,Sabadell,Barcelona,España)" computerName="PC-SFERRARI" duration="00:00:00.0000287" startTime="2021-05-26T06:51:50.2184975+02:00" endTime="2021-05-26T06:51:50.2189694+02:00" testType="13cdc9d9-ddb5-4fa4-a97d-d965ccfc6d4b" outcome="Passed" testListId="8c84fa94-04c1-424b-9868-57a2d4851a1d" relativeResultsDirectory="9a34842f-074a-4e38-8e2e-174c4013e9fb" dataRowInfo="2" resultType="DataDrivenDataRow" />
      </InnerResults>
    </UnitTestResult>
    <UnitTestResult executionId="20e44a02-614a-419f-8eb6-5504dad5ec3c" testId="d4dac023-52df-82e8-5be4-d4d0b7642e67" testName="Equals_Passing_Valid_Values_Returns_True" computerName="PC-SFERRARI" duration="00:00:00.0004385" startTime="2021-05-26T06:51:50.2865127+02:00" endTime="2021-05-26T06:51:50.2871523+02:00" testType="13cdc9d9-ddb5-4fa4-a97d-d965ccfc6d4b" outcome="Passed" testListId="8c84fa94-04c1-424b-9868-57a2d4851a1d" relativeResultsDirectory="20e44a02-614a-419f-8eb6-5504dad5ec3c" resultType="DataDrivenTest">
      <InnerResults>
        <UnitTestResult executionId="fd86ed98-f789-4b47-ae9a-a58ea18f79fd" parentExecutionId="20e44a02-614a-419f-8eb6-5504dad5ec3c" testId="d4dac023-52df-82e8-5be4-d4d0b7642e67" testName="Equals_Passing_Valid_Values_Returns_True (Tenerife,23,34567,San Bartoleme De Tirajana,Las Palmas,España)" computerName="PC-SFERRARI" duration="00:00:00.0003193" startTime="2021-05-26T06:51:50.2865127+02:00" endTime="2021-05-26T06:51:50.2871523+02:00" testType="13cdc9d9-ddb5-4fa4-a97d-d965ccfc6d4b" outcome="Passed" testListId="8c84fa94-04c1-424b-9868-57a2d4851a1d" relativeResultsDirectory="fd86ed98-f789-4b47-ae9a-a58ea18f79fd" dataRowInfo="1" resultType="DataDrivenDataRow" />
        <UnitTestResult executionId="8c37afdf-58c5-4d42-b750-2a705dd2fa39" parentExecutionId="20e44a02-614a-419f-8eb6-5504dad5ec3c" testId="d4dac023-52df-82e8-5be4-d4d0b7642e67" testName="Equals_Passing_Valid_Values_Returns_True (Pader,789,DF7956,Sabadell,Barcelona,España)" computerName="PC-SFERRARI" duration="00:00:00.0000231" startTime="2021-05-26T06:51:50.2865127+02:00" endTime="2021-05-26T06:51:50.2871523+02:00" testType="13cdc9d9-ddb5-4fa4-a97d-d965ccfc6d4b" outcome="Passed" testListId="8c84fa94-04c1-424b-9868-57a2d4851a1d" relativeResultsDirectory="8c37afdf-58c5-4d42-b750-2a705dd2fa39" dataRowInfo="2" resultType="DataDrivenDataRow" />
      </InnerResults>
    </UnitTestResult>
    <UnitTestResult executionId="900bf531-bf90-4a63-bd29-b234e78c0c5d" testId="860a3ab5-e4fc-cad4-fe40-328241e258f0" testName="ToString_Passing_Valid_Values_Returns_Value_String_Format" computerName="PC-SFERRARI" duration="00:00:00.0009208" startTime="2021-05-26T06:51:50.6951519+02:00" endTime="2021-05-26T06:51:50.6962090+02:00" testType="13cdc9d9-ddb5-4fa4-a97d-d965ccfc6d4b" outcome="Passed" testListId="8c84fa94-04c1-424b-9868-57a2d4851a1d" relativeResultsDirectory="900bf531-bf90-4a63-bd29-b234e78c0c5d" resultType="DataDrivenTest">
      <InnerResults>
        <UnitTestResult executionId="23a57de3-ea10-4a9b-b904-ea52ba58088f" parentExecutionId="900bf531-bf90-4a63-bd29-b234e78c0c5d" testId="860a3ab5-e4fc-cad4-fe40-328241e258f0" testName="ToString_Passing_Valid_Values_Returns_Value_String_Format (456,43543543543)" computerName="PC-SFERRARI" duration="00:00:00.0008118" startTime="2021-05-26T06:51:50.6951519+02:00" endTime="2021-05-26T06:51:50.6962090+02:00" testType="13cdc9d9-ddb5-4fa4-a97d-d965ccfc6d4b" outcome="Passed" testListId="8c84fa94-04c1-424b-9868-57a2d4851a1d" relativeResultsDirectory="23a57de3-ea10-4a9b-b904-ea52ba58088f" dataRowInfo="1" resultType="DataDrivenDataRow" />
        <UnitTestResult executionId="cbfe2435-6609-49a4-afd6-c2cce0badab5" parentExecutionId="900bf531-bf90-4a63-bd29-b234e78c0c5d" testId="860a3ab5-e4fc-cad4-fe40-328241e258f0" testName="ToString_Passing_Valid_Values_Returns_Value_String_Format (D45,86554654)" computerName="PC-SFERRARI" duration="00:00:00.0000160" startTime="2021-05-26T06:51:50.6951519+02:00" endTime="2021-05-26T06:51:50.6962090+02:00" testType="13cdc9d9-ddb5-4fa4-a97d-d965ccfc6d4b" outcome="Passed" testListId="8c84fa94-04c1-424b-9868-57a2d4851a1d" relativeResultsDirectory="cbfe2435-6609-49a4-afd6-c2cce0badab5" dataRowInfo="2" resultType="DataDrivenDataRow" />
      </InnerResults>
    </UnitTestResult>
    <UnitTestResult executionId="551afadb-ebc6-473e-8a18-548ae59274b5" testId="3c73a262-4233-759f-902c-9ce564f1c4ad" testName="ToEnum_Passing_Invalid_String_Name_Enumeracion_Returns_Null" computerName="PC-SFERRARI" duration="00:00:00.0005571" startTime="2021-05-26T06:51:50.3124388+02:00" endTime="2021-05-26T06:51:50.3131039+02:00" testType="13cdc9d9-ddb5-4fa4-a97d-d965ccfc6d4b" outcome="Passed" testListId="8c84fa94-04c1-424b-9868-57a2d4851a1d" relativeResultsDirectory="551afadb-ebc6-473e-8a18-548ae59274b5" />
    <UnitTestResult executionId="3bf01248-c5c8-4174-98b6-725bc0308ce4" testId="1e6a5935-eb94-a549-f349-b1500900cd98" testName="ToEnum_Passing_Valid_String_Name_Enumeracion_Returns_Enumeracion" computerName="PC-SFERRARI" duration="00:00:00.0001356" startTime="2021-05-26T06:51:50.3195074+02:00" endTime="2021-05-26T06:51:50.3197452+02:00" testType="13cdc9d9-ddb5-4fa4-a97d-d965ccfc6d4b" outcome="Passed" testListId="8c84fa94-04c1-424b-9868-57a2d4851a1d" relativeResultsDirectory="3bf01248-c5c8-4174-98b6-725bc0308ce4" />
    <UnitTestResult executionId="098670ae-0fea-4162-b92c-f5f80b73a1b1" testId="0188a360-d0e8-2f3a-f2c3-d07e54094df7" testName="IsNull_Passing_Null_Value_Returns_True" computerName="PC-SFERRARI" duration="00:00:00.0002727" startTime="2021-05-26T06:51:50.4478835+02:00" endTime="2021-05-26T06:51:50.4482526+02:00" testType="13cdc9d9-ddb5-4fa4-a97d-d965ccfc6d4b" outcome="Passed" testListId="8c84fa94-04c1-424b-9868-57a2d4851a1d" relativeResultsDirectory="098670ae-0fea-4162-b92c-f5f80b73a1b1" />
    <UnitTestResult executionId="920d5958-1d62-4669-a9b0-13253197acbc" testId="c76c5fb3-80cf-3138-b811-ceac3a87cf8e" testName="Create_Passing_Valid_Value_Returns_Email" computerName="PC-SFERRARI" duration="00:00:00.0011710" startTime="2021-05-26T06:51:50.3929427+02:00" endTime="2021-05-26T06:51:50.3942526+02:00" testType="13cdc9d9-ddb5-4fa4-a97d-d965ccfc6d4b" outcome="Passed" testListId="8c84fa94-04c1-424b-9868-57a2d4851a1d" relativeResultsDirectory="920d5958-1d62-4669-a9b0-13253197acbc" resultType="DataDrivenTest">
      <InnerResults>
        <UnitTestResult executionId="6ea4c71a-f37a-479f-b5a2-2f8f1ca2f560" parentExecutionId="920d5958-1d62-4669-a9b0-13253197acbc" testId="c76c5fb3-80cf-3138-b811-ceac3a87cf8e" testName="Create_Passing_Valid_Value_Returns_Email (dasdasd@dsasd.ff)" computerName="PC-SFERRARI" duration="00:00:00.0002006" startTime="2021-05-26T06:51:50.3929427+02:00" endTime="2021-05-26T06:51:50.3942526+02:00" testType="13cdc9d9-ddb5-4fa4-a97d-d965ccfc6d4b" outcome="Passed" testListId="8c84fa94-04c1-424b-9868-57a2d4851a1d" relativeResultsDirectory="6ea4c71a-f37a-479f-b5a2-2f8f1ca2f560" dataRowInfo="1" resultType="DataDrivenDataRow" />
        <UnitTestResult executionId="60a9210c-9b7b-4788-85a8-db13421a652d" parentExecutionId="920d5958-1d62-4669-a9b0-13253197acbc" testId="c76c5fb3-80cf-3138-b811-ceac3a87cf8e" testName="Create_Passing_Valid_Value_Returns_Email (34fsds@sdd.fgg)" computerName="PC-SFERRARI" duration="00:00:00.0000268" startTime="2021-05-26T06:51:50.3929427+02:00" endTime="2021-05-26T06:51:50.3942526+02:00" testType="13cdc9d9-ddb5-4fa4-a97d-d965ccfc6d4b" outcome="Passed" testListId="8c84fa94-04c1-424b-9868-57a2d4851a1d" relativeResultsDirectory="60a9210c-9b7b-4788-85a8-db13421a652d" dataRowInfo="2" resultType="DataDrivenDataRow" />
        <UnitTestResult executionId="736e141c-bb6b-4fbe-9d5e-0aa612e0e4cd" parentExecutionId="920d5958-1d62-4669-a9b0-13253197acbc" testId="c76c5fb3-80cf-3138-b811-ceac3a87cf8e" testName="Create_Passing_Valid_Value_Returns_Email (ñandu@gmail.com)" computerName="PC-SFERRARI" duration="00:00:00.0007202" startTime="2021-05-26T06:51:50.3929427+02:00" endTime="2021-05-26T06:51:50.3942526+02:00" testType="13cdc9d9-ddb5-4fa4-a97d-d965ccfc6d4b" outcome="Passed" testListId="8c84fa94-04c1-424b-9868-57a2d4851a1d" relativeResultsDirectory="736e141c-bb6b-4fbe-9d5e-0aa612e0e4cd" dataRowInfo="3" resultType="DataDrivenDataRow" />
        <UnitTestResult executionId="bd41e351-ae77-4bae-b133-5f74b056f6b0" parentExecutionId="920d5958-1d62-4669-a9b0-13253197acbc" testId="c76c5fb3-80cf-3138-b811-ceac3a87cf8e" testName="Create_Passing_Valid_Value_Returns_Email (ádsads@ggg.cc)" computerName="PC-SFERRARI" duration="00:00:00.0000320" startTime="2021-05-26T06:51:50.3929427+02:00" endTime="2021-05-26T06:51:50.3942526+02:00" testType="13cdc9d9-ddb5-4fa4-a97d-d965ccfc6d4b" outcome="Passed" testListId="8c84fa94-04c1-424b-9868-57a2d4851a1d" relativeResultsDirectory="bd41e351-ae77-4bae-b133-5f74b056f6b0" dataRowInfo="4" resultType="DataDrivenDataRow" />
        <UnitTestResult executionId="0e2067e4-7fd5-41d4-96ac-2d51243104f2" parentExecutionId="920d5958-1d62-4669-a9b0-13253197acbc" testId="c76c5fb3-80cf-3138-b811-ceac3a87cf8e" testName="Create_Passing_Valid_Value_Returns_Email (aaads@ggg.cc)" computerName="PC-SFERRARI" duration="00:00:00.0000202" startTime="2021-05-26T06:51:50.3929427+02:00" endTime="2021-05-26T06:51:50.3942526+02:00" testType="13cdc9d9-ddb5-4fa4-a97d-d965ccfc6d4b" outcome="Passed" testListId="8c84fa94-04c1-424b-9868-57a2d4851a1d" relativeResultsDirectory="0e2067e4-7fd5-41d4-96ac-2d51243104f2" dataRowInfo="5" resultType="DataDrivenDataRow" />
        <UnitTestResult executionId="125c7aa9-ba5a-419a-a456-d000101b8873" parentExecutionId="920d5958-1d62-4669-a9b0-13253197acbc" testId="c76c5fb3-80cf-3138-b811-ceac3a87cf8e" testName="Create_Passing_Valid_Value_Returns_Email (bb_ads@ggg.cc)" computerName="PC-SFERRARI" duration="00:00:00.0000212" startTime="2021-05-26T06:51:50.3929427+02:00" endTime="2021-05-26T06:51:50.3942526+02:00" testType="13cdc9d9-ddb5-4fa4-a97d-d965ccfc6d4b" outcome="Passed" testListId="8c84fa94-04c1-424b-9868-57a2d4851a1d" relativeResultsDirectory="125c7aa9-ba5a-419a-a456-d000101b8873" dataRowInfo="6" resultType="DataDrivenDataRow" />
      </InnerResults>
    </UnitTestResult>
    <UnitTestResult executionId="5343a4fb-0868-416a-a523-6335e07138c6" testId="e508c554-ee47-5599-228d-b33f23cc16d0" testName="Equals_Passing_Valid_Distinct_Values_Returns_False" computerName="PC-SFERRARI" duration="00:00:00.0012677" startTime="2021-05-26T06:51:50.5394578+02:00" endTime="2021-05-26T06:51:50.5409063+02:00" testType="13cdc9d9-ddb5-4fa4-a97d-d965ccfc6d4b" outcome="Passed" testListId="8c84fa94-04c1-424b-9868-57a2d4851a1d" relativeResultsDirectory="5343a4fb-0868-416a-a523-6335e07138c6" resultType="DataDrivenTest">
      <InnerResults>
        <UnitTestResult executionId="c84ee17c-3114-444f-937a-667d08a5ff9f" parentExecutionId="5343a4fb-0868-416a-a523-6335e07138c6" testId="e508c554-ee47-5599-228d-b33f23cc16d0" testName="Equals_Passing_Valid_Distinct_Values_Returns_False (España)" computerName="PC-SFERRARI" duration="00:00:00.0009131" startTime="2021-05-26T06:51:50.5394578+02:00" endTime="2021-05-26T06:51:50.5409063+02:00" testType="13cdc9d9-ddb5-4fa4-a97d-d965ccfc6d4b" outcome="Passed" testListId="8c84fa94-04c1-424b-9868-57a2d4851a1d" relativeResultsDirectory="c84ee17c-3114-444f-937a-667d08a5ff9f" dataRowInfo="1" resultType="DataDrivenDataRow" />
        <UnitTestResult executionId="c41fe31f-6e08-4501-8716-4c60cc860d4f" parentExecutionId="5343a4fb-0868-416a-a523-6335e07138c6" testId="e508c554-ee47-5599-228d-b33f23cc16d0" testName="Equals_Passing_Valid_Distinct_Values_Returns_False (Españá)" computerName="PC-SFERRARI" duration="00:00:00.0000336" startTime="2021-05-26T06:51:50.5394578+02:00" endTime="2021-05-26T06:51:50.5409063+02:00" testType="13cdc9d9-ddb5-4fa4-a97d-d965ccfc6d4b" outcome="Passed" testListId="8c84fa94-04c1-424b-9868-57a2d4851a1d" relativeResultsDirectory="c41fe31f-6e08-4501-8716-4c60cc860d4f" dataRowInfo="2" resultType="DataDrivenDataRow" />
        <UnitTestResult executionId="3847c0f7-dbdf-4009-864a-1a050ebc5dd0" parentExecutionId="5343a4fb-0868-416a-a523-6335e07138c6" testId="e508c554-ee47-5599-228d-b33f23cc16d0" testName="Equals_Passing_Valid_Distinct_Values_Returns_False (Españà)" computerName="PC-SFERRARI" duration="00:00:00.0000201" startTime="2021-05-26T06:51:50.5394578+02:00" endTime="2021-05-26T06:51:50.5409063+02:00" testType="13cdc9d9-ddb5-4fa4-a97d-d965ccfc6d4b" outcome="Passed" testListId="8c84fa94-04c1-424b-9868-57a2d4851a1d" relativeResultsDirectory="3847c0f7-dbdf-4009-864a-1a050ebc5dd0" dataRowInfo="3" resultType="DataDrivenDataRow" />
        <UnitTestResult executionId="8ff4fe29-e664-4bec-abf1-aac4dba4a8d1" parentExecutionId="5343a4fb-0868-416a-a523-6335e07138c6" testId="e508c554-ee47-5599-228d-b33f23cc16d0" testName="Equals_Passing_Valid_Distinct_Values_Returns_False (Españä)" computerName="PC-SFERRARI" duration="00:00:00.0000192" startTime="2021-05-26T06:51:50.5394578+02:00" endTime="2021-05-26T06:51:50.5409063+02:00" testType="13cdc9d9-ddb5-4fa4-a97d-d965ccfc6d4b" outcome="Passed" testListId="8c84fa94-04c1-424b-9868-57a2d4851a1d" relativeResultsDirectory="8ff4fe29-e664-4bec-abf1-aac4dba4a8d1" dataRowInfo="4" resultType="DataDrivenDataRow" />
        <UnitTestResult executionId="07e4a09f-edb4-4cc2-b408-b612d8aa5440" parentExecutionId="5343a4fb-0868-416a-a523-6335e07138c6" testId="e508c554-ee47-5599-228d-b33f23cc16d0" testName="Equals_Passing_Valid_Distinct_Values_Returns_False (Españâ)" computerName="PC-SFERRARI" duration="00:00:00.0000182" startTime="2021-05-26T06:51:50.5394578+02:00" endTime="2021-05-26T06:51:50.5409063+02:00" testType="13cdc9d9-ddb5-4fa4-a97d-d965ccfc6d4b" outcome="Passed" testListId="8c84fa94-04c1-424b-9868-57a2d4851a1d" relativeResultsDirectory="07e4a09f-edb4-4cc2-b408-b612d8aa5440" dataRowInfo="5" resultType="DataDrivenDataRow" />
        <UnitTestResult executionId="16c2005e-7e4e-48c9-8d39-8a6c9749a6c9" parentExecutionId="5343a4fb-0868-416a-a523-6335e07138c6" testId="e508c554-ee47-5599-228d-b33f23cc16d0" testName="Equals_Passing_Valid_Distinct_Values_Returns_False (Españã)" computerName="PC-SFERRARI" duration="00:00:00.0000189" startTime="2021-05-26T06:51:50.5394578+02:00" endTime="2021-05-26T06:51:50.5409063+02:00" testType="13cdc9d9-ddb5-4fa4-a97d-d965ccfc6d4b" outcome="Passed" testListId="8c84fa94-04c1-424b-9868-57a2d4851a1d" relativeResultsDirectory="16c2005e-7e4e-48c9-8d39-8a6c9749a6c9" dataRowInfo="6" resultType="DataDrivenDataRow" />
        <UnitTestResult executionId="f8f3b0e6-d806-44de-b7cb-f8479552c71e" parentExecutionId="5343a4fb-0868-416a-a523-6335e07138c6" testId="e508c554-ee47-5599-228d-b33f23cc16d0" testName="Equals_Passing_Valid_Distinct_Values_Returns_False (Españç)" computerName="PC-SFERRARI" duration="00:00:00.0000184" startTime="2021-05-26T06:51:50.5394578+02:00" endTime="2021-05-26T06:51:50.5409063+02:00" testType="13cdc9d9-ddb5-4fa4-a97d-d965ccfc6d4b" outcome="Passed" testListId="8c84fa94-04c1-424b-9868-57a2d4851a1d" relativeResultsDirectory="f8f3b0e6-d806-44de-b7cb-f8479552c71e" dataRowInfo="7" resultType="DataDrivenDataRow" />
        <UnitTestResult executionId="f8845657-f2da-4fe9-983e-9fff624e743e" parentExecutionId="5343a4fb-0868-416a-a523-6335e07138c6" testId="e508c554-ee47-5599-228d-b33f23cc16d0" testName="Equals_Passing_Valid_Distinct_Values_Returns_False (Españħ)" computerName="PC-SFERRARI" duration="00:00:00.0000179" startTime="2021-05-26T06:51:50.5394578+02:00" endTime="2021-05-26T06:51:50.5409063+02:00" testType="13cdc9d9-ddb5-4fa4-a97d-d965ccfc6d4b" outcome="Passed" testListId="8c84fa94-04c1-424b-9868-57a2d4851a1d" relativeResultsDirectory="f8845657-f2da-4fe9-983e-9fff624e743e" dataRowInfo="8" resultType="DataDrivenDataRow" />
        <UnitTestResult executionId="599ce972-8b39-4be9-9568-707bbb24b69e" parentExecutionId="5343a4fb-0868-416a-a523-6335e07138c6" testId="e508c554-ee47-5599-228d-b33f23cc16d0" testName="Equals_Passing_Valid_Distinct_Values_Returns_False (Esp añâ)" computerName="PC-SFERRARI" duration="00:00:00.0000189" startTime="2021-05-26T06:51:50.5394578+02:00" endTime="2021-05-26T06:51:50.5409063+02:00" testType="13cdc9d9-ddb5-4fa4-a97d-d965ccfc6d4b" outcome="Passed" testListId="8c84fa94-04c1-424b-9868-57a2d4851a1d" relativeResultsDirectory="599ce972-8b39-4be9-9568-707bbb24b69e" dataRowInfo="9" resultType="DataDrivenDataRow" />
      </InnerResults>
    </UnitTestResult>
    <UnitTestResult executionId="84818a19-4ddf-4bb6-ad43-600459b80e2d" testId="9d4133ce-d100-cb57-5378-7ee78c039307" testName="Create_Passing_InvalidOrNull_Value_Returns_ApplicationException" computerName="PC-SFERRARI" duration="00:00:00.0047604" startTime="2021-05-26T06:51:50.2127267+02:00" endTime="2021-05-26T06:51:50.2184360+02:00" testType="13cdc9d9-ddb5-4fa4-a97d-d965ccfc6d4b" outcome="Passed" testListId="8c84fa94-04c1-424b-9868-57a2d4851a1d" relativeResultsDirectory="84818a19-4ddf-4bb6-ad43-600459b80e2d" resultType="DataDrivenTest">
      <InnerResults>
        <UnitTestResult executionId="0b434aba-11b2-4412-a318-ec814a8771d5" parentExecutionId="84818a19-4ddf-4bb6-ad43-600459b80e2d" testId="9d4133ce-d100-cb57-5378-7ee78c039307" testName="Create_Passing_InvalidOrNull_Value_Returns_ApplicationException (Tenerife,23,34567,San Bartoleme De Tirajana,Las Palmas,)" computerName="PC-SFERRARI" duration="00:00:00.0010788" startTime="2021-05-26T06:51:50.2127267+02:00" endTime="2021-05-26T06:51:50.2184360+02:00" testType="13cdc9d9-ddb5-4fa4-a97d-d965ccfc6d4b" outcome="Passed" testListId="8c84fa94-04c1-424b-9868-57a2d4851a1d" relativeResultsDirectory="0b434aba-11b2-4412-a318-ec814a8771d5" dataRowInfo="1" resultType="DataDrivenDataRow" />
        <UnitTestResult executionId="6795f5d2-8f1d-422b-a398-c87f56a850a9" parentExecutionId="84818a19-4ddf-4bb6-ad43-600459b80e2d" testId="9d4133ce-d100-cb57-5378-7ee78c039307" testName="Create_Passing_InvalidOrNull_Value_Returns_ApplicationException (,789,DF7956,Sabadell,Barcelona,España)" computerName="PC-SFERRARI" duration="00:00:00.0000900" startTime="2021-05-26T06:51:50.2127267+02:00" endTime="2021-05-26T06:51:50.2184360+02:00" testType="13cdc9d9-ddb5-4fa4-a97d-d965ccfc6d4b" outcome="Passed" testListId="8c84fa94-04c1-424b-9868-57a2d4851a1d" relativeResultsDirectory="6795f5d2-8f1d-422b-a398-c87f56a850a9" dataRowInfo="2" resultType="DataDrivenDataRow" />
        <UnitTestResult executionId="1fca6cf0-7a18-48d6-a561-7c2504040acb" parentExecutionId="84818a19-4ddf-4bb6-ad43-600459b80e2d" testId="9d4133ce-d100-cb57-5378-7ee78c039307" testName="Create_Passing_InvalidOrNull_Value_Returns_ApplicationException (Tenerife,-10,DF7956,Sabadell,Barcelona,España)" computerName="PC-SFERRARI" duration="00:00:00.0000449" startTime="2021-05-26T06:51:50.2127267+02:00" endTime="2021-05-26T06:51:50.2184360+02:00" testType="13cdc9d9-ddb5-4fa4-a97d-d965ccfc6d4b" outcome="Passed" testListId="8c84fa94-04c1-424b-9868-57a2d4851a1d" relativeResultsDirectory="1fca6cf0-7a18-48d6-a561-7c2504040acb" dataRowInfo="3" resultType="DataDrivenDataRow" />
      </InnerResults>
    </UnitTestResult>
    <UnitTestResult executionId="d6fd82f6-0603-4b11-b38d-1bd0251e178d" testId="cb3aa70a-148e-24f8-4a0e-08e7b60b3af3" testName="Create_Passing_Valid_Values_Returns_Address" computerName="PC-SFERRARI" duration="00:00:00.0029958" startTime="2021-05-26T06:51:50.4931385+02:00" endTime="2021-05-26T06:51:50.4963527+02:00" testType="13cdc9d9-ddb5-4fa4-a97d-d965ccfc6d4b" outcome="Passed" testListId="8c84fa94-04c1-424b-9868-57a2d4851a1d" relativeResultsDirectory="d6fd82f6-0603-4b11-b38d-1bd0251e178d" resultType="DataDrivenTest">
      <InnerResults>
        <UnitTestResult executionId="fae6e35d-b159-4051-919f-96110945a4ad" parentExecutionId="d6fd82f6-0603-4b11-b38d-1bd0251e178d" testId="cb3aa70a-148e-24f8-4a0e-08e7b60b3af3" testName="Create_Passing_Valid_Values_Returns_Address (100,EUR,2)" computerName="PC-SFERRARI" duration="00:00:00.0009382" startTime="2021-05-26T06:51:50.4931385+02:00" endTime="2021-05-26T06:51:50.4963527+02:00" testType="13cdc9d9-ddb5-4fa4-a97d-d965ccfc6d4b" outcome="Passed" testListId="8c84fa94-04c1-424b-9868-57a2d4851a1d" relativeResultsDirectory="fae6e35d-b159-4051-919f-96110945a4ad" dataRowInfo="1" resultType="DataDrivenDataRow" />
        <UnitTestResult executionId="fa562dfb-a432-4e2e-b16c-a68a7facf85f" parentExecutionId="d6fd82f6-0603-4b11-b38d-1bd0251e178d" testId="cb3aa70a-148e-24f8-4a0e-08e7b60b3af3" testName="Create_Passing_Valid_Values_Returns_Address (200,EUR,4)" computerName="PC-SFERRARI" duration="00:00:00.0014457" startTime="2021-05-26T06:51:50.4931385+02:00" endTime="2021-05-26T06:51:50.4963527+02:00" testType="13cdc9d9-ddb5-4fa4-a97d-d965ccfc6d4b" outcome="Passed" testListId="8c84fa94-04c1-424b-9868-57a2d4851a1d" relativeResultsDirectory="fa562dfb-a432-4e2e-b16c-a68a7facf85f" dataRowInfo="2" resultType="DataDrivenDataRow" />
        <UnitTestResult executionId="6018a965-e019-4b4c-8419-cf890864057a" parentExecutionId="d6fd82f6-0603-4b11-b38d-1bd0251e178d" testId="cb3aa70a-148e-24f8-4a0e-08e7b60b3af3" testName="Create_Passing_Valid_Values_Returns_Address (400,USD,8)" computerName="PC-SFERRARI" duration="00:00:00.0004353" startTime="2021-05-26T06:51:50.4931385+02:00" endTime="2021-05-26T06:51:50.4963527+02:00" testType="13cdc9d9-ddb5-4fa4-a97d-d965ccfc6d4b" outcome="Passed" testListId="8c84fa94-04c1-424b-9868-57a2d4851a1d" relativeResultsDirectory="6018a965-e019-4b4c-8419-cf890864057a" dataRowInfo="3" resultType="DataDrivenDataRow" />
      </InnerResults>
    </UnitTestResult>
    <UnitTestResult executionId="fd16c4a3-217f-4287-8f9b-3830e657acbb" testId="cff35c85-26ba-6235-75c6-1c2564d348c6" testName="IsNull_Passing_Valid_Values_Returns_False" computerName="PC-SFERRARI" duration="00:00:00.0002063" startTime="2021-05-26T06:51:50.6865282+02:00" endTime="2021-05-26T06:51:50.6868306+02:00" testType="13cdc9d9-ddb5-4fa4-a97d-d965ccfc6d4b" outcome="Passed" testListId="8c84fa94-04c1-424b-9868-57a2d4851a1d" relativeResultsDirectory="fd16c4a3-217f-4287-8f9b-3830e657acbb" resultType="DataDrivenTest">
      <InnerResults>
        <UnitTestResult executionId="36f201f8-23bb-4024-9772-82ed073ca415" parentExecutionId="fd16c4a3-217f-4287-8f9b-3830e657acbb" testId="cff35c85-26ba-6235-75c6-1c2564d348c6" testName="IsNull_Passing_Valid_Values_Returns_False (456,43543543543)" computerName="PC-SFERRARI" duration="00:00:00.0001213" startTime="2021-05-26T06:51:50.6865282+02:00" endTime="2021-05-26T06:51:50.6868306+02:00" testType="13cdc9d9-ddb5-4fa4-a97d-d965ccfc6d4b" outcome="Passed" testListId="8c84fa94-04c1-424b-9868-57a2d4851a1d" relativeResultsDirectory="36f201f8-23bb-4024-9772-82ed073ca415" dataRowInfo="1" resultType="DataDrivenDataRow" />
        <UnitTestResult executionId="4c3f3b9d-9bb6-4f6a-8501-df57c2bf7b0a" parentExecutionId="fd16c4a3-217f-4287-8f9b-3830e657acbb" testId="cff35c85-26ba-6235-75c6-1c2564d348c6" testName="IsNull_Passing_Valid_Values_Returns_False (D45,86554654)" computerName="PC-SFERRARI" duration="00:00:00.0000197" startTime="2021-05-26T06:51:50.6865282+02:00" endTime="2021-05-26T06:51:50.6868306+02:00" testType="13cdc9d9-ddb5-4fa4-a97d-d965ccfc6d4b" outcome="Passed" testListId="8c84fa94-04c1-424b-9868-57a2d4851a1d" relativeResultsDirectory="4c3f3b9d-9bb6-4f6a-8501-df57c2bf7b0a" dataRowInfo="2" resultType="DataDrivenDataRow" />
      </InnerResults>
    </UnitTestResult>
    <UnitTestResult executionId="6257ffe6-735c-404b-9c0a-586d4e74fa21" testId="9b344652-cdde-ed73-1807-0f497ee20572" testName="Equals_Passing_Valid_Values_Returns_True" computerName="PC-SFERRARI" duration="00:00:00.0002949" startTime="2021-05-26T06:51:50.4009410+02:00" endTime="2021-05-26T06:51:50.4013629+02:00" testType="13cdc9d9-ddb5-4fa4-a97d-d965ccfc6d4b" outcome="Passed" testListId="8c84fa94-04c1-424b-9868-57a2d4851a1d" relativeResultsDirectory="6257ffe6-735c-404b-9c0a-586d4e74fa21" resultType="DataDrivenTest">
      <InnerResults>
        <UnitTestResult executionId="651b5f91-7126-4a23-be1d-1058d96e5e99" parentExecutionId="6257ffe6-735c-404b-9c0a-586d4e74fa21" testId="9b344652-cdde-ed73-1807-0f497ee20572" testName="Equals_Passing_Valid_Values_Returns_True (dasdasd@dsasd.ff)" computerName="PC-SFERRARI" duration="00:00:00.0001866" startTime="2021-05-26T06:51:50.4009410+02:00" endTime="2021-05-26T06:51:50.4013629+02:00" testType="13cdc9d9-ddb5-4fa4-a97d-d965ccfc6d4b" outcome="Passed" testListId="8c84fa94-04c1-424b-9868-57a2d4851a1d" relativeResultsDirectory="651b5f91-7126-4a23-be1d-1058d96e5e99" dataRowInfo="1" resultType="DataDrivenDataRow" />
        <UnitTestResult executionId="5a5ca7f3-f2a6-4430-a3c4-8b854b65c24b" parentExecutionId="6257ffe6-735c-404b-9c0a-586d4e74fa21" testId="9b344652-cdde-ed73-1807-0f497ee20572" testName="Equals_Passing_Valid_Values_Returns_True (34fsds@sdd.fgg)" computerName="PC-SFERRARI" duration="00:00:00.0000457" startTime="2021-05-26T06:51:50.4009410+02:00" endTime="2021-05-26T06:51:50.4013629+02:00" testType="13cdc9d9-ddb5-4fa4-a97d-d965ccfc6d4b" outcome="Passed" testListId="8c84fa94-04c1-424b-9868-57a2d4851a1d" relativeResultsDirectory="5a5ca7f3-f2a6-4430-a3c4-8b854b65c24b" dataRowInfo="2" resultType="DataDrivenDataRow" />
      </InnerResults>
    </UnitTestResult>
    <UnitTestResult executionId="d90a5034-dec6-4f13-81b3-9041bdf96df4" testId="07188371-eb7e-e491-e017-bf959c68f6d1" testName="Equals_Passing_Valid_Distinct_Values_Returns_False" computerName="PC-SFERRARI" duration="00:00:00.0015914" startTime="2021-05-26T06:51:50.6133173+02:00" endTime="2021-05-26T06:51:50.6150076+02:00" testType="13cdc9d9-ddb5-4fa4-a97d-d965ccfc6d4b" outcome="Passed" testListId="8c84fa94-04c1-424b-9868-57a2d4851a1d" relativeResultsDirectory="d90a5034-dec6-4f13-81b3-9041bdf96df4" resultType="DataDrivenTest">
      <InnerResults>
        <UnitTestResult executionId="30abe98e-bc64-4d65-9b74-1c17b03a4850" parentExecutionId="d90a5034-dec6-4f13-81b3-9041bdf96df4" testId="07188371-eb7e-e491-e017-bf959c68f6d1" testName="Equals_Passing_Valid_Distinct_Values_Returns_False (San Bartoleme De Tirajana)" computerName="PC-SFERRARI" duration="00:00:00.0014628" startTime="2021-05-26T06:51:50.6133173+02:00" endTime="2021-05-26T06:51:50.6150076+02:00" testType="13cdc9d9-ddb5-4fa4-a97d-d965ccfc6d4b" outcome="Passed" testListId="8c84fa94-04c1-424b-9868-57a2d4851a1d" relativeResultsDirectory="30abe98e-bc64-4d65-9b74-1c17b03a4850" dataRowInfo="1" resultType="DataDrivenDataRow" />
        <UnitTestResult executionId="f616575a-2803-4518-ad12-391be1bd3f80" parentExecutionId="d90a5034-dec6-4f13-81b3-9041bdf96df4" testId="07188371-eb7e-e491-e017-bf959c68f6d1" testName="Equals_Passing_Valid_Distinct_Values_Returns_False (Sabadell)" computerName="PC-SFERRARI" duration="00:00:00.0000215" startTime="2021-05-26T06:51:50.6133173+02:00" endTime="2021-05-26T06:51:50.6150076+02:00" testType="13cdc9d9-ddb5-4fa4-a97d-d965ccfc6d4b" outcome="Passed" testListId="8c84fa94-04c1-424b-9868-57a2d4851a1d" relativeResultsDirectory="f616575a-2803-4518-ad12-391be1bd3f80" dataRowInfo="2" resultType="DataDrivenDataRow" />
      </InnerResults>
    </UnitTestResult>
    <UnitTestResult executionId="d8fb5a65-5306-41df-b063-fc7954023cf3" testId="b4fa98e0-ad74-6dc8-23c1-bd54dd325a57" testName="Equals_Passing_Valid_Values_Returns_True" computerName="PC-SFERRARI" duration="00:00:00.0002967" startTime="2021-05-26T06:51:50.4474486+02:00" endTime="2021-05-26T06:51:50.4478528+02:00" testType="13cdc9d9-ddb5-4fa4-a97d-d965ccfc6d4b" outcome="Passed" testListId="8c84fa94-04c1-424b-9868-57a2d4851a1d" relativeResultsDirectory="d8fb5a65-5306-41df-b063-fc7954023cf3" resultType="DataDrivenTest">
      <InnerResults>
        <UnitTestResult executionId="e70cd634-2587-4797-861b-1dc0da71fa31" parentExecutionId="d8fb5a65-5306-41df-b063-fc7954023cf3" testId="b4fa98e0-ad74-6dc8-23c1-bd54dd325a57" testName="Equals_Passing_Valid_Values_Returns_True (San Bartoleme De Tirajana,Las Palmas,España)" computerName="PC-SFERRARI" duration="00:00:00.0001844" startTime="2021-05-26T06:51:50.4474486+02:00" endTime="2021-05-26T06:51:50.4478528+02:00" testType="13cdc9d9-ddb5-4fa4-a97d-d965ccfc6d4b" outcome="Passed" testListId="8c84fa94-04c1-424b-9868-57a2d4851a1d" relativeResultsDirectory="e70cd634-2587-4797-861b-1dc0da71fa31" dataRowInfo="1" resultType="DataDrivenDataRow" />
        <UnitTestResult executionId="a9a4518f-f55c-404d-919c-5a1bef22482f" parentExecutionId="d8fb5a65-5306-41df-b063-fc7954023cf3" testId="b4fa98e0-ad74-6dc8-23c1-bd54dd325a57" testName="Equals_Passing_Valid_Values_Returns_True (Sabadell,Barcelona,España)" computerName="PC-SFERRARI" duration="00:00:00.0000500" startTime="2021-05-26T06:51:50.4474486+02:00" endTime="2021-05-26T06:51:50.4478528+02:00" testType="13cdc9d9-ddb5-4fa4-a97d-d965ccfc6d4b" outcome="Passed" testListId="8c84fa94-04c1-424b-9868-57a2d4851a1d" relativeResultsDirectory="a9a4518f-f55c-404d-919c-5a1bef22482f" dataRowInfo="2" resultType="DataDrivenDataRow" />
      </InnerResults>
    </UnitTestResult>
    <UnitTestResult executionId="9bb92a69-7884-4c29-8d9b-06e8412d25f6" testId="0d76b1f8-41be-79d6-55e9-d959e165e570" testName="ToEnum_Passing_Valid_IntName_Enumeracion_Returns_Enumeracion" computerName="PC-SFERRARI" duration="00:00:00.0001302" startTime="2021-05-26T06:51:50.4786380+02:00" endTime="2021-05-26T06:51:50.4788596+02:00" testType="13cdc9d9-ddb5-4fa4-a97d-d965ccfc6d4b" outcome="Passed" testListId="8c84fa94-04c1-424b-9868-57a2d4851a1d" relativeResultsDirectory="9bb92a69-7884-4c29-8d9b-06e8412d25f6" />
    <UnitTestResult executionId="184df92f-b519-486f-8096-153b5db29d7a" testId="d1ef6d46-1fa5-198f-a0cf-6cba38319a2e" testName="IsNull_Passing_Null_Value_Returns_True" computerName="PC-SFERRARI" duration="00:00:00.0004206" startTime="2021-05-26T06:51:50.4061712+02:00" endTime="2021-05-26T06:51:50.4067833+02:00" testType="13cdc9d9-ddb5-4fa4-a97d-d965ccfc6d4b" outcome="Passed" testListId="8c84fa94-04c1-424b-9868-57a2d4851a1d" relativeResultsDirectory="184df92f-b519-486f-8096-153b5db29d7a" />
    <UnitTestResult executionId="7d6d962c-61b8-4b6c-bc2f-3c1df5614371" testId="77e3ceec-23c8-f048-63a2-95c394ee2a67" testName="OperatorNotEqual_Passing_Valid_Values_Returns_False" computerName="PC-SFERRARI" duration="00:00:00.0003599" startTime="2021-05-26T06:51:50.4124623+02:00" endTime="2021-05-26T06:51:50.4129808+02:00" testType="13cdc9d9-ddb5-4fa4-a97d-d965ccfc6d4b" outcome="Passed" testListId="8c84fa94-04c1-424b-9868-57a2d4851a1d" relativeResultsDirectory="7d6d962c-61b8-4b6c-bc2f-3c1df5614371" resultType="DataDrivenTest">
      <InnerResults>
        <UnitTestResult executionId="9dd4c8b1-5307-4074-a34d-4c0f3b162edd" parentExecutionId="7d6d962c-61b8-4b6c-bc2f-3c1df5614371" testId="77e3ceec-23c8-f048-63a2-95c394ee2a67" testName="OperatorNotEqual_Passing_Valid_Values_Returns_False (dasdasd@dsasd.ff)" computerName="PC-SFERRARI" duration="00:00:00.0002451" startTime="2021-05-26T06:51:50.4124623+02:00" endTime="2021-05-26T06:51:50.4129808+02:00" testType="13cdc9d9-ddb5-4fa4-a97d-d965ccfc6d4b" outcome="Passed" testListId="8c84fa94-04c1-424b-9868-57a2d4851a1d" relativeResultsDirectory="9dd4c8b1-5307-4074-a34d-4c0f3b162edd" dataRowInfo="1" resultType="DataDrivenDataRow" />
        <UnitTestResult executionId="120e2f14-85e7-4079-b596-c327c4db0ec0" parentExecutionId="7d6d962c-61b8-4b6c-bc2f-3c1df5614371" testId="77e3ceec-23c8-f048-63a2-95c394ee2a67" testName="OperatorNotEqual_Passing_Valid_Values_Returns_False (34fsds@sdd.fgg)" computerName="PC-SFERRARI" duration="00:00:00.0000421" startTime="2021-05-26T06:51:50.4124623+02:00" endTime="2021-05-26T06:51:50.4129808+02:00" testType="13cdc9d9-ddb5-4fa4-a97d-d965ccfc6d4b" outcome="Passed" testListId="8c84fa94-04c1-424b-9868-57a2d4851a1d" relativeResultsDirectory="120e2f14-85e7-4079-b596-c327c4db0ec0" dataRowInfo="2" resultType="DataDrivenDataRow" />
      </InnerResults>
    </UnitTestResult>
    <UnitTestResult executionId="f565d390-a12f-485a-9f1b-493a2fb814d9" testId="81019d0f-1a28-bd30-e939-1d942eb12cd9" testName="IsNull_Passing_Null_Value_Returns_True" computerName="PC-SFERRARI" duration="00:00:00.0004447" startTime="2021-05-26T06:51:50.6858949+02:00" endTime="2021-05-26T06:51:50.6865038+02:00" testType="13cdc9d9-ddb5-4fa4-a97d-d965ccfc6d4b" outcome="Passed" testListId="8c84fa94-04c1-424b-9868-57a2d4851a1d" relativeResultsDirectory="f565d390-a12f-485a-9f1b-493a2fb814d9" />
    <UnitTestResult executionId="2d4df84c-7f14-446b-844b-b04bf1c4a9c4" testId="3e808d2f-8050-987c-6881-19992ba1e6c6" testName="OperatorEqual_Passing_Valid_Values_Returns_True" computerName="PC-SFERRARI" duration="00:00:00.0061983" startTime="2021-05-26T06:51:50.3587391+02:00" endTime="2021-05-26T06:51:50.3650850+02:00" testType="13cdc9d9-ddb5-4fa4-a97d-d965ccfc6d4b" outcome="Passed" testListId="8c84fa94-04c1-424b-9868-57a2d4851a1d" relativeResultsDirectory="2d4df84c-7f14-446b-844b-b04bf1c4a9c4" resultType="DataDrivenTest">
      <InnerResults>
        <UnitTestResult executionId="8eb1cfac-ac0e-47de-bf15-a98223e3a32c" parentExecutionId="2d4df84c-7f14-446b-844b-b04bf1c4a9c4" testId="3e808d2f-8050-987c-6881-19992ba1e6c6" testName="OperatorEqual_Passing_Valid_Values_Returns_True (EUR)" computerName="PC-SFERRARI" duration="00:00:00.0036775" startTime="2021-05-26T06:51:50.3587391+02:00" endTime="2021-05-26T06:51:50.3650850+02:00" testType="13cdc9d9-ddb5-4fa4-a97d-d965ccfc6d4b" outcome="Passed" testListId="8c84fa94-04c1-424b-9868-57a2d4851a1d" relativeResultsDirectory="8eb1cfac-ac0e-47de-bf15-a98223e3a32c" dataRowInfo="1" resultType="DataDrivenDataRow" />
        <UnitTestResult executionId="c8f8bde3-23d8-4fda-aec7-d904c6597f78" parentExecutionId="2d4df84c-7f14-446b-844b-b04bf1c4a9c4" testId="3e808d2f-8050-987c-6881-19992ba1e6c6" testName="OperatorEqual_Passing_Valid_Values_Returns_True (USD)" computerName="PC-SFERRARI" duration="00:00:00.0023937" startTime="2021-05-26T06:51:50.3587391+02:00" endTime="2021-05-26T06:51:50.3650850+02:00" testType="13cdc9d9-ddb5-4fa4-a97d-d965ccfc6d4b" outcome="Passed" testListId="8c84fa94-04c1-424b-9868-57a2d4851a1d" relativeResultsDirectory="c8f8bde3-23d8-4fda-aec7-d904c6597f78" dataRowInfo="2" resultType="DataDrivenDataRow" />
      </InnerResults>
    </UnitTestResult>
    <UnitTestResult executionId="cc02aec6-1465-43a1-9ed9-748c69685a27" testId="398af0c0-2099-6a75-20f6-c6ae3a70956a" testName="OperatorNotEqual_Passing_Valid_Values_Returns_True" computerName="PC-SFERRARI" duration="00:00:00.0009548" startTime="2021-05-26T06:51:50.3715620+02:00" endTime="2021-05-26T06:51:50.3726600+02:00" testType="13cdc9d9-ddb5-4fa4-a97d-d965ccfc6d4b" outcome="Passed" testListId="8c84fa94-04c1-424b-9868-57a2d4851a1d" relativeResultsDirectory="cc02aec6-1465-43a1-9ed9-748c69685a27" resultType="DataDrivenTest">
      <InnerResults>
        <UnitTestResult executionId="d8626c93-c5e4-4645-80cb-300821b1dd1b" parentExecutionId="cc02aec6-1465-43a1-9ed9-748c69685a27" testId="398af0c0-2099-6a75-20f6-c6ae3a70956a" testName="OperatorNotEqual_Passing_Valid_Values_Returns_True (EUR)" computerName="PC-SFERRARI" duration="00:00:00.0008890" startTime="2021-05-26T06:51:50.3715620+02:00" endTime="2021-05-26T06:51:50.3726600+02:00" testType="13cdc9d9-ddb5-4fa4-a97d-d965ccfc6d4b" outcome="Passed" testListId="8c84fa94-04c1-424b-9868-57a2d4851a1d" relativeResultsDirectory="d8626c93-c5e4-4645-80cb-300821b1dd1b" dataRowInfo="1" resultType="DataDrivenDataRow" />
      </InnerResults>
    </UnitTestResult>
    <UnitTestResult executionId="682e80ed-fed1-425e-bd2e-27be7ac20e76" testId="571ad406-4c46-6d0b-a0ab-0bbddda456a0" testName="Change_Passing_Valid_Values_Returns_FullName" computerName="PC-SFERRARI" duration="00:00:00.0044245" startTime="2021-05-26T06:51:50.4355797+02:00" endTime="2021-05-26T06:51:50.4404358+02:00" testType="13cdc9d9-ddb5-4fa4-a97d-d965ccfc6d4b" outcome="Passed" testListId="8c84fa94-04c1-424b-9868-57a2d4851a1d" relativeResultsDirectory="682e80ed-fed1-425e-bd2e-27be7ac20e76" />
    <UnitTestResult executionId="772a6f42-2455-4afb-8526-57b505175c33" testId="906ffa0c-cef6-6ab9-9266-275ee0bdf90a" testName="OperatorNotEqual_Passing_Valid_Values_Returns_True" computerName="PC-SFERRARI" duration="00:00:00.0003047" startTime="2021-05-26T06:51:50.2947390+02:00" endTime="2021-05-26T06:51:50.2951356+02:00" testType="13cdc9d9-ddb5-4fa4-a97d-d965ccfc6d4b" outcome="Passed" testListId="8c84fa94-04c1-424b-9868-57a2d4851a1d" relativeResultsDirectory="772a6f42-2455-4afb-8526-57b505175c33" resultType="DataDrivenTest">
      <InnerResults>
        <UnitTestResult executionId="43f98140-3333-4134-9ea4-d2d117194561" parentExecutionId="772a6f42-2455-4afb-8526-57b505175c33" testId="906ffa0c-cef6-6ab9-9266-275ee0bdf90a" testName="OperatorNotEqual_Passing_Valid_Values_Returns_True (Tenerife,23,34567,San Bartoleme De Tirajana,Las Palmas,España)" computerName="PC-SFERRARI" duration="00:00:00.0002134" startTime="2021-05-26T06:51:50.2947390+02:00" endTime="2021-05-26T06:51:50.2951356+02:00" testType="13cdc9d9-ddb5-4fa4-a97d-d965ccfc6d4b" outcome="Passed" testListId="8c84fa94-04c1-424b-9868-57a2d4851a1d" relativeResultsDirectory="43f98140-3333-4134-9ea4-d2d117194561" dataRowInfo="1" resultType="DataDrivenDataRow" />
        <UnitTestResult executionId="749a0de7-dd81-40c5-97c5-ffed6d3672a7" parentExecutionId="772a6f42-2455-4afb-8526-57b505175c33" testId="906ffa0c-cef6-6ab9-9266-275ee0bdf90a" testName="OperatorNotEqual_Passing_Valid_Values_Returns_True (Pader,789,DF7956,Sabadell,Barcelona,España)" computerName="PC-SFERRARI" duration="00:00:00.0000197" startTime="2021-05-26T06:51:50.2947390+02:00" endTime="2021-05-26T06:51:50.2951356+02:00" testType="13cdc9d9-ddb5-4fa4-a97d-d965ccfc6d4b" outcome="Passed" testListId="8c84fa94-04c1-424b-9868-57a2d4851a1d" relativeResultsDirectory="749a0de7-dd81-40c5-97c5-ffed6d3672a7" dataRowInfo="2" resultType="DataDrivenDataRow" />
      </InnerResults>
    </UnitTestResult>
    <UnitTestResult executionId="ad9f90df-d9e1-4322-aecf-534dfade6350" testId="2bd0308d-019c-fb25-a258-ca5e7ad09231" testName="OperatorEqual_Passing_Valid_Distinct_Values_Returns_False" computerName="PC-SFERRARI" duration="00:00:00.0004307" startTime="2021-05-26T06:51:50.4539712+02:00" endTime="2021-05-26T06:51:50.4545740+02:00" testType="13cdc9d9-ddb5-4fa4-a97d-d965ccfc6d4b" outcome="Passed" testListId="8c84fa94-04c1-424b-9868-57a2d4851a1d" relativeResultsDirectory="ad9f90df-d9e1-4322-aecf-534dfade6350" resultType="DataDrivenTest">
      <InnerResults>
        <UnitTestResult executionId="51fb2826-c2d0-4e04-80b5-b661fe56560d" parentExecutionId="ad9f90df-d9e1-4322-aecf-534dfade6350" testId="2bd0308d-019c-fb25-a258-ca5e7ad09231" testName="OperatorEqual_Passing_Valid_Distinct_Values_Returns_False (San Bartoleme De Tirajana,Las Palmas,España)" computerName="PC-SFERRARI" duration="00:00:00.0002875" startTime="2021-05-26T06:51:50.4539712+02:00" endTime="2021-05-26T06:51:50.4545740+02:00" testType="13cdc9d9-ddb5-4fa4-a97d-d965ccfc6d4b" outcome="Passed" testListId="8c84fa94-04c1-424b-9868-57a2d4851a1d" relativeResultsDirectory="51fb2826-c2d0-4e04-80b5-b661fe56560d" dataRowInfo="1" resultType="DataDrivenDataRow" />
        <UnitTestResult executionId="3d3c3dd5-1eef-47d8-850e-806001bf6e13" parentExecutionId="ad9f90df-d9e1-4322-aecf-534dfade6350" testId="2bd0308d-019c-fb25-a258-ca5e7ad09231" testName="OperatorEqual_Passing_Valid_Distinct_Values_Returns_False (Sabadell,Barcelona,España)" computerName="PC-SFERRARI" duration="00:00:00.0000500" startTime="2021-05-26T06:51:50.4539712+02:00" endTime="2021-05-26T06:51:50.4545740+02:00" testType="13cdc9d9-ddb5-4fa4-a97d-d965ccfc6d4b" outcome="Passed" testListId="8c84fa94-04c1-424b-9868-57a2d4851a1d" relativeResultsDirectory="3d3c3dd5-1eef-47d8-850e-806001bf6e13" dataRowInfo="2" resultType="DataDrivenDataRow" />
      </InnerResults>
    </UnitTestResult>
    <UnitTestResult executionId="85e7892f-e4ed-4a8d-ac38-e34b4b5f6c8c" testId="7c9f6c94-8d7d-5c31-2b93-fff4124ed3c5" testName="OperatorNotEqual_Passing_Valid_Values_Returns_True" computerName="PC-SFERRARI" duration="00:00:00.0003899" startTime="2021-05-26T06:51:50.4597210+02:00" endTime="2021-05-26T06:51:50.4602720+02:00" testType="13cdc9d9-ddb5-4fa4-a97d-d965ccfc6d4b" outcome="Passed" testListId="8c84fa94-04c1-424b-9868-57a2d4851a1d" relativeResultsDirectory="85e7892f-e4ed-4a8d-ac38-e34b4b5f6c8c" resultType="DataDrivenTest">
      <InnerResults>
        <UnitTestResult executionId="86a4d50e-2d48-465b-a387-cd93a3998133" parentExecutionId="85e7892f-e4ed-4a8d-ac38-e34b4b5f6c8c" testId="7c9f6c94-8d7d-5c31-2b93-fff4124ed3c5" testName="OperatorNotEqual_Passing_Valid_Values_Returns_True (San Bartoleme De Tirajana,Las Palmas,España)" computerName="PC-SFERRARI" duration="00:00:00.0002595" startTime="2021-05-26T06:51:50.4597210+02:00" endTime="2021-05-26T06:51:50.4602720+02:00" testType="13cdc9d9-ddb5-4fa4-a97d-d965ccfc6d4b" outcome="Passed" testListId="8c84fa94-04c1-424b-9868-57a2d4851a1d" relativeResultsDirectory="86a4d50e-2d48-465b-a387-cd93a3998133" dataRowInfo="1" resultType="DataDrivenDataRow" />
        <UnitTestResult executionId="46a7b6d9-267d-468f-a813-52c64aa16224" parentExecutionId="85e7892f-e4ed-4a8d-ac38-e34b4b5f6c8c" testId="7c9f6c94-8d7d-5c31-2b93-fff4124ed3c5" testName="OperatorNotEqual_Passing_Valid_Values_Returns_True (Sabadell,Barcelona,España)" computerName="PC-SFERRARI" duration="00:00:00.0000501" startTime="2021-05-26T06:51:50.4597210+02:00" endTime="2021-05-26T06:51:50.4602720+02:00" testType="13cdc9d9-ddb5-4fa4-a97d-d965ccfc6d4b" outcome="Passed" testListId="8c84fa94-04c1-424b-9868-57a2d4851a1d" relativeResultsDirectory="46a7b6d9-267d-468f-a813-52c64aa16224" dataRowInfo="2" resultType="DataDrivenDataRow" />
      </InnerResults>
    </UnitTestResult>
    <UnitTestResult executionId="2444735e-7ac5-4d35-9d5a-07c56696e747" testId="0331e231-5e2b-199a-2247-9bc7f2606067" testName="ToEnum_Passing_Valid_String_ShortName_Enumeracion_Returns_Enumeracion" computerName="PC-SFERRARI" duration="00:00:00.0001231" startTime="2021-05-26T06:51:50.3197677+02:00" endTime="2021-05-26T06:51:50.3199787+02:00" testType="13cdc9d9-ddb5-4fa4-a97d-d965ccfc6d4b" outcome="Passed" testListId="8c84fa94-04c1-424b-9868-57a2d4851a1d" relativeResultsDirectory="2444735e-7ac5-4d35-9d5a-07c56696e747" />
    <UnitTestResult executionId="cc02fd58-ea82-45f0-96d2-37079f36c531" testId="193201d0-a425-c313-33b9-f8d20ace7f79" testName="ToEnum_Passing_Null_Bool_Value_Returns_Inactive_Status" computerName="PC-SFERRARI" duration="00:00:00.0001567" startTime="2021-05-26T06:51:50.6056996+02:00" endTime="2021-05-26T06:51:50.6059576+02:00" testType="13cdc9d9-ddb5-4fa4-a97d-d965ccfc6d4b" outcome="Passed" testListId="8c84fa94-04c1-424b-9868-57a2d4851a1d" relativeResultsDirectory="cc02fd58-ea82-45f0-96d2-37079f36c531" />
    <UnitTestResult executionId="980e7f52-2d37-4713-b362-7249fb5a69b7" testId="4e5c29c7-ea4b-cd65-4b72-7ebf50d57942" testName="ToEnum_Passing_Invalid_Int_Value_Returns_Null" computerName="PC-SFERRARI" duration="00:00:00.0003864" startTime="2021-05-26T06:51:50.6047398+02:00" endTime="2021-05-26T06:51:50.6052766+02:00" testType="13cdc9d9-ddb5-4fa4-a97d-d965ccfc6d4b" outcome="Passed" testListId="8c84fa94-04c1-424b-9868-57a2d4851a1d" relativeResultsDirectory="980e7f52-2d37-4713-b362-7249fb5a69b7" />
    <UnitTestResult executionId="7c6f70cd-8318-4171-a345-2e6385b53f98" testId="b5816c40-b187-058a-299e-906a7a313317" testName="OperatorNotEqual_Passing_Valid_Values_Returns_True" computerName="PC-SFERRARI" duration="00:00:00.0025102" startTime="2021-05-26T06:51:50.5225833+02:00" endTime="2021-05-26T06:51:50.5252629+02:00" testType="13cdc9d9-ddb5-4fa4-a97d-d965ccfc6d4b" outcome="Passed" testListId="8c84fa94-04c1-424b-9868-57a2d4851a1d" relativeResultsDirectory="7c6f70cd-8318-4171-a345-2e6385b53f98" resultType="DataDrivenTest">
      <InnerResults>
        <UnitTestResult executionId="4ccf3c4e-6241-42f8-a911-fb402175a326" parentExecutionId="7c6f70cd-8318-4171-a345-2e6385b53f98" testId="b5816c40-b187-058a-299e-906a7a313317" testName="OperatorNotEqual_Passing_Valid_Values_Returns_True (100,EUR,2)" computerName="PC-SFERRARI" duration="00:00:00.0010477" startTime="2021-05-26T06:51:50.5225833+02:00" endTime="2021-05-26T06:51:50.5252629+02:00" testType="13cdc9d9-ddb5-4fa4-a97d-d965ccfc6d4b" outcome="Passed" testListId="8c84fa94-04c1-424b-9868-57a2d4851a1d" relativeResultsDirectory="4ccf3c4e-6241-42f8-a911-fb402175a326" dataRowInfo="1" resultType="DataDrivenDataRow" />
        <UnitTestResult executionId="efc2df51-5b20-4450-b868-18cf74d7de45" parentExecutionId="7c6f70cd-8318-4171-a345-2e6385b53f98" testId="b5816c40-b187-058a-299e-906a7a313317" testName="OperatorNotEqual_Passing_Valid_Values_Returns_True (200,EUR,4)" computerName="PC-SFERRARI" duration="00:00:00.0006665" startTime="2021-05-26T06:51:50.5225833+02:00" endTime="2021-05-26T06:51:50.5252629+02:00" testType="13cdc9d9-ddb5-4fa4-a97d-d965ccfc6d4b" outcome="Passed" testListId="8c84fa94-04c1-424b-9868-57a2d4851a1d" relativeResultsDirectory="efc2df51-5b20-4450-b868-18cf74d7de45" dataRowInfo="2" resultType="DataDrivenDataRow" />
        <UnitTestResult executionId="bb777ca4-5d34-47a7-8087-8afc30208373" parentExecutionId="7c6f70cd-8318-4171-a345-2e6385b53f98" testId="b5816c40-b187-058a-299e-906a7a313317" testName="OperatorNotEqual_Passing_Valid_Values_Returns_True (400,EUR,8)" computerName="PC-SFERRARI" duration="00:00:00.0006505" startTime="2021-05-26T06:51:50.5225833+02:00" endTime="2021-05-26T06:51:50.5252629+02:00" testType="13cdc9d9-ddb5-4fa4-a97d-d965ccfc6d4b" outcome="Passed" testListId="8c84fa94-04c1-424b-9868-57a2d4851a1d" relativeResultsDirectory="bb777ca4-5d34-47a7-8087-8afc30208373" dataRowInfo="3" resultType="DataDrivenDataRow" />
      </InnerResults>
    </UnitTestResult>
    <UnitTestResult executionId="c15179bf-5b87-4bb0-a2be-b7d1952bcabe" testId="fc18fde3-4319-cd9b-8e17-5d2514db3cb2" testName="OperatorEqual_Passing_Valid_Distinct_Values_Returns_False" computerName="PC-SFERRARI" duration="00:00:00.0010269" startTime="2021-05-26T06:51:50.3575174+02:00" endTime="2021-05-26T06:51:50.3586983+02:00" testType="13cdc9d9-ddb5-4fa4-a97d-d965ccfc6d4b" outcome="Passed" testListId="8c84fa94-04c1-424b-9868-57a2d4851a1d" relativeResultsDirectory="c15179bf-5b87-4bb0-a2be-b7d1952bcabe" resultType="DataDrivenTest">
      <InnerResults>
        <UnitTestResult executionId="2dc60f5d-8f26-4a2f-9bc4-3844625eb7b1" parentExecutionId="c15179bf-5b87-4bb0-a2be-b7d1952bcabe" testId="fc18fde3-4319-cd9b-8e17-5d2514db3cb2" testName="OperatorEqual_Passing_Valid_Distinct_Values_Returns_False (EUR)" computerName="PC-SFERRARI" duration="00:00:00.0009623" startTime="2021-05-26T06:51:50.3575174+02:00" endTime="2021-05-26T06:51:50.3586983+02:00" testType="13cdc9d9-ddb5-4fa4-a97d-d965ccfc6d4b" outcome="Passed" testListId="8c84fa94-04c1-424b-9868-57a2d4851a1d" relativeResultsDirectory="2dc60f5d-8f26-4a2f-9bc4-3844625eb7b1" dataRowInfo="1" resultType="DataDrivenDataRow" />
      </InnerResults>
    </UnitTestResult>
    <UnitTestResult executionId="f0dfccc6-3a46-4dc3-9840-0854e1111210" testId="e85f4f46-0516-dc12-c91d-ac710b48a15b" testName="Equals_Passing_Valid_Values_Returns_True" computerName="PC-SFERRARI" duration="00:00:00.0005697" startTime="2021-05-26T06:51:50.5477035+02:00" endTime="2021-05-26T06:51:50.5484814+02:00" testType="13cdc9d9-ddb5-4fa4-a97d-d965ccfc6d4b" outcome="Passed" testListId="8c84fa94-04c1-424b-9868-57a2d4851a1d" relativeResultsDirectory="f0dfccc6-3a46-4dc3-9840-0854e1111210" resultType="DataDrivenTest">
      <InnerResults>
        <UnitTestResult executionId="dbe8fb76-c025-460c-bd7e-56a2dd285469" parentExecutionId="f0dfccc6-3a46-4dc3-9840-0854e1111210" testId="e85f4f46-0516-dc12-c91d-ac710b48a15b" testName="Equals_Passing_Valid_Values_Returns_True (España)" computerName="PC-SFERRARI" duration="00:00:00.0002355" startTime="2021-05-26T06:51:50.5477035+02:00" endTime="2021-05-26T06:51:50.5484814+02:00" testType="13cdc9d9-ddb5-4fa4-a97d-d965ccfc6d4b" outcome="Passed" testListId="8c84fa94-04c1-424b-9868-57a2d4851a1d" relativeResultsDirectory="dbe8fb76-c025-460c-bd7e-56a2dd285469" dataRowInfo="1" resultType="DataDrivenDataRow" />
        <UnitTestResult executionId="48541b5e-a24a-45c8-a5b6-1f1d069afa11" parentExecutionId="f0dfccc6-3a46-4dc3-9840-0854e1111210" testId="e85f4f46-0516-dc12-c91d-ac710b48a15b" testName="Equals_Passing_Valid_Values_Returns_True (Españá)" computerName="PC-SFERRARI" duration="00:00:00.0000220" startTime="2021-05-26T06:51:50.5477035+02:00" endTime="2021-05-26T06:51:50.5484814+02:00" testType="13cdc9d9-ddb5-4fa4-a97d-d965ccfc6d4b" outcome="Passed" testListId="8c84fa94-04c1-424b-9868-57a2d4851a1d" relativeResultsDirectory="48541b5e-a24a-45c8-a5b6-1f1d069afa11" dataRowInfo="2" resultType="DataDrivenDataRow" />
        <UnitTestResult executionId="d688d261-cd8d-4f2c-bb9c-60e3b822e0a4" parentExecutionId="f0dfccc6-3a46-4dc3-9840-0854e1111210" testId="e85f4f46-0516-dc12-c91d-ac710b48a15b" testName="Equals_Passing_Valid_Values_Returns_True (Españà)" computerName="PC-SFERRARI" duration="00:00:00.0000191" startTime="2021-05-26T06:51:50.5477035+02:00" endTime="2021-05-26T06:51:50.5484814+02:00" testType="13cdc9d9-ddb5-4fa4-a97d-d965ccfc6d4b" outcome="Passed" testListId="8c84fa94-04c1-424b-9868-57a2d4851a1d" relativeResultsDirectory="d688d261-cd8d-4f2c-bb9c-60e3b822e0a4" dataRowInfo="3" resultType="DataDrivenDataRow" />
        <UnitTestResult executionId="51530360-91f6-436d-acba-91beefda61fe" parentExecutionId="f0dfccc6-3a46-4dc3-9840-0854e1111210" testId="e85f4f46-0516-dc12-c91d-ac710b48a15b" testName="Equals_Passing_Valid_Values_Returns_True (Españä)" computerName="PC-SFERRARI" duration="00:00:00.0000200" startTime="2021-05-26T06:51:50.5477035+02:00" endTime="2021-05-26T06:51:50.5484814+02:00" testType="13cdc9d9-ddb5-4fa4-a97d-d965ccfc6d4b" outcome="Passed" testListId="8c84fa94-04c1-424b-9868-57a2d4851a1d" relativeResultsDirectory="51530360-91f6-436d-acba-91beefda61fe" dataRowInfo="4" resultType="DataDrivenDataRow" />
        <UnitTestResult executionId="bd506aa3-4dc2-42ec-88aa-4175a38579be" parentExecutionId="f0dfccc6-3a46-4dc3-9840-0854e1111210" testId="e85f4f46-0516-dc12-c91d-ac710b48a15b" testName="Equals_Passing_Valid_Values_Returns_True (Españâ)" computerName="PC-SFERRARI" duration="00:00:00.0000184" startTime="2021-05-26T06:51:50.5477035+02:00" endTime="2021-05-26T06:51:50.5484814+02:00" testType="13cdc9d9-ddb5-4fa4-a97d-d965ccfc6d4b" outcome="Passed" testListId="8c84fa94-04c1-424b-9868-57a2d4851a1d" relativeResultsDirectory="bd506aa3-4dc2-42ec-88aa-4175a38579be" dataRowInfo="5" resultType="DataDrivenDataRow" />
        <UnitTestResult executionId="a974729a-bbe1-4428-bf15-25dc105653a1" parentExecutionId="f0dfccc6-3a46-4dc3-9840-0854e1111210" testId="e85f4f46-0516-dc12-c91d-ac710b48a15b" testName="Equals_Passing_Valid_Values_Returns_True (Españã)" computerName="PC-SFERRARI" duration="00:00:00.0000183" startTime="2021-05-26T06:51:50.5477035+02:00" endTime="2021-05-26T06:51:50.5484814+02:00" testType="13cdc9d9-ddb5-4fa4-a97d-d965ccfc6d4b" outcome="Passed" testListId="8c84fa94-04c1-424b-9868-57a2d4851a1d" relativeResultsDirectory="a974729a-bbe1-4428-bf15-25dc105653a1" dataRowInfo="6" resultType="DataDrivenDataRow" />
        <UnitTestResult executionId="670df0b0-fec0-4c5e-8fd4-e0a1a8e6aaa0" parentExecutionId="f0dfccc6-3a46-4dc3-9840-0854e1111210" testId="e85f4f46-0516-dc12-c91d-ac710b48a15b" testName="Equals_Passing_Valid_Values_Returns_True (Españç)" computerName="PC-SFERRARI" duration="00:00:00.0000180" startTime="2021-05-26T06:51:50.5477035+02:00" endTime="2021-05-26T06:51:50.5484814+02:00" testType="13cdc9d9-ddb5-4fa4-a97d-d965ccfc6d4b" outcome="Passed" testListId="8c84fa94-04c1-424b-9868-57a2d4851a1d" relativeResultsDirectory="670df0b0-fec0-4c5e-8fd4-e0a1a8e6aaa0" dataRowInfo="7" resultType="DataDrivenDataRow" />
        <UnitTestResult executionId="761d72cc-9fa8-4e43-9bbe-f92d9d25280c" parentExecutionId="f0dfccc6-3a46-4dc3-9840-0854e1111210" testId="e85f4f46-0516-dc12-c91d-ac710b48a15b" testName="Equals_Passing_Valid_Values_Returns_True (Españħ)" computerName="PC-SFERRARI" duration="00:00:00.0000191" startTime="2021-05-26T06:51:50.5477035+02:00" endTime="2021-05-26T06:51:50.5484814+02:00" testType="13cdc9d9-ddb5-4fa4-a97d-d965ccfc6d4b" outcome="Passed" testListId="8c84fa94-04c1-424b-9868-57a2d4851a1d" relativeResultsDirectory="761d72cc-9fa8-4e43-9bbe-f92d9d25280c" dataRowInfo="8" resultType="DataDrivenDataRow" />
        <UnitTestResult executionId="0f2133cf-bf3e-40ff-bcdb-6dc476bd12b4" parentExecutionId="f0dfccc6-3a46-4dc3-9840-0854e1111210" testId="e85f4f46-0516-dc12-c91d-ac710b48a15b" testName="Equals_Passing_Valid_Values_Returns_True (Esp añâ)" computerName="PC-SFERRARI" duration="00:00:00.0000185" startTime="2021-05-26T06:51:50.5477035+02:00" endTime="2021-05-26T06:51:50.5484814+02:00" testType="13cdc9d9-ddb5-4fa4-a97d-d965ccfc6d4b" outcome="Passed" testListId="8c84fa94-04c1-424b-9868-57a2d4851a1d" relativeResultsDirectory="0f2133cf-bf3e-40ff-bcdb-6dc476bd12b4" dataRowInfo="9" resultType="DataDrivenDataRow" />
      </InnerResults>
    </UnitTestResult>
    <UnitTestResult executionId="5ec1fb4a-6ec0-4a68-8bf8-248d3734a747" testId="0c9201c8-8275-74ca-9c91-2d0c4645730b" testName="ToString_Passing_Valid_Values_Returns_StringId" computerName="PC-SFERRARI" duration="00:00:00.0002751" startTime="2021-05-26T06:51:50.6313318+02:00" endTime="2021-05-26T06:51:50.6317779+02:00" testType="13cdc9d9-ddb5-4fa4-a97d-d965ccfc6d4b" outcome="Passed" testListId="8c84fa94-04c1-424b-9868-57a2d4851a1d" relativeResultsDirectory="5ec1fb4a-6ec0-4a68-8bf8-248d3734a747" resultType="DataDrivenTest">
      <InnerResults>
        <UnitTestResult executionId="af06ae0b-8f3f-4973-aa5e-82bebc81ab03" parentExecutionId="5ec1fb4a-6ec0-4a68-8bf8-248d3734a747" testId="0c9201c8-8275-74ca-9c91-2d0c4645730b" testName="ToString_Passing_Valid_Values_Returns_StringId (San Bartoleme De Tirajana)" computerName="PC-SFERRARI" duration="00:00:00.0001969" startTime="2021-05-26T06:51:50.6313318+02:00" endTime="2021-05-26T06:51:50.6317779+02:00" testType="13cdc9d9-ddb5-4fa4-a97d-d965ccfc6d4b" outcome="Passed" testListId="8c84fa94-04c1-424b-9868-57a2d4851a1d" relativeResultsDirectory="af06ae0b-8f3f-4973-aa5e-82bebc81ab03" dataRowInfo="1" resultType="DataDrivenDataRow" />
        <UnitTestResult executionId="e188579b-8c66-4bbb-a766-5793d8bdf331" parentExecutionId="5ec1fb4a-6ec0-4a68-8bf8-248d3734a747" testId="0c9201c8-8275-74ca-9c91-2d0c4645730b" testName="ToString_Passing_Valid_Values_Returns_StringId (Sabadell)" computerName="PC-SFERRARI" duration="00:00:00.0000071" startTime="2021-05-26T06:51:50.6313318+02:00" endTime="2021-05-26T06:51:50.6317779+02:00" testType="13cdc9d9-ddb5-4fa4-a97d-d965ccfc6d4b" outcome="Passed" testListId="8c84fa94-04c1-424b-9868-57a2d4851a1d" relativeResultsDirectory="e188579b-8c66-4bbb-a766-5793d8bdf331" dataRowInfo="2" resultType="DataDrivenDataRow" />
      </InnerResults>
    </UnitTestResult>
    <UnitTestResult executionId="b2f61596-bdb2-47d7-9a3d-0fd4b27cc22e" testId="f01f0ea6-f37a-0be9-85c7-e4c1c96ff482" testName="IsNull_Passing_Valid_Value_Returns_False" computerName="PC-SFERRARI" duration="00:00:00.0002456" startTime="2021-05-26T06:51:50.6464703+02:00" endTime="2021-05-26T06:51:50.6468210+02:00" testType="13cdc9d9-ddb5-4fa4-a97d-d965ccfc6d4b" outcome="Passed" testListId="8c84fa94-04c1-424b-9868-57a2d4851a1d" relativeResultsDirectory="b2f61596-bdb2-47d7-9a3d-0fd4b27cc22e" resultType="DataDrivenTest">
      <InnerResults>
        <UnitTestResult executionId="9a942bec-55c2-4605-9c37-bd0de26981fd" parentExecutionId="b2f61596-bdb2-47d7-9a3d-0fd4b27cc22e" testId="f01f0ea6-f37a-0be9-85c7-e4c1c96ff482" testName="IsNull_Passing_Valid_Value_Returns_False (app.hackerone1.com)" computerName="PC-SFERRARI" duration="00:00:00.0001275" startTime="2021-05-26T06:51:50.6464703+02:00" endTime="2021-05-26T06:51:50.6468210+02:00" testType="13cdc9d9-ddb5-4fa4-a97d-d965ccfc6d4b" outcome="Passed" testListId="8c84fa94-04c1-424b-9868-57a2d4851a1d" relativeResultsDirectory="9a942bec-55c2-4605-9c37-bd0de26981fd" dataRowInfo="1" resultType="DataDrivenDataRow" />
        <UnitTestResult executionId="af7c5209-9af9-42b6-81ae-5d1551e75d17" parentExecutionId="b2f61596-bdb2-47d7-9a3d-0fd4b27cc22e" testId="f01f0ea6-f37a-0be9-85c7-e4c1c96ff482" testName="IsNull_Passing_Valid_Value_Returns_False (www.hackerone-com)" computerName="PC-SFERRARI" duration="00:00:00.0000136" startTime="2021-05-26T06:51:50.6464703+02:00" endTime="2021-05-26T06:51:50.6468210+02:00" testType="13cdc9d9-ddb5-4fa4-a97d-d965ccfc6d4b" outcome="Passed" testListId="8c84fa94-04c1-424b-9868-57a2d4851a1d" relativeResultsDirectory="af7c5209-9af9-42b6-81ae-5d1551e75d17" dataRowInfo="2" resultType="DataDrivenDataRow" />
        <UnitTestResult executionId="ac279720-7fef-4476-b9f0-b294cb2e631d" parentExecutionId="b2f61596-bdb2-47d7-9a3d-0fd4b27cc22e" testId="f01f0ea6-f37a-0be9-85c7-e4c1c96ff482" testName="IsNull_Passing_Valid_Value_Returns_False (stage_hackerone.com)" computerName="PC-SFERRARI" duration="00:00:00.0000117" startTime="2021-05-26T06:51:50.6464703+02:00" endTime="2021-05-26T06:51:50.6468210+02:00" testType="13cdc9d9-ddb5-4fa4-a97d-d965ccfc6d4b" outcome="Passed" testListId="8c84fa94-04c1-424b-9868-57a2d4851a1d" relativeResultsDirectory="ac279720-7fef-4476-b9f0-b294cb2e631d" dataRowInfo="3" resultType="DataDrivenDataRow" />
      </InnerResults>
    </UnitTestResult>
    <UnitTestResult executionId="dde36519-1a57-4150-bf5a-b00062e2ba30" testId="8db31538-892c-3a78-d200-7b8d337bd902" testName="ToString_Passing_Valid_Values_Returns_Currency_String_Symbol" computerName="PC-SFERRARI" duration="00:00:00.0019226" startTime="2021-05-26T06:51:50.3727029+02:00" endTime="2021-05-26T06:51:50.3747742+02:00" testType="13cdc9d9-ddb5-4fa4-a97d-d965ccfc6d4b" outcome="Passed" testListId="8c84fa94-04c1-424b-9868-57a2d4851a1d" relativeResultsDirectory="dde36519-1a57-4150-bf5a-b00062e2ba30" resultType="DataDrivenTest">
      <InnerResults>
        <UnitTestResult executionId="abb497e1-ae75-4ddf-ac04-8bc9fc9f29a9" parentExecutionId="dde36519-1a57-4150-bf5a-b00062e2ba30" testId="8db31538-892c-3a78-d200-7b8d337bd902" testName="ToString_Passing_Valid_Values_Returns_Currency_String_Symbol (EUR)" computerName="PC-SFERRARI" duration="00:00:00.0010795" startTime="2021-05-26T06:51:50.3727029+02:00" endTime="2021-05-26T06:51:50.3747742+02:00" testType="13cdc9d9-ddb5-4fa4-a97d-d965ccfc6d4b" outcome="Passed" testListId="8c84fa94-04c1-424b-9868-57a2d4851a1d" relativeResultsDirectory="abb497e1-ae75-4ddf-ac04-8bc9fc9f29a9" dataRowInfo="1" resultType="DataDrivenDataRow" />
        <UnitTestResult executionId="2fa15446-240b-44df-9fc4-04c0bfdc92cc" parentExecutionId="dde36519-1a57-4150-bf5a-b00062e2ba30" testId="8db31538-892c-3a78-d200-7b8d337bd902" testName="ToString_Passing_Valid_Values_Returns_Currency_String_Symbol (USD)" computerName="PC-SFERRARI" duration="00:00:00.0007202" startTime="2021-05-26T06:51:50.3727029+02:00" endTime="2021-05-26T06:51:50.3747742+02:00" testType="13cdc9d9-ddb5-4fa4-a97d-d965ccfc6d4b" outcome="Passed" testListId="8c84fa94-04c1-424b-9868-57a2d4851a1d" relativeResultsDirectory="2fa15446-240b-44df-9fc4-04c0bfdc92cc" dataRowInfo="2" resultType="DataDrivenDataRow" />
      </InnerResults>
    </UnitTestResult>
    <UnitTestResult executionId="2eed6241-4606-4b0d-833c-e2593dfec4d4" testId="360a473d-7e1c-2d14-72c9-22f9349ca174" testName="Equals_Passing_Valid_Values_Returns_True" computerName="PC-SFERRARI" duration="00:00:00.0037101" startTime="2021-05-26T06:51:50.3536032+02:00" endTime="2021-05-26T06:51:50.3574650+02:00" testType="13cdc9d9-ddb5-4fa4-a97d-d965ccfc6d4b" outcome="Passed" testListId="8c84fa94-04c1-424b-9868-57a2d4851a1d" relativeResultsDirectory="2eed6241-4606-4b0d-833c-e2593dfec4d4" resultType="DataDrivenTest">
      <InnerResults>
        <UnitTestResult executionId="2bc3bf6e-c5f7-4960-b7e6-b86e498e3dae" parentExecutionId="2eed6241-4606-4b0d-833c-e2593dfec4d4" testId="360a473d-7e1c-2d14-72c9-22f9349ca174" testName="Equals_Passing_Valid_Values_Returns_True (EUR)" computerName="PC-SFERRARI" duration="00:00:00.0009430" startTime="2021-05-26T06:51:50.3536032+02:00" endTime="2021-05-26T06:51:50.3574650+02:00" testType="13cdc9d9-ddb5-4fa4-a97d-d965ccfc6d4b" outcome="Passed" testListId="8c84fa94-04c1-424b-9868-57a2d4851a1d" relativeResultsDirectory="2bc3bf6e-c5f7-4960-b7e6-b86e498e3dae" dataRowInfo="1" resultType="DataDrivenDataRow" />
        <UnitTestResult executionId="d9886300-a721-4b57-80b7-f3a769369376" parentExecutionId="2eed6241-4606-4b0d-833c-e2593dfec4d4" testId="360a473d-7e1c-2d14-72c9-22f9349ca174" testName="Equals_Passing_Valid_Values_Returns_True (USD)" computerName="PC-SFERRARI" duration="00:00:00.0026417" startTime="2021-05-26T06:51:50.3536032+02:00" endTime="2021-05-26T06:51:50.3574650+02:00" testType="13cdc9d9-ddb5-4fa4-a97d-d965ccfc6d4b" outcome="Passed" testListId="8c84fa94-04c1-424b-9868-57a2d4851a1d" relativeResultsDirectory="d9886300-a721-4b57-80b7-f3a769369376" dataRowInfo="2" resultType="DataDrivenDataRow" />
      </InnerResults>
    </UnitTestResult>
    <UnitTestResult executionId="582017e7-57d7-4cb6-a334-80e6bb4c6740" testId="5a24c00d-3f9c-ad2d-3249-b671bca7abbb" testName="Equals_Passing_Valid_Distinct_Values_Returns_False" computerName="PC-SFERRARI" duration="00:00:00.0009127" startTime="2021-05-26T06:51:50.6397230+02:00" endTime="2021-05-26T06:51:50.6407333+02:00" testType="13cdc9d9-ddb5-4fa4-a97d-d965ccfc6d4b" outcome="Passed" testListId="8c84fa94-04c1-424b-9868-57a2d4851a1d" relativeResultsDirectory="582017e7-57d7-4cb6-a334-80e6bb4c6740" resultType="DataDrivenTest">
      <InnerResults>
        <UnitTestResult executionId="3cac4aab-ca7c-4d36-a67e-119dfbe219db" parentExecutionId="582017e7-57d7-4cb6-a334-80e6bb4c6740" testId="5a24c00d-3f9c-ad2d-3249-b671bca7abbb" testName="Equals_Passing_Valid_Distinct_Values_Returns_False (app.hackerone1.com)" computerName="PC-SFERRARI" duration="00:00:00.0007710" startTime="2021-05-26T06:51:50.6397230+02:00" endTime="2021-05-26T06:51:50.6407333+02:00" testType="13cdc9d9-ddb5-4fa4-a97d-d965ccfc6d4b" outcome="Passed" testListId="8c84fa94-04c1-424b-9868-57a2d4851a1d" relativeResultsDirectory="3cac4aab-ca7c-4d36-a67e-119dfbe219db" dataRowInfo="1" resultType="DataDrivenDataRow" />
        <UnitTestResult executionId="abbfd130-9737-4808-a44f-521ba3178fd5" parentExecutionId="582017e7-57d7-4cb6-a334-80e6bb4c6740" testId="5a24c00d-3f9c-ad2d-3249-b671bca7abbb" testName="Equals_Passing_Valid_Distinct_Values_Returns_False (www.hackerone-com)" computerName="PC-SFERRARI" duration="00:00:00.0000360" startTime="2021-05-26T06:51:50.6397230+02:00" endTime="2021-05-26T06:51:50.6407333+02:00" testType="13cdc9d9-ddb5-4fa4-a97d-d965ccfc6d4b" outcome="Passed" testListId="8c84fa94-04c1-424b-9868-57a2d4851a1d" relativeResultsDirectory="abbfd130-9737-4808-a44f-521ba3178fd5" dataRowInfo="2" resultType="DataDrivenDataRow" />
        <UnitTestResult executionId="737092ac-2ee7-45fe-b006-749abf1054bc" parentExecutionId="582017e7-57d7-4cb6-a334-80e6bb4c6740" testId="5a24c00d-3f9c-ad2d-3249-b671bca7abbb" testName="Equals_Passing_Valid_Distinct_Values_Returns_False (stage_hackerone.com)" computerName="PC-SFERRARI" duration="00:00:00.0000225" startTime="2021-05-26T06:51:50.6397230+02:00" endTime="2021-05-26T06:51:50.6407333+02:00" testType="13cdc9d9-ddb5-4fa4-a97d-d965ccfc6d4b" outcome="Passed" testListId="8c84fa94-04c1-424b-9868-57a2d4851a1d" relativeResultsDirectory="737092ac-2ee7-45fe-b006-749abf1054bc" dataRowInfo="3" resultType="DataDrivenDataRow" />
      </InnerResults>
    </UnitTestResult>
    <UnitTestResult executionId="f981618e-300a-4860-9538-494e8eafdb49" testId="669b24c5-9674-2256-f1f0-ef2ca145c4b1" testName="IsGold_Passing_Nothing_Returns_True" computerName="PC-SFERRARI" duration="00:00:00.0001913" startTime="2021-05-26T06:51:50.6680816+02:00" endTime="2021-05-26T06:51:50.6683735+02:00" testType="13cdc9d9-ddb5-4fa4-a97d-d965ccfc6d4b" outcome="Passed" testListId="8c84fa94-04c1-424b-9868-57a2d4851a1d" relativeResultsDirectory="f981618e-300a-4860-9538-494e8eafdb49" />
    <UnitTestResult executionId="0d2e2481-e7a6-405c-94f2-08c7bcbc0cd1" testId="62f7691c-736e-bac3-74c9-a2d9d7ac94ae" testName="ToEnum_Passing_Invalid_String_Name_Enumeracion_Returns_Null" computerName="PC-SFERRARI" duration="00:00:00.0001798" startTime="2021-05-26T06:51:50.4783367+02:00" endTime="2021-05-26T06:51:50.4786136+02:00" testType="13cdc9d9-ddb5-4fa4-a97d-d965ccfc6d4b" outcome="Passed" testListId="8c84fa94-04c1-424b-9868-57a2d4851a1d" relativeResultsDirectory="0d2e2481-e7a6-405c-94f2-08c7bcbc0cd1" />
    <UnitTestResult executionId="9f5e728f-e624-4282-89c4-1f1fc8d167f5" testId="b80b0b1c-a03f-7462-5741-ff0449349de1" testName="GetAll_Passing_Nothing_Returns_Enumeracion_List" computerName="PC-SFERRARI" duration="00:00:00.0010916" startTime="2021-05-26T06:51:50.5942717+02:00" endTime="2021-05-26T06:51:50.5957811+02:00" testType="13cdc9d9-ddb5-4fa4-a97d-d965ccfc6d4b" outcome="Passed" testListId="8c84fa94-04c1-424b-9868-57a2d4851a1d" relativeResultsDirectory="9f5e728f-e624-4282-89c4-1f1fc8d167f5" />
    <UnitTestResult executionId="a7becc85-1d52-40bb-a97f-59a8183c810c" testId="c1c7a090-62ae-a90f-5c47-62eab692b098" testName="Equals_Passing_Valid_Values_Returns_True" computerName="PC-SFERRARI" duration="00:00:00.0002242" startTime="2021-05-26T06:51:50.6809783+02:00" endTime="2021-05-26T06:51:50.6813254+02:00" testType="13cdc9d9-ddb5-4fa4-a97d-d965ccfc6d4b" outcome="Passed" testListId="8c84fa94-04c1-424b-9868-57a2d4851a1d" relativeResultsDirectory="a7becc85-1d52-40bb-a97f-59a8183c810c" resultType="DataDrivenTest">
      <InnerResults>
        <UnitTestResult executionId="9d9f5ea9-2e47-4026-84f9-f5ac1f0af257" parentExecutionId="a7becc85-1d52-40bb-a97f-59a8183c810c" testId="c1c7a090-62ae-a90f-5c47-62eab692b098" testName="Equals_Passing_Valid_Values_Returns_True (456,43543543543)" computerName="PC-SFERRARI" duration="00:00:00.0001350" startTime="2021-05-26T06:51:50.6809783+02:00" endTime="2021-05-26T06:51:50.6813254+02:00" testType="13cdc9d9-ddb5-4fa4-a97d-d965ccfc6d4b" outcome="Passed" testListId="8c84fa94-04c1-424b-9868-57a2d4851a1d" relativeResultsDirectory="9d9f5ea9-2e47-4026-84f9-f5ac1f0af257" dataRowInfo="1" resultType="DataDrivenDataRow" />
        <UnitTestResult executionId="81aca5eb-4365-4a13-8c3f-0a46b72f03ba" parentExecutionId="a7becc85-1d52-40bb-a97f-59a8183c810c" testId="c1c7a090-62ae-a90f-5c47-62eab692b098" testName="Equals_Passing_Valid_Values_Returns_True (D45,86554654)" computerName="PC-SFERRARI" duration="00:00:00.0000163" startTime="2021-05-26T06:51:50.6809783+02:00" endTime="2021-05-26T06:51:50.6813254+02:00" testType="13cdc9d9-ddb5-4fa4-a97d-d965ccfc6d4b" outcome="Passed" testListId="8c84fa94-04c1-424b-9868-57a2d4851a1d" relativeResultsDirectory="81aca5eb-4365-4a13-8c3f-0a46b72f03ba" dataRowInfo="2" resultType="DataDrivenDataRow" />
      </InnerResults>
    </UnitTestResult>
    <UnitTestResult executionId="04677b90-dc4f-48b2-836b-a8b5b95536ee" testId="e5e892cf-2006-a955-6ca0-1ec5d852214c" testName="ToEnum_Passing_Valid_IntName_Enumeracion_Returns_Enumeracion" computerName="PC-SFERRARI" duration="00:00:00.0002193" startTime="2021-05-26T06:51:50.3190730+02:00" endTime="2021-05-26T06:51:50.3194721+02:00" testType="13cdc9d9-ddb5-4fa4-a97d-d965ccfc6d4b" outcome="Passed" testListId="8c84fa94-04c1-424b-9868-57a2d4851a1d" relativeResultsDirectory="04677b90-dc4f-48b2-836b-a8b5b95536ee" />
    <UnitTestResult executionId="68a3cc42-1c0c-4fb5-b469-7779033fdc76" testId="60ea3337-b81d-e310-278f-6cd040199409" testName="ToEnum_Passing_Invalid_String_Name_Enumeracion_Returns_Null" computerName="PC-SFERRARI" duration="00:00:00.0001844" startTime="2021-05-26T06:51:50.4705088+02:00" endTime="2021-05-26T06:51:50.4707925+02:00" testType="13cdc9d9-ddb5-4fa4-a97d-d965ccfc6d4b" outcome="Passed" testListId="8c84fa94-04c1-424b-9868-57a2d4851a1d" relativeResultsDirectory="68a3cc42-1c0c-4fb5-b469-7779033fdc76" />
    <UnitTestResult executionId="734cf4b2-113c-40b1-a70f-59a64872b3e9" testId="486d5231-aeb6-594f-38d5-98ce591994a3" testName="Equals_Passing_Valid_Distinct_Values_Returns_False" computerName="PC-SFERRARI" duration="00:00:00.0009440" startTime="2021-05-26T06:51:50.6798735+02:00" endTime="2021-05-26T06:51:50.6809354+02:00" testType="13cdc9d9-ddb5-4fa4-a97d-d965ccfc6d4b" outcome="Passed" testListId="8c84fa94-04c1-424b-9868-57a2d4851a1d" relativeResultsDirectory="734cf4b2-113c-40b1-a70f-59a64872b3e9" resultType="DataDrivenTest">
      <InnerResults>
        <UnitTestResult executionId="00398c97-f4fb-4335-947c-ec1c215cf4fd" parentExecutionId="734cf4b2-113c-40b1-a70f-59a64872b3e9" testId="486d5231-aeb6-594f-38d5-98ce591994a3" testName="Equals_Passing_Valid_Distinct_Values_Returns_False (456,43543543543)" computerName="PC-SFERRARI" duration="00:00:00.0008287" startTime="2021-05-26T06:51:50.6798735+02:00" endTime="2021-05-26T06:51:50.6809354+02:00" testType="13cdc9d9-ddb5-4fa4-a97d-d965ccfc6d4b" outcome="Passed" testListId="8c84fa94-04c1-424b-9868-57a2d4851a1d" relativeResultsDirectory="00398c97-f4fb-4335-947c-ec1c215cf4fd" dataRowInfo="1" resultType="DataDrivenDataRow" />
        <UnitTestResult executionId="eb677d9b-3beb-4073-8e76-025fd7f83b0c" parentExecutionId="734cf4b2-113c-40b1-a70f-59a64872b3e9" testId="486d5231-aeb6-594f-38d5-98ce591994a3" testName="Equals_Passing_Valid_Distinct_Values_Returns_False (D45,86554654)" computerName="PC-SFERRARI" duration="00:00:00.0000229" startTime="2021-05-26T06:51:50.6798735+02:00" endTime="2021-05-26T06:51:50.6809354+02:00" testType="13cdc9d9-ddb5-4fa4-a97d-d965ccfc6d4b" outcome="Passed" testListId="8c84fa94-04c1-424b-9868-57a2d4851a1d" relativeResultsDirectory="eb677d9b-3beb-4073-8e76-025fd7f83b0c" dataRowInfo="2" resultType="DataDrivenDataRow" />
      </InnerResults>
    </UnitTestResult>
    <UnitTestResult executionId="ae5503f3-ff79-4e5a-beaa-9d177d976995" testId="b7d442c5-0acd-3404-07a7-6a3e90ab8bdd" testName="Create_Passing_InvalidOrNull_Value_Returns_ApplicationException" computerName="PC-SFERRARI" duration="00:00:00.0006450" startTime="2021-05-26T06:51:50.4404837+02:00" endTime="2021-05-26T06:51:50.4413040+02:00" testType="13cdc9d9-ddb5-4fa4-a97d-d965ccfc6d4b" outcome="Passed" testListId="8c84fa94-04c1-424b-9868-57a2d4851a1d" relativeResultsDirectory="ae5503f3-ff79-4e5a-beaa-9d177d976995" resultType="DataDrivenTest">
      <InnerResults>
        <UnitTestResult executionId="cf312273-4e03-426f-b0ac-40be7e57a549" parentExecutionId="ae5503f3-ff79-4e5a-beaa-9d177d976995" testId="b7d442c5-0acd-3404-07a7-6a3e90ab8bdd" testName="Create_Passing_InvalidOrNull_Value_Returns_ApplicationException (San Bartoleme De Tirajana,,Tenerife)" computerName="PC-SFERRARI" duration="00:00:00.0003713" startTime="2021-05-26T06:51:50.4404837+02:00" endTime="2021-05-26T06:51:50.4413040+02:00" testType="13cdc9d9-ddb5-4fa4-a97d-d965ccfc6d4b" outcome="Passed" testListId="8c84fa94-04c1-424b-9868-57a2d4851a1d" relativeResultsDirectory="cf312273-4e03-426f-b0ac-40be7e57a549" dataRowInfo="1" resultType="DataDrivenDataRow" />
        <UnitTestResult executionId="76f56001-3e8e-4ae1-affd-7443330498c9" parentExecutionId="ae5503f3-ff79-4e5a-beaa-9d177d976995" testId="b7d442c5-0acd-3404-07a7-6a3e90ab8bdd" testName="Create_Passing_InvalidOrNull_Value_Returns_ApplicationException (,Barcelona,España)" computerName="PC-SFERRARI" duration="00:00:00.0000539" startTime="2021-05-26T06:51:50.4404837+02:00" endTime="2021-05-26T06:51:50.4413040+02:00" testType="13cdc9d9-ddb5-4fa4-a97d-d965ccfc6d4b" outcome="Passed" testListId="8c84fa94-04c1-424b-9868-57a2d4851a1d" relativeResultsDirectory="76f56001-3e8e-4ae1-affd-7443330498c9" dataRowInfo="2" resultType="DataDrivenDataRow" />
        <UnitTestResult executionId="22efd386-7f86-4089-a259-c816b788ff7d" parentExecutionId="ae5503f3-ff79-4e5a-beaa-9d177d976995" testId="b7d442c5-0acd-3404-07a7-6a3e90ab8bdd" testName="Create_Passing_InvalidOrNull_Value_Returns_ApplicationException (Sabadell,,España)" computerName="PC-SFERRARI" duration="00:00:00.0000579" startTime="2021-05-26T06:51:50.4404837+02:00" endTime="2021-05-26T06:51:50.4413040+02:00" testType="13cdc9d9-ddb5-4fa4-a97d-d965ccfc6d4b" outcome="Passed" testListId="8c84fa94-04c1-424b-9868-57a2d4851a1d" relativeResultsDirectory="22efd386-7f86-4089-a259-c816b788ff7d" dataRowInfo="3" resultType="DataDrivenDataRow" />
        <UnitTestResult executionId="7cff2068-cd40-4318-afb4-bed70285da7d" parentExecutionId="ae5503f3-ff79-4e5a-beaa-9d177d976995" testId="b7d442c5-0acd-3404-07a7-6a3e90ab8bdd" testName="Create_Passing_InvalidOrNull_Value_Returns_ApplicationException (,Sabadell,España)" computerName="PC-SFERRARI" duration="00:00:00.0000443" startTime="2021-05-26T06:51:50.4404837+02:00" endTime="2021-05-26T06:51:50.4413040+02:00" testType="13cdc9d9-ddb5-4fa4-a97d-d965ccfc6d4b" outcome="Passed" testListId="8c84fa94-04c1-424b-9868-57a2d4851a1d" relativeResultsDirectory="7cff2068-cd40-4318-afb4-bed70285da7d" dataRowInfo="4" resultType="DataDrivenDataRow" />
      </InnerResults>
    </UnitTestResult>
    <UnitTestResult executionId="4963b084-c0c3-4d40-a16b-80d046500bcd" testId="58248327-dbb4-f8f8-c890-f039c6d19d4a" testName="OperatorEqual_Passing_Valid_Values_Returns_False" computerName="PC-SFERRARI" duration="00:00:00.0004913" startTime="2021-05-26T06:51:50.2886989+02:00" endTime="2021-05-26T06:51:50.2893019+02:00" testType="13cdc9d9-ddb5-4fa4-a97d-d965ccfc6d4b" outcome="Passed" testListId="8c84fa94-04c1-424b-9868-57a2d4851a1d" relativeResultsDirectory="4963b084-c0c3-4d40-a16b-80d046500bcd" resultType="DataDrivenTest">
      <InnerResults>
        <UnitTestResult executionId="040efcc5-fe08-4de4-add2-8fb4a869bff8" parentExecutionId="4963b084-c0c3-4d40-a16b-80d046500bcd" testId="58248327-dbb4-f8f8-c890-f039c6d19d4a" testName="OperatorEqual_Passing_Valid_Values_Returns_False (Tenerife,23,34567,San Bartoleme De Tirajana,Las Palmas,España)" computerName="PC-SFERRARI" duration="00:00:00.0003884" startTime="2021-05-26T06:51:50.2886989+02:00" endTime="2021-05-26T06:51:50.2893019+02:00" testType="13cdc9d9-ddb5-4fa4-a97d-d965ccfc6d4b" outcome="Passed" testListId="8c84fa94-04c1-424b-9868-57a2d4851a1d" relativeResultsDirectory="040efcc5-fe08-4de4-add2-8fb4a869bff8" dataRowInfo="1" resultType="DataDrivenDataRow" />
        <UnitTestResult executionId="163c2fe3-e607-4564-ba49-d3722cdec8e0" parentExecutionId="4963b084-c0c3-4d40-a16b-80d046500bcd" testId="58248327-dbb4-f8f8-c890-f039c6d19d4a" testName="OperatorEqual_Passing_Valid_Values_Returns_False (Pader,789,DF7956,Sabadell,Barcelona,España)" computerName="PC-SFERRARI" duration="00:00:00.0000254" startTime="2021-05-26T06:51:50.2886989+02:00" endTime="2021-05-26T06:51:50.2893019+02:00" testType="13cdc9d9-ddb5-4fa4-a97d-d965ccfc6d4b" outcome="Passed" testListId="8c84fa94-04c1-424b-9868-57a2d4851a1d" relativeResultsDirectory="163c2fe3-e607-4564-ba49-d3722cdec8e0" dataRowInfo="2" resultType="DataDrivenDataRow" />
      </InnerResults>
    </UnitTestResult>
    <UnitTestResult executionId="bee9c800-c9f1-4cd5-afa9-8c8064a97174" testId="d72572bb-7928-9c07-ef1f-d247b9026627" testName="Create_Passing_InvalidOrNull_Value_Returns_ApplicationException" computerName="PC-SFERRARI" duration="00:00:00.0013477" startTime="2021-05-26T06:51:50.3418704+02:00" endTime="2021-05-26T06:51:50.3433522+02:00" testType="13cdc9d9-ddb5-4fa4-a97d-d965ccfc6d4b" outcome="Passed" testListId="8c84fa94-04c1-424b-9868-57a2d4851a1d" relativeResultsDirectory="bee9c800-c9f1-4cd5-afa9-8c8064a97174" resultType="DataDrivenTest">
      <InnerResults>
        <UnitTestResult executionId="9f82f76c-c40a-4aca-a940-752aee425ae9" parentExecutionId="bee9c800-c9f1-4cd5-afa9-8c8064a97174" testId="d72572bb-7928-9c07-ef1f-d247b9026627" testName="Create_Passing_InvalidOrNull_Value_Returns_ApplicationException ()" computerName="PC-SFERRARI" duration="00:00:00.0012869" startTime="2021-05-26T06:51:50.3418704+02:00" endTime="2021-05-26T06:51:50.3433522+02:00" testType="13cdc9d9-ddb5-4fa4-a97d-d965ccfc6d4b" outcome="Passed" testListId="8c84fa94-04c1-424b-9868-57a2d4851a1d" relativeResultsDirectory="9f82f76c-c40a-4aca-a940-752aee425ae9" dataRowInfo="1" resultType="DataDrivenDataRow" />
      </InnerResults>
    </UnitTestResult>
    <UnitTestResult executionId="dfafcbcc-e035-41f0-a247-ae81481d7fc5" testId="9e19d4e4-f7b7-b402-48f1-b671fdae656e" testName="IsNull_Passing_Null_Value_Returns_True" computerName="PC-SFERRARI" duration="00:00:00.0003537" startTime="2021-05-26T06:51:50.6459054+02:00" endTime="2021-05-26T06:51:50.6464356+02:00" testType="13cdc9d9-ddb5-4fa4-a97d-d965ccfc6d4b" outcome="Passed" testListId="8c84fa94-04c1-424b-9868-57a2d4851a1d" relativeResultsDirectory="dfafcbcc-e035-41f0-a247-ae81481d7fc5" />
    <UnitTestResult executionId="4e21420b-fcb6-4fa2-9b31-494a43bad21a" testId="df9ea71b-e3bc-2255-4837-0259a685da18" testName="Change_Passing_Valid_Values_Returns_Address" computerName="PC-SFERRARI" duration="00:00:00.0117632" startTime="2021-05-26T06:51:50.1361306+02:00" endTime="2021-05-26T06:51:50.2052829+02:00" testType="13cdc9d9-ddb5-4fa4-a97d-d965ccfc6d4b" outcome="Passed" testListId="8c84fa94-04c1-424b-9868-57a2d4851a1d" relativeResultsDirectory="4e21420b-fcb6-4fa2-9b31-494a43bad21a" />
    <UnitTestResult executionId="efc00f95-34e9-4e9a-a7a1-f80d8ed700a5" testId="389a94fb-03f1-a2c7-c8a2-43670b7ac19d" testName="Create_Passing_InvalidOrNull_Value_Returns_ApplicationException" computerName="PC-SFERRARI" duration="00:00:00.0005039" startTime="2021-05-26T06:51:50.5336622+02:00" endTime="2021-05-26T06:51:50.5342767+02:00" testType="13cdc9d9-ddb5-4fa4-a97d-d965ccfc6d4b" outcome="Passed" testListId="8c84fa94-04c1-424b-9868-57a2d4851a1d" relativeResultsDirectory="efc00f95-34e9-4e9a-a7a1-f80d8ed700a5" resultType="DataDrivenTest">
      <InnerResults>
        <UnitTestResult executionId="ce562637-4031-4bbd-85ba-e55c20e40328" parentExecutionId="efc00f95-34e9-4e9a-a7a1-f80d8ed700a5" testId="389a94fb-03f1-a2c7-c8a2-43670b7ac19d" testName="Create_Passing_InvalidOrNull_Value_Returns_ApplicationException ()" computerName="PC-SFERRARI" duration="00:00:00.0003505" startTime="2021-05-26T06:51:50.5336622+02:00" endTime="2021-05-26T06:51:50.5342767+02:00" testType="13cdc9d9-ddb5-4fa4-a97d-d965ccfc6d4b" outcome="Passed" testListId="8c84fa94-04c1-424b-9868-57a2d4851a1d" relativeResultsDirectory="ce562637-4031-4bbd-85ba-e55c20e40328" dataRowInfo="1" resultType="DataDrivenDataRow" />
        <UnitTestResult executionId="c03acc5c-ceaf-4a54-b806-91dc27578b94" parentExecutionId="efc00f95-34e9-4e9a-a7a1-f80d8ed700a5" testId="389a94fb-03f1-a2c7-c8a2-43670b7ac19d" testName="Create_Passing_InvalidOrNull_Value_Returns_ApplicationException ()" computerName="PC-SFERRARI" duration="00:00:00.0000631" startTime="2021-05-26T06:51:50.5336622+02:00" endTime="2021-05-26T06:51:50.5342767+02:00" testType="13cdc9d9-ddb5-4fa4-a97d-d965ccfc6d4b" outcome="Passed" testListId="8c84fa94-04c1-424b-9868-57a2d4851a1d" relativeResultsDirectory="c03acc5c-ceaf-4a54-b806-91dc27578b94" dataRowInfo="2" resultType="DataDrivenDataRow" />
      </InnerResults>
    </UnitTestResult>
    <UnitTestResult executionId="a34246bc-0698-423c-bcc2-691dd5a8d8a0" testId="cefd6720-8ae8-64f7-ef2a-994381832e74" testName="ToEnum_Passing_Valid_String_ShortName_Enumeracion_Returns_Enumeracion" computerName="PC-SFERRARI" duration="00:00:00.0001195" startTime="2021-05-26T06:51:50.4713091+02:00" endTime="2021-05-26T06:51:50.4715198+02:00" testType="13cdc9d9-ddb5-4fa4-a97d-d965ccfc6d4b" outcome="Passed" testListId="8c84fa94-04c1-424b-9868-57a2d4851a1d" relativeResultsDirectory="a34246bc-0698-423c-bcc2-691dd5a8d8a0" />
    <UnitTestResult executionId="c785c653-9f0a-4947-9014-e04472a6c726" testId="5b9ad273-899e-043f-1d95-78fcc6790837" testName="ToBool_Passing_Valid_Status_Inactive_Returns_False" computerName="PC-SFERRARI" duration="00:00:00.0003942" startTime="2021-05-26T06:51:50.6030193+02:00" endTime="2021-05-26T06:51:50.6035486+02:00" testType="13cdc9d9-ddb5-4fa4-a97d-d965ccfc6d4b" outcome="Passed" testListId="8c84fa94-04c1-424b-9868-57a2d4851a1d" relativeResultsDirectory="c785c653-9f0a-4947-9014-e04472a6c726" />
    <UnitTestResult executionId="d5c3f14d-4428-4700-828f-924ee369c1f5" testId="2cf24b7c-c50c-e047-853f-65e4172e9fe4" testName="OperatorNotEqual_Passing_Valid_Values_Returns_False" computerName="PC-SFERRARI" duration="00:00:00.0001756" startTime="2021-05-26T06:51:50.6267852+02:00" endTime="2021-05-26T06:51:50.6270506+02:00" testType="13cdc9d9-ddb5-4fa4-a97d-d965ccfc6d4b" outcome="Passed" testListId="8c84fa94-04c1-424b-9868-57a2d4851a1d" relativeResultsDirectory="d5c3f14d-4428-4700-828f-924ee369c1f5" resultType="DataDrivenTest">
      <InnerResults>
        <UnitTestResult executionId="08e61390-87de-4cf0-a0ca-577485ce80f4" parentExecutionId="d5c3f14d-4428-4700-828f-924ee369c1f5" testId="2cf24b7c-c50c-e047-853f-65e4172e9fe4" testName="OperatorNotEqual_Passing_Valid_Values_Returns_False (San Bartoleme De Tirajana)" computerName="PC-SFERRARI" duration="00:00:00.0001142" startTime="2021-05-26T06:51:50.6267852+02:00" endTime="2021-05-26T06:51:50.6270506+02:00" testType="13cdc9d9-ddb5-4fa4-a97d-d965ccfc6d4b" outcome="Passed" testListId="8c84fa94-04c1-424b-9868-57a2d4851a1d" relativeResultsDirectory="08e61390-87de-4cf0-a0ca-577485ce80f4" dataRowInfo="1" resultType="DataDrivenDataRow" />
        <UnitTestResult executionId="3974f711-59d4-4ee6-a5d0-b0510c586690" parentExecutionId="d5c3f14d-4428-4700-828f-924ee369c1f5" testId="2cf24b7c-c50c-e047-853f-65e4172e9fe4" testName="OperatorNotEqual_Passing_Valid_Values_Returns_False (Sabadell)" computerName="PC-SFERRARI" duration="00:00:00.0000073" startTime="2021-05-26T06:51:50.6267852+02:00" endTime="2021-05-26T06:51:50.6270506+02:00" testType="13cdc9d9-ddb5-4fa4-a97d-d965ccfc6d4b" outcome="Passed" testListId="8c84fa94-04c1-424b-9868-57a2d4851a1d" relativeResultsDirectory="3974f711-59d4-4ee6-a5d0-b0510c586690" dataRowInfo="2" resultType="DataDrivenDataRow" />
      </InnerResults>
    </UnitTestResult>
    <UnitTestResult executionId="002deb08-875d-48a6-906f-46b93c526031" testId="d71963d6-dcff-e7f3-d8f4-94038e2fe289" testName="ToString_Passing_Valid_Values_Returns_Subdomain" computerName="PC-SFERRARI" duration="00:00:00.0004159" startTime="2021-05-26T06:51:50.6613669+02:00" endTime="2021-05-26T06:51:50.6619173+02:00" testType="13cdc9d9-ddb5-4fa4-a97d-d965ccfc6d4b" outcome="Passed" testListId="8c84fa94-04c1-424b-9868-57a2d4851a1d" relativeResultsDirectory="002deb08-875d-48a6-906f-46b93c526031" resultType="DataDrivenTest">
      <InnerResults>
        <UnitTestResult executionId="8cf9a0e9-5272-410a-ad47-fd9f8f292943" parentExecutionId="002deb08-875d-48a6-906f-46b93c526031" testId="d71963d6-dcff-e7f3-d8f4-94038e2fe289" testName="ToString_Passing_Valid_Values_Returns_Subdomain (app.hackerone1.com)" computerName="PC-SFERRARI" duration="00:00:00.0003057" startTime="2021-05-26T06:51:50.6613669+02:00" endTime="2021-05-26T06:51:50.6619173+02:00" testType="13cdc9d9-ddb5-4fa4-a97d-d965ccfc6d4b" outcome="Passed" testListId="8c84fa94-04c1-424b-9868-57a2d4851a1d" relativeResultsDirectory="8cf9a0e9-5272-410a-ad47-fd9f8f292943" dataRowInfo="1" resultType="DataDrivenDataRow" />
        <UnitTestResult executionId="fc0ee15e-fa4b-42e0-b798-698ba24a81b8" parentExecutionId="002deb08-875d-48a6-906f-46b93c526031" testId="d71963d6-dcff-e7f3-d8f4-94038e2fe289" testName="ToString_Passing_Valid_Values_Returns_Subdomain (www.hackerone-com)" computerName="PC-SFERRARI" duration="00:00:00.0000176" startTime="2021-05-26T06:51:50.6613669+02:00" endTime="2021-05-26T06:51:50.6619173+02:00" testType="13cdc9d9-ddb5-4fa4-a97d-d965ccfc6d4b" outcome="Passed" testListId="8c84fa94-04c1-424b-9868-57a2d4851a1d" relativeResultsDirectory="fc0ee15e-fa4b-42e0-b798-698ba24a81b8" dataRowInfo="2" resultType="DataDrivenDataRow" />
        <UnitTestResult executionId="b58fa05b-92e1-4bed-812e-28232a36c429" parentExecutionId="002deb08-875d-48a6-906f-46b93c526031" testId="d71963d6-dcff-e7f3-d8f4-94038e2fe289" testName="ToString_Passing_Valid_Values_Returns_Subdomain (stage_hackerone.com)" computerName="PC-SFERRARI" duration="00:00:00.0000132" startTime="2021-05-26T06:51:50.6613669+02:00" endTime="2021-05-26T06:51:50.6619173+02:00" testType="13cdc9d9-ddb5-4fa4-a97d-d965ccfc6d4b" outcome="Passed" testListId="8c84fa94-04c1-424b-9868-57a2d4851a1d" relativeResultsDirectory="b58fa05b-92e1-4bed-812e-28232a36c429" dataRowInfo="3" resultType="DataDrivenDataRow" />
      </InnerResults>
    </UnitTestResult>
    <UnitTestResult executionId="f0d9c574-41c9-4704-b983-0e83867bb559" testId="63f587ad-86e0-a19d-ea1b-305a8e55bb70" testName="IsFemale_Passing_Nothing_Returns_True" computerName="PC-SFERRARI" duration="00:00:00.0002160" startTime="2021-05-26T06:51:50.4693681+02:00" endTime="2021-05-26T06:51:50.4697224+02:00" testType="13cdc9d9-ddb5-4fa4-a97d-d965ccfc6d4b" outcome="Passed" testListId="8c84fa94-04c1-424b-9868-57a2d4851a1d" relativeResultsDirectory="f0d9c574-41c9-4704-b983-0e83867bb559" />
    <UnitTestResult executionId="c6dd90a7-110e-402d-bb31-1ad3de1f3a28" testId="ce8720c2-9005-cb90-e9f6-6a9dc1f8339c" testName="Equals_Passing_Valid_Distinct_Values_Returns_False" computerName="PC-SFERRARI" duration="00:00:00.0018621" startTime="2021-05-26T06:51:50.3515052+02:00" endTime="2021-05-26T06:51:50.3535557+02:00" testType="13cdc9d9-ddb5-4fa4-a97d-d965ccfc6d4b" outcome="Passed" testListId="8c84fa94-04c1-424b-9868-57a2d4851a1d" relativeResultsDirectory="c6dd90a7-110e-402d-bb31-1ad3de1f3a28" resultType="DataDrivenTest">
      <InnerResults>
        <UnitTestResult executionId="4023e16b-f528-461f-8dcf-1ad4b3a38e50" parentExecutionId="c6dd90a7-110e-402d-bb31-1ad3de1f3a28" testId="ce8720c2-9005-cb90-e9f6-6a9dc1f8339c" testName="Equals_Passing_Valid_Distinct_Values_Returns_False (EUR)" computerName="PC-SFERRARI" duration="00:00:00.0017885" startTime="2021-05-26T06:51:50.3515052+02:00" endTime="2021-05-26T06:51:50.3535557+02:00" testType="13cdc9d9-ddb5-4fa4-a97d-d965ccfc6d4b" outcome="Passed" testListId="8c84fa94-04c1-424b-9868-57a2d4851a1d" relativeResultsDirectory="4023e16b-f528-461f-8dcf-1ad4b3a38e50" dataRowInfo="1" resultType="DataDrivenDataRow" />
      </InnerResults>
    </UnitTestResult>
    <UnitTestResult executionId="45e99f0b-942f-43d1-849c-921a18fc97e2" testId="ed57a0e1-ab6e-1fee-9896-d0ba117a6da1" testName="Change_Passing_Valid_Values_Returns_Telephone" computerName="PC-SFERRARI" duration="00:00:00.0021489" startTime="2021-05-26T06:51:50.6698781+02:00" endTime="2021-05-26T06:51:50.6723413+02:00" testType="13cdc9d9-ddb5-4fa4-a97d-d965ccfc6d4b" outcome="Passed" testListId="8c84fa94-04c1-424b-9868-57a2d4851a1d" relativeResultsDirectory="45e99f0b-942f-43d1-849c-921a18fc97e2" />
    <UnitTestResult executionId="089a1440-c34a-47b0-826f-5568b59e4d0d" testId="35cd21bd-ac3d-8082-2cc2-47d7b4ce3a25" testName="IsNull_Passing_Null_Value_Returns_True" computerName="PC-SFERRARI" duration="00:00:00.0003832" startTime="2021-05-26T06:51:50.5536833+02:00" endTime="2021-05-26T06:51:50.5542583+02:00" testType="13cdc9d9-ddb5-4fa4-a97d-d965ccfc6d4b" outcome="Passed" testListId="8c84fa94-04c1-424b-9868-57a2d4851a1d" relativeResultsDirectory="089a1440-c34a-47b0-826f-5568b59e4d0d" />
    <UnitTestResult executionId="680dede4-ebd2-4676-8296-0007530d3354" testId="096255cc-daec-f5a9-6a72-452bc7414607" testName="OperatorEqual_Passing_Valid_Values_Returns_True" computerName="PC-SFERRARI" duration="00:00:00.0003463" startTime="2021-05-26T06:51:50.4547587+02:00" endTime="2021-05-26T06:51:50.4552460+02:00" testType="13cdc9d9-ddb5-4fa4-a97d-d965ccfc6d4b" outcome="Passed" testListId="8c84fa94-04c1-424b-9868-57a2d4851a1d" relativeResultsDirectory="680dede4-ebd2-4676-8296-0007530d3354" resultType="DataDrivenTest">
      <InnerResults>
        <UnitTestResult executionId="d88ccc35-e697-492e-bbef-a5411f83e7f3" parentExecutionId="680dede4-ebd2-4676-8296-0007530d3354" testId="096255cc-daec-f5a9-6a72-452bc7414607" testName="OperatorEqual_Passing_Valid_Values_Returns_True (San Bartoleme De Tirajana,Las Palmas,España)" computerName="PC-SFERRARI" duration="00:00:00.0002247" startTime="2021-05-26T06:51:50.4547587+02:00" endTime="2021-05-26T06:51:50.4552460+02:00" testType="13cdc9d9-ddb5-4fa4-a97d-d965ccfc6d4b" outcome="Passed" testListId="8c84fa94-04c1-424b-9868-57a2d4851a1d" relativeResultsDirectory="d88ccc35-e697-492e-bbef-a5411f83e7f3" dataRowInfo="1" resultType="DataDrivenDataRow" />
        <UnitTestResult executionId="c9db0753-dd75-4bce-a032-3fdd3dfba5e5" parentExecutionId="680dede4-ebd2-4676-8296-0007530d3354" testId="096255cc-daec-f5a9-6a72-452bc7414607" testName="OperatorEqual_Passing_Valid_Values_Returns_True (Sabadell,Barcelona,España)" computerName="PC-SFERRARI" duration="00:00:00.0000491" startTime="2021-05-26T06:51:50.4547587+02:00" endTime="2021-05-26T06:51:50.4552460+02:00" testType="13cdc9d9-ddb5-4fa4-a97d-d965ccfc6d4b" outcome="Passed" testListId="8c84fa94-04c1-424b-9868-57a2d4851a1d" relativeResultsDirectory="c9db0753-dd75-4bce-a032-3fdd3dfba5e5" dataRowInfo="2" resultType="DataDrivenDataRow" />
      </InnerResults>
    </UnitTestResult>
    <UnitTestResult executionId="3d446c8e-2acd-43e0-9c0e-39d7048f6864" testId="145667c7-887e-fb55-f15f-87c10ffaa544" testName="ToEnum_Passing_Valid_Int_value_Returns_Enumeracion" computerName="PC-SFERRARI" duration="00:00:00.0001274" startTime="2021-05-26T06:51:50.6062866+02:00" endTime="2021-05-26T06:51:50.6065055+02:00" testType="13cdc9d9-ddb5-4fa4-a97d-d965ccfc6d4b" outcome="Passed" testListId="8c84fa94-04c1-424b-9868-57a2d4851a1d" relativeResultsDirectory="3d446c8e-2acd-43e0-9c0e-39d7048f6864" />
    <UnitTestResult executionId="a13696b0-fa1f-4cb4-b715-ca4caa407195" testId="7506a243-a238-2665-b1af-67e45659c805" testName="ToEnum_Passing_Valid_String_Name_Enumeracion_Returns_Enumeracion" computerName="PC-SFERRARI" duration="00:00:00.0001222" startTime="2021-05-26T06:51:50.4710634+02:00" endTime="2021-05-26T06:51:50.4712861+02:00" testType="13cdc9d9-ddb5-4fa4-a97d-d965ccfc6d4b" outcome="Passed" testListId="8c84fa94-04c1-424b-9868-57a2d4851a1d" relativeResultsDirectory="a13696b0-fa1f-4cb4-b715-ca4caa407195" />
    <UnitTestResult executionId="54696adb-4940-4aee-8e70-7d26332869dc" testId="4845f67a-9f1a-743f-fdc8-caf62d8a1f4e" testName="Equals_Passing_Valid_Values_Returns_True" computerName="PC-SFERRARI" duration="00:00:00.0002984" startTime="2021-05-26T06:51:50.6407815+02:00" endTime="2021-05-26T06:51:50.6412022+02:00" testType="13cdc9d9-ddb5-4fa4-a97d-d965ccfc6d4b" outcome="Passed" testListId="8c84fa94-04c1-424b-9868-57a2d4851a1d" relativeResultsDirectory="54696adb-4940-4aee-8e70-7d26332869dc" resultType="DataDrivenTest">
      <InnerResults>
        <UnitTestResult executionId="55c51181-4649-4526-9386-e8ac72d71c80" parentExecutionId="54696adb-4940-4aee-8e70-7d26332869dc" testId="4845f67a-9f1a-743f-fdc8-caf62d8a1f4e" testName="Equals_Passing_Valid_Values_Returns_True (app.hackerone1.com)" computerName="PC-SFERRARI" duration="00:00:00.0001741" startTime="2021-05-26T06:51:50.6407815+02:00" endTime="2021-05-26T06:51:50.6412022+02:00" testType="13cdc9d9-ddb5-4fa4-a97d-d965ccfc6d4b" outcome="Passed" testListId="8c84fa94-04c1-424b-9868-57a2d4851a1d" relativeResultsDirectory="55c51181-4649-4526-9386-e8ac72d71c80" dataRowInfo="1" resultType="DataDrivenDataRow" />
        <UnitTestResult executionId="19a08789-b7e3-4f1b-bbc5-17b3e14ae607" parentExecutionId="54696adb-4940-4aee-8e70-7d26332869dc" testId="4845f67a-9f1a-743f-fdc8-caf62d8a1f4e" testName="Equals_Passing_Valid_Values_Returns_True (www.hackerone-com)" computerName="PC-SFERRARI" duration="00:00:00.0000247" startTime="2021-05-26T06:51:50.6407815+02:00" endTime="2021-05-26T06:51:50.6412022+02:00" testType="13cdc9d9-ddb5-4fa4-a97d-d965ccfc6d4b" outcome="Passed" testListId="8c84fa94-04c1-424b-9868-57a2d4851a1d" relativeResultsDirectory="19a08789-b7e3-4f1b-bbc5-17b3e14ae607" dataRowInfo="2" resultType="DataDrivenDataRow" />
        <UnitTestResult executionId="fc42d896-6253-4ac5-a800-78ab354a21f9" parentExecutionId="54696adb-4940-4aee-8e70-7d26332869dc" testId="4845f67a-9f1a-743f-fdc8-caf62d8a1f4e" testName="Equals_Passing_Valid_Values_Returns_True (stage_hackerone.com)" computerName="PC-SFERRARI" duration="00:00:00.0000217" startTime="2021-05-26T06:51:50.6407815+02:00" endTime="2021-05-26T06:51:50.6412022+02:00" testType="13cdc9d9-ddb5-4fa4-a97d-d965ccfc6d4b" outcome="Passed" testListId="8c84fa94-04c1-424b-9868-57a2d4851a1d" relativeResultsDirectory="fc42d896-6253-4ac5-a800-78ab354a21f9" dataRowInfo="3" resultType="DataDrivenDataRow" />
      </InnerResults>
    </UnitTestResult>
    <UnitTestResult executionId="6e61a694-4b49-4ff9-b731-a0f609ce7f2a" testId="96c7d001-66b9-71f2-30b3-dc555077fc27" testName="ToEnum_Passing_Invalid_String_Name_Returns_Null" computerName="PC-SFERRARI" duration="00:00:00.0002283" startTime="2021-05-26T06:51:50.6053160+02:00" endTime="2021-05-26T06:51:50.6056724+02:00" testType="13cdc9d9-ddb5-4fa4-a97d-d965ccfc6d4b" outcome="Passed" testListId="8c84fa94-04c1-424b-9868-57a2d4851a1d" relativeResultsDirectory="6e61a694-4b49-4ff9-b731-a0f609ce7f2a" />
    <UnitTestResult executionId="01e4868e-0292-4b05-bdde-0eebd046d3f8" testId="3265fbd4-437d-4974-fc11-e9c28c6df816" testName="ToNormalize_Passing_Valid_Values_Returns_Name_String_Format" computerName="PC-SFERRARI" duration="00:00:00.0009988" startTime="2021-05-26T06:51:50.5800301+02:00" endTime="2021-05-26T06:51:50.5812218+02:00" testType="13cdc9d9-ddb5-4fa4-a97d-d965ccfc6d4b" outcome="Passed" testListId="8c84fa94-04c1-424b-9868-57a2d4851a1d" relativeResultsDirectory="01e4868e-0292-4b05-bdde-0eebd046d3f8" resultType="DataDrivenTest">
      <InnerResults>
        <UnitTestResult executionId="9476b8c5-367f-44e3-b80c-f31e6c30a285" parentExecutionId="01e4868e-0292-4b05-bdde-0eebd046d3f8" testId="3265fbd4-437d-4974-fc11-e9c28c6df816" testName="ToNormalize_Passing_Valid_Values_Returns_Name_String_Format (España,Espana)" computerName="PC-SFERRARI" duration="00:00:00.0005003" startTime="2021-05-26T06:51:50.5800301+02:00" endTime="2021-05-26T06:51:50.5812218+02:00" testType="13cdc9d9-ddb5-4fa4-a97d-d965ccfc6d4b" outcome="Passed" testListId="8c84fa94-04c1-424b-9868-57a2d4851a1d" relativeResultsDirectory="9476b8c5-367f-44e3-b80c-f31e6c30a285" dataRowInfo="1" resultType="DataDrivenDataRow" />
        <UnitTestResult executionId="b37824d9-af65-4a90-b37f-c4ce7a0999e3" parentExecutionId="01e4868e-0292-4b05-bdde-0eebd046d3f8" testId="3265fbd4-437d-4974-fc11-e9c28c6df816" testName="ToNormalize_Passing_Valid_Values_Returns_Name_String_Format (Españá,Espana)" computerName="PC-SFERRARI" duration="00:00:00.0000481" startTime="2021-05-26T06:51:50.5800301+02:00" endTime="2021-05-26T06:51:50.5812218+02:00" testType="13cdc9d9-ddb5-4fa4-a97d-d965ccfc6d4b" outcome="Passed" testListId="8c84fa94-04c1-424b-9868-57a2d4851a1d" relativeResultsDirectory="b37824d9-af65-4a90-b37f-c4ce7a0999e3" dataRowInfo="2" resultType="DataDrivenDataRow" />
        <UnitTestResult executionId="c89493c9-579c-477d-9693-44bdd9702dff" parentExecutionId="01e4868e-0292-4b05-bdde-0eebd046d3f8" testId="3265fbd4-437d-4974-fc11-e9c28c6df816" testName="ToNormalize_Passing_Valid_Values_Returns_Name_String_Format (Españà,Espana)" computerName="PC-SFERRARI" duration="00:00:00.0000354" startTime="2021-05-26T06:51:50.5800301+02:00" endTime="2021-05-26T06:51:50.5812218+02:00" testType="13cdc9d9-ddb5-4fa4-a97d-d965ccfc6d4b" outcome="Passed" testListId="8c84fa94-04c1-424b-9868-57a2d4851a1d" relativeResultsDirectory="c89493c9-579c-477d-9693-44bdd9702dff" dataRowInfo="3" resultType="DataDrivenDataRow" />
        <UnitTestResult executionId="2ffbc762-a7b1-4ad4-8034-f9a0a1b9dece" parentExecutionId="01e4868e-0292-4b05-bdde-0eebd046d3f8" testId="3265fbd4-437d-4974-fc11-e9c28c6df816" testName="ToNormalize_Passing_Valid_Values_Returns_Name_String_Format (Españä,Espana)" computerName="PC-SFERRARI" duration="00:00:00.0000332" startTime="2021-05-26T06:51:50.5800301+02:00" endTime="2021-05-26T06:51:50.5812218+02:00" testType="13cdc9d9-ddb5-4fa4-a97d-d965ccfc6d4b" outcome="Passed" testListId="8c84fa94-04c1-424b-9868-57a2d4851a1d" relativeResultsDirectory="2ffbc762-a7b1-4ad4-8034-f9a0a1b9dece" dataRowInfo="4" resultType="DataDrivenDataRow" />
        <UnitTestResult executionId="a2dd0dba-5b3d-4857-8caa-f8f5dbb3267a" parentExecutionId="01e4868e-0292-4b05-bdde-0eebd046d3f8" testId="3265fbd4-437d-4974-fc11-e9c28c6df816" testName="ToNormalize_Passing_Valid_Values_Returns_Name_String_Format (Españâ,Espana)" computerName="PC-SFERRARI" duration="00:00:00.0000330" startTime="2021-05-26T06:51:50.5800301+02:00" endTime="2021-05-26T06:51:50.5812218+02:00" testType="13cdc9d9-ddb5-4fa4-a97d-d965ccfc6d4b" outcome="Passed" testListId="8c84fa94-04c1-424b-9868-57a2d4851a1d" relativeResultsDirectory="a2dd0dba-5b3d-4857-8caa-f8f5dbb3267a" dataRowInfo="5" resultType="DataDrivenDataRow" />
        <UnitTestResult executionId="cc6519ea-c4bd-4312-b840-86e9309c6634" parentExecutionId="01e4868e-0292-4b05-bdde-0eebd046d3f8" testId="3265fbd4-437d-4974-fc11-e9c28c6df816" testName="ToNormalize_Passing_Valid_Values_Returns_Name_String_Format (Españã,Espana)" computerName="PC-SFERRARI" duration="00:00:00.0000312" startTime="2021-05-26T06:51:50.5800301+02:00" endTime="2021-05-26T06:51:50.5812218+02:00" testType="13cdc9d9-ddb5-4fa4-a97d-d965ccfc6d4b" outcome="Passed" testListId="8c84fa94-04c1-424b-9868-57a2d4851a1d" relativeResultsDirectory="cc6519ea-c4bd-4312-b840-86e9309c6634" dataRowInfo="6" resultType="DataDrivenDataRow" />
        <UnitTestResult executionId="897fee8e-d795-4fc9-89ce-6dc1b4dfed9d" parentExecutionId="01e4868e-0292-4b05-bdde-0eebd046d3f8" testId="3265fbd4-437d-4974-fc11-e9c28c6df816" testName="ToNormalize_Passing_Valid_Values_Returns_Name_String_Format (Españç,Espanc)" computerName="PC-SFERRARI" duration="00:00:00.0000305" startTime="2021-05-26T06:51:50.5800301+02:00" endTime="2021-05-26T06:51:50.5812218+02:00" testType="13cdc9d9-ddb5-4fa4-a97d-d965ccfc6d4b" outcome="Passed" testListId="8c84fa94-04c1-424b-9868-57a2d4851a1d" relativeResultsDirectory="897fee8e-d795-4fc9-89ce-6dc1b4dfed9d" dataRowInfo="7" resultType="DataDrivenDataRow" />
        <UnitTestResult executionId="a1dd2607-942e-477e-a1b5-234a66632397" parentExecutionId="01e4868e-0292-4b05-bdde-0eebd046d3f8" testId="3265fbd4-437d-4974-fc11-e9c28c6df816" testName="ToNormalize_Passing_Valid_Values_Returns_Name_String_Format (Españħ,Espanh)" computerName="PC-SFERRARI" duration="00:00:00.0000303" startTime="2021-05-26T06:51:50.5800301+02:00" endTime="2021-05-26T06:51:50.5812218+02:00" testType="13cdc9d9-ddb5-4fa4-a97d-d965ccfc6d4b" outcome="Passed" testListId="8c84fa94-04c1-424b-9868-57a2d4851a1d" relativeResultsDirectory="a1dd2607-942e-477e-a1b5-234a66632397" dataRowInfo="8" resultType="DataDrivenDataRow" />
        <UnitTestResult executionId="3d7763ce-6f6d-46e3-9a56-8db84b169f6a" parentExecutionId="01e4868e-0292-4b05-bdde-0eebd046d3f8" testId="3265fbd4-437d-4974-fc11-e9c28c6df816" testName="ToNormalize_Passing_Valid_Values_Returns_Name_String_Format (Esp añâ,Esp ana)" computerName="PC-SFERRARI" duration="00:00:00.0000309" startTime="2021-05-26T06:51:50.5800301+02:00" endTime="2021-05-26T06:51:50.5812218+02:00" testType="13cdc9d9-ddb5-4fa4-a97d-d965ccfc6d4b" outcome="Passed" testListId="8c84fa94-04c1-424b-9868-57a2d4851a1d" relativeResultsDirectory="3d7763ce-6f6d-46e3-9a56-8db84b169f6a" dataRowInfo="9" resultType="DataDrivenDataRow" />
      </InnerResults>
    </UnitTestResult>
    <UnitTestResult executionId="f740a170-b4c6-40d5-a9dd-fb69246caf5e" testId="4bd13a4c-7389-3430-0358-3a2daf94401d" testName="OperatorNotEqual_Passing_Valid_Values_Returns_False" computerName="PC-SFERRARI" duration="00:00:00.0017544" startTime="2021-05-26T06:51:50.3695365+02:00" endTime="2021-05-26T06:51:50.3715051+02:00" testType="13cdc9d9-ddb5-4fa4-a97d-d965ccfc6d4b" outcome="Passed" testListId="8c84fa94-04c1-424b-9868-57a2d4851a1d" relativeResultsDirectory="f740a170-b4c6-40d5-a9dd-fb69246caf5e" resultType="DataDrivenTest">
      <InnerResults>
        <UnitTestResult executionId="3e1b94ad-71db-4338-8463-af4c318f888c" parentExecutionId="f740a170-b4c6-40d5-a9dd-fb69246caf5e" testId="4bd13a4c-7389-3430-0358-3a2daf94401d" testName="OperatorNotEqual_Passing_Valid_Values_Returns_False (EUR)" computerName="PC-SFERRARI" duration="00:00:00.0010089" startTime="2021-05-26T06:51:50.3695365+02:00" endTime="2021-05-26T06:51:50.3715051+02:00" testType="13cdc9d9-ddb5-4fa4-a97d-d965ccfc6d4b" outcome="Passed" testListId="8c84fa94-04c1-424b-9868-57a2d4851a1d" relativeResultsDirectory="3e1b94ad-71db-4338-8463-af4c318f888c" dataRowInfo="1" resultType="DataDrivenDataRow" />
        <UnitTestResult executionId="76dd4e81-c60b-490d-a1d4-91784b0c38a5" parentExecutionId="f740a170-b4c6-40d5-a9dd-fb69246caf5e" testId="4bd13a4c-7389-3430-0358-3a2daf94401d" testName="OperatorNotEqual_Passing_Valid_Values_Returns_False (USD)" computerName="PC-SFERRARI" duration="00:00:00.0006367" startTime="2021-05-26T06:51:50.3695365+02:00" endTime="2021-05-26T06:51:50.3715051+02:00" testType="13cdc9d9-ddb5-4fa4-a97d-d965ccfc6d4b" outcome="Passed" testListId="8c84fa94-04c1-424b-9868-57a2d4851a1d" relativeResultsDirectory="76dd4e81-c60b-490d-a1d4-91784b0c38a5" dataRowInfo="2" resultType="DataDrivenDataRow" />
      </InnerResults>
    </UnitTestResult>
    <UnitTestResult executionId="8d7db6e8-2275-4cbb-b050-592074d9f91b" testId="6dd73256-d9d7-d295-626e-bd95bb1349ab" testName="OperatorEqual_Passing_Valid_Values_Returns_True" computerName="PC-SFERRARI" duration="00:00:00.0001841" startTime="2021-05-26T06:51:50.6871545+02:00" endTime="2021-05-26T06:51:50.6874214+02:00" testType="13cdc9d9-ddb5-4fa4-a97d-d965ccfc6d4b" outcome="Passed" testListId="8c84fa94-04c1-424b-9868-57a2d4851a1d" relativeResultsDirectory="8d7db6e8-2275-4cbb-b050-592074d9f91b" resultType="DataDrivenTest">
      <InnerResults>
        <UnitTestResult executionId="d6562a65-bb37-4ed7-be07-8196a2d9f237" parentExecutionId="8d7db6e8-2275-4cbb-b050-592074d9f91b" testId="6dd73256-d9d7-d295-626e-bd95bb1349ab" testName="OperatorEqual_Passing_Valid_Values_Returns_True (456,43543543543)" computerName="PC-SFERRARI" duration="00:00:00.0001189" startTime="2021-05-26T06:51:50.6871545+02:00" endTime="2021-05-26T06:51:50.6874214+02:00" testType="13cdc9d9-ddb5-4fa4-a97d-d965ccfc6d4b" outcome="Passed" testListId="8c84fa94-04c1-424b-9868-57a2d4851a1d" relativeResultsDirectory="d6562a65-bb37-4ed7-be07-8196a2d9f237" dataRowInfo="1" resultType="DataDrivenDataRow" />
        <UnitTestResult executionId="7e2b20bf-f8f0-4d92-8d6f-6e46ab62e939" parentExecutionId="8d7db6e8-2275-4cbb-b050-592074d9f91b" testId="6dd73256-d9d7-d295-626e-bd95bb1349ab" testName="OperatorEqual_Passing_Valid_Values_Returns_True (D45,86554654)" computerName="PC-SFERRARI" duration="00:00:00.0000125" startTime="2021-05-26T06:51:50.6871545+02:00" endTime="2021-05-26T06:51:50.6874214+02:00" testType="13cdc9d9-ddb5-4fa4-a97d-d965ccfc6d4b" outcome="Passed" testListId="8c84fa94-04c1-424b-9868-57a2d4851a1d" relativeResultsDirectory="7e2b20bf-f8f0-4d92-8d6f-6e46ab62e939" dataRowInfo="2" resultType="DataDrivenDataRow" />
      </InnerResults>
    </UnitTestResult>
    <UnitTestResult executionId="c65c9228-592b-4bcf-8d29-720060e3db63" testId="8313da3f-0367-8e6c-c0a1-ae4f5c0df829" testName="GetAll_Passing_Nothing_Returns_Enumeracion_List" computerName="PC-SFERRARI" duration="00:00:00.0014743" startTime="2021-05-26T06:51:50.4715413+02:00" endTime="2021-05-26T06:51:50.4733000+02:00" testType="13cdc9d9-ddb5-4fa4-a97d-d965ccfc6d4b" outcome="Passed" testListId="8c84fa94-04c1-424b-9868-57a2d4851a1d" relativeResultsDirectory="c65c9228-592b-4bcf-8d29-720060e3db63" />
    <UnitTestResult executionId="4f8b5f4f-5f1d-44b4-acc7-0dcfc34462af" testId="0af19e62-2ce3-c36e-7566-bede5dbc71a7" testName="ToString_Passing_Valid_Values_Returns_Address_String_Format" computerName="PC-SFERRARI" duration="00:00:00.0007218" startTime="2021-05-26T06:51:50.3041650+02:00" endTime="2021-05-26T06:51:50.3050698+02:00" testType="13cdc9d9-ddb5-4fa4-a97d-d965ccfc6d4b" outcome="Passed" testListId="8c84fa94-04c1-424b-9868-57a2d4851a1d" relativeResultsDirectory="4f8b5f4f-5f1d-44b4-acc7-0dcfc34462af" resultType="DataDrivenTest">
      <InnerResults>
        <UnitTestResult executionId="f8c9552d-38dd-4d3a-b9bf-297149998ee2" parentExecutionId="4f8b5f4f-5f1d-44b4-acc7-0dcfc34462af" testId="0af19e62-2ce3-c36e-7566-bede5dbc71a7" testName="ToString_Passing_Valid_Values_Returns_Address_String_Format (Tenerife,23,34567,San Bartoleme De Tirajana,Las Palmas,España)" computerName="PC-SFERRARI" duration="00:00:00.0005949" startTime="2021-05-26T06:51:50.3041650+02:00" endTime="2021-05-26T06:51:50.3050698+02:00" testType="13cdc9d9-ddb5-4fa4-a97d-d965ccfc6d4b" outcome="Passed" testListId="8c84fa94-04c1-424b-9868-57a2d4851a1d" relativeResultsDirectory="f8c9552d-38dd-4d3a-b9bf-297149998ee2" dataRowInfo="1" resultType="DataDrivenDataRow" />
        <UnitTestResult executionId="068e711e-1448-4251-bb9c-5c1ea30757f9" parentExecutionId="4f8b5f4f-5f1d-44b4-acc7-0dcfc34462af" testId="0af19e62-2ce3-c36e-7566-bede5dbc71a7" testName="ToString_Passing_Valid_Values_Returns_Address_String_Format (Pader,789,DF7956,Sabadell,Barcelona,España)" computerName="PC-SFERRARI" duration="00:00:00.0000203" startTime="2021-05-26T06:51:50.3041650+02:00" endTime="2021-05-26T06:51:50.3050698+02:00" testType="13cdc9d9-ddb5-4fa4-a97d-d965ccfc6d4b" outcome="Passed" testListId="8c84fa94-04c1-424b-9868-57a2d4851a1d" relativeResultsDirectory="068e711e-1448-4251-bb9c-5c1ea30757f9" dataRowInfo="2" resultType="DataDrivenDataRow" />
      </InnerResults>
    </UnitTestResult>
    <UnitTestResult executionId="478b3921-b52d-46a2-b4a5-1a5fc5c6b98f" testId="3ee8c477-acc7-2166-b517-722bdd4efb4b" testName="OperatorNotEqual_Passing_Valid_Values_Returns_False" computerName="PC-SFERRARI" duration="00:00:00.0016486" startTime="2021-05-26T06:51:50.5206864+02:00" endTime="2021-05-26T06:51:50.5225331+02:00" testType="13cdc9d9-ddb5-4fa4-a97d-d965ccfc6d4b" outcome="Passed" testListId="8c84fa94-04c1-424b-9868-57a2d4851a1d" relativeResultsDirectory="478b3921-b52d-46a2-b4a5-1a5fc5c6b98f" resultType="DataDrivenTest">
      <InnerResults>
        <UnitTestResult executionId="948f1af7-63b3-4518-b5f6-b63e3c59f74f" parentExecutionId="478b3921-b52d-46a2-b4a5-1a5fc5c6b98f" testId="3ee8c477-acc7-2166-b517-722bdd4efb4b" testName="OperatorNotEqual_Passing_Valid_Values_Returns_False (100,EUR,2)" computerName="PC-SFERRARI" duration="00:00:00.0007147" startTime="2021-05-26T06:51:50.5206864+02:00" endTime="2021-05-26T06:51:50.5225331+02:00" testType="13cdc9d9-ddb5-4fa4-a97d-d965ccfc6d4b" outcome="Passed" testListId="8c84fa94-04c1-424b-9868-57a2d4851a1d" relativeResultsDirectory="948f1af7-63b3-4518-b5f6-b63e3c59f74f" dataRowInfo="1" resultType="DataDrivenDataRow" />
        <UnitTestResult executionId="e5d0a94d-6ec1-40ee-9fa9-ddb00f4fedfb" parentExecutionId="478b3921-b52d-46a2-b4a5-1a5fc5c6b98f" testId="3ee8c477-acc7-2166-b517-722bdd4efb4b" testName="OperatorNotEqual_Passing_Valid_Values_Returns_False (200,EUR,4)" computerName="PC-SFERRARI" duration="00:00:00.0004090" startTime="2021-05-26T06:51:50.5206864+02:00" endTime="2021-05-26T06:51:50.5225331+02:00" testType="13cdc9d9-ddb5-4fa4-a97d-d965ccfc6d4b" outcome="Passed" testListId="8c84fa94-04c1-424b-9868-57a2d4851a1d" relativeResultsDirectory="e5d0a94d-6ec1-40ee-9fa9-ddb00f4fedfb" dataRowInfo="2" resultType="DataDrivenDataRow" />
        <UnitTestResult executionId="8a706519-d883-4bd7-a84f-13278c9eada9" parentExecutionId="478b3921-b52d-46a2-b4a5-1a5fc5c6b98f" testId="3ee8c477-acc7-2166-b517-722bdd4efb4b" testName="OperatorNotEqual_Passing_Valid_Values_Returns_False (400,USD,8)" computerName="PC-SFERRARI" duration="00:00:00.0003777" startTime="2021-05-26T06:51:50.5206864+02:00" endTime="2021-05-26T06:51:50.5225331+02:00" testType="13cdc9d9-ddb5-4fa4-a97d-d965ccfc6d4b" outcome="Passed" testListId="8c84fa94-04c1-424b-9868-57a2d4851a1d" relativeResultsDirectory="8a706519-d883-4bd7-a84f-13278c9eada9" dataRowInfo="3" resultType="DataDrivenDataRow" />
      </InnerResults>
    </UnitTestResult>
    <UnitTestResult executionId="64895573-211c-4d1d-adc3-a886895a471f" testId="b939a012-7d2e-b3be-e613-740fc697b8d4" testName="OperatorNotEqual_Passing_Valid_Values_Returns_False" computerName="PC-SFERRARI" duration="00:00:00.0005515" startTime="2021-05-26T06:51:50.5698709+02:00" endTime="2021-05-26T06:51:50.5705984+02:00" testType="13cdc9d9-ddb5-4fa4-a97d-d965ccfc6d4b" outcome="Passed" testListId="8c84fa94-04c1-424b-9868-57a2d4851a1d" relativeResultsDirectory="64895573-211c-4d1d-adc3-a886895a471f" resultType="DataDrivenTest">
      <InnerResults>
        <UnitTestResult executionId="357ab479-2d52-467a-b320-c8fe036751af" parentExecutionId="64895573-211c-4d1d-adc3-a886895a471f" testId="b939a012-7d2e-b3be-e613-740fc697b8d4" testName="OperatorNotEqual_Passing_Valid_Values_Returns_False (España)" computerName="PC-SFERRARI" duration="00:00:00.0002399" startTime="2021-05-26T06:51:50.5698709+02:00" endTime="2021-05-26T06:51:50.5705984+02:00" testType="13cdc9d9-ddb5-4fa4-a97d-d965ccfc6d4b" outcome="Passed" testListId="8c84fa94-04c1-424b-9868-57a2d4851a1d" relativeResultsDirectory="357ab479-2d52-467a-b320-c8fe036751af" dataRowInfo="1" resultType="DataDrivenDataRow" />
        <UnitTestResult executionId="c63394d3-78ae-494d-a763-500f5ab44a2e" parentExecutionId="64895573-211c-4d1d-adc3-a886895a471f" testId="b939a012-7d2e-b3be-e613-740fc697b8d4" testName="OperatorNotEqual_Passing_Valid_Values_Returns_False (Españá)" computerName="PC-SFERRARI" duration="00:00:00.0000224" startTime="2021-05-26T06:51:50.5698709+02:00" endTime="2021-05-26T06:51:50.5705984+02:00" testType="13cdc9d9-ddb5-4fa4-a97d-d965ccfc6d4b" outcome="Passed" testListId="8c84fa94-04c1-424b-9868-57a2d4851a1d" relativeResultsDirectory="c63394d3-78ae-494d-a763-500f5ab44a2e" dataRowInfo="2" resultType="DataDrivenDataRow" />
        <UnitTestResult executionId="0613a646-3158-4a21-a619-48ad641ab88f" parentExecutionId="64895573-211c-4d1d-adc3-a886895a471f" testId="b939a012-7d2e-b3be-e613-740fc697b8d4" testName="OperatorNotEqual_Passing_Valid_Values_Returns_False (Españà)" computerName="PC-SFERRARI" duration="00:00:00.0000192" startTime="2021-05-26T06:51:50.5698709+02:00" endTime="2021-05-26T06:51:50.5705984+02:00" testType="13cdc9d9-ddb5-4fa4-a97d-d965ccfc6d4b" outcome="Passed" testListId="8c84fa94-04c1-424b-9868-57a2d4851a1d" relativeResultsDirectory="0613a646-3158-4a21-a619-48ad641ab88f" dataRowInfo="3" resultType="DataDrivenDataRow" />
        <UnitTestResult executionId="13bf0a5f-1e7a-4b6b-ac70-c2e636750365" parentExecutionId="64895573-211c-4d1d-adc3-a886895a471f" testId="b939a012-7d2e-b3be-e613-740fc697b8d4" testName="OperatorNotEqual_Passing_Valid_Values_Returns_False (Españä)" computerName="PC-SFERRARI" duration="00:00:00.0000181" startTime="2021-05-26T06:51:50.5698709+02:00" endTime="2021-05-26T06:51:50.5705984+02:00" testType="13cdc9d9-ddb5-4fa4-a97d-d965ccfc6d4b" outcome="Passed" testListId="8c84fa94-04c1-424b-9868-57a2d4851a1d" relativeResultsDirectory="13bf0a5f-1e7a-4b6b-ac70-c2e636750365" dataRowInfo="4" resultType="DataDrivenDataRow" />
        <UnitTestResult executionId="4a810404-18e9-43b6-a83e-c2fd9e6a7852" parentExecutionId="64895573-211c-4d1d-adc3-a886895a471f" testId="b939a012-7d2e-b3be-e613-740fc697b8d4" testName="OperatorNotEqual_Passing_Valid_Values_Returns_False (Españâ)" computerName="PC-SFERRARI" duration="00:00:00.0000185" startTime="2021-05-26T06:51:50.5698709+02:00" endTime="2021-05-26T06:51:50.5705984+02:00" testType="13cdc9d9-ddb5-4fa4-a97d-d965ccfc6d4b" outcome="Passed" testListId="8c84fa94-04c1-424b-9868-57a2d4851a1d" relativeResultsDirectory="4a810404-18e9-43b6-a83e-c2fd9e6a7852" dataRowInfo="5" resultType="DataDrivenDataRow" />
        <UnitTestResult executionId="d365f576-fe81-4996-b50f-0a4f0a2b1e45" parentExecutionId="64895573-211c-4d1d-adc3-a886895a471f" testId="b939a012-7d2e-b3be-e613-740fc697b8d4" testName="OperatorNotEqual_Passing_Valid_Values_Returns_False (Españã)" computerName="PC-SFERRARI" duration="00:00:00.0000180" startTime="2021-05-26T06:51:50.5698709+02:00" endTime="2021-05-26T06:51:50.5705984+02:00" testType="13cdc9d9-ddb5-4fa4-a97d-d965ccfc6d4b" outcome="Passed" testListId="8c84fa94-04c1-424b-9868-57a2d4851a1d" relativeResultsDirectory="d365f576-fe81-4996-b50f-0a4f0a2b1e45" dataRowInfo="6" resultType="DataDrivenDataRow" />
        <UnitTestResult executionId="d2d66723-8aad-4d96-aff0-718f681b324f" parentExecutionId="64895573-211c-4d1d-adc3-a886895a471f" testId="b939a012-7d2e-b3be-e613-740fc697b8d4" testName="OperatorNotEqual_Passing_Valid_Values_Returns_False (Españç)" computerName="PC-SFERRARI" duration="00:00:00.0000178" startTime="2021-05-26T06:51:50.5698709+02:00" endTime="2021-05-26T06:51:50.5705984+02:00" testType="13cdc9d9-ddb5-4fa4-a97d-d965ccfc6d4b" outcome="Passed" testListId="8c84fa94-04c1-424b-9868-57a2d4851a1d" relativeResultsDirectory="d2d66723-8aad-4d96-aff0-718f681b324f" dataRowInfo="7" resultType="DataDrivenDataRow" />
        <UnitTestResult executionId="21bc6e76-7933-497b-a768-cf0eb575a4f1" parentExecutionId="64895573-211c-4d1d-adc3-a886895a471f" testId="b939a012-7d2e-b3be-e613-740fc697b8d4" testName="OperatorNotEqual_Passing_Valid_Values_Returns_False (Españħ)" computerName="PC-SFERRARI" duration="00:00:00.0000184" startTime="2021-05-26T06:51:50.5698709+02:00" endTime="2021-05-26T06:51:50.5705984+02:00" testType="13cdc9d9-ddb5-4fa4-a97d-d965ccfc6d4b" outcome="Passed" testListId="8c84fa94-04c1-424b-9868-57a2d4851a1d" relativeResultsDirectory="21bc6e76-7933-497b-a768-cf0eb575a4f1" dataRowInfo="8" resultType="DataDrivenDataRow" />
        <UnitTestResult executionId="51081745-54af-432b-8fbf-324778d5fc0d" parentExecutionId="64895573-211c-4d1d-adc3-a886895a471f" testId="b939a012-7d2e-b3be-e613-740fc697b8d4" testName="OperatorNotEqual_Passing_Valid_Values_Returns_False (Esp añâ)" computerName="PC-SFERRARI" duration="00:00:00.0000175" startTime="2021-05-26T06:51:50.5698709+02:00" endTime="2021-05-26T06:51:50.5705984+02:00" testType="13cdc9d9-ddb5-4fa4-a97d-d965ccfc6d4b" outcome="Passed" testListId="8c84fa94-04c1-424b-9868-57a2d4851a1d" relativeResultsDirectory="51081745-54af-432b-8fbf-324778d5fc0d" dataRowInfo="9" resultType="DataDrivenDataRow" />
      </InnerResults>
    </UnitTestResult>
    <UnitTestResult executionId="59604c78-1fc1-4265-9c1d-097b8235564d" testId="13791109-f26f-328b-af66-40d4b88b25f7" testName="Create_Default_Passing_Valid_Values_Returns_StringId" computerName="PC-SFERRARI" duration="00:00:00.0008069" startTime="2021-05-26T06:51:50.6109943+02:00" endTime="2021-05-26T06:51:50.6122417+02:00" testType="13cdc9d9-ddb5-4fa4-a97d-d965ccfc6d4b" outcome="Passed" testListId="8c84fa94-04c1-424b-9868-57a2d4851a1d" relativeResultsDirectory="59604c78-1fc1-4265-9c1d-097b8235564d" />
    <UnitTestResult executionId="2a04d3ee-4d0d-48d3-9356-ec6ee37d53e0" testId="3f4c3f71-cc6a-91e9-8105-a3b714346d19" testName="Create_Passing_InvalidOrNull_Value_Returns_ApplicationException" computerName="PC-SFERRARI" duration="00:00:00.0007245" startTime="2021-05-26T06:51:50.6339568+02:00" endTime="2021-05-26T06:51:50.6348649+02:00" testType="13cdc9d9-ddb5-4fa4-a97d-d965ccfc6d4b" outcome="Passed" testListId="8c84fa94-04c1-424b-9868-57a2d4851a1d" relativeResultsDirectory="2a04d3ee-4d0d-48d3-9356-ec6ee37d53e0" resultType="DataDrivenTest">
      <InnerResults>
        <UnitTestResult executionId="82b70e37-c45c-4407-8f5b-caf5e8774760" parentExecutionId="2a04d3ee-4d0d-48d3-9356-ec6ee37d53e0" testId="3f4c3f71-cc6a-91e9-8105-a3b714346d19" testName="Create_Passing_InvalidOrNull_Value_Returns_ApplicationException ()" computerName="PC-SFERRARI" duration="00:00:00.0003825" startTime="2021-05-26T06:51:50.6339568+02:00" endTime="2021-05-26T06:51:50.6348649+02:00" testType="13cdc9d9-ddb5-4fa4-a97d-d965ccfc6d4b" outcome="Passed" testListId="8c84fa94-04c1-424b-9868-57a2d4851a1d" relativeResultsDirectory="82b70e37-c45c-4407-8f5b-caf5e8774760" dataRowInfo="1" resultType="DataDrivenDataRow" />
        <UnitTestResult executionId="938ec780-74cb-487a-93e8-858cdbacd96f" parentExecutionId="2a04d3ee-4d0d-48d3-9356-ec6ee37d53e0" testId="3f4c3f71-cc6a-91e9-8105-a3b714346d19" testName="Create_Passing_InvalidOrNull_Value_Returns_ApplicationException ()" computerName="PC-SFERRARI" duration="00:00:00.0000677" startTime="2021-05-26T06:51:50.6339568+02:00" endTime="2021-05-26T06:51:50.6348649+02:00" testType="13cdc9d9-ddb5-4fa4-a97d-d965ccfc6d4b" outcome="Passed" testListId="8c84fa94-04c1-424b-9868-57a2d4851a1d" relativeResultsDirectory="938ec780-74cb-487a-93e8-858cdbacd96f" dataRowInfo="2" resultType="DataDrivenDataRow" />
        <UnitTestResult executionId="f273e7a3-c858-4034-8544-b18dda8ac782" parentExecutionId="2a04d3ee-4d0d-48d3-9356-ec6ee37d53e0" testId="3f4c3f71-cc6a-91e9-8105-a3b714346d19" testName="Create_Passing_InvalidOrNull_Value_Returns_ApplicationException (___dasfs$·%%$%$$·%$)" computerName="PC-SFERRARI" duration="00:00:00.0000892" startTime="2021-05-26T06:51:50.6339568+02:00" endTime="2021-05-26T06:51:50.6348649+02:00" testType="13cdc9d9-ddb5-4fa4-a97d-d965ccfc6d4b" outcome="Passed" testListId="8c84fa94-04c1-424b-9868-57a2d4851a1d" relativeResultsDirectory="f273e7a3-c858-4034-8544-b18dda8ac782" dataRowInfo="3" resultType="DataDrivenDataRow" />
        <UnitTestResult executionId="6def37ef-fcda-4e9c-9293-c360574798dc" parentExecutionId="2a04d3ee-4d0d-48d3-9356-ec6ee37d53e0" testId="3f4c3f71-cc6a-91e9-8105-a3b714346d19" testName="Create_Passing_InvalidOrNull_Value_Returns_ApplicationException (..¬¬¬sdffdsfdssd.dd)" computerName="PC-SFERRARI" duration="00:00:00.0000533" startTime="2021-05-26T06:51:50.6339568+02:00" endTime="2021-05-26T06:51:50.6348649+02:00" testType="13cdc9d9-ddb5-4fa4-a97d-d965ccfc6d4b" outcome="Passed" testListId="8c84fa94-04c1-424b-9868-57a2d4851a1d" relativeResultsDirectory="6def37ef-fcda-4e9c-9293-c360574798dc" dataRowInfo="4" resultType="DataDrivenDataRow" />
      </InnerResults>
    </UnitTestResult>
    <UnitTestResult executionId="67614f5f-315c-4456-99d2-e57df514f3bd" testId="6c6b647e-dbec-34b2-9a32-6c876af9b8dc" testName="OperatorEqual_Passing_Valid_Distinct_Values_Returns_False" computerName="PC-SFERRARI" duration="00:00:00.0002689" startTime="2021-05-26T06:51:50.4072023+02:00" endTime="2021-05-26T06:51:50.4075590+02:00" testType="13cdc9d9-ddb5-4fa4-a97d-d965ccfc6d4b" outcome="Passed" testListId="8c84fa94-04c1-424b-9868-57a2d4851a1d" relativeResultsDirectory="67614f5f-315c-4456-99d2-e57df514f3bd" resultType="DataDrivenTest">
      <InnerResults>
        <UnitTestResult executionId="c99df670-c68e-4bc9-88a5-c3cc55d97bab" parentExecutionId="67614f5f-315c-4456-99d2-e57df514f3bd" testId="6c6b647e-dbec-34b2-9a32-6c876af9b8dc" testName="OperatorEqual_Passing_Valid_Distinct_Values_Returns_False (dasdasd@dsasd.ff)" computerName="PC-SFERRARI" duration="00:00:00.0001694" startTime="2021-05-26T06:51:50.4072023+02:00" endTime="2021-05-26T06:51:50.4075590+02:00" testType="13cdc9d9-ddb5-4fa4-a97d-d965ccfc6d4b" outcome="Passed" testListId="8c84fa94-04c1-424b-9868-57a2d4851a1d" relativeResultsDirectory="c99df670-c68e-4bc9-88a5-c3cc55d97bab" dataRowInfo="1" resultType="DataDrivenDataRow" />
        <UnitTestResult executionId="72ee8dfd-b1b7-4fee-a662-7a523a5af0ac" parentExecutionId="67614f5f-315c-4456-99d2-e57df514f3bd" testId="6c6b647e-dbec-34b2-9a32-6c876af9b8dc" testName="OperatorEqual_Passing_Valid_Distinct_Values_Returns_False (34fsds@sdd.fgg)" computerName="PC-SFERRARI" duration="00:00:00.0000414" startTime="2021-05-26T06:51:50.4072023+02:00" endTime="2021-05-26T06:51:50.4075590+02:00" testType="13cdc9d9-ddb5-4fa4-a97d-d965ccfc6d4b" outcome="Passed" testListId="8c84fa94-04c1-424b-9868-57a2d4851a1d" relativeResultsDirectory="72ee8dfd-b1b7-4fee-a662-7a523a5af0ac" dataRowInfo="2" resultType="DataDrivenDataRow" />
      </InnerResults>
    </UnitTestResult>
  </Results>
  <TestDefinitions>
    <UnitTest name="Equals_Passing_Valid_Values_Returns_True" storage="d:\sferrari\01 - trabajo\repos\netcore\libs\template-netcore-entities\kitpymes.core.entities.tests\bin\debug\netcoreapp3.0\kitpymes.core.entities.tests.dll" id="9b344652-cdde-ed73-1807-0f497ee20572">
      <Execution id="6257ffe6-735c-404b-9c0a-586d4e74fa21" />
      <TestMethod codeBase="D:\SFERRARI\01 - TRABAJO\repos\netcore\libs\template-netcore-entities\Kitpymes.Core.Entities.Tests\bin\Debug\netcoreapp3.0\Kitpymes.Core.Entities.Tests.dll" adapterTypeName="executor://mstestadapter/v2" className="Kitpymes.Core.Entities.ValueObjects.Tests.EmailTests" name="Equals_Passing_Valid_Values_Returns_True" />
    </UnitTest>
    <UnitTest name="ToString_Passing_Valid_Values_Returns_Address_String_Format" storage="d:\sferrari\01 - trabajo\repos\netcore\libs\template-netcore-entities\kitpymes.core.entities.tests\bin\debug\netcoreapp3.0\kitpymes.core.entities.tests.dll" id="336a4b3f-0900-f7cb-0d00-611a2347544d">
      <Execution id="b9d39f01-acca-437a-988e-1eda457a51e8" />
      <TestMethod codeBase="D:\SFERRARI\01 - TRABAJO\repos\netcore\libs\template-netcore-entities\Kitpymes.Core.Entities.Tests\bin\Debug\netcoreapp3.0\Kitpymes.Core.Entities.Tests.dll" adapterTypeName="executor://mstestadapter/v2" className="Kitpymes.Core.Entities.ValueObjects.Tests.MoneyTests" name="ToString_Passing_Valid_Values_Returns_Address_String_Format" />
    </UnitTest>
    <UnitTest name="OperatorNotEqual_Passing_Valid_Values_Returns_True" storage="d:\sferrari\01 - trabajo\repos\netcore\libs\template-netcore-entities\kitpymes.core.entities.tests\bin\debug\netcoreapp3.0\kitpymes.core.entities.tests.dll" id="906ffa0c-cef6-6ab9-9266-275ee0bdf90a">
      <Execution id="772a6f42-2455-4afb-8526-57b505175c33" />
      <TestMethod codeBase="D:\SFERRARI\01 - TRABAJO\repos\netcore\libs\template-netcore-entities\Kitpymes.Core.Entities.Tests\bin\Debug\netcoreapp3.0\Kitpymes.Core.Entities.Tests.dll" adapterTypeName="executor://mstestadapter/v2" className="Kitpymes.Core.Entities.ValueObjects.Tests.AddressTests" name="OperatorNotEqual_Passing_Valid_Values_Returns_True" />
    </UnitTest>
    <UnitTest name="Create_Passing_Valid_Values_Returns_Subdomain" storage="d:\sferrari\01 - trabajo\repos\netcore\libs\template-netcore-entities\kitpymes.core.entities.tests\bin\debug\netcoreapp3.0\kitpymes.core.entities.tests.dll" id="1c4770cc-11c0-d015-3996-858274852a92">
      <Execution id="a2ba77a7-12f9-476d-8a38-bed6c0b9f333" />
      <TestMethod codeBase="D:\SFERRARI\01 - TRABAJO\repos\netcore\libs\template-netcore-entities\Kitpymes.Core.Entities.Tests\bin\Debug\netcoreapp3.0\Kitpymes.Core.Entities.Tests.dll" adapterTypeName="executor://mstestadapter/v2" className="Kitpymes.Core.Entities.ValueObjects.Tests.SubdomainTests" name="Create_Passing_Valid_Values_Returns_Subdomain" />
    </UnitTest>
    <UnitTest name="IsActive_Passing_Nothing_Returns_True" storage="d:\sferrari\01 - trabajo\repos\netcore\libs\template-netcore-entities\kitpymes.core.entities.tests\bin\debug\netcoreapp3.0\kitpymes.core.entities.tests.dll" id="383215a1-c7ec-2234-60ab-45389defa320">
      <Execution id="e9307f92-8ba2-411f-a2b2-428b1eb063b1" />
      <TestMethod codeBase="D:\SFERRARI\01 - TRABAJO\repos\netcore\libs\template-netcore-entities\Kitpymes.Core.Entities.Tests\bin\Debug\netcoreapp3.0\Kitpymes.Core.Entities.Tests.dll" adapterTypeName="executor://mstestadapter/v2" className="Kitpymes.Core.Entities.Enumerations.Tests.StatusEnumTests" name="IsActive_Passing_Nothing_Returns_True" />
    </UnitTest>
    <UnitTest name="Create_Passing_Valid_Value_Returns_Email" storage="d:\sferrari\01 - trabajo\repos\netcore\libs\template-netcore-entities\kitpymes.core.entities.tests\bin\debug\netcoreapp3.0\kitpymes.core.entities.tests.dll" id="c76c5fb3-80cf-3138-b811-ceac3a87cf8e">
      <Execution id="920d5958-1d62-4669-a9b0-13253197acbc" />
      <TestMethod codeBase="D:\SFERRARI\01 - TRABAJO\repos\netcore\libs\template-netcore-entities\Kitpymes.Core.Entities.Tests\bin\Debug\netcoreapp3.0\Kitpymes.Core.Entities.Tests.dll" adapterTypeName="executor://mstestadapter/v2" className="Kitpymes.Core.Entities.ValueObjects.Tests.EmailTests" name="Create_Passing_Valid_Value_Returns_Email" />
    </UnitTest>
    <UnitTest name="IsNull_Passing_Valid_Value_Returns_False" storage="d:\sferrari\01 - trabajo\repos\netcore\libs\template-netcore-entities\kitpymes.core.entities.tests\bin\debug\netcoreapp3.0\kitpymes.core.entities.tests.dll" id="417ec551-d8d9-9d91-2ce7-f7087778456b">
      <Execution id="617891d7-3039-49d0-88dd-5581e79f9fc7" />
      <TestMethod codeBase="D:\SFERRARI\01 - TRABAJO\repos\netcore\libs\template-netcore-entities\Kitpymes.Core.Entities.Tests\bin\Debug\netcoreapp3.0\Kitpymes.Core.Entities.Tests.dll" adapterTypeName="executor://mstestadapter/v2" className="Kitpymes.Core.Entities.ValueObjects.Tests.NameTests" name="IsNull_Passing_Valid_Value_Returns_False" />
    </UnitTest>
    <UnitTest name="ToEnum_Passing_Valid_IntName_Enumeracion_Returns_Enumeracion" storage="d:\sferrari\01 - trabajo\repos\netcore\libs\template-netcore-entities\kitpymes.core.entities.tests\bin\debug\netcoreapp3.0\kitpymes.core.entities.tests.dll" id="0d76b1f8-41be-79d6-55e9-d959e165e570">
      <Execution id="9bb92a69-7884-4c29-8d9b-06e8412d25f6" />
      <TestMethod codeBase="D:\SFERRARI\01 - TRABAJO\repos\netcore\libs\template-netcore-entities\Kitpymes.Core.Entities.Tests\bin\Debug\netcoreapp3.0\Kitpymes.Core.Entities.Tests.dll" adapterTypeName="executor://mstestadapter/v2" className="Kitpymes.Core.Entities.Enumerations.Tests.LogTypeEnumTests" name="ToEnum_Passing_Valid_IntName_Enumeracion_Returns_Enumeracion" />
    </UnitTest>
    <UnitTest name="OperatorNotEqual_Passing_Valid_Values_Returns_False" storage="d:\sferrari\01 - trabajo\repos\netcore\libs\template-netcore-entities\kitpymes.core.entities.tests\bin\debug\netcoreapp3.0\kitpymes.core.entities.tests.dll" id="9aa3b6bb-9be5-40ee-3b6d-db8c00e38b15">
      <Execution id="cba1a053-5332-44ea-80eb-384d6e3c7e9f" />
      <TestMethod codeBase="D:\SFERRARI\01 - TRABAJO\repos\netcore\libs\template-netcore-entities\Kitpymes.Core.Entities.Tests\bin\Debug\netcoreapp3.0\Kitpymes.Core.Entities.Tests.dll" adapterTypeName="executor://mstestadapter/v2" className="Kitpymes.Core.Entities.ValueObjects.Tests.SubdomainTests" name="OperatorNotEqual_Passing_Valid_Values_Returns_False" />
    </UnitTest>
    <UnitTest name="OperatorNotEqual_Passing_Valid_Values_Returns_False" storage="d:\sferrari\01 - trabajo\repos\netcore\libs\template-netcore-entities\kitpymes.core.entities.tests\bin\debug\netcoreapp3.0\kitpymes.core.entities.tests.dll" id="77e3ceec-23c8-f048-63a2-95c394ee2a67">
      <Execution id="7d6d962c-61b8-4b6c-bc2f-3c1df5614371" />
      <TestMethod codeBase="D:\SFERRARI\01 - TRABAJO\repos\netcore\libs\template-netcore-entities\Kitpymes.Core.Entities.Tests\bin\Debug\netcoreapp3.0\Kitpymes.Core.Entities.Tests.dll" adapterTypeName="executor://mstestadapter/v2" className="Kitpymes.Core.Entities.ValueObjects.Tests.EmailTests" name="OperatorNotEqual_Passing_Valid_Values_Returns_False" />
    </UnitTest>
    <UnitTest name="OperatorNotEqual_Passing_Valid_Values_Returns_True" storage="d:\sferrari\01 - trabajo\repos\netcore\libs\template-netcore-entities\kitpymes.core.entities.tests\bin\debug\netcoreapp3.0\kitpymes.core.entities.tests.dll" id="f8a148c1-33ab-3f33-4563-51ccfbeb9871">
      <Execution id="d29a9962-b12d-40a8-9fe5-907b8826c602" />
      <TestMethod codeBase="D:\SFERRARI\01 - TRABAJO\repos\netcore\libs\template-netcore-entities\Kitpymes.Core.Entities.Tests\bin\Debug\netcoreapp3.0\Kitpymes.Core.Entities.Tests.dll" adapterTypeName="executor://mstestadapter/v2" className="Kitpymes.Core.Entities.ValueObjects.Tests.SubdomainTests" name="OperatorNotEqual_Passing_Valid_Values_Returns_True" />
    </UnitTest>
    <UnitTest name="Create_Default_Passing_Valid_Values_Returns_StringId" storage="d:\sferrari\01 - trabajo\repos\netcore\libs\template-netcore-entities\kitpymes.core.entities.tests\bin\debug\netcoreapp3.0\kitpymes.core.entities.tests.dll" id="13791109-f26f-328b-af66-40d4b88b25f7">
      <Execution id="59604c78-1fc1-4265-9c1d-097b8235564d" />
      <TestMethod codeBase="D:\SFERRARI\01 - TRABAJO\repos\netcore\libs\template-netcore-entities\Kitpymes.Core.Entities.Tests\bin\Debug\netcoreapp3.0\Kitpymes.Core.Entities.Tests.dll" adapterTypeName="executor://mstestadapter/v2" className="Kitpymes.Core.Entities.ValueObjects.Tests.StringIdTests" name="Create_Default_Passing_Valid_Values_Returns_StringId" />
    </UnitTest>
    <UnitTest name="Equals_Passing_Valid_Distinct_Values_Returns_False" storage="d:\sferrari\01 - trabajo\repos\netcore\libs\template-netcore-entities\kitpymes.core.entities.tests\bin\debug\netcoreapp3.0\kitpymes.core.entities.tests.dll" id="e508c554-ee47-5599-228d-b33f23cc16d0">
      <Execution id="5343a4fb-0868-416a-a523-6335e07138c6" />
      <TestMethod codeBase="D:\SFERRARI\01 - TRABAJO\repos\netcore\libs\template-netcore-entities\Kitpymes.Core.Entities.Tests\bin\Debug\netcoreapp3.0\Kitpymes.Core.Entities.Tests.dll" adapterTypeName="executor://mstestadapter/v2" className="Kitpymes.Core.Entities.ValueObjects.Tests.NameTests" name="Equals_Passing_Valid_Distinct_Values_Returns_False" />
    </UnitTest>
    <UnitTest name="IsMasterCard_Passing_Nothing_Returns_True" storage="d:\sferrari\01 - trabajo\repos\netcore\libs\template-netcore-entities\kitpymes.core.entities.tests\bin\debug\netcoreapp3.0\kitpymes.core.entities.tests.dll" id="42204c2d-cae8-e99c-229d-8e372d79bb40">
      <Execution id="4824cc58-fc97-4e6e-9d03-8b2cd86cc270" />
      <TestMethod codeBase="D:\SFERRARI\01 - TRABAJO\repos\netcore\libs\template-netcore-entities\Kitpymes.Core.Entities.Tests\bin\Debug\netcoreapp3.0\Kitpymes.Core.Entities.Tests.dll" adapterTypeName="executor://mstestadapter/v2" className="Kitpymes.Core.Entities.Enumerations.Tests.CardTypeEnumTests" name="IsMasterCard_Passing_Nothing_Returns_True" />
    </UnitTest>
    <UnitTest name="ToEnum_Passing_Invalid_String_Name_Enumeracion_Returns_Null" storage="d:\sferrari\01 - trabajo\repos\netcore\libs\template-netcore-entities\kitpymes.core.entities.tests\bin\debug\netcoreapp3.0\kitpymes.core.entities.tests.dll" id="145bd153-18cc-3e25-baa5-f3e74b60f467">
      <Execution id="ca7429be-f9d7-44fd-bf89-2d9da62557fa" />
      <TestMethod codeBase="D:\SFERRARI\01 - TRABAJO\repos\netcore\libs\template-netcore-entities\Kitpymes.Core.Entities.Tests\bin\Debug\netcoreapp3.0\Kitpymes.Core.Entities.Tests.dll" adapterTypeName="executor://mstestadapter/v2" className="Kitpymes.Core.Entities.Enumerations.Tests.SubscriptionEnumTests" name="ToEnum_Passing_Invalid_String_Name_Enumeracion_Returns_Null" />
    </UnitTest>
    <UnitTest name="ToEnum_Passing_Invalid_String_Name_Returns_Null" storage="d:\sferrari\01 - trabajo\repos\netcore\libs\template-netcore-entities\kitpymes.core.entities.tests\bin\debug\netcoreapp3.0\kitpymes.core.entities.tests.dll" id="96c7d001-66b9-71f2-30b3-dc555077fc27">
      <Execution id="6e61a694-4b49-4ff9-b731-a0f609ce7f2a" />
      <TestMethod codeBase="D:\SFERRARI\01 - TRABAJO\repos\netcore\libs\template-netcore-entities\Kitpymes.Core.Entities.Tests\bin\Debug\netcoreapp3.0\Kitpymes.Core.Entities.Tests.dll" adapterTypeName="executor://mstestadapter/v2" className="Kitpymes.Core.Entities.Enumerations.Tests.StatusEnumTests" name="ToEnum_Passing_Invalid_String_Name_Returns_Null" />
    </UnitTest>
    <UnitTest name="OperatorNotEqual_Passing_Valid_Values_Returns_False" storage="d:\sferrari\01 - trabajo\repos\netcore\libs\template-netcore-entities\kitpymes.core.entities.tests\bin\debug\netcoreapp3.0\kitpymes.core.entities.tests.dll" id="66126db5-a312-c629-a169-f37254601183">
      <Execution id="4f562c51-8f81-48bf-b2f8-9989e585512d" />
      <TestMethod codeBase="D:\SFERRARI\01 - TRABAJO\repos\netcore\libs\template-netcore-entities\Kitpymes.Core.Entities.Tests\bin\Debug\netcoreapp3.0\Kitpymes.Core.Entities.Tests.dll" adapterTypeName="executor://mstestadapter/v2" className="Kitpymes.Core.Entities.ValueObjects.Tests.TelephoneTests" name="OperatorNotEqual_Passing_Valid_Values_Returns_False" />
    </UnitTest>
    <UnitTest name="ToEnum_Passing_Invalid_Int_Value_Returns_Null" storage="d:\sferrari\01 - trabajo\repos\netcore\libs\template-netcore-entities\kitpymes.core.entities.tests\bin\debug\netcoreapp3.0\kitpymes.core.entities.tests.dll" id="4e5c29c7-ea4b-cd65-4b72-7ebf50d57942">
      <Execution id="980e7f52-2d37-4713-b362-7249fb5a69b7" />
      <TestMethod codeBase="D:\SFERRARI\01 - TRABAJO\repos\netcore\libs\template-netcore-entities\Kitpymes.Core.Entities.Tests\bin\Debug\netcoreapp3.0\Kitpymes.Core.Entities.Tests.dll" adapterTypeName="executor://mstestadapter/v2" className="Kitpymes.Core.Entities.Enumerations.Tests.StatusEnumTests" name="ToEnum_Passing_Invalid_Int_Value_Returns_Null" />
    </UnitTest>
    <UnitTest name="Change_Passing_Valid_Values_Returns_Subdomain" storage="d:\sferrari\01 - trabajo\repos\netcore\libs\template-netcore-entities\kitpymes.core.entities.tests\bin\debug\netcoreapp3.0\kitpymes.core.entities.tests.dll" id="8d7600c8-85e7-f035-9f9f-51a80e994a9a">
      <Execution id="ca1cc2af-337a-46e7-833d-792054707fad" />
      <TestMethod codeBase="D:\SFERRARI\01 - TRABAJO\repos\netcore\libs\template-netcore-entities\Kitpymes.Core.Entities.Tests\bin\Debug\netcoreapp3.0\Kitpymes.Core.Entities.Tests.dll" adapterTypeName="executor://mstestadapter/v2" className="Kitpymes.Core.Entities.ValueObjects.Tests.SubdomainTests" name="Change_Passing_Valid_Values_Returns_Subdomain" />
    </UnitTest>
    <UnitTest name="OperatorNotEqual_Passing_Valid_Values_Returns_True" storage="d:\sferrari\01 - trabajo\repos\netcore\libs\template-netcore-entities\kitpymes.core.entities.tests\bin\debug\netcoreapp3.0\kitpymes.core.entities.tests.dll" id="b5816c40-b187-058a-299e-906a7a313317">
      <Execution id="7c6f70cd-8318-4171-a345-2e6385b53f98" />
      <TestMethod codeBase="D:\SFERRARI\01 - TRABAJO\repos\netcore\libs\template-netcore-entities\Kitpymes.Core.Entities.Tests\bin\Debug\netcoreapp3.0\Kitpymes.Core.Entities.Tests.dll" adapterTypeName="executor://mstestadapter/v2" className="Kitpymes.Core.Entities.ValueObjects.Tests.MoneyTests" name="OperatorNotEqual_Passing_Valid_Values_Returns_True" />
    </UnitTest>
    <UnitTest name="ToString_Passing_Valid_Values_Returns_Address_String_Format" storage="d:\sferrari\01 - trabajo\repos\netcore\libs\template-netcore-entities\kitpymes.core.entities.tests\bin\debug\netcoreapp3.0\kitpymes.core.entities.tests.dll" id="0af19e62-2ce3-c36e-7566-bede5dbc71a7">
      <Execution id="4f8b5f4f-5f1d-44b4-acc7-0dcfc34462af" />
      <TestMethod codeBase="D:\SFERRARI\01 - TRABAJO\repos\netcore\libs\template-netcore-entities\Kitpymes.Core.Entities.Tests\bin\Debug\netcoreapp3.0\Kitpymes.Core.Entities.Tests.dll" adapterTypeName="executor://mstestadapter/v2" className="Kitpymes.Core.Entities.ValueObjects.Tests.AddressTests" name="ToString_Passing_Valid_Values_Returns_Address_String_Format" />
    </UnitTest>
    <UnitTest name="ToEnum_Passing_Valid_String_ShortName_Enumeracion_Returns_Enumeracion" storage="d:\sferrari\01 - trabajo\repos\netcore\libs\template-netcore-entities\kitpymes.core.entities.tests\bin\debug\netcoreapp3.0\kitpymes.core.entities.tests.dll" id="0331e231-5e2b-199a-2247-9bc7f2606067">
      <Execution id="2444735e-7ac5-4d35-9d5a-07c56696e747" />
      <TestMethod codeBase="D:\SFERRARI\01 - TRABAJO\repos\netcore\libs\template-netcore-entities\Kitpymes.Core.Entities.Tests\bin\Debug\netcoreapp3.0\Kitpymes.Core.Entities.Tests.dll" adapterTypeName="executor://mstestadapter/v2" className="Kitpymes.Core.Entities.Enumerations.Tests.CardTypeEnumTests" name="ToEnum_Passing_Valid_String_ShortName_Enumeracion_Returns_Enumeracion" />
    </UnitTest>
    <UnitTest name="OperatorNotEqual_Passing_Valid_Values_Returns_True" storage="d:\sferrari\01 - trabajo\repos\netcore\libs\template-netcore-entities\kitpymes.core.entities.tests\bin\debug\netcoreapp3.0\kitpymes.core.entities.tests.dll" id="dde84323-1f87-22b2-d0f7-2a4a85bad3fd">
      <Execution id="655eaba4-9aed-4fb3-af94-917c6a77800a" />
      <TestMethod codeBase="D:\SFERRARI\01 - TRABAJO\repos\netcore\libs\template-netcore-entities\Kitpymes.Core.Entities.Tests\bin\Debug\netcoreapp3.0\Kitpymes.Core.Entities.Tests.dll" adapterTypeName="executor://mstestadapter/v2" className="Kitpymes.Core.Entities.ValueObjects.Tests.TelephoneTests" name="OperatorNotEqual_Passing_Valid_Values_Returns_True" />
    </UnitTest>
    <UnitTest name="OperatorNotEqual_Passing_Valid_Values_Returns_True" storage="d:\sferrari\01 - trabajo\repos\netcore\libs\template-netcore-entities\kitpymes.core.entities.tests\bin\debug\netcoreapp3.0\kitpymes.core.entities.tests.dll" id="f7330460-b528-23e0-f552-44f6715cd948">
      <Execution id="ed6c1f35-a90f-4da3-8d7c-d6c801a269a9" />
      <TestMethod codeBase="D:\SFERRARI\01 - TRABAJO\repos\netcore\libs\template-netcore-entities\Kitpymes.Core.Entities.Tests\bin\Debug\netcoreapp3.0\Kitpymes.Core.Entities.Tests.dll" adapterTypeName="executor://mstestadapter/v2" className="Kitpymes.Core.Entities.ValueObjects.Tests.NameTests" name="OperatorNotEqual_Passing_Valid_Values_Returns_True" />
    </UnitTest>
    <UnitTest name="OperatorEqual_Passing_Valid_Values_Returns_True" storage="d:\sferrari\01 - trabajo\repos\netcore\libs\template-netcore-entities\kitpymes.core.entities.tests\bin\debug\netcoreapp3.0\kitpymes.core.entities.tests.dll" id="096255cc-daec-f5a9-6a72-452bc7414607">
      <Execution id="680dede4-ebd2-4676-8296-0007530d3354" />
      <TestMethod codeBase="D:\SFERRARI\01 - TRABAJO\repos\netcore\libs\template-netcore-entities\Kitpymes.Core.Entities.Tests\bin\Debug\netcoreapp3.0\Kitpymes.Core.Entities.Tests.dll" adapterTypeName="executor://mstestadapter/v2" className="Kitpymes.Core.Entities.ValueObjects.Tests.FullNameTests" name="OperatorEqual_Passing_Valid_Values_Returns_True" />
    </UnitTest>
    <UnitTest name="Equals_Passing_Valid_Distinct_Values_Returns_False" storage="d:\sferrari\01 - trabajo\repos\netcore\libs\template-netcore-entities\kitpymes.core.entities.tests\bin\debug\netcoreapp3.0\kitpymes.core.entities.tests.dll" id="ce8720c2-9005-cb90-e9f6-6a9dc1f8339c">
      <Execution id="c6dd90a7-110e-402d-bb31-1ad3de1f3a28" />
      <TestMethod codeBase="D:\SFERRARI\01 - TRABAJO\repos\netcore\libs\template-netcore-entities\Kitpymes.Core.Entities.Tests\bin\Debug\netcoreapp3.0\Kitpymes.Core.Entities.Tests.dll" adapterTypeName="executor://mstestadapter/v2" className="Kitpymes.Core.Entities.ValueObjects.Tests.CurrencyTests" name="Equals_Passing_Valid_Distinct_Values_Returns_False" />
    </UnitTest>
    <UnitTest name="IsNull_Passing_Null_Value_Returns_True" storage="d:\sferrari\01 - trabajo\repos\netcore\libs\template-netcore-entities\kitpymes.core.entities.tests\bin\debug\netcoreapp3.0\kitpymes.core.entities.tests.dll" id="9e19d4e4-f7b7-b402-48f1-b671fdae656e">
      <Execution id="dfafcbcc-e035-41f0-a247-ae81481d7fc5" />
      <TestMethod codeBase="D:\SFERRARI\01 - TRABAJO\repos\netcore\libs\template-netcore-entities\Kitpymes.Core.Entities.Tests\bin\Debug\netcoreapp3.0\Kitpymes.Core.Entities.Tests.dll" adapterTypeName="executor://mstestadapter/v2" className="Kitpymes.Core.Entities.ValueObjects.Tests.SubdomainTests" name="IsNull_Passing_Null_Value_Returns_True" />
    </UnitTest>
    <UnitTest name="ToNormalize_Passing_Valid_Values_Returns_Name_String_Format" storage="d:\sferrari\01 - trabajo\repos\netcore\libs\template-netcore-entities\kitpymes.core.entities.tests\bin\debug\netcoreapp3.0\kitpymes.core.entities.tests.dll" id="3265fbd4-437d-4974-fc11-e9c28c6df816">
      <Execution id="01e4868e-0292-4b05-bdde-0eebd046d3f8" />
      <TestMethod codeBase="D:\SFERRARI\01 - TRABAJO\repos\netcore\libs\template-netcore-entities\Kitpymes.Core.Entities.Tests\bin\Debug\netcoreapp3.0\Kitpymes.Core.Entities.Tests.dll" adapterTypeName="executor://mstestadapter/v2" className="Kitpymes.Core.Entities.ValueObjects.Tests.NameTests" name="ToNormalize_Passing_Valid_Values_Returns_Name_String_Format" />
    </UnitTest>
    <UnitTest name="ToString_Passing_Valid_Values_Returns_Value_String_Format" storage="d:\sferrari\01 - trabajo\repos\netcore\libs\template-netcore-entities\kitpymes.core.entities.tests\bin\debug\netcoreapp3.0\kitpymes.core.entities.tests.dll" id="3d5865ea-852b-85ea-4b1e-3b3f757388ec">
      <Execution id="f2d6985b-a65d-480a-98e2-da2da58b9d9d" />
      <TestMethod codeBase="D:\SFERRARI\01 - TRABAJO\repos\netcore\libs\template-netcore-entities\Kitpymes.Core.Entities.Tests\bin\Debug\netcoreapp3.0\Kitpymes.Core.Entities.Tests.dll" adapterTypeName="executor://mstestadapter/v2" className="Kitpymes.Core.Entities.ValueObjects.Tests.FullNameTests" name="ToString_Passing_Valid_Values_Returns_Value_String_Format" />
    </UnitTest>
    <UnitTest name="OperatorEqual_Passing_Valid_Distinct_Values_Returns_False" storage="d:\sferrari\01 - trabajo\repos\netcore\libs\template-netcore-entities\kitpymes.core.entities.tests\bin\debug\netcoreapp3.0\kitpymes.core.entities.tests.dll" id="6c6b647e-dbec-34b2-9a32-6c876af9b8dc">
      <Execution id="67614f5f-315c-4456-99d2-e57df514f3bd" />
      <TestMethod codeBase="D:\SFERRARI\01 - TRABAJO\repos\netcore\libs\template-netcore-entities\Kitpymes.Core.Entities.Tests\bin\Debug\netcoreapp3.0\Kitpymes.Core.Entities.Tests.dll" adapterTypeName="executor://mstestadapter/v2" className="Kitpymes.Core.Entities.ValueObjects.Tests.EmailTests" name="OperatorEqual_Passing_Valid_Distinct_Values_Returns_False" />
    </UnitTest>
    <UnitTest name="OperatorNotEqual_Passing_Valid_Values_Returns_False" storage="d:\sferrari\01 - trabajo\repos\netcore\libs\template-netcore-entities\kitpymes.core.entities.tests\bin\debug\netcoreapp3.0\kitpymes.core.entities.tests.dll" id="3ee8c477-acc7-2166-b517-722bdd4efb4b">
      <Execution id="478b3921-b52d-46a2-b4a5-1a5fc5c6b98f" />
      <TestMethod codeBase="D:\SFERRARI\01 - TRABAJO\repos\netcore\libs\template-netcore-entities\Kitpymes.Core.Entities.Tests\bin\Debug\netcoreapp3.0\Kitpymes.Core.Entities.Tests.dll" adapterTypeName="executor://mstestadapter/v2" className="Kitpymes.Core.Entities.ValueObjects.Tests.MoneyTests" name="OperatorNotEqual_Passing_Valid_Values_Returns_False" />
    </UnitTest>
    <UnitTest name="IsNull_Passing_Null_Value_Returns_True" storage="d:\sferrari\01 - trabajo\repos\netcore\libs\template-netcore-entities\kitpymes.core.entities.tests\bin\debug\netcoreapp3.0\kitpymes.core.entities.tests.dll" id="81019d0f-1a28-bd30-e939-1d942eb12cd9">
      <Execution id="f565d390-a12f-485a-9f1b-493a2fb814d9" />
      <TestMethod codeBase="D:\SFERRARI\01 - TRABAJO\repos\netcore\libs\template-netcore-entities\Kitpymes.Core.Entities.Tests\bin\Debug\netcoreapp3.0\Kitpymes.Core.Entities.Tests.dll" adapterTypeName="executor://mstestadapter/v2" className="Kitpymes.Core.Entities.ValueObjects.Tests.TelephoneTests" name="IsNull_Passing_Null_Value_Returns_True" />
    </UnitTest>
    <UnitTest name="ToEnum_Passing_Valid_String_Name_Enumeracion_Returns_Enumeracion" storage="d:\sferrari\01 - trabajo\repos\netcore\libs\template-netcore-entities\kitpymes.core.entities.tests\bin\debug\netcoreapp3.0\kitpymes.core.entities.tests.dll" id="6afaec20-42f3-051a-70dd-dd8272a94d57">
      <Execution id="b3127a88-cc0f-42f4-b9a2-2ae042f463ee" />
      <TestMethod codeBase="D:\SFERRARI\01 - TRABAJO\repos\netcore\libs\template-netcore-entities\Kitpymes.Core.Entities.Tests\bin\Debug\netcoreapp3.0\Kitpymes.Core.Entities.Tests.dll" adapterTypeName="executor://mstestadapter/v2" className="Kitpymes.Core.Entities.Enumerations.Tests.LogTypeEnumTests" name="ToEnum_Passing_Valid_String_Name_Enumeracion_Returns_Enumeracion" />
    </UnitTest>
    <UnitTest name="IsVisa_Passing_Nothing_Returns_True" storage="d:\sferrari\01 - trabajo\repos\netcore\libs\template-netcore-entities\kitpymes.core.entities.tests\bin\debug\netcoreapp3.0\kitpymes.core.entities.tests.dll" id="a73a2e63-3dc6-6b14-a467-c57ee0ec7ec7">
      <Execution id="dcf61280-f695-4274-a705-d4b1ece87114" />
      <TestMethod codeBase="D:\SFERRARI\01 - TRABAJO\repos\netcore\libs\template-netcore-entities\Kitpymes.Core.Entities.Tests\bin\Debug\netcoreapp3.0\Kitpymes.Core.Entities.Tests.dll" adapterTypeName="executor://mstestadapter/v2" className="Kitpymes.Core.Entities.Enumerations.Tests.CardTypeEnumTests" name="IsVisa_Passing_Nothing_Returns_True" />
    </UnitTest>
    <UnitTest name="Equals_Passing_Valid_Values_Returns_True" storage="d:\sferrari\01 - trabajo\repos\netcore\libs\template-netcore-entities\kitpymes.core.entities.tests\bin\debug\netcoreapp3.0\kitpymes.core.entities.tests.dll" id="c1c7a090-62ae-a90f-5c47-62eab692b098">
      <Execution id="a7becc85-1d52-40bb-a97f-59a8183c810c" />
      <TestMethod codeBase="D:\SFERRARI\01 - TRABAJO\repos\netcore\libs\template-netcore-entities\Kitpymes.Core.Entities.Tests\bin\Debug\netcoreapp3.0\Kitpymes.Core.Entities.Tests.dll" adapterTypeName="executor://mstestadapter/v2" className="Kitpymes.Core.Entities.ValueObjects.Tests.TelephoneTests" name="Equals_Passing_Valid_Values_Returns_True" />
    </UnitTest>
    <UnitTest name="OperatorEqual_Passing_Valid_Values_Returns_True" storage="d:\sferrari\01 - trabajo\repos\netcore\libs\template-netcore-entities\kitpymes.core.entities.tests\bin\debug\netcoreapp3.0\kitpymes.core.entities.tests.dll" id="6dd73256-d9d7-d295-626e-bd95bb1349ab">
      <Execution id="8d7db6e8-2275-4cbb-b050-592074d9f91b" />
      <TestMethod codeBase="D:\SFERRARI\01 - TRABAJO\repos\netcore\libs\template-netcore-entities\Kitpymes.Core.Entities.Tests\bin\Debug\netcoreapp3.0\Kitpymes.Core.Entities.Tests.dll" adapterTypeName="executor://mstestadapter/v2" className="Kitpymes.Core.Entities.ValueObjects.Tests.TelephoneTests" name="OperatorEqual_Passing_Valid_Values_Returns_True" />
    </UnitTest>
    <UnitTest name="ToString_Passing_Valid_Values_Returns_Currency_String_Symbol" storage="d:\sferrari\01 - trabajo\repos\netcore\libs\template-netcore-entities\kitpymes.core.entities.tests\bin\debug\netcoreapp3.0\kitpymes.core.entities.tests.dll" id="8db31538-892c-3a78-d200-7b8d337bd902">
      <Execution id="dde36519-1a57-4150-bf5a-b00062e2ba30" />
      <TestMethod codeBase="D:\SFERRARI\01 - TRABAJO\repos\netcore\libs\template-netcore-entities\Kitpymes.Core.Entities.Tests\bin\Debug\netcoreapp3.0\Kitpymes.Core.Entities.Tests.dll" adapterTypeName="executor://mstestadapter/v2" className="Kitpymes.Core.Entities.ValueObjects.Tests.CurrencyTests" name="ToString_Passing_Valid_Values_Returns_Currency_String_Symbol" />
    </UnitTest>
    <UnitTest name="IsGold_Passing_Nothing_Returns_True" storage="d:\sferrari\01 - trabajo\repos\netcore\libs\template-netcore-entities\kitpymes.core.entities.tests\bin\debug\netcoreapp3.0\kitpymes.core.entities.tests.dll" id="669b24c5-9674-2256-f1f0-ef2ca145c4b1">
      <Execution id="f981618e-300a-4860-9538-494e8eafdb49" />
      <TestMethod codeBase="D:\SFERRARI\01 - TRABAJO\repos\netcore\libs\template-netcore-entities\Kitpymes.Core.Entities.Tests\bin\Debug\netcoreapp3.0\Kitpymes.Core.Entities.Tests.dll" adapterTypeName="executor://mstestadapter/v2" className="Kitpymes.Core.Entities.Enumerations.Tests.SubscriptionEnumTests" name="IsGold_Passing_Nothing_Returns_True" />
    </UnitTest>
    <UnitTest name="OperatorEqual_Passing_Valid_Distinct_Values_Returns_False" storage="d:\sferrari\01 - trabajo\repos\netcore\libs\template-netcore-entities\kitpymes.core.entities.tests\bin\debug\netcoreapp3.0\kitpymes.core.entities.tests.dll" id="c5c29f75-9d50-53de-8312-18164417d08c">
      <Execution id="39936f13-fb2e-4c58-8583-bfebec903cc9" />
      <TestMethod codeBase="D:\SFERRARI\01 - TRABAJO\repos\netcore\libs\template-netcore-entities\Kitpymes.Core.Entities.Tests\bin\Debug\netcoreapp3.0\Kitpymes.Core.Entities.Tests.dll" adapterTypeName="executor://mstestadapter/v2" className="Kitpymes.Core.Entities.ValueObjects.Tests.TelephoneTests" name="OperatorEqual_Passing_Valid_Distinct_Values_Returns_False" />
    </UnitTest>
    <UnitTest name="Equals_Passing_Valid_Values_Returns_True" storage="d:\sferrari\01 - trabajo\repos\netcore\libs\template-netcore-entities\kitpymes.core.entities.tests\bin\debug\netcoreapp3.0\kitpymes.core.entities.tests.dll" id="bb27667d-2509-633e-e3c4-28c478f5b41c">
      <Execution id="03846ce2-59dd-4fb2-8c08-0c29c42b3e8c" />
      <TestMethod codeBase="D:\SFERRARI\01 - TRABAJO\repos\netcore\libs\template-netcore-entities\Kitpymes.Core.Entities.Tests\bin\Debug\netcoreapp3.0\Kitpymes.Core.Entities.Tests.dll" adapterTypeName="executor://mstestadapter/v2" className="Kitpymes.Core.Entities.ValueObjects.Tests.MoneyTests" name="Equals_Passing_Valid_Values_Returns_True" />
    </UnitTest>
    <UnitTest name="ToEnum_Passing_Null_Bool_Value_Returns_Inactive_Status" storage="d:\sferrari\01 - trabajo\repos\netcore\libs\template-netcore-entities\kitpymes.core.entities.tests\bin\debug\netcoreapp3.0\kitpymes.core.entities.tests.dll" id="193201d0-a425-c313-33b9-f8d20ace7f79">
      <Execution id="cc02fd58-ea82-45f0-96d2-37079f36c531" />
      <TestMethod codeBase="D:\SFERRARI\01 - TRABAJO\repos\netcore\libs\template-netcore-entities\Kitpymes.Core.Entities.Tests\bin\Debug\netcoreapp3.0\Kitpymes.Core.Entities.Tests.dll" adapterTypeName="executor://mstestadapter/v2" className="Kitpymes.Core.Entities.Enumerations.Tests.StatusEnumTests" name="ToEnum_Passing_Null_Bool_Value_Returns_Inactive_Status" />
    </UnitTest>
    <UnitTest name="OperatorEqual_Passing_Valid_Distinct_Values_Returns_False" storage="d:\sferrari\01 - trabajo\repos\netcore\libs\template-netcore-entities\kitpymes.core.entities.tests\bin\debug\netcoreapp3.0\kitpymes.core.entities.tests.dll" id="fc18fde3-4319-cd9b-8e17-5d2514db3cb2">
      <Execution id="c15179bf-5b87-4bb0-a2be-b7d1952bcabe" />
      <TestMethod codeBase="D:\SFERRARI\01 - TRABAJO\repos\netcore\libs\template-netcore-entities\Kitpymes.Core.Entities.Tests\bin\Debug\netcoreapp3.0\Kitpymes.Core.Entities.Tests.dll" adapterTypeName="executor://mstestadapter/v2" className="Kitpymes.Core.Entities.ValueObjects.Tests.CurrencyTests" name="OperatorEqual_Passing_Valid_Distinct_Values_Returns_False" />
    </UnitTest>
    <UnitTest name="Create_Passing_InvalidOrNull_Value_Returns_ApplicationException" storage="d:\sferrari\01 - trabajo\repos\netcore\libs\template-netcore-entities\kitpymes.core.entities.tests\bin\debug\netcoreapp3.0\kitpymes.core.entities.tests.dll" id="3f4c3f71-cc6a-91e9-8105-a3b714346d19">
      <Execution id="2a04d3ee-4d0d-48d3-9356-ec6ee37d53e0" />
      <TestMethod codeBase="D:\SFERRARI\01 - TRABAJO\repos\netcore\libs\template-netcore-entities\Kitpymes.Core.Entities.Tests\bin\Debug\netcoreapp3.0\Kitpymes.Core.Entities.Tests.dll" adapterTypeName="executor://mstestadapter/v2" className="Kitpymes.Core.Entities.ValueObjects.Tests.SubdomainTests" name="Create_Passing_InvalidOrNull_Value_Returns_ApplicationException" />
    </UnitTest>
    <UnitTest name="OperatorEqual_Passing_Valid_Values_Returns_True" storage="d:\sferrari\01 - trabajo\repos\netcore\libs\template-netcore-entities\kitpymes.core.entities.tests\bin\debug\netcoreapp3.0\kitpymes.core.entities.tests.dll" id="727d300c-09c1-7387-388d-5af13a437f21">
      <Execution id="5b7b550b-44c2-4c39-98fb-b4e4b5a2e12d" />
      <TestMethod codeBase="D:\SFERRARI\01 - TRABAJO\repos\netcore\libs\template-netcore-entities\Kitpymes.Core.Entities.Tests\bin\Debug\netcoreapp3.0\Kitpymes.Core.Entities.Tests.dll" adapterTypeName="executor://mstestadapter/v2" className="Kitpymes.Core.Entities.ValueObjects.Tests.SubdomainTests" name="OperatorEqual_Passing_Valid_Values_Returns_True" />
    </UnitTest>
    <UnitTest name="OperatorEqual_Passing_Valid_Distinct_Values_Returns_False" storage="d:\sferrari\01 - trabajo\repos\netcore\libs\template-netcore-entities\kitpymes.core.entities.tests\bin\debug\netcoreapp3.0\kitpymes.core.entities.tests.dll" id="3c5dd30a-14ce-719a-a187-bfc979656176">
      <Execution id="b5ff4aae-e062-480b-8355-38a91090bdc3" />
      <TestMethod codeBase="D:\SFERRARI\01 - TRABAJO\repos\netcore\libs\template-netcore-entities\Kitpymes.Core.Entities.Tests\bin\Debug\netcoreapp3.0\Kitpymes.Core.Entities.Tests.dll" adapterTypeName="executor://mstestadapter/v2" className="Kitpymes.Core.Entities.ValueObjects.Tests.StringIdTests" name="OperatorEqual_Passing_Valid_Distinct_Values_Returns_False" />
    </UnitTest>
    <UnitTest name="ToFullString_Passing_Valid_Values_Returns_Value_String_Format" storage="d:\sferrari\01 - trabajo\repos\netcore\libs\template-netcore-entities\kitpymes.core.entities.tests\bin\debug\netcoreapp3.0\kitpymes.core.entities.tests.dll" id="b2d1a9e8-2c10-e79d-2a5b-3b612a1cc6ec">
      <Execution id="6ae28caf-5a22-41c7-af92-47d9b2858689" />
      <TestMethod codeBase="D:\SFERRARI\01 - TRABAJO\repos\netcore\libs\template-netcore-entities\Kitpymes.Core.Entities.Tests\bin\Debug\netcoreapp3.0\Kitpymes.Core.Entities.Tests.dll" adapterTypeName="executor://mstestadapter/v2" className="Kitpymes.Core.Entities.ValueObjects.Tests.FullNameTests" name="ToFullString_Passing_Valid_Values_Returns_Value_String_Format" />
    </UnitTest>
    <UnitTest name="Create_Passing_Valid_Values_Returns_StringId" storage="d:\sferrari\01 - trabajo\repos\netcore\libs\template-netcore-entities\kitpymes.core.entities.tests\bin\debug\netcoreapp3.0\kitpymes.core.entities.tests.dll" id="b90b8524-89a6-7598-57e6-f81fc0f2da6d">
      <Execution id="250bc308-3aad-4829-bf48-1b4f53722aad" />
      <TestMethod codeBase="D:\SFERRARI\01 - TRABAJO\repos\netcore\libs\template-netcore-entities\Kitpymes.Core.Entities.Tests\bin\Debug\netcoreapp3.0\Kitpymes.Core.Entities.Tests.dll" adapterTypeName="executor://mstestadapter/v2" className="Kitpymes.Core.Entities.ValueObjects.Tests.StringIdTests" name="Create_Passing_Valid_Values_Returns_StringId" />
    </UnitTest>
    <UnitTest name="Equals_Passing_Valid_Values_Returns_True" storage="d:\sferrari\01 - trabajo\repos\netcore\libs\template-netcore-entities\kitpymes.core.entities.tests\bin\debug\netcoreapp3.0\kitpymes.core.entities.tests.dll" id="84e5d156-9c5d-e299-dfaf-587322c60012">
      <Execution id="35d680f4-e7ba-448f-9528-d23ae8926b3f" />
      <TestMethod codeBase="D:\SFERRARI\01 - TRABAJO\repos\netcore\libs\template-netcore-entities\Kitpymes.Core.Entities.Tests\bin\Debug\netcoreapp3.0\Kitpymes.Core.Entities.Tests.dll" adapterTypeName="executor://mstestadapter/v2" className="Kitpymes.Core.Entities.ValueObjects.Tests.StringIdTests" name="Equals_Passing_Valid_Values_Returns_True" />
    </UnitTest>
    <UnitTest name="Change_Passing_Valid_Values_Returns_Address" storage="d:\sferrari\01 - trabajo\repos\netcore\libs\template-netcore-entities\kitpymes.core.entities.tests\bin\debug\netcoreapp3.0\kitpymes.core.entities.tests.dll" id="5d5bf084-272e-970d-5ff6-6e8097ceab4a">
      <Execution id="5be9a773-0ea0-4148-a3da-86354950b3e7" />
      <TestMethod codeBase="D:\SFERRARI\01 - TRABAJO\repos\netcore\libs\template-netcore-entities\Kitpymes.Core.Entities.Tests\bin\Debug\netcoreapp3.0\Kitpymes.Core.Entities.Tests.dll" adapterTypeName="executor://mstestadapter/v2" className="Kitpymes.Core.Entities.ValueObjects.Tests.MoneyTests" name="Change_Passing_Valid_Values_Returns_Address" />
    </UnitTest>
    <UnitTest name="ToEnum_Passing_Invalid_String_Name_Enumeracion_Returns_Null" storage="d:\sferrari\01 - trabajo\repos\netcore\libs\template-netcore-entities\kitpymes.core.entities.tests\bin\debug\netcoreapp3.0\kitpymes.core.entities.tests.dll" id="3c73a262-4233-759f-902c-9ce564f1c4ad">
      <Execution id="551afadb-ebc6-473e-8a18-548ae59274b5" />
      <TestMethod codeBase="D:\SFERRARI\01 - TRABAJO\repos\netcore\libs\template-netcore-entities\Kitpymes.Core.Entities.Tests\bin\Debug\netcoreapp3.0\Kitpymes.Core.Entities.Tests.dll" adapterTypeName="executor://mstestadapter/v2" className="Kitpymes.Core.Entities.Enumerations.Tests.CardTypeEnumTests" name="ToEnum_Passing_Invalid_String_Name_Enumeracion_Returns_Null" />
    </UnitTest>
    <UnitTest name="ToEnum_Passing_Valid_String_ShortName_Enumeracion_Returns_Enumeracion" storage="d:\sferrari\01 - trabajo\repos\netcore\libs\template-netcore-entities\kitpymes.core.entities.tests\bin\debug\netcoreapp3.0\kitpymes.core.entities.tests.dll" id="cefd6720-8ae8-64f7-ef2a-994381832e74">
      <Execution id="a34246bc-0698-423c-bcc2-691dd5a8d8a0" />
      <TestMethod codeBase="D:\SFERRARI\01 - TRABAJO\repos\netcore\libs\template-netcore-entities\Kitpymes.Core.Entities.Tests\bin\Debug\netcoreapp3.0\Kitpymes.Core.Entities.Tests.dll" adapterTypeName="executor://mstestadapter/v2" className="Kitpymes.Core.Entities.Enumerations.Tests.GenderTypeEnumTests" name="ToEnum_Passing_Valid_String_ShortName_Enumeracion_Returns_Enumeracion" />
    </UnitTest>
    <UnitTest name="Equals_Passing_Valid_Values_Returns_True" storage="d:\sferrari\01 - trabajo\repos\netcore\libs\template-netcore-entities\kitpymes.core.entities.tests\bin\debug\netcoreapp3.0\kitpymes.core.entities.tests.dll" id="d4dac023-52df-82e8-5be4-d4d0b7642e67">
      <Execution id="20e44a02-614a-419f-8eb6-5504dad5ec3c" />
      <TestMethod codeBase="D:\SFERRARI\01 - TRABAJO\repos\netcore\libs\template-netcore-entities\Kitpymes.Core.Entities.Tests\bin\Debug\netcoreapp3.0\Kitpymes.Core.Entities.Tests.dll" adapterTypeName="executor://mstestadapter/v2" className="Kitpymes.Core.Entities.ValueObjects.Tests.AddressTests" name="Equals_Passing_Valid_Values_Returns_True" />
    </UnitTest>
    <UnitTest name="OperatorEqual_Passing_Valid_Values_Returns_True" storage="d:\sferrari\01 - trabajo\repos\netcore\libs\template-netcore-entities\kitpymes.core.entities.tests\bin\debug\netcoreapp3.0\kitpymes.core.entities.tests.dll" id="3e808d2f-8050-987c-6881-19992ba1e6c6">
      <Execution id="2d4df84c-7f14-446b-844b-b04bf1c4a9c4" />
      <TestMethod codeBase="D:\SFERRARI\01 - TRABAJO\repos\netcore\libs\template-netcore-entities\Kitpymes.Core.Entities.Tests\bin\Debug\netcoreapp3.0\Kitpymes.Core.Entities.Tests.dll" adapterTypeName="executor://mstestadapter/v2" className="Kitpymes.Core.Entities.ValueObjects.Tests.CurrencyTests" name="OperatorEqual_Passing_Valid_Values_Returns_True" />
    </UnitTest>
    <UnitTest name="ToEnum_Passing_Valid_Bool_Value_Returns_Enumeracion" storage="d:\sferrari\01 - trabajo\repos\netcore\libs\template-netcore-entities\kitpymes.core.entities.tests\bin\debug\netcoreapp3.0\kitpymes.core.entities.tests.dll" id="5b029505-cc20-a753-3d33-0e0e266c8841">
      <Execution id="c3291777-34c9-47e9-95b1-d486ef44837b" />
      <TestMethod codeBase="D:\SFERRARI\01 - TRABAJO\repos\netcore\libs\template-netcore-entities\Kitpymes.Core.Entities.Tests\bin\Debug\netcoreapp3.0\Kitpymes.Core.Entities.Tests.dll" adapterTypeName="executor://mstestadapter/v2" className="Kitpymes.Core.Entities.Enumerations.Tests.StatusEnumTests" name="ToEnum_Passing_Valid_Bool_Value_Returns_Enumeracion" />
    </UnitTest>
    <UnitTest name="GetAll_Passing_Nothing_Returns_Enumeracion_List" storage="d:\sferrari\01 - trabajo\repos\netcore\libs\template-netcore-entities\kitpymes.core.entities.tests\bin\debug\netcoreapp3.0\kitpymes.core.entities.tests.dll" id="8313da3f-0367-8e6c-c0a1-ae4f5c0df829">
      <Execution id="c65c9228-592b-4bcf-8d29-720060e3db63" />
      <TestMethod codeBase="D:\SFERRARI\01 - TRABAJO\repos\netcore\libs\template-netcore-entities\Kitpymes.Core.Entities.Tests\bin\Debug\netcoreapp3.0\Kitpymes.Core.Entities.Tests.dll" adapterTypeName="executor://mstestadapter/v2" className="Kitpymes.Core.Entities.Enumerations.Tests.LogTypeEnumTests" name="GetAll_Passing_Nothing_Returns_Enumeracion_List" />
    </UnitTest>
    <UnitTest name="OperatorEqual_Passing_Valid_Values_Returns_False" storage="d:\sferrari\01 - trabajo\repos\netcore\libs\template-netcore-entities\kitpymes.core.entities.tests\bin\debug\netcoreapp3.0\kitpymes.core.entities.tests.dll" id="58248327-dbb4-f8f8-c890-f039c6d19d4a">
      <Execution id="4963b084-c0c3-4d40-a16b-80d046500bcd" />
      <TestMethod codeBase="D:\SFERRARI\01 - TRABAJO\repos\netcore\libs\template-netcore-entities\Kitpymes.Core.Entities.Tests\bin\Debug\netcoreapp3.0\Kitpymes.Core.Entities.Tests.dll" adapterTypeName="executor://mstestadapter/v2" className="Kitpymes.Core.Entities.ValueObjects.Tests.AddressTests" name="OperatorEqual_Passing_Valid_Values_Returns_False" />
    </UnitTest>
    <UnitTest name="OperatorEqual_Passing_Valid_Values_Returns_True" storage="d:\sferrari\01 - trabajo\repos\netcore\libs\template-netcore-entities\kitpymes.core.entities.tests\bin\debug\netcoreapp3.0\kitpymes.core.entities.tests.dll" id="e9f12af5-5c0d-5f0d-b569-bb58f1d198e2">
      <Execution id="060e6ded-7cf5-4976-9a96-52348abe2139" />
      <TestMethod codeBase="D:\SFERRARI\01 - TRABAJO\repos\netcore\libs\template-netcore-entities\Kitpymes.Core.Entities.Tests\bin\Debug\netcoreapp3.0\Kitpymes.Core.Entities.Tests.dll" adapterTypeName="executor://mstestadapter/v2" className="Kitpymes.Core.Entities.ValueObjects.Tests.NameTests" name="OperatorEqual_Passing_Valid_Values_Returns_True" />
    </UnitTest>
    <UnitTest name="ToEnum_Passing_Valid_String_Name_Returns_Enumeracion" storage="d:\sferrari\01 - trabajo\repos\netcore\libs\template-netcore-entities\kitpymes.core.entities.tests\bin\debug\netcoreapp3.0\kitpymes.core.entities.tests.dll" id="bc0c68a9-1876-bb25-d382-c4c45b27b3d9">
      <Execution id="b14b4779-7706-4b9a-a783-ccd9387e924f" />
      <TestMethod codeBase="D:\SFERRARI\01 - TRABAJO\repos\netcore\libs\template-netcore-entities\Kitpymes.Core.Entities.Tests\bin\Debug\netcoreapp3.0\Kitpymes.Core.Entities.Tests.dll" adapterTypeName="executor://mstestadapter/v2" className="Kitpymes.Core.Entities.Enumerations.Tests.StatusEnumTests" name="ToEnum_Passing_Valid_String_Name_Returns_Enumeracion" />
    </UnitTest>
    <UnitTest name="Create_Passing_InvalidOrNull_Value_Returns_ApplicationException" storage="d:\sferrari\01 - trabajo\repos\netcore\libs\template-netcore-entities\kitpymes.core.entities.tests\bin\debug\netcoreapp3.0\kitpymes.core.entities.tests.dll" id="9277a601-5bb0-2bc1-982a-ed71c2b000fa">
      <Execution id="361abe0c-431c-4d50-9636-6ea1bba6ddbe" />
      <TestMethod codeBase="D:\SFERRARI\01 - TRABAJO\repos\netcore\libs\template-netcore-entities\Kitpymes.Core.Entities.Tests\bin\Debug\netcoreapp3.0\Kitpymes.Core.Entities.Tests.dll" adapterTypeName="executor://mstestadapter/v2" className="Kitpymes.Core.Entities.ValueObjects.Tests.StringIdTests" name="Create_Passing_InvalidOrNull_Value_Returns_ApplicationException" />
    </UnitTest>
    <UnitTest name="OperatorNotEqual_Passing_Valid_Values_Returns_True" storage="d:\sferrari\01 - trabajo\repos\netcore\libs\template-netcore-entities\kitpymes.core.entities.tests\bin\debug\netcoreapp3.0\kitpymes.core.entities.tests.dll" id="0643cd5e-9fb6-9fc5-1c47-3b2be0eeb804">
      <Execution id="25c372cc-c50a-48ab-9469-dd3ebc490631" />
      <TestMethod codeBase="D:\SFERRARI\01 - TRABAJO\repos\netcore\libs\template-netcore-entities\Kitpymes.Core.Entities.Tests\bin\Debug\netcoreapp3.0\Kitpymes.Core.Entities.Tests.dll" adapterTypeName="executor://mstestadapter/v2" className="Kitpymes.Core.Entities.ValueObjects.Tests.EmailTests" name="OperatorNotEqual_Passing_Valid_Values_Returns_True" />
    </UnitTest>
    <UnitTest name="IsNull_Passing_Valid_Value_Returns_False" storage="d:\sferrari\01 - trabajo\repos\netcore\libs\template-netcore-entities\kitpymes.core.entities.tests\bin\debug\netcoreapp3.0\kitpymes.core.entities.tests.dll" id="74b3f1dc-94ca-8be2-33b4-759efaa9b8e8">
      <Execution id="e5eda6e5-ed43-4282-8f12-680ff8483746" />
      <TestMethod codeBase="D:\SFERRARI\01 - TRABAJO\repos\netcore\libs\template-netcore-entities\Kitpymes.Core.Entities.Tests\bin\Debug\netcoreapp3.0\Kitpymes.Core.Entities.Tests.dll" adapterTypeName="executor://mstestadapter/v2" className="Kitpymes.Core.Entities.ValueObjects.Tests.StringIdTests" name="IsNull_Passing_Valid_Value_Returns_False" />
    </UnitTest>
    <UnitTest name="OperatorEqual_Passing_Valid_Distinct_Values_Returns_False" storage="d:\sferrari\01 - trabajo\repos\netcore\libs\template-netcore-entities\kitpymes.core.entities.tests\bin\debug\netcoreapp3.0\kitpymes.core.entities.tests.dll" id="bc7bdbdf-4891-bf37-8380-e1e4362476c4">
      <Execution id="272c266b-1e44-4c1b-a05b-ad5ffcb8aed9" />
      <TestMethod codeBase="D:\SFERRARI\01 - TRABAJO\repos\netcore\libs\template-netcore-entities\Kitpymes.Core.Entities.Tests\bin\Debug\netcoreapp3.0\Kitpymes.Core.Entities.Tests.dll" adapterTypeName="executor://mstestadapter/v2" className="Kitpymes.Core.Entities.ValueObjects.Tests.MoneyTests" name="OperatorEqual_Passing_Valid_Distinct_Values_Returns_False" />
    </UnitTest>
    <UnitTest name="Create_Passing_InvalidOrNull_Value_Returns_ApplicationException" storage="d:\sferrari\01 - trabajo\repos\netcore\libs\template-netcore-entities\kitpymes.core.entities.tests\bin\debug\netcoreapp3.0\kitpymes.core.entities.tests.dll" id="f8590f4c-8af0-6c5c-7ae1-fa12731b6342">
      <Execution id="6480beb8-3fa7-4eb9-85da-8486f2831494" />
      <TestMethod codeBase="D:\SFERRARI\01 - TRABAJO\repos\netcore\libs\template-netcore-entities\Kitpymes.Core.Entities.Tests\bin\Debug\netcoreapp3.0\Kitpymes.Core.Entities.Tests.dll" adapterTypeName="executor://mstestadapter/v2" className="Kitpymes.Core.Entities.ValueObjects.Tests.EmailTests" name="Create_Passing_InvalidOrNull_Value_Returns_ApplicationException" />
    </UnitTest>
    <UnitTest name="ToEnum_Passing_Invalid_Int_Name_Enumeracion_Returns_Null" storage="d:\sferrari\01 - trabajo\repos\netcore\libs\template-netcore-entities\kitpymes.core.entities.tests\bin\debug\netcoreapp3.0\kitpymes.core.entities.tests.dll" id="7fd04506-4241-b8b1-2349-8e867be6fbef">
      <Execution id="7fe580bf-8d13-41a5-afa0-e05e04c65683" />
      <TestMethod codeBase="D:\SFERRARI\01 - TRABAJO\repos\netcore\libs\template-netcore-entities\Kitpymes.Core.Entities.Tests\bin\Debug\netcoreapp3.0\Kitpymes.Core.Entities.Tests.dll" adapterTypeName="executor://mstestadapter/v2" className="Kitpymes.Core.Entities.Enumerations.Tests.CardTypeEnumTests" name="ToEnum_Passing_Invalid_Int_Name_Enumeracion_Returns_Null" />
    </UnitTest>
    <UnitTest name="ToEnum_Passing_Invalid_String_Name_Enumeracion_Returns_Null" storage="d:\sferrari\01 - trabajo\repos\netcore\libs\template-netcore-entities\kitpymes.core.entities.tests\bin\debug\netcoreapp3.0\kitpymes.core.entities.tests.dll" id="62f7691c-736e-bac3-74c9-a2d9d7ac94ae">
      <Execution id="0d2e2481-e7a6-405c-94f2-08c7bcbc0cd1" />
      <TestMethod codeBase="D:\SFERRARI\01 - TRABAJO\repos\netcore\libs\template-netcore-entities\Kitpymes.Core.Entities.Tests\bin\Debug\netcoreapp3.0\Kitpymes.Core.Entities.Tests.dll" adapterTypeName="executor://mstestadapter/v2" className="Kitpymes.Core.Entities.Enumerations.Tests.LogTypeEnumTests" name="ToEnum_Passing_Invalid_String_Name_Enumeracion_Returns_Null" />
    </UnitTest>
    <UnitTest name="IsNull_Passing_Null_Value_Returns_True" storage="d:\sferrari\01 - trabajo\repos\netcore\libs\template-netcore-entities\kitpymes.core.entities.tests\bin\debug\netcoreapp3.0\kitpymes.core.entities.tests.dll" id="d1ef6d46-1fa5-198f-a0cf-6cba38319a2e">
      <Execution id="184df92f-b519-486f-8096-153b5db29d7a" />
      <TestMethod codeBase="D:\SFERRARI\01 - TRABAJO\repos\netcore\libs\template-netcore-entities\Kitpymes.Core.Entities.Tests\bin\Debug\netcoreapp3.0\Kitpymes.Core.Entities.Tests.dll" adapterTypeName="executor://mstestadapter/v2" className="Kitpymes.Core.Entities.ValueObjects.Tests.EmailTests" name="IsNull_Passing_Null_Value_Returns_True" />
    </UnitTest>
    <UnitTest name="OperatorNotEqual_Passing_Valid_Values_Returns_True" storage="d:\sferrari\01 - trabajo\repos\netcore\libs\template-netcore-entities\kitpymes.core.entities.tests\bin\debug\netcoreapp3.0\kitpymes.core.entities.tests.dll" id="7d5b42e8-50c6-931f-3951-5d53097abf4e">
      <Execution id="3b70877b-3f73-472c-bfae-5713be0d7d4d" />
      <TestMethod codeBase="D:\SFERRARI\01 - TRABAJO\repos\netcore\libs\template-netcore-entities\Kitpymes.Core.Entities.Tests\bin\Debug\netcoreapp3.0\Kitpymes.Core.Entities.Tests.dll" adapterTypeName="executor://mstestadapter/v2" className="Kitpymes.Core.Entities.ValueObjects.Tests.StringIdTests" name="OperatorNotEqual_Passing_Valid_Values_Returns_True" />
    </UnitTest>
    <UnitTest name="IsAmex_Passing_Nothing_Returns_True" storage="d:\sferrari\01 - trabajo\repos\netcore\libs\template-netcore-entities\kitpymes.core.entities.tests\bin\debug\netcoreapp3.0\kitpymes.core.entities.tests.dll" id="cfc0b506-e5fe-b0db-3d07-04d53340cc58">
      <Execution id="b21b2544-e48d-449e-a9d8-57274b313d0f" />
      <TestMethod codeBase="D:\SFERRARI\01 - TRABAJO\repos\netcore\libs\template-netcore-entities\Kitpymes.Core.Entities.Tests\bin\Debug\netcoreapp3.0\Kitpymes.Core.Entities.Tests.dll" adapterTypeName="executor://mstestadapter/v2" className="Kitpymes.Core.Entities.Enumerations.Tests.CardTypeEnumTests" name="IsAmex_Passing_Nothing_Returns_True" />
    </UnitTest>
    <UnitTest name="ToString_Passing_Valid_Values_Returns_Subdomain" storage="d:\sferrari\01 - trabajo\repos\netcore\libs\template-netcore-entities\kitpymes.core.entities.tests\bin\debug\netcoreapp3.0\kitpymes.core.entities.tests.dll" id="d71963d6-dcff-e7f3-d8f4-94038e2fe289">
      <Execution id="002deb08-875d-48a6-906f-46b93c526031" />
      <TestMethod codeBase="D:\SFERRARI\01 - TRABAJO\repos\netcore\libs\template-netcore-entities\Kitpymes.Core.Entities.Tests\bin\Debug\netcoreapp3.0\Kitpymes.Core.Entities.Tests.dll" adapterTypeName="executor://mstestadapter/v2" className="Kitpymes.Core.Entities.ValueObjects.Tests.SubdomainTests" name="ToString_Passing_Valid_Values_Returns_Subdomain" />
    </UnitTest>
    <UnitTest name="GetAll_Passing_Nothing_Returns_Enumeracion_List" storage="d:\sferrari\01 - trabajo\repos\netcore\libs\template-netcore-entities\kitpymes.core.entities.tests\bin\debug\netcoreapp3.0\kitpymes.core.entities.tests.dll" id="b80b0b1c-a03f-7462-5741-ff0449349de1">
      <Execution id="9f5e728f-e624-4282-89c4-1f1fc8d167f5" />
      <TestMethod codeBase="D:\SFERRARI\01 - TRABAJO\repos\netcore\libs\template-netcore-entities\Kitpymes.Core.Entities.Tests\bin\Debug\netcoreapp3.0\Kitpymes.Core.Entities.Tests.dll" adapterTypeName="executor://mstestadapter/v2" className="Kitpymes.Core.Entities.Enumerations.Tests.StatusEnumTests" name="GetAll_Passing_Nothing_Returns_Enumeracion_List" />
    </UnitTest>
    <UnitTest name="Create_Passing_InvalidOrNull_Value_Returns_ApplicationException" storage="d:\sferrari\01 - trabajo\repos\netcore\libs\template-netcore-entities\kitpymes.core.entities.tests\bin\debug\netcoreapp3.0\kitpymes.core.entities.tests.dll" id="7f63e5ba-c44d-59a2-d525-2cb0363ac96c">
      <Execution id="e126b904-61fc-46af-8b98-567228da9a6f" />
      <TestMethod codeBase="D:\SFERRARI\01 - TRABAJO\repos\netcore\libs\template-netcore-entities\Kitpymes.Core.Entities.Tests\bin\Debug\netcoreapp3.0\Kitpymes.Core.Entities.Tests.dll" adapterTypeName="executor://mstestadapter/v2" className="Kitpymes.Core.Entities.ValueObjects.Tests.TelephoneTests" name="Create_Passing_InvalidOrNull_Value_Returns_ApplicationException" />
    </UnitTest>
    <UnitTest name="OperatorNotEqual_Passing_Valid_Values_Returns_False" storage="d:\sferrari\01 - trabajo\repos\netcore\libs\template-netcore-entities\kitpymes.core.entities.tests\bin\debug\netcoreapp3.0\kitpymes.core.entities.tests.dll" id="2cf24b7c-c50c-e047-853f-65e4172e9fe4">
      <Execution id="d5c3f14d-4428-4700-828f-924ee369c1f5" />
      <TestMethod codeBase="D:\SFERRARI\01 - TRABAJO\repos\netcore\libs\template-netcore-entities\Kitpymes.Core.Entities.Tests\bin\Debug\netcoreapp3.0\Kitpymes.Core.Entities.Tests.dll" adapterTypeName="executor://mstestadapter/v2" className="Kitpymes.Core.Entities.ValueObjects.Tests.StringIdTests" name="OperatorNotEqual_Passing_Valid_Values_Returns_False" />
    </UnitTest>
    <UnitTest name="OperatorEqual_Passing_Valid_Distinct_Values_Returns_False" storage="d:\sferrari\01 - trabajo\repos\netcore\libs\template-netcore-entities\kitpymes.core.entities.tests\bin\debug\netcoreapp3.0\kitpymes.core.entities.tests.dll" id="2bd0308d-019c-fb25-a258-ca5e7ad09231">
      <Execution id="ad9f90df-d9e1-4322-aecf-534dfade6350" />
      <TestMethod codeBase="D:\SFERRARI\01 - TRABAJO\repos\netcore\libs\template-netcore-entities\Kitpymes.Core.Entities.Tests\bin\Debug\netcoreapp3.0\Kitpymes.Core.Entities.Tests.dll" adapterTypeName="executor://mstestadapter/v2" className="Kitpymes.Core.Entities.ValueObjects.Tests.FullNameTests" name="OperatorEqual_Passing_Valid_Distinct_Values_Returns_False" />
    </UnitTest>
    <UnitTest name="ToEnum_Passing_Valid_IntName_Enumeracion_Returns_Enumeracion" storage="d:\sferrari\01 - trabajo\repos\netcore\libs\template-netcore-entities\kitpymes.core.entities.tests\bin\debug\netcoreapp3.0\kitpymes.core.entities.tests.dll" id="b0548663-47b3-8c52-226c-9dcd0a8ec50c">
      <Execution id="f024d24f-3aaf-4a04-867d-bd98e49bce94" />
      <TestMethod codeBase="D:\SFERRARI\01 - TRABAJO\repos\netcore\libs\template-netcore-entities\Kitpymes.Core.Entities.Tests\bin\Debug\netcoreapp3.0\Kitpymes.Core.Entities.Tests.dll" adapterTypeName="executor://mstestadapter/v2" className="Kitpymes.Core.Entities.Enumerations.Tests.SubscriptionEnumTests" name="ToEnum_Passing_Valid_IntName_Enumeracion_Returns_Enumeracion" />
    </UnitTest>
    <UnitTest name="GetAll_Passing_Nothing_Returns_Enumeracion_List" storage="d:\sferrari\01 - trabajo\repos\netcore\libs\template-netcore-entities\kitpymes.core.entities.tests\bin\debug\netcoreapp3.0\kitpymes.core.entities.tests.dll" id="4ffb1e76-cb8e-8152-5127-75a5ccf2e82d">
      <Execution id="2e5a4571-f68f-4a7a-b5bc-5eaa6b60c842" />
      <TestMethod codeBase="D:\SFERRARI\01 - TRABAJO\repos\netcore\libs\template-netcore-entities\Kitpymes.Core.Entities.Tests\bin\Debug\netcoreapp3.0\Kitpymes.Core.Entities.Tests.dll" adapterTypeName="executor://mstestadapter/v2" className="Kitpymes.Core.Entities.Enumerations.Tests.CardTypeEnumTests" name="GetAll_Passing_Nothing_Returns_Enumeracion_List" />
    </UnitTest>
    <UnitTest name="Create_Passing_Valid_Values_Returns_Address" storage="d:\sferrari\01 - trabajo\repos\netcore\libs\template-netcore-entities\kitpymes.core.entities.tests\bin\debug\netcoreapp3.0\kitpymes.core.entities.tests.dll" id="c00989f1-bbf2-1016-4a5a-81f963501501">
      <Execution id="65409b5a-5922-4fb8-ae01-3f15d3fb991d" />
      <TestMethod codeBase="D:\SFERRARI\01 - TRABAJO\repos\netcore\libs\template-netcore-entities\Kitpymes.Core.Entities.Tests\bin\Debug\netcoreapp3.0\Kitpymes.Core.Entities.Tests.dll" adapterTypeName="executor://mstestadapter/v2" className="Kitpymes.Core.Entities.ValueObjects.Tests.AddressTests" name="Create_Passing_Valid_Values_Returns_Address" />
    </UnitTest>
    <UnitTest name="Create_Passing_Valid_Values_Returns_Name" storage="d:\sferrari\01 - trabajo\repos\netcore\libs\template-netcore-entities\kitpymes.core.entities.tests\bin\debug\netcoreapp3.0\kitpymes.core.entities.tests.dll" id="ca869e78-7943-a46b-7927-1a8ff4fe58af">
      <Execution id="ac784425-aad3-44f4-8d5e-aa88b1fb8fd8" />
      <TestMethod codeBase="D:\SFERRARI\01 - TRABAJO\repos\netcore\libs\template-netcore-entities\Kitpymes.Core.Entities.Tests\bin\Debug\netcoreapp3.0\Kitpymes.Core.Entities.Tests.dll" adapterTypeName="executor://mstestadapter/v2" className="Kitpymes.Core.Entities.ValueObjects.Tests.NameTests" name="Create_Passing_Valid_Values_Returns_Name" />
    </UnitTest>
    <UnitTest name="ToEnum_Passing_Valid_String_Name_Returns_Enumeracion" storage="d:\sferrari\01 - trabajo\repos\netcore\libs\template-netcore-entities\kitpymes.core.entities.tests\bin\debug\netcoreapp3.0\kitpymes.core.entities.tests.dll" id="99c0f1dd-a954-07f0-474b-96a0626b66a1">
      <Execution id="d12cc9d2-e9f2-4871-869c-3f6d02a9c4cd" />
      <TestMethod codeBase="D:\SFERRARI\01 - TRABAJO\repos\netcore\libs\template-netcore-entities\Kitpymes.Core.Entities.Tests\bin\Debug\netcoreapp3.0\Kitpymes.Core.Entities.Tests.dll" adapterTypeName="executor://mstestadapter/v2" className="Kitpymes.Core.Entities.Enumerations.Tests.SubscriptionEnumTests" name="ToEnum_Passing_Valid_String_Name_Returns_Enumeracion" />
    </UnitTest>
    <UnitTest name="OperatorNotEqual_Passing_Valid_Values_Returns_False" storage="d:\sferrari\01 - trabajo\repos\netcore\libs\template-netcore-entities\kitpymes.core.entities.tests\bin\debug\netcoreapp3.0\kitpymes.core.entities.tests.dll" id="d8455b90-6045-1e3d-c9de-76db4e3d49ed">
      <Execution id="a1e3de1c-7f69-4c17-b394-9eda0953d03c" />
      <TestMethod codeBase="D:\SFERRARI\01 - TRABAJO\repos\netcore\libs\template-netcore-entities\Kitpymes.Core.Entities.Tests\bin\Debug\netcoreapp3.0\Kitpymes.Core.Entities.Tests.dll" adapterTypeName="executor://mstestadapter/v2" className="Kitpymes.Core.Entities.ValueObjects.Tests.FullNameTests" name="OperatorNotEqual_Passing_Valid_Values_Returns_False" />
    </UnitTest>
    <UnitTest name="Create_Passing_InvalidOrNull_Value_Returns_ApplicationException" storage="d:\sferrari\01 - trabajo\repos\netcore\libs\template-netcore-entities\kitpymes.core.entities.tests\bin\debug\netcoreapp3.0\kitpymes.core.entities.tests.dll" id="b7d442c5-0acd-3404-07a7-6a3e90ab8bdd">
      <Execution id="ae5503f3-ff79-4e5a-beaa-9d177d976995" />
      <TestMethod codeBase="D:\SFERRARI\01 - TRABAJO\repos\netcore\libs\template-netcore-entities\Kitpymes.Core.Entities.Tests\bin\Debug\netcoreapp3.0\Kitpymes.Core.Entities.Tests.dll" adapterTypeName="executor://mstestadapter/v2" className="Kitpymes.Core.Entities.ValueObjects.Tests.FullNameTests" name="Create_Passing_InvalidOrNull_Value_Returns_ApplicationException" />
    </UnitTest>
    <UnitTest name="ToEnum_Passing_Valid_String_Name_Enumeracion_Returns_Enumeracion" storage="d:\sferrari\01 - trabajo\repos\netcore\libs\template-netcore-entities\kitpymes.core.entities.tests\bin\debug\netcoreapp3.0\kitpymes.core.entities.tests.dll" id="1e6a5935-eb94-a549-f349-b1500900cd98">
      <Execution id="3bf01248-c5c8-4174-98b6-725bc0308ce4" />
      <TestMethod codeBase="D:\SFERRARI\01 - TRABAJO\repos\netcore\libs\template-netcore-entities\Kitpymes.Core.Entities.Tests\bin\Debug\netcoreapp3.0\Kitpymes.Core.Entities.Tests.dll" adapterTypeName="executor://mstestadapter/v2" className="Kitpymes.Core.Entities.Enumerations.Tests.CardTypeEnumTests" name="ToEnum_Passing_Valid_String_Name_Enumeracion_Returns_Enumeracion" />
    </UnitTest>
    <UnitTest name="Change_Passing_Valid_Values_Returns_Telephone" storage="d:\sferrari\01 - trabajo\repos\netcore\libs\template-netcore-entities\kitpymes.core.entities.tests\bin\debug\netcoreapp3.0\kitpymes.core.entities.tests.dll" id="ed57a0e1-ab6e-1fee-9896-d0ba117a6da1">
      <Execution id="45e99f0b-942f-43d1-849c-921a18fc97e2" />
      <TestMethod codeBase="D:\SFERRARI\01 - TRABAJO\repos\netcore\libs\template-netcore-entities\Kitpymes.Core.Entities.Tests\bin\Debug\netcoreapp3.0\Kitpymes.Core.Entities.Tests.dll" adapterTypeName="executor://mstestadapter/v2" className="Kitpymes.Core.Entities.ValueObjects.Tests.TelephoneTests" name="Change_Passing_Valid_Values_Returns_Telephone" />
    </UnitTest>
    <UnitTest name="OperatorNotEqual_Passing_Valid_Values_Returns_False" storage="d:\sferrari\01 - trabajo\repos\netcore\libs\template-netcore-entities\kitpymes.core.entities.tests\bin\debug\netcoreapp3.0\kitpymes.core.entities.tests.dll" id="b939a012-7d2e-b3be-e613-740fc697b8d4">
      <Execution id="64895573-211c-4d1d-adc3-a886895a471f" />
      <TestMethod codeBase="D:\SFERRARI\01 - TRABAJO\repos\netcore\libs\template-netcore-entities\Kitpymes.Core.Entities.Tests\bin\Debug\netcoreapp3.0\Kitpymes.Core.Entities.Tests.dll" adapterTypeName="executor://mstestadapter/v2" className="Kitpymes.Core.Entities.ValueObjects.Tests.NameTests" name="OperatorNotEqual_Passing_Valid_Values_Returns_False" />
    </UnitTest>
    <UnitTest name="IsNull_Passing_Valid_Value_Returns_False" storage="d:\sferrari\01 - trabajo\repos\netcore\libs\template-netcore-entities\kitpymes.core.entities.tests\bin\debug\netcoreapp3.0\kitpymes.core.entities.tests.dll" id="bf7415ae-45f0-be29-e76d-b41b408fe020">
      <Execution id="b1b3cd51-a5ed-4c63-9836-5a8ffa79be9a" />
      <TestMethod codeBase="D:\SFERRARI\01 - TRABAJO\repos\netcore\libs\template-netcore-entities\Kitpymes.Core.Entities.Tests\bin\Debug\netcoreapp3.0\Kitpymes.Core.Entities.Tests.dll" adapterTypeName="executor://mstestadapter/v2" className="Kitpymes.Core.Entities.ValueObjects.Tests.EmailTests" name="IsNull_Passing_Valid_Value_Returns_False" />
    </UnitTest>
    <UnitTest name="ToEnum_Passing_Invalid_Int_Name_Enumeracion_Returns_Null" storage="d:\sferrari\01 - trabajo\repos\netcore\libs\template-netcore-entities\kitpymes.core.entities.tests\bin\debug\netcoreapp3.0\kitpymes.core.entities.tests.dll" id="cd159d9c-491e-cea0-3dbb-5894d4cafd31">
      <Execution id="d471f274-3d45-43db-bd92-18763668d771" />
      <TestMethod codeBase="D:\SFERRARI\01 - TRABAJO\repos\netcore\libs\template-netcore-entities\Kitpymes.Core.Entities.Tests\bin\Debug\netcoreapp3.0\Kitpymes.Core.Entities.Tests.dll" adapterTypeName="executor://mstestadapter/v2" className="Kitpymes.Core.Entities.Enumerations.Tests.LogTypeEnumTests" name="ToEnum_Passing_Invalid_Int_Name_Enumeracion_Returns_Null" />
    </UnitTest>
    <UnitTest name="IsNull_Passing_Valid_Values_Returns_False" storage="d:\sferrari\01 - trabajo\repos\netcore\libs\template-netcore-entities\kitpymes.core.entities.tests\bin\debug\netcoreapp3.0\kitpymes.core.entities.tests.dll" id="505c974a-abdc-ad26-ef8c-4f699fb49682">
      <Execution id="5c17c84a-c7ea-46d0-8e6d-f94a770dbd8d" />
      <TestMethod codeBase="D:\SFERRARI\01 - TRABAJO\repos\netcore\libs\template-netcore-entities\Kitpymes.Core.Entities.Tests\bin\Debug\netcoreapp3.0\Kitpymes.Core.Entities.Tests.dll" adapterTypeName="executor://mstestadapter/v2" className="Kitpymes.Core.Entities.ValueObjects.Tests.FullNameTests" name="IsNull_Passing_Valid_Values_Returns_False" />
    </UnitTest>
    <UnitTest name="IsNull_Passing_Null_Value_Returns_True" storage="d:\sferrari\01 - trabajo\repos\netcore\libs\template-netcore-entities\kitpymes.core.entities.tests\bin\debug\netcoreapp3.0\kitpymes.core.entities.tests.dll" id="b64d7059-5563-47f2-0770-51679ab67ac3">
      <Execution id="273a5ce4-641b-45f2-83f9-3813c4a0474b" />
      <TestMethod codeBase="D:\SFERRARI\01 - TRABAJO\repos\netcore\libs\template-netcore-entities\Kitpymes.Core.Entities.Tests\bin\Debug\netcoreapp3.0\Kitpymes.Core.Entities.Tests.dll" adapterTypeName="executor://mstestadapter/v2" className="Kitpymes.Core.Entities.ValueObjects.Tests.StringIdTests" name="IsNull_Passing_Null_Value_Returns_True" />
    </UnitTest>
    <UnitTest name="ToEnum_Passing_Invalid_String_Name_Enumeracion_Returns_Null" storage="d:\sferrari\01 - trabajo\repos\netcore\libs\template-netcore-entities\kitpymes.core.entities.tests\bin\debug\netcoreapp3.0\kitpymes.core.entities.tests.dll" id="60ea3337-b81d-e310-278f-6cd040199409">
      <Execution id="68a3cc42-1c0c-4fb5-b469-7779033fdc76" />
      <TestMethod codeBase="D:\SFERRARI\01 - TRABAJO\repos\netcore\libs\template-netcore-entities\Kitpymes.Core.Entities.Tests\bin\Debug\netcoreapp3.0\Kitpymes.Core.Entities.Tests.dll" adapterTypeName="executor://mstestadapter/v2" className="Kitpymes.Core.Entities.Enumerations.Tests.GenderTypeEnumTests" name="ToEnum_Passing_Invalid_String_Name_Enumeracion_Returns_Null" />
    </UnitTest>
    <UnitTest name="Change_Passing_Valid_Values_Returns_Address" storage="d:\sferrari\01 - trabajo\repos\netcore\libs\template-netcore-entities\kitpymes.core.entities.tests\bin\debug\netcoreapp3.0\kitpymes.core.entities.tests.dll" id="df9ea71b-e3bc-2255-4837-0259a685da18">
      <Execution id="4e21420b-fcb6-4fa2-9b31-494a43bad21a" />
      <TestMethod codeBase="D:\SFERRARI\01 - TRABAJO\repos\netcore\libs\template-netcore-entities\Kitpymes.Core.Entities.Tests\bin\Debug\netcoreapp3.0\Kitpymes.Core.Entities.Tests.dll" adapterTypeName="executor://mstestadapter/v2" className="Kitpymes.Core.Entities.ValueObjects.Tests.AddressTests" name="Change_Passing_Valid_Values_Returns_Address" />
    </UnitTest>
    <UnitTest name="Create_Passing_Valid_Values_Returns_Address" storage="d:\sferrari\01 - trabajo\repos\netcore\libs\template-netcore-entities\kitpymes.core.entities.tests\bin\debug\netcoreapp3.0\kitpymes.core.entities.tests.dll" id="cb3aa70a-148e-24f8-4a0e-08e7b60b3af3">
      <Execution id="d6fd82f6-0603-4b11-b38d-1bd0251e178d" />
      <TestMethod codeBase="D:\SFERRARI\01 - TRABAJO\repos\netcore\libs\template-netcore-entities\Kitpymes.Core.Entities.Tests\bin\Debug\netcoreapp3.0\Kitpymes.Core.Entities.Tests.dll" adapterTypeName="executor://mstestadapter/v2" className="Kitpymes.Core.Entities.ValueObjects.Tests.MoneyTests" name="Create_Passing_Valid_Values_Returns_Address" />
    </UnitTest>
    <UnitTest name="Change_Passing_Valid_Values_Returns_Currency" storage="d:\sferrari\01 - trabajo\repos\netcore\libs\template-netcore-entities\kitpymes.core.entities.tests\bin\debug\netcoreapp3.0\kitpymes.core.entities.tests.dll" id="afb94819-d000-5c73-f44b-f1e36fef6d66">
      <Execution id="0c879d50-dcf1-4ed8-a844-1002758d0804" />
      <TestMethod codeBase="D:\SFERRARI\01 - TRABAJO\repos\netcore\libs\template-netcore-entities\Kitpymes.Core.Entities.Tests\bin\Debug\netcoreapp3.0\Kitpymes.Core.Entities.Tests.dll" adapterTypeName="executor://mstestadapter/v2" className="Kitpymes.Core.Entities.ValueObjects.Tests.CurrencyTests" name="Change_Passing_Valid_Values_Returns_Currency" />
    </UnitTest>
    <UnitTest name="ToBool_Passing_Valid_Status_Inactive_Returns_False" storage="d:\sferrari\01 - trabajo\repos\netcore\libs\template-netcore-entities\kitpymes.core.entities.tests\bin\debug\netcoreapp3.0\kitpymes.core.entities.tests.dll" id="5b9ad273-899e-043f-1d95-78fcc6790837">
      <Execution id="c785c653-9f0a-4947-9014-e04472a6c726" />
      <TestMethod codeBase="D:\SFERRARI\01 - TRABAJO\repos\netcore\libs\template-netcore-entities\Kitpymes.Core.Entities.Tests\bin\Debug\netcoreapp3.0\Kitpymes.Core.Entities.Tests.dll" adapterTypeName="executor://mstestadapter/v2" className="Kitpymes.Core.Entities.Enumerations.Tests.StatusEnumTests" name="ToBool_Passing_Valid_Status_Inactive_Returns_False" />
    </UnitTest>
    <UnitTest name="Equals_Passing_Valid_Values_Returns_True" storage="d:\sferrari\01 - trabajo\repos\netcore\libs\template-netcore-entities\kitpymes.core.entities.tests\bin\debug\netcoreapp3.0\kitpymes.core.entities.tests.dll" id="e85f4f46-0516-dc12-c91d-ac710b48a15b">
      <Execution id="f0dfccc6-3a46-4dc3-9840-0854e1111210" />
      <TestMethod codeBase="D:\SFERRARI\01 - TRABAJO\repos\netcore\libs\template-netcore-entities\Kitpymes.Core.Entities.Tests\bin\Debug\netcoreapp3.0\Kitpymes.Core.Entities.Tests.dll" adapterTypeName="executor://mstestadapter/v2" className="Kitpymes.Core.Entities.ValueObjects.Tests.NameTests" name="Equals_Passing_Valid_Values_Returns_True" />
    </UnitTest>
    <UnitTest name="IsNull_Passing_Valid_Address_Returns_False" storage="d:\sferrari\01 - trabajo\repos\netcore\libs\template-netcore-entities\kitpymes.core.entities.tests\bin\debug\netcoreapp3.0\kitpymes.core.entities.tests.dll" id="f32c4def-2f6e-3a0b-be76-e606178c7f60">
      <Execution id="9d42472a-b498-4712-ae4d-43d4755d0a9d" />
      <TestMethod codeBase="D:\SFERRARI\01 - TRABAJO\repos\netcore\libs\template-netcore-entities\Kitpymes.Core.Entities.Tests\bin\Debug\netcoreapp3.0\Kitpymes.Core.Entities.Tests.dll" adapterTypeName="executor://mstestadapter/v2" className="Kitpymes.Core.Entities.ValueObjects.Tests.AddressTests" name="IsNull_Passing_Valid_Address_Returns_False" />
    </UnitTest>
    <UnitTest name="IsNull_Passing_Null_Value_Returns_True" storage="d:\sferrari\01 - trabajo\repos\netcore\libs\template-netcore-entities\kitpymes.core.entities.tests\bin\debug\netcoreapp3.0\kitpymes.core.entities.tests.dll" id="0188a360-d0e8-2f3a-f2c3-d07e54094df7">
      <Execution id="098670ae-0fea-4162-b92c-f5f80b73a1b1" />
      <TestMethod codeBase="D:\SFERRARI\01 - TRABAJO\repos\netcore\libs\template-netcore-entities\Kitpymes.Core.Entities.Tests\bin\Debug\netcoreapp3.0\Kitpymes.Core.Entities.Tests.dll" adapterTypeName="executor://mstestadapter/v2" className="Kitpymes.Core.Entities.ValueObjects.Tests.FullNameTests" name="IsNull_Passing_Null_Value_Returns_True" />
    </UnitTest>
    <UnitTest name="OperatorNotEqual_Passing_Valid_Values_Returns_True" storage="d:\sferrari\01 - trabajo\repos\netcore\libs\template-netcore-entities\kitpymes.core.entities.tests\bin\debug\netcoreapp3.0\kitpymes.core.entities.tests.dll" id="7c9f6c94-8d7d-5c31-2b93-fff4124ed3c5">
      <Execution id="85e7892f-e4ed-4a8d-ac38-e34b4b5f6c8c" />
      <TestMethod codeBase="D:\SFERRARI\01 - TRABAJO\repos\netcore\libs\template-netcore-entities\Kitpymes.Core.Entities.Tests\bin\Debug\netcoreapp3.0\Kitpymes.Core.Entities.Tests.dll" adapterTypeName="executor://mstestadapter/v2" className="Kitpymes.Core.Entities.ValueObjects.Tests.FullNameTests" name="OperatorNotEqual_Passing_Valid_Values_Returns_True" />
    </UnitTest>
    <UnitTest name="Equals_Passing_Valid_Distinct_Values_Returns_False" storage="d:\sferrari\01 - trabajo\repos\netcore\libs\template-netcore-entities\kitpymes.core.entities.tests\bin\debug\netcoreapp3.0\kitpymes.core.entities.tests.dll" id="fe3ab238-f960-1d99-07e6-892c4c0d0c46">
      <Execution id="63159c30-c5f9-4faa-9f39-ee6670a4cdd8" />
      <TestMethod codeBase="D:\SFERRARI\01 - TRABAJO\repos\netcore\libs\template-netcore-entities\Kitpymes.Core.Entities.Tests\bin\Debug\netcoreapp3.0\Kitpymes.Core.Entities.Tests.dll" adapterTypeName="executor://mstestadapter/v2" className="Kitpymes.Core.Entities.ValueObjects.Tests.MoneyTests" name="Equals_Passing_Valid_Distinct_Values_Returns_False" />
    </UnitTest>
    <UnitTest name="Create_Passing_InvalidOrNull_Value_Returns_ApplicationException" storage="d:\sferrari\01 - trabajo\repos\netcore\libs\template-netcore-entities\kitpymes.core.entities.tests\bin\debug\netcoreapp3.0\kitpymes.core.entities.tests.dll" id="389a94fb-03f1-a2c7-c8a2-43670b7ac19d">
      <Execution id="efc00f95-34e9-4e9a-a7a1-f80d8ed700a5" />
      <TestMethod codeBase="D:\SFERRARI\01 - TRABAJO\repos\netcore\libs\template-netcore-entities\Kitpymes.Core.Entities.Tests\bin\Debug\netcoreapp3.0\Kitpymes.Core.Entities.Tests.dll" adapterTypeName="executor://mstestadapter/v2" className="Kitpymes.Core.Entities.ValueObjects.Tests.NameTests" name="Create_Passing_InvalidOrNull_Value_Returns_ApplicationException" />
    </UnitTest>
    <UnitTest name="ToString_Passing_Valid_Values_Returns_StringId" storage="d:\sferrari\01 - trabajo\repos\netcore\libs\template-netcore-entities\kitpymes.core.entities.tests\bin\debug\netcoreapp3.0\kitpymes.core.entities.tests.dll" id="0c9201c8-8275-74ca-9c91-2d0c4645730b">
      <Execution id="5ec1fb4a-6ec0-4a68-8bf8-248d3734a747" />
      <TestMethod codeBase="D:\SFERRARI\01 - TRABAJO\repos\netcore\libs\template-netcore-entities\Kitpymes.Core.Entities.Tests\bin\Debug\netcoreapp3.0\Kitpymes.Core.Entities.Tests.dll" adapterTypeName="executor://mstestadapter/v2" className="Kitpymes.Core.Entities.ValueObjects.Tests.StringIdTests" name="ToString_Passing_Valid_Values_Returns_StringId" />
    </UnitTest>
    <UnitTest name="Equals_Passing_Valid_Distinct_Values_Returns_False" storage="d:\sferrari\01 - trabajo\repos\netcore\libs\template-netcore-entities\kitpymes.core.entities.tests\bin\debug\netcoreapp3.0\kitpymes.core.entities.tests.dll" id="4c90cf97-db04-0e36-a36a-65b359ec9e59">
      <Execution id="7f3d54bb-81b4-441d-ae96-6f23d764cff6" />
      <TestMethod codeBase="D:\SFERRARI\01 - TRABAJO\repos\netcore\libs\template-netcore-entities\Kitpymes.Core.Entities.Tests\bin\Debug\netcoreapp3.0\Kitpymes.Core.Entities.Tests.dll" adapterTypeName="executor://mstestadapter/v2" className="Kitpymes.Core.Entities.ValueObjects.Tests.EmailTests" name="Equals_Passing_Valid_Distinct_Values_Returns_False" />
    </UnitTest>
    <UnitTest name="IsNull_Passing_Null_Value_Returns_True" storage="d:\sferrari\01 - trabajo\repos\netcore\libs\template-netcore-entities\kitpymes.core.entities.tests\bin\debug\netcoreapp3.0\kitpymes.core.entities.tests.dll" id="35cd21bd-ac3d-8082-2cc2-47d7b4ce3a25">
      <Execution id="089a1440-c34a-47b0-826f-5568b59e4d0d" />
      <TestMethod codeBase="D:\SFERRARI\01 - TRABAJO\repos\netcore\libs\template-netcore-entities\Kitpymes.Core.Entities.Tests\bin\Debug\netcoreapp3.0\Kitpymes.Core.Entities.Tests.dll" adapterTypeName="executor://mstestadapter/v2" className="Kitpymes.Core.Entities.ValueObjects.Tests.NameTests" name="IsNull_Passing_Null_Value_Returns_True" />
    </UnitTest>
    <UnitTest name="IsInactive_Passing_Nothing_Returns_True" storage="d:\sferrari\01 - trabajo\repos\netcore\libs\template-netcore-entities\kitpymes.core.entities.tests\bin\debug\netcoreapp3.0\kitpymes.core.entities.tests.dll" id="4abfc1ff-06cf-dc19-b35f-7c84f2bee2da">
      <Execution id="38e258c3-05b7-4f61-bbcd-4097a8377fe1" />
      <TestMethod codeBase="D:\SFERRARI\01 - TRABAJO\repos\netcore\libs\template-netcore-entities\Kitpymes.Core.Entities.Tests\bin\Debug\netcoreapp3.0\Kitpymes.Core.Entities.Tests.dll" adapterTypeName="executor://mstestadapter/v2" className="Kitpymes.Core.Entities.Enumerations.Tests.StatusEnumTests" name="IsInactive_Passing_Nothing_Returns_True" />
    </UnitTest>
    <UnitTest name="Equals_Passing_Valid_Distinct_Values_Returns_False" storage="d:\sferrari\01 - trabajo\repos\netcore\libs\template-netcore-entities\kitpymes.core.entities.tests\bin\debug\netcoreapp3.0\kitpymes.core.entities.tests.dll" id="5a24c00d-3f9c-ad2d-3249-b671bca7abbb">
      <Execution id="582017e7-57d7-4cb6-a334-80e6bb4c6740" />
      <TestMethod codeBase="D:\SFERRARI\01 - TRABAJO\repos\netcore\libs\template-netcore-entities\Kitpymes.Core.Entities.Tests\bin\Debug\netcoreapp3.0\Kitpymes.Core.Entities.Tests.dll" adapterTypeName="executor://mstestadapter/v2" className="Kitpymes.Core.Entities.ValueObjects.Tests.SubdomainTests" name="Equals_Passing_Valid_Distinct_Values_Returns_False" />
    </UnitTest>
    <UnitTest name="IsNull_Passing_Null_Address_Returns_True" storage="d:\sferrari\01 - trabajo\repos\netcore\libs\template-netcore-entities\kitpymes.core.entities.tests\bin\debug\netcoreapp3.0\kitpymes.core.entities.tests.dll" id="eb28919c-10bf-694a-78bc-ac7d54701422">
      <Execution id="4180852b-8a1d-4b5f-9167-54b95ddd5b61" />
      <TestMethod codeBase="D:\SFERRARI\01 - TRABAJO\repos\netcore\libs\template-netcore-entities\Kitpymes.Core.Entities.Tests\bin\Debug\netcoreapp3.0\Kitpymes.Core.Entities.Tests.dll" adapterTypeName="executor://mstestadapter/v2" className="Kitpymes.Core.Entities.ValueObjects.Tests.AddressTests" name="IsNull_Passing_Null_Address_Returns_True" />
    </UnitTest>
    <UnitTest name="ToString_Passing_Valid_Values_Returns_Value_String_Format" storage="d:\sferrari\01 - trabajo\repos\netcore\libs\template-netcore-entities\kitpymes.core.entities.tests\bin\debug\netcoreapp3.0\kitpymes.core.entities.tests.dll" id="860a3ab5-e4fc-cad4-fe40-328241e258f0">
      <Execution id="900bf531-bf90-4a63-bd29-b234e78c0c5d" />
      <TestMethod codeBase="D:\SFERRARI\01 - TRABAJO\repos\netcore\libs\template-netcore-entities\Kitpymes.Core.Entities.Tests\bin\Debug\netcoreapp3.0\Kitpymes.Core.Entities.Tests.dll" adapterTypeName="executor://mstestadapter/v2" className="Kitpymes.Core.Entities.ValueObjects.Tests.TelephoneTests" name="ToString_Passing_Valid_Values_Returns_Value_String_Format" />
    </UnitTest>
    <UnitTest name="Create_Passing_Valid_Values_Returns_Telephone" storage="d:\sferrari\01 - trabajo\repos\netcore\libs\template-netcore-entities\kitpymes.core.entities.tests\bin\debug\netcoreapp3.0\kitpymes.core.entities.tests.dll" id="df298487-0356-51ee-e237-7e10cf339a23">
      <Execution id="c4d087bb-4748-4188-9aa7-a164dedda29d" />
      <TestMethod codeBase="D:\SFERRARI\01 - TRABAJO\repos\netcore\libs\template-netcore-entities\Kitpymes.Core.Entities.Tests\bin\Debug\netcoreapp3.0\Kitpymes.Core.Entities.Tests.dll" adapterTypeName="executor://mstestadapter/v2" className="Kitpymes.Core.Entities.ValueObjects.Tests.TelephoneTests" name="Create_Passing_Valid_Values_Returns_Telephone" />
    </UnitTest>
    <UnitTest name="Equals_Passing_Valid_Distinct_Values_Returns_False" storage="d:\sferrari\01 - trabajo\repos\netcore\libs\template-netcore-entities\kitpymes.core.entities.tests\bin\debug\netcoreapp3.0\kitpymes.core.entities.tests.dll" id="07188371-eb7e-e491-e017-bf959c68f6d1">
      <Execution id="d90a5034-dec6-4f13-81b3-9041bdf96df4" />
      <TestMethod codeBase="D:\SFERRARI\01 - TRABAJO\repos\netcore\libs\template-netcore-entities\Kitpymes.Core.Entities.Tests\bin\Debug\netcoreapp3.0\Kitpymes.Core.Entities.Tests.dll" adapterTypeName="executor://mstestadapter/v2" className="Kitpymes.Core.Entities.ValueObjects.Tests.StringIdTests" name="Equals_Passing_Valid_Distinct_Values_Returns_False" />
    </UnitTest>
    <UnitTest name="ToEnum_Passing_Valid_Int_value_Returns_Enumeracion" storage="d:\sferrari\01 - trabajo\repos\netcore\libs\template-netcore-entities\kitpymes.core.entities.tests\bin\debug\netcoreapp3.0\kitpymes.core.entities.tests.dll" id="145667c7-887e-fb55-f15f-87c10ffaa544">
      <Execution id="3d446c8e-2acd-43e0-9c0e-39d7048f6864" />
      <TestMethod codeBase="D:\SFERRARI\01 - TRABAJO\repos\netcore\libs\template-netcore-entities\Kitpymes.Core.Entities.Tests\bin\Debug\netcoreapp3.0\Kitpymes.Core.Entities.Tests.dll" adapterTypeName="executor://mstestadapter/v2" className="Kitpymes.Core.Entities.Enumerations.Tests.StatusEnumTests" name="ToEnum_Passing_Valid_Int_value_Returns_Enumeracion" />
    </UnitTest>
    <UnitTest name="Create_Passing_InvalidOrNull_Value_Returns_ApplicationException" storage="d:\sferrari\01 - trabajo\repos\netcore\libs\template-netcore-entities\kitpymes.core.entities.tests\bin\debug\netcoreapp3.0\kitpymes.core.entities.tests.dll" id="a135e145-a8f1-0965-22d8-18ac186f6fcf">
      <Execution id="1edc88d8-abe3-4c4d-b2af-02c2e94a6d53" />
      <TestMethod codeBase="D:\SFERRARI\01 - TRABAJO\repos\netcore\libs\template-netcore-entities\Kitpymes.Core.Entities.Tests\bin\Debug\netcoreapp3.0\Kitpymes.Core.Entities.Tests.dll" adapterTypeName="executor://mstestadapter/v2" className="Kitpymes.Core.Entities.ValueObjects.Tests.MoneyTests" name="Create_Passing_InvalidOrNull_Value_Returns_ApplicationException" />
    </UnitTest>
    <UnitTest name="ToEnum_Passing_Invalid_Int_Name_Enumeracion_Returns_Null" storage="d:\sferrari\01 - trabajo\repos\netcore\libs\template-netcore-entities\kitpymes.core.entities.tests\bin\debug\netcoreapp3.0\kitpymes.core.entities.tests.dll" id="3825a6bf-15ba-3ddd-7270-3610d4ba1398">
      <Execution id="f8a4af95-a639-432a-8a92-20af247c103d" />
      <TestMethod codeBase="D:\SFERRARI\01 - TRABAJO\repos\netcore\libs\template-netcore-entities\Kitpymes.Core.Entities.Tests\bin\Debug\netcoreapp3.0\Kitpymes.Core.Entities.Tests.dll" adapterTypeName="executor://mstestadapter/v2" className="Kitpymes.Core.Entities.Enumerations.Tests.SubscriptionEnumTests" name="ToEnum_Passing_Invalid_Int_Name_Enumeracion_Returns_Null" />
    </UnitTest>
    <UnitTest name="IsMale_Passing_Nothing_Returns_True" storage="d:\sferrari\01 - trabajo\repos\netcore\libs\template-netcore-entities\kitpymes.core.entities.tests\bin\debug\netcoreapp3.0\kitpymes.core.entities.tests.dll" id="96faba19-0bfe-83ba-6e84-9c0321f406c2">
      <Execution id="2e9da6be-e6b2-481b-8e51-1980bb66dda4" />
      <TestMethod codeBase="D:\SFERRARI\01 - TRABAJO\repos\netcore\libs\template-netcore-entities\Kitpymes.Core.Entities.Tests\bin\Debug\netcoreapp3.0\Kitpymes.Core.Entities.Tests.dll" adapterTypeName="executor://mstestadapter/v2" className="Kitpymes.Core.Entities.Enumerations.Tests.GenderTypeEnumTests" name="IsMale_Passing_Nothing_Returns_True" />
    </UnitTest>
    <UnitTest name="OperatorEqual_Passing_Valid_Values_Returns_True" storage="d:\sferrari\01 - trabajo\repos\netcore\libs\template-netcore-entities\kitpymes.core.entities.tests\bin\debug\netcoreapp3.0\kitpymes.core.entities.tests.dll" id="8010ce30-a236-ec4e-43aa-ea9ebe0ce095">
      <Execution id="5cfc4213-10c5-4811-81d4-86889101719b" />
      <TestMethod codeBase="D:\SFERRARI\01 - TRABAJO\repos\netcore\libs\template-netcore-entities\Kitpymes.Core.Entities.Tests\bin\Debug\netcoreapp3.0\Kitpymes.Core.Entities.Tests.dll" adapterTypeName="executor://mstestadapter/v2" className="Kitpymes.Core.Entities.ValueObjects.Tests.EmailTests" name="OperatorEqual_Passing_Valid_Values_Returns_True" />
    </UnitTest>
    <UnitTest name="OperatorEqual_Passing_Valid_Distinct_Values_Returns_False" storage="d:\sferrari\01 - trabajo\repos\netcore\libs\template-netcore-entities\kitpymes.core.entities.tests\bin\debug\netcoreapp3.0\kitpymes.core.entities.tests.dll" id="b10bbd05-c792-3d8c-96c7-1a5f4647c7dd">
      <Execution id="1fe76b49-64d9-45cc-92fd-59ff04a1edb8" />
      <TestMethod codeBase="D:\SFERRARI\01 - TRABAJO\repos\netcore\libs\template-netcore-entities\Kitpymes.Core.Entities.Tests\bin\Debug\netcoreapp3.0\Kitpymes.Core.Entities.Tests.dll" adapterTypeName="executor://mstestadapter/v2" className="Kitpymes.Core.Entities.ValueObjects.Tests.NameTests" name="OperatorEqual_Passing_Valid_Distinct_Values_Returns_False" />
    </UnitTest>
    <UnitTest name="Equals_Passing_Valid_Values_Returns_True" storage="d:\sferrari\01 - trabajo\repos\netcore\libs\template-netcore-entities\kitpymes.core.entities.tests\bin\debug\netcoreapp3.0\kitpymes.core.entities.tests.dll" id="b4fa98e0-ad74-6dc8-23c1-bd54dd325a57">
      <Execution id="d8fb5a65-5306-41df-b063-fc7954023cf3" />
      <TestMethod codeBase="D:\SFERRARI\01 - TRABAJO\repos\netcore\libs\template-netcore-entities\Kitpymes.Core.Entities.Tests\bin\Debug\netcoreapp3.0\Kitpymes.Core.Entities.Tests.dll" adapterTypeName="executor://mstestadapter/v2" className="Kitpymes.Core.Entities.ValueObjects.Tests.FullNameTests" name="Equals_Passing_Valid_Values_Returns_True" />
    </UnitTest>
    <UnitTest name="Create_Passing_Valid_Values_Returns_Currency" storage="d:\sferrari\01 - trabajo\repos\netcore\libs\template-netcore-entities\kitpymes.core.entities.tests\bin\debug\netcoreapp3.0\kitpymes.core.entities.tests.dll" id="39ea45cc-1ad3-df2f-5644-569d0fae9835">
      <Execution id="ab77cdd4-57f7-4f71-a7e2-0284006a5612" />
      <TestMethod codeBase="D:\SFERRARI\01 - TRABAJO\repos\netcore\libs\template-netcore-entities\Kitpymes.Core.Entities.Tests\bin\Debug\netcoreapp3.0\Kitpymes.Core.Entities.Tests.dll" adapterTypeName="executor://mstestadapter/v2" className="Kitpymes.Core.Entities.ValueObjects.Tests.CurrencyTests" name="Create_Passing_Valid_Values_Returns_Currency" />
    </UnitTest>
    <UnitTest name="Change_Passing_Valid_Values_Returns_Name" storage="d:\sferrari\01 - trabajo\repos\netcore\libs\template-netcore-entities\kitpymes.core.entities.tests\bin\debug\netcoreapp3.0\kitpymes.core.entities.tests.dll" id="76c79f9f-0b75-deaf-c0c8-6849a01fabe5">
      <Execution id="e6794435-2639-424b-b74c-682f84bf6e11" />
      <TestMethod codeBase="D:\SFERRARI\01 - TRABAJO\repos\netcore\libs\template-netcore-entities\Kitpymes.Core.Entities.Tests\bin\Debug\netcoreapp3.0\Kitpymes.Core.Entities.Tests.dll" adapterTypeName="executor://mstestadapter/v2" className="Kitpymes.Core.Entities.ValueObjects.Tests.NameTests" name="Change_Passing_Valid_Values_Returns_Name" />
    </UnitTest>
    <UnitTest name="OperatorEqual_Passing_Valid_Distinct_Values_Returns_False" storage="d:\sferrari\01 - trabajo\repos\netcore\libs\template-netcore-entities\kitpymes.core.entities.tests\bin\debug\netcoreapp3.0\kitpymes.core.entities.tests.dll" id="13846877-4c93-45de-5e9a-d22d164df494">
      <Execution id="5c2398c8-44d4-4335-9cc5-4ff5dc6be037" />
      <TestMethod codeBase="D:\SFERRARI\01 - TRABAJO\repos\netcore\libs\template-netcore-entities\Kitpymes.Core.Entities.Tests\bin\Debug\netcoreapp3.0\Kitpymes.Core.Entities.Tests.dll" adapterTypeName="executor://mstestadapter/v2" className="Kitpymes.Core.Entities.ValueObjects.Tests.SubdomainTests" name="OperatorEqual_Passing_Valid_Distinct_Values_Returns_False" />
    </UnitTest>
    <UnitTest name="GetAll_Passing_Nothing_Returns_Enumeracion_List" storage="d:\sferrari\01 - trabajo\repos\netcore\libs\template-netcore-entities\kitpymes.core.entities.tests\bin\debug\netcoreapp3.0\kitpymes.core.entities.tests.dll" id="a7b68708-c69e-0ff4-e40e-725b6fe202e8">
      <Execution id="edf1c442-2cf3-468e-93e5-2d1e2388e98f" />
      <TestMethod codeBase="D:\SFERRARI\01 - TRABAJO\repos\netcore\libs\template-netcore-entities\Kitpymes.Core.Entities.Tests\bin\Debug\netcoreapp3.0\Kitpymes.Core.Entities.Tests.dll" adapterTypeName="executor://mstestadapter/v2" className="Kitpymes.Core.Entities.Enumerations.Tests.SubscriptionEnumTests" name="GetAll_Passing_Nothing_Returns_Enumeracion_List" />
    </UnitTest>
    <UnitTest name="Change_Passing_Valid_Values_Returns_Email" storage="d:\sferrari\01 - trabajo\repos\netcore\libs\template-netcore-entities\kitpymes.core.entities.tests\bin\debug\netcoreapp3.0\kitpymes.core.entities.tests.dll" id="7d55952c-7491-2bc1-f80b-6bd31d5146d2">
      <Execution id="37505fd0-ac02-4dbd-83dd-eea5843c370a" />
      <TestMethod codeBase="D:\SFERRARI\01 - TRABAJO\repos\netcore\libs\template-netcore-entities\Kitpymes.Core.Entities.Tests\bin\Debug\netcoreapp3.0\Kitpymes.Core.Entities.Tests.dll" adapterTypeName="executor://mstestadapter/v2" className="Kitpymes.Core.Entities.ValueObjects.Tests.EmailTests" name="Change_Passing_Valid_Values_Returns_Email" />
    </UnitTest>
    <UnitTest name="IsNull_Passing_Valid_Value_Returns_False" storage="d:\sferrari\01 - trabajo\repos\netcore\libs\template-netcore-entities\kitpymes.core.entities.tests\bin\debug\netcoreapp3.0\kitpymes.core.entities.tests.dll" id="f01f0ea6-f37a-0be9-85c7-e4c1c96ff482">
      <Execution id="b2f61596-bdb2-47d7-9a3d-0fd4b27cc22e" />
      <TestMethod codeBase="D:\SFERRARI\01 - TRABAJO\repos\netcore\libs\template-netcore-entities\Kitpymes.Core.Entities.Tests\bin\Debug\netcoreapp3.0\Kitpymes.Core.Entities.Tests.dll" adapterTypeName="executor://mstestadapter/v2" className="Kitpymes.Core.Entities.ValueObjects.Tests.SubdomainTests" name="IsNull_Passing_Valid_Value_Returns_False" />
    </UnitTest>
    <UnitTest name="ToEnum_Passing_Valid_IntName_Enumeracion_Returns_Enumeracion" storage="d:\sferrari\01 - trabajo\repos\netcore\libs\template-netcore-entities\kitpymes.core.entities.tests\bin\debug\netcoreapp3.0\kitpymes.core.entities.tests.dll" id="e5e892cf-2006-a955-6ca0-1ec5d852214c">
      <Execution id="04677b90-dc4f-48b2-836b-a8b5b95536ee" />
      <TestMethod codeBase="D:\SFERRARI\01 - TRABAJO\repos\netcore\libs\template-netcore-entities\Kitpymes.Core.Entities.Tests\bin\Debug\netcoreapp3.0\Kitpymes.Core.Entities.Tests.dll" adapterTypeName="executor://mstestadapter/v2" className="Kitpymes.Core.Entities.Enumerations.Tests.CardTypeEnumTests" name="ToEnum_Passing_Valid_IntName_Enumeracion_Returns_Enumeracion" />
    </UnitTest>
    <UnitTest name="ToString_Passing_Valid_Values_Returns_Name" storage="d:\sferrari\01 - trabajo\repos\netcore\libs\template-netcore-entities\kitpymes.core.entities.tests\bin\debug\netcoreapp3.0\kitpymes.core.entities.tests.dll" id="f2e092d4-d663-ae2f-6d89-847a0ae86968">
      <Execution id="acaac70a-ebe6-48a6-b719-c5767a1d44b8" />
      <TestMethod codeBase="D:\SFERRARI\01 - TRABAJO\repos\netcore\libs\template-netcore-entities\Kitpymes.Core.Entities.Tests\bin\Debug\netcoreapp3.0\Kitpymes.Core.Entities.Tests.dll" adapterTypeName="executor://mstestadapter/v2" className="Kitpymes.Core.Entities.ValueObjects.Tests.NameTests" name="ToString_Passing_Valid_Values_Returns_Name" />
    </UnitTest>
    <UnitTest name="Change_Passing_Valid_Values_Returns_FullName" storage="d:\sferrari\01 - trabajo\repos\netcore\libs\template-netcore-entities\kitpymes.core.entities.tests\bin\debug\netcoreapp3.0\kitpymes.core.entities.tests.dll" id="571ad406-4c46-6d0b-a0ab-0bbddda456a0">
      <Execution id="682e80ed-fed1-425e-bd2e-27be7ac20e76" />
      <TestMethod codeBase="D:\SFERRARI\01 - TRABAJO\repos\netcore\libs\template-netcore-entities\Kitpymes.Core.Entities.Tests\bin\Debug\netcoreapp3.0\Kitpymes.Core.Entities.Tests.dll" adapterTypeName="executor://mstestadapter/v2" className="Kitpymes.Core.Entities.ValueObjects.Tests.FullNameTests" name="Change_Passing_Valid_Values_Returns_FullName" />
    </UnitTest>
    <UnitTest name="Equals_Passing_Valid_Values_Returns_False" storage="d:\sferrari\01 - trabajo\repos\netcore\libs\template-netcore-entities\kitpymes.core.entities.tests\bin\debug\netcoreapp3.0\kitpymes.core.entities.tests.dll" id="fc04751a-29b6-34b0-30bc-db8740bebbfc">
      <Execution id="fc100718-ffa9-48f1-bbe9-28784b1b8ce8" />
      <TestMethod codeBase="D:\SFERRARI\01 - TRABAJO\repos\netcore\libs\template-netcore-entities\Kitpymes.Core.Entities.Tests\bin\Debug\netcoreapp3.0\Kitpymes.Core.Entities.Tests.dll" adapterTypeName="executor://mstestadapter/v2" className="Kitpymes.Core.Entities.ValueObjects.Tests.AddressTests" name="Equals_Passing_Valid_Values_Returns_False" />
    </UnitTest>
    <UnitTest name="IsNull_Passing_Valid_Values_Returns_False" storage="d:\sferrari\01 - trabajo\repos\netcore\libs\template-netcore-entities\kitpymes.core.entities.tests\bin\debug\netcoreapp3.0\kitpymes.core.entities.tests.dll" id="cff35c85-26ba-6235-75c6-1c2564d348c6">
      <Execution id="fd16c4a3-217f-4287-8f9b-3830e657acbb" />
      <TestMethod codeBase="D:\SFERRARI\01 - TRABAJO\repos\netcore\libs\template-netcore-entities\Kitpymes.Core.Entities.Tests\bin\Debug\netcoreapp3.0\Kitpymes.Core.Entities.Tests.dll" adapterTypeName="executor://mstestadapter/v2" className="Kitpymes.Core.Entities.ValueObjects.Tests.TelephoneTests" name="IsNull_Passing_Valid_Values_Returns_False" />
    </UnitTest>
    <UnitTest name="ToEnum_Passing_Valid_IntName_Enumeracion_Returns_Enumeracion" storage="d:\sferrari\01 - trabajo\repos\netcore\libs\template-netcore-entities\kitpymes.core.entities.tests\bin\debug\netcoreapp3.0\kitpymes.core.entities.tests.dll" id="27a0e577-20d6-fabc-02be-7af6a06cb12f">
      <Execution id="64463b0f-0857-4930-ace9-11b1eed29870" />
      <TestMethod codeBase="D:\SFERRARI\01 - TRABAJO\repos\netcore\libs\template-netcore-entities\Kitpymes.Core.Entities.Tests\bin\Debug\netcoreapp3.0\Kitpymes.Core.Entities.Tests.dll" adapterTypeName="executor://mstestadapter/v2" className="Kitpymes.Core.Entities.Enumerations.Tests.GenderTypeEnumTests" name="ToEnum_Passing_Valid_IntName_Enumeracion_Returns_Enumeracion" />
    </UnitTest>
    <UnitTest name="OperatorEqual_Passing_Valid_Values_Returns_True" storage="d:\sferrari\01 - trabajo\repos\netcore\libs\template-netcore-entities\kitpymes.core.entities.tests\bin\debug\netcoreapp3.0\kitpymes.core.entities.tests.dll" id="153dd652-4eeb-f718-2869-b5ccdad8d784">
      <Execution id="679ad282-bf04-4038-af4d-8a5e58853141" />
      <TestMethod codeBase="D:\SFERRARI\01 - TRABAJO\repos\netcore\libs\template-netcore-entities\Kitpymes.Core.Entities.Tests\bin\Debug\netcoreapp3.0\Kitpymes.Core.Entities.Tests.dll" adapterTypeName="executor://mstestadapter/v2" className="Kitpymes.Core.Entities.ValueObjects.Tests.MoneyTests" name="OperatorEqual_Passing_Valid_Values_Returns_True" />
    </UnitTest>
    <UnitTest name="IsFemale_Passing_Nothing_Returns_True" storage="d:\sferrari\01 - trabajo\repos\netcore\libs\template-netcore-entities\kitpymes.core.entities.tests\bin\debug\netcoreapp3.0\kitpymes.core.entities.tests.dll" id="63f587ad-86e0-a19d-ea1b-305a8e55bb70">
      <Execution id="f0d9c574-41c9-4704-b983-0e83867bb559" />
      <TestMethod codeBase="D:\SFERRARI\01 - TRABAJO\repos\netcore\libs\template-netcore-entities\Kitpymes.Core.Entities.Tests\bin\Debug\netcoreapp3.0\Kitpymes.Core.Entities.Tests.dll" adapterTypeName="executor://mstestadapter/v2" className="Kitpymes.Core.Entities.Enumerations.Tests.GenderTypeEnumTests" name="IsFemale_Passing_Nothing_Returns_True" />
    </UnitTest>
    <UnitTest name="Equals_Passing_Valid_Distinct_Values_Returns_False" storage="d:\sferrari\01 - trabajo\repos\netcore\libs\template-netcore-entities\kitpymes.core.entities.tests\bin\debug\netcoreapp3.0\kitpymes.core.entities.tests.dll" id="486d5231-aeb6-594f-38d5-98ce591994a3">
      <Execution id="734cf4b2-113c-40b1-a70f-59a64872b3e9" />
      <TestMethod codeBase="D:\SFERRARI\01 - TRABAJO\repos\netcore\libs\template-netcore-entities\Kitpymes.Core.Entities.Tests\bin\Debug\netcoreapp3.0\Kitpymes.Core.Entities.Tests.dll" adapterTypeName="executor://mstestadapter/v2" className="Kitpymes.Core.Entities.ValueObjects.Tests.TelephoneTests" name="Equals_Passing_Valid_Distinct_Values_Returns_False" />
    </UnitTest>
    <UnitTest name="Create_Passing_Valid_Values_Returns_FullName" storage="d:\sferrari\01 - trabajo\repos\netcore\libs\template-netcore-entities\kitpymes.core.entities.tests\bin\debug\netcoreapp3.0\kitpymes.core.entities.tests.dll" id="2ea46394-44f6-bdfd-606e-536cc1a2eef1">
      <Execution id="e31dbd54-65a1-41d7-a7e2-1c3fe5daccf4" />
      <TestMethod codeBase="D:\SFERRARI\01 - TRABAJO\repos\netcore\libs\template-netcore-entities\Kitpymes.Core.Entities.Tests\bin\Debug\netcoreapp3.0\Kitpymes.Core.Entities.Tests.dll" adapterTypeName="executor://mstestadapter/v2" className="Kitpymes.Core.Entities.ValueObjects.Tests.FullNameTests" name="Create_Passing_Valid_Values_Returns_FullName" />
    </UnitTest>
    <UnitTest name="IsSilver_Passing_Nothing_Returns_True" storage="d:\sferrari\01 - trabajo\repos\netcore\libs\template-netcore-entities\kitpymes.core.entities.tests\bin\debug\netcoreapp3.0\kitpymes.core.entities.tests.dll" id="37226e78-15f9-d454-011f-5b93613f63ef">
      <Execution id="92443014-21f7-4453-af0c-afc696cbebc7" />
      <TestMethod codeBase="D:\SFERRARI\01 - TRABAJO\repos\netcore\libs\template-netcore-entities\Kitpymes.Core.Entities.Tests\bin\Debug\netcoreapp3.0\Kitpymes.Core.Entities.Tests.dll" adapterTypeName="executor://mstestadapter/v2" className="Kitpymes.Core.Entities.Enumerations.Tests.SubscriptionEnumTests" name="IsSilver_Passing_Nothing_Returns_True" />
    </UnitTest>
    <UnitTest name="OperatorNotEqual_Passing_Valid_Values_Returns_True" storage="d:\sferrari\01 - trabajo\repos\netcore\libs\template-netcore-entities\kitpymes.core.entities.tests\bin\debug\netcoreapp3.0\kitpymes.core.entities.tests.dll" id="398af0c0-2099-6a75-20f6-c6ae3a70956a">
      <Execution id="cc02aec6-1465-43a1-9ed9-748c69685a27" />
      <TestMethod codeBase="D:\SFERRARI\01 - TRABAJO\repos\netcore\libs\template-netcore-entities\Kitpymes.Core.Entities.Tests\bin\Debug\netcoreapp3.0\Kitpymes.Core.Entities.Tests.dll" adapterTypeName="executor://mstestadapter/v2" className="Kitpymes.Core.Entities.ValueObjects.Tests.CurrencyTests" name="OperatorNotEqual_Passing_Valid_Values_Returns_True" />
    </UnitTest>
    <UnitTest name="ToNormalize_Passing_Valid_Values_Returns_Address_String_Format" storage="d:\sferrari\01 - trabajo\repos\netcore\libs\template-netcore-entities\kitpymes.core.entities.tests\bin\debug\netcoreapp3.0\kitpymes.core.entities.tests.dll" id="2a42fb62-90e3-d0b8-2433-6770585d59ac">
      <Execution id="e3bc4654-437a-40e3-ad46-0cbdc215843b" />
      <TestMethod codeBase="D:\SFERRARI\01 - TRABAJO\repos\netcore\libs\template-netcore-entities\Kitpymes.Core.Entities.Tests\bin\Debug\netcoreapp3.0\Kitpymes.Core.Entities.Tests.dll" adapterTypeName="executor://mstestadapter/v2" className="Kitpymes.Core.Entities.ValueObjects.Tests.EmailTests" name="ToNormalize_Passing_Valid_Values_Returns_Address_String_Format" />
    </UnitTest>
    <UnitTest name="Create_Passing_InvalidOrNull_Value_Returns_ApplicationException" storage="d:\sferrari\01 - trabajo\repos\netcore\libs\template-netcore-entities\kitpymes.core.entities.tests\bin\debug\netcoreapp3.0\kitpymes.core.entities.tests.dll" id="9d4133ce-d100-cb57-5378-7ee78c039307">
      <Execution id="84818a19-4ddf-4bb6-ad43-600459b80e2d" />
      <TestMethod codeBase="D:\SFERRARI\01 - TRABAJO\repos\netcore\libs\template-netcore-entities\Kitpymes.Core.Entities.Tests\bin\Debug\netcoreapp3.0\Kitpymes.Core.Entities.Tests.dll" adapterTypeName="executor://mstestadapter/v2" className="Kitpymes.Core.Entities.ValueObjects.Tests.AddressTests" name="Create_Passing_InvalidOrNull_Value_Returns_ApplicationException" />
    </UnitTest>
    <UnitTest name="ToEnum_Passing_Invalid_Int_Name_Enumeracion_Returns_Null" storage="d:\sferrari\01 - trabajo\repos\netcore\libs\template-netcore-entities\kitpymes.core.entities.tests\bin\debug\netcoreapp3.0\kitpymes.core.entities.tests.dll" id="582ef803-3445-a1eb-d630-9b4dabc719d5">
      <Execution id="fd6a3312-6ceb-4cc7-851e-33d52b6764cf" />
      <TestMethod codeBase="D:\SFERRARI\01 - TRABAJO\repos\netcore\libs\template-netcore-entities\Kitpymes.Core.Entities.Tests\bin\Debug\netcoreapp3.0\Kitpymes.Core.Entities.Tests.dll" adapterTypeName="executor://mstestadapter/v2" className="Kitpymes.Core.Entities.Enumerations.Tests.GenderTypeEnumTests" name="ToEnum_Passing_Invalid_Int_Name_Enumeracion_Returns_Null" />
    </UnitTest>
    <UnitTest name="OperatorEqual_Passing_Valid_Values_Returns_True" storage="d:\sferrari\01 - trabajo\repos\netcore\libs\template-netcore-entities\kitpymes.core.entities.tests\bin\debug\netcoreapp3.0\kitpymes.core.entities.tests.dll" id="0394e59d-8e17-d872-c29f-c28ac3eea7b0">
      <Execution id="e5aea529-d5f5-4ceb-bf6f-75bf5876d937" />
      <TestMethod codeBase="D:\SFERRARI\01 - TRABAJO\repos\netcore\libs\template-netcore-entities\Kitpymes.Core.Entities.Tests\bin\Debug\netcoreapp3.0\Kitpymes.Core.Entities.Tests.dll" adapterTypeName="executor://mstestadapter/v2" className="Kitpymes.Core.Entities.ValueObjects.Tests.AddressTests" name="OperatorEqual_Passing_Valid_Values_Returns_True" />
    </UnitTest>
    <UnitTest name="OperatorEqual_Passing_Valid_Values_Returns_True" storage="d:\sferrari\01 - trabajo\repos\netcore\libs\template-netcore-entities\kitpymes.core.entities.tests\bin\debug\netcoreapp3.0\kitpymes.core.entities.tests.dll" id="9c04e34f-7224-62e2-c837-288675a1ae2d">
      <Execution id="acd85260-4eef-42a2-afc8-e93c0b84b41d" />
      <TestMethod codeBase="D:\SFERRARI\01 - TRABAJO\repos\netcore\libs\template-netcore-entities\Kitpymes.Core.Entities.Tests\bin\Debug\netcoreapp3.0\Kitpymes.Core.Entities.Tests.dll" adapterTypeName="executor://mstestadapter/v2" className="Kitpymes.Core.Entities.ValueObjects.Tests.StringIdTests" name="OperatorEqual_Passing_Valid_Values_Returns_True" />
    </UnitTest>
    <UnitTest name="IsFree_Passing_Nothing_Returns_True" storage="d:\sferrari\01 - trabajo\repos\netcore\libs\template-netcore-entities\kitpymes.core.entities.tests\bin\debug\netcoreapp3.0\kitpymes.core.entities.tests.dll" id="3ac8ffbb-30b0-a85d-3e7e-8f2f12c4ed12">
      <Execution id="cbcb09b0-8a9c-4fd5-85de-0fd33a91dfe9" />
      <TestMethod codeBase="D:\SFERRARI\01 - TRABAJO\repos\netcore\libs\template-netcore-entities\Kitpymes.Core.Entities.Tests\bin\Debug\netcoreapp3.0\Kitpymes.Core.Entities.Tests.dll" adapterTypeName="executor://mstestadapter/v2" className="Kitpymes.Core.Entities.Enumerations.Tests.SubscriptionEnumTests" name="IsFree_Passing_Nothing_Returns_True" />
    </UnitTest>
    <UnitTest name="GetAll_Passing_Nothing_Returns_Enumeracion_List" storage="d:\sferrari\01 - trabajo\repos\netcore\libs\template-netcore-entities\kitpymes.core.entities.tests\bin\debug\netcoreapp3.0\kitpymes.core.entities.tests.dll" id="a50cb7dc-992a-23d1-57a7-839a1118dfa3">
      <Execution id="853f8195-b8c0-4518-826d-ce6f9b821324" />
      <TestMethod codeBase="D:\SFERRARI\01 - TRABAJO\repos\netcore\libs\template-netcore-entities\Kitpymes.Core.Entities.Tests\bin\Debug\netcoreapp3.0\Kitpymes.Core.Entities.Tests.dll" adapterTypeName="executor://mstestadapter/v2" className="Kitpymes.Core.Entities.Enumerations.Tests.GenderTypeEnumTests" name="GetAll_Passing_Nothing_Returns_Enumeracion_List" />
    </UnitTest>
    <UnitTest name="Equals_Passing_Valid_Distinct_Values_Returns_False" storage="d:\sferrari\01 - trabajo\repos\netcore\libs\template-netcore-entities\kitpymes.core.entities.tests\bin\debug\netcoreapp3.0\kitpymes.core.entities.tests.dll" id="a31fe255-a9f2-dfdc-2937-103680a980ea">
      <Execution id="2cbc0899-9413-4627-8be2-6e656d6e8f8f" />
      <TestMethod codeBase="D:\SFERRARI\01 - TRABAJO\repos\netcore\libs\template-netcore-entities\Kitpymes.Core.Entities.Tests\bin\Debug\netcoreapp3.0\Kitpymes.Core.Entities.Tests.dll" adapterTypeName="executor://mstestadapter/v2" className="Kitpymes.Core.Entities.ValueObjects.Tests.FullNameTests" name="Equals_Passing_Valid_Distinct_Values_Returns_False" />
    </UnitTest>
    <UnitTest name="OperatorNotEqual_Passing_Valid_Values_Returns_False" storage="d:\sferrari\01 - trabajo\repos\netcore\libs\template-netcore-entities\kitpymes.core.entities.tests\bin\debug\netcoreapp3.0\kitpymes.core.entities.tests.dll" id="28983f02-4f34-fd2a-e2c0-c023f9e83615">
      <Execution id="b1514770-bb1b-40b7-b08e-46abeed34bae" />
      <TestMethod codeBase="D:\SFERRARI\01 - TRABAJO\repos\netcore\libs\template-netcore-entities\Kitpymes.Core.Entities.Tests\bin\Debug\netcoreapp3.0\Kitpymes.Core.Entities.Tests.dll" adapterTypeName="executor://mstestadapter/v2" className="Kitpymes.Core.Entities.ValueObjects.Tests.AddressTests" name="OperatorNotEqual_Passing_Valid_Values_Returns_False" />
    </UnitTest>
    <UnitTest name="Create_Passing_InvalidOrNull_Value_Returns_ApplicationException" storage="d:\sferrari\01 - trabajo\repos\netcore\libs\template-netcore-entities\kitpymes.core.entities.tests\bin\debug\netcoreapp3.0\kitpymes.core.entities.tests.dll" id="d72572bb-7928-9c07-ef1f-d247b9026627">
      <Execution id="bee9c800-c9f1-4cd5-afa9-8c8064a97174" />
      <TestMethod codeBase="D:\SFERRARI\01 - TRABAJO\repos\netcore\libs\template-netcore-entities\Kitpymes.Core.Entities.Tests\bin\Debug\netcoreapp3.0\Kitpymes.Core.Entities.Tests.dll" adapterTypeName="executor://mstestadapter/v2" className="Kitpymes.Core.Entities.ValueObjects.Tests.CurrencyTests" name="Create_Passing_InvalidOrNull_Value_Returns_ApplicationException" />
    </UnitTest>
    <UnitTest name="Equals_Passing_Valid_Values_Returns_True" storage="d:\sferrari\01 - trabajo\repos\netcore\libs\template-netcore-entities\kitpymes.core.entities.tests\bin\debug\netcoreapp3.0\kitpymes.core.entities.tests.dll" id="360a473d-7e1c-2d14-72c9-22f9349ca174">
      <Execution id="2eed6241-4606-4b0d-833c-e2593dfec4d4" />
      <TestMethod codeBase="D:\SFERRARI\01 - TRABAJO\repos\netcore\libs\template-netcore-entities\Kitpymes.Core.Entities.Tests\bin\Debug\netcoreapp3.0\Kitpymes.Core.Entities.Tests.dll" adapterTypeName="executor://mstestadapter/v2" className="Kitpymes.Core.Entities.ValueObjects.Tests.CurrencyTests" name="Equals_Passing_Valid_Values_Returns_True" />
    </UnitTest>
    <UnitTest name="Equals_Passing_Valid_Values_Returns_True" storage="d:\sferrari\01 - trabajo\repos\netcore\libs\template-netcore-entities\kitpymes.core.entities.tests\bin\debug\netcoreapp3.0\kitpymes.core.entities.tests.dll" id="4845f67a-9f1a-743f-fdc8-caf62d8a1f4e">
      <Execution id="54696adb-4940-4aee-8e70-7d26332869dc" />
      <TestMethod codeBase="D:\SFERRARI\01 - TRABAJO\repos\netcore\libs\template-netcore-entities\Kitpymes.Core.Entities.Tests\bin\Debug\netcoreapp3.0\Kitpymes.Core.Entities.Tests.dll" adapterTypeName="executor://mstestadapter/v2" className="Kitpymes.Core.Entities.ValueObjects.Tests.SubdomainTests" name="Equals_Passing_Valid_Values_Returns_True" />
    </UnitTest>
    <UnitTest name="OperatorNotEqual_Passing_Valid_Values_Returns_False" storage="d:\sferrari\01 - trabajo\repos\netcore\libs\template-netcore-entities\kitpymes.core.entities.tests\bin\debug\netcoreapp3.0\kitpymes.core.entities.tests.dll" id="4bd13a4c-7389-3430-0358-3a2daf94401d">
      <Execution id="f740a170-b4c6-40d5-a9dd-fb69246caf5e" />
      <TestMethod codeBase="D:\SFERRARI\01 - TRABAJO\repos\netcore\libs\template-netcore-entities\Kitpymes.Core.Entities.Tests\bin\Debug\netcoreapp3.0\Kitpymes.Core.Entities.Tests.dll" adapterTypeName="executor://mstestadapter/v2" className="Kitpymes.Core.Entities.ValueObjects.Tests.CurrencyTests" name="OperatorNotEqual_Passing_Valid_Values_Returns_False" />
    </UnitTest>
    <UnitTest name="ToBool_Passing_Valid_String_Active_Value_Returns_True" storage="d:\sferrari\01 - trabajo\repos\netcore\libs\template-netcore-entities\kitpymes.core.entities.tests\bin\debug\netcoreapp3.0\kitpymes.core.entities.tests.dll" id="02c00e07-1da7-4a26-741f-c10b40cf8def">
      <Execution id="1e7a9340-4240-4cd2-9a38-c4fa124d0b1a" />
      <TestMethod codeBase="D:\SFERRARI\01 - TRABAJO\repos\netcore\libs\template-netcore-entities\Kitpymes.Core.Entities.Tests\bin\Debug\netcoreapp3.0\Kitpymes.Core.Entities.Tests.dll" adapterTypeName="executor://mstestadapter/v2" className="Kitpymes.Core.Entities.Enumerations.Tests.StatusEnumTests" name="ToBool_Passing_Valid_String_Active_Value_Returns_True" />
    </UnitTest>
    <UnitTest name="ToEnum_Passing_Valid_String_Name_Enumeracion_Returns_Enumeracion" storage="d:\sferrari\01 - trabajo\repos\netcore\libs\template-netcore-entities\kitpymes.core.entities.tests\bin\debug\netcoreapp3.0\kitpymes.core.entities.tests.dll" id="7506a243-a238-2665-b1af-67e45659c805">
      <Execution id="a13696b0-fa1f-4cb4-b715-ca4caa407195" />
      <TestMethod codeBase="D:\SFERRARI\01 - TRABAJO\repos\netcore\libs\template-netcore-entities\Kitpymes.Core.Entities.Tests\bin\Debug\netcoreapp3.0\Kitpymes.Core.Entities.Tests.dll" adapterTypeName="executor://mstestadapter/v2" className="Kitpymes.Core.Entities.Enumerations.Tests.GenderTypeEnumTests" name="ToEnum_Passing_Valid_String_Name_Enumeracion_Returns_Enumeracion" />
    </UnitTest>
  </TestDefinitions>
  <TestEntries>
    <TestEntry testId="3d5865ea-852b-85ea-4b1e-3b3f757388ec" executionId="f2d6985b-a65d-480a-98e2-da2da58b9d9d" testListId="8c84fa94-04c1-424b-9868-57a2d4851a1d" />
    <TestEntry testId="153dd652-4eeb-f718-2869-b5ccdad8d784" executionId="679ad282-bf04-4038-af4d-8a5e58853141" testListId="8c84fa94-04c1-424b-9868-57a2d4851a1d" />
    <TestEntry testId="a50cb7dc-992a-23d1-57a7-839a1118dfa3" executionId="853f8195-b8c0-4518-826d-ce6f9b821324" testListId="8c84fa94-04c1-424b-9868-57a2d4851a1d" />
    <TestEntry testId="96faba19-0bfe-83ba-6e84-9c0321f406c2" executionId="2e9da6be-e6b2-481b-8e51-1980bb66dda4" testListId="8c84fa94-04c1-424b-9868-57a2d4851a1d" />
    <TestEntry testId="dde84323-1f87-22b2-d0f7-2a4a85bad3fd" executionId="655eaba4-9aed-4fb3-af94-917c6a77800a" testListId="8c84fa94-04c1-424b-9868-57a2d4851a1d" />
    <TestEntry testId="bc7bdbdf-4891-bf37-8380-e1e4362476c4" executionId="272c266b-1e44-4c1b-a05b-ad5ffcb8aed9" testListId="8c84fa94-04c1-424b-9868-57a2d4851a1d" />
    <TestEntry testId="66126db5-a312-c629-a169-f37254601183" executionId="4f562c51-8f81-48bf-b2f8-9989e585512d" testListId="8c84fa94-04c1-424b-9868-57a2d4851a1d" />
    <TestEntry testId="b10bbd05-c792-3d8c-96c7-1a5f4647c7dd" executionId="1fe76b49-64d9-45cc-92fd-59ff04a1edb8" testListId="8c84fa94-04c1-424b-9868-57a2d4851a1d" />
    <TestEntry testId="0394e59d-8e17-d872-c29f-c28ac3eea7b0" executionId="e5aea529-d5f5-4ceb-bf6f-75bf5876d937" testListId="8c84fa94-04c1-424b-9868-57a2d4851a1d" />
    <TestEntry testId="a135e145-a8f1-0965-22d8-18ac186f6fcf" executionId="1edc88d8-abe3-4c4d-b2af-02c2e94a6d53" testListId="8c84fa94-04c1-424b-9868-57a2d4851a1d" />
    <TestEntry testId="4abfc1ff-06cf-dc19-b35f-7c84f2bee2da" executionId="38e258c3-05b7-4f61-bbcd-4097a8377fe1" testListId="8c84fa94-04c1-424b-9868-57a2d4851a1d" />
    <TestEntry testId="145bd153-18cc-3e25-baa5-f3e74b60f467" executionId="ca7429be-f9d7-44fd-bf89-2d9da62557fa" testListId="8c84fa94-04c1-424b-9868-57a2d4851a1d" />
    <TestEntry testId="eb28919c-10bf-694a-78bc-ac7d54701422" executionId="4180852b-8a1d-4b5f-9167-54b95ddd5b61" testListId="8c84fa94-04c1-424b-9868-57a2d4851a1d" />
    <TestEntry testId="a7b68708-c69e-0ff4-e40e-725b6fe202e8" executionId="edf1c442-2cf3-468e-93e5-2d1e2388e98f" testListId="8c84fa94-04c1-424b-9868-57a2d4851a1d" />
    <TestEntry testId="1c4770cc-11c0-d015-3996-858274852a92" executionId="a2ba77a7-12f9-476d-8a38-bed6c0b9f333" testListId="8c84fa94-04c1-424b-9868-57a2d4851a1d" />
    <TestEntry testId="27a0e577-20d6-fabc-02be-7af6a06cb12f" executionId="64463b0f-0857-4930-ace9-11b1eed29870" testListId="8c84fa94-04c1-424b-9868-57a2d4851a1d" />
    <TestEntry testId="3c5dd30a-14ce-719a-a187-bfc979656176" executionId="b5ff4aae-e062-480b-8355-38a91090bdc3" testListId="8c84fa94-04c1-424b-9868-57a2d4851a1d" />
    <TestEntry testId="76c79f9f-0b75-deaf-c0c8-6849a01fabe5" executionId="e6794435-2639-424b-b74c-682f84bf6e11" testListId="8c84fa94-04c1-424b-9868-57a2d4851a1d" />
    <TestEntry testId="417ec551-d8d9-9d91-2ce7-f7087778456b" executionId="617891d7-3039-49d0-88dd-5581e79f9fc7" testListId="8c84fa94-04c1-424b-9868-57a2d4851a1d" />
    <TestEntry testId="02c00e07-1da7-4a26-741f-c10b40cf8def" executionId="1e7a9340-4240-4cd2-9a38-c4fa124d0b1a" testListId="8c84fa94-04c1-424b-9868-57a2d4851a1d" />
    <TestEntry testId="505c974a-abdc-ad26-ef8c-4f699fb49682" executionId="5c17c84a-c7ea-46d0-8e6d-f94a770dbd8d" testListId="8c84fa94-04c1-424b-9868-57a2d4851a1d" />
    <TestEntry testId="2a42fb62-90e3-d0b8-2433-6770585d59ac" executionId="e3bc4654-437a-40e3-ad46-0cbdc215843b" testListId="8c84fa94-04c1-424b-9868-57a2d4851a1d" />
    <TestEntry testId="b0548663-47b3-8c52-226c-9dcd0a8ec50c" executionId="f024d24f-3aaf-4a04-867d-bd98e49bce94" testListId="8c84fa94-04c1-424b-9868-57a2d4851a1d" />
    <TestEntry testId="bb27667d-2509-633e-e3c4-28c478f5b41c" executionId="03846ce2-59dd-4fb2-8c08-0c29c42b3e8c" testListId="8c84fa94-04c1-424b-9868-57a2d4851a1d" />
    <TestEntry testId="bf7415ae-45f0-be29-e76d-b41b408fe020" executionId="b1b3cd51-a5ed-4c63-9836-5a8ffa79be9a" testListId="8c84fa94-04c1-424b-9868-57a2d4851a1d" />
    <TestEntry testId="afb94819-d000-5c73-f44b-f1e36fef6d66" executionId="0c879d50-dcf1-4ed8-a844-1002758d0804" testListId="8c84fa94-04c1-424b-9868-57a2d4851a1d" />
    <TestEntry testId="f7330460-b528-23e0-f552-44f6715cd948" executionId="ed6c1f35-a90f-4da3-8d7c-d6c801a269a9" testListId="8c84fa94-04c1-424b-9868-57a2d4851a1d" />
    <TestEntry testId="f2e092d4-d663-ae2f-6d89-847a0ae86968" executionId="acaac70a-ebe6-48a6-b719-c5767a1d44b8" testListId="8c84fa94-04c1-424b-9868-57a2d4851a1d" />
    <TestEntry testId="fe3ab238-f960-1d99-07e6-892c4c0d0c46" executionId="63159c30-c5f9-4faa-9f39-ee6670a4cdd8" testListId="8c84fa94-04c1-424b-9868-57a2d4851a1d" />
    <TestEntry testId="3825a6bf-15ba-3ddd-7270-3610d4ba1398" executionId="f8a4af95-a639-432a-8a92-20af247c103d" testListId="8c84fa94-04c1-424b-9868-57a2d4851a1d" />
    <TestEntry testId="b90b8524-89a6-7598-57e6-f81fc0f2da6d" executionId="250bc308-3aad-4829-bf48-1b4f53722aad" testListId="8c84fa94-04c1-424b-9868-57a2d4851a1d" />
    <TestEntry testId="7fd04506-4241-b8b1-2349-8e867be6fbef" executionId="7fe580bf-8d13-41a5-afa0-e05e04c65683" testListId="8c84fa94-04c1-424b-9868-57a2d4851a1d" />
    <TestEntry testId="e9f12af5-5c0d-5f0d-b569-bb58f1d198e2" executionId="060e6ded-7cf5-4976-9a96-52348abe2139" testListId="8c84fa94-04c1-424b-9868-57a2d4851a1d" />
    <TestEntry testId="c5c29f75-9d50-53de-8312-18164417d08c" executionId="39936f13-fb2e-4c58-8583-bfebec903cc9" testListId="8c84fa94-04c1-424b-9868-57a2d4851a1d" />
    <TestEntry testId="fc04751a-29b6-34b0-30bc-db8740bebbfc" executionId="fc100718-ffa9-48f1-bbe9-28784b1b8ce8" testListId="8c84fa94-04c1-424b-9868-57a2d4851a1d" />
    <TestEntry testId="5d5bf084-272e-970d-5ff6-6e8097ceab4a" executionId="5be9a773-0ea0-4148-a3da-86354950b3e7" testListId="8c84fa94-04c1-424b-9868-57a2d4851a1d" />
    <TestEntry testId="4c90cf97-db04-0e36-a36a-65b359ec9e59" executionId="7f3d54bb-81b4-441d-ae96-6f23d764cff6" testListId="8c84fa94-04c1-424b-9868-57a2d4851a1d" />
    <TestEntry testId="7f63e5ba-c44d-59a2-d525-2cb0363ac96c" executionId="e126b904-61fc-46af-8b98-567228da9a6f" testListId="8c84fa94-04c1-424b-9868-57a2d4851a1d" />
    <TestEntry testId="9277a601-5bb0-2bc1-982a-ed71c2b000fa" executionId="361abe0c-431c-4d50-9636-6ea1bba6ddbe" testListId="8c84fa94-04c1-424b-9868-57a2d4851a1d" />
    <TestEntry testId="336a4b3f-0900-f7cb-0d00-611a2347544d" executionId="b9d39f01-acca-437a-988e-1eda457a51e8" testListId="8c84fa94-04c1-424b-9868-57a2d4851a1d" />
    <TestEntry testId="8d7600c8-85e7-f035-9f9f-51a80e994a9a" executionId="ca1cc2af-337a-46e7-833d-792054707fad" testListId="8c84fa94-04c1-424b-9868-57a2d4851a1d" />
    <TestEntry testId="cd159d9c-491e-cea0-3dbb-5894d4cafd31" executionId="d471f274-3d45-43db-bd92-18763668d771" testListId="8c84fa94-04c1-424b-9868-57a2d4851a1d" />
    <TestEntry testId="a31fe255-a9f2-dfdc-2937-103680a980ea" executionId="2cbc0899-9413-4627-8be2-6e656d6e8f8f" testListId="8c84fa94-04c1-424b-9868-57a2d4851a1d" />
    <TestEntry testId="7d5b42e8-50c6-931f-3951-5d53097abf4e" executionId="3b70877b-3f73-472c-bfae-5713be0d7d4d" testListId="8c84fa94-04c1-424b-9868-57a2d4851a1d" />
    <TestEntry testId="f8a148c1-33ab-3f33-4563-51ccfbeb9871" executionId="d29a9962-b12d-40a8-9fe5-907b8826c602" testListId="8c84fa94-04c1-424b-9868-57a2d4851a1d" />
    <TestEntry testId="74b3f1dc-94ca-8be2-33b4-759efaa9b8e8" executionId="e5eda6e5-ed43-4282-8f12-680ff8483746" testListId="8c84fa94-04c1-424b-9868-57a2d4851a1d" />
    <TestEntry testId="bc0c68a9-1876-bb25-d382-c4c45b27b3d9" executionId="b14b4779-7706-4b9a-a783-ccd9387e924f" testListId="8c84fa94-04c1-424b-9868-57a2d4851a1d" />
    <TestEntry testId="9aa3b6bb-9be5-40ee-3b6d-db8c00e38b15" executionId="cba1a053-5332-44ea-80eb-384d6e3c7e9f" testListId="8c84fa94-04c1-424b-9868-57a2d4851a1d" />
    <TestEntry testId="d8455b90-6045-1e3d-c9de-76db4e3d49ed" executionId="a1e3de1c-7f69-4c17-b394-9eda0953d03c" testListId="8c84fa94-04c1-424b-9868-57a2d4851a1d" />
    <TestEntry testId="42204c2d-cae8-e99c-229d-8e372d79bb40" executionId="4824cc58-fc97-4e6e-9d03-8b2cd86cc270" testListId="8c84fa94-04c1-424b-9868-57a2d4851a1d" />
    <TestEntry testId="84e5d156-9c5d-e299-dfaf-587322c60012" executionId="35d680f4-e7ba-448f-9528-d23ae8926b3f" testListId="8c84fa94-04c1-424b-9868-57a2d4851a1d" />
    <TestEntry testId="582ef803-3445-a1eb-d630-9b4dabc719d5" executionId="fd6a3312-6ceb-4cc7-851e-33d52b6764cf" testListId="8c84fa94-04c1-424b-9868-57a2d4851a1d" />
    <TestEntry testId="8010ce30-a236-ec4e-43aa-ea9ebe0ce095" executionId="5cfc4213-10c5-4811-81d4-86889101719b" testListId="8c84fa94-04c1-424b-9868-57a2d4851a1d" />
    <TestEntry testId="37226e78-15f9-d454-011f-5b93613f63ef" executionId="92443014-21f7-4453-af0c-afc696cbebc7" testListId="8c84fa94-04c1-424b-9868-57a2d4851a1d" />
    <TestEntry testId="ca869e78-7943-a46b-7927-1a8ff4fe58af" executionId="ac784425-aad3-44f4-8d5e-aa88b1fb8fd8" testListId="8c84fa94-04c1-424b-9868-57a2d4851a1d" />
    <TestEntry testId="5b029505-cc20-a753-3d33-0e0e266c8841" executionId="c3291777-34c9-47e9-95b1-d486ef44837b" testListId="8c84fa94-04c1-424b-9868-57a2d4851a1d" />
    <TestEntry testId="f8590f4c-8af0-6c5c-7ae1-fa12731b6342" executionId="6480beb8-3fa7-4eb9-85da-8486f2831494" testListId="8c84fa94-04c1-424b-9868-57a2d4851a1d" />
    <TestEntry testId="3ac8ffbb-30b0-a85d-3e7e-8f2f12c4ed12" executionId="cbcb09b0-8a9c-4fd5-85de-0fd33a91dfe9" testListId="8c84fa94-04c1-424b-9868-57a2d4851a1d" />
    <TestEntry testId="383215a1-c7ec-2234-60ab-45389defa320" executionId="e9307f92-8ba2-411f-a2b2-428b1eb063b1" testListId="8c84fa94-04c1-424b-9868-57a2d4851a1d" />
    <TestEntry testId="df298487-0356-51ee-e237-7e10cf339a23" executionId="c4d087bb-4748-4188-9aa7-a164dedda29d" testListId="8c84fa94-04c1-424b-9868-57a2d4851a1d" />
    <TestEntry testId="4ffb1e76-cb8e-8152-5127-75a5ccf2e82d" executionId="2e5a4571-f68f-4a7a-b5bc-5eaa6b60c842" testListId="8c84fa94-04c1-424b-9868-57a2d4851a1d" />
    <TestEntry testId="9c04e34f-7224-62e2-c837-288675a1ae2d" executionId="acd85260-4eef-42a2-afc8-e93c0b84b41d" testListId="8c84fa94-04c1-424b-9868-57a2d4851a1d" />
    <TestEntry testId="0643cd5e-9fb6-9fc5-1c47-3b2be0eeb804" executionId="25c372cc-c50a-48ab-9469-dd3ebc490631" testListId="8c84fa94-04c1-424b-9868-57a2d4851a1d" />
    <TestEntry testId="b64d7059-5563-47f2-0770-51679ab67ac3" executionId="273a5ce4-641b-45f2-83f9-3813c4a0474b" testListId="8c84fa94-04c1-424b-9868-57a2d4851a1d" />
    <TestEntry testId="a73a2e63-3dc6-6b14-a467-c57ee0ec7ec7" executionId="dcf61280-f695-4274-a705-d4b1ece87114" testListId="8c84fa94-04c1-424b-9868-57a2d4851a1d" />
    <TestEntry testId="2ea46394-44f6-bdfd-606e-536cc1a2eef1" executionId="e31dbd54-65a1-41d7-a7e2-1c3fe5daccf4" testListId="8c84fa94-04c1-424b-9868-57a2d4851a1d" />
    <TestEntry testId="b2d1a9e8-2c10-e79d-2a5b-3b612a1cc6ec" executionId="6ae28caf-5a22-41c7-af92-47d9b2858689" testListId="8c84fa94-04c1-424b-9868-57a2d4851a1d" />
    <TestEntry testId="727d300c-09c1-7387-388d-5af13a437f21" executionId="5b7b550b-44c2-4c39-98fb-b4e4b5a2e12d" testListId="8c84fa94-04c1-424b-9868-57a2d4851a1d" />
    <TestEntry testId="7d55952c-7491-2bc1-f80b-6bd31d5146d2" executionId="37505fd0-ac02-4dbd-83dd-eea5843c370a" testListId="8c84fa94-04c1-424b-9868-57a2d4851a1d" />
    <TestEntry testId="28983f02-4f34-fd2a-e2c0-c023f9e83615" executionId="b1514770-bb1b-40b7-b08e-46abeed34bae" testListId="8c84fa94-04c1-424b-9868-57a2d4851a1d" />
    <TestEntry testId="39ea45cc-1ad3-df2f-5644-569d0fae9835" executionId="ab77cdd4-57f7-4f71-a7e2-0284006a5612" testListId="8c84fa94-04c1-424b-9868-57a2d4851a1d" />
    <TestEntry testId="cfc0b506-e5fe-b0db-3d07-04d53340cc58" executionId="b21b2544-e48d-449e-a9d8-57274b313d0f" testListId="8c84fa94-04c1-424b-9868-57a2d4851a1d" />
    <TestEntry testId="99c0f1dd-a954-07f0-474b-96a0626b66a1" executionId="d12cc9d2-e9f2-4871-869c-3f6d02a9c4cd" testListId="8c84fa94-04c1-424b-9868-57a2d4851a1d" />
    <TestEntry testId="6afaec20-42f3-051a-70dd-dd8272a94d57" executionId="b3127a88-cc0f-42f4-b9a2-2ae042f463ee" testListId="8c84fa94-04c1-424b-9868-57a2d4851a1d" />
    <TestEntry testId="f32c4def-2f6e-3a0b-be76-e606178c7f60" executionId="9d42472a-b498-4712-ae4d-43d4755d0a9d" testListId="8c84fa94-04c1-424b-9868-57a2d4851a1d" />
    <TestEntry testId="13846877-4c93-45de-5e9a-d22d164df494" executionId="5c2398c8-44d4-4335-9cc5-4ff5dc6be037" testListId="8c84fa94-04c1-424b-9868-57a2d4851a1d" />
    <TestEntry testId="c00989f1-bbf2-1016-4a5a-81f963501501" executionId="65409b5a-5922-4fb8-ae01-3f15d3fb991d" testListId="8c84fa94-04c1-424b-9868-57a2d4851a1d" />
    <TestEntry testId="d4dac023-52df-82e8-5be4-d4d0b7642e67" executionId="20e44a02-614a-419f-8eb6-5504dad5ec3c" testListId="8c84fa94-04c1-424b-9868-57a2d4851a1d" />
    <TestEntry testId="860a3ab5-e4fc-cad4-fe40-328241e258f0" executionId="900bf531-bf90-4a63-bd29-b234e78c0c5d" testListId="8c84fa94-04c1-424b-9868-57a2d4851a1d" />
    <TestEntry testId="3c73a262-4233-759f-902c-9ce564f1c4ad" executionId="551afadb-ebc6-473e-8a18-548ae59274b5" testListId="8c84fa94-04c1-424b-9868-57a2d4851a1d" />
    <TestEntry testId="1e6a5935-eb94-a549-f349-b1500900cd98" executionId="3bf01248-c5c8-4174-98b6-725bc0308ce4" testListId="8c84fa94-04c1-424b-9868-57a2d4851a1d" />
    <TestEntry testId="0188a360-d0e8-2f3a-f2c3-d07e54094df7" executionId="098670ae-0fea-4162-b92c-f5f80b73a1b1" testListId="8c84fa94-04c1-424b-9868-57a2d4851a1d" />
    <TestEntry testId="c76c5fb3-80cf-3138-b811-ceac3a87cf8e" executionId="920d5958-1d62-4669-a9b0-13253197acbc" testListId="8c84fa94-04c1-424b-9868-57a2d4851a1d" />
    <TestEntry testId="e508c554-ee47-5599-228d-b33f23cc16d0" executionId="5343a4fb-0868-416a-a523-6335e07138c6" testListId="8c84fa94-04c1-424b-9868-57a2d4851a1d" />
    <TestEntry testId="9d4133ce-d100-cb57-5378-7ee78c039307" executionId="84818a19-4ddf-4bb6-ad43-600459b80e2d" testListId="8c84fa94-04c1-424b-9868-57a2d4851a1d" />
    <TestEntry testId="cb3aa70a-148e-24f8-4a0e-08e7b60b3af3" executionId="d6fd82f6-0603-4b11-b38d-1bd0251e178d" testListId="8c84fa94-04c1-424b-9868-57a2d4851a1d" />
    <TestEntry testId="cff35c85-26ba-6235-75c6-1c2564d348c6" executionId="fd16c4a3-217f-4287-8f9b-3830e657acbb" testListId="8c84fa94-04c1-424b-9868-57a2d4851a1d" />
    <TestEntry testId="9b344652-cdde-ed73-1807-0f497ee20572" executionId="6257ffe6-735c-404b-9c0a-586d4e74fa21" testListId="8c84fa94-04c1-424b-9868-57a2d4851a1d" />
    <TestEntry testId="07188371-eb7e-e491-e017-bf959c68f6d1" executionId="d90a5034-dec6-4f13-81b3-9041bdf96df4" testListId="8c84fa94-04c1-424b-9868-57a2d4851a1d" />
    <TestEntry testId="b4fa98e0-ad74-6dc8-23c1-bd54dd325a57" executionId="d8fb5a65-5306-41df-b063-fc7954023cf3" testListId="8c84fa94-04c1-424b-9868-57a2d4851a1d" />
    <TestEntry testId="0d76b1f8-41be-79d6-55e9-d959e165e570" executionId="9bb92a69-7884-4c29-8d9b-06e8412d25f6" testListId="8c84fa94-04c1-424b-9868-57a2d4851a1d" />
    <TestEntry testId="d1ef6d46-1fa5-198f-a0cf-6cba38319a2e" executionId="184df92f-b519-486f-8096-153b5db29d7a" testListId="8c84fa94-04c1-424b-9868-57a2d4851a1d" />
    <TestEntry testId="77e3ceec-23c8-f048-63a2-95c394ee2a67" executionId="7d6d962c-61b8-4b6c-bc2f-3c1df5614371" testListId="8c84fa94-04c1-424b-9868-57a2d4851a1d" />
    <TestEntry testId="81019d0f-1a28-bd30-e939-1d942eb12cd9" executionId="f565d390-a12f-485a-9f1b-493a2fb814d9" testListId="8c84fa94-04c1-424b-9868-57a2d4851a1d" />
    <TestEntry testId="3e808d2f-8050-987c-6881-19992ba1e6c6" executionId="2d4df84c-7f14-446b-844b-b04bf1c4a9c4" testListId="8c84fa94-04c1-424b-9868-57a2d4851a1d" />
    <TestEntry testId="398af0c0-2099-6a75-20f6-c6ae3a70956a" executionId="cc02aec6-1465-43a1-9ed9-748c69685a27" testListId="8c84fa94-04c1-424b-9868-57a2d4851a1d" />
    <TestEntry testId="571ad406-4c46-6d0b-a0ab-0bbddda456a0" executionId="682e80ed-fed1-425e-bd2e-27be7ac20e76" testListId="8c84fa94-04c1-424b-9868-57a2d4851a1d" />
    <TestEntry testId="906ffa0c-cef6-6ab9-9266-275ee0bdf90a" executionId="772a6f42-2455-4afb-8526-57b505175c33" testListId="8c84fa94-04c1-424b-9868-57a2d4851a1d" />
    <TestEntry testId="2bd0308d-019c-fb25-a258-ca5e7ad09231" executionId="ad9f90df-d9e1-4322-aecf-534dfade6350" testListId="8c84fa94-04c1-424b-9868-57a2d4851a1d" />
    <TestEntry testId="7c9f6c94-8d7d-5c31-2b93-fff4124ed3c5" executionId="85e7892f-e4ed-4a8d-ac38-e34b4b5f6c8c" testListId="8c84fa94-04c1-424b-9868-57a2d4851a1d" />
    <TestEntry testId="0331e231-5e2b-199a-2247-9bc7f2606067" executionId="2444735e-7ac5-4d35-9d5a-07c56696e747" testListId="8c84fa94-04c1-424b-9868-57a2d4851a1d" />
    <TestEntry testId="193201d0-a425-c313-33b9-f8d20ace7f79" executionId="cc02fd58-ea82-45f0-96d2-37079f36c531" testListId="8c84fa94-04c1-424b-9868-57a2d4851a1d" />
    <TestEntry testId="4e5c29c7-ea4b-cd65-4b72-7ebf50d57942" executionId="980e7f52-2d37-4713-b362-7249fb5a69b7" testListId="8c84fa94-04c1-424b-9868-57a2d4851a1d" />
    <TestEntry testId="b5816c40-b187-058a-299e-906a7a313317" executionId="7c6f70cd-8318-4171-a345-2e6385b53f98" testListId="8c84fa94-04c1-424b-9868-57a2d4851a1d" />
    <TestEntry testId="fc18fde3-4319-cd9b-8e17-5d2514db3cb2" executionId="c15179bf-5b87-4bb0-a2be-b7d1952bcabe" testListId="8c84fa94-04c1-424b-9868-57a2d4851a1d" />
    <TestEntry testId="e85f4f46-0516-dc12-c91d-ac710b48a15b" executionId="f0dfccc6-3a46-4dc3-9840-0854e1111210" testListId="8c84fa94-04c1-424b-9868-57a2d4851a1d" />
    <TestEntry testId="0c9201c8-8275-74ca-9c91-2d0c4645730b" executionId="5ec1fb4a-6ec0-4a68-8bf8-248d3734a747" testListId="8c84fa94-04c1-424b-9868-57a2d4851a1d" />
    <TestEntry testId="f01f0ea6-f37a-0be9-85c7-e4c1c96ff482" executionId="b2f61596-bdb2-47d7-9a3d-0fd4b27cc22e" testListId="8c84fa94-04c1-424b-9868-57a2d4851a1d" />
    <TestEntry testId="8db31538-892c-3a78-d200-7b8d337bd902" executionId="dde36519-1a57-4150-bf5a-b00062e2ba30" testListId="8c84fa94-04c1-424b-9868-57a2d4851a1d" />
    <TestEntry testId="360a473d-7e1c-2d14-72c9-22f9349ca174" executionId="2eed6241-4606-4b0d-833c-e2593dfec4d4" testListId="8c84fa94-04c1-424b-9868-57a2d4851a1d" />
    <TestEntry testId="5a24c00d-3f9c-ad2d-3249-b671bca7abbb" executionId="582017e7-57d7-4cb6-a334-80e6bb4c6740" testListId="8c84fa94-04c1-424b-9868-57a2d4851a1d" />
    <TestEntry testId="669b24c5-9674-2256-f1f0-ef2ca145c4b1" executionId="f981618e-300a-4860-9538-494e8eafdb49" testListId="8c84fa94-04c1-424b-9868-57a2d4851a1d" />
    <TestEntry testId="62f7691c-736e-bac3-74c9-a2d9d7ac94ae" executionId="0d2e2481-e7a6-405c-94f2-08c7bcbc0cd1" testListId="8c84fa94-04c1-424b-9868-57a2d4851a1d" />
    <TestEntry testId="b80b0b1c-a03f-7462-5741-ff0449349de1" executionId="9f5e728f-e624-4282-89c4-1f1fc8d167f5" testListId="8c84fa94-04c1-424b-9868-57a2d4851a1d" />
    <TestEntry testId="c1c7a090-62ae-a90f-5c47-62eab692b098" executionId="a7becc85-1d52-40bb-a97f-59a8183c810c" testListId="8c84fa94-04c1-424b-9868-57a2d4851a1d" />
    <TestEntry testId="e5e892cf-2006-a955-6ca0-1ec5d852214c" executionId="04677b90-dc4f-48b2-836b-a8b5b95536ee" testListId="8c84fa94-04c1-424b-9868-57a2d4851a1d" />
    <TestEntry testId="60ea3337-b81d-e310-278f-6cd040199409" executionId="68a3cc42-1c0c-4fb5-b469-7779033fdc76" testListId="8c84fa94-04c1-424b-9868-57a2d4851a1d" />
    <TestEntry testId="486d5231-aeb6-594f-38d5-98ce591994a3" executionId="734cf4b2-113c-40b1-a70f-59a64872b3e9" testListId="8c84fa94-04c1-424b-9868-57a2d4851a1d" />
    <TestEntry testId="b7d442c5-0acd-3404-07a7-6a3e90ab8bdd" executionId="ae5503f3-ff79-4e5a-beaa-9d177d976995" testListId="8c84fa94-04c1-424b-9868-57a2d4851a1d" />
    <TestEntry testId="58248327-dbb4-f8f8-c890-f039c6d19d4a" executionId="4963b084-c0c3-4d40-a16b-80d046500bcd" testListId="8c84fa94-04c1-424b-9868-57a2d4851a1d" />
    <TestEntry testId="d72572bb-7928-9c07-ef1f-d247b9026627" executionId="bee9c800-c9f1-4cd5-afa9-8c8064a97174" testListId="8c84fa94-04c1-424b-9868-57a2d4851a1d" />
    <TestEntry testId="9e19d4e4-f7b7-b402-48f1-b671fdae656e" executionId="dfafcbcc-e035-41f0-a247-ae81481d7fc5" testListId="8c84fa94-04c1-424b-9868-57a2d4851a1d" />
    <TestEntry testId="df9ea71b-e3bc-2255-4837-0259a685da18" executionId="4e21420b-fcb6-4fa2-9b31-494a43bad21a" testListId="8c84fa94-04c1-424b-9868-57a2d4851a1d" />
    <TestEntry testId="389a94fb-03f1-a2c7-c8a2-43670b7ac19d" executionId="efc00f95-34e9-4e9a-a7a1-f80d8ed700a5" testListId="8c84fa94-04c1-424b-9868-57a2d4851a1d" />
    <TestEntry testId="cefd6720-8ae8-64f7-ef2a-994381832e74" executionId="a34246bc-0698-423c-bcc2-691dd5a8d8a0" testListId="8c84fa94-04c1-424b-9868-57a2d4851a1d" />
    <TestEntry testId="5b9ad273-899e-043f-1d95-78fcc6790837" executionId="c785c653-9f0a-4947-9014-e04472a6c726" testListId="8c84fa94-04c1-424b-9868-57a2d4851a1d" />
    <TestEntry testId="2cf24b7c-c50c-e047-853f-65e4172e9fe4" executionId="d5c3f14d-4428-4700-828f-924ee369c1f5" testListId="8c84fa94-04c1-424b-9868-57a2d4851a1d" />
    <TestEntry testId="d71963d6-dcff-e7f3-d8f4-94038e2fe289" executionId="002deb08-875d-48a6-906f-46b93c526031" testListId="8c84fa94-04c1-424b-9868-57a2d4851a1d" />
    <TestEntry testId="63f587ad-86e0-a19d-ea1b-305a8e55bb70" executionId="f0d9c574-41c9-4704-b983-0e83867bb559" testListId="8c84fa94-04c1-424b-9868-57a2d4851a1d" />
    <TestEntry testId="ce8720c2-9005-cb90-e9f6-6a9dc1f8339c" executionId="c6dd90a7-110e-402d-bb31-1ad3de1f3a28" testListId="8c84fa94-04c1-424b-9868-57a2d4851a1d" />
    <TestEntry testId="ed57a0e1-ab6e-1fee-9896-d0ba117a6da1" executionId="45e99f0b-942f-43d1-849c-921a18fc97e2" testListId="8c84fa94-04c1-424b-9868-57a2d4851a1d" />
    <TestEntry testId="35cd21bd-ac3d-8082-2cc2-47d7b4ce3a25" executionId="089a1440-c34a-47b0-826f-5568b59e4d0d" testListId="8c84fa94-04c1-424b-9868-57a2d4851a1d" />
    <TestEntry testId="096255cc-daec-f5a9-6a72-452bc7414607" executionId="680dede4-ebd2-4676-8296-0007530d3354" testListId="8c84fa94-04c1-424b-9868-57a2d4851a1d" />
    <TestEntry testId="145667c7-887e-fb55-f15f-87c10ffaa544" executionId="3d446c8e-2acd-43e0-9c0e-39d7048f6864" testListId="8c84fa94-04c1-424b-9868-57a2d4851a1d" />
    <TestEntry testId="7506a243-a238-2665-b1af-67e45659c805" executionId="a13696b0-fa1f-4cb4-b715-ca4caa407195" testListId="8c84fa94-04c1-424b-9868-57a2d4851a1d" />
    <TestEntry testId="4845f67a-9f1a-743f-fdc8-caf62d8a1f4e" executionId="54696adb-4940-4aee-8e70-7d26332869dc" testListId="8c84fa94-04c1-424b-9868-57a2d4851a1d" />
    <TestEntry testId="96c7d001-66b9-71f2-30b3-dc555077fc27" executionId="6e61a694-4b49-4ff9-b731-a0f609ce7f2a" testListId="8c84fa94-04c1-424b-9868-57a2d4851a1d" />
    <TestEntry testId="3265fbd4-437d-4974-fc11-e9c28c6df816" executionId="01e4868e-0292-4b05-bdde-0eebd046d3f8" testListId="8c84fa94-04c1-424b-9868-57a2d4851a1d" />
    <TestEntry testId="4bd13a4c-7389-3430-0358-3a2daf94401d" executionId="f740a170-b4c6-40d5-a9dd-fb69246caf5e" testListId="8c84fa94-04c1-424b-9868-57a2d4851a1d" />
    <TestEntry testId="6dd73256-d9d7-d295-626e-bd95bb1349ab" executionId="8d7db6e8-2275-4cbb-b050-592074d9f91b" testListId="8c84fa94-04c1-424b-9868-57a2d4851a1d" />
    <TestEntry testId="8313da3f-0367-8e6c-c0a1-ae4f5c0df829" executionId="c65c9228-592b-4bcf-8d29-720060e3db63" testListId="8c84fa94-04c1-424b-9868-57a2d4851a1d" />
    <TestEntry testId="0af19e62-2ce3-c36e-7566-bede5dbc71a7" executionId="4f8b5f4f-5f1d-44b4-acc7-0dcfc34462af" testListId="8c84fa94-04c1-424b-9868-57a2d4851a1d" />
    <TestEntry testId="3ee8c477-acc7-2166-b517-722bdd4efb4b" executionId="478b3921-b52d-46a2-b4a5-1a5fc5c6b98f" testListId="8c84fa94-04c1-424b-9868-57a2d4851a1d" />
    <TestEntry testId="b939a012-7d2e-b3be-e613-740fc697b8d4" executionId="64895573-211c-4d1d-adc3-a886895a471f" testListId="8c84fa94-04c1-424b-9868-57a2d4851a1d" />
    <TestEntry testId="13791109-f26f-328b-af66-40d4b88b25f7" executionId="59604c78-1fc1-4265-9c1d-097b8235564d" testListId="8c84fa94-04c1-424b-9868-57a2d4851a1d" />
    <TestEntry testId="3f4c3f71-cc6a-91e9-8105-a3b714346d19" executionId="2a04d3ee-4d0d-48d3-9356-ec6ee37d53e0" testListId="8c84fa94-04c1-424b-9868-57a2d4851a1d" />
    <TestEntry testId="6c6b647e-dbec-34b2-9a32-6c876af9b8dc" executionId="67614f5f-315c-4456-99d2-e57df514f3bd" testListId="8c84fa94-04c1-424b-9868-57a2d4851a1d" />
  </TestEntries>
  <TestLists>
    <TestList name="Resultados sin formato de lista" id="8c84fa94-04c1-424b-9868-57a2d4851a1d" />
    <TestList name="Todos los resultados cargados" id="19431567-8539-422a-85d7-44ee4e166bda" />
  </TestLists>
  <ResultSummary outcome="Completed">
    <Counters total="430" executed="430" passed="430" failed="0" error="0" timeout="0" aborted="0" inconclusive="0" passedButRunAborted="0" notRunnable="0" notExecuted="0" disconnected="0" warning="0" completed="0" inProgress="0" pending="0" />
  </ResultSummary>
</TestRun>