<?xml version="1.0" encoding="utf-8"?>
<TestRun id="adcd67e1-39cd-4caf-9c0e-8883887ae8c6" name="sferrari@PC-SFERRARI 2021-09-23 11:14:24" runUser="PC-SFERRARI\sferrari" xmlns="http://microsoft.com/schemas/VisualStudio/TeamTest/2010">
  <Times creation="2021-09-23T11:14:24.5338193+02:00" queuing="2021-09-23T11:14:24.5338193+02:00" start="2021-09-23T11:14:22.4548163+02:00" finish="2021-09-23T11:14:26.3379894+02:00" />
  <TestSettings name="default" id="85b8a0c5-4297-4c54-af65-5a66e1ee27a5">
    <Deployment runDeploymentRoot="sferrari_PC-SFERRARI_2021-09-23_11_14_24" />
  </TestSettings>
  <Results>
    <UnitTestResult executionId="5284be8b-a64f-471b-bc52-dd487df28f5e" testId="c67139c4-cf47-42d8-ae9a-9b8ecf229e69" testName="Create_Passing_Valid_Values_Returns_Currency (EUR)" computerName="PC-SFERRARI" duration="00:00:00.0004200" startTime="2021-09-23T11:14:24.9131214+02:00" endTime="2021-09-23T11:14:24.9136524+02:00" testType="13cdc9d9-ddb5-4fa4-a97d-d965ccfc6d4b" outcome="Passed" testListId="8c84fa94-04c1-424b-9868-57a2d4851a1d" relativeResultsDirectory="5284be8b-a64f-471b-bc52-dd487df28f5e" />
    <UnitTestResult executionId="e5932e35-a363-4bc1-ac6d-21052b9f5755" testId="31b05359-b6e7-473f-8845-edf154b76f6d" testName="Create_Passing_Valid_Values_Returns_Name (Españá)" computerName="PC-SFERRARI" duration="00:00:00.0000106" startTime="2021-09-23T11:14:25.4655269+02:00" endTime="2021-09-23T11:14:25.4655888+02:00" testType="13cdc9d9-ddb5-4fa4-a97d-d965ccfc6d4b" outcome="Passed" testListId="8c84fa94-04c1-424b-9868-57a2d4851a1d" relativeResultsDirectory="e5932e35-a363-4bc1-ac6d-21052b9f5755" />
    <UnitTestResult executionId="2ff454f3-574d-4f35-bd17-1f020a1f65e0" testId="0ad3c926-1b5a-4f36-a118-c93bd91d4e63" testName="OperatorEqual_Passing_Valid_Values_Returns_True (Españã)" computerName="PC-SFERRARI" duration="00:00:00.0000199" startTime="2021-09-23T11:14:25.4985565+02:00" endTime="2021-09-23T11:14:25.4986448+02:00" testType="13cdc9d9-ddb5-4fa4-a97d-d965ccfc6d4b" outcome="Passed" testListId="8c84fa94-04c1-424b-9868-57a2d4851a1d" relativeResultsDirectory="2ff454f3-574d-4f35-bd17-1f020a1f65e0" />
    <UnitTestResult executionId="3615ef41-8139-43d8-9fd7-e51235fcfa38" testId="97586430-4c50-47f8-a3b7-4b30da40d176" testName="Equals_Passing_Valid_Values_Returns_True (Españá)" computerName="PC-SFERRARI" duration="00:00:00.0000221" startTime="2021-09-23T11:14:25.4780950+02:00" endTime="2021-09-23T11:14:25.4782209+02:00" testType="13cdc9d9-ddb5-4fa4-a97d-d965ccfc6d4b" outcome="Passed" testListId="8c84fa94-04c1-424b-9868-57a2d4851a1d" relativeResultsDirectory="3615ef41-8139-43d8-9fd7-e51235fcfa38" />
    <UnitTestResult executionId="db0a2836-48ce-4b3b-882f-d89136f9b820" testId="809200ce-6b72-4c69-bf9d-76eb68c7d6b5" testName="ToEnum_Passing_Invalid_String_Name_Enumeracion_Returns_Null" computerName="PC-SFERRARI" duration="00:00:00.0001509" startTime="2021-09-23T11:14:24.4191718+02:00" endTime="2021-09-23T11:14:24.4193748+02:00" testType="13cdc9d9-ddb5-4fa4-a97d-d965ccfc6d4b" outcome="Passed" testListId="8c84fa94-04c1-424b-9868-57a2d4851a1d" relativeResultsDirectory="db0a2836-48ce-4b3b-882f-d89136f9b820" />
    <UnitTestResult executionId="a68dea4b-6f2e-4f1d-9662-dc104963b40f" testId="7d7326e6-65bd-4c22-a18e-ef72299a10b1" testName="Create_Passing_Valid_Values_Returns_Name (tenant1)" computerName="PC-SFERRARI" duration="00:00:00.0003369" startTime="2021-09-23T11:14:25.6203161+02:00" endTime="2021-09-23T11:14:25.6208157+02:00" testType="13cdc9d9-ddb5-4fa4-a97d-d965ccfc6d4b" outcome="Passed" testListId="8c84fa94-04c1-424b-9868-57a2d4851a1d" relativeResultsDirectory="a68dea4b-6f2e-4f1d-9662-dc104963b40f" />
    <UnitTestResult executionId="5e9bc8db-c031-4bb5-8bdc-9c4dad8eb729" testId="bca28173-fd9a-44c6-8d2a-89c3c92520a5" testName="OperatorEqual_Passing_Valid_Values_Returns_True (Tenerife,23,34567,San Bartoleme De Tirajana,Las Palmas,España)" computerName="PC-SFERRARI" duration="00:00:00.0003329" startTime="2021-09-23T11:14:24.5262775+02:00" endTime="2021-09-23T11:14:24.5267027+02:00" testType="13cdc9d9-ddb5-4fa4-a97d-d965ccfc6d4b" outcome="Passed" testListId="8c84fa94-04c1-424b-9868-57a2d4851a1d" relativeResultsDirectory="5e9bc8db-c031-4bb5-8bdc-9c4dad8eb729" />
    <UnitTestResult executionId="d6236e8a-42d6-4b9c-b540-6ba8d310b398" testId="9d947ada-7f16-4fbf-924f-e6bba640b745" testName="IsAmex_Passing_Nothing_Returns_True" computerName="PC-SFERRARI" duration="00:00:00.0007466" startTime="2021-09-23T11:14:24.3023195+02:00" endTime="2021-09-23T11:14:24.3032560+02:00" testType="13cdc9d9-ddb5-4fa4-a97d-d965ccfc6d4b" outcome="Passed" testListId="8c84fa94-04c1-424b-9868-57a2d4851a1d" relativeResultsDirectory="d6236e8a-42d6-4b9c-b540-6ba8d310b398" />
    <UnitTestResult executionId="8260790a-5b4e-44f6-a6b2-4344970401d0" testId="203906ba-eb73-4787-84a7-501bfb2cebea" testName="OperatorNotEqual_Passing_Valid_Values_Returns_False (TenantA)" computerName="PC-SFERRARI" duration="00:00:00.0000140" startTime="2021-09-23T11:14:25.6770697+02:00" endTime="2021-09-23T11:14:25.6771594+02:00" testType="13cdc9d9-ddb5-4fa4-a97d-d965ccfc6d4b" outcome="Passed" testListId="8c84fa94-04c1-424b-9868-57a2d4851a1d" relativeResultsDirectory="8260790a-5b4e-44f6-a6b2-4344970401d0" />
    <UnitTestResult executionId="e17ddd42-d73a-435b-9318-cbef94149416" testId="bfd59f83-43e0-41b1-9329-69ff4b673fe8" testName="OperatorEqual_Passing_Valid_Values_Returns_True (Españá)" computerName="PC-SFERRARI" duration="00:00:00.0000283" startTime="2021-09-23T11:14:25.4979019+02:00" endTime="2021-09-23T11:14:25.4980194+02:00" testType="13cdc9d9-ddb5-4fa4-a97d-d965ccfc6d4b" outcome="Passed" testListId="8c84fa94-04c1-424b-9868-57a2d4851a1d" relativeResultsDirectory="e17ddd42-d73a-435b-9318-cbef94149416" />
    <UnitTestResult executionId="7721e1c7-d04d-4f17-8ff2-5ec0bd301393" testId="e8e8a602-d40e-45a6-8c84-207d7924120b" testName="Change_Passing_Valid_Values_Returns_Name" computerName="PC-SFERRARI" duration="00:00:00.0008293" startTime="2021-09-23T11:14:25.4635162+02:00" endTime="2021-09-23T11:14:25.4646761+02:00" testType="13cdc9d9-ddb5-4fa4-a97d-d965ccfc6d4b" outcome="Passed" testListId="8c84fa94-04c1-424b-9868-57a2d4851a1d" relativeResultsDirectory="7721e1c7-d04d-4f17-8ff2-5ec0bd301393" />
    <UnitTestResult executionId="19779d76-75f0-4f90-83db-d2f71d147571" testId="3781cef0-2297-45dd-9472-07e87c4ca315" testName="Create_Passing_InvalidOrNull_Value_Returns_ApplicationException (Tenerife,23,34567,San Bartoleme De Tirajana,Las Palmas,)" computerName="PC-SFERRARI" duration="00:00:00.0250030" startTime="2021-09-23T11:14:24.4725052+02:00" endTime="2021-09-23T11:14:24.5096078+02:00" testType="13cdc9d9-ddb5-4fa4-a97d-d965ccfc6d4b" outcome="Passed" testListId="8c84fa94-04c1-424b-9868-57a2d4851a1d" relativeResultsDirectory="19779d76-75f0-4f90-83db-d2f71d147571" />
    <UnitTestResult executionId="f6ecb9a8-2c8c-4f6f-989a-0ac086c24189" testId="59b4db7e-1f01-47ff-8401-17e453501b9c" testName="ToNormalize_Passing_Valid_Values_Returns_Address_String_Format (aaads@ggg.cc)" computerName="PC-SFERRARI" duration="00:00:00.0002493" startTime="2021-09-23T11:14:25.3226789+02:00" endTime="2021-09-23T11:14:25.3233585+02:00" testType="13cdc9d9-ddb5-4fa4-a97d-d965ccfc6d4b" outcome="Passed" testListId="8c84fa94-04c1-424b-9868-57a2d4851a1d" relativeResultsDirectory="f6ecb9a8-2c8c-4f6f-989a-0ac086c24189" />
    <UnitTestResult executionId="bad54af1-147a-41a3-b107-6e76ab83012e" testId="420f44fc-609f-47fb-9a49-e002ecb2eea6" testName="OperatorEqual_Passing_Valid_Values_Returns_True (TenantA)" computerName="PC-SFERRARI" duration="00:00:00.0000135" startTime="2021-09-23T11:14:25.6664885+02:00" endTime="2021-09-23T11:14:25.6665710+02:00" testType="13cdc9d9-ddb5-4fa4-a97d-d965ccfc6d4b" outcome="Passed" testListId="8c84fa94-04c1-424b-9868-57a2d4851a1d" relativeResultsDirectory="bad54af1-147a-41a3-b107-6e76ab83012e" />
    <UnitTestResult executionId="a4cd8c1d-ae12-423b-a74f-67b5938c10f5" testId="769e6050-8a35-4bc2-8212-85c0e33a48b7" testName="OperatorNotEqual_Passing_Valid_Values_Returns_True (Tenant1)" computerName="PC-SFERRARI" duration="00:00:00.0000153" startTime="2021-09-23T11:14:25.6823944+02:00" endTime="2021-09-23T11:14:25.6825009+02:00" testType="13cdc9d9-ddb5-4fa4-a97d-d965ccfc6d4b" outcome="Passed" testListId="8c84fa94-04c1-424b-9868-57a2d4851a1d" relativeResultsDirectory="a4cd8c1d-ae12-423b-a74f-67b5938c10f5" />
    <UnitTestResult executionId="22c47abe-c8b0-4698-b9fc-0a8928e81818" testId="b4518425-1276-4a3b-ab92-0f8a57a791eb" testName="ToEnum_Passing_Valid_String_Name_Returns_Enumeracion" computerName="PC-SFERRARI" duration="00:00:00.0005642" startTime="2021-09-23T11:14:24.4327514+02:00" endTime="2021-09-23T11:14:24.4341082+02:00" testType="13cdc9d9-ddb5-4fa4-a97d-d965ccfc6d4b" outcome="Passed" testListId="8c84fa94-04c1-424b-9868-57a2d4851a1d" relativeResultsDirectory="22c47abe-c8b0-4698-b9fc-0a8928e81818" />
    <UnitTestResult executionId="1077145f-001a-4cd2-b495-4eb940956209" testId="9626c222-357b-4d27-a6be-d6de0e565f78" testName="ToEnum_Passing_Null_Bool_Value_Returns_Inactive_Status" computerName="PC-SFERRARI" duration="00:00:00.0001855" startTime="2021-09-23T11:14:24.4290454+02:00" endTime="2021-09-23T11:14:24.4293271+02:00" testType="13cdc9d9-ddb5-4fa4-a97d-d965ccfc6d4b" outcome="Passed" testListId="8c84fa94-04c1-424b-9868-57a2d4851a1d" relativeResultsDirectory="1077145f-001a-4cd2-b495-4eb940956209" />
    <UnitTestResult executionId="abdb8d72-e48c-48ea-83bd-4a62cf9d5ebb" testId="e74e24c4-8bc5-41f7-9705-b77b2f0d43e6" testName="OperatorEqual_Passing_Valid_Distinct_Values_Returns_False (TENANT_1)" computerName="PC-SFERRARI" duration="00:00:00.0000297" startTime="2021-09-23T11:14:25.6576341+02:00" endTime="2021-09-23T11:14:25.6578522+02:00" testType="13cdc9d9-ddb5-4fa4-a97d-d965ccfc6d4b" outcome="Passed" testListId="8c84fa94-04c1-424b-9868-57a2d4851a1d" relativeResultsDirectory="abdb8d72-e48c-48ea-83bd-4a62cf9d5ebb" />
    <UnitTestResult executionId="59172380-2805-49ec-8abf-433ce9bc5b83" testId="7240a2a4-204f-487d-9162-9b6c04e6792c" testName="ToString_Passing_Valid_Values_Returns_Value_String_Format (San Bartoleme De Tirajana,Las Palmas)" computerName="PC-SFERRARI" duration="00:00:00.0004897" startTime="2021-09-23T11:14:25.3532348+02:00" endTime="2021-09-23T11:14:25.3538306+02:00" testType="13cdc9d9-ddb5-4fa4-a97d-d965ccfc6d4b" outcome="Passed" testListId="8c84fa94-04c1-424b-9868-57a2d4851a1d" relativeResultsDirectory="59172380-2805-49ec-8abf-433ce9bc5b83" />
    <UnitTestResult executionId="a3a8738c-6adc-4d11-aa94-6c77732daddc" testId="8fc4de20-a5a0-4e40-ba27-57da71d4346e" testName="Equals_Passing_Valid_Values_Returns_True (Tenerife,23,34567,San Bartoleme De Tirajana,Las Palmas,España)" computerName="PC-SFERRARI" duration="00:00:00.0005129" startTime="2021-09-23T11:14:24.5187304+02:00" endTime="2021-09-23T11:14:24.5193449+02:00" testType="13cdc9d9-ddb5-4fa4-a97d-d965ccfc6d4b" outcome="Passed" testListId="8c84fa94-04c1-424b-9868-57a2d4851a1d" relativeResultsDirectory="a3a8738c-6adc-4d11-aa94-6c77732daddc" />
    <UnitTestResult executionId="3c810888-a2b2-4de7-b737-0d292bf62c1e" testId="a0a385c8-b023-4205-bbee-f7d41a7c6282" testName="IsNull_Passing_Null_Value_Returns_True" computerName="PC-SFERRARI" duration="00:00:00.0005900" startTime="2021-09-23T11:14:25.6022060+02:00" endTime="2021-09-23T11:14:25.6029106+02:00" testType="13cdc9d9-ddb5-4fa4-a97d-d965ccfc6d4b" outcome="Passed" testListId="8c84fa94-04c1-424b-9868-57a2d4851a1d" relativeResultsDirectory="3c810888-a2b2-4de7-b737-0d292bf62c1e" />
    <UnitTestResult executionId="d3e00552-150d-46e4-8a58-afb387ebdf43" testId="77987aec-bd78-43ae-8800-f3f920f5e950" testName="IsNull_Passing_Valid_Value_Returns_False (Españç)" computerName="PC-SFERRARI" duration="00:00:00.0000279" startTime="2021-09-23T11:14:25.4892358+02:00" endTime="2021-09-23T11:14:25.4894275+02:00" testType="13cdc9d9-ddb5-4fa4-a97d-d965ccfc6d4b" outcome="Passed" testListId="8c84fa94-04c1-424b-9868-57a2d4851a1d" relativeResultsDirectory="d3e00552-150d-46e4-8a58-afb387ebdf43" />
    <UnitTestResult executionId="4f32e116-90a4-4f2d-9bc2-7f393775d631" testId="48fc08e2-842d-4bfd-8656-2a8b3e1314a9" testName="GetAll_Passing_Nothing_Returns_Enumeracion_List" computerName="PC-SFERRARI" duration="00:00:00.0933228" startTime="2021-09-23T11:14:24.0187347+02:00" endTime="2021-09-23T11:14:24.2879669+02:00" testType="13cdc9d9-ddb5-4fa4-a97d-d965ccfc6d4b" outcome="Passed" testListId="8c84fa94-04c1-424b-9868-57a2d4851a1d" relativeResultsDirectory="4f32e116-90a4-4f2d-9bc2-7f393775d631" />
    <UnitTestResult executionId="49865007-9c5f-49ca-9cdd-00aaab3bd6f3" testId="a3e2e4ed-f884-4022-87dd-e8d6f5b18d59" testName="Create_Passing_Valid_Values_Returns_Subdomain (www.hackerone1-com)" computerName="PC-SFERRARI" duration="00:00:00.0000195" startTime="2021-09-23T11:14:25.5663729+02:00" endTime="2021-09-23T11:14:25.5665261+02:00" testType="13cdc9d9-ddb5-4fa4-a97d-d965ccfc6d4b" outcome="Passed" testListId="8c84fa94-04c1-424b-9868-57a2d4851a1d" relativeResultsDirectory="49865007-9c5f-49ca-9cdd-00aaab3bd6f3" />
    <UnitTestResult executionId="cd65a462-e581-4d4b-b0a7-256f9d24222e" testId="f536aaff-33e4-49dd-8458-7f6e864c275b" testName="IsNull_Passing_Valid_Value_Returns_False (Españä)" computerName="PC-SFERRARI" duration="00:00:00.0000148" startTime="2021-09-23T11:14:25.4858574+02:00" endTime="2021-09-23T11:14:25.4859546+02:00" testType="13cdc9d9-ddb5-4fa4-a97d-d965ccfc6d4b" outcome="Passed" testListId="8c84fa94-04c1-424b-9868-57a2d4851a1d" relativeResultsDirectory="cd65a462-e581-4d4b-b0a7-256f9d24222e" />
    <UnitTestResult executionId="dca34718-21de-42b2-b1ab-7f74bc9dd275" testId="f724d52c-86a9-48b5-983c-c40bf0400e60" testName="OperatorEqual_Passing_Valid_Values_Returns_True (TENANTA)" computerName="PC-SFERRARI" duration="00:00:00.0000143" startTime="2021-09-23T11:14:25.6666232+02:00" endTime="2021-09-23T11:14:25.6667256+02:00" testType="13cdc9d9-ddb5-4fa4-a97d-d965ccfc6d4b" outcome="Passed" testListId="8c84fa94-04c1-424b-9868-57a2d4851a1d" relativeResultsDirectory="dca34718-21de-42b2-b1ab-7f74bc9dd275" />
    <UnitTestResult executionId="6827a989-fb12-4a9a-897a-7243e931bfe2" testId="3be18874-4b60-433c-8b46-55641dbc8912" testName="IsNull_Passing_Valid_Value_Returns_False (TenantA)" computerName="PC-SFERRARI" duration="00:00:00.0000096" startTime="2021-09-23T11:14:25.6500154+02:00" endTime="2021-09-23T11:14:25.6500877+02:00" testType="13cdc9d9-ddb5-4fa4-a97d-d965ccfc6d4b" outcome="Passed" testListId="8c84fa94-04c1-424b-9868-57a2d4851a1d" relativeResultsDirectory="6827a989-fb12-4a9a-897a-7243e931bfe2" />
    <UnitTestResult executionId="e5e30f46-3f37-4e45-a5e7-4e55b2ed9328" testId="e6a5be54-0f78-4467-a517-925d77484a67" testName="Equals_Passing_Valid_Distinct_Values_Returns_False (456,43543543543)" computerName="PC-SFERRARI" duration="00:00:00.0012608" startTime="2021-09-23T11:14:25.5931749+02:00" endTime="2021-09-23T11:14:25.5945336+02:00" testType="13cdc9d9-ddb5-4fa4-a97d-d965ccfc6d4b" outcome="Passed" testListId="8c84fa94-04c1-424b-9868-57a2d4851a1d" relativeResultsDirectory="e5e30f46-3f37-4e45-a5e7-4e55b2ed9328" />
    <UnitTestResult executionId="226aed9c-46b0-4d5f-b83a-3f24dac28c44" testId="a8eeec9f-10d7-4394-8b86-1cc66ef4e933" testName="OperatorNotEqual_Passing_Valid_Values_Returns_True (Pader,789,DF7956,Sabadell,Barcelona,España)" computerName="PC-SFERRARI" duration="00:00:00.0000347" startTime="2021-09-23T11:14:24.5295213+02:00" endTime="2021-09-23T11:14:24.5297191+02:00" testType="13cdc9d9-ddb5-4fa4-a97d-d965ccfc6d4b" outcome="Passed" testListId="8c84fa94-04c1-424b-9868-57a2d4851a1d" relativeResultsDirectory="226aed9c-46b0-4d5f-b83a-3f24dac28c44" />
    <UnitTestResult executionId="90a378bc-51f7-4310-b923-b48c218d2623" testId="d888415f-4b14-4eeb-baa6-6eafd1c3377f" testName="Create_Passing_InvalidOrNull_Value_Returns_ApplicationException ()" computerName="PC-SFERRARI" duration="00:00:00.0004830" startTime="2021-09-23T11:14:25.5358479+02:00" endTime="2021-09-23T11:14:25.5364354+02:00" testType="13cdc9d9-ddb5-4fa4-a97d-d965ccfc6d4b" outcome="Passed" testListId="8c84fa94-04c1-424b-9868-57a2d4851a1d" relativeResultsDirectory="90a378bc-51f7-4310-b923-b48c218d2623" />
    <UnitTestResult executionId="ee260222-1ca7-40f2-b2f3-e239cdb786bf" testId="00b5088c-7ca5-4ca9-8c1d-c2e166eff35c" testName="OperatorNotEqual_Passing_Valid_Values_Returns_True (app.hackerone1.com)" computerName="PC-SFERRARI" duration="00:00:00.0002122" startTime="2021-09-23T11:14:25.5833199+02:00" endTime="2021-09-23T11:14:25.5835978+02:00" testType="13cdc9d9-ddb5-4fa4-a97d-d965ccfc6d4b" outcome="Passed" testListId="8c84fa94-04c1-424b-9868-57a2d4851a1d" relativeResultsDirectory="ee260222-1ca7-40f2-b2f3-e239cdb786bf" />
    <UnitTestResult executionId="5bab89e7-e319-494f-a6a6-efe8bb912a4c" testId="64628c33-e92a-4d4d-9ea0-d776f06376a5" testName="ToString_Passing_Valid_Values_Returns_Currency_String_Symbol (EUR)" computerName="PC-SFERRARI" duration="00:00:00.0011635" startTime="2021-09-23T11:14:24.9293661+02:00" endTime="2021-09-23T11:14:24.9306630+02:00" testType="13cdc9d9-ddb5-4fa4-a97d-d965ccfc6d4b" outcome="Passed" testListId="8c84fa94-04c1-424b-9868-57a2d4851a1d" relativeResultsDirectory="5bab89e7-e319-494f-a6a6-efe8bb912a4c" />
    <UnitTestResult executionId="4d253e34-b00e-4e84-a551-dca7d97bd969" testId="ca768245-c124-4a98-a48e-32758a6d54d5" testName="OperatorNotEqual_Passing_Valid_Values_Returns_False (Españâ)" computerName="PC-SFERRARI" duration="00:00:00.0000190" startTime="2021-09-23T11:14:25.5037746+02:00" endTime="2021-09-23T11:14:25.5038649+02:00" testType="13cdc9d9-ddb5-4fa4-a97d-d965ccfc6d4b" outcome="Passed" testListId="8c84fa94-04c1-424b-9868-57a2d4851a1d" relativeResultsDirectory="4d253e34-b00e-4e84-a551-dca7d97bd969" />
    <UnitTestResult executionId="6107df2b-5cda-4f95-b989-8474d6c173b5" testId="5ff60208-a037-4740-8429-58a9004b4278" testName="OperatorEqual_Passing_Valid_Values_Returns_True (D45,86554654)" computerName="PC-SFERRARI" duration="00:00:00.0000369" startTime="2021-09-23T11:14:25.6092973+02:00" endTime="2021-09-23T11:14:25.6094929+02:00" testType="13cdc9d9-ddb5-4fa4-a97d-d965ccfc6d4b" outcome="Passed" testListId="8c84fa94-04c1-424b-9868-57a2d4851a1d" relativeResultsDirectory="6107df2b-5cda-4f95-b989-8474d6c173b5" />
    <UnitTestResult executionId="c6582b79-c808-4e5d-be8d-d435298313c5" testId="f40d0b41-3556-419b-938f-d42314b72e45" testName="IsNull_Passing_Null_Value_Returns_True" computerName="PC-SFERRARI" duration="00:00:00.0004745" startTime="2021-09-23T11:14:25.1344238+02:00" endTime="2021-09-23T11:14:25.1349840+02:00" testType="13cdc9d9-ddb5-4fa4-a97d-d965ccfc6d4b" outcome="Passed" testListId="8c84fa94-04c1-424b-9868-57a2d4851a1d" relativeResultsDirectory="c6582b79-c808-4e5d-be8d-d435298313c5" />
    <UnitTestResult executionId="47e26113-fabc-43c1-b7be-1055063f2567" testId="aaaff563-8e8d-485e-b56f-71ca8ac2d361" testName="Equals_Passing_Valid_Values_Returns_True (Tenant_1)" computerName="PC-SFERRARI" duration="00:00:00.0000151" startTime="2021-09-23T11:14:25.6378220+02:00" endTime="2021-09-23T11:14:25.6379194+02:00" testType="13cdc9d9-ddb5-4fa4-a97d-d965ccfc6d4b" outcome="Passed" testListId="8c84fa94-04c1-424b-9868-57a2d4851a1d" relativeResultsDirectory="47e26113-fabc-43c1-b7be-1055063f2567" />
    <UnitTestResult executionId="66940458-0e6d-43d9-ab63-c8b814d40d3b" testId="40146100-5a14-4805-aaa3-0a96ef44273f" testName="OperatorEqual_Passing_Valid_Values_Returns_True (Tenant_A)" computerName="PC-SFERRARI" duration="00:00:00.0000188" startTime="2021-09-23T11:14:25.6669543+02:00" endTime="2021-09-23T11:14:25.6670841+02:00" testType="13cdc9d9-ddb5-4fa4-a97d-d965ccfc6d4b" outcome="Passed" testListId="8c84fa94-04c1-424b-9868-57a2d4851a1d" relativeResultsDirectory="66940458-0e6d-43d9-ab63-c8b814d40d3b" />
    <UnitTestResult executionId="c18c84a9-aed6-49af-b340-c7eb5be93b7e" testId="de0ea374-5b97-4f0e-b37b-9898850c6752" testName="Equals_Passing_Valid_Distinct_Values_Returns_False (Tenant1)" computerName="PC-SFERRARI" duration="00:00:00.0000262" startTime="2021-09-23T11:14:25.6285127+02:00" endTime="2021-09-23T11:14:25.6286680+02:00" testType="13cdc9d9-ddb5-4fa4-a97d-d965ccfc6d4b" outcome="Passed" testListId="8c84fa94-04c1-424b-9868-57a2d4851a1d" relativeResultsDirectory="c18c84a9-aed6-49af-b340-c7eb5be93b7e" />
    <UnitTestResult executionId="50835d43-4148-48a3-9ffe-3e070dab992c" testId="abbe2f95-063f-49d6-9116-c6b28baa7ca6" testName="IsNull_Passing_Valid_Value_Returns_False (TENANT_A)" computerName="PC-SFERRARI" duration="00:00:00.0000106" startTime="2021-09-23T11:14:25.6537091+02:00" endTime="2021-09-23T11:14:25.6537868+02:00" testType="13cdc9d9-ddb5-4fa4-a97d-d965ccfc6d4b" outcome="Passed" testListId="8c84fa94-04c1-424b-9868-57a2d4851a1d" relativeResultsDirectory="50835d43-4148-48a3-9ffe-3e070dab992c" />
    <UnitTestResult executionId="bb78e333-88bf-47ed-8d53-780de4ab2b36" testId="737b4cfe-a505-4070-b501-e723211cc49e" testName="IsFree_Passing_Nothing_Returns_True" computerName="PC-SFERRARI" duration="00:00:00.0003085" startTime="2021-09-23T11:14:24.4359733+02:00" endTime="2021-09-23T11:14:24.4363731+02:00" testType="13cdc9d9-ddb5-4fa4-a97d-d965ccfc6d4b" outcome="Passed" testListId="8c84fa94-04c1-424b-9868-57a2d4851a1d" relativeResultsDirectory="bb78e333-88bf-47ed-8d53-780de4ab2b36" />
    <UnitTestResult executionId="ba94fd74-039a-46bd-8ca1-7b0dee777f64" testId="b71948e0-159d-4104-a439-89d5967db7ec" testName="Create_Passing_Valid_Values_Returns_Name (TENANT1)" computerName="PC-SFERRARI" duration="00:00:00.0000122" startTime="2021-09-23T11:14:25.6211216+02:00" endTime="2021-09-23T11:14:25.6212104+02:00" testType="13cdc9d9-ddb5-4fa4-a97d-d965ccfc6d4b" outcome="Passed" testListId="8c84fa94-04c1-424b-9868-57a2d4851a1d" relativeResultsDirectory="ba94fd74-039a-46bd-8ca1-7b0dee777f64" />
    <UnitTestResult executionId="52474dec-7477-46be-b7a3-217bc7226d2c" testId="929acda3-b192-485f-b227-520e9c33ee5d" testName="Equals_Passing_Valid_Distinct_Values_Returns_False (Españã)" computerName="PC-SFERRARI" duration="00:00:00.0000189" startTime="2021-09-23T11:14:25.4714577+02:00" endTime="2021-09-23T11:14:25.4715527+02:00" testType="13cdc9d9-ddb5-4fa4-a97d-d965ccfc6d4b" outcome="Passed" testListId="8c84fa94-04c1-424b-9868-57a2d4851a1d" relativeResultsDirectory="52474dec-7477-46be-b7a3-217bc7226d2c" />
    <UnitTestResult executionId="4694a506-b3d7-496d-8ef1-83cfc7550717" testId="b30aa3ba-ca0c-48f0-b244-cf8e08c87595" testName="ToString_Passing_Valid_Values_Returns_Address_String_Format (Tenerife,23,34567,San Bartoleme De Tirajana,Las Palmas,España)" computerName="PC-SFERRARI" duration="00:00:00.0008169" startTime="2021-09-23T11:14:24.5298964+02:00" endTime="2021-09-23T11:14:24.5338114+02:00" testType="13cdc9d9-ddb5-4fa4-a97d-d965ccfc6d4b" outcome="Passed" testListId="8c84fa94-04c1-424b-9868-57a2d4851a1d" relativeResultsDirectory="4694a506-b3d7-496d-8ef1-83cfc7550717" />
    <UnitTestResult executionId="256897f6-0f43-452f-8fb5-4ea8b341050b" testId="df2e6828-8f02-42d6-86a1-84c4b0a6ef17" testName="OperatorNotEqual_Passing_Valid_Values_Returns_False (Tenerife,23,34567,San Bartoleme De Tirajana,Las Palmas,España)" computerName="PC-SFERRARI" duration="00:00:00.0005279" startTime="2021-09-23T11:14:24.5273751+02:00" endTime="2021-09-23T11:14:24.5282873+02:00" testType="13cdc9d9-ddb5-4fa4-a97d-d965ccfc6d4b" outcome="Passed" testListId="8c84fa94-04c1-424b-9868-57a2d4851a1d" relativeResultsDirectory="256897f6-0f43-452f-8fb5-4ea8b341050b" />
    <UnitTestResult executionId="0f5dc4c8-5289-4bf6-9437-c99a52a97fed" testId="65771d88-516b-43ce-a2e5-ea3f5c063b96" testName="Equals_Passing_Valid_Values_Returns_True (Españâ)" computerName="PC-SFERRARI" duration="00:00:00.0000181" startTime="2021-09-23T11:14:25.4785825+02:00" endTime="2021-09-23T11:14:25.4786660+02:00" testType="13cdc9d9-ddb5-4fa4-a97d-d965ccfc6d4b" outcome="Passed" testListId="8c84fa94-04c1-424b-9868-57a2d4851a1d" relativeResultsDirectory="0f5dc4c8-5289-4bf6-9437-c99a52a97fed" />
    <UnitTestResult executionId="ceff79f3-063f-4eab-948f-3a6d14ef27a0" testId="057b9da5-4e40-4c27-9d05-2cc3614f092d" testName="Equals_Passing_Valid_Values_Returns_True (San Bartoleme De Tirajana,Las Palmas,España)" computerName="PC-SFERRARI" duration="00:00:00.0003796" startTime="2021-09-23T11:14:25.3416634+02:00" endTime="2021-09-23T11:14:25.3421943+02:00" testType="13cdc9d9-ddb5-4fa4-a97d-d965ccfc6d4b" outcome="Passed" testListId="8c84fa94-04c1-424b-9868-57a2d4851a1d" relativeResultsDirectory="ceff79f3-063f-4eab-948f-3a6d14ef27a0" />
    <UnitTestResult executionId="2d68d1a9-e6d1-40fe-bbf1-7a52d5255c0b" testId="43225dc6-444f-407b-8309-8a8d391698be" testName="Create_Passing_Valid_Values_Returns_Address (Pader,789,DF7956,Sabadell,Barcelona,España)" computerName="PC-SFERRARI" duration="00:00:00.0000296" startTime="2021-09-23T11:14:24.5156809+02:00" endTime="2021-09-23T11:14:24.5158428+02:00" testType="13cdc9d9-ddb5-4fa4-a97d-d965ccfc6d4b" outcome="Passed" testListId="8c84fa94-04c1-424b-9868-57a2d4851a1d" relativeResultsDirectory="2d68d1a9-e6d1-40fe-bbf1-7a52d5255c0b" />
    <UnitTestResult executionId="32680c34-5270-4c27-ab4d-e77370b43b75" testId="062c82f8-0822-4cf2-985b-87db7e12b98a" testName="OperatorEqual_Passing_Valid_Values_Returns_True (tenant_1)" computerName="PC-SFERRARI" duration="00:00:00.0000165" startTime="2021-09-23T11:14:25.6657609+02:00" endTime="2021-09-23T11:14:25.6658754+02:00" testType="13cdc9d9-ddb5-4fa4-a97d-d965ccfc6d4b" outcome="Passed" testListId="8c84fa94-04c1-424b-9868-57a2d4851a1d" relativeResultsDirectory="32680c34-5270-4c27-ab4d-e77370b43b75" />
    <UnitTestResult executionId="c0b4d077-f362-4bff-830a-56f1bbb56dfe" testId="3b3f33f6-91c5-4b38-a85e-769e5fd7f3b7" testName="IsMale_Passing_Nothing_Returns_True" computerName="PC-SFERRARI" duration="00:00:00.0002263" startTime="2021-09-23T11:14:24.4185271+02:00" endTime="2021-09-23T11:14:24.4188425+02:00" testType="13cdc9d9-ddb5-4fa4-a97d-d965ccfc6d4b" outcome="Passed" testListId="8c84fa94-04c1-424b-9868-57a2d4851a1d" relativeResultsDirectory="c0b4d077-f362-4bff-830a-56f1bbb56dfe" />
    <UnitTestResult executionId="928a5aa6-4669-48c2-a12a-6692f643f7e6" testId="93c13888-36d6-4f99-8f6d-340eeae7932c" testName="OperatorNotEqual_Passing_Valid_Values_Returns_True (Sabadell,Barcelona,España)" computerName="PC-SFERRARI" duration="00:00:00.0000370" startTime="2021-09-23T11:14:25.3518514+02:00" endTime="2021-09-23T11:14:25.3519663+02:00" testType="13cdc9d9-ddb5-4fa4-a97d-d965ccfc6d4b" outcome="Passed" testListId="8c84fa94-04c1-424b-9868-57a2d4851a1d" relativeResultsDirectory="928a5aa6-4669-48c2-a12a-6692f643f7e6" />
    <UnitTestResult executionId="e1f24b8d-4536-4089-9fea-7fc3d966de60" testId="ffbce500-78f1-42bc-b414-8af6bf11366a" testName="Equals_Passing_Valid_Values_Returns_False (Tenerife,23,34567,San Bartoleme De Tirajana,Las Palmas,España)" computerName="PC-SFERRARI" duration="00:00:00.0022100" startTime="2021-09-23T11:14:24.5159408+02:00" endTime="2021-09-23T11:14:24.5182529+02:00" testType="13cdc9d9-ddb5-4fa4-a97d-d965ccfc6d4b" outcome="Passed" testListId="8c84fa94-04c1-424b-9868-57a2d4851a1d" relativeResultsDirectory="e1f24b8d-4536-4089-9fea-7fc3d966de60" />
    <UnitTestResult executionId="802bd124-cba0-4e2f-b86d-ccb8d17d768f" testId="744dd3da-7705-441e-ad38-449b03882d9a" testName="ToString_Passing_Valid_Values_Returns_Subdomain (www.hackerone-com)" computerName="PC-SFERRARI" duration="00:00:00.0000240" startTime="2021-09-23T11:14:25.5872873+02:00" endTime="2021-09-23T11:14:25.5874276+02:00" testType="13cdc9d9-ddb5-4fa4-a97d-d965ccfc6d4b" outcome="Passed" testListId="8c84fa94-04c1-424b-9868-57a2d4851a1d" relativeResultsDirectory="802bd124-cba0-4e2f-b86d-ccb8d17d768f" />
    <UnitTestResult executionId="2d511dcb-b6b4-4708-bd44-7cedc2e38c76" testId="29c73fbc-4c0e-4c0b-9d07-bd7ddd58378a" testName="IsNull_Passing_Valid_Address_Returns_False (Pader,789,DF7956,Sabadell,Barcelona,España)" computerName="PC-SFERRARI" duration="00:00:00.0000179" startTime="2021-09-23T11:14:24.5211744+02:00" endTime="2021-09-23T11:14:24.5212906+02:00" testType="13cdc9d9-ddb5-4fa4-a97d-d965ccfc6d4b" outcome="Passed" testListId="8c84fa94-04c1-424b-9868-57a2d4851a1d" relativeResultsDirectory="2d511dcb-b6b4-4708-bd44-7cedc2e38c76" />
    <UnitTestResult executionId="53deaafb-12a8-47fe-8eb8-974e50f47887" testId="12c577bf-8a8b-49a6-ab3c-6a6d2fa78483" testName="ToFullString_Passing_Valid_Values_Returns_Value_String_Format (San Bartoleme De Tirajana,Las Palmas,España)" computerName="PC-SFERRARI" duration="00:00:00.0005219" startTime="2021-09-23T11:14:25.3520465+02:00" endTime="2021-09-23T11:14:25.3526460+02:00" testType="13cdc9d9-ddb5-4fa4-a97d-d965ccfc6d4b" outcome="Passed" testListId="8c84fa94-04c1-424b-9868-57a2d4851a1d" relativeResultsDirectory="53deaafb-12a8-47fe-8eb8-974e50f47887" />
    <UnitTestResult executionId="4f0350d3-939c-4168-95f7-d9651def5aa7" testId="81176e33-aedd-4aec-9c6e-4574db652df7" testName="OperatorEqual_Passing_Valid_Distinct_Values_Returns_False (San Bartoleme De Tirajana,Las Palmas,España)" computerName="PC-SFERRARI" duration="00:00:00.0004149" startTime="2021-09-23T11:14:25.3445493+02:00" endTime="2021-09-23T11:14:25.3450535+02:00" testType="13cdc9d9-ddb5-4fa4-a97d-d965ccfc6d4b" outcome="Passed" testListId="8c84fa94-04c1-424b-9868-57a2d4851a1d" relativeResultsDirectory="4f0350d3-939c-4168-95f7-d9651def5aa7" />
    <UnitTestResult executionId="33071065-16f3-4aef-99be-e1949f4a557f" testId="cee04ea8-6dd8-49b4-a62f-9766d882306a" testName="Equals_Passing_Valid_Distinct_Values_Returns_False (TenantA)" computerName="PC-SFERRARI" duration="00:00:00.0000139" startTime="2021-09-23T11:14:25.6331570+02:00" endTime="2021-09-23T11:14:25.6332503+02:00" testType="13cdc9d9-ddb5-4fa4-a97d-d965ccfc6d4b" outcome="Passed" testListId="8c84fa94-04c1-424b-9868-57a2d4851a1d" relativeResultsDirectory="33071065-16f3-4aef-99be-e1949f4a557f" />
    <UnitTestResult executionId="2d87d226-43cc-4196-951b-b4fe34b18ee0" testId="eb909fec-7cc7-4caf-abe4-6838f08c5fb5" testName="ToNormalize_Passing_Valid_Values_Returns_Name_String_Format (Españà,Espana)" computerName="PC-SFERRARI" duration="00:00:00.0000425" startTime="2021-09-23T11:14:25.5241518+02:00" endTime="2021-09-23T11:14:25.5242732+02:00" testType="13cdc9d9-ddb5-4fa4-a97d-d965ccfc6d4b" outcome="Passed" testListId="8c84fa94-04c1-424b-9868-57a2d4851a1d" relativeResultsDirectory="2d87d226-43cc-4196-951b-b4fe34b18ee0" />
    <UnitTestResult executionId="6e84a2c2-1ff6-4328-8366-8e03360d0769" testId="14a00c5f-ec84-49be-90c2-6dcfed1c3c2d" testName="OperatorNotEqual_Passing_Valid_Values_Returns_False (456,43543543543)" computerName="PC-SFERRARI" duration="00:00:00.0003058" startTime="2021-09-23T11:14:25.6096331+02:00" endTime="2021-09-23T11:14:25.6100508+02:00" testType="13cdc9d9-ddb5-4fa4-a97d-d965ccfc6d4b" outcome="Passed" testListId="8c84fa94-04c1-424b-9868-57a2d4851a1d" relativeResultsDirectory="6e84a2c2-1ff6-4328-8366-8e03360d0769" />
    <UnitTestResult executionId="58c15757-ac79-4d6e-b87f-7a6a34c8bbf5" testId="23413e3d-4804-4dd6-8d75-96580ddfbc2c" testName="OperatorNotEqual_Passing_Valid_Values_Returns_True (San Bartoleme De Tirajana,Las Palmas,España)" computerName="PC-SFERRARI" duration="00:00:00.0002839" startTime="2021-09-23T11:14:25.3514092+02:00" endTime="2021-09-23T11:14:25.3517714+02:00" testType="13cdc9d9-ddb5-4fa4-a97d-d965ccfc6d4b" outcome="Passed" testListId="8c84fa94-04c1-424b-9868-57a2d4851a1d" relativeResultsDirectory="58c15757-ac79-4d6e-b87f-7a6a34c8bbf5" />
    <UnitTestResult executionId="710f98c3-cdc3-4d28-bcbb-ba106f92a7e1" testId="55f0cfe2-5166-4e02-8ba3-dd72464a2261" testName="OperatorEqual_Passing_Valid_Values_Returns_True (tenant1)" computerName="PC-SFERRARI" duration="00:00:00.0004079" startTime="2021-09-23T11:14:25.6601519+02:00" endTime="2021-09-23T11:14:25.6606875+02:00" testType="13cdc9d9-ddb5-4fa4-a97d-d965ccfc6d4b" outcome="Passed" testListId="8c84fa94-04c1-424b-9868-57a2d4851a1d" relativeResultsDirectory="710f98c3-cdc3-4d28-bcbb-ba106f92a7e1" />
    <UnitTestResult executionId="561ca299-a547-45fd-8ecb-a9a0bae31a38" testId="5460649a-c72a-4586-85ed-da61e87b497a" testName="Equals_Passing_Valid_Values_Returns_True (34fsds@sdd.fgg)" computerName="PC-SFERRARI" duration="00:00:00.0000353" startTime="2021-09-23T11:14:25.1342765+02:00" endTime="2021-09-23T11:14:25.1343855+02:00" testType="13cdc9d9-ddb5-4fa4-a97d-d965ccfc6d4b" outcome="Passed" testListId="8c84fa94-04c1-424b-9868-57a2d4851a1d" relativeResultsDirectory="561ca299-a547-45fd-8ecb-a9a0bae31a38" />
    <UnitTestResult executionId="922f900d-34ec-4423-8408-b0b27eb7456a" testId="4c7cdacf-edd7-470b-8f0e-2c965e1489e2" testName="Equals_Passing_Valid_Values_Returns_True (Tenant_A)" computerName="PC-SFERRARI" duration="00:00:00.0000162" startTime="2021-09-23T11:14:25.6393392+02:00" endTime="2021-09-23T11:14:25.6394237+02:00" testType="13cdc9d9-ddb5-4fa4-a97d-d965ccfc6d4b" outcome="Passed" testListId="8c84fa94-04c1-424b-9868-57a2d4851a1d" relativeResultsDirectory="922f900d-34ec-4423-8408-b0b27eb7456a" />
    <UnitTestResult executionId="9800b428-a9f7-4fa2-9cd8-7d97d8b8926d" testId="d862f380-632e-484e-a263-829e3b6e34ad" testName="OperatorNotEqual_Passing_Valid_Values_Returns_True (Españħ)" computerName="PC-SFERRARI" duration="00:00:00.0000225" startTime="2021-09-23T11:14:25.5196116+02:00" endTime="2021-09-23T11:14:25.5198855+02:00" testType="13cdc9d9-ddb5-4fa4-a97d-d965ccfc6d4b" outcome="Passed" testListId="8c84fa94-04c1-424b-9868-57a2d4851a1d" relativeResultsDirectory="9800b428-a9f7-4fa2-9cd8-7d97d8b8926d" />
    <UnitTestResult executionId="d46ab56e-ad58-4902-882a-9c44b3ac4c4e" testId="ff11afd3-3088-4fcc-a88d-e3b47318e315" testName="OperatorNotEqual_Passing_Valid_Values_Returns_False (TENANT_A)" computerName="PC-SFERRARI" duration="00:00:00.0000133" startTime="2021-09-23T11:14:25.6817889+02:00" endTime="2021-09-23T11:14:25.6818736+02:00" testType="13cdc9d9-ddb5-4fa4-a97d-d965ccfc6d4b" outcome="Passed" testListId="8c84fa94-04c1-424b-9868-57a2d4851a1d" relativeResultsDirectory="d46ab56e-ad58-4902-882a-9c44b3ac4c4e" />
    <UnitTestResult executionId="fa35ab38-54a4-4fe2-9afe-7884b6d8a087" testId="cf275656-f58a-44fd-84bd-7c2fdcd0965a" testName="IsNull_Passing_Valid_Value_Returns_False (tenant_A)" computerName="PC-SFERRARI" duration="00:00:00.0000131" startTime="2021-09-23T11:14:25.6534213+02:00" endTime="2021-09-23T11:14:25.6535143+02:00" testType="13cdc9d9-ddb5-4fa4-a97d-d965ccfc6d4b" outcome="Passed" testListId="8c84fa94-04c1-424b-9868-57a2d4851a1d" relativeResultsDirectory="fa35ab38-54a4-4fe2-9afe-7884b6d8a087" />
    <UnitTestResult executionId="bff07179-756c-412b-862d-53456335e09a" testId="df8f69b9-92a5-42c0-b8cf-9225cdd87273" testName="OperatorEqual_Passing_Valid_Values_Returns_False (Pader,789,DF7956,Sabadell,Barcelona,España)" computerName="PC-SFERRARI" duration="00:00:00.0000460" startTime="2021-09-23T11:14:24.5260026+02:00" endTime="2021-09-23T11:14:24.5261750+02:00" testType="13cdc9d9-ddb5-4fa4-a97d-d965ccfc6d4b" outcome="Passed" testListId="8c84fa94-04c1-424b-9868-57a2d4851a1d" relativeResultsDirectory="bff07179-756c-412b-862d-53456335e09a" />
    <UnitTestResult executionId="d97782bb-a099-4677-9efa-db1943406a2d" testId="5dcd119f-b0c3-4755-89a5-e9b83dc3c99d" testName="Create_Passing_Valid_Values_Returns_Name (tenant_A)" computerName="PC-SFERRARI" duration="00:00:00.0000219" startTime="2021-09-23T11:14:25.6256088+02:00" endTime="2021-09-23T11:14:25.6257637+02:00" testType="13cdc9d9-ddb5-4fa4-a97d-d965ccfc6d4b" outcome="Passed" testListId="8c84fa94-04c1-424b-9868-57a2d4851a1d" relativeResultsDirectory="d97782bb-a099-4677-9efa-db1943406a2d" />
    <UnitTestResult executionId="aee93646-404f-4066-8cde-9eb73f03cc7a" testId="24f7a32a-8a28-4ccc-ade9-bdedf49909a1" testName="Equals_Passing_Valid_Values_Returns_False (Pader,789,DF7956,Sabadell,Barcelona,España)" computerName="PC-SFERRARI" duration="00:00:00.0000369" startTime="2021-09-23T11:14:24.5184244+02:00" endTime="2021-09-23T11:14:24.5185967+02:00" testType="13cdc9d9-ddb5-4fa4-a97d-d965ccfc6d4b" outcome="Passed" testListId="8c84fa94-04c1-424b-9868-57a2d4851a1d" relativeResultsDirectory="aee93646-404f-4066-8cde-9eb73f03cc7a" />
    <UnitTestResult executionId="437adbb4-4526-4780-8113-080eb95158fd" testId="17c08cad-c141-45d6-b94f-03837d7be98f" testName="OperatorEqual_Passing_Valid_Values_Returns_True (TENANT_1)" computerName="PC-SFERRARI" duration="00:00:00.0000122" startTime="2021-09-23T11:14:25.6661896+02:00" endTime="2021-09-23T11:14:25.6662742+02:00" testType="13cdc9d9-ddb5-4fa4-a97d-d965ccfc6d4b" outcome="Passed" testListId="8c84fa94-04c1-424b-9868-57a2d4851a1d" relativeResultsDirectory="437adbb4-4526-4780-8113-080eb95158fd" />
    <UnitTestResult executionId="af92b5c4-fec5-435d-a282-9e4691a55517" testId="87146429-17ee-4f52-8809-33a495f2de00" testName="OperatorEqual_Passing_Valid_Distinct_Values_Returns_False (www.hackerone-com)" computerName="PC-SFERRARI" duration="00:00:00.0000208" startTime="2021-09-23T11:14:25.5761179+02:00" endTime="2021-09-23T11:14:25.5762211+02:00" testType="13cdc9d9-ddb5-4fa4-a97d-d965ccfc6d4b" outcome="Passed" testListId="8c84fa94-04c1-424b-9868-57a2d4851a1d" relativeResultsDirectory="af92b5c4-fec5-435d-a282-9e4691a55517" />
    <UnitTestResult executionId="7e822585-2e5d-43f3-b081-e7a76c972ddb" testId="0a17a18c-5e07-4ccc-a3a2-92376fe91570" testName="OperatorNotEqual_Passing_Valid_Values_Returns_False (TENANT_1)" computerName="PC-SFERRARI" duration="00:00:00.0000153" startTime="2021-09-23T11:14:25.6766630+02:00" endTime="2021-09-23T11:14:25.6767867+02:00" testType="13cdc9d9-ddb5-4fa4-a97d-d965ccfc6d4b" outcome="Passed" testListId="8c84fa94-04c1-424b-9868-57a2d4851a1d" relativeResultsDirectory="7e822585-2e5d-43f3-b081-e7a76c972ddb" />
    <UnitTestResult executionId="422c2497-fa7a-4efd-bde4-6939c5cb4214" testId="29f3bfe7-1718-4f68-ba66-70946f46fa9a" testName="OperatorEqual_Passing_Valid_Distinct_Values_Returns_False (stage_hackerone.com)" computerName="PC-SFERRARI" duration="00:00:00.0000193" startTime="2021-09-23T11:14:25.5762742+02:00" endTime="2021-09-23T11:14:25.5763532+02:00" testType="13cdc9d9-ddb5-4fa4-a97d-d965ccfc6d4b" outcome="Passed" testListId="8c84fa94-04c1-424b-9868-57a2d4851a1d" relativeResultsDirectory="422c2497-fa7a-4efd-bde4-6939c5cb4214" />
    <UnitTestResult executionId="c5fd5ac7-f296-4737-9538-fafd993b2701" testId="ba65157f-0836-46c8-a8bd-6fc60e21bace" testName="OperatorNotEqual_Passing_Valid_Values_Returns_True (100,EUR,2)" computerName="PC-SFERRARI" duration="00:00:00.0018924" startTime="2021-09-23T11:14:25.4482428+02:00" endTime="2021-09-23T11:14:25.4502722+02:00" testType="13cdc9d9-ddb5-4fa4-a97d-d965ccfc6d4b" outcome="Passed" testListId="8c84fa94-04c1-424b-9868-57a2d4851a1d" relativeResultsDirectory="c5fd5ac7-f296-4737-9538-fafd993b2701" />
    <UnitTestResult executionId="791b0565-4784-417e-b0a0-49cf40d71504" testId="5c7dcd23-acb5-4037-b3ea-4ab7a4273ac7" testName="Create_Passing_InvalidOrNull_Value_Returns_ApplicationException ()" computerName="PC-SFERRARI" duration="00:00:00.0000534" startTime="2021-09-23T11:14:25.0906521+02:00" endTime="2021-09-23T11:14:25.0907824+02:00" testType="13cdc9d9-ddb5-4fa4-a97d-d965ccfc6d4b" outcome="Passed" testListId="8c84fa94-04c1-424b-9868-57a2d4851a1d" relativeResultsDirectory="791b0565-4784-417e-b0a0-49cf40d71504" />
    <UnitTestResult executionId="4c89cb8a-1ac6-4bbd-930b-d2c7f7cec0ca" testId="5b36283b-ff07-4b54-af7f-4a4be3d06efa" testName="Equals_Passing_Valid_Distinct_Values_Returns_False (TENANT1)" computerName="PC-SFERRARI" duration="00:00:00.0003764" startTime="2021-09-23T11:14:25.6287410+02:00" endTime="2021-09-23T11:14:25.6292516+02:00" testType="13cdc9d9-ddb5-4fa4-a97d-d965ccfc6d4b" outcome="Passed" testListId="8c84fa94-04c1-424b-9868-57a2d4851a1d" relativeResultsDirectory="4c89cb8a-1ac6-4bbd-930b-d2c7f7cec0ca" />
    <UnitTestResult executionId="0ffc2314-11fe-49a2-aa9d-a517832f9ee0" testId="1b8e2a60-4cff-4afd-9959-5b41a9596f94" testName="Equals_Passing_Valid_Distinct_Values_Returns_False (Tenant_1)" computerName="PC-SFERRARI" duration="00:00:00.0000143" startTime="2021-09-23T11:14:25.6297232+02:00" endTime="2021-09-23T11:14:25.6298180+02:00" testType="13cdc9d9-ddb5-4fa4-a97d-d965ccfc6d4b" outcome="Passed" testListId="8c84fa94-04c1-424b-9868-57a2d4851a1d" relativeResultsDirectory="0ffc2314-11fe-49a2-aa9d-a517832f9ee0" />
    <UnitTestResult executionId="9d40f0a1-54bb-4630-b640-800988792f8e" testId="b03dd574-1cb0-44c4-827e-fc42bb8085b7" testName="Equals_Passing_Valid_Values_Returns_True (Sabadell,Barcelona,España)" computerName="PC-SFERRARI" duration="00:00:00.0000635" startTime="2021-09-23T11:14:25.3423377+02:00" endTime="2021-09-23T11:14:25.3425176+02:00" testType="13cdc9d9-ddb5-4fa4-a97d-d965ccfc6d4b" outcome="Passed" testListId="8c84fa94-04c1-424b-9868-57a2d4851a1d" relativeResultsDirectory="9d40f0a1-54bb-4630-b640-800988792f8e" />
    <UnitTestResult executionId="1200e558-2a74-407f-9958-98cc9b0e3933" testId="ae83b998-6e25-45af-9de0-dc07257462a1" testName="OperatorEqual_Passing_Valid_Values_Returns_True (dasdasd@dsasd.ff)" computerName="PC-SFERRARI" duration="00:00:00.0002900" startTime="2021-09-23T11:14:25.1389326+02:00" endTime="2021-09-23T11:14:25.1393127+02:00" testType="13cdc9d9-ddb5-4fa4-a97d-d965ccfc6d4b" outcome="Passed" testListId="8c84fa94-04c1-424b-9868-57a2d4851a1d" relativeResultsDirectory="1200e558-2a74-407f-9958-98cc9b0e3933" />
    <UnitTestResult executionId="c1b2f407-1afd-465d-8685-03cf0bfff429" testId="cf33975d-b1ef-4689-bf97-c93a0b26843b" testName="ToString_Passing_Valid_Values_Returns_Name (TENANT_1)" computerName="PC-SFERRARI" duration="00:00:00.0000120" startTime="2021-09-23T11:14:25.6949030+02:00" endTime="2021-09-23T11:14:25.6950097+02:00" testType="13cdc9d9-ddb5-4fa4-a97d-d965ccfc6d4b" outcome="Passed" testListId="8c84fa94-04c1-424b-9868-57a2d4851a1d" relativeResultsDirectory="c1b2f407-1afd-465d-8685-03cf0bfff429" />
    <UnitTestResult executionId="c56aafc0-a9c4-4487-a218-c6cb134769ee" testId="dd119895-9939-4078-94e6-a3727986a8a8" testName="ToString_Passing_Valid_Values_Returns_Name (TENANT_A)" computerName="PC-SFERRARI" duration="00:00:00.0000222" startTime="2021-09-23T11:14:25.6991549+02:00" endTime="2021-09-23T11:14:25.6993188+02:00" testType="13cdc9d9-ddb5-4fa4-a97d-d965ccfc6d4b" outcome="Passed" testListId="8c84fa94-04c1-424b-9868-57a2d4851a1d" relativeResultsDirectory="c56aafc0-a9c4-4487-a218-c6cb134769ee" />
    <UnitTestResult executionId="d8d15a99-c25a-4f5b-903b-10b357d60666" testId="c6c43f6a-069e-4376-85c7-7893586026f8" testName="OperatorEqual_Passing_Valid_Distinct_Values_Returns_False (200,EUR,4)" computerName="PC-SFERRARI" duration="00:00:00.0021103" startTime="2021-09-23T11:14:25.4300654+02:00" endTime="2021-09-23T11:14:25.4323213+02:00" testType="13cdc9d9-ddb5-4fa4-a97d-d965ccfc6d4b" outcome="Passed" testListId="8c84fa94-04c1-424b-9868-57a2d4851a1d" relativeResultsDirectory="d8d15a99-c25a-4f5b-903b-10b357d60666" />
    <UnitTestResult executionId="faf1b3b3-1db1-438c-8627-e7a748e024d9" testId="733aa12c-489f-47ca-aded-eed4e9cd0271" testName="ToEnum_Passing_Valid_String_ShortName_Enumeracion_Returns_Enumeracion" computerName="PC-SFERRARI" duration="00:00:00.0001131" startTime="2021-09-23T11:14:24.4198184+02:00" endTime="2021-09-23T11:14:24.4199914+02:00" testType="13cdc9d9-ddb5-4fa4-a97d-d965ccfc6d4b" outcome="Passed" testListId="8c84fa94-04c1-424b-9868-57a2d4851a1d" relativeResultsDirectory="faf1b3b3-1db1-438c-8627-e7a748e024d9" />
    <UnitTestResult executionId="bb31daa6-3231-46e2-9aef-3527ab022022" testId="c4ca35eb-a96e-4ddb-92b4-844f80b1c11b" testName="Equals_Passing_Valid_Distinct_Values_Returns_False (34fsds@sdd.fgg)" computerName="PC-SFERRARI" duration="00:00:00.0000615" startTime="2021-09-23T11:14:25.1336107+02:00" endTime="2021-09-23T11:14:25.1337935+02:00" testType="13cdc9d9-ddb5-4fa4-a97d-d965ccfc6d4b" outcome="Passed" testListId="8c84fa94-04c1-424b-9868-57a2d4851a1d" relativeResultsDirectory="bb31daa6-3231-46e2-9aef-3527ab022022" />
    <UnitTestResult executionId="89732aab-4e1d-42ab-b343-7bd7f9876eac" testId="fd3337fa-6c61-495d-8a7a-ad7943d460a8" testName="Equals_Passing_Valid_Distinct_Values_Returns_False (tenant_A)" computerName="PC-SFERRARI" duration="00:00:00.0000129" startTime="2021-09-23T11:14:25.6334579+02:00" endTime="2021-09-23T11:14:25.6335408+02:00" testType="13cdc9d9-ddb5-4fa4-a97d-d965ccfc6d4b" outcome="Passed" testListId="8c84fa94-04c1-424b-9868-57a2d4851a1d" relativeResultsDirectory="89732aab-4e1d-42ab-b343-7bd7f9876eac" />
    <UnitTestResult executionId="c61251db-4976-455c-b2ab-ee26053a1678" testId="0ba3cdd4-9512-4f7b-9abb-04bb6587b82b" testName="ToEnum_Passing_Valid_Int_value_Returns_Enumeracion" computerName="PC-SFERRARI" duration="00:00:00.0011608" startTime="2021-09-23T11:14:24.4302653+02:00" endTime="2021-09-23T11:14:24.4318693+02:00" testType="13cdc9d9-ddb5-4fa4-a97d-d965ccfc6d4b" outcome="Passed" testListId="8c84fa94-04c1-424b-9868-57a2d4851a1d" relativeResultsDirectory="c61251db-4976-455c-b2ab-ee26053a1678" />
    <UnitTestResult executionId="dc881db0-383d-4386-acdf-3f7605d2d0c1" testId="fdbc7e80-6c48-4ff6-b390-a60d4a3f6fe9" testName="ToEnum_Passing_Invalid_Int_Name_Enumeracion_Returns_Null" computerName="PC-SFERRARI" duration="00:00:00.0002067" startTime="2021-09-23T11:14:24.4188785+02:00" endTime="2021-09-23T11:14:24.4191400+02:00" testType="13cdc9d9-ddb5-4fa4-a97d-d965ccfc6d4b" outcome="Passed" testListId="8c84fa94-04c1-424b-9868-57a2d4851a1d" relativeResultsDirectory="dc881db0-383d-4386-acdf-3f7605d2d0c1" />
    <UnitTestResult executionId="37ecf1e0-65fc-4827-9f21-ffb914ab43f2" testId="73176e6f-cd80-4784-9e68-1487041f2b81" testName="OperatorEqual_Passing_Valid_Distinct_Values_Returns_False (TENANT1)" computerName="PC-SFERRARI" duration="00:00:00.0000134" startTime="2021-09-23T11:14:25.6544234+02:00" endTime="2021-09-23T11:14:25.6545243+02:00" testType="13cdc9d9-ddb5-4fa4-a97d-d965ccfc6d4b" outcome="Passed" testListId="8c84fa94-04c1-424b-9868-57a2d4851a1d" relativeResultsDirectory="37ecf1e0-65fc-4827-9f21-ffb914ab43f2" />
    <UnitTestResult executionId="bcb1612a-e7b2-48c7-b117-05fb3698191b" testId="eba98f7c-7255-4a71-96cc-face024a19c9" testName="Create_Passing_InvalidOrNull_Value_Returns_ApplicationException ()" computerName="PC-SFERRARI" duration="00:00:00.0008875" startTime="2021-09-23T11:14:25.6163423+02:00" endTime="2021-09-23T11:14:25.6173760+02:00" testType="13cdc9d9-ddb5-4fa4-a97d-d965ccfc6d4b" outcome="Passed" testListId="8c84fa94-04c1-424b-9868-57a2d4851a1d" relativeResultsDirectory="bcb1612a-e7b2-48c7-b117-05fb3698191b" />
    <UnitTestResult executionId="12dd7434-9e5d-43ba-9fcb-40498e9757d3" testId="322bd030-2ae3-4fd6-b000-35813577d6da" testName="Change_Passing_Valid_Values_Returns_Name" computerName="PC-SFERRARI" duration="00:00:00.0015856" startTime="2021-09-23T11:14:25.6143290+02:00" endTime="2021-09-23T11:14:25.6162186+02:00" testType="13cdc9d9-ddb5-4fa4-a97d-d965ccfc6d4b" outcome="Passed" testListId="8c84fa94-04c1-424b-9868-57a2d4851a1d" relativeResultsDirectory="12dd7434-9e5d-43ba-9fcb-40498e9757d3" />
    <UnitTestResult executionId="b51dc386-ffd8-4c6d-9746-a83adbfb5bf4" testId="29f05cea-ff0f-4cf1-bb6b-dc67f09d9ff5" testName="Equals_Passing_Valid_Distinct_Values_Returns_False (www.hackerone-com)" computerName="PC-SFERRARI" duration="00:00:00.0000357" startTime="2021-09-23T11:14:25.5686402+02:00" endTime="2021-09-23T11:14:25.5688507+02:00" testType="13cdc9d9-ddb5-4fa4-a97d-d965ccfc6d4b" outcome="Passed" testListId="8c84fa94-04c1-424b-9868-57a2d4851a1d" relativeResultsDirectory="b51dc386-ffd8-4c6d-9746-a83adbfb5bf4" />
    <UnitTestResult executionId="2bf7693e-7f0b-4ab9-bd4d-1dd04fa068d2" testId="ec542053-4b86-4c2a-99f4-0df505040e70" testName="Create_Passing_Valid_Values_Returns_Name (TENANT_A)" computerName="PC-SFERRARI" duration="00:00:00.0000206" startTime="2021-09-23T11:14:25.6261200+02:00" endTime="2021-09-23T11:14:25.6268897+02:00" testType="13cdc9d9-ddb5-4fa4-a97d-d965ccfc6d4b" outcome="Passed" testListId="8c84fa94-04c1-424b-9868-57a2d4851a1d" relativeResultsDirectory="2bf7693e-7f0b-4ab9-bd4d-1dd04fa068d2" />
    <UnitTestResult executionId="1398a416-6008-46d7-8150-b895729973ed" testId="c4eb9690-f42c-424e-a022-d70c063c43fe" testName="OperatorNotEqual_Passing_Valid_Values_Returns_False (San Bartoleme De Tirajana,Las Palmas,España)" computerName="PC-SFERRARI" duration="00:00:00.0003535" startTime="2021-09-23T11:14:25.3505166+02:00" endTime="2021-09-23T11:14:25.3510209+02:00" testType="13cdc9d9-ddb5-4fa4-a97d-d965ccfc6d4b" outcome="Passed" testListId="8c84fa94-04c1-424b-9868-57a2d4851a1d" relativeResultsDirectory="1398a416-6008-46d7-8150-b895729973ed" />
    <UnitTestResult executionId="c4616cf4-4435-47bb-bc66-b7c4aaf6c07a" testId="e78a5fb9-eed9-4077-a566-6909593d97e4" testName="OperatorNotEqual_Passing_Valid_Values_Returns_False (tenant_A)" computerName="PC-SFERRARI" duration="00:00:00.0000160" startTime="2021-09-23T11:14:25.6814372+02:00" endTime="2021-09-23T11:14:25.6815371+02:00" testType="13cdc9d9-ddb5-4fa4-a97d-d965ccfc6d4b" outcome="Passed" testListId="8c84fa94-04c1-424b-9868-57a2d4851a1d" relativeResultsDirectory="c4616cf4-4435-47bb-bc66-b7c4aaf6c07a" />
    <UnitTestResult executionId="7339f22a-53e1-4ab4-9bdc-a1b40525f9e1" testId="ff7e4ca1-3df9-4dda-9210-31860cd2591f" testName="ToString_Passing_Valid_Values_Returns_Currency_String_Symbol (USD)" computerName="PC-SFERRARI" duration="00:00:00.0015088" startTime="2021-09-23T11:14:24.9307784+02:00" endTime="2021-09-23T11:14:24.9324222+02:00" testType="13cdc9d9-ddb5-4fa4-a97d-d965ccfc6d4b" outcome="Passed" testListId="8c84fa94-04c1-424b-9868-57a2d4851a1d" relativeResultsDirectory="7339f22a-53e1-4ab4-9bdc-a1b40525f9e1" />
    <UnitTestResult executionId="5792cf2b-a70a-4bd8-8499-a4135d149907" testId="d91c719d-c5d1-4fcd-a404-fbbfecc4c6fc" testName="ToEnum_Passing_Invalid_Int_Name_Enumeracion_Returns_Null" computerName="PC-SFERRARI" duration="00:00:00.0002625" startTime="2021-09-23T11:14:24.4402803+02:00" endTime="2021-09-23T11:14:24.4406063+02:00" testType="13cdc9d9-ddb5-4fa4-a97d-d965ccfc6d4b" outcome="Passed" testListId="8c84fa94-04c1-424b-9868-57a2d4851a1d" relativeResultsDirectory="5792cf2b-a70a-4bd8-8499-a4135d149907" />
    <UnitTestResult executionId="2af7ef67-dfa2-4304-865c-b68f9a1ad6c9" testId="6d5978b9-0ac1-445e-8da0-0ee298485ee8" testName="Equals_Passing_Valid_Values_Returns_True (TENANT_A)" computerName="PC-SFERRARI" duration="00:00:00.0000130" startTime="2021-09-23T11:14:25.6394880+02:00" endTime="2021-09-23T11:14:25.6395746+02:00" testType="13cdc9d9-ddb5-4fa4-a97d-d965ccfc6d4b" outcome="Passed" testListId="8c84fa94-04c1-424b-9868-57a2d4851a1d" relativeResultsDirectory="2af7ef67-dfa2-4304-865c-b68f9a1ad6c9" />
    <UnitTestResult executionId="9fbab283-028d-45ea-91e2-afa30432649f" testId="cba5b584-89e6-4d20-9cb9-b3841d1e93d9" testName="OperatorNotEqual_Passing_Valid_Values_Returns_True (Esp añâ)" computerName="PC-SFERRARI" duration="00:00:00.0000172" startTime="2021-09-23T11:14:25.5199563+02:00" endTime="2021-09-23T11:14:25.5200535+02:00" testType="13cdc9d9-ddb5-4fa4-a97d-d965ccfc6d4b" outcome="Passed" testListId="8c84fa94-04c1-424b-9868-57a2d4851a1d" relativeResultsDirectory="9fbab283-028d-45ea-91e2-afa30432649f" />
    <UnitTestResult executionId="326e63cd-33d9-4c38-bea1-ba1819bc2e88" testId="ca53e4ff-97fc-46df-a091-59126fa93a49" testName="Equals_Passing_Valid_Values_Returns_True (Españä)" computerName="PC-SFERRARI" duration="00:00:00.0000182" startTime="2021-09-23T11:14:25.4784322+02:00" endTime="2021-09-23T11:14:25.4785173+02:00" testType="13cdc9d9-ddb5-4fa4-a97d-d965ccfc6d4b" outcome="Passed" testListId="8c84fa94-04c1-424b-9868-57a2d4851a1d" relativeResultsDirectory="326e63cd-33d9-4c38-bea1-ba1819bc2e88" />
    <UnitTestResult executionId="d3b5ec60-3338-4abf-bc5e-001070913879" testId="afe48339-b129-4cfc-b7b7-21feb559f7c3" testName="Create_Passing_InvalidOrNull_Value_Returns_ApplicationException (34fsds@@sdd.f)" computerName="PC-SFERRARI" duration="00:00:00.0000707" startTime="2021-09-23T11:14:25.0904224+02:00" endTime="2021-09-23T11:14:25.0906047+02:00" testType="13cdc9d9-ddb5-4fa4-a97d-d965ccfc6d4b" outcome="Passed" testListId="8c84fa94-04c1-424b-9868-57a2d4851a1d" relativeResultsDirectory="d3b5ec60-3338-4abf-bc5e-001070913879" />
    <UnitTestResult executionId="7de758b1-744e-4df5-b885-2c7dd66c5c67" testId="058a6a38-edd2-4169-92b6-03833a7f6f19" testName="Create_Passing_Valid_Values_Returns_Name (Tenant1)" computerName="PC-SFERRARI" duration="00:00:00.0000153" startTime="2021-09-23T11:14:25.6209299+02:00" endTime="2021-09-23T11:14:25.6210557+02:00" testType="13cdc9d9-ddb5-4fa4-a97d-d965ccfc6d4b" outcome="Passed" testListId="8c84fa94-04c1-424b-9868-57a2d4851a1d" relativeResultsDirectory="7de758b1-744e-4df5-b885-2c7dd66c5c67" />
    <UnitTestResult executionId="c2f8bb89-c7b4-439d-887a-27174f761190" testId="287a6a63-d8f5-4cb4-a70d-77da8cc7ec27" testName="OperatorEqual_Passing_Valid_Distinct_Values_Returns_False (TenantA)" computerName="PC-SFERRARI" duration="00:00:00.0000233" startTime="2021-09-23T11:14:25.6588440+02:00" endTime="2021-09-23T11:14:25.6593500+02:00" testType="13cdc9d9-ddb5-4fa4-a97d-d965ccfc6d4b" outcome="Passed" testListId="8c84fa94-04c1-424b-9868-57a2d4851a1d" relativeResultsDirectory="c2f8bb89-c7b4-439d-887a-27174f761190" />
    <UnitTestResult executionId="46d29b9d-4ebd-4052-bc3c-4c5cf0fabfe2" testId="47c49662-ea64-41fa-99fb-40159ef67d21" testName="Create_Passing_Valid_Values_Returns_Name (Tenant_A)" computerName="PC-SFERRARI" duration="00:00:00.0000098" startTime="2021-09-23T11:14:25.6258635+02:00" endTime="2021-09-23T11:14:25.6259400+02:00" testType="13cdc9d9-ddb5-4fa4-a97d-d965ccfc6d4b" outcome="Passed" testListId="8c84fa94-04c1-424b-9868-57a2d4851a1d" relativeResultsDirectory="46d29b9d-4ebd-4052-bc3c-4c5cf0fabfe2" />
    <UnitTestResult executionId="ae31349d-0c17-4b53-ade3-4a1267fa6757" testId="3123b0be-6136-402a-a905-ef022611ea15" testName="ToEnum_Passing_Valid_String_Name_Returns_Enumeracion" computerName="PC-SFERRARI" duration="00:00:00.0001214" startTime="2021-09-23T11:14:24.4411587+02:00" endTime="2021-09-23T11:14:24.4413455+02:00" testType="13cdc9d9-ddb5-4fa4-a97d-d965ccfc6d4b" outcome="Passed" testListId="8c84fa94-04c1-424b-9868-57a2d4851a1d" relativeResultsDirectory="ae31349d-0c17-4b53-ade3-4a1267fa6757" />
    <UnitTestResult executionId="a4823311-ed44-4f4a-bd98-83adb2318317" testId="277d68f8-8892-4b15-82ac-22ecc48fc9e5" testName="OperatorNotEqual_Passing_Valid_Values_Returns_True (TENANT1)" computerName="PC-SFERRARI" duration="00:00:00.0000172" startTime="2021-09-23T11:14:25.6825587+02:00" endTime="2021-09-23T11:14:25.6827213+02:00" testType="13cdc9d9-ddb5-4fa4-a97d-d965ccfc6d4b" outcome="Passed" testListId="8c84fa94-04c1-424b-9868-57a2d4851a1d" relativeResultsDirectory="a4823311-ed44-4f4a-bd98-83adb2318317" />
    <UnitTestResult executionId="2726dc4f-b3ba-409c-b2b6-b386cc66deeb" testId="24632e76-e30b-44ba-932c-21a8d749a8e2" testName="OperatorNotEqual_Passing_Valid_Values_Returns_False (tenant1)" computerName="PC-SFERRARI" duration="00:00:00.0002973" startTime="2021-09-23T11:14:25.6711867+02:00" endTime="2021-09-23T11:14:25.6715995+02:00" testType="13cdc9d9-ddb5-4fa4-a97d-d965ccfc6d4b" outcome="Passed" testListId="8c84fa94-04c1-424b-9868-57a2d4851a1d" relativeResultsDirectory="2726dc4f-b3ba-409c-b2b6-b386cc66deeb" />
    <UnitTestResult executionId="4862a0bb-4cf5-4642-9414-a17124eee904" testId="07437bc6-759d-4db2-82dd-1de887bd072e" testName="Create_Passing_Valid_Values_Returns_FullName (Sabadell,Barcelona,España)" computerName="PC-SFERRARI" duration="00:00:00.0000426" startTime="2021-09-23T11:14:25.3352456+02:00" endTime="2021-09-23T11:14:25.3354038+02:00" testType="13cdc9d9-ddb5-4fa4-a97d-d965ccfc6d4b" outcome="Passed" testListId="8c84fa94-04c1-424b-9868-57a2d4851a1d" relativeResultsDirectory="4862a0bb-4cf5-4642-9414-a17124eee904" />
    <UnitTestResult executionId="4b62f32f-4263-47f3-a05e-bcba15cdb11b" testId="e0e99fc1-f11e-464d-a53a-c71186ce2c21" testName="ToString_Passing_Valid_Values_Returns_Name (España)" computerName="PC-SFERRARI" duration="00:00:00.0004267" startTime="2021-09-23T11:14:25.5294518+02:00" endTime="2021-09-23T11:14:25.5299495+02:00" testType="13cdc9d9-ddb5-4fa4-a97d-d965ccfc6d4b" outcome="Passed" testListId="8c84fa94-04c1-424b-9868-57a2d4851a1d" relativeResultsDirectory="4b62f32f-4263-47f3-a05e-bcba15cdb11b" />
    <UnitTestResult executionId="115abfba-212d-4b5c-a9a3-0d6a0896b85a" testId="831e032f-e11c-49d0-9e11-8075293cddbd" testName="Create_Passing_Valid_Values_Returns_StringId (Tenerife)" computerName="PC-SFERRARI" duration="00:00:00.0001570" startTime="2021-09-23T11:14:25.5365299+02:00" endTime="2021-09-23T11:14:25.5367763+02:00" testType="13cdc9d9-ddb5-4fa4-a97d-d965ccfc6d4b" outcome="Passed" testListId="8c84fa94-04c1-424b-9868-57a2d4851a1d" relativeResultsDirectory="115abfba-212d-4b5c-a9a3-0d6a0896b85a" />
    <UnitTestResult executionId="787c01c7-18d2-4a38-a0ca-3a0957e4dd29" testId="020fcfdd-3c2c-4945-8cff-f5cb64d535cb" testName="OperatorNotEqual_Passing_Valid_Values_Returns_False (Tenant_1)" computerName="PC-SFERRARI" duration="00:00:00.0000142" startTime="2021-09-23T11:14:25.6765192+02:00" endTime="2021-09-23T11:14:25.6766065+02:00" testType="13cdc9d9-ddb5-4fa4-a97d-d965ccfc6d4b" outcome="Passed" testListId="8c84fa94-04c1-424b-9868-57a2d4851a1d" relativeResultsDirectory="787c01c7-18d2-4a38-a0ca-3a0957e4dd29" />
    <UnitTestResult executionId="b8381f50-74b4-4217-8e71-477bb9f84bcb" testId="1bf76eae-0610-4e92-bbbf-fc25235a3c1c" testName="OperatorEqual_Passing_Valid_Values_Returns_True (app.hackerone1.com)" computerName="PC-SFERRARI" duration="00:00:00.0002043" startTime="2021-09-23T11:14:25.5764022+02:00" endTime="2021-09-23T11:14:25.5766728+02:00" testType="13cdc9d9-ddb5-4fa4-a97d-d965ccfc6d4b" outcome="Passed" testListId="8c84fa94-04c1-424b-9868-57a2d4851a1d" relativeResultsDirectory="b8381f50-74b4-4217-8e71-477bb9f84bcb" />
    <UnitTestResult executionId="213804db-e15f-4aa8-b007-6d6d952b96bf" testId="93ffbfdc-dce5-4ccb-9302-06b8e564e2b7" testName="ToString_Passing_Valid_Values_Returns_Name (Españà)" computerName="PC-SFERRARI" duration="00:00:00.0000143" startTime="2021-09-23T11:14:25.5301969+02:00" endTime="2021-09-23T11:14:25.5302781+02:00" testType="13cdc9d9-ddb5-4fa4-a97d-d965ccfc6d4b" outcome="Passed" testListId="8c84fa94-04c1-424b-9868-57a2d4851a1d" relativeResultsDirectory="213804db-e15f-4aa8-b007-6d6d952b96bf" />
    <UnitTestResult executionId="bd31fc27-7e3b-4221-a428-a7af40ba064f" testId="db442a20-56e4-461e-bbd1-995c2fa16c00" testName="Equals_Passing_Valid_Distinct_Values_Returns_False (TENANT_A)" computerName="PC-SFERRARI" duration="00:00:00.0000126" startTime="2021-09-23T11:14:25.6337336+02:00" endTime="2021-09-23T11:14:25.6338152+02:00" testType="13cdc9d9-ddb5-4fa4-a97d-d965ccfc6d4b" outcome="Passed" testListId="8c84fa94-04c1-424b-9868-57a2d4851a1d" relativeResultsDirectory="bd31fc27-7e3b-4221-a428-a7af40ba064f" />
    <UnitTestResult executionId="90667880-d7c0-4b76-8aee-559c5d2c5aa2" testId="34272ee5-e6c8-4a26-800e-513e076c7547" testName="Create_Passing_InvalidOrNull_Value_Returns_ApplicationException (___dasfs$·%%$%$$·%$)" computerName="PC-SFERRARI" duration="00:00:00.0000794" startTime="2021-09-23T11:14:25.5604729+02:00" endTime="2021-09-23T11:14:25.5606408+02:00" testType="13cdc9d9-ddb5-4fa4-a97d-d965ccfc6d4b" outcome="Passed" testListId="8c84fa94-04c1-424b-9868-57a2d4851a1d" relativeResultsDirectory="90667880-d7c0-4b76-8aee-559c5d2c5aa2" />
    <UnitTestResult executionId="edd284bb-45bb-4138-9ad3-3e3cec46ca9b" testId="d2ed5120-175f-48a7-82eb-0325c3cd86ec" testName="OperatorEqual_Passing_Valid_Distinct_Values_Returns_False (Sabadell)" computerName="PC-SFERRARI" duration="00:00:00.0000095" startTime="2021-09-23T11:14:25.5457830+02:00" endTime="2021-09-23T11:14:25.5458641+02:00" testType="13cdc9d9-ddb5-4fa4-a97d-d965ccfc6d4b" outcome="Passed" testListId="8c84fa94-04c1-424b-9868-57a2d4851a1d" relativeResultsDirectory="edd284bb-45bb-4138-9ad3-3e3cec46ca9b" />
    <UnitTestResult executionId="280d3829-6c97-43d0-b5d3-5b8f2b1f52a3" testId="c8dcbacf-ef82-4a88-aa09-de878075b615" testName="ToString_Passing_Valid_Values_Returns_Subdomain (stage_hackerone.com)" computerName="PC-SFERRARI" duration="00:00:00.0000144" startTime="2021-09-23T11:14:25.5875185+02:00" endTime="2021-09-23T11:14:25.5875948+02:00" testType="13cdc9d9-ddb5-4fa4-a97d-d965ccfc6d4b" outcome="Passed" testListId="8c84fa94-04c1-424b-9868-57a2d4851a1d" relativeResultsDirectory="280d3829-6c97-43d0-b5d3-5b8f2b1f52a3" />
    <UnitTestResult executionId="58d0bc1a-689a-45f4-a2a5-19cdc31f46ca" testId="c6062066-0400-446e-a394-695aaa6ff0c4" testName="OperatorNotEqual_Passing_Valid_Values_Returns_False (app.hackerone1.com)" computerName="PC-SFERRARI" duration="00:00:00.0002735" startTime="2021-09-23T11:14:25.5825971+02:00" endTime="2021-09-23T11:14:25.5829429+02:00" testType="13cdc9d9-ddb5-4fa4-a97d-d965ccfc6d4b" outcome="Passed" testListId="8c84fa94-04c1-424b-9868-57a2d4851a1d" relativeResultsDirectory="58d0bc1a-689a-45f4-a2a5-19cdc31f46ca" />
    <UnitTestResult executionId="aa64cf1c-d74a-42ab-9f58-0233ff038023" testId="942f8f3a-2351-4743-b29f-fcaaa6c2427e" testName="Equals_Passing_Valid_Values_Returns_True (USD)" computerName="PC-SFERRARI" duration="00:00:00.0009164" startTime="2021-09-23T11:14:24.9172752+02:00" endTime="2021-09-23T11:14:24.9182727+02:00" testType="13cdc9d9-ddb5-4fa4-a97d-d965ccfc6d4b" outcome="Passed" testListId="8c84fa94-04c1-424b-9868-57a2d4851a1d" relativeResultsDirectory="aa64cf1c-d74a-42ab-9f58-0233ff038023" />
    <UnitTestResult executionId="6099a22a-6efb-40f5-a01e-0b573b834805" testId="0e80fabe-8bbf-4f58-8104-cedb204aa364" testName="ToString_Passing_Valid_Values_Returns_StringId (San Bartoleme De Tirajana)" computerName="PC-SFERRARI" duration="00:00:00.0002115" startTime="2021-09-23T11:14:25.5569436+02:00" endTime="2021-09-23T11:14:25.5572338+02:00" testType="13cdc9d9-ddb5-4fa4-a97d-d965ccfc6d4b" outcome="Passed" testListId="8c84fa94-04c1-424b-9868-57a2d4851a1d" relativeResultsDirectory="6099a22a-6efb-40f5-a01e-0b573b834805" />
    <UnitTestResult executionId="8cdfb1a4-bb7c-467f-811a-f0cd42147b92" testId="c4b6145a-0a1e-4c30-8925-f27f6ecc3a3b" testName="ToString_Passing_Valid_Values_Returns_Name (Españç)" computerName="PC-SFERRARI" duration="00:00:00.0000316" startTime="2021-09-23T11:14:25.5336124+02:00" endTime="2021-09-23T11:14:25.5338210+02:00" testType="13cdc9d9-ddb5-4fa4-a97d-d965ccfc6d4b" outcome="Passed" testListId="8c84fa94-04c1-424b-9868-57a2d4851a1d" relativeResultsDirectory="8cdfb1a4-bb7c-467f-811a-f0cd42147b92" />
    <UnitTestResult executionId="b8ab3632-8f15-4a90-9249-2706a39682bb" testId="3f13489a-079b-4fca-ba7c-8f873256cabd" testName="OperatorEqual_Passing_Valid_Distinct_Values_Returns_False (Españâ)" computerName="PC-SFERRARI" duration="00:00:00.0000251" startTime="2021-09-23T11:14:25.4919137+02:00" endTime="2021-09-23T11:14:25.4920967+02:00" testType="13cdc9d9-ddb5-4fa4-a97d-d965ccfc6d4b" outcome="Passed" testListId="8c84fa94-04c1-424b-9868-57a2d4851a1d" relativeResultsDirectory="b8ab3632-8f15-4a90-9249-2706a39682bb" />
    <UnitTestResult executionId="b15ed299-2384-4caa-a685-d109d65b3858" testId="7807661b-e365-4356-924c-b6f1c5ba2519" testName="Equals_Passing_Valid_Values_Returns_True (EUR)" computerName="PC-SFERRARI" duration="00:00:00.0010141" startTime="2021-09-23T11:14:24.9160173+02:00" endTime="2021-09-23T11:14:24.9171730+02:00" testType="13cdc9d9-ddb5-4fa4-a97d-d965ccfc6d4b" outcome="Passed" testListId="8c84fa94-04c1-424b-9868-57a2d4851a1d" relativeResultsDirectory="b15ed299-2384-4caa-a685-d109d65b3858" />
    <UnitTestResult executionId="e1d724ab-031b-4ae2-abe8-1c94ac4a5d74" testId="474519a4-ad96-41a1-9aab-ce12297419dc" testName="OperatorNotEqual_Passing_Valid_Values_Returns_True (EUR)" computerName="PC-SFERRARI" duration="00:00:00.0014605" startTime="2021-09-23T11:14:24.9276561+02:00" endTime="2021-09-23T11:14:24.9292474+02:00" testType="13cdc9d9-ddb5-4fa4-a97d-d965ccfc6d4b" outcome="Passed" testListId="8c84fa94-04c1-424b-9868-57a2d4851a1d" relativeResultsDirectory="e1d724ab-031b-4ae2-abe8-1c94ac4a5d74" />
    <UnitTestResult executionId="1fe9eb61-eff6-4948-865a-bf28cc7d8548" testId="ee380686-a795-44ac-a72c-5e2102c0a019" testName="IsNull_Passing_Valid_Value_Returns_False (Tenant_1)" computerName="PC-SFERRARI" duration="00:00:00.0000102" startTime="2021-09-23T11:14:25.6496003+02:00" endTime="2021-09-23T11:14:25.6496752+02:00" testType="13cdc9d9-ddb5-4fa4-a97d-d965ccfc6d4b" outcome="Passed" testListId="8c84fa94-04c1-424b-9868-57a2d4851a1d" relativeResultsDirectory="1fe9eb61-eff6-4948-865a-bf28cc7d8548" />
    <UnitTestResult executionId="275e94de-2e76-49d4-b2e7-d7851957ded2" testId="820c47b9-0aff-479c-8284-275c185a7330" testName="ToString_Passing_Valid_Values_Returns_Name (Españá)" computerName="PC-SFERRARI" duration="00:00:00.0000153" startTime="2021-09-23T11:14:25.5300410+02:00" endTime="2021-09-23T11:14:25.5301403+02:00" testType="13cdc9d9-ddb5-4fa4-a97d-d965ccfc6d4b" outcome="Passed" testListId="8c84fa94-04c1-424b-9868-57a2d4851a1d" relativeResultsDirectory="275e94de-2e76-49d4-b2e7-d7851957ded2" />
    <UnitTestResult executionId="501caeea-b926-41d2-98f0-d53ea2d917d2" testId="d18ec51b-1dcd-493f-9a19-e2712c98e3d4" testName="IsNull_Passing_Valid_Value_Returns_False (España)" computerName="PC-SFERRARI" duration="00:00:00.0001871" startTime="2021-09-23T11:14:25.4852011+02:00" endTime="2021-09-23T11:14:25.4854829+02:00" testType="13cdc9d9-ddb5-4fa4-a97d-d965ccfc6d4b" outcome="Passed" testListId="8c84fa94-04c1-424b-9868-57a2d4851a1d" relativeResultsDirectory="501caeea-b926-41d2-98f0-d53ea2d917d2" />
    <UnitTestResult executionId="0bb1ba1e-099c-4053-953c-b279ddff2f25" testId="1a3b39e2-7a81-472b-8fac-8963d0ef17eb" testName="IsNull_Passing_Valid_Value_Returns_False (Tenant1)" computerName="PC-SFERRARI" duration="00:00:00.0000131" startTime="2021-09-23T11:14:25.6491460+02:00" endTime="2021-09-23T11:14:25.6492512+02:00" testType="13cdc9d9-ddb5-4fa4-a97d-d965ccfc6d4b" outcome="Passed" testListId="8c84fa94-04c1-424b-9868-57a2d4851a1d" relativeResultsDirectory="0bb1ba1e-099c-4053-953c-b279ddff2f25" />
    <UnitTestResult executionId="1bfcf107-ae1d-468a-be4a-d4c63cafb9ad" testId="c81daf7a-3492-4f4d-9649-587f22063a59" testName="Equals_Passing_Valid_Values_Returns_True (Españħ)" computerName="PC-SFERRARI" duration="00:00:00.0000365" startTime="2021-09-23T11:14:25.4840155+02:00" endTime="2021-09-23T11:14:25.4842091+02:00" testType="13cdc9d9-ddb5-4fa4-a97d-d965ccfc6d4b" outcome="Passed" testListId="8c84fa94-04c1-424b-9868-57a2d4851a1d" relativeResultsDirectory="1bfcf107-ae1d-468a-be4a-d4c63cafb9ad" />
    <UnitTestResult executionId="197ad381-25a4-483e-b709-1b121bbbc79f" testId="27f8fbad-0817-4201-881d-88573e5c6968" testName="Change_Passing_Valid_Values_Returns_Address (200,EUR,4)" computerName="PC-SFERRARI" duration="00:00:00.0013541" startTime="2021-09-23T11:14:25.4011219+02:00" endTime="2021-09-23T11:14:25.4026511+02:00" testType="13cdc9d9-ddb5-4fa4-a97d-d965ccfc6d4b" outcome="Passed" testListId="8c84fa94-04c1-424b-9868-57a2d4851a1d" relativeResultsDirectory="197ad381-25a4-483e-b709-1b121bbbc79f" />
    <UnitTestResult executionId="3e44b61b-3ffe-4ed5-9e6f-0f868cef504e" testId="32167006-1267-4cb6-b78d-6d53b208a502" testName="OperatorNotEqual_Passing_Valid_Values_Returns_False (Tenant1)" computerName="PC-SFERRARI" duration="00:00:00.0000334" startTime="2021-09-23T11:14:25.6717065+02:00" endTime="2021-09-23T11:14:25.6759805+02:00" testType="13cdc9d9-ddb5-4fa4-a97d-d965ccfc6d4b" outcome="Passed" testListId="8c84fa94-04c1-424b-9868-57a2d4851a1d" relativeResultsDirectory="3e44b61b-3ffe-4ed5-9e6f-0f868cef504e" />
    <UnitTestResult executionId="cbb62fb1-3cfd-4395-84df-ec8f748e57e6" testId="e7f8d434-c1eb-48e4-8f88-9cbbf9b3b5bd" testName="Change_Passing_Valid_Values_Returns_Subdomain" computerName="PC-SFERRARI" duration="00:00:00.0018814" startTime="2021-09-23T11:14:25.5574020+02:00" endTime="2021-09-23T11:14:25.5595140+02:00" testType="13cdc9d9-ddb5-4fa4-a97d-d965ccfc6d4b" outcome="Passed" testListId="8c84fa94-04c1-424b-9868-57a2d4851a1d" relativeResultsDirectory="cbb62fb1-3cfd-4395-84df-ec8f748e57e6" />
    <UnitTestResult executionId="c09fba2a-d0df-46cc-aa9a-1d43423675e5" testId="db60fff3-8114-46d3-b861-b7653be2ea3e" testName="Create_Passing_InvalidOrNull_Value_Returns_ApplicationException (,Barcelona,España)" computerName="PC-SFERRARI" duration="00:00:00.0007866" startTime="2021-09-23T11:14:25.3331849+02:00" endTime="2021-09-23T11:14:25.3341494+02:00" testType="13cdc9d9-ddb5-4fa4-a97d-d965ccfc6d4b" outcome="Passed" testListId="8c84fa94-04c1-424b-9868-57a2d4851a1d" relativeResultsDirectory="c09fba2a-d0df-46cc-aa9a-1d43423675e5" />
    <UnitTestResult executionId="2cbabbe8-d1d6-4685-b397-a30c58389e93" testId="2a2e3758-739d-49e7-a44c-703329fb1dc3" testName="Change_Passing_Valid_Values_Returns_Address (100,EUR,2)" computerName="PC-SFERRARI" duration="00:00:00.0445280" startTime="2021-09-23T11:14:25.3542402+02:00" endTime="2021-09-23T11:14:25.3992753+02:00" testType="13cdc9d9-ddb5-4fa4-a97d-d965ccfc6d4b" outcome="Passed" testListId="8c84fa94-04c1-424b-9868-57a2d4851a1d" relativeResultsDirectory="2cbabbe8-d1d6-4685-b397-a30c58389e93" />
    <UnitTestResult executionId="3885f80b-889b-43a4-8888-8d1bab45cfe1" testId="bf91619c-856b-4f72-88f1-85a3f0abe7f7" testName="OperatorEqual_Passing_Valid_Values_Returns_True (stage_hackerone.com)" computerName="PC-SFERRARI" duration="00:00:00.0000343" startTime="2021-09-23T11:14:25.5824146+02:00" endTime="2021-09-23T11:14:25.5825286+02:00" testType="13cdc9d9-ddb5-4fa4-a97d-d965ccfc6d4b" outcome="Passed" testListId="8c84fa94-04c1-424b-9868-57a2d4851a1d" relativeResultsDirectory="3885f80b-889b-43a4-8888-8d1bab45cfe1" />
    <UnitTestResult executionId="8836f550-9688-4d44-a8c2-8894146b5516" testId="29cabf2a-e796-462a-82a6-343d95fec41c" testName="Equals_Passing_Valid_Distinct_Values_Returns_False (Españá)" computerName="PC-SFERRARI" duration="00:00:00.0000325" startTime="2021-09-23T11:14:25.4707301+02:00" endTime="2021-09-23T11:14:25.4708762+02:00" testType="13cdc9d9-ddb5-4fa4-a97d-d965ccfc6d4b" outcome="Passed" testListId="8c84fa94-04c1-424b-9868-57a2d4851a1d" relativeResultsDirectory="8836f550-9688-4d44-a8c2-8894146b5516" />
    <UnitTestResult executionId="658de0b6-7801-49f1-8aef-e621871b6fbc" testId="a6c88bab-15dc-4402-aea6-b768bd17422e" testName="Create_Passing_Valid_Values_Returns_Name (Españâ)" computerName="PC-SFERRARI" duration="00:00:00.0000085" startTime="2021-09-23T11:14:25.4658223+02:00" endTime="2021-09-23T11:14:25.4658742+02:00" testType="13cdc9d9-ddb5-4fa4-a97d-d965ccfc6d4b" outcome="Passed" testListId="8c84fa94-04c1-424b-9868-57a2d4851a1d" relativeResultsDirectory="658de0b6-7801-49f1-8aef-e621871b6fbc" />
    <UnitTestResult executionId="cdcf9289-0db3-41a5-b1cd-f1b21cfd53a3" testId="e222581e-d1a2-49a1-a349-d33afb625e91" testName="OperatorNotEqual_Passing_Valid_Values_Returns_True (200,EUR,4)" computerName="PC-SFERRARI" duration="00:00:00.0013539" startTime="2021-09-23T11:14:25.4504257+02:00" endTime="2021-09-23T11:14:25.4519363+02:00" testType="13cdc9d9-ddb5-4fa4-a97d-d965ccfc6d4b" outcome="Passed" testListId="8c84fa94-04c1-424b-9868-57a2d4851a1d" relativeResultsDirectory="cdcf9289-0db3-41a5-b1cd-f1b21cfd53a3" />
    <UnitTestResult executionId="5f7accee-6770-4a5a-8bfb-732443fadb53" testId="b0ff152c-49b7-4099-9f52-27747ed86c5d" testName="ToString_Passing_Valid_Values_Returns_Address_String_Format (200,EUR,4)" computerName="PC-SFERRARI" duration="00:00:00.0007781" startTime="2021-09-23T11:14:25.4574960+02:00" endTime="2021-09-23T11:14:25.4584876+02:00" testType="13cdc9d9-ddb5-4fa4-a97d-d965ccfc6d4b" outcome="Passed" testListId="8c84fa94-04c1-424b-9868-57a2d4851a1d" relativeResultsDirectory="5f7accee-6770-4a5a-8bfb-732443fadb53" />
    <UnitTestResult executionId="e0962d58-43fb-42a0-b0cf-59b598df3702" testId="fec449ca-18f5-4a74-94b3-3cf91a96c702" testName="OperatorNotEqual_Passing_Valid_Values_Returns_True (dasdasd@dsasd.ff)" computerName="PC-SFERRARI" duration="00:00:00.0002142" startTime="2021-09-23T11:14:25.1401373+02:00" endTime="2021-09-23T11:14:25.1404200+02:00" testType="13cdc9d9-ddb5-4fa4-a97d-d965ccfc6d4b" outcome="Passed" testListId="8c84fa94-04c1-424b-9868-57a2d4851a1d" relativeResultsDirectory="e0962d58-43fb-42a0-b0cf-59b598df3702" />
    <UnitTestResult executionId="1116ec8d-8188-4525-8c23-8733f6bdf987" testId="beaa2c3e-4642-4a79-8b25-19267d32bfad" testName="IsNull_Passing_Valid_Value_Returns_False (stage_hackerone.com)" computerName="PC-SFERRARI" duration="00:00:00.0000143" startTime="2021-09-23T11:14:25.5756295+02:00" endTime="2021-09-23T11:14:25.5757015+02:00" testType="13cdc9d9-ddb5-4fa4-a97d-d965ccfc6d4b" outcome="Passed" testListId="8c84fa94-04c1-424b-9868-57a2d4851a1d" relativeResultsDirectory="1116ec8d-8188-4525-8c23-8733f6bdf987" />
    <UnitTestResult executionId="f2c77e23-7d99-4c56-b376-19506d1748b2" testId="fde30353-2600-4738-a8bc-6b1c3cede448" testName="OperatorNotEqual_Passing_Valid_Values_Returns_False (www.hackerone-com)" computerName="PC-SFERRARI" duration="00:00:00.0000221" startTime="2021-09-23T11:14:25.5830172+02:00" endTime="2021-09-23T11:14:25.5831115+02:00" testType="13cdc9d9-ddb5-4fa4-a97d-d965ccfc6d4b" outcome="Passed" testListId="8c84fa94-04c1-424b-9868-57a2d4851a1d" relativeResultsDirectory="f2c77e23-7d99-4c56-b376-19506d1748b2" />
    <UnitTestResult executionId="3e325ca6-63ec-42cd-815d-4d2071b243c6" testId="ef8d3b84-12bc-4dff-baf8-18abe690b901" testName="ToString_Passing_Valid_Values_Returns_Name (TenantA)" computerName="PC-SFERRARI" duration="00:00:00.0000109" startTime="2021-09-23T11:14:25.6954675+02:00" endTime="2021-09-23T11:14:25.6955563+02:00" testType="13cdc9d9-ddb5-4fa4-a97d-d965ccfc6d4b" outcome="Passed" testListId="8c84fa94-04c1-424b-9868-57a2d4851a1d" relativeResultsDirectory="3e325ca6-63ec-42cd-815d-4d2071b243c6" />
    <UnitTestResult executionId="6805f534-a39a-408d-8153-026a6d80367c" testId="678b6e16-af42-4aa2-a01b-3742fa310788" testName="OperatorEqual_Passing_Valid_Values_Returns_True (Tenant_1)" computerName="PC-SFERRARI" duration="00:00:00.0000161" startTime="2021-09-23T11:14:25.6659459+02:00" endTime="2021-09-23T11:14:25.6660925+02:00" testType="13cdc9d9-ddb5-4fa4-a97d-d965ccfc6d4b" outcome="Passed" testListId="8c84fa94-04c1-424b-9868-57a2d4851a1d" relativeResultsDirectory="6805f534-a39a-408d-8153-026a6d80367c" />
    <UnitTestResult executionId="05094310-85da-451d-8464-bd9b2f867c27" testId="6ddc53a2-6720-4353-8bb9-534c5de95cc6" testName="OperatorNotEqual_Passing_Valid_Values_Returns_True (San Bartoleme De Tirajana)" computerName="PC-SFERRARI" duration="00:00:00.0002022" startTime="2021-09-23T11:14:25.5564854+02:00" endTime="2021-09-23T11:14:25.5567552+02:00" testType="13cdc9d9-ddb5-4fa4-a97d-d965ccfc6d4b" outcome="Passed" testListId="8c84fa94-04c1-424b-9868-57a2d4851a1d" relativeResultsDirectory="05094310-85da-451d-8464-bd9b2f867c27" />
    <UnitTestResult executionId="5e077160-1f8d-421f-8dd7-55580f1b46aa" testId="b12a7e28-9e75-456d-98f4-078760e8b495" testName="IsNull_Passing_Valid_Value_Returns_False (tenant1)" computerName="PC-SFERRARI" duration="00:00:00.0002093" startTime="2021-09-23T11:14:25.6487504+02:00" endTime="2021-09-23T11:14:25.6490702+02:00" testType="13cdc9d9-ddb5-4fa4-a97d-d965ccfc6d4b" outcome="Passed" testListId="8c84fa94-04c1-424b-9868-57a2d4851a1d" relativeResultsDirectory="5e077160-1f8d-421f-8dd7-55580f1b46aa" />
    <UnitTestResult executionId="e69a8bd2-8af8-427e-b389-7b26077594a5" testId="f9d4f05e-a183-4e15-ad5e-cacab1d1d169" testName="Create_Passing_InvalidOrNull_Value_Returns_ApplicationException (456,USD,-3)" computerName="PC-SFERRARI" duration="00:00:00.0016891" startTime="2021-09-23T11:14:25.4054286+02:00" endTime="2021-09-23T11:14:25.4072573+02:00" testType="13cdc9d9-ddb5-4fa4-a97d-d965ccfc6d4b" outcome="Passed" testListId="8c84fa94-04c1-424b-9868-57a2d4851a1d" relativeResultsDirectory="e69a8bd2-8af8-427e-b389-7b26077594a5" />
    <UnitTestResult executionId="ebfc016d-e457-472d-b081-bcbc8d19d1cf" testId="ed258200-1ff6-4c30-a3f8-ed1f23f0bb30" testName="ToEnum_Passing_Invalid_Int_Value_Returns_Null" computerName="PC-SFERRARI" duration="00:00:00.0003061" startTime="2021-09-23T11:14:24.4282295+02:00" endTime="2021-09-23T11:14:24.4286496+02:00" testType="13cdc9d9-ddb5-4fa4-a97d-d965ccfc6d4b" outcome="Passed" testListId="8c84fa94-04c1-424b-9868-57a2d4851a1d" relativeResultsDirectory="ebfc016d-e457-472d-b081-bcbc8d19d1cf" />
    <UnitTestResult executionId="112f8bec-18fa-40d3-9627-a1c1bf28b4c1" testId="534ca0f9-b288-4bf5-a861-dcb5312f231c" testName="OperatorNotEqual_Passing_Valid_Values_Returns_False (tenant_1)" computerName="PC-SFERRARI" duration="00:00:00.0000155" startTime="2021-09-23T11:14:25.6763269+02:00" endTime="2021-09-23T11:14:25.6764584+02:00" testType="13cdc9d9-ddb5-4fa4-a97d-d965ccfc6d4b" outcome="Passed" testListId="8c84fa94-04c1-424b-9868-57a2d4851a1d" relativeResultsDirectory="112f8bec-18fa-40d3-9627-a1c1bf28b4c1" />
    <UnitTestResult executionId="1ebe3d45-9ba6-4a42-ada2-2b1f4cf94531" testId="35fbf475-75de-43fe-a50d-8572d41eb69f" testName="Change_Passing_Valid_Values_Returns_Email (aaa@aaa.aaa,hhh@hhh.hhh)" computerName="PC-SFERRARI" duration="00:00:00.1506371" startTime="2021-09-23T11:14:24.9325426+02:00" endTime="2021-09-23T11:14:25.0835596+02:00" testType="13cdc9d9-ddb5-4fa4-a97d-d965ccfc6d4b" outcome="Passed" testListId="8c84fa94-04c1-424b-9868-57a2d4851a1d" relativeResultsDirectory="1ebe3d45-9ba6-4a42-ada2-2b1f4cf94531" />
    <UnitTestResult executionId="77dc8cbe-6855-4972-9dab-4edfffbfa21f" testId="cc2d496d-85e6-4792-9c73-704f3c165652" testName="Equals_Passing_Valid_Values_Returns_True (TENANT1)" computerName="PC-SFERRARI" duration="00:00:00.0000152" startTime="2021-09-23T11:14:25.6345484+02:00" endTime="2021-09-23T11:14:25.6346519+02:00" testType="13cdc9d9-ddb5-4fa4-a97d-d965ccfc6d4b" outcome="Passed" testListId="8c84fa94-04c1-424b-9868-57a2d4851a1d" relativeResultsDirectory="77dc8cbe-6855-4972-9dab-4edfffbfa21f" />
    <UnitTestResult executionId="de2aa806-844b-4b03-840c-8018bed4dfbb" testId="1867b1b4-7b51-4532-9326-c57885d67f4f" testName="OperatorNotEqual_Passing_Valid_Values_Returns_False (stage_hackerone.com)" computerName="PC-SFERRARI" duration="00:00:00.0000207" startTime="2021-09-23T11:14:25.5831692+02:00" endTime="2021-09-23T11:14:25.5832614+02:00" testType="13cdc9d9-ddb5-4fa4-a97d-d965ccfc6d4b" outcome="Passed" testListId="8c84fa94-04c1-424b-9868-57a2d4851a1d" relativeResultsDirectory="de2aa806-844b-4b03-840c-8018bed4dfbb" />
    <UnitTestResult executionId="8c07957f-5044-4828-b436-ba26e740494d" testId="e30bc10b-73dc-48e1-a962-ee913bc1cfd7" testName="IsFemale_Passing_Nothing_Returns_True" computerName="PC-SFERRARI" duration="00:00:00.0002283" startTime="2021-09-23T11:14:24.4181640+02:00" endTime="2021-09-23T11:14:24.4184851+02:00" testType="13cdc9d9-ddb5-4fa4-a97d-d965ccfc6d4b" outcome="Passed" testListId="8c84fa94-04c1-424b-9868-57a2d4851a1d" relativeResultsDirectory="8c07957f-5044-4828-b436-ba26e740494d" />
    <UnitTestResult executionId="d09ad8ed-bac3-43b6-aa4e-95a7147616f7" testId="85e354c5-9c07-4562-81cf-dfda48b89826" testName="Create_Passing_InvalidOrNull_Value_Returns_ApplicationException (,Sabadell,España)" computerName="PC-SFERRARI" duration="00:00:00.0000831" startTime="2021-09-23T11:14:25.3343313+02:00" endTime="2021-09-23T11:14:25.3345527+02:00" testType="13cdc9d9-ddb5-4fa4-a97d-d965ccfc6d4b" outcome="Passed" testListId="8c84fa94-04c1-424b-9868-57a2d4851a1d" relativeResultsDirectory="d09ad8ed-bac3-43b6-aa4e-95a7147616f7" />
    <UnitTestResult executionId="0bd6038c-793d-4bc9-af10-8414463d78e1" testId="52583db3-4897-42bb-bb1c-c44976e7a032" testName="Equals_Passing_Valid_Distinct_Values_Returns_False (Españä)" computerName="PC-SFERRARI" duration="00:00:00.0000184" startTime="2021-09-23T11:14:25.4711448+02:00" endTime="2021-09-23T11:14:25.4712411+02:00" testType="13cdc9d9-ddb5-4fa4-a97d-d965ccfc6d4b" outcome="Passed" testListId="8c84fa94-04c1-424b-9868-57a2d4851a1d" relativeResultsDirectory="0bd6038c-793d-4bc9-af10-8414463d78e1" />
    <UnitTestResult executionId="f376a555-a91e-42ae-8205-5edf82740ef7" testId="d6e83422-c320-4a99-a276-c692468b4b89" testName="IsNull_Passing_Valid_Value_Returns_False (Españã)" computerName="PC-SFERRARI" duration="00:00:00.0000150" startTime="2021-09-23T11:14:25.4861853+02:00" endTime="2021-09-23T11:14:25.4862700+02:00" testType="13cdc9d9-ddb5-4fa4-a97d-d965ccfc6d4b" outcome="Passed" testListId="8c84fa94-04c1-424b-9868-57a2d4851a1d" relativeResultsDirectory="f376a555-a91e-42ae-8205-5edf82740ef7" />
    <UnitTestResult executionId="a80de530-5ee0-4084-98db-9745e737c602" testId="fc2b1806-ce39-4051-83fe-5b4e956a4db9" testName="OperatorEqual_Passing_Valid_Distinct_Values_Returns_False (app.hackerone1.com)" computerName="PC-SFERRARI" duration="00:00:00.0002378" startTime="2021-09-23T11:14:25.5757505+02:00" endTime="2021-09-23T11:14:25.5760508+02:00" testType="13cdc9d9-ddb5-4fa4-a97d-d965ccfc6d4b" outcome="Passed" testListId="8c84fa94-04c1-424b-9868-57a2d4851a1d" relativeResultsDirectory="a80de530-5ee0-4084-98db-9745e737c602" />
    <UnitTestResult executionId="86ae99b4-e561-42ba-b66d-d516eca0dda1" testId="1d4613ab-e355-4f20-82f7-5924aeb7112c" testName="OperatorEqual_Passing_Valid_Values_Returns_True (Sabadell,Barcelona,España)" computerName="PC-SFERRARI" duration="00:00:00.0011812" startTime="2021-09-23T11:14:25.3462261+02:00" endTime="2021-09-23T11:14:25.3475292+02:00" testType="13cdc9d9-ddb5-4fa4-a97d-d965ccfc6d4b" outcome="Passed" testListId="8c84fa94-04c1-424b-9868-57a2d4851a1d" relativeResultsDirectory="86ae99b4-e561-42ba-b66d-d516eca0dda1" />
    <UnitTestResult executionId="13b633e3-3617-4ed3-9881-d4b2c88eeeaa" testId="d15c2298-9667-4a9f-bd0f-19136351acb3" testName="OperatorEqual_Passing_Valid_Distinct_Values_Returns_False (456,43543543543)" computerName="PC-SFERRARI" duration="00:00:00.0002501" startTime="2021-09-23T11:14:25.6037013+02:00" endTime="2021-09-23T11:14:25.6040302+02:00" testType="13cdc9d9-ddb5-4fa4-a97d-d965ccfc6d4b" outcome="Passed" testListId="8c84fa94-04c1-424b-9868-57a2d4851a1d" relativeResultsDirectory="13b633e3-3617-4ed3-9881-d4b2c88eeeaa" />
    <UnitTestResult executionId="3aa5503b-6da7-4096-81d2-fdb750a851ac" testId="fde8a628-0306-40ad-8b52-6ee85cc391bd" testName="IsNull_Passing_Null_Value_Returns_True" computerName="PC-SFERRARI" duration="00:00:00.0016335" startTime="2021-09-23T11:14:25.5420259+02:00" endTime="2021-09-23T11:14:25.5437608+02:00" testType="13cdc9d9-ddb5-4fa4-a97d-d965ccfc6d4b" outcome="Passed" testListId="8c84fa94-04c1-424b-9868-57a2d4851a1d" relativeResultsDirectory="3aa5503b-6da7-4096-81d2-fdb750a851ac" />
    <UnitTestResult executionId="cade72c1-8b2e-46c0-ac2a-f5e5aa3fd140" testId="f01767c4-80ed-460b-8d4c-5976012ec0b3" testName="OperatorEqual_Passing_Valid_Values_Returns_True (100,EUR,2)" computerName="PC-SFERRARI" duration="00:00:00.0015533" startTime="2021-09-23T11:14:25.4345311+02:00" endTime="2021-09-23T11:14:25.4362539+02:00" testType="13cdc9d9-ddb5-4fa4-a97d-d965ccfc6d4b" outcome="Passed" testListId="8c84fa94-04c1-424b-9868-57a2d4851a1d" relativeResultsDirectory="cade72c1-8b2e-46c0-ac2a-f5e5aa3fd140" />
    <UnitTestResult executionId="09991254-903a-4f37-8e22-5ae2e097dc42" testId="5655f11a-74f5-406a-860c-6b7898f7f604" testName="ToString_Passing_Valid_Values_Returns_StringId (Sabadell)" computerName="PC-SFERRARI" duration="00:00:00.0000067" startTime="2021-09-23T11:14:25.5573054+02:00" endTime="2021-09-23T11:14:25.5573730+02:00" testType="13cdc9d9-ddb5-4fa4-a97d-d965ccfc6d4b" outcome="Passed" testListId="8c84fa94-04c1-424b-9868-57a2d4851a1d" relativeResultsDirectory="09991254-903a-4f37-8e22-5ae2e097dc42" />
    <UnitTestResult executionId="300e84d1-ecf1-4e3a-ac07-505e062fb32e" testId="9e1b7bbc-3c26-42a9-ba79-15019633c41f" testName="IsMasterCard_Passing_Nothing_Returns_True" computerName="PC-SFERRARI" duration="00:00:00.0002247" startTime="2021-09-23T11:14:24.3033283+02:00" endTime="2021-09-23T11:14:24.3036355+02:00" testType="13cdc9d9-ddb5-4fa4-a97d-d965ccfc6d4b" outcome="Passed" testListId="8c84fa94-04c1-424b-9868-57a2d4851a1d" relativeResultsDirectory="300e84d1-ecf1-4e3a-ac07-505e062fb32e" />
    <UnitTestResult executionId="65d4536e-af2f-4dfa-968f-d9e663d397d7" testId="9612b529-6534-42dc-b985-167612fb91d2" testName="OperatorNotEqual_Passing_Valid_Values_Returns_False (Tenant_A)" computerName="PC-SFERRARI" duration="00:00:00.0000126" startTime="2021-09-23T11:14:25.6815967+02:00" endTime="2021-09-23T11:14:25.6816793+02:00" testType="13cdc9d9-ddb5-4fa4-a97d-d965ccfc6d4b" outcome="Passed" testListId="8c84fa94-04c1-424b-9868-57a2d4851a1d" relativeResultsDirectory="65d4536e-af2f-4dfa-968f-d9e663d397d7" />
    <UnitTestResult executionId="4096684a-2a37-4bf6-aaa4-e21ab48f2c35" testId="07371fb2-f4d6-4efc-bbf1-cb37cefae660" testName="IsNull_Passing_Null_Address_Returns_True" computerName="PC-SFERRARI" duration="00:00:00.0006626" startTime="2021-09-23T11:14:24.5197667+02:00" endTime="2021-09-23T11:14:24.5205300+02:00" testType="13cdc9d9-ddb5-4fa4-a97d-d965ccfc6d4b" outcome="Passed" testListId="8c84fa94-04c1-424b-9868-57a2d4851a1d" relativeResultsDirectory="4096684a-2a37-4bf6-aaa4-e21ab48f2c35" />
    <UnitTestResult executionId="9b134ddd-0f12-42a6-8598-b74da45932ec" testId="80fbf2ba-e88d-4123-b9ef-877b41d05a59" testName="Create_Passing_Valid_Values_Returns_Subdomain (google)" computerName="PC-SFERRARI" duration="00:00:00.0002825" startTime="2021-09-23T11:14:25.5659081+02:00" endTime="2021-09-23T11:14:25.5662695+02:00" testType="13cdc9d9-ddb5-4fa4-a97d-d965ccfc6d4b" outcome="Passed" testListId="8c84fa94-04c1-424b-9868-57a2d4851a1d" relativeResultsDirectory="9b134ddd-0f12-42a6-8598-b74da45932ec" />
    <UnitTestResult executionId="d0917bcd-0dd6-451a-b2ee-e1922efb454c" testId="89cbd5c5-948f-4a98-9251-e8640938a547" testName="ToNormalize_Passing_Valid_Values_Returns_Name_String_Format (Españâ,Espana)" computerName="PC-SFERRARI" duration="00:00:00.0000421" startTime="2021-09-23T11:14:25.5254871+02:00" endTime="2021-09-23T11:14:25.5256038+02:00" testType="13cdc9d9-ddb5-4fa4-a97d-d965ccfc6d4b" outcome="Passed" testListId="8c84fa94-04c1-424b-9868-57a2d4851a1d" relativeResultsDirectory="d0917bcd-0dd6-451a-b2ee-e1922efb454c" />
    <UnitTestResult executionId="3dbdc0d0-8296-461f-ad9b-c74ce841f0be" testId="67749f22-10a9-4bdf-bc46-948b61b4f4ae" testName="Create_Passing_Valid_Values_Returns_Name (Españħ)" computerName="PC-SFERRARI" duration="00:00:00.0000312" startTime="2021-09-23T11:14:25.4681120+02:00" endTime="2021-09-23T11:14:25.4684665+02:00" testType="13cdc9d9-ddb5-4fa4-a97d-d965ccfc6d4b" outcome="Passed" testListId="8c84fa94-04c1-424b-9868-57a2d4851a1d" relativeResultsDirectory="3dbdc0d0-8296-461f-ad9b-c74ce841f0be" />
    <UnitTestResult executionId="15bffd1c-a3b4-422e-8ea6-9ac36fa2e955" testId="15cf9c09-1cf1-49f4-a2ed-e5803725f2e7" testName="Create_Passing_InvalidOrNull_Value_Returns_ApplicationException (,789,DF7956,Sabadell,Barcelona,España)" computerName="PC-SFERRARI" duration="00:00:00.0000838" startTime="2021-09-23T11:14:24.5097797+02:00" endTime="2021-09-23T11:14:24.5100092+02:00" testType="13cdc9d9-ddb5-4fa4-a97d-d965ccfc6d4b" outcome="Passed" testListId="8c84fa94-04c1-424b-9868-57a2d4851a1d" relativeResultsDirectory="15bffd1c-a3b4-422e-8ea6-9ac36fa2e955" />
    <UnitTestResult executionId="a08d3826-9ff4-4ad5-a070-11dd4f75db86" testId="1bd483dc-64af-4524-a552-db56f9295176" testName="OperatorNotEqual_Passing_Valid_Values_Returns_True (España)" computerName="PC-SFERRARI" duration="00:00:00.0003253" startTime="2021-09-23T11:14:25.5137121+02:00" endTime="2021-09-23T11:14:25.5141515+02:00" testType="13cdc9d9-ddb5-4fa4-a97d-d965ccfc6d4b" outcome="Passed" testListId="8c84fa94-04c1-424b-9868-57a2d4851a1d" relativeResultsDirectory="a08d3826-9ff4-4ad5-a070-11dd4f75db86" />
    <UnitTestResult executionId="552f7d1a-1363-4285-9551-9bfd56c6b962" testId="9f4923cd-1857-4973-b1d1-5a2f980beaff" testName="ToNormalize_Passing_Valid_Values_Returns_Name_String_Format (Españħ,Espanh)" computerName="PC-SFERRARI" duration="00:00:00.0000647" startTime="2021-09-23T11:14:25.5290398+02:00" endTime="2021-09-23T11:14:25.5292153+02:00" testType="13cdc9d9-ddb5-4fa4-a97d-d965ccfc6d4b" outcome="Passed" testListId="8c84fa94-04c1-424b-9868-57a2d4851a1d" relativeResultsDirectory="552f7d1a-1363-4285-9551-9bfd56c6b962" />
    <UnitTestResult executionId="904d5866-8687-4e7d-b25c-95db5eacf03f" testId="584d2fba-50f2-4a13-8456-bca2b367d2d2" testName="OperatorEqual_Passing_Valid_Distinct_Values_Returns_False (dasdasd@dsasd.ff)" computerName="PC-SFERRARI" duration="00:00:00.0001986" startTime="2021-09-23T11:14:25.1355577+02:00" endTime="2021-09-23T11:14:25.1358223+02:00" testType="13cdc9d9-ddb5-4fa4-a97d-d965ccfc6d4b" outcome="Passed" testListId="8c84fa94-04c1-424b-9868-57a2d4851a1d" relativeResultsDirectory="904d5866-8687-4e7d-b25c-95db5eacf03f" />
    <UnitTestResult executionId="e3dccc40-380c-40c0-a4aa-607354ae0847" testId="bf5fba23-fb76-4704-bae1-bbd27af02780" testName="OperatorEqual_Passing_Valid_Values_Returns_True (www.hackerone-com)" computerName="PC-SFERRARI" duration="00:00:00.0000553" startTime="2021-09-23T11:14:25.5821012+02:00" endTime="2021-09-23T11:14:25.5823008+02:00" testType="13cdc9d9-ddb5-4fa4-a97d-d965ccfc6d4b" outcome="Passed" testListId="8c84fa94-04c1-424b-9868-57a2d4851a1d" relativeResultsDirectory="e3dccc40-380c-40c0-a4aa-607354ae0847" />
    <UnitTestResult executionId="bb0a2311-435e-4985-9d08-7b90dd652a80" testId="f3e868d4-d255-414a-a45f-03865e827f13" testName="Equals_Passing_Valid_Distinct_Values_Returns_False (tenantA)" computerName="PC-SFERRARI" duration="00:00:00.0000346" startTime="2021-09-23T11:14:25.6328531+02:00" endTime="2021-09-23T11:14:25.6330307+02:00" testType="13cdc9d9-ddb5-4fa4-a97d-d965ccfc6d4b" outcome="Passed" testListId="8c84fa94-04c1-424b-9868-57a2d4851a1d" relativeResultsDirectory="bb0a2311-435e-4985-9d08-7b90dd652a80" />
    <UnitTestResult executionId="d94c831b-ae5f-4f76-9bd4-bc8d46baaeb7" testId="9e102b96-0366-4293-8e6e-8028352c1f7b" testName="OperatorNotEqual_Passing_Valid_Values_Returns_False (TENANTA)" computerName="PC-SFERRARI" duration="00:00:00.0000357" startTime="2021-09-23T11:14:25.6810792+02:00" endTime="2021-09-23T11:14:25.6813050+02:00" testType="13cdc9d9-ddb5-4fa4-a97d-d965ccfc6d4b" outcome="Passed" testListId="8c84fa94-04c1-424b-9868-57a2d4851a1d" relativeResultsDirectory="d94c831b-ae5f-4f76-9bd4-bc8d46baaeb7" />
    <UnitTestResult executionId="a78c1ba3-d799-492f-a1fe-0b82f375732d" testId="24355981-70ec-4ad2-b8bb-f725f30b410b" testName="Create_Passing_InvalidOrNull_Value_Returns_ApplicationException ()" computerName="PC-SFERRARI" duration="00:00:00.0005529" startTime="2021-09-23T11:14:25.5596626+02:00" endTime="2021-09-23T11:14:25.5603814+02:00" testType="13cdc9d9-ddb5-4fa4-a97d-d965ccfc6d4b" outcome="Passed" testListId="8c84fa94-04c1-424b-9868-57a2d4851a1d" relativeResultsDirectory="a78c1ba3-d799-492f-a1fe-0b82f375732d" />
    <UnitTestResult executionId="fe5cc7f7-8a46-4d9f-a224-41d7867941a3" testId="d13151ab-b23b-4407-a1fe-acf786f1ee97" testName="OperatorNotEqual_Passing_Valid_Values_Returns_True (Españç)" computerName="PC-SFERRARI" duration="00:00:00.0000349" startTime="2021-09-23T11:14:25.5193227+02:00" endTime="2021-09-23T11:14:25.5195021+02:00" testType="13cdc9d9-ddb5-4fa4-a97d-d965ccfc6d4b" outcome="Passed" testListId="8c84fa94-04c1-424b-9868-57a2d4851a1d" relativeResultsDirectory="fe5cc7f7-8a46-4d9f-a224-41d7867941a3" />
    <UnitTestResult executionId="8357cb17-03be-4b92-847c-a046150c3a35" testId="9f4ea0ef-bc2d-4091-b1d5-5649a7d9a841" testName="ToEnum_Passing_Invalid_Int_Name_Enumeracion_Returns_Null" computerName="PC-SFERRARI" duration="00:00:00.0002513" startTime="2021-09-23T11:14:24.4228081+02:00" endTime="2021-09-23T11:14:24.4232018+02:00" testType="13cdc9d9-ddb5-4fa4-a97d-d965ccfc6d4b" outcome="Passed" testListId="8c84fa94-04c1-424b-9868-57a2d4851a1d" relativeResultsDirectory="8357cb17-03be-4b92-847c-a046150c3a35" />
    <UnitTestResult executionId="4e4f5838-9b86-4080-8207-d719bd606b1e" testId="57154681-0a15-472a-a9ea-c4e3b12c8e4b" testName="OperatorNotEqual_Passing_Valid_Values_Returns_False (Españã)" computerName="PC-SFERRARI" duration="00:00:00.0032680" startTime="2021-09-23T11:14:25.5039209+02:00" endTime="2021-09-23T11:14:25.5073621+02:00" testType="13cdc9d9-ddb5-4fa4-a97d-d965ccfc6d4b" outcome="Passed" testListId="8c84fa94-04c1-424b-9868-57a2d4851a1d" relativeResultsDirectory="4e4f5838-9b86-4080-8207-d719bd606b1e" />
    <UnitTestResult executionId="73f9f1fb-c026-4fe8-bb04-216bb2bf466f" testId="f7fe9a0b-a4d9-4c0c-ade0-d7eef883f698" testName="Equals_Passing_Valid_Distinct_Values_Returns_False (Tenant_A)" computerName="PC-SFERRARI" duration="00:00:00.0000133" startTime="2021-09-23T11:14:25.6335948+02:00" endTime="2021-09-23T11:14:25.6336777+02:00" testType="13cdc9d9-ddb5-4fa4-a97d-d965ccfc6d4b" outcome="Passed" testListId="8c84fa94-04c1-424b-9868-57a2d4851a1d" relativeResultsDirectory="73f9f1fb-c026-4fe8-bb04-216bb2bf466f" />
    <UnitTestResult executionId="8098756b-a51b-4b28-88f4-25d3e627b4b9" testId="a2387616-3bcd-4e6e-8ad2-c1dbfc71a8bd" testName="ToNormalize_Passing_Valid_Values_Returns_Address_String_Format (ádsads@ggg.cc)" computerName="PC-SFERRARI" duration="00:00:00.0001451" startTime="2021-09-23T11:14:25.1828830+02:00" endTime="2021-09-23T11:14:25.1831865+02:00" testType="13cdc9d9-ddb5-4fa4-a97d-d965ccfc6d4b" outcome="Passed" testListId="8c84fa94-04c1-424b-9868-57a2d4851a1d" relativeResultsDirectory="8098756b-a51b-4b28-88f4-25d3e627b4b9" />
    <UnitTestResult executionId="68c9bc80-96aa-4ed4-9446-a9defe52bad1" testId="90791390-9902-40b5-9c72-db1336c42ec4" testName="OperatorNotEqual_Passing_Valid_Values_Returns_True (400,EUR,8)" computerName="PC-SFERRARI" duration="00:00:00.0016316" startTime="2021-09-23T11:14:25.4520642+02:00" endTime="2021-09-23T11:14:25.4539063+02:00" testType="13cdc9d9-ddb5-4fa4-a97d-d965ccfc6d4b" outcome="Passed" testListId="8c84fa94-04c1-424b-9868-57a2d4851a1d" relativeResultsDirectory="68c9bc80-96aa-4ed4-9446-a9defe52bad1" />
    <UnitTestResult executionId="bc48bef4-4aec-42f1-b103-f9dff12424d2" testId="fec3583f-ddd3-4b2f-950e-17b81f0cdbd8" testName="OperatorEqual_Passing_Valid_Values_Returns_True (EUR)" computerName="PC-SFERRARI" duration="00:00:00.0006030" startTime="2021-09-23T11:14:24.9210979+02:00" endTime="2021-09-23T11:14:24.9218099+02:00" testType="13cdc9d9-ddb5-4fa4-a97d-d965ccfc6d4b" outcome="Passed" testListId="8c84fa94-04c1-424b-9868-57a2d4851a1d" relativeResultsDirectory="bc48bef4-4aec-42f1-b103-f9dff12424d2" />
    <UnitTestResult executionId="b50bc564-1e98-4c46-a7bf-ed5215fea672" testId="da41e2d3-f6ac-4019-9e39-27b5e0d7dc1b" testName="Equals_Passing_Valid_Distinct_Values_Returns_False (TENANT_1)" computerName="PC-SFERRARI" duration="00:00:00.0000119" startTime="2021-09-23T11:14:25.6298707+02:00" endTime="2021-09-23T11:14:25.6299522+02:00" testType="13cdc9d9-ddb5-4fa4-a97d-d965ccfc6d4b" outcome="Passed" testListId="8c84fa94-04c1-424b-9868-57a2d4851a1d" relativeResultsDirectory="b50bc564-1e98-4c46-a7bf-ed5215fea672" />
    <UnitTestResult executionId="295ab318-0eca-4cfd-a447-0b9bc6a8df4b" testId="3ba0b085-e7ea-4f01-ba11-b493df222149" testName="ToEnum_Passing_Valid_IntName_Enumeracion_Returns_Enumeracion" computerName="PC-SFERRARI" duration="00:00:00.0001306" startTime="2021-09-23T11:14:24.4409370+02:00" endTime="2021-09-23T11:14:24.4411253+02:00" testType="13cdc9d9-ddb5-4fa4-a97d-d965ccfc6d4b" outcome="Passed" testListId="8c84fa94-04c1-424b-9868-57a2d4851a1d" relativeResultsDirectory="295ab318-0eca-4cfd-a447-0b9bc6a8df4b" />
    <UnitTestResult executionId="36a1f25f-f4bc-422a-b371-3bdcfd372754" testId="addd5948-e3db-4443-b071-d9ac41f145d7" testName="Create_Passing_Valid_Values_Returns_Telephone (D45,86554654)" computerName="PC-SFERRARI" duration="00:00:00.0000184" startTime="2021-09-23T11:14:25.5929446+02:00" endTime="2021-09-23T11:14:25.5930816+02:00" testType="13cdc9d9-ddb5-4fa4-a97d-d965ccfc6d4b" outcome="Passed" testListId="8c84fa94-04c1-424b-9868-57a2d4851a1d" relativeResultsDirectory="36a1f25f-f4bc-422a-b371-3bdcfd372754" />
    <UnitTestResult executionId="e410eb60-f3f8-4769-8d68-fb79f81291ed" testId="147bf651-a081-4fc3-b42d-5bab02a14131" testName="Create_Passing_Valid_Values_Returns_FullName (San Bartoleme De Tirajana,Las Palmas,España)" computerName="PC-SFERRARI" duration="00:00:00.0003680" startTime="2021-09-23T11:14:25.3346583+02:00" endTime="2021-09-23T11:14:25.3351160+02:00" testType="13cdc9d9-ddb5-4fa4-a97d-d965ccfc6d4b" outcome="Passed" testListId="8c84fa94-04c1-424b-9868-57a2d4851a1d" relativeResultsDirectory="e410eb60-f3f8-4769-8d68-fb79f81291ed" />
    <UnitTestResult executionId="a836ac30-9d34-45c8-a41c-0f9195e6a780" testId="04b31254-cffc-4ba5-b428-364fa933998d" testName="IsNull_Passing_Valid_Value_Returns_False (Españà)" computerName="PC-SFERRARI" duration="00:00:00.0000146" startTime="2021-09-23T11:14:25.4857159+02:00" endTime="2021-09-23T11:14:25.4858012+02:00" testType="13cdc9d9-ddb5-4fa4-a97d-d965ccfc6d4b" outcome="Passed" testListId="8c84fa94-04c1-424b-9868-57a2d4851a1d" relativeResultsDirectory="a836ac30-9d34-45c8-a41c-0f9195e6a780" />
    <UnitTestResult executionId="6be0327b-9836-4d33-9a80-2da7b851dc74" testId="e782cfda-0de8-43b7-97bd-d2aa723353d6" testName="OperatorNotEqual_Passing_Valid_Values_Returns_True (stage_hackerone.com)" computerName="PC-SFERRARI" duration="00:00:00.0000199" startTime="2021-09-23T11:14:25.5838328+02:00" endTime="2021-09-23T11:14:25.5839172+02:00" testType="13cdc9d9-ddb5-4fa4-a97d-d965ccfc6d4b" outcome="Passed" testListId="8c84fa94-04c1-424b-9868-57a2d4851a1d" relativeResultsDirectory="6be0327b-9836-4d33-9a80-2da7b851dc74" />
    <UnitTestResult executionId="555ab52b-59a3-49b0-8cb5-533e3ce93e8c" testId="6a55ec1f-3712-4c88-b940-9f4d8a5d4b98" testName="Create_Passing_InvalidOrNull_Value_Returns_ApplicationException (,43543543543)" computerName="PC-SFERRARI" duration="00:00:00.0006988" startTime="2021-09-23T11:14:25.5909111+02:00" endTime="2021-09-23T11:14:25.5917722+02:00" testType="13cdc9d9-ddb5-4fa4-a97d-d965ccfc6d4b" outcome="Passed" testListId="8c84fa94-04c1-424b-9868-57a2d4851a1d" relativeResultsDirectory="555ab52b-59a3-49b0-8cb5-533e3ce93e8c" />
    <UnitTestResult executionId="f97f2fc2-3df7-42b7-94b8-94a3eba30173" testId="dcc0c604-5793-4cf2-95f0-a718c05eee41" testName="OperatorEqual_Passing_Valid_Distinct_Values_Returns_False (Sabadell,Barcelona,España)" computerName="PC-SFERRARI" duration="00:00:00.0000499" startTime="2021-09-23T11:14:25.3451791+02:00" endTime="2021-09-23T11:14:25.3454875+02:00" testType="13cdc9d9-ddb5-4fa4-a97d-d965ccfc6d4b" outcome="Passed" testListId="8c84fa94-04c1-424b-9868-57a2d4851a1d" relativeResultsDirectory="f97f2fc2-3df7-42b7-94b8-94a3eba30173" />
    <UnitTestResult executionId="139983b6-2621-464e-ae6c-20684971b2b3" testId="1579c289-0737-4980-bc35-514454203c68" testName="Create_Passing_Valid_Values_Returns_Name (TENANTA)" computerName="PC-SFERRARI" duration="00:00:00.0000100" startTime="2021-09-23T11:14:25.6219511+02:00" endTime="2021-09-23T11:14:25.6220353+02:00" testType="13cdc9d9-ddb5-4fa4-a97d-d965ccfc6d4b" outcome="Passed" testListId="8c84fa94-04c1-424b-9868-57a2d4851a1d" relativeResultsDirectory="139983b6-2621-464e-ae6c-20684971b2b3" />
    <UnitTestResult executionId="98f8dfa7-2278-4b4f-951b-7eb1e2e74769" testId="a5351f7b-187a-4675-ab95-bad40f1d5491" testName="IsNull_Passing_Valid_Value_Returns_False (Españħ)" computerName="PC-SFERRARI" duration="00:00:00.0000166" startTime="2021-09-23T11:14:25.4895349+02:00" endTime="2021-09-23T11:14:25.4896549+02:00" testType="13cdc9d9-ddb5-4fa4-a97d-d965ccfc6d4b" outcome="Passed" testListId="8c84fa94-04c1-424b-9868-57a2d4851a1d" relativeResultsDirectory="98f8dfa7-2278-4b4f-951b-7eb1e2e74769" />
    <UnitTestResult executionId="c9b2b0d1-6f7d-4955-a274-a995c6cb2bb5" testId="5b3b8163-51c3-4ad6-a965-8b95a7815e09" testName="Equals_Passing_Valid_Values_Returns_True (tenant1)" computerName="PC-SFERRARI" duration="00:00:00.0002940" startTime="2021-09-23T11:14:25.6338678+02:00" endTime="2021-09-23T11:14:25.6342583+02:00" testType="13cdc9d9-ddb5-4fa4-a97d-d965ccfc6d4b" outcome="Passed" testListId="8c84fa94-04c1-424b-9868-57a2d4851a1d" relativeResultsDirectory="c9b2b0d1-6f7d-4955-a274-a995c6cb2bb5" />
    <UnitTestResult executionId="2e8de592-1cb9-4779-a564-528ca2b08add" testId="bf792596-6d43-49a1-95ae-131f3069d5f4" testName="Change_Passing_Valid_Values_Returns_Telephone" computerName="PC-SFERRARI" duration="00:00:00.0028285" startTime="2021-09-23T11:14:25.5876309+02:00" endTime="2021-09-23T11:14:25.5907387+02:00" testType="13cdc9d9-ddb5-4fa4-a97d-d965ccfc6d4b" outcome="Passed" testListId="8c84fa94-04c1-424b-9868-57a2d4851a1d" relativeResultsDirectory="2e8de592-1cb9-4779-a564-528ca2b08add" />
    <UnitTestResult executionId="0eebf3b5-360c-41da-94b0-e79022b71b33" testId="0f691a51-79b6-491b-87da-a28cb2e8a7ce" testName="Equals_Passing_Valid_Distinct_Values_Returns_False (EUR)" computerName="PC-SFERRARI" duration="00:00:00.0020572" startTime="2021-09-23T11:14:24.9137027+02:00" endTime="2021-09-23T11:14:24.9158497+02:00" testType="13cdc9d9-ddb5-4fa4-a97d-d965ccfc6d4b" outcome="Passed" testListId="8c84fa94-04c1-424b-9868-57a2d4851a1d" relativeResultsDirectory="0eebf3b5-360c-41da-94b0-e79022b71b33" />
    <UnitTestResult executionId="f29bfea9-b9be-40d4-aa44-2735f4d36b55" testId="4f82a8f4-7af5-4f25-a742-44d24386dd09" testName="Equals_Passing_Valid_Distinct_Values_Returns_False (Sabadell)" computerName="PC-SFERRARI" duration="00:00:00.0000147" startTime="2021-09-23T11:14:25.5382643+02:00" endTime="2021-09-23T11:14:25.5383808+02:00" testType="13cdc9d9-ddb5-4fa4-a97d-d965ccfc6d4b" outcome="Passed" testListId="8c84fa94-04c1-424b-9868-57a2d4851a1d" relativeResultsDirectory="f29bfea9-b9be-40d4-aa44-2735f4d36b55" />
    <UnitTestResult executionId="5f9e7e20-3215-479d-90a2-98ca520f8c9c" testId="246ca8c6-373d-46de-8b07-aceb0d93e0c0" testName="Create_Passing_Valid_Value_Returns_Email (ádsads@ggg.cc)" computerName="PC-SFERRARI" duration="00:00:00.0000316" startTime="2021-09-23T11:14:25.1266492+02:00" endTime="2021-09-23T11:14:25.1267940+02:00" testType="13cdc9d9-ddb5-4fa4-a97d-d965ccfc6d4b" outcome="Passed" testListId="8c84fa94-04c1-424b-9868-57a2d4851a1d" relativeResultsDirectory="5f9e7e20-3215-479d-90a2-98ca520f8c9c" />
    <UnitTestResult executionId="1ffdb85b-6933-4747-955f-91de3bcc2461" testId="acca8d6e-2941-412e-be47-8b34ad5eb3e9" testName="OperatorEqual_Passing_Valid_Distinct_Values_Returns_False (Esp añâ)" computerName="PC-SFERRARI" duration="00:00:00.0000219" startTime="2021-09-23T11:14:25.4972091+02:00" endTime="2021-09-23T11:14:25.4973099+02:00" testType="13cdc9d9-ddb5-4fa4-a97d-d965ccfc6d4b" outcome="Passed" testListId="8c84fa94-04c1-424b-9868-57a2d4851a1d" relativeResultsDirectory="1ffdb85b-6933-4747-955f-91de3bcc2461" />
    <UnitTestResult executionId="f329df92-5a71-4d95-afd2-c77f535e9379" testId="866027df-6e2e-47b5-8f0f-36bcea52cd44" testName="Equals_Passing_Valid_Values_Returns_True (Españç)" computerName="PC-SFERRARI" duration="00:00:00.0000187" startTime="2021-09-23T11:14:25.4788798+02:00" endTime="2021-09-23T11:14:25.4789688+02:00" testType="13cdc9d9-ddb5-4fa4-a97d-d965ccfc6d4b" outcome="Passed" testListId="8c84fa94-04c1-424b-9868-57a2d4851a1d" relativeResultsDirectory="f329df92-5a71-4d95-afd2-c77f535e9379" />
    <UnitTestResult executionId="1d2b332c-e5d9-42b1-8729-9c2101b5e325" testId="be892f44-8582-4c7f-9544-f10e93fc2c43" testName="OperatorEqual_Passing_Valid_Values_Returns_False (Tenerife,23,34567,San Bartoleme De Tirajana,Las Palmas,España)" computerName="PC-SFERRARI" duration="00:00:00.0006213" startTime="2021-09-23T11:14:24.5250237+02:00" endTime="2021-09-23T11:14:24.5258198+02:00" testType="13cdc9d9-ddb5-4fa4-a97d-d965ccfc6d4b" outcome="Passed" testListId="8c84fa94-04c1-424b-9868-57a2d4851a1d" relativeResultsDirectory="1d2b332c-e5d9-42b1-8729-9c2101b5e325" />
    <UnitTestResult executionId="ba913c04-0c30-4055-9d4f-9930d20354f7" testId="78db80c2-5870-43db-aaa8-13fe571ffc6c" testName="ToNormalize_Passing_Valid_Values_Returns_Name_String_Format (Españä,Espana)" computerName="PC-SFERRARI" duration="00:00:00.0000633" startTime="2021-09-23T11:14:25.5252442+02:00" endTime="2021-09-23T11:14:25.5254196+02:00" testType="13cdc9d9-ddb5-4fa4-a97d-d965ccfc6d4b" outcome="Passed" testListId="8c84fa94-04c1-424b-9868-57a2d4851a1d" relativeResultsDirectory="ba913c04-0c30-4055-9d4f-9930d20354f7" />
    <UnitTestResult executionId="73d9027d-4dcf-4ae0-ac70-4b13b8d96e23" testId="67b881e2-738c-41b2-a2d6-c3bf540cab20" testName="ToNormalize_Passing_Valid_Values_Returns_Name_String_Format (Españç,Espanc)" computerName="PC-SFERRARI" duration="00:00:00.0000805" startTime="2021-09-23T11:14:25.5286762+02:00" endTime="2021-09-23T11:14:25.5289057+02:00" testType="13cdc9d9-ddb5-4fa4-a97d-d965ccfc6d4b" outcome="Passed" testListId="8c84fa94-04c1-424b-9868-57a2d4851a1d" relativeResultsDirectory="73d9027d-4dcf-4ae0-ac70-4b13b8d96e23" />
    <UnitTestResult executionId="7f21a89d-84a4-4f77-bb9e-6146df343887" testId="84794810-c6c5-445e-99ff-e230db0f0d70" testName="Create_Passing_Valid_Values_Returns_Name (España)" computerName="PC-SFERRARI" duration="00:00:00.0001264" startTime="2021-09-23T11:14:25.4652878+02:00" endTime="2021-09-23T11:14:25.4654800+02:00" testType="13cdc9d9-ddb5-4fa4-a97d-d965ccfc6d4b" outcome="Passed" testListId="8c84fa94-04c1-424b-9868-57a2d4851a1d" relativeResultsDirectory="7f21a89d-84a4-4f77-bb9e-6146df343887" />
    <UnitTestResult executionId="dc6ce9c6-8c92-4ef2-95b7-dde4eae3406e" testId="85d3d7c6-7c93-453f-a652-8891fc432354" testName="Create_Passing_Valid_Value_Returns_Email (aaads@ggg.cc)" computerName="PC-SFERRARI" duration="00:00:00.0000305" startTime="2021-09-23T11:14:25.1268523+02:00" endTime="2021-09-23T11:14:25.1269560+02:00" testType="13cdc9d9-ddb5-4fa4-a97d-d965ccfc6d4b" outcome="Passed" testListId="8c84fa94-04c1-424b-9868-57a2d4851a1d" relativeResultsDirectory="dc6ce9c6-8c92-4ef2-95b7-dde4eae3406e" />
    <UnitTestResult executionId="755751f1-dd25-4829-9a2c-162af0beb993" testId="fe133e2e-26c9-48cd-b427-86ac3e86f4e5" testName="OperatorEqual_Passing_Valid_Values_Returns_True (Españħ)" computerName="PC-SFERRARI" duration="00:00:00.0000249" startTime="2021-09-23T11:14:25.5025050+02:00" endTime="2021-09-23T11:14:25.5026185+02:00" testType="13cdc9d9-ddb5-4fa4-a97d-d965ccfc6d4b" outcome="Passed" testListId="8c84fa94-04c1-424b-9868-57a2d4851a1d" relativeResultsDirectory="755751f1-dd25-4829-9a2c-162af0beb993" />
    <UnitTestResult executionId="25e7d3e6-081b-4489-92b3-5cd9f7bcb9b6" testId="8f73d220-590c-49ca-89d8-e4900a0ab56c" testName="Create_Default_Passing_Valid_Values_Returns_StringId" computerName="PC-SFERRARI" duration="00:00:00.0011685" startTime="2021-09-23T11:14:25.5342584+02:00" endTime="2021-09-23T11:14:25.5357356+02:00" testType="13cdc9d9-ddb5-4fa4-a97d-d965ccfc6d4b" outcome="Passed" testListId="8c84fa94-04c1-424b-9868-57a2d4851a1d" relativeResultsDirectory="25e7d3e6-081b-4489-92b3-5cd9f7bcb9b6" />
    <UnitTestResult executionId="6a6eedf3-acbe-4a4b-a7fa-d112af2b2be6" testId="67e5009a-ca37-4f27-93f3-d4b81dfd16b1" testName="ToString_Passing_Valid_Values_Returns_Name (Tenant1)" computerName="PC-SFERRARI" duration="00:00:00.0000160" startTime="2021-09-23T11:14:25.6879534+02:00" endTime="2021-09-23T11:14:25.6881796+02:00" testType="13cdc9d9-ddb5-4fa4-a97d-d965ccfc6d4b" outcome="Passed" testListId="8c84fa94-04c1-424b-9868-57a2d4851a1d" relativeResultsDirectory="6a6eedf3-acbe-4a4b-a7fa-d112af2b2be6" />
    <UnitTestResult executionId="14dbd54a-fc40-4a83-91cd-63e4a956860b" testId="7c5b52cc-8716-4ee3-abaa-8586c352e9f2" testName="ToString_Passing_Valid_Values_Returns_Name (TENANTA)" computerName="PC-SFERRARI" duration="00:00:00.0000105" startTime="2021-09-23T11:14:25.6956109+02:00" endTime="2021-09-23T11:14:25.6957106+02:00" testType="13cdc9d9-ddb5-4fa4-a97d-d965ccfc6d4b" outcome="Passed" testListId="8c84fa94-04c1-424b-9868-57a2d4851a1d" relativeResultsDirectory="14dbd54a-fc40-4a83-91cd-63e4a956860b" />
    <UnitTestResult executionId="7a266b84-4894-42eb-be26-ed42e93f7100" testId="5c42f34c-9309-4905-82f2-6ea3a0099d22" testName="OperatorNotEqual_Passing_Valid_Values_Returns_True (TENANTA)" computerName="PC-SFERRARI" duration="00:00:00.0000123" startTime="2021-09-23T11:14:25.6868261+02:00" endTime="2021-09-23T11:14:25.6869092+02:00" testType="13cdc9d9-ddb5-4fa4-a97d-d965ccfc6d4b" outcome="Passed" testListId="8c84fa94-04c1-424b-9868-57a2d4851a1d" relativeResultsDirectory="7a266b84-4894-42eb-be26-ed42e93f7100" />
    <UnitTestResult executionId="8992b0c3-9b91-45a2-9e64-7998b77572ad" testId="23d90337-1dd6-4718-8245-9128caa43421" testName="ToString_Passing_Valid_Values_Returns_Name (Españã)" computerName="PC-SFERRARI" duration="00:00:00.0000137" startTime="2021-09-23T11:14:25.5306130+02:00" endTime="2021-09-23T11:14:25.5306923+02:00" testType="13cdc9d9-ddb5-4fa4-a97d-d965ccfc6d4b" outcome="Passed" testListId="8c84fa94-04c1-424b-9868-57a2d4851a1d" relativeResultsDirectory="8992b0c3-9b91-45a2-9e64-7998b77572ad" />
    <UnitTestResult executionId="8b8ded68-26f5-4634-ad37-b34708319976" testId="577c36e6-c871-4289-be47-700d122792eb" testName="Create_Passing_Valid_Values_Returns_Name (TenantA)" computerName="PC-SFERRARI" duration="00:00:00.0000090" startTime="2021-09-23T11:14:25.6218281+02:00" endTime="2021-09-23T11:14:25.6219023+02:00" testType="13cdc9d9-ddb5-4fa4-a97d-d965ccfc6d4b" outcome="Passed" testListId="8c84fa94-04c1-424b-9868-57a2d4851a1d" relativeResultsDirectory="8b8ded68-26f5-4634-ad37-b34708319976" />
    <UnitTestResult executionId="89b950e5-74b6-49c8-b54b-3e39b356f550" testId="258759f2-1e09-49ea-be8d-1b2309b6ff3c" testName="ToEnum_Passing_Valid_String_Name_Enumeracion_Returns_Enumeracion" computerName="PC-SFERRARI" duration="00:00:00.0001326" startTime="2021-09-23T11:14:24.4237468+02:00" endTime="2021-09-23T11:14:24.4239313+02:00" testType="13cdc9d9-ddb5-4fa4-a97d-d965ccfc6d4b" outcome="Passed" testListId="8c84fa94-04c1-424b-9868-57a2d4851a1d" relativeResultsDirectory="89b950e5-74b6-49c8-b54b-3e39b356f550" />
    <UnitTestResult executionId="20e5a30c-f6f8-48f8-80d2-defc63fdc3d2" testId="fec0eaa0-d1e5-443b-8c01-da9e63139aaa" testName="Equals_Passing_Valid_Values_Returns_True (200,EUR,4)" computerName="PC-SFERRARI" duration="00:00:00.0005266" startTime="2021-09-23T11:14:25.4230659+02:00" endTime="2021-09-23T11:14:25.4237327+02:00" testType="13cdc9d9-ddb5-4fa4-a97d-d965ccfc6d4b" outcome="Passed" testListId="8c84fa94-04c1-424b-9868-57a2d4851a1d" relativeResultsDirectory="20e5a30c-f6f8-48f8-80d2-defc63fdc3d2" />
    <UnitTestResult executionId="2b07a41d-2351-4401-9dc1-900ae27b4f55" testId="e377e0c9-1212-49d7-8ad2-3dfa327cbe77" testName="OperatorEqual_Passing_Valid_Distinct_Values_Returns_False (TENANT_A)" computerName="PC-SFERRARI" duration="00:00:00.0000157" startTime="2021-09-23T11:14:25.6599738+02:00" endTime="2021-09-23T11:14:25.6600917+02:00" testType="13cdc9d9-ddb5-4fa4-a97d-d965ccfc6d4b" outcome="Passed" testListId="8c84fa94-04c1-424b-9868-57a2d4851a1d" relativeResultsDirectory="2b07a41d-2351-4401-9dc1-900ae27b4f55" />
    <UnitTestResult executionId="0a27982b-3068-4a61-8f21-0e0d5be15116" testId="9e31afb0-c392-45f1-a3cd-13ece706a881" testName="Change_Passing_Valid_Values_Returns_Address (400,EUR,8)" computerName="PC-SFERRARI" duration="00:00:00.0024024" startTime="2021-09-23T11:14:25.4027742+02:00" endTime="2021-09-23T11:14:25.4052963+02:00" testType="13cdc9d9-ddb5-4fa4-a97d-d965ccfc6d4b" outcome="Passed" testListId="8c84fa94-04c1-424b-9868-57a2d4851a1d" relativeResultsDirectory="0a27982b-3068-4a61-8f21-0e0d5be15116" />
    <UnitTestResult executionId="ea4eb37a-0811-42b2-af2d-51d851145646" testId="810a9e86-9e7b-49bc-9a6a-5458396f95a7" testName="Change_Passing_Valid_Values_Returns_Address" computerName="PC-SFERRARI" duration="00:00:00.0255406" startTime="2021-09-23T11:14:24.4413745+02:00" endTime="2021-09-23T11:14:24.4671544+02:00" testType="13cdc9d9-ddb5-4fa4-a97d-d965ccfc6d4b" outcome="Passed" testListId="8c84fa94-04c1-424b-9868-57a2d4851a1d" relativeResultsDirectory="ea4eb37a-0811-42b2-af2d-51d851145646" />
    <UnitTestResult executionId="4abb384a-18aa-497e-9330-48e19a30ce72" testId="96418ced-cd08-4fdc-8d27-76145d2c0abb" testName="OperatorEqual_Passing_Valid_Distinct_Values_Returns_False (tenant_1)" computerName="PC-SFERRARI" duration="00:00:00.0000137" startTime="2021-09-23T11:14:25.6545765+02:00" endTime="2021-09-23T11:14:25.6546593+02:00" testType="13cdc9d9-ddb5-4fa4-a97d-d965ccfc6d4b" outcome="Passed" testListId="8c84fa94-04c1-424b-9868-57a2d4851a1d" relativeResultsDirectory="4abb384a-18aa-497e-9330-48e19a30ce72" />
    <UnitTestResult executionId="6a76311b-9f72-4927-86c7-56cdacf167ed" testId="0f1b10e8-6fa9-44b3-bf30-922ebf4cfb1b" testName="OperatorNotEqual_Passing_Valid_Values_Returns_False (USD)" computerName="PC-SFERRARI" duration="00:00:00.0036873" startTime="2021-09-23T11:14:24.9237228+02:00" endTime="2021-09-23T11:14:24.9275093+02:00" testType="13cdc9d9-ddb5-4fa4-a97d-d965ccfc6d4b" outcome="Passed" testListId="8c84fa94-04c1-424b-9868-57a2d4851a1d" relativeResultsDirectory="6a76311b-9f72-4927-86c7-56cdacf167ed" />
    <UnitTestResult executionId="c35cc4ce-52fa-4448-96ee-07a2765b251f" testId="4195d2e1-fd27-4f8c-9ed4-96395dc5165f" testName="OperatorEqual_Passing_Valid_Distinct_Values_Returns_False (Españã)" computerName="PC-SFERRARI" duration="00:00:00.0000256" startTime="2021-09-23T11:14:25.4921692+02:00" endTime="2021-09-23T11:14:25.4924023+02:00" testType="13cdc9d9-ddb5-4fa4-a97d-d965ccfc6d4b" outcome="Passed" testListId="8c84fa94-04c1-424b-9868-57a2d4851a1d" relativeResultsDirectory="c35cc4ce-52fa-4448-96ee-07a2765b251f" />
    <UnitTestResult executionId="b7a9a5b1-d065-4cd2-9701-d2005f149b67" testId="04d6f4ba-b773-45c9-b4d5-b9c5f55d1ea3" testName="Change_Passing_Valid_Values_Returns_Email (bbbs@bbb.bbb,ppp@ppp.ppp)" computerName="PC-SFERRARI" duration="00:00:00.0000252" startTime="2021-09-23T11:14:25.0836643+02:00" endTime="2021-09-23T11:14:25.0837756+02:00" testType="13cdc9d9-ddb5-4fa4-a97d-d965ccfc6d4b" outcome="Passed" testListId="8c84fa94-04c1-424b-9868-57a2d4851a1d" relativeResultsDirectory="b7a9a5b1-d065-4cd2-9701-d2005f149b67" />
    <UnitTestResult executionId="41c1377d-77b1-4bde-a631-23801409e34f" testId="d57467a2-439a-4c9f-8b29-557645c4d9be" testName="Equals_Passing_Valid_Distinct_Values_Returns_False (Esp añâ)" computerName="PC-SFERRARI" duration="00:00:00.0000970" startTime="2021-09-23T11:14:25.4770241+02:00" endTime="2021-09-23T11:14:25.4772063+02:00" testType="13cdc9d9-ddb5-4fa4-a97d-d965ccfc6d4b" outcome="Passed" testListId="8c84fa94-04c1-424b-9868-57a2d4851a1d" relativeResultsDirectory="41c1377d-77b1-4bde-a631-23801409e34f" />
    <UnitTestResult executionId="f2acebbc-aa91-4ba5-9eb9-9325d4641cc6" testId="68797f5b-05be-4508-8bae-fc55cf2a0218" testName="Create_Passing_Valid_Values_Returns_StringId (Espania)" computerName="PC-SFERRARI" duration="00:00:00.0000068" startTime="2021-09-23T11:14:25.5368358+02:00" endTime="2021-09-23T11:14:25.5369053+02:00" testType="13cdc9d9-ddb5-4fa4-a97d-d965ccfc6d4b" outcome="Passed" testListId="8c84fa94-04c1-424b-9868-57a2d4851a1d" relativeResultsDirectory="f2acebbc-aa91-4ba5-9eb9-9325d4641cc6" />
    <UnitTestResult executionId="e27e1af4-ed52-49de-beac-3716d4f06b80" testId="ae09e6eb-51ea-4983-b835-91712fcbe1c9" testName="OperatorNotEqual_Passing_Valid_Values_Returns_False (Sabadell,Barcelona,España)" computerName="PC-SFERRARI" duration="00:00:00.0000402" startTime="2021-09-23T11:14:25.3511545+02:00" endTime="2021-09-23T11:14:25.3513064+02:00" testType="13cdc9d9-ddb5-4fa4-a97d-d965ccfc6d4b" outcome="Passed" testListId="8c84fa94-04c1-424b-9868-57a2d4851a1d" relativeResultsDirectory="e27e1af4-ed52-49de-beac-3716d4f06b80" />
    <UnitTestResult executionId="77cb8b05-2c35-49bb-ba8e-84a8f6877990" testId="a147594b-119a-4776-99a2-18a0a0ca45fa" testName="Create_Passing_Valid_Values_Returns_Address (400,USD,8)" computerName="PC-SFERRARI" duration="00:00:00.0008318" startTime="2021-09-23T11:14:25.4089246+02:00" endTime="2021-09-23T11:14:25.4098806+02:00" testType="13cdc9d9-ddb5-4fa4-a97d-d965ccfc6d4b" outcome="Passed" testListId="8c84fa94-04c1-424b-9868-57a2d4851a1d" relativeResultsDirectory="77cb8b05-2c35-49bb-ba8e-84a8f6877990" />
    <UnitTestResult executionId="8a196aaa-15c9-43ba-b96a-06746dfbe6eb" testId="5743e86c-00af-4a86-b409-0158264f5c95" testName="OperatorNotEqual_Passing_Valid_Values_Returns_True (D45,86554654)" computerName="PC-SFERRARI" duration="00:00:00.0000363" startTime="2021-09-23T11:14:25.6130899+02:00" endTime="2021-09-23T11:14:25.6133007+02:00" testType="13cdc9d9-ddb5-4fa4-a97d-d965ccfc6d4b" outcome="Passed" testListId="8c84fa94-04c1-424b-9868-57a2d4851a1d" relativeResultsDirectory="8a196aaa-15c9-43ba-b96a-06746dfbe6eb" />
    <UnitTestResult executionId="f124c883-78fd-46a9-8cc6-74862abcafbd" testId="c9e66908-5507-4d03-b270-421cb022414a" testName="OperatorEqual_Passing_Valid_Distinct_Values_Returns_False (D45,86554654)" computerName="PC-SFERRARI" duration="00:00:00.0000173" startTime="2021-09-23T11:14:25.6041131+02:00" endTime="2021-09-23T11:14:25.6042117+02:00" testType="13cdc9d9-ddb5-4fa4-a97d-d965ccfc6d4b" outcome="Passed" testListId="8c84fa94-04c1-424b-9868-57a2d4851a1d" relativeResultsDirectory="f124c883-78fd-46a9-8cc6-74862abcafbd" />
    <UnitTestResult executionId="868f7709-c1e6-40f9-a07d-bcc15e42b9ce" testId="2864d55d-47ef-4256-a4cc-e6214001b91a" testName="ToString_Passing_Valid_Values_Returns_Name (tenant_1)" computerName="PC-SFERRARI" duration="00:00:00.0000269" startTime="2021-09-23T11:14:25.6944505+02:00" endTime="2021-09-23T11:14:25.6946306+02:00" testType="13cdc9d9-ddb5-4fa4-a97d-d965ccfc6d4b" outcome="Passed" testListId="8c84fa94-04c1-424b-9868-57a2d4851a1d" relativeResultsDirectory="868f7709-c1e6-40f9-a07d-bcc15e42b9ce" />
    <UnitTestResult executionId="48b1be4b-c763-4ff6-8557-6585cc473496" testId="cd2868eb-8445-494f-8243-189fb5504101" testName="Equals_Passing_Valid_Distinct_Values_Returns_False (San Bartoleme De Tirajana,Las Palmas,España)" computerName="PC-SFERRARI" duration="00:00:00.0016707" startTime="2021-09-23T11:14:25.3355173+02:00" endTime="2021-09-23T11:14:25.3373020+02:00" testType="13cdc9d9-ddb5-4fa4-a97d-d965ccfc6d4b" outcome="Passed" testListId="8c84fa94-04c1-424b-9868-57a2d4851a1d" relativeResultsDirectory="48b1be4b-c763-4ff6-8557-6585cc473496" />
    <UnitTestResult executionId="965c11f5-8a63-43de-85ad-847e19cfa97c" testId="d95ea5e8-6b73-4487-a1b0-251e95c3334e" testName="Create_Passing_Valid_Values_Returns_Name (Españã)" computerName="PC-SFERRARI" duration="00:00:00.0000084" startTime="2021-09-23T11:14:25.4659099+02:00" endTime="2021-09-23T11:14:25.4659612+02:00" testType="13cdc9d9-ddb5-4fa4-a97d-d965ccfc6d4b" outcome="Passed" testListId="8c84fa94-04c1-424b-9868-57a2d4851a1d" relativeResultsDirectory="965c11f5-8a63-43de-85ad-847e19cfa97c" />
    <UnitTestResult executionId="9c015be0-639d-4e83-84d9-5a279b8e8b21" testId="c3a51546-651f-47e5-9ff1-14ea6e37c70d" testName="ToString_Passing_Valid_Values_Returns_Name (Tenant_A)" computerName="PC-SFERRARI" duration="00:00:00.0000100" startTime="2021-09-23T11:14:25.6959065+02:00" endTime="2021-09-23T11:14:25.6959898+02:00" testType="13cdc9d9-ddb5-4fa4-a97d-d965ccfc6d4b" outcome="Passed" testListId="8c84fa94-04c1-424b-9868-57a2d4851a1d" relativeResultsDirectory="9c015be0-639d-4e83-84d9-5a279b8e8b21" />
    <UnitTestResult executionId="75a02750-2c6a-4c8f-bb3e-b930253711d1" testId="b5937a6a-e0f6-4132-8384-00e993a6d53e" testName="IsVisa_Passing_Nothing_Returns_True" computerName="PC-SFERRARI" duration="00:00:00.0002115" startTime="2021-09-23T11:14:24.3036819+02:00" endTime="2021-09-23T11:14:24.3039519+02:00" testType="13cdc9d9-ddb5-4fa4-a97d-d965ccfc6d4b" outcome="Passed" testListId="8c84fa94-04c1-424b-9868-57a2d4851a1d" relativeResultsDirectory="75a02750-2c6a-4c8f-bb3e-b930253711d1" />
    <UnitTestResult executionId="96c951b8-a424-4567-8887-39565dea63c9" testId="b690e8d6-80a6-4c3f-ae8e-36afe904a9da" testName="Create_Passing_Valid_Values_Returns_Subdomain (stage_hackerone.com)" computerName="PC-SFERRARI" duration="00:00:00.0000136" startTime="2021-09-23T11:14:25.5666129+02:00" endTime="2021-09-23T11:14:25.5666937+02:00" testType="13cdc9d9-ddb5-4fa4-a97d-d965ccfc6d4b" outcome="Passed" testListId="8c84fa94-04c1-424b-9868-57a2d4851a1d" relativeResultsDirectory="96c951b8-a424-4567-8887-39565dea63c9" />
    <UnitTestResult executionId="c113d3f8-9cba-4b14-8ab2-a0224221dfb6" testId="d954b428-8278-467c-b7e9-af404bb74328" testName="IsNull_Passing_Valid_Value_Returns_False (Tenerife)" computerName="PC-SFERRARI" duration="00:00:00.0002099" startTime="2021-09-23T11:14:25.5439610+02:00" endTime="2021-09-23T11:14:25.5450653+02:00" testType="13cdc9d9-ddb5-4fa4-a97d-d965ccfc6d4b" outcome="Passed" testListId="8c84fa94-04c1-424b-9868-57a2d4851a1d" relativeResultsDirectory="c113d3f8-9cba-4b14-8ab2-a0224221dfb6" />
    <UnitTestResult executionId="6b5954c2-98be-4774-a6fb-10f3dd24db8c" testId="8879a508-9591-4054-a384-4d238e2b371c" testName="OperatorEqual_Passing_Valid_Values_Returns_True (Españâ)" computerName="PC-SFERRARI" duration="00:00:00.0000189" startTime="2021-09-23T11:14:25.4984164+02:00" endTime="2021-09-23T11:14:25.4985025+02:00" testType="13cdc9d9-ddb5-4fa4-a97d-d965ccfc6d4b" outcome="Passed" testListId="8c84fa94-04c1-424b-9868-57a2d4851a1d" relativeResultsDirectory="6b5954c2-98be-4774-a6fb-10f3dd24db8c" />
    <UnitTestResult executionId="8e8a0ced-a152-4440-b5c1-97cfe52f714e" testId="b4ca1c03-1f8a-4ac7-b9d9-775fd60b1dc7" testName="Equals_Passing_Valid_Values_Returns_True (dasdasd@dsasd.ff)" computerName="PC-SFERRARI" duration="00:00:00.0002675" startTime="2021-09-23T11:14:25.1338651+02:00" endTime="2021-09-23T11:14:25.1342058+02:00" testType="13cdc9d9-ddb5-4fa4-a97d-d965ccfc6d4b" outcome="Passed" testListId="8c84fa94-04c1-424b-9868-57a2d4851a1d" relativeResultsDirectory="8e8a0ced-a152-4440-b5c1-97cfe52f714e" />
    <UnitTestResult executionId="0c9e5c3d-fb28-406b-ba43-08bb0397e156" testId="83aaea22-44c3-4e2c-a792-c04fdb28c9dc" testName="OperatorNotEqual_Passing_Valid_Values_Returns_True (456,43543543543)" computerName="PC-SFERRARI" duration="00:00:00.0008270" startTime="2021-09-23T11:14:25.6105247+02:00" endTime="2021-09-23T11:14:25.6116660+02:00" testType="13cdc9d9-ddb5-4fa4-a97d-d965ccfc6d4b" outcome="Passed" testListId="8c84fa94-04c1-424b-9868-57a2d4851a1d" relativeResultsDirectory="0c9e5c3d-fb28-406b-ba43-08bb0397e156" />
    <UnitTestResult executionId="adc63ab6-8ea4-4ac2-bb31-f8c4de0bedd8" testId="30c05b9a-0342-49ae-8091-1f7d24dc04ad" testName="ToEnum_Passing_Invalid_String_Name_Enumeracion_Returns_Null" computerName="PC-SFERRARI" duration="00:00:00.0001778" startTime="2021-09-23T11:14:24.4406449+02:00" endTime="2021-09-23T11:14:24.4408823+02:00" testType="13cdc9d9-ddb5-4fa4-a97d-d965ccfc6d4b" outcome="Passed" testListId="8c84fa94-04c1-424b-9868-57a2d4851a1d" relativeResultsDirectory="adc63ab6-8ea4-4ac2-bb31-f8c4de0bedd8" />
    <UnitTestResult executionId="4b635c09-ded9-4bf8-bc64-5bd51ac29ee8" testId="a0bc53c3-b5a4-4b6a-bb89-55576167c35e" testName="OperatorEqual_Passing_Valid_Values_Returns_True (USD)" computerName="PC-SFERRARI" duration="00:00:00.0009345" startTime="2021-09-23T11:14:24.9219195+02:00" endTime="2021-09-23T11:14:24.9229319+02:00" testType="13cdc9d9-ddb5-4fa4-a97d-d965ccfc6d4b" outcome="Passed" testListId="8c84fa94-04c1-424b-9868-57a2d4851a1d" relativeResultsDirectory="4b635c09-ded9-4bf8-bc64-5bd51ac29ee8" />
    <UnitTestResult executionId="76437f69-1f8a-4eb6-8b5a-b1e83d49f7ad" testId="d95adbf0-6dc8-4fee-b183-a9dc02f2882f" testName="IsInactive_Passing_Nothing_Returns_True" computerName="PC-SFERRARI" duration="00:00:00.0001962" startTime="2021-09-23T11:14:24.4253607+02:00" endTime="2021-09-23T11:14:24.4256224+02:00" testType="13cdc9d9-ddb5-4fa4-a97d-d965ccfc6d4b" outcome="Passed" testListId="8c84fa94-04c1-424b-9868-57a2d4851a1d" relativeResultsDirectory="76437f69-1f8a-4eb6-8b5a-b1e83d49f7ad" />
    <UnitTestResult executionId="7d660b98-3aff-4644-9c71-f99ccdf7edfc" testId="f1152453-0a3f-4694-a0d2-fa9a5967a5f0" testName="ToEnum_Passing_Invalid_String_Name_Enumeracion_Returns_Null" computerName="PC-SFERRARI" duration="00:00:00.0001628" startTime="2021-09-23T11:14:24.4232582+02:00" endTime="2021-09-23T11:14:24.4234819+02:00" testType="13cdc9d9-ddb5-4fa4-a97d-d965ccfc6d4b" outcome="Passed" testListId="8c84fa94-04c1-424b-9868-57a2d4851a1d" relativeResultsDirectory="7d660b98-3aff-4644-9c71-f99ccdf7edfc" />
    <UnitTestResult executionId="cb8b9d89-d601-4330-9ac7-f9baec68c8de" testId="57cc0dca-c436-4a76-9b19-e74d14bd2119" testName="OperatorEqual_Passing_Valid_Distinct_Values_Returns_False (Españà)" computerName="PC-SFERRARI" duration="00:00:00.0000264" startTime="2021-09-23T11:14:25.4912977+02:00" endTime="2021-09-23T11:14:25.4914196+02:00" testType="13cdc9d9-ddb5-4fa4-a97d-d965ccfc6d4b" outcome="Passed" testListId="8c84fa94-04c1-424b-9868-57a2d4851a1d" relativeResultsDirectory="cb8b9d89-d601-4330-9ac7-f9baec68c8de" />
    <UnitTestResult executionId="6f06b5a6-8ede-4651-a1e6-0774c45c9062" testId="3f998371-c81a-4a5d-b8c5-85ff5b39455c" testName="OperatorEqual_Passing_Valid_Values_Returns_True (Esp añâ)" computerName="PC-SFERRARI" duration="00:00:00.0000205" startTime="2021-09-23T11:14:25.5026851+02:00" endTime="2021-09-23T11:14:25.5027781+02:00" testType="13cdc9d9-ddb5-4fa4-a97d-d965ccfc6d4b" outcome="Passed" testListId="8c84fa94-04c1-424b-9868-57a2d4851a1d" relativeResultsDirectory="6f06b5a6-8ede-4651-a1e6-0774c45c9062" />
    <UnitTestResult executionId="55a068f8-edd2-4b7d-aca3-d6fccec38c49" testId="d20ec3e6-05bc-45ff-bd3f-906c72a39527" testName="Change_Passing_Valid_Values_Returns_FullName" computerName="PC-SFERRARI" duration="00:00:00.0088453" startTime="2021-09-23T11:14:25.3238237+02:00" endTime="2021-09-23T11:14:25.3330123+02:00" testType="13cdc9d9-ddb5-4fa4-a97d-d965ccfc6d4b" outcome="Passed" testListId="8c84fa94-04c1-424b-9868-57a2d4851a1d" relativeResultsDirectory="55a068f8-edd2-4b7d-aca3-d6fccec38c49" />
    <UnitTestResult executionId="4c776480-5b1a-4002-8c1d-4d377703c4e9" testId="bc7e2345-2d7e-4398-a45a-7b4c90f2e9a3" testName="Equals_Passing_Valid_Values_Returns_True (San Bartoleme De Tirajana)" computerName="PC-SFERRARI" duration="00:00:00.0003135" startTime="2021-09-23T11:14:25.5413127+02:00" endTime="2021-09-23T11:14:25.5417674+02:00" testType="13cdc9d9-ddb5-4fa4-a97d-d965ccfc6d4b" outcome="Passed" testListId="8c84fa94-04c1-424b-9868-57a2d4851a1d" relativeResultsDirectory="4c776480-5b1a-4002-8c1d-4d377703c4e9" />
    <UnitTestResult executionId="c6fce9d9-25f4-4334-a941-d5fc415df905" testId="91f9c81b-e2c2-4bf5-a586-b458daa53b6c" testName="OperatorNotEqual_Passing_Valid_Values_Returns_False (D45,86554654)" computerName="PC-SFERRARI" duration="00:00:00.0000212" startTime="2021-09-23T11:14:25.6101552+02:00" endTime="2021-09-23T11:14:25.6102694+02:00" testType="13cdc9d9-ddb5-4fa4-a97d-d965ccfc6d4b" outcome="Passed" testListId="8c84fa94-04c1-424b-9868-57a2d4851a1d" relativeResultsDirectory="c6fce9d9-25f4-4334-a941-d5fc415df905" />
    <UnitTestResult executionId="6ebd46e5-8282-4adf-b2d6-296bd07f9997" testId="f60e9fc9-91e2-49ea-955a-19c480d766a8" testName="ToString_Passing_Valid_Values_Returns_Address_String_Format (400,USD,8)" computerName="PC-SFERRARI" duration="00:00:00.0009360" startTime="2021-09-23T11:14:25.4586026+02:00" endTime="2021-09-23T11:14:25.4596533+02:00" testType="13cdc9d9-ddb5-4fa4-a97d-d965ccfc6d4b" outcome="Passed" testListId="8c84fa94-04c1-424b-9868-57a2d4851a1d" relativeResultsDirectory="6ebd46e5-8282-4adf-b2d6-296bd07f9997" />
    <UnitTestResult executionId="1e087326-9e6d-4b0a-a8ca-6f93eba5fad4" testId="311fc1bc-7d8a-4145-a121-efd1df95a304" testName="OperatorEqual_Passing_Valid_Values_Returns_True (tenantA)" computerName="PC-SFERRARI" duration="00:00:00.0000136" startTime="2021-09-23T11:14:25.6663373+02:00" endTime="2021-09-23T11:14:25.6664297+02:00" testType="13cdc9d9-ddb5-4fa4-a97d-d965ccfc6d4b" outcome="Passed" testListId="8c84fa94-04c1-424b-9868-57a2d4851a1d" relativeResultsDirectory="1e087326-9e6d-4b0a-a8ca-6f93eba5fad4" />
    <UnitTestResult executionId="72a03386-902e-4495-b5e5-7197d2e5a83c" testId="6d6709bd-496a-4862-a348-f6a517afa43a" testName="Create_Passing_Valid_Value_Returns_Email (dasdasd@dsasd.ff)" computerName="PC-SFERRARI" duration="00:00:00.0002580" startTime="2021-09-23T11:14:25.0910460+02:00" endTime="2021-09-23T11:14:25.0913762+02:00" testType="13cdc9d9-ddb5-4fa4-a97d-d965ccfc6d4b" outcome="Passed" testListId="8c84fa94-04c1-424b-9868-57a2d4851a1d" relativeResultsDirectory="72a03386-902e-4495-b5e5-7197d2e5a83c" />
    <UnitTestResult executionId="94f5885f-a67d-4393-872e-671bdae59068" testId="2cb6087f-4dc0-42b5-83eb-0c9a6fb18982" testName="Equals_Passing_Valid_Values_Returns_True (456,43543543543)" computerName="PC-SFERRARI" duration="00:00:00.0003194" startTime="2021-09-23T11:14:25.6013800+02:00" endTime="2021-09-23T11:14:25.6018534+02:00" testType="13cdc9d9-ddb5-4fa4-a97d-d965ccfc6d4b" outcome="Passed" testListId="8c84fa94-04c1-424b-9868-57a2d4851a1d" relativeResultsDirectory="94f5885f-a67d-4393-872e-671bdae59068" />
    <UnitTestResult executionId="f1f7eab0-8e54-430b-9121-e66e3ac93013" testId="21086ec6-c4a4-4e2f-a9bb-06696d8ef562" testName="OperatorNotEqual_Passing_Valid_Values_Returns_True (tenant_A)" computerName="PC-SFERRARI" duration="00:00:00.0000130" startTime="2021-09-23T11:14:25.6869640+02:00" endTime="2021-09-23T11:14:25.6870603+02:00" testType="13cdc9d9-ddb5-4fa4-a97d-d965ccfc6d4b" outcome="Passed" testListId="8c84fa94-04c1-424b-9868-57a2d4851a1d" relativeResultsDirectory="f1f7eab0-8e54-430b-9121-e66e3ac93013" />
    <UnitTestResult executionId="1ea58bbd-5831-4671-a9be-703a02afb916" testId="5abf3936-4ce7-497b-9541-8d2eec3e31f5" testName="Equals_Passing_Valid_Distinct_Values_Returns_False (tenant_1)" computerName="PC-SFERRARI" duration="00:00:00.0000239" startTime="2021-09-23T11:14:25.6294990+02:00" endTime="2021-09-23T11:14:25.6296617+02:00" testType="13cdc9d9-ddb5-4fa4-a97d-d965ccfc6d4b" outcome="Passed" testListId="8c84fa94-04c1-424b-9868-57a2d4851a1d" relativeResultsDirectory="1ea58bbd-5831-4671-a9be-703a02afb916" />
    <UnitTestResult executionId="c3d11ffb-0dba-4fff-8e1b-8861f17c9da3" testId="b70bb0fa-f730-4eac-a62d-c63e117d7522" testName="OperatorNotEqual_Passing_Valid_Values_Returns_True (Tenerife,23,34567,San Bartoleme De Tirajana,Las Palmas,España)" computerName="PC-SFERRARI" duration="00:00:00.0004766" startTime="2021-09-23T11:14:24.5287473+02:00" endTime="2021-09-23T11:14:24.5293391+02:00" testType="13cdc9d9-ddb5-4fa4-a97d-d965ccfc6d4b" outcome="Passed" testListId="8c84fa94-04c1-424b-9868-57a2d4851a1d" relativeResultsDirectory="c3d11ffb-0dba-4fff-8e1b-8861f17c9da3" />
    <UnitTestResult executionId="01f6d5a4-d922-400e-96ee-ee11130395e8" testId="c3df1e9b-bafa-4551-a227-80d391e7946b" testName="ToString_Passing_Valid_Values_Returns_Name (TENANT1)" computerName="PC-SFERRARI" duration="00:00:00.0000256" startTime="2021-09-23T11:14:25.6936536+02:00" endTime="2021-09-23T11:14:25.6938846+02:00" testType="13cdc9d9-ddb5-4fa4-a97d-d965ccfc6d4b" outcome="Passed" testListId="8c84fa94-04c1-424b-9868-57a2d4851a1d" relativeResultsDirectory="01f6d5a4-d922-400e-96ee-ee11130395e8" />
    <UnitTestResult executionId="7fe2bce4-7682-4a6c-af0c-38dbf51f5f31" testId="940d6a27-d11a-4368-b8bc-6b106556a12b" testName="Equals_Passing_Valid_Distinct_Values_Returns_False (400,EUR,8)" computerName="PC-SFERRARI" duration="00:00:00.0014661" startTime="2021-09-23T11:14:25.4160254+02:00" endTime="2021-09-23T11:14:25.4176464+02:00" testType="13cdc9d9-ddb5-4fa4-a97d-d965ccfc6d4b" outcome="Passed" testListId="8c84fa94-04c1-424b-9868-57a2d4851a1d" relativeResultsDirectory="7fe2bce4-7682-4a6c-af0c-38dbf51f5f31" />
    <UnitTestResult executionId="7494a790-b9b4-4866-b5e8-3e86d86277b9" testId="d46ec376-a1a6-4be5-9952-82389970f6ba" testName="OperatorNotEqual_Passing_Valid_Values_Returns_False (TENANT1)" computerName="PC-SFERRARI" duration="00:00:00.0000163" startTime="2021-09-23T11:14:25.6761327+02:00" endTime="2021-09-23T11:14:25.6762577+02:00" testType="13cdc9d9-ddb5-4fa4-a97d-d965ccfc6d4b" outcome="Passed" testListId="8c84fa94-04c1-424b-9868-57a2d4851a1d" relativeResultsDirectory="7494a790-b9b4-4866-b5e8-3e86d86277b9" />
    <UnitTestResult executionId="f39f30fc-d652-45a2-9e19-006f139699ab" testId="63b913c8-e15e-4396-9e54-7180a3f934ed" testName="OperatorEqual_Passing_Valid_Values_Returns_True (34fsds@sdd.fgg)" computerName="PC-SFERRARI" duration="00:00:00.0000346" startTime="2021-09-23T11:14:25.1394102+02:00" endTime="2021-09-23T11:14:25.1395255+02:00" testType="13cdc9d9-ddb5-4fa4-a97d-d965ccfc6d4b" outcome="Passed" testListId="8c84fa94-04c1-424b-9868-57a2d4851a1d" relativeResultsDirectory="f39f30fc-d652-45a2-9e19-006f139699ab" />
    <UnitTestResult executionId="0edadbce-ea65-46ad-9f51-8e5fc1bc1e1c" testId="808b31a6-b5ac-472b-97e9-e3ea9e0fd5dc" testName="OperatorEqual_Passing_Valid_Distinct_Values_Returns_False (TENANTA)" computerName="PC-SFERRARI" duration="00:00:00.0000161" startTime="2021-09-23T11:14:25.6594480+02:00" endTime="2021-09-23T11:14:25.6595527+02:00" testType="13cdc9d9-ddb5-4fa4-a97d-d965ccfc6d4b" outcome="Passed" testListId="8c84fa94-04c1-424b-9868-57a2d4851a1d" relativeResultsDirectory="0edadbce-ea65-46ad-9f51-8e5fc1bc1e1c" />
    <UnitTestResult executionId="17f14f6b-8ef7-4a84-babf-a502214c48a8" testId="ec803418-e831-4588-a4fa-b97877d6cffa" testName="ToString_Passing_Valid_Values_Returns_Name (Españä)" computerName="PC-SFERRARI" duration="00:00:00.0000129" startTime="2021-09-23T11:14:25.5303306+02:00" endTime="2021-09-23T11:14:25.5304097+02:00" testType="13cdc9d9-ddb5-4fa4-a97d-d965ccfc6d4b" outcome="Passed" testListId="8c84fa94-04c1-424b-9868-57a2d4851a1d" relativeResultsDirectory="17f14f6b-8ef7-4a84-babf-a502214c48a8" />
    <UnitTestResult executionId="64b599f5-f7ff-498b-8ed8-71f359f75911" testId="9403d32e-8a31-4be8-81b4-2e0274bb5aa9" testName="Equals_Passing_Valid_Distinct_Values_Returns_False (Españħ)" computerName="PC-SFERRARI" duration="00:00:00.0000351" startTime="2021-09-23T11:14:25.4767249+02:00" endTime="2021-09-23T11:14:25.4769033+02:00" testType="13cdc9d9-ddb5-4fa4-a97d-d965ccfc6d4b" outcome="Passed" testListId="8c84fa94-04c1-424b-9868-57a2d4851a1d" relativeResultsDirectory="64b599f5-f7ff-498b-8ed8-71f359f75911" />
    <UnitTestResult executionId="2f6654b8-8069-4ed6-8525-54f57299538d" testId="4ced5d3d-ff6c-483b-966d-ae2e30b4e949" testName="OperatorEqual_Passing_Valid_Distinct_Values_Returns_False (400,EUR,8)" computerName="PC-SFERRARI" duration="00:00:00.0017647" startTime="2021-09-23T11:14:25.4324778+02:00" endTime="2021-09-23T11:14:25.4343898+02:00" testType="13cdc9d9-ddb5-4fa4-a97d-d965ccfc6d4b" outcome="Passed" testListId="8c84fa94-04c1-424b-9868-57a2d4851a1d" relativeResultsDirectory="2f6654b8-8069-4ed6-8525-54f57299538d" />
    <UnitTestResult executionId="2d915087-6250-49e0-b2d3-a4dbb0dc49fa" testId="579d33b4-8758-495f-8deb-603d6c5f241b" testName="OperatorEqual_Passing_Valid_Distinct_Values_Returns_False (San Bartoleme De Tirajana)" computerName="PC-SFERRARI" duration="00:00:00.0002504" startTime="2021-09-23T11:14:25.5453950+02:00" endTime="2021-09-23T11:14:25.5457134+02:00" testType="13cdc9d9-ddb5-4fa4-a97d-d965ccfc6d4b" outcome="Passed" testListId="8c84fa94-04c1-424b-9868-57a2d4851a1d" relativeResultsDirectory="2d915087-6250-49e0-b2d3-a4dbb0dc49fa" />
    <UnitTestResult executionId="1898537d-2fb4-4f39-9d2e-9fd58b350807" testId="f38c1a70-692a-4db7-b2b2-26feba2ca09d" testName="Equals_Passing_Valid_Values_Returns_True (400,USD,8)" computerName="PC-SFERRARI" duration="00:00:00.0036897" startTime="2021-09-23T11:14:25.4238972+02:00" endTime="2021-09-23T11:14:25.4277394+02:00" testType="13cdc9d9-ddb5-4fa4-a97d-d965ccfc6d4b" outcome="Passed" testListId="8c84fa94-04c1-424b-9868-57a2d4851a1d" relativeResultsDirectory="1898537d-2fb4-4f39-9d2e-9fd58b350807" />
    <UnitTestResult executionId="4772e20b-0067-469b-acac-e00e5191086a" testId="b0e76076-8f5f-40a2-baa0-0315f6907f1b" testName="OperatorNotEqual_Passing_Valid_Values_Returns_False (EUR)" computerName="PC-SFERRARI" duration="00:00:00.0005532" startTime="2021-09-23T11:14:24.9230169+02:00" endTime="2021-09-23T11:14:24.9236547+02:00" testType="13cdc9d9-ddb5-4fa4-a97d-d965ccfc6d4b" outcome="Passed" testListId="8c84fa94-04c1-424b-9868-57a2d4851a1d" relativeResultsDirectory="4772e20b-0067-469b-acac-e00e5191086a" />
    <UnitTestResult executionId="01dec7ff-308e-4598-8ea1-bb9683c8cdac" testId="8aabff86-31d4-4bbc-b32c-380148111bc8" testName="IsNull_Passing_Valid_Value_Returns_False (Españá)" computerName="PC-SFERRARI" duration="00:00:00.0000185" startTime="2021-09-23T11:14:25.4855584+02:00" endTime="2021-09-23T11:14:25.4856564+02:00" testType="13cdc9d9-ddb5-4fa4-a97d-d965ccfc6d4b" outcome="Passed" testListId="8c84fa94-04c1-424b-9868-57a2d4851a1d" relativeResultsDirectory="01dec7ff-308e-4598-8ea1-bb9683c8cdac" />
    <UnitTestResult executionId="30d823a3-cb08-4baa-99a4-e74748a176d5" testId="2b741b2f-b408-4217-bcbe-fdc10dc87f29" testName="OperatorEqual_Passing_Valid_Values_Returns_True (tenant_A)" computerName="PC-SFERRARI" duration="00:00:00.0000177" startTime="2021-09-23T11:14:25.6667890+02:00" endTime="2021-09-23T11:14:25.6668862+02:00" testType="13cdc9d9-ddb5-4fa4-a97d-d965ccfc6d4b" outcome="Passed" testListId="8c84fa94-04c1-424b-9868-57a2d4851a1d" relativeResultsDirectory="30d823a3-cb08-4baa-99a4-e74748a176d5" />
    <UnitTestResult executionId="f20e30b9-3bba-4f22-be10-fba931df7825" testId="e49ce9b3-4d2f-40b1-b2f4-2bc82162f531" testName="OperatorNotEqual_Passing_Valid_Values_Returns_False (Españħ)" computerName="PC-SFERRARI" duration="00:00:00.0000217" startTime="2021-09-23T11:14:25.5133189+02:00" endTime="2021-09-23T11:14:25.5134324+02:00" testType="13cdc9d9-ddb5-4fa4-a97d-d965ccfc6d4b" outcome="Passed" testListId="8c84fa94-04c1-424b-9868-57a2d4851a1d" relativeResultsDirectory="f20e30b9-3bba-4f22-be10-fba931df7825" />
    <UnitTestResult executionId="09361cff-be84-4760-a2b0-f0a00188c7ec" testId="8b293baf-2d2c-4ddc-86d1-6df69869079b" testName="OperatorNotEqual_Passing_Valid_Values_Returns_True (www.hackerone-com)" computerName="PC-SFERRARI" duration="00:00:00.0000197" startTime="2021-09-23T11:14:25.5836751+02:00" endTime="2021-09-23T11:14:25.5837745+02:00" testType="13cdc9d9-ddb5-4fa4-a97d-d965ccfc6d4b" outcome="Passed" testListId="8c84fa94-04c1-424b-9868-57a2d4851a1d" relativeResultsDirectory="09361cff-be84-4760-a2b0-f0a00188c7ec" />
    <UnitTestResult executionId="5c083c68-603f-4159-86d6-af5c42192ba5" testId="20f12d3c-dfc1-4620-b935-600ca4a44ded" testName="IsNull_Passing_Valid_Value_Returns_False (Españâ)" computerName="PC-SFERRARI" duration="00:00:00.0000146" startTime="2021-09-23T11:14:25.4860424+02:00" endTime="2021-09-23T11:14:25.4861290+02:00" testType="13cdc9d9-ddb5-4fa4-a97d-d965ccfc6d4b" outcome="Passed" testListId="8c84fa94-04c1-424b-9868-57a2d4851a1d" relativeResultsDirectory="5c083c68-603f-4159-86d6-af5c42192ba5" />
    <UnitTestResult executionId="9e34f8f4-a928-4328-bab2-ec6dfd4304ef" testId="2f218310-7a2a-47cc-be23-a8e63532cd6e" testName="ToString_Passing_Valid_Values_Returns_Name (tenantA)" computerName="PC-SFERRARI" duration="00:00:00.0000129" startTime="2021-09-23T11:14:25.6953083+02:00" endTime="2021-09-23T11:14:25.6954086+02:00" testType="13cdc9d9-ddb5-4fa4-a97d-d965ccfc6d4b" outcome="Passed" testListId="8c84fa94-04c1-424b-9868-57a2d4851a1d" relativeResultsDirectory="9e34f8f4-a928-4328-bab2-ec6dfd4304ef" />
    <UnitTestResult executionId="f972ce0b-efb2-4114-8243-d65a0db14d0b" testId="4280fc9b-a825-4217-9c6c-a3b71aef9de1" testName="Create_Passing_Valid_Values_Returns_Name (Tenant_1)" computerName="PC-SFERRARI" duration="00:00:00.0000096" startTime="2021-09-23T11:14:25.6213946+02:00" endTime="2021-09-23T11:14:25.6215005+02:00" testType="13cdc9d9-ddb5-4fa4-a97d-d965ccfc6d4b" outcome="Passed" testListId="8c84fa94-04c1-424b-9868-57a2d4851a1d" relativeResultsDirectory="f972ce0b-efb2-4114-8243-d65a0db14d0b" />
    <UnitTestResult executionId="376e39c6-50b3-42c4-a7ca-11da3d66e08f" testId="1577f146-809c-4530-ae9a-d6566363a19f" testName="Create_Passing_Valid_Values_Returns_Name (TENANT_1)" computerName="PC-SFERRARI" duration="00:00:00.0000090" startTime="2021-09-23T11:14:25.6215545+02:00" endTime="2021-09-23T11:14:25.6216336+02:00" testType="13cdc9d9-ddb5-4fa4-a97d-d965ccfc6d4b" outcome="Passed" testListId="8c84fa94-04c1-424b-9868-57a2d4851a1d" relativeResultsDirectory="376e39c6-50b3-42c4-a7ca-11da3d66e08f" />
    <UnitTestResult executionId="c8578b83-628d-4f14-8319-019cb53795f6" testId="ce0c15c3-0c9f-4ef3-bee4-7c7ba1d44ac6" testName="OperatorNotEqual_Passing_Valid_Values_Returns_False (200,EUR,4)" computerName="PC-SFERRARI" duration="00:00:00.0004715" startTime="2021-09-23T11:14:25.4460759+02:00" endTime="2021-09-23T11:14:25.4466823+02:00" testType="13cdc9d9-ddb5-4fa4-a97d-d965ccfc6d4b" outcome="Passed" testListId="8c84fa94-04c1-424b-9868-57a2d4851a1d" relativeResultsDirectory="c8578b83-628d-4f14-8319-019cb53795f6" />
    <UnitTestResult executionId="f6787bbb-b83a-40e2-a649-b7222a0eefba" testId="e7ea9fd0-7d21-4391-bbab-59645336abfe" testName="OperatorEqual_Passing_Valid_Values_Returns_True (400,USD,8)" computerName="PC-SFERRARI" duration="00:00:00.0008377" startTime="2021-09-23T11:14:25.4371805+02:00" endTime="2021-09-23T11:14:25.4381283+02:00" testType="13cdc9d9-ddb5-4fa4-a97d-d965ccfc6d4b" outcome="Passed" testListId="8c84fa94-04c1-424b-9868-57a2d4851a1d" relativeResultsDirectory="f6787bbb-b83a-40e2-a649-b7222a0eefba" />
    <UnitTestResult executionId="a8d4cb8c-23aa-485f-b3d5-eeb60baa6a0f" testId="c4586383-bc26-462c-b155-e5a036ca6f6c" testName="Create_Passing_Valid_Values_Returns_Address (Tenerife,23,34567,San Bartoleme De Tirajana,Las Palmas,España)" computerName="PC-SFERRARI" duration="00:00:00.0004732" startTime="2021-09-23T11:14:24.5148839+02:00" endTime="2021-09-23T11:14:24.5155267+02:00" testType="13cdc9d9-ddb5-4fa4-a97d-d965ccfc6d4b" outcome="Passed" testListId="8c84fa94-04c1-424b-9868-57a2d4851a1d" relativeResultsDirectory="a8d4cb8c-23aa-485f-b3d5-eeb60baa6a0f" />
    <UnitTestResult executionId="1b7da2fc-5a20-4b51-9911-cdce304ab3de" testId="51af2260-2e2c-4122-b376-5bc3e3b3744b" testName="Equals_Passing_Valid_Values_Returns_True (Sabadell)" computerName="PC-SFERRARI" duration="00:00:00.0000109" startTime="2021-09-23T11:14:25.5418788+02:00" endTime="2021-09-23T11:14:25.5419752+02:00" testType="13cdc9d9-ddb5-4fa4-a97d-d965ccfc6d4b" outcome="Passed" testListId="8c84fa94-04c1-424b-9868-57a2d4851a1d" relativeResultsDirectory="1b7da2fc-5a20-4b51-9911-cdce304ab3de" />
    <UnitTestResult executionId="08e928b0-2e36-4589-a5f9-debd16a2fec4" testId="1db4a2b8-b36f-4fec-84c6-6461d335755f" testName="OperatorEqual_Passing_Valid_Distinct_Values_Returns_False (Tenant_A)" computerName="PC-SFERRARI" duration="00:00:00.0000162" startTime="2021-09-23T11:14:25.6598155+02:00" endTime="2021-09-23T11:14:25.6599127+02:00" testType="13cdc9d9-ddb5-4fa4-a97d-d965ccfc6d4b" outcome="Passed" testListId="8c84fa94-04c1-424b-9868-57a2d4851a1d" relativeResultsDirectory="08e928b0-2e36-4589-a5f9-debd16a2fec4" />
    <UnitTestResult executionId="8e205ca0-19ad-4a41-8a53-39d326fd8eed" testId="22a8324b-f690-4882-b2b4-1ed99f4404d3" testName="IsNull_Passing_Null_Value_Returns_True" computerName="PC-SFERRARI" duration="00:00:00.0005895" startTime="2021-09-23T11:14:25.6478347+02:00" endTime="2021-09-23T11:14:25.6486286+02:00" testType="13cdc9d9-ddb5-4fa4-a97d-d965ccfc6d4b" outcome="Passed" testListId="8c84fa94-04c1-424b-9868-57a2d4851a1d" relativeResultsDirectory="8e205ca0-19ad-4a41-8a53-39d326fd8eed" />
    <UnitTestResult executionId="704ac56b-14cc-4098-bb05-f5cbbf33ddc8" testId="ef54eeaf-f256-47d0-8c65-0a05b85d055a" testName="OperatorNotEqual_Passing_Valid_Values_Returns_True (tenantA)" computerName="PC-SFERRARI" duration="00:00:00.0000136" startTime="2021-09-23T11:14:25.6865510+02:00" endTime="2021-09-23T11:14:25.6866407+02:00" testType="13cdc9d9-ddb5-4fa4-a97d-d965ccfc6d4b" outcome="Passed" testListId="8c84fa94-04c1-424b-9868-57a2d4851a1d" relativeResultsDirectory="704ac56b-14cc-4098-bb05-f5cbbf33ddc8" />
    <UnitTestResult executionId="cd16de22-c139-4fef-8054-2b491b862c78" testId="cbf624e9-ffaf-4766-b859-f18d178bf513" testName="Create_Passing_Valid_Values_Returns_Name (tenantA)" computerName="PC-SFERRARI" duration="00:00:00.0000091" startTime="2021-09-23T11:14:25.6216863+02:00" endTime="2021-09-23T11:14:25.6217777+02:00" testType="13cdc9d9-ddb5-4fa4-a97d-d965ccfc6d4b" outcome="Passed" testListId="8c84fa94-04c1-424b-9868-57a2d4851a1d" relativeResultsDirectory="cd16de22-c139-4fef-8054-2b491b862c78" />
    <UnitTestResult executionId="86d957d1-db1e-47bf-a3b1-fef825d62692" testId="498c64e5-d37c-474a-b021-aa2db3ad5afc" testName="Equals_Passing_Valid_Values_Returns_True (D45,86554654)" computerName="PC-SFERRARI" duration="00:00:00.0000203" startTime="2021-09-23T11:14:25.6020129+02:00" endTime="2021-09-23T11:14:25.6021499+02:00" testType="13cdc9d9-ddb5-4fa4-a97d-d965ccfc6d4b" outcome="Passed" testListId="8c84fa94-04c1-424b-9868-57a2d4851a1d" relativeResultsDirectory="86d957d1-db1e-47bf-a3b1-fef825d62692" />
    <UnitTestResult executionId="3c1129cf-53b9-47ab-bc23-876fbf222bd0" testId="5316ed7d-665d-4f14-928a-5c8207f7c1a7" testName="OperatorNotEqual_Passing_Valid_Values_Returns_True (TENANT_1)" computerName="PC-SFERRARI" duration="00:00:00.0000252" startTime="2021-09-23T11:14:25.6862779+02:00" endTime="2021-09-23T11:14:25.6864497+02:00" testType="13cdc9d9-ddb5-4fa4-a97d-d965ccfc6d4b" outcome="Passed" testListId="8c84fa94-04c1-424b-9868-57a2d4851a1d" relativeResultsDirectory="3c1129cf-53b9-47ab-bc23-876fbf222bd0" />
    <UnitTestResult executionId="42327afb-a40d-4f0d-adb9-12eb289d62b2" testId="aa734f76-89a2-4fb4-8723-dcf3e626d737" testName="GetAll_Passing_Nothing_Returns_Enumeracion_List" computerName="PC-SFERRARI" duration="00:00:00.0012757" startTime="2021-09-23T11:14:24.4341878+02:00" endTime="2021-09-23T11:14:24.4359023+02:00" testType="13cdc9d9-ddb5-4fa4-a97d-d965ccfc6d4b" outcome="Passed" testListId="8c84fa94-04c1-424b-9868-57a2d4851a1d" relativeResultsDirectory="42327afb-a40d-4f0d-adb9-12eb289d62b2" />
    <UnitTestResult executionId="cfaaf177-116e-4293-8a34-5ef02ba348e2" testId="8fd31915-9b75-4d0f-a9e4-7ac85de4cec0" testName="OperatorNotEqual_Passing_Valid_Values_Returns_True (tenant1)" computerName="PC-SFERRARI" duration="00:00:00.0003371" startTime="2021-09-23T11:14:25.6819219+02:00" endTime="2021-09-23T11:14:25.6823207+02:00" testType="13cdc9d9-ddb5-4fa4-a97d-d965ccfc6d4b" outcome="Passed" testListId="8c84fa94-04c1-424b-9868-57a2d4851a1d" relativeResultsDirectory="cfaaf177-116e-4293-8a34-5ef02ba348e2" />
    <UnitTestResult executionId="15887b81-d19c-414c-b16d-a9fdde6eedc1" testId="fcc50f52-245f-4683-9f24-165804521ef7" testName="OperatorNotEqual_Passing_Valid_Values_Returns_False (San Bartoleme De Tirajana)" computerName="PC-SFERRARI" duration="00:00:00.0003024" startTime="2021-09-23T11:14:25.5557127+02:00" endTime="2021-09-23T11:14:25.5561643+02:00" testType="13cdc9d9-ddb5-4fa4-a97d-d965ccfc6d4b" outcome="Passed" testListId="8c84fa94-04c1-424b-9868-57a2d4851a1d" relativeResultsDirectory="15887b81-d19c-414c-b16d-a9fdde6eedc1" />
    <UnitTestResult executionId="9aba9441-f8ba-49ce-b79c-cc4dd27401ec" testId="4f48bf3c-825e-4d13-8c86-91b74864addd" testName="GetAll_Passing_Nothing_Returns_Enumeracion_List" computerName="PC-SFERRARI" duration="00:00:00.0007910" startTime="2021-09-23T11:14:24.4239623+02:00" endTime="2021-09-23T11:14:24.4249529+02:00" testType="13cdc9d9-ddb5-4fa4-a97d-d965ccfc6d4b" outcome="Passed" testListId="8c84fa94-04c1-424b-9868-57a2d4851a1d" relativeResultsDirectory="9aba9441-f8ba-49ce-b79c-cc4dd27401ec" />
    <UnitTestResult executionId="995437b2-f2f3-4f8c-a9fe-d342b2a689cf" testId="bbe308d0-a8fd-4afa-931c-a78d1b46ef71" testName="Create_Passing_Valid_Value_Returns_Email (bb_ads@ggg.cc)" computerName="PC-SFERRARI" duration="00:00:00.0000534" startTime="2021-09-23T11:14:25.1317100+02:00" endTime="2021-09-23T11:14:25.1319442+02:00" testType="13cdc9d9-ddb5-4fa4-a97d-d965ccfc6d4b" outcome="Passed" testListId="8c84fa94-04c1-424b-9868-57a2d4851a1d" relativeResultsDirectory="995437b2-f2f3-4f8c-a9fe-d342b2a689cf" />
    <UnitTestResult executionId="8ad5be03-9fa6-4729-9960-a12a2453b9a0" testId="059b039a-d9d8-45f6-98ab-8e858bfc1ff8" testName="Equals_Passing_Valid_Distinct_Values_Returns_False (San Bartoleme De Tirajana)" computerName="PC-SFERRARI" duration="00:00:00.0011221" startTime="2021-09-23T11:14:25.5369559+02:00" endTime="2021-09-23T11:14:25.5381573+02:00" testType="13cdc9d9-ddb5-4fa4-a97d-d965ccfc6d4b" outcome="Passed" testListId="8c84fa94-04c1-424b-9868-57a2d4851a1d" relativeResultsDirectory="8ad5be03-9fa6-4729-9960-a12a2453b9a0" />
    <UnitTestResult executionId="1e176250-ceb9-4f32-890a-c7ace67c1e50" testId="4ebaf39e-75df-4330-b063-f6bd46c248e0" testName="ToString_Passing_Valid_Values_Returns_Address_String_Format (Pader,789,DF7956,Sabadell,Barcelona,España)" computerName="PC-SFERRARI" duration="00:00:00.0000325" startTime="2021-09-23T11:14:24.5368741+02:00" endTime="2021-09-23T11:14:24.5370830+02:00" testType="13cdc9d9-ddb5-4fa4-a97d-d965ccfc6d4b" outcome="Passed" testListId="8c84fa94-04c1-424b-9868-57a2d4851a1d" relativeResultsDirectory="1e176250-ceb9-4f32-890a-c7ace67c1e50" />
    <UnitTestResult executionId="44e605a0-4e41-47f2-bde7-ccad50e71afe" testId="1e1e8bb1-4177-49d7-ac17-bcef19e91b25" testName="ToEnum_Passing_Valid_IntName_Enumeracion_Returns_Enumeracion" computerName="PC-SFERRARI" duration="00:00:00.0001291" startTime="2021-09-23T11:14:24.4194067+02:00" endTime="2021-09-23T11:14:24.4195870+02:00" testType="13cdc9d9-ddb5-4fa4-a97d-d965ccfc6d4b" outcome="Passed" testListId="8c84fa94-04c1-424b-9868-57a2d4851a1d" relativeResultsDirectory="44e605a0-4e41-47f2-bde7-ccad50e71afe" />
    <UnitTestResult executionId="b83c7763-980e-49fc-aaa9-46158b915753" testId="90b117ec-d323-4dc2-b6d7-bc58d3465cd6" testName="ToEnum_Passing_Valid_IntName_Enumeracion_Returns_Enumeracion" computerName="PC-SFERRARI" duration="00:00:00.0001277" startTime="2021-09-23T11:14:24.4235219+02:00" endTime="2021-09-23T11:14:24.4237080+02:00" testType="13cdc9d9-ddb5-4fa4-a97d-d965ccfc6d4b" outcome="Passed" testListId="8c84fa94-04c1-424b-9868-57a2d4851a1d" relativeResultsDirectory="b83c7763-980e-49fc-aaa9-46158b915753" />
    <UnitTestResult executionId="76708823-f3a6-4814-a38d-a0e5732b9077" testId="3dcae7d4-eda7-418e-a1b1-a7c799cb85b6" testName="Equals_Passing_Valid_Values_Returns_True (TENANT_1)" computerName="PC-SFERRARI" duration="00:00:00.0000212" startTime="2021-09-23T11:14:25.6379820+02:00" endTime="2021-09-23T11:14:25.6382185+02:00" testType="13cdc9d9-ddb5-4fa4-a97d-d965ccfc6d4b" outcome="Passed" testListId="8c84fa94-04c1-424b-9868-57a2d4851a1d" relativeResultsDirectory="76708823-f3a6-4814-a38d-a0e5732b9077" />
    <UnitTestResult executionId="1056db39-bc7e-4357-8493-03a77ab0a6d3" testId="c69f888f-588c-4b23-8da2-6500ca1f6490" testName="OperatorNotEqual_Passing_Valid_Values_Returns_False (tenantA)" computerName="PC-SFERRARI" duration="00:00:00.0000153" startTime="2021-09-23T11:14:25.6768428+02:00" endTime="2021-09-23T11:14:25.6770050+02:00" testType="13cdc9d9-ddb5-4fa4-a97d-d965ccfc6d4b" outcome="Passed" testListId="8c84fa94-04c1-424b-9868-57a2d4851a1d" relativeResultsDirectory="1056db39-bc7e-4357-8493-03a77ab0a6d3" />
    <UnitTestResult executionId="4ae2110a-3468-4c15-8efb-c7ca179fa419" testId="2b115a40-fc28-4848-b41c-71f7962a8def" testName="Create_Passing_Valid_Value_Returns_Email (34fsds@sdd.fgg)" computerName="PC-SFERRARI" duration="00:00:00.0000246" startTime="2021-09-23T11:14:25.0914458+02:00" endTime="2021-09-23T11:14:25.0915537+02:00" testType="13cdc9d9-ddb5-4fa4-a97d-d965ccfc6d4b" outcome="Passed" testListId="8c84fa94-04c1-424b-9868-57a2d4851a1d" relativeResultsDirectory="4ae2110a-3468-4c15-8efb-c7ca179fa419" />
    <UnitTestResult executionId="a21291c5-d4d7-4e60-be17-94af9aa13a03" testId="da1b0604-7a29-4076-a579-706068a6bde2" testName="OperatorNotEqual_Passing_Valid_Values_Returns_False (Esp añâ)" computerName="PC-SFERRARI" duration="00:00:00.0000289" startTime="2021-09-23T11:14:25.5135173+02:00" endTime="2021-09-23T11:14:25.5136441+02:00" testType="13cdc9d9-ddb5-4fa4-a97d-d965ccfc6d4b" outcome="Passed" testListId="8c84fa94-04c1-424b-9868-57a2d4851a1d" relativeResultsDirectory="a21291c5-d4d7-4e60-be17-94af9aa13a03" />
    <UnitTestResult executionId="30c88315-ced5-4c92-8944-ab6611418f40" testId="0f44c3ea-8f3c-453a-887e-5b424dd2a6ad" testName="IsNull_Passing_Valid_Values_Returns_False (D45,86554654)" computerName="PC-SFERRARI" duration="00:00:00.0000261" startTime="2021-09-23T11:14:25.6035157+02:00" endTime="2021-09-23T11:14:25.6036288+02:00" testType="13cdc9d9-ddb5-4fa4-a97d-d965ccfc6d4b" outcome="Passed" testListId="8c84fa94-04c1-424b-9868-57a2d4851a1d" relativeResultsDirectory="30c88315-ced5-4c92-8944-ab6611418f40" />
    <UnitTestResult executionId="eac86ac0-8f06-4bcc-b779-fa349daf94f0" testId="cf58712f-0ba1-4c52-be52-38f450b5c298" testName="IsNull_Passing_Valid_Value_Returns_False (tenantA)" computerName="PC-SFERRARI" duration="00:00:00.0000100" startTime="2021-09-23T11:14:25.6498884+02:00" endTime="2021-09-23T11:14:25.6499613+02:00" testType="13cdc9d9-ddb5-4fa4-a97d-d965ccfc6d4b" outcome="Passed" testListId="8c84fa94-04c1-424b-9868-57a2d4851a1d" relativeResultsDirectory="eac86ac0-8f06-4bcc-b779-fa349daf94f0" />
    <UnitTestResult executionId="4766bfe6-72ff-4daf-99f4-1542a59af853" testId="5a26d572-136c-4749-a587-1c5a52a1ab2a" testName="Create_Passing_Valid_Values_Returns_Name (Españä)" computerName="PC-SFERRARI" duration="00:00:00.0000086" startTime="2021-09-23T11:14:25.4657332+02:00" endTime="2021-09-23T11:14:25.4657864+02:00" testType="13cdc9d9-ddb5-4fa4-a97d-d965ccfc6d4b" outcome="Passed" testListId="8c84fa94-04c1-424b-9868-57a2d4851a1d" relativeResultsDirectory="4766bfe6-72ff-4daf-99f4-1542a59af853" />
    <UnitTestResult executionId="33964659-25ea-475b-858a-3a2c7c9dd347" testId="4913d819-8a2d-4ef6-9518-bb561c34f459" testName="OperatorEqual_Passing_Valid_Values_Returns_True (San Bartoleme De Tirajana,Las Palmas,España)" computerName="PC-SFERRARI" duration="00:00:00.0004455" startTime="2021-09-23T11:14:25.3455738+02:00" endTime="2021-09-23T11:14:25.3461030+02:00" testType="13cdc9d9-ddb5-4fa4-a97d-d965ccfc6d4b" outcome="Passed" testListId="8c84fa94-04c1-424b-9868-57a2d4851a1d" relativeResultsDirectory="33964659-25ea-475b-858a-3a2c7c9dd347" />
    <UnitTestResult executionId="333f8058-2303-44bc-83fd-22a7b871ece9" testId="d3b06b23-124d-4a0c-9666-badf61319e06" testName="IsNull_Passing_Valid_Value_Returns_False (app.hackerone1.com)" computerName="PC-SFERRARI" duration="00:00:00.0001868" startTime="2021-09-23T11:14:25.5751201+02:00" endTime="2021-09-23T11:14:25.5754025+02:00" testType="13cdc9d9-ddb5-4fa4-a97d-d965ccfc6d4b" outcome="Passed" testListId="8c84fa94-04c1-424b-9868-57a2d4851a1d" relativeResultsDirectory="333f8058-2303-44bc-83fd-22a7b871ece9" />
    <UnitTestResult executionId="ecc1ad0c-c552-495d-bdd0-13c67e803dfd" testId="e92951e8-aacf-4400-9762-78c0047f3b47" testName="IsNull_Passing_Null_Value_Returns_True" computerName="PC-SFERRARI" duration="00:00:00.0005658" startTime="2021-09-23T11:14:25.5743536+02:00" endTime="2021-09-23T11:14:25.5750158+02:00" testType="13cdc9d9-ddb5-4fa4-a97d-d965ccfc6d4b" outcome="Passed" testListId="8c84fa94-04c1-424b-9868-57a2d4851a1d" relativeResultsDirectory="ecc1ad0c-c552-495d-bdd0-13c67e803dfd" />
    <UnitTestResult executionId="af98dd86-2cd8-4f9b-ae7d-f709877dc79e" testId="ad4a6e24-5256-41da-bb9b-93800860edb9" testName="OperatorNotEqual_Passing_Valid_Values_Returns_False (100,EUR,2)" computerName="PC-SFERRARI" duration="00:00:00.0009452" startTime="2021-09-23T11:14:25.4447577+02:00" endTime="2021-09-23T11:14:25.4459287+02:00" testType="13cdc9d9-ddb5-4fa4-a97d-d965ccfc6d4b" outcome="Passed" testListId="8c84fa94-04c1-424b-9868-57a2d4851a1d" relativeResultsDirectory="af98dd86-2cd8-4f9b-ae7d-f709877dc79e" />
    <UnitTestResult executionId="9fe781f5-024d-490f-b583-51a484150e69" testId="35883982-c96c-4f71-bc35-836f09ae5a28" testName="Equals_Passing_Valid_Values_Returns_True (Españà)" computerName="PC-SFERRARI" duration="00:00:00.0000188" startTime="2021-09-23T11:14:25.4782817+02:00" endTime="2021-09-23T11:14:25.4783723+02:00" testType="13cdc9d9-ddb5-4fa4-a97d-d965ccfc6d4b" outcome="Passed" testListId="8c84fa94-04c1-424b-9868-57a2d4851a1d" relativeResultsDirectory="9fe781f5-024d-490f-b583-51a484150e69" />
    <UnitTestResult executionId="2f3521dc-b583-42e0-9b41-19ea5a2fa2ba" testId="3dfce9cb-f560-42d9-b4e6-1e527883bb7d" testName="Equals_Passing_Valid_Distinct_Values_Returns_False (Españà)" computerName="PC-SFERRARI" duration="00:00:00.0000358" startTime="2021-09-23T11:14:25.4709579+02:00" endTime="2021-09-23T11:14:25.4710770+02:00" testType="13cdc9d9-ddb5-4fa4-a97d-d965ccfc6d4b" outcome="Passed" testListId="8c84fa94-04c1-424b-9868-57a2d4851a1d" relativeResultsDirectory="2f3521dc-b583-42e0-9b41-19ea5a2fa2ba" />
    <UnitTestResult executionId="e3b44eed-084a-4561-ba20-834e07699e3c" testId="9843b0ce-0674-49c5-9353-66daf1a683c9" testName="Create_Passing_InvalidOrNull_Value_Returns_ApplicationException (..¬¬¬sdffdsfdssd.dd)" computerName="PC-SFERRARI" duration="00:00:00.0001107" startTime="2021-09-23T11:14:25.5654984+02:00" endTime="2021-09-23T11:14:25.5657918+02:00" testType="13cdc9d9-ddb5-4fa4-a97d-d965ccfc6d4b" outcome="Passed" testListId="8c84fa94-04c1-424b-9868-57a2d4851a1d" relativeResultsDirectory="e3b44eed-084a-4561-ba20-834e07699e3c" />
    <UnitTestResult executionId="d1708159-3bdc-40c7-9ec2-0401d820df21" testId="c4721a87-0cb6-4cc9-a62d-a5c87a8b358d" testName="Equals_Passing_Valid_Distinct_Values_Returns_False (app.hackerone1.com)" computerName="PC-SFERRARI" duration="00:00:00.0016844" startTime="2021-09-23T11:14:25.5667493+02:00" endTime="2021-09-23T11:14:25.5685195+02:00" testType="13cdc9d9-ddb5-4fa4-a97d-d965ccfc6d4b" outcome="Passed" testListId="8c84fa94-04c1-424b-9868-57a2d4851a1d" relativeResultsDirectory="d1708159-3bdc-40c7-9ec2-0401d820df21" />
    <UnitTestResult executionId="2bb8560e-d503-4a62-9661-f22d66577c41" testId="2135ec62-2d60-4e9b-bf02-701651c64a7d" testName="OperatorNotEqual_Passing_Valid_Values_Returns_False (Españà)" computerName="PC-SFERRARI" duration="00:00:00.0000178" startTime="2021-09-23T11:14:25.5034733+02:00" endTime="2021-09-23T11:14:25.5035579+02:00" testType="13cdc9d9-ddb5-4fa4-a97d-d965ccfc6d4b" outcome="Passed" testListId="8c84fa94-04c1-424b-9868-57a2d4851a1d" relativeResultsDirectory="2bb8560e-d503-4a62-9661-f22d66577c41" />
    <UnitTestResult executionId="beac24f7-1c5b-4717-8aae-4ed6058f1e7c" testId="bed210da-9cd8-4034-9f39-25c2df7091b7" testName="OperatorEqual_Passing_Valid_Values_Returns_True (456,43543543543)" computerName="PC-SFERRARI" duration="00:00:00.0002198" startTime="2021-09-23T11:14:25.6042937+02:00" endTime="2021-09-23T11:14:25.6045896+02:00" testType="13cdc9d9-ddb5-4fa4-a97d-d965ccfc6d4b" outcome="Passed" testListId="8c84fa94-04c1-424b-9868-57a2d4851a1d" relativeResultsDirectory="beac24f7-1c5b-4717-8aae-4ed6058f1e7c" />
    <UnitTestResult executionId="6fe79adb-8777-46ea-adbe-3e1e30ddaeba" testId="58fb2b43-7d8b-404e-8f32-100235d17fcd" testName="ToNormalize_Passing_Valid_Values_Returns_Name_String_Format (Españá,Espana)" computerName="PC-SFERRARI" duration="00:00:00.0000746" startTime="2021-09-23T11:14:25.5238487+02:00" endTime="2021-09-23T11:14:25.5240666+02:00" testType="13cdc9d9-ddb5-4fa4-a97d-d965ccfc6d4b" outcome="Passed" testListId="8c84fa94-04c1-424b-9868-57a2d4851a1d" relativeResultsDirectory="6fe79adb-8777-46ea-adbe-3e1e30ddaeba" />
    <UnitTestResult executionId="2c782e0b-9174-4b24-9389-144e7388c605" testId="be305750-1780-4bae-866c-8be94cc552d7" testName="OperatorNotEqual_Passing_Valid_Values_Returns_True (Españã)" computerName="PC-SFERRARI" duration="00:00:00.0000224" startTime="2021-09-23T11:14:25.5151387+02:00" endTime="2021-09-23T11:14:25.5152328+02:00" testType="13cdc9d9-ddb5-4fa4-a97d-d965ccfc6d4b" outcome="Passed" testListId="8c84fa94-04c1-424b-9868-57a2d4851a1d" relativeResultsDirectory="2c782e0b-9174-4b24-9389-144e7388c605" />
    <UnitTestResult executionId="b014ea2a-79b7-40f7-8c87-a81a5ecb9b9a" testId="ddff50a8-ff1e-4831-b326-ff8b495cb618" testName="Equals_Passing_Valid_Distinct_Values_Returns_False (D45,86554654)" computerName="PC-SFERRARI" duration="00:00:00.0000314" startTime="2021-09-23T11:14:25.6007756+02:00" endTime="2021-09-23T11:14:25.6009803+02:00" testType="13cdc9d9-ddb5-4fa4-a97d-d965ccfc6d4b" outcome="Passed" testListId="8c84fa94-04c1-424b-9868-57a2d4851a1d" relativeResultsDirectory="b014ea2a-79b7-40f7-8c87-a81a5ecb9b9a" />
    <UnitTestResult executionId="3b1d26bd-e1f4-45cc-98b9-215ca1a71089" testId="4ea465c5-4a0e-4b69-b527-33d1b9ad1446" testName="Equals_Passing_Valid_Distinct_Values_Returns_False (200,EUR,4)" computerName="PC-SFERRARI" duration="00:00:00.0024828" startTime="2021-09-23T11:14:25.4132071+02:00" endTime="2021-09-23T11:14:25.4158464+02:00" testType="13cdc9d9-ddb5-4fa4-a97d-d965ccfc6d4b" outcome="Passed" testListId="8c84fa94-04c1-424b-9868-57a2d4851a1d" relativeResultsDirectory="3b1d26bd-e1f4-45cc-98b9-215ca1a71089" />
    <UnitTestResult executionId="10118867-99d7-4e11-9b03-63b5f6038ad0" testId="4a056aec-2809-4fe8-b185-ec7c0b8fab95" testName="OperatorEqual_Passing_Valid_Distinct_Values_Returns_False (34fsds@sdd.fgg)" computerName="PC-SFERRARI" duration="00:00:00.0000550" startTime="2021-09-23T11:14:25.1386270+02:00" endTime="2021-09-23T11:14:25.1388192+02:00" testType="13cdc9d9-ddb5-4fa4-a97d-d965ccfc6d4b" outcome="Passed" testListId="8c84fa94-04c1-424b-9868-57a2d4851a1d" relativeResultsDirectory="10118867-99d7-4e11-9b03-63b5f6038ad0" />
    <UnitTestResult executionId="f9da7ba5-1078-4b43-abbf-de7c6845dfcc" testId="4f6edfe2-f031-4cc6-b510-3105c8cab9eb" testName="Equals_Passing_Valid_Distinct_Values_Returns_False (TENANTA)" computerName="PC-SFERRARI" duration="00:00:00.0000135" startTime="2021-09-23T11:14:25.6333103+02:00" endTime="2021-09-23T11:14:25.6334004+02:00" testType="13cdc9d9-ddb5-4fa4-a97d-d965ccfc6d4b" outcome="Passed" testListId="8c84fa94-04c1-424b-9868-57a2d4851a1d" relativeResultsDirectory="f9da7ba5-1078-4b43-abbf-de7c6845dfcc" />
    <UnitTestResult executionId="a9a73702-1845-41bc-bb75-17533a411325" testId="f6921b7d-e994-40ed-bad0-1cf79d7d69a8" testName="OperatorNotEqual_Passing_Valid_Values_Returns_True (TENANT_A)" computerName="PC-SFERRARI" duration="00:00:00.0000134" startTime="2021-09-23T11:14:25.6872473+02:00" endTime="2021-09-23T11:14:25.6873405+02:00" testType="13cdc9d9-ddb5-4fa4-a97d-d965ccfc6d4b" outcome="Passed" testListId="8c84fa94-04c1-424b-9868-57a2d4851a1d" relativeResultsDirectory="a9a73702-1845-41bc-bb75-17533a411325" />
    <UnitTestResult executionId="5fe4511f-a7b8-4b26-8ff5-0ea1a086ec5b" testId="d2ceb31e-c9d8-42e5-84f8-5d07914c9e0b" testName="OperatorEqual_Passing_Valid_Distinct_Values_Returns_False (Españç)" computerName="PC-SFERRARI" duration="00:00:00.0000433" startTime="2021-09-23T11:14:25.4966614+02:00" endTime="2021-09-23T11:14:25.4968660+02:00" testType="13cdc9d9-ddb5-4fa4-a97d-d965ccfc6d4b" outcome="Passed" testListId="8c84fa94-04c1-424b-9868-57a2d4851a1d" relativeResultsDirectory="5fe4511f-a7b8-4b26-8ff5-0ea1a086ec5b" />
    <UnitTestResult executionId="49ea6074-3335-4f4b-afca-c570dfe5f5d1" testId="bf35ce80-6df8-4e5f-b73e-62de988bba4b" testName="Create_Passing_InvalidOrNull_Value_Returns_ApplicationException ()" computerName="PC-SFERRARI" duration="00:00:00.1994994" startTime="2021-09-23T11:14:24.7101318+02:00" endTime="2021-09-23T11:14:24.9098343+02:00" testType="13cdc9d9-ddb5-4fa4-a97d-d965ccfc6d4b" outcome="Passed" testListId="8c84fa94-04c1-424b-9868-57a2d4851a1d" relativeResultsDirectory="49ea6074-3335-4f4b-afca-c570dfe5f5d1" />
    <UnitTestResult executionId="6619b44a-207c-4861-a845-1618b657d607" testId="f83365cf-3f5c-46f7-880b-d308d5e8ae3c" testName="Create_Passing_InvalidOrNull_Value_Returns_ApplicationException ()" computerName="PC-SFERRARI" duration="00:00:00.0003557" startTime="2021-09-23T11:14:25.4647741+02:00" endTime="2021-09-23T11:14:25.4652251+02:00" testType="13cdc9d9-ddb5-4fa4-a97d-d965ccfc6d4b" outcome="Passed" testListId="8c84fa94-04c1-424b-9868-57a2d4851a1d" relativeResultsDirectory="6619b44a-207c-4861-a845-1618b657d607" />
    <UnitTestResult executionId="ad8f8d4b-2deb-45c9-98c7-154048feb7e1" testId="9baa7689-c3f9-4793-bf4c-18ab87c75f1b" testName="Equals_Passing_Valid_Values_Returns_True (España)" computerName="PC-SFERRARI" duration="00:00:00.0002938" startTime="2021-09-23T11:14:25.4773102+02:00" endTime="2021-09-23T11:14:25.4779795+02:00" testType="13cdc9d9-ddb5-4fa4-a97d-d965ccfc6d4b" outcome="Passed" testListId="8c84fa94-04c1-424b-9868-57a2d4851a1d" relativeResultsDirectory="ad8f8d4b-2deb-45c9-98c7-154048feb7e1" />
    <UnitTestResult executionId="5a56c6b1-4e17-4e3a-ab3c-bbb16e20252a" testId="ce99aa9a-6286-4c8c-8a56-2793ddeb3329" testName="ToString_Passing_Valid_Values_Returns_Name (tenant1)" computerName="PC-SFERRARI" duration="00:00:00.0004124" startTime="2021-09-23T11:14:25.6873926+02:00" endTime="2021-09-23T11:14:25.6878795+02:00" testType="13cdc9d9-ddb5-4fa4-a97d-d965ccfc6d4b" outcome="Passed" testListId="8c84fa94-04c1-424b-9868-57a2d4851a1d" relativeResultsDirectory="5a56c6b1-4e17-4e3a-ab3c-bbb16e20252a" />
    <UnitTestResult executionId="bc7ca390-7b2a-4a94-886a-c39dc95b8229" testId="605f1c47-a32f-4e2a-8af9-74b81d618a51" testName="OperatorNotEqual_Passing_Valid_Values_Returns_True (Sabadell)" computerName="PC-SFERRARI" duration="00:00:00.0000089" startTime="2021-09-23T11:14:25.5568183+02:00" endTime="2021-09-23T11:14:25.5568934+02:00" testType="13cdc9d9-ddb5-4fa4-a97d-d965ccfc6d4b" outcome="Passed" testListId="8c84fa94-04c1-424b-9868-57a2d4851a1d" relativeResultsDirectory="bc7ca390-7b2a-4a94-886a-c39dc95b8229" />
    <UnitTestResult executionId="4b798696-19e5-4788-9278-df86d85a3ff9" testId="85fe911f-185d-412a-b294-f0a9100cb8bb" testName="IsNull_Passing_Valid_Value_Returns_False (TENANTA)" computerName="PC-SFERRARI" duration="00:00:00.0000273" startTime="2021-09-23T11:14:25.6531174+02:00" endTime="2021-09-23T11:14:25.6533088+02:00" testType="13cdc9d9-ddb5-4fa4-a97d-d965ccfc6d4b" outcome="Passed" testListId="8c84fa94-04c1-424b-9868-57a2d4851a1d" relativeResultsDirectory="4b798696-19e5-4788-9278-df86d85a3ff9" />
    <UnitTestResult executionId="1c6fd8da-0ad6-423a-a29f-8724bed39163" testId="da09e267-81a5-44bc-9929-d17482ce2442" testName="Equals_Passing_Valid_Values_Returns_True (Pader,789,DF7956,Sabadell,Barcelona,España)" computerName="PC-SFERRARI" duration="00:00:00.0000323" startTime="2021-09-23T11:14:24.5195450+02:00" endTime="2021-09-23T11:14:24.5197044+02:00" testType="13cdc9d9-ddb5-4fa4-a97d-d965ccfc6d4b" outcome="Passed" testListId="8c84fa94-04c1-424b-9868-57a2d4851a1d" relativeResultsDirectory="1c6fd8da-0ad6-423a-a29f-8724bed39163" />
    <UnitTestResult executionId="5c518029-1765-4853-87a8-261e3606801d" testId="a3ac3cfd-3596-44e5-bb89-d1ada6a0fab8" testName="Create_Passing_InvalidOrNull_Value_Returns_ApplicationException (34?fsds@sdd.yy)" computerName="PC-SFERRARI" duration="00:00:00.0000608" startTime="2021-09-23T11:14:25.0908495+02:00" endTime="2021-09-23T11:14:25.0909793+02:00" testType="13cdc9d9-ddb5-4fa4-a97d-d965ccfc6d4b" outcome="Passed" testListId="8c84fa94-04c1-424b-9868-57a2d4851a1d" relativeResultsDirectory="5c518029-1765-4853-87a8-261e3606801d" />
    <UnitTestResult executionId="4c2509fe-814b-43b6-a233-510543fd096e" testId="6f77386a-78ff-4285-a338-84de3dd7a477" testName="OperatorNotEqual_Passing_Valid_Values_Returns_False (Pader,789,DF7956,Sabadell,Barcelona,España)" computerName="PC-SFERRARI" duration="00:00:00.0000287" startTime="2021-09-23T11:14:24.5284371+02:00" endTime="2021-09-23T11:14:24.5286341+02:00" testType="13cdc9d9-ddb5-4fa4-a97d-d965ccfc6d4b" outcome="Passed" testListId="8c84fa94-04c1-424b-9868-57a2d4851a1d" relativeResultsDirectory="4c2509fe-814b-43b6-a233-510543fd096e" />
    <UnitTestResult executionId="9f5ca120-c89e-43dd-8733-273e1a47216c" testId="cca7b068-3622-4160-a392-45f8e6c1c508" testName="ToEnum_Passing_Valid_String_ShortName_Enumeracion_Returns_Enumeracion" computerName="PC-SFERRARI" duration="00:00:00.0001811" startTime="2021-09-23T11:14:24.3074674+02:00" endTime="2021-09-23T11:14:24.3077411+02:00" testType="13cdc9d9-ddb5-4fa4-a97d-d965ccfc6d4b" outcome="Passed" testListId="8c84fa94-04c1-424b-9868-57a2d4851a1d" relativeResultsDirectory="9f5ca120-c89e-43dd-8733-273e1a47216c" />
    <UnitTestResult executionId="f3e34d0e-4ab2-4e09-bc0d-679bd1596879" testId="5fe69d12-5c4e-4889-9a58-8910f4a7359c" testName="ToNormalize_Passing_Valid_Values_Returns_Address_String_Format (ñandu@gmail.com)" computerName="PC-SFERRARI" duration="00:00:00.0419776" startTime="2021-09-23T11:14:25.1406616+02:00" endTime="2021-09-23T11:14:25.1827287+02:00" testType="13cdc9d9-ddb5-4fa4-a97d-d965ccfc6d4b" outcome="Passed" testListId="8c84fa94-04c1-424b-9868-57a2d4851a1d" relativeResultsDirectory="f3e34d0e-4ab2-4e09-bc0d-679bd1596879" />
    <UnitTestResult executionId="511f24e2-2eb6-4a8c-ba99-da4355050aa8" testId="47f8946e-873b-4d3a-8480-f987afeae26c" testName="ToEnum_Passing_Valid_String_Name_Enumeracion_Returns_Enumeracion" computerName="PC-SFERRARI" duration="00:00:00.0001130" startTime="2021-09-23T11:14:24.4196161+02:00" endTime="2021-09-23T11:14:24.4197891+02:00" testType="13cdc9d9-ddb5-4fa4-a97d-d965ccfc6d4b" outcome="Passed" testListId="8c84fa94-04c1-424b-9868-57a2d4851a1d" relativeResultsDirectory="511f24e2-2eb6-4a8c-ba99-da4355050aa8" />
    <UnitTestResult executionId="75467b2d-5334-4007-945f-496010296b26" testId="c23783a5-adf0-42ac-84b0-d10acd11ab33" testName="ToString_Passing_Valid_Values_Returns_Value_String_Format (D45,86554654)" computerName="PC-SFERRARI" duration="00:00:00.0000196" startTime="2021-09-23T11:14:25.6141656+02:00" endTime="2021-09-23T11:14:25.6142856+02:00" testType="13cdc9d9-ddb5-4fa4-a97d-d965ccfc6d4b" outcome="Passed" testListId="8c84fa94-04c1-424b-9868-57a2d4851a1d" relativeResultsDirectory="75467b2d-5334-4007-945f-496010296b26" />
    <UnitTestResult executionId="750fb9b1-395f-4ae7-84cb-c3984e702158" testId="357b068e-126f-43a4-999d-043d8b694f2d" testName="ToEnum_Passing_Valid_String_Name_Enumeracion_Returns_Enumeracion" computerName="PC-SFERRARI" duration="00:00:00.0002216" startTime="2021-09-23T11:14:24.3070615+02:00" endTime="2021-09-23T11:14:24.3074143+02:00" testType="13cdc9d9-ddb5-4fa4-a97d-d965ccfc6d4b" outcome="Passed" testListId="8c84fa94-04c1-424b-9868-57a2d4851a1d" relativeResultsDirectory="750fb9b1-395f-4ae7-84cb-c3984e702158" />
    <UnitTestResult executionId="bf01fa0c-13b9-4cf4-a197-4420e95eccce" testId="43452da0-0c2c-4095-ac0b-0488a78aa053" testName="IsActive_Passing_Nothing_Returns_True" computerName="PC-SFERRARI" duration="00:00:00.0002145" startTime="2021-09-23T11:14:24.4250247+02:00" endTime="2021-09-23T11:14:24.4253223+02:00" testType="13cdc9d9-ddb5-4fa4-a97d-d965ccfc6d4b" outcome="Passed" testListId="8c84fa94-04c1-424b-9868-57a2d4851a1d" relativeResultsDirectory="bf01fa0c-13b9-4cf4-a197-4420e95eccce" />
    <UnitTestResult executionId="0ad722b0-6494-4c8f-a874-4e25af7e4fbd" testId="15404285-e745-44fe-b704-b20e9a8c0f7e" testName="Equals_Passing_Valid_Distinct_Values_Returns_False (Sabadell,Barcelona,España)" computerName="PC-SFERRARI" duration="00:00:00.0000901" startTime="2021-09-23T11:14:25.3375013+02:00" endTime="2021-09-23T11:14:25.3377668+02:00" testType="13cdc9d9-ddb5-4fa4-a97d-d965ccfc6d4b" outcome="Passed" testListId="8c84fa94-04c1-424b-9868-57a2d4851a1d" relativeResultsDirectory="0ad722b0-6494-4c8f-a874-4e25af7e4fbd" />
    <UnitTestResult executionId="993f499f-665b-4de5-b066-90c22df94260" testId="f37d8f7d-af11-4cbb-9f4d-7a34e4dbb920" testName="IsNull_Passing_Null_Value_Returns_True" computerName="PC-SFERRARI" duration="00:00:00.0005690" startTime="2021-09-23T11:14:25.4844598+02:00" endTime="2021-09-23T11:14:25.4851132+02:00" testType="13cdc9d9-ddb5-4fa4-a97d-d965ccfc6d4b" outcome="Passed" testListId="8c84fa94-04c1-424b-9868-57a2d4851a1d" relativeResultsDirectory="993f499f-665b-4de5-b066-90c22df94260" />
    <UnitTestResult executionId="3e1002d6-9e2d-48a4-8f67-a39d6c5d67ba" testId="e8b741f5-76db-4e5f-8d0a-940f013d6c3a" testName="OperatorEqual_Passing_Valid_Values_Returns_True (Tenant1)" computerName="PC-SFERRARI" duration="00:00:00.0002610" startTime="2021-09-23T11:14:25.6608169+02:00" endTime="2021-09-23T11:14:25.6612281+02:00" testType="13cdc9d9-ddb5-4fa4-a97d-d965ccfc6d4b" outcome="Passed" testListId="8c84fa94-04c1-424b-9868-57a2d4851a1d" relativeResultsDirectory="3e1002d6-9e2d-48a4-8f67-a39d6c5d67ba" />
    <UnitTestResult executionId="d6dd8665-415c-4f58-9419-8c76aa270d66" testId="6eede5b4-5b37-460a-a598-691c0575b203" testName="Equals_Passing_Valid_Values_Returns_True (tenant_1)" computerName="PC-SFERRARI" duration="00:00:00.0000290" startTime="2021-09-23T11:14:25.6375324+02:00" endTime="2021-09-23T11:14:25.6377104+02:00" testType="13cdc9d9-ddb5-4fa4-a97d-d965ccfc6d4b" outcome="Passed" testListId="8c84fa94-04c1-424b-9868-57a2d4851a1d" relativeResultsDirectory="d6dd8665-415c-4f58-9419-8c76aa270d66" />
    <UnitTestResult executionId="ff18cb3a-50ab-48f1-86fe-f0f24debb0b9" testId="50fa1fb2-cd28-43a0-a99a-4a44dd20fb9f" testName="Equals_Passing_Valid_Values_Returns_True (tenant_A)" computerName="PC-SFERRARI" duration="00:00:00.0000164" startTime="2021-09-23T11:14:25.6391682+02:00" endTime="2021-09-23T11:14:25.6392808+02:00" testType="13cdc9d9-ddb5-4fa4-a97d-d965ccfc6d4b" outcome="Passed" testListId="8c84fa94-04c1-424b-9868-57a2d4851a1d" relativeResultsDirectory="ff18cb3a-50ab-48f1-86fe-f0f24debb0b9" />
    <UnitTestResult executionId="e61f3772-98fd-4034-bbf0-07ce4d93b988" testId="61e8c77d-265f-4a1c-94be-ad766e0c8409" testName="ToFullString_Passing_Valid_Values_Returns_Value_String_Format (Sabadell,Barcelona,España)" computerName="PC-SFERRARI" duration="00:00:00.0000439" startTime="2021-09-23T11:14:25.3527496+02:00" endTime="2021-09-23T11:14:25.3528907+02:00" testType="13cdc9d9-ddb5-4fa4-a97d-d965ccfc6d4b" outcome="Passed" testListId="8c84fa94-04c1-424b-9868-57a2d4851a1d" relativeResultsDirectory="e61f3772-98fd-4034-bbf0-07ce4d93b988" />
    <UnitTestResult executionId="0de3e5f1-b55e-4136-898f-29868a07ae79" testId="701b0f90-2d1b-478f-ba45-907827f11079" testName="ToString_Passing_Valid_Values_Returns_Address_String_Format (100,EUR,2)" computerName="PC-SFERRARI" duration="00:00:00.0030265" startTime="2021-09-23T11:14:25.4541455+02:00" endTime="2021-09-23T11:14:25.4573358+02:00" testType="13cdc9d9-ddb5-4fa4-a97d-d965ccfc6d4b" outcome="Passed" testListId="8c84fa94-04c1-424b-9868-57a2d4851a1d" relativeResultsDirectory="0de3e5f1-b55e-4136-898f-29868a07ae79" />
    <UnitTestResult executionId="ef2fac39-6962-4133-a0aa-4d0bc2650953" testId="9c66afe8-8a60-413d-b6fa-742ba94168c2" testName="Equals_Passing_Valid_Distinct_Values_Returns_False (Españâ)" computerName="PC-SFERRARI" duration="00:00:00.0000192" startTime="2021-09-23T11:14:25.4713113+02:00" endTime="2021-09-23T11:14:25.4714006+02:00" testType="13cdc9d9-ddb5-4fa4-a97d-d965ccfc6d4b" outcome="Passed" testListId="8c84fa94-04c1-424b-9868-57a2d4851a1d" relativeResultsDirectory="ef2fac39-6962-4133-a0aa-4d0bc2650953" />
    <UnitTestResult executionId="1d9dfde0-7b84-4272-a4cc-d0c4234d377e" testId="9b1a1763-a9de-4a0d-8852-df1746cb4d6e" testName="OperatorEqual_Passing_Valid_Values_Returns_True (Españä)" computerName="PC-SFERRARI" duration="00:00:00.0000197" startTime="2021-09-23T11:14:25.4982716+02:00" endTime="2021-09-23T11:14:25.4983621+02:00" testType="13cdc9d9-ddb5-4fa4-a97d-d965ccfc6d4b" outcome="Passed" testListId="8c84fa94-04c1-424b-9868-57a2d4851a1d" relativeResultsDirectory="1d9dfde0-7b84-4272-a4cc-d0c4234d377e" />
    <UnitTestResult executionId="4f288b53-d58a-4783-b015-831fe75539cd" testId="e5ca0c5c-aa27-4776-82fa-6407cbef44bc" testName="Create_Passing_Valid_Values_Returns_Name (Españç)" computerName="PC-SFERRARI" duration="00:00:00.0000098" startTime="2021-09-23T11:14:25.4660074+02:00" endTime="2021-09-23T11:14:25.4660652+02:00" testType="13cdc9d9-ddb5-4fa4-a97d-d965ccfc6d4b" outcome="Passed" testListId="8c84fa94-04c1-424b-9868-57a2d4851a1d" relativeResultsDirectory="4f288b53-d58a-4783-b015-831fe75539cd" />
    <UnitTestResult executionId="58b4b905-1740-44fe-b911-e0e8239e4532" testId="76f3e1a6-f861-4823-a1c2-6c0addaa2e93" testName="ToBool_Passing_Valid_String_Active_Value_Returns_True" computerName="PC-SFERRARI" duration="00:00:00.0005690" startTime="2021-09-23T11:14:24.4261081+02:00" endTime="2021-09-23T11:14:24.4267376+02:00" testType="13cdc9d9-ddb5-4fa4-a97d-d965ccfc6d4b" outcome="Passed" testListId="8c84fa94-04c1-424b-9868-57a2d4851a1d" relativeResultsDirectory="58b4b905-1740-44fe-b911-e0e8239e4532" />
    <UnitTestResult executionId="f43ad650-61a2-417d-ac6d-476bbcd5eede" testId="98ef052b-d212-43d8-a659-d4ecc916bf64" testName="OperatorEqual_Passing_Valid_Distinct_Values_Returns_False (EUR)" computerName="PC-SFERRARI" duration="00:00:00.0008538" startTime="2021-09-23T11:14:24.9183311+02:00" endTime="2021-09-23T11:14:24.9192582+02:00" testType="13cdc9d9-ddb5-4fa4-a97d-d965ccfc6d4b" outcome="Passed" testListId="8c84fa94-04c1-424b-9868-57a2d4851a1d" relativeResultsDirectory="f43ad650-61a2-417d-ac6d-476bbcd5eede" />
    <UnitTestResult executionId="19411f27-b3a0-421d-824f-4bdec1bd7d8e" testId="daf189e7-593b-4804-957f-8bc0e7043914" testName="Equals_Passing_Valid_Values_Returns_True (100,EUR,2)" computerName="PC-SFERRARI" duration="00:00:00.0010310" startTime="2021-09-23T11:14:25.4217084+02:00" endTime="2021-09-23T11:14:25.4229051+02:00" testType="13cdc9d9-ddb5-4fa4-a97d-d965ccfc6d4b" outcome="Passed" testListId="8c84fa94-04c1-424b-9868-57a2d4851a1d" relativeResultsDirectory="19411f27-b3a0-421d-824f-4bdec1bd7d8e" />
    <UnitTestResult executionId="aeec1416-580a-4315-834b-66ad4635c1d2" testId="649503dc-bdfc-420d-8f63-737d3c14f39b" testName="IsNull_Passing_Valid_Values_Returns_False (Tenerife,San Bartoleme De Tirajana,Las Palmas)" computerName="PC-SFERRARI" duration="00:00:00.0005922" startTime="2021-09-23T11:14:25.3432893+02:00" endTime="2021-09-23T11:14:25.3440049+02:00" testType="13cdc9d9-ddb5-4fa4-a97d-d965ccfc6d4b" outcome="Passed" testListId="8c84fa94-04c1-424b-9868-57a2d4851a1d" relativeResultsDirectory="aeec1416-580a-4315-834b-66ad4635c1d2" />
    <UnitTestResult executionId="67236d57-effd-4224-8b32-30b022efe4ce" testId="34ccf283-9984-40be-887b-ddd2d4d2536b" testName="OperatorNotEqual_Passing_Valid_Values_Returns_True (Tenant_A)" computerName="PC-SFERRARI" duration="00:00:00.0000121" startTime="2021-09-23T11:14:25.6871131+02:00" endTime="2021-09-23T11:14:25.6871929+02:00" testType="13cdc9d9-ddb5-4fa4-a97d-d965ccfc6d4b" outcome="Passed" testListId="8c84fa94-04c1-424b-9868-57a2d4851a1d" relativeResultsDirectory="67236d57-effd-4224-8b32-30b022efe4ce" />
    <UnitTestResult executionId="5220a274-16b8-484f-a710-7bebf586375e" testId="00491389-033d-46f3-b95a-aa8185d388d7" testName="OperatorNotEqual_Passing_Valid_Values_Returns_True (Españä)" computerName="PC-SFERRARI" duration="00:00:00.0000211" startTime="2021-09-23T11:14:25.5147398+02:00" endTime="2021-09-23T11:14:25.5148322+02:00" testType="13cdc9d9-ddb5-4fa4-a97d-d965ccfc6d4b" outcome="Passed" testListId="8c84fa94-04c1-424b-9868-57a2d4851a1d" relativeResultsDirectory="5220a274-16b8-484f-a710-7bebf586375e" />
    <UnitTestResult executionId="47ac0da3-11e5-4753-b3d5-4b84b4ab99d3" testId="442ad715-629d-482c-aa28-29d9cf9573ca" testName="Create_Passing_Valid_Values_Returns_Address (100,EUR,2)" computerName="PC-SFERRARI" duration="00:00:00.0006938" startTime="2021-09-23T11:14:25.4074125+02:00" endTime="2021-09-23T11:14:25.4082326+02:00" testType="13cdc9d9-ddb5-4fa4-a97d-d965ccfc6d4b" outcome="Passed" testListId="8c84fa94-04c1-424b-9868-57a2d4851a1d" relativeResultsDirectory="47ac0da3-11e5-4753-b3d5-4b84b4ab99d3" />
    <UnitTestResult executionId="1ee4a838-a8e5-4acd-b60b-a7221ea7a704" testId="5000f469-c092-498c-9326-b9751fd88ba4" testName="OperatorEqual_Passing_Valid_Values_Returns_True (España)" computerName="PC-SFERRARI" duration="00:00:00.0003648" startTime="2021-09-23T11:14:25.4973789+02:00" endTime="2021-09-23T11:14:25.4978227+02:00" testType="13cdc9d9-ddb5-4fa4-a97d-d965ccfc6d4b" outcome="Passed" testListId="8c84fa94-04c1-424b-9868-57a2d4851a1d" relativeResultsDirectory="1ee4a838-a8e5-4acd-b60b-a7221ea7a704" />
    <UnitTestResult executionId="66cd2b5c-d079-49fd-9adb-616a63cdc836" testId="5f8642f3-882e-46fe-be4c-6db1b5df2b81" testName="ToString_Passing_Valid_Values_Returns_Name (Españâ)" computerName="PC-SFERRARI" duration="00:00:00.0000135" startTime="2021-09-23T11:14:25.5304774+02:00" endTime="2021-09-23T11:14:25.5305577+02:00" testType="13cdc9d9-ddb5-4fa4-a97d-d965ccfc6d4b" outcome="Passed" testListId="8c84fa94-04c1-424b-9868-57a2d4851a1d" relativeResultsDirectory="66cd2b5c-d079-49fd-9adb-616a63cdc836" />
    <UnitTestResult executionId="2bf2778b-750e-45c7-b7a0-cc83493798d9" testId="52ad8896-0f85-4918-99cc-ee14ae201a22" testName="OperatorEqual_Passing_Valid_Values_Returns_True (TENANT_A)" computerName="PC-SFERRARI" duration="00:00:00.0000333" startTime="2021-09-23T11:14:25.6705811+02:00" endTime="2021-09-23T11:14:25.6710640+02:00" testType="13cdc9d9-ddb5-4fa4-a97d-d965ccfc6d4b" outcome="Passed" testListId="8c84fa94-04c1-424b-9868-57a2d4851a1d" relativeResultsDirectory="2bf2778b-750e-45c7-b7a0-cc83493798d9" />
    <UnitTestResult executionId="19f5ecb8-b116-4ced-93ba-f683b24433f3" testId="f937b9ab-aa8a-46e1-864c-f797119db609" testName="Equals_Passing_Valid_Distinct_Values_Returns_False (100,EUR,2)" computerName="PC-SFERRARI" duration="00:00:00.0028300" startTime="2021-09-23T11:14:25.4100274+02:00" endTime="2021-09-23T11:14:25.4130167+02:00" testType="13cdc9d9-ddb5-4fa4-a97d-d965ccfc6d4b" outcome="Passed" testListId="8c84fa94-04c1-424b-9868-57a2d4851a1d" relativeResultsDirectory="19f5ecb8-b116-4ced-93ba-f683b24433f3" />
    <UnitTestResult executionId="23941c5b-751e-45a1-95c2-ec6f745e1c34" testId="6ea126ef-871c-4282-92af-ae07405b9e75" testName="Equals_Passing_Valid_Values_Returns_True (Tenant1)" computerName="PC-SFERRARI" duration="00:00:00.0000184" startTime="2021-09-23T11:14:25.6343478+02:00" endTime="2021-09-23T11:14:25.6344781+02:00" testType="13cdc9d9-ddb5-4fa4-a97d-d965ccfc6d4b" outcome="Passed" testListId="8c84fa94-04c1-424b-9868-57a2d4851a1d" relativeResultsDirectory="23941c5b-751e-45a1-95c2-ec6f745e1c34" />
    <UnitTestResult executionId="a7f17926-cb13-4311-bdf9-14db17763357" testId="9c0e1cd7-3ed0-407e-abf3-8bf6c9e286a9" testName="OperatorEqual_Passing_Valid_Distinct_Values_Returns_False (tenant_A)" computerName="PC-SFERRARI" duration="00:00:00.0000136" startTime="2021-09-23T11:14:25.6596180+02:00" endTime="2021-09-23T11:14:25.6597075+02:00" testType="13cdc9d9-ddb5-4fa4-a97d-d965ccfc6d4b" outcome="Passed" testListId="8c84fa94-04c1-424b-9868-57a2d4851a1d" relativeResultsDirectory="a7f17926-cb13-4311-bdf9-14db17763357" />
    <UnitTestResult executionId="450c28ac-5903-42d3-8073-7ccf5c7d0211" testId="ae282b28-0fac-4b59-b38f-cc6c7792f868" testName="OperatorEqual_Passing_Valid_Distinct_Values_Returns_False (Tenant1)" computerName="PC-SFERRARI" duration="00:00:00.0000145" startTime="2021-09-23T11:14:25.6542684+02:00" endTime="2021-09-23T11:14:25.6543681+02:00" testType="13cdc9d9-ddb5-4fa4-a97d-d965ccfc6d4b" outcome="Passed" testListId="8c84fa94-04c1-424b-9868-57a2d4851a1d" relativeResultsDirectory="450c28ac-5903-42d3-8073-7ccf5c7d0211" />
    <UnitTestResult executionId="953f964b-6195-4a8a-b7d7-c0097aa5f9d0" testId="fb8c729b-c71a-4c22-acef-a1ddaf9a5df3" testName="IsNull_Passing_Null_Value_Returns_True" computerName="PC-SFERRARI" duration="00:00:00.0004900" startTime="2021-09-23T11:14:25.3425646+02:00" endTime="2021-09-23T11:14:25.3431604+02:00" testType="13cdc9d9-ddb5-4fa4-a97d-d965ccfc6d4b" outcome="Passed" testListId="8c84fa94-04c1-424b-9868-57a2d4851a1d" relativeResultsDirectory="953f964b-6195-4a8a-b7d7-c0097aa5f9d0" />
    <UnitTestResult executionId="6ef1a12b-553a-45fa-b239-639393abc0c8" testId="90d80a79-fa63-489e-a4c8-c9bc5813b117" testName="IsNull_Passing_Valid_Value_Returns_False (TENANT1)" computerName="PC-SFERRARI" duration="00:00:00.0000109" startTime="2021-09-23T11:14:25.6493118+02:00" endTime="2021-09-23T11:14:25.6493908+02:00" testType="13cdc9d9-ddb5-4fa4-a97d-d965ccfc6d4b" outcome="Passed" testListId="8c84fa94-04c1-424b-9868-57a2d4851a1d" relativeResultsDirectory="6ef1a12b-553a-45fa-b239-639393abc0c8" />
    <UnitTestResult executionId="172ebbab-1fee-424e-9718-2700333336d7" testId="97ea821f-9a4c-4e2b-b0d0-c76ec3c95151" testName="ToString_Passing_Valid_Values_Returns_Subdomain (app.hackerone1.com)" computerName="PC-SFERRARI" duration="00:00:00.0003606" startTime="2021-09-23T11:14:25.5840211+02:00" endTime="2021-09-23T11:14:25.5844491+02:00" testType="13cdc9d9-ddb5-4fa4-a97d-d965ccfc6d4b" outcome="Passed" testListId="8c84fa94-04c1-424b-9868-57a2d4851a1d" relativeResultsDirectory="172ebbab-1fee-424e-9718-2700333336d7" />
    <UnitTestResult executionId="5b73dcc5-2b6f-4d47-ab31-4ad3e0c46575" testId="5940e213-4cc0-4356-b758-00ee238704ba" testName="Change_Passing_Valid_Values_Returns_Currency (EUR)" computerName="PC-SFERRARI" duration="00:00:00.1724935" startTime="2021-09-23T11:14:24.5371966+02:00" endTime="2021-09-23T11:14:24.7100216+02:00" testType="13cdc9d9-ddb5-4fa4-a97d-d965ccfc6d4b" outcome="Passed" testListId="8c84fa94-04c1-424b-9868-57a2d4851a1d" relativeResultsDirectory="5b73dcc5-2b6f-4d47-ab31-4ad3e0c46575" />
    <UnitTestResult executionId="8956d3ed-38df-49b5-88cc-7f32a8b65a8e" testId="180416be-acb3-4f62-b3d6-e091b09ff0f9" testName="ToNormalize_Passing_Valid_Values_Returns_Name_String_Format (Españã,Espana)" computerName="PC-SFERRARI" duration="00:00:00.0000395" startTime="2021-09-23T11:14:25.5256728+02:00" endTime="2021-09-23T11:14:25.5257822+02:00" testType="13cdc9d9-ddb5-4fa4-a97d-d965ccfc6d4b" outcome="Passed" testListId="8c84fa94-04c1-424b-9868-57a2d4851a1d" relativeResultsDirectory="8956d3ed-38df-49b5-88cc-7f32a8b65a8e" />
    <UnitTestResult executionId="8648236e-3507-4e4a-9750-66e532ffe8db" testId="2b87ea35-31b3-4dad-88e7-0eddf6c62ef1" testName="ToString_Passing_Valid_Values_Returns_Name (tenant_A)" computerName="PC-SFERRARI" duration="00:00:00.0000105" startTime="2021-09-23T11:14:25.6957654+02:00" endTime="2021-09-23T11:14:25.6958490+02:00" testType="13cdc9d9-ddb5-4fa4-a97d-d965ccfc6d4b" outcome="Passed" testListId="8c84fa94-04c1-424b-9868-57a2d4851a1d" relativeResultsDirectory="8648236e-3507-4e4a-9750-66e532ffe8db" />
    <UnitTestResult executionId="27903a55-0d0d-4ba0-9a35-cafc321e7c43" testId="0b035b1c-e51d-41d4-85f1-0cd9cf85aaad" testName="Equals_Passing_Valid_Values_Returns_True (TENANTA)" computerName="PC-SFERRARI" duration="00:00:00.0000150" startTime="2021-09-23T11:14:25.6389218+02:00" endTime="2021-09-23T11:14:25.6390519+02:00" testType="13cdc9d9-ddb5-4fa4-a97d-d965ccfc6d4b" outcome="Passed" testListId="8c84fa94-04c1-424b-9868-57a2d4851a1d" relativeResultsDirectory="27903a55-0d0d-4ba0-9a35-cafc321e7c43" />
    <UnitTestResult executionId="cdfe5fc8-ed7b-4818-8b0a-661e2ed8c4c6" testId="abdfbcea-ad23-4bf2-87f5-0a7ff499b14f" testName="GetAll_Passing_Nothing_Returns_Enumeracion_List" computerName="PC-SFERRARI" duration="00:00:00.0012461" startTime="2021-09-23T11:14:24.4165582+02:00" endTime="2021-09-23T11:14:24.4180954+02:00" testType="13cdc9d9-ddb5-4fa4-a97d-d965ccfc6d4b" outcome="Passed" testListId="8c84fa94-04c1-424b-9868-57a2d4851a1d" relativeResultsDirectory="cdfe5fc8-ed7b-4818-8b0a-661e2ed8c4c6" />
    <UnitTestResult executionId="f64e2ee7-ba93-4a04-b61a-81fe481b5ea8" testId="17d7dd8a-590e-4520-a805-6389b4cfbd9b" testName="IsNull_Passing_Valid_Value_Returns_False (Espania)" computerName="PC-SFERRARI" duration="00:00:00.0000146" startTime="2021-09-23T11:14:25.5451965+02:00" endTime="2021-09-23T11:14:25.5453310+02:00" testType="13cdc9d9-ddb5-4fa4-a97d-d965ccfc6d4b" outcome="Passed" testListId="8c84fa94-04c1-424b-9868-57a2d4851a1d" relativeResultsDirectory="f64e2ee7-ba93-4a04-b61a-81fe481b5ea8" />
    <UnitTestResult executionId="db6ca1b8-9d4a-4003-9f9b-618e6dc5a6ed" testId="97119d44-6525-4c14-bc60-abb8151b084f" testName="OperatorEqual_Passing_Valid_Distinct_Values_Returns_False (Españá)" computerName="PC-SFERRARI" duration="00:00:00.0000365" startTime="2021-09-23T11:14:25.4907250+02:00" endTime="2021-09-23T11:14:25.4911787+02:00" testType="13cdc9d9-ddb5-4fa4-a97d-d965ccfc6d4b" outcome="Passed" testListId="8c84fa94-04c1-424b-9868-57a2d4851a1d" relativeResultsDirectory="db6ca1b8-9d4a-4003-9f9b-618e6dc5a6ed" />
    <UnitTestResult executionId="e0a10f72-3022-416c-b974-344cee3aa76e" testId="f16ed69b-e108-4728-8004-700f831ba5b7" testName="IsNull_Passing_Valid_Value_Returns_False (34fsds@sdd.fgg)" computerName="PC-SFERRARI" duration="00:00:00.0000246" startTime="2021-09-23T11:14:25.1354108+02:00" endTime="2021-09-23T11:14:25.1355036+02:00" testType="13cdc9d9-ddb5-4fa4-a97d-d965ccfc6d4b" outcome="Passed" testListId="8c84fa94-04c1-424b-9868-57a2d4851a1d" relativeResultsDirectory="e0a10f72-3022-416c-b974-344cee3aa76e" />
    <UnitTestResult executionId="035ba126-d3f8-435c-9abe-b7d375b30c59" testId="14c49e5b-7ee6-4ffa-b6b2-92c60c7c549c" testName="ToString_Passing_Valid_Values_Returns_Value_String_Format (456,43543543543)" computerName="PC-SFERRARI" duration="00:00:00.0005343" startTime="2021-09-23T11:14:25.6134104+02:00" endTime="2021-09-23T11:14:25.6140378+02:00" testType="13cdc9d9-ddb5-4fa4-a97d-d965ccfc6d4b" outcome="Passed" testListId="8c84fa94-04c1-424b-9868-57a2d4851a1d" relativeResultsDirectory="035ba126-d3f8-435c-9abe-b7d375b30c59" />
    <UnitTestResult executionId="204a4b4b-cb69-428b-a965-89b9138a756c" testId="fb0331ea-bfe7-402c-8131-067557c0595b" testName="OperatorNotEqual_Passing_Valid_Values_Returns_False (dasdasd@dsasd.ff)" computerName="PC-SFERRARI" duration="00:00:00.0002233" startTime="2021-09-23T11:14:25.1395847+02:00" endTime="2021-09-23T11:14:25.1398771+02:00" testType="13cdc9d9-ddb5-4fa4-a97d-d965ccfc6d4b" outcome="Passed" testListId="8c84fa94-04c1-424b-9868-57a2d4851a1d" relativeResultsDirectory="204a4b4b-cb69-428b-a965-89b9138a756c" />
    <UnitTestResult executionId="6fe43f41-43ff-4873-b637-2bbf2cc0a4dd" testId="2e476546-c195-40cd-88bf-77c48c5ded9e" testName="OperatorEqual_Passing_Valid_Distinct_Values_Returns_False (Españħ)" computerName="PC-SFERRARI" duration="00:00:00.0000340" startTime="2021-09-23T11:14:25.4969822+02:00" endTime="2021-09-23T11:14:25.4971335+02:00" testType="13cdc9d9-ddb5-4fa4-a97d-d965ccfc6d4b" outcome="Passed" testListId="8c84fa94-04c1-424b-9868-57a2d4851a1d" relativeResultsDirectory="6fe43f41-43ff-4873-b637-2bbf2cc0a4dd" />
    <UnitTestResult executionId="ef3aa8a6-ed9a-4495-8a96-7e167a0b7852" testId="77e9d092-370e-417f-a4d9-c7c9d1b892ba" testName="Create_Passing_Valid_Values_Returns_Name (Esp añâ)" computerName="PC-SFERRARI" duration="00:00:00.0000147" startTime="2021-09-23T11:14:25.4685824+02:00" endTime="2021-09-23T11:14:25.4686794+02:00" testType="13cdc9d9-ddb5-4fa4-a97d-d965ccfc6d4b" outcome="Passed" testListId="8c84fa94-04c1-424b-9868-57a2d4851a1d" relativeResultsDirectory="ef3aa8a6-ed9a-4495-8a96-7e167a0b7852" />
    <UnitTestResult executionId="62b2adb7-44c0-4447-b04a-81c67685f60f" testId="9e95a7e8-3b46-4a95-a1b5-a9b05a414b51" testName="IsSilver_Passing_Nothing_Returns_True" computerName="PC-SFERRARI" duration="00:00:00.0004198" startTime="2021-09-23T11:14:24.4396393+02:00" endTime="2021-09-23T11:14:24.4402214+02:00" testType="13cdc9d9-ddb5-4fa4-a97d-d965ccfc6d4b" outcome="Passed" testListId="8c84fa94-04c1-424b-9868-57a2d4851a1d" relativeResultsDirectory="62b2adb7-44c0-4447-b04a-81c67685f60f" />
    <UnitTestResult executionId="b076fdfb-1558-43d0-8254-6bdb1186d778" testId="901564b9-873d-49c9-9eb6-b1cba2f6de89" testName="ToNormalize_Passing_Valid_Values_Returns_Name_String_Format (Esp añâ,Esp ana)" computerName="PC-SFERRARI" duration="00:00:00.0000399" startTime="2021-09-23T11:14:25.5292844+02:00" endTime="2021-09-23T11:14:25.5293965+02:00" testType="13cdc9d9-ddb5-4fa4-a97d-d965ccfc6d4b" outcome="Passed" testListId="8c84fa94-04c1-424b-9868-57a2d4851a1d" relativeResultsDirectory="b076fdfb-1558-43d0-8254-6bdb1186d778" />
    <UnitTestResult executionId="3d2c3fe8-a42b-418a-a9c1-fbd857900fcb" testId="822593f7-f68c-4b0d-beab-58384565872b" testName="Equals_Passing_Valid_Distinct_Values_Returns_False (Españç)" computerName="PC-SFERRARI" duration="00:00:00.0000434" startTime="2021-09-23T11:14:25.4728398+02:00" endTime="2021-09-23T11:14:25.4730246+02:00" testType="13cdc9d9-ddb5-4fa4-a97d-d965ccfc6d4b" outcome="Passed" testListId="8c84fa94-04c1-424b-9868-57a2d4851a1d" relativeResultsDirectory="3d2c3fe8-a42b-418a-a9c1-fbd857900fcb" />
    <UnitTestResult executionId="bce30939-bb6c-45bc-847d-acbb7dcdd753" testId="115ced44-a558-4992-b065-c348e71fced5" testName="IsNull_Passing_Valid_Value_Returns_False (www.hackerone-com)" computerName="PC-SFERRARI" duration="00:00:00.0000169" startTime="2021-09-23T11:14:25.5754770+02:00" endTime="2021-09-23T11:14:25.5755681+02:00" testType="13cdc9d9-ddb5-4fa4-a97d-d965ccfc6d4b" outcome="Passed" testListId="8c84fa94-04c1-424b-9868-57a2d4851a1d" relativeResultsDirectory="bce30939-bb6c-45bc-847d-acbb7dcdd753" />
    <UnitTestResult executionId="cda7d6d8-67d4-4fdf-8f2f-a400bd3bed89" testId="8367697c-36da-4502-8327-93227e153515" testName="OperatorNotEqual_Passing_Valid_Values_Returns_True (TenantA)" computerName="PC-SFERRARI" duration="00:00:00.0000116" startTime="2021-09-23T11:14:25.6866979+02:00" endTime="2021-09-23T11:14:25.6867734+02:00" testType="13cdc9d9-ddb5-4fa4-a97d-d965ccfc6d4b" outcome="Passed" testListId="8c84fa94-04c1-424b-9868-57a2d4851a1d" relativeResultsDirectory="cda7d6d8-67d4-4fdf-8f2f-a400bd3bed89" />
    <UnitTestResult executionId="dee7de7d-a705-4c9c-a564-d96f7d443d03" testId="77fb89bd-576d-46a8-af50-73297403bf37" testName="OperatorEqual_Passing_Valid_Distinct_Values_Returns_False (tenant1)" computerName="PC-SFERRARI" duration="00:00:00.0002815" startTime="2021-09-23T11:14:25.6538383+02:00" endTime="2021-09-23T11:14:25.6541929+02:00" testType="13cdc9d9-ddb5-4fa4-a97d-d965ccfc6d4b" outcome="Passed" testListId="8c84fa94-04c1-424b-9868-57a2d4851a1d" relativeResultsDirectory="dee7de7d-a705-4c9c-a564-d96f7d443d03" />
    <UnitTestResult executionId="d2ecb4df-fe07-446c-969e-41f8616da904" testId="43c18a41-ff03-4681-b189-d58a90ff4fad" testName="IsGold_Passing_Nothing_Returns_True" computerName="PC-SFERRARI" duration="00:00:00.0002648" startTime="2021-09-23T11:14:24.4364227+02:00" endTime="2021-09-23T11:14:24.4367645+02:00" testType="13cdc9d9-ddb5-4fa4-a97d-d965ccfc6d4b" outcome="Passed" testListId="8c84fa94-04c1-424b-9868-57a2d4851a1d" relativeResultsDirectory="d2ecb4df-fe07-446c-969e-41f8616da904" />
    <UnitTestResult executionId="1d083bdc-7e4a-4fd2-abaf-db534f54afcc" testId="b98cbe4b-bc46-4974-bd68-f14e5bda3fe5" testName="ToBool_Passing_Valid_Status_Inactive_Returns_False" computerName="PC-SFERRARI" duration="00:00:00.0003608" startTime="2021-09-23T11:14:24.4256545+02:00" endTime="2021-09-23T11:14:24.4260713+02:00" testType="13cdc9d9-ddb5-4fa4-a97d-d965ccfc6d4b" outcome="Passed" testListId="8c84fa94-04c1-424b-9868-57a2d4851a1d" relativeResultsDirectory="1d083bdc-7e4a-4fd2-abaf-db534f54afcc" />
    <UnitTestResult executionId="05463aba-6125-4e1b-81f9-f006891844b9" testId="a87946d2-bd7e-47fc-a1fc-335fa353ab6e" testName="Equals_Passing_Valid_Values_Returns_True (tenantA)" computerName="PC-SFERRARI" duration="00:00:00.0000179" startTime="2021-09-23T11:14:25.6383112+02:00" endTime="2021-09-23T11:14:25.6385102+02:00" testType="13cdc9d9-ddb5-4fa4-a97d-d965ccfc6d4b" outcome="Passed" testListId="8c84fa94-04c1-424b-9868-57a2d4851a1d" relativeResultsDirectory="05463aba-6125-4e1b-81f9-f006891844b9" />
    <UnitTestResult executionId="2eec006c-c51d-4b31-ae7e-ffeb5805ba09" testId="84643658-6e26-4107-9505-4de10c754e39" testName="ToEnum_Passing_Invalid_Int_Name_Enumeracion_Returns_Null" computerName="PC-SFERRARI" duration="00:00:00.0011428" startTime="2021-09-23T11:14:24.3039842+02:00" endTime="2021-09-23T11:14:24.3051944+02:00" testType="13cdc9d9-ddb5-4fa4-a97d-d965ccfc6d4b" outcome="Passed" testListId="8c84fa94-04c1-424b-9868-57a2d4851a1d" relativeResultsDirectory="2eec006c-c51d-4b31-ae7e-ffeb5805ba09" />
    <UnitTestResult executionId="46ff5c07-1f94-46db-8098-ef84c6d5eb9e" testId="bd16f0fe-5eff-45b6-9eca-823f93903d99" testName="OperatorNotEqual_Passing_Valid_Values_Returns_False (Españä)" computerName="PC-SFERRARI" duration="00:00:00.0000182" startTime="2021-09-23T11:14:25.5036276+02:00" endTime="2021-09-23T11:14:25.5037144+02:00" testType="13cdc9d9-ddb5-4fa4-a97d-d965ccfc6d4b" outcome="Passed" testListId="8c84fa94-04c1-424b-9868-57a2d4851a1d" relativeResultsDirectory="46ff5c07-1f94-46db-8098-ef84c6d5eb9e" />
    <UnitTestResult executionId="ebe8fb08-9c50-4949-ab1b-e01fe03d5921" testId="40910543-5ac0-40be-b1e5-f398f18cc231" testName="Create_Passing_Valid_Values_Returns_Name (Españà)" computerName="PC-SFERRARI" duration="00:00:00.0000092" startTime="2021-09-23T11:14:25.4656268+02:00" endTime="2021-09-23T11:14:25.4656968+02:00" testType="13cdc9d9-ddb5-4fa4-a97d-d965ccfc6d4b" outcome="Passed" testListId="8c84fa94-04c1-424b-9868-57a2d4851a1d" relativeResultsDirectory="ebe8fb08-9c50-4949-ab1b-e01fe03d5921" />
    <UnitTestResult executionId="1f606795-829e-42a5-a6c4-72ec67082c8f" testId="cb9bed55-cc44-45a7-819c-8baadc39d4ff" testName="OperatorEqual_Passing_Valid_Distinct_Values_Returns_False (Tenant_1)" computerName="PC-SFERRARI" duration="00:00:00.0000129" startTime="2021-09-23T11:14:25.6547100+02:00" endTime="2021-09-23T11:14:25.6547965+02:00" testType="13cdc9d9-ddb5-4fa4-a97d-d965ccfc6d4b" outcome="Passed" testListId="8c84fa94-04c1-424b-9868-57a2d4851a1d" relativeResultsDirectory="1f606795-829e-42a5-a6c4-72ec67082c8f" />
    <UnitTestResult executionId="5b6e3d93-57ca-4cc1-96d1-4e684953f08a" testId="6777d730-a801-4bd8-94f0-1373d94e6d52" testName="OperatorEqual_Passing_Valid_Values_Returns_True (San Bartoleme De Tirajana)" computerName="PC-SFERRARI" duration="00:00:00.0002091" startTime="2021-09-23T11:14:25.5459333+02:00" endTime="2021-09-23T11:14:25.5462122+02:00" testType="13cdc9d9-ddb5-4fa4-a97d-d965ccfc6d4b" outcome="Passed" testListId="8c84fa94-04c1-424b-9868-57a2d4851a1d" relativeResultsDirectory="5b6e3d93-57ca-4cc1-96d1-4e684953f08a" />
    <UnitTestResult executionId="3705901b-5f0e-4128-9fb2-5323a1928791" testId="c9bca6a1-fe0f-4ec6-a793-77cc5909d4af" testName="IsNull_Passing_Valid_Values_Returns_False (Sabadell,Barcelona,España)" computerName="PC-SFERRARI" duration="00:00:00.0000312" startTime="2021-09-23T11:14:25.3441333+02:00" endTime="2021-09-23T11:14:25.3443853+02:00" testType="13cdc9d9-ddb5-4fa4-a97d-d965ccfc6d4b" outcome="Passed" testListId="8c84fa94-04c1-424b-9868-57a2d4851a1d" relativeResultsDirectory="3705901b-5f0e-4128-9fb2-5323a1928791" />
    <UnitTestResult executionId="497276a0-b949-4b84-a821-4ecf7de4a999" testId="30581896-a454-4103-98e2-377830cb8854" testName="Create_Passing_Valid_Value_Returns_Email (ñandu@gmail.com)" computerName="PC-SFERRARI" duration="00:00:00.0348151" startTime="2021-09-23T11:14:25.0916226+02:00" endTime="2021-09-23T11:14:25.1265448+02:00" testType="13cdc9d9-ddb5-4fa4-a97d-d965ccfc6d4b" outcome="Passed" testListId="8c84fa94-04c1-424b-9868-57a2d4851a1d" relativeResultsDirectory="497276a0-b949-4b84-a821-4ecf7de4a999" />
    <UnitTestResult executionId="7e466bbf-ca15-49c9-8d35-46fe8a9fed64" testId="28832d32-54ee-4f7b-9bb0-0c325c04a147" testName="OperatorEqual_Passing_Valid_Values_Returns_True (200,EUR,4)" computerName="PC-SFERRARI" duration="00:00:00.0005037" startTime="2021-09-23T11:14:25.4364127+02:00" endTime="2021-09-23T11:14:25.4370616+02:00" testType="13cdc9d9-ddb5-4fa4-a97d-d965ccfc6d4b" outcome="Passed" testListId="8c84fa94-04c1-424b-9868-57a2d4851a1d" relativeResultsDirectory="7e466bbf-ca15-49c9-8d35-46fe8a9fed64" />
    <UnitTestResult executionId="8d6ee10d-45be-4755-8410-404d784c0d15" testId="87cd9b0a-5fed-41f8-b638-e40a2f15b47d" testName="Create_Passing_InvalidOrNull_Value_Returns_ApplicationException (dasdasd@dsasd.._ff)" computerName="PC-SFERRARI" duration="00:00:00.0006470" startTime="2021-09-23T11:14:25.0894342+02:00" endTime="2021-09-23T11:14:25.0902978+02:00" testType="13cdc9d9-ddb5-4fa4-a97d-d965ccfc6d4b" outcome="Passed" testListId="8c84fa94-04c1-424b-9868-57a2d4851a1d" relativeResultsDirectory="8d6ee10d-45be-4755-8410-404d784c0d15" />
    <UnitTestResult executionId="2aa350f7-5d6e-4b6a-a444-777af903b3a3" testId="0a673178-7f2c-4364-8252-0298b1cb01d4" testName="IsNull_Passing_Valid_Value_Returns_False (Tenant_A)" computerName="PC-SFERRARI" duration="00:00:00.0000106" startTime="2021-09-23T11:14:25.6535775+02:00" endTime="2021-09-23T11:14:25.6536567+02:00" testType="13cdc9d9-ddb5-4fa4-a97d-d965ccfc6d4b" outcome="Passed" testListId="8c84fa94-04c1-424b-9868-57a2d4851a1d" relativeResultsDirectory="2aa350f7-5d6e-4b6a-a444-777af903b3a3" />
    <UnitTestResult executionId="b109f197-c495-4a97-9a51-c10781cc4242" testId="0533a30b-3dfa-47d9-ba04-b50f87bea306" testName="Equals_Passing_Valid_Values_Returns_True (TenantA)" computerName="PC-SFERRARI" duration="00:00:00.0000157" startTime="2021-09-23T11:14:25.6385833+02:00" endTime="2021-09-23T11:14:25.6387902+02:00" testType="13cdc9d9-ddb5-4fa4-a97d-d965ccfc6d4b" outcome="Passed" testListId="8c84fa94-04c1-424b-9868-57a2d4851a1d" relativeResultsDirectory="b109f197-c495-4a97-9a51-c10781cc4242" />
    <UnitTestResult executionId="1bbb4da1-9164-4b99-b46b-0764ee0b29c6" testId="842c9c11-9066-4144-a1e3-dbcf8804d69e" testName="IsNull_Passing_Valid_Value_Returns_False (Esp añâ)" computerName="PC-SFERRARI" duration="00:00:00.0000175" startTime="2021-09-23T11:14:25.4897388+02:00" endTime="2021-09-23T11:14:25.4898435+02:00" testType="13cdc9d9-ddb5-4fa4-a97d-d965ccfc6d4b" outcome="Passed" testListId="8c84fa94-04c1-424b-9868-57a2d4851a1d" relativeResultsDirectory="1bbb4da1-9164-4b99-b46b-0764ee0b29c6" />
    <UnitTestResult executionId="b556977e-3dad-45fe-848a-634ab045f8fa" testId="879cf22e-28de-4510-93d1-895daa61e393" testName="Equals_Passing_Valid_Distinct_Values_Returns_False (tenant1)" computerName="PC-SFERRARI" duration="00:00:00.0012124" startTime="2021-09-23T11:14:25.6269869+02:00" endTime="2021-09-23T11:14:25.6283102+02:00" testType="13cdc9d9-ddb5-4fa4-a97d-d965ccfc6d4b" outcome="Passed" testListId="8c84fa94-04c1-424b-9868-57a2d4851a1d" relativeResultsDirectory="b556977e-3dad-45fe-848a-634ab045f8fa" />
    <UnitTestResult executionId="186e8d71-5779-4ac0-b85c-e95c841b6af2" testId="c7b4f8f2-7bcd-4d74-85e9-ee0329bb4605" testName="Create_Passing_Valid_Values_Returns_Currency (USD)" computerName="PC-SFERRARI" duration="00:00:00.0028949" startTime="2021-09-23T11:14:24.9099362+02:00" endTime="2021-09-23T11:14:24.9129676+02:00" testType="13cdc9d9-ddb5-4fa4-a97d-d965ccfc6d4b" outcome="Passed" testListId="8c84fa94-04c1-424b-9868-57a2d4851a1d" relativeResultsDirectory="186e8d71-5779-4ac0-b85c-e95c841b6af2" />
    <UnitTestResult executionId="1b290a6b-537c-478d-aeaf-59c7046a4ba3" testId="139953c4-2dac-44dc-830d-4eed28c9c9ca" testName="OperatorEqual_Passing_Valid_Distinct_Values_Returns_False (España)" computerName="PC-SFERRARI" duration="00:00:00.0005854" startTime="2021-09-23T11:14:25.4899054+02:00" endTime="2021-09-23T11:14:25.4906047+02:00" testType="13cdc9d9-ddb5-4fa4-a97d-d965ccfc6d4b" outcome="Passed" testListId="8c84fa94-04c1-424b-9868-57a2d4851a1d" relativeResultsDirectory="1b290a6b-537c-478d-aeaf-59c7046a4ba3" />
    <UnitTestResult executionId="5091b351-5db6-479d-927e-06cee8ab3cc6" testId="0495ed4a-dba3-4f91-b6c1-4a5fc1bfff32" testName="OperatorEqual_Passing_Valid_Values_Returns_True (TENANT1)" computerName="PC-SFERRARI" duration="00:00:00.0000327" startTime="2021-09-23T11:14:25.6654154+02:00" endTime="2021-09-23T11:14:25.6656381+02:00" testType="13cdc9d9-ddb5-4fa4-a97d-d965ccfc6d4b" outcome="Passed" testListId="8c84fa94-04c1-424b-9868-57a2d4851a1d" relativeResultsDirectory="5091b351-5db6-479d-927e-06cee8ab3cc6" />
    <UnitTestResult executionId="175c5dbb-1dba-41e9-a1cb-fc83e13d16f5" testId="85652c12-c14b-4494-b10f-3486b2520fd7" testName="IsNull_Passing_Valid_Value_Returns_False (dasdasd@dsasd.ff)" computerName="PC-SFERRARI" duration="00:00:00.0001811" startTime="2021-09-23T11:14:25.1350763+02:00" endTime="2021-09-23T11:14:25.1353463+02:00" testType="13cdc9d9-ddb5-4fa4-a97d-d965ccfc6d4b" outcome="Passed" testListId="8c84fa94-04c1-424b-9868-57a2d4851a1d" relativeResultsDirectory="175c5dbb-1dba-41e9-a1cb-fc83e13d16f5" />
    <UnitTestResult executionId="a3ded4a1-b80d-4319-abd2-6ad217c3780e" testId="e0916e9e-86a5-4328-90cb-f3f490801d9a" testName="Equals_Passing_Valid_Distinct_Values_Returns_False (stage_hackerone.com)" computerName="PC-SFERRARI" duration="00:00:00.0000200" startTime="2021-09-23T11:14:25.5689522+02:00" endTime="2021-09-23T11:14:25.5690584+02:00" testType="13cdc9d9-ddb5-4fa4-a97d-d965ccfc6d4b" outcome="Passed" testListId="8c84fa94-04c1-424b-9868-57a2d4851a1d" relativeResultsDirectory="a3ded4a1-b80d-4319-abd2-6ad217c3780e" />
    <UnitTestResult executionId="e398a529-cf46-421b-9d49-49d278ad1c49" testId="44990457-bd14-4723-83f6-3709c3eb45e9" testName="ToString_Passing_Valid_Values_Returns_Name (Esp añâ)" computerName="PC-SFERRARI" duration="00:00:00.0000135" startTime="2021-09-23T11:14:25.5341399+02:00" endTime="2021-09-23T11:14:25.5342209+02:00" testType="13cdc9d9-ddb5-4fa4-a97d-d965ccfc6d4b" outcome="Passed" testListId="8c84fa94-04c1-424b-9868-57a2d4851a1d" relativeResultsDirectory="e398a529-cf46-421b-9d49-49d278ad1c49" />
    <UnitTestResult executionId="a2d9eee1-9031-4f65-897c-109caced3983" testId="db6dc82d-0ae0-4a65-8a7d-a7cc0021e396" testName="Equals_Passing_Valid_Distinct_Values_Returns_False (dasdasd@dsasd.ff)" computerName="PC-SFERRARI" duration="00:00:00.0012937" startTime="2021-09-23T11:14:25.1320830+02:00" endTime="2021-09-23T11:14:25.1334893+02:00" testType="13cdc9d9-ddb5-4fa4-a97d-d965ccfc6d4b" outcome="Passed" testListId="8c84fa94-04c1-424b-9868-57a2d4851a1d" relativeResultsDirectory="a2d9eee1-9031-4f65-897c-109caced3983" />
    <UnitTestResult executionId="87b3d6f7-55b3-4f72-be3f-fdbf89ffe6c4" testId="d6cd48a1-778c-4495-86ee-b5a707b7f02b" testName="OperatorNotEqual_Passing_Valid_Values_Returns_True (tenant_1)" computerName="PC-SFERRARI" duration="00:00:00.0000144" startTime="2021-09-23T11:14:25.6828148+02:00" endTime="2021-09-23T11:14:25.6829081+02:00" testType="13cdc9d9-ddb5-4fa4-a97d-d965ccfc6d4b" outcome="Passed" testListId="8c84fa94-04c1-424b-9868-57a2d4851a1d" relativeResultsDirectory="87b3d6f7-55b3-4f72-be3f-fdbf89ffe6c4" />
    <UnitTestResult executionId="872e3e78-31fa-4647-9396-18f011d30efe" testId="44abd950-1b98-4459-9ca9-85778eb5e526" testName="Equals_Passing_Valid_Values_Returns_True (www.hackerone-com)" computerName="PC-SFERRARI" duration="00:00:00.0000244" startTime="2021-09-23T11:14:25.5696376+02:00" endTime="2021-09-23T11:14:25.5699078+02:00" testType="13cdc9d9-ddb5-4fa4-a97d-d965ccfc6d4b" outcome="Passed" testListId="8c84fa94-04c1-424b-9868-57a2d4851a1d" relativeResultsDirectory="872e3e78-31fa-4647-9396-18f011d30efe" />
    <UnitTestResult executionId="8fc720fe-3e81-4155-aff2-657277eba5a3" testId="eff32efd-c7f2-431a-8194-ce4adf9073b6" testName="ToEnum_Passing_Valid_Bool_Value_Returns_Enumeracion" computerName="PC-SFERRARI" duration="00:00:00.0006378" startTime="2021-09-23T11:14:24.4293763+02:00" endTime="2021-09-23T11:14:24.4301014+02:00" testType="13cdc9d9-ddb5-4fa4-a97d-d965ccfc6d4b" outcome="Passed" testListId="8c84fa94-04c1-424b-9868-57a2d4851a1d" relativeResultsDirectory="8fc720fe-3e81-4155-aff2-657277eba5a3" />
    <UnitTestResult executionId="49321fe4-132e-47b1-a790-01445f2a616c" testId="abf81550-a7cb-462d-b96b-654e85fba0c1" testName="OperatorNotEqual_Passing_Valid_Values_Returns_False (Sabadell)" computerName="PC-SFERRARI" duration="00:00:00.0000116" startTime="2021-09-23T11:14:25.5562959+02:00" endTime="2021-09-23T11:14:25.5564054+02:00" testType="13cdc9d9-ddb5-4fa4-a97d-d965ccfc6d4b" outcome="Passed" testListId="8c84fa94-04c1-424b-9868-57a2d4851a1d" relativeResultsDirectory="49321fe4-132e-47b1-a790-01445f2a616c" />
    <UnitTestResult executionId="44a5df1d-7299-4d0e-bd41-245033f92aae" testId="6d51ac6c-0fbb-4c42-bd88-267e6bb2065c" testName="OperatorEqual_Passing_Valid_Values_Returns_True (Sabadell)" computerName="PC-SFERRARI" duration="00:00:00.0000094" startTime="2021-09-23T11:14:25.5462833+02:00" endTime="2021-09-23T11:14:25.5463651+02:00" testType="13cdc9d9-ddb5-4fa4-a97d-d965ccfc6d4b" outcome="Passed" testListId="8c84fa94-04c1-424b-9868-57a2d4851a1d" relativeResultsDirectory="44a5df1d-7299-4d0e-bd41-245033f92aae" />
    <UnitTestResult executionId="8fe9c640-1dba-4f2d-8eda-e211422eb297" testId="0451c430-4429-4f4e-bd51-db890e22c1cb" testName="Equals_Passing_Valid_Distinct_Values_Returns_False (España)" computerName="PC-SFERRARI" duration="00:00:00.0016810" startTime="2021-09-23T11:14:25.4688108+02:00" endTime="2021-09-23T11:14:25.4705966+02:00" testType="13cdc9d9-ddb5-4fa4-a97d-d965ccfc6d4b" outcome="Passed" testListId="8c84fa94-04c1-424b-9868-57a2d4851a1d" relativeResultsDirectory="8fe9c640-1dba-4f2d-8eda-e211422eb297" />
    <UnitTestResult executionId="af5fe9cf-b34e-4f46-9cda-f4134c239881" testId="9cce29e8-8e38-4215-a3d8-20d00dd46025" testName="OperatorNotEqual_Passing_Valid_Values_Returns_False (España)" computerName="PC-SFERRARI" duration="00:00:00.0003021" startTime="2021-09-23T11:14:25.5028407+02:00" endTime="2021-09-23T11:14:25.5032204+02:00" testType="13cdc9d9-ddb5-4fa4-a97d-d965ccfc6d4b" outcome="Passed" testListId="8c84fa94-04c1-424b-9868-57a2d4851a1d" relativeResultsDirectory="af5fe9cf-b34e-4f46-9cda-f4134c239881" />
    <UnitTestResult executionId="00f1aad0-a463-49d6-82da-42007c5e8fd2" testId="9a3dc3eb-cd87-4b17-bdfb-b519f38007b4" testName="OperatorEqual_Passing_Valid_Distinct_Values_Returns_False (tenantA)" computerName="PC-SFERRARI" duration="00:00:00.0002277" startTime="2021-09-23T11:14:25.6579588+02:00" endTime="2021-09-23T11:14:25.6587327+02:00" testType="13cdc9d9-ddb5-4fa4-a97d-d965ccfc6d4b" outcome="Passed" testListId="8c84fa94-04c1-424b-9868-57a2d4851a1d" relativeResultsDirectory="00f1aad0-a463-49d6-82da-42007c5e8fd2" />
    <UnitTestResult executionId="5944698e-32f1-4afd-be48-e4aba659185b" testId="201c73d9-3be7-477c-97ef-0c371b3313e2" testName="OperatorNotEqual_Passing_Valid_Values_Returns_True (Tenant_1)" computerName="PC-SFERRARI" duration="00:00:00.0000210" startTime="2021-09-23T11:14:25.6829653+02:00" endTime="2021-09-23T11:14:25.6830637+02:00" testType="13cdc9d9-ddb5-4fa4-a97d-d965ccfc6d4b" outcome="Passed" testListId="8c84fa94-04c1-424b-9868-57a2d4851a1d" relativeResultsDirectory="5944698e-32f1-4afd-be48-e4aba659185b" />
    <UnitTestResult executionId="d15841b1-8f99-4f14-b0a1-cc5699562534" testId="5106cf34-a757-47bc-a436-93a034fea8f2" testName="IsNull_Passing_Valid_Value_Returns_False (tenant_1)" computerName="PC-SFERRARI" duration="00:00:00.0000106" startTime="2021-09-23T11:14:25.6494486+02:00" endTime="2021-09-23T11:14:25.6495260+02:00" testType="13cdc9d9-ddb5-4fa4-a97d-d965ccfc6d4b" outcome="Passed" testListId="8c84fa94-04c1-424b-9868-57a2d4851a1d" relativeResultsDirectory="d15841b1-8f99-4f14-b0a1-cc5699562534" />
    <UnitTestResult executionId="6df1674f-a037-46ce-a1a6-55d236fb6ede" testId="149922d1-7967-407e-8b4d-1ed344b8e797" testName="ToString_Passing_Valid_Values_Returns_Name (Tenant_1)" computerName="PC-SFERRARI" duration="00:00:00.0000133" startTime="2021-09-23T11:14:25.6947448+02:00" endTime="2021-09-23T11:14:25.6948389+02:00" testType="13cdc9d9-ddb5-4fa4-a97d-d965ccfc6d4b" outcome="Passed" testListId="8c84fa94-04c1-424b-9868-57a2d4851a1d" relativeResultsDirectory="6df1674f-a037-46ce-a1a6-55d236fb6ede" />
    <UnitTestResult executionId="bea54885-903b-4023-b302-18993c85aca5" testId="fed28795-fc87-46eb-87de-c9a7d0f39579" testName="ToString_Passing_Valid_Values_Returns_Value_String_Format (Sabadell,Barcelona)" computerName="PC-SFERRARI" duration="00:00:00.0000337" startTime="2021-09-23T11:14:25.3539616+02:00" endTime="2021-09-23T11:14:25.3541318+02:00" testType="13cdc9d9-ddb5-4fa4-a97d-d965ccfc6d4b" outcome="Passed" testListId="8c84fa94-04c1-424b-9868-57a2d4851a1d" relativeResultsDirectory="bea54885-903b-4023-b302-18993c85aca5" />
    <UnitTestResult executionId="56ce9f41-77d5-4914-b6c7-e3d260b6e408" testId="fa34b6f5-8946-4f34-bda8-81116880fc27" testName="OperatorNotEqual_Passing_Valid_Values_Returns_False (34fsds@sdd.fgg)" computerName="PC-SFERRARI" duration="00:00:00.0000358" startTime="2021-09-23T11:14:25.1399463+02:00" endTime="2021-09-23T11:14:25.1400786+02:00" testType="13cdc9d9-ddb5-4fa4-a97d-d965ccfc6d4b" outcome="Passed" testListId="8c84fa94-04c1-424b-9868-57a2d4851a1d" relativeResultsDirectory="56ce9f41-77d5-4914-b6c7-e3d260b6e408" />
    <UnitTestResult executionId="dc9cbdf5-833c-42a6-98ce-8546530d1c6b" testId="a3e54be7-066c-422a-96bd-67548b9b2044" testName="OperatorEqual_Passing_Valid_Values_Returns_True (Españà)" computerName="PC-SFERRARI" duration="00:00:00.0000325" startTime="2021-09-23T11:14:25.4980815+02:00" endTime="2021-09-23T11:14:25.4981968+02:00" testType="13cdc9d9-ddb5-4fa4-a97d-d965ccfc6d4b" outcome="Passed" testListId="8c84fa94-04c1-424b-9868-57a2d4851a1d" relativeResultsDirectory="dc9cbdf5-833c-42a6-98ce-8546530d1c6b" />
    <UnitTestResult executionId="efc24617-278d-4fc3-9800-433e40af0dec" testId="34d6c2bc-c005-4111-8e14-b9695551a57b" testName="Equals_Passing_Valid_Values_Returns_True (app.hackerone1.com)" computerName="PC-SFERRARI" duration="00:00:00.0003454" startTime="2021-09-23T11:14:25.5691406+02:00" endTime="2021-09-23T11:14:25.5695574+02:00" testType="13cdc9d9-ddb5-4fa4-a97d-d965ccfc6d4b" outcome="Passed" testListId="8c84fa94-04c1-424b-9868-57a2d4851a1d" relativeResultsDirectory="efc24617-278d-4fc3-9800-433e40af0dec" />
    <UnitTestResult executionId="e676f34c-2d8e-4c46-82d9-15b7ec967c51" testId="3d62fabc-b25c-4f29-8e97-9229165c1f45" testName="Create_Passing_InvalidOrNull_Value_Returns_ApplicationException (,8768768768)" computerName="PC-SFERRARI" duration="00:00:00.0000715" startTime="2021-09-23T11:14:25.5919104+02:00" endTime="2021-09-23T11:14:25.5921248+02:00" testType="13cdc9d9-ddb5-4fa4-a97d-d965ccfc6d4b" outcome="Passed" testListId="8c84fa94-04c1-424b-9868-57a2d4851a1d" relativeResultsDirectory="e676f34c-2d8e-4c46-82d9-15b7ec967c51" />
    <UnitTestResult executionId="8a839e56-e2b0-49d8-965c-1adc322b14db" testId="68a91499-aab7-444a-8987-a5135359202a" testName="OperatorNotEqual_Passing_Valid_Values_Returns_True (34fsds@sdd.fgg)" computerName="PC-SFERRARI" duration="00:00:00.0000329" startTime="2021-09-23T11:14:25.1404958+02:00" endTime="2021-09-23T11:14:25.1406001+02:00" testType="13cdc9d9-ddb5-4fa4-a97d-d965ccfc6d4b" outcome="Passed" testListId="8c84fa94-04c1-424b-9868-57a2d4851a1d" relativeResultsDirectory="8a839e56-e2b0-49d8-965c-1adc322b14db" />
    <UnitTestResult executionId="6cc70b6c-8d11-4749-ab11-16360267f116" testId="8a7ea804-45f1-437c-9e58-24159c383518" testName="Equals_Passing_Valid_Values_Returns_True (Esp añâ)" computerName="PC-SFERRARI" duration="00:00:00.0000210" startTime="2021-09-23T11:14:25.4843213+02:00" endTime="2021-09-23T11:14:25.4844176+02:00" testType="13cdc9d9-ddb5-4fa4-a97d-d965ccfc6d4b" outcome="Passed" testListId="8c84fa94-04c1-424b-9868-57a2d4851a1d" relativeResultsDirectory="6cc70b6c-8d11-4749-ab11-16360267f116" />
    <UnitTestResult executionId="a5065f32-1bd6-4d71-9721-8b27b272036e" testId="61233671-ec4e-47d0-9b2f-547fa61140b8" testName="ToEnum_Passing_Invalid_String_Name_Returns_Null" computerName="PC-SFERRARI" duration="00:00:00.0001833" startTime="2021-09-23T11:14:24.4287089+02:00" endTime="2021-09-23T11:14:24.4289595+02:00" testType="13cdc9d9-ddb5-4fa4-a97d-d965ccfc6d4b" outcome="Passed" testListId="8c84fa94-04c1-424b-9868-57a2d4851a1d" relativeResultsDirectory="a5065f32-1bd6-4d71-9721-8b27b272036e" />
    <UnitTestResult executionId="65c0f707-7630-455c-a2c2-81377aa3075a" testId="c810c0ec-1850-4a1f-8492-0d35fd469c44" testName="ToNormalize_Passing_Valid_Values_Returns_Address_String_Format (bb_ads@ggg.cc)" computerName="PC-SFERRARI" duration="00:00:00.0001329" startTime="2021-09-23T11:14:25.3235047+02:00" endTime="2021-09-23T11:14:25.3237635+02:00" testType="13cdc9d9-ddb5-4fa4-a97d-d965ccfc6d4b" outcome="Passed" testListId="8c84fa94-04c1-424b-9868-57a2d4851a1d" relativeResultsDirectory="65c0f707-7630-455c-a2c2-81377aa3075a" />
    <UnitTestResult executionId="00a18a23-24ed-4fed-aa72-9e3bb1660b27" testId="ae0bccfa-e51f-47ad-be45-e25933f7da44" testName="ToNormalize_Passing_Valid_Values_Returns_Name_String_Format (España,Espana)" computerName="PC-SFERRARI" duration="00:00:00.0035097" startTime="2021-09-23T11:14:25.5201171+02:00" endTime="2021-09-23T11:14:25.5237161+02:00" testType="13cdc9d9-ddb5-4fa4-a97d-d965ccfc6d4b" outcome="Passed" testListId="8c84fa94-04c1-424b-9868-57a2d4851a1d" relativeResultsDirectory="00a18a23-24ed-4fed-aa72-9e3bb1660b27" />
    <UnitTestResult executionId="b2a1730c-03c7-449c-b82e-df95e86ee8de" testId="5892257d-f02c-488a-a7d4-ff635acb0297" testName="GetAll_Passing_Nothing_Returns_Enumeracion_List" computerName="PC-SFERRARI" duration="00:00:00.0008691" startTime="2021-09-23T11:14:24.4200194+02:00" endTime="2021-09-23T11:14:24.4210479+02:00" testType="13cdc9d9-ddb5-4fa4-a97d-d965ccfc6d4b" outcome="Passed" testListId="8c84fa94-04c1-424b-9868-57a2d4851a1d" relativeResultsDirectory="b2a1730c-03c7-449c-b82e-df95e86ee8de" />
    <UnitTestResult executionId="597f2406-9b97-47b8-86f4-0f5c4cfcda99" testId="cb943e88-bc64-4ca2-af26-637b162ba1e9" testName="OperatorEqual_Passing_Valid_Values_Returns_True (Pader,789,DF7956,Sabadell,Barcelona,España)" computerName="PC-SFERRARI" duration="00:00:00.0000280" startTime="2021-09-23T11:14:24.5268819+02:00" endTime="2021-09-23T11:14:24.5271800+02:00" testType="13cdc9d9-ddb5-4fa4-a97d-d965ccfc6d4b" outcome="Passed" testListId="8c84fa94-04c1-424b-9868-57a2d4851a1d" relativeResultsDirectory="597f2406-9b97-47b8-86f4-0f5c4cfcda99" />
    <UnitTestResult executionId="0068f994-0938-42c9-9f1c-5ebbf1bd6f76" testId="439e115f-52af-4494-8aef-109e9559178d" testName="OperatorEqual_Passing_Valid_Distinct_Values_Returns_False (Españä)" computerName="PC-SFERRARI" duration="00:00:00.0000182" startTime="2021-09-23T11:14:25.4915021+02:00" endTime="2021-09-23T11:14:25.4915899+02:00" testType="13cdc9d9-ddb5-4fa4-a97d-d965ccfc6d4b" outcome="Passed" testListId="8c84fa94-04c1-424b-9868-57a2d4851a1d" relativeResultsDirectory="0068f994-0938-42c9-9f1c-5ebbf1bd6f76" />
    <UnitTestResult executionId="2292e7ed-46aa-42b9-89ca-5f45199ba031" testId="6c62a889-b333-47fb-9e14-1f06fded81eb" testName="Create_Passing_Valid_Values_Returns_Telephone (456,43543543543)" computerName="PC-SFERRARI" duration="00:00:00.0003271" startTime="2021-09-23T11:14:25.5924268+02:00" endTime="2021-09-23T11:14:25.5928377+02:00" testType="13cdc9d9-ddb5-4fa4-a97d-d965ccfc6d4b" outcome="Passed" testListId="8c84fa94-04c1-424b-9868-57a2d4851a1d" relativeResultsDirectory="2292e7ed-46aa-42b9-89ca-5f45199ba031" />
    <UnitTestResult executionId="66b938a4-3031-4210-b6f4-717e13a715b8" testId="395ed220-b119-48b4-80b6-7e255e40f897" testName="Create_Passing_InvalidOrNull_Value_Returns_ApplicationException (4324324,0)" computerName="PC-SFERRARI" duration="00:00:00.0000693" startTime="2021-09-23T11:14:25.5921990+02:00" endTime="2021-09-23T11:14:25.5923547+02:00" testType="13cdc9d9-ddb5-4fa4-a97d-d965ccfc6d4b" outcome="Passed" testListId="8c84fa94-04c1-424b-9868-57a2d4851a1d" relativeResultsDirectory="66b938a4-3031-4210-b6f4-717e13a715b8" />
    <UnitTestResult executionId="28544679-42cc-4636-84d6-8f9b0478a8cd" testId="de7ef5ce-a0be-42b5-b8fc-b949ba161725" testName="Create_Passing_Valid_Values_Returns_Name (tenant_1)" computerName="PC-SFERRARI" duration="00:00:00.0000093" startTime="2021-09-23T11:14:25.6212637+02:00" endTime="2021-09-23T11:14:25.6213400+02:00" testType="13cdc9d9-ddb5-4fa4-a97d-d965ccfc6d4b" outcome="Passed" testListId="8c84fa94-04c1-424b-9868-57a2d4851a1d" relativeResultsDirectory="28544679-42cc-4636-84d6-8f9b0478a8cd" />
    <UnitTestResult executionId="0fc747f5-527c-48c1-a62f-9d3bcdbddd64" testId="c154cf35-73c8-4a5d-87c5-155c157b81fd" testName="OperatorNotEqual_Passing_Valid_Values_Returns_True (Españâ)" computerName="PC-SFERRARI" duration="00:00:00.0000966" startTime="2021-09-23T11:14:25.5148965+02:00" endTime="2021-09-23T11:14:25.5150774+02:00" testType="13cdc9d9-ddb5-4fa4-a97d-d965ccfc6d4b" outcome="Passed" testListId="8c84fa94-04c1-424b-9868-57a2d4851a1d" relativeResultsDirectory="0fc747f5-527c-48c1-a62f-9d3bcdbddd64" />
    <UnitTestResult executionId="a8db2354-b351-432c-822c-afaba04e8c2e" testId="8556721e-714e-42ad-ba6d-89b2443c2ba0" testName="OperatorNotEqual_Passing_Valid_Values_Returns_False (Españç)" computerName="PC-SFERRARI" duration="00:00:00.0000356" startTime="2021-09-23T11:14:25.5127926+02:00" endTime="2021-09-23T11:14:25.5132063+02:00" testType="13cdc9d9-ddb5-4fa4-a97d-d965ccfc6d4b" outcome="Passed" testListId="8c84fa94-04c1-424b-9868-57a2d4851a1d" relativeResultsDirectory="a8db2354-b351-432c-822c-afaba04e8c2e" />
    <UnitTestResult executionId="ae9d0cca-9d08-4887-941d-804ba4f4384b" testId="7af4ef23-a520-4472-846a-83ae7bbc039d" testName="IsNull_Passing_Valid_Values_Returns_False (456,43543543543)" computerName="PC-SFERRARI" duration="00:00:00.0002247" startTime="2021-09-23T11:14:25.6030614+02:00" endTime="2021-09-23T11:14:25.6034215+02:00" testType="13cdc9d9-ddb5-4fa4-a97d-d965ccfc6d4b" outcome="Passed" testListId="8c84fa94-04c1-424b-9868-57a2d4851a1d" relativeResultsDirectory="ae9d0cca-9d08-4887-941d-804ba4f4384b" />
    <UnitTestResult executionId="f59e77fa-33e6-4061-92a1-4ae32c5b4115" testId="c728fb1a-e281-4376-89f8-7b4a9eab4ae0" testName="Create_Passing_InvalidOrNull_Value_Returns_ApplicationException (Tenerife,-10,DF7956,Sabadell,Barcelona,España)" computerName="PC-SFERRARI" duration="00:00:00.0000703" startTime="2021-09-23T11:14:24.5101238+02:00" endTime="2021-09-23T11:14:24.5102933+02:00" testType="13cdc9d9-ddb5-4fa4-a97d-d965ccfc6d4b" outcome="Passed" testListId="8c84fa94-04c1-424b-9868-57a2d4851a1d" relativeResultsDirectory="f59e77fa-33e6-4061-92a1-4ae32c5b4115" />
    <UnitTestResult executionId="5d4f769b-78be-44aa-b267-5d23b68ec826" testId="7a2e2ad3-7e7c-4812-beb1-591099421fa3" testName="OperatorEqual_Passing_Valid_Distinct_Values_Returns_False (100,EUR,2)" computerName="PC-SFERRARI" duration="00:00:00.0018643" startTime="2021-09-23T11:14:25.4279026+02:00" endTime="2021-09-23T11:14:25.4299161+02:00" testType="13cdc9d9-ddb5-4fa4-a97d-d965ccfc6d4b" outcome="Passed" testListId="8c84fa94-04c1-424b-9868-57a2d4851a1d" relativeResultsDirectory="5d4f769b-78be-44aa-b267-5d23b68ec826" />
    <UnitTestResult executionId="4ac678f2-c464-4807-bb15-3bf1a5248daa" testId="04d53611-1d4f-4f1d-bf9a-c741b881bdc6" testName="Create_Passing_Valid_Values_Returns_Address (200,EUR,4)" computerName="PC-SFERRARI" duration="00:00:00.0003384" startTime="2021-09-23T11:14:25.4083553+02:00" endTime="2021-09-23T11:14:25.4088066+02:00" testType="13cdc9d9-ddb5-4fa4-a97d-d965ccfc6d4b" outcome="Passed" testListId="8c84fa94-04c1-424b-9868-57a2d4851a1d" relativeResultsDirectory="4ac678f2-c464-4807-bb15-3bf1a5248daa" />
    <UnitTestResult executionId="3c13239b-12cd-4089-a35b-8ab896b655ef" testId="f8faf6e6-326d-463a-8be5-cd0062673a37" testName="IsNull_Passing_Valid_Value_Returns_False (TENANT_1)" computerName="PC-SFERRARI" duration="00:00:00.0000098" startTime="2021-09-23T11:14:25.6497297+02:00" endTime="2021-09-23T11:14:25.6498380+02:00" testType="13cdc9d9-ddb5-4fa4-a97d-d965ccfc6d4b" outcome="Passed" testListId="8c84fa94-04c1-424b-9868-57a2d4851a1d" relativeResultsDirectory="3c13239b-12cd-4089-a35b-8ab896b655ef" />
    <UnitTestResult executionId="26f84b64-5e14-42d7-ac50-fede024c8139" testId="4f9e3e8e-a264-4d48-851f-20a8734e7899" testName="ToEnum_Passing_Valid_IntName_Enumeracion_Returns_Enumeracion" computerName="PC-SFERRARI" duration="00:00:00.0002982" startTime="2021-09-23T11:14:24.3065465+02:00" endTime="2021-09-23T11:14:24.3069795+02:00" testType="13cdc9d9-ddb5-4fa4-a97d-d965ccfc6d4b" outcome="Passed" testListId="8c84fa94-04c1-424b-9868-57a2d4851a1d" relativeResultsDirectory="26f84b64-5e14-42d7-ac50-fede024c8139" />
    <UnitTestResult executionId="f55a146e-7f43-4df9-90b0-cbfdca538798" testId="7b8c4d2a-ff08-49a0-94e0-78a362e55afb" testName="OperatorEqual_Passing_Valid_Values_Returns_True (Españç)" computerName="PC-SFERRARI" duration="00:00:00.0000660" startTime="2021-09-23T11:14:25.5019868+02:00" endTime="2021-09-23T11:14:25.5023082+02:00" testType="13cdc9d9-ddb5-4fa4-a97d-d965ccfc6d4b" outcome="Passed" testListId="8c84fa94-04c1-424b-9868-57a2d4851a1d" relativeResultsDirectory="f55a146e-7f43-4df9-90b0-cbfdca538798" />
    <UnitTestResult executionId="4ee83f27-5779-4d5e-81d9-e8bd50440e56" testId="027209eb-035e-4a73-93cc-5335c9f0d307" testName="Equals_Passing_Valid_Values_Returns_True (stage_hackerone.com)" computerName="PC-SFERRARI" duration="00:00:00.0000336" startTime="2021-09-23T11:14:25.5741307+02:00" endTime="2021-09-23T11:14:25.5742892+02:00" testType="13cdc9d9-ddb5-4fa4-a97d-d965ccfc6d4b" outcome="Passed" testListId="8c84fa94-04c1-424b-9868-57a2d4851a1d" relativeResultsDirectory="4ee83f27-5779-4d5e-81d9-e8bd50440e56" />
    <UnitTestResult executionId="384ea776-ecbf-4a02-a9ae-314c11d88c31" testId="6e6a3807-0a04-49f1-8b87-adbce8d9d637" testName="ToString_Passing_Valid_Values_Returns_Name (Españħ)" computerName="PC-SFERRARI" duration="00:00:00.0000167" startTime="2021-09-23T11:14:25.5339530+02:00" endTime="2021-09-23T11:14:25.5340740+02:00" testType="13cdc9d9-ddb5-4fa4-a97d-d965ccfc6d4b" outcome="Passed" testListId="8c84fa94-04c1-424b-9868-57a2d4851a1d" relativeResultsDirectory="384ea776-ecbf-4a02-a9ae-314c11d88c31" />
    <UnitTestResult executionId="52186dc3-45c5-49c3-9a27-7ca8736686fb" testId="a95f4d68-a8c0-4194-8166-0e16a67cb501" testName="ToEnum_Passing_Invalid_String_Name_Enumeracion_Returns_Null" computerName="PC-SFERRARI" duration="00:00:00.0011011" startTime="2021-09-23T11:14:24.3052566+02:00" endTime="2021-09-23T11:14:24.3064610+02:00" testType="13cdc9d9-ddb5-4fa4-a97d-d965ccfc6d4b" outcome="Passed" testListId="8c84fa94-04c1-424b-9868-57a2d4851a1d" relativeResultsDirectory="52186dc3-45c5-49c3-9a27-7ca8736686fb" />
    <UnitTestResult executionId="ffc13bd7-a7d5-408f-985e-326553ee48ce" testId="9be9bd83-4997-4b50-821d-f885446327d5" testName="IsNull_Passing_Valid_Address_Returns_False (Tenerife,23,34567,San Bartoleme De Tirajana,Las Palmas,España)" computerName="PC-SFERRARI" duration="00:00:00.0002433" startTime="2021-09-23T11:14:24.5206731+02:00" endTime="2021-09-23T11:14:24.5210436+02:00" testType="13cdc9d9-ddb5-4fa4-a97d-d965ccfc6d4b" outcome="Passed" testListId="8c84fa94-04c1-424b-9868-57a2d4851a1d" relativeResultsDirectory="ffc13bd7-a7d5-408f-985e-326553ee48ce" />
    <UnitTestResult executionId="ff12cbd9-68a9-4e1e-bad4-b9a6ae905cfc" testId="bcd485d6-94c1-486b-b639-a25d65c06b00" testName="OperatorNotEqual_Passing_Valid_Values_Returns_False (400,USD,8)" computerName="PC-SFERRARI" duration="00:00:00.0011456" startTime="2021-09-23T11:14:25.4468366+02:00" endTime="2021-09-23T11:14:25.4480975+02:00" testType="13cdc9d9-ddb5-4fa4-a97d-d965ccfc6d4b" outcome="Passed" testListId="8c84fa94-04c1-424b-9868-57a2d4851a1d" relativeResultsDirectory="ff12cbd9-68a9-4e1e-bad4-b9a6ae905cfc" />
    <UnitTestResult executionId="aebc18e3-aaa0-41b8-bb42-ceb37dccb75e" testId="5a3b021c-7ec5-4b44-9b52-2c3b686120a2" testName="OperatorNotEqual_Passing_Valid_Values_Returns_True (Españà)" computerName="PC-SFERRARI" duration="00:00:00.0000211" startTime="2021-09-23T11:14:25.5145577+02:00" endTime="2021-09-23T11:14:25.5146630+02:00" testType="13cdc9d9-ddb5-4fa4-a97d-d965ccfc6d4b" outcome="Passed" testListId="8c84fa94-04c1-424b-9868-57a2d4851a1d" relativeResultsDirectory="aebc18e3-aaa0-41b8-bb42-ceb37dccb75e" />
    <UnitTestResult executionId="b3d5cdcc-8e05-4918-b35f-2651ffe8a681" testId="b18e0c97-1790-4381-8253-656117ba6129" testName="Equals_Passing_Valid_Values_Returns_True (Españã)" computerName="PC-SFERRARI" duration="00:00:00.0000185" startTime="2021-09-23T11:14:25.4787428+02:00" endTime="2021-09-23T11:14:25.4788287+02:00" testType="13cdc9d9-ddb5-4fa4-a97d-d965ccfc6d4b" outcome="Passed" testListId="8c84fa94-04c1-424b-9868-57a2d4851a1d" relativeResultsDirectory="b3d5cdcc-8e05-4918-b35f-2651ffe8a681" />
    <UnitTestResult executionId="0decdb85-5dd9-4fef-84e7-aad43528a44b" testId="9527d134-e45c-4b29-bdef-1a5cfd25f880" testName="OperatorNotEqual_Passing_Valid_Values_Returns_True (Españá)" computerName="PC-SFERRARI" duration="00:00:00.0000197" startTime="2021-09-23T11:14:25.5142347+02:00" endTime="2021-09-23T11:14:25.5143307+02:00" testType="13cdc9d9-ddb5-4fa4-a97d-d965ccfc6d4b" outcome="Passed" testListId="8c84fa94-04c1-424b-9868-57a2d4851a1d" relativeResultsDirectory="0decdb85-5dd9-4fef-84e7-aad43528a44b" />
    <UnitTestResult executionId="f34da73d-80b2-4823-9918-7950b27be49e" testId="825fe866-279d-477c-81e7-3537478b63c8" testName="OperatorNotEqual_Passing_Valid_Values_Returns_False (Españá)" computerName="PC-SFERRARI" duration="00:00:00.0000245" startTime="2021-09-23T11:14:25.5032971+02:00" endTime="2021-09-23T11:14:25.5034116+02:00" testType="13cdc9d9-ddb5-4fa4-a97d-d965ccfc6d4b" outcome="Passed" testListId="8c84fa94-04c1-424b-9868-57a2d4851a1d" relativeResultsDirectory="f34da73d-80b2-4823-9918-7950b27be49e" />
  </Results>
  <TestDefinitions>
    <UnitTest name="ToString_Passing_Valid_Values_Returns_Subdomain (stage_hackerone.com)" storage="d:\sferrari\01 - trabajo\repos\netcore\libs\template-netcore-entities\kitpymes.core.entities.tests\bin\debug\net5.0\kitpymes.core.entities.tests.dll" id="c8dcbacf-ef82-4a88-aa09-de878075b615">
      <Execution id="280d3829-6c97-43d0-b5d3-5b8f2b1f52a3" />
      <TestMethod codeBase="D:\SFERRARI\01 - TRABAJO\repos\netcore\libs\template-netcore-entities\Kitpymes.Core.Entities.Tests\bin\Debug\net5.0\Kitpymes.Core.Entities.Tests.dll" adapterTypeName="executor://mstestadapter/v2" className="Kitpymes.Core.Entities.ValueObjects.Tests.SubdomainTests" name="ToString_Passing_Valid_Values_Returns_Subdomain" />
    </UnitTest>
    <UnitTest name="ToEnum_Passing_Valid_String_ShortName_Enumeracion_Returns_Enumeracion" storage="d:\sferrari\01 - trabajo\repos\netcore\libs\template-netcore-entities\kitpymes.core.entities.tests\bin\debug\net5.0\kitpymes.core.entities.tests.dll" id="cca7b068-3622-4160-a392-45f8e6c1c508">
      <Execution id="9f5ca120-c89e-43dd-8733-273e1a47216c" />
      <TestMethod codeBase="D:\SFERRARI\01 - TRABAJO\repos\netcore\libs\template-netcore-entities\Kitpymes.Core.Entities.Tests\bin\Debug\net5.0\Kitpymes.Core.Entities.Tests.dll" adapterTypeName="executor://mstestadapter/v2" className="Kitpymes.Core.Entities.Enumerations.Tests.CardTypeEnumTests" name="ToEnum_Passing_Valid_String_ShortName_Enumeracion_Returns_Enumeracion" />
    </UnitTest>
    <UnitTest name="ToEnum_Passing_Valid_IntName_Enumeracion_Returns_Enumeracion" storage="d:\sferrari\01 - trabajo\repos\netcore\libs\template-netcore-entities\kitpymes.core.entities.tests\bin\debug\net5.0\kitpymes.core.entities.tests.dll" id="3ba0b085-e7ea-4f01-ba11-b493df222149">
      <Execution id="295ab318-0eca-4cfd-a447-0b9bc6a8df4b" />
      <TestMethod codeBase="D:\SFERRARI\01 - TRABAJO\repos\netcore\libs\template-netcore-entities\Kitpymes.Core.Entities.Tests\bin\Debug\net5.0\Kitpymes.Core.Entities.Tests.dll" adapterTypeName="executor://mstestadapter/v2" className="Kitpymes.Core.Entities.Enumerations.Tests.SubscriptionEnumTests" name="ToEnum_Passing_Valid_IntName_Enumeracion_Returns_Enumeracion" />
    </UnitTest>
    <UnitTest name="OperatorEqual_Passing_Valid_Values_Returns_True (Tenerife,23,34567,San Bartoleme De Tirajana,Las Palmas,España)" storage="d:\sferrari\01 - trabajo\repos\netcore\libs\template-netcore-entities\kitpymes.core.entities.tests\bin\debug\net5.0\kitpymes.core.entities.tests.dll" id="bca28173-fd9a-44c6-8d2a-89c3c92520a5">
      <Execution id="5e9bc8db-c031-4bb5-8bdc-9c4dad8eb729" />
      <TestMethod codeBase="D:\SFERRARI\01 - TRABAJO\repos\netcore\libs\template-netcore-entities\Kitpymes.Core.Entities.Tests\bin\Debug\net5.0\Kitpymes.Core.Entities.Tests.dll" adapterTypeName="executor://mstestadapter/v2" className="Kitpymes.Core.Entities.ValueObjects.Tests.AddressTests" name="OperatorEqual_Passing_Valid_Values_Returns_True" />
    </UnitTest>
    <UnitTest name="Equals_Passing_Valid_Distinct_Values_Returns_False (Esp añâ)" storage="d:\sferrari\01 - trabajo\repos\netcore\libs\template-netcore-entities\kitpymes.core.entities.tests\bin\debug\net5.0\kitpymes.core.entities.tests.dll" id="d57467a2-439a-4c9f-8b29-557645c4d9be">
      <Execution id="41c1377d-77b1-4bde-a631-23801409e34f" />
      <TestMethod codeBase="D:\SFERRARI\01 - TRABAJO\repos\netcore\libs\template-netcore-entities\Kitpymes.Core.Entities.Tests\bin\Debug\net5.0\Kitpymes.Core.Entities.Tests.dll" adapterTypeName="executor://mstestadapter/v2" className="Kitpymes.Core.Entities.ValueObjects.Tests.NameTests" name="Equals_Passing_Valid_Distinct_Values_Returns_False" />
    </UnitTest>
    <UnitTest name="ToEnum_Passing_Invalid_Int_Name_Enumeracion_Returns_Null" storage="d:\sferrari\01 - trabajo\repos\netcore\libs\template-netcore-entities\kitpymes.core.entities.tests\bin\debug\net5.0\kitpymes.core.entities.tests.dll" id="fdbc7e80-6c48-4ff6-b390-a60d4a3f6fe9">
      <Execution id="dc881db0-383d-4386-acdf-3f7605d2d0c1" />
      <TestMethod codeBase="D:\SFERRARI\01 - TRABAJO\repos\netcore\libs\template-netcore-entities\Kitpymes.Core.Entities.Tests\bin\Debug\net5.0\Kitpymes.Core.Entities.Tests.dll" adapterTypeName="executor://mstestadapter/v2" className="Kitpymes.Core.Entities.Enumerations.Tests.GenderTypeEnumTests" name="ToEnum_Passing_Invalid_Int_Name_Enumeracion_Returns_Null" />
    </UnitTest>
    <UnitTest name="Equals_Passing_Valid_Values_Returns_True (Tenant_A)" storage="d:\sferrari\01 - trabajo\repos\netcore\libs\template-netcore-entities\kitpymes.core.entities.tests\bin\debug\net5.0\kitpymes.core.entities.tests.dll" id="4c7cdacf-edd7-470b-8f0e-2c965e1489e2">
      <Execution id="922f900d-34ec-4423-8408-b0b27eb7456a" />
      <TestMethod codeBase="D:\SFERRARI\01 - TRABAJO\repos\netcore\libs\template-netcore-entities\Kitpymes.Core.Entities.Tests\bin\Debug\net5.0\Kitpymes.Core.Entities.Tests.dll" adapterTypeName="executor://mstestadapter/v2" className="Kitpymes.Core.Entities.ValueObjects.Tests.TenantNameTests" name="Equals_Passing_Valid_Values_Returns_True" />
    </UnitTest>
    <UnitTest name="Create_Passing_Valid_Values_Returns_Name (tenantA)" storage="d:\sferrari\01 - trabajo\repos\netcore\libs\template-netcore-entities\kitpymes.core.entities.tests\bin\debug\net5.0\kitpymes.core.entities.tests.dll" id="cbf624e9-ffaf-4766-b859-f18d178bf513">
      <Execution id="cd16de22-c139-4fef-8054-2b491b862c78" />
      <TestMethod codeBase="D:\SFERRARI\01 - TRABAJO\repos\netcore\libs\template-netcore-entities\Kitpymes.Core.Entities.Tests\bin\Debug\net5.0\Kitpymes.Core.Entities.Tests.dll" adapterTypeName="executor://mstestadapter/v2" className="Kitpymes.Core.Entities.ValueObjects.Tests.TenantNameTests" name="Create_Passing_Valid_Values_Returns_Name" />
    </UnitTest>
    <UnitTest name="IsNull_Passing_Valid_Value_Returns_False (Espania)" storage="d:\sferrari\01 - trabajo\repos\netcore\libs\template-netcore-entities\kitpymes.core.entities.tests\bin\debug\net5.0\kitpymes.core.entities.tests.dll" id="17d7dd8a-590e-4520-a805-6389b4cfbd9b">
      <Execution id="f64e2ee7-ba93-4a04-b61a-81fe481b5ea8" />
      <TestMethod codeBase="D:\SFERRARI\01 - TRABAJO\repos\netcore\libs\template-netcore-entities\Kitpymes.Core.Entities.Tests\bin\Debug\net5.0\Kitpymes.Core.Entities.Tests.dll" adapterTypeName="executor://mstestadapter/v2" className="Kitpymes.Core.Entities.ValueObjects.Tests.StringIdTests" name="IsNull_Passing_Valid_Value_Returns_False" />
    </UnitTest>
    <UnitTest name="OperatorNotEqual_Passing_Valid_Values_Returns_False (tenant1)" storage="d:\sferrari\01 - trabajo\repos\netcore\libs\template-netcore-entities\kitpymes.core.entities.tests\bin\debug\net5.0\kitpymes.core.entities.tests.dll" id="24632e76-e30b-44ba-932c-21a8d749a8e2">
      <Execution id="2726dc4f-b3ba-409c-b2b6-b386cc66deeb" />
      <TestMethod codeBase="D:\SFERRARI\01 - TRABAJO\repos\netcore\libs\template-netcore-entities\Kitpymes.Core.Entities.Tests\bin\Debug\net5.0\Kitpymes.Core.Entities.Tests.dll" adapterTypeName="executor://mstestadapter/v2" className="Kitpymes.Core.Entities.ValueObjects.Tests.TenantNameTests" name="OperatorNotEqual_Passing_Valid_Values_Returns_False" />
    </UnitTest>
    <UnitTest name="Equals_Passing_Valid_Distinct_Values_Returns_False (34fsds@sdd.fgg)" storage="d:\sferrari\01 - trabajo\repos\netcore\libs\template-netcore-entities\kitpymes.core.entities.tests\bin\debug\net5.0\kitpymes.core.entities.tests.dll" id="c4ca35eb-a96e-4ddb-92b4-844f80b1c11b">
      <Execution id="bb31daa6-3231-46e2-9aef-3527ab022022" />
      <TestMethod codeBase="D:\SFERRARI\01 - TRABAJO\repos\netcore\libs\template-netcore-entities\Kitpymes.Core.Entities.Tests\bin\Debug\net5.0\Kitpymes.Core.Entities.Tests.dll" adapterTypeName="executor://mstestadapter/v2" className="Kitpymes.Core.Entities.ValueObjects.Tests.EmailTests" name="Equals_Passing_Valid_Distinct_Values_Returns_False" />
    </UnitTest>
    <UnitTest name="OperatorNotEqual_Passing_Valid_Values_Returns_True (tenantA)" storage="d:\sferrari\01 - trabajo\repos\netcore\libs\template-netcore-entities\kitpymes.core.entities.tests\bin\debug\net5.0\kitpymes.core.entities.tests.dll" id="ef54eeaf-f256-47d0-8c65-0a05b85d055a">
      <Execution id="704ac56b-14cc-4098-bb05-f5cbbf33ddc8" />
      <TestMethod codeBase="D:\SFERRARI\01 - TRABAJO\repos\netcore\libs\template-netcore-entities\Kitpymes.Core.Entities.Tests\bin\Debug\net5.0\Kitpymes.Core.Entities.Tests.dll" adapterTypeName="executor://mstestadapter/v2" className="Kitpymes.Core.Entities.ValueObjects.Tests.TenantNameTests" name="OperatorNotEqual_Passing_Valid_Values_Returns_True" />
    </UnitTest>
    <UnitTest name="ToString_Passing_Valid_Values_Returns_Name (tenant_A)" storage="d:\sferrari\01 - trabajo\repos\netcore\libs\template-netcore-entities\kitpymes.core.entities.tests\bin\debug\net5.0\kitpymes.core.entities.tests.dll" id="2b87ea35-31b3-4dad-88e7-0eddf6c62ef1">
      <Execution id="8648236e-3507-4e4a-9750-66e532ffe8db" />
      <TestMethod codeBase="D:\SFERRARI\01 - TRABAJO\repos\netcore\libs\template-netcore-entities\Kitpymes.Core.Entities.Tests\bin\Debug\net5.0\Kitpymes.Core.Entities.Tests.dll" adapterTypeName="executor://mstestadapter/v2" className="Kitpymes.Core.Entities.ValueObjects.Tests.TenantNameTests" name="ToString_Passing_Valid_Values_Returns_Name" />
    </UnitTest>
    <UnitTest name="IsNull_Passing_Valid_Value_Returns_False (Españä)" storage="d:\sferrari\01 - trabajo\repos\netcore\libs\template-netcore-entities\kitpymes.core.entities.tests\bin\debug\net5.0\kitpymes.core.entities.tests.dll" id="f536aaff-33e4-49dd-8458-7f6e864c275b">
      <Execution id="cd65a462-e581-4d4b-b0a7-256f9d24222e" />
      <TestMethod codeBase="D:\SFERRARI\01 - TRABAJO\repos\netcore\libs\template-netcore-entities\Kitpymes.Core.Entities.Tests\bin\Debug\net5.0\Kitpymes.Core.Entities.Tests.dll" adapterTypeName="executor://mstestadapter/v2" className="Kitpymes.Core.Entities.ValueObjects.Tests.NameTests" name="IsNull_Passing_Valid_Value_Returns_False" />
    </UnitTest>
    <UnitTest name="ToNormalize_Passing_Valid_Values_Returns_Address_String_Format (bb_ads@ggg.cc)" storage="d:\sferrari\01 - trabajo\repos\netcore\libs\template-netcore-entities\kitpymes.core.entities.tests\bin\debug\net5.0\kitpymes.core.entities.tests.dll" id="c810c0ec-1850-4a1f-8492-0d35fd469c44">
      <Execution id="65c0f707-7630-455c-a2c2-81377aa3075a" />
      <TestMethod codeBase="D:\SFERRARI\01 - TRABAJO\repos\netcore\libs\template-netcore-entities\Kitpymes.Core.Entities.Tests\bin\Debug\net5.0\Kitpymes.Core.Entities.Tests.dll" adapterTypeName="executor://mstestadapter/v2" className="Kitpymes.Core.Entities.ValueObjects.Tests.EmailTests" name="ToNormalize_Passing_Valid_Values_Returns_Address_String_Format" />
    </UnitTest>
    <UnitTest name="ToEnum_Passing_Valid_String_Name_Returns_Enumeracion" storage="d:\sferrari\01 - trabajo\repos\netcore\libs\template-netcore-entities\kitpymes.core.entities.tests\bin\debug\net5.0\kitpymes.core.entities.tests.dll" id="b4518425-1276-4a3b-ab92-0f8a57a791eb">
      <Execution id="22c47abe-c8b0-4698-b9fc-0a8928e81818" />
      <TestMethod codeBase="D:\SFERRARI\01 - TRABAJO\repos\netcore\libs\template-netcore-entities\Kitpymes.Core.Entities.Tests\bin\Debug\net5.0\Kitpymes.Core.Entities.Tests.dll" adapterTypeName="executor://mstestadapter/v2" className="Kitpymes.Core.Entities.Enumerations.Tests.StatusEnumTests" name="ToEnum_Passing_Valid_String_Name_Returns_Enumeracion" />
    </UnitTest>
    <UnitTest name="OperatorNotEqual_Passing_Valid_Values_Returns_False (TenantA)" storage="d:\sferrari\01 - trabajo\repos\netcore\libs\template-netcore-entities\kitpymes.core.entities.tests\bin\debug\net5.0\kitpymes.core.entities.tests.dll" id="203906ba-eb73-4787-84a7-501bfb2cebea">
      <Execution id="8260790a-5b4e-44f6-a6b2-4344970401d0" />
      <TestMethod codeBase="D:\SFERRARI\01 - TRABAJO\repos\netcore\libs\template-netcore-entities\Kitpymes.Core.Entities.Tests\bin\Debug\net5.0\Kitpymes.Core.Entities.Tests.dll" adapterTypeName="executor://mstestadapter/v2" className="Kitpymes.Core.Entities.ValueObjects.Tests.TenantNameTests" name="OperatorNotEqual_Passing_Valid_Values_Returns_False" />
    </UnitTest>
    <UnitTest name="OperatorNotEqual_Passing_Valid_Values_Returns_False (Españã)" storage="d:\sferrari\01 - trabajo\repos\netcore\libs\template-netcore-entities\kitpymes.core.entities.tests\bin\debug\net5.0\kitpymes.core.entities.tests.dll" id="57154681-0a15-472a-a9ea-c4e3b12c8e4b">
      <Execution id="4e4f5838-9b86-4080-8207-d719bd606b1e" />
      <TestMethod codeBase="D:\SFERRARI\01 - TRABAJO\repos\netcore\libs\template-netcore-entities\Kitpymes.Core.Entities.Tests\bin\Debug\net5.0\Kitpymes.Core.Entities.Tests.dll" adapterTypeName="executor://mstestadapter/v2" className="Kitpymes.Core.Entities.ValueObjects.Tests.NameTests" name="OperatorNotEqual_Passing_Valid_Values_Returns_False" />
    </UnitTest>
    <UnitTest name="OperatorEqual_Passing_Valid_Distinct_Values_Returns_False (Españá)" storage="d:\sferrari\01 - trabajo\repos\netcore\libs\template-netcore-entities\kitpymes.core.entities.tests\bin\debug\net5.0\kitpymes.core.entities.tests.dll" id="97119d44-6525-4c14-bc60-abb8151b084f">
      <Execution id="db6ca1b8-9d4a-4003-9f9b-618e6dc5a6ed" />
      <TestMethod codeBase="D:\SFERRARI\01 - TRABAJO\repos\netcore\libs\template-netcore-entities\Kitpymes.Core.Entities.Tests\bin\Debug\net5.0\Kitpymes.Core.Entities.Tests.dll" adapterTypeName="executor://mstestadapter/v2" className="Kitpymes.Core.Entities.ValueObjects.Tests.NameTests" name="OperatorEqual_Passing_Valid_Distinct_Values_Returns_False" />
    </UnitTest>
    <UnitTest name="Equals_Passing_Valid_Distinct_Values_Returns_False (Sabadell,Barcelona,España)" storage="d:\sferrari\01 - trabajo\repos\netcore\libs\template-netcore-entities\kitpymes.core.entities.tests\bin\debug\net5.0\kitpymes.core.entities.tests.dll" id="15404285-e745-44fe-b704-b20e9a8c0f7e">
      <Execution id="0ad722b0-6494-4c8f-a874-4e25af7e4fbd" />
      <TestMethod codeBase="D:\SFERRARI\01 - TRABAJO\repos\netcore\libs\template-netcore-entities\Kitpymes.Core.Entities.Tests\bin\Debug\net5.0\Kitpymes.Core.Entities.Tests.dll" adapterTypeName="executor://mstestadapter/v2" className="Kitpymes.Core.Entities.ValueObjects.Tests.FullNameTests" name="Equals_Passing_Valid_Distinct_Values_Returns_False" />
    </UnitTest>
    <UnitTest name="Equals_Passing_Valid_Values_Returns_True (200,EUR,4)" storage="d:\sferrari\01 - trabajo\repos\netcore\libs\template-netcore-entities\kitpymes.core.entities.tests\bin\debug\net5.0\kitpymes.core.entities.tests.dll" id="fec0eaa0-d1e5-443b-8c01-da9e63139aaa">
      <Execution id="20e5a30c-f6f8-48f8-80d2-defc63fdc3d2" />
      <TestMethod codeBase="D:\SFERRARI\01 - TRABAJO\repos\netcore\libs\template-netcore-entities\Kitpymes.Core.Entities.Tests\bin\Debug\net5.0\Kitpymes.Core.Entities.Tests.dll" adapterTypeName="executor://mstestadapter/v2" className="Kitpymes.Core.Entities.ValueObjects.Tests.MoneyTests" name="Equals_Passing_Valid_Values_Returns_True" />
    </UnitTest>
    <UnitTest name="OperatorNotEqual_Passing_Valid_Values_Returns_False (Españà)" storage="d:\sferrari\01 - trabajo\repos\netcore\libs\template-netcore-entities\kitpymes.core.entities.tests\bin\debug\net5.0\kitpymes.core.entities.tests.dll" id="2135ec62-2d60-4e9b-bf02-701651c64a7d">
      <Execution id="2bb8560e-d503-4a62-9661-f22d66577c41" />
      <TestMethod codeBase="D:\SFERRARI\01 - TRABAJO\repos\netcore\libs\template-netcore-entities\Kitpymes.Core.Entities.Tests\bin\Debug\net5.0\Kitpymes.Core.Entities.Tests.dll" adapterTypeName="executor://mstestadapter/v2" className="Kitpymes.Core.Entities.ValueObjects.Tests.NameTests" name="OperatorNotEqual_Passing_Valid_Values_Returns_False" />
    </UnitTest>
    <UnitTest name="Equals_Passing_Valid_Values_Returns_True (100,EUR,2)" storage="d:\sferrari\01 - trabajo\repos\netcore\libs\template-netcore-entities\kitpymes.core.entities.tests\bin\debug\net5.0\kitpymes.core.entities.tests.dll" id="daf189e7-593b-4804-957f-8bc0e7043914">
      <Execution id="19411f27-b3a0-421d-824f-4bdec1bd7d8e" />
      <TestMethod codeBase="D:\SFERRARI\01 - TRABAJO\repos\netcore\libs\template-netcore-entities\Kitpymes.Core.Entities.Tests\bin\Debug\net5.0\Kitpymes.Core.Entities.Tests.dll" adapterTypeName="executor://mstestadapter/v2" className="Kitpymes.Core.Entities.ValueObjects.Tests.MoneyTests" name="Equals_Passing_Valid_Values_Returns_True" />
    </UnitTest>
    <UnitTest name="Create_Passing_InvalidOrNull_Value_Returns_ApplicationException (,789,DF7956,Sabadell,Barcelona,España)" storage="d:\sferrari\01 - trabajo\repos\netcore\libs\template-netcore-entities\kitpymes.core.entities.tests\bin\debug\net5.0\kitpymes.core.entities.tests.dll" id="15cf9c09-1cf1-49f4-a2ed-e5803725f2e7">
      <Execution id="15bffd1c-a3b4-422e-8ea6-9ac36fa2e955" />
      <TestMethod codeBase="D:\SFERRARI\01 - TRABAJO\repos\netcore\libs\template-netcore-entities\Kitpymes.Core.Entities.Tests\bin\Debug\net5.0\Kitpymes.Core.Entities.Tests.dll" adapterTypeName="executor://mstestadapter/v2" className="Kitpymes.Core.Entities.ValueObjects.Tests.AddressTests" name="Create_Passing_InvalidOrNull_Value_Returns_ApplicationException" />
    </UnitTest>
    <UnitTest name="Equals_Passing_Valid_Values_Returns_True (Españà)" storage="d:\sferrari\01 - trabajo\repos\netcore\libs\template-netcore-entities\kitpymes.core.entities.tests\bin\debug\net5.0\kitpymes.core.entities.tests.dll" id="35883982-c96c-4f71-bc35-836f09ae5a28">
      <Execution id="9fe781f5-024d-490f-b583-51a484150e69" />
      <TestMethod codeBase="D:\SFERRARI\01 - TRABAJO\repos\netcore\libs\template-netcore-entities\Kitpymes.Core.Entities.Tests\bin\Debug\net5.0\Kitpymes.Core.Entities.Tests.dll" adapterTypeName="executor://mstestadapter/v2" className="Kitpymes.Core.Entities.ValueObjects.Tests.NameTests" name="Equals_Passing_Valid_Values_Returns_True" />
    </UnitTest>
    <UnitTest name="OperatorEqual_Passing_Valid_Values_Returns_True (www.hackerone-com)" storage="d:\sferrari\01 - trabajo\repos\netcore\libs\template-netcore-entities\kitpymes.core.entities.tests\bin\debug\net5.0\kitpymes.core.entities.tests.dll" id="bf5fba23-fb76-4704-bae1-bbd27af02780">
      <Execution id="e3dccc40-380c-40c0-a4aa-607354ae0847" />
      <TestMethod codeBase="D:\SFERRARI\01 - TRABAJO\repos\netcore\libs\template-netcore-entities\Kitpymes.Core.Entities.Tests\bin\Debug\net5.0\Kitpymes.Core.Entities.Tests.dll" adapterTypeName="executor://mstestadapter/v2" className="Kitpymes.Core.Entities.ValueObjects.Tests.SubdomainTests" name="OperatorEqual_Passing_Valid_Values_Returns_True" />
    </UnitTest>
    <UnitTest name="Create_Passing_Valid_Values_Returns_Name (España)" storage="d:\sferrari\01 - trabajo\repos\netcore\libs\template-netcore-entities\kitpymes.core.entities.tests\bin\debug\net5.0\kitpymes.core.entities.tests.dll" id="84794810-c6c5-445e-99ff-e230db0f0d70">
      <Execution id="7f21a89d-84a4-4f77-bb9e-6146df343887" />
      <TestMethod codeBase="D:\SFERRARI\01 - TRABAJO\repos\netcore\libs\template-netcore-entities\Kitpymes.Core.Entities.Tests\bin\Debug\net5.0\Kitpymes.Core.Entities.Tests.dll" adapterTypeName="executor://mstestadapter/v2" className="Kitpymes.Core.Entities.ValueObjects.Tests.NameTests" name="Create_Passing_Valid_Values_Returns_Name" />
    </UnitTest>
    <UnitTest name="ToString_Passing_Valid_Values_Returns_Name (Españá)" storage="d:\sferrari\01 - trabajo\repos\netcore\libs\template-netcore-entities\kitpymes.core.entities.tests\bin\debug\net5.0\kitpymes.core.entities.tests.dll" id="820c47b9-0aff-479c-8284-275c185a7330">
      <Execution id="275e94de-2e76-49d4-b2e7-d7851957ded2" />
      <TestMethod codeBase="D:\SFERRARI\01 - TRABAJO\repos\netcore\libs\template-netcore-entities\Kitpymes.Core.Entities.Tests\bin\Debug\net5.0\Kitpymes.Core.Entities.Tests.dll" adapterTypeName="executor://mstestadapter/v2" className="Kitpymes.Core.Entities.ValueObjects.Tests.NameTests" name="ToString_Passing_Valid_Values_Returns_Name" />
    </UnitTest>
    <UnitTest name="Equals_Passing_Valid_Values_Returns_False (Pader,789,DF7956,Sabadell,Barcelona,España)" storage="d:\sferrari\01 - trabajo\repos\netcore\libs\template-netcore-entities\kitpymes.core.entities.tests\bin\debug\net5.0\kitpymes.core.entities.tests.dll" id="24f7a32a-8a28-4ccc-ade9-bdedf49909a1">
      <Execution id="aee93646-404f-4066-8cde-9eb73f03cc7a" />
      <TestMethod codeBase="D:\SFERRARI\01 - TRABAJO\repos\netcore\libs\template-netcore-entities\Kitpymes.Core.Entities.Tests\bin\Debug\net5.0\Kitpymes.Core.Entities.Tests.dll" adapterTypeName="executor://mstestadapter/v2" className="Kitpymes.Core.Entities.ValueObjects.Tests.AddressTests" name="Equals_Passing_Valid_Values_Returns_False" />
    </UnitTest>
    <UnitTest name="IsNull_Passing_Valid_Value_Returns_False (Tenerife)" storage="d:\sferrari\01 - trabajo\repos\netcore\libs\template-netcore-entities\kitpymes.core.entities.tests\bin\debug\net5.0\kitpymes.core.entities.tests.dll" id="d954b428-8278-467c-b7e9-af404bb74328">
      <Execution id="c113d3f8-9cba-4b14-8ab2-a0224221dfb6" />
      <TestMethod codeBase="D:\SFERRARI\01 - TRABAJO\repos\netcore\libs\template-netcore-entities\Kitpymes.Core.Entities.Tests\bin\Debug\net5.0\Kitpymes.Core.Entities.Tests.dll" adapterTypeName="executor://mstestadapter/v2" className="Kitpymes.Core.Entities.ValueObjects.Tests.StringIdTests" name="IsNull_Passing_Valid_Value_Returns_False" />
    </UnitTest>
    <UnitTest name="ToString_Passing_Valid_Values_Returns_Value_String_Format (San Bartoleme De Tirajana,Las Palmas)" storage="d:\sferrari\01 - trabajo\repos\netcore\libs\template-netcore-entities\kitpymes.core.entities.tests\bin\debug\net5.0\kitpymes.core.entities.tests.dll" id="7240a2a4-204f-487d-9162-9b6c04e6792c">
      <Execution id="59172380-2805-49ec-8abf-433ce9bc5b83" />
      <TestMethod codeBase="D:\SFERRARI\01 - TRABAJO\repos\netcore\libs\template-netcore-entities\Kitpymes.Core.Entities.Tests\bin\Debug\net5.0\Kitpymes.Core.Entities.Tests.dll" adapterTypeName="executor://mstestadapter/v2" className="Kitpymes.Core.Entities.ValueObjects.Tests.FullNameTests" name="ToString_Passing_Valid_Values_Returns_Value_String_Format" />
    </UnitTest>
    <UnitTest name="OperatorNotEqual_Passing_Valid_Values_Returns_True (Españã)" storage="d:\sferrari\01 - trabajo\repos\netcore\libs\template-netcore-entities\kitpymes.core.entities.tests\bin\debug\net5.0\kitpymes.core.entities.tests.dll" id="be305750-1780-4bae-866c-8be94cc552d7">
      <Execution id="2c782e0b-9174-4b24-9389-144e7388c605" />
      <TestMethod codeBase="D:\SFERRARI\01 - TRABAJO\repos\netcore\libs\template-netcore-entities\Kitpymes.Core.Entities.Tests\bin\Debug\net5.0\Kitpymes.Core.Entities.Tests.dll" adapterTypeName="executor://mstestadapter/v2" className="Kitpymes.Core.Entities.ValueObjects.Tests.NameTests" name="OperatorNotEqual_Passing_Valid_Values_Returns_True" />
    </UnitTest>
    <UnitTest name="ToEnum_Passing_Invalid_String_Name_Enumeracion_Returns_Null" storage="d:\sferrari\01 - trabajo\repos\netcore\libs\template-netcore-entities\kitpymes.core.entities.tests\bin\debug\net5.0\kitpymes.core.entities.tests.dll" id="30c05b9a-0342-49ae-8091-1f7d24dc04ad">
      <Execution id="adc63ab6-8ea4-4ac2-bb31-f8c4de0bedd8" />
      <TestMethod codeBase="D:\SFERRARI\01 - TRABAJO\repos\netcore\libs\template-netcore-entities\Kitpymes.Core.Entities.Tests\bin\Debug\net5.0\Kitpymes.Core.Entities.Tests.dll" adapterTypeName="executor://mstestadapter/v2" className="Kitpymes.Core.Entities.Enumerations.Tests.SubscriptionEnumTests" name="ToEnum_Passing_Invalid_String_Name_Enumeracion_Returns_Null" />
    </UnitTest>
    <UnitTest name="OperatorEqual_Passing_Valid_Distinct_Values_Returns_False (34fsds@sdd.fgg)" storage="d:\sferrari\01 - trabajo\repos\netcore\libs\template-netcore-entities\kitpymes.core.entities.tests\bin\debug\net5.0\kitpymes.core.entities.tests.dll" id="4a056aec-2809-4fe8-b185-ec7c0b8fab95">
      <Execution id="10118867-99d7-4e11-9b03-63b5f6038ad0" />
      <TestMethod codeBase="D:\SFERRARI\01 - TRABAJO\repos\netcore\libs\template-netcore-entities\Kitpymes.Core.Entities.Tests\bin\Debug\net5.0\Kitpymes.Core.Entities.Tests.dll" adapterTypeName="executor://mstestadapter/v2" className="Kitpymes.Core.Entities.ValueObjects.Tests.EmailTests" name="OperatorEqual_Passing_Valid_Distinct_Values_Returns_False" />
    </UnitTest>
    <UnitTest name="Equals_Passing_Valid_Values_Returns_True (D45,86554654)" storage="d:\sferrari\01 - trabajo\repos\netcore\libs\template-netcore-entities\kitpymes.core.entities.tests\bin\debug\net5.0\kitpymes.core.entities.tests.dll" id="498c64e5-d37c-474a-b021-aa2db3ad5afc">
      <Execution id="86d957d1-db1e-47bf-a3b1-fef825d62692" />
      <TestMethod codeBase="D:\SFERRARI\01 - TRABAJO\repos\netcore\libs\template-netcore-entities\Kitpymes.Core.Entities.Tests\bin\Debug\net5.0\Kitpymes.Core.Entities.Tests.dll" adapterTypeName="executor://mstestadapter/v2" className="Kitpymes.Core.Entities.ValueObjects.Tests.TelephoneTests" name="Equals_Passing_Valid_Values_Returns_True" />
    </UnitTest>
    <UnitTest name="OperatorNotEqual_Passing_Valid_Values_Returns_True (34fsds@sdd.fgg)" storage="d:\sferrari\01 - trabajo\repos\netcore\libs\template-netcore-entities\kitpymes.core.entities.tests\bin\debug\net5.0\kitpymes.core.entities.tests.dll" id="68a91499-aab7-444a-8987-a5135359202a">
      <Execution id="8a839e56-e2b0-49d8-965c-1adc322b14db" />
      <TestMethod codeBase="D:\SFERRARI\01 - TRABAJO\repos\netcore\libs\template-netcore-entities\Kitpymes.Core.Entities.Tests\bin\Debug\net5.0\Kitpymes.Core.Entities.Tests.dll" adapterTypeName="executor://mstestadapter/v2" className="Kitpymes.Core.Entities.ValueObjects.Tests.EmailTests" name="OperatorNotEqual_Passing_Valid_Values_Returns_True" />
    </UnitTest>
    <UnitTest name="Equals_Passing_Valid_Values_Returns_True (España)" storage="d:\sferrari\01 - trabajo\repos\netcore\libs\template-netcore-entities\kitpymes.core.entities.tests\bin\debug\net5.0\kitpymes.core.entities.tests.dll" id="9baa7689-c3f9-4793-bf4c-18ab87c75f1b">
      <Execution id="ad8f8d4b-2deb-45c9-98c7-154048feb7e1" />
      <TestMethod codeBase="D:\SFERRARI\01 - TRABAJO\repos\netcore\libs\template-netcore-entities\Kitpymes.Core.Entities.Tests\bin\Debug\net5.0\Kitpymes.Core.Entities.Tests.dll" adapterTypeName="executor://mstestadapter/v2" className="Kitpymes.Core.Entities.ValueObjects.Tests.NameTests" name="Equals_Passing_Valid_Values_Returns_True" />
    </UnitTest>
    <UnitTest name="Create_Passing_InvalidOrNull_Value_Returns_ApplicationException ()" storage="d:\sferrari\01 - trabajo\repos\netcore\libs\template-netcore-entities\kitpymes.core.entities.tests\bin\debug\net5.0\kitpymes.core.entities.tests.dll" id="24355981-70ec-4ad2-b8bb-f725f30b410b">
      <Execution id="a78c1ba3-d799-492f-a1fe-0b82f375732d" />
      <TestMethod codeBase="D:\SFERRARI\01 - TRABAJO\repos\netcore\libs\template-netcore-entities\Kitpymes.Core.Entities.Tests\bin\Debug\net5.0\Kitpymes.Core.Entities.Tests.dll" adapterTypeName="executor://mstestadapter/v2" className="Kitpymes.Core.Entities.ValueObjects.Tests.SubdomainTests" name="Create_Passing_InvalidOrNull_Value_Returns_ApplicationException" />
    </UnitTest>
    <UnitTest name="ToString_Passing_Valid_Values_Returns_Name (TENANT1)" storage="d:\sferrari\01 - trabajo\repos\netcore\libs\template-netcore-entities\kitpymes.core.entities.tests\bin\debug\net5.0\kitpymes.core.entities.tests.dll" id="c3df1e9b-bafa-4551-a227-80d391e7946b">
      <Execution id="01f6d5a4-d922-400e-96ee-ee11130395e8" />
      <TestMethod codeBase="D:\SFERRARI\01 - TRABAJO\repos\netcore\libs\template-netcore-entities\Kitpymes.Core.Entities.Tests\bin\Debug\net5.0\Kitpymes.Core.Entities.Tests.dll" adapterTypeName="executor://mstestadapter/v2" className="Kitpymes.Core.Entities.ValueObjects.Tests.TenantNameTests" name="ToString_Passing_Valid_Values_Returns_Name" />
    </UnitTest>
    <UnitTest name="Create_Default_Passing_Valid_Values_Returns_StringId" storage="d:\sferrari\01 - trabajo\repos\netcore\libs\template-netcore-entities\kitpymes.core.entities.tests\bin\debug\net5.0\kitpymes.core.entities.tests.dll" id="8f73d220-590c-49ca-89d8-e4900a0ab56c">
      <Execution id="25e7d3e6-081b-4489-92b3-5cd9f7bcb9b6" />
      <TestMethod codeBase="D:\SFERRARI\01 - TRABAJO\repos\netcore\libs\template-netcore-entities\Kitpymes.Core.Entities.Tests\bin\Debug\net5.0\Kitpymes.Core.Entities.Tests.dll" adapterTypeName="executor://mstestadapter/v2" className="Kitpymes.Core.Entities.ValueObjects.Tests.StringIdTests" name="Create_Default_Passing_Valid_Values_Returns_StringId" />
    </UnitTest>
    <UnitTest name="OperatorNotEqual_Passing_Valid_Values_Returns_True (456,43543543543)" storage="d:\sferrari\01 - trabajo\repos\netcore\libs\template-netcore-entities\kitpymes.core.entities.tests\bin\debug\net5.0\kitpymes.core.entities.tests.dll" id="83aaea22-44c3-4e2c-a792-c04fdb28c9dc">
      <Execution id="0c9e5c3d-fb28-406b-ba43-08bb0397e156" />
      <TestMethod codeBase="D:\SFERRARI\01 - TRABAJO\repos\netcore\libs\template-netcore-entities\Kitpymes.Core.Entities.Tests\bin\Debug\net5.0\Kitpymes.Core.Entities.Tests.dll" adapterTypeName="executor://mstestadapter/v2" className="Kitpymes.Core.Entities.ValueObjects.Tests.TelephoneTests" name="OperatorNotEqual_Passing_Valid_Values_Returns_True" />
    </UnitTest>
    <UnitTest name="ToEnum_Passing_Valid_Int_value_Returns_Enumeracion" storage="d:\sferrari\01 - trabajo\repos\netcore\libs\template-netcore-entities\kitpymes.core.entities.tests\bin\debug\net5.0\kitpymes.core.entities.tests.dll" id="0ba3cdd4-9512-4f7b-9abb-04bb6587b82b">
      <Execution id="c61251db-4976-455c-b2ab-ee26053a1678" />
      <TestMethod codeBase="D:\SFERRARI\01 - TRABAJO\repos\netcore\libs\template-netcore-entities\Kitpymes.Core.Entities.Tests\bin\Debug\net5.0\Kitpymes.Core.Entities.Tests.dll" adapterTypeName="executor://mstestadapter/v2" className="Kitpymes.Core.Entities.Enumerations.Tests.StatusEnumTests" name="ToEnum_Passing_Valid_Int_value_Returns_Enumeracion" />
    </UnitTest>
    <UnitTest name="Create_Passing_Valid_Values_Returns_Name (TenantA)" storage="d:\sferrari\01 - trabajo\repos\netcore\libs\template-netcore-entities\kitpymes.core.entities.tests\bin\debug\net5.0\kitpymes.core.entities.tests.dll" id="577c36e6-c871-4289-be47-700d122792eb">
      <Execution id="8b8ded68-26f5-4634-ad37-b34708319976" />
      <TestMethod codeBase="D:\SFERRARI\01 - TRABAJO\repos\netcore\libs\template-netcore-entities\Kitpymes.Core.Entities.Tests\bin\Debug\net5.0\Kitpymes.Core.Entities.Tests.dll" adapterTypeName="executor://mstestadapter/v2" className="Kitpymes.Core.Entities.ValueObjects.Tests.TenantNameTests" name="Create_Passing_Valid_Values_Returns_Name" />
    </UnitTest>
    <UnitTest name="ToString_Passing_Valid_Values_Returns_Currency_String_Symbol (EUR)" storage="d:\sferrari\01 - trabajo\repos\netcore\libs\template-netcore-entities\kitpymes.core.entities.tests\bin\debug\net5.0\kitpymes.core.entities.tests.dll" id="64628c33-e92a-4d4d-9ea0-d776f06376a5">
      <Execution id="5bab89e7-e319-494f-a6a6-efe8bb912a4c" />
      <TestMethod codeBase="D:\SFERRARI\01 - TRABAJO\repos\netcore\libs\template-netcore-entities\Kitpymes.Core.Entities.Tests\bin\Debug\net5.0\Kitpymes.Core.Entities.Tests.dll" adapterTypeName="executor://mstestadapter/v2" className="Kitpymes.Core.Entities.ValueObjects.Tests.CurrencyTests" name="ToString_Passing_Valid_Values_Returns_Currency_String_Symbol" />
    </UnitTest>
    <UnitTest name="OperatorEqual_Passing_Valid_Values_Returns_True (34fsds@sdd.fgg)" storage="d:\sferrari\01 - trabajo\repos\netcore\libs\template-netcore-entities\kitpymes.core.entities.tests\bin\debug\net5.0\kitpymes.core.entities.tests.dll" id="63b913c8-e15e-4396-9e54-7180a3f934ed">
      <Execution id="f39f30fc-d652-45a2-9e19-006f139699ab" />
      <TestMethod codeBase="D:\SFERRARI\01 - TRABAJO\repos\netcore\libs\template-netcore-entities\Kitpymes.Core.Entities.Tests\bin\Debug\net5.0\Kitpymes.Core.Entities.Tests.dll" adapterTypeName="executor://mstestadapter/v2" className="Kitpymes.Core.Entities.ValueObjects.Tests.EmailTests" name="OperatorEqual_Passing_Valid_Values_Returns_True" />
    </UnitTest>
    <UnitTest name="IsAmex_Passing_Nothing_Returns_True" storage="d:\sferrari\01 - trabajo\repos\netcore\libs\template-netcore-entities\kitpymes.core.entities.tests\bin\debug\net5.0\kitpymes.core.entities.tests.dll" id="9d947ada-7f16-4fbf-924f-e6bba640b745">
      <Execution id="d6236e8a-42d6-4b9c-b540-6ba8d310b398" />
      <TestMethod codeBase="D:\SFERRARI\01 - TRABAJO\repos\netcore\libs\template-netcore-entities\Kitpymes.Core.Entities.Tests\bin\Debug\net5.0\Kitpymes.Core.Entities.Tests.dll" adapterTypeName="executor://mstestadapter/v2" className="Kitpymes.Core.Entities.Enumerations.Tests.CardTypeEnumTests" name="IsAmex_Passing_Nothing_Returns_True" />
    </UnitTest>
    <UnitTest name="Change_Passing_Valid_Values_Returns_FullName" storage="d:\sferrari\01 - trabajo\repos\netcore\libs\template-netcore-entities\kitpymes.core.entities.tests\bin\debug\net5.0\kitpymes.core.entities.tests.dll" id="d20ec3e6-05bc-45ff-bd3f-906c72a39527">
      <Execution id="55a068f8-edd2-4b7d-aca3-d6fccec38c49" />
      <TestMethod codeBase="D:\SFERRARI\01 - TRABAJO\repos\netcore\libs\template-netcore-entities\Kitpymes.Core.Entities.Tests\bin\Debug\net5.0\Kitpymes.Core.Entities.Tests.dll" adapterTypeName="executor://mstestadapter/v2" className="Kitpymes.Core.Entities.ValueObjects.Tests.FullNameTests" name="Change_Passing_Valid_Values_Returns_FullName" />
    </UnitTest>
    <UnitTest name="Equals_Passing_Valid_Values_Returns_True (TenantA)" storage="d:\sferrari\01 - trabajo\repos\netcore\libs\template-netcore-entities\kitpymes.core.entities.tests\bin\debug\net5.0\kitpymes.core.entities.tests.dll" id="0533a30b-3dfa-47d9-ba04-b50f87bea306">
      <Execution id="b109f197-c495-4a97-9a51-c10781cc4242" />
      <TestMethod codeBase="D:\SFERRARI\01 - TRABAJO\repos\netcore\libs\template-netcore-entities\Kitpymes.Core.Entities.Tests\bin\Debug\net5.0\Kitpymes.Core.Entities.Tests.dll" adapterTypeName="executor://mstestadapter/v2" className="Kitpymes.Core.Entities.ValueObjects.Tests.TenantNameTests" name="Equals_Passing_Valid_Values_Returns_True" />
    </UnitTest>
    <UnitTest name="OperatorNotEqual_Passing_Valid_Values_Returns_False (San Bartoleme De Tirajana)" storage="d:\sferrari\01 - trabajo\repos\netcore\libs\template-netcore-entities\kitpymes.core.entities.tests\bin\debug\net5.0\kitpymes.core.entities.tests.dll" id="fcc50f52-245f-4683-9f24-165804521ef7">
      <Execution id="15887b81-d19c-414c-b16d-a9fdde6eedc1" />
      <TestMethod codeBase="D:\SFERRARI\01 - TRABAJO\repos\netcore\libs\template-netcore-entities\Kitpymes.Core.Entities.Tests\bin\Debug\net5.0\Kitpymes.Core.Entities.Tests.dll" adapterTypeName="executor://mstestadapter/v2" className="Kitpymes.Core.Entities.ValueObjects.Tests.StringIdTests" name="OperatorNotEqual_Passing_Valid_Values_Returns_False" />
    </UnitTest>
    <UnitTest name="IsNull_Passing_Valid_Value_Returns_False (TENANT_1)" storage="d:\sferrari\01 - trabajo\repos\netcore\libs\template-netcore-entities\kitpymes.core.entities.tests\bin\debug\net5.0\kitpymes.core.entities.tests.dll" id="f8faf6e6-326d-463a-8be5-cd0062673a37">
      <Execution id="3c13239b-12cd-4089-a35b-8ab896b655ef" />
      <TestMethod codeBase="D:\SFERRARI\01 - TRABAJO\repos\netcore\libs\template-netcore-entities\Kitpymes.Core.Entities.Tests\bin\Debug\net5.0\Kitpymes.Core.Entities.Tests.dll" adapterTypeName="executor://mstestadapter/v2" className="Kitpymes.Core.Entities.ValueObjects.Tests.TenantNameTests" name="IsNull_Passing_Valid_Value_Returns_False" />
    </UnitTest>
    <UnitTest name="Equals_Passing_Valid_Distinct_Values_Returns_False (tenant_A)" storage="d:\sferrari\01 - trabajo\repos\netcore\libs\template-netcore-entities\kitpymes.core.entities.tests\bin\debug\net5.0\kitpymes.core.entities.tests.dll" id="fd3337fa-6c61-495d-8a7a-ad7943d460a8">
      <Execution id="89732aab-4e1d-42ab-b343-7bd7f9876eac" />
      <TestMethod codeBase="D:\SFERRARI\01 - TRABAJO\repos\netcore\libs\template-netcore-entities\Kitpymes.Core.Entities.Tests\bin\Debug\net5.0\Kitpymes.Core.Entities.Tests.dll" adapterTypeName="executor://mstestadapter/v2" className="Kitpymes.Core.Entities.ValueObjects.Tests.TenantNameTests" name="Equals_Passing_Valid_Distinct_Values_Returns_False" />
    </UnitTest>
    <UnitTest name="OperatorNotEqual_Passing_Valid_Values_Returns_True (tenant_1)" storage="d:\sferrari\01 - trabajo\repos\netcore\libs\template-netcore-entities\kitpymes.core.entities.tests\bin\debug\net5.0\kitpymes.core.entities.tests.dll" id="d6cd48a1-778c-4495-86ee-b5a707b7f02b">
      <Execution id="87b3d6f7-55b3-4f72-be3f-fdbf89ffe6c4" />
      <TestMethod codeBase="D:\SFERRARI\01 - TRABAJO\repos\netcore\libs\template-netcore-entities\Kitpymes.Core.Entities.Tests\bin\Debug\net5.0\Kitpymes.Core.Entities.Tests.dll" adapterTypeName="executor://mstestadapter/v2" className="Kitpymes.Core.Entities.ValueObjects.Tests.TenantNameTests" name="OperatorNotEqual_Passing_Valid_Values_Returns_True" />
    </UnitTest>
    <UnitTest name="IsActive_Passing_Nothing_Returns_True" storage="d:\sferrari\01 - trabajo\repos\netcore\libs\template-netcore-entities\kitpymes.core.entities.tests\bin\debug\net5.0\kitpymes.core.entities.tests.dll" id="43452da0-0c2c-4095-ac0b-0488a78aa053">
      <Execution id="bf01fa0c-13b9-4cf4-a197-4420e95eccce" />
      <TestMethod codeBase="D:\SFERRARI\01 - TRABAJO\repos\netcore\libs\template-netcore-entities\Kitpymes.Core.Entities.Tests\bin\Debug\net5.0\Kitpymes.Core.Entities.Tests.dll" adapterTypeName="executor://mstestadapter/v2" className="Kitpymes.Core.Entities.Enumerations.Tests.StatusEnumTests" name="IsActive_Passing_Nothing_Returns_True" />
    </UnitTest>
    <UnitTest name="OperatorEqual_Passing_Valid_Distinct_Values_Returns_False (tenant_A)" storage="d:\sferrari\01 - trabajo\repos\netcore\libs\template-netcore-entities\kitpymes.core.entities.tests\bin\debug\net5.0\kitpymes.core.entities.tests.dll" id="9c0e1cd7-3ed0-407e-abf3-8bf6c9e286a9">
      <Execution id="a7f17926-cb13-4311-bdf9-14db17763357" />
      <TestMethod codeBase="D:\SFERRARI\01 - TRABAJO\repos\netcore\libs\template-netcore-entities\Kitpymes.Core.Entities.Tests\bin\Debug\net5.0\Kitpymes.Core.Entities.Tests.dll" adapterTypeName="executor://mstestadapter/v2" className="Kitpymes.Core.Entities.ValueObjects.Tests.TenantNameTests" name="OperatorEqual_Passing_Valid_Distinct_Values_Returns_False" />
    </UnitTest>
    <UnitTest name="Equals_Passing_Valid_Distinct_Values_Returns_False (España)" storage="d:\sferrari\01 - trabajo\repos\netcore\libs\template-netcore-entities\kitpymes.core.entities.tests\bin\debug\net5.0\kitpymes.core.entities.tests.dll" id="0451c430-4429-4f4e-bd51-db890e22c1cb">
      <Execution id="8fe9c640-1dba-4f2d-8eda-e211422eb297" />
      <TestMethod codeBase="D:\SFERRARI\01 - TRABAJO\repos\netcore\libs\template-netcore-entities\Kitpymes.Core.Entities.Tests\bin\Debug\net5.0\Kitpymes.Core.Entities.Tests.dll" adapterTypeName="executor://mstestadapter/v2" className="Kitpymes.Core.Entities.ValueObjects.Tests.NameTests" name="Equals_Passing_Valid_Distinct_Values_Returns_False" />
    </UnitTest>
    <UnitTest name="ToString_Passing_Valid_Values_Returns_Name (TENANTA)" storage="d:\sferrari\01 - trabajo\repos\netcore\libs\template-netcore-entities\kitpymes.core.entities.tests\bin\debug\net5.0\kitpymes.core.entities.tests.dll" id="7c5b52cc-8716-4ee3-abaa-8586c352e9f2">
      <Execution id="14dbd54a-fc40-4a83-91cd-63e4a956860b" />
      <TestMethod codeBase="D:\SFERRARI\01 - TRABAJO\repos\netcore\libs\template-netcore-entities\Kitpymes.Core.Entities.Tests\bin\Debug\net5.0\Kitpymes.Core.Entities.Tests.dll" adapterTypeName="executor://mstestadapter/v2" className="Kitpymes.Core.Entities.ValueObjects.Tests.TenantNameTests" name="ToString_Passing_Valid_Values_Returns_Name" />
    </UnitTest>
    <UnitTest name="Create_Passing_Valid_Values_Returns_Name (tenant1)" storage="d:\sferrari\01 - trabajo\repos\netcore\libs\template-netcore-entities\kitpymes.core.entities.tests\bin\debug\net5.0\kitpymes.core.entities.tests.dll" id="7d7326e6-65bd-4c22-a18e-ef72299a10b1">
      <Execution id="a68dea4b-6f2e-4f1d-9662-dc104963b40f" />
      <TestMethod codeBase="D:\SFERRARI\01 - TRABAJO\repos\netcore\libs\template-netcore-entities\Kitpymes.Core.Entities.Tests\bin\Debug\net5.0\Kitpymes.Core.Entities.Tests.dll" adapterTypeName="executor://mstestadapter/v2" className="Kitpymes.Core.Entities.ValueObjects.Tests.TenantNameTests" name="Create_Passing_Valid_Values_Returns_Name" />
    </UnitTest>
    <UnitTest name="ToEnum_Passing_Null_Bool_Value_Returns_Inactive_Status" storage="d:\sferrari\01 - trabajo\repos\netcore\libs\template-netcore-entities\kitpymes.core.entities.tests\bin\debug\net5.0\kitpymes.core.entities.tests.dll" id="9626c222-357b-4d27-a6be-d6de0e565f78">
      <Execution id="1077145f-001a-4cd2-b495-4eb940956209" />
      <TestMethod codeBase="D:\SFERRARI\01 - TRABAJO\repos\netcore\libs\template-netcore-entities\Kitpymes.Core.Entities.Tests\bin\Debug\net5.0\Kitpymes.Core.Entities.Tests.dll" adapterTypeName="executor://mstestadapter/v2" className="Kitpymes.Core.Entities.Enumerations.Tests.StatusEnumTests" name="ToEnum_Passing_Null_Bool_Value_Returns_Inactive_Status" />
    </UnitTest>
    <UnitTest name="Equals_Passing_Valid_Values_Returns_True (dasdasd@dsasd.ff)" storage="d:\sferrari\01 - trabajo\repos\netcore\libs\template-netcore-entities\kitpymes.core.entities.tests\bin\debug\net5.0\kitpymes.core.entities.tests.dll" id="b4ca1c03-1f8a-4ac7-b9d9-775fd60b1dc7">
      <Execution id="8e8a0ced-a152-4440-b5c1-97cfe52f714e" />
      <TestMethod codeBase="D:\SFERRARI\01 - TRABAJO\repos\netcore\libs\template-netcore-entities\Kitpymes.Core.Entities.Tests\bin\Debug\net5.0\Kitpymes.Core.Entities.Tests.dll" adapterTypeName="executor://mstestadapter/v2" className="Kitpymes.Core.Entities.ValueObjects.Tests.EmailTests" name="Equals_Passing_Valid_Values_Returns_True" />
    </UnitTest>
    <UnitTest name="OperatorNotEqual_Passing_Valid_Values_Returns_True (tenant_A)" storage="d:\sferrari\01 - trabajo\repos\netcore\libs\template-netcore-entities\kitpymes.core.entities.tests\bin\debug\net5.0\kitpymes.core.entities.tests.dll" id="21086ec6-c4a4-4e2f-a9bb-06696d8ef562">
      <Execution id="f1f7eab0-8e54-430b-9121-e66e3ac93013" />
      <TestMethod codeBase="D:\SFERRARI\01 - TRABAJO\repos\netcore\libs\template-netcore-entities\Kitpymes.Core.Entities.Tests\bin\Debug\net5.0\Kitpymes.Core.Entities.Tests.dll" adapterTypeName="executor://mstestadapter/v2" className="Kitpymes.Core.Entities.ValueObjects.Tests.TenantNameTests" name="OperatorNotEqual_Passing_Valid_Values_Returns_True" />
    </UnitTest>
    <UnitTest name="OperatorNotEqual_Passing_Valid_Values_Returns_True (EUR)" storage="d:\sferrari\01 - trabajo\repos\netcore\libs\template-netcore-entities\kitpymes.core.entities.tests\bin\debug\net5.0\kitpymes.core.entities.tests.dll" id="474519a4-ad96-41a1-9aab-ce12297419dc">
      <Execution id="e1d724ab-031b-4ae2-abe8-1c94ac4a5d74" />
      <TestMethod codeBase="D:\SFERRARI\01 - TRABAJO\repos\netcore\libs\template-netcore-entities\Kitpymes.Core.Entities.Tests\bin\Debug\net5.0\Kitpymes.Core.Entities.Tests.dll" adapterTypeName="executor://mstestadapter/v2" className="Kitpymes.Core.Entities.ValueObjects.Tests.CurrencyTests" name="OperatorNotEqual_Passing_Valid_Values_Returns_True" />
    </UnitTest>
    <UnitTest name="OperatorEqual_Passing_Valid_Values_Returns_True (TENANTA)" storage="d:\sferrari\01 - trabajo\repos\netcore\libs\template-netcore-entities\kitpymes.core.entities.tests\bin\debug\net5.0\kitpymes.core.entities.tests.dll" id="f724d52c-86a9-48b5-983c-c40bf0400e60">
      <Execution id="dca34718-21de-42b2-b1ab-7f74bc9dd275" />
      <TestMethod codeBase="D:\SFERRARI\01 - TRABAJO\repos\netcore\libs\template-netcore-entities\Kitpymes.Core.Entities.Tests\bin\Debug\net5.0\Kitpymes.Core.Entities.Tests.dll" adapterTypeName="executor://mstestadapter/v2" className="Kitpymes.Core.Entities.ValueObjects.Tests.TenantNameTests" name="OperatorEqual_Passing_Valid_Values_Returns_True" />
    </UnitTest>
    <UnitTest name="IsNull_Passing_Valid_Value_Returns_False (tenantA)" storage="d:\sferrari\01 - trabajo\repos\netcore\libs\template-netcore-entities\kitpymes.core.entities.tests\bin\debug\net5.0\kitpymes.core.entities.tests.dll" id="cf58712f-0ba1-4c52-be52-38f450b5c298">
      <Execution id="eac86ac0-8f06-4bcc-b779-fa349daf94f0" />
      <TestMethod codeBase="D:\SFERRARI\01 - TRABAJO\repos\netcore\libs\template-netcore-entities\Kitpymes.Core.Entities.Tests\bin\Debug\net5.0\Kitpymes.Core.Entities.Tests.dll" adapterTypeName="executor://mstestadapter/v2" className="Kitpymes.Core.Entities.ValueObjects.Tests.TenantNameTests" name="IsNull_Passing_Valid_Value_Returns_False" />
    </UnitTest>
    <UnitTest name="ToString_Passing_Valid_Values_Returns_Name (tenant1)" storage="d:\sferrari\01 - trabajo\repos\netcore\libs\template-netcore-entities\kitpymes.core.entities.tests\bin\debug\net5.0\kitpymes.core.entities.tests.dll" id="ce99aa9a-6286-4c8c-8a56-2793ddeb3329">
      <Execution id="5a56c6b1-4e17-4e3a-ab3c-bbb16e20252a" />
      <TestMethod codeBase="D:\SFERRARI\01 - TRABAJO\repos\netcore\libs\template-netcore-entities\Kitpymes.Core.Entities.Tests\bin\Debug\net5.0\Kitpymes.Core.Entities.Tests.dll" adapterTypeName="executor://mstestadapter/v2" className="Kitpymes.Core.Entities.ValueObjects.Tests.TenantNameTests" name="ToString_Passing_Valid_Values_Returns_Name" />
    </UnitTest>
    <UnitTest name="Change_Passing_Valid_Values_Returns_Address (200,EUR,4)" storage="d:\sferrari\01 - trabajo\repos\netcore\libs\template-netcore-entities\kitpymes.core.entities.tests\bin\debug\net5.0\kitpymes.core.entities.tests.dll" id="27f8fbad-0817-4201-881d-88573e5c6968">
      <Execution id="197ad381-25a4-483e-b709-1b121bbbc79f" />
      <TestMethod codeBase="D:\SFERRARI\01 - TRABAJO\repos\netcore\libs\template-netcore-entities\Kitpymes.Core.Entities.Tests\bin\Debug\net5.0\Kitpymes.Core.Entities.Tests.dll" adapterTypeName="executor://mstestadapter/v2" className="Kitpymes.Core.Entities.ValueObjects.Tests.MoneyTests" name="Change_Passing_Valid_Values_Returns_Address" />
    </UnitTest>
    <UnitTest name="Create_Passing_InvalidOrNull_Value_Returns_ApplicationException ()" storage="d:\sferrari\01 - trabajo\repos\netcore\libs\template-netcore-entities\kitpymes.core.entities.tests\bin\debug\net5.0\kitpymes.core.entities.tests.dll" id="5c7dcd23-acb5-4037-b3ea-4ab7a4273ac7">
      <Execution id="791b0565-4784-417e-b0a0-49cf40d71504" />
      <TestMethod codeBase="D:\SFERRARI\01 - TRABAJO\repos\netcore\libs\template-netcore-entities\Kitpymes.Core.Entities.Tests\bin\Debug\net5.0\Kitpymes.Core.Entities.Tests.dll" adapterTypeName="executor://mstestadapter/v2" className="Kitpymes.Core.Entities.ValueObjects.Tests.EmailTests" name="Create_Passing_InvalidOrNull_Value_Returns_ApplicationException" />
    </UnitTest>
    <UnitTest name="IsNull_Passing_Valid_Value_Returns_False (España)" storage="d:\sferrari\01 - trabajo\repos\netcore\libs\template-netcore-entities\kitpymes.core.entities.tests\bin\debug\net5.0\kitpymes.core.entities.tests.dll" id="d18ec51b-1dcd-493f-9a19-e2712c98e3d4">
      <Execution id="501caeea-b926-41d2-98f0-d53ea2d917d2" />
      <TestMethod codeBase="D:\SFERRARI\01 - TRABAJO\repos\netcore\libs\template-netcore-entities\Kitpymes.Core.Entities.Tests\bin\Debug\net5.0\Kitpymes.Core.Entities.Tests.dll" adapterTypeName="executor://mstestadapter/v2" className="Kitpymes.Core.Entities.ValueObjects.Tests.NameTests" name="IsNull_Passing_Valid_Value_Returns_False" />
    </UnitTest>
    <UnitTest name="ToEnum_Passing_Invalid_Int_Name_Enumeracion_Returns_Null" storage="d:\sferrari\01 - trabajo\repos\netcore\libs\template-netcore-entities\kitpymes.core.entities.tests\bin\debug\net5.0\kitpymes.core.entities.tests.dll" id="9f4ea0ef-bc2d-4091-b1d5-5649a7d9a841">
      <Execution id="8357cb17-03be-4b92-847c-a046150c3a35" />
      <TestMethod codeBase="D:\SFERRARI\01 - TRABAJO\repos\netcore\libs\template-netcore-entities\Kitpymes.Core.Entities.Tests\bin\Debug\net5.0\Kitpymes.Core.Entities.Tests.dll" adapterTypeName="executor://mstestadapter/v2" className="Kitpymes.Core.Entities.Enumerations.Tests.LogTypeEnumTests" name="ToEnum_Passing_Invalid_Int_Name_Enumeracion_Returns_Null" />
    </UnitTest>
    <UnitTest name="IsSilver_Passing_Nothing_Returns_True" storage="d:\sferrari\01 - trabajo\repos\netcore\libs\template-netcore-entities\kitpymes.core.entities.tests\bin\debug\net5.0\kitpymes.core.entities.tests.dll" id="9e95a7e8-3b46-4a95-a1b5-a9b05a414b51">
      <Execution id="62b2adb7-44c0-4447-b04a-81c67685f60f" />
      <TestMethod codeBase="D:\SFERRARI\01 - TRABAJO\repos\netcore\libs\template-netcore-entities\Kitpymes.Core.Entities.Tests\bin\Debug\net5.0\Kitpymes.Core.Entities.Tests.dll" adapterTypeName="executor://mstestadapter/v2" className="Kitpymes.Core.Entities.Enumerations.Tests.SubscriptionEnumTests" name="IsSilver_Passing_Nothing_Returns_True" />
    </UnitTest>
    <UnitTest name="OperatorEqual_Passing_Valid_Distinct_Values_Returns_False (Españä)" storage="d:\sferrari\01 - trabajo\repos\netcore\libs\template-netcore-entities\kitpymes.core.entities.tests\bin\debug\net5.0\kitpymes.core.entities.tests.dll" id="439e115f-52af-4494-8aef-109e9559178d">
      <Execution id="0068f994-0938-42c9-9f1c-5ebbf1bd6f76" />
      <TestMethod codeBase="D:\SFERRARI\01 - TRABAJO\repos\netcore\libs\template-netcore-entities\Kitpymes.Core.Entities.Tests\bin\Debug\net5.0\Kitpymes.Core.Entities.Tests.dll" adapterTypeName="executor://mstestadapter/v2" className="Kitpymes.Core.Entities.ValueObjects.Tests.NameTests" name="OperatorEqual_Passing_Valid_Distinct_Values_Returns_False" />
    </UnitTest>
    <UnitTest name="Change_Passing_Valid_Values_Returns_Email (aaa@aaa.aaa,hhh@hhh.hhh)" storage="d:\sferrari\01 - trabajo\repos\netcore\libs\template-netcore-entities\kitpymes.core.entities.tests\bin\debug\net5.0\kitpymes.core.entities.tests.dll" id="35fbf475-75de-43fe-a50d-8572d41eb69f">
      <Execution id="1ebe3d45-9ba6-4a42-ada2-2b1f4cf94531" />
      <TestMethod codeBase="D:\SFERRARI\01 - TRABAJO\repos\netcore\libs\template-netcore-entities\Kitpymes.Core.Entities.Tests\bin\Debug\net5.0\Kitpymes.Core.Entities.Tests.dll" adapterTypeName="executor://mstestadapter/v2" className="Kitpymes.Core.Entities.ValueObjects.Tests.EmailTests" name="Change_Passing_Valid_Values_Returns_Email" />
    </UnitTest>
    <UnitTest name="IsNull_Passing_Null_Value_Returns_True" storage="d:\sferrari\01 - trabajo\repos\netcore\libs\template-netcore-entities\kitpymes.core.entities.tests\bin\debug\net5.0\kitpymes.core.entities.tests.dll" id="e92951e8-aacf-4400-9762-78c0047f3b47">
      <Execution id="ecc1ad0c-c552-495d-bdd0-13c67e803dfd" />
      <TestMethod codeBase="D:\SFERRARI\01 - TRABAJO\repos\netcore\libs\template-netcore-entities\Kitpymes.Core.Entities.Tests\bin\Debug\net5.0\Kitpymes.Core.Entities.Tests.dll" adapterTypeName="executor://mstestadapter/v2" className="Kitpymes.Core.Entities.ValueObjects.Tests.SubdomainTests" name="IsNull_Passing_Null_Value_Returns_True" />
    </UnitTest>
    <UnitTest name="OperatorEqual_Passing_Valid_Distinct_Values_Returns_False (TENANT1)" storage="d:\sferrari\01 - trabajo\repos\netcore\libs\template-netcore-entities\kitpymes.core.entities.tests\bin\debug\net5.0\kitpymes.core.entities.tests.dll" id="73176e6f-cd80-4784-9e68-1487041f2b81">
      <Execution id="37ecf1e0-65fc-4827-9f21-ffb914ab43f2" />
      <TestMethod codeBase="D:\SFERRARI\01 - TRABAJO\repos\netcore\libs\template-netcore-entities\Kitpymes.Core.Entities.Tests\bin\Debug\net5.0\Kitpymes.Core.Entities.Tests.dll" adapterTypeName="executor://mstestadapter/v2" className="Kitpymes.Core.Entities.ValueObjects.Tests.TenantNameTests" name="OperatorEqual_Passing_Valid_Distinct_Values_Returns_False" />
    </UnitTest>
    <UnitTest name="OperatorNotEqual_Passing_Valid_Values_Returns_False (Españħ)" storage="d:\sferrari\01 - trabajo\repos\netcore\libs\template-netcore-entities\kitpymes.core.entities.tests\bin\debug\net5.0\kitpymes.core.entities.tests.dll" id="e49ce9b3-4d2f-40b1-b2f4-2bc82162f531">
      <Execution id="f20e30b9-3bba-4f22-be10-fba931df7825" />
      <TestMethod codeBase="D:\SFERRARI\01 - TRABAJO\repos\netcore\libs\template-netcore-entities\Kitpymes.Core.Entities.Tests\bin\Debug\net5.0\Kitpymes.Core.Entities.Tests.dll" adapterTypeName="executor://mstestadapter/v2" className="Kitpymes.Core.Entities.ValueObjects.Tests.NameTests" name="OperatorNotEqual_Passing_Valid_Values_Returns_False" />
    </UnitTest>
    <UnitTest name="IsNull_Passing_Valid_Value_Returns_False (app.hackerone1.com)" storage="d:\sferrari\01 - trabajo\repos\netcore\libs\template-netcore-entities\kitpymes.core.entities.tests\bin\debug\net5.0\kitpymes.core.entities.tests.dll" id="d3b06b23-124d-4a0c-9666-badf61319e06">
      <Execution id="333f8058-2303-44bc-83fd-22a7b871ece9" />
      <TestMethod codeBase="D:\SFERRARI\01 - TRABAJO\repos\netcore\libs\template-netcore-entities\Kitpymes.Core.Entities.Tests\bin\Debug\net5.0\Kitpymes.Core.Entities.Tests.dll" adapterTypeName="executor://mstestadapter/v2" className="Kitpymes.Core.Entities.ValueObjects.Tests.SubdomainTests" name="IsNull_Passing_Valid_Value_Returns_False" />
    </UnitTest>
    <UnitTest name="IsNull_Passing_Valid_Address_Returns_False (Tenerife,23,34567,San Bartoleme De Tirajana,Las Palmas,España)" storage="d:\sferrari\01 - trabajo\repos\netcore\libs\template-netcore-entities\kitpymes.core.entities.tests\bin\debug\net5.0\kitpymes.core.entities.tests.dll" id="9be9bd83-4997-4b50-821d-f885446327d5">
      <Execution id="ffc13bd7-a7d5-408f-985e-326553ee48ce" />
      <TestMethod codeBase="D:\SFERRARI\01 - TRABAJO\repos\netcore\libs\template-netcore-entities\Kitpymes.Core.Entities.Tests\bin\Debug\net5.0\Kitpymes.Core.Entities.Tests.dll" adapterTypeName="executor://mstestadapter/v2" className="Kitpymes.Core.Entities.ValueObjects.Tests.AddressTests" name="IsNull_Passing_Valid_Address_Returns_False" />
    </UnitTest>
    <UnitTest name="Create_Passing_InvalidOrNull_Value_Returns_ApplicationException (Tenerife,23,34567,San Bartoleme De Tirajana,Las Palmas,)" storage="d:\sferrari\01 - trabajo\repos\netcore\libs\template-netcore-entities\kitpymes.core.entities.tests\bin\debug\net5.0\kitpymes.core.entities.tests.dll" id="3781cef0-2297-45dd-9472-07e87c4ca315">
      <Execution id="19779d76-75f0-4f90-83db-d2f71d147571" />
      <TestMethod codeBase="D:\SFERRARI\01 - TRABAJO\repos\netcore\libs\template-netcore-entities\Kitpymes.Core.Entities.Tests\bin\Debug\net5.0\Kitpymes.Core.Entities.Tests.dll" adapterTypeName="executor://mstestadapter/v2" className="Kitpymes.Core.Entities.ValueObjects.Tests.AddressTests" name="Create_Passing_InvalidOrNull_Value_Returns_ApplicationException" />
    </UnitTest>
    <UnitTest name="OperatorEqual_Passing_Valid_Values_Returns_True (D45,86554654)" storage="d:\sferrari\01 - trabajo\repos\netcore\libs\template-netcore-entities\kitpymes.core.entities.tests\bin\debug\net5.0\kitpymes.core.entities.tests.dll" id="5ff60208-a037-4740-8429-58a9004b4278">
      <Execution id="6107df2b-5cda-4f95-b989-8474d6c173b5" />
      <TestMethod codeBase="D:\SFERRARI\01 - TRABAJO\repos\netcore\libs\template-netcore-entities\Kitpymes.Core.Entities.Tests\bin\Debug\net5.0\Kitpymes.Core.Entities.Tests.dll" adapterTypeName="executor://mstestadapter/v2" className="Kitpymes.Core.Entities.ValueObjects.Tests.TelephoneTests" name="OperatorEqual_Passing_Valid_Values_Returns_True" />
    </UnitTest>
    <UnitTest name="Create_Passing_Valid_Values_Returns_Name (Españâ)" storage="d:\sferrari\01 - trabajo\repos\netcore\libs\template-netcore-entities\kitpymes.core.entities.tests\bin\debug\net5.0\kitpymes.core.entities.tests.dll" id="a6c88bab-15dc-4402-aea6-b768bd17422e">
      <Execution id="658de0b6-7801-49f1-8aef-e621871b6fbc" />
      <TestMethod codeBase="D:\SFERRARI\01 - TRABAJO\repos\netcore\libs\template-netcore-entities\Kitpymes.Core.Entities.Tests\bin\Debug\net5.0\Kitpymes.Core.Entities.Tests.dll" adapterTypeName="executor://mstestadapter/v2" className="Kitpymes.Core.Entities.ValueObjects.Tests.NameTests" name="Create_Passing_Valid_Values_Returns_Name" />
    </UnitTest>
    <UnitTest name="Change_Passing_Valid_Values_Returns_Subdomain" storage="d:\sferrari\01 - trabajo\repos\netcore\libs\template-netcore-entities\kitpymes.core.entities.tests\bin\debug\net5.0\kitpymes.core.entities.tests.dll" id="e7f8d434-c1eb-48e4-8f88-9cbbf9b3b5bd">
      <Execution id="cbb62fb1-3cfd-4395-84df-ec8f748e57e6" />
      <TestMethod codeBase="D:\SFERRARI\01 - TRABAJO\repos\netcore\libs\template-netcore-entities\Kitpymes.Core.Entities.Tests\bin\Debug\net5.0\Kitpymes.Core.Entities.Tests.dll" adapterTypeName="executor://mstestadapter/v2" className="Kitpymes.Core.Entities.ValueObjects.Tests.SubdomainTests" name="Change_Passing_Valid_Values_Returns_Subdomain" />
    </UnitTest>
    <UnitTest name="Equals_Passing_Valid_Distinct_Values_Returns_False (Españħ)" storage="d:\sferrari\01 - trabajo\repos\netcore\libs\template-netcore-entities\kitpymes.core.entities.tests\bin\debug\net5.0\kitpymes.core.entities.tests.dll" id="9403d32e-8a31-4be8-81b4-2e0274bb5aa9">
      <Execution id="64b599f5-f7ff-498b-8ed8-71f359f75911" />
      <TestMethod codeBase="D:\SFERRARI\01 - TRABAJO\repos\netcore\libs\template-netcore-entities\Kitpymes.Core.Entities.Tests\bin\Debug\net5.0\Kitpymes.Core.Entities.Tests.dll" adapterTypeName="executor://mstestadapter/v2" className="Kitpymes.Core.Entities.ValueObjects.Tests.NameTests" name="Equals_Passing_Valid_Distinct_Values_Returns_False" />
    </UnitTest>
    <UnitTest name="Create_Passing_InvalidOrNull_Value_Returns_ApplicationException ()" storage="d:\sferrari\01 - trabajo\repos\netcore\libs\template-netcore-entities\kitpymes.core.entities.tests\bin\debug\net5.0\kitpymes.core.entities.tests.dll" id="d888415f-4b14-4eeb-baa6-6eafd1c3377f">
      <Execution id="90a378bc-51f7-4310-b923-b48c218d2623" />
      <TestMethod codeBase="D:\SFERRARI\01 - TRABAJO\repos\netcore\libs\template-netcore-entities\Kitpymes.Core.Entities.Tests\bin\Debug\net5.0\Kitpymes.Core.Entities.Tests.dll" adapterTypeName="executor://mstestadapter/v2" className="Kitpymes.Core.Entities.ValueObjects.Tests.StringIdTests" name="Create_Passing_InvalidOrNull_Value_Returns_ApplicationException" />
    </UnitTest>
    <UnitTest name="ToEnum_Passing_Invalid_Int_Value_Returns_Null" storage="d:\sferrari\01 - trabajo\repos\netcore\libs\template-netcore-entities\kitpymes.core.entities.tests\bin\debug\net5.0\kitpymes.core.entities.tests.dll" id="ed258200-1ff6-4c30-a3f8-ed1f23f0bb30">
      <Execution id="ebfc016d-e457-472d-b081-bcbc8d19d1cf" />
      <TestMethod codeBase="D:\SFERRARI\01 - TRABAJO\repos\netcore\libs\template-netcore-entities\Kitpymes.Core.Entities.Tests\bin\Debug\net5.0\Kitpymes.Core.Entities.Tests.dll" adapterTypeName="executor://mstestadapter/v2" className="Kitpymes.Core.Entities.Enumerations.Tests.StatusEnumTests" name="ToEnum_Passing_Invalid_Int_Value_Returns_Null" />
    </UnitTest>
    <UnitTest name="IsNull_Passing_Null_Value_Returns_True" storage="d:\sferrari\01 - trabajo\repos\netcore\libs\template-netcore-entities\kitpymes.core.entities.tests\bin\debug\net5.0\kitpymes.core.entities.tests.dll" id="22a8324b-f690-4882-b2b4-1ed99f4404d3">
      <Execution id="8e205ca0-19ad-4a41-8a53-39d326fd8eed" />
      <TestMethod codeBase="D:\SFERRARI\01 - TRABAJO\repos\netcore\libs\template-netcore-entities\Kitpymes.Core.Entities.Tests\bin\Debug\net5.0\Kitpymes.Core.Entities.Tests.dll" adapterTypeName="executor://mstestadapter/v2" className="Kitpymes.Core.Entities.ValueObjects.Tests.TenantNameTests" name="IsNull_Passing_Null_Value_Returns_True" />
    </UnitTest>
    <UnitTest name="OperatorNotEqual_Passing_Valid_Values_Returns_False (San Bartoleme De Tirajana,Las Palmas,España)" storage="d:\sferrari\01 - trabajo\repos\netcore\libs\template-netcore-entities\kitpymes.core.entities.tests\bin\debug\net5.0\kitpymes.core.entities.tests.dll" id="c4eb9690-f42c-424e-a022-d70c063c43fe">
      <Execution id="1398a416-6008-46d7-8150-b895729973ed" />
      <TestMethod codeBase="D:\SFERRARI\01 - TRABAJO\repos\netcore\libs\template-netcore-entities\Kitpymes.Core.Entities.Tests\bin\Debug\net5.0\Kitpymes.Core.Entities.Tests.dll" adapterTypeName="executor://mstestadapter/v2" className="Kitpymes.Core.Entities.ValueObjects.Tests.FullNameTests" name="OperatorNotEqual_Passing_Valid_Values_Returns_False" />
    </UnitTest>
    <UnitTest name="ToBool_Passing_Valid_String_Active_Value_Returns_True" storage="d:\sferrari\01 - trabajo\repos\netcore\libs\template-netcore-entities\kitpymes.core.entities.tests\bin\debug\net5.0\kitpymes.core.entities.tests.dll" id="76f3e1a6-f861-4823-a1c2-6c0addaa2e93">
      <Execution id="58b4b905-1740-44fe-b911-e0e8239e4532" />
      <TestMethod codeBase="D:\SFERRARI\01 - TRABAJO\repos\netcore\libs\template-netcore-entities\Kitpymes.Core.Entities.Tests\bin\Debug\net5.0\Kitpymes.Core.Entities.Tests.dll" adapterTypeName="executor://mstestadapter/v2" className="Kitpymes.Core.Entities.Enumerations.Tests.StatusEnumTests" name="ToBool_Passing_Valid_String_Active_Value_Returns_True" />
    </UnitTest>
    <UnitTest name="IsNull_Passing_Valid_Value_Returns_False (Españã)" storage="d:\sferrari\01 - trabajo\repos\netcore\libs\template-netcore-entities\kitpymes.core.entities.tests\bin\debug\net5.0\kitpymes.core.entities.tests.dll" id="d6e83422-c320-4a99-a276-c692468b4b89">
      <Execution id="f376a555-a91e-42ae-8205-5edf82740ef7" />
      <TestMethod codeBase="D:\SFERRARI\01 - TRABAJO\repos\netcore\libs\template-netcore-entities\Kitpymes.Core.Entities.Tests\bin\Debug\net5.0\Kitpymes.Core.Entities.Tests.dll" adapterTypeName="executor://mstestadapter/v2" className="Kitpymes.Core.Entities.ValueObjects.Tests.NameTests" name="IsNull_Passing_Valid_Value_Returns_False" />
    </UnitTest>
    <UnitTest name="OperatorEqual_Passing_Valid_Distinct_Values_Returns_False (TENANTA)" storage="d:\sferrari\01 - trabajo\repos\netcore\libs\template-netcore-entities\kitpymes.core.entities.tests\bin\debug\net5.0\kitpymes.core.entities.tests.dll" id="808b31a6-b5ac-472b-97e9-e3ea9e0fd5dc">
      <Execution id="0edadbce-ea65-46ad-9f51-8e5fc1bc1e1c" />
      <TestMethod codeBase="D:\SFERRARI\01 - TRABAJO\repos\netcore\libs\template-netcore-entities\Kitpymes.Core.Entities.Tests\bin\Debug\net5.0\Kitpymes.Core.Entities.Tests.dll" adapterTypeName="executor://mstestadapter/v2" className="Kitpymes.Core.Entities.ValueObjects.Tests.TenantNameTests" name="OperatorEqual_Passing_Valid_Distinct_Values_Returns_False" />
    </UnitTest>
    <UnitTest name="Create_Passing_Valid_Values_Returns_Name (Españã)" storage="d:\sferrari\01 - trabajo\repos\netcore\libs\template-netcore-entities\kitpymes.core.entities.tests\bin\debug\net5.0\kitpymes.core.entities.tests.dll" id="d95ea5e8-6b73-4487-a1b0-251e95c3334e">
      <Execution id="965c11f5-8a63-43de-85ad-847e19cfa97c" />
      <TestMethod codeBase="D:\SFERRARI\01 - TRABAJO\repos\netcore\libs\template-netcore-entities\Kitpymes.Core.Entities.Tests\bin\Debug\net5.0\Kitpymes.Core.Entities.Tests.dll" adapterTypeName="executor://mstestadapter/v2" className="Kitpymes.Core.Entities.ValueObjects.Tests.NameTests" name="Create_Passing_Valid_Values_Returns_Name" />
    </UnitTest>
    <UnitTest name="Equals_Passing_Valid_Distinct_Values_Returns_False (app.hackerone1.com)" storage="d:\sferrari\01 - trabajo\repos\netcore\libs\template-netcore-entities\kitpymes.core.entities.tests\bin\debug\net5.0\kitpymes.core.entities.tests.dll" id="c4721a87-0cb6-4cc9-a62d-a5c87a8b358d">
      <Execution id="d1708159-3bdc-40c7-9ec2-0401d820df21" />
      <TestMethod codeBase="D:\SFERRARI\01 - TRABAJO\repos\netcore\libs\template-netcore-entities\Kitpymes.Core.Entities.Tests\bin\Debug\net5.0\Kitpymes.Core.Entities.Tests.dll" adapterTypeName="executor://mstestadapter/v2" className="Kitpymes.Core.Entities.ValueObjects.Tests.SubdomainTests" name="Equals_Passing_Valid_Distinct_Values_Returns_False" />
    </UnitTest>
    <UnitTest name="OperatorEqual_Passing_Valid_Distinct_Values_Returns_False (app.hackerone1.com)" storage="d:\sferrari\01 - trabajo\repos\netcore\libs\template-netcore-entities\kitpymes.core.entities.tests\bin\debug\net5.0\kitpymes.core.entities.tests.dll" id="fc2b1806-ce39-4051-83fe-5b4e956a4db9">
      <Execution id="a80de530-5ee0-4084-98db-9745e737c602" />
      <TestMethod codeBase="D:\SFERRARI\01 - TRABAJO\repos\netcore\libs\template-netcore-entities\Kitpymes.Core.Entities.Tests\bin\Debug\net5.0\Kitpymes.Core.Entities.Tests.dll" adapterTypeName="executor://mstestadapter/v2" className="Kitpymes.Core.Entities.ValueObjects.Tests.SubdomainTests" name="OperatorEqual_Passing_Valid_Distinct_Values_Returns_False" />
    </UnitTest>
    <UnitTest name="OperatorEqual_Passing_Valid_Values_Returns_True (Españħ)" storage="d:\sferrari\01 - trabajo\repos\netcore\libs\template-netcore-entities\kitpymes.core.entities.tests\bin\debug\net5.0\kitpymes.core.entities.tests.dll" id="fe133e2e-26c9-48cd-b427-86ac3e86f4e5">
      <Execution id="755751f1-dd25-4829-9a2c-162af0beb993" />
      <TestMethod codeBase="D:\SFERRARI\01 - TRABAJO\repos\netcore\libs\template-netcore-entities\Kitpymes.Core.Entities.Tests\bin\Debug\net5.0\Kitpymes.Core.Entities.Tests.dll" adapterTypeName="executor://mstestadapter/v2" className="Kitpymes.Core.Entities.ValueObjects.Tests.NameTests" name="OperatorEqual_Passing_Valid_Values_Returns_True" />
    </UnitTest>
    <UnitTest name="Equals_Passing_Valid_Values_Returns_True (Españç)" storage="d:\sferrari\01 - trabajo\repos\netcore\libs\template-netcore-entities\kitpymes.core.entities.tests\bin\debug\net5.0\kitpymes.core.entities.tests.dll" id="866027df-6e2e-47b5-8f0f-36bcea52cd44">
      <Execution id="f329df92-5a71-4d95-afd2-c77f535e9379" />
      <TestMethod codeBase="D:\SFERRARI\01 - TRABAJO\repos\netcore\libs\template-netcore-entities\Kitpymes.Core.Entities.Tests\bin\Debug\net5.0\Kitpymes.Core.Entities.Tests.dll" adapterTypeName="executor://mstestadapter/v2" className="Kitpymes.Core.Entities.ValueObjects.Tests.NameTests" name="Equals_Passing_Valid_Values_Returns_True" />
    </UnitTest>
    <UnitTest name="OperatorNotEqual_Passing_Valid_Values_Returns_False (stage_hackerone.com)" storage="d:\sferrari\01 - trabajo\repos\netcore\libs\template-netcore-entities\kitpymes.core.entities.tests\bin\debug\net5.0\kitpymes.core.entities.tests.dll" id="1867b1b4-7b51-4532-9326-c57885d67f4f">
      <Execution id="de2aa806-844b-4b03-840c-8018bed4dfbb" />
      <TestMethod codeBase="D:\SFERRARI\01 - TRABAJO\repos\netcore\libs\template-netcore-entities\Kitpymes.Core.Entities.Tests\bin\Debug\net5.0\Kitpymes.Core.Entities.Tests.dll" adapterTypeName="executor://mstestadapter/v2" className="Kitpymes.Core.Entities.ValueObjects.Tests.SubdomainTests" name="OperatorNotEqual_Passing_Valid_Values_Returns_False" />
    </UnitTest>
    <UnitTest name="OperatorNotEqual_Passing_Valid_Values_Returns_True (TENANT1)" storage="d:\sferrari\01 - trabajo\repos\netcore\libs\template-netcore-entities\kitpymes.core.entities.tests\bin\debug\net5.0\kitpymes.core.entities.tests.dll" id="277d68f8-8892-4b15-82ac-22ecc48fc9e5">
      <Execution id="a4823311-ed44-4f4a-bd98-83adb2318317" />
      <TestMethod codeBase="D:\SFERRARI\01 - TRABAJO\repos\netcore\libs\template-netcore-entities\Kitpymes.Core.Entities.Tests\bin\Debug\net5.0\Kitpymes.Core.Entities.Tests.dll" adapterTypeName="executor://mstestadapter/v2" className="Kitpymes.Core.Entities.ValueObjects.Tests.TenantNameTests" name="OperatorNotEqual_Passing_Valid_Values_Returns_True" />
    </UnitTest>
    <UnitTest name="ToString_Passing_Valid_Values_Returns_Subdomain (app.hackerone1.com)" storage="d:\sferrari\01 - trabajo\repos\netcore\libs\template-netcore-entities\kitpymes.core.entities.tests\bin\debug\net5.0\kitpymes.core.entities.tests.dll" id="97ea821f-9a4c-4e2b-b0d0-c76ec3c95151">
      <Execution id="172ebbab-1fee-424e-9718-2700333336d7" />
      <TestMethod codeBase="D:\SFERRARI\01 - TRABAJO\repos\netcore\libs\template-netcore-entities\Kitpymes.Core.Entities.Tests\bin\Debug\net5.0\Kitpymes.Core.Entities.Tests.dll" adapterTypeName="executor://mstestadapter/v2" className="Kitpymes.Core.Entities.ValueObjects.Tests.SubdomainTests" name="ToString_Passing_Valid_Values_Returns_Subdomain" />
    </UnitTest>
    <UnitTest name="OperatorNotEqual_Passing_Valid_Values_Returns_False (dasdasd@dsasd.ff)" storage="d:\sferrari\01 - trabajo\repos\netcore\libs\template-netcore-entities\kitpymes.core.entities.tests\bin\debug\net5.0\kitpymes.core.entities.tests.dll" id="fb0331ea-bfe7-402c-8131-067557c0595b">
      <Execution id="204a4b4b-cb69-428b-a965-89b9138a756c" />
      <TestMethod codeBase="D:\SFERRARI\01 - TRABAJO\repos\netcore\libs\template-netcore-entities\Kitpymes.Core.Entities.Tests\bin\Debug\net5.0\Kitpymes.Core.Entities.Tests.dll" adapterTypeName="executor://mstestadapter/v2" className="Kitpymes.Core.Entities.ValueObjects.Tests.EmailTests" name="OperatorNotEqual_Passing_Valid_Values_Returns_False" />
    </UnitTest>
    <UnitTest name="ToString_Passing_Valid_Values_Returns_Name (España)" storage="d:\sferrari\01 - trabajo\repos\netcore\libs\template-netcore-entities\kitpymes.core.entities.tests\bin\debug\net5.0\kitpymes.core.entities.tests.dll" id="e0e99fc1-f11e-464d-a53a-c71186ce2c21">
      <Execution id="4b62f32f-4263-47f3-a05e-bcba15cdb11b" />
      <TestMethod codeBase="D:\SFERRARI\01 - TRABAJO\repos\netcore\libs\template-netcore-entities\Kitpymes.Core.Entities.Tests\bin\Debug\net5.0\Kitpymes.Core.Entities.Tests.dll" adapterTypeName="executor://mstestadapter/v2" className="Kitpymes.Core.Entities.ValueObjects.Tests.NameTests" name="ToString_Passing_Valid_Values_Returns_Name" />
    </UnitTest>
    <UnitTest name="IsMale_Passing_Nothing_Returns_True" storage="d:\sferrari\01 - trabajo\repos\netcore\libs\template-netcore-entities\kitpymes.core.entities.tests\bin\debug\net5.0\kitpymes.core.entities.tests.dll" id="3b3f33f6-91c5-4b38-a85e-769e5fd7f3b7">
      <Execution id="c0b4d077-f362-4bff-830a-56f1bbb56dfe" />
      <TestMethod codeBase="D:\SFERRARI\01 - TRABAJO\repos\netcore\libs\template-netcore-entities\Kitpymes.Core.Entities.Tests\bin\Debug\net5.0\Kitpymes.Core.Entities.Tests.dll" adapterTypeName="executor://mstestadapter/v2" className="Kitpymes.Core.Entities.Enumerations.Tests.GenderTypeEnumTests" name="IsMale_Passing_Nothing_Returns_True" />
    </UnitTest>
    <UnitTest name="Create_Passing_Valid_Values_Returns_Name (Esp añâ)" storage="d:\sferrari\01 - trabajo\repos\netcore\libs\template-netcore-entities\kitpymes.core.entities.tests\bin\debug\net5.0\kitpymes.core.entities.tests.dll" id="77e9d092-370e-417f-a4d9-c7c9d1b892ba">
      <Execution id="ef3aa8a6-ed9a-4495-8a96-7e167a0b7852" />
      <TestMethod codeBase="D:\SFERRARI\01 - TRABAJO\repos\netcore\libs\template-netcore-entities\Kitpymes.Core.Entities.Tests\bin\Debug\net5.0\Kitpymes.Core.Entities.Tests.dll" adapterTypeName="executor://mstestadapter/v2" className="Kitpymes.Core.Entities.ValueObjects.Tests.NameTests" name="Create_Passing_Valid_Values_Returns_Name" />
    </UnitTest>
    <UnitTest name="OperatorEqual_Passing_Valid_Distinct_Values_Returns_False (España)" storage="d:\sferrari\01 - trabajo\repos\netcore\libs\template-netcore-entities\kitpymes.core.entities.tests\bin\debug\net5.0\kitpymes.core.entities.tests.dll" id="139953c4-2dac-44dc-830d-4eed28c9c9ca">
      <Execution id="1b290a6b-537c-478d-aeaf-59c7046a4ba3" />
      <TestMethod codeBase="D:\SFERRARI\01 - TRABAJO\repos\netcore\libs\template-netcore-entities\Kitpymes.Core.Entities.Tests\bin\Debug\net5.0\Kitpymes.Core.Entities.Tests.dll" adapterTypeName="executor://mstestadapter/v2" className="Kitpymes.Core.Entities.ValueObjects.Tests.NameTests" name="OperatorEqual_Passing_Valid_Distinct_Values_Returns_False" />
    </UnitTest>
    <UnitTest name="Equals_Passing_Valid_Values_Returns_True (Españâ)" storage="d:\sferrari\01 - trabajo\repos\netcore\libs\template-netcore-entities\kitpymes.core.entities.tests\bin\debug\net5.0\kitpymes.core.entities.tests.dll" id="65771d88-516b-43ce-a2e5-ea3f5c063b96">
      <Execution id="0f5dc4c8-5289-4bf6-9437-c99a52a97fed" />
      <TestMethod codeBase="D:\SFERRARI\01 - TRABAJO\repos\netcore\libs\template-netcore-entities\Kitpymes.Core.Entities.Tests\bin\Debug\net5.0\Kitpymes.Core.Entities.Tests.dll" adapterTypeName="executor://mstestadapter/v2" className="Kitpymes.Core.Entities.ValueObjects.Tests.NameTests" name="Equals_Passing_Valid_Values_Returns_True" />
    </UnitTest>
    <UnitTest name="OperatorNotEqual_Passing_Valid_Values_Returns_False (200,EUR,4)" storage="d:\sferrari\01 - trabajo\repos\netcore\libs\template-netcore-entities\kitpymes.core.entities.tests\bin\debug\net5.0\kitpymes.core.entities.tests.dll" id="ce0c15c3-0c9f-4ef3-bee4-7c7ba1d44ac6">
      <Execution id="c8578b83-628d-4f14-8319-019cb53795f6" />
      <TestMethod codeBase="D:\SFERRARI\01 - TRABAJO\repos\netcore\libs\template-netcore-entities\Kitpymes.Core.Entities.Tests\bin\Debug\net5.0\Kitpymes.Core.Entities.Tests.dll" adapterTypeName="executor://mstestadapter/v2" className="Kitpymes.Core.Entities.ValueObjects.Tests.MoneyTests" name="OperatorNotEqual_Passing_Valid_Values_Returns_False" />
    </UnitTest>
    <UnitTest name="ToString_Passing_Valid_Values_Returns_Value_String_Format (D45,86554654)" storage="d:\sferrari\01 - trabajo\repos\netcore\libs\template-netcore-entities\kitpymes.core.entities.tests\bin\debug\net5.0\kitpymes.core.entities.tests.dll" id="c23783a5-adf0-42ac-84b0-d10acd11ab33">
      <Execution id="75467b2d-5334-4007-945f-496010296b26" />
      <TestMethod codeBase="D:\SFERRARI\01 - TRABAJO\repos\netcore\libs\template-netcore-entities\Kitpymes.Core.Entities.Tests\bin\Debug\net5.0\Kitpymes.Core.Entities.Tests.dll" adapterTypeName="executor://mstestadapter/v2" className="Kitpymes.Core.Entities.ValueObjects.Tests.TelephoneTests" name="ToString_Passing_Valid_Values_Returns_Value_String_Format" />
    </UnitTest>
    <UnitTest name="OperatorEqual_Passing_Valid_Distinct_Values_Returns_False (stage_hackerone.com)" storage="d:\sferrari\01 - trabajo\repos\netcore\libs\template-netcore-entities\kitpymes.core.entities.tests\bin\debug\net5.0\kitpymes.core.entities.tests.dll" id="29f3bfe7-1718-4f68-ba66-70946f46fa9a">
      <Execution id="422c2497-fa7a-4efd-bde4-6939c5cb4214" />
      <TestMethod codeBase="D:\SFERRARI\01 - TRABAJO\repos\netcore\libs\template-netcore-entities\Kitpymes.Core.Entities.Tests\bin\Debug\net5.0\Kitpymes.Core.Entities.Tests.dll" adapterTypeName="executor://mstestadapter/v2" className="Kitpymes.Core.Entities.ValueObjects.Tests.SubdomainTests" name="OperatorEqual_Passing_Valid_Distinct_Values_Returns_False" />
    </UnitTest>
    <UnitTest name="IsNull_Passing_Valid_Value_Returns_False (stage_hackerone.com)" storage="d:\sferrari\01 - trabajo\repos\netcore\libs\template-netcore-entities\kitpymes.core.entities.tests\bin\debug\net5.0\kitpymes.core.entities.tests.dll" id="beaa2c3e-4642-4a79-8b25-19267d32bfad">
      <Execution id="1116ec8d-8188-4525-8c23-8733f6bdf987" />
      <TestMethod codeBase="D:\SFERRARI\01 - TRABAJO\repos\netcore\libs\template-netcore-entities\Kitpymes.Core.Entities.Tests\bin\Debug\net5.0\Kitpymes.Core.Entities.Tests.dll" adapterTypeName="executor://mstestadapter/v2" className="Kitpymes.Core.Entities.ValueObjects.Tests.SubdomainTests" name="IsNull_Passing_Valid_Value_Returns_False" />
    </UnitTest>
    <UnitTest name="OperatorNotEqual_Passing_Valid_Values_Returns_False (Tenant_1)" storage="d:\sferrari\01 - trabajo\repos\netcore\libs\template-netcore-entities\kitpymes.core.entities.tests\bin\debug\net5.0\kitpymes.core.entities.tests.dll" id="020fcfdd-3c2c-4945-8cff-f5cb64d535cb">
      <Execution id="787c01c7-18d2-4a38-a0ca-3a0957e4dd29" />
      <TestMethod codeBase="D:\SFERRARI\01 - TRABAJO\repos\netcore\libs\template-netcore-entities\Kitpymes.Core.Entities.Tests\bin\Debug\net5.0\Kitpymes.Core.Entities.Tests.dll" adapterTypeName="executor://mstestadapter/v2" className="Kitpymes.Core.Entities.ValueObjects.Tests.TenantNameTests" name="OperatorNotEqual_Passing_Valid_Values_Returns_False" />
    </UnitTest>
    <UnitTest name="Create_Passing_Valid_Values_Returns_Currency (USD)" storage="d:\sferrari\01 - trabajo\repos\netcore\libs\template-netcore-entities\kitpymes.core.entities.tests\bin\debug\net5.0\kitpymes.core.entities.tests.dll" id="c7b4f8f2-7bcd-4d74-85e9-ee0329bb4605">
      <Execution id="186e8d71-5779-4ac0-b85c-e95c841b6af2" />
      <TestMethod codeBase="D:\SFERRARI\01 - TRABAJO\repos\netcore\libs\template-netcore-entities\Kitpymes.Core.Entities.Tests\bin\Debug\net5.0\Kitpymes.Core.Entities.Tests.dll" adapterTypeName="executor://mstestadapter/v2" className="Kitpymes.Core.Entities.ValueObjects.Tests.CurrencyTests" name="Create_Passing_Valid_Values_Returns_Currency" />
    </UnitTest>
    <UnitTest name="ToNormalize_Passing_Valid_Values_Returns_Address_String_Format (aaads@ggg.cc)" storage="d:\sferrari\01 - trabajo\repos\netcore\libs\template-netcore-entities\kitpymes.core.entities.tests\bin\debug\net5.0\kitpymes.core.entities.tests.dll" id="59b4db7e-1f01-47ff-8401-17e453501b9c">
      <Execution id="f6ecb9a8-2c8c-4f6f-989a-0ac086c24189" />
      <TestMethod codeBase="D:\SFERRARI\01 - TRABAJO\repos\netcore\libs\template-netcore-entities\Kitpymes.Core.Entities.Tests\bin\Debug\net5.0\Kitpymes.Core.Entities.Tests.dll" adapterTypeName="executor://mstestadapter/v2" className="Kitpymes.Core.Entities.ValueObjects.Tests.EmailTests" name="ToNormalize_Passing_Valid_Values_Returns_Address_String_Format" />
    </UnitTest>
    <UnitTest name="OperatorEqual_Passing_Valid_Values_Returns_True (San Bartoleme De Tirajana)" storage="d:\sferrari\01 - trabajo\repos\netcore\libs\template-netcore-entities\kitpymes.core.entities.tests\bin\debug\net5.0\kitpymes.core.entities.tests.dll" id="6777d730-a801-4bd8-94f0-1373d94e6d52">
      <Execution id="5b6e3d93-57ca-4cc1-96d1-4e684953f08a" />
      <TestMethod codeBase="D:\SFERRARI\01 - TRABAJO\repos\netcore\libs\template-netcore-entities\Kitpymes.Core.Entities.Tests\bin\Debug\net5.0\Kitpymes.Core.Entities.Tests.dll" adapterTypeName="executor://mstestadapter/v2" className="Kitpymes.Core.Entities.ValueObjects.Tests.StringIdTests" name="OperatorEqual_Passing_Valid_Values_Returns_True" />
    </UnitTest>
    <UnitTest name="Create_Passing_Valid_Values_Returns_Name (Españħ)" storage="d:\sferrari\01 - trabajo\repos\netcore\libs\template-netcore-entities\kitpymes.core.entities.tests\bin\debug\net5.0\kitpymes.core.entities.tests.dll" id="67749f22-10a9-4bdf-bc46-948b61b4f4ae">
      <Execution id="3dbdc0d0-8296-461f-ad9b-c74ce841f0be" />
      <TestMethod codeBase="D:\SFERRARI\01 - TRABAJO\repos\netcore\libs\template-netcore-entities\Kitpymes.Core.Entities.Tests\bin\Debug\net5.0\Kitpymes.Core.Entities.Tests.dll" adapterTypeName="executor://mstestadapter/v2" className="Kitpymes.Core.Entities.ValueObjects.Tests.NameTests" name="Create_Passing_Valid_Values_Returns_Name" />
    </UnitTest>
    <UnitTest name="Equals_Passing_Valid_Values_Returns_True (Sabadell,Barcelona,España)" storage="d:\sferrari\01 - trabajo\repos\netcore\libs\template-netcore-entities\kitpymes.core.entities.tests\bin\debug\net5.0\kitpymes.core.entities.tests.dll" id="b03dd574-1cb0-44c4-827e-fc42bb8085b7">
      <Execution id="9d40f0a1-54bb-4630-b640-800988792f8e" />
      <TestMethod codeBase="D:\SFERRARI\01 - TRABAJO\repos\netcore\libs\template-netcore-entities\Kitpymes.Core.Entities.Tests\bin\Debug\net5.0\Kitpymes.Core.Entities.Tests.dll" adapterTypeName="executor://mstestadapter/v2" className="Kitpymes.Core.Entities.ValueObjects.Tests.FullNameTests" name="Equals_Passing_Valid_Values_Returns_True" />
    </UnitTest>
    <UnitTest name="IsNull_Passing_Valid_Value_Returns_False (Tenant1)" storage="d:\sferrari\01 - trabajo\repos\netcore\libs\template-netcore-entities\kitpymes.core.entities.tests\bin\debug\net5.0\kitpymes.core.entities.tests.dll" id="1a3b39e2-7a81-472b-8fac-8963d0ef17eb">
      <Execution id="0bb1ba1e-099c-4053-953c-b279ddff2f25" />
      <TestMethod codeBase="D:\SFERRARI\01 - TRABAJO\repos\netcore\libs\template-netcore-entities\Kitpymes.Core.Entities.Tests\bin\Debug\net5.0\Kitpymes.Core.Entities.Tests.dll" adapterTypeName="executor://mstestadapter/v2" className="Kitpymes.Core.Entities.ValueObjects.Tests.TenantNameTests" name="IsNull_Passing_Valid_Value_Returns_False" />
    </UnitTest>
    <UnitTest name="OperatorEqual_Passing_Valid_Distinct_Values_Returns_False (Españâ)" storage="d:\sferrari\01 - trabajo\repos\netcore\libs\template-netcore-entities\kitpymes.core.entities.tests\bin\debug\net5.0\kitpymes.core.entities.tests.dll" id="3f13489a-079b-4fca-ba7c-8f873256cabd">
      <Execution id="b8ab3632-8f15-4a90-9249-2706a39682bb" />
      <TestMethod codeBase="D:\SFERRARI\01 - TRABAJO\repos\netcore\libs\template-netcore-entities\Kitpymes.Core.Entities.Tests\bin\Debug\net5.0\Kitpymes.Core.Entities.Tests.dll" adapterTypeName="executor://mstestadapter/v2" className="Kitpymes.Core.Entities.ValueObjects.Tests.NameTests" name="OperatorEqual_Passing_Valid_Distinct_Values_Returns_False" />
    </UnitTest>
    <UnitTest name="Create_Passing_Valid_Value_Returns_Email (34fsds@sdd.fgg)" storage="d:\sferrari\01 - trabajo\repos\netcore\libs\template-netcore-entities\kitpymes.core.entities.tests\bin\debug\net5.0\kitpymes.core.entities.tests.dll" id="2b115a40-fc28-4848-b41c-71f7962a8def">
      <Execution id="4ae2110a-3468-4c15-8efb-c7ca179fa419" />
      <TestMethod codeBase="D:\SFERRARI\01 - TRABAJO\repos\netcore\libs\template-netcore-entities\Kitpymes.Core.Entities.Tests\bin\Debug\net5.0\Kitpymes.Core.Entities.Tests.dll" adapterTypeName="executor://mstestadapter/v2" className="Kitpymes.Core.Entities.ValueObjects.Tests.EmailTests" name="Create_Passing_Valid_Value_Returns_Email" />
    </UnitTest>
    <UnitTest name="ToString_Passing_Valid_Values_Returns_Address_String_Format (200,EUR,4)" storage="d:\sferrari\01 - trabajo\repos\netcore\libs\template-netcore-entities\kitpymes.core.entities.tests\bin\debug\net5.0\kitpymes.core.entities.tests.dll" id="b0ff152c-49b7-4099-9f52-27747ed86c5d">
      <Execution id="5f7accee-6770-4a5a-8bfb-732443fadb53" />
      <TestMethod codeBase="D:\SFERRARI\01 - TRABAJO\repos\netcore\libs\template-netcore-entities\Kitpymes.Core.Entities.Tests\bin\Debug\net5.0\Kitpymes.Core.Entities.Tests.dll" adapterTypeName="executor://mstestadapter/v2" className="Kitpymes.Core.Entities.ValueObjects.Tests.MoneyTests" name="ToString_Passing_Valid_Values_Returns_Address_String_Format" />
    </UnitTest>
    <UnitTest name="ToString_Passing_Valid_Values_Returns_Name (Tenant_A)" storage="d:\sferrari\01 - trabajo\repos\netcore\libs\template-netcore-entities\kitpymes.core.entities.tests\bin\debug\net5.0\kitpymes.core.entities.tests.dll" id="c3a51546-651f-47e5-9ff1-14ea6e37c70d">
      <Execution id="9c015be0-639d-4e83-84d9-5a279b8e8b21" />
      <TestMethod codeBase="D:\SFERRARI\01 - TRABAJO\repos\netcore\libs\template-netcore-entities\Kitpymes.Core.Entities.Tests\bin\Debug\net5.0\Kitpymes.Core.Entities.Tests.dll" adapterTypeName="executor://mstestadapter/v2" className="Kitpymes.Core.Entities.ValueObjects.Tests.TenantNameTests" name="ToString_Passing_Valid_Values_Returns_Name" />
    </UnitTest>
    <UnitTest name="ToNormalize_Passing_Valid_Values_Returns_Name_String_Format (Españħ,Espanh)" storage="d:\sferrari\01 - trabajo\repos\netcore\libs\template-netcore-entities\kitpymes.core.entities.tests\bin\debug\net5.0\kitpymes.core.entities.tests.dll" id="9f4923cd-1857-4973-b1d1-5a2f980beaff">
      <Execution id="552f7d1a-1363-4285-9551-9bfd56c6b962" />
      <TestMethod codeBase="D:\SFERRARI\01 - TRABAJO\repos\netcore\libs\template-netcore-entities\Kitpymes.Core.Entities.Tests\bin\Debug\net5.0\Kitpymes.Core.Entities.Tests.dll" adapterTypeName="executor://mstestadapter/v2" className="Kitpymes.Core.Entities.ValueObjects.Tests.NameTests" name="ToNormalize_Passing_Valid_Values_Returns_Name_String_Format" />
    </UnitTest>
    <UnitTest name="OperatorNotEqual_Passing_Valid_Values_Returns_True (San Bartoleme De Tirajana)" storage="d:\sferrari\01 - trabajo\repos\netcore\libs\template-netcore-entities\kitpymes.core.entities.tests\bin\debug\net5.0\kitpymes.core.entities.tests.dll" id="6ddc53a2-6720-4353-8bb9-534c5de95cc6">
      <Execution id="05094310-85da-451d-8464-bd9b2f867c27" />
      <TestMethod codeBase="D:\SFERRARI\01 - TRABAJO\repos\netcore\libs\template-netcore-entities\Kitpymes.Core.Entities.Tests\bin\Debug\net5.0\Kitpymes.Core.Entities.Tests.dll" adapterTypeName="executor://mstestadapter/v2" className="Kitpymes.Core.Entities.ValueObjects.Tests.StringIdTests" name="OperatorNotEqual_Passing_Valid_Values_Returns_True" />
    </UnitTest>
    <UnitTest name="Equals_Passing_Valid_Distinct_Values_Returns_False (www.hackerone-com)" storage="d:\sferrari\01 - trabajo\repos\netcore\libs\template-netcore-entities\kitpymes.core.entities.tests\bin\debug\net5.0\kitpymes.core.entities.tests.dll" id="29f05cea-ff0f-4cf1-bb6b-dc67f09d9ff5">
      <Execution id="b51dc386-ffd8-4c6d-9746-a83adbfb5bf4" />
      <TestMethod codeBase="D:\SFERRARI\01 - TRABAJO\repos\netcore\libs\template-netcore-entities\Kitpymes.Core.Entities.Tests\bin\Debug\net5.0\Kitpymes.Core.Entities.Tests.dll" adapterTypeName="executor://mstestadapter/v2" className="Kitpymes.Core.Entities.ValueObjects.Tests.SubdomainTests" name="Equals_Passing_Valid_Distinct_Values_Returns_False" />
    </UnitTest>
    <UnitTest name="ToString_Passing_Valid_Values_Returns_Name (TENANT_1)" storage="d:\sferrari\01 - trabajo\repos\netcore\libs\template-netcore-entities\kitpymes.core.entities.tests\bin\debug\net5.0\kitpymes.core.entities.tests.dll" id="cf33975d-b1ef-4689-bf97-c93a0b26843b">
      <Execution id="c1b2f407-1afd-465d-8685-03cf0bfff429" />
      <TestMethod codeBase="D:\SFERRARI\01 - TRABAJO\repos\netcore\libs\template-netcore-entities\Kitpymes.Core.Entities.Tests\bin\Debug\net5.0\Kitpymes.Core.Entities.Tests.dll" adapterTypeName="executor://mstestadapter/v2" className="Kitpymes.Core.Entities.ValueObjects.Tests.TenantNameTests" name="ToString_Passing_Valid_Values_Returns_Name" />
    </UnitTest>
    <UnitTest name="OperatorNotEqual_Passing_Valid_Values_Returns_False (tenant_1)" storage="d:\sferrari\01 - trabajo\repos\netcore\libs\template-netcore-entities\kitpymes.core.entities.tests\bin\debug\net5.0\kitpymes.core.entities.tests.dll" id="534ca0f9-b288-4bf5-a861-dcb5312f231c">
      <Execution id="112f8bec-18fa-40d3-9627-a1c1bf28b4c1" />
      <TestMethod codeBase="D:\SFERRARI\01 - TRABAJO\repos\netcore\libs\template-netcore-entities\Kitpymes.Core.Entities.Tests\bin\Debug\net5.0\Kitpymes.Core.Entities.Tests.dll" adapterTypeName="executor://mstestadapter/v2" className="Kitpymes.Core.Entities.ValueObjects.Tests.TenantNameTests" name="OperatorNotEqual_Passing_Valid_Values_Returns_False" />
    </UnitTest>
    <UnitTest name="Create_Passing_Valid_Values_Returns_FullName (San Bartoleme De Tirajana,Las Palmas,España)" storage="d:\sferrari\01 - trabajo\repos\netcore\libs\template-netcore-entities\kitpymes.core.entities.tests\bin\debug\net5.0\kitpymes.core.entities.tests.dll" id="147bf651-a081-4fc3-b42d-5bab02a14131">
      <Execution id="e410eb60-f3f8-4769-8d68-fb79f81291ed" />
      <TestMethod codeBase="D:\SFERRARI\01 - TRABAJO\repos\netcore\libs\template-netcore-entities\Kitpymes.Core.Entities.Tests\bin\Debug\net5.0\Kitpymes.Core.Entities.Tests.dll" adapterTypeName="executor://mstestadapter/v2" className="Kitpymes.Core.Entities.ValueObjects.Tests.FullNameTests" name="Create_Passing_Valid_Values_Returns_FullName" />
    </UnitTest>
    <UnitTest name="OperatorEqual_Passing_Valid_Values_Returns_False (Tenerife,23,34567,San Bartoleme De Tirajana,Las Palmas,España)" storage="d:\sferrari\01 - trabajo\repos\netcore\libs\template-netcore-entities\kitpymes.core.entities.tests\bin\debug\net5.0\kitpymes.core.entities.tests.dll" id="be892f44-8582-4c7f-9544-f10e93fc2c43">
      <Execution id="1d2b332c-e5d9-42b1-8729-9c2101b5e325" />
      <TestMethod codeBase="D:\SFERRARI\01 - TRABAJO\repos\netcore\libs\template-netcore-entities\Kitpymes.Core.Entities.Tests\bin\Debug\net5.0\Kitpymes.Core.Entities.Tests.dll" adapterTypeName="executor://mstestadapter/v2" className="Kitpymes.Core.Entities.ValueObjects.Tests.AddressTests" name="OperatorEqual_Passing_Valid_Values_Returns_False" />
    </UnitTest>
    <UnitTest name="OperatorEqual_Passing_Valid_Distinct_Values_Returns_False (EUR)" storage="d:\sferrari\01 - trabajo\repos\netcore\libs\template-netcore-entities\kitpymes.core.entities.tests\bin\debug\net5.0\kitpymes.core.entities.tests.dll" id="98ef052b-d212-43d8-a659-d4ecc916bf64">
      <Execution id="f43ad650-61a2-417d-ac6d-476bbcd5eede" />
      <TestMethod codeBase="D:\SFERRARI\01 - TRABAJO\repos\netcore\libs\template-netcore-entities\Kitpymes.Core.Entities.Tests\bin\Debug\net5.0\Kitpymes.Core.Entities.Tests.dll" adapterTypeName="executor://mstestadapter/v2" className="Kitpymes.Core.Entities.ValueObjects.Tests.CurrencyTests" name="OperatorEqual_Passing_Valid_Distinct_Values_Returns_False" />
    </UnitTest>
    <UnitTest name="Equals_Passing_Valid_Values_Returns_True (Tenerife,23,34567,San Bartoleme De Tirajana,Las Palmas,España)" storage="d:\sferrari\01 - trabajo\repos\netcore\libs\template-netcore-entities\kitpymes.core.entities.tests\bin\debug\net5.0\kitpymes.core.entities.tests.dll" id="8fc4de20-a5a0-4e40-ba27-57da71d4346e">
      <Execution id="a3a8738c-6adc-4d11-aa94-6c77732daddc" />
      <TestMethod codeBase="D:\SFERRARI\01 - TRABAJO\repos\netcore\libs\template-netcore-entities\Kitpymes.Core.Entities.Tests\bin\Debug\net5.0\Kitpymes.Core.Entities.Tests.dll" adapterTypeName="executor://mstestadapter/v2" className="Kitpymes.Core.Entities.ValueObjects.Tests.AddressTests" name="Equals_Passing_Valid_Values_Returns_True" />
    </UnitTest>
    <UnitTest name="IsNull_Passing_Valid_Value_Returns_False (Tenant_A)" storage="d:\sferrari\01 - trabajo\repos\netcore\libs\template-netcore-entities\kitpymes.core.entities.tests\bin\debug\net5.0\kitpymes.core.entities.tests.dll" id="0a673178-7f2c-4364-8252-0298b1cb01d4">
      <Execution id="2aa350f7-5d6e-4b6a-a444-777af903b3a3" />
      <TestMethod codeBase="D:\SFERRARI\01 - TRABAJO\repos\netcore\libs\template-netcore-entities\Kitpymes.Core.Entities.Tests\bin\Debug\net5.0\Kitpymes.Core.Entities.Tests.dll" adapterTypeName="executor://mstestadapter/v2" className="Kitpymes.Core.Entities.ValueObjects.Tests.TenantNameTests" name="IsNull_Passing_Valid_Value_Returns_False" />
    </UnitTest>
    <UnitTest name="OperatorNotEqual_Passing_Valid_Values_Returns_True (Tenant1)" storage="d:\sferrari\01 - trabajo\repos\netcore\libs\template-netcore-entities\kitpymes.core.entities.tests\bin\debug\net5.0\kitpymes.core.entities.tests.dll" id="769e6050-8a35-4bc2-8212-85c0e33a48b7">
      <Execution id="a4cd8c1d-ae12-423b-a74f-67b5938c10f5" />
      <TestMethod codeBase="D:\SFERRARI\01 - TRABAJO\repos\netcore\libs\template-netcore-entities\Kitpymes.Core.Entities.Tests\bin\Debug\net5.0\Kitpymes.Core.Entities.Tests.dll" adapterTypeName="executor://mstestadapter/v2" className="Kitpymes.Core.Entities.ValueObjects.Tests.TenantNameTests" name="OperatorNotEqual_Passing_Valid_Values_Returns_True" />
    </UnitTest>
    <UnitTest name="Create_Passing_InvalidOrNull_Value_Returns_ApplicationException (456,USD,-3)" storage="d:\sferrari\01 - trabajo\repos\netcore\libs\template-netcore-entities\kitpymes.core.entities.tests\bin\debug\net5.0\kitpymes.core.entities.tests.dll" id="f9d4f05e-a183-4e15-ad5e-cacab1d1d169">
      <Execution id="e69a8bd2-8af8-427e-b389-7b26077594a5" />
      <TestMethod codeBase="D:\SFERRARI\01 - TRABAJO\repos\netcore\libs\template-netcore-entities\Kitpymes.Core.Entities.Tests\bin\Debug\net5.0\Kitpymes.Core.Entities.Tests.dll" adapterTypeName="executor://mstestadapter/v2" className="Kitpymes.Core.Entities.ValueObjects.Tests.MoneyTests" name="Create_Passing_InvalidOrNull_Value_Returns_ApplicationException" />
    </UnitTest>
    <UnitTest name="ToString_Passing_Valid_Values_Returns_Name (TenantA)" storage="d:\sferrari\01 - trabajo\repos\netcore\libs\template-netcore-entities\kitpymes.core.entities.tests\bin\debug\net5.0\kitpymes.core.entities.tests.dll" id="ef8d3b84-12bc-4dff-baf8-18abe690b901">
      <Execution id="3e325ca6-63ec-42cd-815d-4d2071b243c6" />
      <TestMethod codeBase="D:\SFERRARI\01 - TRABAJO\repos\netcore\libs\template-netcore-entities\Kitpymes.Core.Entities.Tests\bin\Debug\net5.0\Kitpymes.Core.Entities.Tests.dll" adapterTypeName="executor://mstestadapter/v2" className="Kitpymes.Core.Entities.ValueObjects.Tests.TenantNameTests" name="ToString_Passing_Valid_Values_Returns_Name" />
    </UnitTest>
    <UnitTest name="IsNull_Passing_Valid_Values_Returns_False (Tenerife,San Bartoleme De Tirajana,Las Palmas)" storage="d:\sferrari\01 - trabajo\repos\netcore\libs\template-netcore-entities\kitpymes.core.entities.tests\bin\debug\net5.0\kitpymes.core.entities.tests.dll" id="649503dc-bdfc-420d-8f63-737d3c14f39b">
      <Execution id="aeec1416-580a-4315-834b-66ad4635c1d2" />
      <TestMethod codeBase="D:\SFERRARI\01 - TRABAJO\repos\netcore\libs\template-netcore-entities\Kitpymes.Core.Entities.Tests\bin\Debug\net5.0\Kitpymes.Core.Entities.Tests.dll" adapterTypeName="executor://mstestadapter/v2" className="Kitpymes.Core.Entities.ValueObjects.Tests.FullNameTests" name="IsNull_Passing_Valid_Values_Returns_False" />
    </UnitTest>
    <UnitTest name="ToString_Passing_Valid_Values_Returns_Name (Españã)" storage="d:\sferrari\01 - trabajo\repos\netcore\libs\template-netcore-entities\kitpymes.core.entities.tests\bin\debug\net5.0\kitpymes.core.entities.tests.dll" id="23d90337-1dd6-4718-8245-9128caa43421">
      <Execution id="8992b0c3-9b91-45a2-9e64-7998b77572ad" />
      <TestMethod codeBase="D:\SFERRARI\01 - TRABAJO\repos\netcore\libs\template-netcore-entities\Kitpymes.Core.Entities.Tests\bin\Debug\net5.0\Kitpymes.Core.Entities.Tests.dll" adapterTypeName="executor://mstestadapter/v2" className="Kitpymes.Core.Entities.ValueObjects.Tests.NameTests" name="ToString_Passing_Valid_Values_Returns_Name" />
    </UnitTest>
    <UnitTest name="Equals_Passing_Valid_Distinct_Values_Returns_False (TENANT_A)" storage="d:\sferrari\01 - trabajo\repos\netcore\libs\template-netcore-entities\kitpymes.core.entities.tests\bin\debug\net5.0\kitpymes.core.entities.tests.dll" id="db442a20-56e4-461e-bbd1-995c2fa16c00">
      <Execution id="bd31fc27-7e3b-4221-a428-a7af40ba064f" />
      <TestMethod codeBase="D:\SFERRARI\01 - TRABAJO\repos\netcore\libs\template-netcore-entities\Kitpymes.Core.Entities.Tests\bin\Debug\net5.0\Kitpymes.Core.Entities.Tests.dll" adapterTypeName="executor://mstestadapter/v2" className="Kitpymes.Core.Entities.ValueObjects.Tests.TenantNameTests" name="Equals_Passing_Valid_Distinct_Values_Returns_False" />
    </UnitTest>
    <UnitTest name="Create_Passing_Valid_Values_Returns_Name (Tenant_A)" storage="d:\sferrari\01 - trabajo\repos\netcore\libs\template-netcore-entities\kitpymes.core.entities.tests\bin\debug\net5.0\kitpymes.core.entities.tests.dll" id="47c49662-ea64-41fa-99fb-40159ef67d21">
      <Execution id="46d29b9d-4ebd-4052-bc3c-4c5cf0fabfe2" />
      <TestMethod codeBase="D:\SFERRARI\01 - TRABAJO\repos\netcore\libs\template-netcore-entities\Kitpymes.Core.Entities.Tests\bin\Debug\net5.0\Kitpymes.Core.Entities.Tests.dll" adapterTypeName="executor://mstestadapter/v2" className="Kitpymes.Core.Entities.ValueObjects.Tests.TenantNameTests" name="Create_Passing_Valid_Values_Returns_Name" />
    </UnitTest>
    <UnitTest name="OperatorEqual_Passing_Valid_Values_Returns_True (456,43543543543)" storage="d:\sferrari\01 - trabajo\repos\netcore\libs\template-netcore-entities\kitpymes.core.entities.tests\bin\debug\net5.0\kitpymes.core.entities.tests.dll" id="bed210da-9cd8-4034-9f39-25c2df7091b7">
      <Execution id="beac24f7-1c5b-4717-8aae-4ed6058f1e7c" />
      <TestMethod codeBase="D:\SFERRARI\01 - TRABAJO\repos\netcore\libs\template-netcore-entities\Kitpymes.Core.Entities.Tests\bin\Debug\net5.0\Kitpymes.Core.Entities.Tests.dll" adapterTypeName="executor://mstestadapter/v2" className="Kitpymes.Core.Entities.ValueObjects.Tests.TelephoneTests" name="OperatorEqual_Passing_Valid_Values_Returns_True" />
    </UnitTest>
    <UnitTest name="Create_Passing_Valid_Values_Returns_Name (TENANT_A)" storage="d:\sferrari\01 - trabajo\repos\netcore\libs\template-netcore-entities\kitpymes.core.entities.tests\bin\debug\net5.0\kitpymes.core.entities.tests.dll" id="ec542053-4b86-4c2a-99f4-0df505040e70">
      <Execution id="2bf7693e-7f0b-4ab9-bd4d-1dd04fa068d2" />
      <TestMethod codeBase="D:\SFERRARI\01 - TRABAJO\repos\netcore\libs\template-netcore-entities\Kitpymes.Core.Entities.Tests\bin\Debug\net5.0\Kitpymes.Core.Entities.Tests.dll" adapterTypeName="executor://mstestadapter/v2" className="Kitpymes.Core.Entities.ValueObjects.Tests.TenantNameTests" name="Create_Passing_Valid_Values_Returns_Name" />
    </UnitTest>
    <UnitTest name="Change_Passing_Valid_Values_Returns_Address (400,EUR,8)" storage="d:\sferrari\01 - trabajo\repos\netcore\libs\template-netcore-entities\kitpymes.core.entities.tests\bin\debug\net5.0\kitpymes.core.entities.tests.dll" id="9e31afb0-c392-45f1-a3cd-13ece706a881">
      <Execution id="0a27982b-3068-4a61-8f21-0e0d5be15116" />
      <TestMethod codeBase="D:\SFERRARI\01 - TRABAJO\repos\netcore\libs\template-netcore-entities\Kitpymes.Core.Entities.Tests\bin\Debug\net5.0\Kitpymes.Core.Entities.Tests.dll" adapterTypeName="executor://mstestadapter/v2" className="Kitpymes.Core.Entities.ValueObjects.Tests.MoneyTests" name="Change_Passing_Valid_Values_Returns_Address" />
    </UnitTest>
    <UnitTest name="ToEnum_Passing_Invalid_Int_Name_Enumeracion_Returns_Null" storage="d:\sferrari\01 - trabajo\repos\netcore\libs\template-netcore-entities\kitpymes.core.entities.tests\bin\debug\net5.0\kitpymes.core.entities.tests.dll" id="84643658-6e26-4107-9505-4de10c754e39">
      <Execution id="2eec006c-c51d-4b31-ae7e-ffeb5805ba09" />
      <TestMethod codeBase="D:\SFERRARI\01 - TRABAJO\repos\netcore\libs\template-netcore-entities\Kitpymes.Core.Entities.Tests\bin\Debug\net5.0\Kitpymes.Core.Entities.Tests.dll" adapterTypeName="executor://mstestadapter/v2" className="Kitpymes.Core.Entities.Enumerations.Tests.CardTypeEnumTests" name="ToEnum_Passing_Invalid_Int_Name_Enumeracion_Returns_Null" />
    </UnitTest>
    <UnitTest name="Create_Passing_InvalidOrNull_Value_Returns_ApplicationException (Tenerife,-10,DF7956,Sabadell,Barcelona,España)" storage="d:\sferrari\01 - trabajo\repos\netcore\libs\template-netcore-entities\kitpymes.core.entities.tests\bin\debug\net5.0\kitpymes.core.entities.tests.dll" id="c728fb1a-e281-4376-89f8-7b4a9eab4ae0">
      <Execution id="f59e77fa-33e6-4061-92a1-4ae32c5b4115" />
      <TestMethod codeBase="D:\SFERRARI\01 - TRABAJO\repos\netcore\libs\template-netcore-entities\Kitpymes.Core.Entities.Tests\bin\Debug\net5.0\Kitpymes.Core.Entities.Tests.dll" adapterTypeName="executor://mstestadapter/v2" className="Kitpymes.Core.Entities.ValueObjects.Tests.AddressTests" name="Create_Passing_InvalidOrNull_Value_Returns_ApplicationException" />
    </UnitTest>
    <UnitTest name="OperatorNotEqual_Passing_Valid_Values_Returns_True (TenantA)" storage="d:\sferrari\01 - trabajo\repos\netcore\libs\template-netcore-entities\kitpymes.core.entities.tests\bin\debug\net5.0\kitpymes.core.entities.tests.dll" id="8367697c-36da-4502-8327-93227e153515">
      <Execution id="cda7d6d8-67d4-4fdf-8f2f-a400bd3bed89" />
      <TestMethod codeBase="D:\SFERRARI\01 - TRABAJO\repos\netcore\libs\template-netcore-entities\Kitpymes.Core.Entities.Tests\bin\Debug\net5.0\Kitpymes.Core.Entities.Tests.dll" adapterTypeName="executor://mstestadapter/v2" className="Kitpymes.Core.Entities.ValueObjects.Tests.TenantNameTests" name="OperatorNotEqual_Passing_Valid_Values_Returns_True" />
    </UnitTest>
    <UnitTest name="Create_Passing_Valid_Values_Returns_Telephone (D45,86554654)" storage="d:\sferrari\01 - trabajo\repos\netcore\libs\template-netcore-entities\kitpymes.core.entities.tests\bin\debug\net5.0\kitpymes.core.entities.tests.dll" id="addd5948-e3db-4443-b071-d9ac41f145d7">
      <Execution id="36a1f25f-f4bc-422a-b371-3bdcfd372754" />
      <TestMethod codeBase="D:\SFERRARI\01 - TRABAJO\repos\netcore\libs\template-netcore-entities\Kitpymes.Core.Entities.Tests\bin\Debug\net5.0\Kitpymes.Core.Entities.Tests.dll" adapterTypeName="executor://mstestadapter/v2" className="Kitpymes.Core.Entities.ValueObjects.Tests.TelephoneTests" name="Create_Passing_Valid_Values_Returns_Telephone" />
    </UnitTest>
    <UnitTest name="OperatorEqual_Passing_Valid_Distinct_Values_Returns_False (tenantA)" storage="d:\sferrari\01 - trabajo\repos\netcore\libs\template-netcore-entities\kitpymes.core.entities.tests\bin\debug\net5.0\kitpymes.core.entities.tests.dll" id="9a3dc3eb-cd87-4b17-bdfb-b519f38007b4">
      <Execution id="00f1aad0-a463-49d6-82da-42007c5e8fd2" />
      <TestMethod codeBase="D:\SFERRARI\01 - TRABAJO\repos\netcore\libs\template-netcore-entities\Kitpymes.Core.Entities.Tests\bin\Debug\net5.0\Kitpymes.Core.Entities.Tests.dll" adapterTypeName="executor://mstestadapter/v2" className="Kitpymes.Core.Entities.ValueObjects.Tests.TenantNameTests" name="OperatorEqual_Passing_Valid_Distinct_Values_Returns_False" />
    </UnitTest>
    <UnitTest name="OperatorEqual_Passing_Valid_Distinct_Values_Returns_False (Tenant1)" storage="d:\sferrari\01 - trabajo\repos\netcore\libs\template-netcore-entities\kitpymes.core.entities.tests\bin\debug\net5.0\kitpymes.core.entities.tests.dll" id="ae282b28-0fac-4b59-b38f-cc6c7792f868">
      <Execution id="450c28ac-5903-42d3-8073-7ccf5c7d0211" />
      <TestMethod codeBase="D:\SFERRARI\01 - TRABAJO\repos\netcore\libs\template-netcore-entities\Kitpymes.Core.Entities.Tests\bin\Debug\net5.0\Kitpymes.Core.Entities.Tests.dll" adapterTypeName="executor://mstestadapter/v2" className="Kitpymes.Core.Entities.ValueObjects.Tests.TenantNameTests" name="OperatorEqual_Passing_Valid_Distinct_Values_Returns_False" />
    </UnitTest>
    <UnitTest name="ToString_Passing_Valid_Values_Returns_Name (Españç)" storage="d:\sferrari\01 - trabajo\repos\netcore\libs\template-netcore-entities\kitpymes.core.entities.tests\bin\debug\net5.0\kitpymes.core.entities.tests.dll" id="c4b6145a-0a1e-4c30-8925-f27f6ecc3a3b">
      <Execution id="8cdfb1a4-bb7c-467f-811a-f0cd42147b92" />
      <TestMethod codeBase="D:\SFERRARI\01 - TRABAJO\repos\netcore\libs\template-netcore-entities\Kitpymes.Core.Entities.Tests\bin\Debug\net5.0\Kitpymes.Core.Entities.Tests.dll" adapterTypeName="executor://mstestadapter/v2" className="Kitpymes.Core.Entities.ValueObjects.Tests.NameTests" name="ToString_Passing_Valid_Values_Returns_Name" />
    </UnitTest>
    <UnitTest name="OperatorEqual_Passing_Valid_Values_Returns_True (Sabadell,Barcelona,España)" storage="d:\sferrari\01 - trabajo\repos\netcore\libs\template-netcore-entities\kitpymes.core.entities.tests\bin\debug\net5.0\kitpymes.core.entities.tests.dll" id="1d4613ab-e355-4f20-82f7-5924aeb7112c">
      <Execution id="86ae99b4-e561-42ba-b66d-d516eca0dda1" />
      <TestMethod codeBase="D:\SFERRARI\01 - TRABAJO\repos\netcore\libs\template-netcore-entities\Kitpymes.Core.Entities.Tests\bin\Debug\net5.0\Kitpymes.Core.Entities.Tests.dll" adapterTypeName="executor://mstestadapter/v2" className="Kitpymes.Core.Entities.ValueObjects.Tests.FullNameTests" name="OperatorEqual_Passing_Valid_Values_Returns_True" />
    </UnitTest>
    <UnitTest name="IsNull_Passing_Valid_Value_Returns_False (Esp añâ)" storage="d:\sferrari\01 - trabajo\repos\netcore\libs\template-netcore-entities\kitpymes.core.entities.tests\bin\debug\net5.0\kitpymes.core.entities.tests.dll" id="842c9c11-9066-4144-a1e3-dbcf8804d69e">
      <Execution id="1bbb4da1-9164-4b99-b46b-0764ee0b29c6" />
      <TestMethod codeBase="D:\SFERRARI\01 - TRABAJO\repos\netcore\libs\template-netcore-entities\Kitpymes.Core.Entities.Tests\bin\Debug\net5.0\Kitpymes.Core.Entities.Tests.dll" adapterTypeName="executor://mstestadapter/v2" className="Kitpymes.Core.Entities.ValueObjects.Tests.NameTests" name="IsNull_Passing_Valid_Value_Returns_False" />
    </UnitTest>
    <UnitTest name="Equals_Passing_Valid_Distinct_Values_Returns_False (Españá)" storage="d:\sferrari\01 - trabajo\repos\netcore\libs\template-netcore-entities\kitpymes.core.entities.tests\bin\debug\net5.0\kitpymes.core.entities.tests.dll" id="29cabf2a-e796-462a-82a6-343d95fec41c">
      <Execution id="8836f550-9688-4d44-a8c2-8894146b5516" />
      <TestMethod codeBase="D:\SFERRARI\01 - TRABAJO\repos\netcore\libs\template-netcore-entities\Kitpymes.Core.Entities.Tests\bin\Debug\net5.0\Kitpymes.Core.Entities.Tests.dll" adapterTypeName="executor://mstestadapter/v2" className="Kitpymes.Core.Entities.ValueObjects.Tests.NameTests" name="Equals_Passing_Valid_Distinct_Values_Returns_False" />
    </UnitTest>
    <UnitTest name="OperatorNotEqual_Passing_Valid_Values_Returns_False (Tenerife,23,34567,San Bartoleme De Tirajana,Las Palmas,España)" storage="d:\sferrari\01 - trabajo\repos\netcore\libs\template-netcore-entities\kitpymes.core.entities.tests\bin\debug\net5.0\kitpymes.core.entities.tests.dll" id="df2e6828-8f02-42d6-86a1-84c4b0a6ef17">
      <Execution id="256897f6-0f43-452f-8fb5-4ea8b341050b" />
      <TestMethod codeBase="D:\SFERRARI\01 - TRABAJO\repos\netcore\libs\template-netcore-entities\Kitpymes.Core.Entities.Tests\bin\Debug\net5.0\Kitpymes.Core.Entities.Tests.dll" adapterTypeName="executor://mstestadapter/v2" className="Kitpymes.Core.Entities.ValueObjects.Tests.AddressTests" name="OperatorNotEqual_Passing_Valid_Values_Returns_False" />
    </UnitTest>
    <UnitTest name="ToNormalize_Passing_Valid_Values_Returns_Name_String_Format (Esp añâ,Esp ana)" storage="d:\sferrari\01 - trabajo\repos\netcore\libs\template-netcore-entities\kitpymes.core.entities.tests\bin\debug\net5.0\kitpymes.core.entities.tests.dll" id="901564b9-873d-49c9-9eb6-b1cba2f6de89">
      <Execution id="b076fdfb-1558-43d0-8254-6bdb1186d778" />
      <TestMethod codeBase="D:\SFERRARI\01 - TRABAJO\repos\netcore\libs\template-netcore-entities\Kitpymes.Core.Entities.Tests\bin\Debug\net5.0\Kitpymes.Core.Entities.Tests.dll" adapterTypeName="executor://mstestadapter/v2" className="Kitpymes.Core.Entities.ValueObjects.Tests.NameTests" name="ToNormalize_Passing_Valid_Values_Returns_Name_String_Format" />
    </UnitTest>
    <UnitTest name="Equals_Passing_Valid_Distinct_Values_Returns_False (TENANTA)" storage="d:\sferrari\01 - trabajo\repos\netcore\libs\template-netcore-entities\kitpymes.core.entities.tests\bin\debug\net5.0\kitpymes.core.entities.tests.dll" id="4f6edfe2-f031-4cc6-b510-3105c8cab9eb">
      <Execution id="f9da7ba5-1078-4b43-abbf-de7c6845dfcc" />
      <TestMethod codeBase="D:\SFERRARI\01 - TRABAJO\repos\netcore\libs\template-netcore-entities\Kitpymes.Core.Entities.Tests\bin\Debug\net5.0\Kitpymes.Core.Entities.Tests.dll" adapterTypeName="executor://mstestadapter/v2" className="Kitpymes.Core.Entities.ValueObjects.Tests.TenantNameTests" name="Equals_Passing_Valid_Distinct_Values_Returns_False" />
    </UnitTest>
    <UnitTest name="OperatorEqual_Passing_Valid_Distinct_Values_Returns_False (TENANT_1)" storage="d:\sferrari\01 - trabajo\repos\netcore\libs\template-netcore-entities\kitpymes.core.entities.tests\bin\debug\net5.0\kitpymes.core.entities.tests.dll" id="e74e24c4-8bc5-41f7-9705-b77b2f0d43e6">
      <Execution id="abdb8d72-e48c-48ea-83bd-4a62cf9d5ebb" />
      <TestMethod codeBase="D:\SFERRARI\01 - TRABAJO\repos\netcore\libs\template-netcore-entities\Kitpymes.Core.Entities.Tests\bin\Debug\net5.0\Kitpymes.Core.Entities.Tests.dll" adapterTypeName="executor://mstestadapter/v2" className="Kitpymes.Core.Entities.ValueObjects.Tests.TenantNameTests" name="OperatorEqual_Passing_Valid_Distinct_Values_Returns_False" />
    </UnitTest>
    <UnitTest name="OperatorEqual_Passing_Valid_Distinct_Values_Returns_False (tenant_1)" storage="d:\sferrari\01 - trabajo\repos\netcore\libs\template-netcore-entities\kitpymes.core.entities.tests\bin\debug\net5.0\kitpymes.core.entities.tests.dll" id="96418ced-cd08-4fdc-8d27-76145d2c0abb">
      <Execution id="4abb384a-18aa-497e-9330-48e19a30ce72" />
      <TestMethod codeBase="D:\SFERRARI\01 - TRABAJO\repos\netcore\libs\template-netcore-entities\Kitpymes.Core.Entities.Tests\bin\Debug\net5.0\Kitpymes.Core.Entities.Tests.dll" adapterTypeName="executor://mstestadapter/v2" className="Kitpymes.Core.Entities.ValueObjects.Tests.TenantNameTests" name="OperatorEqual_Passing_Valid_Distinct_Values_Returns_False" />
    </UnitTest>
    <UnitTest name="Equals_Passing_Valid_Values_Returns_True (TENANT_1)" storage="d:\sferrari\01 - trabajo\repos\netcore\libs\template-netcore-entities\kitpymes.core.entities.tests\bin\debug\net5.0\kitpymes.core.entities.tests.dll" id="3dcae7d4-eda7-418e-a1b1-a7c799cb85b6">
      <Execution id="76708823-f3a6-4814-a38d-a0e5732b9077" />
      <TestMethod codeBase="D:\SFERRARI\01 - TRABAJO\repos\netcore\libs\template-netcore-entities\Kitpymes.Core.Entities.Tests\bin\Debug\net5.0\Kitpymes.Core.Entities.Tests.dll" adapterTypeName="executor://mstestadapter/v2" className="Kitpymes.Core.Entities.ValueObjects.Tests.TenantNameTests" name="Equals_Passing_Valid_Values_Returns_True" />
    </UnitTest>
    <UnitTest name="Create_Passing_Valid_Values_Returns_Telephone (456,43543543543)" storage="d:\sferrari\01 - trabajo\repos\netcore\libs\template-netcore-entities\kitpymes.core.entities.tests\bin\debug\net5.0\kitpymes.core.entities.tests.dll" id="6c62a889-b333-47fb-9e14-1f06fded81eb">
      <Execution id="2292e7ed-46aa-42b9-89ca-5f45199ba031" />
      <TestMethod codeBase="D:\SFERRARI\01 - TRABAJO\repos\netcore\libs\template-netcore-entities\Kitpymes.Core.Entities.Tests\bin\Debug\net5.0\Kitpymes.Core.Entities.Tests.dll" adapterTypeName="executor://mstestadapter/v2" className="Kitpymes.Core.Entities.ValueObjects.Tests.TelephoneTests" name="Create_Passing_Valid_Values_Returns_Telephone" />
    </UnitTest>
    <UnitTest name="OperatorNotEqual_Passing_Valid_Values_Returns_True (Sabadell,Barcelona,España)" storage="d:\sferrari\01 - trabajo\repos\netcore\libs\template-netcore-entities\kitpymes.core.entities.tests\bin\debug\net5.0\kitpymes.core.entities.tests.dll" id="93c13888-36d6-4f99-8f6d-340eeae7932c">
      <Execution id="928a5aa6-4669-48c2-a12a-6692f643f7e6" />
      <TestMethod codeBase="D:\SFERRARI\01 - TRABAJO\repos\netcore\libs\template-netcore-entities\Kitpymes.Core.Entities.Tests\bin\Debug\net5.0\Kitpymes.Core.Entities.Tests.dll" adapterTypeName="executor://mstestadapter/v2" className="Kitpymes.Core.Entities.ValueObjects.Tests.FullNameTests" name="OperatorNotEqual_Passing_Valid_Values_Returns_True" />
    </UnitTest>
    <UnitTest name="OperatorEqual_Passing_Valid_Values_Returns_True (200,EUR,4)" storage="d:\sferrari\01 - trabajo\repos\netcore\libs\template-netcore-entities\kitpymes.core.entities.tests\bin\debug\net5.0\kitpymes.core.entities.tests.dll" id="28832d32-54ee-4f7b-9bb0-0c325c04a147">
      <Execution id="7e466bbf-ca15-49c9-8d35-46fe8a9fed64" />
      <TestMethod codeBase="D:\SFERRARI\01 - TRABAJO\repos\netcore\libs\template-netcore-entities\Kitpymes.Core.Entities.Tests\bin\Debug\net5.0\Kitpymes.Core.Entities.Tests.dll" adapterTypeName="executor://mstestadapter/v2" className="Kitpymes.Core.Entities.ValueObjects.Tests.MoneyTests" name="OperatorEqual_Passing_Valid_Values_Returns_True" />
    </UnitTest>
    <UnitTest name="OperatorEqual_Passing_Valid_Values_Returns_False (Pader,789,DF7956,Sabadell,Barcelona,España)" storage="d:\sferrari\01 - trabajo\repos\netcore\libs\template-netcore-entities\kitpymes.core.entities.tests\bin\debug\net5.0\kitpymes.core.entities.tests.dll" id="df8f69b9-92a5-42c0-b8cf-9225cdd87273">
      <Execution id="bff07179-756c-412b-862d-53456335e09a" />
      <TestMethod codeBase="D:\SFERRARI\01 - TRABAJO\repos\netcore\libs\template-netcore-entities\Kitpymes.Core.Entities.Tests\bin\Debug\net5.0\Kitpymes.Core.Entities.Tests.dll" adapterTypeName="executor://mstestadapter/v2" className="Kitpymes.Core.Entities.ValueObjects.Tests.AddressTests" name="OperatorEqual_Passing_Valid_Values_Returns_False" />
    </UnitTest>
    <UnitTest name="Equals_Passing_Valid_Distinct_Values_Returns_False (Españç)" storage="d:\sferrari\01 - trabajo\repos\netcore\libs\template-netcore-entities\kitpymes.core.entities.tests\bin\debug\net5.0\kitpymes.core.entities.tests.dll" id="822593f7-f68c-4b0d-beab-58384565872b">
      <Execution id="3d2c3fe8-a42b-418a-a9c1-fbd857900fcb" />
      <TestMethod codeBase="D:\SFERRARI\01 - TRABAJO\repos\netcore\libs\template-netcore-entities\Kitpymes.Core.Entities.Tests\bin\Debug\net5.0\Kitpymes.Core.Entities.Tests.dll" adapterTypeName="executor://mstestadapter/v2" className="Kitpymes.Core.Entities.ValueObjects.Tests.NameTests" name="Equals_Passing_Valid_Distinct_Values_Returns_False" />
    </UnitTest>
    <UnitTest name="OperatorEqual_Passing_Valid_Values_Returns_True (Españà)" storage="d:\sferrari\01 - trabajo\repos\netcore\libs\template-netcore-entities\kitpymes.core.entities.tests\bin\debug\net5.0\kitpymes.core.entities.tests.dll" id="a3e54be7-066c-422a-96bd-67548b9b2044">
      <Execution id="dc9cbdf5-833c-42a6-98ce-8546530d1c6b" />
      <TestMethod codeBase="D:\SFERRARI\01 - TRABAJO\repos\netcore\libs\template-netcore-entities\Kitpymes.Core.Entities.Tests\bin\Debug\net5.0\Kitpymes.Core.Entities.Tests.dll" adapterTypeName="executor://mstestadapter/v2" className="Kitpymes.Core.Entities.ValueObjects.Tests.NameTests" name="OperatorEqual_Passing_Valid_Values_Returns_True" />
    </UnitTest>
    <UnitTest name="Equals_Passing_Valid_Distinct_Values_Returns_False (Españã)" storage="d:\sferrari\01 - trabajo\repos\netcore\libs\template-netcore-entities\kitpymes.core.entities.tests\bin\debug\net5.0\kitpymes.core.entities.tests.dll" id="929acda3-b192-485f-b227-520e9c33ee5d">
      <Execution id="52474dec-7477-46be-b7a3-217bc7226d2c" />
      <TestMethod codeBase="D:\SFERRARI\01 - TRABAJO\repos\netcore\libs\template-netcore-entities\Kitpymes.Core.Entities.Tests\bin\Debug\net5.0\Kitpymes.Core.Entities.Tests.dll" adapterTypeName="executor://mstestadapter/v2" className="Kitpymes.Core.Entities.ValueObjects.Tests.NameTests" name="Equals_Passing_Valid_Distinct_Values_Returns_False" />
    </UnitTest>
    <UnitTest name="ToString_Passing_Valid_Values_Returns_Name (Españà)" storage="d:\sferrari\01 - trabajo\repos\netcore\libs\template-netcore-entities\kitpymes.core.entities.tests\bin\debug\net5.0\kitpymes.core.entities.tests.dll" id="93ffbfdc-dce5-4ccb-9302-06b8e564e2b7">
      <Execution id="213804db-e15f-4aa8-b007-6d6d952b96bf" />
      <TestMethod codeBase="D:\SFERRARI\01 - TRABAJO\repos\netcore\libs\template-netcore-entities\Kitpymes.Core.Entities.Tests\bin\Debug\net5.0\Kitpymes.Core.Entities.Tests.dll" adapterTypeName="executor://mstestadapter/v2" className="Kitpymes.Core.Entities.ValueObjects.Tests.NameTests" name="ToString_Passing_Valid_Values_Returns_Name" />
    </UnitTest>
    <UnitTest name="OperatorEqual_Passing_Valid_Distinct_Values_Returns_False (Españç)" storage="d:\sferrari\01 - trabajo\repos\netcore\libs\template-netcore-entities\kitpymes.core.entities.tests\bin\debug\net5.0\kitpymes.core.entities.tests.dll" id="d2ceb31e-c9d8-42e5-84f8-5d07914c9e0b">
      <Execution id="5fe4511f-a7b8-4b26-8ff5-0ea1a086ec5b" />
      <TestMethod codeBase="D:\SFERRARI\01 - TRABAJO\repos\netcore\libs\template-netcore-entities\Kitpymes.Core.Entities.Tests\bin\Debug\net5.0\Kitpymes.Core.Entities.Tests.dll" adapterTypeName="executor://mstestadapter/v2" className="Kitpymes.Core.Entities.ValueObjects.Tests.NameTests" name="OperatorEqual_Passing_Valid_Distinct_Values_Returns_False" />
    </UnitTest>
    <UnitTest name="Change_Passing_Valid_Values_Returns_Address (100,EUR,2)" storage="d:\sferrari\01 - trabajo\repos\netcore\libs\template-netcore-entities\kitpymes.core.entities.tests\bin\debug\net5.0\kitpymes.core.entities.tests.dll" id="2a2e3758-739d-49e7-a44c-703329fb1dc3">
      <Execution id="2cbabbe8-d1d6-4685-b397-a30c58389e93" />
      <TestMethod codeBase="D:\SFERRARI\01 - TRABAJO\repos\netcore\libs\template-netcore-entities\Kitpymes.Core.Entities.Tests\bin\Debug\net5.0\Kitpymes.Core.Entities.Tests.dll" adapterTypeName="executor://mstestadapter/v2" className="Kitpymes.Core.Entities.ValueObjects.Tests.MoneyTests" name="Change_Passing_Valid_Values_Returns_Address" />
    </UnitTest>
    <UnitTest name="ToString_Passing_Valid_Values_Returns_Address_String_Format (Pader,789,DF7956,Sabadell,Barcelona,España)" storage="d:\sferrari\01 - trabajo\repos\netcore\libs\template-netcore-entities\kitpymes.core.entities.tests\bin\debug\net5.0\kitpymes.core.entities.tests.dll" id="4ebaf39e-75df-4330-b063-f6bd46c248e0">
      <Execution id="1e176250-ceb9-4f32-890a-c7ace67c1e50" />
      <TestMethod codeBase="D:\SFERRARI\01 - TRABAJO\repos\netcore\libs\template-netcore-entities\Kitpymes.Core.Entities.Tests\bin\Debug\net5.0\Kitpymes.Core.Entities.Tests.dll" adapterTypeName="executor://mstestadapter/v2" className="Kitpymes.Core.Entities.ValueObjects.Tests.AddressTests" name="ToString_Passing_Valid_Values_Returns_Address_String_Format" />
    </UnitTest>
    <UnitTest name="IsNull_Passing_Valid_Value_Returns_False (TENANTA)" storage="d:\sferrari\01 - trabajo\repos\netcore\libs\template-netcore-entities\kitpymes.core.entities.tests\bin\debug\net5.0\kitpymes.core.entities.tests.dll" id="85fe911f-185d-412a-b294-f0a9100cb8bb">
      <Execution id="4b798696-19e5-4788-9278-df86d85a3ff9" />
      <TestMethod codeBase="D:\SFERRARI\01 - TRABAJO\repos\netcore\libs\template-netcore-entities\Kitpymes.Core.Entities.Tests\bin\Debug\net5.0\Kitpymes.Core.Entities.Tests.dll" adapterTypeName="executor://mstestadapter/v2" className="Kitpymes.Core.Entities.ValueObjects.Tests.TenantNameTests" name="IsNull_Passing_Valid_Value_Returns_False" />
    </UnitTest>
    <UnitTest name="Create_Passing_Valid_Value_Returns_Email (ádsads@ggg.cc)" storage="d:\sferrari\01 - trabajo\repos\netcore\libs\template-netcore-entities\kitpymes.core.entities.tests\bin\debug\net5.0\kitpymes.core.entities.tests.dll" id="246ca8c6-373d-46de-8b07-aceb0d93e0c0">
      <Execution id="5f9e7e20-3215-479d-90a2-98ca520f8c9c" />
      <TestMethod codeBase="D:\SFERRARI\01 - TRABAJO\repos\netcore\libs\template-netcore-entities\Kitpymes.Core.Entities.Tests\bin\Debug\net5.0\Kitpymes.Core.Entities.Tests.dll" adapterTypeName="executor://mstestadapter/v2" className="Kitpymes.Core.Entities.ValueObjects.Tests.EmailTests" name="Create_Passing_Valid_Value_Returns_Email" />
    </UnitTest>
    <UnitTest name="ToString_Passing_Valid_Values_Returns_Name (tenant_1)" storage="d:\sferrari\01 - trabajo\repos\netcore\libs\template-netcore-entities\kitpymes.core.entities.tests\bin\debug\net5.0\kitpymes.core.entities.tests.dll" id="2864d55d-47ef-4256-a4cc-e6214001b91a">
      <Execution id="868f7709-c1e6-40f9-a07d-bcc15e42b9ce" />
      <TestMethod codeBase="D:\SFERRARI\01 - TRABAJO\repos\netcore\libs\template-netcore-entities\Kitpymes.Core.Entities.Tests\bin\Debug\net5.0\Kitpymes.Core.Entities.Tests.dll" adapterTypeName="executor://mstestadapter/v2" className="Kitpymes.Core.Entities.ValueObjects.Tests.TenantNameTests" name="ToString_Passing_Valid_Values_Returns_Name" />
    </UnitTest>
    <UnitTest name="OperatorNotEqual_Passing_Valid_Values_Returns_True (100,EUR,2)" storage="d:\sferrari\01 - trabajo\repos\netcore\libs\template-netcore-entities\kitpymes.core.entities.tests\bin\debug\net5.0\kitpymes.core.entities.tests.dll" id="ba65157f-0836-46c8-a8bd-6fc60e21bace">
      <Execution id="c5fd5ac7-f296-4737-9538-fafd993b2701" />
      <TestMethod codeBase="D:\SFERRARI\01 - TRABAJO\repos\netcore\libs\template-netcore-entities\Kitpymes.Core.Entities.Tests\bin\Debug\net5.0\Kitpymes.Core.Entities.Tests.dll" adapterTypeName="executor://mstestadapter/v2" className="Kitpymes.Core.Entities.ValueObjects.Tests.MoneyTests" name="OperatorNotEqual_Passing_Valid_Values_Returns_True" />
    </UnitTest>
    <UnitTest name="ToString_Passing_Valid_Values_Returns_Name (Españħ)" storage="d:\sferrari\01 - trabajo\repos\netcore\libs\template-netcore-entities\kitpymes.core.entities.tests\bin\debug\net5.0\kitpymes.core.entities.tests.dll" id="6e6a3807-0a04-49f1-8b87-adbce8d9d637">
      <Execution id="384ea776-ecbf-4a02-a9ae-314c11d88c31" />
      <TestMethod codeBase="D:\SFERRARI\01 - TRABAJO\repos\netcore\libs\template-netcore-entities\Kitpymes.Core.Entities.Tests\bin\Debug\net5.0\Kitpymes.Core.Entities.Tests.dll" adapterTypeName="executor://mstestadapter/v2" className="Kitpymes.Core.Entities.ValueObjects.Tests.NameTests" name="ToString_Passing_Valid_Values_Returns_Name" />
    </UnitTest>
    <UnitTest name="IsNull_Passing_Valid_Value_Returns_False (dasdasd@dsasd.ff)" storage="d:\sferrari\01 - trabajo\repos\netcore\libs\template-netcore-entities\kitpymes.core.entities.tests\bin\debug\net5.0\kitpymes.core.entities.tests.dll" id="85652c12-c14b-4494-b10f-3486b2520fd7">
      <Execution id="175c5dbb-1dba-41e9-a1cb-fc83e13d16f5" />
      <TestMethod codeBase="D:\SFERRARI\01 - TRABAJO\repos\netcore\libs\template-netcore-entities\Kitpymes.Core.Entities.Tests\bin\Debug\net5.0\Kitpymes.Core.Entities.Tests.dll" adapterTypeName="executor://mstestadapter/v2" className="Kitpymes.Core.Entities.ValueObjects.Tests.EmailTests" name="IsNull_Passing_Valid_Value_Returns_False" />
    </UnitTest>
    <UnitTest name="OperatorNotEqual_Passing_Valid_Values_Returns_False (tenantA)" storage="d:\sferrari\01 - trabajo\repos\netcore\libs\template-netcore-entities\kitpymes.core.entities.tests\bin\debug\net5.0\kitpymes.core.entities.tests.dll" id="c69f888f-588c-4b23-8da2-6500ca1f6490">
      <Execution id="1056db39-bc7e-4357-8493-03a77ab0a6d3" />
      <TestMethod codeBase="D:\SFERRARI\01 - TRABAJO\repos\netcore\libs\template-netcore-entities\Kitpymes.Core.Entities.Tests\bin\Debug\net5.0\Kitpymes.Core.Entities.Tests.dll" adapterTypeName="executor://mstestadapter/v2" className="Kitpymes.Core.Entities.ValueObjects.Tests.TenantNameTests" name="OperatorNotEqual_Passing_Valid_Values_Returns_False" />
    </UnitTest>
    <UnitTest name="OperatorEqual_Passing_Valid_Distinct_Values_Returns_False (San Bartoleme De Tirajana)" storage="d:\sferrari\01 - trabajo\repos\netcore\libs\template-netcore-entities\kitpymes.core.entities.tests\bin\debug\net5.0\kitpymes.core.entities.tests.dll" id="579d33b4-8758-495f-8deb-603d6c5f241b">
      <Execution id="2d915087-6250-49e0-b2d3-a4dbb0dc49fa" />
      <TestMethod codeBase="D:\SFERRARI\01 - TRABAJO\repos\netcore\libs\template-netcore-entities\Kitpymes.Core.Entities.Tests\bin\Debug\net5.0\Kitpymes.Core.Entities.Tests.dll" adapterTypeName="executor://mstestadapter/v2" className="Kitpymes.Core.Entities.ValueObjects.Tests.StringIdTests" name="OperatorEqual_Passing_Valid_Distinct_Values_Returns_False" />
    </UnitTest>
    <UnitTest name="OperatorNotEqual_Passing_Valid_Values_Returns_False (TENANTA)" storage="d:\sferrari\01 - trabajo\repos\netcore\libs\template-netcore-entities\kitpymes.core.entities.tests\bin\debug\net5.0\kitpymes.core.entities.tests.dll" id="9e102b96-0366-4293-8e6e-8028352c1f7b">
      <Execution id="d94c831b-ae5f-4f76-9bd4-bc8d46baaeb7" />
      <TestMethod codeBase="D:\SFERRARI\01 - TRABAJO\repos\netcore\libs\template-netcore-entities\Kitpymes.Core.Entities.Tests\bin\Debug\net5.0\Kitpymes.Core.Entities.Tests.dll" adapterTypeName="executor://mstestadapter/v2" className="Kitpymes.Core.Entities.ValueObjects.Tests.TenantNameTests" name="OperatorNotEqual_Passing_Valid_Values_Returns_False" />
    </UnitTest>
    <UnitTest name="OperatorNotEqual_Passing_Valid_Values_Returns_True (Españç)" storage="d:\sferrari\01 - trabajo\repos\netcore\libs\template-netcore-entities\kitpymes.core.entities.tests\bin\debug\net5.0\kitpymes.core.entities.tests.dll" id="d13151ab-b23b-4407-a1fe-acf786f1ee97">
      <Execution id="fe5cc7f7-8a46-4d9f-a224-41d7867941a3" />
      <TestMethod codeBase="D:\SFERRARI\01 - TRABAJO\repos\netcore\libs\template-netcore-entities\Kitpymes.Core.Entities.Tests\bin\Debug\net5.0\Kitpymes.Core.Entities.Tests.dll" adapterTypeName="executor://mstestadapter/v2" className="Kitpymes.Core.Entities.ValueObjects.Tests.NameTests" name="OperatorNotEqual_Passing_Valid_Values_Returns_True" />
    </UnitTest>
    <UnitTest name="Create_Passing_InvalidOrNull_Value_Returns_ApplicationException ()" storage="d:\sferrari\01 - trabajo\repos\netcore\libs\template-netcore-entities\kitpymes.core.entities.tests\bin\debug\net5.0\kitpymes.core.entities.tests.dll" id="f83365cf-3f5c-46f7-880b-d308d5e8ae3c">
      <Execution id="6619b44a-207c-4861-a845-1618b657d607" />
      <TestMethod codeBase="D:\SFERRARI\01 - TRABAJO\repos\netcore\libs\template-netcore-entities\Kitpymes.Core.Entities.Tests\bin\Debug\net5.0\Kitpymes.Core.Entities.Tests.dll" adapterTypeName="executor://mstestadapter/v2" className="Kitpymes.Core.Entities.ValueObjects.Tests.NameTests" name="Create_Passing_InvalidOrNull_Value_Returns_ApplicationException" />
    </UnitTest>
    <UnitTest name="OperatorNotEqual_Passing_Valid_Values_Returns_False (Sabadell)" storage="d:\sferrari\01 - trabajo\repos\netcore\libs\template-netcore-entities\kitpymes.core.entities.tests\bin\debug\net5.0\kitpymes.core.entities.tests.dll" id="abf81550-a7cb-462d-b96b-654e85fba0c1">
      <Execution id="49321fe4-132e-47b1-a790-01445f2a616c" />
      <TestMethod codeBase="D:\SFERRARI\01 - TRABAJO\repos\netcore\libs\template-netcore-entities\Kitpymes.Core.Entities.Tests\bin\Debug\net5.0\Kitpymes.Core.Entities.Tests.dll" adapterTypeName="executor://mstestadapter/v2" className="Kitpymes.Core.Entities.ValueObjects.Tests.StringIdTests" name="OperatorNotEqual_Passing_Valid_Values_Returns_False" />
    </UnitTest>
    <UnitTest name="Equals_Passing_Valid_Values_Returns_True (stage_hackerone.com)" storage="d:\sferrari\01 - trabajo\repos\netcore\libs\template-netcore-entities\kitpymes.core.entities.tests\bin\debug\net5.0\kitpymes.core.entities.tests.dll" id="027209eb-035e-4a73-93cc-5335c9f0d307">
      <Execution id="4ee83f27-5779-4d5e-81d9-e8bd50440e56" />
      <TestMethod codeBase="D:\SFERRARI\01 - TRABAJO\repos\netcore\libs\template-netcore-entities\Kitpymes.Core.Entities.Tests\bin\Debug\net5.0\Kitpymes.Core.Entities.Tests.dll" adapterTypeName="executor://mstestadapter/v2" className="Kitpymes.Core.Entities.ValueObjects.Tests.SubdomainTests" name="Equals_Passing_Valid_Values_Returns_True" />
    </UnitTest>
    <UnitTest name="OperatorEqual_Passing_Valid_Values_Returns_True (stage_hackerone.com)" storage="d:\sferrari\01 - trabajo\repos\netcore\libs\template-netcore-entities\kitpymes.core.entities.tests\bin\debug\net5.0\kitpymes.core.entities.tests.dll" id="bf91619c-856b-4f72-88f1-85a3f0abe7f7">
      <Execution id="3885f80b-889b-43a4-8888-8d1bab45cfe1" />
      <TestMethod codeBase="D:\SFERRARI\01 - TRABAJO\repos\netcore\libs\template-netcore-entities\Kitpymes.Core.Entities.Tests\bin\Debug\net5.0\Kitpymes.Core.Entities.Tests.dll" adapterTypeName="executor://mstestadapter/v2" className="Kitpymes.Core.Entities.ValueObjects.Tests.SubdomainTests" name="OperatorEqual_Passing_Valid_Values_Returns_True" />
    </UnitTest>
    <UnitTest name="OperatorNotEqual_Passing_Valid_Values_Returns_True (TENANTA)" storage="d:\sferrari\01 - trabajo\repos\netcore\libs\template-netcore-entities\kitpymes.core.entities.tests\bin\debug\net5.0\kitpymes.core.entities.tests.dll" id="5c42f34c-9309-4905-82f2-6ea3a0099d22">
      <Execution id="7a266b84-4894-42eb-be26-ed42e93f7100" />
      <TestMethod codeBase="D:\SFERRARI\01 - TRABAJO\repos\netcore\libs\template-netcore-entities\Kitpymes.Core.Entities.Tests\bin\Debug\net5.0\Kitpymes.Core.Entities.Tests.dll" adapterTypeName="executor://mstestadapter/v2" className="Kitpymes.Core.Entities.ValueObjects.Tests.TenantNameTests" name="OperatorNotEqual_Passing_Valid_Values_Returns_True" />
    </UnitTest>
    <UnitTest name="OperatorNotEqual_Passing_Valid_Values_Returns_True (Pader,789,DF7956,Sabadell,Barcelona,España)" storage="d:\sferrari\01 - trabajo\repos\netcore\libs\template-netcore-entities\kitpymes.core.entities.tests\bin\debug\net5.0\kitpymes.core.entities.tests.dll" id="a8eeec9f-10d7-4394-8b86-1cc66ef4e933">
      <Execution id="226aed9c-46b0-4d5f-b83a-3f24dac28c44" />
      <TestMethod codeBase="D:\SFERRARI\01 - TRABAJO\repos\netcore\libs\template-netcore-entities\Kitpymes.Core.Entities.Tests\bin\Debug\net5.0\Kitpymes.Core.Entities.Tests.dll" adapterTypeName="executor://mstestadapter/v2" className="Kitpymes.Core.Entities.ValueObjects.Tests.AddressTests" name="OperatorNotEqual_Passing_Valid_Values_Returns_True" />
    </UnitTest>
    <UnitTest name="Equals_Passing_Valid_Values_Returns_False (Tenerife,23,34567,San Bartoleme De Tirajana,Las Palmas,España)" storage="d:\sferrari\01 - trabajo\repos\netcore\libs\template-netcore-entities\kitpymes.core.entities.tests\bin\debug\net5.0\kitpymes.core.entities.tests.dll" id="ffbce500-78f1-42bc-b414-8af6bf11366a">
      <Execution id="e1f24b8d-4536-4089-9fea-7fc3d966de60" />
      <TestMethod codeBase="D:\SFERRARI\01 - TRABAJO\repos\netcore\libs\template-netcore-entities\Kitpymes.Core.Entities.Tests\bin\Debug\net5.0\Kitpymes.Core.Entities.Tests.dll" adapterTypeName="executor://mstestadapter/v2" className="Kitpymes.Core.Entities.ValueObjects.Tests.AddressTests" name="Equals_Passing_Valid_Values_Returns_False" />
    </UnitTest>
    <UnitTest name="Create_Passing_InvalidOrNull_Value_Returns_ApplicationException ()" storage="d:\sferrari\01 - trabajo\repos\netcore\libs\template-netcore-entities\kitpymes.core.entities.tests\bin\debug\net5.0\kitpymes.core.entities.tests.dll" id="bf35ce80-6df8-4e5f-b73e-62de988bba4b">
      <Execution id="49ea6074-3335-4f4b-afca-c570dfe5f5d1" />
      <TestMethod codeBase="D:\SFERRARI\01 - TRABAJO\repos\netcore\libs\template-netcore-entities\Kitpymes.Core.Entities.Tests\bin\Debug\net5.0\Kitpymes.Core.Entities.Tests.dll" adapterTypeName="executor://mstestadapter/v2" className="Kitpymes.Core.Entities.ValueObjects.Tests.CurrencyTests" name="Create_Passing_InvalidOrNull_Value_Returns_ApplicationException" />
    </UnitTest>
    <UnitTest name="ToEnum_Passing_Valid_String_Name_Enumeracion_Returns_Enumeracion" storage="d:\sferrari\01 - trabajo\repos\netcore\libs\template-netcore-entities\kitpymes.core.entities.tests\bin\debug\net5.0\kitpymes.core.entities.tests.dll" id="357b068e-126f-43a4-999d-043d8b694f2d">
      <Execution id="750fb9b1-395f-4ae7-84cb-c3984e702158" />
      <TestMethod codeBase="D:\SFERRARI\01 - TRABAJO\repos\netcore\libs\template-netcore-entities\Kitpymes.Core.Entities.Tests\bin\Debug\net5.0\Kitpymes.Core.Entities.Tests.dll" adapterTypeName="executor://mstestadapter/v2" className="Kitpymes.Core.Entities.Enumerations.Tests.CardTypeEnumTests" name="ToEnum_Passing_Valid_String_Name_Enumeracion_Returns_Enumeracion" />
    </UnitTest>
    <UnitTest name="Create_Passing_Valid_Value_Returns_Email (ñandu@gmail.com)" storage="d:\sferrari\01 - trabajo\repos\netcore\libs\template-netcore-entities\kitpymes.core.entities.tests\bin\debug\net5.0\kitpymes.core.entities.tests.dll" id="30581896-a454-4103-98e2-377830cb8854">
      <Execution id="497276a0-b949-4b84-a821-4ecf7de4a999" />
      <TestMethod codeBase="D:\SFERRARI\01 - TRABAJO\repos\netcore\libs\template-netcore-entities\Kitpymes.Core.Entities.Tests\bin\Debug\net5.0\Kitpymes.Core.Entities.Tests.dll" adapterTypeName="executor://mstestadapter/v2" className="Kitpymes.Core.Entities.ValueObjects.Tests.EmailTests" name="Create_Passing_Valid_Value_Returns_Email" />
    </UnitTest>
    <UnitTest name="Change_Passing_Valid_Values_Returns_Telephone" storage="d:\sferrari\01 - trabajo\repos\netcore\libs\template-netcore-entities\kitpymes.core.entities.tests\bin\debug\net5.0\kitpymes.core.entities.tests.dll" id="bf792596-6d43-49a1-95ae-131f3069d5f4">
      <Execution id="2e8de592-1cb9-4779-a564-528ca2b08add" />
      <TestMethod codeBase="D:\SFERRARI\01 - TRABAJO\repos\netcore\libs\template-netcore-entities\Kitpymes.Core.Entities.Tests\bin\Debug\net5.0\Kitpymes.Core.Entities.Tests.dll" adapterTypeName="executor://mstestadapter/v2" className="Kitpymes.Core.Entities.ValueObjects.Tests.TelephoneTests" name="Change_Passing_Valid_Values_Returns_Telephone" />
    </UnitTest>
    <UnitTest name="OperatorEqual_Passing_Valid_Values_Returns_True (San Bartoleme De Tirajana,Las Palmas,España)" storage="d:\sferrari\01 - trabajo\repos\netcore\libs\template-netcore-entities\kitpymes.core.entities.tests\bin\debug\net5.0\kitpymes.core.entities.tests.dll" id="4913d819-8a2d-4ef6-9518-bb561c34f459">
      <Execution id="33964659-25ea-475b-858a-3a2c7c9dd347" />
      <TestMethod codeBase="D:\SFERRARI\01 - TRABAJO\repos\netcore\libs\template-netcore-entities\Kitpymes.Core.Entities.Tests\bin\Debug\net5.0\Kitpymes.Core.Entities.Tests.dll" adapterTypeName="executor://mstestadapter/v2" className="Kitpymes.Core.Entities.ValueObjects.Tests.FullNameTests" name="OperatorEqual_Passing_Valid_Values_Returns_True" />
    </UnitTest>
    <UnitTest name="ToNormalize_Passing_Valid_Values_Returns_Name_String_Format (Españç,Espanc)" storage="d:\sferrari\01 - trabajo\repos\netcore\libs\template-netcore-entities\kitpymes.core.entities.tests\bin\debug\net5.0\kitpymes.core.entities.tests.dll" id="67b881e2-738c-41b2-a2d6-c3bf540cab20">
      <Execution id="73d9027d-4dcf-4ae0-ac70-4b13b8d96e23" />
      <TestMethod codeBase="D:\SFERRARI\01 - TRABAJO\repos\netcore\libs\template-netcore-entities\Kitpymes.Core.Entities.Tests\bin\Debug\net5.0\Kitpymes.Core.Entities.Tests.dll" adapterTypeName="executor://mstestadapter/v2" className="Kitpymes.Core.Entities.ValueObjects.Tests.NameTests" name="ToNormalize_Passing_Valid_Values_Returns_Name_String_Format" />
    </UnitTest>
    <UnitTest name="Equals_Passing_Valid_Values_Returns_True (tenantA)" storage="d:\sferrari\01 - trabajo\repos\netcore\libs\template-netcore-entities\kitpymes.core.entities.tests\bin\debug\net5.0\kitpymes.core.entities.tests.dll" id="a87946d2-bd7e-47fc-a1fc-335fa353ab6e">
      <Execution id="05463aba-6125-4e1b-81f9-f006891844b9" />
      <TestMethod codeBase="D:\SFERRARI\01 - TRABAJO\repos\netcore\libs\template-netcore-entities\Kitpymes.Core.Entities.Tests\bin\Debug\net5.0\Kitpymes.Core.Entities.Tests.dll" adapterTypeName="executor://mstestadapter/v2" className="Kitpymes.Core.Entities.ValueObjects.Tests.TenantNameTests" name="Equals_Passing_Valid_Values_Returns_True" />
    </UnitTest>
    <UnitTest name="OperatorNotEqual_Passing_Valid_Values_Returns_False (TENANT_A)" storage="d:\sferrari\01 - trabajo\repos\netcore\libs\template-netcore-entities\kitpymes.core.entities.tests\bin\debug\net5.0\kitpymes.core.entities.tests.dll" id="ff11afd3-3088-4fcc-a88d-e3b47318e315">
      <Execution id="d46ab56e-ad58-4902-882a-9c44b3ac4c4e" />
      <TestMethod codeBase="D:\SFERRARI\01 - TRABAJO\repos\netcore\libs\template-netcore-entities\Kitpymes.Core.Entities.Tests\bin\Debug\net5.0\Kitpymes.Core.Entities.Tests.dll" adapterTypeName="executor://mstestadapter/v2" className="Kitpymes.Core.Entities.ValueObjects.Tests.TenantNameTests" name="OperatorNotEqual_Passing_Valid_Values_Returns_False" />
    </UnitTest>
    <UnitTest name="IsNull_Passing_Valid_Values_Returns_False (D45,86554654)" storage="d:\sferrari\01 - trabajo\repos\netcore\libs\template-netcore-entities\kitpymes.core.entities.tests\bin\debug\net5.0\kitpymes.core.entities.tests.dll" id="0f44c3ea-8f3c-453a-887e-5b424dd2a6ad">
      <Execution id="30c88315-ced5-4c92-8944-ab6611418f40" />
      <TestMethod codeBase="D:\SFERRARI\01 - TRABAJO\repos\netcore\libs\template-netcore-entities\Kitpymes.Core.Entities.Tests\bin\Debug\net5.0\Kitpymes.Core.Entities.Tests.dll" adapterTypeName="executor://mstestadapter/v2" className="Kitpymes.Core.Entities.ValueObjects.Tests.TelephoneTests" name="IsNull_Passing_Valid_Values_Returns_False" />
    </UnitTest>
    <UnitTest name="OperatorEqual_Passing_Valid_Values_Returns_True (EUR)" storage="d:\sferrari\01 - trabajo\repos\netcore\libs\template-netcore-entities\kitpymes.core.entities.tests\bin\debug\net5.0\kitpymes.core.entities.tests.dll" id="fec3583f-ddd3-4b2f-950e-17b81f0cdbd8">
      <Execution id="bc48bef4-4aec-42f1-b103-f9dff12424d2" />
      <TestMethod codeBase="D:\SFERRARI\01 - TRABAJO\repos\netcore\libs\template-netcore-entities\Kitpymes.Core.Entities.Tests\bin\Debug\net5.0\Kitpymes.Core.Entities.Tests.dll" adapterTypeName="executor://mstestadapter/v2" className="Kitpymes.Core.Entities.ValueObjects.Tests.CurrencyTests" name="OperatorEqual_Passing_Valid_Values_Returns_True" />
    </UnitTest>
    <UnitTest name="OperatorEqual_Passing_Valid_Values_Returns_True (Esp añâ)" storage="d:\sferrari\01 - trabajo\repos\netcore\libs\template-netcore-entities\kitpymes.core.entities.tests\bin\debug\net5.0\kitpymes.core.entities.tests.dll" id="3f998371-c81a-4a5d-b8c5-85ff5b39455c">
      <Execution id="6f06b5a6-8ede-4651-a1e6-0774c45c9062" />
      <TestMethod codeBase="D:\SFERRARI\01 - TRABAJO\repos\netcore\libs\template-netcore-entities\Kitpymes.Core.Entities.Tests\bin\Debug\net5.0\Kitpymes.Core.Entities.Tests.dll" adapterTypeName="executor://mstestadapter/v2" className="Kitpymes.Core.Entities.ValueObjects.Tests.NameTests" name="OperatorEqual_Passing_Valid_Values_Returns_True" />
    </UnitTest>
    <UnitTest name="OperatorEqual_Passing_Valid_Values_Returns_True (Sabadell)" storage="d:\sferrari\01 - trabajo\repos\netcore\libs\template-netcore-entities\kitpymes.core.entities.tests\bin\debug\net5.0\kitpymes.core.entities.tests.dll" id="6d51ac6c-0fbb-4c42-bd88-267e6bb2065c">
      <Execution id="44a5df1d-7299-4d0e-bd41-245033f92aae" />
      <TestMethod codeBase="D:\SFERRARI\01 - TRABAJO\repos\netcore\libs\template-netcore-entities\Kitpymes.Core.Entities.Tests\bin\Debug\net5.0\Kitpymes.Core.Entities.Tests.dll" adapterTypeName="executor://mstestadapter/v2" className="Kitpymes.Core.Entities.ValueObjects.Tests.StringIdTests" name="OperatorEqual_Passing_Valid_Values_Returns_True" />
    </UnitTest>
    <UnitTest name="Equals_Passing_Valid_Values_Returns_True (San Bartoleme De Tirajana,Las Palmas,España)" storage="d:\sferrari\01 - trabajo\repos\netcore\libs\template-netcore-entities\kitpymes.core.entities.tests\bin\debug\net5.0\kitpymes.core.entities.tests.dll" id="057b9da5-4e40-4c27-9d05-2cc3614f092d">
      <Execution id="ceff79f3-063f-4eab-948f-3a6d14ef27a0" />
      <TestMethod codeBase="D:\SFERRARI\01 - TRABAJO\repos\netcore\libs\template-netcore-entities\Kitpymes.Core.Entities.Tests\bin\Debug\net5.0\Kitpymes.Core.Entities.Tests.dll" adapterTypeName="executor://mstestadapter/v2" className="Kitpymes.Core.Entities.ValueObjects.Tests.FullNameTests" name="Equals_Passing_Valid_Values_Returns_True" />
    </UnitTest>
    <UnitTest name="Create_Passing_Valid_Value_Returns_Email (aaads@ggg.cc)" storage="d:\sferrari\01 - trabajo\repos\netcore\libs\template-netcore-entities\kitpymes.core.entities.tests\bin\debug\net5.0\kitpymes.core.entities.tests.dll" id="85d3d7c6-7c93-453f-a652-8891fc432354">
      <Execution id="dc6ce9c6-8c92-4ef2-95b7-dde4eae3406e" />
      <TestMethod codeBase="D:\SFERRARI\01 - TRABAJO\repos\netcore\libs\template-netcore-entities\Kitpymes.Core.Entities.Tests\bin\Debug\net5.0\Kitpymes.Core.Entities.Tests.dll" adapterTypeName="executor://mstestadapter/v2" className="Kitpymes.Core.Entities.ValueObjects.Tests.EmailTests" name="Create_Passing_Valid_Value_Returns_Email" />
    </UnitTest>
    <UnitTest name="OperatorNotEqual_Passing_Valid_Values_Returns_False (Sabadell,Barcelona,España)" storage="d:\sferrari\01 - trabajo\repos\netcore\libs\template-netcore-entities\kitpymes.core.entities.tests\bin\debug\net5.0\kitpymes.core.entities.tests.dll" id="ae09e6eb-51ea-4983-b835-91712fcbe1c9">
      <Execution id="e27e1af4-ed52-49de-beac-3716d4f06b80" />
      <TestMethod codeBase="D:\SFERRARI\01 - TRABAJO\repos\netcore\libs\template-netcore-entities\Kitpymes.Core.Entities.Tests\bin\Debug\net5.0\Kitpymes.Core.Entities.Tests.dll" adapterTypeName="executor://mstestadapter/v2" className="Kitpymes.Core.Entities.ValueObjects.Tests.FullNameTests" name="OperatorNotEqual_Passing_Valid_Values_Returns_False" />
    </UnitTest>
    <UnitTest name="OperatorNotEqual_Passing_Valid_Values_Returns_True (stage_hackerone.com)" storage="d:\sferrari\01 - trabajo\repos\netcore\libs\template-netcore-entities\kitpymes.core.entities.tests\bin\debug\net5.0\kitpymes.core.entities.tests.dll" id="e782cfda-0de8-43b7-97bd-d2aa723353d6">
      <Execution id="6be0327b-9836-4d33-9a80-2da7b851dc74" />
      <TestMethod codeBase="D:\SFERRARI\01 - TRABAJO\repos\netcore\libs\template-netcore-entities\Kitpymes.Core.Entities.Tests\bin\Debug\net5.0\Kitpymes.Core.Entities.Tests.dll" adapterTypeName="executor://mstestadapter/v2" className="Kitpymes.Core.Entities.ValueObjects.Tests.SubdomainTests" name="OperatorNotEqual_Passing_Valid_Values_Returns_True" />
    </UnitTest>
    <UnitTest name="OperatorEqual_Passing_Valid_Distinct_Values_Returns_False (Españã)" storage="d:\sferrari\01 - trabajo\repos\netcore\libs\template-netcore-entities\kitpymes.core.entities.tests\bin\debug\net5.0\kitpymes.core.entities.tests.dll" id="4195d2e1-fd27-4f8c-9ed4-96395dc5165f">
      <Execution id="c35cc4ce-52fa-4448-96ee-07a2765b251f" />
      <TestMethod codeBase="D:\SFERRARI\01 - TRABAJO\repos\netcore\libs\template-netcore-entities\Kitpymes.Core.Entities.Tests\bin\Debug\net5.0\Kitpymes.Core.Entities.Tests.dll" adapterTypeName="executor://mstestadapter/v2" className="Kitpymes.Core.Entities.ValueObjects.Tests.NameTests" name="OperatorEqual_Passing_Valid_Distinct_Values_Returns_False" />
    </UnitTest>
    <UnitTest name="ToEnum_Passing_Invalid_String_Name_Enumeracion_Returns_Null" storage="d:\sferrari\01 - trabajo\repos\netcore\libs\template-netcore-entities\kitpymes.core.entities.tests\bin\debug\net5.0\kitpymes.core.entities.tests.dll" id="809200ce-6b72-4c69-bf9d-76eb68c7d6b5">
      <Execution id="db0a2836-48ce-4b3b-882f-d89136f9b820" />
      <TestMethod codeBase="D:\SFERRARI\01 - TRABAJO\repos\netcore\libs\template-netcore-entities\Kitpymes.Core.Entities.Tests\bin\Debug\net5.0\Kitpymes.Core.Entities.Tests.dll" adapterTypeName="executor://mstestadapter/v2" className="Kitpymes.Core.Entities.Enumerations.Tests.GenderTypeEnumTests" name="ToEnum_Passing_Invalid_String_Name_Enumeracion_Returns_Null" />
    </UnitTest>
    <UnitTest name="ToEnum_Passing_Valid_String_Name_Enumeracion_Returns_Enumeracion" storage="d:\sferrari\01 - trabajo\repos\netcore\libs\template-netcore-entities\kitpymes.core.entities.tests\bin\debug\net5.0\kitpymes.core.entities.tests.dll" id="47f8946e-873b-4d3a-8480-f987afeae26c">
      <Execution id="511f24e2-2eb6-4a8c-ba99-da4355050aa8" />
      <TestMethod codeBase="D:\SFERRARI\01 - TRABAJO\repos\netcore\libs\template-netcore-entities\Kitpymes.Core.Entities.Tests\bin\Debug\net5.0\Kitpymes.Core.Entities.Tests.dll" adapterTypeName="executor://mstestadapter/v2" className="Kitpymes.Core.Entities.Enumerations.Tests.GenderTypeEnumTests" name="ToEnum_Passing_Valid_String_Name_Enumeracion_Returns_Enumeracion" />
    </UnitTest>
    <UnitTest name="IsNull_Passing_Valid_Value_Returns_False (TENANT_A)" storage="d:\sferrari\01 - trabajo\repos\netcore\libs\template-netcore-entities\kitpymes.core.entities.tests\bin\debug\net5.0\kitpymes.core.entities.tests.dll" id="abbe2f95-063f-49d6-9116-c6b28baa7ca6">
      <Execution id="50835d43-4148-48a3-9ffe-3e070dab992c" />
      <TestMethod codeBase="D:\SFERRARI\01 - TRABAJO\repos\netcore\libs\template-netcore-entities\Kitpymes.Core.Entities.Tests\bin\Debug\net5.0\Kitpymes.Core.Entities.Tests.dll" adapterTypeName="executor://mstestadapter/v2" className="Kitpymes.Core.Entities.ValueObjects.Tests.TenantNameTests" name="IsNull_Passing_Valid_Value_Returns_False" />
    </UnitTest>
    <UnitTest name="Create_Passing_Valid_Values_Returns_Name (Tenant_1)" storage="d:\sferrari\01 - trabajo\repos\netcore\libs\template-netcore-entities\kitpymes.core.entities.tests\bin\debug\net5.0\kitpymes.core.entities.tests.dll" id="4280fc9b-a825-4217-9c6c-a3b71aef9de1">
      <Execution id="f972ce0b-efb2-4114-8243-d65a0db14d0b" />
      <TestMethod codeBase="D:\SFERRARI\01 - TRABAJO\repos\netcore\libs\template-netcore-entities\Kitpymes.Core.Entities.Tests\bin\Debug\net5.0\Kitpymes.Core.Entities.Tests.dll" adapterTypeName="executor://mstestadapter/v2" className="Kitpymes.Core.Entities.ValueObjects.Tests.TenantNameTests" name="Create_Passing_Valid_Values_Returns_Name" />
    </UnitTest>
    <UnitTest name="Equals_Passing_Valid_Values_Returns_True (Españá)" storage="d:\sferrari\01 - trabajo\repos\netcore\libs\template-netcore-entities\kitpymes.core.entities.tests\bin\debug\net5.0\kitpymes.core.entities.tests.dll" id="97586430-4c50-47f8-a3b7-4b30da40d176">
      <Execution id="3615ef41-8139-43d8-9fd7-e51235fcfa38" />
      <TestMethod codeBase="D:\SFERRARI\01 - TRABAJO\repos\netcore\libs\template-netcore-entities\Kitpymes.Core.Entities.Tests\bin\Debug\net5.0\Kitpymes.Core.Entities.Tests.dll" adapterTypeName="executor://mstestadapter/v2" className="Kitpymes.Core.Entities.ValueObjects.Tests.NameTests" name="Equals_Passing_Valid_Values_Returns_True" />
    </UnitTest>
    <UnitTest name="IsFemale_Passing_Nothing_Returns_True" storage="d:\sferrari\01 - trabajo\repos\netcore\libs\template-netcore-entities\kitpymes.core.entities.tests\bin\debug\net5.0\kitpymes.core.entities.tests.dll" id="e30bc10b-73dc-48e1-a962-ee913bc1cfd7">
      <Execution id="8c07957f-5044-4828-b436-ba26e740494d" />
      <TestMethod codeBase="D:\SFERRARI\01 - TRABAJO\repos\netcore\libs\template-netcore-entities\Kitpymes.Core.Entities.Tests\bin\Debug\net5.0\Kitpymes.Core.Entities.Tests.dll" adapterTypeName="executor://mstestadapter/v2" className="Kitpymes.Core.Entities.Enumerations.Tests.GenderTypeEnumTests" name="IsFemale_Passing_Nothing_Returns_True" />
    </UnitTest>
    <UnitTest name="Create_Passing_Valid_Values_Returns_Name (Españç)" storage="d:\sferrari\01 - trabajo\repos\netcore\libs\template-netcore-entities\kitpymes.core.entities.tests\bin\debug\net5.0\kitpymes.core.entities.tests.dll" id="e5ca0c5c-aa27-4776-82fa-6407cbef44bc">
      <Execution id="4f288b53-d58a-4783-b015-831fe75539cd" />
      <TestMethod codeBase="D:\SFERRARI\01 - TRABAJO\repos\netcore\libs\template-netcore-entities\Kitpymes.Core.Entities.Tests\bin\Debug\net5.0\Kitpymes.Core.Entities.Tests.dll" adapterTypeName="executor://mstestadapter/v2" className="Kitpymes.Core.Entities.ValueObjects.Tests.NameTests" name="Create_Passing_Valid_Values_Returns_Name" />
    </UnitTest>
    <UnitTest name="OperatorEqual_Passing_Valid_Distinct_Values_Returns_False (Españħ)" storage="d:\sferrari\01 - trabajo\repos\netcore\libs\template-netcore-entities\kitpymes.core.entities.tests\bin\debug\net5.0\kitpymes.core.entities.tests.dll" id="2e476546-c195-40cd-88bf-77c48c5ded9e">
      <Execution id="6fe43f41-43ff-4873-b637-2bbf2cc0a4dd" />
      <TestMethod codeBase="D:\SFERRARI\01 - TRABAJO\repos\netcore\libs\template-netcore-entities\Kitpymes.Core.Entities.Tests\bin\Debug\net5.0\Kitpymes.Core.Entities.Tests.dll" adapterTypeName="executor://mstestadapter/v2" className="Kitpymes.Core.Entities.ValueObjects.Tests.NameTests" name="OperatorEqual_Passing_Valid_Distinct_Values_Returns_False" />
    </UnitTest>
    <UnitTest name="Create_Passing_Valid_Values_Returns_Name (Tenant1)" storage="d:\sferrari\01 - trabajo\repos\netcore\libs\template-netcore-entities\kitpymes.core.entities.tests\bin\debug\net5.0\kitpymes.core.entities.tests.dll" id="058a6a38-edd2-4169-92b6-03833a7f6f19">
      <Execution id="7de758b1-744e-4df5-b885-2c7dd66c5c67" />
      <TestMethod codeBase="D:\SFERRARI\01 - TRABAJO\repos\netcore\libs\template-netcore-entities\Kitpymes.Core.Entities.Tests\bin\Debug\net5.0\Kitpymes.Core.Entities.Tests.dll" adapterTypeName="executor://mstestadapter/v2" className="Kitpymes.Core.Entities.ValueObjects.Tests.TenantNameTests" name="Create_Passing_Valid_Values_Returns_Name" />
    </UnitTest>
    <UnitTest name="Create_Passing_Valid_Values_Returns_Subdomain (google)" storage="d:\sferrari\01 - trabajo\repos\netcore\libs\template-netcore-entities\kitpymes.core.entities.tests\bin\debug\net5.0\kitpymes.core.entities.tests.dll" id="80fbf2ba-e88d-4123-b9ef-877b41d05a59">
      <Execution id="9b134ddd-0f12-42a6-8598-b74da45932ec" />
      <TestMethod codeBase="D:\SFERRARI\01 - TRABAJO\repos\netcore\libs\template-netcore-entities\Kitpymes.Core.Entities.Tests\bin\Debug\net5.0\Kitpymes.Core.Entities.Tests.dll" adapterTypeName="executor://mstestadapter/v2" className="Kitpymes.Core.Entities.ValueObjects.Tests.SubdomainTests" name="Create_Passing_Valid_Values_Returns_Subdomain" />
    </UnitTest>
    <UnitTest name="Create_Passing_InvalidOrNull_Value_Returns_ApplicationException (34fsds@@sdd.f)" storage="d:\sferrari\01 - trabajo\repos\netcore\libs\template-netcore-entities\kitpymes.core.entities.tests\bin\debug\net5.0\kitpymes.core.entities.tests.dll" id="afe48339-b129-4cfc-b7b7-21feb559f7c3">
      <Execution id="d3b5ec60-3338-4abf-bc5e-001070913879" />
      <TestMethod codeBase="D:\SFERRARI\01 - TRABAJO\repos\netcore\libs\template-netcore-entities\Kitpymes.Core.Entities.Tests\bin\Debug\net5.0\Kitpymes.Core.Entities.Tests.dll" adapterTypeName="executor://mstestadapter/v2" className="Kitpymes.Core.Entities.ValueObjects.Tests.EmailTests" name="Create_Passing_InvalidOrNull_Value_Returns_ApplicationException" />
    </UnitTest>
    <UnitTest name="OperatorNotEqual_Passing_Valid_Values_Returns_True (Tenant_1)" storage="d:\sferrari\01 - trabajo\repos\netcore\libs\template-netcore-entities\kitpymes.core.entities.tests\bin\debug\net5.0\kitpymes.core.entities.tests.dll" id="201c73d9-3be7-477c-97ef-0c371b3313e2">
      <Execution id="5944698e-32f1-4afd-be48-e4aba659185b" />
      <TestMethod codeBase="D:\SFERRARI\01 - TRABAJO\repos\netcore\libs\template-netcore-entities\Kitpymes.Core.Entities.Tests\bin\Debug\net5.0\Kitpymes.Core.Entities.Tests.dll" adapterTypeName="executor://mstestadapter/v2" className="Kitpymes.Core.Entities.ValueObjects.Tests.TenantNameTests" name="OperatorNotEqual_Passing_Valid_Values_Returns_True" />
    </UnitTest>
    <UnitTest name="Equals_Passing_Valid_Values_Returns_True (Españã)" storage="d:\sferrari\01 - trabajo\repos\netcore\libs\template-netcore-entities\kitpymes.core.entities.tests\bin\debug\net5.0\kitpymes.core.entities.tests.dll" id="b18e0c97-1790-4381-8253-656117ba6129">
      <Execution id="b3d5cdcc-8e05-4918-b35f-2651ffe8a681" />
      <TestMethod codeBase="D:\SFERRARI\01 - TRABAJO\repos\netcore\libs\template-netcore-entities\Kitpymes.Core.Entities.Tests\bin\Debug\net5.0\Kitpymes.Core.Entities.Tests.dll" adapterTypeName="executor://mstestadapter/v2" className="Kitpymes.Core.Entities.ValueObjects.Tests.NameTests" name="Equals_Passing_Valid_Values_Returns_True" />
    </UnitTest>
    <UnitTest name="Equals_Passing_Valid_Distinct_Values_Returns_False (tenantA)" storage="d:\sferrari\01 - trabajo\repos\netcore\libs\template-netcore-entities\kitpymes.core.entities.tests\bin\debug\net5.0\kitpymes.core.entities.tests.dll" id="f3e868d4-d255-414a-a45f-03865e827f13">
      <Execution id="bb0a2311-435e-4985-9d08-7b90dd652a80" />
      <TestMethod codeBase="D:\SFERRARI\01 - TRABAJO\repos\netcore\libs\template-netcore-entities\Kitpymes.Core.Entities.Tests\bin\Debug\net5.0\Kitpymes.Core.Entities.Tests.dll" adapterTypeName="executor://mstestadapter/v2" className="Kitpymes.Core.Entities.ValueObjects.Tests.TenantNameTests" name="Equals_Passing_Valid_Distinct_Values_Returns_False" />
    </UnitTest>
    <UnitTest name="Equals_Passing_Valid_Distinct_Values_Returns_False (Sabadell)" storage="d:\sferrari\01 - trabajo\repos\netcore\libs\template-netcore-entities\kitpymes.core.entities.tests\bin\debug\net5.0\kitpymes.core.entities.tests.dll" id="4f82a8f4-7af5-4f25-a742-44d24386dd09">
      <Execution id="f29bfea9-b9be-40d4-aa44-2735f4d36b55" />
      <TestMethod codeBase="D:\SFERRARI\01 - TRABAJO\repos\netcore\libs\template-netcore-entities\Kitpymes.Core.Entities.Tests\bin\Debug\net5.0\Kitpymes.Core.Entities.Tests.dll" adapterTypeName="executor://mstestadapter/v2" className="Kitpymes.Core.Entities.ValueObjects.Tests.StringIdTests" name="Equals_Passing_Valid_Distinct_Values_Returns_False" />
    </UnitTest>
    <UnitTest name="Equals_Passing_Valid_Values_Returns_True (Tenant1)" storage="d:\sferrari\01 - trabajo\repos\netcore\libs\template-netcore-entities\kitpymes.core.entities.tests\bin\debug\net5.0\kitpymes.core.entities.tests.dll" id="6ea126ef-871c-4282-92af-ae07405b9e75">
      <Execution id="23941c5b-751e-45a1-95c2-ec6f745e1c34" />
      <TestMethod codeBase="D:\SFERRARI\01 - TRABAJO\repos\netcore\libs\template-netcore-entities\Kitpymes.Core.Entities.Tests\bin\Debug\net5.0\Kitpymes.Core.Entities.Tests.dll" adapterTypeName="executor://mstestadapter/v2" className="Kitpymes.Core.Entities.ValueObjects.Tests.TenantNameTests" name="Equals_Passing_Valid_Values_Returns_True" />
    </UnitTest>
    <UnitTest name="ToString_Passing_Valid_Values_Returns_StringId (Sabadell)" storage="d:\sferrari\01 - trabajo\repos\netcore\libs\template-netcore-entities\kitpymes.core.entities.tests\bin\debug\net5.0\kitpymes.core.entities.tests.dll" id="5655f11a-74f5-406a-860c-6b7898f7f604">
      <Execution id="09991254-903a-4f37-8e22-5ae2e097dc42" />
      <TestMethod codeBase="D:\SFERRARI\01 - TRABAJO\repos\netcore\libs\template-netcore-entities\Kitpymes.Core.Entities.Tests\bin\Debug\net5.0\Kitpymes.Core.Entities.Tests.dll" adapterTypeName="executor://mstestadapter/v2" className="Kitpymes.Core.Entities.ValueObjects.Tests.StringIdTests" name="ToString_Passing_Valid_Values_Returns_StringId" />
    </UnitTest>
    <UnitTest name="GetAll_Passing_Nothing_Returns_Enumeracion_List" storage="d:\sferrari\01 - trabajo\repos\netcore\libs\template-netcore-entities\kitpymes.core.entities.tests\bin\debug\net5.0\kitpymes.core.entities.tests.dll" id="abdfbcea-ad23-4bf2-87f5-0a7ff499b14f">
      <Execution id="cdfe5fc8-ed7b-4818-8b0a-661e2ed8c4c6" />
      <TestMethod codeBase="D:\SFERRARI\01 - TRABAJO\repos\netcore\libs\template-netcore-entities\Kitpymes.Core.Entities.Tests\bin\Debug\net5.0\Kitpymes.Core.Entities.Tests.dll" adapterTypeName="executor://mstestadapter/v2" className="Kitpymes.Core.Entities.Enumerations.Tests.GenderTypeEnumTests" name="GetAll_Passing_Nothing_Returns_Enumeracion_List" />
    </UnitTest>
    <UnitTest name="Equals_Passing_Valid_Values_Returns_True (TENANTA)" storage="d:\sferrari\01 - trabajo\repos\netcore\libs\template-netcore-entities\kitpymes.core.entities.tests\bin\debug\net5.0\kitpymes.core.entities.tests.dll" id="0b035b1c-e51d-41d4-85f1-0cd9cf85aaad">
      <Execution id="27903a55-0d0d-4ba0-9a35-cafc321e7c43" />
      <TestMethod codeBase="D:\SFERRARI\01 - TRABAJO\repos\netcore\libs\template-netcore-entities\Kitpymes.Core.Entities.Tests\bin\Debug\net5.0\Kitpymes.Core.Entities.Tests.dll" adapterTypeName="executor://mstestadapter/v2" className="Kitpymes.Core.Entities.ValueObjects.Tests.TenantNameTests" name="Equals_Passing_Valid_Values_Returns_True" />
    </UnitTest>
    <UnitTest name="Equals_Passing_Valid_Distinct_Values_Returns_False (TENANT_1)" storage="d:\sferrari\01 - trabajo\repos\netcore\libs\template-netcore-entities\kitpymes.core.entities.tests\bin\debug\net5.0\kitpymes.core.entities.tests.dll" id="da41e2d3-f6ac-4019-9e39-27b5e0d7dc1b">
      <Execution id="b50bc564-1e98-4c46-a7bf-ed5215fea672" />
      <TestMethod codeBase="D:\SFERRARI\01 - TRABAJO\repos\netcore\libs\template-netcore-entities\Kitpymes.Core.Entities.Tests\bin\Debug\net5.0\Kitpymes.Core.Entities.Tests.dll" adapterTypeName="executor://mstestadapter/v2" className="Kitpymes.Core.Entities.ValueObjects.Tests.TenantNameTests" name="Equals_Passing_Valid_Distinct_Values_Returns_False" />
    </UnitTest>
    <UnitTest name="OperatorEqual_Passing_Valid_Values_Returns_True (tenantA)" storage="d:\sferrari\01 - trabajo\repos\netcore\libs\template-netcore-entities\kitpymes.core.entities.tests\bin\debug\net5.0\kitpymes.core.entities.tests.dll" id="311fc1bc-7d8a-4145-a121-efd1df95a304">
      <Execution id="1e087326-9e6d-4b0a-a8ca-6f93eba5fad4" />
      <TestMethod codeBase="D:\SFERRARI\01 - TRABAJO\repos\netcore\libs\template-netcore-entities\Kitpymes.Core.Entities.Tests\bin\Debug\net5.0\Kitpymes.Core.Entities.Tests.dll" adapterTypeName="executor://mstestadapter/v2" className="Kitpymes.Core.Entities.ValueObjects.Tests.TenantNameTests" name="OperatorEqual_Passing_Valid_Values_Returns_True" />
    </UnitTest>
    <UnitTest name="Equals_Passing_Valid_Values_Returns_True (34fsds@sdd.fgg)" storage="d:\sferrari\01 - trabajo\repos\netcore\libs\template-netcore-entities\kitpymes.core.entities.tests\bin\debug\net5.0\kitpymes.core.entities.tests.dll" id="5460649a-c72a-4586-85ed-da61e87b497a">
      <Execution id="561ca299-a547-45fd-8ecb-a9a0bae31a38" />
      <TestMethod codeBase="D:\SFERRARI\01 - TRABAJO\repos\netcore\libs\template-netcore-entities\Kitpymes.Core.Entities.Tests\bin\Debug\net5.0\Kitpymes.Core.Entities.Tests.dll" adapterTypeName="executor://mstestadapter/v2" className="Kitpymes.Core.Entities.ValueObjects.Tests.EmailTests" name="Equals_Passing_Valid_Values_Returns_True" />
    </UnitTest>
    <UnitTest name="Create_Passing_Valid_Values_Returns_StringId (Espania)" storage="d:\sferrari\01 - trabajo\repos\netcore\libs\template-netcore-entities\kitpymes.core.entities.tests\bin\debug\net5.0\kitpymes.core.entities.tests.dll" id="68797f5b-05be-4508-8bae-fc55cf2a0218">
      <Execution id="f2acebbc-aa91-4ba5-9eb9-9325d4641cc6" />
      <TestMethod codeBase="D:\SFERRARI\01 - TRABAJO\repos\netcore\libs\template-netcore-entities\Kitpymes.Core.Entities.Tests\bin\Debug\net5.0\Kitpymes.Core.Entities.Tests.dll" adapterTypeName="executor://mstestadapter/v2" className="Kitpymes.Core.Entities.ValueObjects.Tests.StringIdTests" name="Create_Passing_Valid_Values_Returns_StringId" />
    </UnitTest>
    <UnitTest name="Equals_Passing_Valid_Values_Returns_True (Españħ)" storage="d:\sferrari\01 - trabajo\repos\netcore\libs\template-netcore-entities\kitpymes.core.entities.tests\bin\debug\net5.0\kitpymes.core.entities.tests.dll" id="c81daf7a-3492-4f4d-9649-587f22063a59">
      <Execution id="1bfcf107-ae1d-468a-be4a-d4c63cafb9ad" />
      <TestMethod codeBase="D:\SFERRARI\01 - TRABAJO\repos\netcore\libs\template-netcore-entities\Kitpymes.Core.Entities.Tests\bin\Debug\net5.0\Kitpymes.Core.Entities.Tests.dll" adapterTypeName="executor://mstestadapter/v2" className="Kitpymes.Core.Entities.ValueObjects.Tests.NameTests" name="Equals_Passing_Valid_Values_Returns_True" />
    </UnitTest>
    <UnitTest name="OperatorNotEqual_Passing_Valid_Values_Returns_False (400,USD,8)" storage="d:\sferrari\01 - trabajo\repos\netcore\libs\template-netcore-entities\kitpymes.core.entities.tests\bin\debug\net5.0\kitpymes.core.entities.tests.dll" id="bcd485d6-94c1-486b-b639-a25d65c06b00">
      <Execution id="ff12cbd9-68a9-4e1e-bad4-b9a6ae905cfc" />
      <TestMethod codeBase="D:\SFERRARI\01 - TRABAJO\repos\netcore\libs\template-netcore-entities\Kitpymes.Core.Entities.Tests\bin\Debug\net5.0\Kitpymes.Core.Entities.Tests.dll" adapterTypeName="executor://mstestadapter/v2" className="Kitpymes.Core.Entities.ValueObjects.Tests.MoneyTests" name="OperatorNotEqual_Passing_Valid_Values_Returns_False" />
    </UnitTest>
    <UnitTest name="ToEnum_Passing_Valid_String_ShortName_Enumeracion_Returns_Enumeracion" storage="d:\sferrari\01 - trabajo\repos\netcore\libs\template-netcore-entities\kitpymes.core.entities.tests\bin\debug\net5.0\kitpymes.core.entities.tests.dll" id="733aa12c-489f-47ca-aded-eed4e9cd0271">
      <Execution id="faf1b3b3-1db1-438c-8627-e7a748e024d9" />
      <TestMethod codeBase="D:\SFERRARI\01 - TRABAJO\repos\netcore\libs\template-netcore-entities\Kitpymes.Core.Entities.Tests\bin\Debug\net5.0\Kitpymes.Core.Entities.Tests.dll" adapterTypeName="executor://mstestadapter/v2" className="Kitpymes.Core.Entities.Enumerations.Tests.GenderTypeEnumTests" name="ToEnum_Passing_Valid_String_ShortName_Enumeracion_Returns_Enumeracion" />
    </UnitTest>
    <UnitTest name="Create_Passing_InvalidOrNull_Value_Returns_ApplicationException (,8768768768)" storage="d:\sferrari\01 - trabajo\repos\netcore\libs\template-netcore-entities\kitpymes.core.entities.tests\bin\debug\net5.0\kitpymes.core.entities.tests.dll" id="3d62fabc-b25c-4f29-8e97-9229165c1f45">
      <Execution id="e676f34c-2d8e-4c46-82d9-15b7ec967c51" />
      <TestMethod codeBase="D:\SFERRARI\01 - TRABAJO\repos\netcore\libs\template-netcore-entities\Kitpymes.Core.Entities.Tests\bin\Debug\net5.0\Kitpymes.Core.Entities.Tests.dll" adapterTypeName="executor://mstestadapter/v2" className="Kitpymes.Core.Entities.ValueObjects.Tests.TelephoneTests" name="Create_Passing_InvalidOrNull_Value_Returns_ApplicationException" />
    </UnitTest>
    <UnitTest name="ToString_Passing_Valid_Values_Returns_Address_String_Format (400,USD,8)" storage="d:\sferrari\01 - trabajo\repos\netcore\libs\template-netcore-entities\kitpymes.core.entities.tests\bin\debug\net5.0\kitpymes.core.entities.tests.dll" id="f60e9fc9-91e2-49ea-955a-19c480d766a8">
      <Execution id="6ebd46e5-8282-4adf-b2d6-296bd07f9997" />
      <TestMethod codeBase="D:\SFERRARI\01 - TRABAJO\repos\netcore\libs\template-netcore-entities\Kitpymes.Core.Entities.Tests\bin\Debug\net5.0\Kitpymes.Core.Entities.Tests.dll" adapterTypeName="executor://mstestadapter/v2" className="Kitpymes.Core.Entities.ValueObjects.Tests.MoneyTests" name="ToString_Passing_Valid_Values_Returns_Address_String_Format" />
    </UnitTest>
    <UnitTest name="OperatorEqual_Passing_Valid_Values_Returns_True (tenant_A)" storage="d:\sferrari\01 - trabajo\repos\netcore\libs\template-netcore-entities\kitpymes.core.entities.tests\bin\debug\net5.0\kitpymes.core.entities.tests.dll" id="2b741b2f-b408-4217-bcbe-fdc10dc87f29">
      <Execution id="30d823a3-cb08-4baa-99a4-e74748a176d5" />
      <TestMethod codeBase="D:\SFERRARI\01 - TRABAJO\repos\netcore\libs\template-netcore-entities\Kitpymes.Core.Entities.Tests\bin\Debug\net5.0\Kitpymes.Core.Entities.Tests.dll" adapterTypeName="executor://mstestadapter/v2" className="Kitpymes.Core.Entities.ValueObjects.Tests.TenantNameTests" name="OperatorEqual_Passing_Valid_Values_Returns_True" />
    </UnitTest>
    <UnitTest name="IsFree_Passing_Nothing_Returns_True" storage="d:\sferrari\01 - trabajo\repos\netcore\libs\template-netcore-entities\kitpymes.core.entities.tests\bin\debug\net5.0\kitpymes.core.entities.tests.dll" id="737b4cfe-a505-4070-b501-e723211cc49e">
      <Execution id="bb78e333-88bf-47ed-8d53-780de4ab2b36" />
      <TestMethod codeBase="D:\SFERRARI\01 - TRABAJO\repos\netcore\libs\template-netcore-entities\Kitpymes.Core.Entities.Tests\bin\Debug\net5.0\Kitpymes.Core.Entities.Tests.dll" adapterTypeName="executor://mstestadapter/v2" className="Kitpymes.Core.Entities.Enumerations.Tests.SubscriptionEnumTests" name="IsFree_Passing_Nothing_Returns_True" />
    </UnitTest>
    <UnitTest name="ToBool_Passing_Valid_Status_Inactive_Returns_False" storage="d:\sferrari\01 - trabajo\repos\netcore\libs\template-netcore-entities\kitpymes.core.entities.tests\bin\debug\net5.0\kitpymes.core.entities.tests.dll" id="b98cbe4b-bc46-4974-bd68-f14e5bda3fe5">
      <Execution id="1d083bdc-7e4a-4fd2-abaf-db534f54afcc" />
      <TestMethod codeBase="D:\SFERRARI\01 - TRABAJO\repos\netcore\libs\template-netcore-entities\Kitpymes.Core.Entities.Tests\bin\Debug\net5.0\Kitpymes.Core.Entities.Tests.dll" adapterTypeName="executor://mstestadapter/v2" className="Kitpymes.Core.Entities.Enumerations.Tests.StatusEnumTests" name="ToBool_Passing_Valid_Status_Inactive_Returns_False" />
    </UnitTest>
    <UnitTest name="ToNormalize_Passing_Valid_Values_Returns_Name_String_Format (Españâ,Espana)" storage="d:\sferrari\01 - trabajo\repos\netcore\libs\template-netcore-entities\kitpymes.core.entities.tests\bin\debug\net5.0\kitpymes.core.entities.tests.dll" id="89cbd5c5-948f-4a98-9251-e8640938a547">
      <Execution id="d0917bcd-0dd6-451a-b2ee-e1922efb454c" />
      <TestMethod codeBase="D:\SFERRARI\01 - TRABAJO\repos\netcore\libs\template-netcore-entities\Kitpymes.Core.Entities.Tests\bin\Debug\net5.0\Kitpymes.Core.Entities.Tests.dll" adapterTypeName="executor://mstestadapter/v2" className="Kitpymes.Core.Entities.ValueObjects.Tests.NameTests" name="ToNormalize_Passing_Valid_Values_Returns_Name_String_Format" />
    </UnitTest>
    <UnitTest name="ToString_Passing_Valid_Values_Returns_Address_String_Format (100,EUR,2)" storage="d:\sferrari\01 - trabajo\repos\netcore\libs\template-netcore-entities\kitpymes.core.entities.tests\bin\debug\net5.0\kitpymes.core.entities.tests.dll" id="701b0f90-2d1b-478f-ba45-907827f11079">
      <Execution id="0de3e5f1-b55e-4136-898f-29868a07ae79" />
      <TestMethod codeBase="D:\SFERRARI\01 - TRABAJO\repos\netcore\libs\template-netcore-entities\Kitpymes.Core.Entities.Tests\bin\Debug\net5.0\Kitpymes.Core.Entities.Tests.dll" adapterTypeName="executor://mstestadapter/v2" className="Kitpymes.Core.Entities.ValueObjects.Tests.MoneyTests" name="ToString_Passing_Valid_Values_Returns_Address_String_Format" />
    </UnitTest>
    <UnitTest name="OperatorEqual_Passing_Valid_Values_Returns_True (Tenant1)" storage="d:\sferrari\01 - trabajo\repos\netcore\libs\template-netcore-entities\kitpymes.core.entities.tests\bin\debug\net5.0\kitpymes.core.entities.tests.dll" id="e8b741f5-76db-4e5f-8d0a-940f013d6c3a">
      <Execution id="3e1002d6-9e2d-48a4-8f67-a39d6c5d67ba" />
      <TestMethod codeBase="D:\SFERRARI\01 - TRABAJO\repos\netcore\libs\template-netcore-entities\Kitpymes.Core.Entities.Tests\bin\Debug\net5.0\Kitpymes.Core.Entities.Tests.dll" adapterTypeName="executor://mstestadapter/v2" className="Kitpymes.Core.Entities.ValueObjects.Tests.TenantNameTests" name="OperatorEqual_Passing_Valid_Values_Returns_True" />
    </UnitTest>
    <UnitTest name="OperatorNotEqual_Passing_Valid_Values_Returns_False (D45,86554654)" storage="d:\sferrari\01 - trabajo\repos\netcore\libs\template-netcore-entities\kitpymes.core.entities.tests\bin\debug\net5.0\kitpymes.core.entities.tests.dll" id="91f9c81b-e2c2-4bf5-a586-b458daa53b6c">
      <Execution id="c6fce9d9-25f4-4334-a941-d5fc415df905" />
      <TestMethod codeBase="D:\SFERRARI\01 - TRABAJO\repos\netcore\libs\template-netcore-entities\Kitpymes.Core.Entities.Tests\bin\Debug\net5.0\Kitpymes.Core.Entities.Tests.dll" adapterTypeName="executor://mstestadapter/v2" className="Kitpymes.Core.Entities.ValueObjects.Tests.TelephoneTests" name="OperatorNotEqual_Passing_Valid_Values_Returns_False" />
    </UnitTest>
    <UnitTest name="ToEnum_Passing_Valid_IntName_Enumeracion_Returns_Enumeracion" storage="d:\sferrari\01 - trabajo\repos\netcore\libs\template-netcore-entities\kitpymes.core.entities.tests\bin\debug\net5.0\kitpymes.core.entities.tests.dll" id="4f9e3e8e-a264-4d48-851f-20a8734e7899">
      <Execution id="26f84b64-5e14-42d7-ac50-fede024c8139" />
      <TestMethod codeBase="D:\SFERRARI\01 - TRABAJO\repos\netcore\libs\template-netcore-entities\Kitpymes.Core.Entities.Tests\bin\Debug\net5.0\Kitpymes.Core.Entities.Tests.dll" adapterTypeName="executor://mstestadapter/v2" className="Kitpymes.Core.Entities.Enumerations.Tests.CardTypeEnumTests" name="ToEnum_Passing_Valid_IntName_Enumeracion_Returns_Enumeracion" />
    </UnitTest>
    <UnitTest name="Create_Passing_Valid_Values_Returns_Name (tenant_A)" storage="d:\sferrari\01 - trabajo\repos\netcore\libs\template-netcore-entities\kitpymes.core.entities.tests\bin\debug\net5.0\kitpymes.core.entities.tests.dll" id="5dcd119f-b0c3-4755-89a5-e9b83dc3c99d">
      <Execution id="d97782bb-a099-4677-9efa-db1943406a2d" />
      <TestMethod codeBase="D:\SFERRARI\01 - TRABAJO\repos\netcore\libs\template-netcore-entities\Kitpymes.Core.Entities.Tests\bin\Debug\net5.0\Kitpymes.Core.Entities.Tests.dll" adapterTypeName="executor://mstestadapter/v2" className="Kitpymes.Core.Entities.ValueObjects.Tests.TenantNameTests" name="Create_Passing_Valid_Values_Returns_Name" />
    </UnitTest>
    <UnitTest name="OperatorNotEqual_Passing_Valid_Values_Returns_True (dasdasd@dsasd.ff)" storage="d:\sferrari\01 - trabajo\repos\netcore\libs\template-netcore-entities\kitpymes.core.entities.tests\bin\debug\net5.0\kitpymes.core.entities.tests.dll" id="fec449ca-18f5-4a74-94b3-3cf91a96c702">
      <Execution id="e0962d58-43fb-42a0-b0cf-59b598df3702" />
      <TestMethod codeBase="D:\SFERRARI\01 - TRABAJO\repos\netcore\libs\template-netcore-entities\Kitpymes.Core.Entities.Tests\bin\Debug\net5.0\Kitpymes.Core.Entities.Tests.dll" adapterTypeName="executor://mstestadapter/v2" className="Kitpymes.Core.Entities.ValueObjects.Tests.EmailTests" name="OperatorNotEqual_Passing_Valid_Values_Returns_True" />
    </UnitTest>
    <UnitTest name="Equals_Passing_Valid_Distinct_Values_Returns_False (San Bartoleme De Tirajana)" storage="d:\sferrari\01 - trabajo\repos\netcore\libs\template-netcore-entities\kitpymes.core.entities.tests\bin\debug\net5.0\kitpymes.core.entities.tests.dll" id="059b039a-d9d8-45f6-98ab-8e858bfc1ff8">
      <Execution id="8ad5be03-9fa6-4729-9960-a12a2453b9a0" />
      <TestMethod codeBase="D:\SFERRARI\01 - TRABAJO\repos\netcore\libs\template-netcore-entities\Kitpymes.Core.Entities.Tests\bin\Debug\net5.0\Kitpymes.Core.Entities.Tests.dll" adapterTypeName="executor://mstestadapter/v2" className="Kitpymes.Core.Entities.ValueObjects.Tests.StringIdTests" name="Equals_Passing_Valid_Distinct_Values_Returns_False" />
    </UnitTest>
    <UnitTest name="ToString_Passing_Valid_Values_Returns_Name (TENANT_A)" storage="d:\sferrari\01 - trabajo\repos\netcore\libs\template-netcore-entities\kitpymes.core.entities.tests\bin\debug\net5.0\kitpymes.core.entities.tests.dll" id="dd119895-9939-4078-94e6-a3727986a8a8">
      <Execution id="c56aafc0-a9c4-4487-a218-c6cb134769ee" />
      <TestMethod codeBase="D:\SFERRARI\01 - TRABAJO\repos\netcore\libs\template-netcore-entities\Kitpymes.Core.Entities.Tests\bin\Debug\net5.0\Kitpymes.Core.Entities.Tests.dll" adapterTypeName="executor://mstestadapter/v2" className="Kitpymes.Core.Entities.ValueObjects.Tests.TenantNameTests" name="ToString_Passing_Valid_Values_Returns_Name" />
    </UnitTest>
    <UnitTest name="OperatorNotEqual_Passing_Valid_Values_Returns_True (Tenant_A)" storage="d:\sferrari\01 - trabajo\repos\netcore\libs\template-netcore-entities\kitpymes.core.entities.tests\bin\debug\net5.0\kitpymes.core.entities.tests.dll" id="34ccf283-9984-40be-887b-ddd2d4d2536b">
      <Execution id="67236d57-effd-4224-8b32-30b022efe4ce" />
      <TestMethod codeBase="D:\SFERRARI\01 - TRABAJO\repos\netcore\libs\template-netcore-entities\Kitpymes.Core.Entities.Tests\bin\Debug\net5.0\Kitpymes.Core.Entities.Tests.dll" adapterTypeName="executor://mstestadapter/v2" className="Kitpymes.Core.Entities.ValueObjects.Tests.TenantNameTests" name="OperatorNotEqual_Passing_Valid_Values_Returns_True" />
    </UnitTest>
    <UnitTest name="OperatorNotEqual_Passing_Valid_Values_Returns_True (TENANT_1)" storage="d:\sferrari\01 - trabajo\repos\netcore\libs\template-netcore-entities\kitpymes.core.entities.tests\bin\debug\net5.0\kitpymes.core.entities.tests.dll" id="5316ed7d-665d-4f14-928a-5c8207f7c1a7">
      <Execution id="3c1129cf-53b9-47ab-bc23-876fbf222bd0" />
      <TestMethod codeBase="D:\SFERRARI\01 - TRABAJO\repos\netcore\libs\template-netcore-entities\Kitpymes.Core.Entities.Tests\bin\Debug\net5.0\Kitpymes.Core.Entities.Tests.dll" adapterTypeName="executor://mstestadapter/v2" className="Kitpymes.Core.Entities.ValueObjects.Tests.TenantNameTests" name="OperatorNotEqual_Passing_Valid_Values_Returns_True" />
    </UnitTest>
    <UnitTest name="Equals_Passing_Valid_Distinct_Values_Returns_False (456,43543543543)" storage="d:\sferrari\01 - trabajo\repos\netcore\libs\template-netcore-entities\kitpymes.core.entities.tests\bin\debug\net5.0\kitpymes.core.entities.tests.dll" id="e6a5be54-0f78-4467-a517-925d77484a67">
      <Execution id="e5e30f46-3f37-4e45-a5e7-4e55b2ed9328" />
      <TestMethod codeBase="D:\SFERRARI\01 - TRABAJO\repos\netcore\libs\template-netcore-entities\Kitpymes.Core.Entities.Tests\bin\Debug\net5.0\Kitpymes.Core.Entities.Tests.dll" adapterTypeName="executor://mstestadapter/v2" className="Kitpymes.Core.Entities.ValueObjects.Tests.TelephoneTests" name="Equals_Passing_Valid_Distinct_Values_Returns_False" />
    </UnitTest>
    <UnitTest name="OperatorEqual_Passing_Valid_Distinct_Values_Returns_False (456,43543543543)" storage="d:\sferrari\01 - trabajo\repos\netcore\libs\template-netcore-entities\kitpymes.core.entities.tests\bin\debug\net5.0\kitpymes.core.entities.tests.dll" id="d15c2298-9667-4a9f-bd0f-19136351acb3">
      <Execution id="13b633e3-3617-4ed3-9881-d4b2c88eeeaa" />
      <TestMethod codeBase="D:\SFERRARI\01 - TRABAJO\repos\netcore\libs\template-netcore-entities\Kitpymes.Core.Entities.Tests\bin\Debug\net5.0\Kitpymes.Core.Entities.Tests.dll" adapterTypeName="executor://mstestadapter/v2" className="Kitpymes.Core.Entities.ValueObjects.Tests.TelephoneTests" name="OperatorEqual_Passing_Valid_Distinct_Values_Returns_False" />
    </UnitTest>
    <UnitTest name="OperatorEqual_Passing_Valid_Values_Returns_True (TENANT_A)" storage="d:\sferrari\01 - trabajo\repos\netcore\libs\template-netcore-entities\kitpymes.core.entities.tests\bin\debug\net5.0\kitpymes.core.entities.tests.dll" id="52ad8896-0f85-4918-99cc-ee14ae201a22">
      <Execution id="2bf2778b-750e-45c7-b7a0-cc83493798d9" />
      <TestMethod codeBase="D:\SFERRARI\01 - TRABAJO\repos\netcore\libs\template-netcore-entities\Kitpymes.Core.Entities.Tests\bin\Debug\net5.0\Kitpymes.Core.Entities.Tests.dll" adapterTypeName="executor://mstestadapter/v2" className="Kitpymes.Core.Entities.ValueObjects.Tests.TenantNameTests" name="OperatorEqual_Passing_Valid_Values_Returns_True" />
    </UnitTest>
    <UnitTest name="OperatorEqual_Passing_Valid_Values_Returns_True (Españá)" storage="d:\sferrari\01 - trabajo\repos\netcore\libs\template-netcore-entities\kitpymes.core.entities.tests\bin\debug\net5.0\kitpymes.core.entities.tests.dll" id="bfd59f83-43e0-41b1-9329-69ff4b673fe8">
      <Execution id="e17ddd42-d73a-435b-9318-cbef94149416" />
      <TestMethod codeBase="D:\SFERRARI\01 - TRABAJO\repos\netcore\libs\template-netcore-entities\Kitpymes.Core.Entities.Tests\bin\Debug\net5.0\Kitpymes.Core.Entities.Tests.dll" adapterTypeName="executor://mstestadapter/v2" className="Kitpymes.Core.Entities.ValueObjects.Tests.NameTests" name="OperatorEqual_Passing_Valid_Values_Returns_True" />
    </UnitTest>
    <UnitTest name="IsInactive_Passing_Nothing_Returns_True" storage="d:\sferrari\01 - trabajo\repos\netcore\libs\template-netcore-entities\kitpymes.core.entities.tests\bin\debug\net5.0\kitpymes.core.entities.tests.dll" id="d95adbf0-6dc8-4fee-b183-a9dc02f2882f">
      <Execution id="76437f69-1f8a-4eb6-8b5a-b1e83d49f7ad" />
      <TestMethod codeBase="D:\SFERRARI\01 - TRABAJO\repos\netcore\libs\template-netcore-entities\Kitpymes.Core.Entities.Tests\bin\Debug\net5.0\Kitpymes.Core.Entities.Tests.dll" adapterTypeName="executor://mstestadapter/v2" className="Kitpymes.Core.Entities.Enumerations.Tests.StatusEnumTests" name="IsInactive_Passing_Nothing_Returns_True" />
    </UnitTest>
    <UnitTest name="OperatorNotEqual_Passing_Valid_Values_Returns_False (Españä)" storage="d:\sferrari\01 - trabajo\repos\netcore\libs\template-netcore-entities\kitpymes.core.entities.tests\bin\debug\net5.0\kitpymes.core.entities.tests.dll" id="bd16f0fe-5eff-45b6-9eca-823f93903d99">
      <Execution id="46ff5c07-1f94-46db-8098-ef84c6d5eb9e" />
      <TestMethod codeBase="D:\SFERRARI\01 - TRABAJO\repos\netcore\libs\template-netcore-entities\Kitpymes.Core.Entities.Tests\bin\Debug\net5.0\Kitpymes.Core.Entities.Tests.dll" adapterTypeName="executor://mstestadapter/v2" className="Kitpymes.Core.Entities.ValueObjects.Tests.NameTests" name="OperatorNotEqual_Passing_Valid_Values_Returns_False" />
    </UnitTest>
    <UnitTest name="OperatorEqual_Passing_Valid_Distinct_Values_Returns_False (San Bartoleme De Tirajana,Las Palmas,España)" storage="d:\sferrari\01 - trabajo\repos\netcore\libs\template-netcore-entities\kitpymes.core.entities.tests\bin\debug\net5.0\kitpymes.core.entities.tests.dll" id="81176e33-aedd-4aec-9c6e-4574db652df7">
      <Execution id="4f0350d3-939c-4168-95f7-d9651def5aa7" />
      <TestMethod codeBase="D:\SFERRARI\01 - TRABAJO\repos\netcore\libs\template-netcore-entities\Kitpymes.Core.Entities.Tests\bin\Debug\net5.0\Kitpymes.Core.Entities.Tests.dll" adapterTypeName="executor://mstestadapter/v2" className="Kitpymes.Core.Entities.ValueObjects.Tests.FullNameTests" name="OperatorEqual_Passing_Valid_Distinct_Values_Returns_False" />
    </UnitTest>
    <UnitTest name="OperatorEqual_Passing_Valid_Values_Returns_True (dasdasd@dsasd.ff)" storage="d:\sferrari\01 - trabajo\repos\netcore\libs\template-netcore-entities\kitpymes.core.entities.tests\bin\debug\net5.0\kitpymes.core.entities.tests.dll" id="ae83b998-6e25-45af-9de0-dc07257462a1">
      <Execution id="1200e558-2a74-407f-9958-98cc9b0e3933" />
      <TestMethod codeBase="D:\SFERRARI\01 - TRABAJO\repos\netcore\libs\template-netcore-entities\Kitpymes.Core.Entities.Tests\bin\Debug\net5.0\Kitpymes.Core.Entities.Tests.dll" adapterTypeName="executor://mstestadapter/v2" className="Kitpymes.Core.Entities.ValueObjects.Tests.EmailTests" name="OperatorEqual_Passing_Valid_Values_Returns_True" />
    </UnitTest>
    <UnitTest name="Equals_Passing_Valid_Distinct_Values_Returns_False (tenant_1)" storage="d:\sferrari\01 - trabajo\repos\netcore\libs\template-netcore-entities\kitpymes.core.entities.tests\bin\debug\net5.0\kitpymes.core.entities.tests.dll" id="5abf3936-4ce7-497b-9541-8d2eec3e31f5">
      <Execution id="1ea58bbd-5831-4671-a9be-703a02afb916" />
      <TestMethod codeBase="D:\SFERRARI\01 - TRABAJO\repos\netcore\libs\template-netcore-entities\Kitpymes.Core.Entities.Tests\bin\Debug\net5.0\Kitpymes.Core.Entities.Tests.dll" adapterTypeName="executor://mstestadapter/v2" className="Kitpymes.Core.Entities.ValueObjects.Tests.TenantNameTests" name="Equals_Passing_Valid_Distinct_Values_Returns_False" />
    </UnitTest>
    <UnitTest name="OperatorEqual_Passing_Valid_Values_Returns_True (TENANT_1)" storage="d:\sferrari\01 - trabajo\repos\netcore\libs\template-netcore-entities\kitpymes.core.entities.tests\bin\debug\net5.0\kitpymes.core.entities.tests.dll" id="17c08cad-c141-45d6-b94f-03837d7be98f">
      <Execution id="437adbb4-4526-4780-8113-080eb95158fd" />
      <TestMethod codeBase="D:\SFERRARI\01 - TRABAJO\repos\netcore\libs\template-netcore-entities\Kitpymes.Core.Entities.Tests\bin\Debug\net5.0\Kitpymes.Core.Entities.Tests.dll" adapterTypeName="executor://mstestadapter/v2" className="Kitpymes.Core.Entities.ValueObjects.Tests.TenantNameTests" name="OperatorEqual_Passing_Valid_Values_Returns_True" />
    </UnitTest>
    <UnitTest name="IsNull_Passing_Valid_Value_Returns_False (tenant_A)" storage="d:\sferrari\01 - trabajo\repos\netcore\libs\template-netcore-entities\kitpymes.core.entities.tests\bin\debug\net5.0\kitpymes.core.entities.tests.dll" id="cf275656-f58a-44fd-84bd-7c2fdcd0965a">
      <Execution id="fa35ab38-54a4-4fe2-9afe-7884b6d8a087" />
      <TestMethod codeBase="D:\SFERRARI\01 - TRABAJO\repos\netcore\libs\template-netcore-entities\Kitpymes.Core.Entities.Tests\bin\Debug\net5.0\Kitpymes.Core.Entities.Tests.dll" adapterTypeName="executor://mstestadapter/v2" className="Kitpymes.Core.Entities.ValueObjects.Tests.TenantNameTests" name="IsNull_Passing_Valid_Value_Returns_False" />
    </UnitTest>
    <UnitTest name="ToEnum_Passing_Valid_IntName_Enumeracion_Returns_Enumeracion" storage="d:\sferrari\01 - trabajo\repos\netcore\libs\template-netcore-entities\kitpymes.core.entities.tests\bin\debug\net5.0\kitpymes.core.entities.tests.dll" id="90b117ec-d323-4dc2-b6d7-bc58d3465cd6">
      <Execution id="b83c7763-980e-49fc-aaa9-46158b915753" />
      <TestMethod codeBase="D:\SFERRARI\01 - TRABAJO\repos\netcore\libs\template-netcore-entities\Kitpymes.Core.Entities.Tests\bin\Debug\net5.0\Kitpymes.Core.Entities.Tests.dll" adapterTypeName="executor://mstestadapter/v2" className="Kitpymes.Core.Entities.Enumerations.Tests.LogTypeEnumTests" name="ToEnum_Passing_Valid_IntName_Enumeracion_Returns_Enumeracion" />
    </UnitTest>
    <UnitTest name="ToEnum_Passing_Invalid_String_Name_Enumeracion_Returns_Null" storage="d:\sferrari\01 - trabajo\repos\netcore\libs\template-netcore-entities\kitpymes.core.entities.tests\bin\debug\net5.0\kitpymes.core.entities.tests.dll" id="f1152453-0a3f-4694-a0d2-fa9a5967a5f0">
      <Execution id="7d660b98-3aff-4644-9c71-f99ccdf7edfc" />
      <TestMethod codeBase="D:\SFERRARI\01 - TRABAJO\repos\netcore\libs\template-netcore-entities\Kitpymes.Core.Entities.Tests\bin\Debug\net5.0\Kitpymes.Core.Entities.Tests.dll" adapterTypeName="executor://mstestadapter/v2" className="Kitpymes.Core.Entities.Enumerations.Tests.LogTypeEnumTests" name="ToEnum_Passing_Invalid_String_Name_Enumeracion_Returns_Null" />
    </UnitTest>
    <UnitTest name="IsGold_Passing_Nothing_Returns_True" storage="d:\sferrari\01 - trabajo\repos\netcore\libs\template-netcore-entities\kitpymes.core.entities.tests\bin\debug\net5.0\kitpymes.core.entities.tests.dll" id="43c18a41-ff03-4681-b189-d58a90ff4fad">
      <Execution id="d2ecb4df-fe07-446c-969e-41f8616da904" />
      <TestMethod codeBase="D:\SFERRARI\01 - TRABAJO\repos\netcore\libs\template-netcore-entities\Kitpymes.Core.Entities.Tests\bin\Debug\net5.0\Kitpymes.Core.Entities.Tests.dll" adapterTypeName="executor://mstestadapter/v2" className="Kitpymes.Core.Entities.Enumerations.Tests.SubscriptionEnumTests" name="IsGold_Passing_Nothing_Returns_True" />
    </UnitTest>
    <UnitTest name="Create_Passing_Valid_Values_Returns_Name (TENANTA)" storage="d:\sferrari\01 - trabajo\repos\netcore\libs\template-netcore-entities\kitpymes.core.entities.tests\bin\debug\net5.0\kitpymes.core.entities.tests.dll" id="1579c289-0737-4980-bc35-514454203c68">
      <Execution id="139983b6-2621-464e-ae6c-20684971b2b3" />
      <TestMethod codeBase="D:\SFERRARI\01 - TRABAJO\repos\netcore\libs\template-netcore-entities\Kitpymes.Core.Entities.Tests\bin\Debug\net5.0\Kitpymes.Core.Entities.Tests.dll" adapterTypeName="executor://mstestadapter/v2" className="Kitpymes.Core.Entities.ValueObjects.Tests.TenantNameTests" name="Create_Passing_Valid_Values_Returns_Name" />
    </UnitTest>
    <UnitTest name="OperatorNotEqual_Passing_Valid_Values_Returns_True (Españá)" storage="d:\sferrari\01 - trabajo\repos\netcore\libs\template-netcore-entities\kitpymes.core.entities.tests\bin\debug\net5.0\kitpymes.core.entities.tests.dll" id="9527d134-e45c-4b29-bdef-1a5cfd25f880">
      <Execution id="0decdb85-5dd9-4fef-84e7-aad43528a44b" />
      <TestMethod codeBase="D:\SFERRARI\01 - TRABAJO\repos\netcore\libs\template-netcore-entities\Kitpymes.Core.Entities.Tests\bin\Debug\net5.0\Kitpymes.Core.Entities.Tests.dll" adapterTypeName="executor://mstestadapter/v2" className="Kitpymes.Core.Entities.ValueObjects.Tests.NameTests" name="OperatorNotEqual_Passing_Valid_Values_Returns_True" />
    </UnitTest>
    <UnitTest name="IsNull_Passing_Valid_Values_Returns_False (Sabadell,Barcelona,España)" storage="d:\sferrari\01 - trabajo\repos\netcore\libs\template-netcore-entities\kitpymes.core.entities.tests\bin\debug\net5.0\kitpymes.core.entities.tests.dll" id="c9bca6a1-fe0f-4ec6-a793-77cc5909d4af">
      <Execution id="3705901b-5f0e-4128-9fb2-5323a1928791" />
      <TestMethod codeBase="D:\SFERRARI\01 - TRABAJO\repos\netcore\libs\template-netcore-entities\Kitpymes.Core.Entities.Tests\bin\Debug\net5.0\Kitpymes.Core.Entities.Tests.dll" adapterTypeName="executor://mstestadapter/v2" className="Kitpymes.Core.Entities.ValueObjects.Tests.FullNameTests" name="IsNull_Passing_Valid_Values_Returns_False" />
    </UnitTest>
    <UnitTest name="OperatorEqual_Passing_Valid_Distinct_Values_Returns_False (Españà)" storage="d:\sferrari\01 - trabajo\repos\netcore\libs\template-netcore-entities\kitpymes.core.entities.tests\bin\debug\net5.0\kitpymes.core.entities.tests.dll" id="57cc0dca-c436-4a76-9b19-e74d14bd2119">
      <Execution id="cb8b9d89-d601-4330-9ac7-f9baec68c8de" />
      <TestMethod codeBase="D:\SFERRARI\01 - TRABAJO\repos\netcore\libs\template-netcore-entities\Kitpymes.Core.Entities.Tests\bin\Debug\net5.0\Kitpymes.Core.Entities.Tests.dll" adapterTypeName="executor://mstestadapter/v2" className="Kitpymes.Core.Entities.ValueObjects.Tests.NameTests" name="OperatorEqual_Passing_Valid_Distinct_Values_Returns_False" />
    </UnitTest>
    <UnitTest name="OperatorNotEqual_Passing_Valid_Values_Returns_True (www.hackerone-com)" storage="d:\sferrari\01 - trabajo\repos\netcore\libs\template-netcore-entities\kitpymes.core.entities.tests\bin\debug\net5.0\kitpymes.core.entities.tests.dll" id="8b293baf-2d2c-4ddc-86d1-6df69869079b">
      <Execution id="09361cff-be84-4760-a2b0-f0a00188c7ec" />
      <TestMethod codeBase="D:\SFERRARI\01 - TRABAJO\repos\netcore\libs\template-netcore-entities\Kitpymes.Core.Entities.Tests\bin\Debug\net5.0\Kitpymes.Core.Entities.Tests.dll" adapterTypeName="executor://mstestadapter/v2" className="Kitpymes.Core.Entities.ValueObjects.Tests.SubdomainTests" name="OperatorNotEqual_Passing_Valid_Values_Returns_True" />
    </UnitTest>
    <UnitTest name="ToString_Passing_Valid_Values_Returns_Currency_String_Symbol (USD)" storage="d:\sferrari\01 - trabajo\repos\netcore\libs\template-netcore-entities\kitpymes.core.entities.tests\bin\debug\net5.0\kitpymes.core.entities.tests.dll" id="ff7e4ca1-3df9-4dda-9210-31860cd2591f">
      <Execution id="7339f22a-53e1-4ab4-9bdc-a1b40525f9e1" />
      <TestMethod codeBase="D:\SFERRARI\01 - TRABAJO\repos\netcore\libs\template-netcore-entities\Kitpymes.Core.Entities.Tests\bin\Debug\net5.0\Kitpymes.Core.Entities.Tests.dll" adapterTypeName="executor://mstestadapter/v2" className="Kitpymes.Core.Entities.ValueObjects.Tests.CurrencyTests" name="ToString_Passing_Valid_Values_Returns_Currency_String_Symbol" />
    </UnitTest>
    <UnitTest name="OperatorNotEqual_Passing_Valid_Values_Returns_True (Españâ)" storage="d:\sferrari\01 - trabajo\repos\netcore\libs\template-netcore-entities\kitpymes.core.entities.tests\bin\debug\net5.0\kitpymes.core.entities.tests.dll" id="c154cf35-73c8-4a5d-87c5-155c157b81fd">
      <Execution id="0fc747f5-527c-48c1-a62f-9d3bcdbddd64" />
      <TestMethod codeBase="D:\SFERRARI\01 - TRABAJO\repos\netcore\libs\template-netcore-entities\Kitpymes.Core.Entities.Tests\bin\Debug\net5.0\Kitpymes.Core.Entities.Tests.dll" adapterTypeName="executor://mstestadapter/v2" className="Kitpymes.Core.Entities.ValueObjects.Tests.NameTests" name="OperatorNotEqual_Passing_Valid_Values_Returns_True" />
    </UnitTest>
    <UnitTest name="ToNormalize_Passing_Valid_Values_Returns_Name_String_Format (Españä,Espana)" storage="d:\sferrari\01 - trabajo\repos\netcore\libs\template-netcore-entities\kitpymes.core.entities.tests\bin\debug\net5.0\kitpymes.core.entities.tests.dll" id="78db80c2-5870-43db-aaa8-13fe571ffc6c">
      <Execution id="ba913c04-0c30-4055-9d4f-9930d20354f7" />
      <TestMethod codeBase="D:\SFERRARI\01 - TRABAJO\repos\netcore\libs\template-netcore-entities\Kitpymes.Core.Entities.Tests\bin\Debug\net5.0\Kitpymes.Core.Entities.Tests.dll" adapterTypeName="executor://mstestadapter/v2" className="Kitpymes.Core.Entities.ValueObjects.Tests.NameTests" name="ToNormalize_Passing_Valid_Values_Returns_Name_String_Format" />
    </UnitTest>
    <UnitTest name="Equals_Passing_Valid_Values_Returns_True (400,USD,8)" storage="d:\sferrari\01 - trabajo\repos\netcore\libs\template-netcore-entities\kitpymes.core.entities.tests\bin\debug\net5.0\kitpymes.core.entities.tests.dll" id="f38c1a70-692a-4db7-b2b2-26feba2ca09d">
      <Execution id="1898537d-2fb4-4f39-9d2e-9fd58b350807" />
      <TestMethod codeBase="D:\SFERRARI\01 - TRABAJO\repos\netcore\libs\template-netcore-entities\Kitpymes.Core.Entities.Tests\bin\Debug\net5.0\Kitpymes.Core.Entities.Tests.dll" adapterTypeName="executor://mstestadapter/v2" className="Kitpymes.Core.Entities.ValueObjects.Tests.MoneyTests" name="Equals_Passing_Valid_Values_Returns_True" />
    </UnitTest>
    <UnitTest name="Equals_Passing_Valid_Distinct_Values_Returns_False (Españâ)" storage="d:\sferrari\01 - trabajo\repos\netcore\libs\template-netcore-entities\kitpymes.core.entities.tests\bin\debug\net5.0\kitpymes.core.entities.tests.dll" id="9c66afe8-8a60-413d-b6fa-742ba94168c2">
      <Execution id="ef2fac39-6962-4133-a0aa-4d0bc2650953" />
      <TestMethod codeBase="D:\SFERRARI\01 - TRABAJO\repos\netcore\libs\template-netcore-entities\Kitpymes.Core.Entities.Tests\bin\Debug\net5.0\Kitpymes.Core.Entities.Tests.dll" adapterTypeName="executor://mstestadapter/v2" className="Kitpymes.Core.Entities.ValueObjects.Tests.NameTests" name="Equals_Passing_Valid_Distinct_Values_Returns_False" />
    </UnitTest>
    <UnitTest name="Equals_Passing_Valid_Values_Returns_True (San Bartoleme De Tirajana)" storage="d:\sferrari\01 - trabajo\repos\netcore\libs\template-netcore-entities\kitpymes.core.entities.tests\bin\debug\net5.0\kitpymes.core.entities.tests.dll" id="bc7e2345-2d7e-4398-a45a-7b4c90f2e9a3">
      <Execution id="4c776480-5b1a-4002-8c1d-4d377703c4e9" />
      <TestMethod codeBase="D:\SFERRARI\01 - TRABAJO\repos\netcore\libs\template-netcore-entities\Kitpymes.Core.Entities.Tests\bin\Debug\net5.0\Kitpymes.Core.Entities.Tests.dll" adapterTypeName="executor://mstestadapter/v2" className="Kitpymes.Core.Entities.ValueObjects.Tests.StringIdTests" name="Equals_Passing_Valid_Values_Returns_True" />
    </UnitTest>
    <UnitTest name="OperatorNotEqual_Passing_Valid_Values_Returns_False (Españá)" storage="d:\sferrari\01 - trabajo\repos\netcore\libs\template-netcore-entities\kitpymes.core.entities.tests\bin\debug\net5.0\kitpymes.core.entities.tests.dll" id="825fe866-279d-477c-81e7-3537478b63c8">
      <Execution id="f34da73d-80b2-4823-9918-7950b27be49e" />
      <TestMethod codeBase="D:\SFERRARI\01 - TRABAJO\repos\netcore\libs\template-netcore-entities\Kitpymes.Core.Entities.Tests\bin\Debug\net5.0\Kitpymes.Core.Entities.Tests.dll" adapterTypeName="executor://mstestadapter/v2" className="Kitpymes.Core.Entities.ValueObjects.Tests.NameTests" name="OperatorNotEqual_Passing_Valid_Values_Returns_False" />
    </UnitTest>
    <UnitTest name="IsNull_Passing_Valid_Address_Returns_False (Pader,789,DF7956,Sabadell,Barcelona,España)" storage="d:\sferrari\01 - trabajo\repos\netcore\libs\template-netcore-entities\kitpymes.core.entities.tests\bin\debug\net5.0\kitpymes.core.entities.tests.dll" id="29c73fbc-4c0e-4c0b-9d07-bd7ddd58378a">
      <Execution id="2d511dcb-b6b4-4708-bd44-7cedc2e38c76" />
      <TestMethod codeBase="D:\SFERRARI\01 - TRABAJO\repos\netcore\libs\template-netcore-entities\Kitpymes.Core.Entities.Tests\bin\Debug\net5.0\Kitpymes.Core.Entities.Tests.dll" adapterTypeName="executor://mstestadapter/v2" className="Kitpymes.Core.Entities.ValueObjects.Tests.AddressTests" name="IsNull_Passing_Valid_Address_Returns_False" />
    </UnitTest>
    <UnitTest name="Equals_Passing_Valid_Values_Returns_True (Sabadell)" storage="d:\sferrari\01 - trabajo\repos\netcore\libs\template-netcore-entities\kitpymes.core.entities.tests\bin\debug\net5.0\kitpymes.core.entities.tests.dll" id="51af2260-2e2c-4122-b376-5bc3e3b3744b">
      <Execution id="1b7da2fc-5a20-4b51-9911-cdce304ab3de" />
      <TestMethod codeBase="D:\SFERRARI\01 - TRABAJO\repos\netcore\libs\template-netcore-entities\Kitpymes.Core.Entities.Tests\bin\Debug\net5.0\Kitpymes.Core.Entities.Tests.dll" adapterTypeName="executor://mstestadapter/v2" className="Kitpymes.Core.Entities.ValueObjects.Tests.StringIdTests" name="Equals_Passing_Valid_Values_Returns_True" />
    </UnitTest>
    <UnitTest name="Create_Passing_Valid_Values_Returns_Subdomain (www.hackerone1-com)" storage="d:\sferrari\01 - trabajo\repos\netcore\libs\template-netcore-entities\kitpymes.core.entities.tests\bin\debug\net5.0\kitpymes.core.entities.tests.dll" id="a3e2e4ed-f884-4022-87dd-e8d6f5b18d59">
      <Execution id="49865007-9c5f-49ca-9cdd-00aaab3bd6f3" />
      <TestMethod codeBase="D:\SFERRARI\01 - TRABAJO\repos\netcore\libs\template-netcore-entities\Kitpymes.Core.Entities.Tests\bin\Debug\net5.0\Kitpymes.Core.Entities.Tests.dll" adapterTypeName="executor://mstestadapter/v2" className="Kitpymes.Core.Entities.ValueObjects.Tests.SubdomainTests" name="Create_Passing_Valid_Values_Returns_Subdomain" />
    </UnitTest>
    <UnitTest name="Equals_Passing_Valid_Values_Returns_True (TENANT_A)" storage="d:\sferrari\01 - trabajo\repos\netcore\libs\template-netcore-entities\kitpymes.core.entities.tests\bin\debug\net5.0\kitpymes.core.entities.tests.dll" id="6d5978b9-0ac1-445e-8da0-0ee298485ee8">
      <Execution id="2af7ef67-dfa2-4304-865c-b68f9a1ad6c9" />
      <TestMethod codeBase="D:\SFERRARI\01 - TRABAJO\repos\netcore\libs\template-netcore-entities\Kitpymes.Core.Entities.Tests\bin\Debug\net5.0\Kitpymes.Core.Entities.Tests.dll" adapterTypeName="executor://mstestadapter/v2" className="Kitpymes.Core.Entities.ValueObjects.Tests.TenantNameTests" name="Equals_Passing_Valid_Values_Returns_True" />
    </UnitTest>
    <UnitTest name="OperatorEqual_Passing_Valid_Values_Returns_True (Tenant_1)" storage="d:\sferrari\01 - trabajo\repos\netcore\libs\template-netcore-entities\kitpymes.core.entities.tests\bin\debug\net5.0\kitpymes.core.entities.tests.dll" id="678b6e16-af42-4aa2-a01b-3742fa310788">
      <Execution id="6805f534-a39a-408d-8153-026a6d80367c" />
      <TestMethod codeBase="D:\SFERRARI\01 - TRABAJO\repos\netcore\libs\template-netcore-entities\Kitpymes.Core.Entities.Tests\bin\Debug\net5.0\Kitpymes.Core.Entities.Tests.dll" adapterTypeName="executor://mstestadapter/v2" className="Kitpymes.Core.Entities.ValueObjects.Tests.TenantNameTests" name="OperatorEqual_Passing_Valid_Values_Returns_True" />
    </UnitTest>
    <UnitTest name="IsNull_Passing_Null_Value_Returns_True" storage="d:\sferrari\01 - trabajo\repos\netcore\libs\template-netcore-entities\kitpymes.core.entities.tests\bin\debug\net5.0\kitpymes.core.entities.tests.dll" id="f37d8f7d-af11-4cbb-9f4d-7a34e4dbb920">
      <Execution id="993f499f-665b-4de5-b066-90c22df94260" />
      <TestMethod codeBase="D:\SFERRARI\01 - TRABAJO\repos\netcore\libs\template-netcore-entities\Kitpymes.Core.Entities.Tests\bin\Debug\net5.0\Kitpymes.Core.Entities.Tests.dll" adapterTypeName="executor://mstestadapter/v2" className="Kitpymes.Core.Entities.ValueObjects.Tests.NameTests" name="IsNull_Passing_Null_Value_Returns_True" />
    </UnitTest>
    <UnitTest name="Equals_Passing_Valid_Values_Returns_True (EUR)" storage="d:\sferrari\01 - trabajo\repos\netcore\libs\template-netcore-entities\kitpymes.core.entities.tests\bin\debug\net5.0\kitpymes.core.entities.tests.dll" id="7807661b-e365-4356-924c-b6f1c5ba2519">
      <Execution id="b15ed299-2384-4caa-a685-d109d65b3858" />
      <TestMethod codeBase="D:\SFERRARI\01 - TRABAJO\repos\netcore\libs\template-netcore-entities\Kitpymes.Core.Entities.Tests\bin\Debug\net5.0\Kitpymes.Core.Entities.Tests.dll" adapterTypeName="executor://mstestadapter/v2" className="Kitpymes.Core.Entities.ValueObjects.Tests.CurrencyTests" name="Equals_Passing_Valid_Values_Returns_True" />
    </UnitTest>
    <UnitTest name="OperatorNotEqual_Passing_Valid_Values_Returns_True (España)" storage="d:\sferrari\01 - trabajo\repos\netcore\libs\template-netcore-entities\kitpymes.core.entities.tests\bin\debug\net5.0\kitpymes.core.entities.tests.dll" id="1bd483dc-64af-4524-a552-db56f9295176">
      <Execution id="a08d3826-9ff4-4ad5-a070-11dd4f75db86" />
      <TestMethod codeBase="D:\SFERRARI\01 - TRABAJO\repos\netcore\libs\template-netcore-entities\Kitpymes.Core.Entities.Tests\bin\Debug\net5.0\Kitpymes.Core.Entities.Tests.dll" adapterTypeName="executor://mstestadapter/v2" className="Kitpymes.Core.Entities.ValueObjects.Tests.NameTests" name="OperatorNotEqual_Passing_Valid_Values_Returns_True" />
    </UnitTest>
    <UnitTest name="Equals_Passing_Valid_Values_Returns_True (TENANT1)" storage="d:\sferrari\01 - trabajo\repos\netcore\libs\template-netcore-entities\kitpymes.core.entities.tests\bin\debug\net5.0\kitpymes.core.entities.tests.dll" id="cc2d496d-85e6-4792-9c73-704f3c165652">
      <Execution id="77dc8cbe-6855-4972-9dab-4edfffbfa21f" />
      <TestMethod codeBase="D:\SFERRARI\01 - TRABAJO\repos\netcore\libs\template-netcore-entities\Kitpymes.Core.Entities.Tests\bin\Debug\net5.0\Kitpymes.Core.Entities.Tests.dll" adapterTypeName="executor://mstestadapter/v2" className="Kitpymes.Core.Entities.ValueObjects.Tests.TenantNameTests" name="Equals_Passing_Valid_Values_Returns_True" />
    </UnitTest>
    <UnitTest name="Equals_Passing_Valid_Distinct_Values_Returns_False (Tenant_A)" storage="d:\sferrari\01 - trabajo\repos\netcore\libs\template-netcore-entities\kitpymes.core.entities.tests\bin\debug\net5.0\kitpymes.core.entities.tests.dll" id="f7fe9a0b-a4d9-4c0c-ade0-d7eef883f698">
      <Execution id="73f9f1fb-c026-4fe8-bb04-216bb2bf466f" />
      <TestMethod codeBase="D:\SFERRARI\01 - TRABAJO\repos\netcore\libs\template-netcore-entities\Kitpymes.Core.Entities.Tests\bin\Debug\net5.0\Kitpymes.Core.Entities.Tests.dll" adapterTypeName="executor://mstestadapter/v2" className="Kitpymes.Core.Entities.ValueObjects.Tests.TenantNameTests" name="Equals_Passing_Valid_Distinct_Values_Returns_False" />
    </UnitTest>
    <UnitTest name="OperatorEqual_Passing_Valid_Distinct_Values_Returns_False (dasdasd@dsasd.ff)" storage="d:\sferrari\01 - trabajo\repos\netcore\libs\template-netcore-entities\kitpymes.core.entities.tests\bin\debug\net5.0\kitpymes.core.entities.tests.dll" id="584d2fba-50f2-4a13-8456-bca2b367d2d2">
      <Execution id="904d5866-8687-4e7d-b25c-95db5eacf03f" />
      <TestMethod codeBase="D:\SFERRARI\01 - TRABAJO\repos\netcore\libs\template-netcore-entities\Kitpymes.Core.Entities.Tests\bin\Debug\net5.0\Kitpymes.Core.Entities.Tests.dll" adapterTypeName="executor://mstestadapter/v2" className="Kitpymes.Core.Entities.ValueObjects.Tests.EmailTests" name="OperatorEqual_Passing_Valid_Distinct_Values_Returns_False" />
    </UnitTest>
    <UnitTest name="Create_Passing_Valid_Values_Returns_Name (Españá)" storage="d:\sferrari\01 - trabajo\repos\netcore\libs\template-netcore-entities\kitpymes.core.entities.tests\bin\debug\net5.0\kitpymes.core.entities.tests.dll" id="31b05359-b6e7-473f-8845-edf154b76f6d">
      <Execution id="e5932e35-a363-4bc1-ac6d-21052b9f5755" />
      <TestMethod codeBase="D:\SFERRARI\01 - TRABAJO\repos\netcore\libs\template-netcore-entities\Kitpymes.Core.Entities.Tests\bin\Debug\net5.0\Kitpymes.Core.Entities.Tests.dll" adapterTypeName="executor://mstestadapter/v2" className="Kitpymes.Core.Entities.ValueObjects.Tests.NameTests" name="Create_Passing_Valid_Values_Returns_Name" />
    </UnitTest>
    <UnitTest name="OperatorNotEqual_Passing_Valid_Values_Returns_True (Sabadell)" storage="d:\sferrari\01 - trabajo\repos\netcore\libs\template-netcore-entities\kitpymes.core.entities.tests\bin\debug\net5.0\kitpymes.core.entities.tests.dll" id="605f1c47-a32f-4e2a-8af9-74b81d618a51">
      <Execution id="bc7ca390-7b2a-4a94-886a-c39dc95b8229" />
      <TestMethod codeBase="D:\SFERRARI\01 - TRABAJO\repos\netcore\libs\template-netcore-entities\Kitpymes.Core.Entities.Tests\bin\Debug\net5.0\Kitpymes.Core.Entities.Tests.dll" adapterTypeName="executor://mstestadapter/v2" className="Kitpymes.Core.Entities.ValueObjects.Tests.StringIdTests" name="OperatorNotEqual_Passing_Valid_Values_Returns_True" />
    </UnitTest>
    <UnitTest name="OperatorNotEqual_Passing_Valid_Values_Returns_True (D45,86554654)" storage="d:\sferrari\01 - trabajo\repos\netcore\libs\template-netcore-entities\kitpymes.core.entities.tests\bin\debug\net5.0\kitpymes.core.entities.tests.dll" id="5743e86c-00af-4a86-b409-0158264f5c95">
      <Execution id="8a196aaa-15c9-43ba-b96a-06746dfbe6eb" />
      <TestMethod codeBase="D:\SFERRARI\01 - TRABAJO\repos\netcore\libs\template-netcore-entities\Kitpymes.Core.Entities.Tests\bin\Debug\net5.0\Kitpymes.Core.Entities.Tests.dll" adapterTypeName="executor://mstestadapter/v2" className="Kitpymes.Core.Entities.ValueObjects.Tests.TelephoneTests" name="OperatorNotEqual_Passing_Valid_Values_Returns_True" />
    </UnitTest>
    <UnitTest name="OperatorEqual_Passing_Valid_Distinct_Values_Returns_False (tenant1)" storage="d:\sferrari\01 - trabajo\repos\netcore\libs\template-netcore-entities\kitpymes.core.entities.tests\bin\debug\net5.0\kitpymes.core.entities.tests.dll" id="77fb89bd-576d-46a8-af50-73297403bf37">
      <Execution id="dee7de7d-a705-4c9c-a564-d96f7d443d03" />
      <TestMethod codeBase="D:\SFERRARI\01 - TRABAJO\repos\netcore\libs\template-netcore-entities\Kitpymes.Core.Entities.Tests\bin\Debug\net5.0\Kitpymes.Core.Entities.Tests.dll" adapterTypeName="executor://mstestadapter/v2" className="Kitpymes.Core.Entities.ValueObjects.Tests.TenantNameTests" name="OperatorEqual_Passing_Valid_Distinct_Values_Returns_False" />
    </UnitTest>
    <UnitTest name="IsMasterCard_Passing_Nothing_Returns_True" storage="d:\sferrari\01 - trabajo\repos\netcore\libs\template-netcore-entities\kitpymes.core.entities.tests\bin\debug\net5.0\kitpymes.core.entities.tests.dll" id="9e1b7bbc-3c26-42a9-ba79-15019633c41f">
      <Execution id="300e84d1-ecf1-4e3a-ac07-505e062fb32e" />
      <TestMethod codeBase="D:\SFERRARI\01 - TRABAJO\repos\netcore\libs\template-netcore-entities\Kitpymes.Core.Entities.Tests\bin\Debug\net5.0\Kitpymes.Core.Entities.Tests.dll" adapterTypeName="executor://mstestadapter/v2" className="Kitpymes.Core.Entities.Enumerations.Tests.CardTypeEnumTests" name="IsMasterCard_Passing_Nothing_Returns_True" />
    </UnitTest>
    <UnitTest name="ToString_Passing_Valid_Values_Returns_Name (Esp añâ)" storage="d:\sferrari\01 - trabajo\repos\netcore\libs\template-netcore-entities\kitpymes.core.entities.tests\bin\debug\net5.0\kitpymes.core.entities.tests.dll" id="44990457-bd14-4723-83f6-3709c3eb45e9">
      <Execution id="e398a529-cf46-421b-9d49-49d278ad1c49" />
      <TestMethod codeBase="D:\SFERRARI\01 - TRABAJO\repos\netcore\libs\template-netcore-entities\Kitpymes.Core.Entities.Tests\bin\Debug\net5.0\Kitpymes.Core.Entities.Tests.dll" adapterTypeName="executor://mstestadapter/v2" className="Kitpymes.Core.Entities.ValueObjects.Tests.NameTests" name="ToString_Passing_Valid_Values_Returns_Name" />
    </UnitTest>
    <UnitTest name="OperatorEqual_Passing_Valid_Distinct_Values_Returns_False (www.hackerone-com)" storage="d:\sferrari\01 - trabajo\repos\netcore\libs\template-netcore-entities\kitpymes.core.entities.tests\bin\debug\net5.0\kitpymes.core.entities.tests.dll" id="87146429-17ee-4f52-8809-33a495f2de00">
      <Execution id="af92b5c4-fec5-435d-a282-9e4691a55517" />
      <TestMethod codeBase="D:\SFERRARI\01 - TRABAJO\repos\netcore\libs\template-netcore-entities\Kitpymes.Core.Entities.Tests\bin\Debug\net5.0\Kitpymes.Core.Entities.Tests.dll" adapterTypeName="executor://mstestadapter/v2" className="Kitpymes.Core.Entities.ValueObjects.Tests.SubdomainTests" name="OperatorEqual_Passing_Valid_Distinct_Values_Returns_False" />
    </UnitTest>
    <UnitTest name="Equals_Passing_Valid_Values_Returns_True (456,43543543543)" storage="d:\sferrari\01 - trabajo\repos\netcore\libs\template-netcore-entities\kitpymes.core.entities.tests\bin\debug\net5.0\kitpymes.core.entities.tests.dll" id="2cb6087f-4dc0-42b5-83eb-0c9a6fb18982">
      <Execution id="94f5885f-a67d-4393-872e-671bdae59068" />
      <TestMethod codeBase="D:\SFERRARI\01 - TRABAJO\repos\netcore\libs\template-netcore-entities\Kitpymes.Core.Entities.Tests\bin\Debug\net5.0\Kitpymes.Core.Entities.Tests.dll" adapterTypeName="executor://mstestadapter/v2" className="Kitpymes.Core.Entities.ValueObjects.Tests.TelephoneTests" name="Equals_Passing_Valid_Values_Returns_True" />
    </UnitTest>
    <UnitTest name="Create_Passing_Valid_Values_Returns_Address (100,EUR,2)" storage="d:\sferrari\01 - trabajo\repos\netcore\libs\template-netcore-entities\kitpymes.core.entities.tests\bin\debug\net5.0\kitpymes.core.entities.tests.dll" id="442ad715-629d-482c-aa28-29d9cf9573ca">
      <Execution id="47ac0da3-11e5-4753-b3d5-4b84b4ab99d3" />
      <TestMethod codeBase="D:\SFERRARI\01 - TRABAJO\repos\netcore\libs\template-netcore-entities\Kitpymes.Core.Entities.Tests\bin\Debug\net5.0\Kitpymes.Core.Entities.Tests.dll" adapterTypeName="executor://mstestadapter/v2" className="Kitpymes.Core.Entities.ValueObjects.Tests.MoneyTests" name="Create_Passing_Valid_Values_Returns_Address" />
    </UnitTest>
    <UnitTest name="ToNormalize_Passing_Valid_Values_Returns_Name_String_Format (España,Espana)" storage="d:\sferrari\01 - trabajo\repos\netcore\libs\template-netcore-entities\kitpymes.core.entities.tests\bin\debug\net5.0\kitpymes.core.entities.tests.dll" id="ae0bccfa-e51f-47ad-be45-e25933f7da44">
      <Execution id="00a18a23-24ed-4fed-aa72-9e3bb1660b27" />
      <TestMethod codeBase="D:\SFERRARI\01 - TRABAJO\repos\netcore\libs\template-netcore-entities\Kitpymes.Core.Entities.Tests\bin\Debug\net5.0\Kitpymes.Core.Entities.Tests.dll" adapterTypeName="executor://mstestadapter/v2" className="Kitpymes.Core.Entities.ValueObjects.Tests.NameTests" name="ToNormalize_Passing_Valid_Values_Returns_Name_String_Format" />
    </UnitTest>
    <UnitTest name="OperatorEqual_Passing_Valid_Values_Returns_True (tenant_1)" storage="d:\sferrari\01 - trabajo\repos\netcore\libs\template-netcore-entities\kitpymes.core.entities.tests\bin\debug\net5.0\kitpymes.core.entities.tests.dll" id="062c82f8-0822-4cf2-985b-87db7e12b98a">
      <Execution id="32680c34-5270-4c27-ab4d-e77370b43b75" />
      <TestMethod codeBase="D:\SFERRARI\01 - TRABAJO\repos\netcore\libs\template-netcore-entities\Kitpymes.Core.Entities.Tests\bin\Debug\net5.0\Kitpymes.Core.Entities.Tests.dll" adapterTypeName="executor://mstestadapter/v2" className="Kitpymes.Core.Entities.ValueObjects.Tests.TenantNameTests" name="OperatorEqual_Passing_Valid_Values_Returns_True" />
    </UnitTest>
    <UnitTest name="IsNull_Passing_Valid_Value_Returns_False (34fsds@sdd.fgg)" storage="d:\sferrari\01 - trabajo\repos\netcore\libs\template-netcore-entities\kitpymes.core.entities.tests\bin\debug\net5.0\kitpymes.core.entities.tests.dll" id="f16ed69b-e108-4728-8004-700f831ba5b7">
      <Execution id="e0a10f72-3022-416c-b974-344cee3aa76e" />
      <TestMethod codeBase="D:\SFERRARI\01 - TRABAJO\repos\netcore\libs\template-netcore-entities\Kitpymes.Core.Entities.Tests\bin\Debug\net5.0\Kitpymes.Core.Entities.Tests.dll" adapterTypeName="executor://mstestadapter/v2" className="Kitpymes.Core.Entities.ValueObjects.Tests.EmailTests" name="IsNull_Passing_Valid_Value_Returns_False" />
    </UnitTest>
    <UnitTest name="OperatorEqual_Passing_Valid_Distinct_Values_Returns_False (Tenant_A)" storage="d:\sferrari\01 - trabajo\repos\netcore\libs\template-netcore-entities\kitpymes.core.entities.tests\bin\debug\net5.0\kitpymes.core.entities.tests.dll" id="1db4a2b8-b36f-4fec-84c6-6461d335755f">
      <Execution id="08e928b0-2e36-4589-a5f9-debd16a2fec4" />
      <TestMethod codeBase="D:\SFERRARI\01 - TRABAJO\repos\netcore\libs\template-netcore-entities\Kitpymes.Core.Entities.Tests\bin\Debug\net5.0\Kitpymes.Core.Entities.Tests.dll" adapterTypeName="executor://mstestadapter/v2" className="Kitpymes.Core.Entities.ValueObjects.Tests.TenantNameTests" name="OperatorEqual_Passing_Valid_Distinct_Values_Returns_False" />
    </UnitTest>
    <UnitTest name="IsNull_Passing_Valid_Value_Returns_False (TENANT1)" storage="d:\sferrari\01 - trabajo\repos\netcore\libs\template-netcore-entities\kitpymes.core.entities.tests\bin\debug\net5.0\kitpymes.core.entities.tests.dll" id="90d80a79-fa63-489e-a4c8-c9bc5813b117">
      <Execution id="6ef1a12b-553a-45fa-b239-639393abc0c8" />
      <TestMethod codeBase="D:\SFERRARI\01 - TRABAJO\repos\netcore\libs\template-netcore-entities\Kitpymes.Core.Entities.Tests\bin\Debug\net5.0\Kitpymes.Core.Entities.Tests.dll" adapterTypeName="executor://mstestadapter/v2" className="Kitpymes.Core.Entities.ValueObjects.Tests.TenantNameTests" name="IsNull_Passing_Valid_Value_Returns_False" />
    </UnitTest>
    <UnitTest name="GetAll_Passing_Nothing_Returns_Enumeracion_List" storage="d:\sferrari\01 - trabajo\repos\netcore\libs\template-netcore-entities\kitpymes.core.entities.tests\bin\debug\net5.0\kitpymes.core.entities.tests.dll" id="4f48bf3c-825e-4d13-8c86-91b74864addd">
      <Execution id="9aba9441-f8ba-49ce-b79c-cc4dd27401ec" />
      <TestMethod codeBase="D:\SFERRARI\01 - TRABAJO\repos\netcore\libs\template-netcore-entities\Kitpymes.Core.Entities.Tests\bin\Debug\net5.0\Kitpymes.Core.Entities.Tests.dll" adapterTypeName="executor://mstestadapter/v2" className="Kitpymes.Core.Entities.Enumerations.Tests.StatusEnumTests" name="GetAll_Passing_Nothing_Returns_Enumeracion_List" />
    </UnitTest>
    <UnitTest name="OperatorNotEqual_Passing_Valid_Values_Returns_True (400,EUR,8)" storage="d:\sferrari\01 - trabajo\repos\netcore\libs\template-netcore-entities\kitpymes.core.entities.tests\bin\debug\net5.0\kitpymes.core.entities.tests.dll" id="90791390-9902-40b5-9c72-db1336c42ec4">
      <Execution id="68c9bc80-96aa-4ed4-9446-a9defe52bad1" />
      <TestMethod codeBase="D:\SFERRARI\01 - TRABAJO\repos\netcore\libs\template-netcore-entities\Kitpymes.Core.Entities.Tests\bin\Debug\net5.0\Kitpymes.Core.Entities.Tests.dll" adapterTypeName="executor://mstestadapter/v2" className="Kitpymes.Core.Entities.ValueObjects.Tests.MoneyTests" name="OperatorNotEqual_Passing_Valid_Values_Returns_True" />
    </UnitTest>
    <UnitTest name="IsNull_Passing_Valid_Value_Returns_False (Españâ)" storage="d:\sferrari\01 - trabajo\repos\netcore\libs\template-netcore-entities\kitpymes.core.entities.tests\bin\debug\net5.0\kitpymes.core.entities.tests.dll" id="20f12d3c-dfc1-4620-b935-600ca4a44ded">
      <Execution id="5c083c68-603f-4159-86d6-af5c42192ba5" />
      <TestMethod codeBase="D:\SFERRARI\01 - TRABAJO\repos\netcore\libs\template-netcore-entities\Kitpymes.Core.Entities.Tests\bin\Debug\net5.0\Kitpymes.Core.Entities.Tests.dll" adapterTypeName="executor://mstestadapter/v2" className="Kitpymes.Core.Entities.ValueObjects.Tests.NameTests" name="IsNull_Passing_Valid_Value_Returns_False" />
    </UnitTest>
    <UnitTest name="Change_Passing_Valid_Values_Returns_Address" storage="d:\sferrari\01 - trabajo\repos\netcore\libs\template-netcore-entities\kitpymes.core.entities.tests\bin\debug\net5.0\kitpymes.core.entities.tests.dll" id="810a9e86-9e7b-49bc-9a6a-5458396f95a7">
      <Execution id="ea4eb37a-0811-42b2-af2d-51d851145646" />
      <TestMethod codeBase="D:\SFERRARI\01 - TRABAJO\repos\netcore\libs\template-netcore-entities\Kitpymes.Core.Entities.Tests\bin\Debug\net5.0\Kitpymes.Core.Entities.Tests.dll" adapterTypeName="executor://mstestadapter/v2" className="Kitpymes.Core.Entities.ValueObjects.Tests.AddressTests" name="Change_Passing_Valid_Values_Returns_Address" />
    </UnitTest>
    <UnitTest name="Create_Passing_Valid_Values_Returns_Address (200,EUR,4)" storage="d:\sferrari\01 - trabajo\repos\netcore\libs\template-netcore-entities\kitpymes.core.entities.tests\bin\debug\net5.0\kitpymes.core.entities.tests.dll" id="04d53611-1d4f-4f1d-bf9a-c741b881bdc6">
      <Execution id="4ac678f2-c464-4807-bb15-3bf1a5248daa" />
      <TestMethod codeBase="D:\SFERRARI\01 - TRABAJO\repos\netcore\libs\template-netcore-entities\Kitpymes.Core.Entities.Tests\bin\Debug\net5.0\Kitpymes.Core.Entities.Tests.dll" adapterTypeName="executor://mstestadapter/v2" className="Kitpymes.Core.Entities.ValueObjects.Tests.MoneyTests" name="Create_Passing_Valid_Values_Returns_Address" />
    </UnitTest>
    <UnitTest name="ToString_Passing_Valid_Values_Returns_Subdomain (www.hackerone-com)" storage="d:\sferrari\01 - trabajo\repos\netcore\libs\template-netcore-entities\kitpymes.core.entities.tests\bin\debug\net5.0\kitpymes.core.entities.tests.dll" id="744dd3da-7705-441e-ad38-449b03882d9a">
      <Execution id="802bd124-cba0-4e2f-b86d-ccb8d17d768f" />
      <TestMethod codeBase="D:\SFERRARI\01 - TRABAJO\repos\netcore\libs\template-netcore-entities\Kitpymes.Core.Entities.Tests\bin\Debug\net5.0\Kitpymes.Core.Entities.Tests.dll" adapterTypeName="executor://mstestadapter/v2" className="Kitpymes.Core.Entities.ValueObjects.Tests.SubdomainTests" name="ToString_Passing_Valid_Values_Returns_Subdomain" />
    </UnitTest>
    <UnitTest name="Create_Passing_InvalidOrNull_Value_Returns_ApplicationException (..¬¬¬sdffdsfdssd.dd)" storage="d:\sferrari\01 - trabajo\repos\netcore\libs\template-netcore-entities\kitpymes.core.entities.tests\bin\debug\net5.0\kitpymes.core.entities.tests.dll" id="9843b0ce-0674-49c5-9353-66daf1a683c9">
      <Execution id="e3b44eed-084a-4561-ba20-834e07699e3c" />
      <TestMethod codeBase="D:\SFERRARI\01 - TRABAJO\repos\netcore\libs\template-netcore-entities\Kitpymes.Core.Entities.Tests\bin\Debug\net5.0\Kitpymes.Core.Entities.Tests.dll" adapterTypeName="executor://mstestadapter/v2" className="Kitpymes.Core.Entities.ValueObjects.Tests.SubdomainTests" name="Create_Passing_InvalidOrNull_Value_Returns_ApplicationException" />
    </UnitTest>
    <UnitTest name="Create_Passing_Valid_Values_Returns_StringId (Tenerife)" storage="d:\sferrari\01 - trabajo\repos\netcore\libs\template-netcore-entities\kitpymes.core.entities.tests\bin\debug\net5.0\kitpymes.core.entities.tests.dll" id="831e032f-e11c-49d0-9e11-8075293cddbd">
      <Execution id="115abfba-212d-4b5c-a9a3-0d6a0896b85a" />
      <TestMethod codeBase="D:\SFERRARI\01 - TRABAJO\repos\netcore\libs\template-netcore-entities\Kitpymes.Core.Entities.Tests\bin\Debug\net5.0\Kitpymes.Core.Entities.Tests.dll" adapterTypeName="executor://mstestadapter/v2" className="Kitpymes.Core.Entities.ValueObjects.Tests.StringIdTests" name="Create_Passing_Valid_Values_Returns_StringId" />
    </UnitTest>
    <UnitTest name="Equals_Passing_Valid_Distinct_Values_Returns_False (100,EUR,2)" storage="d:\sferrari\01 - trabajo\repos\netcore\libs\template-netcore-entities\kitpymes.core.entities.tests\bin\debug\net5.0\kitpymes.core.entities.tests.dll" id="f937b9ab-aa8a-46e1-864c-f797119db609">
      <Execution id="19f5ecb8-b116-4ced-93ba-f683b24433f3" />
      <TestMethod codeBase="D:\SFERRARI\01 - TRABAJO\repos\netcore\libs\template-netcore-entities\Kitpymes.Core.Entities.Tests\bin\Debug\net5.0\Kitpymes.Core.Entities.Tests.dll" adapterTypeName="executor://mstestadapter/v2" className="Kitpymes.Core.Entities.ValueObjects.Tests.MoneyTests" name="Equals_Passing_Valid_Distinct_Values_Returns_False" />
    </UnitTest>
    <UnitTest name="OperatorNotEqual_Passing_Valid_Values_Returns_False (Tenant1)" storage="d:\sferrari\01 - trabajo\repos\netcore\libs\template-netcore-entities\kitpymes.core.entities.tests\bin\debug\net5.0\kitpymes.core.entities.tests.dll" id="32167006-1267-4cb6-b78d-6d53b208a502">
      <Execution id="3e44b61b-3ffe-4ed5-9e6f-0f868cef504e" />
      <TestMethod codeBase="D:\SFERRARI\01 - TRABAJO\repos\netcore\libs\template-netcore-entities\Kitpymes.Core.Entities.Tests\bin\Debug\net5.0\Kitpymes.Core.Entities.Tests.dll" adapterTypeName="executor://mstestadapter/v2" className="Kitpymes.Core.Entities.ValueObjects.Tests.TenantNameTests" name="OperatorNotEqual_Passing_Valid_Values_Returns_False" />
    </UnitTest>
    <UnitTest name="Create_Passing_Valid_Values_Returns_Name (Españà)" storage="d:\sferrari\01 - trabajo\repos\netcore\libs\template-netcore-entities\kitpymes.core.entities.tests\bin\debug\net5.0\kitpymes.core.entities.tests.dll" id="40910543-5ac0-40be-b1e5-f398f18cc231">
      <Execution id="ebe8fb08-9c50-4949-ab1b-e01fe03d5921" />
      <TestMethod codeBase="D:\SFERRARI\01 - TRABAJO\repos\netcore\libs\template-netcore-entities\Kitpymes.Core.Entities.Tests\bin\Debug\net5.0\Kitpymes.Core.Entities.Tests.dll" adapterTypeName="executor://mstestadapter/v2" className="Kitpymes.Core.Entities.ValueObjects.Tests.NameTests" name="Create_Passing_Valid_Values_Returns_Name" />
    </UnitTest>
    <UnitTest name="Change_Passing_Valid_Values_Returns_Name" storage="d:\sferrari\01 - trabajo\repos\netcore\libs\template-netcore-entities\kitpymes.core.entities.tests\bin\debug\net5.0\kitpymes.core.entities.tests.dll" id="e8e8a602-d40e-45a6-8c84-207d7924120b">
      <Execution id="7721e1c7-d04d-4f17-8ff2-5ec0bd301393" />
      <TestMethod codeBase="D:\SFERRARI\01 - TRABAJO\repos\netcore\libs\template-netcore-entities\Kitpymes.Core.Entities.Tests\bin\Debug\net5.0\Kitpymes.Core.Entities.Tests.dll" adapterTypeName="executor://mstestadapter/v2" className="Kitpymes.Core.Entities.ValueObjects.Tests.NameTests" name="Change_Passing_Valid_Values_Returns_Name" />
    </UnitTest>
    <UnitTest name="Equals_Passing_Valid_Values_Returns_True (tenant_1)" storage="d:\sferrari\01 - trabajo\repos\netcore\libs\template-netcore-entities\kitpymes.core.entities.tests\bin\debug\net5.0\kitpymes.core.entities.tests.dll" id="6eede5b4-5b37-460a-a598-691c0575b203">
      <Execution id="d6dd8665-415c-4f58-9419-8c76aa270d66" />
      <TestMethod codeBase="D:\SFERRARI\01 - TRABAJO\repos\netcore\libs\template-netcore-entities\Kitpymes.Core.Entities.Tests\bin\Debug\net5.0\Kitpymes.Core.Entities.Tests.dll" adapterTypeName="executor://mstestadapter/v2" className="Kitpymes.Core.Entities.ValueObjects.Tests.TenantNameTests" name="Equals_Passing_Valid_Values_Returns_True" />
    </UnitTest>
    <UnitTest name="IsNull_Passing_Null_Value_Returns_True" storage="d:\sferrari\01 - trabajo\repos\netcore\libs\template-netcore-entities\kitpymes.core.entities.tests\bin\debug\net5.0\kitpymes.core.entities.tests.dll" id="a0a385c8-b023-4205-bbee-f7d41a7c6282">
      <Execution id="3c810888-a2b2-4de7-b737-0d292bf62c1e" />
      <TestMethod codeBase="D:\SFERRARI\01 - TRABAJO\repos\netcore\libs\template-netcore-entities\Kitpymes.Core.Entities.Tests\bin\Debug\net5.0\Kitpymes.Core.Entities.Tests.dll" adapterTypeName="executor://mstestadapter/v2" className="Kitpymes.Core.Entities.ValueObjects.Tests.TelephoneTests" name="IsNull_Passing_Null_Value_Returns_True" />
    </UnitTest>
    <UnitTest name="OperatorNotEqual_Passing_Valid_Values_Returns_False (EUR)" storage="d:\sferrari\01 - trabajo\repos\netcore\libs\template-netcore-entities\kitpymes.core.entities.tests\bin\debug\net5.0\kitpymes.core.entities.tests.dll" id="b0e76076-8f5f-40a2-baa0-0315f6907f1b">
      <Execution id="4772e20b-0067-469b-acac-e00e5191086a" />
      <TestMethod codeBase="D:\SFERRARI\01 - TRABAJO\repos\netcore\libs\template-netcore-entities\Kitpymes.Core.Entities.Tests\bin\Debug\net5.0\Kitpymes.Core.Entities.Tests.dll" adapterTypeName="executor://mstestadapter/v2" className="Kitpymes.Core.Entities.ValueObjects.Tests.CurrencyTests" name="OperatorNotEqual_Passing_Valid_Values_Returns_False" />
    </UnitTest>
    <UnitTest name="OperatorEqual_Passing_Valid_Distinct_Values_Returns_False (TENANT_A)" storage="d:\sferrari\01 - trabajo\repos\netcore\libs\template-netcore-entities\kitpymes.core.entities.tests\bin\debug\net5.0\kitpymes.core.entities.tests.dll" id="e377e0c9-1212-49d7-8ad2-3dfa327cbe77">
      <Execution id="2b07a41d-2351-4401-9dc1-900ae27b4f55" />
      <TestMethod codeBase="D:\SFERRARI\01 - TRABAJO\repos\netcore\libs\template-netcore-entities\Kitpymes.Core.Entities.Tests\bin\Debug\net5.0\Kitpymes.Core.Entities.Tests.dll" adapterTypeName="executor://mstestadapter/v2" className="Kitpymes.Core.Entities.ValueObjects.Tests.TenantNameTests" name="OperatorEqual_Passing_Valid_Distinct_Values_Returns_False" />
    </UnitTest>
    <UnitTest name="Equals_Passing_Valid_Values_Returns_True (www.hackerone-com)" storage="d:\sferrari\01 - trabajo\repos\netcore\libs\template-netcore-entities\kitpymes.core.entities.tests\bin\debug\net5.0\kitpymes.core.entities.tests.dll" id="44abd950-1b98-4459-9ca9-85778eb5e526">
      <Execution id="872e3e78-31fa-4647-9396-18f011d30efe" />
      <TestMethod codeBase="D:\SFERRARI\01 - TRABAJO\repos\netcore\libs\template-netcore-entities\Kitpymes.Core.Entities.Tests\bin\Debug\net5.0\Kitpymes.Core.Entities.Tests.dll" adapterTypeName="executor://mstestadapter/v2" className="Kitpymes.Core.Entities.ValueObjects.Tests.SubdomainTests" name="Equals_Passing_Valid_Values_Returns_True" />
    </UnitTest>
    <UnitTest name="Equals_Passing_Valid_Distinct_Values_Returns_False (D45,86554654)" storage="d:\sferrari\01 - trabajo\repos\netcore\libs\template-netcore-entities\kitpymes.core.entities.tests\bin\debug\net5.0\kitpymes.core.entities.tests.dll" id="ddff50a8-ff1e-4831-b326-ff8b495cb618">
      <Execution id="b014ea2a-79b7-40f7-8c87-a81a5ecb9b9a" />
      <TestMethod codeBase="D:\SFERRARI\01 - TRABAJO\repos\netcore\libs\template-netcore-entities\Kitpymes.Core.Entities.Tests\bin\Debug\net5.0\Kitpymes.Core.Entities.Tests.dll" adapterTypeName="executor://mstestadapter/v2" className="Kitpymes.Core.Entities.ValueObjects.Tests.TelephoneTests" name="Equals_Passing_Valid_Distinct_Values_Returns_False" />
    </UnitTest>
    <UnitTest name="IsNull_Passing_Valid_Value_Returns_False (Españç)" storage="d:\sferrari\01 - trabajo\repos\netcore\libs\template-netcore-entities\kitpymes.core.entities.tests\bin\debug\net5.0\kitpymes.core.entities.tests.dll" id="77987aec-bd78-43ae-8800-f3f920f5e950">
      <Execution id="d3e00552-150d-46e4-8a58-afb387ebdf43" />
      <TestMethod codeBase="D:\SFERRARI\01 - TRABAJO\repos\netcore\libs\template-netcore-entities\Kitpymes.Core.Entities.Tests\bin\Debug\net5.0\Kitpymes.Core.Entities.Tests.dll" adapterTypeName="executor://mstestadapter/v2" className="Kitpymes.Core.Entities.ValueObjects.Tests.NameTests" name="IsNull_Passing_Valid_Value_Returns_False" />
    </UnitTest>
    <UnitTest name="OperatorEqual_Passing_Valid_Values_Returns_True (Tenant_A)" storage="d:\sferrari\01 - trabajo\repos\netcore\libs\template-netcore-entities\kitpymes.core.entities.tests\bin\debug\net5.0\kitpymes.core.entities.tests.dll" id="40146100-5a14-4805-aaa3-0a96ef44273f">
      <Execution id="66940458-0e6d-43d9-ab63-c8b814d40d3b" />
      <TestMethod codeBase="D:\SFERRARI\01 - TRABAJO\repos\netcore\libs\template-netcore-entities\Kitpymes.Core.Entities.Tests\bin\Debug\net5.0\Kitpymes.Core.Entities.Tests.dll" adapterTypeName="executor://mstestadapter/v2" className="Kitpymes.Core.Entities.ValueObjects.Tests.TenantNameTests" name="OperatorEqual_Passing_Valid_Values_Returns_True" />
    </UnitTest>
    <UnitTest name="Create_Passing_InvalidOrNull_Value_Returns_ApplicationException (4324324,0)" storage="d:\sferrari\01 - trabajo\repos\netcore\libs\template-netcore-entities\kitpymes.core.entities.tests\bin\debug\net5.0\kitpymes.core.entities.tests.dll" id="395ed220-b119-48b4-80b6-7e255e40f897">
      <Execution id="66b938a4-3031-4210-b6f4-717e13a715b8" />
      <TestMethod codeBase="D:\SFERRARI\01 - TRABAJO\repos\netcore\libs\template-netcore-entities\Kitpymes.Core.Entities.Tests\bin\Debug\net5.0\Kitpymes.Core.Entities.Tests.dll" adapterTypeName="executor://mstestadapter/v2" className="Kitpymes.Core.Entities.ValueObjects.Tests.TelephoneTests" name="Create_Passing_InvalidOrNull_Value_Returns_ApplicationException" />
    </UnitTest>
    <UnitTest name="Equals_Passing_Valid_Distinct_Values_Returns_False (Tenant1)" storage="d:\sferrari\01 - trabajo\repos\netcore\libs\template-netcore-entities\kitpymes.core.entities.tests\bin\debug\net5.0\kitpymes.core.entities.tests.dll" id="de0ea374-5b97-4f0e-b37b-9898850c6752">
      <Execution id="c18c84a9-aed6-49af-b340-c7eb5be93b7e" />
      <TestMethod codeBase="D:\SFERRARI\01 - TRABAJO\repos\netcore\libs\template-netcore-entities\Kitpymes.Core.Entities.Tests\bin\Debug\net5.0\Kitpymes.Core.Entities.Tests.dll" adapterTypeName="executor://mstestadapter/v2" className="Kitpymes.Core.Entities.ValueObjects.Tests.TenantNameTests" name="Equals_Passing_Valid_Distinct_Values_Returns_False" />
    </UnitTest>
    <UnitTest name="Equals_Passing_Valid_Values_Returns_True (tenant1)" storage="d:\sferrari\01 - trabajo\repos\netcore\libs\template-netcore-entities\kitpymes.core.entities.tests\bin\debug\net5.0\kitpymes.core.entities.tests.dll" id="5b3b8163-51c3-4ad6-a965-8b95a7815e09">
      <Execution id="c9b2b0d1-6f7d-4955-a274-a995c6cb2bb5" />
      <TestMethod codeBase="D:\SFERRARI\01 - TRABAJO\repos\netcore\libs\template-netcore-entities\Kitpymes.Core.Entities.Tests\bin\Debug\net5.0\Kitpymes.Core.Entities.Tests.dll" adapterTypeName="executor://mstestadapter/v2" className="Kitpymes.Core.Entities.ValueObjects.Tests.TenantNameTests" name="Equals_Passing_Valid_Values_Returns_True" />
    </UnitTest>
    <UnitTest name="Create_Passing_InvalidOrNull_Value_Returns_ApplicationException (,Sabadell,España)" storage="d:\sferrari\01 - trabajo\repos\netcore\libs\template-netcore-entities\kitpymes.core.entities.tests\bin\debug\net5.0\kitpymes.core.entities.tests.dll" id="85e354c5-9c07-4562-81cf-dfda48b89826">
      <Execution id="d09ad8ed-bac3-43b6-aa4e-95a7147616f7" />
      <TestMethod codeBase="D:\SFERRARI\01 - TRABAJO\repos\netcore\libs\template-netcore-entities\Kitpymes.Core.Entities.Tests\bin\Debug\net5.0\Kitpymes.Core.Entities.Tests.dll" adapterTypeName="executor://mstestadapter/v2" className="Kitpymes.Core.Entities.ValueObjects.Tests.FullNameTests" name="Create_Passing_InvalidOrNull_Value_Returns_ApplicationException" />
    </UnitTest>
    <UnitTest name="ToString_Passing_Valid_Values_Returns_Name (Españä)" storage="d:\sferrari\01 - trabajo\repos\netcore\libs\template-netcore-entities\kitpymes.core.entities.tests\bin\debug\net5.0\kitpymes.core.entities.tests.dll" id="ec803418-e831-4588-a4fa-b97877d6cffa">
      <Execution id="17f14f6b-8ef7-4a84-babf-a502214c48a8" />
      <TestMethod codeBase="D:\SFERRARI\01 - TRABAJO\repos\netcore\libs\template-netcore-entities\Kitpymes.Core.Entities.Tests\bin\Debug\net5.0\Kitpymes.Core.Entities.Tests.dll" adapterTypeName="executor://mstestadapter/v2" className="Kitpymes.Core.Entities.ValueObjects.Tests.NameTests" name="ToString_Passing_Valid_Values_Returns_Name" />
    </UnitTest>
    <UnitTest name="Create_Passing_Valid_Values_Returns_Name (TENANT1)" storage="d:\sferrari\01 - trabajo\repos\netcore\libs\template-netcore-entities\kitpymes.core.entities.tests\bin\debug\net5.0\kitpymes.core.entities.tests.dll" id="b71948e0-159d-4104-a439-89d5967db7ec">
      <Execution id="ba94fd74-039a-46bd-8ca1-7b0dee777f64" />
      <TestMethod codeBase="D:\SFERRARI\01 - TRABAJO\repos\netcore\libs\template-netcore-entities\Kitpymes.Core.Entities.Tests\bin\Debug\net5.0\Kitpymes.Core.Entities.Tests.dll" adapterTypeName="executor://mstestadapter/v2" className="Kitpymes.Core.Entities.ValueObjects.Tests.TenantNameTests" name="Create_Passing_Valid_Values_Returns_Name" />
    </UnitTest>
    <UnitTest name="ToEnum_Passing_Invalid_String_Name_Enumeracion_Returns_Null" storage="d:\sferrari\01 - trabajo\repos\netcore\libs\template-netcore-entities\kitpymes.core.entities.tests\bin\debug\net5.0\kitpymes.core.entities.tests.dll" id="a95f4d68-a8c0-4194-8166-0e16a67cb501">
      <Execution id="52186dc3-45c5-49c3-9a27-7ca8736686fb" />
      <TestMethod codeBase="D:\SFERRARI\01 - TRABAJO\repos\netcore\libs\template-netcore-entities\Kitpymes.Core.Entities.Tests\bin\Debug\net5.0\Kitpymes.Core.Entities.Tests.dll" adapterTypeName="executor://mstestadapter/v2" className="Kitpymes.Core.Entities.Enumerations.Tests.CardTypeEnumTests" name="ToEnum_Passing_Invalid_String_Name_Enumeracion_Returns_Null" />
    </UnitTest>
    <UnitTest name="OperatorNotEqual_Passing_Valid_Values_Returns_True (app.hackerone1.com)" storage="d:\sferrari\01 - trabajo\repos\netcore\libs\template-netcore-entities\kitpymes.core.entities.tests\bin\debug\net5.0\kitpymes.core.entities.tests.dll" id="00b5088c-7ca5-4ca9-8c1d-c2e166eff35c">
      <Execution id="ee260222-1ca7-40f2-b2f3-e239cdb786bf" />
      <TestMethod codeBase="D:\SFERRARI\01 - TRABAJO\repos\netcore\libs\template-netcore-entities\Kitpymes.Core.Entities.Tests\bin\Debug\net5.0\Kitpymes.Core.Entities.Tests.dll" adapterTypeName="executor://mstestadapter/v2" className="Kitpymes.Core.Entities.ValueObjects.Tests.SubdomainTests" name="OperatorNotEqual_Passing_Valid_Values_Returns_True" />
    </UnitTest>
    <UnitTest name="Equals_Passing_Valid_Values_Returns_True (USD)" storage="d:\sferrari\01 - trabajo\repos\netcore\libs\template-netcore-entities\kitpymes.core.entities.tests\bin\debug\net5.0\kitpymes.core.entities.tests.dll" id="942f8f3a-2351-4743-b29f-fcaaa6c2427e">
      <Execution id="aa64cf1c-d74a-42ab-9f58-0233ff038023" />
      <TestMethod codeBase="D:\SFERRARI\01 - TRABAJO\repos\netcore\libs\template-netcore-entities\Kitpymes.Core.Entities.Tests\bin\Debug\net5.0\Kitpymes.Core.Entities.Tests.dll" adapterTypeName="executor://mstestadapter/v2" className="Kitpymes.Core.Entities.ValueObjects.Tests.CurrencyTests" name="Equals_Passing_Valid_Values_Returns_True" />
    </UnitTest>
    <UnitTest name="Equals_Passing_Valid_Distinct_Values_Returns_False (400,EUR,8)" storage="d:\sferrari\01 - trabajo\repos\netcore\libs\template-netcore-entities\kitpymes.core.entities.tests\bin\debug\net5.0\kitpymes.core.entities.tests.dll" id="940d6a27-d11a-4368-b8bc-6b106556a12b">
      <Execution id="7fe2bce4-7682-4a6c-af0c-38dbf51f5f31" />
      <TestMethod codeBase="D:\SFERRARI\01 - TRABAJO\repos\netcore\libs\template-netcore-entities\Kitpymes.Core.Entities.Tests\bin\Debug\net5.0\Kitpymes.Core.Entities.Tests.dll" adapterTypeName="executor://mstestadapter/v2" className="Kitpymes.Core.Entities.ValueObjects.Tests.MoneyTests" name="Equals_Passing_Valid_Distinct_Values_Returns_False" />
    </UnitTest>
    <UnitTest name="OperatorNotEqual_Passing_Valid_Values_Returns_True (200,EUR,4)" storage="d:\sferrari\01 - trabajo\repos\netcore\libs\template-netcore-entities\kitpymes.core.entities.tests\bin\debug\net5.0\kitpymes.core.entities.tests.dll" id="e222581e-d1a2-49a1-a349-d33afb625e91">
      <Execution id="cdcf9289-0db3-41a5-b1cd-f1b21cfd53a3" />
      <TestMethod codeBase="D:\SFERRARI\01 - TRABAJO\repos\netcore\libs\template-netcore-entities\Kitpymes.Core.Entities.Tests\bin\Debug\net5.0\Kitpymes.Core.Entities.Tests.dll" adapterTypeName="executor://mstestadapter/v2" className="Kitpymes.Core.Entities.ValueObjects.Tests.MoneyTests" name="OperatorNotEqual_Passing_Valid_Values_Returns_True" />
    </UnitTest>
    <UnitTest name="OperatorEqual_Passing_Valid_Values_Returns_True (TenantA)" storage="d:\sferrari\01 - trabajo\repos\netcore\libs\template-netcore-entities\kitpymes.core.entities.tests\bin\debug\net5.0\kitpymes.core.entities.tests.dll" id="420f44fc-609f-47fb-9a49-e002ecb2eea6">
      <Execution id="bad54af1-147a-41a3-b107-6e76ab83012e" />
      <TestMethod codeBase="D:\SFERRARI\01 - TRABAJO\repos\netcore\libs\template-netcore-entities\Kitpymes.Core.Entities.Tests\bin\Debug\net5.0\Kitpymes.Core.Entities.Tests.dll" adapterTypeName="executor://mstestadapter/v2" className="Kitpymes.Core.Entities.ValueObjects.Tests.TenantNameTests" name="OperatorEqual_Passing_Valid_Values_Returns_True" />
    </UnitTest>
    <UnitTest name="OperatorEqual_Passing_Valid_Values_Returns_True (100,EUR,2)" storage="d:\sferrari\01 - trabajo\repos\netcore\libs\template-netcore-entities\kitpymes.core.entities.tests\bin\debug\net5.0\kitpymes.core.entities.tests.dll" id="f01767c4-80ed-460b-8d4c-5976012ec0b3">
      <Execution id="cade72c1-8b2e-46c0-ac2a-f5e5aa3fd140" />
      <TestMethod codeBase="D:\SFERRARI\01 - TRABAJO\repos\netcore\libs\template-netcore-entities\Kitpymes.Core.Entities.Tests\bin\Debug\net5.0\Kitpymes.Core.Entities.Tests.dll" adapterTypeName="executor://mstestadapter/v2" className="Kitpymes.Core.Entities.ValueObjects.Tests.MoneyTests" name="OperatorEqual_Passing_Valid_Values_Returns_True" />
    </UnitTest>
    <UnitTest name="OperatorNotEqual_Passing_Valid_Values_Returns_False (Tenant_A)" storage="d:\sferrari\01 - trabajo\repos\netcore\libs\template-netcore-entities\kitpymes.core.entities.tests\bin\debug\net5.0\kitpymes.core.entities.tests.dll" id="9612b529-6534-42dc-b985-167612fb91d2">
      <Execution id="65d4536e-af2f-4dfa-968f-d9e663d397d7" />
      <TestMethod codeBase="D:\SFERRARI\01 - TRABAJO\repos\netcore\libs\template-netcore-entities\Kitpymes.Core.Entities.Tests\bin\Debug\net5.0\Kitpymes.Core.Entities.Tests.dll" adapterTypeName="executor://mstestadapter/v2" className="Kitpymes.Core.Entities.ValueObjects.Tests.TenantNameTests" name="OperatorNotEqual_Passing_Valid_Values_Returns_False" />
    </UnitTest>
    <UnitTest name="OperatorEqual_Passing_Valid_Values_Returns_True (España)" storage="d:\sferrari\01 - trabajo\repos\netcore\libs\template-netcore-entities\kitpymes.core.entities.tests\bin\debug\net5.0\kitpymes.core.entities.tests.dll" id="5000f469-c092-498c-9326-b9751fd88ba4">
      <Execution id="1ee4a838-a8e5-4acd-b60b-a7221ea7a704" />
      <TestMethod codeBase="D:\SFERRARI\01 - TRABAJO\repos\netcore\libs\template-netcore-entities\Kitpymes.Core.Entities.Tests\bin\Debug\net5.0\Kitpymes.Core.Entities.Tests.dll" adapterTypeName="executor://mstestadapter/v2" className="Kitpymes.Core.Entities.ValueObjects.Tests.NameTests" name="OperatorEqual_Passing_Valid_Values_Returns_True" />
    </UnitTest>
    <UnitTest name="OperatorEqual_Passing_Valid_Values_Returns_True (Pader,789,DF7956,Sabadell,Barcelona,España)" storage="d:\sferrari\01 - trabajo\repos\netcore\libs\template-netcore-entities\kitpymes.core.entities.tests\bin\debug\net5.0\kitpymes.core.entities.tests.dll" id="cb943e88-bc64-4ca2-af26-637b162ba1e9">
      <Execution id="597f2406-9b97-47b8-86f4-0f5c4cfcda99" />
      <TestMethod codeBase="D:\SFERRARI\01 - TRABAJO\repos\netcore\libs\template-netcore-entities\Kitpymes.Core.Entities.Tests\bin\Debug\net5.0\Kitpymes.Core.Entities.Tests.dll" adapterTypeName="executor://mstestadapter/v2" className="Kitpymes.Core.Entities.ValueObjects.Tests.AddressTests" name="OperatorEqual_Passing_Valid_Values_Returns_True" />
    </UnitTest>
    <UnitTest name="Create_Passing_InvalidOrNull_Value_Returns_ApplicationException (,Barcelona,España)" storage="d:\sferrari\01 - trabajo\repos\netcore\libs\template-netcore-entities\kitpymes.core.entities.tests\bin\debug\net5.0\kitpymes.core.entities.tests.dll" id="db60fff3-8114-46d3-b861-b7653be2ea3e">
      <Execution id="c09fba2a-d0df-46cc-aa9a-1d43423675e5" />
      <TestMethod codeBase="D:\SFERRARI\01 - TRABAJO\repos\netcore\libs\template-netcore-entities\Kitpymes.Core.Entities.Tests\bin\Debug\net5.0\Kitpymes.Core.Entities.Tests.dll" adapterTypeName="executor://mstestadapter/v2" className="Kitpymes.Core.Entities.ValueObjects.Tests.FullNameTests" name="Create_Passing_InvalidOrNull_Value_Returns_ApplicationException" />
    </UnitTest>
    <UnitTest name="OperatorNotEqual_Passing_Valid_Values_Returns_True (Españà)" storage="d:\sferrari\01 - trabajo\repos\netcore\libs\template-netcore-entities\kitpymes.core.entities.tests\bin\debug\net5.0\kitpymes.core.entities.tests.dll" id="5a3b021c-7ec5-4b44-9b52-2c3b686120a2">
      <Execution id="aebc18e3-aaa0-41b8-bb42-ceb37dccb75e" />
      <TestMethod codeBase="D:\SFERRARI\01 - TRABAJO\repos\netcore\libs\template-netcore-entities\Kitpymes.Core.Entities.Tests\bin\Debug\net5.0\Kitpymes.Core.Entities.Tests.dll" adapterTypeName="executor://mstestadapter/v2" className="Kitpymes.Core.Entities.ValueObjects.Tests.NameTests" name="OperatorNotEqual_Passing_Valid_Values_Returns_True" />
    </UnitTest>
    <UnitTest name="OperatorNotEqual_Passing_Valid_Values_Returns_True (Españħ)" storage="d:\sferrari\01 - trabajo\repos\netcore\libs\template-netcore-entities\kitpymes.core.entities.tests\bin\debug\net5.0\kitpymes.core.entities.tests.dll" id="d862f380-632e-484e-a263-829e3b6e34ad">
      <Execution id="9800b428-a9f7-4fa2-9cd8-7d97d8b8926d" />
      <TestMethod codeBase="D:\SFERRARI\01 - TRABAJO\repos\netcore\libs\template-netcore-entities\Kitpymes.Core.Entities.Tests\bin\Debug\net5.0\Kitpymes.Core.Entities.Tests.dll" adapterTypeName="executor://mstestadapter/v2" className="Kitpymes.Core.Entities.ValueObjects.Tests.NameTests" name="OperatorNotEqual_Passing_Valid_Values_Returns_True" />
    </UnitTest>
    <UnitTest name="Equals_Passing_Valid_Values_Returns_True (Esp añâ)" storage="d:\sferrari\01 - trabajo\repos\netcore\libs\template-netcore-entities\kitpymes.core.entities.tests\bin\debug\net5.0\kitpymes.core.entities.tests.dll" id="8a7ea804-45f1-437c-9e58-24159c383518">
      <Execution id="6cc70b6c-8d11-4749-ab11-16360267f116" />
      <TestMethod codeBase="D:\SFERRARI\01 - TRABAJO\repos\netcore\libs\template-netcore-entities\Kitpymes.Core.Entities.Tests\bin\Debug\net5.0\Kitpymes.Core.Entities.Tests.dll" adapterTypeName="executor://mstestadapter/v2" className="Kitpymes.Core.Entities.ValueObjects.Tests.NameTests" name="Equals_Passing_Valid_Values_Returns_True" />
    </UnitTest>
    <UnitTest name="OperatorNotEqual_Passing_Valid_Values_Returns_False (Esp añâ)" storage="d:\sferrari\01 - trabajo\repos\netcore\libs\template-netcore-entities\kitpymes.core.entities.tests\bin\debug\net5.0\kitpymes.core.entities.tests.dll" id="da1b0604-7a29-4076-a579-706068a6bde2">
      <Execution id="a21291c5-d4d7-4e60-be17-94af9aa13a03" />
      <TestMethod codeBase="D:\SFERRARI\01 - TRABAJO\repos\netcore\libs\template-netcore-entities\Kitpymes.Core.Entities.Tests\bin\Debug\net5.0\Kitpymes.Core.Entities.Tests.dll" adapterTypeName="executor://mstestadapter/v2" className="Kitpymes.Core.Entities.ValueObjects.Tests.NameTests" name="OperatorNotEqual_Passing_Valid_Values_Returns_False" />
    </UnitTest>
    <UnitTest name="GetAll_Passing_Nothing_Returns_Enumeracion_List" storage="d:\sferrari\01 - trabajo\repos\netcore\libs\template-netcore-entities\kitpymes.core.entities.tests\bin\debug\net5.0\kitpymes.core.entities.tests.dll" id="48fc08e2-842d-4bfd-8656-2a8b3e1314a9">
      <Execution id="4f32e116-90a4-4f2d-9bc2-7f393775d631" />
      <TestMethod codeBase="D:\SFERRARI\01 - TRABAJO\repos\netcore\libs\template-netcore-entities\Kitpymes.Core.Entities.Tests\bin\Debug\net5.0\Kitpymes.Core.Entities.Tests.dll" adapterTypeName="executor://mstestadapter/v2" className="Kitpymes.Core.Entities.Enumerations.Tests.CardTypeEnumTests" name="GetAll_Passing_Nothing_Returns_Enumeracion_List" />
    </UnitTest>
    <UnitTest name="OperatorNotEqual_Passing_Valid_Values_Returns_False (Españç)" storage="d:\sferrari\01 - trabajo\repos\netcore\libs\template-netcore-entities\kitpymes.core.entities.tests\bin\debug\net5.0\kitpymes.core.entities.tests.dll" id="8556721e-714e-42ad-ba6d-89b2443c2ba0">
      <Execution id="a8db2354-b351-432c-822c-afaba04e8c2e" />
      <TestMethod codeBase="D:\SFERRARI\01 - TRABAJO\repos\netcore\libs\template-netcore-entities\Kitpymes.Core.Entities.Tests\bin\Debug\net5.0\Kitpymes.Core.Entities.Tests.dll" adapterTypeName="executor://mstestadapter/v2" className="Kitpymes.Core.Entities.ValueObjects.Tests.NameTests" name="OperatorNotEqual_Passing_Valid_Values_Returns_False" />
    </UnitTest>
    <UnitTest name="ToEnum_Passing_Valid_String_Name_Returns_Enumeracion" storage="d:\sferrari\01 - trabajo\repos\netcore\libs\template-netcore-entities\kitpymes.core.entities.tests\bin\debug\net5.0\kitpymes.core.entities.tests.dll" id="3123b0be-6136-402a-a905-ef022611ea15">
      <Execution id="ae31349d-0c17-4b53-ade3-4a1267fa6757" />
      <TestMethod codeBase="D:\SFERRARI\01 - TRABAJO\repos\netcore\libs\template-netcore-entities\Kitpymes.Core.Entities.Tests\bin\Debug\net5.0\Kitpymes.Core.Entities.Tests.dll" adapterTypeName="executor://mstestadapter/v2" className="Kitpymes.Core.Entities.Enumerations.Tests.SubscriptionEnumTests" name="ToEnum_Passing_Valid_String_Name_Returns_Enumeracion" />
    </UnitTest>
    <UnitTest name="OperatorNotEqual_Passing_Valid_Values_Returns_False (TENANT1)" storage="d:\sferrari\01 - trabajo\repos\netcore\libs\template-netcore-entities\kitpymes.core.entities.tests\bin\debug\net5.0\kitpymes.core.entities.tests.dll" id="d46ec376-a1a6-4be5-9952-82389970f6ba">
      <Execution id="7494a790-b9b4-4866-b5e8-3e86d86277b9" />
      <TestMethod codeBase="D:\SFERRARI\01 - TRABAJO\repos\netcore\libs\template-netcore-entities\Kitpymes.Core.Entities.Tests\bin\Debug\net5.0\Kitpymes.Core.Entities.Tests.dll" adapterTypeName="executor://mstestadapter/v2" className="Kitpymes.Core.Entities.ValueObjects.Tests.TenantNameTests" name="OperatorNotEqual_Passing_Valid_Values_Returns_False" />
    </UnitTest>
    <UnitTest name="Create_Passing_InvalidOrNull_Value_Returns_ApplicationException ()" storage="d:\sferrari\01 - trabajo\repos\netcore\libs\template-netcore-entities\kitpymes.core.entities.tests\bin\debug\net5.0\kitpymes.core.entities.tests.dll" id="eba98f7c-7255-4a71-96cc-face024a19c9">
      <Execution id="bcb1612a-e7b2-48c7-b117-05fb3698191b" />
      <TestMethod codeBase="D:\SFERRARI\01 - TRABAJO\repos\netcore\libs\template-netcore-entities\Kitpymes.Core.Entities.Tests\bin\Debug\net5.0\Kitpymes.Core.Entities.Tests.dll" adapterTypeName="executor://mstestadapter/v2" className="Kitpymes.Core.Entities.ValueObjects.Tests.TenantNameTests" name="Create_Passing_InvalidOrNull_Value_Returns_ApplicationException" />
    </UnitTest>
    <UnitTest name="OperatorEqual_Passing_Valid_Distinct_Values_Returns_False (100,EUR,2)" storage="d:\sferrari\01 - trabajo\repos\netcore\libs\template-netcore-entities\kitpymes.core.entities.tests\bin\debug\net5.0\kitpymes.core.entities.tests.dll" id="7a2e2ad3-7e7c-4812-beb1-591099421fa3">
      <Execution id="5d4f769b-78be-44aa-b267-5d23b68ec826" />
      <TestMethod codeBase="D:\SFERRARI\01 - TRABAJO\repos\netcore\libs\template-netcore-entities\Kitpymes.Core.Entities.Tests\bin\Debug\net5.0\Kitpymes.Core.Entities.Tests.dll" adapterTypeName="executor://mstestadapter/v2" className="Kitpymes.Core.Entities.ValueObjects.Tests.MoneyTests" name="OperatorEqual_Passing_Valid_Distinct_Values_Returns_False" />
    </UnitTest>
    <UnitTest name="Equals_Passing_Valid_Distinct_Values_Returns_False (tenant1)" storage="d:\sferrari\01 - trabajo\repos\netcore\libs\template-netcore-entities\kitpymes.core.entities.tests\bin\debug\net5.0\kitpymes.core.entities.tests.dll" id="879cf22e-28de-4510-93d1-895daa61e393">
      <Execution id="b556977e-3dad-45fe-848a-634ab045f8fa" />
      <TestMethod codeBase="D:\SFERRARI\01 - TRABAJO\repos\netcore\libs\template-netcore-entities\Kitpymes.Core.Entities.Tests\bin\Debug\net5.0\Kitpymes.Core.Entities.Tests.dll" adapterTypeName="executor://mstestadapter/v2" className="Kitpymes.Core.Entities.ValueObjects.Tests.TenantNameTests" name="Equals_Passing_Valid_Distinct_Values_Returns_False" />
    </UnitTest>
    <UnitTest name="ToString_Passing_Valid_Values_Returns_Value_String_Format (Sabadell,Barcelona)" storage="d:\sferrari\01 - trabajo\repos\netcore\libs\template-netcore-entities\kitpymes.core.entities.tests\bin\debug\net5.0\kitpymes.core.entities.tests.dll" id="fed28795-fc87-46eb-87de-c9a7d0f39579">
      <Execution id="bea54885-903b-4023-b302-18993c85aca5" />
      <TestMethod codeBase="D:\SFERRARI\01 - TRABAJO\repos\netcore\libs\template-netcore-entities\Kitpymes.Core.Entities.Tests\bin\Debug\net5.0\Kitpymes.Core.Entities.Tests.dll" adapterTypeName="executor://mstestadapter/v2" className="Kitpymes.Core.Entities.ValueObjects.Tests.FullNameTests" name="ToString_Passing_Valid_Values_Returns_Value_String_Format" />
    </UnitTest>
    <UnitTest name="Equals_Passing_Valid_Distinct_Values_Returns_False (200,EUR,4)" storage="d:\sferrari\01 - trabajo\repos\netcore\libs\template-netcore-entities\kitpymes.core.entities.tests\bin\debug\net5.0\kitpymes.core.entities.tests.dll" id="4ea465c5-4a0e-4b69-b527-33d1b9ad1446">
      <Execution id="3b1d26bd-e1f4-45cc-98b9-215ca1a71089" />
      <TestMethod codeBase="D:\SFERRARI\01 - TRABAJO\repos\netcore\libs\template-netcore-entities\Kitpymes.Core.Entities.Tests\bin\Debug\net5.0\Kitpymes.Core.Entities.Tests.dll" adapterTypeName="executor://mstestadapter/v2" className="Kitpymes.Core.Entities.ValueObjects.Tests.MoneyTests" name="Equals_Passing_Valid_Distinct_Values_Returns_False" />
    </UnitTest>
    <UnitTest name="Equals_Passing_Valid_Values_Returns_True (Pader,789,DF7956,Sabadell,Barcelona,España)" storage="d:\sferrari\01 - trabajo\repos\netcore\libs\template-netcore-entities\kitpymes.core.entities.tests\bin\debug\net5.0\kitpymes.core.entities.tests.dll" id="da09e267-81a5-44bc-9929-d17482ce2442">
      <Execution id="1c6fd8da-0ad6-423a-a29f-8724bed39163" />
      <TestMethod codeBase="D:\SFERRARI\01 - TRABAJO\repos\netcore\libs\template-netcore-entities\Kitpymes.Core.Entities.Tests\bin\Debug\net5.0\Kitpymes.Core.Entities.Tests.dll" adapterTypeName="executor://mstestadapter/v2" className="Kitpymes.Core.Entities.ValueObjects.Tests.AddressTests" name="Equals_Passing_Valid_Values_Returns_True" />
    </UnitTest>
    <UnitTest name="ToNormalize_Passing_Valid_Values_Returns_Name_String_Format (Españã,Espana)" storage="d:\sferrari\01 - trabajo\repos\netcore\libs\template-netcore-entities\kitpymes.core.entities.tests\bin\debug\net5.0\kitpymes.core.entities.tests.dll" id="180416be-acb3-4f62-b3d6-e091b09ff0f9">
      <Execution id="8956d3ed-38df-49b5-88cc-7f32a8b65a8e" />
      <TestMethod codeBase="D:\SFERRARI\01 - TRABAJO\repos\netcore\libs\template-netcore-entities\Kitpymes.Core.Entities.Tests\bin\Debug\net5.0\Kitpymes.Core.Entities.Tests.dll" adapterTypeName="executor://mstestadapter/v2" className="Kitpymes.Core.Entities.ValueObjects.Tests.NameTests" name="ToNormalize_Passing_Valid_Values_Returns_Name_String_Format" />
    </UnitTest>
    <UnitTest name="OperatorEqual_Passing_Valid_Distinct_Values_Returns_False (Sabadell)" storage="d:\sferrari\01 - trabajo\repos\netcore\libs\template-netcore-entities\kitpymes.core.entities.tests\bin\debug\net5.0\kitpymes.core.entities.tests.dll" id="d2ed5120-175f-48a7-82eb-0325c3cd86ec">
      <Execution id="edd284bb-45bb-4138-9ad3-3e3cec46ca9b" />
      <TestMethod codeBase="D:\SFERRARI\01 - TRABAJO\repos\netcore\libs\template-netcore-entities\Kitpymes.Core.Entities.Tests\bin\Debug\net5.0\Kitpymes.Core.Entities.Tests.dll" adapterTypeName="executor://mstestadapter/v2" className="Kitpymes.Core.Entities.ValueObjects.Tests.StringIdTests" name="OperatorEqual_Passing_Valid_Distinct_Values_Returns_False" />
    </UnitTest>
    <UnitTest name="IsNull_Passing_Valid_Value_Returns_False (Españħ)" storage="d:\sferrari\01 - trabajo\repos\netcore\libs\template-netcore-entities\kitpymes.core.entities.tests\bin\debug\net5.0\kitpymes.core.entities.tests.dll" id="a5351f7b-187a-4675-ab95-bad40f1d5491">
      <Execution id="98f8dfa7-2278-4b4f-951b-7eb1e2e74769" />
      <TestMethod codeBase="D:\SFERRARI\01 - TRABAJO\repos\netcore\libs\template-netcore-entities\Kitpymes.Core.Entities.Tests\bin\Debug\net5.0\Kitpymes.Core.Entities.Tests.dll" adapterTypeName="executor://mstestadapter/v2" className="Kitpymes.Core.Entities.ValueObjects.Tests.NameTests" name="IsNull_Passing_Valid_Value_Returns_False" />
    </UnitTest>
    <UnitTest name="ToEnum_Passing_Valid_IntName_Enumeracion_Returns_Enumeracion" storage="d:\sferrari\01 - trabajo\repos\netcore\libs\template-netcore-entities\kitpymes.core.entities.tests\bin\debug\net5.0\kitpymes.core.entities.tests.dll" id="1e1e8bb1-4177-49d7-ac17-bcef19e91b25">
      <Execution id="44e605a0-4e41-47f2-bde7-ccad50e71afe" />
      <TestMethod codeBase="D:\SFERRARI\01 - TRABAJO\repos\netcore\libs\template-netcore-entities\Kitpymes.Core.Entities.Tests\bin\Debug\net5.0\Kitpymes.Core.Entities.Tests.dll" adapterTypeName="executor://mstestadapter/v2" className="Kitpymes.Core.Entities.Enumerations.Tests.GenderTypeEnumTests" name="ToEnum_Passing_Valid_IntName_Enumeracion_Returns_Enumeracion" />
    </UnitTest>
    <UnitTest name="GetAll_Passing_Nothing_Returns_Enumeracion_List" storage="d:\sferrari\01 - trabajo\repos\netcore\libs\template-netcore-entities\kitpymes.core.entities.tests\bin\debug\net5.0\kitpymes.core.entities.tests.dll" id="5892257d-f02c-488a-a7d4-ff635acb0297">
      <Execution id="b2a1730c-03c7-449c-b82e-df95e86ee8de" />
      <TestMethod codeBase="D:\SFERRARI\01 - TRABAJO\repos\netcore\libs\template-netcore-entities\Kitpymes.Core.Entities.Tests\bin\Debug\net5.0\Kitpymes.Core.Entities.Tests.dll" adapterTypeName="executor://mstestadapter/v2" className="Kitpymes.Core.Entities.Enumerations.Tests.LogTypeEnumTests" name="GetAll_Passing_Nothing_Returns_Enumeracion_List" />
    </UnitTest>
    <UnitTest name="IsNull_Passing_Valid_Value_Returns_False (Españà)" storage="d:\sferrari\01 - trabajo\repos\netcore\libs\template-netcore-entities\kitpymes.core.entities.tests\bin\debug\net5.0\kitpymes.core.entities.tests.dll" id="04b31254-cffc-4ba5-b428-364fa933998d">
      <Execution id="a836ac30-9d34-45c8-a41c-0f9195e6a780" />
      <TestMethod codeBase="D:\SFERRARI\01 - TRABAJO\repos\netcore\libs\template-netcore-entities\Kitpymes.Core.Entities.Tests\bin\Debug\net5.0\Kitpymes.Core.Entities.Tests.dll" adapterTypeName="executor://mstestadapter/v2" className="Kitpymes.Core.Entities.ValueObjects.Tests.NameTests" name="IsNull_Passing_Valid_Value_Returns_False" />
    </UnitTest>
    <UnitTest name="Equals_Passing_Valid_Distinct_Values_Returns_False (dasdasd@dsasd.ff)" storage="d:\sferrari\01 - trabajo\repos\netcore\libs\template-netcore-entities\kitpymes.core.entities.tests\bin\debug\net5.0\kitpymes.core.entities.tests.dll" id="db6dc82d-0ae0-4a65-8a7d-a7cc0021e396">
      <Execution id="a2d9eee1-9031-4f65-897c-109caced3983" />
      <TestMethod codeBase="D:\SFERRARI\01 - TRABAJO\repos\netcore\libs\template-netcore-entities\Kitpymes.Core.Entities.Tests\bin\Debug\net5.0\Kitpymes.Core.Entities.Tests.dll" adapterTypeName="executor://mstestadapter/v2" className="Kitpymes.Core.Entities.ValueObjects.Tests.EmailTests" name="Equals_Passing_Valid_Distinct_Values_Returns_False" />
    </UnitTest>
    <UnitTest name="Change_Passing_Valid_Values_Returns_Name" storage="d:\sferrari\01 - trabajo\repos\netcore\libs\template-netcore-entities\kitpymes.core.entities.tests\bin\debug\net5.0\kitpymes.core.entities.tests.dll" id="322bd030-2ae3-4fd6-b000-35813577d6da">
      <Execution id="12dd7434-9e5d-43ba-9fcb-40498e9757d3" />
      <TestMethod codeBase="D:\SFERRARI\01 - TRABAJO\repos\netcore\libs\template-netcore-entities\Kitpymes.Core.Entities.Tests\bin\Debug\net5.0\Kitpymes.Core.Entities.Tests.dll" adapterTypeName="executor://mstestadapter/v2" className="Kitpymes.Core.Entities.ValueObjects.Tests.TenantNameTests" name="Change_Passing_Valid_Values_Returns_Name" />
    </UnitTest>
    <UnitTest name="Equals_Passing_Valid_Values_Returns_True (tenant_A)" storage="d:\sferrari\01 - trabajo\repos\netcore\libs\template-netcore-entities\kitpymes.core.entities.tests\bin\debug\net5.0\kitpymes.core.entities.tests.dll" id="50fa1fb2-cd28-43a0-a99a-4a44dd20fb9f">
      <Execution id="ff18cb3a-50ab-48f1-86fe-f0f24debb0b9" />
      <TestMethod codeBase="D:\SFERRARI\01 - TRABAJO\repos\netcore\libs\template-netcore-entities\Kitpymes.Core.Entities.Tests\bin\Debug\net5.0\Kitpymes.Core.Entities.Tests.dll" adapterTypeName="executor://mstestadapter/v2" className="Kitpymes.Core.Entities.ValueObjects.Tests.TenantNameTests" name="Equals_Passing_Valid_Values_Returns_True" />
    </UnitTest>
    <UnitTest name="ToString_Passing_Valid_Values_Returns_Value_String_Format (456,43543543543)" storage="d:\sferrari\01 - trabajo\repos\netcore\libs\template-netcore-entities\kitpymes.core.entities.tests\bin\debug\net5.0\kitpymes.core.entities.tests.dll" id="14c49e5b-7ee6-4ffa-b6b2-92c60c7c549c">
      <Execution id="035ba126-d3f8-435c-9abe-b7d375b30c59" />
      <TestMethod codeBase="D:\SFERRARI\01 - TRABAJO\repos\netcore\libs\template-netcore-entities\Kitpymes.Core.Entities.Tests\bin\Debug\net5.0\Kitpymes.Core.Entities.Tests.dll" adapterTypeName="executor://mstestadapter/v2" className="Kitpymes.Core.Entities.ValueObjects.Tests.TelephoneTests" name="ToString_Passing_Valid_Values_Returns_Value_String_Format" />
    </UnitTest>
    <UnitTest name="Create_Passing_Valid_Values_Returns_Subdomain (stage_hackerone.com)" storage="d:\sferrari\01 - trabajo\repos\netcore\libs\template-netcore-entities\kitpymes.core.entities.tests\bin\debug\net5.0\kitpymes.core.entities.tests.dll" id="b690e8d6-80a6-4c3f-ae8e-36afe904a9da">
      <Execution id="96c951b8-a424-4567-8887-39565dea63c9" />
      <TestMethod codeBase="D:\SFERRARI\01 - TRABAJO\repos\netcore\libs\template-netcore-entities\Kitpymes.Core.Entities.Tests\bin\Debug\net5.0\Kitpymes.Core.Entities.Tests.dll" adapterTypeName="executor://mstestadapter/v2" className="Kitpymes.Core.Entities.ValueObjects.Tests.SubdomainTests" name="Create_Passing_Valid_Values_Returns_Subdomain" />
    </UnitTest>
    <UnitTest name="ToNormalize_Passing_Valid_Values_Returns_Name_String_Format (Españá,Espana)" storage="d:\sferrari\01 - trabajo\repos\netcore\libs\template-netcore-entities\kitpymes.core.entities.tests\bin\debug\net5.0\kitpymes.core.entities.tests.dll" id="58fb2b43-7d8b-404e-8f32-100235d17fcd">
      <Execution id="6fe79adb-8777-46ea-adbe-3e1e30ddaeba" />
      <TestMethod codeBase="D:\SFERRARI\01 - TRABAJO\repos\netcore\libs\template-netcore-entities\Kitpymes.Core.Entities.Tests\bin\Debug\net5.0\Kitpymes.Core.Entities.Tests.dll" adapterTypeName="executor://mstestadapter/v2" className="Kitpymes.Core.Entities.ValueObjects.Tests.NameTests" name="ToNormalize_Passing_Valid_Values_Returns_Name_String_Format" />
    </UnitTest>
    <UnitTest name="OperatorEqual_Passing_Valid_Distinct_Values_Returns_False (Tenant_1)" storage="d:\sferrari\01 - trabajo\repos\netcore\libs\template-netcore-entities\kitpymes.core.entities.tests\bin\debug\net5.0\kitpymes.core.entities.tests.dll" id="cb9bed55-cc44-45a7-819c-8baadc39d4ff">
      <Execution id="1f606795-829e-42a5-a6c4-72ec67082c8f" />
      <TestMethod codeBase="D:\SFERRARI\01 - TRABAJO\repos\netcore\libs\template-netcore-entities\Kitpymes.Core.Entities.Tests\bin\Debug\net5.0\Kitpymes.Core.Entities.Tests.dll" adapterTypeName="executor://mstestadapter/v2" className="Kitpymes.Core.Entities.ValueObjects.Tests.TenantNameTests" name="OperatorEqual_Passing_Valid_Distinct_Values_Returns_False" />
    </UnitTest>
    <UnitTest name="IsNull_Passing_Valid_Value_Returns_False (tenant_1)" storage="d:\sferrari\01 - trabajo\repos\netcore\libs\template-netcore-entities\kitpymes.core.entities.tests\bin\debug\net5.0\kitpymes.core.entities.tests.dll" id="5106cf34-a757-47bc-a436-93a034fea8f2">
      <Execution id="d15841b1-8f99-4f14-b0a1-cc5699562534" />
      <TestMethod codeBase="D:\SFERRARI\01 - TRABAJO\repos\netcore\libs\template-netcore-entities\Kitpymes.Core.Entities.Tests\bin\Debug\net5.0\Kitpymes.Core.Entities.Tests.dll" adapterTypeName="executor://mstestadapter/v2" className="Kitpymes.Core.Entities.ValueObjects.Tests.TenantNameTests" name="IsNull_Passing_Valid_Value_Returns_False" />
    </UnitTest>
    <UnitTest name="IsNull_Passing_Valid_Value_Returns_False (TenantA)" storage="d:\sferrari\01 - trabajo\repos\netcore\libs\template-netcore-entities\kitpymes.core.entities.tests\bin\debug\net5.0\kitpymes.core.entities.tests.dll" id="3be18874-4b60-433c-8b46-55641dbc8912">
      <Execution id="6827a989-fb12-4a9a-897a-7243e931bfe2" />
      <TestMethod codeBase="D:\SFERRARI\01 - TRABAJO\repos\netcore\libs\template-netcore-entities\Kitpymes.Core.Entities.Tests\bin\Debug\net5.0\Kitpymes.Core.Entities.Tests.dll" adapterTypeName="executor://mstestadapter/v2" className="Kitpymes.Core.Entities.ValueObjects.Tests.TenantNameTests" name="IsNull_Passing_Valid_Value_Returns_False" />
    </UnitTest>
    <UnitTest name="ToFullString_Passing_Valid_Values_Returns_Value_String_Format (San Bartoleme De Tirajana,Las Palmas,España)" storage="d:\sferrari\01 - trabajo\repos\netcore\libs\template-netcore-entities\kitpymes.core.entities.tests\bin\debug\net5.0\kitpymes.core.entities.tests.dll" id="12c577bf-8a8b-49a6-ab3c-6a6d2fa78483">
      <Execution id="53deaafb-12a8-47fe-8eb8-974e50f47887" />
      <TestMethod codeBase="D:\SFERRARI\01 - TRABAJO\repos\netcore\libs\template-netcore-entities\Kitpymes.Core.Entities.Tests\bin\Debug\net5.0\Kitpymes.Core.Entities.Tests.dll" adapterTypeName="executor://mstestadapter/v2" className="Kitpymes.Core.Entities.ValueObjects.Tests.FullNameTests" name="ToFullString_Passing_Valid_Values_Returns_Value_String_Format" />
    </UnitTest>
    <UnitTest name="Change_Passing_Valid_Values_Returns_Currency (EUR)" storage="d:\sferrari\01 - trabajo\repos\netcore\libs\template-netcore-entities\kitpymes.core.entities.tests\bin\debug\net5.0\kitpymes.core.entities.tests.dll" id="5940e213-4cc0-4356-b758-00ee238704ba">
      <Execution id="5b73dcc5-2b6f-4d47-ab31-4ad3e0c46575" />
      <TestMethod codeBase="D:\SFERRARI\01 - TRABAJO\repos\netcore\libs\template-netcore-entities\Kitpymes.Core.Entities.Tests\bin\Debug\net5.0\Kitpymes.Core.Entities.Tests.dll" adapterTypeName="executor://mstestadapter/v2" className="Kitpymes.Core.Entities.ValueObjects.Tests.CurrencyTests" name="Change_Passing_Valid_Values_Returns_Currency" />
    </UnitTest>
    <UnitTest name="IsNull_Passing_Valid_Values_Returns_False (456,43543543543)" storage="d:\sferrari\01 - trabajo\repos\netcore\libs\template-netcore-entities\kitpymes.core.entities.tests\bin\debug\net5.0\kitpymes.core.entities.tests.dll" id="7af4ef23-a520-4472-846a-83ae7bbc039d">
      <Execution id="ae9d0cca-9d08-4887-941d-804ba4f4384b" />
      <TestMethod codeBase="D:\SFERRARI\01 - TRABAJO\repos\netcore\libs\template-netcore-entities\Kitpymes.Core.Entities.Tests\bin\Debug\net5.0\Kitpymes.Core.Entities.Tests.dll" adapterTypeName="executor://mstestadapter/v2" className="Kitpymes.Core.Entities.ValueObjects.Tests.TelephoneTests" name="IsNull_Passing_Valid_Values_Returns_False" />
    </UnitTest>
    <UnitTest name="OperatorEqual_Passing_Valid_Values_Returns_True (Españã)" storage="d:\sferrari\01 - trabajo\repos\netcore\libs\template-netcore-entities\kitpymes.core.entities.tests\bin\debug\net5.0\kitpymes.core.entities.tests.dll" id="0ad3c926-1b5a-4f36-a118-c93bd91d4e63">
      <Execution id="2ff454f3-574d-4f35-bd17-1f020a1f65e0" />
      <TestMethod codeBase="D:\SFERRARI\01 - TRABAJO\repos\netcore\libs\template-netcore-entities\Kitpymes.Core.Entities.Tests\bin\Debug\net5.0\Kitpymes.Core.Entities.Tests.dll" adapterTypeName="executor://mstestadapter/v2" className="Kitpymes.Core.Entities.ValueObjects.Tests.NameTests" name="OperatorEqual_Passing_Valid_Values_Returns_True" />
    </UnitTest>
    <UnitTest name="OperatorEqual_Passing_Valid_Values_Returns_True (app.hackerone1.com)" storage="d:\sferrari\01 - trabajo\repos\netcore\libs\template-netcore-entities\kitpymes.core.entities.tests\bin\debug\net5.0\kitpymes.core.entities.tests.dll" id="1bf76eae-0610-4e92-bbbf-fc25235a3c1c">
      <Execution id="b8381f50-74b4-4217-8e71-477bb9f84bcb" />
      <TestMethod codeBase="D:\SFERRARI\01 - TRABAJO\repos\netcore\libs\template-netcore-entities\Kitpymes.Core.Entities.Tests\bin\Debug\net5.0\Kitpymes.Core.Entities.Tests.dll" adapterTypeName="executor://mstestadapter/v2" className="Kitpymes.Core.Entities.ValueObjects.Tests.SubdomainTests" name="OperatorEqual_Passing_Valid_Values_Returns_True" />
    </UnitTest>
    <UnitTest name="OperatorNotEqual_Passing_Valid_Values_Returns_True (San Bartoleme De Tirajana,Las Palmas,España)" storage="d:\sferrari\01 - trabajo\repos\netcore\libs\template-netcore-entities\kitpymes.core.entities.tests\bin\debug\net5.0\kitpymes.core.entities.tests.dll" id="23413e3d-4804-4dd6-8d75-96580ddfbc2c">
      <Execution id="58c15757-ac79-4d6e-b87f-7a6a34c8bbf5" />
      <TestMethod codeBase="D:\SFERRARI\01 - TRABAJO\repos\netcore\libs\template-netcore-entities\Kitpymes.Core.Entities.Tests\bin\Debug\net5.0\Kitpymes.Core.Entities.Tests.dll" adapterTypeName="executor://mstestadapter/v2" className="Kitpymes.Core.Entities.ValueObjects.Tests.FullNameTests" name="OperatorNotEqual_Passing_Valid_Values_Returns_True" />
    </UnitTest>
    <UnitTest name="OperatorNotEqual_Passing_Valid_Values_Returns_True (TENANT_A)" storage="d:\sferrari\01 - trabajo\repos\netcore\libs\template-netcore-entities\kitpymes.core.entities.tests\bin\debug\net5.0\kitpymes.core.entities.tests.dll" id="f6921b7d-e994-40ed-bad0-1cf79d7d69a8">
      <Execution id="a9a73702-1845-41bc-bb75-17533a411325" />
      <TestMethod codeBase="D:\SFERRARI\01 - TRABAJO\repos\netcore\libs\template-netcore-entities\Kitpymes.Core.Entities.Tests\bin\Debug\net5.0\Kitpymes.Core.Entities.Tests.dll" adapterTypeName="executor://mstestadapter/v2" className="Kitpymes.Core.Entities.ValueObjects.Tests.TenantNameTests" name="OperatorNotEqual_Passing_Valid_Values_Returns_True" />
    </UnitTest>
    <UnitTest name="OperatorEqual_Passing_Valid_Values_Returns_True (Españâ)" storage="d:\sferrari\01 - trabajo\repos\netcore\libs\template-netcore-entities\kitpymes.core.entities.tests\bin\debug\net5.0\kitpymes.core.entities.tests.dll" id="8879a508-9591-4054-a384-4d238e2b371c">
      <Execution id="6b5954c2-98be-4774-a6fb-10f3dd24db8c" />
      <TestMethod codeBase="D:\SFERRARI\01 - TRABAJO\repos\netcore\libs\template-netcore-entities\Kitpymes.Core.Entities.Tests\bin\Debug\net5.0\Kitpymes.Core.Entities.Tests.dll" adapterTypeName="executor://mstestadapter/v2" className="Kitpymes.Core.Entities.ValueObjects.Tests.NameTests" name="OperatorEqual_Passing_Valid_Values_Returns_True" />
    </UnitTest>
    <UnitTest name="OperatorEqual_Passing_Valid_Distinct_Values_Returns_False (Esp añâ)" storage="d:\sferrari\01 - trabajo\repos\netcore\libs\template-netcore-entities\kitpymes.core.entities.tests\bin\debug\net5.0\kitpymes.core.entities.tests.dll" id="acca8d6e-2941-412e-be47-8b34ad5eb3e9">
      <Execution id="1ffdb85b-6933-4747-955f-91de3bcc2461" />
      <TestMethod codeBase="D:\SFERRARI\01 - TRABAJO\repos\netcore\libs\template-netcore-entities\Kitpymes.Core.Entities.Tests\bin\Debug\net5.0\Kitpymes.Core.Entities.Tests.dll" adapterTypeName="executor://mstestadapter/v2" className="Kitpymes.Core.Entities.ValueObjects.Tests.NameTests" name="OperatorEqual_Passing_Valid_Distinct_Values_Returns_False" />
    </UnitTest>
    <UnitTest name="IsNull_Passing_Null_Value_Returns_True" storage="d:\sferrari\01 - trabajo\repos\netcore\libs\template-netcore-entities\kitpymes.core.entities.tests\bin\debug\net5.0\kitpymes.core.entities.tests.dll" id="f40d0b41-3556-419b-938f-d42314b72e45">
      <Execution id="c6582b79-c808-4e5d-be8d-d435298313c5" />
      <TestMethod codeBase="D:\SFERRARI\01 - TRABAJO\repos\netcore\libs\template-netcore-entities\Kitpymes.Core.Entities.Tests\bin\Debug\net5.0\Kitpymes.Core.Entities.Tests.dll" adapterTypeName="executor://mstestadapter/v2" className="Kitpymes.Core.Entities.ValueObjects.Tests.EmailTests" name="IsNull_Passing_Null_Value_Returns_True" />
    </UnitTest>
    <UnitTest name="OperatorNotEqual_Passing_Valid_Values_Returns_True (Tenerife,23,34567,San Bartoleme De Tirajana,Las Palmas,España)" storage="d:\sferrari\01 - trabajo\repos\netcore\libs\template-netcore-entities\kitpymes.core.entities.tests\bin\debug\net5.0\kitpymes.core.entities.tests.dll" id="b70bb0fa-f730-4eac-a62d-c63e117d7522">
      <Execution id="c3d11ffb-0dba-4fff-8e1b-8861f17c9da3" />
      <TestMethod codeBase="D:\SFERRARI\01 - TRABAJO\repos\netcore\libs\template-netcore-entities\Kitpymes.Core.Entities.Tests\bin\Debug\net5.0\Kitpymes.Core.Entities.Tests.dll" adapterTypeName="executor://mstestadapter/v2" className="Kitpymes.Core.Entities.ValueObjects.Tests.AddressTests" name="OperatorNotEqual_Passing_Valid_Values_Returns_True" />
    </UnitTest>
    <UnitTest name="OperatorEqual_Passing_Valid_Values_Returns_True (USD)" storage="d:\sferrari\01 - trabajo\repos\netcore\libs\template-netcore-entities\kitpymes.core.entities.tests\bin\debug\net5.0\kitpymes.core.entities.tests.dll" id="a0bc53c3-b5a4-4b6a-bb89-55576167c35e">
      <Execution id="4b635c09-ded9-4bf8-bc64-5bd51ac29ee8" />
      <TestMethod codeBase="D:\SFERRARI\01 - TRABAJO\repos\netcore\libs\template-netcore-entities\Kitpymes.Core.Entities.Tests\bin\Debug\net5.0\Kitpymes.Core.Entities.Tests.dll" adapterTypeName="executor://mstestadapter/v2" className="Kitpymes.Core.Entities.ValueObjects.Tests.CurrencyTests" name="OperatorEqual_Passing_Valid_Values_Returns_True" />
    </UnitTest>
    <UnitTest name="Create_Passing_Valid_Values_Returns_Name (TENANT_1)" storage="d:\sferrari\01 - trabajo\repos\netcore\libs\template-netcore-entities\kitpymes.core.entities.tests\bin\debug\net5.0\kitpymes.core.entities.tests.dll" id="1577f146-809c-4530-ae9a-d6566363a19f">
      <Execution id="376e39c6-50b3-42c4-a7ca-11da3d66e08f" />
      <TestMethod codeBase="D:\SFERRARI\01 - TRABAJO\repos\netcore\libs\template-netcore-entities\Kitpymes.Core.Entities.Tests\bin\Debug\net5.0\Kitpymes.Core.Entities.Tests.dll" adapterTypeName="executor://mstestadapter/v2" className="Kitpymes.Core.Entities.ValueObjects.Tests.TenantNameTests" name="Create_Passing_Valid_Values_Returns_Name" />
    </UnitTest>
    <UnitTest name="IsNull_Passing_Valid_Value_Returns_False (www.hackerone-com)" storage="d:\sferrari\01 - trabajo\repos\netcore\libs\template-netcore-entities\kitpymes.core.entities.tests\bin\debug\net5.0\kitpymes.core.entities.tests.dll" id="115ced44-a558-4992-b065-c348e71fced5">
      <Execution id="bce30939-bb6c-45bc-847d-acbb7dcdd753" />
      <TestMethod codeBase="D:\SFERRARI\01 - TRABAJO\repos\netcore\libs\template-netcore-entities\Kitpymes.Core.Entities.Tests\bin\Debug\net5.0\Kitpymes.Core.Entities.Tests.dll" adapterTypeName="executor://mstestadapter/v2" className="Kitpymes.Core.Entities.ValueObjects.Tests.SubdomainTests" name="IsNull_Passing_Valid_Value_Returns_False" />
    </UnitTest>
    <UnitTest name="Create_Passing_Valid_Values_Returns_Currency (EUR)" storage="d:\sferrari\01 - trabajo\repos\netcore\libs\template-netcore-entities\kitpymes.core.entities.tests\bin\debug\net5.0\kitpymes.core.entities.tests.dll" id="c67139c4-cf47-42d8-ae9a-9b8ecf229e69">
      <Execution id="5284be8b-a64f-471b-bc52-dd487df28f5e" />
      <TestMethod codeBase="D:\SFERRARI\01 - TRABAJO\repos\netcore\libs\template-netcore-entities\Kitpymes.Core.Entities.Tests\bin\Debug\net5.0\Kitpymes.Core.Entities.Tests.dll" adapterTypeName="executor://mstestadapter/v2" className="Kitpymes.Core.Entities.ValueObjects.Tests.CurrencyTests" name="Create_Passing_Valid_Values_Returns_Currency" />
    </UnitTest>
    <UnitTest name="Equals_Passing_Valid_Values_Returns_True (app.hackerone1.com)" storage="d:\sferrari\01 - trabajo\repos\netcore\libs\template-netcore-entities\kitpymes.core.entities.tests\bin\debug\net5.0\kitpymes.core.entities.tests.dll" id="34d6c2bc-c005-4111-8e14-b9695551a57b">
      <Execution id="efc24617-278d-4fc3-9800-433e40af0dec" />
      <TestMethod codeBase="D:\SFERRARI\01 - TRABAJO\repos\netcore\libs\template-netcore-entities\Kitpymes.Core.Entities.Tests\bin\Debug\net5.0\Kitpymes.Core.Entities.Tests.dll" adapterTypeName="executor://mstestadapter/v2" className="Kitpymes.Core.Entities.ValueObjects.Tests.SubdomainTests" name="Equals_Passing_Valid_Values_Returns_True" />
    </UnitTest>
    <UnitTest name="Equals_Passing_Valid_Distinct_Values_Returns_False (TenantA)" storage="d:\sferrari\01 - trabajo\repos\netcore\libs\template-netcore-entities\kitpymes.core.entities.tests\bin\debug\net5.0\kitpymes.core.entities.tests.dll" id="cee04ea8-6dd8-49b4-a62f-9766d882306a">
      <Execution id="33071065-16f3-4aef-99be-e1949f4a557f" />
      <TestMethod codeBase="D:\SFERRARI\01 - TRABAJO\repos\netcore\libs\template-netcore-entities\Kitpymes.Core.Entities.Tests\bin\Debug\net5.0\Kitpymes.Core.Entities.Tests.dll" adapterTypeName="executor://mstestadapter/v2" className="Kitpymes.Core.Entities.ValueObjects.Tests.TenantNameTests" name="Equals_Passing_Valid_Distinct_Values_Returns_False" />
    </UnitTest>
    <UnitTest name="IsNull_Passing_Null_Value_Returns_True" storage="d:\sferrari\01 - trabajo\repos\netcore\libs\template-netcore-entities\kitpymes.core.entities.tests\bin\debug\net5.0\kitpymes.core.entities.tests.dll" id="fde8a628-0306-40ad-8b52-6ee85cc391bd">
      <Execution id="3aa5503b-6da7-4096-81d2-fdb750a851ac" />
      <TestMethod codeBase="D:\SFERRARI\01 - TRABAJO\repos\netcore\libs\template-netcore-entities\Kitpymes.Core.Entities.Tests\bin\Debug\net5.0\Kitpymes.Core.Entities.Tests.dll" adapterTypeName="executor://mstestadapter/v2" className="Kitpymes.Core.Entities.ValueObjects.Tests.StringIdTests" name="IsNull_Passing_Null_Value_Returns_True" />
    </UnitTest>
    <UnitTest name="ToEnum_Passing_Invalid_Int_Name_Enumeracion_Returns_Null" storage="d:\sferrari\01 - trabajo\repos\netcore\libs\template-netcore-entities\kitpymes.core.entities.tests\bin\debug\net5.0\kitpymes.core.entities.tests.dll" id="d91c719d-c5d1-4fcd-a404-fbbfecc4c6fc">
      <Execution id="5792cf2b-a70a-4bd8-8499-a4135d149907" />
      <TestMethod codeBase="D:\SFERRARI\01 - TRABAJO\repos\netcore\libs\template-netcore-entities\Kitpymes.Core.Entities.Tests\bin\Debug\net5.0\Kitpymes.Core.Entities.Tests.dll" adapterTypeName="executor://mstestadapter/v2" className="Kitpymes.Core.Entities.Enumerations.Tests.SubscriptionEnumTests" name="ToEnum_Passing_Invalid_Int_Name_Enumeracion_Returns_Null" />
    </UnitTest>
    <UnitTest name="OperatorNotEqual_Passing_Valid_Values_Returns_False (app.hackerone1.com)" storage="d:\sferrari\01 - trabajo\repos\netcore\libs\template-netcore-entities\kitpymes.core.entities.tests\bin\debug\net5.0\kitpymes.core.entities.tests.dll" id="c6062066-0400-446e-a394-695aaa6ff0c4">
      <Execution id="58d0bc1a-689a-45f4-a2a5-19cdc31f46ca" />
      <TestMethod codeBase="D:\SFERRARI\01 - TRABAJO\repos\netcore\libs\template-netcore-entities\Kitpymes.Core.Entities.Tests\bin\Debug\net5.0\Kitpymes.Core.Entities.Tests.dll" adapterTypeName="executor://mstestadapter/v2" className="Kitpymes.Core.Entities.ValueObjects.Tests.SubdomainTests" name="OperatorNotEqual_Passing_Valid_Values_Returns_False" />
    </UnitTest>
    <UnitTest name="Create_Passing_Valid_Values_Returns_Name (Españä)" storage="d:\sferrari\01 - trabajo\repos\netcore\libs\template-netcore-entities\kitpymes.core.entities.tests\bin\debug\net5.0\kitpymes.core.entities.tests.dll" id="5a26d572-136c-4749-a587-1c5a52a1ab2a">
      <Execution id="4766bfe6-72ff-4daf-99f4-1542a59af853" />
      <TestMethod codeBase="D:\SFERRARI\01 - TRABAJO\repos\netcore\libs\template-netcore-entities\Kitpymes.Core.Entities.Tests\bin\Debug\net5.0\Kitpymes.Core.Entities.Tests.dll" adapterTypeName="executor://mstestadapter/v2" className="Kitpymes.Core.Entities.ValueObjects.Tests.NameTests" name="Create_Passing_Valid_Values_Returns_Name" />
    </UnitTest>
    <UnitTest name="OperatorEqual_Passing_Valid_Distinct_Values_Returns_False (200,EUR,4)" storage="d:\sferrari\01 - trabajo\repos\netcore\libs\template-netcore-entities\kitpymes.core.entities.tests\bin\debug\net5.0\kitpymes.core.entities.tests.dll" id="c6c43f6a-069e-4376-85c7-7893586026f8">
      <Execution id="d8d15a99-c25a-4f5b-903b-10b357d60666" />
      <TestMethod codeBase="D:\SFERRARI\01 - TRABAJO\repos\netcore\libs\template-netcore-entities\Kitpymes.Core.Entities.Tests\bin\Debug\net5.0\Kitpymes.Core.Entities.Tests.dll" adapterTypeName="executor://mstestadapter/v2" className="Kitpymes.Core.Entities.ValueObjects.Tests.MoneyTests" name="OperatorEqual_Passing_Valid_Distinct_Values_Returns_False" />
    </UnitTest>
    <UnitTest name="ToEnum_Passing_Valid_Bool_Value_Returns_Enumeracion" storage="d:\sferrari\01 - trabajo\repos\netcore\libs\template-netcore-entities\kitpymes.core.entities.tests\bin\debug\net5.0\kitpymes.core.entities.tests.dll" id="eff32efd-c7f2-431a-8194-ce4adf9073b6">
      <Execution id="8fc720fe-3e81-4155-aff2-657277eba5a3" />
      <TestMethod codeBase="D:\SFERRARI\01 - TRABAJO\repos\netcore\libs\template-netcore-entities\Kitpymes.Core.Entities.Tests\bin\Debug\net5.0\Kitpymes.Core.Entities.Tests.dll" adapterTypeName="executor://mstestadapter/v2" className="Kitpymes.Core.Entities.Enumerations.Tests.StatusEnumTests" name="ToEnum_Passing_Valid_Bool_Value_Returns_Enumeracion" />
    </UnitTest>
    <UnitTest name="IsNull_Passing_Null_Address_Returns_True" storage="d:\sferrari\01 - trabajo\repos\netcore\libs\template-netcore-entities\kitpymes.core.entities.tests\bin\debug\net5.0\kitpymes.core.entities.tests.dll" id="07371fb2-f4d6-4efc-bbf1-cb37cefae660">
      <Execution id="4096684a-2a37-4bf6-aaa4-e21ab48f2c35" />
      <TestMethod codeBase="D:\SFERRARI\01 - TRABAJO\repos\netcore\libs\template-netcore-entities\Kitpymes.Core.Entities.Tests\bin\Debug\net5.0\Kitpymes.Core.Entities.Tests.dll" adapterTypeName="executor://mstestadapter/v2" className="Kitpymes.Core.Entities.ValueObjects.Tests.AddressTests" name="IsNull_Passing_Null_Address_Returns_True" />
    </UnitTest>
    <UnitTest name="ToEnum_Passing_Valid_String_Name_Enumeracion_Returns_Enumeracion" storage="d:\sferrari\01 - trabajo\repos\netcore\libs\template-netcore-entities\kitpymes.core.entities.tests\bin\debug\net5.0\kitpymes.core.entities.tests.dll" id="258759f2-1e09-49ea-be8d-1b2309b6ff3c">
      <Execution id="89b950e5-74b6-49c8-b54b-3e39b356f550" />
      <TestMethod codeBase="D:\SFERRARI\01 - TRABAJO\repos\netcore\libs\template-netcore-entities\Kitpymes.Core.Entities.Tests\bin\Debug\net5.0\Kitpymes.Core.Entities.Tests.dll" adapterTypeName="executor://mstestadapter/v2" className="Kitpymes.Core.Entities.Enumerations.Tests.LogTypeEnumTests" name="ToEnum_Passing_Valid_String_Name_Enumeracion_Returns_Enumeracion" />
    </UnitTest>
    <UnitTest name="Equals_Passing_Valid_Distinct_Values_Returns_False (San Bartoleme De Tirajana,Las Palmas,España)" storage="d:\sferrari\01 - trabajo\repos\netcore\libs\template-netcore-entities\kitpymes.core.entities.tests\bin\debug\net5.0\kitpymes.core.entities.tests.dll" id="cd2868eb-8445-494f-8243-189fb5504101">
      <Execution id="48b1be4b-c763-4ff6-8557-6585cc473496" />
      <TestMethod codeBase="D:\SFERRARI\01 - TRABAJO\repos\netcore\libs\template-netcore-entities\Kitpymes.Core.Entities.Tests\bin\Debug\net5.0\Kitpymes.Core.Entities.Tests.dll" adapterTypeName="executor://mstestadapter/v2" className="Kitpymes.Core.Entities.ValueObjects.Tests.FullNameTests" name="Equals_Passing_Valid_Distinct_Values_Returns_False" />
    </UnitTest>
    <UnitTest name="Create_Passing_Valid_Values_Returns_Name (tenant_1)" storage="d:\sferrari\01 - trabajo\repos\netcore\libs\template-netcore-entities\kitpymes.core.entities.tests\bin\debug\net5.0\kitpymes.core.entities.tests.dll" id="de7ef5ce-a0be-42b5-b8fc-b949ba161725">
      <Execution id="28544679-42cc-4636-84d6-8f9b0478a8cd" />
      <TestMethod codeBase="D:\SFERRARI\01 - TRABAJO\repos\netcore\libs\template-netcore-entities\Kitpymes.Core.Entities.Tests\bin\Debug\net5.0\Kitpymes.Core.Entities.Tests.dll" adapterTypeName="executor://mstestadapter/v2" className="Kitpymes.Core.Entities.ValueObjects.Tests.TenantNameTests" name="Create_Passing_Valid_Values_Returns_Name" />
    </UnitTest>
    <UnitTest name="Create_Passing_InvalidOrNull_Value_Returns_ApplicationException (dasdasd@dsasd.._ff)" storage="d:\sferrari\01 - trabajo\repos\netcore\libs\template-netcore-entities\kitpymes.core.entities.tests\bin\debug\net5.0\kitpymes.core.entities.tests.dll" id="87cd9b0a-5fed-41f8-b638-e40a2f15b47d">
      <Execution id="8d6ee10d-45be-4755-8410-404d784c0d15" />
      <TestMethod codeBase="D:\SFERRARI\01 - TRABAJO\repos\netcore\libs\template-netcore-entities\Kitpymes.Core.Entities.Tests\bin\Debug\net5.0\Kitpymes.Core.Entities.Tests.dll" adapterTypeName="executor://mstestadapter/v2" className="Kitpymes.Core.Entities.ValueObjects.Tests.EmailTests" name="Create_Passing_InvalidOrNull_Value_Returns_ApplicationException" />
    </UnitTest>
    <UnitTest name="Create_Passing_Valid_Value_Returns_Email (bb_ads@ggg.cc)" storage="d:\sferrari\01 - trabajo\repos\netcore\libs\template-netcore-entities\kitpymes.core.entities.tests\bin\debug\net5.0\kitpymes.core.entities.tests.dll" id="bbe308d0-a8fd-4afa-931c-a78d1b46ef71">
      <Execution id="995437b2-f2f3-4f8c-a9fe-d342b2a689cf" />
      <TestMethod codeBase="D:\SFERRARI\01 - TRABAJO\repos\netcore\libs\template-netcore-entities\Kitpymes.Core.Entities.Tests\bin\Debug\net5.0\Kitpymes.Core.Entities.Tests.dll" adapterTypeName="executor://mstestadapter/v2" className="Kitpymes.Core.Entities.ValueObjects.Tests.EmailTests" name="Create_Passing_Valid_Value_Returns_Email" />
    </UnitTest>
    <UnitTest name="OperatorEqual_Passing_Valid_Values_Returns_True (Españç)" storage="d:\sferrari\01 - trabajo\repos\netcore\libs\template-netcore-entities\kitpymes.core.entities.tests\bin\debug\net5.0\kitpymes.core.entities.tests.dll" id="7b8c4d2a-ff08-49a0-94e0-78a362e55afb">
      <Execution id="f55a146e-7f43-4df9-90b0-cbfdca538798" />
      <TestMethod codeBase="D:\SFERRARI\01 - TRABAJO\repos\netcore\libs\template-netcore-entities\Kitpymes.Core.Entities.Tests\bin\Debug\net5.0\Kitpymes.Core.Entities.Tests.dll" adapterTypeName="executor://mstestadapter/v2" className="Kitpymes.Core.Entities.ValueObjects.Tests.NameTests" name="OperatorEqual_Passing_Valid_Values_Returns_True" />
    </UnitTest>
    <UnitTest name="OperatorEqual_Passing_Valid_Distinct_Values_Returns_False (Sabadell,Barcelona,España)" storage="d:\sferrari\01 - trabajo\repos\netcore\libs\template-netcore-entities\kitpymes.core.entities.tests\bin\debug\net5.0\kitpymes.core.entities.tests.dll" id="dcc0c604-5793-4cf2-95f0-a718c05eee41">
      <Execution id="f97f2fc2-3df7-42b7-94b8-94a3eba30173" />
      <TestMethod codeBase="D:\SFERRARI\01 - TRABAJO\repos\netcore\libs\template-netcore-entities\Kitpymes.Core.Entities.Tests\bin\Debug\net5.0\Kitpymes.Core.Entities.Tests.dll" adapterTypeName="executor://mstestadapter/v2" className="Kitpymes.Core.Entities.ValueObjects.Tests.FullNameTests" name="OperatorEqual_Passing_Valid_Distinct_Values_Returns_False" />
    </UnitTest>
    <UnitTest name="OperatorEqual_Passing_Valid_Values_Returns_True (Españä)" storage="d:\sferrari\01 - trabajo\repos\netcore\libs\template-netcore-entities\kitpymes.core.entities.tests\bin\debug\net5.0\kitpymes.core.entities.tests.dll" id="9b1a1763-a9de-4a0d-8852-df1746cb4d6e">
      <Execution id="1d9dfde0-7b84-4272-a4cc-d0c4234d377e" />
      <TestMethod codeBase="D:\SFERRARI\01 - TRABAJO\repos\netcore\libs\template-netcore-entities\Kitpymes.Core.Entities.Tests\bin\Debug\net5.0\Kitpymes.Core.Entities.Tests.dll" adapterTypeName="executor://mstestadapter/v2" className="Kitpymes.Core.Entities.ValueObjects.Tests.NameTests" name="OperatorEqual_Passing_Valid_Values_Returns_True" />
    </UnitTest>
    <UnitTest name="OperatorEqual_Passing_Valid_Distinct_Values_Returns_False (D45,86554654)" storage="d:\sferrari\01 - trabajo\repos\netcore\libs\template-netcore-entities\kitpymes.core.entities.tests\bin\debug\net5.0\kitpymes.core.entities.tests.dll" id="c9e66908-5507-4d03-b270-421cb022414a">
      <Execution id="f124c883-78fd-46a9-8cc6-74862abcafbd" />
      <TestMethod codeBase="D:\SFERRARI\01 - TRABAJO\repos\netcore\libs\template-netcore-entities\Kitpymes.Core.Entities.Tests\bin\Debug\net5.0\Kitpymes.Core.Entities.Tests.dll" adapterTypeName="executor://mstestadapter/v2" className="Kitpymes.Core.Entities.ValueObjects.Tests.TelephoneTests" name="OperatorEqual_Passing_Valid_Distinct_Values_Returns_False" />
    </UnitTest>
    <UnitTest name="ToString_Passing_Valid_Values_Returns_Name (tenantA)" storage="d:\sferrari\01 - trabajo\repos\netcore\libs\template-netcore-entities\kitpymes.core.entities.tests\bin\debug\net5.0\kitpymes.core.entities.tests.dll" id="2f218310-7a2a-47cc-be23-a8e63532cd6e">
      <Execution id="9e34f8f4-a928-4328-bab2-ec6dfd4304ef" />
      <TestMethod codeBase="D:\SFERRARI\01 - TRABAJO\repos\netcore\libs\template-netcore-entities\Kitpymes.Core.Entities.Tests\bin\Debug\net5.0\Kitpymes.Core.Entities.Tests.dll" adapterTypeName="executor://mstestadapter/v2" className="Kitpymes.Core.Entities.ValueObjects.Tests.TenantNameTests" name="ToString_Passing_Valid_Values_Returns_Name" />
    </UnitTest>
    <UnitTest name="ToNormalize_Passing_Valid_Values_Returns_Address_String_Format (ñandu@gmail.com)" storage="d:\sferrari\01 - trabajo\repos\netcore\libs\template-netcore-entities\kitpymes.core.entities.tests\bin\debug\net5.0\kitpymes.core.entities.tests.dll" id="5fe69d12-5c4e-4889-9a58-8910f4a7359c">
      <Execution id="f3e34d0e-4ab2-4e09-bc0d-679bd1596879" />
      <TestMethod codeBase="D:\SFERRARI\01 - TRABAJO\repos\netcore\libs\template-netcore-entities\Kitpymes.Core.Entities.Tests\bin\Debug\net5.0\Kitpymes.Core.Entities.Tests.dll" adapterTypeName="executor://mstestadapter/v2" className="Kitpymes.Core.Entities.ValueObjects.Tests.EmailTests" name="ToNormalize_Passing_Valid_Values_Returns_Address_String_Format" />
    </UnitTest>
    <UnitTest name="OperatorNotEqual_Passing_Valid_Values_Returns_False (España)" storage="d:\sferrari\01 - trabajo\repos\netcore\libs\template-netcore-entities\kitpymes.core.entities.tests\bin\debug\net5.0\kitpymes.core.entities.tests.dll" id="9cce29e8-8e38-4215-a3d8-20d00dd46025">
      <Execution id="af5fe9cf-b34e-4f46-9cda-f4134c239881" />
      <TestMethod codeBase="D:\SFERRARI\01 - TRABAJO\repos\netcore\libs\template-netcore-entities\Kitpymes.Core.Entities.Tests\bin\Debug\net5.0\Kitpymes.Core.Entities.Tests.dll" adapterTypeName="executor://mstestadapter/v2" className="Kitpymes.Core.Entities.ValueObjects.Tests.NameTests" name="OperatorNotEqual_Passing_Valid_Values_Returns_False" />
    </UnitTest>
    <UnitTest name="IsNull_Passing_Null_Value_Returns_True" storage="d:\sferrari\01 - trabajo\repos\netcore\libs\template-netcore-entities\kitpymes.core.entities.tests\bin\debug\net5.0\kitpymes.core.entities.tests.dll" id="fb8c729b-c71a-4c22-acef-a1ddaf9a5df3">
      <Execution id="953f964b-6195-4a8a-b7d7-c0097aa5f9d0" />
      <TestMethod codeBase="D:\SFERRARI\01 - TRABAJO\repos\netcore\libs\template-netcore-entities\Kitpymes.Core.Entities.Tests\bin\Debug\net5.0\Kitpymes.Core.Entities.Tests.dll" adapterTypeName="executor://mstestadapter/v2" className="Kitpymes.Core.Entities.ValueObjects.Tests.FullNameTests" name="IsNull_Passing_Null_Value_Returns_True" />
    </UnitTest>
    <UnitTest name="OperatorNotEqual_Passing_Valid_Values_Returns_False (34fsds@sdd.fgg)" storage="d:\sferrari\01 - trabajo\repos\netcore\libs\template-netcore-entities\kitpymes.core.entities.tests\bin\debug\net5.0\kitpymes.core.entities.tests.dll" id="fa34b6f5-8946-4f34-bda8-81116880fc27">
      <Execution id="56ce9f41-77d5-4914-b6c7-e3d260b6e408" />
      <TestMethod codeBase="D:\SFERRARI\01 - TRABAJO\repos\netcore\libs\template-netcore-entities\Kitpymes.Core.Entities.Tests\bin\Debug\net5.0\Kitpymes.Core.Entities.Tests.dll" adapterTypeName="executor://mstestadapter/v2" className="Kitpymes.Core.Entities.ValueObjects.Tests.EmailTests" name="OperatorNotEqual_Passing_Valid_Values_Returns_False" />
    </UnitTest>
    <UnitTest name="Equals_Passing_Valid_Distinct_Values_Returns_False (stage_hackerone.com)" storage="d:\sferrari\01 - trabajo\repos\netcore\libs\template-netcore-entities\kitpymes.core.entities.tests\bin\debug\net5.0\kitpymes.core.entities.tests.dll" id="e0916e9e-86a5-4328-90cb-f3f490801d9a">
      <Execution id="a3ded4a1-b80d-4319-abd2-6ad217c3780e" />
      <TestMethod codeBase="D:\SFERRARI\01 - TRABAJO\repos\netcore\libs\template-netcore-entities\Kitpymes.Core.Entities.Tests\bin\Debug\net5.0\Kitpymes.Core.Entities.Tests.dll" adapterTypeName="executor://mstestadapter/v2" className="Kitpymes.Core.Entities.ValueObjects.Tests.SubdomainTests" name="Equals_Passing_Valid_Distinct_Values_Returns_False" />
    </UnitTest>
    <UnitTest name="ToString_Passing_Valid_Values_Returns_Address_String_Format (Tenerife,23,34567,San Bartoleme De Tirajana,Las Palmas,España)" storage="d:\sferrari\01 - trabajo\repos\netcore\libs\template-netcore-entities\kitpymes.core.entities.tests\bin\debug\net5.0\kitpymes.core.entities.tests.dll" id="b30aa3ba-ca0c-48f0-b244-cf8e08c87595">
      <Execution id="4694a506-b3d7-496d-8ef1-83cfc7550717" />
      <TestMethod codeBase="D:\SFERRARI\01 - TRABAJO\repos\netcore\libs\template-netcore-entities\Kitpymes.Core.Entities.Tests\bin\Debug\net5.0\Kitpymes.Core.Entities.Tests.dll" adapterTypeName="executor://mstestadapter/v2" className="Kitpymes.Core.Entities.ValueObjects.Tests.AddressTests" name="ToString_Passing_Valid_Values_Returns_Address_String_Format" />
    </UnitTest>
    <UnitTest name="ToNormalize_Passing_Valid_Values_Returns_Name_String_Format (Españà,Espana)" storage="d:\sferrari\01 - trabajo\repos\netcore\libs\template-netcore-entities\kitpymes.core.entities.tests\bin\debug\net5.0\kitpymes.core.entities.tests.dll" id="eb909fec-7cc7-4caf-abe4-6838f08c5fb5">
      <Execution id="2d87d226-43cc-4196-951b-b4fe34b18ee0" />
      <TestMethod codeBase="D:\SFERRARI\01 - TRABAJO\repos\netcore\libs\template-netcore-entities\Kitpymes.Core.Entities.Tests\bin\Debug\net5.0\Kitpymes.Core.Entities.Tests.dll" adapterTypeName="executor://mstestadapter/v2" className="Kitpymes.Core.Entities.ValueObjects.Tests.NameTests" name="ToNormalize_Passing_Valid_Values_Returns_Name_String_Format" />
    </UnitTest>
    <UnitTest name="ToString_Passing_Valid_Values_Returns_Name (Tenant_1)" storage="d:\sferrari\01 - trabajo\repos\netcore\libs\template-netcore-entities\kitpymes.core.entities.tests\bin\debug\net5.0\kitpymes.core.entities.tests.dll" id="149922d1-7967-407e-8b4d-1ed344b8e797">
      <Execution id="6df1674f-a037-46ce-a1a6-55d236fb6ede" />
      <TestMethod codeBase="D:\SFERRARI\01 - TRABAJO\repos\netcore\libs\template-netcore-entities\Kitpymes.Core.Entities.Tests\bin\Debug\net5.0\Kitpymes.Core.Entities.Tests.dll" adapterTypeName="executor://mstestadapter/v2" className="Kitpymes.Core.Entities.ValueObjects.Tests.TenantNameTests" name="ToString_Passing_Valid_Values_Returns_Name" />
    </UnitTest>
    <UnitTest name="OperatorEqual_Passing_Valid_Values_Returns_True (400,USD,8)" storage="d:\sferrari\01 - trabajo\repos\netcore\libs\template-netcore-entities\kitpymes.core.entities.tests\bin\debug\net5.0\kitpymes.core.entities.tests.dll" id="e7ea9fd0-7d21-4391-bbab-59645336abfe">
      <Execution id="f6787bbb-b83a-40e2-a649-b7222a0eefba" />
      <TestMethod codeBase="D:\SFERRARI\01 - TRABAJO\repos\netcore\libs\template-netcore-entities\Kitpymes.Core.Entities.Tests\bin\Debug\net5.0\Kitpymes.Core.Entities.Tests.dll" adapterTypeName="executor://mstestadapter/v2" className="Kitpymes.Core.Entities.ValueObjects.Tests.MoneyTests" name="OperatorEqual_Passing_Valid_Values_Returns_True" />
    </UnitTest>
    <UnitTest name="ToString_Passing_Valid_Values_Returns_StringId (San Bartoleme De Tirajana)" storage="d:\sferrari\01 - trabajo\repos\netcore\libs\template-netcore-entities\kitpymes.core.entities.tests\bin\debug\net5.0\kitpymes.core.entities.tests.dll" id="0e80fabe-8bbf-4f58-8104-cedb204aa364">
      <Execution id="6099a22a-6efb-40f5-a01e-0b573b834805" />
      <TestMethod codeBase="D:\SFERRARI\01 - TRABAJO\repos\netcore\libs\template-netcore-entities\Kitpymes.Core.Entities.Tests\bin\Debug\net5.0\Kitpymes.Core.Entities.Tests.dll" adapterTypeName="executor://mstestadapter/v2" className="Kitpymes.Core.Entities.ValueObjects.Tests.StringIdTests" name="ToString_Passing_Valid_Values_Returns_StringId" />
    </UnitTest>
    <UnitTest name="IsNull_Passing_Valid_Value_Returns_False (tenant1)" storage="d:\sferrari\01 - trabajo\repos\netcore\libs\template-netcore-entities\kitpymes.core.entities.tests\bin\debug\net5.0\kitpymes.core.entities.tests.dll" id="b12a7e28-9e75-456d-98f4-078760e8b495">
      <Execution id="5e077160-1f8d-421f-8dd7-55580f1b46aa" />
      <TestMethod codeBase="D:\SFERRARI\01 - TRABAJO\repos\netcore\libs\template-netcore-entities\Kitpymes.Core.Entities.Tests\bin\Debug\net5.0\Kitpymes.Core.Entities.Tests.dll" adapterTypeName="executor://mstestadapter/v2" className="Kitpymes.Core.Entities.ValueObjects.Tests.TenantNameTests" name="IsNull_Passing_Valid_Value_Returns_False" />
    </UnitTest>
    <UnitTest name="ToString_Passing_Valid_Values_Returns_Name (Tenant1)" storage="d:\sferrari\01 - trabajo\repos\netcore\libs\template-netcore-entities\kitpymes.core.entities.tests\bin\debug\net5.0\kitpymes.core.entities.tests.dll" id="67e5009a-ca37-4f27-93f3-d4b81dfd16b1">
      <Execution id="6a6eedf3-acbe-4a4b-a7fa-d112af2b2be6" />
      <TestMethod codeBase="D:\SFERRARI\01 - TRABAJO\repos\netcore\libs\template-netcore-entities\Kitpymes.Core.Entities.Tests\bin\Debug\net5.0\Kitpymes.Core.Entities.Tests.dll" adapterTypeName="executor://mstestadapter/v2" className="Kitpymes.Core.Entities.ValueObjects.Tests.TenantNameTests" name="ToString_Passing_Valid_Values_Returns_Name" />
    </UnitTest>
    <UnitTest name="Create_Passing_Valid_Values_Returns_FullName (Sabadell,Barcelona,España)" storage="d:\sferrari\01 - trabajo\repos\netcore\libs\template-netcore-entities\kitpymes.core.entities.tests\bin\debug\net5.0\kitpymes.core.entities.tests.dll" id="07437bc6-759d-4db2-82dd-1de887bd072e">
      <Execution id="4862a0bb-4cf5-4642-9414-a17124eee904" />
      <TestMethod codeBase="D:\SFERRARI\01 - TRABAJO\repos\netcore\libs\template-netcore-entities\Kitpymes.Core.Entities.Tests\bin\Debug\net5.0\Kitpymes.Core.Entities.Tests.dll" adapterTypeName="executor://mstestadapter/v2" className="Kitpymes.Core.Entities.ValueObjects.Tests.FullNameTests" name="Create_Passing_Valid_Values_Returns_FullName" />
    </UnitTest>
    <UnitTest name="OperatorNotEqual_Passing_Valid_Values_Returns_False (USD)" storage="d:\sferrari\01 - trabajo\repos\netcore\libs\template-netcore-entities\kitpymes.core.entities.tests\bin\debug\net5.0\kitpymes.core.entities.tests.dll" id="0f1b10e8-6fa9-44b3-bf30-922ebf4cfb1b">
      <Execution id="6a76311b-9f72-4927-86c7-56cdacf167ed" />
      <TestMethod codeBase="D:\SFERRARI\01 - TRABAJO\repos\netcore\libs\template-netcore-entities\Kitpymes.Core.Entities.Tests\bin\Debug\net5.0\Kitpymes.Core.Entities.Tests.dll" adapterTypeName="executor://mstestadapter/v2" className="Kitpymes.Core.Entities.ValueObjects.Tests.CurrencyTests" name="OperatorNotEqual_Passing_Valid_Values_Returns_False" />
    </UnitTest>
    <UnitTest name="OperatorNotEqual_Passing_Valid_Values_Returns_False (Pader,789,DF7956,Sabadell,Barcelona,España)" storage="d:\sferrari\01 - trabajo\repos\netcore\libs\template-netcore-entities\kitpymes.core.entities.tests\bin\debug\net5.0\kitpymes.core.entities.tests.dll" id="6f77386a-78ff-4285-a338-84de3dd7a477">
      <Execution id="4c2509fe-814b-43b6-a233-510543fd096e" />
      <TestMethod codeBase="D:\SFERRARI\01 - TRABAJO\repos\netcore\libs\template-netcore-entities\Kitpymes.Core.Entities.Tests\bin\Debug\net5.0\Kitpymes.Core.Entities.Tests.dll" adapterTypeName="executor://mstestadapter/v2" className="Kitpymes.Core.Entities.ValueObjects.Tests.AddressTests" name="OperatorNotEqual_Passing_Valid_Values_Returns_False" />
    </UnitTest>
    <UnitTest name="IsNull_Passing_Valid_Value_Returns_False (Tenant_1)" storage="d:\sferrari\01 - trabajo\repos\netcore\libs\template-netcore-entities\kitpymes.core.entities.tests\bin\debug\net5.0\kitpymes.core.entities.tests.dll" id="ee380686-a795-44ac-a72c-5e2102c0a019">
      <Execution id="1fe9eb61-eff6-4948-865a-bf28cc7d8548" />
      <TestMethod codeBase="D:\SFERRARI\01 - TRABAJO\repos\netcore\libs\template-netcore-entities\Kitpymes.Core.Entities.Tests\bin\Debug\net5.0\Kitpymes.Core.Entities.Tests.dll" adapterTypeName="executor://mstestadapter/v2" className="Kitpymes.Core.Entities.ValueObjects.Tests.TenantNameTests" name="IsNull_Passing_Valid_Value_Returns_False" />
    </UnitTest>
    <UnitTest name="GetAll_Passing_Nothing_Returns_Enumeracion_List" storage="d:\sferrari\01 - trabajo\repos\netcore\libs\template-netcore-entities\kitpymes.core.entities.tests\bin\debug\net5.0\kitpymes.core.entities.tests.dll" id="aa734f76-89a2-4fb4-8723-dcf3e626d737">
      <Execution id="42327afb-a40d-4f0d-adb9-12eb289d62b2" />
      <TestMethod codeBase="D:\SFERRARI\01 - TRABAJO\repos\netcore\libs\template-netcore-entities\Kitpymes.Core.Entities.Tests\bin\Debug\net5.0\Kitpymes.Core.Entities.Tests.dll" adapterTypeName="executor://mstestadapter/v2" className="Kitpymes.Core.Entities.Enumerations.Tests.SubscriptionEnumTests" name="GetAll_Passing_Nothing_Returns_Enumeracion_List" />
    </UnitTest>
    <UnitTest name="Equals_Passing_Valid_Distinct_Values_Returns_False (Españà)" storage="d:\sferrari\01 - trabajo\repos\netcore\libs\template-netcore-entities\kitpymes.core.entities.tests\bin\debug\net5.0\kitpymes.core.entities.tests.dll" id="3dfce9cb-f560-42d9-b4e6-1e527883bb7d">
      <Execution id="2f3521dc-b583-42e0-9b41-19ea5a2fa2ba" />
      <TestMethod codeBase="D:\SFERRARI\01 - TRABAJO\repos\netcore\libs\template-netcore-entities\Kitpymes.Core.Entities.Tests\bin\Debug\net5.0\Kitpymes.Core.Entities.Tests.dll" adapterTypeName="executor://mstestadapter/v2" className="Kitpymes.Core.Entities.ValueObjects.Tests.NameTests" name="Equals_Passing_Valid_Distinct_Values_Returns_False" />
    </UnitTest>
    <UnitTest name="ToNormalize_Passing_Valid_Values_Returns_Address_String_Format (ádsads@ggg.cc)" storage="d:\sferrari\01 - trabajo\repos\netcore\libs\template-netcore-entities\kitpymes.core.entities.tests\bin\debug\net5.0\kitpymes.core.entities.tests.dll" id="a2387616-3bcd-4e6e-8ad2-c1dbfc71a8bd">
      <Execution id="8098756b-a51b-4b28-88f4-25d3e627b4b9" />
      <TestMethod codeBase="D:\SFERRARI\01 - TRABAJO\repos\netcore\libs\template-netcore-entities\Kitpymes.Core.Entities.Tests\bin\Debug\net5.0\Kitpymes.Core.Entities.Tests.dll" adapterTypeName="executor://mstestadapter/v2" className="Kitpymes.Core.Entities.ValueObjects.Tests.EmailTests" name="ToNormalize_Passing_Valid_Values_Returns_Address_String_Format" />
    </UnitTest>
    <UnitTest name="IsVisa_Passing_Nothing_Returns_True" storage="d:\sferrari\01 - trabajo\repos\netcore\libs\template-netcore-entities\kitpymes.core.entities.tests\bin\debug\net5.0\kitpymes.core.entities.tests.dll" id="b5937a6a-e0f6-4132-8384-00e993a6d53e">
      <Execution id="75a02750-2c6a-4c8f-bb3e-b930253711d1" />
      <TestMethod codeBase="D:\SFERRARI\01 - TRABAJO\repos\netcore\libs\template-netcore-entities\Kitpymes.Core.Entities.Tests\bin\Debug\net5.0\Kitpymes.Core.Entities.Tests.dll" adapterTypeName="executor://mstestadapter/v2" className="Kitpymes.Core.Entities.Enumerations.Tests.CardTypeEnumTests" name="IsVisa_Passing_Nothing_Returns_True" />
    </UnitTest>
    <UnitTest name="Create_Passing_Valid_Values_Returns_Address (400,USD,8)" storage="d:\sferrari\01 - trabajo\repos\netcore\libs\template-netcore-entities\kitpymes.core.entities.tests\bin\debug\net5.0\kitpymes.core.entities.tests.dll" id="a147594b-119a-4776-99a2-18a0a0ca45fa">
      <Execution id="77cb8b05-2c35-49bb-ba8e-84a8f6877990" />
      <TestMethod codeBase="D:\SFERRARI\01 - TRABAJO\repos\netcore\libs\template-netcore-entities\Kitpymes.Core.Entities.Tests\bin\Debug\net5.0\Kitpymes.Core.Entities.Tests.dll" adapterTypeName="executor://mstestadapter/v2" className="Kitpymes.Core.Entities.ValueObjects.Tests.MoneyTests" name="Create_Passing_Valid_Values_Returns_Address" />
    </UnitTest>
    <UnitTest name="OperatorNotEqual_Passing_Valid_Values_Returns_True (tenant1)" storage="d:\sferrari\01 - trabajo\repos\netcore\libs\template-netcore-entities\kitpymes.core.entities.tests\bin\debug\net5.0\kitpymes.core.entities.tests.dll" id="8fd31915-9b75-4d0f-a9e4-7ac85de4cec0">
      <Execution id="cfaaf177-116e-4293-8a34-5ef02ba348e2" />
      <TestMethod codeBase="D:\SFERRARI\01 - TRABAJO\repos\netcore\libs\template-netcore-entities\Kitpymes.Core.Entities.Tests\bin\Debug\net5.0\Kitpymes.Core.Entities.Tests.dll" adapterTypeName="executor://mstestadapter/v2" className="Kitpymes.Core.Entities.ValueObjects.Tests.TenantNameTests" name="OperatorNotEqual_Passing_Valid_Values_Returns_True" />
    </UnitTest>
    <UnitTest name="Equals_Passing_Valid_Values_Returns_True (Españä)" storage="d:\sferrari\01 - trabajo\repos\netcore\libs\template-netcore-entities\kitpymes.core.entities.tests\bin\debug\net5.0\kitpymes.core.entities.tests.dll" id="ca53e4ff-97fc-46df-a091-59126fa93a49">
      <Execution id="326e63cd-33d9-4c38-bea1-ba1819bc2e88" />
      <TestMethod codeBase="D:\SFERRARI\01 - TRABAJO\repos\netcore\libs\template-netcore-entities\Kitpymes.Core.Entities.Tests\bin\Debug\net5.0\Kitpymes.Core.Entities.Tests.dll" adapterTypeName="executor://mstestadapter/v2" className="Kitpymes.Core.Entities.ValueObjects.Tests.NameTests" name="Equals_Passing_Valid_Values_Returns_True" />
    </UnitTest>
    <UnitTest name="OperatorNotEqual_Passing_Valid_Values_Returns_True (Esp añâ)" storage="d:\sferrari\01 - trabajo\repos\netcore\libs\template-netcore-entities\kitpymes.core.entities.tests\bin\debug\net5.0\kitpymes.core.entities.tests.dll" id="cba5b584-89e6-4d20-9cb9-b3841d1e93d9">
      <Execution id="9fbab283-028d-45ea-91e2-afa30432649f" />
      <TestMethod codeBase="D:\SFERRARI\01 - TRABAJO\repos\netcore\libs\template-netcore-entities\Kitpymes.Core.Entities.Tests\bin\Debug\net5.0\Kitpymes.Core.Entities.Tests.dll" adapterTypeName="executor://mstestadapter/v2" className="Kitpymes.Core.Entities.ValueObjects.Tests.NameTests" name="OperatorNotEqual_Passing_Valid_Values_Returns_True" />
    </UnitTest>
    <UnitTest name="ToString_Passing_Valid_Values_Returns_Name (Españâ)" storage="d:\sferrari\01 - trabajo\repos\netcore\libs\template-netcore-entities\kitpymes.core.entities.tests\bin\debug\net5.0\kitpymes.core.entities.tests.dll" id="5f8642f3-882e-46fe-be4c-6db1b5df2b81">
      <Execution id="66cd2b5c-d079-49fd-9adb-616a63cdc836" />
      <TestMethod codeBase="D:\SFERRARI\01 - TRABAJO\repos\netcore\libs\template-netcore-entities\Kitpymes.Core.Entities.Tests\bin\Debug\net5.0\Kitpymes.Core.Entities.Tests.dll" adapterTypeName="executor://mstestadapter/v2" className="Kitpymes.Core.Entities.ValueObjects.Tests.NameTests" name="ToString_Passing_Valid_Values_Returns_Name" />
    </UnitTest>
    <UnitTest name="ToEnum_Passing_Invalid_String_Name_Returns_Null" storage="d:\sferrari\01 - trabajo\repos\netcore\libs\template-netcore-entities\kitpymes.core.entities.tests\bin\debug\net5.0\kitpymes.core.entities.tests.dll" id="61233671-ec4e-47d0-9b2f-547fa61140b8">
      <Execution id="a5065f32-1bd6-4d71-9721-8b27b272036e" />
      <TestMethod codeBase="D:\SFERRARI\01 - TRABAJO\repos\netcore\libs\template-netcore-entities\Kitpymes.Core.Entities.Tests\bin\Debug\net5.0\Kitpymes.Core.Entities.Tests.dll" adapterTypeName="executor://mstestadapter/v2" className="Kitpymes.Core.Entities.Enumerations.Tests.StatusEnumTests" name="ToEnum_Passing_Invalid_String_Name_Returns_Null" />
    </UnitTest>
    <UnitTest name="OperatorEqual_Passing_Valid_Distinct_Values_Returns_False (TenantA)" storage="d:\sferrari\01 - trabajo\repos\netcore\libs\template-netcore-entities\kitpymes.core.entities.tests\bin\debug\net5.0\kitpymes.core.entities.tests.dll" id="287a6a63-d8f5-4cb4-a70d-77da8cc7ec27">
      <Execution id="c2f8bb89-c7b4-439d-887a-27174f761190" />
      <TestMethod codeBase="D:\SFERRARI\01 - TRABAJO\repos\netcore\libs\template-netcore-entities\Kitpymes.Core.Entities.Tests\bin\Debug\net5.0\Kitpymes.Core.Entities.Tests.dll" adapterTypeName="executor://mstestadapter/v2" className="Kitpymes.Core.Entities.ValueObjects.Tests.TenantNameTests" name="OperatorEqual_Passing_Valid_Distinct_Values_Returns_False" />
    </UnitTest>
    <UnitTest name="Equals_Passing_Valid_Distinct_Values_Returns_False (TENANT1)" storage="d:\sferrari\01 - trabajo\repos\netcore\libs\template-netcore-entities\kitpymes.core.entities.tests\bin\debug\net5.0\kitpymes.core.entities.tests.dll" id="5b36283b-ff07-4b54-af7f-4a4be3d06efa">
      <Execution id="4c89cb8a-1ac6-4bbd-930b-d2c7f7cec0ca" />
      <TestMethod codeBase="D:\SFERRARI\01 - TRABAJO\repos\netcore\libs\template-netcore-entities\Kitpymes.Core.Entities.Tests\bin\Debug\net5.0\Kitpymes.Core.Entities.Tests.dll" adapterTypeName="executor://mstestadapter/v2" className="Kitpymes.Core.Entities.ValueObjects.Tests.TenantNameTests" name="Equals_Passing_Valid_Distinct_Values_Returns_False" />
    </UnitTest>
    <UnitTest name="Equals_Passing_Valid_Values_Returns_True (Tenant_1)" storage="d:\sferrari\01 - trabajo\repos\netcore\libs\template-netcore-entities\kitpymes.core.entities.tests\bin\debug\net5.0\kitpymes.core.entities.tests.dll" id="aaaff563-8e8d-485e-b56f-71ca8ac2d361">
      <Execution id="47e26113-fabc-43c1-b7be-1055063f2567" />
      <TestMethod codeBase="D:\SFERRARI\01 - TRABAJO\repos\netcore\libs\template-netcore-entities\Kitpymes.Core.Entities.Tests\bin\Debug\net5.0\Kitpymes.Core.Entities.Tests.dll" adapterTypeName="executor://mstestadapter/v2" className="Kitpymes.Core.Entities.ValueObjects.Tests.TenantNameTests" name="Equals_Passing_Valid_Values_Returns_True" />
    </UnitTest>
    <UnitTest name="Create_Passing_InvalidOrNull_Value_Returns_ApplicationException (___dasfs$·%%$%$$·%$)" storage="d:\sferrari\01 - trabajo\repos\netcore\libs\template-netcore-entities\kitpymes.core.entities.tests\bin\debug\net5.0\kitpymes.core.entities.tests.dll" id="34272ee5-e6c8-4a26-800e-513e076c7547">
      <Execution id="90667880-d7c0-4b76-8aee-559c5d2c5aa2" />
      <TestMethod codeBase="D:\SFERRARI\01 - TRABAJO\repos\netcore\libs\template-netcore-entities\Kitpymes.Core.Entities.Tests\bin\Debug\net5.0\Kitpymes.Core.Entities.Tests.dll" adapterTypeName="executor://mstestadapter/v2" className="Kitpymes.Core.Entities.ValueObjects.Tests.SubdomainTests" name="Create_Passing_InvalidOrNull_Value_Returns_ApplicationException" />
    </UnitTest>
    <UnitTest name="Equals_Passing_Valid_Distinct_Values_Returns_False (Tenant_1)" storage="d:\sferrari\01 - trabajo\repos\netcore\libs\template-netcore-entities\kitpymes.core.entities.tests\bin\debug\net5.0\kitpymes.core.entities.tests.dll" id="1b8e2a60-4cff-4afd-9959-5b41a9596f94">
      <Execution id="0ffc2314-11fe-49a2-aa9d-a517832f9ee0" />
      <TestMethod codeBase="D:\SFERRARI\01 - TRABAJO\repos\netcore\libs\template-netcore-entities\Kitpymes.Core.Entities.Tests\bin\Debug\net5.0\Kitpymes.Core.Entities.Tests.dll" adapterTypeName="executor://mstestadapter/v2" className="Kitpymes.Core.Entities.ValueObjects.Tests.TenantNameTests" name="Equals_Passing_Valid_Distinct_Values_Returns_False" />
    </UnitTest>
    <UnitTest name="OperatorNotEqual_Passing_Valid_Values_Returns_False (Españâ)" storage="d:\sferrari\01 - trabajo\repos\netcore\libs\template-netcore-entities\kitpymes.core.entities.tests\bin\debug\net5.0\kitpymes.core.entities.tests.dll" id="ca768245-c124-4a98-a48e-32758a6d54d5">
      <Execution id="4d253e34-b00e-4e84-a551-dca7d97bd969" />
      <TestMethod codeBase="D:\SFERRARI\01 - TRABAJO\repos\netcore\libs\template-netcore-entities\Kitpymes.Core.Entities.Tests\bin\Debug\net5.0\Kitpymes.Core.Entities.Tests.dll" adapterTypeName="executor://mstestadapter/v2" className="Kitpymes.Core.Entities.ValueObjects.Tests.NameTests" name="OperatorNotEqual_Passing_Valid_Values_Returns_False" />
    </UnitTest>
    <UnitTest name="ToFullString_Passing_Valid_Values_Returns_Value_String_Format (Sabadell,Barcelona,España)" storage="d:\sferrari\01 - trabajo\repos\netcore\libs\template-netcore-entities\kitpymes.core.entities.tests\bin\debug\net5.0\kitpymes.core.entities.tests.dll" id="61e8c77d-265f-4a1c-94be-ad766e0c8409">
      <Execution id="e61f3772-98fd-4034-bbf0-07ce4d93b988" />
      <TestMethod codeBase="D:\SFERRARI\01 - TRABAJO\repos\netcore\libs\template-netcore-entities\Kitpymes.Core.Entities.Tests\bin\Debug\net5.0\Kitpymes.Core.Entities.Tests.dll" adapterTypeName="executor://mstestadapter/v2" className="Kitpymes.Core.Entities.ValueObjects.Tests.FullNameTests" name="ToFullString_Passing_Valid_Values_Returns_Value_String_Format" />
    </UnitTest>
    <UnitTest name="IsNull_Passing_Valid_Value_Returns_False (Españá)" storage="d:\sferrari\01 - trabajo\repos\netcore\libs\template-netcore-entities\kitpymes.core.entities.tests\bin\debug\net5.0\kitpymes.core.entities.tests.dll" id="8aabff86-31d4-4bbc-b32c-380148111bc8">
      <Execution id="01dec7ff-308e-4598-8ea1-bb9683c8cdac" />
      <TestMethod codeBase="D:\SFERRARI\01 - TRABAJO\repos\netcore\libs\template-netcore-entities\Kitpymes.Core.Entities.Tests\bin\Debug\net5.0\Kitpymes.Core.Entities.Tests.dll" adapterTypeName="executor://mstestadapter/v2" className="Kitpymes.Core.Entities.ValueObjects.Tests.NameTests" name="IsNull_Passing_Valid_Value_Returns_False" />
    </UnitTest>
    <UnitTest name="Create_Passing_Valid_Values_Returns_Address (Pader,789,DF7956,Sabadell,Barcelona,España)" storage="d:\sferrari\01 - trabajo\repos\netcore\libs\template-netcore-entities\kitpymes.core.entities.tests\bin\debug\net5.0\kitpymes.core.entities.tests.dll" id="43225dc6-444f-407b-8309-8a8d391698be">
      <Execution id="2d68d1a9-e6d1-40fe-bbf1-7a52d5255c0b" />
      <TestMethod codeBase="D:\SFERRARI\01 - TRABAJO\repos\netcore\libs\template-netcore-entities\Kitpymes.Core.Entities.Tests\bin\Debug\net5.0\Kitpymes.Core.Entities.Tests.dll" adapterTypeName="executor://mstestadapter/v2" className="Kitpymes.Core.Entities.ValueObjects.Tests.AddressTests" name="Create_Passing_Valid_Values_Returns_Address" />
    </UnitTest>
    <UnitTest name="Equals_Passing_Valid_Distinct_Values_Returns_False (Españä)" storage="d:\sferrari\01 - trabajo\repos\netcore\libs\template-netcore-entities\kitpymes.core.entities.tests\bin\debug\net5.0\kitpymes.core.entities.tests.dll" id="52583db3-4897-42bb-bb1c-c44976e7a032">
      <Execution id="0bd6038c-793d-4bc9-af10-8414463d78e1" />
      <TestMethod codeBase="D:\SFERRARI\01 - TRABAJO\repos\netcore\libs\template-netcore-entities\Kitpymes.Core.Entities.Tests\bin\Debug\net5.0\Kitpymes.Core.Entities.Tests.dll" adapterTypeName="executor://mstestadapter/v2" className="Kitpymes.Core.Entities.ValueObjects.Tests.NameTests" name="Equals_Passing_Valid_Distinct_Values_Returns_False" />
    </UnitTest>
    <UnitTest name="OperatorEqual_Passing_Valid_Values_Returns_True (tenant1)" storage="d:\sferrari\01 - trabajo\repos\netcore\libs\template-netcore-entities\kitpymes.core.entities.tests\bin\debug\net5.0\kitpymes.core.entities.tests.dll" id="55f0cfe2-5166-4e02-8ba3-dd72464a2261">
      <Execution id="710f98c3-cdc3-4d28-bcbb-ba106f92a7e1" />
      <TestMethod codeBase="D:\SFERRARI\01 - TRABAJO\repos\netcore\libs\template-netcore-entities\Kitpymes.Core.Entities.Tests\bin\Debug\net5.0\Kitpymes.Core.Entities.Tests.dll" adapterTypeName="executor://mstestadapter/v2" className="Kitpymes.Core.Entities.ValueObjects.Tests.TenantNameTests" name="OperatorEqual_Passing_Valid_Values_Returns_True" />
    </UnitTest>
    <UnitTest name="OperatorNotEqual_Passing_Valid_Values_Returns_False (tenant_A)" storage="d:\sferrari\01 - trabajo\repos\netcore\libs\template-netcore-entities\kitpymes.core.entities.tests\bin\debug\net5.0\kitpymes.core.entities.tests.dll" id="e78a5fb9-eed9-4077-a566-6909593d97e4">
      <Execution id="c4616cf4-4435-47bb-bc66-b7c4aaf6c07a" />
      <TestMethod codeBase="D:\SFERRARI\01 - TRABAJO\repos\netcore\libs\template-netcore-entities\Kitpymes.Core.Entities.Tests\bin\Debug\net5.0\Kitpymes.Core.Entities.Tests.dll" adapterTypeName="executor://mstestadapter/v2" className="Kitpymes.Core.Entities.ValueObjects.Tests.TenantNameTests" name="OperatorNotEqual_Passing_Valid_Values_Returns_False" />
    </UnitTest>
    <UnitTest name="OperatorNotEqual_Passing_Valid_Values_Returns_True (Españä)" storage="d:\sferrari\01 - trabajo\repos\netcore\libs\template-netcore-entities\kitpymes.core.entities.tests\bin\debug\net5.0\kitpymes.core.entities.tests.dll" id="00491389-033d-46f3-b95a-aa8185d388d7">
      <Execution id="5220a274-16b8-484f-a710-7bebf586375e" />
      <TestMethod codeBase="D:\SFERRARI\01 - TRABAJO\repos\netcore\libs\template-netcore-entities\Kitpymes.Core.Entities.Tests\bin\Debug\net5.0\Kitpymes.Core.Entities.Tests.dll" adapterTypeName="executor://mstestadapter/v2" className="Kitpymes.Core.Entities.ValueObjects.Tests.NameTests" name="OperatorNotEqual_Passing_Valid_Values_Returns_True" />
    </UnitTest>
    <UnitTest name="Create_Passing_InvalidOrNull_Value_Returns_ApplicationException (34?fsds@sdd.yy)" storage="d:\sferrari\01 - trabajo\repos\netcore\libs\template-netcore-entities\kitpymes.core.entities.tests\bin\debug\net5.0\kitpymes.core.entities.tests.dll" id="a3ac3cfd-3596-44e5-bb89-d1ada6a0fab8">
      <Execution id="5c518029-1765-4853-87a8-261e3606801d" />
      <TestMethod codeBase="D:\SFERRARI\01 - TRABAJO\repos\netcore\libs\template-netcore-entities\Kitpymes.Core.Entities.Tests\bin\Debug\net5.0\Kitpymes.Core.Entities.Tests.dll" adapterTypeName="executor://mstestadapter/v2" className="Kitpymes.Core.Entities.ValueObjects.Tests.EmailTests" name="Create_Passing_InvalidOrNull_Value_Returns_ApplicationException" />
    </UnitTest>
    <UnitTest name="Create_Passing_InvalidOrNull_Value_Returns_ApplicationException (,43543543543)" storage="d:\sferrari\01 - trabajo\repos\netcore\libs\template-netcore-entities\kitpymes.core.entities.tests\bin\debug\net5.0\kitpymes.core.entities.tests.dll" id="6a55ec1f-3712-4c88-b940-9f4d8a5d4b98">
      <Execution id="555ab52b-59a3-49b0-8cb5-533e3ce93e8c" />
      <TestMethod codeBase="D:\SFERRARI\01 - TRABAJO\repos\netcore\libs\template-netcore-entities\Kitpymes.Core.Entities.Tests\bin\Debug\net5.0\Kitpymes.Core.Entities.Tests.dll" adapterTypeName="executor://mstestadapter/v2" className="Kitpymes.Core.Entities.ValueObjects.Tests.TelephoneTests" name="Create_Passing_InvalidOrNull_Value_Returns_ApplicationException" />
    </UnitTest>
    <UnitTest name="OperatorNotEqual_Passing_Valid_Values_Returns_False (www.hackerone-com)" storage="d:\sferrari\01 - trabajo\repos\netcore\libs\template-netcore-entities\kitpymes.core.entities.tests\bin\debug\net5.0\kitpymes.core.entities.tests.dll" id="fde30353-2600-4738-a8bc-6b1c3cede448">
      <Execution id="f2c77e23-7d99-4c56-b376-19506d1748b2" />
      <TestMethod codeBase="D:\SFERRARI\01 - TRABAJO\repos\netcore\libs\template-netcore-entities\Kitpymes.Core.Entities.Tests\bin\Debug\net5.0\Kitpymes.Core.Entities.Tests.dll" adapterTypeName="executor://mstestadapter/v2" className="Kitpymes.Core.Entities.ValueObjects.Tests.SubdomainTests" name="OperatorNotEqual_Passing_Valid_Values_Returns_False" />
    </UnitTest>
    <UnitTest name="Change_Passing_Valid_Values_Returns_Email (bbbs@bbb.bbb,ppp@ppp.ppp)" storage="d:\sferrari\01 - trabajo\repos\netcore\libs\template-netcore-entities\kitpymes.core.entities.tests\bin\debug\net5.0\kitpymes.core.entities.tests.dll" id="04d6f4ba-b773-45c9-b4d5-b9c5f55d1ea3">
      <Execution id="b7a9a5b1-d065-4cd2-9701-d2005f149b67" />
      <TestMethod codeBase="D:\SFERRARI\01 - TRABAJO\repos\netcore\libs\template-netcore-entities\Kitpymes.Core.Entities.Tests\bin\Debug\net5.0\Kitpymes.Core.Entities.Tests.dll" adapterTypeName="executor://mstestadapter/v2" className="Kitpymes.Core.Entities.ValueObjects.Tests.EmailTests" name="Change_Passing_Valid_Values_Returns_Email" />
    </UnitTest>
    <UnitTest name="OperatorEqual_Passing_Valid_Values_Returns_True (TENANT1)" storage="d:\sferrari\01 - trabajo\repos\netcore\libs\template-netcore-entities\kitpymes.core.entities.tests\bin\debug\net5.0\kitpymes.core.entities.tests.dll" id="0495ed4a-dba3-4f91-b6c1-4a5fc1bfff32">
      <Execution id="5091b351-5db6-479d-927e-06cee8ab3cc6" />
      <TestMethod codeBase="D:\SFERRARI\01 - TRABAJO\repos\netcore\libs\template-netcore-entities\Kitpymes.Core.Entities.Tests\bin\Debug\net5.0\Kitpymes.Core.Entities.Tests.dll" adapterTypeName="executor://mstestadapter/v2" className="Kitpymes.Core.Entities.ValueObjects.Tests.TenantNameTests" name="OperatorEqual_Passing_Valid_Values_Returns_True" />
    </UnitTest>
    <UnitTest name="Create_Passing_Valid_Value_Returns_Email (dasdasd@dsasd.ff)" storage="d:\sferrari\01 - trabajo\repos\netcore\libs\template-netcore-entities\kitpymes.core.entities.tests\bin\debug\net5.0\kitpymes.core.entities.tests.dll" id="6d6709bd-496a-4862-a348-f6a517afa43a">
      <Execution id="72a03386-902e-4495-b5e5-7197d2e5a83c" />
      <TestMethod codeBase="D:\SFERRARI\01 - TRABAJO\repos\netcore\libs\template-netcore-entities\Kitpymes.Core.Entities.Tests\bin\Debug\net5.0\Kitpymes.Core.Entities.Tests.dll" adapterTypeName="executor://mstestadapter/v2" className="Kitpymes.Core.Entities.ValueObjects.Tests.EmailTests" name="Create_Passing_Valid_Value_Returns_Email" />
    </UnitTest>
    <UnitTest name="Create_Passing_Valid_Values_Returns_Address (Tenerife,23,34567,San Bartoleme De Tirajana,Las Palmas,España)" storage="d:\sferrari\01 - trabajo\repos\netcore\libs\template-netcore-entities\kitpymes.core.entities.tests\bin\debug\net5.0\kitpymes.core.entities.tests.dll" id="c4586383-bc26-462c-b155-e5a036ca6f6c">
      <Execution id="a8d4cb8c-23aa-485f-b3d5-eeb60baa6a0f" />
      <TestMethod codeBase="D:\SFERRARI\01 - TRABAJO\repos\netcore\libs\template-netcore-entities\Kitpymes.Core.Entities.Tests\bin\Debug\net5.0\Kitpymes.Core.Entities.Tests.dll" adapterTypeName="executor://mstestadapter/v2" className="Kitpymes.Core.Entities.ValueObjects.Tests.AddressTests" name="Create_Passing_Valid_Values_Returns_Address" />
    </UnitTest>
    <UnitTest name="Equals_Passing_Valid_Distinct_Values_Returns_False (EUR)" storage="d:\sferrari\01 - trabajo\repos\netcore\libs\template-netcore-entities\kitpymes.core.entities.tests\bin\debug\net5.0\kitpymes.core.entities.tests.dll" id="0f691a51-79b6-491b-87da-a28cb2e8a7ce">
      <Execution id="0eebf3b5-360c-41da-94b0-e79022b71b33" />
      <TestMethod codeBase="D:\SFERRARI\01 - TRABAJO\repos\netcore\libs\template-netcore-entities\Kitpymes.Core.Entities.Tests\bin\Debug\net5.0\Kitpymes.Core.Entities.Tests.dll" adapterTypeName="executor://mstestadapter/v2" className="Kitpymes.Core.Entities.ValueObjects.Tests.CurrencyTests" name="Equals_Passing_Valid_Distinct_Values_Returns_False" />
    </UnitTest>
    <UnitTest name="OperatorEqual_Passing_Valid_Distinct_Values_Returns_False (400,EUR,8)" storage="d:\sferrari\01 - trabajo\repos\netcore\libs\template-netcore-entities\kitpymes.core.entities.tests\bin\debug\net5.0\kitpymes.core.entities.tests.dll" id="4ced5d3d-ff6c-483b-966d-ae2e30b4e949">
      <Execution id="2f6654b8-8069-4ed6-8525-54f57299538d" />
      <TestMethod codeBase="D:\SFERRARI\01 - TRABAJO\repos\netcore\libs\template-netcore-entities\Kitpymes.Core.Entities.Tests\bin\Debug\net5.0\Kitpymes.Core.Entities.Tests.dll" adapterTypeName="executor://mstestadapter/v2" className="Kitpymes.Core.Entities.ValueObjects.Tests.MoneyTests" name="OperatorEqual_Passing_Valid_Distinct_Values_Returns_False" />
    </UnitTest>
    <UnitTest name="OperatorNotEqual_Passing_Valid_Values_Returns_False (456,43543543543)" storage="d:\sferrari\01 - trabajo\repos\netcore\libs\template-netcore-entities\kitpymes.core.entities.tests\bin\debug\net5.0\kitpymes.core.entities.tests.dll" id="14a00c5f-ec84-49be-90c2-6dcfed1c3c2d">
      <Execution id="6e84a2c2-1ff6-4328-8366-8e03360d0769" />
      <TestMethod codeBase="D:\SFERRARI\01 - TRABAJO\repos\netcore\libs\template-netcore-entities\Kitpymes.Core.Entities.Tests\bin\Debug\net5.0\Kitpymes.Core.Entities.Tests.dll" adapterTypeName="executor://mstestadapter/v2" className="Kitpymes.Core.Entities.ValueObjects.Tests.TelephoneTests" name="OperatorNotEqual_Passing_Valid_Values_Returns_False" />
    </UnitTest>
    <UnitTest name="OperatorNotEqual_Passing_Valid_Values_Returns_False (100,EUR,2)" storage="d:\sferrari\01 - trabajo\repos\netcore\libs\template-netcore-entities\kitpymes.core.entities.tests\bin\debug\net5.0\kitpymes.core.entities.tests.dll" id="ad4a6e24-5256-41da-bb9b-93800860edb9">
      <Execution id="af98dd86-2cd8-4f9b-ae7d-f709877dc79e" />
      <TestMethod codeBase="D:\SFERRARI\01 - TRABAJO\repos\netcore\libs\template-netcore-entities\Kitpymes.Core.Entities.Tests\bin\Debug\net5.0\Kitpymes.Core.Entities.Tests.dll" adapterTypeName="executor://mstestadapter/v2" className="Kitpymes.Core.Entities.ValueObjects.Tests.MoneyTests" name="OperatorNotEqual_Passing_Valid_Values_Returns_False" />
    </UnitTest>
    <UnitTest name="OperatorNotEqual_Passing_Valid_Values_Returns_False (TENANT_1)" storage="d:\sferrari\01 - trabajo\repos\netcore\libs\template-netcore-entities\kitpymes.core.entities.tests\bin\debug\net5.0\kitpymes.core.entities.tests.dll" id="0a17a18c-5e07-4ccc-a3a2-92376fe91570">
      <Execution id="7e822585-2e5d-43f3-b081-e7a76c972ddb" />
      <TestMethod codeBase="D:\SFERRARI\01 - TRABAJO\repos\netcore\libs\template-netcore-entities\Kitpymes.Core.Entities.Tests\bin\Debug\net5.0\Kitpymes.Core.Entities.Tests.dll" adapterTypeName="executor://mstestadapter/v2" className="Kitpymes.Core.Entities.ValueObjects.Tests.TenantNameTests" name="OperatorNotEqual_Passing_Valid_Values_Returns_False" />
    </UnitTest>
  </TestDefinitions>
  <TestEntries>
    <TestEntry testId="c67139c4-cf47-42d8-ae9a-9b8ecf229e69" executionId="5284be8b-a64f-471b-bc52-dd487df28f5e" testListId="8c84fa94-04c1-424b-9868-57a2d4851a1d" />
    <TestEntry testId="31b05359-b6e7-473f-8845-edf154b76f6d" executionId="e5932e35-a363-4bc1-ac6d-21052b9f5755" testListId="8c84fa94-04c1-424b-9868-57a2d4851a1d" />
    <TestEntry testId="0ad3c926-1b5a-4f36-a118-c93bd91d4e63" executionId="2ff454f3-574d-4f35-bd17-1f020a1f65e0" testListId="8c84fa94-04c1-424b-9868-57a2d4851a1d" />
    <TestEntry testId="97586430-4c50-47f8-a3b7-4b30da40d176" executionId="3615ef41-8139-43d8-9fd7-e51235fcfa38" testListId="8c84fa94-04c1-424b-9868-57a2d4851a1d" />
    <TestEntry testId="809200ce-6b72-4c69-bf9d-76eb68c7d6b5" executionId="db0a2836-48ce-4b3b-882f-d89136f9b820" testListId="8c84fa94-04c1-424b-9868-57a2d4851a1d" />
    <TestEntry testId="7d7326e6-65bd-4c22-a18e-ef72299a10b1" executionId="a68dea4b-6f2e-4f1d-9662-dc104963b40f" testListId="8c84fa94-04c1-424b-9868-57a2d4851a1d" />
    <TestEntry testId="bca28173-fd9a-44c6-8d2a-89c3c92520a5" executionId="5e9bc8db-c031-4bb5-8bdc-9c4dad8eb729" testListId="8c84fa94-04c1-424b-9868-57a2d4851a1d" />
    <TestEntry testId="9d947ada-7f16-4fbf-924f-e6bba640b745" executionId="d6236e8a-42d6-4b9c-b540-6ba8d310b398" testListId="8c84fa94-04c1-424b-9868-57a2d4851a1d" />
    <TestEntry testId="203906ba-eb73-4787-84a7-501bfb2cebea" executionId="8260790a-5b4e-44f6-a6b2-4344970401d0" testListId="8c84fa94-04c1-424b-9868-57a2d4851a1d" />
    <TestEntry testId="bfd59f83-43e0-41b1-9329-69ff4b673fe8" executionId="e17ddd42-d73a-435b-9318-cbef94149416" testListId="8c84fa94-04c1-424b-9868-57a2d4851a1d" />
    <TestEntry testId="e8e8a602-d40e-45a6-8c84-207d7924120b" executionId="7721e1c7-d04d-4f17-8ff2-5ec0bd301393" testListId="8c84fa94-04c1-424b-9868-57a2d4851a1d" />
    <TestEntry testId="3781cef0-2297-45dd-9472-07e87c4ca315" executionId="19779d76-75f0-4f90-83db-d2f71d147571" testListId="8c84fa94-04c1-424b-9868-57a2d4851a1d" />
    <TestEntry testId="59b4db7e-1f01-47ff-8401-17e453501b9c" executionId="f6ecb9a8-2c8c-4f6f-989a-0ac086c24189" testListId="8c84fa94-04c1-424b-9868-57a2d4851a1d" />
    <TestEntry testId="420f44fc-609f-47fb-9a49-e002ecb2eea6" executionId="bad54af1-147a-41a3-b107-6e76ab83012e" testListId="8c84fa94-04c1-424b-9868-57a2d4851a1d" />
    <TestEntry testId="769e6050-8a35-4bc2-8212-85c0e33a48b7" executionId="a4cd8c1d-ae12-423b-a74f-67b5938c10f5" testListId="8c84fa94-04c1-424b-9868-57a2d4851a1d" />
    <TestEntry testId="b4518425-1276-4a3b-ab92-0f8a57a791eb" executionId="22c47abe-c8b0-4698-b9fc-0a8928e81818" testListId="8c84fa94-04c1-424b-9868-57a2d4851a1d" />
    <TestEntry testId="9626c222-357b-4d27-a6be-d6de0e565f78" executionId="1077145f-001a-4cd2-b495-4eb940956209" testListId="8c84fa94-04c1-424b-9868-57a2d4851a1d" />
    <TestEntry testId="e74e24c4-8bc5-41f7-9705-b77b2f0d43e6" executionId="abdb8d72-e48c-48ea-83bd-4a62cf9d5ebb" testListId="8c84fa94-04c1-424b-9868-57a2d4851a1d" />
    <TestEntry testId="7240a2a4-204f-487d-9162-9b6c04e6792c" executionId="59172380-2805-49ec-8abf-433ce9bc5b83" testListId="8c84fa94-04c1-424b-9868-57a2d4851a1d" />
    <TestEntry testId="8fc4de20-a5a0-4e40-ba27-57da71d4346e" executionId="a3a8738c-6adc-4d11-aa94-6c77732daddc" testListId="8c84fa94-04c1-424b-9868-57a2d4851a1d" />
    <TestEntry testId="a0a385c8-b023-4205-bbee-f7d41a7c6282" executionId="3c810888-a2b2-4de7-b737-0d292bf62c1e" testListId="8c84fa94-04c1-424b-9868-57a2d4851a1d" />
    <TestEntry testId="77987aec-bd78-43ae-8800-f3f920f5e950" executionId="d3e00552-150d-46e4-8a58-afb387ebdf43" testListId="8c84fa94-04c1-424b-9868-57a2d4851a1d" />
    <TestEntry testId="48fc08e2-842d-4bfd-8656-2a8b3e1314a9" executionId="4f32e116-90a4-4f2d-9bc2-7f393775d631" testListId="8c84fa94-04c1-424b-9868-57a2d4851a1d" />
    <TestEntry testId="a3e2e4ed-f884-4022-87dd-e8d6f5b18d59" executionId="49865007-9c5f-49ca-9cdd-00aaab3bd6f3" testListId="8c84fa94-04c1-424b-9868-57a2d4851a1d" />
    <TestEntry testId="f536aaff-33e4-49dd-8458-7f6e864c275b" executionId="cd65a462-e581-4d4b-b0a7-256f9d24222e" testListId="8c84fa94-04c1-424b-9868-57a2d4851a1d" />
    <TestEntry testId="f724d52c-86a9-48b5-983c-c40bf0400e60" executionId="dca34718-21de-42b2-b1ab-7f74bc9dd275" testListId="8c84fa94-04c1-424b-9868-57a2d4851a1d" />
    <TestEntry testId="3be18874-4b60-433c-8b46-55641dbc8912" executionId="6827a989-fb12-4a9a-897a-7243e931bfe2" testListId="8c84fa94-04c1-424b-9868-57a2d4851a1d" />
    <TestEntry testId="e6a5be54-0f78-4467-a517-925d77484a67" executionId="e5e30f46-3f37-4e45-a5e7-4e55b2ed9328" testListId="8c84fa94-04c1-424b-9868-57a2d4851a1d" />
    <TestEntry testId="a8eeec9f-10d7-4394-8b86-1cc66ef4e933" executionId="226aed9c-46b0-4d5f-b83a-3f24dac28c44" testListId="8c84fa94-04c1-424b-9868-57a2d4851a1d" />
    <TestEntry testId="d888415f-4b14-4eeb-baa6-6eafd1c3377f" executionId="90a378bc-51f7-4310-b923-b48c218d2623" testListId="8c84fa94-04c1-424b-9868-57a2d4851a1d" />
    <TestEntry testId="00b5088c-7ca5-4ca9-8c1d-c2e166eff35c" executionId="ee260222-1ca7-40f2-b2f3-e239cdb786bf" testListId="8c84fa94-04c1-424b-9868-57a2d4851a1d" />
    <TestEntry testId="64628c33-e92a-4d4d-9ea0-d776f06376a5" executionId="5bab89e7-e319-494f-a6a6-efe8bb912a4c" testListId="8c84fa94-04c1-424b-9868-57a2d4851a1d" />
    <TestEntry testId="ca768245-c124-4a98-a48e-32758a6d54d5" executionId="4d253e34-b00e-4e84-a551-dca7d97bd969" testListId="8c84fa94-04c1-424b-9868-57a2d4851a1d" />
    <TestEntry testId="5ff60208-a037-4740-8429-58a9004b4278" executionId="6107df2b-5cda-4f95-b989-8474d6c173b5" testListId="8c84fa94-04c1-424b-9868-57a2d4851a1d" />
    <TestEntry testId="f40d0b41-3556-419b-938f-d42314b72e45" executionId="c6582b79-c808-4e5d-be8d-d435298313c5" testListId="8c84fa94-04c1-424b-9868-57a2d4851a1d" />
    <TestEntry testId="aaaff563-8e8d-485e-b56f-71ca8ac2d361" executionId="47e26113-fabc-43c1-b7be-1055063f2567" testListId="8c84fa94-04c1-424b-9868-57a2d4851a1d" />
    <TestEntry testId="40146100-5a14-4805-aaa3-0a96ef44273f" executionId="66940458-0e6d-43d9-ab63-c8b814d40d3b" testListId="8c84fa94-04c1-424b-9868-57a2d4851a1d" />
    <TestEntry testId="de0ea374-5b97-4f0e-b37b-9898850c6752" executionId="c18c84a9-aed6-49af-b340-c7eb5be93b7e" testListId="8c84fa94-04c1-424b-9868-57a2d4851a1d" />
    <TestEntry testId="abbe2f95-063f-49d6-9116-c6b28baa7ca6" executionId="50835d43-4148-48a3-9ffe-3e070dab992c" testListId="8c84fa94-04c1-424b-9868-57a2d4851a1d" />
    <TestEntry testId="737b4cfe-a505-4070-b501-e723211cc49e" executionId="bb78e333-88bf-47ed-8d53-780de4ab2b36" testListId="8c84fa94-04c1-424b-9868-57a2d4851a1d" />
    <TestEntry testId="b71948e0-159d-4104-a439-89d5967db7ec" executionId="ba94fd74-039a-46bd-8ca1-7b0dee777f64" testListId="8c84fa94-04c1-424b-9868-57a2d4851a1d" />
    <TestEntry testId="929acda3-b192-485f-b227-520e9c33ee5d" executionId="52474dec-7477-46be-b7a3-217bc7226d2c" testListId="8c84fa94-04c1-424b-9868-57a2d4851a1d" />
    <TestEntry testId="b30aa3ba-ca0c-48f0-b244-cf8e08c87595" executionId="4694a506-b3d7-496d-8ef1-83cfc7550717" testListId="8c84fa94-04c1-424b-9868-57a2d4851a1d" />
    <TestEntry testId="df2e6828-8f02-42d6-86a1-84c4b0a6ef17" executionId="256897f6-0f43-452f-8fb5-4ea8b341050b" testListId="8c84fa94-04c1-424b-9868-57a2d4851a1d" />
    <TestEntry testId="65771d88-516b-43ce-a2e5-ea3f5c063b96" executionId="0f5dc4c8-5289-4bf6-9437-c99a52a97fed" testListId="8c84fa94-04c1-424b-9868-57a2d4851a1d" />
    <TestEntry testId="057b9da5-4e40-4c27-9d05-2cc3614f092d" executionId="ceff79f3-063f-4eab-948f-3a6d14ef27a0" testListId="8c84fa94-04c1-424b-9868-57a2d4851a1d" />
    <TestEntry testId="43225dc6-444f-407b-8309-8a8d391698be" executionId="2d68d1a9-e6d1-40fe-bbf1-7a52d5255c0b" testListId="8c84fa94-04c1-424b-9868-57a2d4851a1d" />
    <TestEntry testId="062c82f8-0822-4cf2-985b-87db7e12b98a" executionId="32680c34-5270-4c27-ab4d-e77370b43b75" testListId="8c84fa94-04c1-424b-9868-57a2d4851a1d" />
    <TestEntry testId="3b3f33f6-91c5-4b38-a85e-769e5fd7f3b7" executionId="c0b4d077-f362-4bff-830a-56f1bbb56dfe" testListId="8c84fa94-04c1-424b-9868-57a2d4851a1d" />
    <TestEntry testId="93c13888-36d6-4f99-8f6d-340eeae7932c" executionId="928a5aa6-4669-48c2-a12a-6692f643f7e6" testListId="8c84fa94-04c1-424b-9868-57a2d4851a1d" />
    <TestEntry testId="ffbce500-78f1-42bc-b414-8af6bf11366a" executionId="e1f24b8d-4536-4089-9fea-7fc3d966de60" testListId="8c84fa94-04c1-424b-9868-57a2d4851a1d" />
    <TestEntry testId="744dd3da-7705-441e-ad38-449b03882d9a" executionId="802bd124-cba0-4e2f-b86d-ccb8d17d768f" testListId="8c84fa94-04c1-424b-9868-57a2d4851a1d" />
    <TestEntry testId="29c73fbc-4c0e-4c0b-9d07-bd7ddd58378a" executionId="2d511dcb-b6b4-4708-bd44-7cedc2e38c76" testListId="8c84fa94-04c1-424b-9868-57a2d4851a1d" />
    <TestEntry testId="12c577bf-8a8b-49a6-ab3c-6a6d2fa78483" executionId="53deaafb-12a8-47fe-8eb8-974e50f47887" testListId="8c84fa94-04c1-424b-9868-57a2d4851a1d" />
    <TestEntry testId="81176e33-aedd-4aec-9c6e-4574db652df7" executionId="4f0350d3-939c-4168-95f7-d9651def5aa7" testListId="8c84fa94-04c1-424b-9868-57a2d4851a1d" />
    <TestEntry testId="cee04ea8-6dd8-49b4-a62f-9766d882306a" executionId="33071065-16f3-4aef-99be-e1949f4a557f" testListId="8c84fa94-04c1-424b-9868-57a2d4851a1d" />
    <TestEntry testId="eb909fec-7cc7-4caf-abe4-6838f08c5fb5" executionId="2d87d226-43cc-4196-951b-b4fe34b18ee0" testListId="8c84fa94-04c1-424b-9868-57a2d4851a1d" />
    <TestEntry testId="14a00c5f-ec84-49be-90c2-6dcfed1c3c2d" executionId="6e84a2c2-1ff6-4328-8366-8e03360d0769" testListId="8c84fa94-04c1-424b-9868-57a2d4851a1d" />
    <TestEntry testId="23413e3d-4804-4dd6-8d75-96580ddfbc2c" executionId="58c15757-ac79-4d6e-b87f-7a6a34c8bbf5" testListId="8c84fa94-04c1-424b-9868-57a2d4851a1d" />
    <TestEntry testId="55f0cfe2-5166-4e02-8ba3-dd72464a2261" executionId="710f98c3-cdc3-4d28-bcbb-ba106f92a7e1" testListId="8c84fa94-04c1-424b-9868-57a2d4851a1d" />
    <TestEntry testId="5460649a-c72a-4586-85ed-da61e87b497a" executionId="561ca299-a547-45fd-8ecb-a9a0bae31a38" testListId="8c84fa94-04c1-424b-9868-57a2d4851a1d" />
    <TestEntry testId="4c7cdacf-edd7-470b-8f0e-2c965e1489e2" executionId="922f900d-34ec-4423-8408-b0b27eb7456a" testListId="8c84fa94-04c1-424b-9868-57a2d4851a1d" />
    <TestEntry testId="d862f380-632e-484e-a263-829e3b6e34ad" executionId="9800b428-a9f7-4fa2-9cd8-7d97d8b8926d" testListId="8c84fa94-04c1-424b-9868-57a2d4851a1d" />
    <TestEntry testId="ff11afd3-3088-4fcc-a88d-e3b47318e315" executionId="d46ab56e-ad58-4902-882a-9c44b3ac4c4e" testListId="8c84fa94-04c1-424b-9868-57a2d4851a1d" />
    <TestEntry testId="cf275656-f58a-44fd-84bd-7c2fdcd0965a" executionId="fa35ab38-54a4-4fe2-9afe-7884b6d8a087" testListId="8c84fa94-04c1-424b-9868-57a2d4851a1d" />
    <TestEntry testId="df8f69b9-92a5-42c0-b8cf-9225cdd87273" executionId="bff07179-756c-412b-862d-53456335e09a" testListId="8c84fa94-04c1-424b-9868-57a2d4851a1d" />
    <TestEntry testId="5dcd119f-b0c3-4755-89a5-e9b83dc3c99d" executionId="d97782bb-a099-4677-9efa-db1943406a2d" testListId="8c84fa94-04c1-424b-9868-57a2d4851a1d" />
    <TestEntry testId="24f7a32a-8a28-4ccc-ade9-bdedf49909a1" executionId="aee93646-404f-4066-8cde-9eb73f03cc7a" testListId="8c84fa94-04c1-424b-9868-57a2d4851a1d" />
    <TestEntry testId="17c08cad-c141-45d6-b94f-03837d7be98f" executionId="437adbb4-4526-4780-8113-080eb95158fd" testListId="8c84fa94-04c1-424b-9868-57a2d4851a1d" />
    <TestEntry testId="87146429-17ee-4f52-8809-33a495f2de00" executionId="af92b5c4-fec5-435d-a282-9e4691a55517" testListId="8c84fa94-04c1-424b-9868-57a2d4851a1d" />
    <TestEntry testId="0a17a18c-5e07-4ccc-a3a2-92376fe91570" executionId="7e822585-2e5d-43f3-b081-e7a76c972ddb" testListId="8c84fa94-04c1-424b-9868-57a2d4851a1d" />
    <TestEntry testId="29f3bfe7-1718-4f68-ba66-70946f46fa9a" executionId="422c2497-fa7a-4efd-bde4-6939c5cb4214" testListId="8c84fa94-04c1-424b-9868-57a2d4851a1d" />
    <TestEntry testId="ba65157f-0836-46c8-a8bd-6fc60e21bace" executionId="c5fd5ac7-f296-4737-9538-fafd993b2701" testListId="8c84fa94-04c1-424b-9868-57a2d4851a1d" />
    <TestEntry testId="5c7dcd23-acb5-4037-b3ea-4ab7a4273ac7" executionId="791b0565-4784-417e-b0a0-49cf40d71504" testListId="8c84fa94-04c1-424b-9868-57a2d4851a1d" />
    <TestEntry testId="5b36283b-ff07-4b54-af7f-4a4be3d06efa" executionId="4c89cb8a-1ac6-4bbd-930b-d2c7f7cec0ca" testListId="8c84fa94-04c1-424b-9868-57a2d4851a1d" />
    <TestEntry testId="1b8e2a60-4cff-4afd-9959-5b41a9596f94" executionId="0ffc2314-11fe-49a2-aa9d-a517832f9ee0" testListId="8c84fa94-04c1-424b-9868-57a2d4851a1d" />
    <TestEntry testId="b03dd574-1cb0-44c4-827e-fc42bb8085b7" executionId="9d40f0a1-54bb-4630-b640-800988792f8e" testListId="8c84fa94-04c1-424b-9868-57a2d4851a1d" />
    <TestEntry testId="ae83b998-6e25-45af-9de0-dc07257462a1" executionId="1200e558-2a74-407f-9958-98cc9b0e3933" testListId="8c84fa94-04c1-424b-9868-57a2d4851a1d" />
    <TestEntry testId="cf33975d-b1ef-4689-bf97-c93a0b26843b" executionId="c1b2f407-1afd-465d-8685-03cf0bfff429" testListId="8c84fa94-04c1-424b-9868-57a2d4851a1d" />
    <TestEntry testId="dd119895-9939-4078-94e6-a3727986a8a8" executionId="c56aafc0-a9c4-4487-a218-c6cb134769ee" testListId="8c84fa94-04c1-424b-9868-57a2d4851a1d" />
    <TestEntry testId="c6c43f6a-069e-4376-85c7-7893586026f8" executionId="d8d15a99-c25a-4f5b-903b-10b357d60666" testListId="8c84fa94-04c1-424b-9868-57a2d4851a1d" />
    <TestEntry testId="733aa12c-489f-47ca-aded-eed4e9cd0271" executionId="faf1b3b3-1db1-438c-8627-e7a748e024d9" testListId="8c84fa94-04c1-424b-9868-57a2d4851a1d" />
    <TestEntry testId="c4ca35eb-a96e-4ddb-92b4-844f80b1c11b" executionId="bb31daa6-3231-46e2-9aef-3527ab022022" testListId="8c84fa94-04c1-424b-9868-57a2d4851a1d" />
    <TestEntry testId="fd3337fa-6c61-495d-8a7a-ad7943d460a8" executionId="89732aab-4e1d-42ab-b343-7bd7f9876eac" testListId="8c84fa94-04c1-424b-9868-57a2d4851a1d" />
    <TestEntry testId="0ba3cdd4-9512-4f7b-9abb-04bb6587b82b" executionId="c61251db-4976-455c-b2ab-ee26053a1678" testListId="8c84fa94-04c1-424b-9868-57a2d4851a1d" />
    <TestEntry testId="fdbc7e80-6c48-4ff6-b390-a60d4a3f6fe9" executionId="dc881db0-383d-4386-acdf-3f7605d2d0c1" testListId="8c84fa94-04c1-424b-9868-57a2d4851a1d" />
    <TestEntry testId="73176e6f-cd80-4784-9e68-1487041f2b81" executionId="37ecf1e0-65fc-4827-9f21-ffb914ab43f2" testListId="8c84fa94-04c1-424b-9868-57a2d4851a1d" />
    <TestEntry testId="eba98f7c-7255-4a71-96cc-face024a19c9" executionId="bcb1612a-e7b2-48c7-b117-05fb3698191b" testListId="8c84fa94-04c1-424b-9868-57a2d4851a1d" />
    <TestEntry testId="322bd030-2ae3-4fd6-b000-35813577d6da" executionId="12dd7434-9e5d-43ba-9fcb-40498e9757d3" testListId="8c84fa94-04c1-424b-9868-57a2d4851a1d" />
    <TestEntry testId="29f05cea-ff0f-4cf1-bb6b-dc67f09d9ff5" executionId="b51dc386-ffd8-4c6d-9746-a83adbfb5bf4" testListId="8c84fa94-04c1-424b-9868-57a2d4851a1d" />
    <TestEntry testId="ec542053-4b86-4c2a-99f4-0df505040e70" executionId="2bf7693e-7f0b-4ab9-bd4d-1dd04fa068d2" testListId="8c84fa94-04c1-424b-9868-57a2d4851a1d" />
    <TestEntry testId="c4eb9690-f42c-424e-a022-d70c063c43fe" executionId="1398a416-6008-46d7-8150-b895729973ed" testListId="8c84fa94-04c1-424b-9868-57a2d4851a1d" />
    <TestEntry testId="e78a5fb9-eed9-4077-a566-6909593d97e4" executionId="c4616cf4-4435-47bb-bc66-b7c4aaf6c07a" testListId="8c84fa94-04c1-424b-9868-57a2d4851a1d" />
    <TestEntry testId="ff7e4ca1-3df9-4dda-9210-31860cd2591f" executionId="7339f22a-53e1-4ab4-9bdc-a1b40525f9e1" testListId="8c84fa94-04c1-424b-9868-57a2d4851a1d" />
    <TestEntry testId="d91c719d-c5d1-4fcd-a404-fbbfecc4c6fc" executionId="5792cf2b-a70a-4bd8-8499-a4135d149907" testListId="8c84fa94-04c1-424b-9868-57a2d4851a1d" />
    <TestEntry testId="6d5978b9-0ac1-445e-8da0-0ee298485ee8" executionId="2af7ef67-dfa2-4304-865c-b68f9a1ad6c9" testListId="8c84fa94-04c1-424b-9868-57a2d4851a1d" />
    <TestEntry testId="cba5b584-89e6-4d20-9cb9-b3841d1e93d9" executionId="9fbab283-028d-45ea-91e2-afa30432649f" testListId="8c84fa94-04c1-424b-9868-57a2d4851a1d" />
    <TestEntry testId="ca53e4ff-97fc-46df-a091-59126fa93a49" executionId="326e63cd-33d9-4c38-bea1-ba1819bc2e88" testListId="8c84fa94-04c1-424b-9868-57a2d4851a1d" />
    <TestEntry testId="afe48339-b129-4cfc-b7b7-21feb559f7c3" executionId="d3b5ec60-3338-4abf-bc5e-001070913879" testListId="8c84fa94-04c1-424b-9868-57a2d4851a1d" />
    <TestEntry testId="058a6a38-edd2-4169-92b6-03833a7f6f19" executionId="7de758b1-744e-4df5-b885-2c7dd66c5c67" testListId="8c84fa94-04c1-424b-9868-57a2d4851a1d" />
    <TestEntry testId="287a6a63-d8f5-4cb4-a70d-77da8cc7ec27" executionId="c2f8bb89-c7b4-439d-887a-27174f761190" testListId="8c84fa94-04c1-424b-9868-57a2d4851a1d" />
    <TestEntry testId="47c49662-ea64-41fa-99fb-40159ef67d21" executionId="46d29b9d-4ebd-4052-bc3c-4c5cf0fabfe2" testListId="8c84fa94-04c1-424b-9868-57a2d4851a1d" />
    <TestEntry testId="3123b0be-6136-402a-a905-ef022611ea15" executionId="ae31349d-0c17-4b53-ade3-4a1267fa6757" testListId="8c84fa94-04c1-424b-9868-57a2d4851a1d" />
    <TestEntry testId="277d68f8-8892-4b15-82ac-22ecc48fc9e5" executionId="a4823311-ed44-4f4a-bd98-83adb2318317" testListId="8c84fa94-04c1-424b-9868-57a2d4851a1d" />
    <TestEntry testId="24632e76-e30b-44ba-932c-21a8d749a8e2" executionId="2726dc4f-b3ba-409c-b2b6-b386cc66deeb" testListId="8c84fa94-04c1-424b-9868-57a2d4851a1d" />
    <TestEntry testId="07437bc6-759d-4db2-82dd-1de887bd072e" executionId="4862a0bb-4cf5-4642-9414-a17124eee904" testListId="8c84fa94-04c1-424b-9868-57a2d4851a1d" />
    <TestEntry testId="e0e99fc1-f11e-464d-a53a-c71186ce2c21" executionId="4b62f32f-4263-47f3-a05e-bcba15cdb11b" testListId="8c84fa94-04c1-424b-9868-57a2d4851a1d" />
    <TestEntry testId="831e032f-e11c-49d0-9e11-8075293cddbd" executionId="115abfba-212d-4b5c-a9a3-0d6a0896b85a" testListId="8c84fa94-04c1-424b-9868-57a2d4851a1d" />
    <TestEntry testId="020fcfdd-3c2c-4945-8cff-f5cb64d535cb" executionId="787c01c7-18d2-4a38-a0ca-3a0957e4dd29" testListId="8c84fa94-04c1-424b-9868-57a2d4851a1d" />
    <TestEntry testId="1bf76eae-0610-4e92-bbbf-fc25235a3c1c" executionId="b8381f50-74b4-4217-8e71-477bb9f84bcb" testListId="8c84fa94-04c1-424b-9868-57a2d4851a1d" />
    <TestEntry testId="93ffbfdc-dce5-4ccb-9302-06b8e564e2b7" executionId="213804db-e15f-4aa8-b007-6d6d952b96bf" testListId="8c84fa94-04c1-424b-9868-57a2d4851a1d" />
    <TestEntry testId="db442a20-56e4-461e-bbd1-995c2fa16c00" executionId="bd31fc27-7e3b-4221-a428-a7af40ba064f" testListId="8c84fa94-04c1-424b-9868-57a2d4851a1d" />
    <TestEntry testId="34272ee5-e6c8-4a26-800e-513e076c7547" executionId="90667880-d7c0-4b76-8aee-559c5d2c5aa2" testListId="8c84fa94-04c1-424b-9868-57a2d4851a1d" />
    <TestEntry testId="d2ed5120-175f-48a7-82eb-0325c3cd86ec" executionId="edd284bb-45bb-4138-9ad3-3e3cec46ca9b" testListId="8c84fa94-04c1-424b-9868-57a2d4851a1d" />
    <TestEntry testId="c8dcbacf-ef82-4a88-aa09-de878075b615" executionId="280d3829-6c97-43d0-b5d3-5b8f2b1f52a3" testListId="8c84fa94-04c1-424b-9868-57a2d4851a1d" />
    <TestEntry testId="c6062066-0400-446e-a394-695aaa6ff0c4" executionId="58d0bc1a-689a-45f4-a2a5-19cdc31f46ca" testListId="8c84fa94-04c1-424b-9868-57a2d4851a1d" />
    <TestEntry testId="942f8f3a-2351-4743-b29f-fcaaa6c2427e" executionId="aa64cf1c-d74a-42ab-9f58-0233ff038023" testListId="8c84fa94-04c1-424b-9868-57a2d4851a1d" />
    <TestEntry testId="0e80fabe-8bbf-4f58-8104-cedb204aa364" executionId="6099a22a-6efb-40f5-a01e-0b573b834805" testListId="8c84fa94-04c1-424b-9868-57a2d4851a1d" />
    <TestEntry testId="c4b6145a-0a1e-4c30-8925-f27f6ecc3a3b" executionId="8cdfb1a4-bb7c-467f-811a-f0cd42147b92" testListId="8c84fa94-04c1-424b-9868-57a2d4851a1d" />
    <TestEntry testId="3f13489a-079b-4fca-ba7c-8f873256cabd" executionId="b8ab3632-8f15-4a90-9249-2706a39682bb" testListId="8c84fa94-04c1-424b-9868-57a2d4851a1d" />
    <TestEntry testId="7807661b-e365-4356-924c-b6f1c5ba2519" executionId="b15ed299-2384-4caa-a685-d109d65b3858" testListId="8c84fa94-04c1-424b-9868-57a2d4851a1d" />
    <TestEntry testId="474519a4-ad96-41a1-9aab-ce12297419dc" executionId="e1d724ab-031b-4ae2-abe8-1c94ac4a5d74" testListId="8c84fa94-04c1-424b-9868-57a2d4851a1d" />
    <TestEntry testId="ee380686-a795-44ac-a72c-5e2102c0a019" executionId="1fe9eb61-eff6-4948-865a-bf28cc7d8548" testListId="8c84fa94-04c1-424b-9868-57a2d4851a1d" />
    <TestEntry testId="820c47b9-0aff-479c-8284-275c185a7330" executionId="275e94de-2e76-49d4-b2e7-d7851957ded2" testListId="8c84fa94-04c1-424b-9868-57a2d4851a1d" />
    <TestEntry testId="d18ec51b-1dcd-493f-9a19-e2712c98e3d4" executionId="501caeea-b926-41d2-98f0-d53ea2d917d2" testListId="8c84fa94-04c1-424b-9868-57a2d4851a1d" />
    <TestEntry testId="1a3b39e2-7a81-472b-8fac-8963d0ef17eb" executionId="0bb1ba1e-099c-4053-953c-b279ddff2f25" testListId="8c84fa94-04c1-424b-9868-57a2d4851a1d" />
    <TestEntry testId="c81daf7a-3492-4f4d-9649-587f22063a59" executionId="1bfcf107-ae1d-468a-be4a-d4c63cafb9ad" testListId="8c84fa94-04c1-424b-9868-57a2d4851a1d" />
    <TestEntry testId="27f8fbad-0817-4201-881d-88573e5c6968" executionId="197ad381-25a4-483e-b709-1b121bbbc79f" testListId="8c84fa94-04c1-424b-9868-57a2d4851a1d" />
    <TestEntry testId="32167006-1267-4cb6-b78d-6d53b208a502" executionId="3e44b61b-3ffe-4ed5-9e6f-0f868cef504e" testListId="8c84fa94-04c1-424b-9868-57a2d4851a1d" />
    <TestEntry testId="e7f8d434-c1eb-48e4-8f88-9cbbf9b3b5bd" executionId="cbb62fb1-3cfd-4395-84df-ec8f748e57e6" testListId="8c84fa94-04c1-424b-9868-57a2d4851a1d" />
    <TestEntry testId="db60fff3-8114-46d3-b861-b7653be2ea3e" executionId="c09fba2a-d0df-46cc-aa9a-1d43423675e5" testListId="8c84fa94-04c1-424b-9868-57a2d4851a1d" />
    <TestEntry testId="2a2e3758-739d-49e7-a44c-703329fb1dc3" executionId="2cbabbe8-d1d6-4685-b397-a30c58389e93" testListId="8c84fa94-04c1-424b-9868-57a2d4851a1d" />
    <TestEntry testId="bf91619c-856b-4f72-88f1-85a3f0abe7f7" executionId="3885f80b-889b-43a4-8888-8d1bab45cfe1" testListId="8c84fa94-04c1-424b-9868-57a2d4851a1d" />
    <TestEntry testId="29cabf2a-e796-462a-82a6-343d95fec41c" executionId="8836f550-9688-4d44-a8c2-8894146b5516" testListId="8c84fa94-04c1-424b-9868-57a2d4851a1d" />
    <TestEntry testId="a6c88bab-15dc-4402-aea6-b768bd17422e" executionId="658de0b6-7801-49f1-8aef-e621871b6fbc" testListId="8c84fa94-04c1-424b-9868-57a2d4851a1d" />
    <TestEntry testId="e222581e-d1a2-49a1-a349-d33afb625e91" executionId="cdcf9289-0db3-41a5-b1cd-f1b21cfd53a3" testListId="8c84fa94-04c1-424b-9868-57a2d4851a1d" />
    <TestEntry testId="b0ff152c-49b7-4099-9f52-27747ed86c5d" executionId="5f7accee-6770-4a5a-8bfb-732443fadb53" testListId="8c84fa94-04c1-424b-9868-57a2d4851a1d" />
    <TestEntry testId="fec449ca-18f5-4a74-94b3-3cf91a96c702" executionId="e0962d58-43fb-42a0-b0cf-59b598df3702" testListId="8c84fa94-04c1-424b-9868-57a2d4851a1d" />
    <TestEntry testId="beaa2c3e-4642-4a79-8b25-19267d32bfad" executionId="1116ec8d-8188-4525-8c23-8733f6bdf987" testListId="8c84fa94-04c1-424b-9868-57a2d4851a1d" />
    <TestEntry testId="fde30353-2600-4738-a8bc-6b1c3cede448" executionId="f2c77e23-7d99-4c56-b376-19506d1748b2" testListId="8c84fa94-04c1-424b-9868-57a2d4851a1d" />
    <TestEntry testId="ef8d3b84-12bc-4dff-baf8-18abe690b901" executionId="3e325ca6-63ec-42cd-815d-4d2071b243c6" testListId="8c84fa94-04c1-424b-9868-57a2d4851a1d" />
    <TestEntry testId="678b6e16-af42-4aa2-a01b-3742fa310788" executionId="6805f534-a39a-408d-8153-026a6d80367c" testListId="8c84fa94-04c1-424b-9868-57a2d4851a1d" />
    <TestEntry testId="6ddc53a2-6720-4353-8bb9-534c5de95cc6" executionId="05094310-85da-451d-8464-bd9b2f867c27" testListId="8c84fa94-04c1-424b-9868-57a2d4851a1d" />
    <TestEntry testId="b12a7e28-9e75-456d-98f4-078760e8b495" executionId="5e077160-1f8d-421f-8dd7-55580f1b46aa" testListId="8c84fa94-04c1-424b-9868-57a2d4851a1d" />
    <TestEntry testId="f9d4f05e-a183-4e15-ad5e-cacab1d1d169" executionId="e69a8bd2-8af8-427e-b389-7b26077594a5" testListId="8c84fa94-04c1-424b-9868-57a2d4851a1d" />
    <TestEntry testId="ed258200-1ff6-4c30-a3f8-ed1f23f0bb30" executionId="ebfc016d-e457-472d-b081-bcbc8d19d1cf" testListId="8c84fa94-04c1-424b-9868-57a2d4851a1d" />
    <TestEntry testId="534ca0f9-b288-4bf5-a861-dcb5312f231c" executionId="112f8bec-18fa-40d3-9627-a1c1bf28b4c1" testListId="8c84fa94-04c1-424b-9868-57a2d4851a1d" />
    <TestEntry testId="35fbf475-75de-43fe-a50d-8572d41eb69f" executionId="1ebe3d45-9ba6-4a42-ada2-2b1f4cf94531" testListId="8c84fa94-04c1-424b-9868-57a2d4851a1d" />
    <TestEntry testId="cc2d496d-85e6-4792-9c73-704f3c165652" executionId="77dc8cbe-6855-4972-9dab-4edfffbfa21f" testListId="8c84fa94-04c1-424b-9868-57a2d4851a1d" />
    <TestEntry testId="1867b1b4-7b51-4532-9326-c57885d67f4f" executionId="de2aa806-844b-4b03-840c-8018bed4dfbb" testListId="8c84fa94-04c1-424b-9868-57a2d4851a1d" />
    <TestEntry testId="e30bc10b-73dc-48e1-a962-ee913bc1cfd7" executionId="8c07957f-5044-4828-b436-ba26e740494d" testListId="8c84fa94-04c1-424b-9868-57a2d4851a1d" />
    <TestEntry testId="85e354c5-9c07-4562-81cf-dfda48b89826" executionId="d09ad8ed-bac3-43b6-aa4e-95a7147616f7" testListId="8c84fa94-04c1-424b-9868-57a2d4851a1d" />
    <TestEntry testId="52583db3-4897-42bb-bb1c-c44976e7a032" executionId="0bd6038c-793d-4bc9-af10-8414463d78e1" testListId="8c84fa94-04c1-424b-9868-57a2d4851a1d" />
    <TestEntry testId="d6e83422-c320-4a99-a276-c692468b4b89" executionId="f376a555-a91e-42ae-8205-5edf82740ef7" testListId="8c84fa94-04c1-424b-9868-57a2d4851a1d" />
    <TestEntry testId="fc2b1806-ce39-4051-83fe-5b4e956a4db9" executionId="a80de530-5ee0-4084-98db-9745e737c602" testListId="8c84fa94-04c1-424b-9868-57a2d4851a1d" />
    <TestEntry testId="1d4613ab-e355-4f20-82f7-5924aeb7112c" executionId="86ae99b4-e561-42ba-b66d-d516eca0dda1" testListId="8c84fa94-04c1-424b-9868-57a2d4851a1d" />
    <TestEntry testId="d15c2298-9667-4a9f-bd0f-19136351acb3" executionId="13b633e3-3617-4ed3-9881-d4b2c88eeeaa" testListId="8c84fa94-04c1-424b-9868-57a2d4851a1d" />
    <TestEntry testId="fde8a628-0306-40ad-8b52-6ee85cc391bd" executionId="3aa5503b-6da7-4096-81d2-fdb750a851ac" testListId="8c84fa94-04c1-424b-9868-57a2d4851a1d" />
    <TestEntry testId="f01767c4-80ed-460b-8d4c-5976012ec0b3" executionId="cade72c1-8b2e-46c0-ac2a-f5e5aa3fd140" testListId="8c84fa94-04c1-424b-9868-57a2d4851a1d" />
    <TestEntry testId="5655f11a-74f5-406a-860c-6b7898f7f604" executionId="09991254-903a-4f37-8e22-5ae2e097dc42" testListId="8c84fa94-04c1-424b-9868-57a2d4851a1d" />
    <TestEntry testId="9e1b7bbc-3c26-42a9-ba79-15019633c41f" executionId="300e84d1-ecf1-4e3a-ac07-505e062fb32e" testListId="8c84fa94-04c1-424b-9868-57a2d4851a1d" />
    <TestEntry testId="9612b529-6534-42dc-b985-167612fb91d2" executionId="65d4536e-af2f-4dfa-968f-d9e663d397d7" testListId="8c84fa94-04c1-424b-9868-57a2d4851a1d" />
    <TestEntry testId="07371fb2-f4d6-4efc-bbf1-cb37cefae660" executionId="4096684a-2a37-4bf6-aaa4-e21ab48f2c35" testListId="8c84fa94-04c1-424b-9868-57a2d4851a1d" />
    <TestEntry testId="80fbf2ba-e88d-4123-b9ef-877b41d05a59" executionId="9b134ddd-0f12-42a6-8598-b74da45932ec" testListId="8c84fa94-04c1-424b-9868-57a2d4851a1d" />
    <TestEntry testId="89cbd5c5-948f-4a98-9251-e8640938a547" executionId="d0917bcd-0dd6-451a-b2ee-e1922efb454c" testListId="8c84fa94-04c1-424b-9868-57a2d4851a1d" />
    <TestEntry testId="67749f22-10a9-4bdf-bc46-948b61b4f4ae" executionId="3dbdc0d0-8296-461f-ad9b-c74ce841f0be" testListId="8c84fa94-04c1-424b-9868-57a2d4851a1d" />
    <TestEntry testId="15cf9c09-1cf1-49f4-a2ed-e5803725f2e7" executionId="15bffd1c-a3b4-422e-8ea6-9ac36fa2e955" testListId="8c84fa94-04c1-424b-9868-57a2d4851a1d" />
    <TestEntry testId="1bd483dc-64af-4524-a552-db56f9295176" executionId="a08d3826-9ff4-4ad5-a070-11dd4f75db86" testListId="8c84fa94-04c1-424b-9868-57a2d4851a1d" />
    <TestEntry testId="9f4923cd-1857-4973-b1d1-5a2f980beaff" executionId="552f7d1a-1363-4285-9551-9bfd56c6b962" testListId="8c84fa94-04c1-424b-9868-57a2d4851a1d" />
    <TestEntry testId="584d2fba-50f2-4a13-8456-bca2b367d2d2" executionId="904d5866-8687-4e7d-b25c-95db5eacf03f" testListId="8c84fa94-04c1-424b-9868-57a2d4851a1d" />
    <TestEntry testId="bf5fba23-fb76-4704-bae1-bbd27af02780" executionId="e3dccc40-380c-40c0-a4aa-607354ae0847" testListId="8c84fa94-04c1-424b-9868-57a2d4851a1d" />
    <TestEntry testId="f3e868d4-d255-414a-a45f-03865e827f13" executionId="bb0a2311-435e-4985-9d08-7b90dd652a80" testListId="8c84fa94-04c1-424b-9868-57a2d4851a1d" />
    <TestEntry testId="9e102b96-0366-4293-8e6e-8028352c1f7b" executionId="d94c831b-ae5f-4f76-9bd4-bc8d46baaeb7" testListId="8c84fa94-04c1-424b-9868-57a2d4851a1d" />
    <TestEntry testId="24355981-70ec-4ad2-b8bb-f725f30b410b" executionId="a78c1ba3-d799-492f-a1fe-0b82f375732d" testListId="8c84fa94-04c1-424b-9868-57a2d4851a1d" />
    <TestEntry testId="d13151ab-b23b-4407-a1fe-acf786f1ee97" executionId="fe5cc7f7-8a46-4d9f-a224-41d7867941a3" testListId="8c84fa94-04c1-424b-9868-57a2d4851a1d" />
    <TestEntry testId="9f4ea0ef-bc2d-4091-b1d5-5649a7d9a841" executionId="8357cb17-03be-4b92-847c-a046150c3a35" testListId="8c84fa94-04c1-424b-9868-57a2d4851a1d" />
    <TestEntry testId="57154681-0a15-472a-a9ea-c4e3b12c8e4b" executionId="4e4f5838-9b86-4080-8207-d719bd606b1e" testListId="8c84fa94-04c1-424b-9868-57a2d4851a1d" />
    <TestEntry testId="f7fe9a0b-a4d9-4c0c-ade0-d7eef883f698" executionId="73f9f1fb-c026-4fe8-bb04-216bb2bf466f" testListId="8c84fa94-04c1-424b-9868-57a2d4851a1d" />
    <TestEntry testId="a2387616-3bcd-4e6e-8ad2-c1dbfc71a8bd" executionId="8098756b-a51b-4b28-88f4-25d3e627b4b9" testListId="8c84fa94-04c1-424b-9868-57a2d4851a1d" />
    <TestEntry testId="90791390-9902-40b5-9c72-db1336c42ec4" executionId="68c9bc80-96aa-4ed4-9446-a9defe52bad1" testListId="8c84fa94-04c1-424b-9868-57a2d4851a1d" />
    <TestEntry testId="fec3583f-ddd3-4b2f-950e-17b81f0cdbd8" executionId="bc48bef4-4aec-42f1-b103-f9dff12424d2" testListId="8c84fa94-04c1-424b-9868-57a2d4851a1d" />
    <TestEntry testId="da41e2d3-f6ac-4019-9e39-27b5e0d7dc1b" executionId="b50bc564-1e98-4c46-a7bf-ed5215fea672" testListId="8c84fa94-04c1-424b-9868-57a2d4851a1d" />
    <TestEntry testId="3ba0b085-e7ea-4f01-ba11-b493df222149" executionId="295ab318-0eca-4cfd-a447-0b9bc6a8df4b" testListId="8c84fa94-04c1-424b-9868-57a2d4851a1d" />
    <TestEntry testId="addd5948-e3db-4443-b071-d9ac41f145d7" executionId="36a1f25f-f4bc-422a-b371-3bdcfd372754" testListId="8c84fa94-04c1-424b-9868-57a2d4851a1d" />
    <TestEntry testId="147bf651-a081-4fc3-b42d-5bab02a14131" executionId="e410eb60-f3f8-4769-8d68-fb79f81291ed" testListId="8c84fa94-04c1-424b-9868-57a2d4851a1d" />
    <TestEntry testId="04b31254-cffc-4ba5-b428-364fa933998d" executionId="a836ac30-9d34-45c8-a41c-0f9195e6a780" testListId="8c84fa94-04c1-424b-9868-57a2d4851a1d" />
    <TestEntry testId="e782cfda-0de8-43b7-97bd-d2aa723353d6" executionId="6be0327b-9836-4d33-9a80-2da7b851dc74" testListId="8c84fa94-04c1-424b-9868-57a2d4851a1d" />
    <TestEntry testId="6a55ec1f-3712-4c88-b940-9f4d8a5d4b98" executionId="555ab52b-59a3-49b0-8cb5-533e3ce93e8c" testListId="8c84fa94-04c1-424b-9868-57a2d4851a1d" />
    <TestEntry testId="dcc0c604-5793-4cf2-95f0-a718c05eee41" executionId="f97f2fc2-3df7-42b7-94b8-94a3eba30173" testListId="8c84fa94-04c1-424b-9868-57a2d4851a1d" />
    <TestEntry testId="1579c289-0737-4980-bc35-514454203c68" executionId="139983b6-2621-464e-ae6c-20684971b2b3" testListId="8c84fa94-04c1-424b-9868-57a2d4851a1d" />
    <TestEntry testId="a5351f7b-187a-4675-ab95-bad40f1d5491" executionId="98f8dfa7-2278-4b4f-951b-7eb1e2e74769" testListId="8c84fa94-04c1-424b-9868-57a2d4851a1d" />
    <TestEntry testId="5b3b8163-51c3-4ad6-a965-8b95a7815e09" executionId="c9b2b0d1-6f7d-4955-a274-a995c6cb2bb5" testListId="8c84fa94-04c1-424b-9868-57a2d4851a1d" />
    <TestEntry testId="bf792596-6d43-49a1-95ae-131f3069d5f4" executionId="2e8de592-1cb9-4779-a564-528ca2b08add" testListId="8c84fa94-04c1-424b-9868-57a2d4851a1d" />
    <TestEntry testId="0f691a51-79b6-491b-87da-a28cb2e8a7ce" executionId="0eebf3b5-360c-41da-94b0-e79022b71b33" testListId="8c84fa94-04c1-424b-9868-57a2d4851a1d" />
    <TestEntry testId="4f82a8f4-7af5-4f25-a742-44d24386dd09" executionId="f29bfea9-b9be-40d4-aa44-2735f4d36b55" testListId="8c84fa94-04c1-424b-9868-57a2d4851a1d" />
    <TestEntry testId="246ca8c6-373d-46de-8b07-aceb0d93e0c0" executionId="5f9e7e20-3215-479d-90a2-98ca520f8c9c" testListId="8c84fa94-04c1-424b-9868-57a2d4851a1d" />
    <TestEntry testId="acca8d6e-2941-412e-be47-8b34ad5eb3e9" executionId="1ffdb85b-6933-4747-955f-91de3bcc2461" testListId="8c84fa94-04c1-424b-9868-57a2d4851a1d" />
    <TestEntry testId="866027df-6e2e-47b5-8f0f-36bcea52cd44" executionId="f329df92-5a71-4d95-afd2-c77f535e9379" testListId="8c84fa94-04c1-424b-9868-57a2d4851a1d" />
    <TestEntry testId="be892f44-8582-4c7f-9544-f10e93fc2c43" executionId="1d2b332c-e5d9-42b1-8729-9c2101b5e325" testListId="8c84fa94-04c1-424b-9868-57a2d4851a1d" />
    <TestEntry testId="78db80c2-5870-43db-aaa8-13fe571ffc6c" executionId="ba913c04-0c30-4055-9d4f-9930d20354f7" testListId="8c84fa94-04c1-424b-9868-57a2d4851a1d" />
    <TestEntry testId="67b881e2-738c-41b2-a2d6-c3bf540cab20" executionId="73d9027d-4dcf-4ae0-ac70-4b13b8d96e23" testListId="8c84fa94-04c1-424b-9868-57a2d4851a1d" />
    <TestEntry testId="84794810-c6c5-445e-99ff-e230db0f0d70" executionId="7f21a89d-84a4-4f77-bb9e-6146df343887" testListId="8c84fa94-04c1-424b-9868-57a2d4851a1d" />
    <TestEntry testId="85d3d7c6-7c93-453f-a652-8891fc432354" executionId="dc6ce9c6-8c92-4ef2-95b7-dde4eae3406e" testListId="8c84fa94-04c1-424b-9868-57a2d4851a1d" />
    <TestEntry testId="fe133e2e-26c9-48cd-b427-86ac3e86f4e5" executionId="755751f1-dd25-4829-9a2c-162af0beb993" testListId="8c84fa94-04c1-424b-9868-57a2d4851a1d" />
    <TestEntry testId="8f73d220-590c-49ca-89d8-e4900a0ab56c" executionId="25e7d3e6-081b-4489-92b3-5cd9f7bcb9b6" testListId="8c84fa94-04c1-424b-9868-57a2d4851a1d" />
    <TestEntry testId="67e5009a-ca37-4f27-93f3-d4b81dfd16b1" executionId="6a6eedf3-acbe-4a4b-a7fa-d112af2b2be6" testListId="8c84fa94-04c1-424b-9868-57a2d4851a1d" />
    <TestEntry testId="7c5b52cc-8716-4ee3-abaa-8586c352e9f2" executionId="14dbd54a-fc40-4a83-91cd-63e4a956860b" testListId="8c84fa94-04c1-424b-9868-57a2d4851a1d" />
    <TestEntry testId="5c42f34c-9309-4905-82f2-6ea3a0099d22" executionId="7a266b84-4894-42eb-be26-ed42e93f7100" testListId="8c84fa94-04c1-424b-9868-57a2d4851a1d" />
    <TestEntry testId="23d90337-1dd6-4718-8245-9128caa43421" executionId="8992b0c3-9b91-45a2-9e64-7998b77572ad" testListId="8c84fa94-04c1-424b-9868-57a2d4851a1d" />
    <TestEntry testId="577c36e6-c871-4289-be47-700d122792eb" executionId="8b8ded68-26f5-4634-ad37-b34708319976" testListId="8c84fa94-04c1-424b-9868-57a2d4851a1d" />
    <TestEntry testId="258759f2-1e09-49ea-be8d-1b2309b6ff3c" executionId="89b950e5-74b6-49c8-b54b-3e39b356f550" testListId="8c84fa94-04c1-424b-9868-57a2d4851a1d" />
    <TestEntry testId="fec0eaa0-d1e5-443b-8c01-da9e63139aaa" executionId="20e5a30c-f6f8-48f8-80d2-defc63fdc3d2" testListId="8c84fa94-04c1-424b-9868-57a2d4851a1d" />
    <TestEntry testId="e377e0c9-1212-49d7-8ad2-3dfa327cbe77" executionId="2b07a41d-2351-4401-9dc1-900ae27b4f55" testListId="8c84fa94-04c1-424b-9868-57a2d4851a1d" />
    <TestEntry testId="9e31afb0-c392-45f1-a3cd-13ece706a881" executionId="0a27982b-3068-4a61-8f21-0e0d5be15116" testListId="8c84fa94-04c1-424b-9868-57a2d4851a1d" />
    <TestEntry testId="810a9e86-9e7b-49bc-9a6a-5458396f95a7" executionId="ea4eb37a-0811-42b2-af2d-51d851145646" testListId="8c84fa94-04c1-424b-9868-57a2d4851a1d" />
    <TestEntry testId="96418ced-cd08-4fdc-8d27-76145d2c0abb" executionId="4abb384a-18aa-497e-9330-48e19a30ce72" testListId="8c84fa94-04c1-424b-9868-57a2d4851a1d" />
    <TestEntry testId="0f1b10e8-6fa9-44b3-bf30-922ebf4cfb1b" executionId="6a76311b-9f72-4927-86c7-56cdacf167ed" testListId="8c84fa94-04c1-424b-9868-57a2d4851a1d" />
    <TestEntry testId="4195d2e1-fd27-4f8c-9ed4-96395dc5165f" executionId="c35cc4ce-52fa-4448-96ee-07a2765b251f" testListId="8c84fa94-04c1-424b-9868-57a2d4851a1d" />
    <TestEntry testId="04d6f4ba-b773-45c9-b4d5-b9c5f55d1ea3" executionId="b7a9a5b1-d065-4cd2-9701-d2005f149b67" testListId="8c84fa94-04c1-424b-9868-57a2d4851a1d" />
    <TestEntry testId="d57467a2-439a-4c9f-8b29-557645c4d9be" executionId="41c1377d-77b1-4bde-a631-23801409e34f" testListId="8c84fa94-04c1-424b-9868-57a2d4851a1d" />
    <TestEntry testId="68797f5b-05be-4508-8bae-fc55cf2a0218" executionId="f2acebbc-aa91-4ba5-9eb9-9325d4641cc6" testListId="8c84fa94-04c1-424b-9868-57a2d4851a1d" />
    <TestEntry testId="ae09e6eb-51ea-4983-b835-91712fcbe1c9" executionId="e27e1af4-ed52-49de-beac-3716d4f06b80" testListId="8c84fa94-04c1-424b-9868-57a2d4851a1d" />
    <TestEntry testId="a147594b-119a-4776-99a2-18a0a0ca45fa" executionId="77cb8b05-2c35-49bb-ba8e-84a8f6877990" testListId="8c84fa94-04c1-424b-9868-57a2d4851a1d" />
    <TestEntry testId="5743e86c-00af-4a86-b409-0158264f5c95" executionId="8a196aaa-15c9-43ba-b96a-06746dfbe6eb" testListId="8c84fa94-04c1-424b-9868-57a2d4851a1d" />
    <TestEntry testId="c9e66908-5507-4d03-b270-421cb022414a" executionId="f124c883-78fd-46a9-8cc6-74862abcafbd" testListId="8c84fa94-04c1-424b-9868-57a2d4851a1d" />
    <TestEntry testId="2864d55d-47ef-4256-a4cc-e6214001b91a" executionId="868f7709-c1e6-40f9-a07d-bcc15e42b9ce" testListId="8c84fa94-04c1-424b-9868-57a2d4851a1d" />
    <TestEntry testId="cd2868eb-8445-494f-8243-189fb5504101" executionId="48b1be4b-c763-4ff6-8557-6585cc473496" testListId="8c84fa94-04c1-424b-9868-57a2d4851a1d" />
    <TestEntry testId="d95ea5e8-6b73-4487-a1b0-251e95c3334e" executionId="965c11f5-8a63-43de-85ad-847e19cfa97c" testListId="8c84fa94-04c1-424b-9868-57a2d4851a1d" />
    <TestEntry testId="c3a51546-651f-47e5-9ff1-14ea6e37c70d" executionId="9c015be0-639d-4e83-84d9-5a279b8e8b21" testListId="8c84fa94-04c1-424b-9868-57a2d4851a1d" />
    <TestEntry testId="b5937a6a-e0f6-4132-8384-00e993a6d53e" executionId="75a02750-2c6a-4c8f-bb3e-b930253711d1" testListId="8c84fa94-04c1-424b-9868-57a2d4851a1d" />
    <TestEntry testId="b690e8d6-80a6-4c3f-ae8e-36afe904a9da" executionId="96c951b8-a424-4567-8887-39565dea63c9" testListId="8c84fa94-04c1-424b-9868-57a2d4851a1d" />
    <TestEntry testId="d954b428-8278-467c-b7e9-af404bb74328" executionId="c113d3f8-9cba-4b14-8ab2-a0224221dfb6" testListId="8c84fa94-04c1-424b-9868-57a2d4851a1d" />
    <TestEntry testId="8879a508-9591-4054-a384-4d238e2b371c" executionId="6b5954c2-98be-4774-a6fb-10f3dd24db8c" testListId="8c84fa94-04c1-424b-9868-57a2d4851a1d" />
    <TestEntry testId="b4ca1c03-1f8a-4ac7-b9d9-775fd60b1dc7" executionId="8e8a0ced-a152-4440-b5c1-97cfe52f714e" testListId="8c84fa94-04c1-424b-9868-57a2d4851a1d" />
    <TestEntry testId="83aaea22-44c3-4e2c-a792-c04fdb28c9dc" executionId="0c9e5c3d-fb28-406b-ba43-08bb0397e156" testListId="8c84fa94-04c1-424b-9868-57a2d4851a1d" />
    <TestEntry testId="30c05b9a-0342-49ae-8091-1f7d24dc04ad" executionId="adc63ab6-8ea4-4ac2-bb31-f8c4de0bedd8" testListId="8c84fa94-04c1-424b-9868-57a2d4851a1d" />
    <TestEntry testId="a0bc53c3-b5a4-4b6a-bb89-55576167c35e" executionId="4b635c09-ded9-4bf8-bc64-5bd51ac29ee8" testListId="8c84fa94-04c1-424b-9868-57a2d4851a1d" />
    <TestEntry testId="d95adbf0-6dc8-4fee-b183-a9dc02f2882f" executionId="76437f69-1f8a-4eb6-8b5a-b1e83d49f7ad" testListId="8c84fa94-04c1-424b-9868-57a2d4851a1d" />
    <TestEntry testId="f1152453-0a3f-4694-a0d2-fa9a5967a5f0" executionId="7d660b98-3aff-4644-9c71-f99ccdf7edfc" testListId="8c84fa94-04c1-424b-9868-57a2d4851a1d" />
    <TestEntry testId="57cc0dca-c436-4a76-9b19-e74d14bd2119" executionId="cb8b9d89-d601-4330-9ac7-f9baec68c8de" testListId="8c84fa94-04c1-424b-9868-57a2d4851a1d" />
    <TestEntry testId="3f998371-c81a-4a5d-b8c5-85ff5b39455c" executionId="6f06b5a6-8ede-4651-a1e6-0774c45c9062" testListId="8c84fa94-04c1-424b-9868-57a2d4851a1d" />
    <TestEntry testId="d20ec3e6-05bc-45ff-bd3f-906c72a39527" executionId="55a068f8-edd2-4b7d-aca3-d6fccec38c49" testListId="8c84fa94-04c1-424b-9868-57a2d4851a1d" />
    <TestEntry testId="bc7e2345-2d7e-4398-a45a-7b4c90f2e9a3" executionId="4c776480-5b1a-4002-8c1d-4d377703c4e9" testListId="8c84fa94-04c1-424b-9868-57a2d4851a1d" />
    <TestEntry testId="91f9c81b-e2c2-4bf5-a586-b458daa53b6c" executionId="c6fce9d9-25f4-4334-a941-d5fc415df905" testListId="8c84fa94-04c1-424b-9868-57a2d4851a1d" />
    <TestEntry testId="f60e9fc9-91e2-49ea-955a-19c480d766a8" executionId="6ebd46e5-8282-4adf-b2d6-296bd07f9997" testListId="8c84fa94-04c1-424b-9868-57a2d4851a1d" />
    <TestEntry testId="311fc1bc-7d8a-4145-a121-efd1df95a304" executionId="1e087326-9e6d-4b0a-a8ca-6f93eba5fad4" testListId="8c84fa94-04c1-424b-9868-57a2d4851a1d" />
    <TestEntry testId="6d6709bd-496a-4862-a348-f6a517afa43a" executionId="72a03386-902e-4495-b5e5-7197d2e5a83c" testListId="8c84fa94-04c1-424b-9868-57a2d4851a1d" />
    <TestEntry testId="2cb6087f-4dc0-42b5-83eb-0c9a6fb18982" executionId="94f5885f-a67d-4393-872e-671bdae59068" testListId="8c84fa94-04c1-424b-9868-57a2d4851a1d" />
    <TestEntry testId="21086ec6-c4a4-4e2f-a9bb-06696d8ef562" executionId="f1f7eab0-8e54-430b-9121-e66e3ac93013" testListId="8c84fa94-04c1-424b-9868-57a2d4851a1d" />
    <TestEntry testId="5abf3936-4ce7-497b-9541-8d2eec3e31f5" executionId="1ea58bbd-5831-4671-a9be-703a02afb916" testListId="8c84fa94-04c1-424b-9868-57a2d4851a1d" />
    <TestEntry testId="b70bb0fa-f730-4eac-a62d-c63e117d7522" executionId="c3d11ffb-0dba-4fff-8e1b-8861f17c9da3" testListId="8c84fa94-04c1-424b-9868-57a2d4851a1d" />
    <TestEntry testId="c3df1e9b-bafa-4551-a227-80d391e7946b" executionId="01f6d5a4-d922-400e-96ee-ee11130395e8" testListId="8c84fa94-04c1-424b-9868-57a2d4851a1d" />
    <TestEntry testId="940d6a27-d11a-4368-b8bc-6b106556a12b" executionId="7fe2bce4-7682-4a6c-af0c-38dbf51f5f31" testListId="8c84fa94-04c1-424b-9868-57a2d4851a1d" />
    <TestEntry testId="d46ec376-a1a6-4be5-9952-82389970f6ba" executionId="7494a790-b9b4-4866-b5e8-3e86d86277b9" testListId="8c84fa94-04c1-424b-9868-57a2d4851a1d" />
    <TestEntry testId="63b913c8-e15e-4396-9e54-7180a3f934ed" executionId="f39f30fc-d652-45a2-9e19-006f139699ab" testListId="8c84fa94-04c1-424b-9868-57a2d4851a1d" />
    <TestEntry testId="808b31a6-b5ac-472b-97e9-e3ea9e0fd5dc" executionId="0edadbce-ea65-46ad-9f51-8e5fc1bc1e1c" testListId="8c84fa94-04c1-424b-9868-57a2d4851a1d" />
    <TestEntry testId="ec803418-e831-4588-a4fa-b97877d6cffa" executionId="17f14f6b-8ef7-4a84-babf-a502214c48a8" testListId="8c84fa94-04c1-424b-9868-57a2d4851a1d" />
    <TestEntry testId="9403d32e-8a31-4be8-81b4-2e0274bb5aa9" executionId="64b599f5-f7ff-498b-8ed8-71f359f75911" testListId="8c84fa94-04c1-424b-9868-57a2d4851a1d" />
    <TestEntry testId="4ced5d3d-ff6c-483b-966d-ae2e30b4e949" executionId="2f6654b8-8069-4ed6-8525-54f57299538d" testListId="8c84fa94-04c1-424b-9868-57a2d4851a1d" />
    <TestEntry testId="579d33b4-8758-495f-8deb-603d6c5f241b" executionId="2d915087-6250-49e0-b2d3-a4dbb0dc49fa" testListId="8c84fa94-04c1-424b-9868-57a2d4851a1d" />
    <TestEntry testId="f38c1a70-692a-4db7-b2b2-26feba2ca09d" executionId="1898537d-2fb4-4f39-9d2e-9fd58b350807" testListId="8c84fa94-04c1-424b-9868-57a2d4851a1d" />
    <TestEntry testId="b0e76076-8f5f-40a2-baa0-0315f6907f1b" executionId="4772e20b-0067-469b-acac-e00e5191086a" testListId="8c84fa94-04c1-424b-9868-57a2d4851a1d" />
    <TestEntry testId="8aabff86-31d4-4bbc-b32c-380148111bc8" executionId="01dec7ff-308e-4598-8ea1-bb9683c8cdac" testListId="8c84fa94-04c1-424b-9868-57a2d4851a1d" />
    <TestEntry testId="2b741b2f-b408-4217-bcbe-fdc10dc87f29" executionId="30d823a3-cb08-4baa-99a4-e74748a176d5" testListId="8c84fa94-04c1-424b-9868-57a2d4851a1d" />
    <TestEntry testId="e49ce9b3-4d2f-40b1-b2f4-2bc82162f531" executionId="f20e30b9-3bba-4f22-be10-fba931df7825" testListId="8c84fa94-04c1-424b-9868-57a2d4851a1d" />
    <TestEntry testId="8b293baf-2d2c-4ddc-86d1-6df69869079b" executionId="09361cff-be84-4760-a2b0-f0a00188c7ec" testListId="8c84fa94-04c1-424b-9868-57a2d4851a1d" />
    <TestEntry testId="20f12d3c-dfc1-4620-b935-600ca4a44ded" executionId="5c083c68-603f-4159-86d6-af5c42192ba5" testListId="8c84fa94-04c1-424b-9868-57a2d4851a1d" />
    <TestEntry testId="2f218310-7a2a-47cc-be23-a8e63532cd6e" executionId="9e34f8f4-a928-4328-bab2-ec6dfd4304ef" testListId="8c84fa94-04c1-424b-9868-57a2d4851a1d" />
    <TestEntry testId="4280fc9b-a825-4217-9c6c-a3b71aef9de1" executionId="f972ce0b-efb2-4114-8243-d65a0db14d0b" testListId="8c84fa94-04c1-424b-9868-57a2d4851a1d" />
    <TestEntry testId="1577f146-809c-4530-ae9a-d6566363a19f" executionId="376e39c6-50b3-42c4-a7ca-11da3d66e08f" testListId="8c84fa94-04c1-424b-9868-57a2d4851a1d" />
    <TestEntry testId="ce0c15c3-0c9f-4ef3-bee4-7c7ba1d44ac6" executionId="c8578b83-628d-4f14-8319-019cb53795f6" testListId="8c84fa94-04c1-424b-9868-57a2d4851a1d" />
    <TestEntry testId="e7ea9fd0-7d21-4391-bbab-59645336abfe" executionId="f6787bbb-b83a-40e2-a649-b7222a0eefba" testListId="8c84fa94-04c1-424b-9868-57a2d4851a1d" />
    <TestEntry testId="c4586383-bc26-462c-b155-e5a036ca6f6c" executionId="a8d4cb8c-23aa-485f-b3d5-eeb60baa6a0f" testListId="8c84fa94-04c1-424b-9868-57a2d4851a1d" />
    <TestEntry testId="51af2260-2e2c-4122-b376-5bc3e3b3744b" executionId="1b7da2fc-5a20-4b51-9911-cdce304ab3de" testListId="8c84fa94-04c1-424b-9868-57a2d4851a1d" />
    <TestEntry testId="1db4a2b8-b36f-4fec-84c6-6461d335755f" executionId="08e928b0-2e36-4589-a5f9-debd16a2fec4" testListId="8c84fa94-04c1-424b-9868-57a2d4851a1d" />
    <TestEntry testId="22a8324b-f690-4882-b2b4-1ed99f4404d3" executionId="8e205ca0-19ad-4a41-8a53-39d326fd8eed" testListId="8c84fa94-04c1-424b-9868-57a2d4851a1d" />
    <TestEntry testId="ef54eeaf-f256-47d0-8c65-0a05b85d055a" executionId="704ac56b-14cc-4098-bb05-f5cbbf33ddc8" testListId="8c84fa94-04c1-424b-9868-57a2d4851a1d" />
    <TestEntry testId="cbf624e9-ffaf-4766-b859-f18d178bf513" executionId="cd16de22-c139-4fef-8054-2b491b862c78" testListId="8c84fa94-04c1-424b-9868-57a2d4851a1d" />
    <TestEntry testId="498c64e5-d37c-474a-b021-aa2db3ad5afc" executionId="86d957d1-db1e-47bf-a3b1-fef825d62692" testListId="8c84fa94-04c1-424b-9868-57a2d4851a1d" />
    <TestEntry testId="5316ed7d-665d-4f14-928a-5c8207f7c1a7" executionId="3c1129cf-53b9-47ab-bc23-876fbf222bd0" testListId="8c84fa94-04c1-424b-9868-57a2d4851a1d" />
    <TestEntry testId="aa734f76-89a2-4fb4-8723-dcf3e626d737" executionId="42327afb-a40d-4f0d-adb9-12eb289d62b2" testListId="8c84fa94-04c1-424b-9868-57a2d4851a1d" />
    <TestEntry testId="8fd31915-9b75-4d0f-a9e4-7ac85de4cec0" executionId="cfaaf177-116e-4293-8a34-5ef02ba348e2" testListId="8c84fa94-04c1-424b-9868-57a2d4851a1d" />
    <TestEntry testId="fcc50f52-245f-4683-9f24-165804521ef7" executionId="15887b81-d19c-414c-b16d-a9fdde6eedc1" testListId="8c84fa94-04c1-424b-9868-57a2d4851a1d" />
    <TestEntry testId="4f48bf3c-825e-4d13-8c86-91b74864addd" executionId="9aba9441-f8ba-49ce-b79c-cc4dd27401ec" testListId="8c84fa94-04c1-424b-9868-57a2d4851a1d" />
    <TestEntry testId="bbe308d0-a8fd-4afa-931c-a78d1b46ef71" executionId="995437b2-f2f3-4f8c-a9fe-d342b2a689cf" testListId="8c84fa94-04c1-424b-9868-57a2d4851a1d" />
    <TestEntry testId="059b039a-d9d8-45f6-98ab-8e858bfc1ff8" executionId="8ad5be03-9fa6-4729-9960-a12a2453b9a0" testListId="8c84fa94-04c1-424b-9868-57a2d4851a1d" />
    <TestEntry testId="4ebaf39e-75df-4330-b063-f6bd46c248e0" executionId="1e176250-ceb9-4f32-890a-c7ace67c1e50" testListId="8c84fa94-04c1-424b-9868-57a2d4851a1d" />
    <TestEntry testId="1e1e8bb1-4177-49d7-ac17-bcef19e91b25" executionId="44e605a0-4e41-47f2-bde7-ccad50e71afe" testListId="8c84fa94-04c1-424b-9868-57a2d4851a1d" />
    <TestEntry testId="90b117ec-d323-4dc2-b6d7-bc58d3465cd6" executionId="b83c7763-980e-49fc-aaa9-46158b915753" testListId="8c84fa94-04c1-424b-9868-57a2d4851a1d" />
    <TestEntry testId="3dcae7d4-eda7-418e-a1b1-a7c799cb85b6" executionId="76708823-f3a6-4814-a38d-a0e5732b9077" testListId="8c84fa94-04c1-424b-9868-57a2d4851a1d" />
    <TestEntry testId="c69f888f-588c-4b23-8da2-6500ca1f6490" executionId="1056db39-bc7e-4357-8493-03a77ab0a6d3" testListId="8c84fa94-04c1-424b-9868-57a2d4851a1d" />
    <TestEntry testId="2b115a40-fc28-4848-b41c-71f7962a8def" executionId="4ae2110a-3468-4c15-8efb-c7ca179fa419" testListId="8c84fa94-04c1-424b-9868-57a2d4851a1d" />
    <TestEntry testId="da1b0604-7a29-4076-a579-706068a6bde2" executionId="a21291c5-d4d7-4e60-be17-94af9aa13a03" testListId="8c84fa94-04c1-424b-9868-57a2d4851a1d" />
    <TestEntry testId="0f44c3ea-8f3c-453a-887e-5b424dd2a6ad" executionId="30c88315-ced5-4c92-8944-ab6611418f40" testListId="8c84fa94-04c1-424b-9868-57a2d4851a1d" />
    <TestEntry testId="cf58712f-0ba1-4c52-be52-38f450b5c298" executionId="eac86ac0-8f06-4bcc-b779-fa349daf94f0" testListId="8c84fa94-04c1-424b-9868-57a2d4851a1d" />
    <TestEntry testId="5a26d572-136c-4749-a587-1c5a52a1ab2a" executionId="4766bfe6-72ff-4daf-99f4-1542a59af853" testListId="8c84fa94-04c1-424b-9868-57a2d4851a1d" />
    <TestEntry testId="4913d819-8a2d-4ef6-9518-bb561c34f459" executionId="33964659-25ea-475b-858a-3a2c7c9dd347" testListId="8c84fa94-04c1-424b-9868-57a2d4851a1d" />
    <TestEntry testId="d3b06b23-124d-4a0c-9666-badf61319e06" executionId="333f8058-2303-44bc-83fd-22a7b871ece9" testListId="8c84fa94-04c1-424b-9868-57a2d4851a1d" />
    <TestEntry testId="e92951e8-aacf-4400-9762-78c0047f3b47" executionId="ecc1ad0c-c552-495d-bdd0-13c67e803dfd" testListId="8c84fa94-04c1-424b-9868-57a2d4851a1d" />
    <TestEntry testId="ad4a6e24-5256-41da-bb9b-93800860edb9" executionId="af98dd86-2cd8-4f9b-ae7d-f709877dc79e" testListId="8c84fa94-04c1-424b-9868-57a2d4851a1d" />
    <TestEntry testId="35883982-c96c-4f71-bc35-836f09ae5a28" executionId="9fe781f5-024d-490f-b583-51a484150e69" testListId="8c84fa94-04c1-424b-9868-57a2d4851a1d" />
    <TestEntry testId="3dfce9cb-f560-42d9-b4e6-1e527883bb7d" executionId="2f3521dc-b583-42e0-9b41-19ea5a2fa2ba" testListId="8c84fa94-04c1-424b-9868-57a2d4851a1d" />
    <TestEntry testId="9843b0ce-0674-49c5-9353-66daf1a683c9" executionId="e3b44eed-084a-4561-ba20-834e07699e3c" testListId="8c84fa94-04c1-424b-9868-57a2d4851a1d" />
    <TestEntry testId="c4721a87-0cb6-4cc9-a62d-a5c87a8b358d" executionId="d1708159-3bdc-40c7-9ec2-0401d820df21" testListId="8c84fa94-04c1-424b-9868-57a2d4851a1d" />
    <TestEntry testId="2135ec62-2d60-4e9b-bf02-701651c64a7d" executionId="2bb8560e-d503-4a62-9661-f22d66577c41" testListId="8c84fa94-04c1-424b-9868-57a2d4851a1d" />
    <TestEntry testId="bed210da-9cd8-4034-9f39-25c2df7091b7" executionId="beac24f7-1c5b-4717-8aae-4ed6058f1e7c" testListId="8c84fa94-04c1-424b-9868-57a2d4851a1d" />
    <TestEntry testId="58fb2b43-7d8b-404e-8f32-100235d17fcd" executionId="6fe79adb-8777-46ea-adbe-3e1e30ddaeba" testListId="8c84fa94-04c1-424b-9868-57a2d4851a1d" />
    <TestEntry testId="be305750-1780-4bae-866c-8be94cc552d7" executionId="2c782e0b-9174-4b24-9389-144e7388c605" testListId="8c84fa94-04c1-424b-9868-57a2d4851a1d" />
    <TestEntry testId="ddff50a8-ff1e-4831-b326-ff8b495cb618" executionId="b014ea2a-79b7-40f7-8c87-a81a5ecb9b9a" testListId="8c84fa94-04c1-424b-9868-57a2d4851a1d" />
    <TestEntry testId="4ea465c5-4a0e-4b69-b527-33d1b9ad1446" executionId="3b1d26bd-e1f4-45cc-98b9-215ca1a71089" testListId="8c84fa94-04c1-424b-9868-57a2d4851a1d" />
    <TestEntry testId="4a056aec-2809-4fe8-b185-ec7c0b8fab95" executionId="10118867-99d7-4e11-9b03-63b5f6038ad0" testListId="8c84fa94-04c1-424b-9868-57a2d4851a1d" />
    <TestEntry testId="4f6edfe2-f031-4cc6-b510-3105c8cab9eb" executionId="f9da7ba5-1078-4b43-abbf-de7c6845dfcc" testListId="8c84fa94-04c1-424b-9868-57a2d4851a1d" />
    <TestEntry testId="f6921b7d-e994-40ed-bad0-1cf79d7d69a8" executionId="a9a73702-1845-41bc-bb75-17533a411325" testListId="8c84fa94-04c1-424b-9868-57a2d4851a1d" />
    <TestEntry testId="d2ceb31e-c9d8-42e5-84f8-5d07914c9e0b" executionId="5fe4511f-a7b8-4b26-8ff5-0ea1a086ec5b" testListId="8c84fa94-04c1-424b-9868-57a2d4851a1d" />
    <TestEntry testId="bf35ce80-6df8-4e5f-b73e-62de988bba4b" executionId="49ea6074-3335-4f4b-afca-c570dfe5f5d1" testListId="8c84fa94-04c1-424b-9868-57a2d4851a1d" />
    <TestEntry testId="f83365cf-3f5c-46f7-880b-d308d5e8ae3c" executionId="6619b44a-207c-4861-a845-1618b657d607" testListId="8c84fa94-04c1-424b-9868-57a2d4851a1d" />
    <TestEntry testId="9baa7689-c3f9-4793-bf4c-18ab87c75f1b" executionId="ad8f8d4b-2deb-45c9-98c7-154048feb7e1" testListId="8c84fa94-04c1-424b-9868-57a2d4851a1d" />
    <TestEntry testId="ce99aa9a-6286-4c8c-8a56-2793ddeb3329" executionId="5a56c6b1-4e17-4e3a-ab3c-bbb16e20252a" testListId="8c84fa94-04c1-424b-9868-57a2d4851a1d" />
    <TestEntry testId="605f1c47-a32f-4e2a-8af9-74b81d618a51" executionId="bc7ca390-7b2a-4a94-886a-c39dc95b8229" testListId="8c84fa94-04c1-424b-9868-57a2d4851a1d" />
    <TestEntry testId="85fe911f-185d-412a-b294-f0a9100cb8bb" executionId="4b798696-19e5-4788-9278-df86d85a3ff9" testListId="8c84fa94-04c1-424b-9868-57a2d4851a1d" />
    <TestEntry testId="da09e267-81a5-44bc-9929-d17482ce2442" executionId="1c6fd8da-0ad6-423a-a29f-8724bed39163" testListId="8c84fa94-04c1-424b-9868-57a2d4851a1d" />
    <TestEntry testId="a3ac3cfd-3596-44e5-bb89-d1ada6a0fab8" executionId="5c518029-1765-4853-87a8-261e3606801d" testListId="8c84fa94-04c1-424b-9868-57a2d4851a1d" />
    <TestEntry testId="6f77386a-78ff-4285-a338-84de3dd7a477" executionId="4c2509fe-814b-43b6-a233-510543fd096e" testListId="8c84fa94-04c1-424b-9868-57a2d4851a1d" />
    <TestEntry testId="cca7b068-3622-4160-a392-45f8e6c1c508" executionId="9f5ca120-c89e-43dd-8733-273e1a47216c" testListId="8c84fa94-04c1-424b-9868-57a2d4851a1d" />
    <TestEntry testId="5fe69d12-5c4e-4889-9a58-8910f4a7359c" executionId="f3e34d0e-4ab2-4e09-bc0d-679bd1596879" testListId="8c84fa94-04c1-424b-9868-57a2d4851a1d" />
    <TestEntry testId="47f8946e-873b-4d3a-8480-f987afeae26c" executionId="511f24e2-2eb6-4a8c-ba99-da4355050aa8" testListId="8c84fa94-04c1-424b-9868-57a2d4851a1d" />
    <TestEntry testId="c23783a5-adf0-42ac-84b0-d10acd11ab33" executionId="75467b2d-5334-4007-945f-496010296b26" testListId="8c84fa94-04c1-424b-9868-57a2d4851a1d" />
    <TestEntry testId="357b068e-126f-43a4-999d-043d8b694f2d" executionId="750fb9b1-395f-4ae7-84cb-c3984e702158" testListId="8c84fa94-04c1-424b-9868-57a2d4851a1d" />
    <TestEntry testId="43452da0-0c2c-4095-ac0b-0488a78aa053" executionId="bf01fa0c-13b9-4cf4-a197-4420e95eccce" testListId="8c84fa94-04c1-424b-9868-57a2d4851a1d" />
    <TestEntry testId="15404285-e745-44fe-b704-b20e9a8c0f7e" executionId="0ad722b0-6494-4c8f-a874-4e25af7e4fbd" testListId="8c84fa94-04c1-424b-9868-57a2d4851a1d" />
    <TestEntry testId="f37d8f7d-af11-4cbb-9f4d-7a34e4dbb920" executionId="993f499f-665b-4de5-b066-90c22df94260" testListId="8c84fa94-04c1-424b-9868-57a2d4851a1d" />
    <TestEntry testId="e8b741f5-76db-4e5f-8d0a-940f013d6c3a" executionId="3e1002d6-9e2d-48a4-8f67-a39d6c5d67ba" testListId="8c84fa94-04c1-424b-9868-57a2d4851a1d" />
    <TestEntry testId="6eede5b4-5b37-460a-a598-691c0575b203" executionId="d6dd8665-415c-4f58-9419-8c76aa270d66" testListId="8c84fa94-04c1-424b-9868-57a2d4851a1d" />
    <TestEntry testId="50fa1fb2-cd28-43a0-a99a-4a44dd20fb9f" executionId="ff18cb3a-50ab-48f1-86fe-f0f24debb0b9" testListId="8c84fa94-04c1-424b-9868-57a2d4851a1d" />
    <TestEntry testId="61e8c77d-265f-4a1c-94be-ad766e0c8409" executionId="e61f3772-98fd-4034-bbf0-07ce4d93b988" testListId="8c84fa94-04c1-424b-9868-57a2d4851a1d" />
    <TestEntry testId="701b0f90-2d1b-478f-ba45-907827f11079" executionId="0de3e5f1-b55e-4136-898f-29868a07ae79" testListId="8c84fa94-04c1-424b-9868-57a2d4851a1d" />
    <TestEntry testId="9c66afe8-8a60-413d-b6fa-742ba94168c2" executionId="ef2fac39-6962-4133-a0aa-4d0bc2650953" testListId="8c84fa94-04c1-424b-9868-57a2d4851a1d" />
    <TestEntry testId="9b1a1763-a9de-4a0d-8852-df1746cb4d6e" executionId="1d9dfde0-7b84-4272-a4cc-d0c4234d377e" testListId="8c84fa94-04c1-424b-9868-57a2d4851a1d" />
    <TestEntry testId="e5ca0c5c-aa27-4776-82fa-6407cbef44bc" executionId="4f288b53-d58a-4783-b015-831fe75539cd" testListId="8c84fa94-04c1-424b-9868-57a2d4851a1d" />
    <TestEntry testId="76f3e1a6-f861-4823-a1c2-6c0addaa2e93" executionId="58b4b905-1740-44fe-b911-e0e8239e4532" testListId="8c84fa94-04c1-424b-9868-57a2d4851a1d" />
    <TestEntry testId="98ef052b-d212-43d8-a659-d4ecc916bf64" executionId="f43ad650-61a2-417d-ac6d-476bbcd5eede" testListId="8c84fa94-04c1-424b-9868-57a2d4851a1d" />
    <TestEntry testId="daf189e7-593b-4804-957f-8bc0e7043914" executionId="19411f27-b3a0-421d-824f-4bdec1bd7d8e" testListId="8c84fa94-04c1-424b-9868-57a2d4851a1d" />
    <TestEntry testId="649503dc-bdfc-420d-8f63-737d3c14f39b" executionId="aeec1416-580a-4315-834b-66ad4635c1d2" testListId="8c84fa94-04c1-424b-9868-57a2d4851a1d" />
    <TestEntry testId="34ccf283-9984-40be-887b-ddd2d4d2536b" executionId="67236d57-effd-4224-8b32-30b022efe4ce" testListId="8c84fa94-04c1-424b-9868-57a2d4851a1d" />
    <TestEntry testId="00491389-033d-46f3-b95a-aa8185d388d7" executionId="5220a274-16b8-484f-a710-7bebf586375e" testListId="8c84fa94-04c1-424b-9868-57a2d4851a1d" />
    <TestEntry testId="442ad715-629d-482c-aa28-29d9cf9573ca" executionId="47ac0da3-11e5-4753-b3d5-4b84b4ab99d3" testListId="8c84fa94-04c1-424b-9868-57a2d4851a1d" />
    <TestEntry testId="5000f469-c092-498c-9326-b9751fd88ba4" executionId="1ee4a838-a8e5-4acd-b60b-a7221ea7a704" testListId="8c84fa94-04c1-424b-9868-57a2d4851a1d" />
    <TestEntry testId="5f8642f3-882e-46fe-be4c-6db1b5df2b81" executionId="66cd2b5c-d079-49fd-9adb-616a63cdc836" testListId="8c84fa94-04c1-424b-9868-57a2d4851a1d" />
    <TestEntry testId="52ad8896-0f85-4918-99cc-ee14ae201a22" executionId="2bf2778b-750e-45c7-b7a0-cc83493798d9" testListId="8c84fa94-04c1-424b-9868-57a2d4851a1d" />
    <TestEntry testId="f937b9ab-aa8a-46e1-864c-f797119db609" executionId="19f5ecb8-b116-4ced-93ba-f683b24433f3" testListId="8c84fa94-04c1-424b-9868-57a2d4851a1d" />
    <TestEntry testId="6ea126ef-871c-4282-92af-ae07405b9e75" executionId="23941c5b-751e-45a1-95c2-ec6f745e1c34" testListId="8c84fa94-04c1-424b-9868-57a2d4851a1d" />
    <TestEntry testId="9c0e1cd7-3ed0-407e-abf3-8bf6c9e286a9" executionId="a7f17926-cb13-4311-bdf9-14db17763357" testListId="8c84fa94-04c1-424b-9868-57a2d4851a1d" />
    <TestEntry testId="ae282b28-0fac-4b59-b38f-cc6c7792f868" executionId="450c28ac-5903-42d3-8073-7ccf5c7d0211" testListId="8c84fa94-04c1-424b-9868-57a2d4851a1d" />
    <TestEntry testId="fb8c729b-c71a-4c22-acef-a1ddaf9a5df3" executionId="953f964b-6195-4a8a-b7d7-c0097aa5f9d0" testListId="8c84fa94-04c1-424b-9868-57a2d4851a1d" />
    <TestEntry testId="90d80a79-fa63-489e-a4c8-c9bc5813b117" executionId="6ef1a12b-553a-45fa-b239-639393abc0c8" testListId="8c84fa94-04c1-424b-9868-57a2d4851a1d" />
    <TestEntry testId="97ea821f-9a4c-4e2b-b0d0-c76ec3c95151" executionId="172ebbab-1fee-424e-9718-2700333336d7" testListId="8c84fa94-04c1-424b-9868-57a2d4851a1d" />
    <TestEntry testId="5940e213-4cc0-4356-b758-00ee238704ba" executionId="5b73dcc5-2b6f-4d47-ab31-4ad3e0c46575" testListId="8c84fa94-04c1-424b-9868-57a2d4851a1d" />
    <TestEntry testId="180416be-acb3-4f62-b3d6-e091b09ff0f9" executionId="8956d3ed-38df-49b5-88cc-7f32a8b65a8e" testListId="8c84fa94-04c1-424b-9868-57a2d4851a1d" />
    <TestEntry testId="2b87ea35-31b3-4dad-88e7-0eddf6c62ef1" executionId="8648236e-3507-4e4a-9750-66e532ffe8db" testListId="8c84fa94-04c1-424b-9868-57a2d4851a1d" />
    <TestEntry testId="0b035b1c-e51d-41d4-85f1-0cd9cf85aaad" executionId="27903a55-0d0d-4ba0-9a35-cafc321e7c43" testListId="8c84fa94-04c1-424b-9868-57a2d4851a1d" />
    <TestEntry testId="abdfbcea-ad23-4bf2-87f5-0a7ff499b14f" executionId="cdfe5fc8-ed7b-4818-8b0a-661e2ed8c4c6" testListId="8c84fa94-04c1-424b-9868-57a2d4851a1d" />
    <TestEntry testId="17d7dd8a-590e-4520-a805-6389b4cfbd9b" executionId="f64e2ee7-ba93-4a04-b61a-81fe481b5ea8" testListId="8c84fa94-04c1-424b-9868-57a2d4851a1d" />
    <TestEntry testId="97119d44-6525-4c14-bc60-abb8151b084f" executionId="db6ca1b8-9d4a-4003-9f9b-618e6dc5a6ed" testListId="8c84fa94-04c1-424b-9868-57a2d4851a1d" />
    <TestEntry testId="f16ed69b-e108-4728-8004-700f831ba5b7" executionId="e0a10f72-3022-416c-b974-344cee3aa76e" testListId="8c84fa94-04c1-424b-9868-57a2d4851a1d" />
    <TestEntry testId="14c49e5b-7ee6-4ffa-b6b2-92c60c7c549c" executionId="035ba126-d3f8-435c-9abe-b7d375b30c59" testListId="8c84fa94-04c1-424b-9868-57a2d4851a1d" />
    <TestEntry testId="fb0331ea-bfe7-402c-8131-067557c0595b" executionId="204a4b4b-cb69-428b-a965-89b9138a756c" testListId="8c84fa94-04c1-424b-9868-57a2d4851a1d" />
    <TestEntry testId="2e476546-c195-40cd-88bf-77c48c5ded9e" executionId="6fe43f41-43ff-4873-b637-2bbf2cc0a4dd" testListId="8c84fa94-04c1-424b-9868-57a2d4851a1d" />
    <TestEntry testId="77e9d092-370e-417f-a4d9-c7c9d1b892ba" executionId="ef3aa8a6-ed9a-4495-8a96-7e167a0b7852" testListId="8c84fa94-04c1-424b-9868-57a2d4851a1d" />
    <TestEntry testId="9e95a7e8-3b46-4a95-a1b5-a9b05a414b51" executionId="62b2adb7-44c0-4447-b04a-81c67685f60f" testListId="8c84fa94-04c1-424b-9868-57a2d4851a1d" />
    <TestEntry testId="901564b9-873d-49c9-9eb6-b1cba2f6de89" executionId="b076fdfb-1558-43d0-8254-6bdb1186d778" testListId="8c84fa94-04c1-424b-9868-57a2d4851a1d" />
    <TestEntry testId="822593f7-f68c-4b0d-beab-58384565872b" executionId="3d2c3fe8-a42b-418a-a9c1-fbd857900fcb" testListId="8c84fa94-04c1-424b-9868-57a2d4851a1d" />
    <TestEntry testId="115ced44-a558-4992-b065-c348e71fced5" executionId="bce30939-bb6c-45bc-847d-acbb7dcdd753" testListId="8c84fa94-04c1-424b-9868-57a2d4851a1d" />
    <TestEntry testId="8367697c-36da-4502-8327-93227e153515" executionId="cda7d6d8-67d4-4fdf-8f2f-a400bd3bed89" testListId="8c84fa94-04c1-424b-9868-57a2d4851a1d" />
    <TestEntry testId="77fb89bd-576d-46a8-af50-73297403bf37" executionId="dee7de7d-a705-4c9c-a564-d96f7d443d03" testListId="8c84fa94-04c1-424b-9868-57a2d4851a1d" />
    <TestEntry testId="43c18a41-ff03-4681-b189-d58a90ff4fad" executionId="d2ecb4df-fe07-446c-969e-41f8616da904" testListId="8c84fa94-04c1-424b-9868-57a2d4851a1d" />
    <TestEntry testId="b98cbe4b-bc46-4974-bd68-f14e5bda3fe5" executionId="1d083bdc-7e4a-4fd2-abaf-db534f54afcc" testListId="8c84fa94-04c1-424b-9868-57a2d4851a1d" />
    <TestEntry testId="a87946d2-bd7e-47fc-a1fc-335fa353ab6e" executionId="05463aba-6125-4e1b-81f9-f006891844b9" testListId="8c84fa94-04c1-424b-9868-57a2d4851a1d" />
    <TestEntry testId="84643658-6e26-4107-9505-4de10c754e39" executionId="2eec006c-c51d-4b31-ae7e-ffeb5805ba09" testListId="8c84fa94-04c1-424b-9868-57a2d4851a1d" />
    <TestEntry testId="bd16f0fe-5eff-45b6-9eca-823f93903d99" executionId="46ff5c07-1f94-46db-8098-ef84c6d5eb9e" testListId="8c84fa94-04c1-424b-9868-57a2d4851a1d" />
    <TestEntry testId="40910543-5ac0-40be-b1e5-f398f18cc231" executionId="ebe8fb08-9c50-4949-ab1b-e01fe03d5921" testListId="8c84fa94-04c1-424b-9868-57a2d4851a1d" />
    <TestEntry testId="cb9bed55-cc44-45a7-819c-8baadc39d4ff" executionId="1f606795-829e-42a5-a6c4-72ec67082c8f" testListId="8c84fa94-04c1-424b-9868-57a2d4851a1d" />
    <TestEntry testId="6777d730-a801-4bd8-94f0-1373d94e6d52" executionId="5b6e3d93-57ca-4cc1-96d1-4e684953f08a" testListId="8c84fa94-04c1-424b-9868-57a2d4851a1d" />
    <TestEntry testId="c9bca6a1-fe0f-4ec6-a793-77cc5909d4af" executionId="3705901b-5f0e-4128-9fb2-5323a1928791" testListId="8c84fa94-04c1-424b-9868-57a2d4851a1d" />
    <TestEntry testId="30581896-a454-4103-98e2-377830cb8854" executionId="497276a0-b949-4b84-a821-4ecf7de4a999" testListId="8c84fa94-04c1-424b-9868-57a2d4851a1d" />
    <TestEntry testId="28832d32-54ee-4f7b-9bb0-0c325c04a147" executionId="7e466bbf-ca15-49c9-8d35-46fe8a9fed64" testListId="8c84fa94-04c1-424b-9868-57a2d4851a1d" />
    <TestEntry testId="87cd9b0a-5fed-41f8-b638-e40a2f15b47d" executionId="8d6ee10d-45be-4755-8410-404d784c0d15" testListId="8c84fa94-04c1-424b-9868-57a2d4851a1d" />
    <TestEntry testId="0a673178-7f2c-4364-8252-0298b1cb01d4" executionId="2aa350f7-5d6e-4b6a-a444-777af903b3a3" testListId="8c84fa94-04c1-424b-9868-57a2d4851a1d" />
    <TestEntry testId="0533a30b-3dfa-47d9-ba04-b50f87bea306" executionId="b109f197-c495-4a97-9a51-c10781cc4242" testListId="8c84fa94-04c1-424b-9868-57a2d4851a1d" />
    <TestEntry testId="842c9c11-9066-4144-a1e3-dbcf8804d69e" executionId="1bbb4da1-9164-4b99-b46b-0764ee0b29c6" testListId="8c84fa94-04c1-424b-9868-57a2d4851a1d" />
    <TestEntry testId="879cf22e-28de-4510-93d1-895daa61e393" executionId="b556977e-3dad-45fe-848a-634ab045f8fa" testListId="8c84fa94-04c1-424b-9868-57a2d4851a1d" />
    <TestEntry testId="c7b4f8f2-7bcd-4d74-85e9-ee0329bb4605" executionId="186e8d71-5779-4ac0-b85c-e95c841b6af2" testListId="8c84fa94-04c1-424b-9868-57a2d4851a1d" />
    <TestEntry testId="139953c4-2dac-44dc-830d-4eed28c9c9ca" executionId="1b290a6b-537c-478d-aeaf-59c7046a4ba3" testListId="8c84fa94-04c1-424b-9868-57a2d4851a1d" />
    <TestEntry testId="0495ed4a-dba3-4f91-b6c1-4a5fc1bfff32" executionId="5091b351-5db6-479d-927e-06cee8ab3cc6" testListId="8c84fa94-04c1-424b-9868-57a2d4851a1d" />
    <TestEntry testId="85652c12-c14b-4494-b10f-3486b2520fd7" executionId="175c5dbb-1dba-41e9-a1cb-fc83e13d16f5" testListId="8c84fa94-04c1-424b-9868-57a2d4851a1d" />
    <TestEntry testId="e0916e9e-86a5-4328-90cb-f3f490801d9a" executionId="a3ded4a1-b80d-4319-abd2-6ad217c3780e" testListId="8c84fa94-04c1-424b-9868-57a2d4851a1d" />
    <TestEntry testId="44990457-bd14-4723-83f6-3709c3eb45e9" executionId="e398a529-cf46-421b-9d49-49d278ad1c49" testListId="8c84fa94-04c1-424b-9868-57a2d4851a1d" />
    <TestEntry testId="db6dc82d-0ae0-4a65-8a7d-a7cc0021e396" executionId="a2d9eee1-9031-4f65-897c-109caced3983" testListId="8c84fa94-04c1-424b-9868-57a2d4851a1d" />
    <TestEntry testId="d6cd48a1-778c-4495-86ee-b5a707b7f02b" executionId="87b3d6f7-55b3-4f72-be3f-fdbf89ffe6c4" testListId="8c84fa94-04c1-424b-9868-57a2d4851a1d" />
    <TestEntry testId="44abd950-1b98-4459-9ca9-85778eb5e526" executionId="872e3e78-31fa-4647-9396-18f011d30efe" testListId="8c84fa94-04c1-424b-9868-57a2d4851a1d" />
    <TestEntry testId="eff32efd-c7f2-431a-8194-ce4adf9073b6" executionId="8fc720fe-3e81-4155-aff2-657277eba5a3" testListId="8c84fa94-04c1-424b-9868-57a2d4851a1d" />
    <TestEntry testId="abf81550-a7cb-462d-b96b-654e85fba0c1" executionId="49321fe4-132e-47b1-a790-01445f2a616c" testListId="8c84fa94-04c1-424b-9868-57a2d4851a1d" />
    <TestEntry testId="6d51ac6c-0fbb-4c42-bd88-267e6bb2065c" executionId="44a5df1d-7299-4d0e-bd41-245033f92aae" testListId="8c84fa94-04c1-424b-9868-57a2d4851a1d" />
    <TestEntry testId="0451c430-4429-4f4e-bd51-db890e22c1cb" executionId="8fe9c640-1dba-4f2d-8eda-e211422eb297" testListId="8c84fa94-04c1-424b-9868-57a2d4851a1d" />
    <TestEntry testId="9cce29e8-8e38-4215-a3d8-20d00dd46025" executionId="af5fe9cf-b34e-4f46-9cda-f4134c239881" testListId="8c84fa94-04c1-424b-9868-57a2d4851a1d" />
    <TestEntry testId="9a3dc3eb-cd87-4b17-bdfb-b519f38007b4" executionId="00f1aad0-a463-49d6-82da-42007c5e8fd2" testListId="8c84fa94-04c1-424b-9868-57a2d4851a1d" />
    <TestEntry testId="201c73d9-3be7-477c-97ef-0c371b3313e2" executionId="5944698e-32f1-4afd-be48-e4aba659185b" testListId="8c84fa94-04c1-424b-9868-57a2d4851a1d" />
    <TestEntry testId="5106cf34-a757-47bc-a436-93a034fea8f2" executionId="d15841b1-8f99-4f14-b0a1-cc5699562534" testListId="8c84fa94-04c1-424b-9868-57a2d4851a1d" />
    <TestEntry testId="149922d1-7967-407e-8b4d-1ed344b8e797" executionId="6df1674f-a037-46ce-a1a6-55d236fb6ede" testListId="8c84fa94-04c1-424b-9868-57a2d4851a1d" />
    <TestEntry testId="fed28795-fc87-46eb-87de-c9a7d0f39579" executionId="bea54885-903b-4023-b302-18993c85aca5" testListId="8c84fa94-04c1-424b-9868-57a2d4851a1d" />
    <TestEntry testId="fa34b6f5-8946-4f34-bda8-81116880fc27" executionId="56ce9f41-77d5-4914-b6c7-e3d260b6e408" testListId="8c84fa94-04c1-424b-9868-57a2d4851a1d" />
    <TestEntry testId="a3e54be7-066c-422a-96bd-67548b9b2044" executionId="dc9cbdf5-833c-42a6-98ce-8546530d1c6b" testListId="8c84fa94-04c1-424b-9868-57a2d4851a1d" />
    <TestEntry testId="34d6c2bc-c005-4111-8e14-b9695551a57b" executionId="efc24617-278d-4fc3-9800-433e40af0dec" testListId="8c84fa94-04c1-424b-9868-57a2d4851a1d" />
    <TestEntry testId="3d62fabc-b25c-4f29-8e97-9229165c1f45" executionId="e676f34c-2d8e-4c46-82d9-15b7ec967c51" testListId="8c84fa94-04c1-424b-9868-57a2d4851a1d" />
    <TestEntry testId="68a91499-aab7-444a-8987-a5135359202a" executionId="8a839e56-e2b0-49d8-965c-1adc322b14db" testListId="8c84fa94-04c1-424b-9868-57a2d4851a1d" />
    <TestEntry testId="8a7ea804-45f1-437c-9e58-24159c383518" executionId="6cc70b6c-8d11-4749-ab11-16360267f116" testListId="8c84fa94-04c1-424b-9868-57a2d4851a1d" />
    <TestEntry testId="61233671-ec4e-47d0-9b2f-547fa61140b8" executionId="a5065f32-1bd6-4d71-9721-8b27b272036e" testListId="8c84fa94-04c1-424b-9868-57a2d4851a1d" />
    <TestEntry testId="c810c0ec-1850-4a1f-8492-0d35fd469c44" executionId="65c0f707-7630-455c-a2c2-81377aa3075a" testListId="8c84fa94-04c1-424b-9868-57a2d4851a1d" />
    <TestEntry testId="ae0bccfa-e51f-47ad-be45-e25933f7da44" executionId="00a18a23-24ed-4fed-aa72-9e3bb1660b27" testListId="8c84fa94-04c1-424b-9868-57a2d4851a1d" />
    <TestEntry testId="5892257d-f02c-488a-a7d4-ff635acb0297" executionId="b2a1730c-03c7-449c-b82e-df95e86ee8de" testListId="8c84fa94-04c1-424b-9868-57a2d4851a1d" />
    <TestEntry testId="cb943e88-bc64-4ca2-af26-637b162ba1e9" executionId="597f2406-9b97-47b8-86f4-0f5c4cfcda99" testListId="8c84fa94-04c1-424b-9868-57a2d4851a1d" />
    <TestEntry testId="439e115f-52af-4494-8aef-109e9559178d" executionId="0068f994-0938-42c9-9f1c-5ebbf1bd6f76" testListId="8c84fa94-04c1-424b-9868-57a2d4851a1d" />
    <TestEntry testId="6c62a889-b333-47fb-9e14-1f06fded81eb" executionId="2292e7ed-46aa-42b9-89ca-5f45199ba031" testListId="8c84fa94-04c1-424b-9868-57a2d4851a1d" />
    <TestEntry testId="395ed220-b119-48b4-80b6-7e255e40f897" executionId="66b938a4-3031-4210-b6f4-717e13a715b8" testListId="8c84fa94-04c1-424b-9868-57a2d4851a1d" />
    <TestEntry testId="de7ef5ce-a0be-42b5-b8fc-b949ba161725" executionId="28544679-42cc-4636-84d6-8f9b0478a8cd" testListId="8c84fa94-04c1-424b-9868-57a2d4851a1d" />
    <TestEntry testId="c154cf35-73c8-4a5d-87c5-155c157b81fd" executionId="0fc747f5-527c-48c1-a62f-9d3bcdbddd64" testListId="8c84fa94-04c1-424b-9868-57a2d4851a1d" />
    <TestEntry testId="8556721e-714e-42ad-ba6d-89b2443c2ba0" executionId="a8db2354-b351-432c-822c-afaba04e8c2e" testListId="8c84fa94-04c1-424b-9868-57a2d4851a1d" />
    <TestEntry testId="7af4ef23-a520-4472-846a-83ae7bbc039d" executionId="ae9d0cca-9d08-4887-941d-804ba4f4384b" testListId="8c84fa94-04c1-424b-9868-57a2d4851a1d" />
    <TestEntry testId="c728fb1a-e281-4376-89f8-7b4a9eab4ae0" executionId="f59e77fa-33e6-4061-92a1-4ae32c5b4115" testListId="8c84fa94-04c1-424b-9868-57a2d4851a1d" />
    <TestEntry testId="7a2e2ad3-7e7c-4812-beb1-591099421fa3" executionId="5d4f769b-78be-44aa-b267-5d23b68ec826" testListId="8c84fa94-04c1-424b-9868-57a2d4851a1d" />
    <TestEntry testId="04d53611-1d4f-4f1d-bf9a-c741b881bdc6" executionId="4ac678f2-c464-4807-bb15-3bf1a5248daa" testListId="8c84fa94-04c1-424b-9868-57a2d4851a1d" />
    <TestEntry testId="f8faf6e6-326d-463a-8be5-cd0062673a37" executionId="3c13239b-12cd-4089-a35b-8ab896b655ef" testListId="8c84fa94-04c1-424b-9868-57a2d4851a1d" />
    <TestEntry testId="4f9e3e8e-a264-4d48-851f-20a8734e7899" executionId="26f84b64-5e14-42d7-ac50-fede024c8139" testListId="8c84fa94-04c1-424b-9868-57a2d4851a1d" />
    <TestEntry testId="7b8c4d2a-ff08-49a0-94e0-78a362e55afb" executionId="f55a146e-7f43-4df9-90b0-cbfdca538798" testListId="8c84fa94-04c1-424b-9868-57a2d4851a1d" />
    <TestEntry testId="027209eb-035e-4a73-93cc-5335c9f0d307" executionId="4ee83f27-5779-4d5e-81d9-e8bd50440e56" testListId="8c84fa94-04c1-424b-9868-57a2d4851a1d" />
    <TestEntry testId="6e6a3807-0a04-49f1-8b87-adbce8d9d637" executionId="384ea776-ecbf-4a02-a9ae-314c11d88c31" testListId="8c84fa94-04c1-424b-9868-57a2d4851a1d" />
    <TestEntry testId="a95f4d68-a8c0-4194-8166-0e16a67cb501" executionId="52186dc3-45c5-49c3-9a27-7ca8736686fb" testListId="8c84fa94-04c1-424b-9868-57a2d4851a1d" />
    <TestEntry testId="9be9bd83-4997-4b50-821d-f885446327d5" executionId="ffc13bd7-a7d5-408f-985e-326553ee48ce" testListId="8c84fa94-04c1-424b-9868-57a2d4851a1d" />
    <TestEntry testId="bcd485d6-94c1-486b-b639-a25d65c06b00" executionId="ff12cbd9-68a9-4e1e-bad4-b9a6ae905cfc" testListId="8c84fa94-04c1-424b-9868-57a2d4851a1d" />
    <TestEntry testId="5a3b021c-7ec5-4b44-9b52-2c3b686120a2" executionId="aebc18e3-aaa0-41b8-bb42-ceb37dccb75e" testListId="8c84fa94-04c1-424b-9868-57a2d4851a1d" />
    <TestEntry testId="b18e0c97-1790-4381-8253-656117ba6129" executionId="b3d5cdcc-8e05-4918-b35f-2651ffe8a681" testListId="8c84fa94-04c1-424b-9868-57a2d4851a1d" />
    <TestEntry testId="9527d134-e45c-4b29-bdef-1a5cfd25f880" executionId="0decdb85-5dd9-4fef-84e7-aad43528a44b" testListId="8c84fa94-04c1-424b-9868-57a2d4851a1d" />
    <TestEntry testId="825fe866-279d-477c-81e7-3537478b63c8" executionId="f34da73d-80b2-4823-9918-7950b27be49e" testListId="8c84fa94-04c1-424b-9868-57a2d4851a1d" />
  </TestEntries>
  <TestLists>
    <TestList name="Resultados sin formato de lista" id="8c84fa94-04c1-424b-9868-57a2d4851a1d" />
    <TestList name="Todos los resultados cargados" id="19431567-8539-422a-85d7-44ee4e166bda" />
  </TestLists>
  <ResultSummary outcome="Completed">
    <Counters total="442" executed="442" passed="442" failed="0" error="0" timeout="0" aborted="0" inconclusive="0" passedButRunAborted="0" notRunnable="0" notExecuted="0" disconnected="0" warning="0" completed="0" inProgress="0" pending="0" />
  </ResultSummary>
</TestRun>