<?xml version="1.0" encoding="utf-8"?>
<TestRun id="0cd0b1ce-7b27-470a-8de4-4b0d39674df9" name="sferrari@PC-SFERRARI 2020-09-01 17:52:10" runUser="PC-SFERRARI\sferrari" xmlns="http://microsoft.com/schemas/VisualStudio/TeamTest/2010">
  <Times creation="2020-09-01T17:52:10.8082399+01:00" queuing="2020-09-01T17:52:10.8082419+01:00" start="2020-09-01T17:52:08.7087243+01:00" finish="2020-09-01T17:52:11.9132983+01:00" />
  <TestSettings name="default" id="9f7a402c-52b3-4f38-82f5-4e7059bacb89">
    <Deployment runDeploymentRoot="sferrari_PC-SFERRARI_2020-09-01_17_52_10" />
  </TestSettings>
  <Results>
    <UnitTestResult executionId="53efd862-00a6-40a1-9bdd-c28941b6b4ef" testId="3c73a262-4233-759f-902c-9ce564f1c4ad" testName="ToEnum_Passing_Invalid_String_Name_Enumeracion_Returns_Null" computerName="PC-SFERRARI" duration="00:00:00.0001252" startTime="2020-09-01T17:52:11.6726855+01:00" endTime="2020-09-01T17:52:11.6728846+01:00" testType="13cdc9d9-ddb5-4fa4-a97d-d965ccfc6d4b" outcome="Passed" testListId="8c84fa94-04c1-424b-9868-57a2d4851a1d" relativeResultsDirectory="53efd862-00a6-40a1-9bdd-c28941b6b4ef" />
    <UnitTestResult executionId="57ed6ffc-b49e-40df-91da-265b7228a1c3" testId="582ef803-3445-a1eb-d630-9b4dabc719d5" testName="ToEnum_Passing_Invalid_Int_Name_Enumeracion_Returns_Null" computerName="PC-SFERRARI" duration="00:00:00.0001309" startTime="2020-09-01T17:52:11.6997850+01:00" endTime="2020-09-01T17:52:11.6999847+01:00" testType="13cdc9d9-ddb5-4fa4-a97d-d965ccfc6d4b" outcome="Passed" testListId="8c84fa94-04c1-424b-9868-57a2d4851a1d" relativeResultsDirectory="57ed6ffc-b49e-40df-91da-265b7228a1c3" />
    <UnitTestResult executionId="514b3cd8-7652-4221-8749-bdd2a32758b1" testId="f8a148c1-33ab-3f33-4563-51ccfbeb9871" testName="OperatorNotEqual_Passing_Valid_Values_Returns_True" computerName="PC-SFERRARI" duration="00:00:00.0002882" startTime="2020-09-01T17:52:11.5812395+01:00" endTime="2020-09-01T17:52:11.5816870+01:00" testType="13cdc9d9-ddb5-4fa4-a97d-d965ccfc6d4b" outcome="Passed" testListId="8c84fa94-04c1-424b-9868-57a2d4851a1d" relativeResultsDirectory="514b3cd8-7652-4221-8749-bdd2a32758b1" resultType="DataDrivenTest">
      <InnerResults>
        <UnitTestResult executionId="90ffc8de-3e5e-4a80-84ba-fe51b1d3c684" parentExecutionId="514b3cd8-7652-4221-8749-bdd2a32758b1" testId="f8a148c1-33ab-3f33-4563-51ccfbeb9871" testName="OperatorNotEqual_Passing_Valid_Values_Returns_True (app.hackerone1.com)" computerName="PC-SFERRARI" duration="00:00:00.0001887" startTime="2020-09-01T17:52:11.5812395+01:00" endTime="2020-09-01T17:52:11.5816870+01:00" testType="13cdc9d9-ddb5-4fa4-a97d-d965ccfc6d4b" outcome="Passed" testListId="8c84fa94-04c1-424b-9868-57a2d4851a1d" relativeResultsDirectory="90ffc8de-3e5e-4a80-84ba-fe51b1d3c684" dataRowInfo="1" resultType="DataDrivenDataRow" />
        <UnitTestResult executionId="4d5a1525-ce94-42cb-a396-806098a710b2" parentExecutionId="514b3cd8-7652-4221-8749-bdd2a32758b1" testId="f8a148c1-33ab-3f33-4563-51ccfbeb9871" testName="OperatorNotEqual_Passing_Valid_Values_Returns_True (www.hackerone-com)" computerName="PC-SFERRARI" duration="00:00:00.0000173" startTime="2020-09-01T17:52:11.5812395+01:00" endTime="2020-09-01T17:52:11.5816870+01:00" testType="13cdc9d9-ddb5-4fa4-a97d-d965ccfc6d4b" outcome="Passed" testListId="8c84fa94-04c1-424b-9868-57a2d4851a1d" relativeResultsDirectory="4d5a1525-ce94-42cb-a396-806098a710b2" dataRowInfo="2" resultType="DataDrivenDataRow" />
        <UnitTestResult executionId="589ba441-d61a-4f4c-b06c-dad5a6e8ef9b" parentExecutionId="514b3cd8-7652-4221-8749-bdd2a32758b1" testId="f8a148c1-33ab-3f33-4563-51ccfbeb9871" testName="OperatorNotEqual_Passing_Valid_Values_Returns_True (stage_hackerone.com)" computerName="PC-SFERRARI" duration="00:00:00.0000141" startTime="2020-09-01T17:52:11.5812395+01:00" endTime="2020-09-01T17:52:11.5816870+01:00" testType="13cdc9d9-ddb5-4fa4-a97d-d965ccfc6d4b" outcome="Passed" testListId="8c84fa94-04c1-424b-9868-57a2d4851a1d" relativeResultsDirectory="589ba441-d61a-4f4c-b06c-dad5a6e8ef9b" dataRowInfo="3" resultType="DataDrivenDataRow" />
      </InnerResults>
    </UnitTestResult>
    <UnitTestResult executionId="d207ba01-e2ce-4bf1-b94e-7529749ce988" testId="417ec551-d8d9-9d91-2ce7-f7087778456b" testName="IsNull_Passing_Valid_Value_Returns_False" computerName="PC-SFERRARI" duration="00:00:00.0033866" startTime="2020-09-01T17:52:11.1614626+01:00" endTime="2020-09-01T17:52:11.1651002+01:00" testType="13cdc9d9-ddb5-4fa4-a97d-d965ccfc6d4b" outcome="Passed" testListId="8c84fa94-04c1-424b-9868-57a2d4851a1d" relativeResultsDirectory="d207ba01-e2ce-4bf1-b94e-7529749ce988" resultType="DataDrivenTest">
      <InnerResults>
        <UnitTestResult executionId="d17feaba-e22d-45b8-9ebd-7a6a374d4338" parentExecutionId="d207ba01-e2ce-4bf1-b94e-7529749ce988" testId="417ec551-d8d9-9d91-2ce7-f7087778456b" testName="IsNull_Passing_Valid_Value_Returns_False (España)" computerName="PC-SFERRARI" duration="00:00:00.0031517" startTime="2020-09-01T17:52:11.1614626+01:00" endTime="2020-09-01T17:52:11.1651002+01:00" testType="13cdc9d9-ddb5-4fa4-a97d-d965ccfc6d4b" outcome="Passed" testListId="8c84fa94-04c1-424b-9868-57a2d4851a1d" relativeResultsDirectory="d17feaba-e22d-45b8-9ebd-7a6a374d4338" dataRowInfo="1" resultType="DataDrivenDataRow" />
        <UnitTestResult executionId="176e3280-0782-462f-8e4f-c7fedfd78970" parentExecutionId="d207ba01-e2ce-4bf1-b94e-7529749ce988" testId="417ec551-d8d9-9d91-2ce7-f7087778456b" testName="IsNull_Passing_Valid_Value_Returns_False (Españá)" computerName="PC-SFERRARI" duration="00:00:00.0000251" startTime="2020-09-01T17:52:11.1614626+01:00" endTime="2020-09-01T17:52:11.1651002+01:00" testType="13cdc9d9-ddb5-4fa4-a97d-d965ccfc6d4b" outcome="Passed" testListId="8c84fa94-04c1-424b-9868-57a2d4851a1d" relativeResultsDirectory="176e3280-0782-462f-8e4f-c7fedfd78970" dataRowInfo="2" resultType="DataDrivenDataRow" />
        <UnitTestResult executionId="a53d4b41-c7b6-447c-8fc0-21544c8ca568" parentExecutionId="d207ba01-e2ce-4bf1-b94e-7529749ce988" testId="417ec551-d8d9-9d91-2ce7-f7087778456b" testName="IsNull_Passing_Valid_Value_Returns_False (Españà)" computerName="PC-SFERRARI" duration="00:00:00.0000087" startTime="2020-09-01T17:52:11.1614626+01:00" endTime="2020-09-01T17:52:11.1651002+01:00" testType="13cdc9d9-ddb5-4fa4-a97d-d965ccfc6d4b" outcome="Passed" testListId="8c84fa94-04c1-424b-9868-57a2d4851a1d" relativeResultsDirectory="a53d4b41-c7b6-447c-8fc0-21544c8ca568" dataRowInfo="3" resultType="DataDrivenDataRow" />
        <UnitTestResult executionId="c4849786-8ee7-40e2-980b-6bebaacece2f" parentExecutionId="d207ba01-e2ce-4bf1-b94e-7529749ce988" testId="417ec551-d8d9-9d91-2ce7-f7087778456b" testName="IsNull_Passing_Valid_Value_Returns_False (Españä)" computerName="PC-SFERRARI" duration="00:00:00.0000081" startTime="2020-09-01T17:52:11.1614626+01:00" endTime="2020-09-01T17:52:11.1651002+01:00" testType="13cdc9d9-ddb5-4fa4-a97d-d965ccfc6d4b" outcome="Passed" testListId="8c84fa94-04c1-424b-9868-57a2d4851a1d" relativeResultsDirectory="c4849786-8ee7-40e2-980b-6bebaacece2f" dataRowInfo="4" resultType="DataDrivenDataRow" />
        <UnitTestResult executionId="14d47f74-9746-4b10-8747-fdc416794242" parentExecutionId="d207ba01-e2ce-4bf1-b94e-7529749ce988" testId="417ec551-d8d9-9d91-2ce7-f7087778456b" testName="IsNull_Passing_Valid_Value_Returns_False (Españâ)" computerName="PC-SFERRARI" duration="00:00:00.0000079" startTime="2020-09-01T17:52:11.1614626+01:00" endTime="2020-09-01T17:52:11.1651002+01:00" testType="13cdc9d9-ddb5-4fa4-a97d-d965ccfc6d4b" outcome="Passed" testListId="8c84fa94-04c1-424b-9868-57a2d4851a1d" relativeResultsDirectory="14d47f74-9746-4b10-8747-fdc416794242" dataRowInfo="5" resultType="DataDrivenDataRow" />
        <UnitTestResult executionId="636c7591-1614-4698-b6cc-28aa4b42368f" parentExecutionId="d207ba01-e2ce-4bf1-b94e-7529749ce988" testId="417ec551-d8d9-9d91-2ce7-f7087778456b" testName="IsNull_Passing_Valid_Value_Returns_False (Españã)" computerName="PC-SFERRARI" duration="00:00:00.0000078" startTime="2020-09-01T17:52:11.1614626+01:00" endTime="2020-09-01T17:52:11.1651002+01:00" testType="13cdc9d9-ddb5-4fa4-a97d-d965ccfc6d4b" outcome="Passed" testListId="8c84fa94-04c1-424b-9868-57a2d4851a1d" relativeResultsDirectory="636c7591-1614-4698-b6cc-28aa4b42368f" dataRowInfo="6" resultType="DataDrivenDataRow" />
        <UnitTestResult executionId="6676ed44-468b-4c57-9608-2defd2505b4a" parentExecutionId="d207ba01-e2ce-4bf1-b94e-7529749ce988" testId="417ec551-d8d9-9d91-2ce7-f7087778456b" testName="IsNull_Passing_Valid_Value_Returns_False (Españç)" computerName="PC-SFERRARI" duration="00:00:00.0000198" startTime="2020-09-01T17:52:11.1614626+01:00" endTime="2020-09-01T17:52:11.1651002+01:00" testType="13cdc9d9-ddb5-4fa4-a97d-d965ccfc6d4b" outcome="Passed" testListId="8c84fa94-04c1-424b-9868-57a2d4851a1d" relativeResultsDirectory="6676ed44-468b-4c57-9608-2defd2505b4a" dataRowInfo="7" resultType="DataDrivenDataRow" />
        <UnitTestResult executionId="1a92a3b2-5374-4823-969d-9a95aad6398e" parentExecutionId="d207ba01-e2ce-4bf1-b94e-7529749ce988" testId="417ec551-d8d9-9d91-2ce7-f7087778456b" testName="IsNull_Passing_Valid_Value_Returns_False (Españħ)" computerName="PC-SFERRARI" duration="00:00:00.0000079" startTime="2020-09-01T17:52:11.1614626+01:00" endTime="2020-09-01T17:52:11.1651002+01:00" testType="13cdc9d9-ddb5-4fa4-a97d-d965ccfc6d4b" outcome="Passed" testListId="8c84fa94-04c1-424b-9868-57a2d4851a1d" relativeResultsDirectory="1a92a3b2-5374-4823-969d-9a95aad6398e" dataRowInfo="8" resultType="DataDrivenDataRow" />
        <UnitTestResult executionId="fa0068d0-a3e9-4f88-a79b-42edee50d1a3" parentExecutionId="d207ba01-e2ce-4bf1-b94e-7529749ce988" testId="417ec551-d8d9-9d91-2ce7-f7087778456b" testName="IsNull_Passing_Valid_Value_Returns_False (Esp añâ)" computerName="PC-SFERRARI" duration="00:00:00.0000088" startTime="2020-09-01T17:52:11.1614626+01:00" endTime="2020-09-01T17:52:11.1651002+01:00" testType="13cdc9d9-ddb5-4fa4-a97d-d965ccfc6d4b" outcome="Passed" testListId="8c84fa94-04c1-424b-9868-57a2d4851a1d" relativeResultsDirectory="fa0068d0-a3e9-4f88-a79b-42edee50d1a3" dataRowInfo="9" resultType="DataDrivenDataRow" />
      </InnerResults>
    </UnitTestResult>
    <UnitTestResult executionId="ba836470-5f93-48ce-9ed5-5e3c5a0c9535" testId="d72572bb-7928-9c07-ef1f-d247b9026627" testName="Create_Passing_InvalidOrNull_Value_Returns_ApplicationException" computerName="PC-SFERRARI" duration="00:00:00.0010599" startTime="2020-09-01T17:52:10.7310125+01:00" endTime="2020-09-01T17:52:10.7321650+01:00" testType="13cdc9d9-ddb5-4fa4-a97d-d965ccfc6d4b" outcome="Passed" testListId="8c84fa94-04c1-424b-9868-57a2d4851a1d" relativeResultsDirectory="ba836470-5f93-48ce-9ed5-5e3c5a0c9535" resultType="DataDrivenTest">
      <InnerResults>
        <UnitTestResult executionId="b69b5483-ef16-41d3-a9f9-37aab5b854f4" parentExecutionId="ba836470-5f93-48ce-9ed5-5e3c5a0c9535" testId="d72572bb-7928-9c07-ef1f-d247b9026627" testName="Create_Passing_InvalidOrNull_Value_Returns_ApplicationException ()" computerName="PC-SFERRARI" duration="00:00:00.0010227" startTime="2020-09-01T17:52:10.7310125+01:00" endTime="2020-09-01T17:52:10.7321650+01:00" testType="13cdc9d9-ddb5-4fa4-a97d-d965ccfc6d4b" outcome="Passed" testListId="8c84fa94-04c1-424b-9868-57a2d4851a1d" relativeResultsDirectory="b69b5483-ef16-41d3-a9f9-37aab5b854f4" dataRowInfo="1" resultType="DataDrivenDataRow" />
      </InnerResults>
    </UnitTestResult>
    <UnitTestResult executionId="31ca45de-6c05-4654-9a57-3fbafd0151a2" testId="ca869e78-7943-a46b-7927-1a8ff4fe58af" testName="Create_Passing_Valid_Values_Returns_Name" computerName="PC-SFERRARI" duration="00:00:00.0002891" startTime="2020-09-01T17:52:11.1865344+01:00" endTime="2020-09-01T17:52:11.1869179+01:00" testType="13cdc9d9-ddb5-4fa4-a97d-d965ccfc6d4b" outcome="Passed" testListId="8c84fa94-04c1-424b-9868-57a2d4851a1d" relativeResultsDirectory="31ca45de-6c05-4654-9a57-3fbafd0151a2" resultType="DataDrivenTest">
      <InnerResults>
        <UnitTestResult executionId="8348b221-2150-45f1-8be3-53f78ae0d447" parentExecutionId="31ca45de-6c05-4654-9a57-3fbafd0151a2" testId="ca869e78-7943-a46b-7927-1a8ff4fe58af" testName="Create_Passing_Valid_Values_Returns_Name (España)" computerName="PC-SFERRARI" duration="00:00:00.0001180" startTime="2020-09-01T17:52:11.1865344+01:00" endTime="2020-09-01T17:52:11.1869179+01:00" testType="13cdc9d9-ddb5-4fa4-a97d-d965ccfc6d4b" outcome="Passed" testListId="8c84fa94-04c1-424b-9868-57a2d4851a1d" relativeResultsDirectory="8348b221-2150-45f1-8be3-53f78ae0d447" dataRowInfo="1" resultType="DataDrivenDataRow" />
        <UnitTestResult executionId="398c1059-e4fe-49b3-b45e-6d4f1cbe80e0" parentExecutionId="31ca45de-6c05-4654-9a57-3fbafd0151a2" testId="ca869e78-7943-a46b-7927-1a8ff4fe58af" testName="Create_Passing_Valid_Values_Returns_Name (Españá)" computerName="PC-SFERRARI" duration="00:00:00.0000104" startTime="2020-09-01T17:52:11.1865344+01:00" endTime="2020-09-01T17:52:11.1869179+01:00" testType="13cdc9d9-ddb5-4fa4-a97d-d965ccfc6d4b" outcome="Passed" testListId="8c84fa94-04c1-424b-9868-57a2d4851a1d" relativeResultsDirectory="398c1059-e4fe-49b3-b45e-6d4f1cbe80e0" dataRowInfo="2" resultType="DataDrivenDataRow" />
        <UnitTestResult executionId="550989b0-d520-47f5-b6c5-c95115aa08d1" parentExecutionId="31ca45de-6c05-4654-9a57-3fbafd0151a2" testId="ca869e78-7943-a46b-7927-1a8ff4fe58af" testName="Create_Passing_Valid_Values_Returns_Name (Españà)" computerName="PC-SFERRARI" duration="00:00:00.0000079" startTime="2020-09-01T17:52:11.1865344+01:00" endTime="2020-09-01T17:52:11.1869179+01:00" testType="13cdc9d9-ddb5-4fa4-a97d-d965ccfc6d4b" outcome="Passed" testListId="8c84fa94-04c1-424b-9868-57a2d4851a1d" relativeResultsDirectory="550989b0-d520-47f5-b6c5-c95115aa08d1" dataRowInfo="3" resultType="DataDrivenDataRow" />
        <UnitTestResult executionId="3f8980ae-e73d-497c-a0ce-7295efa81ad2" parentExecutionId="31ca45de-6c05-4654-9a57-3fbafd0151a2" testId="ca869e78-7943-a46b-7927-1a8ff4fe58af" testName="Create_Passing_Valid_Values_Returns_Name (Españä)" computerName="PC-SFERRARI" duration="00:00:00.0000075" startTime="2020-09-01T17:52:11.1865344+01:00" endTime="2020-09-01T17:52:11.1869179+01:00" testType="13cdc9d9-ddb5-4fa4-a97d-d965ccfc6d4b" outcome="Passed" testListId="8c84fa94-04c1-424b-9868-57a2d4851a1d" relativeResultsDirectory="3f8980ae-e73d-497c-a0ce-7295efa81ad2" dataRowInfo="4" resultType="DataDrivenDataRow" />
        <UnitTestResult executionId="6748e173-6cb3-4979-9112-c600304b7c81" parentExecutionId="31ca45de-6c05-4654-9a57-3fbafd0151a2" testId="ca869e78-7943-a46b-7927-1a8ff4fe58af" testName="Create_Passing_Valid_Values_Returns_Name (Españâ)" computerName="PC-SFERRARI" duration="00:00:00.0000080" startTime="2020-09-01T17:52:11.1865344+01:00" endTime="2020-09-01T17:52:11.1869179+01:00" testType="13cdc9d9-ddb5-4fa4-a97d-d965ccfc6d4b" outcome="Passed" testListId="8c84fa94-04c1-424b-9868-57a2d4851a1d" relativeResultsDirectory="6748e173-6cb3-4979-9112-c600304b7c81" dataRowInfo="5" resultType="DataDrivenDataRow" />
        <UnitTestResult executionId="be1eeb50-29b6-4dbe-bd63-403a67db61d2" parentExecutionId="31ca45de-6c05-4654-9a57-3fbafd0151a2" testId="ca869e78-7943-a46b-7927-1a8ff4fe58af" testName="Create_Passing_Valid_Values_Returns_Name (Españã)" computerName="PC-SFERRARI" duration="00:00:00.0000076" startTime="2020-09-01T17:52:11.1865344+01:00" endTime="2020-09-01T17:52:11.1869179+01:00" testType="13cdc9d9-ddb5-4fa4-a97d-d965ccfc6d4b" outcome="Passed" testListId="8c84fa94-04c1-424b-9868-57a2d4851a1d" relativeResultsDirectory="be1eeb50-29b6-4dbe-bd63-403a67db61d2" dataRowInfo="6" resultType="DataDrivenDataRow" />
        <UnitTestResult executionId="27bbe2f3-0c30-40db-8654-e63c26370a70" parentExecutionId="31ca45de-6c05-4654-9a57-3fbafd0151a2" testId="ca869e78-7943-a46b-7927-1a8ff4fe58af" testName="Create_Passing_Valid_Values_Returns_Name (Españç)" computerName="PC-SFERRARI" duration="00:00:00.0000081" startTime="2020-09-01T17:52:11.1865344+01:00" endTime="2020-09-01T17:52:11.1869179+01:00" testType="13cdc9d9-ddb5-4fa4-a97d-d965ccfc6d4b" outcome="Passed" testListId="8c84fa94-04c1-424b-9868-57a2d4851a1d" relativeResultsDirectory="27bbe2f3-0c30-40db-8654-e63c26370a70" dataRowInfo="7" resultType="DataDrivenDataRow" />
        <UnitTestResult executionId="1780a08a-9ea3-46ba-85b4-0f60e8c49a17" parentExecutionId="31ca45de-6c05-4654-9a57-3fbafd0151a2" testId="ca869e78-7943-a46b-7927-1a8ff4fe58af" testName="Create_Passing_Valid_Values_Returns_Name (Españħ)" computerName="PC-SFERRARI" duration="00:00:00.0000076" startTime="2020-09-01T17:52:11.1865344+01:00" endTime="2020-09-01T17:52:11.1869179+01:00" testType="13cdc9d9-ddb5-4fa4-a97d-d965ccfc6d4b" outcome="Passed" testListId="8c84fa94-04c1-424b-9868-57a2d4851a1d" relativeResultsDirectory="1780a08a-9ea3-46ba-85b4-0f60e8c49a17" dataRowInfo="8" resultType="DataDrivenDataRow" />
        <UnitTestResult executionId="2e0f6e87-70e6-42bc-ac97-9b61c105d225" parentExecutionId="31ca45de-6c05-4654-9a57-3fbafd0151a2" testId="ca869e78-7943-a46b-7927-1a8ff4fe58af" testName="Create_Passing_Valid_Values_Returns_Name (Esp añâ)" computerName="PC-SFERRARI" duration="00:00:00.0000075" startTime="2020-09-01T17:52:11.1865344+01:00" endTime="2020-09-01T17:52:11.1869179+01:00" testType="13cdc9d9-ddb5-4fa4-a97d-d965ccfc6d4b" outcome="Passed" testListId="8c84fa94-04c1-424b-9868-57a2d4851a1d" relativeResultsDirectory="2e0f6e87-70e6-42bc-ac97-9b61c105d225" dataRowInfo="9" resultType="DataDrivenDataRow" />
      </InnerResults>
    </UnitTestResult>
    <UnitTestResult executionId="4b431be9-5c53-4b9d-867b-eb52b8d9bbe8" testId="4e5c29c7-ea4b-cd65-4b72-7ebf50d57942" testName="ToEnum_Passing_Invalid_Int_Value_Returns_Null" computerName="PC-SFERRARI" duration="00:00:00.0001453" startTime="2020-09-01T17:52:11.7525482+01:00" endTime="2020-09-01T17:52:11.7527717+01:00" testType="13cdc9d9-ddb5-4fa4-a97d-d965ccfc6d4b" outcome="Passed" testListId="8c84fa94-04c1-424b-9868-57a2d4851a1d" relativeResultsDirectory="4b431be9-5c53-4b9d-867b-eb52b8d9bbe8" />
    <UnitTestResult executionId="2ee10ed8-8fce-42c0-9735-75a148d2acef" testId="74b3f1dc-94ca-8be2-33b4-759efaa9b8e8" testName="IsNull_Passing_Valid_Value_Returns_False" computerName="PC-SFERRARI" duration="00:00:00.0007100" startTime="2020-09-01T17:52:11.4190831+01:00" endTime="2020-09-01T17:52:11.4200854+01:00" testType="13cdc9d9-ddb5-4fa4-a97d-d965ccfc6d4b" outcome="Passed" testListId="8c84fa94-04c1-424b-9868-57a2d4851a1d" relativeResultsDirectory="2ee10ed8-8fce-42c0-9735-75a148d2acef" resultType="DataDrivenTest">
      <InnerResults>
        <UnitTestResult executionId="d57d7046-6a3b-423b-a35f-06dc126368f2" parentExecutionId="2ee10ed8-8fce-42c0-9735-75a148d2acef" testId="74b3f1dc-94ca-8be2-33b4-759efaa9b8e8" testName="IsNull_Passing_Valid_Value_Returns_False (Tenerife)" computerName="PC-SFERRARI" duration="00:00:00.0006451" startTime="2020-09-01T17:52:11.4190831+01:00" endTime="2020-09-01T17:52:11.4200854+01:00" testType="13cdc9d9-ddb5-4fa4-a97d-d965ccfc6d4b" outcome="Passed" testListId="8c84fa94-04c1-424b-9868-57a2d4851a1d" relativeResultsDirectory="d57d7046-6a3b-423b-a35f-06dc126368f2" dataRowInfo="1" resultType="DataDrivenDataRow" />
        <UnitTestResult executionId="d547cc68-3972-439d-93ce-d628552a42e8" parentExecutionId="2ee10ed8-8fce-42c0-9735-75a148d2acef" testId="74b3f1dc-94ca-8be2-33b4-759efaa9b8e8" testName="IsNull_Passing_Valid_Value_Returns_False (Espania)" computerName="PC-SFERRARI" duration="00:00:00.0000063" startTime="2020-09-01T17:52:11.4190831+01:00" endTime="2020-09-01T17:52:11.4200854+01:00" testType="13cdc9d9-ddb5-4fa4-a97d-d965ccfc6d4b" outcome="Passed" testListId="8c84fa94-04c1-424b-9868-57a2d4851a1d" relativeResultsDirectory="d547cc68-3972-439d-93ce-d628552a42e8" dataRowInfo="2" resultType="DataDrivenDataRow" />
      </InnerResults>
    </UnitTestResult>
    <UnitTestResult executionId="2e349b63-1192-435d-8d1b-b9efd9b06950" testId="e508c554-ee47-5599-228d-b33f23cc16d0" testName="Equals_Passing_Valid_Distinct_Values_Returns_False" computerName="PC-SFERRARI" duration="00:00:00.0004316" startTime="2020-09-01T17:52:11.2727026+01:00" endTime="2020-09-01T17:52:11.2732997+01:00" testType="13cdc9d9-ddb5-4fa4-a97d-d965ccfc6d4b" outcome="Passed" testListId="8c84fa94-04c1-424b-9868-57a2d4851a1d" relativeResultsDirectory="2e349b63-1192-435d-8d1b-b9efd9b06950" resultType="DataDrivenTest">
      <InnerResults>
        <UnitTestResult executionId="5efa60eb-221c-431c-9899-d8fdc09e2f7b" parentExecutionId="2e349b63-1192-435d-8d1b-b9efd9b06950" testId="e508c554-ee47-5599-228d-b33f23cc16d0" testName="Equals_Passing_Valid_Distinct_Values_Returns_False (España)" computerName="PC-SFERRARI" duration="00:00:00.0002047" startTime="2020-09-01T17:52:11.2727026+01:00" endTime="2020-09-01T17:52:11.2732997+01:00" testType="13cdc9d9-ddb5-4fa4-a97d-d965ccfc6d4b" outcome="Passed" testListId="8c84fa94-04c1-424b-9868-57a2d4851a1d" relativeResultsDirectory="5efa60eb-221c-431c-9899-d8fdc09e2f7b" dataRowInfo="1" resultType="DataDrivenDataRow" />
        <UnitTestResult executionId="e97d7989-4dca-4303-9a3f-9b9bba97b70b" parentExecutionId="2e349b63-1192-435d-8d1b-b9efd9b06950" testId="e508c554-ee47-5599-228d-b33f23cc16d0" testName="Equals_Passing_Valid_Distinct_Values_Returns_False (Españá)" computerName="PC-SFERRARI" duration="00:00:00.0000152" startTime="2020-09-01T17:52:11.2727026+01:00" endTime="2020-09-01T17:52:11.2732997+01:00" testType="13cdc9d9-ddb5-4fa4-a97d-d965ccfc6d4b" outcome="Passed" testListId="8c84fa94-04c1-424b-9868-57a2d4851a1d" relativeResultsDirectory="e97d7989-4dca-4303-9a3f-9b9bba97b70b" dataRowInfo="2" resultType="DataDrivenDataRow" />
        <UnitTestResult executionId="1f6eec16-6e6d-4c01-81b1-a7f324448358" parentExecutionId="2e349b63-1192-435d-8d1b-b9efd9b06950" testId="e508c554-ee47-5599-228d-b33f23cc16d0" testName="Equals_Passing_Valid_Distinct_Values_Returns_False (Españà)" computerName="PC-SFERRARI" duration="00:00:00.0000129" startTime="2020-09-01T17:52:11.2727026+01:00" endTime="2020-09-01T17:52:11.2732997+01:00" testType="13cdc9d9-ddb5-4fa4-a97d-d965ccfc6d4b" outcome="Passed" testListId="8c84fa94-04c1-424b-9868-57a2d4851a1d" relativeResultsDirectory="1f6eec16-6e6d-4c01-81b1-a7f324448358" dataRowInfo="3" resultType="DataDrivenDataRow" />
        <UnitTestResult executionId="e944ff1a-1ddc-452f-aee6-fd7fd0eebd66" parentExecutionId="2e349b63-1192-435d-8d1b-b9efd9b06950" testId="e508c554-ee47-5599-228d-b33f23cc16d0" testName="Equals_Passing_Valid_Distinct_Values_Returns_False (Españä)" computerName="PC-SFERRARI" duration="00:00:00.0000134" startTime="2020-09-01T17:52:11.2727026+01:00" endTime="2020-09-01T17:52:11.2732997+01:00" testType="13cdc9d9-ddb5-4fa4-a97d-d965ccfc6d4b" outcome="Passed" testListId="8c84fa94-04c1-424b-9868-57a2d4851a1d" relativeResultsDirectory="e944ff1a-1ddc-452f-aee6-fd7fd0eebd66" dataRowInfo="4" resultType="DataDrivenDataRow" />
        <UnitTestResult executionId="0f97e1d6-f452-4e05-aa73-b3de1120f52f" parentExecutionId="2e349b63-1192-435d-8d1b-b9efd9b06950" testId="e508c554-ee47-5599-228d-b33f23cc16d0" testName="Equals_Passing_Valid_Distinct_Values_Returns_False (Españâ)" computerName="PC-SFERRARI" duration="00:00:00.0000124" startTime="2020-09-01T17:52:11.2727026+01:00" endTime="2020-09-01T17:52:11.2732997+01:00" testType="13cdc9d9-ddb5-4fa4-a97d-d965ccfc6d4b" outcome="Passed" testListId="8c84fa94-04c1-424b-9868-57a2d4851a1d" relativeResultsDirectory="0f97e1d6-f452-4e05-aa73-b3de1120f52f" dataRowInfo="5" resultType="DataDrivenDataRow" />
        <UnitTestResult executionId="452f4cbf-c6ba-4380-9945-aadc1b74c450" parentExecutionId="2e349b63-1192-435d-8d1b-b9efd9b06950" testId="e508c554-ee47-5599-228d-b33f23cc16d0" testName="Equals_Passing_Valid_Distinct_Values_Returns_False (Españã)" computerName="PC-SFERRARI" duration="00:00:00.0000125" startTime="2020-09-01T17:52:11.2727026+01:00" endTime="2020-09-01T17:52:11.2732997+01:00" testType="13cdc9d9-ddb5-4fa4-a97d-d965ccfc6d4b" outcome="Passed" testListId="8c84fa94-04c1-424b-9868-57a2d4851a1d" relativeResultsDirectory="452f4cbf-c6ba-4380-9945-aadc1b74c450" dataRowInfo="6" resultType="DataDrivenDataRow" />
        <UnitTestResult executionId="3a3d4d5e-2ba7-48dc-8156-3cfcc8f15ee3" parentExecutionId="2e349b63-1192-435d-8d1b-b9efd9b06950" testId="e508c554-ee47-5599-228d-b33f23cc16d0" testName="Equals_Passing_Valid_Distinct_Values_Returns_False (Españç)" computerName="PC-SFERRARI" duration="00:00:00.0000132" startTime="2020-09-01T17:52:11.2727026+01:00" endTime="2020-09-01T17:52:11.2732997+01:00" testType="13cdc9d9-ddb5-4fa4-a97d-d965ccfc6d4b" outcome="Passed" testListId="8c84fa94-04c1-424b-9868-57a2d4851a1d" relativeResultsDirectory="3a3d4d5e-2ba7-48dc-8156-3cfcc8f15ee3" dataRowInfo="7" resultType="DataDrivenDataRow" />
        <UnitTestResult executionId="b79c4f46-9d27-46a7-91a3-31500cbe78d8" parentExecutionId="2e349b63-1192-435d-8d1b-b9efd9b06950" testId="e508c554-ee47-5599-228d-b33f23cc16d0" testName="Equals_Passing_Valid_Distinct_Values_Returns_False (Españħ)" computerName="PC-SFERRARI" duration="00:00:00.0000124" startTime="2020-09-01T17:52:11.2727026+01:00" endTime="2020-09-01T17:52:11.2732997+01:00" testType="13cdc9d9-ddb5-4fa4-a97d-d965ccfc6d4b" outcome="Passed" testListId="8c84fa94-04c1-424b-9868-57a2d4851a1d" relativeResultsDirectory="b79c4f46-9d27-46a7-91a3-31500cbe78d8" dataRowInfo="8" resultType="DataDrivenDataRow" />
        <UnitTestResult executionId="bfdd584a-adf8-4b01-96ae-3bc6fbd0b69a" parentExecutionId="2e349b63-1192-435d-8d1b-b9efd9b06950" testId="e508c554-ee47-5599-228d-b33f23cc16d0" testName="Equals_Passing_Valid_Distinct_Values_Returns_False (Esp añâ)" computerName="PC-SFERRARI" duration="00:00:00.0000125" startTime="2020-09-01T17:52:11.2727026+01:00" endTime="2020-09-01T17:52:11.2732997+01:00" testType="13cdc9d9-ddb5-4fa4-a97d-d965ccfc6d4b" outcome="Passed" testListId="8c84fa94-04c1-424b-9868-57a2d4851a1d" relativeResultsDirectory="bfdd584a-adf8-4b01-96ae-3bc6fbd0b69a" dataRowInfo="9" resultType="DataDrivenDataRow" />
      </InnerResults>
    </UnitTestResult>
    <UnitTestResult executionId="ca60e4e2-5e31-4f7b-ab33-168dc95fe10f" testId="4c90cf97-db04-0e36-a36a-65b359ec9e59" testName="Equals_Passing_Valid_Distinct_Values_Returns_False" computerName="PC-SFERRARI" duration="00:00:00.0002098" startTime="2020-09-01T17:52:10.9034412+01:00" endTime="2020-09-01T17:52:10.9037313+01:00" testType="13cdc9d9-ddb5-4fa4-a97d-d965ccfc6d4b" outcome="Passed" testListId="8c84fa94-04c1-424b-9868-57a2d4851a1d" relativeResultsDirectory="ca60e4e2-5e31-4f7b-ab33-168dc95fe10f" resultType="DataDrivenTest">
      <InnerResults>
        <UnitTestResult executionId="6f6d2f7f-9e68-493f-a8f1-8c0d2ee3934b" parentExecutionId="ca60e4e2-5e31-4f7b-ab33-168dc95fe10f" testId="4c90cf97-db04-0e36-a36a-65b359ec9e59" testName="Equals_Passing_Valid_Distinct_Values_Returns_False (dasdasd@dsasd.ff)" computerName="PC-SFERRARI" duration="00:00:00.0001372" startTime="2020-09-01T17:52:10.9034412+01:00" endTime="2020-09-01T17:52:10.9037313+01:00" testType="13cdc9d9-ddb5-4fa4-a97d-d965ccfc6d4b" outcome="Passed" testListId="8c84fa94-04c1-424b-9868-57a2d4851a1d" relativeResultsDirectory="6f6d2f7f-9e68-493f-a8f1-8c0d2ee3934b" dataRowInfo="1" resultType="DataDrivenDataRow" />
        <UnitTestResult executionId="d5eae67e-c45e-4d5e-b92e-87dfd715963a" parentExecutionId="ca60e4e2-5e31-4f7b-ab33-168dc95fe10f" testId="4c90cf97-db04-0e36-a36a-65b359ec9e59" testName="Equals_Passing_Valid_Distinct_Values_Returns_False (34fsds@sdd.fgg)" computerName="PC-SFERRARI" duration="00:00:00.0000268" startTime="2020-09-01T17:52:10.9034412+01:00" endTime="2020-09-01T17:52:10.9037313+01:00" testType="13cdc9d9-ddb5-4fa4-a97d-d965ccfc6d4b" outcome="Passed" testListId="8c84fa94-04c1-424b-9868-57a2d4851a1d" relativeResultsDirectory="d5eae67e-c45e-4d5e-b92e-87dfd715963a" dataRowInfo="2" resultType="DataDrivenDataRow" />
      </InnerResults>
    </UnitTestResult>
    <UnitTestResult executionId="18ed33da-2aac-45b7-8f69-2fa246c1faaa" testId="8313da3f-0367-8e6c-c0a1-ae4f5c0df829" testName="GetAll_Passing_Nothing_Returns_Enumeracion_List" computerName="PC-SFERRARI" duration="00:00:00.0001868" startTime="2020-09-01T17:52:11.7208576+01:00" endTime="2020-09-01T17:52:11.7211188+01:00" testType="13cdc9d9-ddb5-4fa4-a97d-d965ccfc6d4b" outcome="Passed" testListId="8c84fa94-04c1-424b-9868-57a2d4851a1d" relativeResultsDirectory="18ed33da-2aac-45b7-8f69-2fa246c1faaa" />
    <UnitTestResult executionId="6e399066-7440-4c87-ae53-15e1a0ad20a8" testId="3c5dd30a-14ce-719a-a187-bfc979656176" testName="OperatorEqual_Passing_Valid_Distinct_Values_Returns_False" computerName="PC-SFERRARI" duration="00:00:00.0001548" startTime="2020-09-01T17:52:11.4621481+01:00" endTime="2020-09-01T17:52:11.4623728+01:00" testType="13cdc9d9-ddb5-4fa4-a97d-d965ccfc6d4b" outcome="Passed" testListId="8c84fa94-04c1-424b-9868-57a2d4851a1d" relativeResultsDirectory="6e399066-7440-4c87-ae53-15e1a0ad20a8" resultType="DataDrivenTest">
      <InnerResults>
        <UnitTestResult executionId="3478435e-de06-463d-be50-4b501eedd856" parentExecutionId="6e399066-7440-4c87-ae53-15e1a0ad20a8" testId="3c5dd30a-14ce-719a-a187-bfc979656176" testName="OperatorEqual_Passing_Valid_Distinct_Values_Returns_False (San Bartoleme De Tirajana)" computerName="PC-SFERRARI" duration="00:00:00.0001062" startTime="2020-09-01T17:52:11.4621481+01:00" endTime="2020-09-01T17:52:11.4623728+01:00" testType="13cdc9d9-ddb5-4fa4-a97d-d965ccfc6d4b" outcome="Passed" testListId="8c84fa94-04c1-424b-9868-57a2d4851a1d" relativeResultsDirectory="3478435e-de06-463d-be50-4b501eedd856" dataRowInfo="1" resultType="DataDrivenDataRow" />
        <UnitTestResult executionId="183f2d4c-c747-4b4c-9068-f6af501112bd" parentExecutionId="6e399066-7440-4c87-ae53-15e1a0ad20a8" testId="3c5dd30a-14ce-719a-a187-bfc979656176" testName="OperatorEqual_Passing_Valid_Distinct_Values_Returns_False (Sabadell)" computerName="PC-SFERRARI" duration="00:00:00.0000059" startTime="2020-09-01T17:52:11.4621481+01:00" endTime="2020-09-01T17:52:11.4623728+01:00" testType="13cdc9d9-ddb5-4fa4-a97d-d965ccfc6d4b" outcome="Passed" testListId="8c84fa94-04c1-424b-9868-57a2d4851a1d" relativeResultsDirectory="183f2d4c-c747-4b4c-9068-f6af501112bd" dataRowInfo="2" resultType="DataDrivenDataRow" />
      </InnerResults>
    </UnitTestResult>
    <UnitTestResult executionId="edc324db-ad25-4708-acbc-a53b3a27bbad" testId="e5e892cf-2006-a955-6ca0-1ec5d852214c" testName="ToEnum_Passing_Valid_IntName_Enumeracion_Returns_Enumeracion" computerName="PC-SFERRARI" duration="00:00:00.0006279" startTime="2020-09-01T17:52:11.6729053+01:00" endTime="2020-09-01T17:52:11.6736039+01:00" testType="13cdc9d9-ddb5-4fa4-a97d-d965ccfc6d4b" outcome="Passed" testListId="8c84fa94-04c1-424b-9868-57a2d4851a1d" relativeResultsDirectory="edc324db-ad25-4708-acbc-a53b3a27bbad" />
    <UnitTestResult executionId="01e2179e-51fd-43ff-9dd3-e323dcd2b307" testId="f2e092d4-d663-ae2f-6d89-847a0ae86968" testName="ToString_Passing_Valid_Values_Returns_Name" computerName="PC-SFERRARI" duration="00:00:00.0012508" startTime="2020-09-01T17:52:11.2275677+01:00" endTime="2020-09-01T17:52:11.2289966+01:00" testType="13cdc9d9-ddb5-4fa4-a97d-d965ccfc6d4b" outcome="Passed" testListId="8c84fa94-04c1-424b-9868-57a2d4851a1d" relativeResultsDirectory="01e2179e-51fd-43ff-9dd3-e323dcd2b307" resultType="DataDrivenTest">
      <InnerResults>
        <UnitTestResult executionId="52f84e81-10e8-4b4e-8e8f-e5a465d7f4d9" parentExecutionId="01e2179e-51fd-43ff-9dd3-e323dcd2b307" testId="f2e092d4-d663-ae2f-6d89-847a0ae86968" testName="ToString_Passing_Valid_Values_Returns_Name (España)" computerName="PC-SFERRARI" duration="00:00:00.0003026" startTime="2020-09-01T17:52:11.2275677+01:00" endTime="2020-09-01T17:52:11.2289966+01:00" testType="13cdc9d9-ddb5-4fa4-a97d-d965ccfc6d4b" outcome="Passed" testListId="8c84fa94-04c1-424b-9868-57a2d4851a1d" relativeResultsDirectory="52f84e81-10e8-4b4e-8e8f-e5a465d7f4d9" dataRowInfo="1" resultType="DataDrivenDataRow" />
        <UnitTestResult executionId="42df02f4-6fec-424c-896e-d778d4fb367e" parentExecutionId="01e2179e-51fd-43ff-9dd3-e323dcd2b307" testId="f2e092d4-d663-ae2f-6d89-847a0ae86968" testName="ToString_Passing_Valid_Values_Returns_Name (Españá)" computerName="PC-SFERRARI" duration="00:00:00.0000130" startTime="2020-09-01T17:52:11.2275677+01:00" endTime="2020-09-01T17:52:11.2289966+01:00" testType="13cdc9d9-ddb5-4fa4-a97d-d965ccfc6d4b" outcome="Passed" testListId="8c84fa94-04c1-424b-9868-57a2d4851a1d" relativeResultsDirectory="42df02f4-6fec-424c-896e-d778d4fb367e" dataRowInfo="2" resultType="DataDrivenDataRow" />
        <UnitTestResult executionId="6e0209e2-b730-4228-9e0d-9dc86c551c3a" parentExecutionId="01e2179e-51fd-43ff-9dd3-e323dcd2b307" testId="f2e092d4-d663-ae2f-6d89-847a0ae86968" testName="ToString_Passing_Valid_Values_Returns_Name (Españà)" computerName="PC-SFERRARI" duration="00:00:00.0000080" startTime="2020-09-01T17:52:11.2275677+01:00" endTime="2020-09-01T17:52:11.2289966+01:00" testType="13cdc9d9-ddb5-4fa4-a97d-d965ccfc6d4b" outcome="Passed" testListId="8c84fa94-04c1-424b-9868-57a2d4851a1d" relativeResultsDirectory="6e0209e2-b730-4228-9e0d-9dc86c551c3a" dataRowInfo="3" resultType="DataDrivenDataRow" />
        <UnitTestResult executionId="25d50611-3857-4a21-abac-4c2a36a1b3f3" parentExecutionId="01e2179e-51fd-43ff-9dd3-e323dcd2b307" testId="f2e092d4-d663-ae2f-6d89-847a0ae86968" testName="ToString_Passing_Valid_Values_Returns_Name (Españä)" computerName="PC-SFERRARI" duration="00:00:00.0000074" startTime="2020-09-01T17:52:11.2275677+01:00" endTime="2020-09-01T17:52:11.2289966+01:00" testType="13cdc9d9-ddb5-4fa4-a97d-d965ccfc6d4b" outcome="Passed" testListId="8c84fa94-04c1-424b-9868-57a2d4851a1d" relativeResultsDirectory="25d50611-3857-4a21-abac-4c2a36a1b3f3" dataRowInfo="4" resultType="DataDrivenDataRow" />
        <UnitTestResult executionId="afbda422-8860-4aa6-a9f6-89bb842d9337" parentExecutionId="01e2179e-51fd-43ff-9dd3-e323dcd2b307" testId="f2e092d4-d663-ae2f-6d89-847a0ae86968" testName="ToString_Passing_Valid_Values_Returns_Name (Españâ)" computerName="PC-SFERRARI" duration="00:00:00.0000075" startTime="2020-09-01T17:52:11.2275677+01:00" endTime="2020-09-01T17:52:11.2289966+01:00" testType="13cdc9d9-ddb5-4fa4-a97d-d965ccfc6d4b" outcome="Passed" testListId="8c84fa94-04c1-424b-9868-57a2d4851a1d" relativeResultsDirectory="afbda422-8860-4aa6-a9f6-89bb842d9337" dataRowInfo="5" resultType="DataDrivenDataRow" />
        <UnitTestResult executionId="85aa5f43-cae8-48b0-8c0f-f73e6fb0d8cd" parentExecutionId="01e2179e-51fd-43ff-9dd3-e323dcd2b307" testId="f2e092d4-d663-ae2f-6d89-847a0ae86968" testName="ToString_Passing_Valid_Values_Returns_Name (Españã)" computerName="PC-SFERRARI" duration="00:00:00.0007482" startTime="2020-09-01T17:52:11.2275677+01:00" endTime="2020-09-01T17:52:11.2289966+01:00" testType="13cdc9d9-ddb5-4fa4-a97d-d965ccfc6d4b" outcome="Passed" testListId="8c84fa94-04c1-424b-9868-57a2d4851a1d" relativeResultsDirectory="85aa5f43-cae8-48b0-8c0f-f73e6fb0d8cd" dataRowInfo="6" resultType="DataDrivenDataRow" />
        <UnitTestResult executionId="5ed7d026-0962-462c-80bc-d5ecc5756392" parentExecutionId="01e2179e-51fd-43ff-9dd3-e323dcd2b307" testId="f2e092d4-d663-ae2f-6d89-847a0ae86968" testName="ToString_Passing_Valid_Values_Returns_Name (Españç)" computerName="PC-SFERRARI" duration="00:00:00.0000124" startTime="2020-09-01T17:52:11.2275677+01:00" endTime="2020-09-01T17:52:11.2289966+01:00" testType="13cdc9d9-ddb5-4fa4-a97d-d965ccfc6d4b" outcome="Passed" testListId="8c84fa94-04c1-424b-9868-57a2d4851a1d" relativeResultsDirectory="5ed7d026-0962-462c-80bc-d5ecc5756392" dataRowInfo="7" resultType="DataDrivenDataRow" />
        <UnitTestResult executionId="9f247468-d713-4684-98b5-dddc4a59bdee" parentExecutionId="01e2179e-51fd-43ff-9dd3-e323dcd2b307" testId="f2e092d4-d663-ae2f-6d89-847a0ae86968" testName="ToString_Passing_Valid_Values_Returns_Name (Españħ)" computerName="PC-SFERRARI" duration="00:00:00.0000078" startTime="2020-09-01T17:52:11.2275677+01:00" endTime="2020-09-01T17:52:11.2289966+01:00" testType="13cdc9d9-ddb5-4fa4-a97d-d965ccfc6d4b" outcome="Passed" testListId="8c84fa94-04c1-424b-9868-57a2d4851a1d" relativeResultsDirectory="9f247468-d713-4684-98b5-dddc4a59bdee" dataRowInfo="8" resultType="DataDrivenDataRow" />
        <UnitTestResult executionId="e81727e1-8a13-4cac-920f-4fa83c62a7cb" parentExecutionId="01e2179e-51fd-43ff-9dd3-e323dcd2b307" testId="f2e092d4-d663-ae2f-6d89-847a0ae86968" testName="ToString_Passing_Valid_Values_Returns_Name (Esp añâ)" computerName="PC-SFERRARI" duration="00:00:00.0000084" startTime="2020-09-01T17:52:11.2275677+01:00" endTime="2020-09-01T17:52:11.2289966+01:00" testType="13cdc9d9-ddb5-4fa4-a97d-d965ccfc6d4b" outcome="Passed" testListId="8c84fa94-04c1-424b-9868-57a2d4851a1d" relativeResultsDirectory="e81727e1-8a13-4cac-920f-4fa83c62a7cb" dataRowInfo="9" resultType="DataDrivenDataRow" />
      </InnerResults>
    </UnitTestResult>
    <UnitTestResult executionId="c3aa4678-89d9-46cd-bf9d-41d3b8985c47" testId="505c974a-abdc-ad26-ef8c-4f699fb49682" testName="IsNull_Passing_Valid_Values_Returns_False" computerName="PC-SFERRARI" duration="00:00:00.0034110" startTime="2020-09-01T17:52:10.9478754+01:00" endTime="2020-09-01T17:52:10.9542618+01:00" testType="13cdc9d9-ddb5-4fa4-a97d-d965ccfc6d4b" outcome="Passed" testListId="8c84fa94-04c1-424b-9868-57a2d4851a1d" relativeResultsDirectory="c3aa4678-89d9-46cd-bf9d-41d3b8985c47" resultType="DataDrivenTest">
      <InnerResults>
        <UnitTestResult executionId="71620a82-59c7-46ef-b658-f0d42f0f99a0" parentExecutionId="c3aa4678-89d9-46cd-bf9d-41d3b8985c47" testId="505c974a-abdc-ad26-ef8c-4f699fb49682" testName="IsNull_Passing_Valid_Values_Returns_False (Tenerife,San Bartoleme De Tirajana,Las Palmas)" computerName="PC-SFERRARI" duration="00:00:00.0033172" startTime="2020-09-01T17:52:10.9478754+01:00" endTime="2020-09-01T17:52:10.9542618+01:00" testType="13cdc9d9-ddb5-4fa4-a97d-d965ccfc6d4b" outcome="Passed" testListId="8c84fa94-04c1-424b-9868-57a2d4851a1d" relativeResultsDirectory="71620a82-59c7-46ef-b658-f0d42f0f99a0" dataRowInfo="1" resultType="DataDrivenDataRow" />
        <UnitTestResult executionId="5749c1d6-32cb-444d-ad06-dfe42d5624ba" parentExecutionId="c3aa4678-89d9-46cd-bf9d-41d3b8985c47" testId="505c974a-abdc-ad26-ef8c-4f699fb49682" testName="IsNull_Passing_Valid_Values_Returns_False (Sabadell,Barcelona,España)" computerName="PC-SFERRARI" duration="00:00:00.0000236" startTime="2020-09-01T17:52:10.9478754+01:00" endTime="2020-09-01T17:52:10.9542618+01:00" testType="13cdc9d9-ddb5-4fa4-a97d-d965ccfc6d4b" outcome="Passed" testListId="8c84fa94-04c1-424b-9868-57a2d4851a1d" relativeResultsDirectory="5749c1d6-32cb-444d-ad06-dfe42d5624ba" dataRowInfo="2" resultType="DataDrivenDataRow" />
      </InnerResults>
    </UnitTestResult>
    <UnitTestResult executionId="a54dbed6-4110-471b-ad3e-0a843afe63d4" testId="2bd0308d-019c-fb25-a258-ca5e7ad09231" testName="OperatorEqual_Passing_Valid_Distinct_Values_Returns_False" computerName="PC-SFERRARI" duration="00:00:00.0002542" startTime="2020-09-01T17:52:11.0161850+01:00" endTime="2020-09-01T17:52:11.0165142+01:00" testType="13cdc9d9-ddb5-4fa4-a97d-d965ccfc6d4b" outcome="Passed" testListId="8c84fa94-04c1-424b-9868-57a2d4851a1d" relativeResultsDirectory="a54dbed6-4110-471b-ad3e-0a843afe63d4" resultType="DataDrivenTest">
      <InnerResults>
        <UnitTestResult executionId="c2680c70-f987-47c2-b27c-6d0f6b056dba" parentExecutionId="a54dbed6-4110-471b-ad3e-0a843afe63d4" testId="2bd0308d-019c-fb25-a258-ca5e7ad09231" testName="OperatorEqual_Passing_Valid_Distinct_Values_Returns_False (San Bartoleme De Tirajana,Las Palmas,España)" computerName="PC-SFERRARI" duration="00:00:00.0001533" startTime="2020-09-01T17:52:11.0161850+01:00" endTime="2020-09-01T17:52:11.0165142+01:00" testType="13cdc9d9-ddb5-4fa4-a97d-d965ccfc6d4b" outcome="Passed" testListId="8c84fa94-04c1-424b-9868-57a2d4851a1d" relativeResultsDirectory="c2680c70-f987-47c2-b27c-6d0f6b056dba" dataRowInfo="1" resultType="DataDrivenDataRow" />
        <UnitTestResult executionId="5e2f068b-2210-42c9-98dd-fa61b320b9fd" parentExecutionId="a54dbed6-4110-471b-ad3e-0a843afe63d4" testId="2bd0308d-019c-fb25-a258-ca5e7ad09231" testName="OperatorEqual_Passing_Valid_Distinct_Values_Returns_False (Sabadell,Barcelona,España)" computerName="PC-SFERRARI" duration="00:00:00.0000422" startTime="2020-09-01T17:52:11.0161850+01:00" endTime="2020-09-01T17:52:11.0165142+01:00" testType="13cdc9d9-ddb5-4fa4-a97d-d965ccfc6d4b" outcome="Passed" testListId="8c84fa94-04c1-424b-9868-57a2d4851a1d" relativeResultsDirectory="5e2f068b-2210-42c9-98dd-fa61b320b9fd" dataRowInfo="2" resultType="DataDrivenDataRow" />
      </InnerResults>
    </UnitTestResult>
    <UnitTestResult executionId="b72bd89a-7138-4ae2-8712-206d57c71e41" testId="df9ea71b-e3bc-2255-4837-0259a685da18" testName="Change_Passing_Valid_Values_Returns_Address" computerName="PC-SFERRARI" duration="00:00:00.0474298" startTime="2020-09-01T17:52:10.5962241+01:00" endTime="2020-09-01T17:52:10.6438388+01:00" testType="13cdc9d9-ddb5-4fa4-a97d-d965ccfc6d4b" outcome="Passed" testListId="8c84fa94-04c1-424b-9868-57a2d4851a1d" relativeResultsDirectory="b72bd89a-7138-4ae2-8712-206d57c71e41" />
    <UnitTestResult executionId="8335c8c8-4b7c-425f-be08-d51ff8d06a57" testId="f7330460-b528-23e0-f552-44f6715cd948" testName="OperatorNotEqual_Passing_Valid_Values_Returns_True" computerName="PC-SFERRARI" duration="00:00:00.0004596" startTime="2020-09-01T17:52:11.3719425+01:00" endTime="2020-09-01T17:52:11.3725899+01:00" testType="13cdc9d9-ddb5-4fa4-a97d-d965ccfc6d4b" outcome="Passed" testListId="8c84fa94-04c1-424b-9868-57a2d4851a1d" relativeResultsDirectory="8335c8c8-4b7c-425f-be08-d51ff8d06a57" resultType="DataDrivenTest">
      <InnerResults>
        <UnitTestResult executionId="addf0b8f-3499-4625-b5d0-caa7e7810ca4" parentExecutionId="8335c8c8-4b7c-425f-be08-d51ff8d06a57" testId="f7330460-b528-23e0-f552-44f6715cd948" testName="OperatorNotEqual_Passing_Valid_Values_Returns_True (España)" computerName="PC-SFERRARI" duration="00:00:00.0002071" startTime="2020-09-01T17:52:11.3719425+01:00" endTime="2020-09-01T17:52:11.3725899+01:00" testType="13cdc9d9-ddb5-4fa4-a97d-d965ccfc6d4b" outcome="Passed" testListId="8c84fa94-04c1-424b-9868-57a2d4851a1d" relativeResultsDirectory="addf0b8f-3499-4625-b5d0-caa7e7810ca4" dataRowInfo="1" resultType="DataDrivenDataRow" />
        <UnitTestResult executionId="31ed89cc-4848-4084-868a-d23c59c87a41" parentExecutionId="8335c8c8-4b7c-425f-be08-d51ff8d06a57" testId="f7330460-b528-23e0-f552-44f6715cd948" testName="OperatorNotEqual_Passing_Valid_Values_Returns_True (Españá)" computerName="PC-SFERRARI" duration="00:00:00.0000157" startTime="2020-09-01T17:52:11.3719425+01:00" endTime="2020-09-01T17:52:11.3725899+01:00" testType="13cdc9d9-ddb5-4fa4-a97d-d965ccfc6d4b" outcome="Passed" testListId="8c84fa94-04c1-424b-9868-57a2d4851a1d" relativeResultsDirectory="31ed89cc-4848-4084-868a-d23c59c87a41" dataRowInfo="2" resultType="DataDrivenDataRow" />
        <UnitTestResult executionId="8b01cb89-145e-496d-aa64-abfb33cb23da" parentExecutionId="8335c8c8-4b7c-425f-be08-d51ff8d06a57" testId="f7330460-b528-23e0-f552-44f6715cd948" testName="OperatorNotEqual_Passing_Valid_Values_Returns_True (Españà)" computerName="PC-SFERRARI" duration="00:00:00.0000194" startTime="2020-09-01T17:52:11.3719425+01:00" endTime="2020-09-01T17:52:11.3725899+01:00" testType="13cdc9d9-ddb5-4fa4-a97d-d965ccfc6d4b" outcome="Passed" testListId="8c84fa94-04c1-424b-9868-57a2d4851a1d" relativeResultsDirectory="8b01cb89-145e-496d-aa64-abfb33cb23da" dataRowInfo="3" resultType="DataDrivenDataRow" />
        <UnitTestResult executionId="d41562f0-6c99-41bf-8bdb-95d43571d049" parentExecutionId="8335c8c8-4b7c-425f-be08-d51ff8d06a57" testId="f7330460-b528-23e0-f552-44f6715cd948" testName="OperatorNotEqual_Passing_Valid_Values_Returns_True (Españä)" computerName="PC-SFERRARI" duration="00:00:00.0000190" startTime="2020-09-01T17:52:11.3719425+01:00" endTime="2020-09-01T17:52:11.3725899+01:00" testType="13cdc9d9-ddb5-4fa4-a97d-d965ccfc6d4b" outcome="Passed" testListId="8c84fa94-04c1-424b-9868-57a2d4851a1d" relativeResultsDirectory="d41562f0-6c99-41bf-8bdb-95d43571d049" dataRowInfo="4" resultType="DataDrivenDataRow" />
        <UnitTestResult executionId="8cb2b9df-401f-4e5e-95f5-52336e39e175" parentExecutionId="8335c8c8-4b7c-425f-be08-d51ff8d06a57" testId="f7330460-b528-23e0-f552-44f6715cd948" testName="OperatorNotEqual_Passing_Valid_Values_Returns_True (Españâ)" computerName="PC-SFERRARI" duration="00:00:00.0000129" startTime="2020-09-01T17:52:11.3719425+01:00" endTime="2020-09-01T17:52:11.3725899+01:00" testType="13cdc9d9-ddb5-4fa4-a97d-d965ccfc6d4b" outcome="Passed" testListId="8c84fa94-04c1-424b-9868-57a2d4851a1d" relativeResultsDirectory="8cb2b9df-401f-4e5e-95f5-52336e39e175" dataRowInfo="5" resultType="DataDrivenDataRow" />
        <UnitTestResult executionId="36dc7134-2fc1-4ae5-853b-75d477a3074d" parentExecutionId="8335c8c8-4b7c-425f-be08-d51ff8d06a57" testId="f7330460-b528-23e0-f552-44f6715cd948" testName="OperatorNotEqual_Passing_Valid_Values_Returns_True (Españã)" computerName="PC-SFERRARI" duration="00:00:00.0000183" startTime="2020-09-01T17:52:11.3719425+01:00" endTime="2020-09-01T17:52:11.3725899+01:00" testType="13cdc9d9-ddb5-4fa4-a97d-d965ccfc6d4b" outcome="Passed" testListId="8c84fa94-04c1-424b-9868-57a2d4851a1d" relativeResultsDirectory="36dc7134-2fc1-4ae5-853b-75d477a3074d" dataRowInfo="6" resultType="DataDrivenDataRow" />
        <UnitTestResult executionId="11ab55d3-e96d-454c-a61d-f866a188a669" parentExecutionId="8335c8c8-4b7c-425f-be08-d51ff8d06a57" testId="f7330460-b528-23e0-f552-44f6715cd948" testName="OperatorNotEqual_Passing_Valid_Values_Returns_True (Españç)" computerName="PC-SFERRARI" duration="00:00:00.0000182" startTime="2020-09-01T17:52:11.3719425+01:00" endTime="2020-09-01T17:52:11.3725899+01:00" testType="13cdc9d9-ddb5-4fa4-a97d-d965ccfc6d4b" outcome="Passed" testListId="8c84fa94-04c1-424b-9868-57a2d4851a1d" relativeResultsDirectory="11ab55d3-e96d-454c-a61d-f866a188a669" dataRowInfo="7" resultType="DataDrivenDataRow" />
        <UnitTestResult executionId="ae948b32-1874-4121-ae38-27b8447cecf3" parentExecutionId="8335c8c8-4b7c-425f-be08-d51ff8d06a57" testId="f7330460-b528-23e0-f552-44f6715cd948" testName="OperatorNotEqual_Passing_Valid_Values_Returns_True (Españħ)" computerName="PC-SFERRARI" duration="00:00:00.0000128" startTime="2020-09-01T17:52:11.3719425+01:00" endTime="2020-09-01T17:52:11.3725899+01:00" testType="13cdc9d9-ddb5-4fa4-a97d-d965ccfc6d4b" outcome="Passed" testListId="8c84fa94-04c1-424b-9868-57a2d4851a1d" relativeResultsDirectory="ae948b32-1874-4121-ae38-27b8447cecf3" dataRowInfo="8" resultType="DataDrivenDataRow" />
        <UnitTestResult executionId="ba467362-02af-4f92-9c5b-01cd0cd0b2bd" parentExecutionId="8335c8c8-4b7c-425f-be08-d51ff8d06a57" testId="f7330460-b528-23e0-f552-44f6715cd948" testName="OperatorNotEqual_Passing_Valid_Values_Returns_True (Esp añâ)" computerName="PC-SFERRARI" duration="00:00:00.0000188" startTime="2020-09-01T17:52:11.3719425+01:00" endTime="2020-09-01T17:52:11.3725899+01:00" testType="13cdc9d9-ddb5-4fa4-a97d-d965ccfc6d4b" outcome="Passed" testListId="8c84fa94-04c1-424b-9868-57a2d4851a1d" relativeResultsDirectory="ba467362-02af-4f92-9c5b-01cd0cd0b2bd" dataRowInfo="9" resultType="DataDrivenDataRow" />
      </InnerResults>
    </UnitTestResult>
    <UnitTestResult executionId="13d8390f-8de4-4f27-bf59-59f4fe462324" testId="c00989f1-bbf2-1016-4a5a-81f963501501" testName="Create_Passing_Valid_Values_Returns_Address" computerName="PC-SFERRARI" duration="00:00:00.0012152" startTime="2020-09-01T17:52:10.4632061+01:00" endTime="2020-09-01T17:52:10.4645135+01:00" testType="13cdc9d9-ddb5-4fa4-a97d-d965ccfc6d4b" outcome="Passed" testListId="8c84fa94-04c1-424b-9868-57a2d4851a1d" relativeResultsDirectory="13d8390f-8de4-4f27-bf59-59f4fe462324" resultType="DataDrivenTest">
      <InnerResults>
        <UnitTestResult executionId="ec088ec5-2c2c-4d7a-966b-94bcc8793615" parentExecutionId="13d8390f-8de4-4f27-bf59-59f4fe462324" testId="c00989f1-bbf2-1016-4a5a-81f963501501" testName="Create_Passing_Valid_Values_Returns_Address (Tenerife,23,34567,San Bartoleme De Tirajana,Las Palmas,España)" computerName="PC-SFERRARI" duration="00:00:00.0011257" startTime="2020-09-01T17:52:10.4632061+01:00" endTime="2020-09-01T17:52:10.4645135+01:00" testType="13cdc9d9-ddb5-4fa4-a97d-d965ccfc6d4b" outcome="Passed" testListId="8c84fa94-04c1-424b-9868-57a2d4851a1d" relativeResultsDirectory="ec088ec5-2c2c-4d7a-966b-94bcc8793615" dataRowInfo="1" resultType="DataDrivenDataRow" />
        <UnitTestResult executionId="90fd0542-e269-404a-9be7-262d12ddd3c8" parentExecutionId="13d8390f-8de4-4f27-bf59-59f4fe462324" testId="c00989f1-bbf2-1016-4a5a-81f963501501" testName="Create_Passing_Valid_Values_Returns_Address (Pader,789,DF7956,Sabadell,Barcelona,España)" computerName="PC-SFERRARI" duration="00:00:00.0000132" startTime="2020-09-01T17:52:10.4632061+01:00" endTime="2020-09-01T17:52:10.4645135+01:00" testType="13cdc9d9-ddb5-4fa4-a97d-d965ccfc6d4b" outcome="Passed" testListId="8c84fa94-04c1-424b-9868-57a2d4851a1d" relativeResultsDirectory="90fd0542-e269-404a-9be7-262d12ddd3c8" dataRowInfo="2" resultType="DataDrivenDataRow" />
      </InnerResults>
    </UnitTestResult>
    <UnitTestResult executionId="07bf1f75-464f-4918-8f05-ce50db64bcd4" testId="5a24c00d-3f9c-ad2d-3249-b671bca7abbb" testName="Equals_Passing_Valid_Distinct_Values_Returns_False" computerName="PC-SFERRARI" duration="00:00:00.0002102" startTime="2020-09-01T17:52:11.5332159+01:00" endTime="2020-09-01T17:52:11.5335079+01:00" testType="13cdc9d9-ddb5-4fa4-a97d-d965ccfc6d4b" outcome="Passed" testListId="8c84fa94-04c1-424b-9868-57a2d4851a1d" relativeResultsDirectory="07bf1f75-464f-4918-8f05-ce50db64bcd4" resultType="DataDrivenTest">
      <InnerResults>
        <UnitTestResult executionId="38374595-acfc-49c2-9690-92ad56e47fc3" parentExecutionId="07bf1f75-464f-4918-8f05-ce50db64bcd4" testId="5a24c00d-3f9c-ad2d-3249-b671bca7abbb" testName="Equals_Passing_Valid_Distinct_Values_Returns_False (app.hackerone1.com)" computerName="PC-SFERRARI" duration="00:00:00.0001275" startTime="2020-09-01T17:52:11.5332159+01:00" endTime="2020-09-01T17:52:11.5335079+01:00" testType="13cdc9d9-ddb5-4fa4-a97d-d965ccfc6d4b" outcome="Passed" testListId="8c84fa94-04c1-424b-9868-57a2d4851a1d" relativeResultsDirectory="38374595-acfc-49c2-9690-92ad56e47fc3" dataRowInfo="1" resultType="DataDrivenDataRow" />
        <UnitTestResult executionId="418b4b63-9309-4ad5-8949-3c1c24537416" parentExecutionId="07bf1f75-464f-4918-8f05-ce50db64bcd4" testId="5a24c00d-3f9c-ad2d-3249-b671bca7abbb" testName="Equals_Passing_Valid_Distinct_Values_Returns_False (www.hackerone-com)" computerName="PC-SFERRARI" duration="00:00:00.0000160" startTime="2020-09-01T17:52:11.5332159+01:00" endTime="2020-09-01T17:52:11.5335079+01:00" testType="13cdc9d9-ddb5-4fa4-a97d-d965ccfc6d4b" outcome="Passed" testListId="8c84fa94-04c1-424b-9868-57a2d4851a1d" relativeResultsDirectory="418b4b63-9309-4ad5-8949-3c1c24537416" dataRowInfo="2" resultType="DataDrivenDataRow" />
        <UnitTestResult executionId="75c936f6-877b-4018-9bbf-f79c35cca709" parentExecutionId="07bf1f75-464f-4918-8f05-ce50db64bcd4" testId="5a24c00d-3f9c-ad2d-3249-b671bca7abbb" testName="Equals_Passing_Valid_Distinct_Values_Returns_False (stage_hackerone.com)" computerName="PC-SFERRARI" duration="00:00:00.0000143" startTime="2020-09-01T17:52:11.5332159+01:00" endTime="2020-09-01T17:52:11.5335079+01:00" testType="13cdc9d9-ddb5-4fa4-a97d-d965ccfc6d4b" outcome="Passed" testListId="8c84fa94-04c1-424b-9868-57a2d4851a1d" relativeResultsDirectory="75c936f6-877b-4018-9bbf-f79c35cca709" dataRowInfo="3" resultType="DataDrivenDataRow" />
      </InnerResults>
    </UnitTestResult>
    <UnitTestResult executionId="79bf74f2-f75b-40c0-bfa3-2847a9eb362c" testId="13791109-f26f-328b-af66-40d4b88b25f7" testName="Create_Default_Passing_Valid_Values_Returns_StringId" computerName="PC-SFERRARI" duration="00:00:00.0002905" startTime="2020-09-01T17:52:11.4204451+01:00" endTime="2020-09-01T17:52:11.4208155+01:00" testType="13cdc9d9-ddb5-4fa4-a97d-d965ccfc6d4b" outcome="Passed" testListId="8c84fa94-04c1-424b-9868-57a2d4851a1d" relativeResultsDirectory="79bf74f2-f75b-40c0-bfa3-2847a9eb362c" />
    <UnitTestResult executionId="09567d22-3a55-43b4-8712-10522674f348" testId="1c4770cc-11c0-d015-3996-858274852a92" testName="Create_Passing_Valid_Values_Returns_Subdomain" computerName="PC-SFERRARI" duration="00:00:00.0001788" startTime="2020-09-01T17:52:11.4865712+01:00" endTime="2020-09-01T17:52:11.4868243+01:00" testType="13cdc9d9-ddb5-4fa4-a97d-d965ccfc6d4b" outcome="Passed" testListId="8c84fa94-04c1-424b-9868-57a2d4851a1d" relativeResultsDirectory="09567d22-3a55-43b4-8712-10522674f348" resultType="DataDrivenTest">
      <InnerResults>
        <UnitTestResult executionId="063aa309-a9c8-4027-9fb9-7756701393aa" parentExecutionId="09567d22-3a55-43b4-8712-10522674f348" testId="1c4770cc-11c0-d015-3996-858274852a92" testName="Create_Passing_Valid_Values_Returns_Subdomain (google)" computerName="PC-SFERRARI" duration="00:00:00.0001069" startTime="2020-09-01T17:52:11.4865712+01:00" endTime="2020-09-01T17:52:11.4868243+01:00" testType="13cdc9d9-ddb5-4fa4-a97d-d965ccfc6d4b" outcome="Passed" testListId="8c84fa94-04c1-424b-9868-57a2d4851a1d" relativeResultsDirectory="063aa309-a9c8-4027-9fb9-7756701393aa" dataRowInfo="1" resultType="DataDrivenDataRow" />
        <UnitTestResult executionId="e64ea7e9-21b7-493e-b466-90fbc6ad508e" parentExecutionId="09567d22-3a55-43b4-8712-10522674f348" testId="1c4770cc-11c0-d015-3996-858274852a92" testName="Create_Passing_Valid_Values_Returns_Subdomain (www.hackerone1-com)" computerName="PC-SFERRARI" duration="00:00:00.0000104" startTime="2020-09-01T17:52:11.4865712+01:00" endTime="2020-09-01T17:52:11.4868243+01:00" testType="13cdc9d9-ddb5-4fa4-a97d-d965ccfc6d4b" outcome="Passed" testListId="8c84fa94-04c1-424b-9868-57a2d4851a1d" relativeResultsDirectory="e64ea7e9-21b7-493e-b466-90fbc6ad508e" dataRowInfo="2" resultType="DataDrivenDataRow" />
        <UnitTestResult executionId="ee5b6ca4-bfd1-470b-b4b7-2c70683d5043" parentExecutionId="09567d22-3a55-43b4-8712-10522674f348" testId="1c4770cc-11c0-d015-3996-858274852a92" testName="Create_Passing_Valid_Values_Returns_Subdomain (stage_hackerone.com)" computerName="PC-SFERRARI" duration="00:00:00.0000094" startTime="2020-09-01T17:52:11.4865712+01:00" endTime="2020-09-01T17:52:11.4868243+01:00" testType="13cdc9d9-ddb5-4fa4-a97d-d965ccfc6d4b" outcome="Passed" testListId="8c84fa94-04c1-424b-9868-57a2d4851a1d" relativeResultsDirectory="ee5b6ca4-bfd1-470b-b4b7-2c70683d5043" dataRowInfo="3" resultType="DataDrivenDataRow" />
      </InnerResults>
    </UnitTestResult>
    <UnitTestResult executionId="6492e98a-013f-4a99-a6ca-0a83323678aa" testId="bc7bdbdf-4891-bf37-8380-e1e4362476c4" testName="OperatorEqual_Passing_Valid_Distinct_Values_Returns_False" computerName="PC-SFERRARI" duration="00:00:00.0018553" startTime="2020-09-01T17:52:11.1351795+01:00" endTime="2020-09-01T17:52:11.1372176+01:00" testType="13cdc9d9-ddb5-4fa4-a97d-d965ccfc6d4b" outcome="Passed" testListId="8c84fa94-04c1-424b-9868-57a2d4851a1d" relativeResultsDirectory="6492e98a-013f-4a99-a6ca-0a83323678aa" resultType="DataDrivenTest">
      <InnerResults>
        <UnitTestResult executionId="911422c2-f653-42ac-b5c8-19af96851503" parentExecutionId="6492e98a-013f-4a99-a6ca-0a83323678aa" testId="bc7bdbdf-4891-bf37-8380-e1e4362476c4" testName="OperatorEqual_Passing_Valid_Distinct_Values_Returns_False (100,EUR,2)" computerName="PC-SFERRARI" duration="00:00:00.0008162" startTime="2020-09-01T17:52:11.1351795+01:00" endTime="2020-09-01T17:52:11.1372176+01:00" testType="13cdc9d9-ddb5-4fa4-a97d-d965ccfc6d4b" outcome="Passed" testListId="8c84fa94-04c1-424b-9868-57a2d4851a1d" relativeResultsDirectory="911422c2-f653-42ac-b5c8-19af96851503" dataRowInfo="1" resultType="DataDrivenDataRow" />
        <UnitTestResult executionId="c7e1d92d-895e-4ee7-b5db-7435bd1f3181" parentExecutionId="6492e98a-013f-4a99-a6ca-0a83323678aa" testId="bc7bdbdf-4891-bf37-8380-e1e4362476c4" testName="OperatorEqual_Passing_Valid_Distinct_Values_Returns_False (200,EUR,4)" computerName="PC-SFERRARI" duration="00:00:00.0004714" startTime="2020-09-01T17:52:11.1351795+01:00" endTime="2020-09-01T17:52:11.1372176+01:00" testType="13cdc9d9-ddb5-4fa4-a97d-d965ccfc6d4b" outcome="Passed" testListId="8c84fa94-04c1-424b-9868-57a2d4851a1d" relativeResultsDirectory="c7e1d92d-895e-4ee7-b5db-7435bd1f3181" dataRowInfo="2" resultType="DataDrivenDataRow" />
        <UnitTestResult executionId="7bab4cb4-4f28-48dc-b3a3-fb99e365f4b8" parentExecutionId="6492e98a-013f-4a99-a6ca-0a83323678aa" testId="bc7bdbdf-4891-bf37-8380-e1e4362476c4" testName="OperatorEqual_Passing_Valid_Distinct_Values_Returns_False (400,EUR,8)" computerName="PC-SFERRARI" duration="00:00:00.0004623" startTime="2020-09-01T17:52:11.1351795+01:00" endTime="2020-09-01T17:52:11.1372176+01:00" testType="13cdc9d9-ddb5-4fa4-a97d-d965ccfc6d4b" outcome="Passed" testListId="8c84fa94-04c1-424b-9868-57a2d4851a1d" relativeResultsDirectory="7bab4cb4-4f28-48dc-b3a3-fb99e365f4b8" dataRowInfo="3" resultType="DataDrivenDataRow" />
      </InnerResults>
    </UnitTestResult>
    <UnitTestResult executionId="f8f9beb1-9ad7-4b22-987c-ccc73c3837ab" testId="cfc0b506-e5fe-b0db-3d07-04d53340cc58" testName="IsAmex_Passing_Nothing_Returns_True" computerName="PC-SFERRARI" duration="00:00:00.0001727" startTime="2020-09-01T17:52:11.6976681+01:00" endTime="2020-09-01T17:52:11.6979181+01:00" testType="13cdc9d9-ddb5-4fa4-a97d-d965ccfc6d4b" outcome="Passed" testListId="8c84fa94-04c1-424b-9868-57a2d4851a1d" relativeResultsDirectory="f8f9beb1-9ad7-4b22-987c-ccc73c3837ab" />
    <UnitTestResult executionId="0f1d0ed1-6717-4fa6-8f84-8459ec4e1f2c" testId="7d5b42e8-50c6-931f-3951-5d53097abf4e" testName="OperatorNotEqual_Passing_Valid_Values_Returns_True" computerName="PC-SFERRARI" duration="00:00:00.0002527" startTime="2020-09-01T17:52:11.4840658+01:00" endTime="2020-09-01T17:52:11.4844794+01:00" testType="13cdc9d9-ddb5-4fa4-a97d-d965ccfc6d4b" outcome="Passed" testListId="8c84fa94-04c1-424b-9868-57a2d4851a1d" relativeResultsDirectory="0f1d0ed1-6717-4fa6-8f84-8459ec4e1f2c" resultType="DataDrivenTest">
      <InnerResults>
        <UnitTestResult executionId="42d1eb63-3da4-49b1-8f77-5283d4c464f2" parentExecutionId="0f1d0ed1-6717-4fa6-8f84-8459ec4e1f2c" testId="7d5b42e8-50c6-931f-3951-5d53097abf4e" testName="OperatorNotEqual_Passing_Valid_Values_Returns_True (San Bartoleme De Tirajana)" computerName="PC-SFERRARI" duration="00:00:00.0001871" startTime="2020-09-01T17:52:11.4840658+01:00" endTime="2020-09-01T17:52:11.4844794+01:00" testType="13cdc9d9-ddb5-4fa4-a97d-d965ccfc6d4b" outcome="Passed" testListId="8c84fa94-04c1-424b-9868-57a2d4851a1d" relativeResultsDirectory="42d1eb63-3da4-49b1-8f77-5283d4c464f2" dataRowInfo="1" resultType="DataDrivenDataRow" />
        <UnitTestResult executionId="2686aa6b-928f-49c0-b3f3-bf760f6ea8de" parentExecutionId="0f1d0ed1-6717-4fa6-8f84-8459ec4e1f2c" testId="7d5b42e8-50c6-931f-3951-5d53097abf4e" testName="OperatorNotEqual_Passing_Valid_Values_Returns_True (Sabadell)" computerName="PC-SFERRARI" duration="00:00:00.0000072" startTime="2020-09-01T17:52:11.4840658+01:00" endTime="2020-09-01T17:52:11.4844794+01:00" testType="13cdc9d9-ddb5-4fa4-a97d-d965ccfc6d4b" outcome="Passed" testListId="8c84fa94-04c1-424b-9868-57a2d4851a1d" relativeResultsDirectory="2686aa6b-928f-49c0-b3f3-bf760f6ea8de" dataRowInfo="2" resultType="DataDrivenDataRow" />
      </InnerResults>
    </UnitTestResult>
    <UnitTestResult executionId="abb33d6d-e4a9-4bd6-9618-3767a1997ab5" testId="5d5bf084-272e-970d-5ff6-6e8097ceab4a" testName="Change_Passing_Valid_Values_Returns_Address" computerName="PC-SFERRARI" duration="00:00:00.0017919" startTime="2020-09-01T17:52:11.0772049+01:00" endTime="2020-09-01T17:52:11.0791009+01:00" testType="13cdc9d9-ddb5-4fa4-a97d-d965ccfc6d4b" outcome="Passed" testListId="8c84fa94-04c1-424b-9868-57a2d4851a1d" relativeResultsDirectory="abb33d6d-e4a9-4bd6-9618-3767a1997ab5" resultType="DataDrivenTest">
      <InnerResults>
        <UnitTestResult executionId="5fe509b4-92bc-4771-905b-2a7d71873f51" parentExecutionId="abb33d6d-e4a9-4bd6-9618-3767a1997ab5" testId="5d5bf084-272e-970d-5ff6-6e8097ceab4a" testName="Change_Passing_Valid_Values_Returns_Address (100,EUR,2)" computerName="PC-SFERRARI" duration="00:00:00.0007668" startTime="2020-09-01T17:52:11.0772049+01:00" endTime="2020-09-01T17:52:11.0791009+01:00" testType="13cdc9d9-ddb5-4fa4-a97d-d965ccfc6d4b" outcome="Passed" testListId="8c84fa94-04c1-424b-9868-57a2d4851a1d" relativeResultsDirectory="5fe509b4-92bc-4771-905b-2a7d71873f51" dataRowInfo="1" resultType="DataDrivenDataRow" />
        <UnitTestResult executionId="72476c0a-dfbf-4cad-8a92-1afc73456b6e" parentExecutionId="abb33d6d-e4a9-4bd6-9618-3767a1997ab5" testId="5d5bf084-272e-970d-5ff6-6e8097ceab4a" testName="Change_Passing_Valid_Values_Returns_Address (200,EUR,4)" computerName="PC-SFERRARI" duration="00:00:00.0004688" startTime="2020-09-01T17:52:11.0772049+01:00" endTime="2020-09-01T17:52:11.0791009+01:00" testType="13cdc9d9-ddb5-4fa4-a97d-d965ccfc6d4b" outcome="Passed" testListId="8c84fa94-04c1-424b-9868-57a2d4851a1d" relativeResultsDirectory="72476c0a-dfbf-4cad-8a92-1afc73456b6e" dataRowInfo="2" resultType="DataDrivenDataRow" />
        <UnitTestResult executionId="d59bcd48-b599-4370-a87f-9c71fe4f78c2" parentExecutionId="abb33d6d-e4a9-4bd6-9618-3767a1997ab5" testId="5d5bf084-272e-970d-5ff6-6e8097ceab4a" testName="Change_Passing_Valid_Values_Returns_Address (400,EUR,8)" computerName="PC-SFERRARI" duration="00:00:00.0004640" startTime="2020-09-01T17:52:11.0772049+01:00" endTime="2020-09-01T17:52:11.0791009+01:00" testType="13cdc9d9-ddb5-4fa4-a97d-d965ccfc6d4b" outcome="Passed" testListId="8c84fa94-04c1-424b-9868-57a2d4851a1d" relativeResultsDirectory="d59bcd48-b599-4370-a87f-9c71fe4f78c2" dataRowInfo="3" resultType="DataDrivenDataRow" />
      </InnerResults>
    </UnitTestResult>
    <UnitTestResult executionId="0b4b2326-3773-41cb-a6fd-5e3ff7d7e0bb" testId="b0548663-47b3-8c52-226c-9dcd0a8ec50c" testName="ToEnum_Passing_Valid_IntName_Enumeracion_Returns_Enumeracion" computerName="PC-SFERRARI" duration="00:00:00.0001237" startTime="2020-09-01T17:52:11.7750843+01:00" endTime="2020-09-01T17:52:11.7752799+01:00" testType="13cdc9d9-ddb5-4fa4-a97d-d965ccfc6d4b" outcome="Passed" testListId="8c84fa94-04c1-424b-9868-57a2d4851a1d" relativeResultsDirectory="0b4b2326-3773-41cb-a6fd-5e3ff7d7e0bb" />
    <UnitTestResult executionId="b3d5c794-57ec-4aee-bf3d-23dc86ca39e5" testId="7506a243-a238-2665-b1af-67e45659c805" testName="ToEnum_Passing_Valid_String_Name_Enumeracion_Returns_Enumeracion" computerName="PC-SFERRARI" duration="00:00:00.0006865" startTime="2020-09-01T17:52:11.6982040+01:00" endTime="2020-09-01T17:52:11.6990933+01:00" testType="13cdc9d9-ddb5-4fa4-a97d-d965ccfc6d4b" outcome="Passed" testListId="8c84fa94-04c1-424b-9868-57a2d4851a1d" relativeResultsDirectory="b3d5c794-57ec-4aee-bf3d-23dc86ca39e5" />
    <UnitTestResult executionId="f91e0e69-4c81-4e67-b627-b653b1da943e" testId="62f7691c-736e-bac3-74c9-a2d9d7ac94ae" testName="ToEnum_Passing_Invalid_String_Name_Enumeracion_Returns_Null" computerName="PC-SFERRARI" duration="00:00:00.0001391" startTime="2020-09-01T17:52:11.7201829+01:00" endTime="2020-09-01T17:52:11.7204009+01:00" testType="13cdc9d9-ddb5-4fa4-a97d-d965ccfc6d4b" outcome="Passed" testListId="8c84fa94-04c1-424b-9868-57a2d4851a1d" relativeResultsDirectory="f91e0e69-4c81-4e67-b627-b653b1da943e" />
    <UnitTestResult executionId="1fef3fb2-9caf-4ea1-8845-f51a6ca9a1b4" testId="0c9201c8-8275-74ca-9c91-2d0c4645730b" testName="ToString_Passing_Valid_Values_Returns_StringId" computerName="PC-SFERRARI" duration="00:00:00.0002435" startTime="2020-09-01T17:52:11.4405704+01:00" endTime="2020-09-01T17:52:11.4409761+01:00" testType="13cdc9d9-ddb5-4fa4-a97d-d965ccfc6d4b" outcome="Passed" testListId="8c84fa94-04c1-424b-9868-57a2d4851a1d" relativeResultsDirectory="1fef3fb2-9caf-4ea1-8845-f51a6ca9a1b4" resultType="DataDrivenTest">
      <InnerResults>
        <UnitTestResult executionId="273928e6-f284-46b6-8ddf-e6ecb6fe3cba" parentExecutionId="1fef3fb2-9caf-4ea1-8845-f51a6ca9a1b4" testId="0c9201c8-8275-74ca-9c91-2d0c4645730b" testName="ToString_Passing_Valid_Values_Returns_StringId (San Bartoleme De Tirajana)" computerName="PC-SFERRARI" duration="00:00:00.0001815" startTime="2020-09-01T17:52:11.4405704+01:00" endTime="2020-09-01T17:52:11.4409761+01:00" testType="13cdc9d9-ddb5-4fa4-a97d-d965ccfc6d4b" outcome="Passed" testListId="8c84fa94-04c1-424b-9868-57a2d4851a1d" relativeResultsDirectory="273928e6-f284-46b6-8ddf-e6ecb6fe3cba" dataRowInfo="1" resultType="DataDrivenDataRow" />
        <UnitTestResult executionId="df0c9708-5e18-4528-ae5e-c65760fe9913" parentExecutionId="1fef3fb2-9caf-4ea1-8845-f51a6ca9a1b4" testId="0c9201c8-8275-74ca-9c91-2d0c4645730b" testName="ToString_Passing_Valid_Values_Returns_StringId (Sabadell)" computerName="PC-SFERRARI" duration="00:00:00.0000053" startTime="2020-09-01T17:52:11.4405704+01:00" endTime="2020-09-01T17:52:11.4409761+01:00" testType="13cdc9d9-ddb5-4fa4-a97d-d965ccfc6d4b" outcome="Passed" testListId="8c84fa94-04c1-424b-9868-57a2d4851a1d" relativeResultsDirectory="df0c9708-5e18-4528-ae5e-c65760fe9913" dataRowInfo="2" resultType="DataDrivenDataRow" />
      </InnerResults>
    </UnitTestResult>
    <UnitTestResult executionId="b083cc53-a06b-4767-a4f1-74079dc927a7" testId="0643cd5e-9fb6-9fc5-1c47-3b2be0eeb804" testName="OperatorNotEqual_Passing_Valid_Values_Returns_True" computerName="PC-SFERRARI" duration="00:00:00.0001950" startTime="2020-09-01T17:52:10.9230706+01:00" endTime="2020-09-01T17:52:10.9233331+01:00" testType="13cdc9d9-ddb5-4fa4-a97d-d965ccfc6d4b" outcome="Passed" testListId="8c84fa94-04c1-424b-9868-57a2d4851a1d" relativeResultsDirectory="b083cc53-a06b-4767-a4f1-74079dc927a7" resultType="DataDrivenTest">
      <InnerResults>
        <UnitTestResult executionId="44b44714-e315-41d0-b35f-94d87532a0b9" parentExecutionId="b083cc53-a06b-4767-a4f1-74079dc927a7" testId="0643cd5e-9fb6-9fc5-1c47-3b2be0eeb804" testName="OperatorNotEqual_Passing_Valid_Values_Returns_True (dasdasd@dsasd.ff)" computerName="PC-SFERRARI" duration="00:00:00.0001260" startTime="2020-09-01T17:52:10.9230706+01:00" endTime="2020-09-01T17:52:10.9233331+01:00" testType="13cdc9d9-ddb5-4fa4-a97d-d965ccfc6d4b" outcome="Passed" testListId="8c84fa94-04c1-424b-9868-57a2d4851a1d" relativeResultsDirectory="44b44714-e315-41d0-b35f-94d87532a0b9" dataRowInfo="1" resultType="DataDrivenDataRow" />
        <UnitTestResult executionId="704e1fd2-aa14-4af5-9d1d-876348395dcd" parentExecutionId="b083cc53-a06b-4767-a4f1-74079dc927a7" testId="0643cd5e-9fb6-9fc5-1c47-3b2be0eeb804" testName="OperatorNotEqual_Passing_Valid_Values_Returns_True (34fsds@sdd.fgg)" computerName="PC-SFERRARI" duration="00:00:00.0000264" startTime="2020-09-01T17:52:10.9230706+01:00" endTime="2020-09-01T17:52:10.9233331+01:00" testType="13cdc9d9-ddb5-4fa4-a97d-d965ccfc6d4b" outcome="Passed" testListId="8c84fa94-04c1-424b-9868-57a2d4851a1d" relativeResultsDirectory="704e1fd2-aa14-4af5-9d1d-876348395dcd" dataRowInfo="2" resultType="DataDrivenDataRow" />
      </InnerResults>
    </UnitTestResult>
    <UnitTestResult executionId="7e1e05b8-cacf-42f8-a311-8afafaeb6342" testId="66126db5-a312-c629-a169-f37254601183" testName="OperatorNotEqual_Passing_Valid_Values_Returns_False" computerName="PC-SFERRARI" duration="00:00:00.0001627" startTime="2020-09-01T17:52:11.6488388+01:00" endTime="2020-09-01T17:52:11.6490689+01:00" testType="13cdc9d9-ddb5-4fa4-a97d-d965ccfc6d4b" outcome="Passed" testListId="8c84fa94-04c1-424b-9868-57a2d4851a1d" relativeResultsDirectory="7e1e05b8-cacf-42f8-a311-8afafaeb6342" resultType="DataDrivenTest">
      <InnerResults>
        <UnitTestResult executionId="d9cf7fd5-74d7-41e7-8a9d-5d16445bbf40" parentExecutionId="7e1e05b8-cacf-42f8-a311-8afafaeb6342" testId="66126db5-a312-c629-a169-f37254601183" testName="OperatorNotEqual_Passing_Valid_Values_Returns_False (456,43543543543)" computerName="PC-SFERRARI" duration="00:00:00.0001010" startTime="2020-09-01T17:52:11.6488388+01:00" endTime="2020-09-01T17:52:11.6490689+01:00" testType="13cdc9d9-ddb5-4fa4-a97d-d965ccfc6d4b" outcome="Passed" testListId="8c84fa94-04c1-424b-9868-57a2d4851a1d" relativeResultsDirectory="d9cf7fd5-74d7-41e7-8a9d-5d16445bbf40" dataRowInfo="1" resultType="DataDrivenDataRow" />
        <UnitTestResult executionId="824bdf98-7fe0-4a95-b6f5-b11113a18c61" parentExecutionId="7e1e05b8-cacf-42f8-a311-8afafaeb6342" testId="66126db5-a312-c629-a169-f37254601183" testName="OperatorNotEqual_Passing_Valid_Values_Returns_False (D45,86554654)" computerName="PC-SFERRARI" duration="00:00:00.0000158" startTime="2020-09-01T17:52:11.6488388+01:00" endTime="2020-09-01T17:52:11.6490689+01:00" testType="13cdc9d9-ddb5-4fa4-a97d-d965ccfc6d4b" outcome="Passed" testListId="8c84fa94-04c1-424b-9868-57a2d4851a1d" relativeResultsDirectory="824bdf98-7fe0-4a95-b6f5-b11113a18c61" dataRowInfo="2" resultType="DataDrivenDataRow" />
      </InnerResults>
    </UnitTestResult>
    <UnitTestResult executionId="604da5d2-98fb-4dc5-a0bc-8d4a78268957" testId="9c04e34f-7224-62e2-c837-288675a1ae2d" testName="OperatorEqual_Passing_Valid_Values_Returns_True" computerName="PC-SFERRARI" duration="00:00:00.0002470" startTime="2020-09-01T17:52:11.4617270+01:00" endTime="2020-09-01T17:52:11.4621172+01:00" testType="13cdc9d9-ddb5-4fa4-a97d-d965ccfc6d4b" outcome="Passed" testListId="8c84fa94-04c1-424b-9868-57a2d4851a1d" relativeResultsDirectory="604da5d2-98fb-4dc5-a0bc-8d4a78268957" resultType="DataDrivenTest">
      <InnerResults>
        <UnitTestResult executionId="f9e896a4-7096-4c75-b9e6-867425c9b373" parentExecutionId="604da5d2-98fb-4dc5-a0bc-8d4a78268957" testId="9c04e34f-7224-62e2-c837-288675a1ae2d" testName="OperatorEqual_Passing_Valid_Values_Returns_True (San Bartoleme De Tirajana)" computerName="PC-SFERRARI" duration="00:00:00.0001833" startTime="2020-09-01T17:52:11.4617270+01:00" endTime="2020-09-01T17:52:11.4621172+01:00" testType="13cdc9d9-ddb5-4fa4-a97d-d965ccfc6d4b" outcome="Passed" testListId="8c84fa94-04c1-424b-9868-57a2d4851a1d" relativeResultsDirectory="f9e896a4-7096-4c75-b9e6-867425c9b373" dataRowInfo="1" resultType="DataDrivenDataRow" />
        <UnitTestResult executionId="2605aa13-6bc7-4359-ad68-578185b0852e" parentExecutionId="604da5d2-98fb-4dc5-a0bc-8d4a78268957" testId="9c04e34f-7224-62e2-c837-288675a1ae2d" testName="OperatorEqual_Passing_Valid_Values_Returns_True (Sabadell)" computerName="PC-SFERRARI" duration="00:00:00.0000060" startTime="2020-09-01T17:52:11.4617270+01:00" endTime="2020-09-01T17:52:11.4621172+01:00" testType="13cdc9d9-ddb5-4fa4-a97d-d965ccfc6d4b" outcome="Passed" testListId="8c84fa94-04c1-424b-9868-57a2d4851a1d" relativeResultsDirectory="2605aa13-6bc7-4359-ad68-578185b0852e" dataRowInfo="2" resultType="DataDrivenDataRow" />
      </InnerResults>
    </UnitTestResult>
    <UnitTestResult executionId="372c34b0-d66a-4381-a904-be70f223d3c1" testId="d4dac023-52df-82e8-5be4-d4d0b7642e67" testName="Equals_Passing_Valid_Values_Returns_True" computerName="PC-SFERRARI" duration="00:00:00.0013748" startTime="2020-09-01T17:52:10.6445942+01:00" endTime="2020-09-01T17:52:10.6460549+01:00" testType="13cdc9d9-ddb5-4fa4-a97d-d965ccfc6d4b" outcome="Passed" testListId="8c84fa94-04c1-424b-9868-57a2d4851a1d" relativeResultsDirectory="372c34b0-d66a-4381-a904-be70f223d3c1" resultType="DataDrivenTest">
      <InnerResults>
        <UnitTestResult executionId="163417a5-c57e-4c80-8316-51945a577b23" parentExecutionId="372c34b0-d66a-4381-a904-be70f223d3c1" testId="d4dac023-52df-82e8-5be4-d4d0b7642e67" testName="Equals_Passing_Valid_Values_Returns_True (Tenerife,23,34567,San Bartoleme De Tirajana,Las Palmas,España)" computerName="PC-SFERRARI" duration="00:00:00.0012797" startTime="2020-09-01T17:52:10.6445942+01:00" endTime="2020-09-01T17:52:10.6460549+01:00" testType="13cdc9d9-ddb5-4fa4-a97d-d965ccfc6d4b" outcome="Passed" testListId="8c84fa94-04c1-424b-9868-57a2d4851a1d" relativeResultsDirectory="163417a5-c57e-4c80-8316-51945a577b23" dataRowInfo="1" resultType="DataDrivenDataRow" />
        <UnitTestResult executionId="8956b075-55f5-4b79-9cc8-d4394bc77703" parentExecutionId="372c34b0-d66a-4381-a904-be70f223d3c1" testId="d4dac023-52df-82e8-5be4-d4d0b7642e67" testName="Equals_Passing_Valid_Values_Returns_True (Pader,789,DF7956,Sabadell,Barcelona,España)" computerName="PC-SFERRARI" duration="00:00:00.0000285" startTime="2020-09-01T17:52:10.6445942+01:00" endTime="2020-09-01T17:52:10.6460549+01:00" testType="13cdc9d9-ddb5-4fa4-a97d-d965ccfc6d4b" outcome="Passed" testListId="8c84fa94-04c1-424b-9868-57a2d4851a1d" relativeResultsDirectory="8956b075-55f5-4b79-9cc8-d4394bc77703" dataRowInfo="2" resultType="DataDrivenDataRow" />
      </InnerResults>
    </UnitTestResult>
    <UnitTestResult executionId="247cf8dc-5a00-4213-8b22-aa7c46bb7436" testId="e85f4f46-0516-dc12-c91d-ac710b48a15b" testName="Equals_Passing_Valid_Values_Returns_True" computerName="PC-SFERRARI" duration="00:00:00.0010522" startTime="2020-09-01T17:52:11.2502942+01:00" endTime="2020-09-01T17:52:11.2515302+01:00" testType="13cdc9d9-ddb5-4fa4-a97d-d965ccfc6d4b" outcome="Passed" testListId="8c84fa94-04c1-424b-9868-57a2d4851a1d" relativeResultsDirectory="247cf8dc-5a00-4213-8b22-aa7c46bb7436" resultType="DataDrivenTest">
      <InnerResults>
        <UnitTestResult executionId="d06ff1c6-cee0-45dd-ab2e-10ca4cf26a01" parentExecutionId="247cf8dc-5a00-4213-8b22-aa7c46bb7436" testId="e85f4f46-0516-dc12-c91d-ac710b48a15b" testName="Equals_Passing_Valid_Values_Returns_True (España)" computerName="PC-SFERRARI" duration="00:00:00.0008185" startTime="2020-09-01T17:52:11.2502942+01:00" endTime="2020-09-01T17:52:11.2515302+01:00" testType="13cdc9d9-ddb5-4fa4-a97d-d965ccfc6d4b" outcome="Passed" testListId="8c84fa94-04c1-424b-9868-57a2d4851a1d" relativeResultsDirectory="d06ff1c6-cee0-45dd-ab2e-10ca4cf26a01" dataRowInfo="1" resultType="DataDrivenDataRow" />
        <UnitTestResult executionId="be3012b7-e8d3-4b8e-afb7-50f7beea74ee" parentExecutionId="247cf8dc-5a00-4213-8b22-aa7c46bb7436" testId="e85f4f46-0516-dc12-c91d-ac710b48a15b" testName="Equals_Passing_Valid_Values_Returns_True (Españá)" computerName="PC-SFERRARI" duration="00:00:00.0000220" startTime="2020-09-01T17:52:11.2502942+01:00" endTime="2020-09-01T17:52:11.2515302+01:00" testType="13cdc9d9-ddb5-4fa4-a97d-d965ccfc6d4b" outcome="Passed" testListId="8c84fa94-04c1-424b-9868-57a2d4851a1d" relativeResultsDirectory="be3012b7-e8d3-4b8e-afb7-50f7beea74ee" dataRowInfo="2" resultType="DataDrivenDataRow" />
        <UnitTestResult executionId="bfa7cd76-130e-4c5f-a94e-0c2c09a9466e" parentExecutionId="247cf8dc-5a00-4213-8b22-aa7c46bb7436" testId="e85f4f46-0516-dc12-c91d-ac710b48a15b" testName="Equals_Passing_Valid_Values_Returns_True (Españà)" computerName="PC-SFERRARI" duration="00:00:00.0000132" startTime="2020-09-01T17:52:11.2502942+01:00" endTime="2020-09-01T17:52:11.2515302+01:00" testType="13cdc9d9-ddb5-4fa4-a97d-d965ccfc6d4b" outcome="Passed" testListId="8c84fa94-04c1-424b-9868-57a2d4851a1d" relativeResultsDirectory="bfa7cd76-130e-4c5f-a94e-0c2c09a9466e" dataRowInfo="3" resultType="DataDrivenDataRow" />
        <UnitTestResult executionId="1888749e-b929-45d2-b9bb-8b64baa0471a" parentExecutionId="247cf8dc-5a00-4213-8b22-aa7c46bb7436" testId="e85f4f46-0516-dc12-c91d-ac710b48a15b" testName="Equals_Passing_Valid_Values_Returns_True (Españä)" computerName="PC-SFERRARI" duration="00:00:00.0000127" startTime="2020-09-01T17:52:11.2502942+01:00" endTime="2020-09-01T17:52:11.2515302+01:00" testType="13cdc9d9-ddb5-4fa4-a97d-d965ccfc6d4b" outcome="Passed" testListId="8c84fa94-04c1-424b-9868-57a2d4851a1d" relativeResultsDirectory="1888749e-b929-45d2-b9bb-8b64baa0471a" dataRowInfo="4" resultType="DataDrivenDataRow" />
        <UnitTestResult executionId="29b541fe-9fb1-4e40-9389-7dc55e82d690" parentExecutionId="247cf8dc-5a00-4213-8b22-aa7c46bb7436" testId="e85f4f46-0516-dc12-c91d-ac710b48a15b" testName="Equals_Passing_Valid_Values_Returns_True (Españâ)" computerName="PC-SFERRARI" duration="00:00:00.0000131" startTime="2020-09-01T17:52:11.2502942+01:00" endTime="2020-09-01T17:52:11.2515302+01:00" testType="13cdc9d9-ddb5-4fa4-a97d-d965ccfc6d4b" outcome="Passed" testListId="8c84fa94-04c1-424b-9868-57a2d4851a1d" relativeResultsDirectory="29b541fe-9fb1-4e40-9389-7dc55e82d690" dataRowInfo="5" resultType="DataDrivenDataRow" />
        <UnitTestResult executionId="f950836a-c7ff-475f-9c0e-444c278cbfc7" parentExecutionId="247cf8dc-5a00-4213-8b22-aa7c46bb7436" testId="e85f4f46-0516-dc12-c91d-ac710b48a15b" testName="Equals_Passing_Valid_Values_Returns_True (Españã)" computerName="PC-SFERRARI" duration="00:00:00.0000125" startTime="2020-09-01T17:52:11.2502942+01:00" endTime="2020-09-01T17:52:11.2515302+01:00" testType="13cdc9d9-ddb5-4fa4-a97d-d965ccfc6d4b" outcome="Passed" testListId="8c84fa94-04c1-424b-9868-57a2d4851a1d" relativeResultsDirectory="f950836a-c7ff-475f-9c0e-444c278cbfc7" dataRowInfo="6" resultType="DataDrivenDataRow" />
        <UnitTestResult executionId="b20a6a6a-ddce-4dda-8f38-aabaedf84dc8" parentExecutionId="247cf8dc-5a00-4213-8b22-aa7c46bb7436" testId="e85f4f46-0516-dc12-c91d-ac710b48a15b" testName="Equals_Passing_Valid_Values_Returns_True (Españç)" computerName="PC-SFERRARI" duration="00:00:00.0000124" startTime="2020-09-01T17:52:11.2502942+01:00" endTime="2020-09-01T17:52:11.2515302+01:00" testType="13cdc9d9-ddb5-4fa4-a97d-d965ccfc6d4b" outcome="Passed" testListId="8c84fa94-04c1-424b-9868-57a2d4851a1d" relativeResultsDirectory="b20a6a6a-ddce-4dda-8f38-aabaedf84dc8" dataRowInfo="7" resultType="DataDrivenDataRow" />
        <UnitTestResult executionId="19c31225-59f0-4c13-a2fb-0d9aebc79e99" parentExecutionId="247cf8dc-5a00-4213-8b22-aa7c46bb7436" testId="e85f4f46-0516-dc12-c91d-ac710b48a15b" testName="Equals_Passing_Valid_Values_Returns_True (Españħ)" computerName="PC-SFERRARI" duration="00:00:00.0000131" startTime="2020-09-01T17:52:11.2502942+01:00" endTime="2020-09-01T17:52:11.2515302+01:00" testType="13cdc9d9-ddb5-4fa4-a97d-d965ccfc6d4b" outcome="Passed" testListId="8c84fa94-04c1-424b-9868-57a2d4851a1d" relativeResultsDirectory="19c31225-59f0-4c13-a2fb-0d9aebc79e99" dataRowInfo="8" resultType="DataDrivenDataRow" />
        <UnitTestResult executionId="f1d94cea-8b8d-4801-b69b-b14a236fc409" parentExecutionId="247cf8dc-5a00-4213-8b22-aa7c46bb7436" testId="e85f4f46-0516-dc12-c91d-ac710b48a15b" testName="Equals_Passing_Valid_Values_Returns_True (Esp añâ)" computerName="PC-SFERRARI" duration="00:00:00.0000126" startTime="2020-09-01T17:52:11.2502942+01:00" endTime="2020-09-01T17:52:11.2515302+01:00" testType="13cdc9d9-ddb5-4fa4-a97d-d965ccfc6d4b" outcome="Passed" testListId="8c84fa94-04c1-424b-9868-57a2d4851a1d" relativeResultsDirectory="f1d94cea-8b8d-4801-b69b-b14a236fc409" dataRowInfo="9" resultType="DataDrivenDataRow" />
      </InnerResults>
    </UnitTestResult>
    <UnitTestResult executionId="4a1a78e8-c433-4993-aa36-58ccf8abe91a" testId="84e5d156-9c5d-e299-dfaf-587322c60012" testName="Equals_Passing_Valid_Values_Returns_True" computerName="PC-SFERRARI" duration="00:00:00.0007691" startTime="2020-09-01T17:52:11.4410079+01:00" endTime="2020-09-01T17:52:11.4418487+01:00" testType="13cdc9d9-ddb5-4fa4-a97d-d965ccfc6d4b" outcome="Passed" testListId="8c84fa94-04c1-424b-9868-57a2d4851a1d" relativeResultsDirectory="4a1a78e8-c433-4993-aa36-58ccf8abe91a" resultType="DataDrivenTest">
      <InnerResults>
        <UnitTestResult executionId="76322c17-72c1-4d72-96a6-e29340a5a283" parentExecutionId="4a1a78e8-c433-4993-aa36-58ccf8abe91a" testId="84e5d156-9c5d-e299-dfaf-587322c60012" testName="Equals_Passing_Valid_Values_Returns_True (San Bartoleme De Tirajana)" computerName="PC-SFERRARI" duration="00:00:00.0007147" startTime="2020-09-01T17:52:11.4410079+01:00" endTime="2020-09-01T17:52:11.4418487+01:00" testType="13cdc9d9-ddb5-4fa4-a97d-d965ccfc6d4b" outcome="Passed" testListId="8c84fa94-04c1-424b-9868-57a2d4851a1d" relativeResultsDirectory="76322c17-72c1-4d72-96a6-e29340a5a283" dataRowInfo="1" resultType="DataDrivenDataRow" />
        <UnitTestResult executionId="df4384e9-a878-450c-a0a6-a59c5a361ecc" parentExecutionId="4a1a78e8-c433-4993-aa36-58ccf8abe91a" testId="84e5d156-9c5d-e299-dfaf-587322c60012" testName="Equals_Passing_Valid_Values_Returns_True (Sabadell)" computerName="PC-SFERRARI" duration="00:00:00.0000089" startTime="2020-09-01T17:52:11.4410079+01:00" endTime="2020-09-01T17:52:11.4418487+01:00" testType="13cdc9d9-ddb5-4fa4-a97d-d965ccfc6d4b" outcome="Passed" testListId="8c84fa94-04c1-424b-9868-57a2d4851a1d" relativeResultsDirectory="df4384e9-a878-450c-a0a6-a59c5a361ecc" dataRowInfo="2" resultType="DataDrivenDataRow" />
      </InnerResults>
    </UnitTestResult>
    <UnitTestResult executionId="3bbc68c6-6a1a-409f-93c7-e578e5e7ad6b" testId="486d5231-aeb6-594f-38d5-98ce591994a3" testName="Equals_Passing_Valid_Distinct_Values_Returns_False" computerName="PC-SFERRARI" duration="00:00:00.0001773" startTime="2020-09-01T17:52:11.6311567+01:00" endTime="2020-09-01T17:52:11.6314115+01:00" testType="13cdc9d9-ddb5-4fa4-a97d-d965ccfc6d4b" outcome="Passed" testListId="8c84fa94-04c1-424b-9868-57a2d4851a1d" relativeResultsDirectory="3bbc68c6-6a1a-409f-93c7-e578e5e7ad6b" resultType="DataDrivenTest">
      <InnerResults>
        <UnitTestResult executionId="27e1e52d-2daa-4b46-9b09-d26e7eca2881" parentExecutionId="3bbc68c6-6a1a-409f-93c7-e578e5e7ad6b" testId="486d5231-aeb6-594f-38d5-98ce591994a3" testName="Equals_Passing_Valid_Distinct_Values_Returns_False (456,43543543543)" computerName="PC-SFERRARI" duration="00:00:00.0001180" startTime="2020-09-01T17:52:11.6311567+01:00" endTime="2020-09-01T17:52:11.6314115+01:00" testType="13cdc9d9-ddb5-4fa4-a97d-d965ccfc6d4b" outcome="Passed" testListId="8c84fa94-04c1-424b-9868-57a2d4851a1d" relativeResultsDirectory="27e1e52d-2daa-4b46-9b09-d26e7eca2881" dataRowInfo="1" resultType="DataDrivenDataRow" />
        <UnitTestResult executionId="980fff82-c429-4bd0-b6f8-b32bdbff36a2" parentExecutionId="3bbc68c6-6a1a-409f-93c7-e578e5e7ad6b" testId="486d5231-aeb6-594f-38d5-98ce591994a3" testName="Equals_Passing_Valid_Distinct_Values_Returns_False (D45,86554654)" computerName="PC-SFERRARI" duration="00:00:00.0000105" startTime="2020-09-01T17:52:11.6311567+01:00" endTime="2020-09-01T17:52:11.6314115+01:00" testType="13cdc9d9-ddb5-4fa4-a97d-d965ccfc6d4b" outcome="Passed" testListId="8c84fa94-04c1-424b-9868-57a2d4851a1d" relativeResultsDirectory="980fff82-c429-4bd0-b6f8-b32bdbff36a2" dataRowInfo="2" resultType="DataDrivenDataRow" />
      </InnerResults>
    </UnitTestResult>
    <UnitTestResult executionId="f2319e84-0683-454d-9a6b-8af0796932bd" testId="0d76b1f8-41be-79d6-55e9-d959e165e570" testName="ToEnum_Passing_Valid_IntName_Enumeracion_Returns_Enumeracion" computerName="PC-SFERRARI" duration="00:00:00.0001238" startTime="2020-09-01T17:52:11.7204219+01:00" endTime="2020-09-01T17:52:11.7206189+01:00" testType="13cdc9d9-ddb5-4fa4-a97d-d965ccfc6d4b" outcome="Passed" testListId="8c84fa94-04c1-424b-9868-57a2d4851a1d" relativeResultsDirectory="f2319e84-0683-454d-9a6b-8af0796932bd" />
    <UnitTestResult executionId="80b56d99-4f5b-4f2c-9f69-131ea02b7a85" testId="9b344652-cdde-ed73-1807-0f497ee20572" testName="Equals_Passing_Valid_Values_Returns_True" computerName="PC-SFERRARI" duration="00:00:00.0009399" startTime="2020-09-01T17:52:10.9023049+01:00" endTime="2020-09-01T17:52:10.9034014+01:00" testType="13cdc9d9-ddb5-4fa4-a97d-d965ccfc6d4b" outcome="Passed" testListId="8c84fa94-04c1-424b-9868-57a2d4851a1d" relativeResultsDirectory="80b56d99-4f5b-4f2c-9f69-131ea02b7a85" resultType="DataDrivenTest">
      <InnerResults>
        <UnitTestResult executionId="f5ab1f7e-55e2-40d4-9423-9cdec7f93b19" parentExecutionId="80b56d99-4f5b-4f2c-9f69-131ea02b7a85" testId="9b344652-cdde-ed73-1807-0f497ee20572" testName="Equals_Passing_Valid_Values_Returns_True (dasdasd@dsasd.ff)" computerName="PC-SFERRARI" duration="00:00:00.0008407" startTime="2020-09-01T17:52:10.9023049+01:00" endTime="2020-09-01T17:52:10.9034014+01:00" testType="13cdc9d9-ddb5-4fa4-a97d-d965ccfc6d4b" outcome="Passed" testListId="8c84fa94-04c1-424b-9868-57a2d4851a1d" relativeResultsDirectory="f5ab1f7e-55e2-40d4-9423-9cdec7f93b19" dataRowInfo="1" resultType="DataDrivenDataRow" />
        <UnitTestResult executionId="6f21c5f6-4fef-48ff-bd37-774b98156a3f" parentExecutionId="80b56d99-4f5b-4f2c-9f69-131ea02b7a85" testId="9b344652-cdde-ed73-1807-0f497ee20572" testName="Equals_Passing_Valid_Values_Returns_True (34fsds@sdd.fgg)" computerName="PC-SFERRARI" duration="00:00:00.0000374" startTime="2020-09-01T17:52:10.9023049+01:00" endTime="2020-09-01T17:52:10.9034014+01:00" testType="13cdc9d9-ddb5-4fa4-a97d-d965ccfc6d4b" outcome="Passed" testListId="8c84fa94-04c1-424b-9868-57a2d4851a1d" relativeResultsDirectory="6f21c5f6-4fef-48ff-bd37-774b98156a3f" dataRowInfo="2" resultType="DataDrivenDataRow" />
      </InnerResults>
    </UnitTestResult>
    <UnitTestResult executionId="3bcdf849-5393-4ce0-8d42-b6ed308bcf10" testId="669b24c5-9674-2256-f1f0-ef2ca145c4b1" testName="IsGold_Passing_Nothing_Returns_True" computerName="PC-SFERRARI" duration="00:00:00.0001607" startTime="2020-09-01T17:52:11.7763327+01:00" endTime="2020-09-01T17:52:11.7765645+01:00" testType="13cdc9d9-ddb5-4fa4-a97d-d965ccfc6d4b" outcome="Passed" testListId="8c84fa94-04c1-424b-9868-57a2d4851a1d" relativeResultsDirectory="3bcdf849-5393-4ce0-8d42-b6ed308bcf10" />
    <UnitTestResult executionId="6c0805cf-4300-4078-8563-6521f225ee23" testId="c1c7a090-62ae-a90f-5c47-62eab692b098" testName="Equals_Passing_Valid_Values_Returns_True" computerName="PC-SFERRARI" duration="00:00:00.0008236" startTime="2020-09-01T17:52:11.6302274+01:00" endTime="2020-09-01T17:52:11.6311278+01:00" testType="13cdc9d9-ddb5-4fa4-a97d-d965ccfc6d4b" outcome="Passed" testListId="8c84fa94-04c1-424b-9868-57a2d4851a1d" relativeResultsDirectory="6c0805cf-4300-4078-8563-6521f225ee23" resultType="DataDrivenTest">
      <InnerResults>
        <UnitTestResult executionId="6bbae3b7-c795-4901-a22a-e4b711bb02d1" parentExecutionId="6c0805cf-4300-4078-8563-6521f225ee23" testId="c1c7a090-62ae-a90f-5c47-62eab692b098" testName="Equals_Passing_Valid_Values_Returns_True (456,43543543543)" computerName="PC-SFERRARI" duration="00:00:00.0007509" startTime="2020-09-01T17:52:11.6302274+01:00" endTime="2020-09-01T17:52:11.6311278+01:00" testType="13cdc9d9-ddb5-4fa4-a97d-d965ccfc6d4b" outcome="Passed" testListId="8c84fa94-04c1-424b-9868-57a2d4851a1d" relativeResultsDirectory="6bbae3b7-c795-4901-a22a-e4b711bb02d1" dataRowInfo="1" resultType="DataDrivenDataRow" />
        <UnitTestResult executionId="b2291f58-7e9f-4c4a-82cf-7743b6e15e88" parentExecutionId="6c0805cf-4300-4078-8563-6521f225ee23" testId="c1c7a090-62ae-a90f-5c47-62eab692b098" testName="Equals_Passing_Valid_Values_Returns_True (D45,86554654)" computerName="PC-SFERRARI" duration="00:00:00.0000151" startTime="2020-09-01T17:52:11.6302274+01:00" endTime="2020-09-01T17:52:11.6311278+01:00" testType="13cdc9d9-ddb5-4fa4-a97d-d965ccfc6d4b" outcome="Passed" testListId="8c84fa94-04c1-424b-9868-57a2d4851a1d" relativeResultsDirectory="b2291f58-7e9f-4c4a-82cf-7743b6e15e88" dataRowInfo="2" resultType="DataDrivenDataRow" />
      </InnerResults>
    </UnitTestResult>
    <UnitTestResult executionId="e32296fe-cf50-408b-a726-b2e8ca92b553" testId="27a0e577-20d6-fabc-02be-7af6a06cb12f" testName="ToEnum_Passing_Valid_IntName_Enumeracion_Returns_Enumeracion" computerName="PC-SFERRARI" duration="00:00:00.0001251" startTime="2020-09-01T17:52:11.6995596+01:00" endTime="2020-09-01T17:52:11.6997540+01:00" testType="13cdc9d9-ddb5-4fa4-a97d-d965ccfc6d4b" outcome="Passed" testListId="8c84fa94-04c1-424b-9868-57a2d4851a1d" relativeResultsDirectory="e32296fe-cf50-408b-a726-b2e8ca92b553" />
    <UnitTestResult executionId="d6b1349d-d382-4134-932b-4681edf01661" testId="fc18fde3-4319-cd9b-8e17-5d2514db3cb2" testName="OperatorEqual_Passing_Valid_Distinct_Values_Returns_False" computerName="PC-SFERRARI" duration="00:00:00.0013775" startTime="2020-09-01T17:52:10.7814325+01:00" endTime="2020-09-01T17:52:10.7829837+01:00" testType="13cdc9d9-ddb5-4fa4-a97d-d965ccfc6d4b" outcome="Passed" testListId="8c84fa94-04c1-424b-9868-57a2d4851a1d" relativeResultsDirectory="d6b1349d-d382-4134-932b-4681edf01661" resultType="DataDrivenTest">
      <InnerResults>
        <UnitTestResult executionId="302eceaa-e664-478d-ad82-b4ee553520d7" parentExecutionId="d6b1349d-d382-4134-932b-4681edf01661" testId="fc18fde3-4319-cd9b-8e17-5d2514db3cb2" testName="OperatorEqual_Passing_Valid_Distinct_Values_Returns_False (EUR)" computerName="PC-SFERRARI" duration="00:00:00.0013221" startTime="2020-09-01T17:52:10.7814325+01:00" endTime="2020-09-01T17:52:10.7829837+01:00" testType="13cdc9d9-ddb5-4fa4-a97d-d965ccfc6d4b" outcome="Passed" testListId="8c84fa94-04c1-424b-9868-57a2d4851a1d" relativeResultsDirectory="302eceaa-e664-478d-ad82-b4ee553520d7" dataRowInfo="1" resultType="DataDrivenDataRow" />
      </InnerResults>
    </UnitTestResult>
    <UnitTestResult executionId="957d8ebe-5917-4a34-bb5e-601b37a53f00" testId="6c6b647e-dbec-34b2-9a32-6c876af9b8dc" testName="OperatorEqual_Passing_Valid_Distinct_Values_Returns_False" computerName="PC-SFERRARI" duration="00:00:00.0003084" startTime="2020-09-01T17:52:10.9222565+01:00" endTime="2020-09-01T17:52:10.9227219+01:00" testType="13cdc9d9-ddb5-4fa4-a97d-d965ccfc6d4b" outcome="Passed" testListId="8c84fa94-04c1-424b-9868-57a2d4851a1d" relativeResultsDirectory="957d8ebe-5917-4a34-bb5e-601b37a53f00" resultType="DataDrivenTest">
      <InnerResults>
        <UnitTestResult executionId="174ee1c9-2e0a-4783-aa77-c53d4ada7cd8" parentExecutionId="957d8ebe-5917-4a34-bb5e-601b37a53f00" testId="6c6b647e-dbec-34b2-9a32-6c876af9b8dc" testName="OperatorEqual_Passing_Valid_Distinct_Values_Returns_False (dasdasd@dsasd.ff)" computerName="PC-SFERRARI" duration="00:00:00.0002190" startTime="2020-09-01T17:52:10.9222565+01:00" endTime="2020-09-01T17:52:10.9227219+01:00" testType="13cdc9d9-ddb5-4fa4-a97d-d965ccfc6d4b" outcome="Passed" testListId="8c84fa94-04c1-424b-9868-57a2d4851a1d" relativeResultsDirectory="174ee1c9-2e0a-4783-aa77-c53d4ada7cd8" dataRowInfo="1" resultType="DataDrivenDataRow" />
        <UnitTestResult executionId="230581aa-a3b7-461b-be04-047a4ff93984" parentExecutionId="957d8ebe-5917-4a34-bb5e-601b37a53f00" testId="6c6b647e-dbec-34b2-9a32-6c876af9b8dc" testName="OperatorEqual_Passing_Valid_Distinct_Values_Returns_False (34fsds@sdd.fgg)" computerName="PC-SFERRARI" duration="00:00:00.0000307" startTime="2020-09-01T17:52:10.9222565+01:00" endTime="2020-09-01T17:52:10.9227219+01:00" testType="13cdc9d9-ddb5-4fa4-a97d-d965ccfc6d4b" outcome="Passed" testListId="8c84fa94-04c1-424b-9868-57a2d4851a1d" relativeResultsDirectory="230581aa-a3b7-461b-be04-047a4ff93984" dataRowInfo="2" resultType="DataDrivenDataRow" />
      </InnerResults>
    </UnitTestResult>
    <UnitTestResult executionId="a1707617-def8-4eec-8683-ffb494371305" testId="398af0c0-2099-6a75-20f6-c6ae3a70956a" testName="OperatorNotEqual_Passing_Valid_Values_Returns_True" computerName="PC-SFERRARI" duration="00:00:00.0008135" startTime="2020-09-01T17:52:10.7843807+01:00" endTime="2020-09-01T17:52:10.7852867+01:00" testType="13cdc9d9-ddb5-4fa4-a97d-d965ccfc6d4b" outcome="Passed" testListId="8c84fa94-04c1-424b-9868-57a2d4851a1d" relativeResultsDirectory="a1707617-def8-4eec-8683-ffb494371305" resultType="DataDrivenTest">
      <InnerResults>
        <UnitTestResult executionId="5a2c5978-96c0-4b19-92e3-d9b21f7ba9ee" parentExecutionId="a1707617-def8-4eec-8683-ffb494371305" testId="398af0c0-2099-6a75-20f6-c6ae3a70956a" testName="OperatorNotEqual_Passing_Valid_Values_Returns_True (EUR)" computerName="PC-SFERRARI" duration="00:00:00.0007737" startTime="2020-09-01T17:52:10.7843807+01:00" endTime="2020-09-01T17:52:10.7852867+01:00" testType="13cdc9d9-ddb5-4fa4-a97d-d965ccfc6d4b" outcome="Passed" testListId="8c84fa94-04c1-424b-9868-57a2d4851a1d" relativeResultsDirectory="5a2c5978-96c0-4b19-92e3-d9b21f7ba9ee" dataRowInfo="1" resultType="DataDrivenDataRow" />
      </InnerResults>
    </UnitTestResult>
    <UnitTestResult executionId="cb0ca9ff-40b0-4e2c-bfbd-521cd55f4f1e" testId="ed57a0e1-ab6e-1fee-9896-d0ba117a6da1" testName="Change_Passing_Valid_Values_Returns_Telephone" computerName="PC-SFERRARI" duration="00:00:00.0001826" startTime="2020-09-01T17:52:11.6055643+01:00" endTime="2020-09-01T17:52:11.6058307+01:00" testType="13cdc9d9-ddb5-4fa4-a97d-d965ccfc6d4b" outcome="Passed" testListId="8c84fa94-04c1-424b-9868-57a2d4851a1d" relativeResultsDirectory="cb0ca9ff-40b0-4e2c-bfbd-521cd55f4f1e" />
    <UnitTestResult executionId="855408ab-b5d8-4a37-99c3-374fc483e554" testId="7fd04506-4241-b8b1-2349-8e867be6fbef" testName="ToEnum_Passing_Invalid_Int_Name_Enumeracion_Returns_Null" computerName="PC-SFERRARI" duration="00:00:00.0001344" startTime="2020-09-01T17:52:11.6736269+01:00" endTime="2020-09-01T17:52:11.6738415+01:00" testType="13cdc9d9-ddb5-4fa4-a97d-d965ccfc6d4b" outcome="Passed" testListId="8c84fa94-04c1-424b-9868-57a2d4851a1d" relativeResultsDirectory="855408ab-b5d8-4a37-99c3-374fc483e554" />
    <UnitTestResult executionId="59bd8ec3-8f3b-4069-bc1d-b6a12d7d3f01" testId="b64d7059-5563-47f2-0770-51679ab67ac3" testName="IsNull_Passing_Null_Value_Returns_True" computerName="PC-SFERRARI" duration="00:00:00.0002125" startTime="2020-09-01T17:52:11.4201203+01:00" endTime="2020-09-01T17:52:11.4204243+01:00" testType="13cdc9d9-ddb5-4fa4-a97d-d965ccfc6d4b" outcome="Passed" testListId="8c84fa94-04c1-424b-9868-57a2d4851a1d" relativeResultsDirectory="59bd8ec3-8f3b-4069-bc1d-b6a12d7d3f01" />
    <UnitTestResult executionId="775ae009-a996-4865-b3c7-b8817da8d461" testId="336a4b3f-0900-f7cb-0d00-611a2347544d" testName="ToString_Passing_Valid_Values_Returns_Address_String_Format" computerName="PC-SFERRARI" duration="00:00:00.0015289" startTime="2020-09-01T17:52:11.0791377+01:00" endTime="2020-09-01T17:52:11.0807703+01:00" testType="13cdc9d9-ddb5-4fa4-a97d-d965ccfc6d4b" outcome="Passed" testListId="8c84fa94-04c1-424b-9868-57a2d4851a1d" relativeResultsDirectory="775ae009-a996-4865-b3c7-b8817da8d461" resultType="DataDrivenTest">
      <InnerResults>
        <UnitTestResult executionId="0ed5ca4d-89c3-4f16-9dc3-e46b244b3f92" parentExecutionId="775ae009-a996-4865-b3c7-b8817da8d461" testId="336a4b3f-0900-f7cb-0d00-611a2347544d" testName="ToString_Passing_Valid_Values_Returns_Address_String_Format (100,EUR,2)" computerName="PC-SFERRARI" duration="00:00:00.0008919" startTime="2020-09-01T17:52:11.0791377+01:00" endTime="2020-09-01T17:52:11.0807703+01:00" testType="13cdc9d9-ddb5-4fa4-a97d-d965ccfc6d4b" outcome="Passed" testListId="8c84fa94-04c1-424b-9868-57a2d4851a1d" relativeResultsDirectory="0ed5ca4d-89c3-4f16-9dc3-e46b244b3f92" dataRowInfo="1" resultType="DataDrivenDataRow" />
        <UnitTestResult executionId="18eb32a7-502c-4378-a8d0-30763e0917f9" parentExecutionId="775ae009-a996-4865-b3c7-b8817da8d461" testId="336a4b3f-0900-f7cb-0d00-611a2347544d" testName="ToString_Passing_Valid_Values_Returns_Address_String_Format (200,EUR,4)" computerName="PC-SFERRARI" duration="00:00:00.0002754" startTime="2020-09-01T17:52:11.0791377+01:00" endTime="2020-09-01T17:52:11.0807703+01:00" testType="13cdc9d9-ddb5-4fa4-a97d-d965ccfc6d4b" outcome="Passed" testListId="8c84fa94-04c1-424b-9868-57a2d4851a1d" relativeResultsDirectory="18eb32a7-502c-4378-a8d0-30763e0917f9" dataRowInfo="2" resultType="DataDrivenDataRow" />
        <UnitTestResult executionId="6ee66fab-c824-4db9-b7da-e9011055526d" parentExecutionId="775ae009-a996-4865-b3c7-b8817da8d461" testId="336a4b3f-0900-f7cb-0d00-611a2347544d" testName="ToString_Passing_Valid_Values_Returns_Address_String_Format (400,USD,8)" computerName="PC-SFERRARI" duration="00:00:00.0002645" startTime="2020-09-01T17:52:11.0791377+01:00" endTime="2020-09-01T17:52:11.0807703+01:00" testType="13cdc9d9-ddb5-4fa4-a97d-d965ccfc6d4b" outcome="Passed" testListId="8c84fa94-04c1-424b-9868-57a2d4851a1d" relativeResultsDirectory="6ee66fab-c824-4db9-b7da-e9011055526d" dataRowInfo="3" resultType="DataDrivenDataRow" />
      </InnerResults>
    </UnitTestResult>
    <UnitTestResult executionId="750271c8-8aab-4fb2-a0bf-755791cb9647" testId="389a94fb-03f1-a2c7-c8a2-43670b7ac19d" testName="Create_Passing_InvalidOrNull_Value_Returns_ApplicationException" computerName="PC-SFERRARI" duration="00:00:00.0005160" startTime="2020-09-01T17:52:11.2081145+01:00" endTime="2020-09-01T17:52:11.2087973+01:00" testType="13cdc9d9-ddb5-4fa4-a97d-d965ccfc6d4b" outcome="Passed" testListId="8c84fa94-04c1-424b-9868-57a2d4851a1d" relativeResultsDirectory="750271c8-8aab-4fb2-a0bf-755791cb9647" resultType="DataDrivenTest">
      <InnerResults>
        <UnitTestResult executionId="4dc6c36c-f6fd-4d0d-bc32-1704d053db12" parentExecutionId="750271c8-8aab-4fb2-a0bf-755791cb9647" testId="389a94fb-03f1-a2c7-c8a2-43670b7ac19d" testName="Create_Passing_InvalidOrNull_Value_Returns_ApplicationException ()" computerName="PC-SFERRARI" duration="00:00:00.0003891" startTime="2020-09-01T17:52:11.2081145+01:00" endTime="2020-09-01T17:52:11.2087973+01:00" testType="13cdc9d9-ddb5-4fa4-a97d-d965ccfc6d4b" outcome="Passed" testListId="8c84fa94-04c1-424b-9868-57a2d4851a1d" relativeResultsDirectory="4dc6c36c-f6fd-4d0d-bc32-1704d053db12" dataRowInfo="1" resultType="DataDrivenDataRow" />
        <UnitTestResult executionId="171ad64e-2a93-41c0-ac5d-561aa6f919e9" parentExecutionId="750271c8-8aab-4fb2-a0bf-755791cb9647" testId="389a94fb-03f1-a2c7-c8a2-43670b7ac19d" testName="Create_Passing_InvalidOrNull_Value_Returns_ApplicationException ()" computerName="PC-SFERRARI" duration="00:00:00.0000607" startTime="2020-09-01T17:52:11.2081145+01:00" endTime="2020-09-01T17:52:11.2087973+01:00" testType="13cdc9d9-ddb5-4fa4-a97d-d965ccfc6d4b" outcome="Passed" testListId="8c84fa94-04c1-424b-9868-57a2d4851a1d" relativeResultsDirectory="171ad64e-2a93-41c0-ac5d-561aa6f919e9" dataRowInfo="2" resultType="DataDrivenDataRow" />
      </InnerResults>
    </UnitTestResult>
    <UnitTestResult executionId="54b1997a-187f-4e76-b501-dcb99ed43ff4" testId="cd159d9c-491e-cea0-3dbb-5894d4cafd31" testName="ToEnum_Passing_Invalid_Int_Name_Enumeracion_Returns_Null" computerName="PC-SFERRARI" duration="00:00:00.0001271" startTime="2020-09-01T17:52:11.7206397+01:00" endTime="2020-09-01T17:52:11.7208373+01:00" testType="13cdc9d9-ddb5-4fa4-a97d-d965ccfc6d4b" outcome="Passed" testListId="8c84fa94-04c1-424b-9868-57a2d4851a1d" relativeResultsDirectory="54b1997a-187f-4e76-b501-dcb99ed43ff4" />
    <UnitTestResult executionId="df3d2241-b594-4e6e-aa11-125607112c74" testId="9277a601-5bb0-2bc1-982a-ed71c2b000fa" testName="Create_Passing_InvalidOrNull_Value_Returns_ApplicationException" computerName="PC-SFERRARI" duration="00:00:00.0004924" startTime="2020-09-01T17:52:11.4210878+01:00" endTime="2020-09-01T17:52:11.4216505+01:00" testType="13cdc9d9-ddb5-4fa4-a97d-d965ccfc6d4b" outcome="Passed" testListId="8c84fa94-04c1-424b-9868-57a2d4851a1d" relativeResultsDirectory="df3d2241-b594-4e6e-aa11-125607112c74" resultType="DataDrivenTest">
      <InnerResults>
        <UnitTestResult executionId="4dc50e51-86ad-44f7-9e2c-5fcc8496e106" parentExecutionId="df3d2241-b594-4e6e-aa11-125607112c74" testId="9277a601-5bb0-2bc1-982a-ed71c2b000fa" testName="Create_Passing_InvalidOrNull_Value_Returns_ApplicationException ()" computerName="PC-SFERRARI" duration="00:00:00.0003999" startTime="2020-09-01T17:52:11.4210878+01:00" endTime="2020-09-01T17:52:11.4216505+01:00" testType="13cdc9d9-ddb5-4fa4-a97d-d965ccfc6d4b" outcome="Passed" testListId="8c84fa94-04c1-424b-9868-57a2d4851a1d" relativeResultsDirectory="4dc50e51-86ad-44f7-9e2c-5fcc8496e106" dataRowInfo="1" resultType="DataDrivenDataRow" />
        <UnitTestResult executionId="4f30886b-84b9-4eb9-bec0-e8b5f8b87d8a" parentExecutionId="df3d2241-b594-4e6e-aa11-125607112c74" testId="9277a601-5bb0-2bc1-982a-ed71c2b000fa" testName="Create_Passing_InvalidOrNull_Value_Returns_ApplicationException ()" computerName="PC-SFERRARI" duration="00:00:00.0000432" startTime="2020-09-01T17:52:11.4210878+01:00" endTime="2020-09-01T17:52:11.4216505+01:00" testType="13cdc9d9-ddb5-4fa4-a97d-d965ccfc6d4b" outcome="Passed" testListId="8c84fa94-04c1-424b-9868-57a2d4851a1d" relativeResultsDirectory="4f30886b-84b9-4eb9-bec0-e8b5f8b87d8a" dataRowInfo="2" resultType="DataDrivenDataRow" />
      </InnerResults>
    </UnitTestResult>
    <UnitTestResult executionId="a6ca5750-f5f9-42aa-895f-2a03f4f66e29" testId="9aa3b6bb-9be5-40ee-3b6d-db8c00e38b15" testName="OperatorNotEqual_Passing_Valid_Values_Returns_False" computerName="PC-SFERRARI" duration="00:00:00.0001992" startTime="2020-09-01T17:52:11.5574123+01:00" endTime="2020-09-01T17:52:11.5576921+01:00" testType="13cdc9d9-ddb5-4fa4-a97d-d965ccfc6d4b" outcome="Passed" testListId="8c84fa94-04c1-424b-9868-57a2d4851a1d" relativeResultsDirectory="a6ca5750-f5f9-42aa-895f-2a03f4f66e29" resultType="DataDrivenTest">
      <InnerResults>
        <UnitTestResult executionId="88e8378f-b46e-4468-aed4-8479d2396f7f" parentExecutionId="a6ca5750-f5f9-42aa-895f-2a03f4f66e29" testId="9aa3b6bb-9be5-40ee-3b6d-db8c00e38b15" testName="OperatorNotEqual_Passing_Valid_Values_Returns_False (app.hackerone1.com)" computerName="PC-SFERRARI" duration="00:00:00.0001133" startTime="2020-09-01T17:52:11.5574123+01:00" endTime="2020-09-01T17:52:11.5576921+01:00" testType="13cdc9d9-ddb5-4fa4-a97d-d965ccfc6d4b" outcome="Passed" testListId="8c84fa94-04c1-424b-9868-57a2d4851a1d" relativeResultsDirectory="88e8378f-b46e-4468-aed4-8479d2396f7f" dataRowInfo="1" resultType="DataDrivenDataRow" />
        <UnitTestResult executionId="068429bf-5580-4295-8039-e5272fda0e70" parentExecutionId="a6ca5750-f5f9-42aa-895f-2a03f4f66e29" testId="9aa3b6bb-9be5-40ee-3b6d-db8c00e38b15" testName="OperatorNotEqual_Passing_Valid_Values_Returns_False (www.hackerone-com)" computerName="PC-SFERRARI" duration="00:00:00.0000161" startTime="2020-09-01T17:52:11.5574123+01:00" endTime="2020-09-01T17:52:11.5576921+01:00" testType="13cdc9d9-ddb5-4fa4-a97d-d965ccfc6d4b" outcome="Passed" testListId="8c84fa94-04c1-424b-9868-57a2d4851a1d" relativeResultsDirectory="068429bf-5580-4295-8039-e5272fda0e70" dataRowInfo="2" resultType="DataDrivenDataRow" />
        <UnitTestResult executionId="795c9f5e-3df4-446f-b0e5-b65eb87d32b7" parentExecutionId="a6ca5750-f5f9-42aa-895f-2a03f4f66e29" testId="9aa3b6bb-9be5-40ee-3b6d-db8c00e38b15" testName="OperatorNotEqual_Passing_Valid_Values_Returns_False (stage_hackerone.com)" computerName="PC-SFERRARI" duration="00:00:00.0000204" startTime="2020-09-01T17:52:11.5574123+01:00" endTime="2020-09-01T17:52:11.5576921+01:00" testType="13cdc9d9-ddb5-4fa4-a97d-d965ccfc6d4b" outcome="Passed" testListId="8c84fa94-04c1-424b-9868-57a2d4851a1d" relativeResultsDirectory="795c9f5e-3df4-446f-b0e5-b65eb87d32b7" dataRowInfo="3" resultType="DataDrivenDataRow" />
      </InnerResults>
    </UnitTestResult>
    <UnitTestResult executionId="2f246ae1-5791-4793-8bff-ea7d82aff620" testId="d1ef6d46-1fa5-198f-a0cf-6cba38319a2e" testName="IsNull_Passing_Null_Value_Returns_True" computerName="PC-SFERRARI" duration="00:00:00.0002914" startTime="2020-09-01T17:52:10.8580618+01:00" endTime="2020-09-01T17:52:10.8585483+01:00" testType="13cdc9d9-ddb5-4fa4-a97d-d965ccfc6d4b" outcome="Passed" testListId="8c84fa94-04c1-424b-9868-57a2d4851a1d" relativeResultsDirectory="2f246ae1-5791-4793-8bff-ea7d82aff620" />
    <UnitTestResult executionId="ede1b2c0-df47-49d6-9a9d-e88cc42a16ba" testId="a31fe255-a9f2-dfdc-2937-103680a980ea" testName="Equals_Passing_Valid_Distinct_Values_Returns_False" computerName="PC-SFERRARI" duration="00:00:00.0003773" startTime="2020-09-01T17:52:11.0152342+01:00" endTime="2020-09-01T17:52:11.0157823+01:00" testType="13cdc9d9-ddb5-4fa4-a97d-d965ccfc6d4b" outcome="Passed" testListId="8c84fa94-04c1-424b-9868-57a2d4851a1d" relativeResultsDirectory="ede1b2c0-df47-49d6-9a9d-e88cc42a16ba" resultType="DataDrivenTest">
      <InnerResults>
        <UnitTestResult executionId="5f0ebd45-8b53-4a78-a2f5-3e9b0c841e57" parentExecutionId="ede1b2c0-df47-49d6-9a9d-e88cc42a16ba" testId="a31fe255-a9f2-dfdc-2937-103680a980ea" testName="Equals_Passing_Valid_Distinct_Values_Returns_False (San Bartoleme De Tirajana,Las Palmas,España)" computerName="PC-SFERRARI" duration="00:00:00.0002550" startTime="2020-09-01T17:52:11.0152342+01:00" endTime="2020-09-01T17:52:11.0157823+01:00" testType="13cdc9d9-ddb5-4fa4-a97d-d965ccfc6d4b" outcome="Passed" testListId="8c84fa94-04c1-424b-9868-57a2d4851a1d" relativeResultsDirectory="5f0ebd45-8b53-4a78-a2f5-3e9b0c841e57" dataRowInfo="1" resultType="DataDrivenDataRow" />
        <UnitTestResult executionId="7acbfe67-5a8a-41a1-804c-af7b4d882339" parentExecutionId="ede1b2c0-df47-49d6-9a9d-e88cc42a16ba" testId="a31fe255-a9f2-dfdc-2937-103680a980ea" testName="Equals_Passing_Valid_Distinct_Values_Returns_False (Sabadell,Barcelona,España)" computerName="PC-SFERRARI" duration="00:00:00.0000519" startTime="2020-09-01T17:52:11.0152342+01:00" endTime="2020-09-01T17:52:11.0157823+01:00" testType="13cdc9d9-ddb5-4fa4-a97d-d965ccfc6d4b" outcome="Passed" testListId="8c84fa94-04c1-424b-9868-57a2d4851a1d" relativeResultsDirectory="7acbfe67-5a8a-41a1-804c-af7b4d882339" dataRowInfo="2" resultType="DataDrivenDataRow" />
      </InnerResults>
    </UnitTestResult>
    <UnitTestResult executionId="8c038e15-2f55-46a8-9130-1b4248c08d24" testId="76c79f9f-0b75-deaf-c0c8-6849a01fabe5" testName="Change_Passing_Valid_Values_Returns_Name" computerName="PC-SFERRARI" duration="00:00:00.0001365" startTime="2020-09-01T17:52:11.2088285+01:00" endTime="2020-09-01T17:52:11.2090569+01:00" testType="13cdc9d9-ddb5-4fa4-a97d-d965ccfc6d4b" outcome="Passed" testListId="8c84fa94-04c1-424b-9868-57a2d4851a1d" relativeResultsDirectory="8c038e15-2f55-46a8-9130-1b4248c08d24" />
    <UnitTestResult executionId="7b779468-6426-4fe6-9183-b2515fe9c13d" testId="63f587ad-86e0-a19d-ea1b-305a8e55bb70" testName="IsFemale_Passing_Nothing_Returns_True" computerName="PC-SFERRARI" duration="00:00:00.0001746" startTime="2020-09-01T17:52:11.7189659+01:00" endTime="2020-09-01T17:52:11.7192183+01:00" testType="13cdc9d9-ddb5-4fa4-a97d-d965ccfc6d4b" outcome="Passed" testListId="8c84fa94-04c1-424b-9868-57a2d4851a1d" relativeResultsDirectory="7b779468-6426-4fe6-9183-b2515fe9c13d" />
    <UnitTestResult executionId="56352002-05a0-4ae2-bd4b-ab3382586286" testId="42204c2d-cae8-e99c-229d-8e372d79bb40" testName="IsMasterCard_Passing_Nothing_Returns_True" computerName="PC-SFERRARI" duration="00:00:00.0001660" startTime="2020-09-01T17:52:11.6979446+01:00" endTime="2020-09-01T17:52:11.6981830+01:00" testType="13cdc9d9-ddb5-4fa4-a97d-d965ccfc6d4b" outcome="Passed" testListId="8c84fa94-04c1-424b-9868-57a2d4851a1d" relativeResultsDirectory="56352002-05a0-4ae2-bd4b-ab3382586286" />
    <UnitTestResult executionId="9b630a98-c54f-4134-88a5-fb47595c3b67" testId="9e19d4e4-f7b7-b402-48f1-b671fdae656e" testName="IsNull_Passing_Null_Value_Returns_True" computerName="PC-SFERRARI" duration="00:00:00.0002090" startTime="2020-09-01T17:52:11.4862463+01:00" endTime="2020-09-01T17:52:11.4865426+01:00" testType="13cdc9d9-ddb5-4fa4-a97d-d965ccfc6d4b" outcome="Passed" testListId="8c84fa94-04c1-424b-9868-57a2d4851a1d" relativeResultsDirectory="9b630a98-c54f-4134-88a5-fb47595c3b67" />
    <UnitTestResult executionId="77f4b096-758f-4916-8c0c-ba5f7d136ff9" testId="860a3ab5-e4fc-cad4-fe40-328241e258f0" testName="ToString_Passing_Valid_Values_Returns_Value_String_Format" computerName="PC-SFERRARI" duration="00:00:00.0004150" startTime="2020-09-01T17:52:11.6295965+01:00" endTime="2020-09-01T17:52:11.6301744+01:00" testType="13cdc9d9-ddb5-4fa4-a97d-d965ccfc6d4b" outcome="Passed" testListId="8c84fa94-04c1-424b-9868-57a2d4851a1d" relativeResultsDirectory="77f4b096-758f-4916-8c0c-ba5f7d136ff9" resultType="DataDrivenTest">
      <InnerResults>
        <UnitTestResult executionId="c512e004-ea11-4d7c-8f52-8bb8880dfa36" parentExecutionId="77f4b096-758f-4916-8c0c-ba5f7d136ff9" testId="860a3ab5-e4fc-cad4-fe40-328241e258f0" testName="ToString_Passing_Valid_Values_Returns_Value_String_Format (456,43543543543)" computerName="PC-SFERRARI" duration="00:00:00.0003387" startTime="2020-09-01T17:52:11.6295965+01:00" endTime="2020-09-01T17:52:11.6301744+01:00" testType="13cdc9d9-ddb5-4fa4-a97d-d965ccfc6d4b" outcome="Passed" testListId="8c84fa94-04c1-424b-9868-57a2d4851a1d" relativeResultsDirectory="c512e004-ea11-4d7c-8f52-8bb8880dfa36" dataRowInfo="1" resultType="DataDrivenDataRow" />
        <UnitTestResult executionId="9b901c35-5e65-43d2-a710-adab76be2279" parentExecutionId="77f4b096-758f-4916-8c0c-ba5f7d136ff9" testId="860a3ab5-e4fc-cad4-fe40-328241e258f0" testName="ToString_Passing_Valid_Values_Returns_Value_String_Format (D45,86554654)" computerName="PC-SFERRARI" duration="00:00:00.0000113" startTime="2020-09-01T17:52:11.6295965+01:00" endTime="2020-09-01T17:52:11.6301744+01:00" testType="13cdc9d9-ddb5-4fa4-a97d-d965ccfc6d4b" outcome="Passed" testListId="8c84fa94-04c1-424b-9868-57a2d4851a1d" relativeResultsDirectory="9b901c35-5e65-43d2-a710-adab76be2279" dataRowInfo="2" resultType="DataDrivenDataRow" />
      </InnerResults>
    </UnitTestResult>
    <UnitTestResult executionId="f4fc8fec-415c-42fd-a0c2-16100aa964ee" testId="906ffa0c-cef6-6ab9-9266-275ee0bdf90a" testName="OperatorNotEqual_Passing_Valid_Values_Returns_True" computerName="PC-SFERRARI" duration="00:00:00.0003270" startTime="2020-09-01T17:52:10.7010106+01:00" endTime="2020-09-01T17:52:10.7052586+01:00" testType="13cdc9d9-ddb5-4fa4-a97d-d965ccfc6d4b" outcome="Passed" testListId="8c84fa94-04c1-424b-9868-57a2d4851a1d" relativeResultsDirectory="f4fc8fec-415c-42fd-a0c2-16100aa964ee" resultType="DataDrivenTest">
      <InnerResults>
        <UnitTestResult executionId="da292467-f3f5-4efe-9354-1c0ffd1b21e7" parentExecutionId="f4fc8fec-415c-42fd-a0c2-16100aa964ee" testId="906ffa0c-cef6-6ab9-9266-275ee0bdf90a" testName="OperatorNotEqual_Passing_Valid_Values_Returns_True (Tenerife,23,34567,San Bartoleme De Tirajana,Las Palmas,España)" computerName="PC-SFERRARI" duration="00:00:00.0002270" startTime="2020-09-01T17:52:10.7010106+01:00" endTime="2020-09-01T17:52:10.7052586+01:00" testType="13cdc9d9-ddb5-4fa4-a97d-d965ccfc6d4b" outcome="Passed" testListId="8c84fa94-04c1-424b-9868-57a2d4851a1d" relativeResultsDirectory="da292467-f3f5-4efe-9354-1c0ffd1b21e7" dataRowInfo="1" resultType="DataDrivenDataRow" />
        <UnitTestResult executionId="d55c16d0-a22b-4331-9f7e-e158f834e2bf" parentExecutionId="f4fc8fec-415c-42fd-a0c2-16100aa964ee" testId="906ffa0c-cef6-6ab9-9266-275ee0bdf90a" testName="OperatorNotEqual_Passing_Valid_Values_Returns_True (Pader,789,DF7956,Sabadell,Barcelona,España)" computerName="PC-SFERRARI" duration="00:00:00.0000142" startTime="2020-09-01T17:52:10.7010106+01:00" endTime="2020-09-01T17:52:10.7052586+01:00" testType="13cdc9d9-ddb5-4fa4-a97d-d965ccfc6d4b" outcome="Passed" testListId="8c84fa94-04c1-424b-9868-57a2d4851a1d" relativeResultsDirectory="d55c16d0-a22b-4331-9f7e-e158f834e2bf" dataRowInfo="2" resultType="DataDrivenDataRow" />
      </InnerResults>
    </UnitTestResult>
    <UnitTestResult executionId="6bfce16e-0eed-491b-98cb-971f079e19c8" testId="8010ce30-a236-ec4e-43aa-ea9ebe0ce095" testName="OperatorEqual_Passing_Valid_Values_Returns_True" computerName="PC-SFERRARI" duration="00:00:00.0001945" startTime="2020-09-01T17:52:10.9037579+01:00" endTime="2020-09-01T17:52:10.9040221+01:00" testType="13cdc9d9-ddb5-4fa4-a97d-d965ccfc6d4b" outcome="Passed" testListId="8c84fa94-04c1-424b-9868-57a2d4851a1d" relativeResultsDirectory="6bfce16e-0eed-491b-98cb-971f079e19c8" resultType="DataDrivenTest">
      <InnerResults>
        <UnitTestResult executionId="59926501-22fa-4031-b0ed-5da0e30eacf3" parentExecutionId="6bfce16e-0eed-491b-98cb-971f079e19c8" testId="8010ce30-a236-ec4e-43aa-ea9ebe0ce095" testName="OperatorEqual_Passing_Valid_Values_Returns_True (dasdasd@dsasd.ff)" computerName="PC-SFERRARI" duration="00:00:00.0001242" startTime="2020-09-01T17:52:10.9037579+01:00" endTime="2020-09-01T17:52:10.9040221+01:00" testType="13cdc9d9-ddb5-4fa4-a97d-d965ccfc6d4b" outcome="Passed" testListId="8c84fa94-04c1-424b-9868-57a2d4851a1d" relativeResultsDirectory="59926501-22fa-4031-b0ed-5da0e30eacf3" dataRowInfo="1" resultType="DataDrivenDataRow" />
        <UnitTestResult executionId="30477e88-ed85-45e7-8e41-8e9faefcedcf" parentExecutionId="6bfce16e-0eed-491b-98cb-971f079e19c8" testId="8010ce30-a236-ec4e-43aa-ea9ebe0ce095" testName="OperatorEqual_Passing_Valid_Values_Returns_True (34fsds@sdd.fgg)" computerName="PC-SFERRARI" duration="00:00:00.0000263" startTime="2020-09-01T17:52:10.9037579+01:00" endTime="2020-09-01T17:52:10.9040221+01:00" testType="13cdc9d9-ddb5-4fa4-a97d-d965ccfc6d4b" outcome="Passed" testListId="8c84fa94-04c1-424b-9868-57a2d4851a1d" relativeResultsDirectory="30477e88-ed85-45e7-8e41-8e9faefcedcf" dataRowInfo="2" resultType="DataDrivenDataRow" />
      </InnerResults>
    </UnitTestResult>
    <UnitTestResult executionId="8dfd31ac-bb11-4c19-bd41-bf9bfa28ae40" testId="4abfc1ff-06cf-dc19-b35f-7c84f2bee2da" testName="IsInactive_Passing_Nothing_Returns_True" computerName="PC-SFERRARI" duration="00:00:00.0001622" startTime="2020-09-01T17:52:11.7548455+01:00" endTime="2020-09-01T17:52:11.7550815+01:00" testType="13cdc9d9-ddb5-4fa4-a97d-d965ccfc6d4b" outcome="Passed" testListId="8c84fa94-04c1-424b-9868-57a2d4851a1d" relativeResultsDirectory="8dfd31ac-bb11-4c19-bd41-bf9bfa28ae40" />
    <UnitTestResult executionId="548f6bf5-bde0-40f2-ba5e-7dad180425b1" testId="eb28919c-10bf-694a-78bc-ac7d54701422" testName="IsNull_Passing_Null_Address_Returns_True" computerName="PC-SFERRARI" duration="00:00:00.0002239" startTime="2020-09-01T17:52:10.4627564+01:00" endTime="2020-09-01T17:52:10.4631744+01:00" testType="13cdc9d9-ddb5-4fa4-a97d-d965ccfc6d4b" outcome="Passed" testListId="8c84fa94-04c1-424b-9868-57a2d4851a1d" relativeResultsDirectory="548f6bf5-bde0-40f2-ba5e-7dad180425b1" />
    <UnitTestResult executionId="89938004-bc1d-4425-ad6c-47512639d781" testId="cefd6720-8ae8-64f7-ef2a-994381832e74" testName="ToEnum_Passing_Valid_String_ShortName_Enumeracion_Returns_Enumeracion" computerName="PC-SFERRARI" duration="00:00:00.0001254" startTime="2020-09-01T17:52:11.6991168+01:00" endTime="2020-09-01T17:52:11.6993195+01:00" testType="13cdc9d9-ddb5-4fa4-a97d-d965ccfc6d4b" outcome="Passed" testListId="8c84fa94-04c1-424b-9868-57a2d4851a1d" relativeResultsDirectory="89938004-bc1d-4425-ad6c-47512639d781" />
    <UnitTestResult executionId="dc086f3c-aebf-49f7-ab57-bad3247730a3" testId="8db31538-892c-3a78-d200-7b8d337bd902" testName="ToString_Passing_Valid_Values_Returns_Currency_String_Symbol" computerName="PC-SFERRARI" duration="00:00:00.0014406" startTime="2020-09-01T17:52:10.7568645+01:00" endTime="2020-09-01T17:52:10.7584703+01:00" testType="13cdc9d9-ddb5-4fa4-a97d-d965ccfc6d4b" outcome="Passed" testListId="8c84fa94-04c1-424b-9868-57a2d4851a1d" relativeResultsDirectory="dc086f3c-aebf-49f7-ab57-bad3247730a3" resultType="DataDrivenTest">
      <InnerResults>
        <UnitTestResult executionId="7bbe4f8e-cd8a-4a78-a4f6-f4fd02888d86" parentExecutionId="dc086f3c-aebf-49f7-ab57-bad3247730a3" testId="8db31538-892c-3a78-d200-7b8d337bd902" testName="ToString_Passing_Valid_Values_Returns_Currency_String_Symbol (EUR)" computerName="PC-SFERRARI" duration="00:00:00.0008838" startTime="2020-09-01T17:52:10.7568645+01:00" endTime="2020-09-01T17:52:10.7584703+01:00" testType="13cdc9d9-ddb5-4fa4-a97d-d965ccfc6d4b" outcome="Passed" testListId="8c84fa94-04c1-424b-9868-57a2d4851a1d" relativeResultsDirectory="7bbe4f8e-cd8a-4a78-a4f6-f4fd02888d86" dataRowInfo="1" resultType="DataDrivenDataRow" />
        <UnitTestResult executionId="98671299-6b0f-43ad-a00e-bb20f2ba0e62" parentExecutionId="dc086f3c-aebf-49f7-ab57-bad3247730a3" testId="8db31538-892c-3a78-d200-7b8d337bd902" testName="ToString_Passing_Valid_Values_Returns_Currency_String_Symbol (USD)" computerName="PC-SFERRARI" duration="00:00:00.0004793" startTime="2020-09-01T17:52:10.7568645+01:00" endTime="2020-09-01T17:52:10.7584703+01:00" testType="13cdc9d9-ddb5-4fa4-a97d-d965ccfc6d4b" outcome="Passed" testListId="8c84fa94-04c1-424b-9868-57a2d4851a1d" relativeResultsDirectory="98671299-6b0f-43ad-a00e-bb20f2ba0e62" dataRowInfo="2" resultType="DataDrivenDataRow" />
      </InnerResults>
    </UnitTestResult>
    <UnitTestResult executionId="f919583a-6c3e-444b-a323-aa323625a4b6" testId="571ad406-4c46-6d0b-a0ab-0bbddda456a0" testName="Change_Passing_Valid_Values_Returns_FullName" computerName="PC-SFERRARI" duration="00:00:00.0001865" startTime="2020-09-01T17:52:10.9760608+01:00" endTime="2020-09-01T17:52:10.9763318+01:00" testType="13cdc9d9-ddb5-4fa4-a97d-d965ccfc6d4b" outcome="Passed" testListId="8c84fa94-04c1-424b-9868-57a2d4851a1d" relativeResultsDirectory="f919583a-6c3e-444b-a323-aa323625a4b6" />
    <UnitTestResult executionId="cf6076a1-338e-4467-989b-b4fd3d2b2dc3" testId="07188371-eb7e-e491-e017-bf959c68f6d1" testName="Equals_Passing_Valid_Distinct_Values_Returns_False" computerName="PC-SFERRARI" duration="00:00:00.0001580" startTime="2020-09-01T17:52:11.4418782+01:00" endTime="2020-09-01T17:52:11.4421121+01:00" testType="13cdc9d9-ddb5-4fa4-a97d-d965ccfc6d4b" outcome="Passed" testListId="8c84fa94-04c1-424b-9868-57a2d4851a1d" relativeResultsDirectory="cf6076a1-338e-4467-989b-b4fd3d2b2dc3" resultType="DataDrivenTest">
      <InnerResults>
        <UnitTestResult executionId="099b0c4f-01c9-451d-b119-98a4c99efe04" parentExecutionId="cf6076a1-338e-4467-989b-b4fd3d2b2dc3" testId="07188371-eb7e-e491-e017-bf959c68f6d1" testName="Equals_Passing_Valid_Distinct_Values_Returns_False (San Bartoleme De Tirajana)" computerName="PC-SFERRARI" duration="00:00:00.0001083" startTime="2020-09-01T17:52:11.4418782+01:00" endTime="2020-09-01T17:52:11.4421121+01:00" testType="13cdc9d9-ddb5-4fa4-a97d-d965ccfc6d4b" outcome="Passed" testListId="8c84fa94-04c1-424b-9868-57a2d4851a1d" relativeResultsDirectory="099b0c4f-01c9-451d-b119-98a4c99efe04" dataRowInfo="1" resultType="DataDrivenDataRow" />
        <UnitTestResult executionId="30a0ac0b-57ec-4370-8b20-e3ec8120caa5" parentExecutionId="cf6076a1-338e-4467-989b-b4fd3d2b2dc3" testId="07188371-eb7e-e491-e017-bf959c68f6d1" testName="Equals_Passing_Valid_Distinct_Values_Returns_False (Sabadell)" computerName="PC-SFERRARI" duration="00:00:00.0000060" startTime="2020-09-01T17:52:11.4418782+01:00" endTime="2020-09-01T17:52:11.4421121+01:00" testType="13cdc9d9-ddb5-4fa4-a97d-d965ccfc6d4b" outcome="Passed" testListId="8c84fa94-04c1-424b-9868-57a2d4851a1d" relativeResultsDirectory="30a0ac0b-57ec-4370-8b20-e3ec8120caa5" dataRowInfo="2" resultType="DataDrivenDataRow" />
      </InnerResults>
    </UnitTestResult>
    <UnitTestResult executionId="2a0da74a-d2bc-445d-bc71-53ed4fc08657" testId="d8455b90-6045-1e3d-c9de-76db4e3d49ed" testName="OperatorNotEqual_Passing_Valid_Values_Returns_False" computerName="PC-SFERRARI" duration="00:00:00.0003301" startTime="2020-09-01T17:52:11.0456077+01:00" endTime="2020-09-01T17:52:11.0461239+01:00" testType="13cdc9d9-ddb5-4fa4-a97d-d965ccfc6d4b" outcome="Passed" testListId="8c84fa94-04c1-424b-9868-57a2d4851a1d" relativeResultsDirectory="2a0da74a-d2bc-445d-bc71-53ed4fc08657" resultType="DataDrivenTest">
      <InnerResults>
        <UnitTestResult executionId="4969dcb6-63af-4b1c-88fb-45e7355baf54" parentExecutionId="2a0da74a-d2bc-445d-bc71-53ed4fc08657" testId="d8455b90-6045-1e3d-c9de-76db4e3d49ed" testName="OperatorNotEqual_Passing_Valid_Values_Returns_False (San Bartoleme De Tirajana,Las Palmas,España)" computerName="PC-SFERRARI" duration="00:00:00.0002272" startTime="2020-09-01T17:52:11.0456077+01:00" endTime="2020-09-01T17:52:11.0461239+01:00" testType="13cdc9d9-ddb5-4fa4-a97d-d965ccfc6d4b" outcome="Passed" testListId="8c84fa94-04c1-424b-9868-57a2d4851a1d" relativeResultsDirectory="4969dcb6-63af-4b1c-88fb-45e7355baf54" dataRowInfo="1" resultType="DataDrivenDataRow" />
        <UnitTestResult executionId="b27973d6-5382-4eb5-b78d-7f695514a00c" parentExecutionId="2a0da74a-d2bc-445d-bc71-53ed4fc08657" testId="d8455b90-6045-1e3d-c9de-76db4e3d49ed" testName="OperatorNotEqual_Passing_Valid_Values_Returns_False (Sabadell,Barcelona,España)" computerName="PC-SFERRARI" duration="00:00:00.0000358" startTime="2020-09-01T17:52:11.0456077+01:00" endTime="2020-09-01T17:52:11.0461239+01:00" testType="13cdc9d9-ddb5-4fa4-a97d-d965ccfc6d4b" outcome="Passed" testListId="8c84fa94-04c1-424b-9868-57a2d4851a1d" relativeResultsDirectory="b27973d6-5382-4eb5-b78d-7f695514a00c" dataRowInfo="2" resultType="DataDrivenDataRow" />
      </InnerResults>
    </UnitTestResult>
    <UnitTestResult executionId="fd07e323-14bf-4f65-9511-8784947af46b" testId="145667c7-887e-fb55-f15f-87c10ffaa544" testName="ToEnum_Passing_Valid_Int_value_Returns_Enumeracion" computerName="PC-SFERRARI" duration="00:00:00.0002302" startTime="2020-09-01T17:52:11.7520999+01:00" endTime="2020-09-01T17:52:11.7525120+01:00" testType="13cdc9d9-ddb5-4fa4-a97d-d965ccfc6d4b" outcome="Passed" testListId="8c84fa94-04c1-424b-9868-57a2d4851a1d" relativeResultsDirectory="fd07e323-14bf-4f65-9511-8784947af46b" />
    <UnitTestResult executionId="4a0f6c01-0562-4c7e-8748-cc73722999f1" testId="8d7600c8-85e7-f035-9f9f-51a80e994a9a" testName="Change_Passing_Valid_Values_Returns_Subdomain" computerName="PC-SFERRARI" duration="00:00:00.0001407" startTime="2020-09-01T17:52:11.5102642+01:00" endTime="2020-09-01T17:52:11.5104914+01:00" testType="13cdc9d9-ddb5-4fa4-a97d-d965ccfc6d4b" outcome="Passed" testListId="8c84fa94-04c1-424b-9868-57a2d4851a1d" relativeResultsDirectory="4a0f6c01-0562-4c7e-8748-cc73722999f1" />
    <UnitTestResult executionId="076f929e-52b7-44e0-b334-929cf47d5529" testId="6afaec20-42f3-051a-70dd-dd8272a94d57" testName="ToEnum_Passing_Valid_String_Name_Enumeracion_Returns_Enumeracion" computerName="PC-SFERRARI" duration="00:00:00.0007132" startTime="2020-09-01T17:52:11.7192411+01:00" endTime="2020-09-01T17:52:11.7201597+01:00" testType="13cdc9d9-ddb5-4fa4-a97d-d965ccfc6d4b" outcome="Passed" testListId="8c84fa94-04c1-424b-9868-57a2d4851a1d" relativeResultsDirectory="076f929e-52b7-44e0-b334-929cf47d5529" />
    <UnitTestResult executionId="cb27fca1-4a50-4ff9-ace0-b1d55d607637" testId="b7d442c5-0acd-3404-07a7-6a3e90ab8bdd" testName="Create_Passing_InvalidOrNull_Value_Returns_ApplicationException" computerName="PC-SFERRARI" duration="00:00:00.0005883" startTime="2020-09-01T17:52:10.9753551+01:00" endTime="2020-09-01T17:52:10.9760271+01:00" testType="13cdc9d9-ddb5-4fa4-a97d-d965ccfc6d4b" outcome="Passed" testListId="8c84fa94-04c1-424b-9868-57a2d4851a1d" relativeResultsDirectory="cb27fca1-4a50-4ff9-ace0-b1d55d607637" resultType="DataDrivenTest">
      <InnerResults>
        <UnitTestResult executionId="bcaea179-36ff-49f6-937c-7112c23c850a" parentExecutionId="cb27fca1-4a50-4ff9-ace0-b1d55d607637" testId="b7d442c5-0acd-3404-07a7-6a3e90ab8bdd" testName="Create_Passing_InvalidOrNull_Value_Returns_ApplicationException (San Bartoleme De Tirajana,,Tenerife)" computerName="PC-SFERRARI" duration="00:00:00.0003748" startTime="2020-09-01T17:52:10.9753551+01:00" endTime="2020-09-01T17:52:10.9760271+01:00" testType="13cdc9d9-ddb5-4fa4-a97d-d965ccfc6d4b" outcome="Passed" testListId="8c84fa94-04c1-424b-9868-57a2d4851a1d" relativeResultsDirectory="bcaea179-36ff-49f6-937c-7112c23c850a" dataRowInfo="1" resultType="DataDrivenDataRow" />
        <UnitTestResult executionId="86a2669d-f3b9-4350-9314-d479cafe36c5" parentExecutionId="cb27fca1-4a50-4ff9-ace0-b1d55d607637" testId="b7d442c5-0acd-3404-07a7-6a3e90ab8bdd" testName="Create_Passing_InvalidOrNull_Value_Returns_ApplicationException (,Barcelona,España)" computerName="PC-SFERRARI" duration="00:00:00.0000418" startTime="2020-09-01T17:52:10.9753551+01:00" endTime="2020-09-01T17:52:10.9760271+01:00" testType="13cdc9d9-ddb5-4fa4-a97d-d965ccfc6d4b" outcome="Passed" testListId="8c84fa94-04c1-424b-9868-57a2d4851a1d" relativeResultsDirectory="86a2669d-f3b9-4350-9314-d479cafe36c5" dataRowInfo="2" resultType="DataDrivenDataRow" />
        <UnitTestResult executionId="6ed9f0d4-1d9d-4e86-810f-4badadaac2f5" parentExecutionId="cb27fca1-4a50-4ff9-ace0-b1d55d607637" testId="b7d442c5-0acd-3404-07a7-6a3e90ab8bdd" testName="Create_Passing_InvalidOrNull_Value_Returns_ApplicationException (Sabadell,,España)" computerName="PC-SFERRARI" duration="00:00:00.0000462" startTime="2020-09-01T17:52:10.9753551+01:00" endTime="2020-09-01T17:52:10.9760271+01:00" testType="13cdc9d9-ddb5-4fa4-a97d-d965ccfc6d4b" outcome="Passed" testListId="8c84fa94-04c1-424b-9868-57a2d4851a1d" relativeResultsDirectory="6ed9f0d4-1d9d-4e86-810f-4badadaac2f5" dataRowInfo="3" resultType="DataDrivenDataRow" />
        <UnitTestResult executionId="4af6a09d-1912-4e09-b138-e1880e9a18cd" parentExecutionId="cb27fca1-4a50-4ff9-ace0-b1d55d607637" testId="b7d442c5-0acd-3404-07a7-6a3e90ab8bdd" testName="Create_Passing_InvalidOrNull_Value_Returns_ApplicationException (,Sabadell,España)" computerName="PC-SFERRARI" duration="00:00:00.0000358" startTime="2020-09-01T17:52:10.9753551+01:00" endTime="2020-09-01T17:52:10.9760271+01:00" testType="13cdc9d9-ddb5-4fa4-a97d-d965ccfc6d4b" outcome="Passed" testListId="8c84fa94-04c1-424b-9868-57a2d4851a1d" relativeResultsDirectory="4af6a09d-1912-4e09-b138-e1880e9a18cd" dataRowInfo="4" resultType="DataDrivenDataRow" />
      </InnerResults>
    </UnitTestResult>
    <UnitTestResult executionId="eb354ce8-4d49-4f3c-9873-cb39ede52580" testId="3e808d2f-8050-987c-6881-19992ba1e6c6" testName="OperatorEqual_Passing_Valid_Values_Returns_True" computerName="PC-SFERRARI" duration="00:00:00.0011068" startTime="2020-09-01T17:52:10.7611703+01:00" endTime="2020-09-01T17:52:10.7623655+01:00" testType="13cdc9d9-ddb5-4fa4-a97d-d965ccfc6d4b" outcome="Passed" testListId="8c84fa94-04c1-424b-9868-57a2d4851a1d" relativeResultsDirectory="eb354ce8-4d49-4f3c-9873-cb39ede52580" resultType="DataDrivenTest">
      <InnerResults>
        <UnitTestResult executionId="14e22788-9656-4f87-9fba-ee29400cdffd" parentExecutionId="eb354ce8-4d49-4f3c-9873-cb39ede52580" testId="3e808d2f-8050-987c-6881-19992ba1e6c6" testName="OperatorEqual_Passing_Valid_Values_Returns_True (EUR)" computerName="PC-SFERRARI" duration="00:00:00.0005652" startTime="2020-09-01T17:52:10.7611703+01:00" endTime="2020-09-01T17:52:10.7623655+01:00" testType="13cdc9d9-ddb5-4fa4-a97d-d965ccfc6d4b" outcome="Passed" testListId="8c84fa94-04c1-424b-9868-57a2d4851a1d" relativeResultsDirectory="14e22788-9656-4f87-9fba-ee29400cdffd" dataRowInfo="1" resultType="DataDrivenDataRow" />
        <UnitTestResult executionId="007a0d11-7a4a-4a14-ba8a-f08ec364ea15" parentExecutionId="eb354ce8-4d49-4f3c-9873-cb39ede52580" testId="3e808d2f-8050-987c-6881-19992ba1e6c6" testName="OperatorEqual_Passing_Valid_Values_Returns_True (USD)" computerName="PC-SFERRARI" duration="00:00:00.0004801" startTime="2020-09-01T17:52:10.7611703+01:00" endTime="2020-09-01T17:52:10.7623655+01:00" testType="13cdc9d9-ddb5-4fa4-a97d-d965ccfc6d4b" outcome="Passed" testListId="8c84fa94-04c1-424b-9868-57a2d4851a1d" relativeResultsDirectory="007a0d11-7a4a-4a14-ba8a-f08ec364ea15" dataRowInfo="2" resultType="DataDrivenDataRow" />
      </InnerResults>
    </UnitTestResult>
    <UnitTestResult executionId="8b3b30a2-18f6-4db6-b5ce-e5f7cb0af155" testId="39ea45cc-1ad3-df2f-5644-569d0fae9835" testName="Create_Passing_Valid_Values_Returns_Currency" computerName="PC-SFERRARI" duration="00:00:00.0254196" startTime="2020-09-01T17:52:10.7053023+01:00" endTime="2020-09-01T17:52:10.7309654+01:00" testType="13cdc9d9-ddb5-4fa4-a97d-d965ccfc6d4b" outcome="Passed" testListId="8c84fa94-04c1-424b-9868-57a2d4851a1d" relativeResultsDirectory="8b3b30a2-18f6-4db6-b5ce-e5f7cb0af155" resultType="DataDrivenTest">
      <InnerResults>
        <UnitTestResult executionId="d37a39ea-bba7-4f66-94d9-1abef1208856" parentExecutionId="8b3b30a2-18f6-4db6-b5ce-e5f7cb0af155" testId="39ea45cc-1ad3-df2f-5644-569d0fae9835" testName="Create_Passing_Valid_Values_Returns_Currency (USD)" computerName="PC-SFERRARI" duration="00:00:00.0248194" startTime="2020-09-01T17:52:10.7053023+01:00" endTime="2020-09-01T17:52:10.7309654+01:00" testType="13cdc9d9-ddb5-4fa4-a97d-d965ccfc6d4b" outcome="Passed" testListId="8c84fa94-04c1-424b-9868-57a2d4851a1d" relativeResultsDirectory="d37a39ea-bba7-4f66-94d9-1abef1208856" dataRowInfo="1" resultType="DataDrivenDataRow" />
        <UnitTestResult executionId="1cf00a58-5a80-4ebf-ae73-ab3cf1e643ad" parentExecutionId="8b3b30a2-18f6-4db6-b5ce-e5f7cb0af155" testId="39ea45cc-1ad3-df2f-5644-569d0fae9835" testName="Create_Passing_Valid_Values_Returns_Currency (EUR)" computerName="PC-SFERRARI" duration="00:00:00.0005168" startTime="2020-09-01T17:52:10.7053023+01:00" endTime="2020-09-01T17:52:10.7309654+01:00" testType="13cdc9d9-ddb5-4fa4-a97d-d965ccfc6d4b" outcome="Passed" testListId="8c84fa94-04c1-424b-9868-57a2d4851a1d" relativeResultsDirectory="1cf00a58-5a80-4ebf-ae73-ab3cf1e643ad" dataRowInfo="2" resultType="DataDrivenDataRow" />
      </InnerResults>
    </UnitTestResult>
    <UnitTestResult executionId="cd29333e-addf-4dc6-b795-d7ee0a634803" testId="9d4133ce-d100-cb57-5378-7ee78c039307" testName="Create_Passing_InvalidOrNull_Value_Returns_ApplicationException" computerName="PC-SFERRARI" duration="00:00:00.0033746" startTime="2020-09-01T17:52:10.4645423+01:00" endTime="2020-09-01T17:52:10.4680202+01:00" testType="13cdc9d9-ddb5-4fa4-a97d-d965ccfc6d4b" outcome="Passed" testListId="8c84fa94-04c1-424b-9868-57a2d4851a1d" relativeResultsDirectory="cd29333e-addf-4dc6-b795-d7ee0a634803" resultType="DataDrivenTest">
      <InnerResults>
        <UnitTestResult executionId="f2aa12e7-4e05-4073-83f7-db3523214942" parentExecutionId="cd29333e-addf-4dc6-b795-d7ee0a634803" testId="9d4133ce-d100-cb57-5378-7ee78c039307" testName="Create_Passing_InvalidOrNull_Value_Returns_ApplicationException (Tenerife,23,34567,San Bartoleme De Tirajana,Las Palmas,)" computerName="PC-SFERRARI" duration="00:00:00.0031497" startTime="2020-09-01T17:52:10.4645423+01:00" endTime="2020-09-01T17:52:10.4680202+01:00" testType="13cdc9d9-ddb5-4fa4-a97d-d965ccfc6d4b" outcome="Passed" testListId="8c84fa94-04c1-424b-9868-57a2d4851a1d" relativeResultsDirectory="f2aa12e7-4e05-4073-83f7-db3523214942" dataRowInfo="1" resultType="DataDrivenDataRow" />
        <UnitTestResult executionId="118137ef-067f-4573-967b-87b77c971364" parentExecutionId="cd29333e-addf-4dc6-b795-d7ee0a634803" testId="9d4133ce-d100-cb57-5378-7ee78c039307" testName="Create_Passing_InvalidOrNull_Value_Returns_ApplicationException (,789,DF7956,Sabadell,Barcelona,España)" computerName="PC-SFERRARI" duration="00:00:00.0000476" startTime="2020-09-01T17:52:10.4645423+01:00" endTime="2020-09-01T17:52:10.4680202+01:00" testType="13cdc9d9-ddb5-4fa4-a97d-d965ccfc6d4b" outcome="Passed" testListId="8c84fa94-04c1-424b-9868-57a2d4851a1d" relativeResultsDirectory="118137ef-067f-4573-967b-87b77c971364" dataRowInfo="2" resultType="DataDrivenDataRow" />
        <UnitTestResult executionId="0a6f93ec-3d1b-402c-9309-6e364a8c7760" parentExecutionId="cd29333e-addf-4dc6-b795-d7ee0a634803" testId="9d4133ce-d100-cb57-5378-7ee78c039307" testName="Create_Passing_InvalidOrNull_Value_Returns_ApplicationException (Tenerife,-10,DF7956,Sabadell,Barcelona,España)" computerName="PC-SFERRARI" duration="00:00:00.0000479" startTime="2020-09-01T17:52:10.4645423+01:00" endTime="2020-09-01T17:52:10.4680202+01:00" testType="13cdc9d9-ddb5-4fa4-a97d-d965ccfc6d4b" outcome="Passed" testListId="8c84fa94-04c1-424b-9868-57a2d4851a1d" relativeResultsDirectory="0a6f93ec-3d1b-402c-9309-6e364a8c7760" dataRowInfo="3" resultType="DataDrivenDataRow" />
      </InnerResults>
    </UnitTestResult>
    <UnitTestResult executionId="cf2143d4-d3ad-4f0c-b806-48701a21a238" testId="4ffb1e76-cb8e-8152-5127-75a5ccf2e82d" testName="GetAll_Passing_Nothing_Returns_Enumeracion_List" computerName="PC-SFERRARI" duration="00:00:00.0016163" startTime="2020-09-01T17:52:11.6738625+01:00" endTime="2020-09-01T17:52:11.6755564+01:00" testType="13cdc9d9-ddb5-4fa4-a97d-d965ccfc6d4b" outcome="Passed" testListId="8c84fa94-04c1-424b-9868-57a2d4851a1d" relativeResultsDirectory="cf2143d4-d3ad-4f0c-b806-48701a21a238" />
    <UnitTestResult executionId="a81536ef-6a23-4c3b-a254-c4eb140a7100" testId="2a42fb62-90e3-d0b8-2433-6770585d59ac" testName="ToNormalize_Passing_Valid_Values_Returns_Address_String_Format" computerName="PC-SFERRARI" duration="00:00:00.0041392" startTime="2020-09-01T17:52:10.9435199+01:00" endTime="2020-09-01T17:52:10.9478255+01:00" testType="13cdc9d9-ddb5-4fa4-a97d-d965ccfc6d4b" outcome="Passed" testListId="8c84fa94-04c1-424b-9868-57a2d4851a1d" relativeResultsDirectory="a81536ef-6a23-4c3b-a254-c4eb140a7100" resultType="DataDrivenTest">
      <InnerResults>
        <UnitTestResult executionId="6c2eaaf9-1a6c-4cb2-bbf0-766b8fd34400" parentExecutionId="a81536ef-6a23-4c3b-a254-c4eb140a7100" testId="2a42fb62-90e3-d0b8-2433-6770585d59ac" testName="ToNormalize_Passing_Valid_Values_Returns_Address_String_Format (ñandu@gmail.com)" computerName="PC-SFERRARI" duration="00:00:00.0038774" startTime="2020-09-01T17:52:10.9435199+01:00" endTime="2020-09-01T17:52:10.9478255+01:00" testType="13cdc9d9-ddb5-4fa4-a97d-d965ccfc6d4b" outcome="Passed" testListId="8c84fa94-04c1-424b-9868-57a2d4851a1d" relativeResultsDirectory="6c2eaaf9-1a6c-4cb2-bbf0-766b8fd34400" dataRowInfo="1" resultType="DataDrivenDataRow" />
        <UnitTestResult executionId="8acaad3e-bf44-4372-8713-613129ff89e2" parentExecutionId="a81536ef-6a23-4c3b-a254-c4eb140a7100" testId="2a42fb62-90e3-d0b8-2433-6770585d59ac" testName="ToNormalize_Passing_Valid_Values_Returns_Address_String_Format (ádsads@ggg.cc)" computerName="PC-SFERRARI" duration="00:00:00.0000603" startTime="2020-09-01T17:52:10.9435199+01:00" endTime="2020-09-01T17:52:10.9478255+01:00" testType="13cdc9d9-ddb5-4fa4-a97d-d965ccfc6d4b" outcome="Passed" testListId="8c84fa94-04c1-424b-9868-57a2d4851a1d" relativeResultsDirectory="8acaad3e-bf44-4372-8713-613129ff89e2" dataRowInfo="2" resultType="DataDrivenDataRow" />
        <UnitTestResult executionId="2bfeee77-3ac0-4f34-a6cb-52e321c5c6be" parentExecutionId="a81536ef-6a23-4c3b-a254-c4eb140a7100" testId="2a42fb62-90e3-d0b8-2433-6770585d59ac" testName="ToNormalize_Passing_Valid_Values_Returns_Address_String_Format (aaads@ggg.cc)" computerName="PC-SFERRARI" duration="00:00:00.0000460" startTime="2020-09-01T17:52:10.9435199+01:00" endTime="2020-09-01T17:52:10.9478255+01:00" testType="13cdc9d9-ddb5-4fa4-a97d-d965ccfc6d4b" outcome="Passed" testListId="8c84fa94-04c1-424b-9868-57a2d4851a1d" relativeResultsDirectory="2bfeee77-3ac0-4f34-a6cb-52e321c5c6be" dataRowInfo="3" resultType="DataDrivenDataRow" />
        <UnitTestResult executionId="cf17c936-f30b-41ad-a34e-5f2a3b8e19f9" parentExecutionId="a81536ef-6a23-4c3b-a254-c4eb140a7100" testId="2a42fb62-90e3-d0b8-2433-6770585d59ac" testName="ToNormalize_Passing_Valid_Values_Returns_Address_String_Format (bb_ads@ggg.cc)" computerName="PC-SFERRARI" duration="00:00:00.0000513" startTime="2020-09-01T17:52:10.9435199+01:00" endTime="2020-09-01T17:52:10.9478255+01:00" testType="13cdc9d9-ddb5-4fa4-a97d-d965ccfc6d4b" outcome="Passed" testListId="8c84fa94-04c1-424b-9868-57a2d4851a1d" relativeResultsDirectory="cf17c936-f30b-41ad-a34e-5f2a3b8e19f9" dataRowInfo="4" resultType="DataDrivenDataRow" />
      </InnerResults>
    </UnitTestResult>
    <UnitTestResult executionId="743c7fbb-4fec-4136-92ae-dc6019011609" testId="0331e231-5e2b-199a-2247-9bc7f2606067" testName="ToEnum_Passing_Valid_String_ShortName_Enumeracion_Returns_Enumeracion" computerName="PC-SFERRARI" duration="00:00:00.0001953" startTime="2020-09-01T17:52:11.6723777+01:00" endTime="2020-09-01T17:52:11.6726605+01:00" testType="13cdc9d9-ddb5-4fa4-a97d-d965ccfc6d4b" outcome="Passed" testListId="8c84fa94-04c1-424b-9868-57a2d4851a1d" relativeResultsDirectory="743c7fbb-4fec-4136-92ae-dc6019011609" />
    <UnitTestResult executionId="a292d0cd-0a2e-44df-9096-6df729a9a739" testId="7c9f6c94-8d7d-5c31-2b93-fff4124ed3c5" testName="OperatorNotEqual_Passing_Valid_Values_Returns_True" computerName="PC-SFERRARI" duration="00:00:00.0002461" startTime="2020-09-01T17:52:11.0461642+01:00" endTime="2020-09-01T17:52:11.0464857+01:00" testType="13cdc9d9-ddb5-4fa4-a97d-d965ccfc6d4b" outcome="Passed" testListId="8c84fa94-04c1-424b-9868-57a2d4851a1d" relativeResultsDirectory="a292d0cd-0a2e-44df-9096-6df729a9a739" resultType="DataDrivenTest">
      <InnerResults>
        <UnitTestResult executionId="cdac1ba6-826b-4bfe-a0a9-73d45f845099" parentExecutionId="a292d0cd-0a2e-44df-9096-6df729a9a739" testId="7c9f6c94-8d7d-5c31-2b93-fff4124ed3c5" testName="OperatorNotEqual_Passing_Valid_Values_Returns_True (San Bartoleme De Tirajana,Las Palmas,España)" computerName="PC-SFERRARI" duration="00:00:00.0001649" startTime="2020-09-01T17:52:11.0461642+01:00" endTime="2020-09-01T17:52:11.0464857+01:00" testType="13cdc9d9-ddb5-4fa4-a97d-d965ccfc6d4b" outcome="Passed" testListId="8c84fa94-04c1-424b-9868-57a2d4851a1d" relativeResultsDirectory="cdac1ba6-826b-4bfe-a0a9-73d45f845099" dataRowInfo="1" resultType="DataDrivenDataRow" />
        <UnitTestResult executionId="9861e316-f821-4bdf-a3d4-db6f3d4de725" parentExecutionId="a292d0cd-0a2e-44df-9096-6df729a9a739" testId="7c9f6c94-8d7d-5c31-2b93-fff4124ed3c5" testName="OperatorNotEqual_Passing_Valid_Values_Returns_True (Sabadell,Barcelona,España)" computerName="PC-SFERRARI" duration="00:00:00.0000335" startTime="2020-09-01T17:52:11.0461642+01:00" endTime="2020-09-01T17:52:11.0464857+01:00" testType="13cdc9d9-ddb5-4fa4-a97d-d965ccfc6d4b" outcome="Passed" testListId="8c84fa94-04c1-424b-9868-57a2d4851a1d" relativeResultsDirectory="9861e316-f821-4bdf-a3d4-db6f3d4de725" dataRowInfo="2" resultType="DataDrivenDataRow" />
      </InnerResults>
    </UnitTestResult>
    <UnitTestResult executionId="996b1e95-1da6-4d5a-a103-81fbffd72376" testId="bb27667d-2509-633e-e3c4-28c478f5b41c" testName="Equals_Passing_Valid_Values_Returns_True" computerName="PC-SFERRARI" duration="00:00:00.0025594" startTime="2020-09-01T17:52:11.1035165+01:00" endTime="2020-09-01T17:52:11.1062509+01:00" testType="13cdc9d9-ddb5-4fa4-a97d-d965ccfc6d4b" outcome="Passed" testListId="8c84fa94-04c1-424b-9868-57a2d4851a1d" relativeResultsDirectory="996b1e95-1da6-4d5a-a103-81fbffd72376" resultType="DataDrivenTest">
      <InnerResults>
        <UnitTestResult executionId="2c38a09a-b33e-40b3-ba30-d758b500de61" parentExecutionId="996b1e95-1da6-4d5a-a103-81fbffd72376" testId="bb27667d-2509-633e-e3c4-28c478f5b41c" testName="Equals_Passing_Valid_Values_Returns_True (100,EUR,2)" computerName="PC-SFERRARI" duration="00:00:00.0014901" startTime="2020-09-01T17:52:11.1035165+01:00" endTime="2020-09-01T17:52:11.1062509+01:00" testType="13cdc9d9-ddb5-4fa4-a97d-d965ccfc6d4b" outcome="Passed" testListId="8c84fa94-04c1-424b-9868-57a2d4851a1d" relativeResultsDirectory="2c38a09a-b33e-40b3-ba30-d758b500de61" dataRowInfo="1" resultType="DataDrivenDataRow" />
        <UnitTestResult executionId="33383c8b-103c-4562-8e09-e7f9022e7c9d" parentExecutionId="996b1e95-1da6-4d5a-a103-81fbffd72376" testId="bb27667d-2509-633e-e3c4-28c478f5b41c" testName="Equals_Passing_Valid_Values_Returns_True (200,EUR,4)" computerName="PC-SFERRARI" duration="00:00:00.0004931" startTime="2020-09-01T17:52:11.1035165+01:00" endTime="2020-09-01T17:52:11.1062509+01:00" testType="13cdc9d9-ddb5-4fa4-a97d-d965ccfc6d4b" outcome="Passed" testListId="8c84fa94-04c1-424b-9868-57a2d4851a1d" relativeResultsDirectory="33383c8b-103c-4562-8e09-e7f9022e7c9d" dataRowInfo="2" resultType="DataDrivenDataRow" />
        <UnitTestResult executionId="97de76f7-b201-4753-8751-da852e976c82" parentExecutionId="996b1e95-1da6-4d5a-a103-81fbffd72376" testId="bb27667d-2509-633e-e3c4-28c478f5b41c" testName="Equals_Passing_Valid_Values_Returns_True (400,USD,8)" computerName="PC-SFERRARI" duration="00:00:00.0004694" startTime="2020-09-01T17:52:11.1035165+01:00" endTime="2020-09-01T17:52:11.1062509+01:00" testType="13cdc9d9-ddb5-4fa4-a97d-d965ccfc6d4b" outcome="Passed" testListId="8c84fa94-04c1-424b-9868-57a2d4851a1d" relativeResultsDirectory="97de76f7-b201-4753-8751-da852e976c82" dataRowInfo="3" resultType="DataDrivenDataRow" />
      </InnerResults>
    </UnitTestResult>
    <UnitTestResult executionId="1c5cc77f-e6dd-4e9e-a023-a444a656300b" testId="a7b68708-c69e-0ff4-e40e-725b6fe202e8" testName="GetAll_Passing_Nothing_Returns_Enumeracion_List" computerName="PC-SFERRARI" duration="00:00:00.0001837" startTime="2020-09-01T17:52:11.7755181+01:00" endTime="2020-09-01T17:52:11.7757713+01:00" testType="13cdc9d9-ddb5-4fa4-a97d-d965ccfc6d4b" outcome="Passed" testListId="8c84fa94-04c1-424b-9868-57a2d4851a1d" relativeResultsDirectory="1c5cc77f-e6dd-4e9e-a023-a444a656300b" />
    <UnitTestResult executionId="e476d00d-ba54-494a-b4f7-7ac924054b00" testId="58248327-dbb4-f8f8-c890-f039c6d19d4a" testName="OperatorEqual_Passing_Valid_Values_Returns_False" computerName="PC-SFERRARI" duration="00:00:00.0002327" startTime="2020-09-01T17:52:10.6736742+01:00" endTime="2020-09-01T17:52:10.6739907+01:00" testType="13cdc9d9-ddb5-4fa4-a97d-d965ccfc6d4b" outcome="Passed" testListId="8c84fa94-04c1-424b-9868-57a2d4851a1d" relativeResultsDirectory="e476d00d-ba54-494a-b4f7-7ac924054b00" resultType="DataDrivenTest">
      <InnerResults>
        <UnitTestResult executionId="64a189f6-a8c4-46d8-88b9-874aef7e385b" parentExecutionId="e476d00d-ba54-494a-b4f7-7ac924054b00" testId="58248327-dbb4-f8f8-c890-f039c6d19d4a" testName="OperatorEqual_Passing_Valid_Values_Returns_False (Tenerife,23,34567,San Bartoleme De Tirajana,Las Palmas,España)" computerName="PC-SFERRARI" duration="00:00:00.0001516" startTime="2020-09-01T17:52:10.6736742+01:00" endTime="2020-09-01T17:52:10.6739907+01:00" testType="13cdc9d9-ddb5-4fa4-a97d-d965ccfc6d4b" outcome="Passed" testListId="8c84fa94-04c1-424b-9868-57a2d4851a1d" relativeResultsDirectory="64a189f6-a8c4-46d8-88b9-874aef7e385b" dataRowInfo="1" resultType="DataDrivenDataRow" />
        <UnitTestResult executionId="62b0bedc-4030-4a99-8525-9a5bf34518da" parentExecutionId="e476d00d-ba54-494a-b4f7-7ac924054b00" testId="58248327-dbb4-f8f8-c890-f039c6d19d4a" testName="OperatorEqual_Passing_Valid_Values_Returns_False (Pader,789,DF7956,Sabadell,Barcelona,España)" computerName="PC-SFERRARI" duration="00:00:00.0000199" startTime="2020-09-01T17:52:10.6736742+01:00" endTime="2020-09-01T17:52:10.6739907+01:00" testType="13cdc9d9-ddb5-4fa4-a97d-d965ccfc6d4b" outcome="Passed" testListId="8c84fa94-04c1-424b-9868-57a2d4851a1d" relativeResultsDirectory="62b0bedc-4030-4a99-8525-9a5bf34518da" dataRowInfo="2" resultType="DataDrivenDataRow" />
      </InnerResults>
    </UnitTestResult>
    <UnitTestResult executionId="9a55a72a-51c9-4d35-bde4-682c62e66e6d" testId="153dd652-4eeb-f718-2869-b5ccdad8d784" testName="OperatorEqual_Passing_Valid_Values_Returns_True" computerName="PC-SFERRARI" duration="00:00:00.0011156" startTime="2020-09-01T17:52:11.1081566+01:00" endTime="2020-09-01T17:52:11.1093767+01:00" testType="13cdc9d9-ddb5-4fa4-a97d-d965ccfc6d4b" outcome="Passed" testListId="8c84fa94-04c1-424b-9868-57a2d4851a1d" relativeResultsDirectory="9a55a72a-51c9-4d35-bde4-682c62e66e6d" resultType="DataDrivenTest">
      <InnerResults>
        <UnitTestResult executionId="fca18266-a540-4004-8f96-7f153894ed8b" parentExecutionId="9a55a72a-51c9-4d35-bde4-682c62e66e6d" testId="153dd652-4eeb-f718-2869-b5ccdad8d784" testName="OperatorEqual_Passing_Valid_Values_Returns_True (100,EUR,2)" computerName="PC-SFERRARI" duration="00:00:00.0004088" startTime="2020-09-01T17:52:11.1081566+01:00" endTime="2020-09-01T17:52:11.1093767+01:00" testType="13cdc9d9-ddb5-4fa4-a97d-d965ccfc6d4b" outcome="Passed" testListId="8c84fa94-04c1-424b-9868-57a2d4851a1d" relativeResultsDirectory="fca18266-a540-4004-8f96-7f153894ed8b" dataRowInfo="1" resultType="DataDrivenDataRow" />
        <UnitTestResult executionId="f8a4d675-f362-47af-93b9-e2548db3610d" parentExecutionId="9a55a72a-51c9-4d35-bde4-682c62e66e6d" testId="153dd652-4eeb-f718-2869-b5ccdad8d784" testName="OperatorEqual_Passing_Valid_Values_Returns_True (200,EUR,4)" computerName="PC-SFERRARI" duration="00:00:00.0002743" startTime="2020-09-01T17:52:11.1081566+01:00" endTime="2020-09-01T17:52:11.1093767+01:00" testType="13cdc9d9-ddb5-4fa4-a97d-d965ccfc6d4b" outcome="Passed" testListId="8c84fa94-04c1-424b-9868-57a2d4851a1d" relativeResultsDirectory="f8a4d675-f362-47af-93b9-e2548db3610d" dataRowInfo="2" resultType="DataDrivenDataRow" />
        <UnitTestResult executionId="856c7f67-566b-418c-ad06-ee9bddeb74a7" parentExecutionId="9a55a72a-51c9-4d35-bde4-682c62e66e6d" testId="153dd652-4eeb-f718-2869-b5ccdad8d784" testName="OperatorEqual_Passing_Valid_Values_Returns_True (400,USD,8)" computerName="PC-SFERRARI" duration="00:00:00.0003398" startTime="2020-09-01T17:52:11.1081566+01:00" endTime="2020-09-01T17:52:11.1093767+01:00" testType="13cdc9d9-ddb5-4fa4-a97d-d965ccfc6d4b" outcome="Passed" testListId="8c84fa94-04c1-424b-9868-57a2d4851a1d" relativeResultsDirectory="856c7f67-566b-418c-ad06-ee9bddeb74a7" dataRowInfo="3" resultType="DataDrivenDataRow" />
      </InnerResults>
    </UnitTestResult>
    <UnitTestResult executionId="40a8ebbf-4ea2-4419-9a75-626a9149aaf8" testId="b4fa98e0-ad74-6dc8-23c1-bd54dd325a57" testName="Equals_Passing_Valid_Values_Returns_True" computerName="PC-SFERRARI" duration="00:00:00.0008635" startTime="2020-09-01T17:52:10.9945534+01:00" endTime="2020-09-01T17:52:10.9954898+01:00" testType="13cdc9d9-ddb5-4fa4-a97d-d965ccfc6d4b" outcome="Passed" testListId="8c84fa94-04c1-424b-9868-57a2d4851a1d" relativeResultsDirectory="40a8ebbf-4ea2-4419-9a75-626a9149aaf8" resultType="DataDrivenTest">
      <InnerResults>
        <UnitTestResult executionId="7d5a0394-b08f-445b-93d6-0d77b77b7d13" parentExecutionId="40a8ebbf-4ea2-4419-9a75-626a9149aaf8" testId="b4fa98e0-ad74-6dc8-23c1-bd54dd325a57" testName="Equals_Passing_Valid_Values_Returns_True (San Bartoleme De Tirajana,Las Palmas,España)" computerName="PC-SFERRARI" duration="00:00:00.0007706" startTime="2020-09-01T17:52:10.9945534+01:00" endTime="2020-09-01T17:52:10.9954898+01:00" testType="13cdc9d9-ddb5-4fa4-a97d-d965ccfc6d4b" outcome="Passed" testListId="8c84fa94-04c1-424b-9868-57a2d4851a1d" relativeResultsDirectory="7d5a0394-b08f-445b-93d6-0d77b77b7d13" dataRowInfo="1" resultType="DataDrivenDataRow" />
        <UnitTestResult executionId="2e6160d4-34ba-471a-9231-79024633dcea" parentExecutionId="40a8ebbf-4ea2-4419-9a75-626a9149aaf8" testId="b4fa98e0-ad74-6dc8-23c1-bd54dd325a57" testName="Equals_Passing_Valid_Values_Returns_True (Sabadell,Barcelona,España)" computerName="PC-SFERRARI" duration="00:00:00.0000405" startTime="2020-09-01T17:52:10.9945534+01:00" endTime="2020-09-01T17:52:10.9954898+01:00" testType="13cdc9d9-ddb5-4fa4-a97d-d965ccfc6d4b" outcome="Passed" testListId="8c84fa94-04c1-424b-9868-57a2d4851a1d" relativeResultsDirectory="2e6160d4-34ba-471a-9231-79024633dcea" dataRowInfo="2" resultType="DataDrivenDataRow" />
      </InnerResults>
    </UnitTestResult>
    <UnitTestResult executionId="9640c3f3-6ccf-4fe4-9b12-6a33d027166d" testId="cff35c85-26ba-6235-75c6-1c2564d348c6" testName="IsNull_Passing_Valid_Values_Returns_False" computerName="PC-SFERRARI" duration="00:00:00.0015990" startTime="2020-09-01T17:52:11.5817210+01:00" endTime="2020-09-01T17:52:11.5835525+01:00" testType="13cdc9d9-ddb5-4fa4-a97d-d965ccfc6d4b" outcome="Passed" testListId="8c84fa94-04c1-424b-9868-57a2d4851a1d" relativeResultsDirectory="9640c3f3-6ccf-4fe4-9b12-6a33d027166d" resultType="DataDrivenTest">
      <InnerResults>
        <UnitTestResult executionId="a45939dc-e6d6-4aeb-a616-2e23b1d4c08f" parentExecutionId="9640c3f3-6ccf-4fe4-9b12-6a33d027166d" testId="cff35c85-26ba-6235-75c6-1c2564d348c6" testName="IsNull_Passing_Valid_Values_Returns_False (456,43543543543)" computerName="PC-SFERRARI" duration="00:00:00.0015070" startTime="2020-09-01T17:52:11.5817210+01:00" endTime="2020-09-01T17:52:11.5835525+01:00" testType="13cdc9d9-ddb5-4fa4-a97d-d965ccfc6d4b" outcome="Passed" testListId="8c84fa94-04c1-424b-9868-57a2d4851a1d" relativeResultsDirectory="a45939dc-e6d6-4aeb-a616-2e23b1d4c08f" dataRowInfo="1" resultType="DataDrivenDataRow" />
        <UnitTestResult executionId="1f6274c3-3e01-4878-b52b-e4e67a125d0a" parentExecutionId="9640c3f3-6ccf-4fe4-9b12-6a33d027166d" testId="cff35c85-26ba-6235-75c6-1c2564d348c6" testName="IsNull_Passing_Valid_Values_Returns_False (D45,86554654)" computerName="PC-SFERRARI" duration="00:00:00.0000126" startTime="2020-09-01T17:52:11.5817210+01:00" endTime="2020-09-01T17:52:11.5835525+01:00" testType="13cdc9d9-ddb5-4fa4-a97d-d965ccfc6d4b" outcome="Passed" testListId="8c84fa94-04c1-424b-9868-57a2d4851a1d" relativeResultsDirectory="1f6274c3-3e01-4878-b52b-e4e67a125d0a" dataRowInfo="2" resultType="DataDrivenDataRow" />
      </InnerResults>
    </UnitTestResult>
    <UnitTestResult executionId="cdd5fb8d-3387-451e-9a0d-e12993318e3f" testId="a50cb7dc-992a-23d1-57a7-839a1118dfa3" testName="GetAll_Passing_Nothing_Returns_Enumeracion_List" computerName="PC-SFERRARI" duration="00:00:00.0001650" startTime="2020-09-01T17:52:11.7000053+01:00" endTime="2020-09-01T17:52:11.7002397+01:00" testType="13cdc9d9-ddb5-4fa4-a97d-d965ccfc6d4b" outcome="Passed" testListId="8c84fa94-04c1-424b-9868-57a2d4851a1d" relativeResultsDirectory="cdd5fb8d-3387-451e-9a0d-e12993318e3f" />
    <UnitTestResult executionId="30a56212-c650-47d7-bc34-f6727c3647f9" testId="b5816c40-b187-058a-299e-906a7a313317" testName="OperatorNotEqual_Passing_Valid_Values_Returns_True" computerName="PC-SFERRARI" duration="00:00:00.0018534" startTime="2020-09-01T17:52:11.1593926+01:00" endTime="2020-09-01T17:52:11.1614221+01:00" testType="13cdc9d9-ddb5-4fa4-a97d-d965ccfc6d4b" outcome="Passed" testListId="8c84fa94-04c1-424b-9868-57a2d4851a1d" relativeResultsDirectory="30a56212-c650-47d7-bc34-f6727c3647f9" resultType="DataDrivenTest">
      <InnerResults>
        <UnitTestResult executionId="1f80e861-fdaa-42ed-9e35-5c3f03e6d27a" parentExecutionId="30a56212-c650-47d7-bc34-f6727c3647f9" testId="b5816c40-b187-058a-299e-906a7a313317" testName="OperatorNotEqual_Passing_Valid_Values_Returns_True (100,EUR,2)" computerName="PC-SFERRARI" duration="00:00:00.0007984" startTime="2020-09-01T17:52:11.1593926+01:00" endTime="2020-09-01T17:52:11.1614221+01:00" testType="13cdc9d9-ddb5-4fa4-a97d-d965ccfc6d4b" outcome="Passed" testListId="8c84fa94-04c1-424b-9868-57a2d4851a1d" relativeResultsDirectory="1f80e861-fdaa-42ed-9e35-5c3f03e6d27a" dataRowInfo="1" resultType="DataDrivenDataRow" />
        <UnitTestResult executionId="d7b5ab1a-3046-42e5-80d6-b3043d7feabe" parentExecutionId="30a56212-c650-47d7-bc34-f6727c3647f9" testId="b5816c40-b187-058a-299e-906a7a313317" testName="OperatorNotEqual_Passing_Valid_Values_Returns_True (200,EUR,4)" computerName="PC-SFERRARI" duration="00:00:00.0004648" startTime="2020-09-01T17:52:11.1593926+01:00" endTime="2020-09-01T17:52:11.1614221+01:00" testType="13cdc9d9-ddb5-4fa4-a97d-d965ccfc6d4b" outcome="Passed" testListId="8c84fa94-04c1-424b-9868-57a2d4851a1d" relativeResultsDirectory="d7b5ab1a-3046-42e5-80d6-b3043d7feabe" dataRowInfo="2" resultType="DataDrivenDataRow" />
        <UnitTestResult executionId="941aae4f-d971-4b49-8277-914ee914dc81" parentExecutionId="30a56212-c650-47d7-bc34-f6727c3647f9" testId="b5816c40-b187-058a-299e-906a7a313317" testName="OperatorNotEqual_Passing_Valid_Values_Returns_True (400,EUR,8)" computerName="PC-SFERRARI" duration="00:00:00.0004607" startTime="2020-09-01T17:52:11.1593926+01:00" endTime="2020-09-01T17:52:11.1614221+01:00" testType="13cdc9d9-ddb5-4fa4-a97d-d965ccfc6d4b" outcome="Passed" testListId="8c84fa94-04c1-424b-9868-57a2d4851a1d" relativeResultsDirectory="941aae4f-d971-4b49-8277-914ee914dc81" dataRowInfo="3" resultType="DataDrivenDataRow" />
      </InnerResults>
    </UnitTestResult>
    <UnitTestResult executionId="7c580100-e049-4991-b2f6-c3f185b2d894" testId="193201d0-a425-c313-33b9-f8d20ace7f79" testName="ToEnum_Passing_Null_Bool_Value_Returns_Inactive_Status" computerName="PC-SFERRARI" duration="00:00:00.0001091" startTime="2020-09-01T17:52:11.7530691+01:00" endTime="2020-09-01T17:52:11.7532493+01:00" testType="13cdc9d9-ddb5-4fa4-a97d-d965ccfc6d4b" outcome="Passed" testListId="8c84fa94-04c1-424b-9868-57a2d4851a1d" relativeResultsDirectory="7c580100-e049-4991-b2f6-c3f185b2d894" />
    <UnitTestResult executionId="0d805234-c66a-49c1-9c2f-946947147e1a" testId="fe3ab238-f960-1d99-07e6-892c4c0d0c46" testName="Equals_Passing_Valid_Distinct_Values_Returns_False" computerName="PC-SFERRARI" duration="00:00:00.0017033" startTime="2020-09-01T17:52:11.1063017+01:00" endTime="2020-09-01T17:52:11.1081212+01:00" testType="13cdc9d9-ddb5-4fa4-a97d-d965ccfc6d4b" outcome="Passed" testListId="8c84fa94-04c1-424b-9868-57a2d4851a1d" relativeResultsDirectory="0d805234-c66a-49c1-9c2f-946947147e1a" resultType="DataDrivenTest">
      <InnerResults>
        <UnitTestResult executionId="a2c27c0a-34aa-4a09-be85-554bcc464e7b" parentExecutionId="0d805234-c66a-49c1-9c2f-946947147e1a" testId="fe3ab238-f960-1d99-07e6-892c4c0d0c46" testName="Equals_Passing_Valid_Distinct_Values_Returns_False (100,EUR,2)" computerName="PC-SFERRARI" duration="00:00:00.0006860" startTime="2020-09-01T17:52:11.1063017+01:00" endTime="2020-09-01T17:52:11.1081212+01:00" testType="13cdc9d9-ddb5-4fa4-a97d-d965ccfc6d4b" outcome="Passed" testListId="8c84fa94-04c1-424b-9868-57a2d4851a1d" relativeResultsDirectory="a2c27c0a-34aa-4a09-be85-554bcc464e7b" dataRowInfo="1" resultType="DataDrivenDataRow" />
        <UnitTestResult executionId="a731e13a-b38d-4390-b102-c3fcdd1f4c19" parentExecutionId="0d805234-c66a-49c1-9c2f-946947147e1a" testId="fe3ab238-f960-1d99-07e6-892c4c0d0c46" testName="Equals_Passing_Valid_Distinct_Values_Returns_False (200,EUR,4)" computerName="PC-SFERRARI" duration="00:00:00.0004658" startTime="2020-09-01T17:52:11.1063017+01:00" endTime="2020-09-01T17:52:11.1081212+01:00" testType="13cdc9d9-ddb5-4fa4-a97d-d965ccfc6d4b" outcome="Passed" testListId="8c84fa94-04c1-424b-9868-57a2d4851a1d" relativeResultsDirectory="a731e13a-b38d-4390-b102-c3fcdd1f4c19" dataRowInfo="2" resultType="DataDrivenDataRow" />
        <UnitTestResult executionId="66d46952-ab92-4042-bad1-5c6ac52bf1c0" parentExecutionId="0d805234-c66a-49c1-9c2f-946947147e1a" testId="fe3ab238-f960-1d99-07e6-892c4c0d0c46" testName="Equals_Passing_Valid_Distinct_Values_Returns_False (400,EUR,8)" computerName="PC-SFERRARI" duration="00:00:00.0004589" startTime="2020-09-01T17:52:11.1063017+01:00" endTime="2020-09-01T17:52:11.1081212+01:00" testType="13cdc9d9-ddb5-4fa4-a97d-d965ccfc6d4b" outcome="Passed" testListId="8c84fa94-04c1-424b-9868-57a2d4851a1d" relativeResultsDirectory="66d46952-ab92-4042-bad1-5c6ac52bf1c0" dataRowInfo="3" resultType="DataDrivenDataRow" />
      </InnerResults>
    </UnitTestResult>
    <UnitTestResult executionId="43fa129a-dca1-4e4f-8cb8-2e641eda7348" testId="3f4c3f71-cc6a-91e9-8105-a3b714346d19" testName="Create_Passing_InvalidOrNull_Value_Returns_ApplicationException" computerName="PC-SFERRARI" duration="00:00:00.0006178" startTime="2020-09-01T17:52:11.5094490+01:00" endTime="2020-09-01T17:52:11.5102175+01:00" testType="13cdc9d9-ddb5-4fa4-a97d-d965ccfc6d4b" outcome="Passed" testListId="8c84fa94-04c1-424b-9868-57a2d4851a1d" relativeResultsDirectory="43fa129a-dca1-4e4f-8cb8-2e641eda7348" resultType="DataDrivenTest">
      <InnerResults>
        <UnitTestResult executionId="39a71e70-8eb8-4dd0-9d60-b90eb61cc436" parentExecutionId="43fa129a-dca1-4e4f-8cb8-2e641eda7348" testId="3f4c3f71-cc6a-91e9-8105-a3b714346d19" testName="Create_Passing_InvalidOrNull_Value_Returns_ApplicationException ()" computerName="PC-SFERRARI" duration="00:00:00.0003924" startTime="2020-09-01T17:52:11.5094490+01:00" endTime="2020-09-01T17:52:11.5102175+01:00" testType="13cdc9d9-ddb5-4fa4-a97d-d965ccfc6d4b" outcome="Passed" testListId="8c84fa94-04c1-424b-9868-57a2d4851a1d" relativeResultsDirectory="39a71e70-8eb8-4dd0-9d60-b90eb61cc436" dataRowInfo="1" resultType="DataDrivenDataRow" />
        <UnitTestResult executionId="73c08ffc-a5f9-4d2f-9774-bf6c263201e5" parentExecutionId="43fa129a-dca1-4e4f-8cb8-2e641eda7348" testId="3f4c3f71-cc6a-91e9-8105-a3b714346d19" testName="Create_Passing_InvalidOrNull_Value_Returns_ApplicationException ()" computerName="PC-SFERRARI" duration="00:00:00.0000469" startTime="2020-09-01T17:52:11.5094490+01:00" endTime="2020-09-01T17:52:11.5102175+01:00" testType="13cdc9d9-ddb5-4fa4-a97d-d965ccfc6d4b" outcome="Passed" testListId="8c84fa94-04c1-424b-9868-57a2d4851a1d" relativeResultsDirectory="73c08ffc-a5f9-4d2f-9774-bf6c263201e5" dataRowInfo="2" resultType="DataDrivenDataRow" />
        <UnitTestResult executionId="1b500087-8907-46f1-be66-a8fe6ba0c0e4" parentExecutionId="43fa129a-dca1-4e4f-8cb8-2e641eda7348" testId="3f4c3f71-cc6a-91e9-8105-a3b714346d19" testName="Create_Passing_InvalidOrNull_Value_Returns_ApplicationException (___dasfs$·%%$%$$·%$)" computerName="PC-SFERRARI" duration="00:00:00.0000499" startTime="2020-09-01T17:52:11.5094490+01:00" endTime="2020-09-01T17:52:11.5102175+01:00" testType="13cdc9d9-ddb5-4fa4-a97d-d965ccfc6d4b" outcome="Passed" testListId="8c84fa94-04c1-424b-9868-57a2d4851a1d" relativeResultsDirectory="1b500087-8907-46f1-be66-a8fe6ba0c0e4" dataRowInfo="3" resultType="DataDrivenDataRow" />
        <UnitTestResult executionId="0bbaffde-6726-4d4a-b2c8-ac38bfdba048" parentExecutionId="43fa129a-dca1-4e4f-8cb8-2e641eda7348" testId="3f4c3f71-cc6a-91e9-8105-a3b714346d19" testName="Create_Passing_InvalidOrNull_Value_Returns_ApplicationException (..¬¬¬sdffdsfdssd.dd)" computerName="PC-SFERRARI" duration="00:00:00.0000402" startTime="2020-09-01T17:52:11.5094490+01:00" endTime="2020-09-01T17:52:11.5102175+01:00" testType="13cdc9d9-ddb5-4fa4-a97d-d965ccfc6d4b" outcome="Passed" testListId="8c84fa94-04c1-424b-9868-57a2d4851a1d" relativeResultsDirectory="0bbaffde-6726-4d4a-b2c8-ac38bfdba048" dataRowInfo="4" resultType="DataDrivenDataRow" />
      </InnerResults>
    </UnitTestResult>
    <UnitTestResult executionId="b615dbf8-7e60-4440-8f7b-1b979d2d8d20" testId="b10bbd05-c792-3d8c-96c7-1a5f4647c7dd" testName="OperatorEqual_Passing_Valid_Distinct_Values_Returns_False" computerName="PC-SFERRARI" duration="00:00:00.0004708" startTime="2020-09-01T17:52:11.3148439+01:00" endTime="2020-09-01T17:52:11.3154970+01:00" testType="13cdc9d9-ddb5-4fa4-a97d-d965ccfc6d4b" outcome="Passed" testListId="8c84fa94-04c1-424b-9868-57a2d4851a1d" relativeResultsDirectory="b615dbf8-7e60-4440-8f7b-1b979d2d8d20" resultType="DataDrivenTest">
      <InnerResults>
        <UnitTestResult executionId="f9e59f37-6a6b-4092-80a8-734339cfa160" parentExecutionId="b615dbf8-7e60-4440-8f7b-1b979d2d8d20" testId="b10bbd05-c792-3d8c-96c7-1a5f4647c7dd" testName="OperatorEqual_Passing_Valid_Distinct_Values_Returns_False (España)" computerName="PC-SFERRARI" duration="00:00:00.0001843" startTime="2020-09-01T17:52:11.3148439+01:00" endTime="2020-09-01T17:52:11.3154970+01:00" testType="13cdc9d9-ddb5-4fa4-a97d-d965ccfc6d4b" outcome="Passed" testListId="8c84fa94-04c1-424b-9868-57a2d4851a1d" relativeResultsDirectory="f9e59f37-6a6b-4092-80a8-734339cfa160" dataRowInfo="1" resultType="DataDrivenDataRow" />
        <UnitTestResult executionId="3d73b034-552f-404e-b4d1-69046acf6052" parentExecutionId="b615dbf8-7e60-4440-8f7b-1b979d2d8d20" testId="b10bbd05-c792-3d8c-96c7-1a5f4647c7dd" testName="OperatorEqual_Passing_Valid_Distinct_Values_Returns_False (Españá)" computerName="PC-SFERRARI" duration="00:00:00.0000157" startTime="2020-09-01T17:52:11.3148439+01:00" endTime="2020-09-01T17:52:11.3154970+01:00" testType="13cdc9d9-ddb5-4fa4-a97d-d965ccfc6d4b" outcome="Passed" testListId="8c84fa94-04c1-424b-9868-57a2d4851a1d" relativeResultsDirectory="3d73b034-552f-404e-b4d1-69046acf6052" dataRowInfo="2" resultType="DataDrivenDataRow" />
        <UnitTestResult executionId="b6de8549-1674-45fc-aa90-f3ee2bf91481" parentExecutionId="b615dbf8-7e60-4440-8f7b-1b979d2d8d20" testId="b10bbd05-c792-3d8c-96c7-1a5f4647c7dd" testName="OperatorEqual_Passing_Valid_Distinct_Values_Returns_False (Españà)" computerName="PC-SFERRARI" duration="00:00:00.0000250" startTime="2020-09-01T17:52:11.3148439+01:00" endTime="2020-09-01T17:52:11.3154970+01:00" testType="13cdc9d9-ddb5-4fa4-a97d-d965ccfc6d4b" outcome="Passed" testListId="8c84fa94-04c1-424b-9868-57a2d4851a1d" relativeResultsDirectory="b6de8549-1674-45fc-aa90-f3ee2bf91481" dataRowInfo="3" resultType="DataDrivenDataRow" />
        <UnitTestResult executionId="7a7ae37e-a45b-4d80-b158-c432d3404aef" parentExecutionId="b615dbf8-7e60-4440-8f7b-1b979d2d8d20" testId="b10bbd05-c792-3d8c-96c7-1a5f4647c7dd" testName="OperatorEqual_Passing_Valid_Distinct_Values_Returns_False (Españä)" computerName="PC-SFERRARI" duration="00:00:00.0000196" startTime="2020-09-01T17:52:11.3148439+01:00" endTime="2020-09-01T17:52:11.3154970+01:00" testType="13cdc9d9-ddb5-4fa4-a97d-d965ccfc6d4b" outcome="Passed" testListId="8c84fa94-04c1-424b-9868-57a2d4851a1d" relativeResultsDirectory="7a7ae37e-a45b-4d80-b158-c432d3404aef" dataRowInfo="4" resultType="DataDrivenDataRow" />
        <UnitTestResult executionId="bbd3349a-2d07-48cd-a8a6-0d050495aceb" parentExecutionId="b615dbf8-7e60-4440-8f7b-1b979d2d8d20" testId="b10bbd05-c792-3d8c-96c7-1a5f4647c7dd" testName="OperatorEqual_Passing_Valid_Distinct_Values_Returns_False (Españâ)" computerName="PC-SFERRARI" duration="00:00:00.0000129" startTime="2020-09-01T17:52:11.3148439+01:00" endTime="2020-09-01T17:52:11.3154970+01:00" testType="13cdc9d9-ddb5-4fa4-a97d-d965ccfc6d4b" outcome="Passed" testListId="8c84fa94-04c1-424b-9868-57a2d4851a1d" relativeResultsDirectory="bbd3349a-2d07-48cd-a8a6-0d050495aceb" dataRowInfo="5" resultType="DataDrivenDataRow" />
        <UnitTestResult executionId="14f20c74-8a99-46f1-999a-5c36a144b595" parentExecutionId="b615dbf8-7e60-4440-8f7b-1b979d2d8d20" testId="b10bbd05-c792-3d8c-96c7-1a5f4647c7dd" testName="OperatorEqual_Passing_Valid_Distinct_Values_Returns_False (Españã)" computerName="PC-SFERRARI" duration="00:00:00.0000189" startTime="2020-09-01T17:52:11.3148439+01:00" endTime="2020-09-01T17:52:11.3154970+01:00" testType="13cdc9d9-ddb5-4fa4-a97d-d965ccfc6d4b" outcome="Passed" testListId="8c84fa94-04c1-424b-9868-57a2d4851a1d" relativeResultsDirectory="14f20c74-8a99-46f1-999a-5c36a144b595" dataRowInfo="6" resultType="DataDrivenDataRow" />
        <UnitTestResult executionId="75d3c04b-50e4-487d-aad5-caf91ab0fd97" parentExecutionId="b615dbf8-7e60-4440-8f7b-1b979d2d8d20" testId="b10bbd05-c792-3d8c-96c7-1a5f4647c7dd" testName="OperatorEqual_Passing_Valid_Distinct_Values_Returns_False (Españç)" computerName="PC-SFERRARI" duration="00:00:00.0000219" startTime="2020-09-01T17:52:11.3148439+01:00" endTime="2020-09-01T17:52:11.3154970+01:00" testType="13cdc9d9-ddb5-4fa4-a97d-d965ccfc6d4b" outcome="Passed" testListId="8c84fa94-04c1-424b-9868-57a2d4851a1d" relativeResultsDirectory="75d3c04b-50e4-487d-aad5-caf91ab0fd97" dataRowInfo="7" resultType="DataDrivenDataRow" />
        <UnitTestResult executionId="83cf96cb-0093-4711-93a9-974e0cc9159d" parentExecutionId="b615dbf8-7e60-4440-8f7b-1b979d2d8d20" testId="b10bbd05-c792-3d8c-96c7-1a5f4647c7dd" testName="OperatorEqual_Passing_Valid_Distinct_Values_Returns_False (Españħ)" computerName="PC-SFERRARI" duration="00:00:00.0000131" startTime="2020-09-01T17:52:11.3148439+01:00" endTime="2020-09-01T17:52:11.3154970+01:00" testType="13cdc9d9-ddb5-4fa4-a97d-d965ccfc6d4b" outcome="Passed" testListId="8c84fa94-04c1-424b-9868-57a2d4851a1d" relativeResultsDirectory="83cf96cb-0093-4711-93a9-974e0cc9159d" dataRowInfo="8" resultType="DataDrivenDataRow" />
        <UnitTestResult executionId="226bd8fe-5c2f-4036-85a3-43fd9919795e" parentExecutionId="b615dbf8-7e60-4440-8f7b-1b979d2d8d20" testId="b10bbd05-c792-3d8c-96c7-1a5f4647c7dd" testName="OperatorEqual_Passing_Valid_Distinct_Values_Returns_False (Esp añâ)" computerName="PC-SFERRARI" duration="00:00:00.0000189" startTime="2020-09-01T17:52:11.3148439+01:00" endTime="2020-09-01T17:52:11.3154970+01:00" testType="13cdc9d9-ddb5-4fa4-a97d-d965ccfc6d4b" outcome="Passed" testListId="8c84fa94-04c1-424b-9868-57a2d4851a1d" relativeResultsDirectory="226bd8fe-5c2f-4036-85a3-43fd9919795e" dataRowInfo="9" resultType="DataDrivenDataRow" />
      </InnerResults>
    </UnitTestResult>
    <UnitTestResult executionId="2e8b5e87-27b7-46b1-a889-06e0c20c1961" testId="96c7d001-66b9-71f2-30b3-dc555077fc27" testName="ToEnum_Passing_Invalid_String_Name_Returns_Null" computerName="PC-SFERRARI" duration="00:00:00.0001317" startTime="2020-09-01T17:52:11.7219646+01:00" endTime="2020-09-01T17:52:11.7221741+01:00" testType="13cdc9d9-ddb5-4fa4-a97d-d965ccfc6d4b" outcome="Passed" testListId="8c84fa94-04c1-424b-9868-57a2d4851a1d" relativeResultsDirectory="2e8b5e87-27b7-46b1-a889-06e0c20c1961" />
    <UnitTestResult executionId="894a06ab-e6c3-4db3-8dbd-e5c049e280d8" testId="35cd21bd-ac3d-8082-2cc2-47d7b4ce3a25" testName="IsNull_Passing_Null_Value_Returns_True" computerName="PC-SFERRARI" duration="00:00:00.0003298" startTime="2020-09-01T17:52:11.1860137+01:00" endTime="2020-09-01T17:52:11.1865089+01:00" testType="13cdc9d9-ddb5-4fa4-a97d-d965ccfc6d4b" outcome="Passed" testListId="8c84fa94-04c1-424b-9868-57a2d4851a1d" relativeResultsDirectory="894a06ab-e6c3-4db3-8dbd-e5c049e280d8" />
    <UnitTestResult executionId="6e01797d-03a9-4fdc-be5d-9f26acb6d485" testId="5b9ad273-899e-043f-1d95-78fcc6790837" testName="ToBool_Passing_Valid_Status_Inactive_Returns_False" computerName="PC-SFERRARI" duration="00:00:00.0002164" startTime="2020-09-01T17:52:11.7539759+01:00" endTime="2020-09-01T17:52:11.7542719+01:00" testType="13cdc9d9-ddb5-4fa4-a97d-d965ccfc6d4b" outcome="Passed" testListId="8c84fa94-04c1-424b-9868-57a2d4851a1d" relativeResultsDirectory="6e01797d-03a9-4fdc-be5d-9f26acb6d485" />
    <UnitTestResult executionId="f1a2345a-ac33-4838-812d-24bac7b24e0d" testId="afb94819-d000-5c73-f44b-f1e36fef6d66" testName="Change_Passing_Valid_Values_Returns_Currency" computerName="PC-SFERRARI" duration="00:00:00.0006921" startTime="2020-09-01T17:52:10.7321939+01:00" endTime="2020-09-01T17:52:10.7329768+01:00" testType="13cdc9d9-ddb5-4fa4-a97d-d965ccfc6d4b" outcome="Passed" testListId="8c84fa94-04c1-424b-9868-57a2d4851a1d" relativeResultsDirectory="f1a2345a-ac33-4838-812d-24bac7b24e0d" resultType="DataDrivenTest">
      <InnerResults>
        <UnitTestResult executionId="dab8e3e8-5a06-4fa8-a1d4-8444e087d97c" parentExecutionId="f1a2345a-ac33-4838-812d-24bac7b24e0d" testId="afb94819-d000-5c73-f44b-f1e36fef6d66" testName="Change_Passing_Valid_Values_Returns_Currency (EUR)" computerName="PC-SFERRARI" duration="00:00:00.0006511" startTime="2020-09-01T17:52:10.7321939+01:00" endTime="2020-09-01T17:52:10.7329768+01:00" testType="13cdc9d9-ddb5-4fa4-a97d-d965ccfc6d4b" outcome="Passed" testListId="8c84fa94-04c1-424b-9868-57a2d4851a1d" relativeResultsDirectory="dab8e3e8-5a06-4fa8-a1d4-8444e087d97c" dataRowInfo="1" resultType="DataDrivenDataRow" />
      </InnerResults>
    </UnitTestResult>
    <UnitTestResult executionId="00240bc3-4acc-407a-a4a4-29ebda4fc04d" testId="b939a012-7d2e-b3be-e613-740fc697b8d4" testName="OperatorNotEqual_Passing_Valid_Values_Returns_False" computerName="PC-SFERRARI" duration="00:00:00.0004657" startTime="2020-09-01T17:52:11.3512465+01:00" endTime="2020-09-01T17:52:11.3518960+01:00" testType="13cdc9d9-ddb5-4fa4-a97d-d965ccfc6d4b" outcome="Passed" testListId="8c84fa94-04c1-424b-9868-57a2d4851a1d" relativeResultsDirectory="00240bc3-4acc-407a-a4a4-29ebda4fc04d" resultType="DataDrivenTest">
      <InnerResults>
        <UnitTestResult executionId="1540f365-109c-484e-b122-7d2594f2d7b2" parentExecutionId="00240bc3-4acc-407a-a4a4-29ebda4fc04d" testId="b939a012-7d2e-b3be-e613-740fc697b8d4" testName="OperatorNotEqual_Passing_Valid_Values_Returns_False (España)" computerName="PC-SFERRARI" duration="00:00:00.0002011" startTime="2020-09-01T17:52:11.3512465+01:00" endTime="2020-09-01T17:52:11.3518960+01:00" testType="13cdc9d9-ddb5-4fa4-a97d-d965ccfc6d4b" outcome="Passed" testListId="8c84fa94-04c1-424b-9868-57a2d4851a1d" relativeResultsDirectory="1540f365-109c-484e-b122-7d2594f2d7b2" dataRowInfo="1" resultType="DataDrivenDataRow" />
        <UnitTestResult executionId="d8290fc9-dbac-45ed-97c9-25e3307529b3" parentExecutionId="00240bc3-4acc-407a-a4a4-29ebda4fc04d" testId="b939a012-7d2e-b3be-e613-740fc697b8d4" testName="OperatorNotEqual_Passing_Valid_Values_Returns_False (Españá)" computerName="PC-SFERRARI" duration="00:00:00.0000152" startTime="2020-09-01T17:52:11.3512465+01:00" endTime="2020-09-01T17:52:11.3518960+01:00" testType="13cdc9d9-ddb5-4fa4-a97d-d965ccfc6d4b" outcome="Passed" testListId="8c84fa94-04c1-424b-9868-57a2d4851a1d" relativeResultsDirectory="d8290fc9-dbac-45ed-97c9-25e3307529b3" dataRowInfo="2" resultType="DataDrivenDataRow" />
        <UnitTestResult executionId="359d2379-ae87-40ae-819e-8424fe16c605" parentExecutionId="00240bc3-4acc-407a-a4a4-29ebda4fc04d" testId="b939a012-7d2e-b3be-e613-740fc697b8d4" testName="OperatorNotEqual_Passing_Valid_Values_Returns_False (Españà)" computerName="PC-SFERRARI" duration="00:00:00.0000133" startTime="2020-09-01T17:52:11.3512465+01:00" endTime="2020-09-01T17:52:11.3518960+01:00" testType="13cdc9d9-ddb5-4fa4-a97d-d965ccfc6d4b" outcome="Passed" testListId="8c84fa94-04c1-424b-9868-57a2d4851a1d" relativeResultsDirectory="359d2379-ae87-40ae-819e-8424fe16c605" dataRowInfo="3" resultType="DataDrivenDataRow" />
        <UnitTestResult executionId="78a29a17-b225-404b-bb05-ee5ba3d77b9c" parentExecutionId="00240bc3-4acc-407a-a4a4-29ebda4fc04d" testId="b939a012-7d2e-b3be-e613-740fc697b8d4" testName="OperatorNotEqual_Passing_Valid_Values_Returns_False (Españä)" computerName="PC-SFERRARI" duration="00:00:00.0000212" startTime="2020-09-01T17:52:11.3512465+01:00" endTime="2020-09-01T17:52:11.3518960+01:00" testType="13cdc9d9-ddb5-4fa4-a97d-d965ccfc6d4b" outcome="Passed" testListId="8c84fa94-04c1-424b-9868-57a2d4851a1d" relativeResultsDirectory="78a29a17-b225-404b-bb05-ee5ba3d77b9c" dataRowInfo="4" resultType="DataDrivenDataRow" />
        <UnitTestResult executionId="95c19236-9d56-4061-81b6-d23386950735" parentExecutionId="00240bc3-4acc-407a-a4a4-29ebda4fc04d" testId="b939a012-7d2e-b3be-e613-740fc697b8d4" testName="OperatorNotEqual_Passing_Valid_Values_Returns_False (Españâ)" computerName="PC-SFERRARI" duration="00:00:00.0000125" startTime="2020-09-01T17:52:11.3512465+01:00" endTime="2020-09-01T17:52:11.3518960+01:00" testType="13cdc9d9-ddb5-4fa4-a97d-d965ccfc6d4b" outcome="Passed" testListId="8c84fa94-04c1-424b-9868-57a2d4851a1d" relativeResultsDirectory="95c19236-9d56-4061-81b6-d23386950735" dataRowInfo="5" resultType="DataDrivenDataRow" />
        <UnitTestResult executionId="2b1bec51-bac4-46c7-b700-4046b32ebb01" parentExecutionId="00240bc3-4acc-407a-a4a4-29ebda4fc04d" testId="b939a012-7d2e-b3be-e613-740fc697b8d4" testName="OperatorNotEqual_Passing_Valid_Values_Returns_False (Españã)" computerName="PC-SFERRARI" duration="00:00:00.0000184" startTime="2020-09-01T17:52:11.3512465+01:00" endTime="2020-09-01T17:52:11.3518960+01:00" testType="13cdc9d9-ddb5-4fa4-a97d-d965ccfc6d4b" outcome="Passed" testListId="8c84fa94-04c1-424b-9868-57a2d4851a1d" relativeResultsDirectory="2b1bec51-bac4-46c7-b700-4046b32ebb01" dataRowInfo="6" resultType="DataDrivenDataRow" />
        <UnitTestResult executionId="598df10e-61ef-42e5-ab71-8157d0e00d46" parentExecutionId="00240bc3-4acc-407a-a4a4-29ebda4fc04d" testId="b939a012-7d2e-b3be-e613-740fc697b8d4" testName="OperatorNotEqual_Passing_Valid_Values_Returns_False (Españç)" computerName="PC-SFERRARI" duration="00:00:00.0000187" startTime="2020-09-01T17:52:11.3512465+01:00" endTime="2020-09-01T17:52:11.3518960+01:00" testType="13cdc9d9-ddb5-4fa4-a97d-d965ccfc6d4b" outcome="Passed" testListId="8c84fa94-04c1-424b-9868-57a2d4851a1d" relativeResultsDirectory="598df10e-61ef-42e5-ab71-8157d0e00d46" dataRowInfo="7" resultType="DataDrivenDataRow" />
        <UnitTestResult executionId="dee29579-1e53-4464-a5fa-86efcb9d31bb" parentExecutionId="00240bc3-4acc-407a-a4a4-29ebda4fc04d" testId="b939a012-7d2e-b3be-e613-740fc697b8d4" testName="OperatorNotEqual_Passing_Valid_Values_Returns_False (Españħ)" computerName="PC-SFERRARI" duration="00:00:00.0000167" startTime="2020-09-01T17:52:11.3512465+01:00" endTime="2020-09-01T17:52:11.3518960+01:00" testType="13cdc9d9-ddb5-4fa4-a97d-d965ccfc6d4b" outcome="Passed" testListId="8c84fa94-04c1-424b-9868-57a2d4851a1d" relativeResultsDirectory="dee29579-1e53-4464-a5fa-86efcb9d31bb" dataRowInfo="8" resultType="DataDrivenDataRow" />
        <UnitTestResult executionId="9db0fc54-c55a-49da-abdf-7d132fc1f175" parentExecutionId="00240bc3-4acc-407a-a4a4-29ebda4fc04d" testId="b939a012-7d2e-b3be-e613-740fc697b8d4" testName="OperatorNotEqual_Passing_Valid_Values_Returns_False (Esp añâ)" computerName="PC-SFERRARI" duration="00:00:00.0000207" startTime="2020-09-01T17:52:11.3512465+01:00" endTime="2020-09-01T17:52:11.3518960+01:00" testType="13cdc9d9-ddb5-4fa4-a97d-d965ccfc6d4b" outcome="Passed" testListId="8c84fa94-04c1-424b-9868-57a2d4851a1d" relativeResultsDirectory="9db0fc54-c55a-49da-abdf-7d132fc1f175" dataRowInfo="9" resultType="DataDrivenDataRow" />
      </InnerResults>
    </UnitTestResult>
    <UnitTestResult executionId="53944819-731b-4cac-b253-def9ee7596cf" testId="bc0c68a9-1876-bb25-d382-c4c45b27b3d9" testName="ToEnum_Passing_Valid_String_Name_Returns_Enumeracion" computerName="PC-SFERRARI" duration="00:00:00.0005996" startTime="2020-09-01T17:52:11.7211399+01:00" endTime="2020-09-01T17:52:11.7219420+01:00" testType="13cdc9d9-ddb5-4fa4-a97d-d965ccfc6d4b" outcome="Passed" testListId="8c84fa94-04c1-424b-9868-57a2d4851a1d" relativeResultsDirectory="53944819-731b-4cac-b253-def9ee7596cf" />
    <UnitTestResult executionId="db1954d9-38bb-433c-9c19-ed9ff494f553" testId="145bd153-18cc-3e25-baa5-f3e74b60f467" testName="ToEnum_Passing_Invalid_String_Name_Enumeracion_Returns_Null" computerName="PC-SFERRARI" duration="00:00:00.0001422" startTime="2020-09-01T17:52:11.7748361+01:00" endTime="2020-09-01T17:52:11.7750619+01:00" testType="13cdc9d9-ddb5-4fa4-a97d-d965ccfc6d4b" outcome="Passed" testListId="8c84fa94-04c1-424b-9868-57a2d4851a1d" relativeResultsDirectory="db1954d9-38bb-433c-9c19-ed9ff494f553" />
    <UnitTestResult executionId="c07b1e82-b81e-435e-8703-b934c60f44e6" testId="bf7415ae-45f0-be29-e76d-b41b408fe020" testName="IsNull_Passing_Valid_Value_Returns_False" computerName="PC-SFERRARI" duration="00:00:00.0487924" startTime="2020-09-01T17:52:10.7853131+01:00" endTime="2020-09-01T17:52:10.8343538+01:00" testType="13cdc9d9-ddb5-4fa4-a97d-d965ccfc6d4b" outcome="Passed" testListId="8c84fa94-04c1-424b-9868-57a2d4851a1d" relativeResultsDirectory="c07b1e82-b81e-435e-8703-b934c60f44e6" resultType="DataDrivenTest">
      <InnerResults>
        <UnitTestResult executionId="35676f41-37c2-41e9-8a6f-5233b3e4de47" parentExecutionId="c07b1e82-b81e-435e-8703-b934c60f44e6" testId="bf7415ae-45f0-be29-e76d-b41b408fe020" testName="IsNull_Passing_Valid_Value_Returns_False (dasdasd@dsasd.ff)" computerName="PC-SFERRARI" duration="00:00:00.0486939" startTime="2020-09-01T17:52:10.7853131+01:00" endTime="2020-09-01T17:52:10.8343538+01:00" testType="13cdc9d9-ddb5-4fa4-a97d-d965ccfc6d4b" outcome="Passed" testListId="8c84fa94-04c1-424b-9868-57a2d4851a1d" relativeResultsDirectory="35676f41-37c2-41e9-8a6f-5233b3e4de47" dataRowInfo="1" resultType="DataDrivenDataRow" />
        <UnitTestResult executionId="81deab1e-6dfa-49d4-a816-553c0bc76d38" parentExecutionId="c07b1e82-b81e-435e-8703-b934c60f44e6" testId="bf7415ae-45f0-be29-e76d-b41b408fe020" testName="IsNull_Passing_Valid_Value_Returns_False (34fsds@sdd.fgg)" computerName="PC-SFERRARI" duration="00:00:00.0000271" startTime="2020-09-01T17:52:10.7853131+01:00" endTime="2020-09-01T17:52:10.8343538+01:00" testType="13cdc9d9-ddb5-4fa4-a97d-d965ccfc6d4b" outcome="Passed" testListId="8c84fa94-04c1-424b-9868-57a2d4851a1d" relativeResultsDirectory="81deab1e-6dfa-49d4-a816-553c0bc76d38" dataRowInfo="2" resultType="DataDrivenDataRow" />
      </InnerResults>
    </UnitTestResult>
    <UnitTestResult executionId="dbafa2bc-22b1-40ac-bec5-6d1f99e5e47b" testId="383215a1-c7ec-2234-60ab-45389defa320" testName="IsActive_Passing_Nothing_Returns_True" computerName="PC-SFERRARI" duration="00:00:00.0001741" startTime="2020-09-01T17:52:11.7545675+01:00" endTime="2020-09-01T17:52:11.7548248+01:00" testType="13cdc9d9-ddb5-4fa4-a97d-d965ccfc6d4b" outcome="Passed" testListId="8c84fa94-04c1-424b-9868-57a2d4851a1d" relativeResultsDirectory="dbafa2bc-22b1-40ac-bec5-6d1f99e5e47b" />
    <UnitTestResult executionId="840c32df-869f-4197-a3fe-ef215a653b3b" testId="4845f67a-9f1a-743f-fdc8-caf62d8a1f4e" testName="Equals_Passing_Valid_Values_Returns_True" computerName="PC-SFERRARI" duration="00:00:00.0009090" startTime="2020-09-01T17:52:11.5321262+01:00" endTime="2020-09-01T17:52:11.5331802+01:00" testType="13cdc9d9-ddb5-4fa4-a97d-d965ccfc6d4b" outcome="Passed" testListId="8c84fa94-04c1-424b-9868-57a2d4851a1d" relativeResultsDirectory="840c32df-869f-4197-a3fe-ef215a653b3b" resultType="DataDrivenTest">
      <InnerResults>
        <UnitTestResult executionId="19db92db-1560-449a-bdac-d4c7142f4909" parentExecutionId="840c32df-869f-4197-a3fe-ef215a653b3b" testId="4845f67a-9f1a-743f-fdc8-caf62d8a1f4e" testName="Equals_Passing_Valid_Values_Returns_True (app.hackerone1.com)" computerName="PC-SFERRARI" duration="00:00:00.0008028" startTime="2020-09-01T17:52:11.5321262+01:00" endTime="2020-09-01T17:52:11.5331802+01:00" testType="13cdc9d9-ddb5-4fa4-a97d-d965ccfc6d4b" outcome="Passed" testListId="8c84fa94-04c1-424b-9868-57a2d4851a1d" relativeResultsDirectory="19db92db-1560-449a-bdac-d4c7142f4909" dataRowInfo="1" resultType="DataDrivenDataRow" />
        <UnitTestResult executionId="11a4e787-6112-4a50-b571-1fa7e509772b" parentExecutionId="840c32df-869f-4197-a3fe-ef215a653b3b" testId="4845f67a-9f1a-743f-fdc8-caf62d8a1f4e" testName="Equals_Passing_Valid_Values_Returns_True (www.hackerone-com)" computerName="PC-SFERRARI" duration="00:00:00.0000223" startTime="2020-09-01T17:52:11.5321262+01:00" endTime="2020-09-01T17:52:11.5331802+01:00" testType="13cdc9d9-ddb5-4fa4-a97d-d965ccfc6d4b" outcome="Passed" testListId="8c84fa94-04c1-424b-9868-57a2d4851a1d" relativeResultsDirectory="11a4e787-6112-4a50-b571-1fa7e509772b" dataRowInfo="2" resultType="DataDrivenDataRow" />
        <UnitTestResult executionId="a38f49ff-f6e8-4249-aaa4-0818e868a2a0" parentExecutionId="840c32df-869f-4197-a3fe-ef215a653b3b" testId="4845f67a-9f1a-743f-fdc8-caf62d8a1f4e" testName="Equals_Passing_Valid_Values_Returns_True (stage_hackerone.com)" computerName="PC-SFERRARI" duration="00:00:00.0000153" startTime="2020-09-01T17:52:11.5321262+01:00" endTime="2020-09-01T17:52:11.5331802+01:00" testType="13cdc9d9-ddb5-4fa4-a97d-d965ccfc6d4b" outcome="Passed" testListId="8c84fa94-04c1-424b-9868-57a2d4851a1d" relativeResultsDirectory="a38f49ff-f6e8-4249-aaa4-0818e868a2a0" dataRowInfo="3" resultType="DataDrivenDataRow" />
      </InnerResults>
    </UnitTestResult>
    <UnitTestResult executionId="5014648b-2992-4bb4-be1c-0123cb4f6c33" testId="3265fbd4-437d-4974-fc11-e9c28c6df816" testName="ToNormalize_Passing_Valid_Values_Returns_Name_String_Format" computerName="PC-SFERRARI" duration="00:00:00.0008213" startTime="2020-09-01T17:52:11.3965602+01:00" endTime="2020-09-01T17:52:11.3975690+01:00" testType="13cdc9d9-ddb5-4fa4-a97d-d965ccfc6d4b" outcome="Passed" testListId="8c84fa94-04c1-424b-9868-57a2d4851a1d" relativeResultsDirectory="5014648b-2992-4bb4-be1c-0123cb4f6c33" resultType="DataDrivenTest">
      <InnerResults>
        <UnitTestResult executionId="c6173438-2130-42bd-a0a6-ea7b74fc7abc" parentExecutionId="5014648b-2992-4bb4-be1c-0123cb4f6c33" testId="3265fbd4-437d-4974-fc11-e9c28c6df816" testName="ToNormalize_Passing_Valid_Values_Returns_Name_String_Format (España,Espana)" computerName="PC-SFERRARI" duration="00:00:00.0004547" startTime="2020-09-01T17:52:11.3965602+01:00" endTime="2020-09-01T17:52:11.3975690+01:00" testType="13cdc9d9-ddb5-4fa4-a97d-d965ccfc6d4b" outcome="Passed" testListId="8c84fa94-04c1-424b-9868-57a2d4851a1d" relativeResultsDirectory="c6173438-2130-42bd-a0a6-ea7b74fc7abc" dataRowInfo="1" resultType="DataDrivenDataRow" />
        <UnitTestResult executionId="ad2c81e8-5b01-4cba-9b9d-56602091499a" parentExecutionId="5014648b-2992-4bb4-be1c-0123cb4f6c33" testId="3265fbd4-437d-4974-fc11-e9c28c6df816" testName="ToNormalize_Passing_Valid_Values_Returns_Name_String_Format (Españá,Espana)" computerName="PC-SFERRARI" duration="00:00:00.0000317" startTime="2020-09-01T17:52:11.3965602+01:00" endTime="2020-09-01T17:52:11.3975690+01:00" testType="13cdc9d9-ddb5-4fa4-a97d-d965ccfc6d4b" outcome="Passed" testListId="8c84fa94-04c1-424b-9868-57a2d4851a1d" relativeResultsDirectory="ad2c81e8-5b01-4cba-9b9d-56602091499a" dataRowInfo="2" resultType="DataDrivenDataRow" />
        <UnitTestResult executionId="b770469f-dd50-4828-b49a-ad84dba13bfc" parentExecutionId="5014648b-2992-4bb4-be1c-0123cb4f6c33" testId="3265fbd4-437d-4974-fc11-e9c28c6df816" testName="ToNormalize_Passing_Valid_Values_Returns_Name_String_Format (Españà,Espana)" computerName="PC-SFERRARI" duration="00:00:00.0000246" startTime="2020-09-01T17:52:11.3965602+01:00" endTime="2020-09-01T17:52:11.3975690+01:00" testType="13cdc9d9-ddb5-4fa4-a97d-d965ccfc6d4b" outcome="Passed" testListId="8c84fa94-04c1-424b-9868-57a2d4851a1d" relativeResultsDirectory="b770469f-dd50-4828-b49a-ad84dba13bfc" dataRowInfo="3" resultType="DataDrivenDataRow" />
        <UnitTestResult executionId="ac52a5c4-ba0b-4070-b544-9a35f646ab22" parentExecutionId="5014648b-2992-4bb4-be1c-0123cb4f6c33" testId="3265fbd4-437d-4974-fc11-e9c28c6df816" testName="ToNormalize_Passing_Valid_Values_Returns_Name_String_Format (Españä,Espana)" computerName="PC-SFERRARI" duration="00:00:00.0000235" startTime="2020-09-01T17:52:11.3965602+01:00" endTime="2020-09-01T17:52:11.3975690+01:00" testType="13cdc9d9-ddb5-4fa4-a97d-d965ccfc6d4b" outcome="Passed" testListId="8c84fa94-04c1-424b-9868-57a2d4851a1d" relativeResultsDirectory="ac52a5c4-ba0b-4070-b544-9a35f646ab22" dataRowInfo="4" resultType="DataDrivenDataRow" />
        <UnitTestResult executionId="a6b952c4-778e-4350-9c99-984511823fb9" parentExecutionId="5014648b-2992-4bb4-be1c-0123cb4f6c33" testId="3265fbd4-437d-4974-fc11-e9c28c6df816" testName="ToNormalize_Passing_Valid_Values_Returns_Name_String_Format (Españâ,Espana)" computerName="PC-SFERRARI" duration="00:00:00.0000233" startTime="2020-09-01T17:52:11.3965602+01:00" endTime="2020-09-01T17:52:11.3975690+01:00" testType="13cdc9d9-ddb5-4fa4-a97d-d965ccfc6d4b" outcome="Passed" testListId="8c84fa94-04c1-424b-9868-57a2d4851a1d" relativeResultsDirectory="a6b952c4-778e-4350-9c99-984511823fb9" dataRowInfo="5" resultType="DataDrivenDataRow" />
        <UnitTestResult executionId="c74cbb4f-e112-473f-a4f6-c73fcbdfcda0" parentExecutionId="5014648b-2992-4bb4-be1c-0123cb4f6c33" testId="3265fbd4-437d-4974-fc11-e9c28c6df816" testName="ToNormalize_Passing_Valid_Values_Returns_Name_String_Format (Españã,Espana)" computerName="PC-SFERRARI" duration="00:00:00.0000232" startTime="2020-09-01T17:52:11.3965602+01:00" endTime="2020-09-01T17:52:11.3975690+01:00" testType="13cdc9d9-ddb5-4fa4-a97d-d965ccfc6d4b" outcome="Passed" testListId="8c84fa94-04c1-424b-9868-57a2d4851a1d" relativeResultsDirectory="c74cbb4f-e112-473f-a4f6-c73fcbdfcda0" dataRowInfo="6" resultType="DataDrivenDataRow" />
        <UnitTestResult executionId="c0bac6e7-f039-4b0c-802d-44756bdb1354" parentExecutionId="5014648b-2992-4bb4-be1c-0123cb4f6c33" testId="3265fbd4-437d-4974-fc11-e9c28c6df816" testName="ToNormalize_Passing_Valid_Values_Returns_Name_String_Format (Españç,Espanc)" computerName="PC-SFERRARI" duration="00:00:00.0000230" startTime="2020-09-01T17:52:11.3965602+01:00" endTime="2020-09-01T17:52:11.3975690+01:00" testType="13cdc9d9-ddb5-4fa4-a97d-d965ccfc6d4b" outcome="Passed" testListId="8c84fa94-04c1-424b-9868-57a2d4851a1d" relativeResultsDirectory="c0bac6e7-f039-4b0c-802d-44756bdb1354" dataRowInfo="7" resultType="DataDrivenDataRow" />
        <UnitTestResult executionId="cded4bc9-8672-4b39-bcca-48bf67ffb168" parentExecutionId="5014648b-2992-4bb4-be1c-0123cb4f6c33" testId="3265fbd4-437d-4974-fc11-e9c28c6df816" testName="ToNormalize_Passing_Valid_Values_Returns_Name_String_Format (Españħ,Espanh)" computerName="PC-SFERRARI" duration="00:00:00.0000249" startTime="2020-09-01T17:52:11.3965602+01:00" endTime="2020-09-01T17:52:11.3975690+01:00" testType="13cdc9d9-ddb5-4fa4-a97d-d965ccfc6d4b" outcome="Passed" testListId="8c84fa94-04c1-424b-9868-57a2d4851a1d" relativeResultsDirectory="cded4bc9-8672-4b39-bcca-48bf67ffb168" dataRowInfo="8" resultType="DataDrivenDataRow" />
        <UnitTestResult executionId="e585602a-6805-422f-9d6d-8291bc8df646" parentExecutionId="5014648b-2992-4bb4-be1c-0123cb4f6c33" testId="3265fbd4-437d-4974-fc11-e9c28c6df816" testName="ToNormalize_Passing_Valid_Values_Returns_Name_String_Format (Esp añâ,Esp ana)" computerName="PC-SFERRARI" duration="00:00:00.0000235" startTime="2020-09-01T17:52:11.3965602+01:00" endTime="2020-09-01T17:52:11.3975690+01:00" testType="13cdc9d9-ddb5-4fa4-a97d-d965ccfc6d4b" outcome="Passed" testListId="8c84fa94-04c1-424b-9868-57a2d4851a1d" relativeResultsDirectory="e585602a-6805-422f-9d6d-8291bc8df646" dataRowInfo="9" resultType="DataDrivenDataRow" />
      </InnerResults>
    </UnitTestResult>
    <UnitTestResult executionId="b5f79e56-a14f-4e1d-a3e9-5d23b367df1c" testId="7d55952c-7491-2bc1-f80b-6bd31d5146d2" testName="Change_Passing_Valid_Values_Returns_Email" computerName="PC-SFERRARI" duration="00:00:00.0002201" startTime="2020-09-01T17:52:10.8831263+01:00" endTime="2020-09-01T17:52:10.8834278+01:00" testType="13cdc9d9-ddb5-4fa4-a97d-d965ccfc6d4b" outcome="Passed" testListId="8c84fa94-04c1-424b-9868-57a2d4851a1d" relativeResultsDirectory="b5f79e56-a14f-4e1d-a3e9-5d23b367df1c" resultType="DataDrivenTest">
      <InnerResults>
        <UnitTestResult executionId="88778fdd-b25a-40b3-a936-a2dbc8d028f5" parentExecutionId="b5f79e56-a14f-4e1d-a3e9-5d23b367df1c" testId="7d55952c-7491-2bc1-f80b-6bd31d5146d2" testName="Change_Passing_Valid_Values_Returns_Email (aaa@aaa.aaa,hhh@hhh.hhh)" computerName="PC-SFERRARI" duration="00:00:00.0001472" startTime="2020-09-01T17:52:10.8831263+01:00" endTime="2020-09-01T17:52:10.8834278+01:00" testType="13cdc9d9-ddb5-4fa4-a97d-d965ccfc6d4b" outcome="Passed" testListId="8c84fa94-04c1-424b-9868-57a2d4851a1d" relativeResultsDirectory="88778fdd-b25a-40b3-a936-a2dbc8d028f5" dataRowInfo="1" resultType="DataDrivenDataRow" />
        <UnitTestResult executionId="c8ac3d06-0058-47f9-adc7-7db2269707ce" parentExecutionId="b5f79e56-a14f-4e1d-a3e9-5d23b367df1c" testId="7d55952c-7491-2bc1-f80b-6bd31d5146d2" testName="Change_Passing_Valid_Values_Returns_Email (bbbs@bbb.bbb,ppp@ppp.ppp)" computerName="PC-SFERRARI" duration="00:00:00.0000247" startTime="2020-09-01T17:52:10.8831263+01:00" endTime="2020-09-01T17:52:10.8834278+01:00" testType="13cdc9d9-ddb5-4fa4-a97d-d965ccfc6d4b" outcome="Passed" testListId="8c84fa94-04c1-424b-9868-57a2d4851a1d" relativeResultsDirectory="c8ac3d06-0058-47f9-adc7-7db2269707ce" dataRowInfo="2" resultType="DataDrivenDataRow" />
      </InnerResults>
    </UnitTestResult>
    <UnitTestResult executionId="ade0a645-149a-4a19-9533-0e0af86f0758" testId="fc04751a-29b6-34b0-30bc-db8740bebbfc" testName="Equals_Passing_Valid_Values_Returns_False" computerName="PC-SFERRARI" duration="00:00:00.0003860" startTime="2020-09-01T17:52:10.6460838+01:00" endTime="2020-09-01T17:52:10.6465686+01:00" testType="13cdc9d9-ddb5-4fa4-a97d-d965ccfc6d4b" outcome="Passed" testListId="8c84fa94-04c1-424b-9868-57a2d4851a1d" relativeResultsDirectory="ade0a645-149a-4a19-9533-0e0af86f0758" resultType="DataDrivenTest">
      <InnerResults>
        <UnitTestResult executionId="07ec4269-eab0-41fb-8fca-94d16c25bdca" parentExecutionId="ade0a645-149a-4a19-9533-0e0af86f0758" testId="fc04751a-29b6-34b0-30bc-db8740bebbfc" testName="Equals_Passing_Valid_Values_Returns_False (Tenerife,23,34567,San Bartoleme De Tirajana,Las Palmas,España)" computerName="PC-SFERRARI" duration="00:00:00.0003038" startTime="2020-09-01T17:52:10.6460838+01:00" endTime="2020-09-01T17:52:10.6465686+01:00" testType="13cdc9d9-ddb5-4fa4-a97d-d965ccfc6d4b" outcome="Passed" testListId="8c84fa94-04c1-424b-9868-57a2d4851a1d" relativeResultsDirectory="07ec4269-eab0-41fb-8fca-94d16c25bdca" dataRowInfo="1" resultType="DataDrivenDataRow" />
        <UnitTestResult executionId="8f4986f8-a920-440a-a36c-1284dd88436b" parentExecutionId="ade0a645-149a-4a19-9533-0e0af86f0758" testId="fc04751a-29b6-34b0-30bc-db8740bebbfc" testName="Equals_Passing_Valid_Values_Returns_False (Pader,789,DF7956,Sabadell,Barcelona,España)" computerName="PC-SFERRARI" duration="00:00:00.0000228" startTime="2020-09-01T17:52:10.6460838+01:00" endTime="2020-09-01T17:52:10.6465686+01:00" testType="13cdc9d9-ddb5-4fa4-a97d-d965ccfc6d4b" outcome="Passed" testListId="8c84fa94-04c1-424b-9868-57a2d4851a1d" relativeResultsDirectory="8f4986f8-a920-440a-a36c-1284dd88436b" dataRowInfo="2" resultType="DataDrivenDataRow" />
      </InnerResults>
    </UnitTestResult>
    <UnitTestResult executionId="4d288fb6-ce94-4c68-abda-b70ed72c1186" testId="02c00e07-1da7-4a26-741f-c10b40cf8def" testName="ToBool_Passing_Valid_String_Active_Value_Returns_True" computerName="PC-SFERRARI" duration="00:00:00.0006126" startTime="2020-09-01T17:52:11.7532695+01:00" endTime="2020-09-01T17:52:11.7539529+01:00" testType="13cdc9d9-ddb5-4fa4-a97d-d965ccfc6d4b" outcome="Passed" testListId="8c84fa94-04c1-424b-9868-57a2d4851a1d" relativeResultsDirectory="4d288fb6-ce94-4c68-abda-b70ed72c1186" />
    <UnitTestResult executionId="eb3a0cea-8525-4ed4-b1b5-56fad404e667" testId="37226e78-15f9-d454-011f-5b93613f63ef" testName="IsSilver_Passing_Nothing_Returns_True" computerName="PC-SFERRARI" duration="00:00:00.0001649" startTime="2020-09-01T17:52:11.7760673+01:00" endTime="2020-09-01T17:52:11.7763114+01:00" testType="13cdc9d9-ddb5-4fa4-a97d-d965ccfc6d4b" outcome="Passed" testListId="8c84fa94-04c1-424b-9868-57a2d4851a1d" relativeResultsDirectory="eb3a0cea-8525-4ed4-b1b5-56fad404e667" />
    <UnitTestResult executionId="fe937e4e-c0d3-4e47-aed3-7d13e1c9320b" testId="b2d1a9e8-2c10-e79d-2a5b-3b612a1cc6ec" testName="ToFullString_Passing_Valid_Values_Returns_Value_String_Format" computerName="PC-SFERRARI" duration="00:00:00.0004030" startTime="2020-09-01T17:52:10.9940452+01:00" endTime="2020-09-01T17:52:10.9945252+01:00" testType="13cdc9d9-ddb5-4fa4-a97d-d965ccfc6d4b" outcome="Passed" testListId="8c84fa94-04c1-424b-9868-57a2d4851a1d" relativeResultsDirectory="fe937e4e-c0d3-4e47-aed3-7d13e1c9320b" resultType="DataDrivenTest">
      <InnerResults>
        <UnitTestResult executionId="ed5f754b-249d-4690-997a-8f18223637eb" parentExecutionId="fe937e4e-c0d3-4e47-aed3-7d13e1c9320b" testId="b2d1a9e8-2c10-e79d-2a5b-3b612a1cc6ec" testName="ToFullString_Passing_Valid_Values_Returns_Value_String_Format (San Bartoleme De Tirajana,Las Palmas,España)" computerName="PC-SFERRARI" duration="00:00:00.0003275" startTime="2020-09-01T17:52:10.9940452+01:00" endTime="2020-09-01T17:52:10.9945252+01:00" testType="13cdc9d9-ddb5-4fa4-a97d-d965ccfc6d4b" outcome="Passed" testListId="8c84fa94-04c1-424b-9868-57a2d4851a1d" relativeResultsDirectory="ed5f754b-249d-4690-997a-8f18223637eb" dataRowInfo="1" resultType="DataDrivenDataRow" />
        <UnitTestResult executionId="95d46541-2efb-4de2-9b77-1693a1380bb1" parentExecutionId="fe937e4e-c0d3-4e47-aed3-7d13e1c9320b" testId="b2d1a9e8-2c10-e79d-2a5b-3b612a1cc6ec" testName="ToFullString_Passing_Valid_Values_Returns_Value_String_Format (Sabadell,Barcelona,España)" computerName="PC-SFERRARI" duration="00:00:00.0000230" startTime="2020-09-01T17:52:10.9940452+01:00" endTime="2020-09-01T17:52:10.9945252+01:00" testType="13cdc9d9-ddb5-4fa4-a97d-d965ccfc6d4b" outcome="Passed" testListId="8c84fa94-04c1-424b-9868-57a2d4851a1d" relativeResultsDirectory="95d46541-2efb-4de2-9b77-1693a1380bb1" dataRowInfo="2" resultType="DataDrivenDataRow" />
      </InnerResults>
    </UnitTestResult>
    <UnitTestResult executionId="558ae2d8-b5c9-4237-a99f-55fcc7f8e434" testId="c76c5fb3-80cf-3138-b811-ceac3a87cf8e" testName="Create_Passing_Valid_Value_Returns_Email" computerName="PC-SFERRARI" duration="00:00:00.0010215" startTime="2020-09-01T17:52:10.8585727+01:00" endTime="2020-09-01T17:52:10.8596956+01:00" testType="13cdc9d9-ddb5-4fa4-a97d-d965ccfc6d4b" outcome="Passed" testListId="8c84fa94-04c1-424b-9868-57a2d4851a1d" relativeResultsDirectory="558ae2d8-b5c9-4237-a99f-55fcc7f8e434" resultType="DataDrivenTest">
      <InnerResults>
        <UnitTestResult executionId="9c7cdda9-c2e2-4563-b42a-ca1c2d57cadd" parentExecutionId="558ae2d8-b5c9-4237-a99f-55fcc7f8e434" testId="c76c5fb3-80cf-3138-b811-ceac3a87cf8e" testName="Create_Passing_Valid_Value_Returns_Email (dasdasd@dsasd.ff)" computerName="PC-SFERRARI" duration="00:00:00.0001359" startTime="2020-09-01T17:52:10.8585727+01:00" endTime="2020-09-01T17:52:10.8596956+01:00" testType="13cdc9d9-ddb5-4fa4-a97d-d965ccfc6d4b" outcome="Passed" testListId="8c84fa94-04c1-424b-9868-57a2d4851a1d" relativeResultsDirectory="9c7cdda9-c2e2-4563-b42a-ca1c2d57cadd" dataRowInfo="1" resultType="DataDrivenDataRow" />
        <UnitTestResult executionId="1aa2227f-8dc0-44b7-8c8c-0814ed34e8a3" parentExecutionId="558ae2d8-b5c9-4237-a99f-55fcc7f8e434" testId="c76c5fb3-80cf-3138-b811-ceac3a87cf8e" testName="Create_Passing_Valid_Value_Returns_Email (34fsds@sdd.fgg)" computerName="PC-SFERRARI" duration="00:00:00.0000175" startTime="2020-09-01T17:52:10.8585727+01:00" endTime="2020-09-01T17:52:10.8596956+01:00" testType="13cdc9d9-ddb5-4fa4-a97d-d965ccfc6d4b" outcome="Passed" testListId="8c84fa94-04c1-424b-9868-57a2d4851a1d" relativeResultsDirectory="1aa2227f-8dc0-44b7-8c8c-0814ed34e8a3" dataRowInfo="2" resultType="DataDrivenDataRow" />
        <UnitTestResult executionId="a866d5da-bcbf-40bf-a164-65e5d1b7041a" parentExecutionId="558ae2d8-b5c9-4237-a99f-55fcc7f8e434" testId="c76c5fb3-80cf-3138-b811-ceac3a87cf8e" testName="Create_Passing_Valid_Value_Returns_Email (ñandu@gmail.com)" computerName="PC-SFERRARI" duration="00:00:00.0006969" startTime="2020-09-01T17:52:10.8585727+01:00" endTime="2020-09-01T17:52:10.8596956+01:00" testType="13cdc9d9-ddb5-4fa4-a97d-d965ccfc6d4b" outcome="Passed" testListId="8c84fa94-04c1-424b-9868-57a2d4851a1d" relativeResultsDirectory="a866d5da-bcbf-40bf-a164-65e5d1b7041a" dataRowInfo="3" resultType="DataDrivenDataRow" />
        <UnitTestResult executionId="ee3ed5b7-8530-4d54-90d8-4a2351ca2b2f" parentExecutionId="558ae2d8-b5c9-4237-a99f-55fcc7f8e434" testId="c76c5fb3-80cf-3138-b811-ceac3a87cf8e" testName="Create_Passing_Valid_Value_Returns_Email (ádsads@ggg.cc)" computerName="PC-SFERRARI" duration="00:00:00.0000225" startTime="2020-09-01T17:52:10.8585727+01:00" endTime="2020-09-01T17:52:10.8596956+01:00" testType="13cdc9d9-ddb5-4fa4-a97d-d965ccfc6d4b" outcome="Passed" testListId="8c84fa94-04c1-424b-9868-57a2d4851a1d" relativeResultsDirectory="ee3ed5b7-8530-4d54-90d8-4a2351ca2b2f" dataRowInfo="4" resultType="DataDrivenDataRow" />
        <UnitTestResult executionId="7fc77875-687a-4f94-b1ea-c4a42308fbca" parentExecutionId="558ae2d8-b5c9-4237-a99f-55fcc7f8e434" testId="c76c5fb3-80cf-3138-b811-ceac3a87cf8e" testName="Create_Passing_Valid_Value_Returns_Email (aaads@ggg.cc)" computerName="PC-SFERRARI" duration="00:00:00.0000206" startTime="2020-09-01T17:52:10.8585727+01:00" endTime="2020-09-01T17:52:10.8596956+01:00" testType="13cdc9d9-ddb5-4fa4-a97d-d965ccfc6d4b" outcome="Passed" testListId="8c84fa94-04c1-424b-9868-57a2d4851a1d" relativeResultsDirectory="7fc77875-687a-4f94-b1ea-c4a42308fbca" dataRowInfo="5" resultType="DataDrivenDataRow" />
        <UnitTestResult executionId="44c1f0d5-2bd8-4b41-a129-30a63f07f865" parentExecutionId="558ae2d8-b5c9-4237-a99f-55fcc7f8e434" testId="c76c5fb3-80cf-3138-b811-ceac3a87cf8e" testName="Create_Passing_Valid_Value_Returns_Email (bb_ads@ggg.cc)" computerName="PC-SFERRARI" duration="00:00:00.0000167" startTime="2020-09-01T17:52:10.8585727+01:00" endTime="2020-09-01T17:52:10.8596956+01:00" testType="13cdc9d9-ddb5-4fa4-a97d-d965ccfc6d4b" outcome="Passed" testListId="8c84fa94-04c1-424b-9868-57a2d4851a1d" relativeResultsDirectory="44c1f0d5-2bd8-4b41-a129-30a63f07f865" dataRowInfo="6" resultType="DataDrivenDataRow" />
      </InnerResults>
    </UnitTestResult>
    <UnitTestResult executionId="d16a46a1-be62-4309-97de-d0d6d713f241" testId="b80b0b1c-a03f-7462-5741-ff0449349de1" testName="GetAll_Passing_Nothing_Returns_Enumeracion_List" computerName="PC-SFERRARI" duration="00:00:00.0001757" startTime="2020-09-01T17:52:11.7542946+01:00" endTime="2020-09-01T17:52:11.7545449+01:00" testType="13cdc9d9-ddb5-4fa4-a97d-d965ccfc6d4b" outcome="Passed" testListId="8c84fa94-04c1-424b-9868-57a2d4851a1d" relativeResultsDirectory="d16a46a1-be62-4309-97de-d0d6d713f241" />
    <UnitTestResult executionId="eed22923-5f32-454f-af8f-efb2dc10fa86" testId="c5c29f75-9d50-53de-8312-18164417d08c" testName="OperatorEqual_Passing_Valid_Distinct_Values_Returns_False" computerName="PC-SFERRARI" duration="00:00:00.0001719" startTime="2020-09-01T17:52:11.6485683+01:00" endTime="2020-09-01T17:52:11.6488133+01:00" testType="13cdc9d9-ddb5-4fa4-a97d-d965ccfc6d4b" outcome="Passed" testListId="8c84fa94-04c1-424b-9868-57a2d4851a1d" relativeResultsDirectory="eed22923-5f32-454f-af8f-efb2dc10fa86" resultType="DataDrivenTest">
      <InnerResults>
        <UnitTestResult executionId="57447702-13cf-45aa-bd91-5ddb54d26486" parentExecutionId="eed22923-5f32-454f-af8f-efb2dc10fa86" testId="c5c29f75-9d50-53de-8312-18164417d08c" testName="OperatorEqual_Passing_Valid_Distinct_Values_Returns_False (456,43543543543)" computerName="PC-SFERRARI" duration="00:00:00.0001154" startTime="2020-09-01T17:52:11.6485683+01:00" endTime="2020-09-01T17:52:11.6488133+01:00" testType="13cdc9d9-ddb5-4fa4-a97d-d965ccfc6d4b" outcome="Passed" testListId="8c84fa94-04c1-424b-9868-57a2d4851a1d" relativeResultsDirectory="57447702-13cf-45aa-bd91-5ddb54d26486" dataRowInfo="1" resultType="DataDrivenDataRow" />
        <UnitTestResult executionId="a27f0bfb-79e8-44ef-8fed-ea63a6d8b782" parentExecutionId="eed22923-5f32-454f-af8f-efb2dc10fa86" testId="c5c29f75-9d50-53de-8312-18164417d08c" testName="OperatorEqual_Passing_Valid_Distinct_Values_Returns_False (D45,86554654)" computerName="PC-SFERRARI" duration="00:00:00.0000109" startTime="2020-09-01T17:52:11.6485683+01:00" endTime="2020-09-01T17:52:11.6488133+01:00" testType="13cdc9d9-ddb5-4fa4-a97d-d965ccfc6d4b" outcome="Passed" testListId="8c84fa94-04c1-424b-9868-57a2d4851a1d" relativeResultsDirectory="a27f0bfb-79e8-44ef-8fed-ea63a6d8b782" dataRowInfo="2" resultType="DataDrivenDataRow" />
      </InnerResults>
    </UnitTestResult>
    <UnitTestResult executionId="11ac1069-da77-491f-9e43-d2661ec1827e" testId="0188a360-d0e8-2f3a-f2c3-d07e54094df7" testName="IsNull_Passing_Null_Value_Returns_True" computerName="PC-SFERRARI" duration="00:00:00.0002151" startTime="2020-09-01T17:52:10.9543073+01:00" endTime="2020-09-01T17:52:10.9546183+01:00" testType="13cdc9d9-ddb5-4fa4-a97d-d965ccfc6d4b" outcome="Passed" testListId="8c84fa94-04c1-424b-9868-57a2d4851a1d" relativeResultsDirectory="11ac1069-da77-491f-9e43-d2661ec1827e" />
    <UnitTestResult executionId="76a6e215-61a1-44ca-a69b-a5a6aced5561" testId="f01f0ea6-f37a-0be9-85c7-e4c1c96ff482" testName="IsNull_Passing_Valid_Value_Returns_False" computerName="PC-SFERRARI" duration="00:00:00.0014811" startTime="2020-09-01T17:52:11.4845213+01:00" endTime="2020-09-01T17:52:11.4862125+01:00" testType="13cdc9d9-ddb5-4fa4-a97d-d965ccfc6d4b" outcome="Passed" testListId="8c84fa94-04c1-424b-9868-57a2d4851a1d" relativeResultsDirectory="76a6e215-61a1-44ca-a69b-a5a6aced5561" resultType="DataDrivenTest">
      <InnerResults>
        <UnitTestResult executionId="7a086451-01c1-4336-83e3-218881f83293" parentExecutionId="76a6e215-61a1-44ca-a69b-a5a6aced5561" testId="f01f0ea6-f37a-0be9-85c7-e4c1c96ff482" testName="IsNull_Passing_Valid_Value_Returns_False (app.hackerone1.com)" computerName="PC-SFERRARI" duration="00:00:00.0013985" startTime="2020-09-01T17:52:11.4845213+01:00" endTime="2020-09-01T17:52:11.4862125+01:00" testType="13cdc9d9-ddb5-4fa4-a97d-d965ccfc6d4b" outcome="Passed" testListId="8c84fa94-04c1-424b-9868-57a2d4851a1d" relativeResultsDirectory="7a086451-01c1-4336-83e3-218881f83293" dataRowInfo="1" resultType="DataDrivenDataRow" />
        <UnitTestResult executionId="ca575d0a-1f54-4d7c-abdd-10eac2d32326" parentExecutionId="76a6e215-61a1-44ca-a69b-a5a6aced5561" testId="f01f0ea6-f37a-0be9-85c7-e4c1c96ff482" testName="IsNull_Passing_Valid_Value_Returns_False (www.hackerone-com)" computerName="PC-SFERRARI" duration="00:00:00.0000151" startTime="2020-09-01T17:52:11.4845213+01:00" endTime="2020-09-01T17:52:11.4862125+01:00" testType="13cdc9d9-ddb5-4fa4-a97d-d965ccfc6d4b" outcome="Passed" testListId="8c84fa94-04c1-424b-9868-57a2d4851a1d" relativeResultsDirectory="ca575d0a-1f54-4d7c-abdd-10eac2d32326" dataRowInfo="2" resultType="DataDrivenDataRow" />
        <UnitTestResult executionId="a50b7db4-333c-434a-bc75-81ca1f0fcaee" parentExecutionId="76a6e215-61a1-44ca-a69b-a5a6aced5561" testId="f01f0ea6-f37a-0be9-85c7-e4c1c96ff482" testName="IsNull_Passing_Valid_Value_Returns_False (stage_hackerone.com)" computerName="PC-SFERRARI" duration="00:00:00.0000093" startTime="2020-09-01T17:52:11.4845213+01:00" endTime="2020-09-01T17:52:11.4862125+01:00" testType="13cdc9d9-ddb5-4fa4-a97d-d965ccfc6d4b" outcome="Passed" testListId="8c84fa94-04c1-424b-9868-57a2d4851a1d" relativeResultsDirectory="a50b7db4-333c-434a-bc75-81ca1f0fcaee" dataRowInfo="3" resultType="DataDrivenDataRow" />
      </InnerResults>
    </UnitTestResult>
    <UnitTestResult executionId="a8163673-924d-41e1-90e5-afcd18e3791e" testId="e9f12af5-5c0d-5f0d-b569-bb58f1d198e2" testName="OperatorEqual_Passing_Valid_Values_Returns_True" computerName="PC-SFERRARI" duration="00:00:00.0004252" startTime="2020-09-01T17:52:11.2926535+01:00" endTime="2020-09-01T17:52:11.2932458+01:00" testType="13cdc9d9-ddb5-4fa4-a97d-d965ccfc6d4b" outcome="Passed" testListId="8c84fa94-04c1-424b-9868-57a2d4851a1d" relativeResultsDirectory="a8163673-924d-41e1-90e5-afcd18e3791e" resultType="DataDrivenTest">
      <InnerResults>
        <UnitTestResult executionId="53fc3d60-e346-438a-bfe0-630f0eb12587" parentExecutionId="a8163673-924d-41e1-90e5-afcd18e3791e" testId="e9f12af5-5c0d-5f0d-b569-bb58f1d198e2" testName="OperatorEqual_Passing_Valid_Values_Returns_True (España)" computerName="PC-SFERRARI" duration="00:00:00.0002012" startTime="2020-09-01T17:52:11.2926535+01:00" endTime="2020-09-01T17:52:11.2932458+01:00" testType="13cdc9d9-ddb5-4fa4-a97d-d965ccfc6d4b" outcome="Passed" testListId="8c84fa94-04c1-424b-9868-57a2d4851a1d" relativeResultsDirectory="53fc3d60-e346-438a-bfe0-630f0eb12587" dataRowInfo="1" resultType="DataDrivenDataRow" />
        <UnitTestResult executionId="f6dff50f-4daa-4ba7-8181-c4687aeb9bfb" parentExecutionId="a8163673-924d-41e1-90e5-afcd18e3791e" testId="e9f12af5-5c0d-5f0d-b569-bb58f1d198e2" testName="OperatorEqual_Passing_Valid_Values_Returns_True (Españá)" computerName="PC-SFERRARI" duration="00:00:00.0000154" startTime="2020-09-01T17:52:11.2926535+01:00" endTime="2020-09-01T17:52:11.2932458+01:00" testType="13cdc9d9-ddb5-4fa4-a97d-d965ccfc6d4b" outcome="Passed" testListId="8c84fa94-04c1-424b-9868-57a2d4851a1d" relativeResultsDirectory="f6dff50f-4daa-4ba7-8181-c4687aeb9bfb" dataRowInfo="2" resultType="DataDrivenDataRow" />
        <UnitTestResult executionId="f58f1b87-38f4-4846-9935-695568592c51" parentExecutionId="a8163673-924d-41e1-90e5-afcd18e3791e" testId="e9f12af5-5c0d-5f0d-b569-bb58f1d198e2" testName="OperatorEqual_Passing_Valid_Values_Returns_True (Españà)" computerName="PC-SFERRARI" duration="00:00:00.0000137" startTime="2020-09-01T17:52:11.2926535+01:00" endTime="2020-09-01T17:52:11.2932458+01:00" testType="13cdc9d9-ddb5-4fa4-a97d-d965ccfc6d4b" outcome="Passed" testListId="8c84fa94-04c1-424b-9868-57a2d4851a1d" relativeResultsDirectory="f58f1b87-38f4-4846-9935-695568592c51" dataRowInfo="3" resultType="DataDrivenDataRow" />
        <UnitTestResult executionId="3c607d4a-65e7-49d6-9df9-8d09aed68861" parentExecutionId="a8163673-924d-41e1-90e5-afcd18e3791e" testId="e9f12af5-5c0d-5f0d-b569-bb58f1d198e2" testName="OperatorEqual_Passing_Valid_Values_Returns_True (Españä)" computerName="PC-SFERRARI" duration="00:00:00.0000124" startTime="2020-09-01T17:52:11.2926535+01:00" endTime="2020-09-01T17:52:11.2932458+01:00" testType="13cdc9d9-ddb5-4fa4-a97d-d965ccfc6d4b" outcome="Passed" testListId="8c84fa94-04c1-424b-9868-57a2d4851a1d" relativeResultsDirectory="3c607d4a-65e7-49d6-9df9-8d09aed68861" dataRowInfo="4" resultType="DataDrivenDataRow" />
        <UnitTestResult executionId="2012ea26-fc05-4b7b-b91d-219bb3e90cae" parentExecutionId="a8163673-924d-41e1-90e5-afcd18e3791e" testId="e9f12af5-5c0d-5f0d-b569-bb58f1d198e2" testName="OperatorEqual_Passing_Valid_Values_Returns_True (Españâ)" computerName="PC-SFERRARI" duration="00:00:00.0000127" startTime="2020-09-01T17:52:11.2926535+01:00" endTime="2020-09-01T17:52:11.2932458+01:00" testType="13cdc9d9-ddb5-4fa4-a97d-d965ccfc6d4b" outcome="Passed" testListId="8c84fa94-04c1-424b-9868-57a2d4851a1d" relativeResultsDirectory="2012ea26-fc05-4b7b-b91d-219bb3e90cae" dataRowInfo="5" resultType="DataDrivenDataRow" />
        <UnitTestResult executionId="adaf42c2-03b2-4403-812a-5fe5294fdac1" parentExecutionId="a8163673-924d-41e1-90e5-afcd18e3791e" testId="e9f12af5-5c0d-5f0d-b569-bb58f1d198e2" testName="OperatorEqual_Passing_Valid_Values_Returns_True (Españã)" computerName="PC-SFERRARI" duration="00:00:00.0000132" startTime="2020-09-01T17:52:11.2926535+01:00" endTime="2020-09-01T17:52:11.2932458+01:00" testType="13cdc9d9-ddb5-4fa4-a97d-d965ccfc6d4b" outcome="Passed" testListId="8c84fa94-04c1-424b-9868-57a2d4851a1d" relativeResultsDirectory="adaf42c2-03b2-4403-812a-5fe5294fdac1" dataRowInfo="6" resultType="DataDrivenDataRow" />
        <UnitTestResult executionId="e6f26014-2e54-49cf-9e4e-419a5913a237" parentExecutionId="a8163673-924d-41e1-90e5-afcd18e3791e" testId="e9f12af5-5c0d-5f0d-b569-bb58f1d198e2" testName="OperatorEqual_Passing_Valid_Values_Returns_True (Españç)" computerName="PC-SFERRARI" duration="00:00:00.0000124" startTime="2020-09-01T17:52:11.2926535+01:00" endTime="2020-09-01T17:52:11.2932458+01:00" testType="13cdc9d9-ddb5-4fa4-a97d-d965ccfc6d4b" outcome="Passed" testListId="8c84fa94-04c1-424b-9868-57a2d4851a1d" relativeResultsDirectory="e6f26014-2e54-49cf-9e4e-419a5913a237" dataRowInfo="7" resultType="DataDrivenDataRow" />
        <UnitTestResult executionId="ecc9ff5a-6ae6-4315-98f6-b78323f60f31" parentExecutionId="a8163673-924d-41e1-90e5-afcd18e3791e" testId="e9f12af5-5c0d-5f0d-b569-bb58f1d198e2" testName="OperatorEqual_Passing_Valid_Values_Returns_True (Españħ)" computerName="PC-SFERRARI" duration="00:00:00.0000124" startTime="2020-09-01T17:52:11.2926535+01:00" endTime="2020-09-01T17:52:11.2932458+01:00" testType="13cdc9d9-ddb5-4fa4-a97d-d965ccfc6d4b" outcome="Passed" testListId="8c84fa94-04c1-424b-9868-57a2d4851a1d" relativeResultsDirectory="ecc9ff5a-6ae6-4315-98f6-b78323f60f31" dataRowInfo="8" resultType="DataDrivenDataRow" />
        <UnitTestResult executionId="62151146-8b39-46be-b632-65e4943d6b0e" parentExecutionId="a8163673-924d-41e1-90e5-afcd18e3791e" testId="e9f12af5-5c0d-5f0d-b569-bb58f1d198e2" testName="OperatorEqual_Passing_Valid_Values_Returns_True (Esp añâ)" computerName="PC-SFERRARI" duration="00:00:00.0000137" startTime="2020-09-01T17:52:11.2926535+01:00" endTime="2020-09-01T17:52:11.2932458+01:00" testType="13cdc9d9-ddb5-4fa4-a97d-d965ccfc6d4b" outcome="Passed" testListId="8c84fa94-04c1-424b-9868-57a2d4851a1d" relativeResultsDirectory="62151146-8b39-46be-b632-65e4943d6b0e" dataRowInfo="9" resultType="DataDrivenDataRow" />
      </InnerResults>
    </UnitTestResult>
    <UnitTestResult executionId="04b0632d-1edb-4c0e-b296-4a8bf45da2f6" testId="2cf24b7c-c50c-e047-853f-65e4172e9fe4" testName="OperatorNotEqual_Passing_Valid_Values_Returns_False" computerName="PC-SFERRARI" duration="00:00:00.0001442" startTime="2020-09-01T17:52:11.4623987+01:00" endTime="2020-09-01T17:52:11.4626090+01:00" testType="13cdc9d9-ddb5-4fa4-a97d-d965ccfc6d4b" outcome="Passed" testListId="8c84fa94-04c1-424b-9868-57a2d4851a1d" relativeResultsDirectory="04b0632d-1edb-4c0e-b296-4a8bf45da2f6" resultType="DataDrivenTest">
      <InnerResults>
        <UnitTestResult executionId="5c045b02-fa73-40b8-b06f-200bf557f302" parentExecutionId="04b0632d-1edb-4c0e-b296-4a8bf45da2f6" testId="2cf24b7c-c50c-e047-853f-65e4172e9fe4" testName="OperatorNotEqual_Passing_Valid_Values_Returns_False (San Bartoleme De Tirajana)" computerName="PC-SFERRARI" duration="00:00:00.0000956" startTime="2020-09-01T17:52:11.4623987+01:00" endTime="2020-09-01T17:52:11.4626090+01:00" testType="13cdc9d9-ddb5-4fa4-a97d-d965ccfc6d4b" outcome="Passed" testListId="8c84fa94-04c1-424b-9868-57a2d4851a1d" relativeResultsDirectory="5c045b02-fa73-40b8-b06f-200bf557f302" dataRowInfo="1" resultType="DataDrivenDataRow" />
        <UnitTestResult executionId="f13a86cb-e526-4091-a1c1-24ef918d9232" parentExecutionId="04b0632d-1edb-4c0e-b296-4a8bf45da2f6" testId="2cf24b7c-c50c-e047-853f-65e4172e9fe4" testName="OperatorNotEqual_Passing_Valid_Values_Returns_False (Sabadell)" computerName="PC-SFERRARI" duration="00:00:00.0000057" startTime="2020-09-01T17:52:11.4623987+01:00" endTime="2020-09-01T17:52:11.4626090+01:00" testType="13cdc9d9-ddb5-4fa4-a97d-d965ccfc6d4b" outcome="Passed" testListId="8c84fa94-04c1-424b-9868-57a2d4851a1d" relativeResultsDirectory="f13a86cb-e526-4091-a1c1-24ef918d9232" dataRowInfo="2" resultType="DataDrivenDataRow" />
      </InnerResults>
    </UnitTestResult>
    <UnitTestResult executionId="f0514fcd-5414-408f-8c29-6392b32b8ea8" testId="3ac8ffbb-30b0-a85d-3e7e-8f2f12c4ed12" testName="IsFree_Passing_Nothing_Returns_True" computerName="PC-SFERRARI" duration="00:00:00.0001800" startTime="2020-09-01T17:52:11.7757933+01:00" endTime="2020-09-01T17:52:11.7760465+01:00" testType="13cdc9d9-ddb5-4fa4-a97d-d965ccfc6d4b" outcome="Passed" testListId="8c84fa94-04c1-424b-9868-57a2d4851a1d" relativeResultsDirectory="f0514fcd-5414-408f-8c29-6392b32b8ea8" />
    <UnitTestResult executionId="6432b81c-f506-453a-b05f-edf5b292a704" testId="df298487-0356-51ee-e237-7e10cf339a23" testName="Create_Passing_Valid_Values_Returns_Telephone" computerName="PC-SFERRARI" duration="00:00:00.0007112" startTime="2020-09-01T17:52:11.6041301+01:00" endTime="2020-09-01T17:52:11.6049243+01:00" testType="13cdc9d9-ddb5-4fa4-a97d-d965ccfc6d4b" outcome="Passed" testListId="8c84fa94-04c1-424b-9868-57a2d4851a1d" relativeResultsDirectory="6432b81c-f506-453a-b05f-edf5b292a704" resultType="DataDrivenTest">
      <InnerResults>
        <UnitTestResult executionId="a43fb83f-b7e4-42ba-abfc-cb4f76eb58da" parentExecutionId="6432b81c-f506-453a-b05f-edf5b292a704" testId="df298487-0356-51ee-e237-7e10cf339a23" testName="Create_Passing_Valid_Values_Returns_Telephone (456,43543543543)" computerName="PC-SFERRARI" duration="00:00:00.0006374" startTime="2020-09-01T17:52:11.6041301+01:00" endTime="2020-09-01T17:52:11.6049243+01:00" testType="13cdc9d9-ddb5-4fa4-a97d-d965ccfc6d4b" outcome="Passed" testListId="8c84fa94-04c1-424b-9868-57a2d4851a1d" relativeResultsDirectory="a43fb83f-b7e4-42ba-abfc-cb4f76eb58da" dataRowInfo="1" resultType="DataDrivenDataRow" />
        <UnitTestResult executionId="8e02efe3-be00-42f6-9e76-4da8d5e67f2a" parentExecutionId="6432b81c-f506-453a-b05f-edf5b292a704" testId="df298487-0356-51ee-e237-7e10cf339a23" testName="Create_Passing_Valid_Values_Returns_Telephone (D45,86554654)" computerName="PC-SFERRARI" duration="00:00:00.0000121" startTime="2020-09-01T17:52:11.6041301+01:00" endTime="2020-09-01T17:52:11.6049243+01:00" testType="13cdc9d9-ddb5-4fa4-a97d-d965ccfc6d4b" outcome="Passed" testListId="8c84fa94-04c1-424b-9868-57a2d4851a1d" relativeResultsDirectory="8e02efe3-be00-42f6-9e76-4da8d5e67f2a" dataRowInfo="2" resultType="DataDrivenDataRow" />
      </InnerResults>
    </UnitTestResult>
    <UnitTestResult executionId="e026dbdc-9e89-4386-9dd6-8abbd7dd7b12" testId="dde84323-1f87-22b2-d0f7-2a4a85bad3fd" testName="OperatorNotEqual_Passing_Valid_Values_Returns_True" computerName="PC-SFERRARI" duration="00:00:00.0002587" startTime="2020-09-01T17:52:11.6688644+01:00" endTime="2020-09-01T17:52:11.6692914+01:00" testType="13cdc9d9-ddb5-4fa4-a97d-d965ccfc6d4b" outcome="Passed" testListId="8c84fa94-04c1-424b-9868-57a2d4851a1d" relativeResultsDirectory="e026dbdc-9e89-4386-9dd6-8abbd7dd7b12" resultType="DataDrivenTest">
      <InnerResults>
        <UnitTestResult executionId="39d4620f-ea5d-4a3a-8b5e-8a60e9a4bb4e" parentExecutionId="e026dbdc-9e89-4386-9dd6-8abbd7dd7b12" testId="dde84323-1f87-22b2-d0f7-2a4a85bad3fd" testName="OperatorNotEqual_Passing_Valid_Values_Returns_True (456,43543543543)" computerName="PC-SFERRARI" duration="00:00:00.0001856" startTime="2020-09-01T17:52:11.6688644+01:00" endTime="2020-09-01T17:52:11.6692914+01:00" testType="13cdc9d9-ddb5-4fa4-a97d-d965ccfc6d4b" outcome="Passed" testListId="8c84fa94-04c1-424b-9868-57a2d4851a1d" relativeResultsDirectory="39d4620f-ea5d-4a3a-8b5e-8a60e9a4bb4e" dataRowInfo="1" resultType="DataDrivenDataRow" />
        <UnitTestResult executionId="d85238e8-a464-470b-a774-cbc962b1ee31" parentExecutionId="e026dbdc-9e89-4386-9dd6-8abbd7dd7b12" testId="dde84323-1f87-22b2-d0f7-2a4a85bad3fd" testName="OperatorNotEqual_Passing_Valid_Values_Returns_True (D45,86554654)" computerName="PC-SFERRARI" duration="00:00:00.0000109" startTime="2020-09-01T17:52:11.6688644+01:00" endTime="2020-09-01T17:52:11.6692914+01:00" testType="13cdc9d9-ddb5-4fa4-a97d-d965ccfc6d4b" outcome="Passed" testListId="8c84fa94-04c1-424b-9868-57a2d4851a1d" relativeResultsDirectory="d85238e8-a464-470b-a774-cbc962b1ee31" dataRowInfo="2" resultType="DataDrivenDataRow" />
      </InnerResults>
    </UnitTestResult>
    <UnitTestResult executionId="83fbbe97-a15c-446b-915e-725cc86da8b8" testId="13846877-4c93-45de-5e9a-d22d164df494" testName="OperatorEqual_Passing_Valid_Distinct_Values_Returns_False" computerName="PC-SFERRARI" duration="00:00:00.0002176" startTime="2020-09-01T17:52:11.5570762+01:00" endTime="2020-09-01T17:52:11.5573832+01:00" testType="13cdc9d9-ddb5-4fa4-a97d-d965ccfc6d4b" outcome="Passed" testListId="8c84fa94-04c1-424b-9868-57a2d4851a1d" relativeResultsDirectory="83fbbe97-a15c-446b-915e-725cc86da8b8" resultType="DataDrivenTest">
      <InnerResults>
        <UnitTestResult executionId="531d7fae-344a-4cd7-9aa1-633206e4f9ab" parentExecutionId="83fbbe97-a15c-446b-915e-725cc86da8b8" testId="13846877-4c93-45de-5e9a-d22d164df494" testName="OperatorEqual_Passing_Valid_Distinct_Values_Returns_False (app.hackerone1.com)" computerName="PC-SFERRARI" duration="00:00:00.0001228" startTime="2020-09-01T17:52:11.5570762+01:00" endTime="2020-09-01T17:52:11.5573832+01:00" testType="13cdc9d9-ddb5-4fa4-a97d-d965ccfc6d4b" outcome="Passed" testListId="8c84fa94-04c1-424b-9868-57a2d4851a1d" relativeResultsDirectory="531d7fae-344a-4cd7-9aa1-633206e4f9ab" dataRowInfo="1" resultType="DataDrivenDataRow" />
        <UnitTestResult executionId="4b714233-7e92-41cc-b455-deaac5fceff2" parentExecutionId="83fbbe97-a15c-446b-915e-725cc86da8b8" testId="13846877-4c93-45de-5e9a-d22d164df494" testName="OperatorEqual_Passing_Valid_Distinct_Values_Returns_False (www.hackerone-com)" computerName="PC-SFERRARI" duration="00:00:00.0000167" startTime="2020-09-01T17:52:11.5570762+01:00" endTime="2020-09-01T17:52:11.5573832+01:00" testType="13cdc9d9-ddb5-4fa4-a97d-d965ccfc6d4b" outcome="Passed" testListId="8c84fa94-04c1-424b-9868-57a2d4851a1d" relativeResultsDirectory="4b714233-7e92-41cc-b455-deaac5fceff2" dataRowInfo="2" resultType="DataDrivenDataRow" />
        <UnitTestResult executionId="7c10a308-73fa-455b-8a01-b050c4a406f4" parentExecutionId="83fbbe97-a15c-446b-915e-725cc86da8b8" testId="13846877-4c93-45de-5e9a-d22d164df494" testName="OperatorEqual_Passing_Valid_Distinct_Values_Returns_False (stage_hackerone.com)" computerName="PC-SFERRARI" duration="00:00:00.0000206" startTime="2020-09-01T17:52:11.5570762+01:00" endTime="2020-09-01T17:52:11.5573832+01:00" testType="13cdc9d9-ddb5-4fa4-a97d-d965ccfc6d4b" outcome="Passed" testListId="8c84fa94-04c1-424b-9868-57a2d4851a1d" relativeResultsDirectory="7c10a308-73fa-455b-8a01-b050c4a406f4" dataRowInfo="3" resultType="DataDrivenDataRow" />
      </InnerResults>
    </UnitTestResult>
    <UnitTestResult executionId="dd07bf42-a0d1-4ad1-9772-a88466d70224" testId="2ea46394-44f6-bdfd-606e-536cc1a2eef1" testName="Create_Passing_Valid_Values_Returns_FullName" computerName="PC-SFERRARI" duration="00:00:00.0004327" startTime="2020-09-01T17:52:10.9747085+01:00" endTime="2020-09-01T17:52:10.9753176+01:00" testType="13cdc9d9-ddb5-4fa4-a97d-d965ccfc6d4b" outcome="Passed" testListId="8c84fa94-04c1-424b-9868-57a2d4851a1d" relativeResultsDirectory="dd07bf42-a0d1-4ad1-9772-a88466d70224" resultType="DataDrivenTest">
      <InnerResults>
        <UnitTestResult executionId="aeb81eb1-d723-4f12-bc83-eb25c2fce64f" parentExecutionId="dd07bf42-a0d1-4ad1-9772-a88466d70224" testId="2ea46394-44f6-bdfd-606e-536cc1a2eef1" testName="Create_Passing_Valid_Values_Returns_FullName (San Bartoleme De Tirajana,Las Palmas,España)" computerName="PC-SFERRARI" duration="00:00:00.0003453" startTime="2020-09-01T17:52:10.9747085+01:00" endTime="2020-09-01T17:52:10.9753176+01:00" testType="13cdc9d9-ddb5-4fa4-a97d-d965ccfc6d4b" outcome="Passed" testListId="8c84fa94-04c1-424b-9868-57a2d4851a1d" relativeResultsDirectory="aeb81eb1-d723-4f12-bc83-eb25c2fce64f" dataRowInfo="1" resultType="DataDrivenDataRow" />
        <UnitTestResult executionId="adfc539b-98aa-4720-a1fd-ccfb2e091a4b" parentExecutionId="dd07bf42-a0d1-4ad1-9772-a88466d70224" testId="2ea46394-44f6-bdfd-606e-536cc1a2eef1" testName="Create_Passing_Valid_Values_Returns_FullName (Sabadell,Barcelona,España)" computerName="PC-SFERRARI" duration="00:00:00.0000226" startTime="2020-09-01T17:52:10.9747085+01:00" endTime="2020-09-01T17:52:10.9753176+01:00" testType="13cdc9d9-ddb5-4fa4-a97d-d965ccfc6d4b" outcome="Passed" testListId="8c84fa94-04c1-424b-9868-57a2d4851a1d" relativeResultsDirectory="adfc539b-98aa-4720-a1fd-ccfb2e091a4b" dataRowInfo="2" resultType="DataDrivenDataRow" />
      </InnerResults>
    </UnitTestResult>
    <UnitTestResult executionId="88a23fa0-6d61-4437-a2eb-e139c06fa4e1" testId="0af19e62-2ce3-c36e-7566-bede5dbc71a7" testName="ToString_Passing_Valid_Values_Returns_Address_String_Format" computerName="PC-SFERRARI" duration="00:00:00.0005315" startTime="2020-09-01T17:52:10.6438866+01:00" endTime="2020-09-01T17:52:10.6445579+01:00" testType="13cdc9d9-ddb5-4fa4-a97d-d965ccfc6d4b" outcome="Passed" testListId="8c84fa94-04c1-424b-9868-57a2d4851a1d" relativeResultsDirectory="88a23fa0-6d61-4437-a2eb-e139c06fa4e1" resultType="DataDrivenTest">
      <InnerResults>
        <UnitTestResult executionId="4877ae08-c96a-4b54-aa51-13cf235e307b" parentExecutionId="88a23fa0-6d61-4437-a2eb-e139c06fa4e1" testId="0af19e62-2ce3-c36e-7566-bede5dbc71a7" testName="ToString_Passing_Valid_Values_Returns_Address_String_Format (Tenerife,23,34567,San Bartoleme De Tirajana,Las Palmas,España)" computerName="PC-SFERRARI" duration="00:00:00.0004460" startTime="2020-09-01T17:52:10.6438866+01:00" endTime="2020-09-01T17:52:10.6445579+01:00" testType="13cdc9d9-ddb5-4fa4-a97d-d965ccfc6d4b" outcome="Passed" testListId="8c84fa94-04c1-424b-9868-57a2d4851a1d" relativeResultsDirectory="4877ae08-c96a-4b54-aa51-13cf235e307b" dataRowInfo="1" resultType="DataDrivenDataRow" />
        <UnitTestResult executionId="6dfc9032-db65-46aa-81b4-c881d37ce56c" parentExecutionId="88a23fa0-6d61-4437-a2eb-e139c06fa4e1" testId="0af19e62-2ce3-c36e-7566-bede5dbc71a7" testName="ToString_Passing_Valid_Values_Returns_Address_String_Format (Pader,789,DF7956,Sabadell,Barcelona,España)" computerName="PC-SFERRARI" duration="00:00:00.0000128" startTime="2020-09-01T17:52:10.6438866+01:00" endTime="2020-09-01T17:52:10.6445579+01:00" testType="13cdc9d9-ddb5-4fa4-a97d-d965ccfc6d4b" outcome="Passed" testListId="8c84fa94-04c1-424b-9868-57a2d4851a1d" relativeResultsDirectory="6dfc9032-db65-46aa-81b4-c881d37ce56c" dataRowInfo="2" resultType="DataDrivenDataRow" />
      </InnerResults>
    </UnitTestResult>
    <UnitTestResult executionId="2a8e6a97-297f-42b2-9e98-d032232197be" testId="3825a6bf-15ba-3ddd-7270-3610d4ba1398" testName="ToEnum_Passing_Invalid_Int_Name_Enumeracion_Returns_Null" computerName="PC-SFERRARI" duration="00:00:00.0001281" startTime="2020-09-01T17:52:11.7753008+01:00" endTime="2020-09-01T17:52:11.7754980+01:00" testType="13cdc9d9-ddb5-4fa4-a97d-d965ccfc6d4b" outcome="Passed" testListId="8c84fa94-04c1-424b-9868-57a2d4851a1d" relativeResultsDirectory="2a8e6a97-297f-42b2-9e98-d032232197be" />
    <UnitTestResult executionId="43070612-b43f-4a06-baa5-7dda9c32f598" testId="360a473d-7e1c-2d14-72c9-22f9349ca174" testName="Equals_Passing_Valid_Values_Returns_True" computerName="PC-SFERRARI" duration="00:00:00.0017830" startTime="2020-09-01T17:52:10.7585075+01:00" endTime="2020-09-01T17:52:10.7603892+01:00" testType="13cdc9d9-ddb5-4fa4-a97d-d965ccfc6d4b" outcome="Passed" testListId="8c84fa94-04c1-424b-9868-57a2d4851a1d" relativeResultsDirectory="43070612-b43f-4a06-baa5-7dda9c32f598" resultType="DataDrivenTest">
      <InnerResults>
        <UnitTestResult executionId="16a675ca-4e1c-4a51-8ed9-1c912eb0b5e2" parentExecutionId="43070612-b43f-4a06-baa5-7dda9c32f598" testId="360a473d-7e1c-2d14-72c9-22f9349ca174" testName="Equals_Passing_Valid_Values_Returns_True (EUR)" computerName="PC-SFERRARI" duration="00:00:00.0012350" startTime="2020-09-01T17:52:10.7585075+01:00" endTime="2020-09-01T17:52:10.7603892+01:00" testType="13cdc9d9-ddb5-4fa4-a97d-d965ccfc6d4b" outcome="Passed" testListId="8c84fa94-04c1-424b-9868-57a2d4851a1d" relativeResultsDirectory="16a675ca-4e1c-4a51-8ed9-1c912eb0b5e2" dataRowInfo="1" resultType="DataDrivenDataRow" />
        <UnitTestResult executionId="4b3718dc-6d6b-4462-a2c7-5c0ca55224db" parentExecutionId="43070612-b43f-4a06-baa5-7dda9c32f598" testId="360a473d-7e1c-2d14-72c9-22f9349ca174" testName="Equals_Passing_Valid_Values_Returns_True (USD)" computerName="PC-SFERRARI" duration="00:00:00.0004815" startTime="2020-09-01T17:52:10.7585075+01:00" endTime="2020-09-01T17:52:10.7603892+01:00" testType="13cdc9d9-ddb5-4fa4-a97d-d965ccfc6d4b" outcome="Passed" testListId="8c84fa94-04c1-424b-9868-57a2d4851a1d" relativeResultsDirectory="4b3718dc-6d6b-4462-a2c7-5c0ca55224db" dataRowInfo="2" resultType="DataDrivenDataRow" />
      </InnerResults>
    </UnitTestResult>
    <UnitTestResult executionId="0030d6c5-5361-45c7-9d19-d667b73e4314" testId="99c0f1dd-a954-07f0-474b-96a0626b66a1" testName="ToEnum_Passing_Valid_String_Name_Returns_Enumeracion" computerName="PC-SFERRARI" duration="00:00:00.0007731" startTime="2020-09-01T17:52:11.7737025+01:00" endTime="2020-09-01T17:52:11.7748011+01:00" testType="13cdc9d9-ddb5-4fa4-a97d-d965ccfc6d4b" outcome="Passed" testListId="8c84fa94-04c1-424b-9868-57a2d4851a1d" relativeResultsDirectory="0030d6c5-5361-45c7-9d19-d667b73e4314" />
    <UnitTestResult executionId="fe14f4db-6489-4c76-8e8c-c71409739429" testId="f8590f4c-8af0-6c5c-7ae1-fa12731b6342" testName="Create_Passing_InvalidOrNull_Value_Returns_ApplicationException" computerName="PC-SFERRARI" duration="00:00:00.0007128" startTime="2020-09-01T17:52:10.8821635+01:00" endTime="2020-09-01T17:52:10.8830602+01:00" testType="13cdc9d9-ddb5-4fa4-a97d-d965ccfc6d4b" outcome="Passed" testListId="8c84fa94-04c1-424b-9868-57a2d4851a1d" relativeResultsDirectory="fe14f4db-6489-4c76-8e8c-c71409739429" resultType="DataDrivenTest">
      <InnerResults>
        <UnitTestResult executionId="70d1f567-b673-4fa3-adf1-b4dda8f5e0bd" parentExecutionId="fe14f4db-6489-4c76-8e8c-c71409739429" testId="f8590f4c-8af0-6c5c-7ae1-fa12731b6342" testName="Create_Passing_InvalidOrNull_Value_Returns_ApplicationException (dasdasd@dsasd.._ff)" computerName="PC-SFERRARI" duration="00:00:00.0004420" startTime="2020-09-01T17:52:10.8821635+01:00" endTime="2020-09-01T17:52:10.8830602+01:00" testType="13cdc9d9-ddb5-4fa4-a97d-d965ccfc6d4b" outcome="Passed" testListId="8c84fa94-04c1-424b-9868-57a2d4851a1d" relativeResultsDirectory="70d1f567-b673-4fa3-adf1-b4dda8f5e0bd" dataRowInfo="1" resultType="DataDrivenDataRow" />
        <UnitTestResult executionId="3b64b20d-fd0a-4394-9c21-d31eb3f2731a" parentExecutionId="fe14f4db-6489-4c76-8e8c-c71409739429" testId="f8590f4c-8af0-6c5c-7ae1-fa12731b6342" testName="Create_Passing_InvalidOrNull_Value_Returns_ApplicationException (34fsds@@sdd.f)" computerName="PC-SFERRARI" duration="00:00:00.0000537" startTime="2020-09-01T17:52:10.8821635+01:00" endTime="2020-09-01T17:52:10.8830602+01:00" testType="13cdc9d9-ddb5-4fa4-a97d-d965ccfc6d4b" outcome="Passed" testListId="8c84fa94-04c1-424b-9868-57a2d4851a1d" relativeResultsDirectory="3b64b20d-fd0a-4394-9c21-d31eb3f2731a" dataRowInfo="2" resultType="DataDrivenDataRow" />
        <UnitTestResult executionId="903aef18-275b-4d85-aa32-0451aaf7b9c4" parentExecutionId="fe14f4db-6489-4c76-8e8c-c71409739429" testId="f8590f4c-8af0-6c5c-7ae1-fa12731b6342" testName="Create_Passing_InvalidOrNull_Value_Returns_ApplicationException ()" computerName="PC-SFERRARI" duration="00:00:00.0000373" startTime="2020-09-01T17:52:10.8821635+01:00" endTime="2020-09-01T17:52:10.8830602+01:00" testType="13cdc9d9-ddb5-4fa4-a97d-d965ccfc6d4b" outcome="Passed" testListId="8c84fa94-04c1-424b-9868-57a2d4851a1d" relativeResultsDirectory="903aef18-275b-4d85-aa32-0451aaf7b9c4" dataRowInfo="3" resultType="DataDrivenDataRow" />
        <UnitTestResult executionId="7716db81-9ca0-4d10-80e8-16585497516a" parentExecutionId="fe14f4db-6489-4c76-8e8c-c71409739429" testId="f8590f4c-8af0-6c5c-7ae1-fa12731b6342" testName="Create_Passing_InvalidOrNull_Value_Returns_ApplicationException ()" computerName="PC-SFERRARI" duration="00:00:00.0000333" startTime="2020-09-01T17:52:10.8821635+01:00" endTime="2020-09-01T17:52:10.8830602+01:00" testType="13cdc9d9-ddb5-4fa4-a97d-d965ccfc6d4b" outcome="Passed" testListId="8c84fa94-04c1-424b-9868-57a2d4851a1d" relativeResultsDirectory="7716db81-9ca0-4d10-80e8-16585497516a" dataRowInfo="4" resultType="DataDrivenDataRow" />
        <UnitTestResult executionId="ac4231c2-e8a5-4602-b295-0e98a0941e85" parentExecutionId="fe14f4db-6489-4c76-8e8c-c71409739429" testId="f8590f4c-8af0-6c5c-7ae1-fa12731b6342" testName="Create_Passing_InvalidOrNull_Value_Returns_ApplicationException (34?fsds@sdd.yy)" computerName="PC-SFERRARI" duration="00:00:00.0000419" startTime="2020-09-01T17:52:10.8821635+01:00" endTime="2020-09-01T17:52:10.8830602+01:00" testType="13cdc9d9-ddb5-4fa4-a97d-d965ccfc6d4b" outcome="Passed" testListId="8c84fa94-04c1-424b-9868-57a2d4851a1d" relativeResultsDirectory="ac4231c2-e8a5-4602-b295-0e98a0941e85" dataRowInfo="5" resultType="DataDrivenDataRow" />
      </InnerResults>
    </UnitTestResult>
    <UnitTestResult executionId="e0908929-03e8-4952-89c9-565ec8423305" testId="3ee8c477-acc7-2166-b517-722bdd4efb4b" testName="OperatorNotEqual_Passing_Valid_Values_Returns_False" computerName="PC-SFERRARI" duration="00:00:00.0009832" startTime="2020-09-01T17:52:11.1372570+01:00" endTime="2020-09-01T17:52:11.1383465+01:00" testType="13cdc9d9-ddb5-4fa4-a97d-d965ccfc6d4b" outcome="Passed" testListId="8c84fa94-04c1-424b-9868-57a2d4851a1d" relativeResultsDirectory="e0908929-03e8-4952-89c9-565ec8423305" resultType="DataDrivenTest">
      <InnerResults>
        <UnitTestResult executionId="58f5a784-144b-4004-b651-bee673207c53" parentExecutionId="e0908929-03e8-4952-89c9-565ec8423305" testId="3ee8c477-acc7-2166-b517-722bdd4efb4b" testName="OperatorNotEqual_Passing_Valid_Values_Returns_False (100,EUR,2)" computerName="PC-SFERRARI" duration="00:00:00.0004097" startTime="2020-09-01T17:52:11.1372570+01:00" endTime="2020-09-01T17:52:11.1383465+01:00" testType="13cdc9d9-ddb5-4fa4-a97d-d965ccfc6d4b" outcome="Passed" testListId="8c84fa94-04c1-424b-9868-57a2d4851a1d" relativeResultsDirectory="58f5a784-144b-4004-b651-bee673207c53" dataRowInfo="1" resultType="DataDrivenDataRow" />
        <UnitTestResult executionId="5f680145-56fe-4175-8ff3-941049091247" parentExecutionId="e0908929-03e8-4952-89c9-565ec8423305" testId="3ee8c477-acc7-2166-b517-722bdd4efb4b" testName="OperatorNotEqual_Passing_Valid_Values_Returns_False (200,EUR,4)" computerName="PC-SFERRARI" duration="00:00:00.0002463" startTime="2020-09-01T17:52:11.1372570+01:00" endTime="2020-09-01T17:52:11.1383465+01:00" testType="13cdc9d9-ddb5-4fa4-a97d-d965ccfc6d4b" outcome="Passed" testListId="8c84fa94-04c1-424b-9868-57a2d4851a1d" relativeResultsDirectory="5f680145-56fe-4175-8ff3-941049091247" dataRowInfo="2" resultType="DataDrivenDataRow" />
        <UnitTestResult executionId="c2bf1c98-485f-4b62-92a7-9f1762b9d170" parentExecutionId="e0908929-03e8-4952-89c9-565ec8423305" testId="3ee8c477-acc7-2166-b517-722bdd4efb4b" testName="OperatorNotEqual_Passing_Valid_Values_Returns_False (400,USD,8)" computerName="PC-SFERRARI" duration="00:00:00.0002382" startTime="2020-09-01T17:52:11.1372570+01:00" endTime="2020-09-01T17:52:11.1383465+01:00" testType="13cdc9d9-ddb5-4fa4-a97d-d965ccfc6d4b" outcome="Passed" testListId="8c84fa94-04c1-424b-9868-57a2d4851a1d" relativeResultsDirectory="c2bf1c98-485f-4b62-92a7-9f1762b9d170" dataRowInfo="3" resultType="DataDrivenDataRow" />
      </InnerResults>
    </UnitTestResult>
    <UnitTestResult executionId="85279e19-7309-40a8-99c3-560c3ed0959b" testId="f32c4def-2f6e-3a0b-be76-e606178c7f60" testName="IsNull_Passing_Valid_Address_Returns_False" computerName="PC-SFERRARI" duration="00:00:00.0185989" startTime="2020-09-01T17:52:10.3566442+01:00" endTime="2020-09-01T17:52:10.4515154+01:00" testType="13cdc9d9-ddb5-4fa4-a97d-d965ccfc6d4b" outcome="Passed" testListId="8c84fa94-04c1-424b-9868-57a2d4851a1d" relativeResultsDirectory="85279e19-7309-40a8-99c3-560c3ed0959b" resultType="DataDrivenTest">
      <InnerResults>
        <UnitTestResult executionId="af08e912-51a8-4902-9fee-59abc3dd606a" parentExecutionId="85279e19-7309-40a8-99c3-560c3ed0959b" testId="f32c4def-2f6e-3a0b-be76-e606178c7f60" testName="IsNull_Passing_Valid_Address_Returns_False (Tenerife,23,34567,San Bartoleme De Tirajana,Las Palmas,España)" computerName="PC-SFERRARI" duration="00:00:00.0122365" startTime="2020-09-01T17:52:10.3566442+01:00" endTime="2020-09-01T17:52:10.4515154+01:00" testType="13cdc9d9-ddb5-4fa4-a97d-d965ccfc6d4b" outcome="Passed" testListId="8c84fa94-04c1-424b-9868-57a2d4851a1d" relativeResultsDirectory="af08e912-51a8-4902-9fee-59abc3dd606a" dataRowInfo="1" resultType="DataDrivenDataRow" />
        <UnitTestResult executionId="72a1245c-cec5-4b66-b034-45bd82d632df" parentExecutionId="85279e19-7309-40a8-99c3-560c3ed0959b" testId="f32c4def-2f6e-3a0b-be76-e606178c7f60" testName="IsNull_Passing_Valid_Address_Returns_False (Pader,789,DF7956,Sabadell,Barcelona,España)" computerName="PC-SFERRARI" duration="00:00:00.0000442" startTime="2020-09-01T17:52:10.3566442+01:00" endTime="2020-09-01T17:52:10.4515154+01:00" testType="13cdc9d9-ddb5-4fa4-a97d-d965ccfc6d4b" outcome="Passed" testListId="8c84fa94-04c1-424b-9868-57a2d4851a1d" relativeResultsDirectory="72a1245c-cec5-4b66-b034-45bd82d632df" dataRowInfo="2" resultType="DataDrivenDataRow" />
      </InnerResults>
    </UnitTestResult>
    <UnitTestResult executionId="a46807b0-8450-4fb2-b69a-95f06c40d61e" testId="4bd13a4c-7389-3430-0358-3a2daf94401d" testName="OperatorNotEqual_Passing_Valid_Values_Returns_False" computerName="PC-SFERRARI" duration="00:00:00.0012015" startTime="2020-09-01T17:52:10.7830223+01:00" endTime="2020-09-01T17:52:10.7843366+01:00" testType="13cdc9d9-ddb5-4fa4-a97d-d965ccfc6d4b" outcome="Passed" testListId="8c84fa94-04c1-424b-9868-57a2d4851a1d" relativeResultsDirectory="a46807b0-8450-4fb2-b69a-95f06c40d61e" resultType="DataDrivenTest">
      <InnerResults>
        <UnitTestResult executionId="5e976b51-1fd8-4cab-939e-2f1fe233ddd4" parentExecutionId="a46807b0-8450-4fb2-b69a-95f06c40d61e" testId="4bd13a4c-7389-3430-0358-3a2daf94401d" testName="OperatorNotEqual_Passing_Valid_Values_Returns_False (EUR)" computerName="PC-SFERRARI" duration="00:00:00.0006325" startTime="2020-09-01T17:52:10.7830223+01:00" endTime="2020-09-01T17:52:10.7843366+01:00" testType="13cdc9d9-ddb5-4fa4-a97d-d965ccfc6d4b" outcome="Passed" testListId="8c84fa94-04c1-424b-9868-57a2d4851a1d" relativeResultsDirectory="5e976b51-1fd8-4cab-939e-2f1fe233ddd4" dataRowInfo="1" resultType="DataDrivenDataRow" />
        <UnitTestResult executionId="3f9ac410-88d9-4d4d-b4f7-4fc20f832d84" parentExecutionId="a46807b0-8450-4fb2-b69a-95f06c40d61e" testId="4bd13a4c-7389-3430-0358-3a2daf94401d" testName="OperatorNotEqual_Passing_Valid_Values_Returns_False (USD)" computerName="PC-SFERRARI" duration="00:00:00.0005019" startTime="2020-09-01T17:52:10.7830223+01:00" endTime="2020-09-01T17:52:10.7843366+01:00" testType="13cdc9d9-ddb5-4fa4-a97d-d965ccfc6d4b" outcome="Passed" testListId="8c84fa94-04c1-424b-9868-57a2d4851a1d" relativeResultsDirectory="3f9ac410-88d9-4d4d-b4f7-4fc20f832d84" dataRowInfo="2" resultType="DataDrivenDataRow" />
      </InnerResults>
    </UnitTestResult>
    <UnitTestResult executionId="b66c98eb-e3d9-42fb-9700-25d685f2a2c6" testId="77e3ceec-23c8-f048-63a2-95c394ee2a67" testName="OperatorNotEqual_Passing_Valid_Values_Returns_False" computerName="PC-SFERRARI" duration="00:00:00.0002069" startTime="2020-09-01T17:52:10.9227592+01:00" endTime="2020-09-01T17:52:10.9230405+01:00" testType="13cdc9d9-ddb5-4fa4-a97d-d965ccfc6d4b" outcome="Passed" testListId="8c84fa94-04c1-424b-9868-57a2d4851a1d" relativeResultsDirectory="b66c98eb-e3d9-42fb-9700-25d685f2a2c6" resultType="DataDrivenTest">
      <InnerResults>
        <UnitTestResult executionId="59298ede-3c76-4481-a4bb-cbede4ac6151" parentExecutionId="b66c98eb-e3d9-42fb-9700-25d685f2a2c6" testId="77e3ceec-23c8-f048-63a2-95c394ee2a67" testName="OperatorNotEqual_Passing_Valid_Values_Returns_False (dasdasd@dsasd.ff)" computerName="PC-SFERRARI" duration="00:00:00.0001265" startTime="2020-09-01T17:52:10.9227592+01:00" endTime="2020-09-01T17:52:10.9230405+01:00" testType="13cdc9d9-ddb5-4fa4-a97d-d965ccfc6d4b" outcome="Passed" testListId="8c84fa94-04c1-424b-9868-57a2d4851a1d" relativeResultsDirectory="59298ede-3c76-4481-a4bb-cbede4ac6151" dataRowInfo="1" resultType="DataDrivenDataRow" />
        <UnitTestResult executionId="ada07236-ce7a-4f5e-9578-af7cc83b3cc3" parentExecutionId="b66c98eb-e3d9-42fb-9700-25d685f2a2c6" testId="77e3ceec-23c8-f048-63a2-95c394ee2a67" testName="OperatorNotEqual_Passing_Valid_Values_Returns_False (34fsds@sdd.fgg)" computerName="PC-SFERRARI" duration="00:00:00.0000287" startTime="2020-09-01T17:52:10.9227592+01:00" endTime="2020-09-01T17:52:10.9230405+01:00" testType="13cdc9d9-ddb5-4fa4-a97d-d965ccfc6d4b" outcome="Passed" testListId="8c84fa94-04c1-424b-9868-57a2d4851a1d" relativeResultsDirectory="ada07236-ce7a-4f5e-9578-af7cc83b3cc3" dataRowInfo="2" resultType="DataDrivenDataRow" />
      </InnerResults>
    </UnitTestResult>
    <UnitTestResult executionId="081e5579-8651-4150-a705-e2eb2b9d8864" testId="0394e59d-8e17-d872-c29f-c28ac3eea7b0" testName="OperatorEqual_Passing_Valid_Values_Returns_True" computerName="PC-SFERRARI" duration="00:00:00.0005062" startTime="2020-09-01T17:52:10.6729715+01:00" endTime="2020-09-01T17:52:10.6736326+01:00" testType="13cdc9d9-ddb5-4fa4-a97d-d965ccfc6d4b" outcome="Passed" testListId="8c84fa94-04c1-424b-9868-57a2d4851a1d" relativeResultsDirectory="081e5579-8651-4150-a705-e2eb2b9d8864" resultType="DataDrivenTest">
      <InnerResults>
        <UnitTestResult executionId="95f1b8b1-b2ac-47d2-a502-0321915540dc" parentExecutionId="081e5579-8651-4150-a705-e2eb2b9d8864" testId="0394e59d-8e17-d872-c29f-c28ac3eea7b0" testName="OperatorEqual_Passing_Valid_Values_Returns_True (Tenerife,23,34567,San Bartoleme De Tirajana,Las Palmas,España)" computerName="PC-SFERRARI" duration="00:00:00.0004011" startTime="2020-09-01T17:52:10.6729715+01:00" endTime="2020-09-01T17:52:10.6736326+01:00" testType="13cdc9d9-ddb5-4fa4-a97d-d965ccfc6d4b" outcome="Passed" testListId="8c84fa94-04c1-424b-9868-57a2d4851a1d" relativeResultsDirectory="95f1b8b1-b2ac-47d2-a502-0321915540dc" dataRowInfo="1" resultType="DataDrivenDataRow" />
        <UnitTestResult executionId="9f5de11b-c621-4501-981b-b139f415c349" parentExecutionId="081e5579-8651-4150-a705-e2eb2b9d8864" testId="0394e59d-8e17-d872-c29f-c28ac3eea7b0" testName="OperatorEqual_Passing_Valid_Values_Returns_True (Pader,789,DF7956,Sabadell,Barcelona,España)" computerName="PC-SFERRARI" duration="00:00:00.0000168" startTime="2020-09-01T17:52:10.6729715+01:00" endTime="2020-09-01T17:52:10.6736326+01:00" testType="13cdc9d9-ddb5-4fa4-a97d-d965ccfc6d4b" outcome="Passed" testListId="8c84fa94-04c1-424b-9868-57a2d4851a1d" relativeResultsDirectory="9f5de11b-c621-4501-981b-b139f415c349" dataRowInfo="2" resultType="DataDrivenDataRow" />
      </InnerResults>
    </UnitTestResult>
    <UnitTestResult executionId="77692877-f51a-429b-a1e8-eec94f607168" testId="28983f02-4f34-fd2a-e2c0-c023f9e83615" testName="OperatorNotEqual_Passing_Valid_Values_Returns_False" computerName="PC-SFERRARI" duration="00:00:00.0002825" startTime="2020-09-01T17:52:10.6740272+01:00" endTime="2020-09-01T17:52:10.6743881+01:00" testType="13cdc9d9-ddb5-4fa4-a97d-d965ccfc6d4b" outcome="Passed" testListId="8c84fa94-04c1-424b-9868-57a2d4851a1d" relativeResultsDirectory="77692877-f51a-429b-a1e8-eec94f607168" resultType="DataDrivenTest">
      <InnerResults>
        <UnitTestResult executionId="6d35a6e4-4ff3-4167-a668-d7b47c1ee1cc" parentExecutionId="77692877-f51a-429b-a1e8-eec94f607168" testId="28983f02-4f34-fd2a-e2c0-c023f9e83615" testName="OperatorNotEqual_Passing_Valid_Values_Returns_False (Tenerife,23,34567,San Bartoleme De Tirajana,Las Palmas,España)" computerName="PC-SFERRARI" duration="00:00:00.0002001" startTime="2020-09-01T17:52:10.6740272+01:00" endTime="2020-09-01T17:52:10.6743881+01:00" testType="13cdc9d9-ddb5-4fa4-a97d-d965ccfc6d4b" outcome="Passed" testListId="8c84fa94-04c1-424b-9868-57a2d4851a1d" relativeResultsDirectory="6d35a6e4-4ff3-4167-a668-d7b47c1ee1cc" dataRowInfo="1" resultType="DataDrivenDataRow" />
        <UnitTestResult executionId="fea502a4-80e6-43b2-9c52-ad787b365ac8" parentExecutionId="77692877-f51a-429b-a1e8-eec94f607168" testId="28983f02-4f34-fd2a-e2c0-c023f9e83615" testName="OperatorNotEqual_Passing_Valid_Values_Returns_False (Pader,789,DF7956,Sabadell,Barcelona,España)" computerName="PC-SFERRARI" duration="00:00:00.0000256" startTime="2020-09-01T17:52:10.6740272+01:00" endTime="2020-09-01T17:52:10.6743881+01:00" testType="13cdc9d9-ddb5-4fa4-a97d-d965ccfc6d4b" outcome="Passed" testListId="8c84fa94-04c1-424b-9868-57a2d4851a1d" relativeResultsDirectory="fea502a4-80e6-43b2-9c52-ad787b365ac8" dataRowInfo="2" resultType="DataDrivenDataRow" />
      </InnerResults>
    </UnitTestResult>
    <UnitTestResult executionId="a1560bbe-ee9f-4f98-8c95-4a889726b46a" testId="096255cc-daec-f5a9-6a72-452bc7414607" testName="OperatorEqual_Passing_Valid_Values_Returns_True" computerName="PC-SFERRARI" duration="00:00:00.0002461" startTime="2020-09-01T17:52:11.0158254+01:00" endTime="2020-09-01T17:52:11.0161523+01:00" testType="13cdc9d9-ddb5-4fa4-a97d-d965ccfc6d4b" outcome="Passed" testListId="8c84fa94-04c1-424b-9868-57a2d4851a1d" relativeResultsDirectory="a1560bbe-ee9f-4f98-8c95-4a889726b46a" resultType="DataDrivenTest">
      <InnerResults>
        <UnitTestResult executionId="4a17f071-5ca1-4565-85aa-2ff85b1120fb" parentExecutionId="a1560bbe-ee9f-4f98-8c95-4a889726b46a" testId="096255cc-daec-f5a9-6a72-452bc7414607" testName="OperatorEqual_Passing_Valid_Values_Returns_True (San Bartoleme De Tirajana,Las Palmas,España)" computerName="PC-SFERRARI" duration="00:00:00.0001572" startTime="2020-09-01T17:52:11.0158254+01:00" endTime="2020-09-01T17:52:11.0161523+01:00" testType="13cdc9d9-ddb5-4fa4-a97d-d965ccfc6d4b" outcome="Passed" testListId="8c84fa94-04c1-424b-9868-57a2d4851a1d" relativeResultsDirectory="4a17f071-5ca1-4565-85aa-2ff85b1120fb" dataRowInfo="1" resultType="DataDrivenDataRow" />
        <UnitTestResult executionId="a1288450-d97a-4107-9ba9-20d92652b47f" parentExecutionId="a1560bbe-ee9f-4f98-8c95-4a889726b46a" testId="096255cc-daec-f5a9-6a72-452bc7414607" testName="OperatorEqual_Passing_Valid_Values_Returns_True (Sabadell,Barcelona,España)" computerName="PC-SFERRARI" duration="00:00:00.0000406" startTime="2020-09-01T17:52:11.0158254+01:00" endTime="2020-09-01T17:52:11.0161523+01:00" testType="13cdc9d9-ddb5-4fa4-a97d-d965ccfc6d4b" outcome="Passed" testListId="8c84fa94-04c1-424b-9868-57a2d4851a1d" relativeResultsDirectory="a1288450-d97a-4107-9ba9-20d92652b47f" dataRowInfo="2" resultType="DataDrivenDataRow" />
      </InnerResults>
    </UnitTestResult>
    <UnitTestResult executionId="6ff0c939-50e5-44b2-9e5c-f1745fe00e24" testId="3d5865ea-852b-85ea-4b1e-3b3f757388ec" testName="ToString_Passing_Valid_Values_Returns_Value_String_Format" computerName="PC-SFERRARI" duration="00:00:00.0004322" startTime="2020-09-01T17:52:10.9934141+01:00" endTime="2020-09-01T17:52:10.9940071+01:00" testType="13cdc9d9-ddb5-4fa4-a97d-d965ccfc6d4b" outcome="Passed" testListId="8c84fa94-04c1-424b-9868-57a2d4851a1d" relativeResultsDirectory="6ff0c939-50e5-44b2-9e5c-f1745fe00e24" resultType="DataDrivenTest">
      <InnerResults>
        <UnitTestResult executionId="24727d2b-31a7-4cf0-ad04-77232323eca2" parentExecutionId="6ff0c939-50e5-44b2-9e5c-f1745fe00e24" testId="3d5865ea-852b-85ea-4b1e-3b3f757388ec" testName="ToString_Passing_Valid_Values_Returns_Value_String_Format (San Bartoleme De Tirajana,Las Palmas)" computerName="PC-SFERRARI" duration="00:00:00.0003504" startTime="2020-09-01T17:52:10.9934141+01:00" endTime="2020-09-01T17:52:10.9940071+01:00" testType="13cdc9d9-ddb5-4fa4-a97d-d965ccfc6d4b" outcome="Passed" testListId="8c84fa94-04c1-424b-9868-57a2d4851a1d" relativeResultsDirectory="24727d2b-31a7-4cf0-ad04-77232323eca2" dataRowInfo="1" resultType="DataDrivenDataRow" />
        <UnitTestResult executionId="86cdf7ad-1401-4c9f-977f-14aa6c6ae4f6" parentExecutionId="6ff0c939-50e5-44b2-9e5c-f1745fe00e24" testId="3d5865ea-852b-85ea-4b1e-3b3f757388ec" testName="ToString_Passing_Valid_Values_Returns_Value_String_Format (Sabadell,Barcelona)" computerName="PC-SFERRARI" duration="00:00:00.0000194" startTime="2020-09-01T17:52:10.9934141+01:00" endTime="2020-09-01T17:52:10.9940071+01:00" testType="13cdc9d9-ddb5-4fa4-a97d-d965ccfc6d4b" outcome="Passed" testListId="8c84fa94-04c1-424b-9868-57a2d4851a1d" relativeResultsDirectory="86cdf7ad-1401-4c9f-977f-14aa6c6ae4f6" dataRowInfo="2" resultType="DataDrivenDataRow" />
      </InnerResults>
    </UnitTestResult>
    <UnitTestResult executionId="e74cfea9-0df1-4502-9cef-0ce4f9d277ea" testId="a73a2e63-3dc6-6b14-a467-c57ee0ec7ec7" testName="IsVisa_Passing_Nothing_Returns_True" computerName="PC-SFERRARI" duration="00:00:00.0002624" startTime="2020-09-01T17:52:11.6971826+01:00" endTime="2020-09-01T17:52:11.6976197+01:00" testType="13cdc9d9-ddb5-4fa4-a97d-d965ccfc6d4b" outcome="Passed" testListId="8c84fa94-04c1-424b-9868-57a2d4851a1d" relativeResultsDirectory="e74cfea9-0df1-4502-9cef-0ce4f9d277ea" />
    <UnitTestResult executionId="497bc258-bb9e-4b18-9d4c-883daf22de1b" testId="7f63e5ba-c44d-59a2-d525-2cb0363ac96c" testName="Create_Passing_InvalidOrNull_Value_Returns_ApplicationException" computerName="PC-SFERRARI" duration="00:00:00.0004963" startTime="2020-09-01T17:52:11.6049526+01:00" endTime="2020-09-01T17:52:11.6055320+01:00" testType="13cdc9d9-ddb5-4fa4-a97d-d965ccfc6d4b" outcome="Passed" testListId="8c84fa94-04c1-424b-9868-57a2d4851a1d" relativeResultsDirectory="497bc258-bb9e-4b18-9d4c-883daf22de1b" resultType="DataDrivenTest">
      <InnerResults>
        <UnitTestResult executionId="42f04957-229a-4fc8-96ed-e1cf033a743c" parentExecutionId="497bc258-bb9e-4b18-9d4c-883daf22de1b" testId="7f63e5ba-c44d-59a2-d525-2cb0363ac96c" testName="Create_Passing_InvalidOrNull_Value_Returns_ApplicationException (,43543543543)" computerName="PC-SFERRARI" duration="00:00:00.0003421" startTime="2020-09-01T17:52:11.6049526+01:00" endTime="2020-09-01T17:52:11.6055320+01:00" testType="13cdc9d9-ddb5-4fa4-a97d-d965ccfc6d4b" outcome="Passed" testListId="8c84fa94-04c1-424b-9868-57a2d4851a1d" relativeResultsDirectory="42f04957-229a-4fc8-96ed-e1cf033a743c" dataRowInfo="1" resultType="DataDrivenDataRow" />
        <UnitTestResult executionId="270dceb6-2230-40c7-b6c6-76b0d2a3017c" parentExecutionId="497bc258-bb9e-4b18-9d4c-883daf22de1b" testId="7f63e5ba-c44d-59a2-d525-2cb0363ac96c" testName="Create_Passing_InvalidOrNull_Value_Returns_ApplicationException (,8768768768)" computerName="PC-SFERRARI" duration="00:00:00.0000439" startTime="2020-09-01T17:52:11.6049526+01:00" endTime="2020-09-01T17:52:11.6055320+01:00" testType="13cdc9d9-ddb5-4fa4-a97d-d965ccfc6d4b" outcome="Passed" testListId="8c84fa94-04c1-424b-9868-57a2d4851a1d" relativeResultsDirectory="270dceb6-2230-40c7-b6c6-76b0d2a3017c" dataRowInfo="2" resultType="DataDrivenDataRow" />
        <UnitTestResult executionId="bff71bc1-033e-4bf3-955b-bb63b5cba0ca" parentExecutionId="497bc258-bb9e-4b18-9d4c-883daf22de1b" testId="7f63e5ba-c44d-59a2-d525-2cb0363ac96c" testName="Create_Passing_InvalidOrNull_Value_Returns_ApplicationException (4324324,0)" computerName="PC-SFERRARI" duration="00:00:00.0000391" startTime="2020-09-01T17:52:11.6049526+01:00" endTime="2020-09-01T17:52:11.6055320+01:00" testType="13cdc9d9-ddb5-4fa4-a97d-d965ccfc6d4b" outcome="Passed" testListId="8c84fa94-04c1-424b-9868-57a2d4851a1d" relativeResultsDirectory="bff71bc1-033e-4bf3-955b-bb63b5cba0ca" dataRowInfo="3" resultType="DataDrivenDataRow" />
      </InnerResults>
    </UnitTestResult>
    <UnitTestResult executionId="6ac90fbe-2e4f-42b7-849d-bd14a59b6607" testId="ce8720c2-9005-cb90-e9f6-6a9dc1f8339c" testName="Equals_Passing_Valid_Distinct_Values_Returns_False" computerName="PC-SFERRARI" duration="00:00:00.0006180" startTime="2020-09-01T17:52:10.7604343+01:00" endTime="2020-09-01T17:52:10.7611435+01:00" testType="13cdc9d9-ddb5-4fa4-a97d-d965ccfc6d4b" outcome="Passed" testListId="8c84fa94-04c1-424b-9868-57a2d4851a1d" relativeResultsDirectory="6ac90fbe-2e4f-42b7-849d-bd14a59b6607" resultType="DataDrivenTest">
      <InnerResults>
        <UnitTestResult executionId="ff4b3964-ea8f-4d73-846c-d99a311849e3" parentExecutionId="6ac90fbe-2e4f-42b7-849d-bd14a59b6607" testId="ce8720c2-9005-cb90-e9f6-6a9dc1f8339c" testName="Equals_Passing_Valid_Distinct_Values_Returns_False (EUR)" computerName="PC-SFERRARI" duration="00:00:00.0005774" startTime="2020-09-01T17:52:10.7604343+01:00" endTime="2020-09-01T17:52:10.7611435+01:00" testType="13cdc9d9-ddb5-4fa4-a97d-d965ccfc6d4b" outcome="Passed" testListId="8c84fa94-04c1-424b-9868-57a2d4851a1d" relativeResultsDirectory="ff4b3964-ea8f-4d73-846c-d99a311849e3" dataRowInfo="1" resultType="DataDrivenDataRow" />
      </InnerResults>
    </UnitTestResult>
    <UnitTestResult executionId="4d20a6ee-ecdf-4e42-9982-7b6fef52ba11" testId="cb3aa70a-148e-24f8-4a0e-08e7b60b3af3" testName="Create_Passing_Valid_Values_Returns_Address" computerName="PC-SFERRARI" duration="00:00:00.0035307" startTime="2020-09-01T17:52:11.0465124+01:00" endTime="2020-09-01T17:52:11.0502686+01:00" testType="13cdc9d9-ddb5-4fa4-a97d-d965ccfc6d4b" outcome="Passed" testListId="8c84fa94-04c1-424b-9868-57a2d4851a1d" relativeResultsDirectory="4d20a6ee-ecdf-4e42-9982-7b6fef52ba11" resultType="DataDrivenTest">
      <InnerResults>
        <UnitTestResult executionId="e91f15a4-d599-4eb7-b71a-53fcc833518f" parentExecutionId="4d20a6ee-ecdf-4e42-9982-7b6fef52ba11" testId="cb3aa70a-148e-24f8-4a0e-08e7b60b3af3" testName="Create_Passing_Valid_Values_Returns_Address (100,EUR,2)" computerName="PC-SFERRARI" duration="00:00:00.0028697" startTime="2020-09-01T17:52:11.0465124+01:00" endTime="2020-09-01T17:52:11.0502686+01:00" testType="13cdc9d9-ddb5-4fa4-a97d-d965ccfc6d4b" outcome="Passed" testListId="8c84fa94-04c1-424b-9868-57a2d4851a1d" relativeResultsDirectory="e91f15a4-d599-4eb7-b71a-53fcc833518f" dataRowInfo="1" resultType="DataDrivenDataRow" />
        <UnitTestResult executionId="b1d87458-3e13-497f-8b42-2872dd3918c5" parentExecutionId="4d20a6ee-ecdf-4e42-9982-7b6fef52ba11" testId="cb3aa70a-148e-24f8-4a0e-08e7b60b3af3" testName="Create_Passing_Valid_Values_Returns_Address (200,EUR,4)" computerName="PC-SFERRARI" duration="00:00:00.0003020" startTime="2020-09-01T17:52:11.0465124+01:00" endTime="2020-09-01T17:52:11.0502686+01:00" testType="13cdc9d9-ddb5-4fa4-a97d-d965ccfc6d4b" outcome="Passed" testListId="8c84fa94-04c1-424b-9868-57a2d4851a1d" relativeResultsDirectory="b1d87458-3e13-497f-8b42-2872dd3918c5" dataRowInfo="2" resultType="DataDrivenDataRow" />
        <UnitTestResult executionId="ef071760-6389-4f26-893e-e2638f6a6469" parentExecutionId="4d20a6ee-ecdf-4e42-9982-7b6fef52ba11" testId="cb3aa70a-148e-24f8-4a0e-08e7b60b3af3" testName="Create_Passing_Valid_Values_Returns_Address (400,USD,8)" computerName="PC-SFERRARI" duration="00:00:00.0002454" startTime="2020-09-01T17:52:11.0465124+01:00" endTime="2020-09-01T17:52:11.0502686+01:00" testType="13cdc9d9-ddb5-4fa4-a97d-d965ccfc6d4b" outcome="Passed" testListId="8c84fa94-04c1-424b-9868-57a2d4851a1d" relativeResultsDirectory="ef071760-6389-4f26-893e-e2638f6a6469" dataRowInfo="3" resultType="DataDrivenDataRow" />
      </InnerResults>
    </UnitTestResult>
    <UnitTestResult executionId="5eaad95f-0376-46b6-a94a-5eb43961c14d" testId="1e6a5935-eb94-a549-f349-b1500900cd98" testName="ToEnum_Passing_Valid_String_Name_Enumeracion_Returns_Enumeracion" computerName="PC-SFERRARI" duration="00:00:00.0027948" startTime="2020-09-01T17:52:11.6693384+01:00" endTime="2020-09-01T17:52:11.6723482+01:00" testType="13cdc9d9-ddb5-4fa4-a97d-d965ccfc6d4b" outcome="Passed" testListId="8c84fa94-04c1-424b-9868-57a2d4851a1d" relativeResultsDirectory="5eaad95f-0376-46b6-a94a-5eb43961c14d" />
    <UnitTestResult executionId="b2f0960d-7c65-4326-9854-72d4c1de1304" testId="5b029505-cc20-a753-3d33-0e0e266c8841" testName="ToEnum_Passing_Valid_Bool_Value_Returns_Enumeracion" computerName="PC-SFERRARI" duration="00:00:00.0001754" startTime="2020-09-01T17:52:11.7527983+01:00" endTime="2020-09-01T17:52:11.7530483+01:00" testType="13cdc9d9-ddb5-4fa4-a97d-d965ccfc6d4b" outcome="Passed" testListId="8c84fa94-04c1-424b-9868-57a2d4851a1d" relativeResultsDirectory="b2f0960d-7c65-4326-9854-72d4c1de1304" />
    <UnitTestResult executionId="3c09d79c-701d-47a1-8cf4-4ae52e86f7b8" testId="a135e145-a8f1-0965-22d8-18ac186f6fcf" testName="Create_Passing_InvalidOrNull_Value_Returns_ApplicationException" computerName="PC-SFERRARI" duration="00:00:00.0008806" startTime="2020-09-01T17:52:11.0761190+01:00" endTime="2020-09-01T17:52:11.0771718+01:00" testType="13cdc9d9-ddb5-4fa4-a97d-d965ccfc6d4b" outcome="Passed" testListId="8c84fa94-04c1-424b-9868-57a2d4851a1d" relativeResultsDirectory="3c09d79c-701d-47a1-8cf4-4ae52e86f7b8" resultType="DataDrivenTest">
      <InnerResults>
        <UnitTestResult executionId="51b6e91c-fc3a-4514-bdf8-49dd54bfce64" parentExecutionId="3c09d79c-701d-47a1-8cf4-4ae52e86f7b8" testId="a135e145-a8f1-0965-22d8-18ac186f6fcf" testName="Create_Passing_InvalidOrNull_Value_Returns_ApplicationException (456,USD,-3)" computerName="PC-SFERRARI" duration="00:00:00.0008002" startTime="2020-09-01T17:52:11.0761190+01:00" endTime="2020-09-01T17:52:11.0771718+01:00" testType="13cdc9d9-ddb5-4fa4-a97d-d965ccfc6d4b" outcome="Passed" testListId="8c84fa94-04c1-424b-9868-57a2d4851a1d" relativeResultsDirectory="51b6e91c-fc3a-4514-bdf8-49dd54bfce64" dataRowInfo="1" resultType="DataDrivenDataRow" />
      </InnerResults>
    </UnitTestResult>
    <UnitTestResult executionId="01fef856-a08a-466b-a0ee-e439cd5f5c4c" testId="81019d0f-1a28-bd30-e939-1d942eb12cd9" testName="IsNull_Passing_Null_Value_Returns_True" computerName="PC-SFERRARI" duration="00:00:00.0002883" startTime="2020-09-01T17:52:11.6036256+01:00" endTime="2020-09-01T17:52:11.6040958+01:00" testType="13cdc9d9-ddb5-4fa4-a97d-d965ccfc6d4b" outcome="Passed" testListId="8c84fa94-04c1-424b-9868-57a2d4851a1d" relativeResultsDirectory="01fef856-a08a-466b-a0ee-e439cd5f5c4c" />
    <UnitTestResult executionId="fcbe5aae-6e05-4225-a5ca-67aa345c9a7f" testId="d71963d6-dcff-e7f3-d8f4-94038e2fe289" testName="ToString_Passing_Valid_Values_Returns_Subdomain" computerName="PC-SFERRARI" duration="00:00:00.0002968" startTime="2020-09-01T17:52:11.5105119+01:00" endTime="2020-09-01T17:52:11.5108832+01:00" testType="13cdc9d9-ddb5-4fa4-a97d-d965ccfc6d4b" outcome="Passed" testListId="8c84fa94-04c1-424b-9868-57a2d4851a1d" relativeResultsDirectory="fcbe5aae-6e05-4225-a5ca-67aa345c9a7f" resultType="DataDrivenTest">
      <InnerResults>
        <UnitTestResult executionId="1c07af94-304a-4885-ad71-ce64be17753f" parentExecutionId="fcbe5aae-6e05-4225-a5ca-67aa345c9a7f" testId="d71963d6-dcff-e7f3-d8f4-94038e2fe289" testName="ToString_Passing_Valid_Values_Returns_Subdomain (app.hackerone1.com)" computerName="PC-SFERRARI" duration="00:00:00.0002212" startTime="2020-09-01T17:52:11.5105119+01:00" endTime="2020-09-01T17:52:11.5108832+01:00" testType="13cdc9d9-ddb5-4fa4-a97d-d965ccfc6d4b" outcome="Passed" testListId="8c84fa94-04c1-424b-9868-57a2d4851a1d" relativeResultsDirectory="1c07af94-304a-4885-ad71-ce64be17753f" dataRowInfo="1" resultType="DataDrivenDataRow" />
        <UnitTestResult executionId="f2cf9218-0cac-4d54-9965-2034788ac5e7" parentExecutionId="fcbe5aae-6e05-4225-a5ca-67aa345c9a7f" testId="d71963d6-dcff-e7f3-d8f4-94038e2fe289" testName="ToString_Passing_Valid_Values_Returns_Subdomain (www.hackerone-com)" computerName="PC-SFERRARI" duration="00:00:00.0000126" startTime="2020-09-01T17:52:11.5105119+01:00" endTime="2020-09-01T17:52:11.5108832+01:00" testType="13cdc9d9-ddb5-4fa4-a97d-d965ccfc6d4b" outcome="Passed" testListId="8c84fa94-04c1-424b-9868-57a2d4851a1d" relativeResultsDirectory="f2cf9218-0cac-4d54-9965-2034788ac5e7" dataRowInfo="2" resultType="DataDrivenDataRow" />
        <UnitTestResult executionId="5d98ea1f-32ec-41ea-96d2-ac19ff1d1d12" parentExecutionId="fcbe5aae-6e05-4225-a5ca-67aa345c9a7f" testId="d71963d6-dcff-e7f3-d8f4-94038e2fe289" testName="ToString_Passing_Valid_Values_Returns_Subdomain (stage_hackerone.com)" computerName="PC-SFERRARI" duration="00:00:00.0000087" startTime="2020-09-01T17:52:11.5105119+01:00" endTime="2020-09-01T17:52:11.5108832+01:00" testType="13cdc9d9-ddb5-4fa4-a97d-d965ccfc6d4b" outcome="Passed" testListId="8c84fa94-04c1-424b-9868-57a2d4851a1d" relativeResultsDirectory="5d98ea1f-32ec-41ea-96d2-ac19ff1d1d12" dataRowInfo="3" resultType="DataDrivenDataRow" />
      </InnerResults>
    </UnitTestResult>
    <UnitTestResult executionId="55b338d4-bc2c-431a-aba7-74ed0874b866" testId="60ea3337-b81d-e310-278f-6cd040199409" testName="ToEnum_Passing_Invalid_String_Name_Enumeracion_Returns_Null" computerName="PC-SFERRARI" duration="00:00:00.0001263" startTime="2020-09-01T17:52:11.6993415+01:00" endTime="2020-09-01T17:52:11.6995388+01:00" testType="13cdc9d9-ddb5-4fa4-a97d-d965ccfc6d4b" outcome="Passed" testListId="8c84fa94-04c1-424b-9868-57a2d4851a1d" relativeResultsDirectory="55b338d4-bc2c-431a-aba7-74ed0874b866" />
    <UnitTestResult executionId="dee7f561-af76-42f4-880e-6025c23f78b2" testId="727d300c-09c1-7387-388d-5af13a437f21" testName="OperatorEqual_Passing_Valid_Values_Returns_True" computerName="PC-SFERRARI" duration="00:00:00.0003133" startTime="2020-09-01T17:52:11.5565716+01:00" endTime="2020-09-01T17:52:11.5570407+01:00" testType="13cdc9d9-ddb5-4fa4-a97d-d965ccfc6d4b" outcome="Passed" testListId="8c84fa94-04c1-424b-9868-57a2d4851a1d" relativeResultsDirectory="dee7f561-af76-42f4-880e-6025c23f78b2" resultType="DataDrivenTest">
      <InnerResults>
        <UnitTestResult executionId="ace7cb2a-d4c5-4bd5-b05b-9934fd16e6ca" parentExecutionId="dee7f561-af76-42f4-880e-6025c23f78b2" testId="727d300c-09c1-7387-388d-5af13a437f21" testName="OperatorEqual_Passing_Valid_Values_Returns_True (app.hackerone1.com)" computerName="PC-SFERRARI" duration="00:00:00.0001967" startTime="2020-09-01T17:52:11.5565716+01:00" endTime="2020-09-01T17:52:11.5570407+01:00" testType="13cdc9d9-ddb5-4fa4-a97d-d965ccfc6d4b" outcome="Passed" testListId="8c84fa94-04c1-424b-9868-57a2d4851a1d" relativeResultsDirectory="ace7cb2a-d4c5-4bd5-b05b-9934fd16e6ca" dataRowInfo="1" resultType="DataDrivenDataRow" />
        <UnitTestResult executionId="1093d920-5474-45b4-8fa9-a66bed6b0794" parentExecutionId="dee7f561-af76-42f4-880e-6025c23f78b2" testId="727d300c-09c1-7387-388d-5af13a437f21" testName="OperatorEqual_Passing_Valid_Values_Returns_True (www.hackerone-com)" computerName="PC-SFERRARI" duration="00:00:00.0000231" startTime="2020-09-01T17:52:11.5565716+01:00" endTime="2020-09-01T17:52:11.5570407+01:00" testType="13cdc9d9-ddb5-4fa4-a97d-d965ccfc6d4b" outcome="Passed" testListId="8c84fa94-04c1-424b-9868-57a2d4851a1d" relativeResultsDirectory="1093d920-5474-45b4-8fa9-a66bed6b0794" dataRowInfo="2" resultType="DataDrivenDataRow" />
        <UnitTestResult executionId="079ac97f-45a6-4d32-abbc-fc19cd872a4d" parentExecutionId="dee7f561-af76-42f4-880e-6025c23f78b2" testId="727d300c-09c1-7387-388d-5af13a437f21" testName="OperatorEqual_Passing_Valid_Values_Returns_True (stage_hackerone.com)" computerName="PC-SFERRARI" duration="00:00:00.0000143" startTime="2020-09-01T17:52:11.5565716+01:00" endTime="2020-09-01T17:52:11.5570407+01:00" testType="13cdc9d9-ddb5-4fa4-a97d-d965ccfc6d4b" outcome="Passed" testListId="8c84fa94-04c1-424b-9868-57a2d4851a1d" relativeResultsDirectory="079ac97f-45a6-4d32-abbc-fc19cd872a4d" dataRowInfo="3" resultType="DataDrivenDataRow" />
      </InnerResults>
    </UnitTestResult>
    <UnitTestResult executionId="32813a47-53e3-4034-aced-5e055576e89b" testId="96faba19-0bfe-83ba-6e84-9c0321f406c2" testName="IsMale_Passing_Nothing_Returns_True" computerName="PC-SFERRARI" duration="00:00:00.0002617" startTime="2020-09-01T17:52:11.7184928+01:00" endTime="2020-09-01T17:52:11.7189312+01:00" testType="13cdc9d9-ddb5-4fa4-a97d-d965ccfc6d4b" outcome="Passed" testListId="8c84fa94-04c1-424b-9868-57a2d4851a1d" relativeResultsDirectory="32813a47-53e3-4034-aced-5e055576e89b" />
    <UnitTestResult executionId="4a2c2b8c-a26c-4c33-8804-7016daf3f68b" testId="6dd73256-d9d7-d295-626e-bd95bb1349ab" testName="OperatorEqual_Passing_Valid_Values_Returns_True" computerName="PC-SFERRARI" duration="00:00:00.0002619" startTime="2020-09-01T17:52:11.6481089+01:00" endTime="2020-09-01T17:52:11.6485323+01:00" testType="13cdc9d9-ddb5-4fa4-a97d-d965ccfc6d4b" outcome="Passed" testListId="8c84fa94-04c1-424b-9868-57a2d4851a1d" relativeResultsDirectory="4a2c2b8c-a26c-4c33-8804-7016daf3f68b" resultType="DataDrivenTest">
      <InnerResults>
        <UnitTestResult executionId="dc6f66a9-1ff3-4aa3-a14e-69586d629674" parentExecutionId="4a2c2b8c-a26c-4c33-8804-7016daf3f68b" testId="6dd73256-d9d7-d295-626e-bd95bb1349ab" testName="OperatorEqual_Passing_Valid_Values_Returns_True (456,43543543543)" computerName="PC-SFERRARI" duration="00:00:00.0001810" startTime="2020-09-01T17:52:11.6481089+01:00" endTime="2020-09-01T17:52:11.6485323+01:00" testType="13cdc9d9-ddb5-4fa4-a97d-d965ccfc6d4b" outcome="Passed" testListId="8c84fa94-04c1-424b-9868-57a2d4851a1d" relativeResultsDirectory="dc6f66a9-1ff3-4aa3-a14e-69586d629674" dataRowInfo="1" resultType="DataDrivenDataRow" />
        <UnitTestResult executionId="d1905158-8039-4925-9ad1-e45aefaf9eee" parentExecutionId="4a2c2b8c-a26c-4c33-8804-7016daf3f68b" testId="6dd73256-d9d7-d295-626e-bd95bb1349ab" testName="OperatorEqual_Passing_Valid_Values_Returns_True (D45,86554654)" computerName="PC-SFERRARI" duration="00:00:00.0000180" startTime="2020-09-01T17:52:11.6481089+01:00" endTime="2020-09-01T17:52:11.6485323+01:00" testType="13cdc9d9-ddb5-4fa4-a97d-d965ccfc6d4b" outcome="Passed" testListId="8c84fa94-04c1-424b-9868-57a2d4851a1d" relativeResultsDirectory="d1905158-8039-4925-9ad1-e45aefaf9eee" dataRowInfo="2" resultType="DataDrivenDataRow" />
      </InnerResults>
    </UnitTestResult>
    <UnitTestResult executionId="a4ada0a8-6733-48e5-834a-835709055250" testId="b90b8524-89a6-7598-57e6-f81fc0f2da6d" testName="Create_Passing_Valid_Values_Returns_StringId" computerName="PC-SFERRARI" duration="00:00:00.0001473" startTime="2020-09-01T17:52:11.4208374+01:00" endTime="2020-09-01T17:52:11.4210553+01:00" testType="13cdc9d9-ddb5-4fa4-a97d-d965ccfc6d4b" outcome="Passed" testListId="8c84fa94-04c1-424b-9868-57a2d4851a1d" relativeResultsDirectory="a4ada0a8-6733-48e5-834a-835709055250" resultType="DataDrivenTest">
      <InnerResults>
        <UnitTestResult executionId="9abd2c6f-7627-4c62-a8ec-ddd0716ba6ad" parentExecutionId="a4ada0a8-6733-48e5-834a-835709055250" testId="b90b8524-89a6-7598-57e6-f81fc0f2da6d" testName="Create_Passing_Valid_Values_Returns_StringId (Tenerife)" computerName="PC-SFERRARI" duration="00:00:00.0000977" startTime="2020-09-01T17:52:11.4208374+01:00" endTime="2020-09-01T17:52:11.4210553+01:00" testType="13cdc9d9-ddb5-4fa4-a97d-d965ccfc6d4b" outcome="Passed" testListId="8c84fa94-04c1-424b-9868-57a2d4851a1d" relativeResultsDirectory="9abd2c6f-7627-4c62-a8ec-ddd0716ba6ad" dataRowInfo="1" resultType="DataDrivenDataRow" />
        <UnitTestResult executionId="076ca91a-04cd-46ad-a49c-d1208c9b550c" parentExecutionId="a4ada0a8-6733-48e5-834a-835709055250" testId="b90b8524-89a6-7598-57e6-f81fc0f2da6d" testName="Create_Passing_Valid_Values_Returns_StringId (Espania)" computerName="PC-SFERRARI" duration="00:00:00.0000047" startTime="2020-09-01T17:52:11.4208374+01:00" endTime="2020-09-01T17:52:11.4210553+01:00" testType="13cdc9d9-ddb5-4fa4-a97d-d965ccfc6d4b" outcome="Passed" testListId="8c84fa94-04c1-424b-9868-57a2d4851a1d" relativeResultsDirectory="076ca91a-04cd-46ad-a49c-d1208c9b550c" dataRowInfo="2" resultType="DataDrivenDataRow" />
      </InnerResults>
    </UnitTestResult>
  </Results>
  <TestDefinitions>
    <UnitTest name="OperatorNotEqual_Passing_Valid_Values_Returns_True" storage="d:\sferrari\01 - trabajo\repos\netcore\template-netcore-entities\kitpymes.core.entities.tests\bin\release\netcoreapp3.0\kitpymes.core.entities.tests.dll" id="b5816c40-b187-058a-299e-906a7a313317">
      <Execution id="30a56212-c650-47d7-bc34-f6727c3647f9" />
      <TestMethod codeBase="D:\SFERRARI\01 - TRABAJO\REPOS\netcore\template-netcore-entities\Kitpymes.Core.Entities.Tests\bin\Release\netcoreapp3.0\Kitpymes.Core.Entities.Tests.dll" adapterTypeName="executor://mstestadapter/v2" className="Kitpymes.Core.Entities.ValueObjects.Tests.MoneyTests" name="OperatorNotEqual_Passing_Valid_Values_Returns_True" />
    </UnitTest>
    <UnitTest name="OperatorEqual_Passing_Valid_Values_Returns_True" storage="d:\sferrari\01 - trabajo\repos\netcore\template-netcore-entities\kitpymes.core.entities.tests\bin\release\netcoreapp3.0\kitpymes.core.entities.tests.dll" id="153dd652-4eeb-f718-2869-b5ccdad8d784">
      <Execution id="9a55a72a-51c9-4d35-bde4-682c62e66e6d" />
      <TestMethod codeBase="D:\SFERRARI\01 - TRABAJO\REPOS\netcore\template-netcore-entities\Kitpymes.Core.Entities.Tests\bin\Release\netcoreapp3.0\Kitpymes.Core.Entities.Tests.dll" adapterTypeName="executor://mstestadapter/v2" className="Kitpymes.Core.Entities.ValueObjects.Tests.MoneyTests" name="OperatorEqual_Passing_Valid_Values_Returns_True" />
    </UnitTest>
    <UnitTest name="OperatorEqual_Passing_Valid_Values_Returns_True" storage="d:\sferrari\01 - trabajo\repos\netcore\template-netcore-entities\kitpymes.core.entities.tests\bin\release\netcoreapp3.0\kitpymes.core.entities.tests.dll" id="096255cc-daec-f5a9-6a72-452bc7414607">
      <Execution id="a1560bbe-ee9f-4f98-8c95-4a889726b46a" />
      <TestMethod codeBase="D:\SFERRARI\01 - TRABAJO\REPOS\netcore\template-netcore-entities\Kitpymes.Core.Entities.Tests\bin\Release\netcoreapp3.0\Kitpymes.Core.Entities.Tests.dll" adapterTypeName="executor://mstestadapter/v2" className="Kitpymes.Core.Entities.ValueObjects.Tests.FullNameTests" name="OperatorEqual_Passing_Valid_Values_Returns_True" />
    </UnitTest>
    <UnitTest name="IsActive_Passing_Nothing_Returns_True" storage="d:\sferrari\01 - trabajo\repos\netcore\template-netcore-entities\kitpymes.core.entities.tests\bin\release\netcoreapp3.0\kitpymes.core.entities.tests.dll" id="383215a1-c7ec-2234-60ab-45389defa320">
      <Execution id="dbafa2bc-22b1-40ac-bec5-6d1f99e5e47b" />
      <TestMethod codeBase="D:\SFERRARI\01 - TRABAJO\REPOS\netcore\template-netcore-entities\Kitpymes.Core.Entities.Tests\bin\Release\netcoreapp3.0\Kitpymes.Core.Entities.Tests.dll" adapterTypeName="executor://mstestadapter/v2" className="Kitpymes.Core.Entities.Enumerations.Tests.StatusEnumTests" name="IsActive_Passing_Nothing_Returns_True" />
    </UnitTest>
    <UnitTest name="ToEnum_Passing_Valid_String_Name_Enumeracion_Returns_Enumeracion" storage="d:\sferrari\01 - trabajo\repos\netcore\template-netcore-entities\kitpymes.core.entities.tests\bin\release\netcoreapp3.0\kitpymes.core.entities.tests.dll" id="7506a243-a238-2665-b1af-67e45659c805">
      <Execution id="b3d5c794-57ec-4aee-bf3d-23dc86ca39e5" />
      <TestMethod codeBase="D:\SFERRARI\01 - TRABAJO\REPOS\netcore\template-netcore-entities\Kitpymes.Core.Entities.Tests\bin\Release\netcoreapp3.0\Kitpymes.Core.Entities.Tests.dll" adapterTypeName="executor://mstestadapter/v2" className="Kitpymes.Core.Entities.Enumerations.Tests.GenderTypeEnumTests" name="ToEnum_Passing_Valid_String_Name_Enumeracion_Returns_Enumeracion" />
    </UnitTest>
    <UnitTest name="Equals_Passing_Valid_Distinct_Values_Returns_False" storage="d:\sferrari\01 - trabajo\repos\netcore\template-netcore-entities\kitpymes.core.entities.tests\bin\release\netcoreapp3.0\kitpymes.core.entities.tests.dll" id="4c90cf97-db04-0e36-a36a-65b359ec9e59">
      <Execution id="ca60e4e2-5e31-4f7b-ab33-168dc95fe10f" />
      <TestMethod codeBase="D:\SFERRARI\01 - TRABAJO\REPOS\netcore\template-netcore-entities\Kitpymes.Core.Entities.Tests\bin\Release\netcoreapp3.0\Kitpymes.Core.Entities.Tests.dll" adapterTypeName="executor://mstestadapter/v2" className="Kitpymes.Core.Entities.ValueObjects.Tests.EmailTests" name="Equals_Passing_Valid_Distinct_Values_Returns_False" />
    </UnitTest>
    <UnitTest name="OperatorEqual_Passing_Valid_Distinct_Values_Returns_False" storage="d:\sferrari\01 - trabajo\repos\netcore\template-netcore-entities\kitpymes.core.entities.tests\bin\release\netcoreapp3.0\kitpymes.core.entities.tests.dll" id="fc18fde3-4319-cd9b-8e17-5d2514db3cb2">
      <Execution id="d6b1349d-d382-4134-932b-4681edf01661" />
      <TestMethod codeBase="D:\SFERRARI\01 - TRABAJO\REPOS\netcore\template-netcore-entities\Kitpymes.Core.Entities.Tests\bin\Release\netcoreapp3.0\Kitpymes.Core.Entities.Tests.dll" adapterTypeName="executor://mstestadapter/v2" className="Kitpymes.Core.Entities.ValueObjects.Tests.CurrencyTests" name="OperatorEqual_Passing_Valid_Distinct_Values_Returns_False" />
    </UnitTest>
    <UnitTest name="OperatorEqual_Passing_Valid_Values_Returns_True" storage="d:\sferrari\01 - trabajo\repos\netcore\template-netcore-entities\kitpymes.core.entities.tests\bin\release\netcoreapp3.0\kitpymes.core.entities.tests.dll" id="0394e59d-8e17-d872-c29f-c28ac3eea7b0">
      <Execution id="081e5579-8651-4150-a705-e2eb2b9d8864" />
      <TestMethod codeBase="D:\SFERRARI\01 - TRABAJO\REPOS\netcore\template-netcore-entities\Kitpymes.Core.Entities.Tests\bin\Release\netcoreapp3.0\Kitpymes.Core.Entities.Tests.dll" adapterTypeName="executor://mstestadapter/v2" className="Kitpymes.Core.Entities.ValueObjects.Tests.AddressTests" name="OperatorEqual_Passing_Valid_Values_Returns_True" />
    </UnitTest>
    <UnitTest name="IsNull_Passing_Null_Value_Returns_True" storage="d:\sferrari\01 - trabajo\repos\netcore\template-netcore-entities\kitpymes.core.entities.tests\bin\release\netcoreapp3.0\kitpymes.core.entities.tests.dll" id="0188a360-d0e8-2f3a-f2c3-d07e54094df7">
      <Execution id="11ac1069-da77-491f-9e43-d2661ec1827e" />
      <TestMethod codeBase="D:\SFERRARI\01 - TRABAJO\REPOS\netcore\template-netcore-entities\Kitpymes.Core.Entities.Tests\bin\Release\netcoreapp3.0\Kitpymes.Core.Entities.Tests.dll" adapterTypeName="executor://mstestadapter/v2" className="Kitpymes.Core.Entities.ValueObjects.Tests.FullNameTests" name="IsNull_Passing_Null_Value_Returns_True" />
    </UnitTest>
    <UnitTest name="Equals_Passing_Valid_Values_Returns_True" storage="d:\sferrari\01 - trabajo\repos\netcore\template-netcore-entities\kitpymes.core.entities.tests\bin\release\netcoreapp3.0\kitpymes.core.entities.tests.dll" id="e85f4f46-0516-dc12-c91d-ac710b48a15b">
      <Execution id="247cf8dc-5a00-4213-8b22-aa7c46bb7436" />
      <TestMethod codeBase="D:\SFERRARI\01 - TRABAJO\REPOS\netcore\template-netcore-entities\Kitpymes.Core.Entities.Tests\bin\Release\netcoreapp3.0\Kitpymes.Core.Entities.Tests.dll" adapterTypeName="executor://mstestadapter/v2" className="Kitpymes.Core.Entities.ValueObjects.Tests.NameTests" name="Equals_Passing_Valid_Values_Returns_True" />
    </UnitTest>
    <UnitTest name="ToString_Passing_Valid_Values_Returns_Address_String_Format" storage="d:\sferrari\01 - trabajo\repos\netcore\template-netcore-entities\kitpymes.core.entities.tests\bin\release\netcoreapp3.0\kitpymes.core.entities.tests.dll" id="336a4b3f-0900-f7cb-0d00-611a2347544d">
      <Execution id="775ae009-a996-4865-b3c7-b8817da8d461" />
      <TestMethod codeBase="D:\SFERRARI\01 - TRABAJO\REPOS\netcore\template-netcore-entities\Kitpymes.Core.Entities.Tests\bin\Release\netcoreapp3.0\Kitpymes.Core.Entities.Tests.dll" adapterTypeName="executor://mstestadapter/v2" className="Kitpymes.Core.Entities.ValueObjects.Tests.MoneyTests" name="ToString_Passing_Valid_Values_Returns_Address_String_Format" />
    </UnitTest>
    <UnitTest name="Equals_Passing_Valid_Values_Returns_True" storage="d:\sferrari\01 - trabajo\repos\netcore\template-netcore-entities\kitpymes.core.entities.tests\bin\release\netcoreapp3.0\kitpymes.core.entities.tests.dll" id="d4dac023-52df-82e8-5be4-d4d0b7642e67">
      <Execution id="372c34b0-d66a-4381-a904-be70f223d3c1" />
      <TestMethod codeBase="D:\SFERRARI\01 - TRABAJO\REPOS\netcore\template-netcore-entities\Kitpymes.Core.Entities.Tests\bin\Release\netcoreapp3.0\Kitpymes.Core.Entities.Tests.dll" adapterTypeName="executor://mstestadapter/v2" className="Kitpymes.Core.Entities.ValueObjects.Tests.AddressTests" name="Equals_Passing_Valid_Values_Returns_True" />
    </UnitTest>
    <UnitTest name="ToEnum_Passing_Invalid_Int_Value_Returns_Null" storage="d:\sferrari\01 - trabajo\repos\netcore\template-netcore-entities\kitpymes.core.entities.tests\bin\release\netcoreapp3.0\kitpymes.core.entities.tests.dll" id="4e5c29c7-ea4b-cd65-4b72-7ebf50d57942">
      <Execution id="4b431be9-5c53-4b9d-867b-eb52b8d9bbe8" />
      <TestMethod codeBase="D:\SFERRARI\01 - TRABAJO\REPOS\netcore\template-netcore-entities\Kitpymes.Core.Entities.Tests\bin\Release\netcoreapp3.0\Kitpymes.Core.Entities.Tests.dll" adapterTypeName="executor://mstestadapter/v2" className="Kitpymes.Core.Entities.Enumerations.Tests.StatusEnumTests" name="ToEnum_Passing_Invalid_Int_Value_Returns_Null" />
    </UnitTest>
    <UnitTest name="Equals_Passing_Valid_Values_Returns_False" storage="d:\sferrari\01 - trabajo\repos\netcore\template-netcore-entities\kitpymes.core.entities.tests\bin\release\netcoreapp3.0\kitpymes.core.entities.tests.dll" id="fc04751a-29b6-34b0-30bc-db8740bebbfc">
      <Execution id="ade0a645-149a-4a19-9533-0e0af86f0758" />
      <TestMethod codeBase="D:\SFERRARI\01 - TRABAJO\REPOS\netcore\template-netcore-entities\Kitpymes.Core.Entities.Tests\bin\Release\netcoreapp3.0\Kitpymes.Core.Entities.Tests.dll" adapterTypeName="executor://mstestadapter/v2" className="Kitpymes.Core.Entities.ValueObjects.Tests.AddressTests" name="Equals_Passing_Valid_Values_Returns_False" />
    </UnitTest>
    <UnitTest name="ToEnum_Passing_Invalid_String_Name_Enumeracion_Returns_Null" storage="d:\sferrari\01 - trabajo\repos\netcore\template-netcore-entities\kitpymes.core.entities.tests\bin\release\netcoreapp3.0\kitpymes.core.entities.tests.dll" id="3c73a262-4233-759f-902c-9ce564f1c4ad">
      <Execution id="53efd862-00a6-40a1-9bdd-c28941b6b4ef" />
      <TestMethod codeBase="D:\SFERRARI\01 - TRABAJO\REPOS\netcore\template-netcore-entities\Kitpymes.Core.Entities.Tests\bin\Release\netcoreapp3.0\Kitpymes.Core.Entities.Tests.dll" adapterTypeName="executor://mstestadapter/v2" className="Kitpymes.Core.Entities.Enumerations.Tests.CardTypeEnumTests" name="ToEnum_Passing_Invalid_String_Name_Enumeracion_Returns_Null" />
    </UnitTest>
    <UnitTest name="ToString_Passing_Valid_Values_Returns_Subdomain" storage="d:\sferrari\01 - trabajo\repos\netcore\template-netcore-entities\kitpymes.core.entities.tests\bin\release\netcoreapp3.0\kitpymes.core.entities.tests.dll" id="d71963d6-dcff-e7f3-d8f4-94038e2fe289">
      <Execution id="fcbe5aae-6e05-4225-a5ca-67aa345c9a7f" />
      <TestMethod codeBase="D:\SFERRARI\01 - TRABAJO\REPOS\netcore\template-netcore-entities\Kitpymes.Core.Entities.Tests\bin\Release\netcoreapp3.0\Kitpymes.Core.Entities.Tests.dll" adapterTypeName="executor://mstestadapter/v2" className="Kitpymes.Core.Entities.ValueObjects.Tests.SubdomainTests" name="ToString_Passing_Valid_Values_Returns_Subdomain" />
    </UnitTest>
    <UnitTest name="ToNormalize_Passing_Valid_Values_Returns_Address_String_Format" storage="d:\sferrari\01 - trabajo\repos\netcore\template-netcore-entities\kitpymes.core.entities.tests\bin\release\netcoreapp3.0\kitpymes.core.entities.tests.dll" id="2a42fb62-90e3-d0b8-2433-6770585d59ac">
      <Execution id="a81536ef-6a23-4c3b-a254-c4eb140a7100" />
      <TestMethod codeBase="D:\SFERRARI\01 - TRABAJO\REPOS\netcore\template-netcore-entities\Kitpymes.Core.Entities.Tests\bin\Release\netcoreapp3.0\Kitpymes.Core.Entities.Tests.dll" adapterTypeName="executor://mstestadapter/v2" className="Kitpymes.Core.Entities.ValueObjects.Tests.EmailTests" name="ToNormalize_Passing_Valid_Values_Returns_Address_String_Format" />
    </UnitTest>
    <UnitTest name="GetAll_Passing_Nothing_Returns_Enumeracion_List" storage="d:\sferrari\01 - trabajo\repos\netcore\template-netcore-entities\kitpymes.core.entities.tests\bin\release\netcoreapp3.0\kitpymes.core.entities.tests.dll" id="b80b0b1c-a03f-7462-5741-ff0449349de1">
      <Execution id="d16a46a1-be62-4309-97de-d0d6d713f241" />
      <TestMethod codeBase="D:\SFERRARI\01 - TRABAJO\REPOS\netcore\template-netcore-entities\Kitpymes.Core.Entities.Tests\bin\Release\netcoreapp3.0\Kitpymes.Core.Entities.Tests.dll" adapterTypeName="executor://mstestadapter/v2" className="Kitpymes.Core.Entities.Enumerations.Tests.StatusEnumTests" name="GetAll_Passing_Nothing_Returns_Enumeracion_List" />
    </UnitTest>
    <UnitTest name="ToEnum_Passing_Null_Bool_Value_Returns_Inactive_Status" storage="d:\sferrari\01 - trabajo\repos\netcore\template-netcore-entities\kitpymes.core.entities.tests\bin\release\netcoreapp3.0\kitpymes.core.entities.tests.dll" id="193201d0-a425-c313-33b9-f8d20ace7f79">
      <Execution id="7c580100-e049-4991-b2f6-c3f185b2d894" />
      <TestMethod codeBase="D:\SFERRARI\01 - TRABAJO\REPOS\netcore\template-netcore-entities\Kitpymes.Core.Entities.Tests\bin\Release\netcoreapp3.0\Kitpymes.Core.Entities.Tests.dll" adapterTypeName="executor://mstestadapter/v2" className="Kitpymes.Core.Entities.Enumerations.Tests.StatusEnumTests" name="ToEnum_Passing_Null_Bool_Value_Returns_Inactive_Status" />
    </UnitTest>
    <UnitTest name="IsFree_Passing_Nothing_Returns_True" storage="d:\sferrari\01 - trabajo\repos\netcore\template-netcore-entities\kitpymes.core.entities.tests\bin\release\netcoreapp3.0\kitpymes.core.entities.tests.dll" id="3ac8ffbb-30b0-a85d-3e7e-8f2f12c4ed12">
      <Execution id="f0514fcd-5414-408f-8c29-6392b32b8ea8" />
      <TestMethod codeBase="D:\SFERRARI\01 - TRABAJO\REPOS\netcore\template-netcore-entities\Kitpymes.Core.Entities.Tests\bin\Release\netcoreapp3.0\Kitpymes.Core.Entities.Tests.dll" adapterTypeName="executor://mstestadapter/v2" className="Kitpymes.Core.Entities.Enumerations.Tests.SubscriptionEnumTests" name="IsFree_Passing_Nothing_Returns_True" />
    </UnitTest>
    <UnitTest name="OperatorNotEqual_Passing_Valid_Values_Returns_False" storage="d:\sferrari\01 - trabajo\repos\netcore\template-netcore-entities\kitpymes.core.entities.tests\bin\release\netcoreapp3.0\kitpymes.core.entities.tests.dll" id="9aa3b6bb-9be5-40ee-3b6d-db8c00e38b15">
      <Execution id="a6ca5750-f5f9-42aa-895f-2a03f4f66e29" />
      <TestMethod codeBase="D:\SFERRARI\01 - TRABAJO\REPOS\netcore\template-netcore-entities\Kitpymes.Core.Entities.Tests\bin\Release\netcoreapp3.0\Kitpymes.Core.Entities.Tests.dll" adapterTypeName="executor://mstestadapter/v2" className="Kitpymes.Core.Entities.ValueObjects.Tests.SubdomainTests" name="OperatorNotEqual_Passing_Valid_Values_Returns_False" />
    </UnitTest>
    <UnitTest name="Equals_Passing_Valid_Values_Returns_True" storage="d:\sferrari\01 - trabajo\repos\netcore\template-netcore-entities\kitpymes.core.entities.tests\bin\release\netcoreapp3.0\kitpymes.core.entities.tests.dll" id="c1c7a090-62ae-a90f-5c47-62eab692b098">
      <Execution id="6c0805cf-4300-4078-8563-6521f225ee23" />
      <TestMethod codeBase="D:\SFERRARI\01 - TRABAJO\REPOS\netcore\template-netcore-entities\Kitpymes.Core.Entities.Tests\bin\Release\netcoreapp3.0\Kitpymes.Core.Entities.Tests.dll" adapterTypeName="executor://mstestadapter/v2" className="Kitpymes.Core.Entities.ValueObjects.Tests.TelephoneTests" name="Equals_Passing_Valid_Values_Returns_True" />
    </UnitTest>
    <UnitTest name="IsNull_Passing_Null_Value_Returns_True" storage="d:\sferrari\01 - trabajo\repos\netcore\template-netcore-entities\kitpymes.core.entities.tests\bin\release\netcoreapp3.0\kitpymes.core.entities.tests.dll" id="35cd21bd-ac3d-8082-2cc2-47d7b4ce3a25">
      <Execution id="894a06ab-e6c3-4db3-8dbd-e5c049e280d8" />
      <TestMethod codeBase="D:\SFERRARI\01 - TRABAJO\REPOS\netcore\template-netcore-entities\Kitpymes.Core.Entities.Tests\bin\Release\netcoreapp3.0\Kitpymes.Core.Entities.Tests.dll" adapterTypeName="executor://mstestadapter/v2" className="Kitpymes.Core.Entities.ValueObjects.Tests.NameTests" name="IsNull_Passing_Null_Value_Returns_True" />
    </UnitTest>
    <UnitTest name="Create_Passing_InvalidOrNull_Value_Returns_ApplicationException" storage="d:\sferrari\01 - trabajo\repos\netcore\template-netcore-entities\kitpymes.core.entities.tests\bin\release\netcoreapp3.0\kitpymes.core.entities.tests.dll" id="3f4c3f71-cc6a-91e9-8105-a3b714346d19">
      <Execution id="43fa129a-dca1-4e4f-8cb8-2e641eda7348" />
      <TestMethod codeBase="D:\SFERRARI\01 - TRABAJO\REPOS\netcore\template-netcore-entities\Kitpymes.Core.Entities.Tests\bin\Release\netcoreapp3.0\Kitpymes.Core.Entities.Tests.dll" adapterTypeName="executor://mstestadapter/v2" className="Kitpymes.Core.Entities.ValueObjects.Tests.SubdomainTests" name="Create_Passing_InvalidOrNull_Value_Returns_ApplicationException" />
    </UnitTest>
    <UnitTest name="OperatorEqual_Passing_Valid_Values_Returns_True" storage="d:\sferrari\01 - trabajo\repos\netcore\template-netcore-entities\kitpymes.core.entities.tests\bin\release\netcoreapp3.0\kitpymes.core.entities.tests.dll" id="3e808d2f-8050-987c-6881-19992ba1e6c6">
      <Execution id="eb354ce8-4d49-4f3c-9873-cb39ede52580" />
      <TestMethod codeBase="D:\SFERRARI\01 - TRABAJO\REPOS\netcore\template-netcore-entities\Kitpymes.Core.Entities.Tests\bin\Release\netcoreapp3.0\Kitpymes.Core.Entities.Tests.dll" adapterTypeName="executor://mstestadapter/v2" className="Kitpymes.Core.Entities.ValueObjects.Tests.CurrencyTests" name="OperatorEqual_Passing_Valid_Values_Returns_True" />
    </UnitTest>
    <UnitTest name="IsNull_Passing_Valid_Value_Returns_False" storage="d:\sferrari\01 - trabajo\repos\netcore\template-netcore-entities\kitpymes.core.entities.tests\bin\release\netcoreapp3.0\kitpymes.core.entities.tests.dll" id="74b3f1dc-94ca-8be2-33b4-759efaa9b8e8">
      <Execution id="2ee10ed8-8fce-42c0-9735-75a148d2acef" />
      <TestMethod codeBase="D:\SFERRARI\01 - TRABAJO\REPOS\netcore\template-netcore-entities\Kitpymes.Core.Entities.Tests\bin\Release\netcoreapp3.0\Kitpymes.Core.Entities.Tests.dll" adapterTypeName="executor://mstestadapter/v2" className="Kitpymes.Core.Entities.ValueObjects.Tests.StringIdTests" name="IsNull_Passing_Valid_Value_Returns_False" />
    </UnitTest>
    <UnitTest name="Create_Passing_InvalidOrNull_Value_Returns_ApplicationException" storage="d:\sferrari\01 - trabajo\repos\netcore\template-netcore-entities\kitpymes.core.entities.tests\bin\release\netcoreapp3.0\kitpymes.core.entities.tests.dll" id="389a94fb-03f1-a2c7-c8a2-43670b7ac19d">
      <Execution id="750271c8-8aab-4fb2-a0bf-755791cb9647" />
      <TestMethod codeBase="D:\SFERRARI\01 - TRABAJO\REPOS\netcore\template-netcore-entities\Kitpymes.Core.Entities.Tests\bin\Release\netcoreapp3.0\Kitpymes.Core.Entities.Tests.dll" adapterTypeName="executor://mstestadapter/v2" className="Kitpymes.Core.Entities.ValueObjects.Tests.NameTests" name="Create_Passing_InvalidOrNull_Value_Returns_ApplicationException" />
    </UnitTest>
    <UnitTest name="OperatorNotEqual_Passing_Valid_Values_Returns_True" storage="d:\sferrari\01 - trabajo\repos\netcore\template-netcore-entities\kitpymes.core.entities.tests\bin\release\netcoreapp3.0\kitpymes.core.entities.tests.dll" id="906ffa0c-cef6-6ab9-9266-275ee0bdf90a">
      <Execution id="f4fc8fec-415c-42fd-a0c2-16100aa964ee" />
      <TestMethod codeBase="D:\SFERRARI\01 - TRABAJO\REPOS\netcore\template-netcore-entities\Kitpymes.Core.Entities.Tests\bin\Release\netcoreapp3.0\Kitpymes.Core.Entities.Tests.dll" adapterTypeName="executor://mstestadapter/v2" className="Kitpymes.Core.Entities.ValueObjects.Tests.AddressTests" name="OperatorNotEqual_Passing_Valid_Values_Returns_True" />
    </UnitTest>
    <UnitTest name="Equals_Passing_Valid_Distinct_Values_Returns_False" storage="d:\sferrari\01 - trabajo\repos\netcore\template-netcore-entities\kitpymes.core.entities.tests\bin\release\netcoreapp3.0\kitpymes.core.entities.tests.dll" id="a31fe255-a9f2-dfdc-2937-103680a980ea">
      <Execution id="ede1b2c0-df47-49d6-9a9d-e88cc42a16ba" />
      <TestMethod codeBase="D:\SFERRARI\01 - TRABAJO\REPOS\netcore\template-netcore-entities\Kitpymes.Core.Entities.Tests\bin\Release\netcoreapp3.0\Kitpymes.Core.Entities.Tests.dll" adapterTypeName="executor://mstestadapter/v2" className="Kitpymes.Core.Entities.ValueObjects.Tests.FullNameTests" name="Equals_Passing_Valid_Distinct_Values_Returns_False" />
    </UnitTest>
    <UnitTest name="OperatorNotEqual_Passing_Valid_Values_Returns_False" storage="d:\sferrari\01 - trabajo\repos\netcore\template-netcore-entities\kitpymes.core.entities.tests\bin\release\netcoreapp3.0\kitpymes.core.entities.tests.dll" id="3ee8c477-acc7-2166-b517-722bdd4efb4b">
      <Execution id="e0908929-03e8-4952-89c9-565ec8423305" />
      <TestMethod codeBase="D:\SFERRARI\01 - TRABAJO\REPOS\netcore\template-netcore-entities\Kitpymes.Core.Entities.Tests\bin\Release\netcoreapp3.0\Kitpymes.Core.Entities.Tests.dll" adapterTypeName="executor://mstestadapter/v2" className="Kitpymes.Core.Entities.ValueObjects.Tests.MoneyTests" name="OperatorNotEqual_Passing_Valid_Values_Returns_False" />
    </UnitTest>
    <UnitTest name="Create_Passing_Valid_Values_Returns_StringId" storage="d:\sferrari\01 - trabajo\repos\netcore\template-netcore-entities\kitpymes.core.entities.tests\bin\release\netcoreapp3.0\kitpymes.core.entities.tests.dll" id="b90b8524-89a6-7598-57e6-f81fc0f2da6d">
      <Execution id="a4ada0a8-6733-48e5-834a-835709055250" />
      <TestMethod codeBase="D:\SFERRARI\01 - TRABAJO\REPOS\netcore\template-netcore-entities\Kitpymes.Core.Entities.Tests\bin\Release\netcoreapp3.0\Kitpymes.Core.Entities.Tests.dll" adapterTypeName="executor://mstestadapter/v2" className="Kitpymes.Core.Entities.ValueObjects.Tests.StringIdTests" name="Create_Passing_Valid_Values_Returns_StringId" />
    </UnitTest>
    <UnitTest name="IsNull_Passing_Null_Value_Returns_True" storage="d:\sferrari\01 - trabajo\repos\netcore\template-netcore-entities\kitpymes.core.entities.tests\bin\release\netcoreapp3.0\kitpymes.core.entities.tests.dll" id="b64d7059-5563-47f2-0770-51679ab67ac3">
      <Execution id="59bd8ec3-8f3b-4069-bc1d-b6a12d7d3f01" />
      <TestMethod codeBase="D:\SFERRARI\01 - TRABAJO\REPOS\netcore\template-netcore-entities\Kitpymes.Core.Entities.Tests\bin\Release\netcoreapp3.0\Kitpymes.Core.Entities.Tests.dll" adapterTypeName="executor://mstestadapter/v2" className="Kitpymes.Core.Entities.ValueObjects.Tests.StringIdTests" name="IsNull_Passing_Null_Value_Returns_True" />
    </UnitTest>
    <UnitTest name="ToString_Passing_Valid_Values_Returns_Value_String_Format" storage="d:\sferrari\01 - trabajo\repos\netcore\template-netcore-entities\kitpymes.core.entities.tests\bin\release\netcoreapp3.0\kitpymes.core.entities.tests.dll" id="860a3ab5-e4fc-cad4-fe40-328241e258f0">
      <Execution id="77f4b096-758f-4916-8c0c-ba5f7d136ff9" />
      <TestMethod codeBase="D:\SFERRARI\01 - TRABAJO\REPOS\netcore\template-netcore-entities\Kitpymes.Core.Entities.Tests\bin\Release\netcoreapp3.0\Kitpymes.Core.Entities.Tests.dll" adapterTypeName="executor://mstestadapter/v2" className="Kitpymes.Core.Entities.ValueObjects.Tests.TelephoneTests" name="ToString_Passing_Valid_Values_Returns_Value_String_Format" />
    </UnitTest>
    <UnitTest name="ToEnum_Passing_Valid_String_ShortName_Enumeracion_Returns_Enumeracion" storage="d:\sferrari\01 - trabajo\repos\netcore\template-netcore-entities\kitpymes.core.entities.tests\bin\release\netcoreapp3.0\kitpymes.core.entities.tests.dll" id="0331e231-5e2b-199a-2247-9bc7f2606067">
      <Execution id="743c7fbb-4fec-4136-92ae-dc6019011609" />
      <TestMethod codeBase="D:\SFERRARI\01 - TRABAJO\REPOS\netcore\template-netcore-entities\Kitpymes.Core.Entities.Tests\bin\Release\netcoreapp3.0\Kitpymes.Core.Entities.Tests.dll" adapterTypeName="executor://mstestadapter/v2" className="Kitpymes.Core.Entities.Enumerations.Tests.CardTypeEnumTests" name="ToEnum_Passing_Valid_String_ShortName_Enumeracion_Returns_Enumeracion" />
    </UnitTest>
    <UnitTest name="Create_Passing_InvalidOrNull_Value_Returns_ApplicationException" storage="d:\sferrari\01 - trabajo\repos\netcore\template-netcore-entities\kitpymes.core.entities.tests\bin\release\netcoreapp3.0\kitpymes.core.entities.tests.dll" id="d72572bb-7928-9c07-ef1f-d247b9026627">
      <Execution id="ba836470-5f93-48ce-9ed5-5e3c5a0c9535" />
      <TestMethod codeBase="D:\SFERRARI\01 - TRABAJO\REPOS\netcore\template-netcore-entities\Kitpymes.Core.Entities.Tests\bin\Release\netcoreapp3.0\Kitpymes.Core.Entities.Tests.dll" adapterTypeName="executor://mstestadapter/v2" className="Kitpymes.Core.Entities.ValueObjects.Tests.CurrencyTests" name="Create_Passing_InvalidOrNull_Value_Returns_ApplicationException" />
    </UnitTest>
    <UnitTest name="OperatorNotEqual_Passing_Valid_Values_Returns_False" storage="d:\sferrari\01 - trabajo\repos\netcore\template-netcore-entities\kitpymes.core.entities.tests\bin\release\netcoreapp3.0\kitpymes.core.entities.tests.dll" id="77e3ceec-23c8-f048-63a2-95c394ee2a67">
      <Execution id="b66c98eb-e3d9-42fb-9700-25d685f2a2c6" />
      <TestMethod codeBase="D:\SFERRARI\01 - TRABAJO\REPOS\netcore\template-netcore-entities\Kitpymes.Core.Entities.Tests\bin\Release\netcoreapp3.0\Kitpymes.Core.Entities.Tests.dll" adapterTypeName="executor://mstestadapter/v2" className="Kitpymes.Core.Entities.ValueObjects.Tests.EmailTests" name="OperatorNotEqual_Passing_Valid_Values_Returns_False" />
    </UnitTest>
    <UnitTest name="OperatorEqual_Passing_Valid_Distinct_Values_Returns_False" storage="d:\sferrari\01 - trabajo\repos\netcore\template-netcore-entities\kitpymes.core.entities.tests\bin\release\netcoreapp3.0\kitpymes.core.entities.tests.dll" id="bc7bdbdf-4891-bf37-8380-e1e4362476c4">
      <Execution id="6492e98a-013f-4a99-a6ca-0a83323678aa" />
      <TestMethod codeBase="D:\SFERRARI\01 - TRABAJO\REPOS\netcore\template-netcore-entities\Kitpymes.Core.Entities.Tests\bin\Release\netcoreapp3.0\Kitpymes.Core.Entities.Tests.dll" adapterTypeName="executor://mstestadapter/v2" className="Kitpymes.Core.Entities.ValueObjects.Tests.MoneyTests" name="OperatorEqual_Passing_Valid_Distinct_Values_Returns_False" />
    </UnitTest>
    <UnitTest name="Equals_Passing_Valid_Distinct_Values_Returns_False" storage="d:\sferrari\01 - trabajo\repos\netcore\template-netcore-entities\kitpymes.core.entities.tests\bin\release\netcoreapp3.0\kitpymes.core.entities.tests.dll" id="5a24c00d-3f9c-ad2d-3249-b671bca7abbb">
      <Execution id="07bf1f75-464f-4918-8f05-ce50db64bcd4" />
      <TestMethod codeBase="D:\SFERRARI\01 - TRABAJO\REPOS\netcore\template-netcore-entities\Kitpymes.Core.Entities.Tests\bin\Release\netcoreapp3.0\Kitpymes.Core.Entities.Tests.dll" adapterTypeName="executor://mstestadapter/v2" className="Kitpymes.Core.Entities.ValueObjects.Tests.SubdomainTests" name="Equals_Passing_Valid_Distinct_Values_Returns_False" />
    </UnitTest>
    <UnitTest name="OperatorNotEqual_Passing_Valid_Values_Returns_True" storage="d:\sferrari\01 - trabajo\repos\netcore\template-netcore-entities\kitpymes.core.entities.tests\bin\release\netcoreapp3.0\kitpymes.core.entities.tests.dll" id="7d5b42e8-50c6-931f-3951-5d53097abf4e">
      <Execution id="0f1d0ed1-6717-4fa6-8f84-8459ec4e1f2c" />
      <TestMethod codeBase="D:\SFERRARI\01 - TRABAJO\REPOS\netcore\template-netcore-entities\Kitpymes.Core.Entities.Tests\bin\Release\netcoreapp3.0\Kitpymes.Core.Entities.Tests.dll" adapterTypeName="executor://mstestadapter/v2" className="Kitpymes.Core.Entities.ValueObjects.Tests.StringIdTests" name="OperatorNotEqual_Passing_Valid_Values_Returns_True" />
    </UnitTest>
    <UnitTest name="Create_Passing_Valid_Values_Returns_Currency" storage="d:\sferrari\01 - trabajo\repos\netcore\template-netcore-entities\kitpymes.core.entities.tests\bin\release\netcoreapp3.0\kitpymes.core.entities.tests.dll" id="39ea45cc-1ad3-df2f-5644-569d0fae9835">
      <Execution id="8b3b30a2-18f6-4db6-b5ce-e5f7cb0af155" />
      <TestMethod codeBase="D:\SFERRARI\01 - TRABAJO\REPOS\netcore\template-netcore-entities\Kitpymes.Core.Entities.Tests\bin\Release\netcoreapp3.0\Kitpymes.Core.Entities.Tests.dll" adapterTypeName="executor://mstestadapter/v2" className="Kitpymes.Core.Entities.ValueObjects.Tests.CurrencyTests" name="Create_Passing_Valid_Values_Returns_Currency" />
    </UnitTest>
    <UnitTest name="Equals_Passing_Valid_Values_Returns_True" storage="d:\sferrari\01 - trabajo\repos\netcore\template-netcore-entities\kitpymes.core.entities.tests\bin\release\netcoreapp3.0\kitpymes.core.entities.tests.dll" id="4845f67a-9f1a-743f-fdc8-caf62d8a1f4e">
      <Execution id="840c32df-869f-4197-a3fe-ef215a653b3b" />
      <TestMethod codeBase="D:\SFERRARI\01 - TRABAJO\REPOS\netcore\template-netcore-entities\Kitpymes.Core.Entities.Tests\bin\Release\netcoreapp3.0\Kitpymes.Core.Entities.Tests.dll" adapterTypeName="executor://mstestadapter/v2" className="Kitpymes.Core.Entities.ValueObjects.Tests.SubdomainTests" name="Equals_Passing_Valid_Values_Returns_True" />
    </UnitTest>
    <UnitTest name="Create_Passing_InvalidOrNull_Value_Returns_ApplicationException" storage="d:\sferrari\01 - trabajo\repos\netcore\template-netcore-entities\kitpymes.core.entities.tests\bin\release\netcoreapp3.0\kitpymes.core.entities.tests.dll" id="9277a601-5bb0-2bc1-982a-ed71c2b000fa">
      <Execution id="df3d2241-b594-4e6e-aa11-125607112c74" />
      <TestMethod codeBase="D:\SFERRARI\01 - TRABAJO\REPOS\netcore\template-netcore-entities\Kitpymes.Core.Entities.Tests\bin\Release\netcoreapp3.0\Kitpymes.Core.Entities.Tests.dll" adapterTypeName="executor://mstestadapter/v2" className="Kitpymes.Core.Entities.ValueObjects.Tests.StringIdTests" name="Create_Passing_InvalidOrNull_Value_Returns_ApplicationException" />
    </UnitTest>
    <UnitTest name="OperatorEqual_Passing_Valid_Values_Returns_True" storage="d:\sferrari\01 - trabajo\repos\netcore\template-netcore-entities\kitpymes.core.entities.tests\bin\release\netcoreapp3.0\kitpymes.core.entities.tests.dll" id="9c04e34f-7224-62e2-c837-288675a1ae2d">
      <Execution id="604da5d2-98fb-4dc5-a0bc-8d4a78268957" />
      <TestMethod codeBase="D:\SFERRARI\01 - TRABAJO\REPOS\netcore\template-netcore-entities\Kitpymes.Core.Entities.Tests\bin\Release\netcoreapp3.0\Kitpymes.Core.Entities.Tests.dll" adapterTypeName="executor://mstestadapter/v2" className="Kitpymes.Core.Entities.ValueObjects.Tests.StringIdTests" name="OperatorEqual_Passing_Valid_Values_Returns_True" />
    </UnitTest>
    <UnitTest name="ToEnum_Passing_Valid_Int_value_Returns_Enumeracion" storage="d:\sferrari\01 - trabajo\repos\netcore\template-netcore-entities\kitpymes.core.entities.tests\bin\release\netcoreapp3.0\kitpymes.core.entities.tests.dll" id="145667c7-887e-fb55-f15f-87c10ffaa544">
      <Execution id="fd07e323-14bf-4f65-9511-8784947af46b" />
      <TestMethod codeBase="D:\SFERRARI\01 - TRABAJO\REPOS\netcore\template-netcore-entities\Kitpymes.Core.Entities.Tests\bin\Release\netcoreapp3.0\Kitpymes.Core.Entities.Tests.dll" adapterTypeName="executor://mstestadapter/v2" className="Kitpymes.Core.Entities.Enumerations.Tests.StatusEnumTests" name="ToEnum_Passing_Valid_Int_value_Returns_Enumeracion" />
    </UnitTest>
    <UnitTest name="Change_Passing_Valid_Values_Returns_Address" storage="d:\sferrari\01 - trabajo\repos\netcore\template-netcore-entities\kitpymes.core.entities.tests\bin\release\netcoreapp3.0\kitpymes.core.entities.tests.dll" id="5d5bf084-272e-970d-5ff6-6e8097ceab4a">
      <Execution id="abb33d6d-e4a9-4bd6-9618-3767a1997ab5" />
      <TestMethod codeBase="D:\SFERRARI\01 - TRABAJO\REPOS\netcore\template-netcore-entities\Kitpymes.Core.Entities.Tests\bin\Release\netcoreapp3.0\Kitpymes.Core.Entities.Tests.dll" adapterTypeName="executor://mstestadapter/v2" className="Kitpymes.Core.Entities.ValueObjects.Tests.MoneyTests" name="Change_Passing_Valid_Values_Returns_Address" />
    </UnitTest>
    <UnitTest name="OperatorEqual_Passing_Valid_Values_Returns_True" storage="d:\sferrari\01 - trabajo\repos\netcore\template-netcore-entities\kitpymes.core.entities.tests\bin\release\netcoreapp3.0\kitpymes.core.entities.tests.dll" id="6dd73256-d9d7-d295-626e-bd95bb1349ab">
      <Execution id="4a2c2b8c-a26c-4c33-8804-7016daf3f68b" />
      <TestMethod codeBase="D:\SFERRARI\01 - TRABAJO\REPOS\netcore\template-netcore-entities\Kitpymes.Core.Entities.Tests\bin\Release\netcoreapp3.0\Kitpymes.Core.Entities.Tests.dll" adapterTypeName="executor://mstestadapter/v2" className="Kitpymes.Core.Entities.ValueObjects.Tests.TelephoneTests" name="OperatorEqual_Passing_Valid_Values_Returns_True" />
    </UnitTest>
    <UnitTest name="Create_Passing_Valid_Values_Returns_Telephone" storage="d:\sferrari\01 - trabajo\repos\netcore\template-netcore-entities\kitpymes.core.entities.tests\bin\release\netcoreapp3.0\kitpymes.core.entities.tests.dll" id="df298487-0356-51ee-e237-7e10cf339a23">
      <Execution id="6432b81c-f506-453a-b05f-edf5b292a704" />
      <TestMethod codeBase="D:\SFERRARI\01 - TRABAJO\REPOS\netcore\template-netcore-entities\Kitpymes.Core.Entities.Tests\bin\Release\netcoreapp3.0\Kitpymes.Core.Entities.Tests.dll" adapterTypeName="executor://mstestadapter/v2" className="Kitpymes.Core.Entities.ValueObjects.Tests.TelephoneTests" name="Create_Passing_Valid_Values_Returns_Telephone" />
    </UnitTest>
    <UnitTest name="ToEnum_Passing_Invalid_String_Name_Enumeracion_Returns_Null" storage="d:\sferrari\01 - trabajo\repos\netcore\template-netcore-entities\kitpymes.core.entities.tests\bin\release\netcoreapp3.0\kitpymes.core.entities.tests.dll" id="60ea3337-b81d-e310-278f-6cd040199409">
      <Execution id="55b338d4-bc2c-431a-aba7-74ed0874b866" />
      <TestMethod codeBase="D:\SFERRARI\01 - TRABAJO\REPOS\netcore\template-netcore-entities\Kitpymes.Core.Entities.Tests\bin\Release\netcoreapp3.0\Kitpymes.Core.Entities.Tests.dll" adapterTypeName="executor://mstestadapter/v2" className="Kitpymes.Core.Entities.Enumerations.Tests.GenderTypeEnumTests" name="ToEnum_Passing_Invalid_String_Name_Enumeracion_Returns_Null" />
    </UnitTest>
    <UnitTest name="ToString_Passing_Valid_Values_Returns_Currency_String_Symbol" storage="d:\sferrari\01 - trabajo\repos\netcore\template-netcore-entities\kitpymes.core.entities.tests\bin\release\netcoreapp3.0\kitpymes.core.entities.tests.dll" id="8db31538-892c-3a78-d200-7b8d337bd902">
      <Execution id="dc086f3c-aebf-49f7-ab57-bad3247730a3" />
      <TestMethod codeBase="D:\SFERRARI\01 - TRABAJO\REPOS\netcore\template-netcore-entities\Kitpymes.Core.Entities.Tests\bin\Release\netcoreapp3.0\Kitpymes.Core.Entities.Tests.dll" adapterTypeName="executor://mstestadapter/v2" className="Kitpymes.Core.Entities.ValueObjects.Tests.CurrencyTests" name="ToString_Passing_Valid_Values_Returns_Currency_String_Symbol" />
    </UnitTest>
    <UnitTest name="ToString_Passing_Valid_Values_Returns_Name" storage="d:\sferrari\01 - trabajo\repos\netcore\template-netcore-entities\kitpymes.core.entities.tests\bin\release\netcoreapp3.0\kitpymes.core.entities.tests.dll" id="f2e092d4-d663-ae2f-6d89-847a0ae86968">
      <Execution id="01e2179e-51fd-43ff-9dd3-e323dcd2b307" />
      <TestMethod codeBase="D:\SFERRARI\01 - TRABAJO\REPOS\netcore\template-netcore-entities\Kitpymes.Core.Entities.Tests\bin\Release\netcoreapp3.0\Kitpymes.Core.Entities.Tests.dll" adapterTypeName="executor://mstestadapter/v2" className="Kitpymes.Core.Entities.ValueObjects.Tests.NameTests" name="ToString_Passing_Valid_Values_Returns_Name" />
    </UnitTest>
    <UnitTest name="ToEnum_Passing_Invalid_Int_Name_Enumeracion_Returns_Null" storage="d:\sferrari\01 - trabajo\repos\netcore\template-netcore-entities\kitpymes.core.entities.tests\bin\release\netcoreapp3.0\kitpymes.core.entities.tests.dll" id="7fd04506-4241-b8b1-2349-8e867be6fbef">
      <Execution id="855408ab-b5d8-4a37-99c3-374fc483e554" />
      <TestMethod codeBase="D:\SFERRARI\01 - TRABAJO\REPOS\netcore\template-netcore-entities\Kitpymes.Core.Entities.Tests\bin\Release\netcoreapp3.0\Kitpymes.Core.Entities.Tests.dll" adapterTypeName="executor://mstestadapter/v2" className="Kitpymes.Core.Entities.Enumerations.Tests.CardTypeEnumTests" name="ToEnum_Passing_Invalid_Int_Name_Enumeracion_Returns_Null" />
    </UnitTest>
    <UnitTest name="ToString_Passing_Valid_Values_Returns_Address_String_Format" storage="d:\sferrari\01 - trabajo\repos\netcore\template-netcore-entities\kitpymes.core.entities.tests\bin\release\netcoreapp3.0\kitpymes.core.entities.tests.dll" id="0af19e62-2ce3-c36e-7566-bede5dbc71a7">
      <Execution id="88a23fa0-6d61-4437-a2eb-e139c06fa4e1" />
      <TestMethod codeBase="D:\SFERRARI\01 - TRABAJO\REPOS\netcore\template-netcore-entities\Kitpymes.Core.Entities.Tests\bin\Release\netcoreapp3.0\Kitpymes.Core.Entities.Tests.dll" adapterTypeName="executor://mstestadapter/v2" className="Kitpymes.Core.Entities.ValueObjects.Tests.AddressTests" name="ToString_Passing_Valid_Values_Returns_Address_String_Format" />
    </UnitTest>
    <UnitTest name="ToString_Passing_Valid_Values_Returns_StringId" storage="d:\sferrari\01 - trabajo\repos\netcore\template-netcore-entities\kitpymes.core.entities.tests\bin\release\netcoreapp3.0\kitpymes.core.entities.tests.dll" id="0c9201c8-8275-74ca-9c91-2d0c4645730b">
      <Execution id="1fef3fb2-9caf-4ea1-8845-f51a6ca9a1b4" />
      <TestMethod codeBase="D:\SFERRARI\01 - TRABAJO\REPOS\netcore\template-netcore-entities\Kitpymes.Core.Entities.Tests\bin\Release\netcoreapp3.0\Kitpymes.Core.Entities.Tests.dll" adapterTypeName="executor://mstestadapter/v2" className="Kitpymes.Core.Entities.ValueObjects.Tests.StringIdTests" name="ToString_Passing_Valid_Values_Returns_StringId" />
    </UnitTest>
    <UnitTest name="Create_Passing_Valid_Value_Returns_Email" storage="d:\sferrari\01 - trabajo\repos\netcore\template-netcore-entities\kitpymes.core.entities.tests\bin\release\netcoreapp3.0\kitpymes.core.entities.tests.dll" id="c76c5fb3-80cf-3138-b811-ceac3a87cf8e">
      <Execution id="558ae2d8-b5c9-4237-a99f-55fcc7f8e434" />
      <TestMethod codeBase="D:\SFERRARI\01 - TRABAJO\REPOS\netcore\template-netcore-entities\Kitpymes.Core.Entities.Tests\bin\Release\netcoreapp3.0\Kitpymes.Core.Entities.Tests.dll" adapterTypeName="executor://mstestadapter/v2" className="Kitpymes.Core.Entities.ValueObjects.Tests.EmailTests" name="Create_Passing_Valid_Value_Returns_Email" />
    </UnitTest>
    <UnitTest name="ToBool_Passing_Valid_String_Active_Value_Returns_True" storage="d:\sferrari\01 - trabajo\repos\netcore\template-netcore-entities\kitpymes.core.entities.tests\bin\release\netcoreapp3.0\kitpymes.core.entities.tests.dll" id="02c00e07-1da7-4a26-741f-c10b40cf8def">
      <Execution id="4d288fb6-ce94-4c68-abda-b70ed72c1186" />
      <TestMethod codeBase="D:\SFERRARI\01 - TRABAJO\REPOS\netcore\template-netcore-entities\Kitpymes.Core.Entities.Tests\bin\Release\netcoreapp3.0\Kitpymes.Core.Entities.Tests.dll" adapterTypeName="executor://mstestadapter/v2" className="Kitpymes.Core.Entities.Enumerations.Tests.StatusEnumTests" name="ToBool_Passing_Valid_String_Active_Value_Returns_True" />
    </UnitTest>
    <UnitTest name="OperatorNotEqual_Passing_Valid_Values_Returns_True" storage="d:\sferrari\01 - trabajo\repos\netcore\template-netcore-entities\kitpymes.core.entities.tests\bin\release\netcoreapp3.0\kitpymes.core.entities.tests.dll" id="f8a148c1-33ab-3f33-4563-51ccfbeb9871">
      <Execution id="514b3cd8-7652-4221-8749-bdd2a32758b1" />
      <TestMethod codeBase="D:\SFERRARI\01 - TRABAJO\REPOS\netcore\template-netcore-entities\Kitpymes.Core.Entities.Tests\bin\Release\netcoreapp3.0\Kitpymes.Core.Entities.Tests.dll" adapterTypeName="executor://mstestadapter/v2" className="Kitpymes.Core.Entities.ValueObjects.Tests.SubdomainTests" name="OperatorNotEqual_Passing_Valid_Values_Returns_True" />
    </UnitTest>
    <UnitTest name="Change_Passing_Valid_Values_Returns_Telephone" storage="d:\sferrari\01 - trabajo\repos\netcore\template-netcore-entities\kitpymes.core.entities.tests\bin\release\netcoreapp3.0\kitpymes.core.entities.tests.dll" id="ed57a0e1-ab6e-1fee-9896-d0ba117a6da1">
      <Execution id="cb0ca9ff-40b0-4e2c-bfbd-521cd55f4f1e" />
      <TestMethod codeBase="D:\SFERRARI\01 - TRABAJO\REPOS\netcore\template-netcore-entities\Kitpymes.Core.Entities.Tests\bin\Release\netcoreapp3.0\Kitpymes.Core.Entities.Tests.dll" adapterTypeName="executor://mstestadapter/v2" className="Kitpymes.Core.Entities.ValueObjects.Tests.TelephoneTests" name="Change_Passing_Valid_Values_Returns_Telephone" />
    </UnitTest>
    <UnitTest name="IsNull_Passing_Valid_Values_Returns_False" storage="d:\sferrari\01 - trabajo\repos\netcore\template-netcore-entities\kitpymes.core.entities.tests\bin\release\netcoreapp3.0\kitpymes.core.entities.tests.dll" id="cff35c85-26ba-6235-75c6-1c2564d348c6">
      <Execution id="9640c3f3-6ccf-4fe4-9b12-6a33d027166d" />
      <TestMethod codeBase="D:\SFERRARI\01 - TRABAJO\REPOS\netcore\template-netcore-entities\Kitpymes.Core.Entities.Tests\bin\Release\netcoreapp3.0\Kitpymes.Core.Entities.Tests.dll" adapterTypeName="executor://mstestadapter/v2" className="Kitpymes.Core.Entities.ValueObjects.Tests.TelephoneTests" name="IsNull_Passing_Valid_Values_Returns_False" />
    </UnitTest>
    <UnitTest name="ToEnum_Passing_Valid_String_Name_Enumeracion_Returns_Enumeracion" storage="d:\sferrari\01 - trabajo\repos\netcore\template-netcore-entities\kitpymes.core.entities.tests\bin\release\netcoreapp3.0\kitpymes.core.entities.tests.dll" id="6afaec20-42f3-051a-70dd-dd8272a94d57">
      <Execution id="076f929e-52b7-44e0-b334-929cf47d5529" />
      <TestMethod codeBase="D:\SFERRARI\01 - TRABAJO\REPOS\netcore\template-netcore-entities\Kitpymes.Core.Entities.Tests\bin\Release\netcoreapp3.0\Kitpymes.Core.Entities.Tests.dll" adapterTypeName="executor://mstestadapter/v2" className="Kitpymes.Core.Entities.Enumerations.Tests.LogTypeEnumTests" name="ToEnum_Passing_Valid_String_Name_Enumeracion_Returns_Enumeracion" />
    </UnitTest>
    <UnitTest name="OperatorNotEqual_Passing_Valid_Values_Returns_False" storage="d:\sferrari\01 - trabajo\repos\netcore\template-netcore-entities\kitpymes.core.entities.tests\bin\release\netcoreapp3.0\kitpymes.core.entities.tests.dll" id="d8455b90-6045-1e3d-c9de-76db4e3d49ed">
      <Execution id="2a0da74a-d2bc-445d-bc71-53ed4fc08657" />
      <TestMethod codeBase="D:\SFERRARI\01 - TRABAJO\REPOS\netcore\template-netcore-entities\Kitpymes.Core.Entities.Tests\bin\Release\netcoreapp3.0\Kitpymes.Core.Entities.Tests.dll" adapterTypeName="executor://mstestadapter/v2" className="Kitpymes.Core.Entities.ValueObjects.Tests.FullNameTests" name="OperatorNotEqual_Passing_Valid_Values_Returns_False" />
    </UnitTest>
    <UnitTest name="Equals_Passing_Valid_Values_Returns_True" storage="d:\sferrari\01 - trabajo\repos\netcore\template-netcore-entities\kitpymes.core.entities.tests\bin\release\netcoreapp3.0\kitpymes.core.entities.tests.dll" id="84e5d156-9c5d-e299-dfaf-587322c60012">
      <Execution id="4a1a78e8-c433-4993-aa36-58ccf8abe91a" />
      <TestMethod codeBase="D:\SFERRARI\01 - TRABAJO\REPOS\netcore\template-netcore-entities\Kitpymes.Core.Entities.Tests\bin\Release\netcoreapp3.0\Kitpymes.Core.Entities.Tests.dll" adapterTypeName="executor://mstestadapter/v2" className="Kitpymes.Core.Entities.ValueObjects.Tests.StringIdTests" name="Equals_Passing_Valid_Values_Returns_True" />
    </UnitTest>
    <UnitTest name="Create_Passing_Valid_Values_Returns_Address" storage="d:\sferrari\01 - trabajo\repos\netcore\template-netcore-entities\kitpymes.core.entities.tests\bin\release\netcoreapp3.0\kitpymes.core.entities.tests.dll" id="cb3aa70a-148e-24f8-4a0e-08e7b60b3af3">
      <Execution id="4d20a6ee-ecdf-4e42-9982-7b6fef52ba11" />
      <TestMethod codeBase="D:\SFERRARI\01 - TRABAJO\REPOS\netcore\template-netcore-entities\Kitpymes.Core.Entities.Tests\bin\Release\netcoreapp3.0\Kitpymes.Core.Entities.Tests.dll" adapterTypeName="executor://mstestadapter/v2" className="Kitpymes.Core.Entities.ValueObjects.Tests.MoneyTests" name="Create_Passing_Valid_Values_Returns_Address" />
    </UnitTest>
    <UnitTest name="Equals_Passing_Valid_Distinct_Values_Returns_False" storage="d:\sferrari\01 - trabajo\repos\netcore\template-netcore-entities\kitpymes.core.entities.tests\bin\release\netcoreapp3.0\kitpymes.core.entities.tests.dll" id="07188371-eb7e-e491-e017-bf959c68f6d1">
      <Execution id="cf6076a1-338e-4467-989b-b4fd3d2b2dc3" />
      <TestMethod codeBase="D:\SFERRARI\01 - TRABAJO\REPOS\netcore\template-netcore-entities\Kitpymes.Core.Entities.Tests\bin\Release\netcoreapp3.0\Kitpymes.Core.Entities.Tests.dll" adapterTypeName="executor://mstestadapter/v2" className="Kitpymes.Core.Entities.ValueObjects.Tests.StringIdTests" name="Equals_Passing_Valid_Distinct_Values_Returns_False" />
    </UnitTest>
    <UnitTest name="ToString_Passing_Valid_Values_Returns_Value_String_Format" storage="d:\sferrari\01 - trabajo\repos\netcore\template-netcore-entities\kitpymes.core.entities.tests\bin\release\netcoreapp3.0\kitpymes.core.entities.tests.dll" id="3d5865ea-852b-85ea-4b1e-3b3f757388ec">
      <Execution id="6ff0c939-50e5-44b2-9e5c-f1745fe00e24" />
      <TestMethod codeBase="D:\SFERRARI\01 - TRABAJO\REPOS\netcore\template-netcore-entities\Kitpymes.Core.Entities.Tests\bin\Release\netcoreapp3.0\Kitpymes.Core.Entities.Tests.dll" adapterTypeName="executor://mstestadapter/v2" className="Kitpymes.Core.Entities.ValueObjects.Tests.FullNameTests" name="ToString_Passing_Valid_Values_Returns_Value_String_Format" />
    </UnitTest>
    <UnitTest name="ToEnum_Passing_Invalid_String_Name_Returns_Null" storage="d:\sferrari\01 - trabajo\repos\netcore\template-netcore-entities\kitpymes.core.entities.tests\bin\release\netcoreapp3.0\kitpymes.core.entities.tests.dll" id="96c7d001-66b9-71f2-30b3-dc555077fc27">
      <Execution id="2e8b5e87-27b7-46b1-a889-06e0c20c1961" />
      <TestMethod codeBase="D:\SFERRARI\01 - TRABAJO\REPOS\netcore\template-netcore-entities\Kitpymes.Core.Entities.Tests\bin\Release\netcoreapp3.0\Kitpymes.Core.Entities.Tests.dll" adapterTypeName="executor://mstestadapter/v2" className="Kitpymes.Core.Entities.Enumerations.Tests.StatusEnumTests" name="ToEnum_Passing_Invalid_String_Name_Returns_Null" />
    </UnitTest>
    <UnitTest name="IsInactive_Passing_Nothing_Returns_True" storage="d:\sferrari\01 - trabajo\repos\netcore\template-netcore-entities\kitpymes.core.entities.tests\bin\release\netcoreapp3.0\kitpymes.core.entities.tests.dll" id="4abfc1ff-06cf-dc19-b35f-7c84f2bee2da">
      <Execution id="8dfd31ac-bb11-4c19-bd41-bf9bfa28ae40" />
      <TestMethod codeBase="D:\SFERRARI\01 - TRABAJO\REPOS\netcore\template-netcore-entities\Kitpymes.Core.Entities.Tests\bin\Release\netcoreapp3.0\Kitpymes.Core.Entities.Tests.dll" adapterTypeName="executor://mstestadapter/v2" className="Kitpymes.Core.Entities.Enumerations.Tests.StatusEnumTests" name="IsInactive_Passing_Nothing_Returns_True" />
    </UnitTest>
    <UnitTest name="Equals_Passing_Valid_Values_Returns_True" storage="d:\sferrari\01 - trabajo\repos\netcore\template-netcore-entities\kitpymes.core.entities.tests\bin\release\netcoreapp3.0\kitpymes.core.entities.tests.dll" id="b4fa98e0-ad74-6dc8-23c1-bd54dd325a57">
      <Execution id="40a8ebbf-4ea2-4419-9a75-626a9149aaf8" />
      <TestMethod codeBase="D:\SFERRARI\01 - TRABAJO\REPOS\netcore\template-netcore-entities\Kitpymes.Core.Entities.Tests\bin\Release\netcoreapp3.0\Kitpymes.Core.Entities.Tests.dll" adapterTypeName="executor://mstestadapter/v2" className="Kitpymes.Core.Entities.ValueObjects.Tests.FullNameTests" name="Equals_Passing_Valid_Values_Returns_True" />
    </UnitTest>
    <UnitTest name="IsFemale_Passing_Nothing_Returns_True" storage="d:\sferrari\01 - trabajo\repos\netcore\template-netcore-entities\kitpymes.core.entities.tests\bin\release\netcoreapp3.0\kitpymes.core.entities.tests.dll" id="63f587ad-86e0-a19d-ea1b-305a8e55bb70">
      <Execution id="7b779468-6426-4fe6-9183-b2515fe9c13d" />
      <TestMethod codeBase="D:\SFERRARI\01 - TRABAJO\REPOS\netcore\template-netcore-entities\Kitpymes.Core.Entities.Tests\bin\Release\netcoreapp3.0\Kitpymes.Core.Entities.Tests.dll" adapterTypeName="executor://mstestadapter/v2" className="Kitpymes.Core.Entities.Enumerations.Tests.GenderTypeEnumTests" name="IsFemale_Passing_Nothing_Returns_True" />
    </UnitTest>
    <UnitTest name="IsNull_Passing_Valid_Values_Returns_False" storage="d:\sferrari\01 - trabajo\repos\netcore\template-netcore-entities\kitpymes.core.entities.tests\bin\release\netcoreapp3.0\kitpymes.core.entities.tests.dll" id="505c974a-abdc-ad26-ef8c-4f699fb49682">
      <Execution id="c3aa4678-89d9-46cd-bf9d-41d3b8985c47" />
      <TestMethod codeBase="D:\SFERRARI\01 - TRABAJO\REPOS\netcore\template-netcore-entities\Kitpymes.Core.Entities.Tests\bin\Release\netcoreapp3.0\Kitpymes.Core.Entities.Tests.dll" adapterTypeName="executor://mstestadapter/v2" className="Kitpymes.Core.Entities.ValueObjects.Tests.FullNameTests" name="IsNull_Passing_Valid_Values_Returns_False" />
    </UnitTest>
    <UnitTest name="OperatorEqual_Passing_Valid_Values_Returns_False" storage="d:\sferrari\01 - trabajo\repos\netcore\template-netcore-entities\kitpymes.core.entities.tests\bin\release\netcoreapp3.0\kitpymes.core.entities.tests.dll" id="58248327-dbb4-f8f8-c890-f039c6d19d4a">
      <Execution id="e476d00d-ba54-494a-b4f7-7ac924054b00" />
      <TestMethod codeBase="D:\SFERRARI\01 - TRABAJO\REPOS\netcore\template-netcore-entities\Kitpymes.Core.Entities.Tests\bin\Release\netcoreapp3.0\Kitpymes.Core.Entities.Tests.dll" adapterTypeName="executor://mstestadapter/v2" className="Kitpymes.Core.Entities.ValueObjects.Tests.AddressTests" name="OperatorEqual_Passing_Valid_Values_Returns_False" />
    </UnitTest>
    <UnitTest name="OperatorNotEqual_Passing_Valid_Values_Returns_True" storage="d:\sferrari\01 - trabajo\repos\netcore\template-netcore-entities\kitpymes.core.entities.tests\bin\release\netcoreapp3.0\kitpymes.core.entities.tests.dll" id="f7330460-b528-23e0-f552-44f6715cd948">
      <Execution id="8335c8c8-4b7c-425f-be08-d51ff8d06a57" />
      <TestMethod codeBase="D:\SFERRARI\01 - TRABAJO\REPOS\netcore\template-netcore-entities\Kitpymes.Core.Entities.Tests\bin\Release\netcoreapp3.0\Kitpymes.Core.Entities.Tests.dll" adapterTypeName="executor://mstestadapter/v2" className="Kitpymes.Core.Entities.ValueObjects.Tests.NameTests" name="OperatorNotEqual_Passing_Valid_Values_Returns_True" />
    </UnitTest>
    <UnitTest name="OperatorEqual_Passing_Valid_Distinct_Values_Returns_False" storage="d:\sferrari\01 - trabajo\repos\netcore\template-netcore-entities\kitpymes.core.entities.tests\bin\release\netcoreapp3.0\kitpymes.core.entities.tests.dll" id="b10bbd05-c792-3d8c-96c7-1a5f4647c7dd">
      <Execution id="b615dbf8-7e60-4440-8f7b-1b979d2d8d20" />
      <TestMethod codeBase="D:\SFERRARI\01 - TRABAJO\REPOS\netcore\template-netcore-entities\Kitpymes.Core.Entities.Tests\bin\Release\netcoreapp3.0\Kitpymes.Core.Entities.Tests.dll" adapterTypeName="executor://mstestadapter/v2" className="Kitpymes.Core.Entities.ValueObjects.Tests.NameTests" name="OperatorEqual_Passing_Valid_Distinct_Values_Returns_False" />
    </UnitTest>
    <UnitTest name="Create_Passing_Valid_Values_Returns_Subdomain" storage="d:\sferrari\01 - trabajo\repos\netcore\template-netcore-entities\kitpymes.core.entities.tests\bin\release\netcoreapp3.0\kitpymes.core.entities.tests.dll" id="1c4770cc-11c0-d015-3996-858274852a92">
      <Execution id="09567d22-3a55-43b4-8712-10522674f348" />
      <TestMethod codeBase="D:\SFERRARI\01 - TRABAJO\REPOS\netcore\template-netcore-entities\Kitpymes.Core.Entities.Tests\bin\Release\netcoreapp3.0\Kitpymes.Core.Entities.Tests.dll" adapterTypeName="executor://mstestadapter/v2" className="Kitpymes.Core.Entities.ValueObjects.Tests.SubdomainTests" name="Create_Passing_Valid_Values_Returns_Subdomain" />
    </UnitTest>
    <UnitTest name="OperatorEqual_Passing_Valid_Distinct_Values_Returns_False" storage="d:\sferrari\01 - trabajo\repos\netcore\template-netcore-entities\kitpymes.core.entities.tests\bin\release\netcoreapp3.0\kitpymes.core.entities.tests.dll" id="13846877-4c93-45de-5e9a-d22d164df494">
      <Execution id="83fbbe97-a15c-446b-915e-725cc86da8b8" />
      <TestMethod codeBase="D:\SFERRARI\01 - TRABAJO\REPOS\netcore\template-netcore-entities\Kitpymes.Core.Entities.Tests\bin\Release\netcoreapp3.0\Kitpymes.Core.Entities.Tests.dll" adapterTypeName="executor://mstestadapter/v2" className="Kitpymes.Core.Entities.ValueObjects.Tests.SubdomainTests" name="OperatorEqual_Passing_Valid_Distinct_Values_Returns_False" />
    </UnitTest>
    <UnitTest name="Equals_Passing_Valid_Distinct_Values_Returns_False" storage="d:\sferrari\01 - trabajo\repos\netcore\template-netcore-entities\kitpymes.core.entities.tests\bin\release\netcoreapp3.0\kitpymes.core.entities.tests.dll" id="fe3ab238-f960-1d99-07e6-892c4c0d0c46">
      <Execution id="0d805234-c66a-49c1-9c2f-946947147e1a" />
      <TestMethod codeBase="D:\SFERRARI\01 - TRABAJO\REPOS\netcore\template-netcore-entities\Kitpymes.Core.Entities.Tests\bin\Release\netcoreapp3.0\Kitpymes.Core.Entities.Tests.dll" adapterTypeName="executor://mstestadapter/v2" className="Kitpymes.Core.Entities.ValueObjects.Tests.MoneyTests" name="Equals_Passing_Valid_Distinct_Values_Returns_False" />
    </UnitTest>
    <UnitTest name="ToEnum_Passing_Valid_IntName_Enumeracion_Returns_Enumeracion" storage="d:\sferrari\01 - trabajo\repos\netcore\template-netcore-entities\kitpymes.core.entities.tests\bin\release\netcoreapp3.0\kitpymes.core.entities.tests.dll" id="0d76b1f8-41be-79d6-55e9-d959e165e570">
      <Execution id="f2319e84-0683-454d-9a6b-8af0796932bd" />
      <TestMethod codeBase="D:\SFERRARI\01 - TRABAJO\REPOS\netcore\template-netcore-entities\Kitpymes.Core.Entities.Tests\bin\Release\netcoreapp3.0\Kitpymes.Core.Entities.Tests.dll" adapterTypeName="executor://mstestadapter/v2" className="Kitpymes.Core.Entities.Enumerations.Tests.LogTypeEnumTests" name="ToEnum_Passing_Valid_IntName_Enumeracion_Returns_Enumeracion" />
    </UnitTest>
    <UnitTest name="ToEnum_Passing_Valid_String_Name_Returns_Enumeracion" storage="d:\sferrari\01 - trabajo\repos\netcore\template-netcore-entities\kitpymes.core.entities.tests\bin\release\netcoreapp3.0\kitpymes.core.entities.tests.dll" id="bc0c68a9-1876-bb25-d382-c4c45b27b3d9">
      <Execution id="53944819-731b-4cac-b253-def9ee7596cf" />
      <TestMethod codeBase="D:\SFERRARI\01 - TRABAJO\REPOS\netcore\template-netcore-entities\Kitpymes.Core.Entities.Tests\bin\Release\netcoreapp3.0\Kitpymes.Core.Entities.Tests.dll" adapterTypeName="executor://mstestadapter/v2" className="Kitpymes.Core.Entities.Enumerations.Tests.StatusEnumTests" name="ToEnum_Passing_Valid_String_Name_Returns_Enumeracion" />
    </UnitTest>
    <UnitTest name="IsMasterCard_Passing_Nothing_Returns_True" storage="d:\sferrari\01 - trabajo\repos\netcore\template-netcore-entities\kitpymes.core.entities.tests\bin\release\netcoreapp3.0\kitpymes.core.entities.tests.dll" id="42204c2d-cae8-e99c-229d-8e372d79bb40">
      <Execution id="56352002-05a0-4ae2-bd4b-ab3382586286" />
      <TestMethod codeBase="D:\SFERRARI\01 - TRABAJO\REPOS\netcore\template-netcore-entities\Kitpymes.Core.Entities.Tests\bin\Release\netcoreapp3.0\Kitpymes.Core.Entities.Tests.dll" adapterTypeName="executor://mstestadapter/v2" className="Kitpymes.Core.Entities.Enumerations.Tests.CardTypeEnumTests" name="IsMasterCard_Passing_Nothing_Returns_True" />
    </UnitTest>
    <UnitTest name="ToNormalize_Passing_Valid_Values_Returns_Name_String_Format" storage="d:\sferrari\01 - trabajo\repos\netcore\template-netcore-entities\kitpymes.core.entities.tests\bin\release\netcoreapp3.0\kitpymes.core.entities.tests.dll" id="3265fbd4-437d-4974-fc11-e9c28c6df816">
      <Execution id="5014648b-2992-4bb4-be1c-0123cb4f6c33" />
      <TestMethod codeBase="D:\SFERRARI\01 - TRABAJO\REPOS\netcore\template-netcore-entities\Kitpymes.Core.Entities.Tests\bin\Release\netcoreapp3.0\Kitpymes.Core.Entities.Tests.dll" adapterTypeName="executor://mstestadapter/v2" className="Kitpymes.Core.Entities.ValueObjects.Tests.NameTests" name="ToNormalize_Passing_Valid_Values_Returns_Name_String_Format" />
    </UnitTest>
    <UnitTest name="OperatorNotEqual_Passing_Valid_Values_Returns_True" storage="d:\sferrari\01 - trabajo\repos\netcore\template-netcore-entities\kitpymes.core.entities.tests\bin\release\netcoreapp3.0\kitpymes.core.entities.tests.dll" id="398af0c0-2099-6a75-20f6-c6ae3a70956a">
      <Execution id="a1707617-def8-4eec-8683-ffb494371305" />
      <TestMethod codeBase="D:\SFERRARI\01 - TRABAJO\REPOS\netcore\template-netcore-entities\Kitpymes.Core.Entities.Tests\bin\Release\netcoreapp3.0\Kitpymes.Core.Entities.Tests.dll" adapterTypeName="executor://mstestadapter/v2" className="Kitpymes.Core.Entities.ValueObjects.Tests.CurrencyTests" name="OperatorNotEqual_Passing_Valid_Values_Returns_True" />
    </UnitTest>
    <UnitTest name="OperatorNotEqual_Passing_Valid_Values_Returns_False" storage="d:\sferrari\01 - trabajo\repos\netcore\template-netcore-entities\kitpymes.core.entities.tests\bin\release\netcoreapp3.0\kitpymes.core.entities.tests.dll" id="66126db5-a312-c629-a169-f37254601183">
      <Execution id="7e1e05b8-cacf-42f8-a311-8afafaeb6342" />
      <TestMethod codeBase="D:\SFERRARI\01 - TRABAJO\REPOS\netcore\template-netcore-entities\Kitpymes.Core.Entities.Tests\bin\Release\netcoreapp3.0\Kitpymes.Core.Entities.Tests.dll" adapterTypeName="executor://mstestadapter/v2" className="Kitpymes.Core.Entities.ValueObjects.Tests.TelephoneTests" name="OperatorNotEqual_Passing_Valid_Values_Returns_False" />
    </UnitTest>
    <UnitTest name="OperatorEqual_Passing_Valid_Distinct_Values_Returns_False" storage="d:\sferrari\01 - trabajo\repos\netcore\template-netcore-entities\kitpymes.core.entities.tests\bin\release\netcoreapp3.0\kitpymes.core.entities.tests.dll" id="c5c29f75-9d50-53de-8312-18164417d08c">
      <Execution id="eed22923-5f32-454f-af8f-efb2dc10fa86" />
      <TestMethod codeBase="D:\SFERRARI\01 - TRABAJO\REPOS\netcore\template-netcore-entities\Kitpymes.Core.Entities.Tests\bin\Release\netcoreapp3.0\Kitpymes.Core.Entities.Tests.dll" adapterTypeName="executor://mstestadapter/v2" className="Kitpymes.Core.Entities.ValueObjects.Tests.TelephoneTests" name="OperatorEqual_Passing_Valid_Distinct_Values_Returns_False" />
    </UnitTest>
    <UnitTest name="IsNull_Passing_Valid_Value_Returns_False" storage="d:\sferrari\01 - trabajo\repos\netcore\template-netcore-entities\kitpymes.core.entities.tests\bin\release\netcoreapp3.0\kitpymes.core.entities.tests.dll" id="bf7415ae-45f0-be29-e76d-b41b408fe020">
      <Execution id="c07b1e82-b81e-435e-8703-b934c60f44e6" />
      <TestMethod codeBase="D:\SFERRARI\01 - TRABAJO\REPOS\netcore\template-netcore-entities\Kitpymes.Core.Entities.Tests\bin\Release\netcoreapp3.0\Kitpymes.Core.Entities.Tests.dll" adapterTypeName="executor://mstestadapter/v2" className="Kitpymes.Core.Entities.ValueObjects.Tests.EmailTests" name="IsNull_Passing_Valid_Value_Returns_False" />
    </UnitTest>
    <UnitTest name="Equals_Passing_Valid_Values_Returns_True" storage="d:\sferrari\01 - trabajo\repos\netcore\template-netcore-entities\kitpymes.core.entities.tests\bin\release\netcoreapp3.0\kitpymes.core.entities.tests.dll" id="360a473d-7e1c-2d14-72c9-22f9349ca174">
      <Execution id="43070612-b43f-4a06-baa5-7dda9c32f598" />
      <TestMethod codeBase="D:\SFERRARI\01 - TRABAJO\REPOS\netcore\template-netcore-entities\Kitpymes.Core.Entities.Tests\bin\Release\netcoreapp3.0\Kitpymes.Core.Entities.Tests.dll" adapterTypeName="executor://mstestadapter/v2" className="Kitpymes.Core.Entities.ValueObjects.Tests.CurrencyTests" name="Equals_Passing_Valid_Values_Returns_True" />
    </UnitTest>
    <UnitTest name="OperatorNotEqual_Passing_Valid_Values_Returns_False" storage="d:\sferrari\01 - trabajo\repos\netcore\template-netcore-entities\kitpymes.core.entities.tests\bin\release\netcoreapp3.0\kitpymes.core.entities.tests.dll" id="2cf24b7c-c50c-e047-853f-65e4172e9fe4">
      <Execution id="04b0632d-1edb-4c0e-b296-4a8bf45da2f6" />
      <TestMethod codeBase="D:\SFERRARI\01 - TRABAJO\REPOS\netcore\template-netcore-entities\Kitpymes.Core.Entities.Tests\bin\Release\netcoreapp3.0\Kitpymes.Core.Entities.Tests.dll" adapterTypeName="executor://mstestadapter/v2" className="Kitpymes.Core.Entities.ValueObjects.Tests.StringIdTests" name="OperatorNotEqual_Passing_Valid_Values_Returns_False" />
    </UnitTest>
    <UnitTest name="OperatorNotEqual_Passing_Valid_Values_Returns_True" storage="d:\sferrari\01 - trabajo\repos\netcore\template-netcore-entities\kitpymes.core.entities.tests\bin\release\netcoreapp3.0\kitpymes.core.entities.tests.dll" id="0643cd5e-9fb6-9fc5-1c47-3b2be0eeb804">
      <Execution id="b083cc53-a06b-4767-a4f1-74079dc927a7" />
      <TestMethod codeBase="D:\SFERRARI\01 - TRABAJO\REPOS\netcore\template-netcore-entities\Kitpymes.Core.Entities.Tests\bin\Release\netcoreapp3.0\Kitpymes.Core.Entities.Tests.dll" adapterTypeName="executor://mstestadapter/v2" className="Kitpymes.Core.Entities.ValueObjects.Tests.EmailTests" name="OperatorNotEqual_Passing_Valid_Values_Returns_True" />
    </UnitTest>
    <UnitTest name="ToEnum_Passing_Invalid_Int_Name_Enumeracion_Returns_Null" storage="d:\sferrari\01 - trabajo\repos\netcore\template-netcore-entities\kitpymes.core.entities.tests\bin\release\netcoreapp3.0\kitpymes.core.entities.tests.dll" id="3825a6bf-15ba-3ddd-7270-3610d4ba1398">
      <Execution id="2a8e6a97-297f-42b2-9e98-d032232197be" />
      <TestMethod codeBase="D:\SFERRARI\01 - TRABAJO\REPOS\netcore\template-netcore-entities\Kitpymes.Core.Entities.Tests\bin\Release\netcoreapp3.0\Kitpymes.Core.Entities.Tests.dll" adapterTypeName="executor://mstestadapter/v2" className="Kitpymes.Core.Entities.Enumerations.Tests.SubscriptionEnumTests" name="ToEnum_Passing_Invalid_Int_Name_Enumeracion_Returns_Null" />
    </UnitTest>
    <UnitTest name="Change_Passing_Valid_Values_Returns_Subdomain" storage="d:\sferrari\01 - trabajo\repos\netcore\template-netcore-entities\kitpymes.core.entities.tests\bin\release\netcoreapp3.0\kitpymes.core.entities.tests.dll" id="8d7600c8-85e7-f035-9f9f-51a80e994a9a">
      <Execution id="4a0f6c01-0562-4c7e-8748-cc73722999f1" />
      <TestMethod codeBase="D:\SFERRARI\01 - TRABAJO\REPOS\netcore\template-netcore-entities\Kitpymes.Core.Entities.Tests\bin\Release\netcoreapp3.0\Kitpymes.Core.Entities.Tests.dll" adapterTypeName="executor://mstestadapter/v2" className="Kitpymes.Core.Entities.ValueObjects.Tests.SubdomainTests" name="Change_Passing_Valid_Values_Returns_Subdomain" />
    </UnitTest>
    <UnitTest name="IsMale_Passing_Nothing_Returns_True" storage="d:\sferrari\01 - trabajo\repos\netcore\template-netcore-entities\kitpymes.core.entities.tests\bin\release\netcoreapp3.0\kitpymes.core.entities.tests.dll" id="96faba19-0bfe-83ba-6e84-9c0321f406c2">
      <Execution id="32813a47-53e3-4034-aced-5e055576e89b" />
      <TestMethod codeBase="D:\SFERRARI\01 - TRABAJO\REPOS\netcore\template-netcore-entities\Kitpymes.Core.Entities.Tests\bin\Release\netcoreapp3.0\Kitpymes.Core.Entities.Tests.dll" adapterTypeName="executor://mstestadapter/v2" className="Kitpymes.Core.Entities.Enumerations.Tests.GenderTypeEnumTests" name="IsMale_Passing_Nothing_Returns_True" />
    </UnitTest>
    <UnitTest name="Equals_Passing_Valid_Distinct_Values_Returns_False" storage="d:\sferrari\01 - trabajo\repos\netcore\template-netcore-entities\kitpymes.core.entities.tests\bin\release\netcoreapp3.0\kitpymes.core.entities.tests.dll" id="e508c554-ee47-5599-228d-b33f23cc16d0">
      <Execution id="2e349b63-1192-435d-8d1b-b9efd9b06950" />
      <TestMethod codeBase="D:\SFERRARI\01 - TRABAJO\REPOS\netcore\template-netcore-entities\Kitpymes.Core.Entities.Tests\bin\Release\netcoreapp3.0\Kitpymes.Core.Entities.Tests.dll" adapterTypeName="executor://mstestadapter/v2" className="Kitpymes.Core.Entities.ValueObjects.Tests.NameTests" name="Equals_Passing_Valid_Distinct_Values_Returns_False" />
    </UnitTest>
    <UnitTest name="IsSilver_Passing_Nothing_Returns_True" storage="d:\sferrari\01 - trabajo\repos\netcore\template-netcore-entities\kitpymes.core.entities.tests\bin\release\netcoreapp3.0\kitpymes.core.entities.tests.dll" id="37226e78-15f9-d454-011f-5b93613f63ef">
      <Execution id="eb3a0cea-8525-4ed4-b1b5-56fad404e667" />
      <TestMethod codeBase="D:\SFERRARI\01 - TRABAJO\REPOS\netcore\template-netcore-entities\Kitpymes.Core.Entities.Tests\bin\Release\netcoreapp3.0\Kitpymes.Core.Entities.Tests.dll" adapterTypeName="executor://mstestadapter/v2" className="Kitpymes.Core.Entities.Enumerations.Tests.SubscriptionEnumTests" name="IsSilver_Passing_Nothing_Returns_True" />
    </UnitTest>
    <UnitTest name="OperatorNotEqual_Passing_Valid_Values_Returns_False" storage="d:\sferrari\01 - trabajo\repos\netcore\template-netcore-entities\kitpymes.core.entities.tests\bin\release\netcoreapp3.0\kitpymes.core.entities.tests.dll" id="b939a012-7d2e-b3be-e613-740fc697b8d4">
      <Execution id="00240bc3-4acc-407a-a4a4-29ebda4fc04d" />
      <TestMethod codeBase="D:\SFERRARI\01 - TRABAJO\REPOS\netcore\template-netcore-entities\Kitpymes.Core.Entities.Tests\bin\Release\netcoreapp3.0\Kitpymes.Core.Entities.Tests.dll" adapterTypeName="executor://mstestadapter/v2" className="Kitpymes.Core.Entities.ValueObjects.Tests.NameTests" name="OperatorNotEqual_Passing_Valid_Values_Returns_False" />
    </UnitTest>
    <UnitTest name="Create_Passing_InvalidOrNull_Value_Returns_ApplicationException" storage="d:\sferrari\01 - trabajo\repos\netcore\template-netcore-entities\kitpymes.core.entities.tests\bin\release\netcoreapp3.0\kitpymes.core.entities.tests.dll" id="9d4133ce-d100-cb57-5378-7ee78c039307">
      <Execution id="cd29333e-addf-4dc6-b795-d7ee0a634803" />
      <TestMethod codeBase="D:\SFERRARI\01 - TRABAJO\REPOS\netcore\template-netcore-entities\Kitpymes.Core.Entities.Tests\bin\Release\netcoreapp3.0\Kitpymes.Core.Entities.Tests.dll" adapterTypeName="executor://mstestadapter/v2" className="Kitpymes.Core.Entities.ValueObjects.Tests.AddressTests" name="Create_Passing_InvalidOrNull_Value_Returns_ApplicationException" />
    </UnitTest>
    <UnitTest name="ToEnum_Passing_Valid_IntName_Enumeracion_Returns_Enumeracion" storage="d:\sferrari\01 - trabajo\repos\netcore\template-netcore-entities\kitpymes.core.entities.tests\bin\release\netcoreapp3.0\kitpymes.core.entities.tests.dll" id="e5e892cf-2006-a955-6ca0-1ec5d852214c">
      <Execution id="edc324db-ad25-4708-acbc-a53b3a27bbad" />
      <TestMethod codeBase="D:\SFERRARI\01 - TRABAJO\REPOS\netcore\template-netcore-entities\Kitpymes.Core.Entities.Tests\bin\Release\netcoreapp3.0\Kitpymes.Core.Entities.Tests.dll" adapterTypeName="executor://mstestadapter/v2" className="Kitpymes.Core.Entities.Enumerations.Tests.CardTypeEnumTests" name="ToEnum_Passing_Valid_IntName_Enumeracion_Returns_Enumeracion" />
    </UnitTest>
    <UnitTest name="IsNull_Passing_Valid_Value_Returns_False" storage="d:\sferrari\01 - trabajo\repos\netcore\template-netcore-entities\kitpymes.core.entities.tests\bin\release\netcoreapp3.0\kitpymes.core.entities.tests.dll" id="417ec551-d8d9-9d91-2ce7-f7087778456b">
      <Execution id="d207ba01-e2ce-4bf1-b94e-7529749ce988" />
      <TestMethod codeBase="D:\SFERRARI\01 - TRABAJO\REPOS\netcore\template-netcore-entities\Kitpymes.Core.Entities.Tests\bin\Release\netcoreapp3.0\Kitpymes.Core.Entities.Tests.dll" adapterTypeName="executor://mstestadapter/v2" className="Kitpymes.Core.Entities.ValueObjects.Tests.NameTests" name="IsNull_Passing_Valid_Value_Returns_False" />
    </UnitTest>
    <UnitTest name="IsAmex_Passing_Nothing_Returns_True" storage="d:\sferrari\01 - trabajo\repos\netcore\template-netcore-entities\kitpymes.core.entities.tests\bin\release\netcoreapp3.0\kitpymes.core.entities.tests.dll" id="cfc0b506-e5fe-b0db-3d07-04d53340cc58">
      <Execution id="f8f9beb1-9ad7-4b22-987c-ccc73c3837ab" />
      <TestMethod codeBase="D:\SFERRARI\01 - TRABAJO\REPOS\netcore\template-netcore-entities\Kitpymes.Core.Entities.Tests\bin\Release\netcoreapp3.0\Kitpymes.Core.Entities.Tests.dll" adapterTypeName="executor://mstestadapter/v2" className="Kitpymes.Core.Entities.Enumerations.Tests.CardTypeEnumTests" name="IsAmex_Passing_Nothing_Returns_True" />
    </UnitTest>
    <UnitTest name="OperatorEqual_Passing_Valid_Values_Returns_True" storage="d:\sferrari\01 - trabajo\repos\netcore\template-netcore-entities\kitpymes.core.entities.tests\bin\release\netcoreapp3.0\kitpymes.core.entities.tests.dll" id="8010ce30-a236-ec4e-43aa-ea9ebe0ce095">
      <Execution id="6bfce16e-0eed-491b-98cb-971f079e19c8" />
      <TestMethod codeBase="D:\SFERRARI\01 - TRABAJO\REPOS\netcore\template-netcore-entities\Kitpymes.Core.Entities.Tests\bin\Release\netcoreapp3.0\Kitpymes.Core.Entities.Tests.dll" adapterTypeName="executor://mstestadapter/v2" className="Kitpymes.Core.Entities.ValueObjects.Tests.EmailTests" name="OperatorEqual_Passing_Valid_Values_Returns_True" />
    </UnitTest>
    <UnitTest name="Equals_Passing_Valid_Distinct_Values_Returns_False" storage="d:\sferrari\01 - trabajo\repos\netcore\template-netcore-entities\kitpymes.core.entities.tests\bin\release\netcoreapp3.0\kitpymes.core.entities.tests.dll" id="486d5231-aeb6-594f-38d5-98ce591994a3">
      <Execution id="3bbc68c6-6a1a-409f-93c7-e578e5e7ad6b" />
      <TestMethod codeBase="D:\SFERRARI\01 - TRABAJO\REPOS\netcore\template-netcore-entities\Kitpymes.Core.Entities.Tests\bin\Release\netcoreapp3.0\Kitpymes.Core.Entities.Tests.dll" adapterTypeName="executor://mstestadapter/v2" className="Kitpymes.Core.Entities.ValueObjects.Tests.TelephoneTests" name="Equals_Passing_Valid_Distinct_Values_Returns_False" />
    </UnitTest>
    <UnitTest name="OperatorEqual_Passing_Valid_Distinct_Values_Returns_False" storage="d:\sferrari\01 - trabajo\repos\netcore\template-netcore-entities\kitpymes.core.entities.tests\bin\release\netcoreapp3.0\kitpymes.core.entities.tests.dll" id="3c5dd30a-14ce-719a-a187-bfc979656176">
      <Execution id="6e399066-7440-4c87-ae53-15e1a0ad20a8" />
      <TestMethod codeBase="D:\SFERRARI\01 - TRABAJO\REPOS\netcore\template-netcore-entities\Kitpymes.Core.Entities.Tests\bin\Release\netcoreapp3.0\Kitpymes.Core.Entities.Tests.dll" adapterTypeName="executor://mstestadapter/v2" className="Kitpymes.Core.Entities.ValueObjects.Tests.StringIdTests" name="OperatorEqual_Passing_Valid_Distinct_Values_Returns_False" />
    </UnitTest>
    <UnitTest name="IsNull_Passing_Null_Value_Returns_True" storage="d:\sferrari\01 - trabajo\repos\netcore\template-netcore-entities\kitpymes.core.entities.tests\bin\release\netcoreapp3.0\kitpymes.core.entities.tests.dll" id="81019d0f-1a28-bd30-e939-1d942eb12cd9">
      <Execution id="01fef856-a08a-466b-a0ee-e439cd5f5c4c" />
      <TestMethod codeBase="D:\SFERRARI\01 - TRABAJO\REPOS\netcore\template-netcore-entities\Kitpymes.Core.Entities.Tests\bin\Release\netcoreapp3.0\Kitpymes.Core.Entities.Tests.dll" adapterTypeName="executor://mstestadapter/v2" className="Kitpymes.Core.Entities.ValueObjects.Tests.TelephoneTests" name="IsNull_Passing_Null_Value_Returns_True" />
    </UnitTest>
    <UnitTest name="Change_Passing_Valid_Values_Returns_Currency" storage="d:\sferrari\01 - trabajo\repos\netcore\template-netcore-entities\kitpymes.core.entities.tests\bin\release\netcoreapp3.0\kitpymes.core.entities.tests.dll" id="afb94819-d000-5c73-f44b-f1e36fef6d66">
      <Execution id="f1a2345a-ac33-4838-812d-24bac7b24e0d" />
      <TestMethod codeBase="D:\SFERRARI\01 - TRABAJO\REPOS\netcore\template-netcore-entities\Kitpymes.Core.Entities.Tests\bin\Release\netcoreapp3.0\Kitpymes.Core.Entities.Tests.dll" adapterTypeName="executor://mstestadapter/v2" className="Kitpymes.Core.Entities.ValueObjects.Tests.CurrencyTests" name="Change_Passing_Valid_Values_Returns_Currency" />
    </UnitTest>
    <UnitTest name="ToEnum_Passing_Valid_String_Name_Enumeracion_Returns_Enumeracion" storage="d:\sferrari\01 - trabajo\repos\netcore\template-netcore-entities\kitpymes.core.entities.tests\bin\release\netcoreapp3.0\kitpymes.core.entities.tests.dll" id="1e6a5935-eb94-a549-f349-b1500900cd98">
      <Execution id="5eaad95f-0376-46b6-a94a-5eb43961c14d" />
      <TestMethod codeBase="D:\SFERRARI\01 - TRABAJO\REPOS\netcore\template-netcore-entities\Kitpymes.Core.Entities.Tests\bin\Release\netcoreapp3.0\Kitpymes.Core.Entities.Tests.dll" adapterTypeName="executor://mstestadapter/v2" className="Kitpymes.Core.Entities.Enumerations.Tests.CardTypeEnumTests" name="ToEnum_Passing_Valid_String_Name_Enumeracion_Returns_Enumeracion" />
    </UnitTest>
    <UnitTest name="GetAll_Passing_Nothing_Returns_Enumeracion_List" storage="d:\sferrari\01 - trabajo\repos\netcore\template-netcore-entities\kitpymes.core.entities.tests\bin\release\netcoreapp3.0\kitpymes.core.entities.tests.dll" id="a50cb7dc-992a-23d1-57a7-839a1118dfa3">
      <Execution id="cdd5fb8d-3387-451e-9a0d-e12993318e3f" />
      <TestMethod codeBase="D:\SFERRARI\01 - TRABAJO\REPOS\netcore\template-netcore-entities\Kitpymes.Core.Entities.Tests\bin\Release\netcoreapp3.0\Kitpymes.Core.Entities.Tests.dll" adapterTypeName="executor://mstestadapter/v2" className="Kitpymes.Core.Entities.Enumerations.Tests.GenderTypeEnumTests" name="GetAll_Passing_Nothing_Returns_Enumeracion_List" />
    </UnitTest>
    <UnitTest name="Equals_Passing_Valid_Values_Returns_True" storage="d:\sferrari\01 - trabajo\repos\netcore\template-netcore-entities\kitpymes.core.entities.tests\bin\release\netcoreapp3.0\kitpymes.core.entities.tests.dll" id="9b344652-cdde-ed73-1807-0f497ee20572">
      <Execution id="80b56d99-4f5b-4f2c-9f69-131ea02b7a85" />
      <TestMethod codeBase="D:\SFERRARI\01 - TRABAJO\REPOS\netcore\template-netcore-entities\Kitpymes.Core.Entities.Tests\bin\Release\netcoreapp3.0\Kitpymes.Core.Entities.Tests.dll" adapterTypeName="executor://mstestadapter/v2" className="Kitpymes.Core.Entities.ValueObjects.Tests.EmailTests" name="Equals_Passing_Valid_Values_Returns_True" />
    </UnitTest>
    <UnitTest name="ToEnum_Passing_Valid_IntName_Enumeracion_Returns_Enumeracion" storage="d:\sferrari\01 - trabajo\repos\netcore\template-netcore-entities\kitpymes.core.entities.tests\bin\release\netcoreapp3.0\kitpymes.core.entities.tests.dll" id="b0548663-47b3-8c52-226c-9dcd0a8ec50c">
      <Execution id="0b4b2326-3773-41cb-a6fd-5e3ff7d7e0bb" />
      <TestMethod codeBase="D:\SFERRARI\01 - TRABAJO\REPOS\netcore\template-netcore-entities\Kitpymes.Core.Entities.Tests\bin\Release\netcoreapp3.0\Kitpymes.Core.Entities.Tests.dll" adapterTypeName="executor://mstestadapter/v2" className="Kitpymes.Core.Entities.Enumerations.Tests.SubscriptionEnumTests" name="ToEnum_Passing_Valid_IntName_Enumeracion_Returns_Enumeracion" />
    </UnitTest>
    <UnitTest name="IsNull_Passing_Valid_Address_Returns_False" storage="d:\sferrari\01 - trabajo\repos\netcore\template-netcore-entities\kitpymes.core.entities.tests\bin\release\netcoreapp3.0\kitpymes.core.entities.tests.dll" id="f32c4def-2f6e-3a0b-be76-e606178c7f60">
      <Execution id="85279e19-7309-40a8-99c3-560c3ed0959b" />
      <TestMethod codeBase="D:\SFERRARI\01 - TRABAJO\REPOS\netcore\template-netcore-entities\Kitpymes.Core.Entities.Tests\bin\Release\netcoreapp3.0\Kitpymes.Core.Entities.Tests.dll" adapterTypeName="executor://mstestadapter/v2" className="Kitpymes.Core.Entities.ValueObjects.Tests.AddressTests" name="IsNull_Passing_Valid_Address_Returns_False" />
    </UnitTest>
    <UnitTest name="ToEnum_Passing_Invalid_Int_Name_Enumeracion_Returns_Null" storage="d:\sferrari\01 - trabajo\repos\netcore\template-netcore-entities\kitpymes.core.entities.tests\bin\release\netcoreapp3.0\kitpymes.core.entities.tests.dll" id="582ef803-3445-a1eb-d630-9b4dabc719d5">
      <Execution id="57ed6ffc-b49e-40df-91da-265b7228a1c3" />
      <TestMethod codeBase="D:\SFERRARI\01 - TRABAJO\REPOS\netcore\template-netcore-entities\Kitpymes.Core.Entities.Tests\bin\Release\netcoreapp3.0\Kitpymes.Core.Entities.Tests.dll" adapterTypeName="executor://mstestadapter/v2" className="Kitpymes.Core.Entities.Enumerations.Tests.GenderTypeEnumTests" name="ToEnum_Passing_Invalid_Int_Name_Enumeracion_Returns_Null" />
    </UnitTest>
    <UnitTest name="GetAll_Passing_Nothing_Returns_Enumeracion_List" storage="d:\sferrari\01 - trabajo\repos\netcore\template-netcore-entities\kitpymes.core.entities.tests\bin\release\netcoreapp3.0\kitpymes.core.entities.tests.dll" id="8313da3f-0367-8e6c-c0a1-ae4f5c0df829">
      <Execution id="18ed33da-2aac-45b7-8f69-2fa246c1faaa" />
      <TestMethod codeBase="D:\SFERRARI\01 - TRABAJO\REPOS\netcore\template-netcore-entities\Kitpymes.Core.Entities.Tests\bin\Release\netcoreapp3.0\Kitpymes.Core.Entities.Tests.dll" adapterTypeName="executor://mstestadapter/v2" className="Kitpymes.Core.Entities.Enumerations.Tests.LogTypeEnumTests" name="GetAll_Passing_Nothing_Returns_Enumeracion_List" />
    </UnitTest>
    <UnitTest name="ToBool_Passing_Valid_Status_Inactive_Returns_False" storage="d:\sferrari\01 - trabajo\repos\netcore\template-netcore-entities\kitpymes.core.entities.tests\bin\release\netcoreapp3.0\kitpymes.core.entities.tests.dll" id="5b9ad273-899e-043f-1d95-78fcc6790837">
      <Execution id="6e01797d-03a9-4fdc-be5d-9f26acb6d485" />
      <TestMethod codeBase="D:\SFERRARI\01 - TRABAJO\REPOS\netcore\template-netcore-entities\Kitpymes.Core.Entities.Tests\bin\Release\netcoreapp3.0\Kitpymes.Core.Entities.Tests.dll" adapterTypeName="executor://mstestadapter/v2" className="Kitpymes.Core.Entities.Enumerations.Tests.StatusEnumTests" name="ToBool_Passing_Valid_Status_Inactive_Returns_False" />
    </UnitTest>
    <UnitTest name="ToEnum_Passing_Valid_String_Name_Returns_Enumeracion" storage="d:\sferrari\01 - trabajo\repos\netcore\template-netcore-entities\kitpymes.core.entities.tests\bin\release\netcoreapp3.0\kitpymes.core.entities.tests.dll" id="99c0f1dd-a954-07f0-474b-96a0626b66a1">
      <Execution id="0030d6c5-5361-45c7-9d19-d667b73e4314" />
      <TestMethod codeBase="D:\SFERRARI\01 - TRABAJO\REPOS\netcore\template-netcore-entities\Kitpymes.Core.Entities.Tests\bin\Release\netcoreapp3.0\Kitpymes.Core.Entities.Tests.dll" adapterTypeName="executor://mstestadapter/v2" className="Kitpymes.Core.Entities.Enumerations.Tests.SubscriptionEnumTests" name="ToEnum_Passing_Valid_String_Name_Returns_Enumeracion" />
    </UnitTest>
    <UnitTest name="Create_Passing_Valid_Values_Returns_Name" storage="d:\sferrari\01 - trabajo\repos\netcore\template-netcore-entities\kitpymes.core.entities.tests\bin\release\netcoreapp3.0\kitpymes.core.entities.tests.dll" id="ca869e78-7943-a46b-7927-1a8ff4fe58af">
      <Execution id="31ca45de-6c05-4654-9a57-3fbafd0151a2" />
      <TestMethod codeBase="D:\SFERRARI\01 - TRABAJO\REPOS\netcore\template-netcore-entities\Kitpymes.Core.Entities.Tests\bin\Release\netcoreapp3.0\Kitpymes.Core.Entities.Tests.dll" adapterTypeName="executor://mstestadapter/v2" className="Kitpymes.Core.Entities.ValueObjects.Tests.NameTests" name="Create_Passing_Valid_Values_Returns_Name" />
    </UnitTest>
    <UnitTest name="ToEnum_Passing_Valid_String_ShortName_Enumeracion_Returns_Enumeracion" storage="d:\sferrari\01 - trabajo\repos\netcore\template-netcore-entities\kitpymes.core.entities.tests\bin\release\netcoreapp3.0\kitpymes.core.entities.tests.dll" id="cefd6720-8ae8-64f7-ef2a-994381832e74">
      <Execution id="89938004-bc1d-4425-ad6c-47512639d781" />
      <TestMethod codeBase="D:\SFERRARI\01 - TRABAJO\REPOS\netcore\template-netcore-entities\Kitpymes.Core.Entities.Tests\bin\Release\netcoreapp3.0\Kitpymes.Core.Entities.Tests.dll" adapterTypeName="executor://mstestadapter/v2" className="Kitpymes.Core.Entities.Enumerations.Tests.GenderTypeEnumTests" name="ToEnum_Passing_Valid_String_ShortName_Enumeracion_Returns_Enumeracion" />
    </UnitTest>
    <UnitTest name="IsNull_Passing_Null_Value_Returns_True" storage="d:\sferrari\01 - trabajo\repos\netcore\template-netcore-entities\kitpymes.core.entities.tests\bin\release\netcoreapp3.0\kitpymes.core.entities.tests.dll" id="d1ef6d46-1fa5-198f-a0cf-6cba38319a2e">
      <Execution id="2f246ae1-5791-4793-8bff-ea7d82aff620" />
      <TestMethod codeBase="D:\SFERRARI\01 - TRABAJO\REPOS\netcore\template-netcore-entities\Kitpymes.Core.Entities.Tests\bin\Release\netcoreapp3.0\Kitpymes.Core.Entities.Tests.dll" adapterTypeName="executor://mstestadapter/v2" className="Kitpymes.Core.Entities.ValueObjects.Tests.EmailTests" name="IsNull_Passing_Null_Value_Returns_True" />
    </UnitTest>
    <UnitTest name="OperatorNotEqual_Passing_Valid_Values_Returns_True" storage="d:\sferrari\01 - trabajo\repos\netcore\template-netcore-entities\kitpymes.core.entities.tests\bin\release\netcoreapp3.0\kitpymes.core.entities.tests.dll" id="7c9f6c94-8d7d-5c31-2b93-fff4124ed3c5">
      <Execution id="a292d0cd-0a2e-44df-9096-6df729a9a739" />
      <TestMethod codeBase="D:\SFERRARI\01 - TRABAJO\REPOS\netcore\template-netcore-entities\Kitpymes.Core.Entities.Tests\bin\Release\netcoreapp3.0\Kitpymes.Core.Entities.Tests.dll" adapterTypeName="executor://mstestadapter/v2" className="Kitpymes.Core.Entities.ValueObjects.Tests.FullNameTests" name="OperatorNotEqual_Passing_Valid_Values_Returns_True" />
    </UnitTest>
    <UnitTest name="Create_Passing_Valid_Values_Returns_FullName" storage="d:\sferrari\01 - trabajo\repos\netcore\template-netcore-entities\kitpymes.core.entities.tests\bin\release\netcoreapp3.0\kitpymes.core.entities.tests.dll" id="2ea46394-44f6-bdfd-606e-536cc1a2eef1">
      <Execution id="dd07bf42-a0d1-4ad1-9772-a88466d70224" />
      <TestMethod codeBase="D:\SFERRARI\01 - TRABAJO\REPOS\netcore\template-netcore-entities\Kitpymes.Core.Entities.Tests\bin\Release\netcoreapp3.0\Kitpymes.Core.Entities.Tests.dll" adapterTypeName="executor://mstestadapter/v2" className="Kitpymes.Core.Entities.ValueObjects.Tests.FullNameTests" name="Create_Passing_Valid_Values_Returns_FullName" />
    </UnitTest>
    <UnitTest name="IsVisa_Passing_Nothing_Returns_True" storage="d:\sferrari\01 - trabajo\repos\netcore\template-netcore-entities\kitpymes.core.entities.tests\bin\release\netcoreapp3.0\kitpymes.core.entities.tests.dll" id="a73a2e63-3dc6-6b14-a467-c57ee0ec7ec7">
      <Execution id="e74cfea9-0df1-4502-9cef-0ce4f9d277ea" />
      <TestMethod codeBase="D:\SFERRARI\01 - TRABAJO\REPOS\netcore\template-netcore-entities\Kitpymes.Core.Entities.Tests\bin\Release\netcoreapp3.0\Kitpymes.Core.Entities.Tests.dll" adapterTypeName="executor://mstestadapter/v2" className="Kitpymes.Core.Entities.Enumerations.Tests.CardTypeEnumTests" name="IsVisa_Passing_Nothing_Returns_True" />
    </UnitTest>
    <UnitTest name="GetAll_Passing_Nothing_Returns_Enumeracion_List" storage="d:\sferrari\01 - trabajo\repos\netcore\template-netcore-entities\kitpymes.core.entities.tests\bin\release\netcoreapp3.0\kitpymes.core.entities.tests.dll" id="4ffb1e76-cb8e-8152-5127-75a5ccf2e82d">
      <Execution id="cf2143d4-d3ad-4f0c-b806-48701a21a238" />
      <TestMethod codeBase="D:\SFERRARI\01 - TRABAJO\REPOS\netcore\template-netcore-entities\Kitpymes.Core.Entities.Tests\bin\Release\netcoreapp3.0\Kitpymes.Core.Entities.Tests.dll" adapterTypeName="executor://mstestadapter/v2" className="Kitpymes.Core.Entities.Enumerations.Tests.CardTypeEnumTests" name="GetAll_Passing_Nothing_Returns_Enumeracion_List" />
    </UnitTest>
    <UnitTest name="ToEnum_Passing_Valid_IntName_Enumeracion_Returns_Enumeracion" storage="d:\sferrari\01 - trabajo\repos\netcore\template-netcore-entities\kitpymes.core.entities.tests\bin\release\netcoreapp3.0\kitpymes.core.entities.tests.dll" id="27a0e577-20d6-fabc-02be-7af6a06cb12f">
      <Execution id="e32296fe-cf50-408b-a726-b2e8ca92b553" />
      <TestMethod codeBase="D:\SFERRARI\01 - TRABAJO\REPOS\netcore\template-netcore-entities\Kitpymes.Core.Entities.Tests\bin\Release\netcoreapp3.0\Kitpymes.Core.Entities.Tests.dll" adapterTypeName="executor://mstestadapter/v2" className="Kitpymes.Core.Entities.Enumerations.Tests.GenderTypeEnumTests" name="ToEnum_Passing_Valid_IntName_Enumeracion_Returns_Enumeracion" />
    </UnitTest>
    <UnitTest name="Create_Passing_InvalidOrNull_Value_Returns_ApplicationException" storage="d:\sferrari\01 - trabajo\repos\netcore\template-netcore-entities\kitpymes.core.entities.tests\bin\release\netcoreapp3.0\kitpymes.core.entities.tests.dll" id="7f63e5ba-c44d-59a2-d525-2cb0363ac96c">
      <Execution id="497bc258-bb9e-4b18-9d4c-883daf22de1b" />
      <TestMethod codeBase="D:\SFERRARI\01 - TRABAJO\REPOS\netcore\template-netcore-entities\Kitpymes.Core.Entities.Tests\bin\Release\netcoreapp3.0\Kitpymes.Core.Entities.Tests.dll" adapterTypeName="executor://mstestadapter/v2" className="Kitpymes.Core.Entities.ValueObjects.Tests.TelephoneTests" name="Create_Passing_InvalidOrNull_Value_Returns_ApplicationException" />
    </UnitTest>
    <UnitTest name="OperatorEqual_Passing_Valid_Distinct_Values_Returns_False" storage="d:\sferrari\01 - trabajo\repos\netcore\template-netcore-entities\kitpymes.core.entities.tests\bin\release\netcoreapp3.0\kitpymes.core.entities.tests.dll" id="2bd0308d-019c-fb25-a258-ca5e7ad09231">
      <Execution id="a54dbed6-4110-471b-ad3e-0a843afe63d4" />
      <TestMethod codeBase="D:\SFERRARI\01 - TRABAJO\REPOS\netcore\template-netcore-entities\Kitpymes.Core.Entities.Tests\bin\Release\netcoreapp3.0\Kitpymes.Core.Entities.Tests.dll" adapterTypeName="executor://mstestadapter/v2" className="Kitpymes.Core.Entities.ValueObjects.Tests.FullNameTests" name="OperatorEqual_Passing_Valid_Distinct_Values_Returns_False" />
    </UnitTest>
    <UnitTest name="OperatorNotEqual_Passing_Valid_Values_Returns_False" storage="d:\sferrari\01 - trabajo\repos\netcore\template-netcore-entities\kitpymes.core.entities.tests\bin\release\netcoreapp3.0\kitpymes.core.entities.tests.dll" id="4bd13a4c-7389-3430-0358-3a2daf94401d">
      <Execution id="a46807b0-8450-4fb2-b69a-95f06c40d61e" />
      <TestMethod codeBase="D:\SFERRARI\01 - TRABAJO\REPOS\netcore\template-netcore-entities\Kitpymes.Core.Entities.Tests\bin\Release\netcoreapp3.0\Kitpymes.Core.Entities.Tests.dll" adapterTypeName="executor://mstestadapter/v2" className="Kitpymes.Core.Entities.ValueObjects.Tests.CurrencyTests" name="OperatorNotEqual_Passing_Valid_Values_Returns_False" />
    </UnitTest>
    <UnitTest name="Create_Passing_InvalidOrNull_Value_Returns_ApplicationException" storage="d:\sferrari\01 - trabajo\repos\netcore\template-netcore-entities\kitpymes.core.entities.tests\bin\release\netcoreapp3.0\kitpymes.core.entities.tests.dll" id="b7d442c5-0acd-3404-07a7-6a3e90ab8bdd">
      <Execution id="cb27fca1-4a50-4ff9-ace0-b1d55d607637" />
      <TestMethod codeBase="D:\SFERRARI\01 - TRABAJO\REPOS\netcore\template-netcore-entities\Kitpymes.Core.Entities.Tests\bin\Release\netcoreapp3.0\Kitpymes.Core.Entities.Tests.dll" adapterTypeName="executor://mstestadapter/v2" className="Kitpymes.Core.Entities.ValueObjects.Tests.FullNameTests" name="Create_Passing_InvalidOrNull_Value_Returns_ApplicationException" />
    </UnitTest>
    <UnitTest name="Create_Passing_InvalidOrNull_Value_Returns_ApplicationException" storage="d:\sferrari\01 - trabajo\repos\netcore\template-netcore-entities\kitpymes.core.entities.tests\bin\release\netcoreapp3.0\kitpymes.core.entities.tests.dll" id="a135e145-a8f1-0965-22d8-18ac186f6fcf">
      <Execution id="3c09d79c-701d-47a1-8cf4-4ae52e86f7b8" />
      <TestMethod codeBase="D:\SFERRARI\01 - TRABAJO\REPOS\netcore\template-netcore-entities\Kitpymes.Core.Entities.Tests\bin\Release\netcoreapp3.0\Kitpymes.Core.Entities.Tests.dll" adapterTypeName="executor://mstestadapter/v2" className="Kitpymes.Core.Entities.ValueObjects.Tests.MoneyTests" name="Create_Passing_InvalidOrNull_Value_Returns_ApplicationException" />
    </UnitTest>
    <UnitTest name="ToFullString_Passing_Valid_Values_Returns_Value_String_Format" storage="d:\sferrari\01 - trabajo\repos\netcore\template-netcore-entities\kitpymes.core.entities.tests\bin\release\netcoreapp3.0\kitpymes.core.entities.tests.dll" id="b2d1a9e8-2c10-e79d-2a5b-3b612a1cc6ec">
      <Execution id="fe937e4e-c0d3-4e47-aed3-7d13e1c9320b" />
      <TestMethod codeBase="D:\SFERRARI\01 - TRABAJO\REPOS\netcore\template-netcore-entities\Kitpymes.Core.Entities.Tests\bin\Release\netcoreapp3.0\Kitpymes.Core.Entities.Tests.dll" adapterTypeName="executor://mstestadapter/v2" className="Kitpymes.Core.Entities.ValueObjects.Tests.FullNameTests" name="ToFullString_Passing_Valid_Values_Returns_Value_String_Format" />
    </UnitTest>
    <UnitTest name="OperatorNotEqual_Passing_Valid_Values_Returns_False" storage="d:\sferrari\01 - trabajo\repos\netcore\template-netcore-entities\kitpymes.core.entities.tests\bin\release\netcoreapp3.0\kitpymes.core.entities.tests.dll" id="28983f02-4f34-fd2a-e2c0-c023f9e83615">
      <Execution id="77692877-f51a-429b-a1e8-eec94f607168" />
      <TestMethod codeBase="D:\SFERRARI\01 - TRABAJO\REPOS\netcore\template-netcore-entities\Kitpymes.Core.Entities.Tests\bin\Release\netcoreapp3.0\Kitpymes.Core.Entities.Tests.dll" adapterTypeName="executor://mstestadapter/v2" className="Kitpymes.Core.Entities.ValueObjects.Tests.AddressTests" name="OperatorNotEqual_Passing_Valid_Values_Returns_False" />
    </UnitTest>
    <UnitTest name="Change_Passing_Valid_Values_Returns_Address" storage="d:\sferrari\01 - trabajo\repos\netcore\template-netcore-entities\kitpymes.core.entities.tests\bin\release\netcoreapp3.0\kitpymes.core.entities.tests.dll" id="df9ea71b-e3bc-2255-4837-0259a685da18">
      <Execution id="b72bd89a-7138-4ae2-8712-206d57c71e41" />
      <TestMethod codeBase="D:\SFERRARI\01 - TRABAJO\REPOS\netcore\template-netcore-entities\Kitpymes.Core.Entities.Tests\bin\Release\netcoreapp3.0\Kitpymes.Core.Entities.Tests.dll" adapterTypeName="executor://mstestadapter/v2" className="Kitpymes.Core.Entities.ValueObjects.Tests.AddressTests" name="Change_Passing_Valid_Values_Returns_Address" />
    </UnitTest>
    <UnitTest name="Create_Passing_Valid_Values_Returns_Address" storage="d:\sferrari\01 - trabajo\repos\netcore\template-netcore-entities\kitpymes.core.entities.tests\bin\release\netcoreapp3.0\kitpymes.core.entities.tests.dll" id="c00989f1-bbf2-1016-4a5a-81f963501501">
      <Execution id="13d8390f-8de4-4f27-bf59-59f4fe462324" />
      <TestMethod codeBase="D:\SFERRARI\01 - TRABAJO\REPOS\netcore\template-netcore-entities\Kitpymes.Core.Entities.Tests\bin\Release\netcoreapp3.0\Kitpymes.Core.Entities.Tests.dll" adapterTypeName="executor://mstestadapter/v2" className="Kitpymes.Core.Entities.ValueObjects.Tests.AddressTests" name="Create_Passing_Valid_Values_Returns_Address" />
    </UnitTest>
    <UnitTest name="Change_Passing_Valid_Values_Returns_FullName" storage="d:\sferrari\01 - trabajo\repos\netcore\template-netcore-entities\kitpymes.core.entities.tests\bin\release\netcoreapp3.0\kitpymes.core.entities.tests.dll" id="571ad406-4c46-6d0b-a0ab-0bbddda456a0">
      <Execution id="f919583a-6c3e-444b-a323-aa323625a4b6" />
      <TestMethod codeBase="D:\SFERRARI\01 - TRABAJO\REPOS\netcore\template-netcore-entities\Kitpymes.Core.Entities.Tests\bin\Release\netcoreapp3.0\Kitpymes.Core.Entities.Tests.dll" adapterTypeName="executor://mstestadapter/v2" className="Kitpymes.Core.Entities.ValueObjects.Tests.FullNameTests" name="Change_Passing_Valid_Values_Returns_FullName" />
    </UnitTest>
    <UnitTest name="Create_Default_Passing_Valid_Values_Returns_StringId" storage="d:\sferrari\01 - trabajo\repos\netcore\template-netcore-entities\kitpymes.core.entities.tests\bin\release\netcoreapp3.0\kitpymes.core.entities.tests.dll" id="13791109-f26f-328b-af66-40d4b88b25f7">
      <Execution id="79bf74f2-f75b-40c0-bfa3-2847a9eb362c" />
      <TestMethod codeBase="D:\SFERRARI\01 - TRABAJO\REPOS\netcore\template-netcore-entities\Kitpymes.Core.Entities.Tests\bin\Release\netcoreapp3.0\Kitpymes.Core.Entities.Tests.dll" adapterTypeName="executor://mstestadapter/v2" className="Kitpymes.Core.Entities.ValueObjects.Tests.StringIdTests" name="Create_Default_Passing_Valid_Values_Returns_StringId" />
    </UnitTest>
    <UnitTest name="IsNull_Passing_Null_Value_Returns_True" storage="d:\sferrari\01 - trabajo\repos\netcore\template-netcore-entities\kitpymes.core.entities.tests\bin\release\netcoreapp3.0\kitpymes.core.entities.tests.dll" id="9e19d4e4-f7b7-b402-48f1-b671fdae656e">
      <Execution id="9b630a98-c54f-4134-88a5-fb47595c3b67" />
      <TestMethod codeBase="D:\SFERRARI\01 - TRABAJO\REPOS\netcore\template-netcore-entities\Kitpymes.Core.Entities.Tests\bin\Release\netcoreapp3.0\Kitpymes.Core.Entities.Tests.dll" adapterTypeName="executor://mstestadapter/v2" className="Kitpymes.Core.Entities.ValueObjects.Tests.SubdomainTests" name="IsNull_Passing_Null_Value_Returns_True" />
    </UnitTest>
    <UnitTest name="ToEnum_Passing_Invalid_Int_Name_Enumeracion_Returns_Null" storage="d:\sferrari\01 - trabajo\repos\netcore\template-netcore-entities\kitpymes.core.entities.tests\bin\release\netcoreapp3.0\kitpymes.core.entities.tests.dll" id="cd159d9c-491e-cea0-3dbb-5894d4cafd31">
      <Execution id="54b1997a-187f-4e76-b501-dcb99ed43ff4" />
      <TestMethod codeBase="D:\SFERRARI\01 - TRABAJO\REPOS\netcore\template-netcore-entities\Kitpymes.Core.Entities.Tests\bin\Release\netcoreapp3.0\Kitpymes.Core.Entities.Tests.dll" adapterTypeName="executor://mstestadapter/v2" className="Kitpymes.Core.Entities.Enumerations.Tests.LogTypeEnumTests" name="ToEnum_Passing_Invalid_Int_Name_Enumeracion_Returns_Null" />
    </UnitTest>
    <UnitTest name="OperatorEqual_Passing_Valid_Values_Returns_True" storage="d:\sferrari\01 - trabajo\repos\netcore\template-netcore-entities\kitpymes.core.entities.tests\bin\release\netcoreapp3.0\kitpymes.core.entities.tests.dll" id="e9f12af5-5c0d-5f0d-b569-bb58f1d198e2">
      <Execution id="a8163673-924d-41e1-90e5-afcd18e3791e" />
      <TestMethod codeBase="D:\SFERRARI\01 - TRABAJO\REPOS\netcore\template-netcore-entities\Kitpymes.Core.Entities.Tests\bin\Release\netcoreapp3.0\Kitpymes.Core.Entities.Tests.dll" adapterTypeName="executor://mstestadapter/v2" className="Kitpymes.Core.Entities.ValueObjects.Tests.NameTests" name="OperatorEqual_Passing_Valid_Values_Returns_True" />
    </UnitTest>
    <UnitTest name="GetAll_Passing_Nothing_Returns_Enumeracion_List" storage="d:\sferrari\01 - trabajo\repos\netcore\template-netcore-entities\kitpymes.core.entities.tests\bin\release\netcoreapp3.0\kitpymes.core.entities.tests.dll" id="a7b68708-c69e-0ff4-e40e-725b6fe202e8">
      <Execution id="1c5cc77f-e6dd-4e9e-a023-a444a656300b" />
      <TestMethod codeBase="D:\SFERRARI\01 - TRABAJO\REPOS\netcore\template-netcore-entities\Kitpymes.Core.Entities.Tests\bin\Release\netcoreapp3.0\Kitpymes.Core.Entities.Tests.dll" adapterTypeName="executor://mstestadapter/v2" className="Kitpymes.Core.Entities.Enumerations.Tests.SubscriptionEnumTests" name="GetAll_Passing_Nothing_Returns_Enumeracion_List" />
    </UnitTest>
    <UnitTest name="OperatorNotEqual_Passing_Valid_Values_Returns_True" storage="d:\sferrari\01 - trabajo\repos\netcore\template-netcore-entities\kitpymes.core.entities.tests\bin\release\netcoreapp3.0\kitpymes.core.entities.tests.dll" id="dde84323-1f87-22b2-d0f7-2a4a85bad3fd">
      <Execution id="e026dbdc-9e89-4386-9dd6-8abbd7dd7b12" />
      <TestMethod codeBase="D:\SFERRARI\01 - TRABAJO\REPOS\netcore\template-netcore-entities\Kitpymes.Core.Entities.Tests\bin\Release\netcoreapp3.0\Kitpymes.Core.Entities.Tests.dll" adapterTypeName="executor://mstestadapter/v2" className="Kitpymes.Core.Entities.ValueObjects.Tests.TelephoneTests" name="OperatorNotEqual_Passing_Valid_Values_Returns_True" />
    </UnitTest>
    <UnitTest name="IsGold_Passing_Nothing_Returns_True" storage="d:\sferrari\01 - trabajo\repos\netcore\template-netcore-entities\kitpymes.core.entities.tests\bin\release\netcoreapp3.0\kitpymes.core.entities.tests.dll" id="669b24c5-9674-2256-f1f0-ef2ca145c4b1">
      <Execution id="3bcdf849-5393-4ce0-8d42-b6ed308bcf10" />
      <TestMethod codeBase="D:\SFERRARI\01 - TRABAJO\REPOS\netcore\template-netcore-entities\Kitpymes.Core.Entities.Tests\bin\Release\netcoreapp3.0\Kitpymes.Core.Entities.Tests.dll" adapterTypeName="executor://mstestadapter/v2" className="Kitpymes.Core.Entities.Enumerations.Tests.SubscriptionEnumTests" name="IsGold_Passing_Nothing_Returns_True" />
    </UnitTest>
    <UnitTest name="Equals_Passing_Valid_Distinct_Values_Returns_False" storage="d:\sferrari\01 - trabajo\repos\netcore\template-netcore-entities\kitpymes.core.entities.tests\bin\release\netcoreapp3.0\kitpymes.core.entities.tests.dll" id="ce8720c2-9005-cb90-e9f6-6a9dc1f8339c">
      <Execution id="6ac90fbe-2e4f-42b7-849d-bd14a59b6607" />
      <TestMethod codeBase="D:\SFERRARI\01 - TRABAJO\REPOS\netcore\template-netcore-entities\Kitpymes.Core.Entities.Tests\bin\Release\netcoreapp3.0\Kitpymes.Core.Entities.Tests.dll" adapterTypeName="executor://mstestadapter/v2" className="Kitpymes.Core.Entities.ValueObjects.Tests.CurrencyTests" name="Equals_Passing_Valid_Distinct_Values_Returns_False" />
    </UnitTest>
    <UnitTest name="Create_Passing_InvalidOrNull_Value_Returns_ApplicationException" storage="d:\sferrari\01 - trabajo\repos\netcore\template-netcore-entities\kitpymes.core.entities.tests\bin\release\netcoreapp3.0\kitpymes.core.entities.tests.dll" id="f8590f4c-8af0-6c5c-7ae1-fa12731b6342">
      <Execution id="fe14f4db-6489-4c76-8e8c-c71409739429" />
      <TestMethod codeBase="D:\SFERRARI\01 - TRABAJO\REPOS\netcore\template-netcore-entities\Kitpymes.Core.Entities.Tests\bin\Release\netcoreapp3.0\Kitpymes.Core.Entities.Tests.dll" adapterTypeName="executor://mstestadapter/v2" className="Kitpymes.Core.Entities.ValueObjects.Tests.EmailTests" name="Create_Passing_InvalidOrNull_Value_Returns_ApplicationException" />
    </UnitTest>
    <UnitTest name="Change_Passing_Valid_Values_Returns_Name" storage="d:\sferrari\01 - trabajo\repos\netcore\template-netcore-entities\kitpymes.core.entities.tests\bin\release\netcoreapp3.0\kitpymes.core.entities.tests.dll" id="76c79f9f-0b75-deaf-c0c8-6849a01fabe5">
      <Execution id="8c038e15-2f55-46a8-9130-1b4248c08d24" />
      <TestMethod codeBase="D:\SFERRARI\01 - TRABAJO\REPOS\netcore\template-netcore-entities\Kitpymes.Core.Entities.Tests\bin\Release\netcoreapp3.0\Kitpymes.Core.Entities.Tests.dll" adapterTypeName="executor://mstestadapter/v2" className="Kitpymes.Core.Entities.ValueObjects.Tests.NameTests" name="Change_Passing_Valid_Values_Returns_Name" />
    </UnitTest>
    <UnitTest name="ToEnum_Passing_Invalid_String_Name_Enumeracion_Returns_Null" storage="d:\sferrari\01 - trabajo\repos\netcore\template-netcore-entities\kitpymes.core.entities.tests\bin\release\netcoreapp3.0\kitpymes.core.entities.tests.dll" id="145bd153-18cc-3e25-baa5-f3e74b60f467">
      <Execution id="db1954d9-38bb-433c-9c19-ed9ff494f553" />
      <TestMethod codeBase="D:\SFERRARI\01 - TRABAJO\REPOS\netcore\template-netcore-entities\Kitpymes.Core.Entities.Tests\bin\Release\netcoreapp3.0\Kitpymes.Core.Entities.Tests.dll" adapterTypeName="executor://mstestadapter/v2" className="Kitpymes.Core.Entities.Enumerations.Tests.SubscriptionEnumTests" name="ToEnum_Passing_Invalid_String_Name_Enumeracion_Returns_Null" />
    </UnitTest>
    <UnitTest name="ToEnum_Passing_Invalid_String_Name_Enumeracion_Returns_Null" storage="d:\sferrari\01 - trabajo\repos\netcore\template-netcore-entities\kitpymes.core.entities.tests\bin\release\netcoreapp3.0\kitpymes.core.entities.tests.dll" id="62f7691c-736e-bac3-74c9-a2d9d7ac94ae">
      <Execution id="f91e0e69-4c81-4e67-b627-b653b1da943e" />
      <TestMethod codeBase="D:\SFERRARI\01 - TRABAJO\REPOS\netcore\template-netcore-entities\Kitpymes.Core.Entities.Tests\bin\Release\netcoreapp3.0\Kitpymes.Core.Entities.Tests.dll" adapterTypeName="executor://mstestadapter/v2" className="Kitpymes.Core.Entities.Enumerations.Tests.LogTypeEnumTests" name="ToEnum_Passing_Invalid_String_Name_Enumeracion_Returns_Null" />
    </UnitTest>
    <UnitTest name="OperatorEqual_Passing_Valid_Distinct_Values_Returns_False" storage="d:\sferrari\01 - trabajo\repos\netcore\template-netcore-entities\kitpymes.core.entities.tests\bin\release\netcoreapp3.0\kitpymes.core.entities.tests.dll" id="6c6b647e-dbec-34b2-9a32-6c876af9b8dc">
      <Execution id="957d8ebe-5917-4a34-bb5e-601b37a53f00" />
      <TestMethod codeBase="D:\SFERRARI\01 - TRABAJO\REPOS\netcore\template-netcore-entities\Kitpymes.Core.Entities.Tests\bin\Release\netcoreapp3.0\Kitpymes.Core.Entities.Tests.dll" adapterTypeName="executor://mstestadapter/v2" className="Kitpymes.Core.Entities.ValueObjects.Tests.EmailTests" name="OperatorEqual_Passing_Valid_Distinct_Values_Returns_False" />
    </UnitTest>
    <UnitTest name="OperatorEqual_Passing_Valid_Values_Returns_True" storage="d:\sferrari\01 - trabajo\repos\netcore\template-netcore-entities\kitpymes.core.entities.tests\bin\release\netcoreapp3.0\kitpymes.core.entities.tests.dll" id="727d300c-09c1-7387-388d-5af13a437f21">
      <Execution id="dee7f561-af76-42f4-880e-6025c23f78b2" />
      <TestMethod codeBase="D:\SFERRARI\01 - TRABAJO\REPOS\netcore\template-netcore-entities\Kitpymes.Core.Entities.Tests\bin\Release\netcoreapp3.0\Kitpymes.Core.Entities.Tests.dll" adapterTypeName="executor://mstestadapter/v2" className="Kitpymes.Core.Entities.ValueObjects.Tests.SubdomainTests" name="OperatorEqual_Passing_Valid_Values_Returns_True" />
    </UnitTest>
    <UnitTest name="Equals_Passing_Valid_Values_Returns_True" storage="d:\sferrari\01 - trabajo\repos\netcore\template-netcore-entities\kitpymes.core.entities.tests\bin\release\netcoreapp3.0\kitpymes.core.entities.tests.dll" id="bb27667d-2509-633e-e3c4-28c478f5b41c">
      <Execution id="996b1e95-1da6-4d5a-a103-81fbffd72376" />
      <TestMethod codeBase="D:\SFERRARI\01 - TRABAJO\REPOS\netcore\template-netcore-entities\Kitpymes.Core.Entities.Tests\bin\Release\netcoreapp3.0\Kitpymes.Core.Entities.Tests.dll" adapterTypeName="executor://mstestadapter/v2" className="Kitpymes.Core.Entities.ValueObjects.Tests.MoneyTests" name="Equals_Passing_Valid_Values_Returns_True" />
    </UnitTest>
    <UnitTest name="ToEnum_Passing_Valid_Bool_Value_Returns_Enumeracion" storage="d:\sferrari\01 - trabajo\repos\netcore\template-netcore-entities\kitpymes.core.entities.tests\bin\release\netcoreapp3.0\kitpymes.core.entities.tests.dll" id="5b029505-cc20-a753-3d33-0e0e266c8841">
      <Execution id="b2f0960d-7c65-4326-9854-72d4c1de1304" />
      <TestMethod codeBase="D:\SFERRARI\01 - TRABAJO\REPOS\netcore\template-netcore-entities\Kitpymes.Core.Entities.Tests\bin\Release\netcoreapp3.0\Kitpymes.Core.Entities.Tests.dll" adapterTypeName="executor://mstestadapter/v2" className="Kitpymes.Core.Entities.Enumerations.Tests.StatusEnumTests" name="ToEnum_Passing_Valid_Bool_Value_Returns_Enumeracion" />
    </UnitTest>
    <UnitTest name="Change_Passing_Valid_Values_Returns_Email" storage="d:\sferrari\01 - trabajo\repos\netcore\template-netcore-entities\kitpymes.core.entities.tests\bin\release\netcoreapp3.0\kitpymes.core.entities.tests.dll" id="7d55952c-7491-2bc1-f80b-6bd31d5146d2">
      <Execution id="b5f79e56-a14f-4e1d-a3e9-5d23b367df1c" />
      <TestMethod codeBase="D:\SFERRARI\01 - TRABAJO\REPOS\netcore\template-netcore-entities\Kitpymes.Core.Entities.Tests\bin\Release\netcoreapp3.0\Kitpymes.Core.Entities.Tests.dll" adapterTypeName="executor://mstestadapter/v2" className="Kitpymes.Core.Entities.ValueObjects.Tests.EmailTests" name="Change_Passing_Valid_Values_Returns_Email" />
    </UnitTest>
    <UnitTest name="IsNull_Passing_Valid_Value_Returns_False" storage="d:\sferrari\01 - trabajo\repos\netcore\template-netcore-entities\kitpymes.core.entities.tests\bin\release\netcoreapp3.0\kitpymes.core.entities.tests.dll" id="f01f0ea6-f37a-0be9-85c7-e4c1c96ff482">
      <Execution id="76a6e215-61a1-44ca-a69b-a5a6aced5561" />
      <TestMethod codeBase="D:\SFERRARI\01 - TRABAJO\REPOS\netcore\template-netcore-entities\Kitpymes.Core.Entities.Tests\bin\Release\netcoreapp3.0\Kitpymes.Core.Entities.Tests.dll" adapterTypeName="executor://mstestadapter/v2" className="Kitpymes.Core.Entities.ValueObjects.Tests.SubdomainTests" name="IsNull_Passing_Valid_Value_Returns_False" />
    </UnitTest>
    <UnitTest name="IsNull_Passing_Null_Address_Returns_True" storage="d:\sferrari\01 - trabajo\repos\netcore\template-netcore-entities\kitpymes.core.entities.tests\bin\release\netcoreapp3.0\kitpymes.core.entities.tests.dll" id="eb28919c-10bf-694a-78bc-ac7d54701422">
      <Execution id="548f6bf5-bde0-40f2-ba5e-7dad180425b1" />
      <TestMethod codeBase="D:\SFERRARI\01 - TRABAJO\REPOS\netcore\template-netcore-entities\Kitpymes.Core.Entities.Tests\bin\Release\netcoreapp3.0\Kitpymes.Core.Entities.Tests.dll" adapterTypeName="executor://mstestadapter/v2" className="Kitpymes.Core.Entities.ValueObjects.Tests.AddressTests" name="IsNull_Passing_Null_Address_Returns_True" />
    </UnitTest>
  </TestDefinitions>
  <TestEntries>
    <TestEntry testId="3c73a262-4233-759f-902c-9ce564f1c4ad" executionId="53efd862-00a6-40a1-9bdd-c28941b6b4ef" testListId="8c84fa94-04c1-424b-9868-57a2d4851a1d" />
    <TestEntry testId="582ef803-3445-a1eb-d630-9b4dabc719d5" executionId="57ed6ffc-b49e-40df-91da-265b7228a1c3" testListId="8c84fa94-04c1-424b-9868-57a2d4851a1d" />
    <TestEntry testId="f8a148c1-33ab-3f33-4563-51ccfbeb9871" executionId="514b3cd8-7652-4221-8749-bdd2a32758b1" testListId="8c84fa94-04c1-424b-9868-57a2d4851a1d" />
    <TestEntry testId="417ec551-d8d9-9d91-2ce7-f7087778456b" executionId="d207ba01-e2ce-4bf1-b94e-7529749ce988" testListId="8c84fa94-04c1-424b-9868-57a2d4851a1d" />
    <TestEntry testId="d72572bb-7928-9c07-ef1f-d247b9026627" executionId="ba836470-5f93-48ce-9ed5-5e3c5a0c9535" testListId="8c84fa94-04c1-424b-9868-57a2d4851a1d" />
    <TestEntry testId="ca869e78-7943-a46b-7927-1a8ff4fe58af" executionId="31ca45de-6c05-4654-9a57-3fbafd0151a2" testListId="8c84fa94-04c1-424b-9868-57a2d4851a1d" />
    <TestEntry testId="4e5c29c7-ea4b-cd65-4b72-7ebf50d57942" executionId="4b431be9-5c53-4b9d-867b-eb52b8d9bbe8" testListId="8c84fa94-04c1-424b-9868-57a2d4851a1d" />
    <TestEntry testId="74b3f1dc-94ca-8be2-33b4-759efaa9b8e8" executionId="2ee10ed8-8fce-42c0-9735-75a148d2acef" testListId="8c84fa94-04c1-424b-9868-57a2d4851a1d" />
    <TestEntry testId="e508c554-ee47-5599-228d-b33f23cc16d0" executionId="2e349b63-1192-435d-8d1b-b9efd9b06950" testListId="8c84fa94-04c1-424b-9868-57a2d4851a1d" />
    <TestEntry testId="4c90cf97-db04-0e36-a36a-65b359ec9e59" executionId="ca60e4e2-5e31-4f7b-ab33-168dc95fe10f" testListId="8c84fa94-04c1-424b-9868-57a2d4851a1d" />
    <TestEntry testId="8313da3f-0367-8e6c-c0a1-ae4f5c0df829" executionId="18ed33da-2aac-45b7-8f69-2fa246c1faaa" testListId="8c84fa94-04c1-424b-9868-57a2d4851a1d" />
    <TestEntry testId="3c5dd30a-14ce-719a-a187-bfc979656176" executionId="6e399066-7440-4c87-ae53-15e1a0ad20a8" testListId="8c84fa94-04c1-424b-9868-57a2d4851a1d" />
    <TestEntry testId="e5e892cf-2006-a955-6ca0-1ec5d852214c" executionId="edc324db-ad25-4708-acbc-a53b3a27bbad" testListId="8c84fa94-04c1-424b-9868-57a2d4851a1d" />
    <TestEntry testId="f2e092d4-d663-ae2f-6d89-847a0ae86968" executionId="01e2179e-51fd-43ff-9dd3-e323dcd2b307" testListId="8c84fa94-04c1-424b-9868-57a2d4851a1d" />
    <TestEntry testId="505c974a-abdc-ad26-ef8c-4f699fb49682" executionId="c3aa4678-89d9-46cd-bf9d-41d3b8985c47" testListId="8c84fa94-04c1-424b-9868-57a2d4851a1d" />
    <TestEntry testId="2bd0308d-019c-fb25-a258-ca5e7ad09231" executionId="a54dbed6-4110-471b-ad3e-0a843afe63d4" testListId="8c84fa94-04c1-424b-9868-57a2d4851a1d" />
    <TestEntry testId="df9ea71b-e3bc-2255-4837-0259a685da18" executionId="b72bd89a-7138-4ae2-8712-206d57c71e41" testListId="8c84fa94-04c1-424b-9868-57a2d4851a1d" />
    <TestEntry testId="f7330460-b528-23e0-f552-44f6715cd948" executionId="8335c8c8-4b7c-425f-be08-d51ff8d06a57" testListId="8c84fa94-04c1-424b-9868-57a2d4851a1d" />
    <TestEntry testId="c00989f1-bbf2-1016-4a5a-81f963501501" executionId="13d8390f-8de4-4f27-bf59-59f4fe462324" testListId="8c84fa94-04c1-424b-9868-57a2d4851a1d" />
    <TestEntry testId="5a24c00d-3f9c-ad2d-3249-b671bca7abbb" executionId="07bf1f75-464f-4918-8f05-ce50db64bcd4" testListId="8c84fa94-04c1-424b-9868-57a2d4851a1d" />
    <TestEntry testId="13791109-f26f-328b-af66-40d4b88b25f7" executionId="79bf74f2-f75b-40c0-bfa3-2847a9eb362c" testListId="8c84fa94-04c1-424b-9868-57a2d4851a1d" />
    <TestEntry testId="1c4770cc-11c0-d015-3996-858274852a92" executionId="09567d22-3a55-43b4-8712-10522674f348" testListId="8c84fa94-04c1-424b-9868-57a2d4851a1d" />
    <TestEntry testId="bc7bdbdf-4891-bf37-8380-e1e4362476c4" executionId="6492e98a-013f-4a99-a6ca-0a83323678aa" testListId="8c84fa94-04c1-424b-9868-57a2d4851a1d" />
    <TestEntry testId="cfc0b506-e5fe-b0db-3d07-04d53340cc58" executionId="f8f9beb1-9ad7-4b22-987c-ccc73c3837ab" testListId="8c84fa94-04c1-424b-9868-57a2d4851a1d" />
    <TestEntry testId="7d5b42e8-50c6-931f-3951-5d53097abf4e" executionId="0f1d0ed1-6717-4fa6-8f84-8459ec4e1f2c" testListId="8c84fa94-04c1-424b-9868-57a2d4851a1d" />
    <TestEntry testId="5d5bf084-272e-970d-5ff6-6e8097ceab4a" executionId="abb33d6d-e4a9-4bd6-9618-3767a1997ab5" testListId="8c84fa94-04c1-424b-9868-57a2d4851a1d" />
    <TestEntry testId="b0548663-47b3-8c52-226c-9dcd0a8ec50c" executionId="0b4b2326-3773-41cb-a6fd-5e3ff7d7e0bb" testListId="8c84fa94-04c1-424b-9868-57a2d4851a1d" />
    <TestEntry testId="7506a243-a238-2665-b1af-67e45659c805" executionId="b3d5c794-57ec-4aee-bf3d-23dc86ca39e5" testListId="8c84fa94-04c1-424b-9868-57a2d4851a1d" />
    <TestEntry testId="62f7691c-736e-bac3-74c9-a2d9d7ac94ae" executionId="f91e0e69-4c81-4e67-b627-b653b1da943e" testListId="8c84fa94-04c1-424b-9868-57a2d4851a1d" />
    <TestEntry testId="0c9201c8-8275-74ca-9c91-2d0c4645730b" executionId="1fef3fb2-9caf-4ea1-8845-f51a6ca9a1b4" testListId="8c84fa94-04c1-424b-9868-57a2d4851a1d" />
    <TestEntry testId="0643cd5e-9fb6-9fc5-1c47-3b2be0eeb804" executionId="b083cc53-a06b-4767-a4f1-74079dc927a7" testListId="8c84fa94-04c1-424b-9868-57a2d4851a1d" />
    <TestEntry testId="66126db5-a312-c629-a169-f37254601183" executionId="7e1e05b8-cacf-42f8-a311-8afafaeb6342" testListId="8c84fa94-04c1-424b-9868-57a2d4851a1d" />
    <TestEntry testId="9c04e34f-7224-62e2-c837-288675a1ae2d" executionId="604da5d2-98fb-4dc5-a0bc-8d4a78268957" testListId="8c84fa94-04c1-424b-9868-57a2d4851a1d" />
    <TestEntry testId="d4dac023-52df-82e8-5be4-d4d0b7642e67" executionId="372c34b0-d66a-4381-a904-be70f223d3c1" testListId="8c84fa94-04c1-424b-9868-57a2d4851a1d" />
    <TestEntry testId="e85f4f46-0516-dc12-c91d-ac710b48a15b" executionId="247cf8dc-5a00-4213-8b22-aa7c46bb7436" testListId="8c84fa94-04c1-424b-9868-57a2d4851a1d" />
    <TestEntry testId="84e5d156-9c5d-e299-dfaf-587322c60012" executionId="4a1a78e8-c433-4993-aa36-58ccf8abe91a" testListId="8c84fa94-04c1-424b-9868-57a2d4851a1d" />
    <TestEntry testId="486d5231-aeb6-594f-38d5-98ce591994a3" executionId="3bbc68c6-6a1a-409f-93c7-e578e5e7ad6b" testListId="8c84fa94-04c1-424b-9868-57a2d4851a1d" />
    <TestEntry testId="0d76b1f8-41be-79d6-55e9-d959e165e570" executionId="f2319e84-0683-454d-9a6b-8af0796932bd" testListId="8c84fa94-04c1-424b-9868-57a2d4851a1d" />
    <TestEntry testId="9b344652-cdde-ed73-1807-0f497ee20572" executionId="80b56d99-4f5b-4f2c-9f69-131ea02b7a85" testListId="8c84fa94-04c1-424b-9868-57a2d4851a1d" />
    <TestEntry testId="669b24c5-9674-2256-f1f0-ef2ca145c4b1" executionId="3bcdf849-5393-4ce0-8d42-b6ed308bcf10" testListId="8c84fa94-04c1-424b-9868-57a2d4851a1d" />
    <TestEntry testId="c1c7a090-62ae-a90f-5c47-62eab692b098" executionId="6c0805cf-4300-4078-8563-6521f225ee23" testListId="8c84fa94-04c1-424b-9868-57a2d4851a1d" />
    <TestEntry testId="27a0e577-20d6-fabc-02be-7af6a06cb12f" executionId="e32296fe-cf50-408b-a726-b2e8ca92b553" testListId="8c84fa94-04c1-424b-9868-57a2d4851a1d" />
    <TestEntry testId="fc18fde3-4319-cd9b-8e17-5d2514db3cb2" executionId="d6b1349d-d382-4134-932b-4681edf01661" testListId="8c84fa94-04c1-424b-9868-57a2d4851a1d" />
    <TestEntry testId="6c6b647e-dbec-34b2-9a32-6c876af9b8dc" executionId="957d8ebe-5917-4a34-bb5e-601b37a53f00" testListId="8c84fa94-04c1-424b-9868-57a2d4851a1d" />
    <TestEntry testId="398af0c0-2099-6a75-20f6-c6ae3a70956a" executionId="a1707617-def8-4eec-8683-ffb494371305" testListId="8c84fa94-04c1-424b-9868-57a2d4851a1d" />
    <TestEntry testId="ed57a0e1-ab6e-1fee-9896-d0ba117a6da1" executionId="cb0ca9ff-40b0-4e2c-bfbd-521cd55f4f1e" testListId="8c84fa94-04c1-424b-9868-57a2d4851a1d" />
    <TestEntry testId="7fd04506-4241-b8b1-2349-8e867be6fbef" executionId="855408ab-b5d8-4a37-99c3-374fc483e554" testListId="8c84fa94-04c1-424b-9868-57a2d4851a1d" />
    <TestEntry testId="b64d7059-5563-47f2-0770-51679ab67ac3" executionId="59bd8ec3-8f3b-4069-bc1d-b6a12d7d3f01" testListId="8c84fa94-04c1-424b-9868-57a2d4851a1d" />
    <TestEntry testId="336a4b3f-0900-f7cb-0d00-611a2347544d" executionId="775ae009-a996-4865-b3c7-b8817da8d461" testListId="8c84fa94-04c1-424b-9868-57a2d4851a1d" />
    <TestEntry testId="389a94fb-03f1-a2c7-c8a2-43670b7ac19d" executionId="750271c8-8aab-4fb2-a0bf-755791cb9647" testListId="8c84fa94-04c1-424b-9868-57a2d4851a1d" />
    <TestEntry testId="cd159d9c-491e-cea0-3dbb-5894d4cafd31" executionId="54b1997a-187f-4e76-b501-dcb99ed43ff4" testListId="8c84fa94-04c1-424b-9868-57a2d4851a1d" />
    <TestEntry testId="9277a601-5bb0-2bc1-982a-ed71c2b000fa" executionId="df3d2241-b594-4e6e-aa11-125607112c74" testListId="8c84fa94-04c1-424b-9868-57a2d4851a1d" />
    <TestEntry testId="9aa3b6bb-9be5-40ee-3b6d-db8c00e38b15" executionId="a6ca5750-f5f9-42aa-895f-2a03f4f66e29" testListId="8c84fa94-04c1-424b-9868-57a2d4851a1d" />
    <TestEntry testId="d1ef6d46-1fa5-198f-a0cf-6cba38319a2e" executionId="2f246ae1-5791-4793-8bff-ea7d82aff620" testListId="8c84fa94-04c1-424b-9868-57a2d4851a1d" />
    <TestEntry testId="a31fe255-a9f2-dfdc-2937-103680a980ea" executionId="ede1b2c0-df47-49d6-9a9d-e88cc42a16ba" testListId="8c84fa94-04c1-424b-9868-57a2d4851a1d" />
    <TestEntry testId="76c79f9f-0b75-deaf-c0c8-6849a01fabe5" executionId="8c038e15-2f55-46a8-9130-1b4248c08d24" testListId="8c84fa94-04c1-424b-9868-57a2d4851a1d" />
    <TestEntry testId="63f587ad-86e0-a19d-ea1b-305a8e55bb70" executionId="7b779468-6426-4fe6-9183-b2515fe9c13d" testListId="8c84fa94-04c1-424b-9868-57a2d4851a1d" />
    <TestEntry testId="42204c2d-cae8-e99c-229d-8e372d79bb40" executionId="56352002-05a0-4ae2-bd4b-ab3382586286" testListId="8c84fa94-04c1-424b-9868-57a2d4851a1d" />
    <TestEntry testId="9e19d4e4-f7b7-b402-48f1-b671fdae656e" executionId="9b630a98-c54f-4134-88a5-fb47595c3b67" testListId="8c84fa94-04c1-424b-9868-57a2d4851a1d" />
    <TestEntry testId="860a3ab5-e4fc-cad4-fe40-328241e258f0" executionId="77f4b096-758f-4916-8c0c-ba5f7d136ff9" testListId="8c84fa94-04c1-424b-9868-57a2d4851a1d" />
    <TestEntry testId="906ffa0c-cef6-6ab9-9266-275ee0bdf90a" executionId="f4fc8fec-415c-42fd-a0c2-16100aa964ee" testListId="8c84fa94-04c1-424b-9868-57a2d4851a1d" />
    <TestEntry testId="8010ce30-a236-ec4e-43aa-ea9ebe0ce095" executionId="6bfce16e-0eed-491b-98cb-971f079e19c8" testListId="8c84fa94-04c1-424b-9868-57a2d4851a1d" />
    <TestEntry testId="4abfc1ff-06cf-dc19-b35f-7c84f2bee2da" executionId="8dfd31ac-bb11-4c19-bd41-bf9bfa28ae40" testListId="8c84fa94-04c1-424b-9868-57a2d4851a1d" />
    <TestEntry testId="eb28919c-10bf-694a-78bc-ac7d54701422" executionId="548f6bf5-bde0-40f2-ba5e-7dad180425b1" testListId="8c84fa94-04c1-424b-9868-57a2d4851a1d" />
    <TestEntry testId="cefd6720-8ae8-64f7-ef2a-994381832e74" executionId="89938004-bc1d-4425-ad6c-47512639d781" testListId="8c84fa94-04c1-424b-9868-57a2d4851a1d" />
    <TestEntry testId="8db31538-892c-3a78-d200-7b8d337bd902" executionId="dc086f3c-aebf-49f7-ab57-bad3247730a3" testListId="8c84fa94-04c1-424b-9868-57a2d4851a1d" />
    <TestEntry testId="571ad406-4c46-6d0b-a0ab-0bbddda456a0" executionId="f919583a-6c3e-444b-a323-aa323625a4b6" testListId="8c84fa94-04c1-424b-9868-57a2d4851a1d" />
    <TestEntry testId="07188371-eb7e-e491-e017-bf959c68f6d1" executionId="cf6076a1-338e-4467-989b-b4fd3d2b2dc3" testListId="8c84fa94-04c1-424b-9868-57a2d4851a1d" />
    <TestEntry testId="d8455b90-6045-1e3d-c9de-76db4e3d49ed" executionId="2a0da74a-d2bc-445d-bc71-53ed4fc08657" testListId="8c84fa94-04c1-424b-9868-57a2d4851a1d" />
    <TestEntry testId="145667c7-887e-fb55-f15f-87c10ffaa544" executionId="fd07e323-14bf-4f65-9511-8784947af46b" testListId="8c84fa94-04c1-424b-9868-57a2d4851a1d" />
    <TestEntry testId="8d7600c8-85e7-f035-9f9f-51a80e994a9a" executionId="4a0f6c01-0562-4c7e-8748-cc73722999f1" testListId="8c84fa94-04c1-424b-9868-57a2d4851a1d" />
    <TestEntry testId="6afaec20-42f3-051a-70dd-dd8272a94d57" executionId="076f929e-52b7-44e0-b334-929cf47d5529" testListId="8c84fa94-04c1-424b-9868-57a2d4851a1d" />
    <TestEntry testId="b7d442c5-0acd-3404-07a7-6a3e90ab8bdd" executionId="cb27fca1-4a50-4ff9-ace0-b1d55d607637" testListId="8c84fa94-04c1-424b-9868-57a2d4851a1d" />
    <TestEntry testId="3e808d2f-8050-987c-6881-19992ba1e6c6" executionId="eb354ce8-4d49-4f3c-9873-cb39ede52580" testListId="8c84fa94-04c1-424b-9868-57a2d4851a1d" />
    <TestEntry testId="39ea45cc-1ad3-df2f-5644-569d0fae9835" executionId="8b3b30a2-18f6-4db6-b5ce-e5f7cb0af155" testListId="8c84fa94-04c1-424b-9868-57a2d4851a1d" />
    <TestEntry testId="9d4133ce-d100-cb57-5378-7ee78c039307" executionId="cd29333e-addf-4dc6-b795-d7ee0a634803" testListId="8c84fa94-04c1-424b-9868-57a2d4851a1d" />
    <TestEntry testId="4ffb1e76-cb8e-8152-5127-75a5ccf2e82d" executionId="cf2143d4-d3ad-4f0c-b806-48701a21a238" testListId="8c84fa94-04c1-424b-9868-57a2d4851a1d" />
    <TestEntry testId="2a42fb62-90e3-d0b8-2433-6770585d59ac" executionId="a81536ef-6a23-4c3b-a254-c4eb140a7100" testListId="8c84fa94-04c1-424b-9868-57a2d4851a1d" />
    <TestEntry testId="0331e231-5e2b-199a-2247-9bc7f2606067" executionId="743c7fbb-4fec-4136-92ae-dc6019011609" testListId="8c84fa94-04c1-424b-9868-57a2d4851a1d" />
    <TestEntry testId="7c9f6c94-8d7d-5c31-2b93-fff4124ed3c5" executionId="a292d0cd-0a2e-44df-9096-6df729a9a739" testListId="8c84fa94-04c1-424b-9868-57a2d4851a1d" />
    <TestEntry testId="bb27667d-2509-633e-e3c4-28c478f5b41c" executionId="996b1e95-1da6-4d5a-a103-81fbffd72376" testListId="8c84fa94-04c1-424b-9868-57a2d4851a1d" />
    <TestEntry testId="a7b68708-c69e-0ff4-e40e-725b6fe202e8" executionId="1c5cc77f-e6dd-4e9e-a023-a444a656300b" testListId="8c84fa94-04c1-424b-9868-57a2d4851a1d" />
    <TestEntry testId="58248327-dbb4-f8f8-c890-f039c6d19d4a" executionId="e476d00d-ba54-494a-b4f7-7ac924054b00" testListId="8c84fa94-04c1-424b-9868-57a2d4851a1d" />
    <TestEntry testId="153dd652-4eeb-f718-2869-b5ccdad8d784" executionId="9a55a72a-51c9-4d35-bde4-682c62e66e6d" testListId="8c84fa94-04c1-424b-9868-57a2d4851a1d" />
    <TestEntry testId="b4fa98e0-ad74-6dc8-23c1-bd54dd325a57" executionId="40a8ebbf-4ea2-4419-9a75-626a9149aaf8" testListId="8c84fa94-04c1-424b-9868-57a2d4851a1d" />
    <TestEntry testId="cff35c85-26ba-6235-75c6-1c2564d348c6" executionId="9640c3f3-6ccf-4fe4-9b12-6a33d027166d" testListId="8c84fa94-04c1-424b-9868-57a2d4851a1d" />
    <TestEntry testId="a50cb7dc-992a-23d1-57a7-839a1118dfa3" executionId="cdd5fb8d-3387-451e-9a0d-e12993318e3f" testListId="8c84fa94-04c1-424b-9868-57a2d4851a1d" />
    <TestEntry testId="b5816c40-b187-058a-299e-906a7a313317" executionId="30a56212-c650-47d7-bc34-f6727c3647f9" testListId="8c84fa94-04c1-424b-9868-57a2d4851a1d" />
    <TestEntry testId="193201d0-a425-c313-33b9-f8d20ace7f79" executionId="7c580100-e049-4991-b2f6-c3f185b2d894" testListId="8c84fa94-04c1-424b-9868-57a2d4851a1d" />
    <TestEntry testId="fe3ab238-f960-1d99-07e6-892c4c0d0c46" executionId="0d805234-c66a-49c1-9c2f-946947147e1a" testListId="8c84fa94-04c1-424b-9868-57a2d4851a1d" />
    <TestEntry testId="3f4c3f71-cc6a-91e9-8105-a3b714346d19" executionId="43fa129a-dca1-4e4f-8cb8-2e641eda7348" testListId="8c84fa94-04c1-424b-9868-57a2d4851a1d" />
    <TestEntry testId="b10bbd05-c792-3d8c-96c7-1a5f4647c7dd" executionId="b615dbf8-7e60-4440-8f7b-1b979d2d8d20" testListId="8c84fa94-04c1-424b-9868-57a2d4851a1d" />
    <TestEntry testId="96c7d001-66b9-71f2-30b3-dc555077fc27" executionId="2e8b5e87-27b7-46b1-a889-06e0c20c1961" testListId="8c84fa94-04c1-424b-9868-57a2d4851a1d" />
    <TestEntry testId="35cd21bd-ac3d-8082-2cc2-47d7b4ce3a25" executionId="894a06ab-e6c3-4db3-8dbd-e5c049e280d8" testListId="8c84fa94-04c1-424b-9868-57a2d4851a1d" />
    <TestEntry testId="5b9ad273-899e-043f-1d95-78fcc6790837" executionId="6e01797d-03a9-4fdc-be5d-9f26acb6d485" testListId="8c84fa94-04c1-424b-9868-57a2d4851a1d" />
    <TestEntry testId="afb94819-d000-5c73-f44b-f1e36fef6d66" executionId="f1a2345a-ac33-4838-812d-24bac7b24e0d" testListId="8c84fa94-04c1-424b-9868-57a2d4851a1d" />
    <TestEntry testId="b939a012-7d2e-b3be-e613-740fc697b8d4" executionId="00240bc3-4acc-407a-a4a4-29ebda4fc04d" testListId="8c84fa94-04c1-424b-9868-57a2d4851a1d" />
    <TestEntry testId="bc0c68a9-1876-bb25-d382-c4c45b27b3d9" executionId="53944819-731b-4cac-b253-def9ee7596cf" testListId="8c84fa94-04c1-424b-9868-57a2d4851a1d" />
    <TestEntry testId="145bd153-18cc-3e25-baa5-f3e74b60f467" executionId="db1954d9-38bb-433c-9c19-ed9ff494f553" testListId="8c84fa94-04c1-424b-9868-57a2d4851a1d" />
    <TestEntry testId="bf7415ae-45f0-be29-e76d-b41b408fe020" executionId="c07b1e82-b81e-435e-8703-b934c60f44e6" testListId="8c84fa94-04c1-424b-9868-57a2d4851a1d" />
    <TestEntry testId="383215a1-c7ec-2234-60ab-45389defa320" executionId="dbafa2bc-22b1-40ac-bec5-6d1f99e5e47b" testListId="8c84fa94-04c1-424b-9868-57a2d4851a1d" />
    <TestEntry testId="4845f67a-9f1a-743f-fdc8-caf62d8a1f4e" executionId="840c32df-869f-4197-a3fe-ef215a653b3b" testListId="8c84fa94-04c1-424b-9868-57a2d4851a1d" />
    <TestEntry testId="3265fbd4-437d-4974-fc11-e9c28c6df816" executionId="5014648b-2992-4bb4-be1c-0123cb4f6c33" testListId="8c84fa94-04c1-424b-9868-57a2d4851a1d" />
    <TestEntry testId="7d55952c-7491-2bc1-f80b-6bd31d5146d2" executionId="b5f79e56-a14f-4e1d-a3e9-5d23b367df1c" testListId="8c84fa94-04c1-424b-9868-57a2d4851a1d" />
    <TestEntry testId="fc04751a-29b6-34b0-30bc-db8740bebbfc" executionId="ade0a645-149a-4a19-9533-0e0af86f0758" testListId="8c84fa94-04c1-424b-9868-57a2d4851a1d" />
    <TestEntry testId="02c00e07-1da7-4a26-741f-c10b40cf8def" executionId="4d288fb6-ce94-4c68-abda-b70ed72c1186" testListId="8c84fa94-04c1-424b-9868-57a2d4851a1d" />
    <TestEntry testId="37226e78-15f9-d454-011f-5b93613f63ef" executionId="eb3a0cea-8525-4ed4-b1b5-56fad404e667" testListId="8c84fa94-04c1-424b-9868-57a2d4851a1d" />
    <TestEntry testId="b2d1a9e8-2c10-e79d-2a5b-3b612a1cc6ec" executionId="fe937e4e-c0d3-4e47-aed3-7d13e1c9320b" testListId="8c84fa94-04c1-424b-9868-57a2d4851a1d" />
    <TestEntry testId="c76c5fb3-80cf-3138-b811-ceac3a87cf8e" executionId="558ae2d8-b5c9-4237-a99f-55fcc7f8e434" testListId="8c84fa94-04c1-424b-9868-57a2d4851a1d" />
    <TestEntry testId="b80b0b1c-a03f-7462-5741-ff0449349de1" executionId="d16a46a1-be62-4309-97de-d0d6d713f241" testListId="8c84fa94-04c1-424b-9868-57a2d4851a1d" />
    <TestEntry testId="c5c29f75-9d50-53de-8312-18164417d08c" executionId="eed22923-5f32-454f-af8f-efb2dc10fa86" testListId="8c84fa94-04c1-424b-9868-57a2d4851a1d" />
    <TestEntry testId="0188a360-d0e8-2f3a-f2c3-d07e54094df7" executionId="11ac1069-da77-491f-9e43-d2661ec1827e" testListId="8c84fa94-04c1-424b-9868-57a2d4851a1d" />
    <TestEntry testId="f01f0ea6-f37a-0be9-85c7-e4c1c96ff482" executionId="76a6e215-61a1-44ca-a69b-a5a6aced5561" testListId="8c84fa94-04c1-424b-9868-57a2d4851a1d" />
    <TestEntry testId="e9f12af5-5c0d-5f0d-b569-bb58f1d198e2" executionId="a8163673-924d-41e1-90e5-afcd18e3791e" testListId="8c84fa94-04c1-424b-9868-57a2d4851a1d" />
    <TestEntry testId="2cf24b7c-c50c-e047-853f-65e4172e9fe4" executionId="04b0632d-1edb-4c0e-b296-4a8bf45da2f6" testListId="8c84fa94-04c1-424b-9868-57a2d4851a1d" />
    <TestEntry testId="3ac8ffbb-30b0-a85d-3e7e-8f2f12c4ed12" executionId="f0514fcd-5414-408f-8c29-6392b32b8ea8" testListId="8c84fa94-04c1-424b-9868-57a2d4851a1d" />
    <TestEntry testId="df298487-0356-51ee-e237-7e10cf339a23" executionId="6432b81c-f506-453a-b05f-edf5b292a704" testListId="8c84fa94-04c1-424b-9868-57a2d4851a1d" />
    <TestEntry testId="dde84323-1f87-22b2-d0f7-2a4a85bad3fd" executionId="e026dbdc-9e89-4386-9dd6-8abbd7dd7b12" testListId="8c84fa94-04c1-424b-9868-57a2d4851a1d" />
    <TestEntry testId="13846877-4c93-45de-5e9a-d22d164df494" executionId="83fbbe97-a15c-446b-915e-725cc86da8b8" testListId="8c84fa94-04c1-424b-9868-57a2d4851a1d" />
    <TestEntry testId="2ea46394-44f6-bdfd-606e-536cc1a2eef1" executionId="dd07bf42-a0d1-4ad1-9772-a88466d70224" testListId="8c84fa94-04c1-424b-9868-57a2d4851a1d" />
    <TestEntry testId="0af19e62-2ce3-c36e-7566-bede5dbc71a7" executionId="88a23fa0-6d61-4437-a2eb-e139c06fa4e1" testListId="8c84fa94-04c1-424b-9868-57a2d4851a1d" />
    <TestEntry testId="3825a6bf-15ba-3ddd-7270-3610d4ba1398" executionId="2a8e6a97-297f-42b2-9e98-d032232197be" testListId="8c84fa94-04c1-424b-9868-57a2d4851a1d" />
    <TestEntry testId="360a473d-7e1c-2d14-72c9-22f9349ca174" executionId="43070612-b43f-4a06-baa5-7dda9c32f598" testListId="8c84fa94-04c1-424b-9868-57a2d4851a1d" />
    <TestEntry testId="99c0f1dd-a954-07f0-474b-96a0626b66a1" executionId="0030d6c5-5361-45c7-9d19-d667b73e4314" testListId="8c84fa94-04c1-424b-9868-57a2d4851a1d" />
    <TestEntry testId="f8590f4c-8af0-6c5c-7ae1-fa12731b6342" executionId="fe14f4db-6489-4c76-8e8c-c71409739429" testListId="8c84fa94-04c1-424b-9868-57a2d4851a1d" />
    <TestEntry testId="3ee8c477-acc7-2166-b517-722bdd4efb4b" executionId="e0908929-03e8-4952-89c9-565ec8423305" testListId="8c84fa94-04c1-424b-9868-57a2d4851a1d" />
    <TestEntry testId="f32c4def-2f6e-3a0b-be76-e606178c7f60" executionId="85279e19-7309-40a8-99c3-560c3ed0959b" testListId="8c84fa94-04c1-424b-9868-57a2d4851a1d" />
    <TestEntry testId="4bd13a4c-7389-3430-0358-3a2daf94401d" executionId="a46807b0-8450-4fb2-b69a-95f06c40d61e" testListId="8c84fa94-04c1-424b-9868-57a2d4851a1d" />
    <TestEntry testId="77e3ceec-23c8-f048-63a2-95c394ee2a67" executionId="b66c98eb-e3d9-42fb-9700-25d685f2a2c6" testListId="8c84fa94-04c1-424b-9868-57a2d4851a1d" />
    <TestEntry testId="0394e59d-8e17-d872-c29f-c28ac3eea7b0" executionId="081e5579-8651-4150-a705-e2eb2b9d8864" testListId="8c84fa94-04c1-424b-9868-57a2d4851a1d" />
    <TestEntry testId="28983f02-4f34-fd2a-e2c0-c023f9e83615" executionId="77692877-f51a-429b-a1e8-eec94f607168" testListId="8c84fa94-04c1-424b-9868-57a2d4851a1d" />
    <TestEntry testId="096255cc-daec-f5a9-6a72-452bc7414607" executionId="a1560bbe-ee9f-4f98-8c95-4a889726b46a" testListId="8c84fa94-04c1-424b-9868-57a2d4851a1d" />
    <TestEntry testId="3d5865ea-852b-85ea-4b1e-3b3f757388ec" executionId="6ff0c939-50e5-44b2-9e5c-f1745fe00e24" testListId="8c84fa94-04c1-424b-9868-57a2d4851a1d" />
    <TestEntry testId="a73a2e63-3dc6-6b14-a467-c57ee0ec7ec7" executionId="e74cfea9-0df1-4502-9cef-0ce4f9d277ea" testListId="8c84fa94-04c1-424b-9868-57a2d4851a1d" />
    <TestEntry testId="7f63e5ba-c44d-59a2-d525-2cb0363ac96c" executionId="497bc258-bb9e-4b18-9d4c-883daf22de1b" testListId="8c84fa94-04c1-424b-9868-57a2d4851a1d" />
    <TestEntry testId="ce8720c2-9005-cb90-e9f6-6a9dc1f8339c" executionId="6ac90fbe-2e4f-42b7-849d-bd14a59b6607" testListId="8c84fa94-04c1-424b-9868-57a2d4851a1d" />
    <TestEntry testId="cb3aa70a-148e-24f8-4a0e-08e7b60b3af3" executionId="4d20a6ee-ecdf-4e42-9982-7b6fef52ba11" testListId="8c84fa94-04c1-424b-9868-57a2d4851a1d" />
    <TestEntry testId="1e6a5935-eb94-a549-f349-b1500900cd98" executionId="5eaad95f-0376-46b6-a94a-5eb43961c14d" testListId="8c84fa94-04c1-424b-9868-57a2d4851a1d" />
    <TestEntry testId="5b029505-cc20-a753-3d33-0e0e266c8841" executionId="b2f0960d-7c65-4326-9854-72d4c1de1304" testListId="8c84fa94-04c1-424b-9868-57a2d4851a1d" />
    <TestEntry testId="a135e145-a8f1-0965-22d8-18ac186f6fcf" executionId="3c09d79c-701d-47a1-8cf4-4ae52e86f7b8" testListId="8c84fa94-04c1-424b-9868-57a2d4851a1d" />
    <TestEntry testId="81019d0f-1a28-bd30-e939-1d942eb12cd9" executionId="01fef856-a08a-466b-a0ee-e439cd5f5c4c" testListId="8c84fa94-04c1-424b-9868-57a2d4851a1d" />
    <TestEntry testId="d71963d6-dcff-e7f3-d8f4-94038e2fe289" executionId="fcbe5aae-6e05-4225-a5ca-67aa345c9a7f" testListId="8c84fa94-04c1-424b-9868-57a2d4851a1d" />
    <TestEntry testId="60ea3337-b81d-e310-278f-6cd040199409" executionId="55b338d4-bc2c-431a-aba7-74ed0874b866" testListId="8c84fa94-04c1-424b-9868-57a2d4851a1d" />
    <TestEntry testId="727d300c-09c1-7387-388d-5af13a437f21" executionId="dee7f561-af76-42f4-880e-6025c23f78b2" testListId="8c84fa94-04c1-424b-9868-57a2d4851a1d" />
    <TestEntry testId="96faba19-0bfe-83ba-6e84-9c0321f406c2" executionId="32813a47-53e3-4034-aced-5e055576e89b" testListId="8c84fa94-04c1-424b-9868-57a2d4851a1d" />
    <TestEntry testId="6dd73256-d9d7-d295-626e-bd95bb1349ab" executionId="4a2c2b8c-a26c-4c33-8804-7016daf3f68b" testListId="8c84fa94-04c1-424b-9868-57a2d4851a1d" />
    <TestEntry testId="b90b8524-89a6-7598-57e6-f81fc0f2da6d" executionId="a4ada0a8-6733-48e5-834a-835709055250" testListId="8c84fa94-04c1-424b-9868-57a2d4851a1d" />
  </TestEntries>
  <TestLists>
    <TestList name="Resultados sin formato de lista" id="8c84fa94-04c1-424b-9868-57a2d4851a1d" />
    <TestList name="Todos los resultados cargados" id="19431567-8539-422a-85d7-44ee4e166bda" />
  </TestLists>
  <ResultSummary outcome="Completed">
    <Counters total="430" executed="430" passed="430" failed="0" error="0" timeout="0" aborted="0" inconclusive="0" passedButRunAborted="0" notRunnable="0" notExecuted="0" disconnected="0" warning="0" completed="0" inProgress="0" pending="0" />
  </ResultSummary>
</TestRun>